Cache: cpu0_STLB
  Set: 12 Way: 0 Address: 0x2b0c61e
  Set: 13 Way: 0 Address: 0x2b0dd7e
  Set: 14 Way: 0 Address: 0x2b0eccc
  Set: 15 Way: 0 Address: 0x2b0f0e2
  Set: 48 Way: 0 Address: 0x730650
  Set: 53 Way: 0 Address: 0x7fff6ec35ffc
  Set: 54 Way: 0 Address: 0x7fff6ec3618c
  Set: 65 Way: 0 Address: 0x4414a2
  Set: 80 Way: 0 Address: 0x1e50740
  Set: 81 Way: 0 Address: 0x1e51e0c
  Set: 82 Way: 0 Address: 0x1e52f1c
  Set: 83 Way: 0 Address: 0x1e53000
  Set: 84 Way: 0 Address: 0x1e5402c
  Set: 85 Way: 0 Address: 0x1e5513c
  Set: 86 Way: 0 Address: 0x1e5624c
  Set: 87 Way: 0 Address: 0x1e5735c
  Set: 88 Way: 0 Address: 0x1e5846c
  Set: 89 Way: 0 Address: 0x1e5957c
  Set: 90 Way: 0 Address: 0x1e5a68c
  Set: 91 Way: 0 Address: 0x1e5b79c
  Set: 92 Way: 0 Address: 0x1e5c8ac
  Set: 93 Way: 0 Address: 0x1e5d9b8
  Set: 94 Way: 0 Address: 0x1e5eac8
  Set: 95 Way: 0 Address: 0x1e5fbd8
  Set: 96 Way: 0 Address: 0x4608a0
  Set: 96 Way: 1 Address: 0x1e60ce8
  Set: 97 Way: 0 Address: 0x7618c8
  Set: 109 Way: 0 Address: 0x1d6d8dc
  Set: 110 Way: 0 Address: 0x1d6e9ec
  Set: 112 Way: 0 Address: 0x1d709f8
EndCache
Cache: cpu0_L2C
  Set: 0 Way: 0 Address: 0x2177f002c
  Set: 1 Way: 0 Address: 0x2177f0040
  Set: 2 Way: 0 Address: 0x2177f0080
  Set: 3 Way: 0 Address: 0x2177f00c0
  Set: 4 Way: 0 Address: 0x2177f0100
  Set: 5 Way: 0 Address: 0x2177f0140
  Set: 6 Way: 0 Address: 0x2177f0180
  Set: 7 Way: 0 Address: 0x2177f01c0
  Set: 10 Way: 0 Address: 0x6e6202a0
  Set: 11 Way: 0 Address: 0x6e6202c0
  Set: 11 Way: 1 Address: 0x342b402d0
  Set: 56 Way: 0 Address: 0x14bb10e0c
  Set: 57 Way: 0 Address: 0x14bb10e40
  Set: 58 Way: 0 Address: 0x14bb10e80
  Set: 59 Way: 0 Address: 0x14bb10ec0
  Set: 60 Way: 0 Address: 0x14bb10f00
  Set: 61 Way: 0 Address: 0x14bb10f40
  Set: 62 Way: 0 Address: 0x14bb10f80
  Set: 63 Way: 0 Address: 0x14bb10fc0
  Set: 72 Way: 0 Address: 0x113201208
  Set: 76 Way: 0 Address: 0x113201300
  Set: 97 Way: 0 Address: 0x181c81860
  Set: 98 Way: 0 Address: 0x2a48418a0
  Set: 102 Way: 0 Address: 0xf6e81980
  Set: 128 Way: 0 Address: 0x1c84e203e
  Set: 129 Way: 0 Address: 0x1c84e2040
  Set: 130 Way: 0 Address: 0x1c84e2080
  Set: 134 Way: 0 Address: 0x1c84e21a0
  Set: 135 Way: 0 Address: 0x1c84e21c4
  Set: 138 Way: 0 Address: 0x133c92288
  Set: 139 Way: 0 Address: 0x1c84e22fe
  Set: 139 Way: 1 Address: 0x1064c22c8
  Set: 140 Way: 0 Address: 0x1c84e2300
  Set: 141 Way: 0 Address: 0x1c84e2340
  Set: 145 Way: 0 Address: 0x1c84e245e
  Set: 146 Way: 0 Address: 0x1c84e2482
  Set: 150 Way: 0 Address: 0x1c84e25be
  Set: 151 Way: 0 Address: 0x1c84e25c4
  Set: 152 Way: 0 Address: 0x1c84e2600
  Set: 154 Way: 0 Address: 0x1c84e2680
  Set: 156 Way: 0 Address: 0x1c84e271e
  Set: 157 Way: 0 Address: 0x1c84e2742
  Set: 159 Way: 0 Address: 0x9cff27f8
  Set: 159 Way: 1 Address: 0x1c84e27c0
  Set: 161 Way: 0 Address: 0x1c84e287e
  Set: 162 Way: 0 Address: 0x1c84e2880
  Set: 163 Way: 0 Address: 0x1995f28c8
  Set: 163 Way: 1 Address: 0x1c84e28c0
  Set: 164 Way: 0 Address: 0x1c84e2900
  Set: 165 Way: 0 Address: 0x1c84e2940
  Set: 167 Way: 0 Address: 0x1c84e29de
  Set: 168 Way: 0 Address: 0x1c84e2a06
  Set: 169 Way: 0 Address: 0x1c84e2a40
  Set: 170 Way: 0 Address: 0x1c84e2a80
  Set: 172 Way: 0 Address: 0x1c84e2b3e
  Set: 173 Way: 0 Address: 0x1c84e2b48
  Set: 174 Way: 0 Address: 0x1c84e2b80
  Set: 175 Way: 0 Address: 0x1c84e2bc0
  Set: 176 Way: 0 Address: 0x1c84e2c00
  Set: 178 Way: 0 Address: 0x1c84e2ca4
  Set: 179 Way: 0 Address: 0x1c84e2ccc
  Set: 180 Way: 0 Address: 0x1c84e2d00
  Set: 181 Way: 0 Address: 0x1c84e2d40
  Set: 183 Way: 0 Address: 0x1c84e2dfe
  Set: 184 Way: 0 Address: 0x1c84e2e22
  Set: 185 Way: 0 Address: 0x1c84e2e40
  Set: 186 Way: 0 Address: 0x1c84e2e80
  Set: 187 Way: 0 Address: 0x1c84e2ec0
  Set: 189 Way: 0 Address: 0x6d0c2f58
  Set: 189 Way: 1 Address: 0x1c84e2f5e
  Set: 190 Way: 0 Address: 0x1c84e2f82
  Set: 190 Way: 1 Address: 0x6d0c2fa4
  Set: 191 Way: 0 Address: 0x6d0c2ffc
  Set: 191 Way: 1 Address: 0x1c84e2fc0
  Set: 203 Way: 0 Address: 0x2b2e932f0
  Set: 203 Way: 1 Address: 0x3b08032d8
  Set: 204 Way: 0 Address: 0x263c13300
  Set: 205 Way: 0 Address: 0x3232f335c
  Set: 206 Way: 0 Address: 0x3232f3380
  Set: 207 Way: 0 Address: 0x3232f33c0
  Set: 208 Way: 0 Address: 0x3232f3400
  Set: 209 Way: 0 Address: 0x3232f3440
  Set: 210 Way: 0 Address: 0x3232f3480
  Set: 211 Way: 0 Address: 0x3232f34c0
  Set: 212 Way: 0 Address: 0x3232f3500
  Set: 213 Way: 0 Address: 0x25771357c
  Set: 214 Way: 0 Address: 0x257713580
  Set: 215 Way: 0 Address: 0x2577135c0
  Set: 216 Way: 0 Address: 0x257713600
  Set: 217 Way: 0 Address: 0x257713640
  Set: 218 Way: 0 Address: 0x257713680
  Set: 219 Way: 0 Address: 0x2577136c0
  Set: 220 Way: 0 Address: 0x257713700
  Set: 221 Way: 0 Address: 0x257713740
  Set: 225 Way: 0 Address: 0x3c56b3870
  Set: 256 Way: 0 Address: 0x3de4d4018
  Set: 256 Way: 1 Address: 0x3c1074000
  Set: 258 Way: 0 Address: 0x3de4d40a8
  Set: 260 Way: 0 Address: 0x3c1074120
  Set: 261 Way: 0 Address: 0x3c1074140
  Set: 265 Way: 0 Address: 0x3c107427e
  Set: 266 Way: 0 Address: 0x3c1074282
  Set: 267 Way: 0 Address: 0x3c10742c0
  Set: 271 Way: 0 Address: 0x3c10743de
  Set: 272 Way: 0 Address: 0x3c1074400
  Set: 276 Way: 0 Address: 0x3c107453e
  Set: 277 Way: 0 Address: 0x3c1074540
  Set: 278 Way: 0 Address: 0x3c1074580
  Set: 282 Way: 0 Address: 0x3c10746a4
  Set: 283 Way: 0 Address: 0x3c10746c0
  Set: 287 Way: 0 Address: 0x3c10747fe
  Set: 288 Way: 0 Address: 0x3c1074802
  Set: 289 Way: 0 Address: 0x3c1074840
  Set: 293 Way: 0 Address: 0x3c107495e
  Set: 294 Way: 0 Address: 0x3c1074980
  Set: 298 Way: 0 Address: 0x3c1074abe
  Set: 299 Way: 0 Address: 0x3c1074ac0
  Set: 300 Way: 0 Address: 0x3c1074b00
  Set: 304 Way: 0 Address: 0x3c1074c1e
  Set: 305 Way: 0 Address: 0x3c1074c44
  Set: 307 Way: 0 Address: 0x1ab44ce8
  Set: 308 Way: 0 Address: 0x1ab44d00
  Set: 309 Way: 0 Address: 0x3c1074d7e
  Set: 309 Way: 1 Address: 0x1ab44d40
  Set: 310 Way: 0 Address: 0x3c1074d80
  Set: 310 Way: 1 Address: 0x1ab44d80
  Set: 311 Way: 0 Address: 0x3c1074dc0
  Set: 311 Way: 1 Address: 0x1ab44dc0
  Set: 312 Way: 0 Address: 0x1ab44e00
  Set: 313 Way: 0 Address: 0x3c1074e40
  Set: 313 Way: 1 Address: 0x1ab44e40
  Set: 314 Way: 0 Address: 0x1ab44e80
  Set: 315 Way: 0 Address: 0x3c1074ede
  Set: 316 Way: 0 Address: 0x3c1074f04
  Set: 318 Way: 0 Address: 0x3c1074f80
  Set: 319 Way: 0 Address: 0x397bb4fe8
  Set: 320 Way: 0 Address: 0x195f15010
  Set: 321 Way: 0 Address: 0x195f15070
  Set: 322 Way: 0 Address: 0x195f150a8
  Set: 329 Way: 0 Address: 0x1b0f1524c
  Set: 330 Way: 0 Address: 0x1b0f15280
  Set: 331 Way: 0 Address: 0x354d352e8
  Set: 331 Way: 1 Address: 0x1b0f152c0
  Set: 332 Way: 0 Address: 0x1b0f15300
  Set: 333 Way: 0 Address: 0x1b0f15340
  Set: 334 Way: 0 Address: 0x1b0f15380
  Set: 335 Way: 0 Address: 0x1b0f153c0
  Set: 336 Way: 0 Address: 0x1b0f15400
  Set: 384 Way: 0 Address: 0x43736018
  Set: 385 Way: 0 Address: 0x43736078
  Set: 410 Way: 0 Address: 0x27d4c668c
  Set: 411 Way: 0 Address: 0x27d4c66c0
  Set: 412 Way: 0 Address: 0x27d4c6700
  Set: 413 Way: 0 Address: 0x27d4c6740
  Set: 414 Way: 0 Address: 0x27d4c6780
  Set: 415 Way: 0 Address: 0x27d4c67c0
  Set: 416 Way: 0 Address: 0x27d4c6800
  Set: 417 Way: 0 Address: 0x27d4c6840
  Set: 418 Way: 0 Address: 0x3d87a68ac
  Set: 419 Way: 0 Address: 0x3dae668dc
  Set: 419 Way: 1 Address: 0x3d87a68c0
  Set: 420 Way: 0 Address: 0x3dae66900
  Set: 420 Way: 1 Address: 0x3d87a6900
  Set: 421 Way: 0 Address: 0x3dae66940
  Set: 421 Way: 1 Address: 0x3d87a6940
  Set: 422 Way: 0 Address: 0x211d169b8
  Set: 422 Way: 1 Address: 0x3dae66980
  Set: 422 Way: 2 Address: 0x3d87a6980
  Set: 423 Way: 0 Address: 0x211d169c0
  Set: 423 Way: 1 Address: 0x3dae669c0
  Set: 423 Way: 2 Address: 0x3d87a69c0
  Set: 424 Way: 0 Address: 0x211d16a00
  Set: 424 Way: 1 Address: 0x3dae66a00
  Set: 424 Way: 2 Address: 0x3d87a6a00
  Set: 425 Way: 0 Address: 0x3dae66a40
  Set: 425 Way: 1 Address: 0x211d16a40
  Set: 425 Way: 2 Address: 0x3d87a6a40
  Set: 426 Way: 0 Address: 0x3dae66a80
  Set: 426 Way: 1 Address: 0x211d16a80
  Set: 427 Way: 0 Address: 0x84896ac8
  Set: 427 Way: 1 Address: 0x3dae66ac0
  Set: 427 Way: 2 Address: 0x211d16ac0
  Set: 428 Way: 0 Address: 0x84896b00
  Set: 428 Way: 1 Address: 0x3dae66b00
  Set: 428 Way: 2 Address: 0x211d16b00
  Set: 429 Way: 0 Address: 0x84896b40
  Set: 429 Way: 1 Address: 0x3dae66b40
  Set: 429 Way: 2 Address: 0x211d16b40
  Set: 430 Way: 0 Address: 0x84896b80
  Set: 430 Way: 1 Address: 0x3dae66b80
  Set: 430 Way: 2 Address: 0x211d16b80
  Set: 431 Way: 0 Address: 0x84896bc0
  Set: 432 Way: 0 Address: 0x84896c00
  Set: 433 Way: 0 Address: 0x84896c40
  Set: 434 Way: 0 Address: 0x84896c80
  Set: 458 Way: 0 Address: 0xbeea72b8
  Set: 459 Way: 0 Address: 0x276ff72f8
  Set: 492 Way: 0 Address: 0x309887b08
  Set: 516 Way: 0 Address: 0x2c989813c
  Set: 517 Way: 0 Address: 0x2c9898140
  Set: 518 Way: 0 Address: 0x1aafb81b0
  Set: 518 Way: 1 Address: 0xc70781a8
  Set: 518 Way: 2 Address: 0x2c9898180
  Set: 519 Way: 0 Address: 0x2c98981c0
  Set: 520 Way: 0 Address: 0x2c9898200
  Set: 521 Way: 0 Address: 0x2c9898240
  Set: 522 Way: 0 Address: 0x2c9898280
  Set: 523 Way: 0 Address: 0x3bdd782c0
  Set: 523 Way: 1 Address: 0x2c98982c0
  Set: 524 Way: 0 Address: 0x2c9898300
  Set: 558 Way: 0 Address: 0x201598bb0
  Set: 576 Way: 0 Address: 0x292959000
  Set: 576 Way: 1 Address: 0x2c8749000
  Set: 577 Way: 0 Address: 0x292959040
  Set: 577 Way: 1 Address: 0x2c8749040
  Set: 578 Way: 0 Address: 0x292959080
  Set: 578 Way: 1 Address: 0x2c8749080
  Set: 579 Way: 0 Address: 0x2929590c0
  Set: 579 Way: 1 Address: 0x2c87490c0
  Set: 580 Way: 0 Address: 0x292959100
  Set: 581 Way: 0 Address: 0x292959140
  Set: 582 Way: 0 Address: 0x29295918c
  Set: 583 Way: 0 Address: 0x2929591c0
  Set: 584 Way: 0 Address: 0x292959200
  Set: 585 Way: 0 Address: 0x292959240
  Set: 586 Way: 0 Address: 0x292959280
  Set: 587 Way: 0 Address: 0x2929592c0
  Set: 606 Way: 0 Address: 0x31209979c
  Set: 607 Way: 0 Address: 0x3120997c0
  Set: 608 Way: 0 Address: 0x312099800
  Set: 609 Way: 0 Address: 0x312099840
  Set: 610 Way: 0 Address: 0x312099880
  Set: 611 Way: 0 Address: 0x3120998c0
  Set: 612 Way: 0 Address: 0x312099900
  Set: 613 Way: 0 Address: 0x312099940
  Set: 621 Way: 0 Address: 0x2ee369b68
  Set: 640 Way: 0 Address: 0x229b9a000
  Set: 641 Way: 0 Address: 0x1d89da070
  Set: 685 Way: 0 Address: 0x223edab68
  Set: 686 Way: 0 Address: 0x223edab80
  Set: 714 Way: 0 Address: 0x3b377b2b0
  Set: 721 Way: 0 Address: 0xc0d9b46c
  Set: 722 Way: 0 Address: 0xc0d9b480
  Set: 722 Way: 1 Address: 0xcf83b4be
  Set: 723 Way: 0 Address: 0xc0d9b4c0
  Set: 723 Way: 1 Address: 0xcf83b4c2
  Set: 724 Way: 0 Address: 0xc0d9b500
  Set: 725 Way: 0 Address: 0xc0d9b540
  Set: 726 Way: 0 Address: 0xc0d9b580
  Set: 727 Way: 0 Address: 0xc0d9b5c0
  Set: 728 Way: 0 Address: 0xcf83b61e
  Set: 728 Way: 1 Address: 0xc0d9b600
  Set: 729 Way: 0 Address: 0xcf83b640
  Set: 733 Way: 0 Address: 0xcf83b77e
  Set: 734 Way: 0 Address: 0xcf83b782
  Set: 735 Way: 0 Address: 0xcf83b7c0
  Set: 739 Way: 0 Address: 0xcf83b8e4
  Set: 740 Way: 0 Address: 0xcf83b900
  Set: 743 Way: 0 Address: 0x394edb9ec
  Set: 744 Way: 0 Address: 0x394edba00
  Set: 744 Way: 1 Address: 0xcf83ba3e
  Set: 745 Way: 0 Address: 0xcf83ba44
  Set: 745 Way: 1 Address: 0x394edba40
  Set: 746 Way: 0 Address: 0x394edba80
  Set: 746 Way: 1 Address: 0xcf83ba80
  Set: 747 Way: 0 Address: 0x394edbac0
  Set: 748 Way: 0 Address: 0x394edbb00
  Set: 749 Way: 0 Address: 0x394edbb40
  Set: 750 Way: 0 Address: 0xcf83bbb6
  Set: 750 Way: 1 Address: 0x394edbb80
  Set: 751 Way: 0 Address: 0xcf83bbc0
  Set: 751 Way: 1 Address: 0x394edbbc0
  Set: 752 Way: 0 Address: 0x394edbc00
  Set: 753 Way: 0 Address: 0x394edbc40
  Set: 754 Way: 0 Address: 0x394edbc80
  Set: 755 Way: 0 Address: 0xcf83bcfe
  Set: 756 Way: 0 Address: 0xcf83bd02
  Set: 757 Way: 0 Address: 0xcf83bd40
  Set: 761 Way: 0 Address: 0xcf83be60
  Set: 762 Way: 0 Address: 0xcf83be80
  Set: 766 Way: 0 Address: 0xcf83bfbe
  Set: 767 Way: 0 Address: 0xcf83bfc0
  Set: 768 Way: 0 Address: 0xdf85c000
  Set: 793 Way: 0 Address: 0x12c6fc650
  Set: 795 Way: 0 Address: 0x29484c6c0
  Set: 795 Way: 1 Address: 0x38e35c6e0
  Set: 796 Way: 0 Address: 0x29484c700
  Set: 796 Way: 1 Address: 0x38e35c700
  Set: 797 Way: 0 Address: 0x29484c740
  Set: 797 Way: 1 Address: 0x38e35c740
  Set: 798 Way: 0 Address: 0x29484c780
  Set: 800 Way: 0 Address: 0x29484c83c
  Set: 801 Way: 0 Address: 0x29484c870
  Set: 802 Way: 0 Address: 0x29484c8a4
  Set: 803 Way: 0 Address: 0x29484c8d0
  Set: 804 Way: 0 Address: 0x29484c92c
  Set: 805 Way: 0 Address: 0x29484c940
  Set: 806 Way: 0 Address: 0x29484c99c
  Set: 807 Way: 0 Address: 0x29484c9f8
  Set: 808 Way: 0 Address: 0x29484ca10
  Set: 809 Way: 0 Address: 0x29484ca74
  Set: 810 Way: 0 Address: 0x29484cabc
  Set: 811 Way: 0 Address: 0x29484cac0
  Set: 812 Way: 0 Address: 0x29484cb00
  Set: 813 Way: 0 Address: 0x29484cb40
  Set: 814 Way: 0 Address: 0x29484cb80
  Set: 815 Way: 0 Address: 0x29484cbc0
  Set: 819 Way: 0 Address: 0x38e35ccfc
  Set: 820 Way: 0 Address: 0x38e35cd00
  Set: 821 Way: 0 Address: 0x38e35cd40
  Set: 822 Way: 0 Address: 0x38e35cd80
  Set: 823 Way: 0 Address: 0x38e35cdc0
  Set: 824 Way: 0 Address: 0x38e35ce00
  Set: 825 Way: 0 Address: 0x38e35ce40
  Set: 826 Way: 0 Address: 0x38e35ce80
  Set: 827 Way: 0 Address: 0x38e35cec0
  Set: 833 Way: 0 Address: 0x23755d078
  Set: 842 Way: 0 Address: 0x1add288
  Set: 844 Way: 0 Address: 0x1add300
  Set: 879 Way: 0 Address: 0x5588dbd8
  Set: 880 Way: 0 Address: 0x5588dc00
  Set: 881 Way: 0 Address: 0x5588dc40
  Set: 882 Way: 0 Address: 0x5588dc80
  Set: 883 Way: 0 Address: 0x5588dcc0
  Set: 884 Way: 0 Address: 0x5588dd00
  Set: 885 Way: 0 Address: 0x5588dd40
  Set: 886 Way: 0 Address: 0x5588dd80
  Set: 896 Way: 0 Address: 0x28b67e000
  Set: 906 Way: 0 Address: 0x1c084e290
  Set: 906 Way: 1 Address: 0x2db79e2a8
  Set: 906 Way: 2 Address: 0x20597e298
  Set: 910 Way: 0 Address: 0x1f919e390
  Set: 911 Way: 0 Address: 0x1f919e3c0
  Set: 912 Way: 0 Address: 0x1f919e42a
  Set: 913 Way: 0 Address: 0x1f919e446
  Set: 914 Way: 0 Address: 0x1f919e4a2
  Set: 915 Way: 0 Address: 0x1f919e4c1
  Set: 916 Way: 0 Address: 0x1f919e501
  Set: 917 Way: 0 Address: 0x1f919e543
  Set: 919 Way: 0 Address: 0x1f919e5c8
  Set: 920 Way: 0 Address: 0x1f919e600
  Set: 921 Way: 0 Address: 0x1f919e645
  Set: 927 Way: 0 Address: 0x28b67e7f8
  Set: 929 Way: 0 Address: 0x3734ee878
  Set: 941 Way: 0 Address: 0x2f5d8eb70
  Set: 962 Way: 0 Address: 0x16390f0be
  Set: 963 Way: 0 Address: 0x16390f0e2
  Set: 964 Way: 0 Address: 0x16390f100
  Set: 968 Way: 0 Address: 0x16390f21e
  Set: 969 Way: 0 Address: 0x16390f248
  Set: 970 Way: 0 Address: 0xee86f280
  Set: 970 Way: 1 Address: 0x23756f298
  Set: 971 Way: 0 Address: 0xee86f2e8
  Set: 971 Way: 1 Address: 0x23756f2e0
  Set: 972 Way: 0 Address: 0xee86f300
  Set: 973 Way: 0 Address: 0x16390f37e
  Set: 974 Way: 0 Address: 0x16390f380
  Set: 975 Way: 0 Address: 0x16390f3c0
  Set: 979 Way: 0 Address: 0x16390f4e0
  Set: 980 Way: 0 Address: 0x16390f502
  Set: 984 Way: 0 Address: 0x16390f63e
  Set: 985 Way: 0 Address: 0x16390f640
  Set: 986 Way: 0 Address: 0x16390f680
  Set: 989 Way: 0 Address: 0x16390f740
  Set: 990 Way: 0 Address: 0x16390f780
  Set: 991 Way: 0 Address: 0x16390f7c0
  Set: 992 Way: 0 Address: 0x16390f800
  Set: 993 Way: 0 Address: 0x143ef868
  Set: 1020 Way: 0 Address: 0x22272ff1c
  Set: 1021 Way: 0 Address: 0x22272ff40
  Set: 1022 Way: 0 Address: 0x22272ff80
  Set: 1023 Way: 0 Address: 0x22272ffc0
EndCache
Cache: cpu0_L1I
  Set: 14 Way: 0 Address: 0x1f919e3b8
  Set: 15 Way: 0 Address: 0x1f919e3dc
  Set: 16 Way: 0 Address: 0x1f919e435
  Set: 17 Way: 0 Address: 0x1f919e44c
  Set: 18 Way: 0 Address: 0x1f919e4a2
  Set: 19 Way: 0 Address: 0x1f919e4df
  Set: 20 Way: 0 Address: 0x1f919e51d
  Set: 21 Way: 0 Address: 0x1f919e558
  Set: 23 Way: 0 Address: 0x1f919e5e9
  Set: 24 Way: 0 Address: 0x1f919e63b
  Set: 25 Way: 0 Address: 0x1f919e645
  Set: 34 Way: 0 Address: 0x2a48418ae
EndCache
Cache: cpu0_L1D
  Set: 0 Way: 0 Address: 0xdf85c000
  Set: 0 Way: 1 Address: 0x28b67e000
  Set: 0 Way: 2 Address: 0x229b9a000
  Set: 0 Way: 3 Address: 0x195f15010
  Set: 0 Way: 4 Address: 0x3de4d4018
  Set: 0 Way: 5 Address: 0x43736018
  Set: 0 Way: 6 Address: 0x29295903e
  Set: 0 Way: 7 Address: 0x1c84e203e
  Set: 0 Way: 8 Address: 0x2177f002c
  Set: 0 Way: 9 Address: 0x3c1074000
  Set: 0 Way: 10 Address: 0x2c8749004
  Set: 1 Way: 0 Address: 0x195f15070
  Set: 1 Way: 1 Address: 0x1d89da070
  Set: 1 Way: 2 Address: 0x43736078
  Set: 1 Way: 3 Address: 0x23755d078
  Set: 1 Way: 4 Address: 0x29295904c
  Set: 1 Way: 5 Address: 0x1c84e204a
  Set: 1 Way: 6 Address: 0x2177f0040
  Set: 1 Way: 7 Address: 0x2c8749040
  Set: 2 Way: 0 Address: 0x195f150a8
  Set: 2 Way: 1 Address: 0x3de4d40a8
  Set: 2 Way: 2 Address: 0x292959092
  Set: 2 Way: 3 Address: 0x16390f0be
  Set: 2 Way: 4 Address: 0x1c84e2080
  Set: 2 Way: 5 Address: 0x2177f0080
  Set: 2 Way: 6 Address: 0x2c8749080
  Set: 3 Way: 0 Address: 0x16390f0ee
  Set: 3 Way: 1 Address: 0x2929590de
  Set: 3 Way: 2 Address: 0x2177f00c0
  Set: 3 Way: 3 Address: 0x2c87490c0
  Set: 4 Way: 0 Address: 0x16390f100
  Set: 4 Way: 1 Address: 0x292959114
  Set: 4 Way: 2 Address: 0x2c989813c
  Set: 4 Way: 3 Address: 0x3c1074120
  Set: 4 Way: 4 Address: 0x2177f0100
  Set: 5 Way: 0 Address: 0x292959140
  Set: 5 Way: 1 Address: 0x2c9898140
  Set: 5 Way: 2 Address: 0x3c1074140
  Set: 5 Way: 3 Address: 0x2177f0140
  Set: 6 Way: 0 Address: 0x1aafb81b0
  Set: 6 Way: 1 Address: 0xc70781a8
  Set: 6 Way: 2 Address: 0x29295919e
  Set: 6 Way: 3 Address: 0x1c84e21ac
  Set: 6 Way: 4 Address: 0x2c9898180
  Set: 6 Way: 5 Address: 0x2177f0180
  Set: 7 Way: 0 Address: 0x2929591e4
  Set: 7 Way: 1 Address: 0x1c84e21d6
  Set: 7 Way: 2 Address: 0x2c98981c0
  Set: 7 Way: 3 Address: 0x2177f01c0
  Set: 8 Way: 0 Address: 0x113201208
  Set: 8 Way: 1 Address: 0x292959200
  Set: 8 Way: 2 Address: 0x16390f238
  Set: 8 Way: 3 Address: 0x2c9898200
  Set: 9 Way: 0 Address: 0x292959240
  Set: 9 Way: 1 Address: 0x1b0f1524c
  Set: 9 Way: 2 Address: 0x16390f260
  Set: 9 Way: 3 Address: 0x3c107427e
  Set: 9 Way: 4 Address: 0x2c9898240
  Set: 10 Way: 0 Address: 0x20597e298
  Set: 10 Way: 1 Address: 0x2c9898280
  Set: 10 Way: 2 Address: 0x133c92288
  Set: 10 Way: 3 Address: 0x1c084e290
  Set: 10 Way: 4 Address: 0x6e6202a0
  Set: 10 Way: 5 Address: 0x292959280
  Set: 10 Way: 6 Address: 0x3b377b2b0
  Set: 10 Way: 7 Address: 0x2db79e2a8
  Set: 10 Way: 8 Address: 0xbeea72b8
  Set: 10 Way: 9 Address: 0x3c1074296
  Set: 10 Way: 10 Address: 0x1b0f15280
  Set: 10 Way: 11 Address: 0x23756f298
  Set: 11 Way: 0 Address: 0x1b0f152c0
  Set: 11 Way: 1 Address: 0x3c10742c0
  Set: 11 Way: 2 Address: 0x2c98982c0
  Set: 11 Way: 3 Address: 0x276ff72f8
  Set: 11 Way: 4 Address: 0x1c84e22fe
  Set: 11 Way: 5 Address: 0x6e6202c0
  Set: 11 Way: 6 Address: 0x2929592c0
  Set: 11 Way: 7 Address: 0x3bdd782d8
  Set: 11 Way: 8 Address: 0x342b402d0
  Set: 11 Way: 9 Address: 0x1064c22c8
  Set: 11 Way: 10 Address: 0x23756f2e0
  Set: 11 Way: 11 Address: 0x3b08032d8
  Set: 12 Way: 0 Address: 0x113201300
  Set: 12 Way: 1 Address: 0x263c13300
  Set: 12 Way: 2 Address: 0xee86f300
  Set: 12 Way: 3 Address: 0x1add300
  Set: 12 Way: 4 Address: 0x1c84e2314
  Set: 12 Way: 5 Address: 0x1b0f15300
  Set: 12 Way: 6 Address: 0x2c9898300
  Set: 13 Way: 0 Address: 0x3232f335c
  Set: 13 Way: 1 Address: 0x1c84e2340
  Set: 13 Way: 2 Address: 0x16390f37e
  Set: 13 Way: 3 Address: 0x1b0f15340
  Set: 14 Way: 0 Address: 0x16390f384
  Set: 14 Way: 1 Address: 0x3232f3380
  Set: 14 Way: 2 Address: 0x1b0f15380
  Set: 15 Way: 0 Address: 0x16390f3c0
  Set: 15 Way: 1 Address: 0x3c10743f8
  Set: 15 Way: 2 Address: 0x3232f33c0
  Set: 15 Way: 3 Address: 0x1b0f153c0
  Set: 16 Way: 0 Address: 0x3c1074400
  Set: 16 Way: 1 Address: 0x3232f3400
  Set: 16 Way: 2 Address: 0x1b0f15400
  Set: 17 Way: 0 Address: 0x1c84e2476
  Set: 17 Way: 1 Address: 0xc0d9b46c
  Set: 17 Way: 2 Address: 0x3232f3440
  Set: 18 Way: 0 Address: 0x1c84e2494
  Set: 18 Way: 1 Address: 0xc0d9b480
  Set: 18 Way: 2 Address: 0x3232f3480
  Set: 18 Way: 3 Address: 0xcf83b4bc
  Set: 19 Way: 0 Address: 0x16390f4f8
  Set: 19 Way: 1 Address: 0xc0d9b4c0
  Set: 19 Way: 2 Address: 0xcf83b4d6
  Set: 19 Way: 3 Address: 0x3232f34c0
  Set: 20 Way: 0 Address: 0x16390f51a
  Set: 20 Way: 1 Address: 0x3c107453e
  Set: 20 Way: 2 Address: 0xc0d9b500
  Set: 20 Way: 3 Address: 0x3232f3500
  Set: 21 Way: 0 Address: 0x25771357c
  Set: 21 Way: 1 Address: 0x3c1074556
  Set: 21 Way: 2 Address: 0xc0d9b540
  Set: 22 Way: 0 Address: 0x1c84e25be
  Set: 22 Way: 1 Address: 0x257713580
  Set: 22 Way: 2 Address: 0x3c1074580
  Set: 22 Way: 3 Address: 0xc0d9b580
  Set: 23 Way: 0 Address: 0x1c84e25d8
  Set: 23 Way: 1 Address: 0x2577135c0
  Set: 23 Way: 2 Address: 0xc0d9b5c0
  Set: 24 Way: 0 Address: 0x1c84e2600
  Set: 24 Way: 1 Address: 0xcf83b638
  Set: 24 Way: 2 Address: 0x16390f63e
  Set: 24 Way: 3 Address: 0x257713600
  Set: 24 Way: 4 Address: 0xc0d9b600
  Set: 25 Way: 0 Address: 0x12c6fc650
  Set: 25 Way: 1 Address: 0x16390f658
  Set: 25 Way: 2 Address: 0xcf83b640
  Set: 25 Way: 3 Address: 0x257713640
  Set: 26 Way: 0 Address: 0x1c84e2680
  Set: 26 Way: 1 Address: 0x27d4c668c
  Set: 26 Way: 2 Address: 0x3c10746ae
  Set: 26 Way: 3 Address: 0x16390f680
  Set: 26 Way: 4 Address: 0x257713680
  Set: 27 Way: 0 Address: 0x29484c6c0
  Set: 27 Way: 1 Address: 0x38e35c6f0
  Set: 27 Way: 2 Address: 0x3c10746c0
  Set: 27 Way: 3 Address: 0x27d4c66c0
  Set: 27 Way: 4 Address: 0x2577136c0
  Set: 28 Way: 0 Address: 0x29484c700
  Set: 28 Way: 1 Address: 0x1c84e2738
  Set: 28 Way: 2 Address: 0x38e35c710
  Set: 28 Way: 3 Address: 0x27d4c6700
  Set: 28 Way: 4 Address: 0x257713700
  Set: 29 Way: 0 Address: 0x29484c740
  Set: 29 Way: 1 Address: 0x38e35c758
  Set: 29 Way: 2 Address: 0x1c84e2756
  Set: 29 Way: 3 Address: 0xcf83b77e
  Set: 29 Way: 4 Address: 0x16390f740
  Set: 29 Way: 5 Address: 0x27d4c6740
  Set: 29 Way: 6 Address: 0x257713740
  Set: 30 Way: 0 Address: 0x29484c780
  Set: 30 Way: 1 Address: 0x31209979c
  Set: 30 Way: 2 Address: 0xcf83b79a
  Set: 30 Way: 3 Address: 0x16390f780
  Set: 30 Way: 4 Address: 0x27d4c6780
  Set: 31 Way: 0 Address: 0x28b67e7f8
  Set: 31 Way: 1 Address: 0x9cff27f8
  Set: 31 Way: 2 Address: 0x1c84e27c0
  Set: 31 Way: 3 Address: 0x3c10747fe
  Set: 31 Way: 4 Address: 0x3120997c0
  Set: 31 Way: 5 Address: 0xcf83b7c0
  Set: 31 Way: 6 Address: 0x16390f7c0
  Set: 31 Way: 7 Address: 0x27d4c67c0
  Set: 32 Way: 0 Address: 0x29484c83c
  Set: 32 Way: 1 Address: 0x3c1074818
  Set: 32 Way: 2 Address: 0x312099800
  Set: 32 Way: 3 Address: 0x16390f800
  Set: 32 Way: 4 Address: 0x27d4c6800
  Set: 33 Way: 0 Address: 0x3c56b3870
  Set: 33 Way: 1 Address: 0x3734ee878
  Set: 33 Way: 2 Address: 0x29484c85c
  Set: 33 Way: 3 Address: 0x143ef868
  Set: 33 Way: 4 Address: 0x1c84e287e
  Set: 33 Way: 5 Address: 0x181c81860
  Set: 33 Way: 6 Address: 0x312099840
  Set: 33 Way: 7 Address: 0x3c1074840
  Set: 33 Way: 8 Address: 0x27d4c6840
  Set: 34 Way: 0 Address: 0x29484c880
  Set: 34 Way: 1 Address: 0x1c84e2894
  Set: 34 Way: 2 Address: 0x3d87a68ac
  Set: 34 Way: 3 Address: 0x312099880
  Set: 35 Way: 0 Address: 0x1995f28d0
  Set: 35 Way: 1 Address: 0x29484c8ec
  Set: 35 Way: 2 Address: 0x3dae668dc
  Set: 35 Way: 3 Address: 0x1c84e28c0
  Set: 35 Way: 4 Address: 0x3d87a68c0
  Set: 35 Way: 5 Address: 0xcf83b8f6
  Set: 35 Way: 6 Address: 0x3120998c0
  Set: 36 Way: 0 Address: 0x29484c92c
  Set: 36 Way: 1 Address: 0x1c84e2900
  Set: 36 Way: 2 Address: 0x3dae66900
  Set: 36 Way: 3 Address: 0xcf83b900
  Set: 36 Way: 4 Address: 0x3d87a6900
  Set: 36 Way: 5 Address: 0x312099900
  Set: 37 Way: 0 Address: 0x29484c940
  Set: 37 Way: 1 Address: 0x1c84e2940
  Set: 37 Way: 2 Address: 0x3c1074978
  Set: 37 Way: 3 Address: 0x3dae66940
  Set: 37 Way: 4 Address: 0x3d87a6940
  Set: 37 Way: 5 Address: 0x312099940
  Set: 38 Way: 0 Address: 0xf6e81980
  Set: 38 Way: 1 Address: 0x29484c99c
  Set: 38 Way: 2 Address: 0x211d169b8
  Set: 38 Way: 3 Address: 0x3c1074980
  Set: 38 Way: 4 Address: 0x3dae66980
  Set: 38 Way: 5 Address: 0x3d87a6980
  Set: 39 Way: 0 Address: 0x29484c9f8
  Set: 39 Way: 1 Address: 0x394edb9ec
  Set: 39 Way: 2 Address: 0x1c84e29f8
  Set: 39 Way: 3 Address: 0x211d169c0
  Set: 39 Way: 4 Address: 0x3dae669c0
  Set: 39 Way: 5 Address: 0x3d87a69c0
  Set: 40 Way: 0 Address: 0x29484ca18
  Set: 40 Way: 1 Address: 0x1c84e2a1e
  Set: 40 Way: 2 Address: 0x394edba00
  Set: 40 Way: 3 Address: 0xcf83ba3e
  Set: 40 Way: 4 Address: 0x211d16a00
  Set: 40 Way: 5 Address: 0x3dae66a00
  Set: 40 Way: 6 Address: 0x3d87a6a00
  Set: 41 Way: 0 Address: 0x29484ca74
  Set: 41 Way: 1 Address: 0x1c84e2a40
  Set: 41 Way: 2 Address: 0xcf83ba58
  Set: 41 Way: 3 Address: 0x394edba40
  Set: 41 Way: 4 Address: 0x3dae66a40
  Set: 41 Way: 5 Address: 0x211d16a40
  Set: 41 Way: 6 Address: 0x3d87a6a40
  Set: 42 Way: 0 Address: 0x29484cabc
  Set: 42 Way: 1 Address: 0x1c84e2a80
  Set: 42 Way: 2 Address: 0x3c1074abe
  Set: 42 Way: 3 Address: 0x3dae66a80
  Set: 42 Way: 4 Address: 0x394edba80
  Set: 42 Way: 5 Address: 0xcf83ba80
  Set: 42 Way: 6 Address: 0x211d16a80
  Set: 43 Way: 0 Address: 0x29484cac0
  Set: 43 Way: 1 Address: 0x84896ac8
  Set: 43 Way: 2 Address: 0x3c1074ad8
  Set: 43 Way: 3 Address: 0x3dae66ac0
  Set: 43 Way: 4 Address: 0x394edbac0
  Set: 43 Way: 5 Address: 0x211d16ac0
  Set: 44 Way: 0 Address: 0x29484cb00
  Set: 44 Way: 1 Address: 0x309887b08
  Set: 44 Way: 2 Address: 0x1c84e2b3e
  Set: 44 Way: 3 Address: 0x84896b00
  Set: 44 Way: 4 Address: 0x394edbb00
  Set: 44 Way: 5 Address: 0x3c1074b00
  Set: 44 Way: 6 Address: 0x3dae66b00
  Set: 44 Way: 7 Address: 0x211d16b00
  Set: 45 Way: 0 Address: 0x29484cb40
  Set: 45 Way: 1 Address: 0x223edab68
  Set: 45 Way: 2 Address: 0x2ee369b68
  Set: 45 Way: 3 Address: 0x2f5d8eb70
  Set: 45 Way: 4 Address: 0x1c84e2b58
  Set: 45 Way: 5 Address: 0x394edbb40
  Set: 45 Way: 6 Address: 0x84896b40
  Set: 45 Way: 7 Address: 0x3dae66b40
  Set: 45 Way: 8 Address: 0x211d16b40
  Set: 46 Way: 0 Address: 0x223edab80
  Set: 46 Way: 1 Address: 0x201598bb0
  Set: 46 Way: 2 Address: 0x29484cb80
  Set: 46 Way: 3 Address: 0x1c84e2b80
  Set: 46 Way: 4 Address: 0xcf83bba0
  Set: 46 Way: 5 Address: 0x394edbb80
  Set: 46 Way: 6 Address: 0x84896b80
  Set: 46 Way: 7 Address: 0x3dae66b80
  Set: 46 Way: 8 Address: 0x211d16b80
  Set: 47 Way: 0 Address: 0x29484cbc0
  Set: 47 Way: 1 Address: 0x5588dbd8
  Set: 47 Way: 2 Address: 0x1c84e2bc0
  Set: 47 Way: 3 Address: 0xcf83bbc0
  Set: 47 Way: 4 Address: 0x394edbbc0
  Set: 47 Way: 5 Address: 0x84896bc0
  Set: 48 Way: 0 Address: 0x1c84e2c00
  Set: 48 Way: 1 Address: 0x5588dc00
  Set: 48 Way: 2 Address: 0x3c1074c34
  Set: 48 Way: 3 Address: 0x394edbc00
  Set: 48 Way: 4 Address: 0x84896c00
  Set: 49 Way: 0 Address: 0x5588dc40
  Set: 49 Way: 1 Address: 0x3c1074c5e
  Set: 49 Way: 2 Address: 0x394edbc40
  Set: 49 Way: 3 Address: 0x84896c40
  Set: 50 Way: 0 Address: 0x1c84e2cb8
  Set: 50 Way: 1 Address: 0x5588dc80
  Set: 50 Way: 2 Address: 0x394edbc80
  Set: 50 Way: 3 Address: 0x84896c80
  Set: 51 Way: 0 Address: 0x1c84e2cde
  Set: 51 Way: 1 Address: 0x38e35ccfc
  Set: 51 Way: 2 Address: 0x1ab44ce8
  Set: 51 Way: 3 Address: 0xcf83bcfe
  Set: 51 Way: 4 Address: 0x5588dcc0
  Set: 52 Way: 0 Address: 0x1c84e2d00
  Set: 52 Way: 1 Address: 0x38e35cd00
  Set: 52 Way: 2 Address: 0x1ab44d00
  Set: 52 Way: 3 Address: 0xcf83bd16
  Set: 52 Way: 4 Address: 0x5588dd00
  Set: 53 Way: 0 Address: 0x3c1074d7e
  Set: 53 Way: 1 Address: 0x1c84e2d40
  Set: 53 Way: 2 Address: 0x38e35cd40
  Set: 53 Way: 3 Address: 0x1ab44d40
  Set: 53 Way: 4 Address: 0xcf83bd40
  Set: 53 Way: 5 Address: 0x5588dd40
  Set: 54 Way: 0 Address: 0x3c1074d96
  Set: 54 Way: 1 Address: 0x38e35cd80
  Set: 54 Way: 2 Address: 0x1ab44d80
  Set: 54 Way: 3 Address: 0x5588dd80
  Set: 55 Way: 0 Address: 0x1c84e2dfe
  Set: 55 Way: 1 Address: 0x3c1074dc0
  Set: 55 Way: 2 Address: 0x38e35cdc0
  Set: 55 Way: 3 Address: 0x1ab44dc0
  Set: 56 Way: 0 Address: 0x1c84e2e22
  Set: 56 Way: 1 Address: 0x14bb10e0c
  Set: 56 Way: 2 Address: 0x38e35ce00
  Set: 56 Way: 3 Address: 0x1ab44e00
  Set: 57 Way: 0 Address: 0x1c84e2e40
  Set: 57 Way: 1 Address: 0xcf83be78
  Set: 57 Way: 2 Address: 0x3c1074e40
  Set: 57 Way: 3 Address: 0x14bb10e40
  Set: 57 Way: 4 Address: 0x38e35ce40
  Set: 57 Way: 5 Address: 0x1ab44e40
  Set: 58 Way: 0 Address: 0x1c84e2e80
  Set: 58 Way: 1 Address: 0xcf83be80
  Set: 58 Way: 2 Address: 0x14bb10e80
  Set: 58 Way: 3 Address: 0x38e35ce80
  Set: 58 Way: 4 Address: 0x1ab44e80
  Set: 59 Way: 0 Address: 0x3c1074ef6
  Set: 59 Way: 1 Address: 0x1c84e2ec0
  Set: 59 Way: 2 Address: 0x14bb10ec0
  Set: 59 Way: 3 Address: 0x38e35cec0
  Set: 60 Way: 0 Address: 0x22272ff1c
  Set: 60 Way: 1 Address: 0x3c1074f1e
  Set: 60 Way: 2 Address: 0x14bb10f00
  Set: 61 Way: 0 Address: 0x6d0c2f58
  Set: 61 Way: 1 Address: 0x1c84e2f7a
  Set: 61 Way: 2 Address: 0x22272ff40
  Set: 61 Way: 3 Address: 0x14bb10f40
  Set: 62 Way: 0 Address: 0x1c84e2f82
  Set: 62 Way: 1 Address: 0x6d0c2f80
  Set: 62 Way: 2 Address: 0xcf83bfbe
  Set: 62 Way: 3 Address: 0x3c1074f80
  Set: 62 Way: 4 Address: 0x22272ff80
  Set: 62 Way: 5 Address: 0x14bb10f80
  Set: 63 Way: 0 Address: 0x397bb4fe8
  Set: 63 Way: 1 Address: 0x6d0c2fe0
  Set: 63 Way: 2 Address: 0x1c84e2fc0
  Set: 63 Way: 3 Address: 0xcf83bfd4
  Set: 63 Way: 4 Address: 0x22272ffc0
  Set: 63 Way: 5 Address: 0x14bb10fc0
EndCache
Cache: cpu0_ITLB
  Set: 0 Way: 0 Address: 0x4608ae
  Set: 1 Way: 0 Address: 0x44142a
EndCache
Cache: cpu0_DTLB
  Set: 0 Way: 0 Address: 0x1d70a18
  Set: 0 Way: 1 Address: 0x730650
  Set: 0 Way: 2 Address: 0x1e50758
  Set: 0 Way: 3 Address: 0x1e60ce8
  Set: 1 Way: 0 Address: 0x7618d0
  Set: 1 Way: 1 Address: 0x1e51e0c
  Set: 2 Way: 0 Address: 0x1e52f1c
  Set: 3 Way: 0 Address: 0x1e53004
  Set: 4 Way: 0 Address: 0x1e5402c
  Set: 5 Way: 0 Address: 0x7fff6ec35ff8
  Set: 5 Way: 1 Address: 0x1e5513c
  Set: 6 Way: 0 Address: 0x7fff6ec361c0
  Set: 6 Way: 1 Address: 0x1e5624c
  Set: 7 Way: 0 Address: 0x1e5735c
  Set: 8 Way: 0 Address: 0x1e5846c
  Set: 9 Way: 0 Address: 0x1e5957c
  Set: 10 Way: 0 Address: 0x1e5a68c
  Set: 11 Way: 0 Address: 0x1e5b79c
  Set: 12 Way: 0 Address: 0x1e5c8ac
  Set: 12 Way: 1 Address: 0x2b0c638
  Set: 13 Way: 0 Address: 0x1d6d8dc
  Set: 13 Way: 1 Address: 0x2b0def6
  Set: 13 Way: 2 Address: 0x1e5d9b8
  Set: 14 Way: 0 Address: 0x2b0ecda
  Set: 14 Way: 1 Address: 0x1d6e9ec
  Set: 14 Way: 2 Address: 0x1e5eac8
  Set: 15 Way: 0 Address: 0x2b0f100
  Set: 15 Way: 1 Address: 0x1e5fbd8
EndCache
Cache: LLC
  Set: 10 Way: 0 Address: 0x6e6202a0
  Set: 11 Way: 0 Address: 0x6e6202c0
  Set: 11 Way: 1 Address: 0x342b402d0
  Set: 72 Way: 0 Address: 0x113201208
  Set: 76 Way: 0 Address: 0x113201300
  Set: 97 Way: 0 Address: 0x181c81860
  Set: 98 Way: 0 Address: 0x2a48418a0
  Set: 102 Way: 0 Address: 0xf6e81980
  Set: 128 Way: 0 Address: 0x1c84e203e
  Set: 129 Way: 0 Address: 0x1c84e2040
  Set: 130 Way: 0 Address: 0x1c84e2080
  Set: 134 Way: 0 Address: 0x1c84e21a0
  Set: 135 Way: 0 Address: 0x1c84e21c4
  Set: 139 Way: 0 Address: 0x1c84e22fe
  Set: 139 Way: 1 Address: 0x1064c22c8
  Set: 140 Way: 0 Address: 0x1c84e2300
  Set: 141 Way: 0 Address: 0x1c84e2340
  Set: 145 Way: 0 Address: 0x1c84e245e
  Set: 146 Way: 0 Address: 0x1c84e2482
  Set: 150 Way: 0 Address: 0x1c84e25be
  Set: 151 Way: 0 Address: 0x1c84e25c4
  Set: 152 Way: 0 Address: 0x1c84e2600
  Set: 154 Way: 0 Address: 0x1c84e2680
  Set: 156 Way: 0 Address: 0x1c84e271e
  Set: 157 Way: 0 Address: 0x1c84e2742
  Set: 159 Way: 0 Address: 0x1c84e27c0
  Set: 161 Way: 0 Address: 0x1c84e287e
  Set: 162 Way: 0 Address: 0x1c84e2880
  Set: 163 Way: 0 Address: 0x1c84e28c0
  Set: 164 Way: 0 Address: 0x1c84e2900
  Set: 165 Way: 0 Address: 0x1c84e2940
  Set: 167 Way: 0 Address: 0x1c84e29c0
  Set: 168 Way: 0 Address: 0x1c84e2a06
  Set: 169 Way: 0 Address: 0x1c84e2a40
  Set: 170 Way: 0 Address: 0x1c84e2a80
  Set: 172 Way: 0 Address: 0x1c84e2b3e
  Set: 173 Way: 0 Address: 0x1c84e2b48
  Set: 174 Way: 0 Address: 0x1c84e2b80
  Set: 175 Way: 0 Address: 0x1c84e2bc0
  Set: 176 Way: 0 Address: 0x1c84e2c00
  Set: 178 Way: 0 Address: 0x1c84e2ca4
  Set: 179 Way: 0 Address: 0x1c84e2ccc
  Set: 180 Way: 0 Address: 0x1c84e2d00
  Set: 181 Way: 0 Address: 0x1c84e2d40
  Set: 183 Way: 0 Address: 0x1c84e2dfe
  Set: 184 Way: 0 Address: 0x1c84e2e22
  Set: 185 Way: 0 Address: 0x1c84e2e40
  Set: 186 Way: 0 Address: 0x1c84e2e80
  Set: 187 Way: 0 Address: 0x1c84e2ec0
  Set: 189 Way: 0 Address: 0x6d0c2f58
  Set: 189 Way: 1 Address: 0x1c84e2f5e
  Set: 190 Way: 0 Address: 0x1c84e2f82
  Set: 190 Way: 1 Address: 0x6d0c2fa4
  Set: 191 Way: 0 Address: 0x6d0c2ffc
  Set: 191 Way: 1 Address: 0x1c84e2fc0
  Set: 203 Way: 0 Address: 0x3b08032d8
  Set: 307 Way: 0 Address: 0x1ab44ce8
  Set: 308 Way: 0 Address: 0x1ab44d00
  Set: 309 Way: 0 Address: 0x1ab44d40
  Set: 310 Way: 0 Address: 0x1ab44d80
  Set: 311 Way: 0 Address: 0x1ab44dc0
  Set: 312 Way: 0 Address: 0x1ab44e00
  Set: 313 Way: 0 Address: 0x1ab44e40
  Set: 314 Way: 0 Address: 0x1ab44e80
  Set: 410 Way: 0 Address: 0x27d4c668c
  Set: 411 Way: 0 Address: 0x27d4c66c0
  Set: 412 Way: 0 Address: 0x27d4c6700
  Set: 413 Way: 0 Address: 0x27d4c6740
  Set: 414 Way: 0 Address: 0x27d4c6780
  Set: 415 Way: 0 Address: 0x27d4c67c0
  Set: 416 Way: 0 Address: 0x27d4c6800
  Set: 417 Way: 0 Address: 0x27d4c6840
  Set: 418 Way: 0 Address: 0x3d87a68ac
  Set: 419 Way: 0 Address: 0x3dae668dc
  Set: 419 Way: 1 Address: 0x3d87a68c0
  Set: 420 Way: 0 Address: 0x3dae66900
  Set: 420 Way: 1 Address: 0x3d87a6900
  Set: 421 Way: 0 Address: 0x3dae66940
  Set: 421 Way: 1 Address: 0x3d87a6940
  Set: 422 Way: 0 Address: 0x3dae66980
  Set: 422 Way: 1 Address: 0x3d87a6980
  Set: 423 Way: 0 Address: 0x3dae669c0
  Set: 423 Way: 1 Address: 0x3d87a69c0
  Set: 424 Way: 0 Address: 0x3dae66a00
  Set: 424 Way: 1 Address: 0x3d87a6a00
  Set: 425 Way: 0 Address: 0x3dae66a40
  Set: 425 Way: 1 Address: 0x3d87a6a40
  Set: 426 Way: 0 Address: 0x3dae66a80
  Set: 427 Way: 0 Address: 0x3dae66ac0
  Set: 428 Way: 0 Address: 0x3dae66b00
  Set: 429 Way: 0 Address: 0x3dae66b40
  Set: 430 Way: 0 Address: 0x3dae66b80
  Set: 458 Way: 0 Address: 0xbeea72b8
  Set: 492 Way: 0 Address: 0x309887b08
  Set: 576 Way: 0 Address: 0x2c8749000
  Set: 577 Way: 0 Address: 0x2c8749040
  Set: 578 Way: 0 Address: 0x2c8749080
  Set: 579 Way: 0 Address: 0x2c87490c0
  Set: 621 Way: 0 Address: 0x2ee369b68
  Set: 795 Way: 0 Address: 0x29484c6c0
  Set: 796 Way: 0 Address: 0x29484c700
  Set: 797 Way: 0 Address: 0x29484c740
  Set: 798 Way: 0 Address: 0x29484c780
  Set: 800 Way: 0 Address: 0x29484c83c
  Set: 801 Way: 0 Address: 0x29484c870
  Set: 802 Way: 0 Address: 0x29484c8a4
  Set: 803 Way: 0 Address: 0x29484c8d0
  Set: 804 Way: 0 Address: 0x29484c92c
  Set: 805 Way: 0 Address: 0x29484c940
  Set: 806 Way: 0 Address: 0x29484c99c
  Set: 807 Way: 0 Address: 0x29484c9f8
  Set: 808 Way: 0 Address: 0x29484ca10
  Set: 809 Way: 0 Address: 0x29484ca74
  Set: 810 Way: 0 Address: 0x29484cabc
  Set: 811 Way: 0 Address: 0x29484cac0
  Set: 812 Way: 0 Address: 0x29484cb00
  Set: 813 Way: 0 Address: 0x29484cb40
  Set: 814 Way: 0 Address: 0x29484cb80
  Set: 815 Way: 0 Address: 0x29484cbc0
  Set: 879 Way: 0 Address: 0x5588dbd8
  Set: 880 Way: 0 Address: 0x5588dc00
  Set: 881 Way: 0 Address: 0x5588dc40
  Set: 882 Way: 0 Address: 0x5588dc80
  Set: 883 Way: 0 Address: 0x5588dcc0
  Set: 884 Way: 0 Address: 0x5588dd00
  Set: 885 Way: 0 Address: 0x5588dd40
  Set: 886 Way: 0 Address: 0x5588dd80
  Set: 906 Way: 0 Address: 0x1c084e290
  Set: 929 Way: 0 Address: 0x3734ee878
  Set: 941 Way: 0 Address: 0x2f5d8eb70
  Set: 962 Way: 0 Address: 0x16390f0be
  Set: 963 Way: 0 Address: 0x16390f0e2
  Set: 964 Way: 0 Address: 0x16390f100
  Set: 965 Way: 0 Address: 0x16390f140
  Set: 968 Way: 0 Address: 0x16390f21e
  Set: 969 Way: 0 Address: 0x16390f248
  Set: 970 Way: 0 Address: 0xee86f280
  Set: 970 Way: 1 Address: 0x23756f298
  Set: 971 Way: 0 Address: 0xee86f2e8
  Set: 971 Way: 1 Address: 0x23756f2e0
  Set: 972 Way: 0 Address: 0xee86f300
  Set: 973 Way: 0 Address: 0x16390f37e
  Set: 974 Way: 0 Address: 0x16390f380
  Set: 975 Way: 0 Address: 0x16390f3c0
  Set: 979 Way: 0 Address: 0x16390f4e0
  Set: 980 Way: 0 Address: 0x16390f502
  Set: 984 Way: 0 Address: 0x16390f63e
  Set: 985 Way: 0 Address: 0x16390f640
  Set: 986 Way: 0 Address: 0x16390f680
  Set: 987 Way: 0 Address: 0x16390f6c0
  Set: 989 Way: 0 Address: 0x16390f740
  Set: 990 Way: 0 Address: 0x16390f780
  Set: 991 Way: 0 Address: 0x16390f7c0
  Set: 992 Way: 0 Address: 0x16390f800
  Set: 993 Way: 0 Address: 0x143ef868
  Set: 1020 Way: 0 Address: 0x22272ff1c
  Set: 1021 Way: 0 Address: 0x22272ff40
  Set: 1022 Way: 0 Address: 0x22272ff80
  Set: 1023 Way: 0 Address: 0x22272ffc0
  Set: 1024 Way: 0 Address: 0x2177f002c
  Set: 1025 Way: 0 Address: 0x2177f0040
  Set: 1026 Way: 0 Address: 0x2177f0080
  Set: 1027 Way: 0 Address: 0x2177f00c0
  Set: 1028 Way: 0 Address: 0x2177f0100
  Set: 1029 Way: 0 Address: 0x2177f0140
  Set: 1030 Way: 0 Address: 0x2177f0180
  Set: 1031 Way: 0 Address: 0x2177f01c0
  Set: 1080 Way: 0 Address: 0x14bb10e0c
  Set: 1081 Way: 0 Address: 0x14bb10e40
  Set: 1082 Way: 0 Address: 0x14bb10e80
  Set: 1083 Way: 0 Address: 0x14bb10ec0
  Set: 1084 Way: 0 Address: 0x14bb10f00
  Set: 1085 Way: 0 Address: 0x14bb10f40
  Set: 1086 Way: 0 Address: 0x14bb10f80
  Set: 1087 Way: 0 Address: 0x14bb10fc0
  Set: 1162 Way: 0 Address: 0x133c92288
  Set: 1183 Way: 0 Address: 0x9cff27f8
  Set: 1187 Way: 0 Address: 0x1995f28c8
  Set: 1227 Way: 0 Address: 0x2b2e932f0
  Set: 1228 Way: 0 Address: 0x263c13300
  Set: 1229 Way: 0 Address: 0x3232f335c
  Set: 1230 Way: 0 Address: 0x3232f3380
  Set: 1231 Way: 0 Address: 0x3232f33c0
  Set: 1232 Way: 0 Address: 0x3232f3400
  Set: 1233 Way: 0 Address: 0x3232f3440
  Set: 1234 Way: 0 Address: 0x3232f3480
  Set: 1235 Way: 0 Address: 0x3232f34c0
  Set: 1236 Way: 0 Address: 0x3232f3500
  Set: 1237 Way: 0 Address: 0x25771357c
  Set: 1238 Way: 0 Address: 0x257713580
  Set: 1239 Way: 0 Address: 0x2577135c0
  Set: 1240 Way: 0 Address: 0x257713600
  Set: 1241 Way: 0 Address: 0x257713640
  Set: 1242 Way: 0 Address: 0x257713680
  Set: 1243 Way: 0 Address: 0x2577136c0
  Set: 1244 Way: 0 Address: 0x257713700
  Set: 1245 Way: 0 Address: 0x257713740
  Set: 1249 Way: 0 Address: 0x3c56b3870
  Set: 1280 Way: 0 Address: 0x3de4d4018
  Set: 1280 Way: 1 Address: 0x3c1074000
  Set: 1282 Way: 0 Address: 0x3de4d40a8
  Set: 1284 Way: 0 Address: 0x3c1074120
  Set: 1285 Way: 0 Address: 0x3c1074140
  Set: 1289 Way: 0 Address: 0x3c107427e
  Set: 1290 Way: 0 Address: 0x3c1074282
  Set: 1291 Way: 0 Address: 0x3c10742c0
  Set: 1295 Way: 0 Address: 0x3c10743de
  Set: 1296 Way: 0 Address: 0x3c1074400
  Set: 1300 Way: 0 Address: 0x3c107453e
  Set: 1301 Way: 0 Address: 0x3c1074540
  Set: 1302 Way: 0 Address: 0x3c1074580
  Set: 1306 Way: 0 Address: 0x3c10746a4
  Set: 1307 Way: 0 Address: 0x3c10746c0
  Set: 1311 Way: 0 Address: 0x3c10747fe
  Set: 1312 Way: 0 Address: 0x3c1074802
  Set: 1313 Way: 0 Address: 0x3c1074840
  Set: 1317 Way: 0 Address: 0x3c107495e
  Set: 1318 Way: 0 Address: 0x3c1074980
  Set: 1322 Way: 0 Address: 0x3c1074abe
  Set: 1323 Way: 0 Address: 0x3c1074ac0
  Set: 1324 Way: 0 Address: 0x3c1074b00
  Set: 1328 Way: 0 Address: 0x3c1074c1e
  Set: 1329 Way: 0 Address: 0x3c1074c44
  Set: 1333 Way: 0 Address: 0x3c1074d7e
  Set: 1334 Way: 0 Address: 0x3c1074d80
  Set: 1335 Way: 0 Address: 0x3c1074dc0
  Set: 1337 Way: 0 Address: 0x3c1074e40
  Set: 1339 Way: 0 Address: 0x3c1074ede
  Set: 1340 Way: 0 Address: 0x3c1074f04
  Set: 1342 Way: 0 Address: 0x3c1074f80
  Set: 1343 Way: 0 Address: 0x397bb4fe8
  Set: 1344 Way: 0 Address: 0x195f15010
  Set: 1345 Way: 0 Address: 0x195f15070
  Set: 1346 Way: 0 Address: 0x195f150a8
  Set: 1353 Way: 0 Address: 0x1b0f1524c
  Set: 1354 Way: 0 Address: 0x1b0f15280
  Set: 1355 Way: 0 Address: 0x354d352e8
  Set: 1355 Way: 1 Address: 0x1b0f152c0
  Set: 1356 Way: 0 Address: 0x1b0f15300
  Set: 1357 Way: 0 Address: 0x1b0f15340
  Set: 1358 Way: 0 Address: 0x1b0f15380
  Set: 1359 Way: 0 Address: 0x1b0f153c0
  Set: 1360 Way: 0 Address: 0x1b0f15400
  Set: 1408 Way: 0 Address: 0x43736018
  Set: 1409 Way: 0 Address: 0x43736078
  Set: 1446 Way: 0 Address: 0x211d169b8
  Set: 1447 Way: 0 Address: 0x211d169c0
  Set: 1448 Way: 0 Address: 0x211d16a00
  Set: 1449 Way: 0 Address: 0x211d16a40
  Set: 1450 Way: 0 Address: 0x211d16a80
  Set: 1451 Way: 0 Address: 0x84896ac8
  Set: 1451 Way: 1 Address: 0x211d16ac0
  Set: 1452 Way: 0 Address: 0x84896b00
  Set: 1452 Way: 1 Address: 0x211d16b00
  Set: 1453 Way: 0 Address: 0x84896b40
  Set: 1453 Way: 1 Address: 0x211d16b40
  Set: 1454 Way: 0 Address: 0x84896b80
  Set: 1454 Way: 1 Address: 0x211d16b80
  Set: 1455 Way: 0 Address: 0x84896bc0
  Set: 1456 Way: 0 Address: 0x84896c00
  Set: 1457 Way: 0 Address: 0x84896c40
  Set: 1458 Way: 0 Address: 0x84896c80
  Set: 1483 Way: 0 Address: 0x276ff72f8
  Set: 1540 Way: 0 Address: 0x2c989813c
  Set: 1541 Way: 0 Address: 0x2c9898140
  Set: 1542 Way: 0 Address: 0x1aafb81b0
  Set: 1542 Way: 1 Address: 0xc70781a8
  Set: 1542 Way: 2 Address: 0x2c9898180
  Set: 1543 Way: 0 Address: 0x2c98981c0
  Set: 1544 Way: 0 Address: 0x2c9898200
  Set: 1545 Way: 0 Address: 0x2c9898240
  Set: 1546 Way: 0 Address: 0x2c9898280
  Set: 1547 Way: 0 Address: 0x3bdd782c0
  Set: 1547 Way: 1 Address: 0x2c98982c0
  Set: 1548 Way: 0 Address: 0x2c9898300
  Set: 1582 Way: 0 Address: 0x201598bb0
  Set: 1600 Way: 0 Address: 0x292959000
  Set: 1601 Way: 0 Address: 0x292959040
  Set: 1602 Way: 0 Address: 0x292959080
  Set: 1603 Way: 0 Address: 0x2929590c0
  Set: 1604 Way: 0 Address: 0x292959100
  Set: 1605 Way: 0 Address: 0x292959140
  Set: 1606 Way: 0 Address: 0x29295918c
  Set: 1607 Way: 0 Address: 0x2929591c0
  Set: 1608 Way: 0 Address: 0x292959200
  Set: 1609 Way: 0 Address: 0x292959240
  Set: 1610 Way: 0 Address: 0x292959280
  Set: 1611 Way: 0 Address: 0x2929592c0
  Set: 1630 Way: 0 Address: 0x31209979c
  Set: 1631 Way: 0 Address: 0x3120997c0
  Set: 1632 Way: 0 Address: 0x312099800
  Set: 1633 Way: 0 Address: 0x312099840
  Set: 1634 Way: 0 Address: 0x312099880
  Set: 1635 Way: 0 Address: 0x3120998c0
  Set: 1636 Way: 0 Address: 0x312099900
  Set: 1637 Way: 0 Address: 0x312099940
  Set: 1664 Way: 0 Address: 0x229b9a000
  Set: 1665 Way: 0 Address: 0x1d89da070
  Set: 1709 Way: 0 Address: 0x223edab68
  Set: 1710 Way: 0 Address: 0x223edab80
  Set: 1738 Way: 0 Address: 0x3b377b2b0
  Set: 1741 Way: 0 Address: 0xcf83b340
  Set: 1745 Way: 0 Address: 0xc0d9b46c
  Set: 1746 Way: 0 Address: 0xc0d9b480
  Set: 1746 Way: 1 Address: 0xcf83b4be
  Set: 1747 Way: 0 Address: 0xc0d9b4c0
  Set: 1747 Way: 1 Address: 0xcf83b4c2
  Set: 1748 Way: 0 Address: 0xc0d9b500
  Set: 1749 Way: 0 Address: 0xc0d9b540
  Set: 1750 Way: 0 Address: 0xc0d9b580
  Set: 1751 Way: 0 Address: 0xc0d9b5c0
  Set: 1752 Way: 0 Address: 0xcf83b61e
  Set: 1752 Way: 1 Address: 0xc0d9b600
  Set: 1753 Way: 0 Address: 0xcf83b640
  Set: 1757 Way: 0 Address: 0xcf83b77e
  Set: 1758 Way: 0 Address: 0xcf83b782
  Set: 1759 Way: 0 Address: 0xcf83b7c0
  Set: 1763 Way: 0 Address: 0xcf83b8e4
  Set: 1764 Way: 0 Address: 0xcf83b900
  Set: 1767 Way: 0 Address: 0x394edb9ec
  Set: 1768 Way: 0 Address: 0x394edba00
  Set: 1768 Way: 1 Address: 0xcf83ba3e
  Set: 1769 Way: 0 Address: 0xcf83ba44
  Set: 1769 Way: 1 Address: 0x394edba40
  Set: 1770 Way: 0 Address: 0x394edba80
  Set: 1770 Way: 1 Address: 0xcf83ba80
  Set: 1771 Way: 0 Address: 0x394edbac0
  Set: 1772 Way: 0 Address: 0x394edbb00
  Set: 1773 Way: 0 Address: 0x394edbb40
  Set: 1774 Way: 0 Address: 0xcf83bbb6
  Set: 1774 Way: 1 Address: 0x394edbb80
  Set: 1775 Way: 0 Address: 0xcf83bbc0
  Set: 1775 Way: 1 Address: 0x394edbbc0
  Set: 1776 Way: 0 Address: 0x394edbc00
  Set: 1777 Way: 0 Address: 0x394edbc40
  Set: 1778 Way: 0 Address: 0x394edbc80
  Set: 1779 Way: 0 Address: 0xcf83bcfe
  Set: 1780 Way: 0 Address: 0xcf83bd02
  Set: 1781 Way: 0 Address: 0xcf83bd40
  Set: 1785 Way: 0 Address: 0xcf83be60
  Set: 1786 Way: 0 Address: 0xcf83be80
  Set: 1790 Way: 0 Address: 0xcf83bfbe
  Set: 1791 Way: 0 Address: 0xcf83bfc0
  Set: 1792 Way: 0 Address: 0xdf85c000
  Set: 1817 Way: 0 Address: 0x12c6fc650
  Set: 1819 Way: 0 Address: 0x38e35c6e0
  Set: 1820 Way: 0 Address: 0x38e35c700
  Set: 1821 Way: 0 Address: 0x38e35c740
  Set: 1843 Way: 0 Address: 0x38e35ccfc
  Set: 1844 Way: 0 Address: 0x38e35cd00
  Set: 1845 Way: 0 Address: 0x38e35cd40
  Set: 1846 Way: 0 Address: 0x38e35cd80
  Set: 1847 Way: 0 Address: 0x38e35cdc0
  Set: 1848 Way: 0 Address: 0x38e35ce00
  Set: 1849 Way: 0 Address: 0x38e35ce40
  Set: 1850 Way: 0 Address: 0x38e35ce80
  Set: 1851 Way: 0 Address: 0x38e35cec0
  Set: 1857 Way: 0 Address: 0x23755d078
  Set: 1866 Way: 0 Address: 0x1add288
  Set: 1868 Way: 0 Address: 0x1add300
  Set: 1920 Way: 0 Address: 0x28b67e000
  Set: 1930 Way: 0 Address: 0x2db79e2a8
  Set: 1930 Way: 1 Address: 0x20597e298
  Set: 1934 Way: 0 Address: 0x1f919e390
  Set: 1935 Way: 0 Address: 0x1f919e3c0
  Set: 1936 Way: 0 Address: 0x1f919e42a
  Set: 1937 Way: 0 Address: 0x1f919e446
  Set: 1938 Way: 0 Address: 0x1f919e4a2
  Set: 1939 Way: 0 Address: 0x1f919e4c1
  Set: 1940 Way: 0 Address: 0x1f919e501
  Set: 1941 Way: 0 Address: 0x1f919e543
  Set: 1943 Way: 0 Address: 0x1f919e5c8
  Set: 1944 Way: 0 Address: 0x1f919e600
  Set: 1945 Way: 0 Address: 0x1f919e645
  Set: 1951 Way: 0 Address: 0x28b67e7f8
EndCache
