Cache: cpu0_STLB
  Set: 10 Way: 0 Address: 0x290a7ca
  Set: 11 Way: 0 Address: 0x290b00a
  Set: 12 Way: 0 Address: 0x290c072
  Set: 13 Way: 0 Address: 0x290d10a
  Set: 14 Way: 0 Address: 0x290e302
  Set: 30 Way: 0 Address: 0x211eac0
  Set: 31 Way: 0 Address: 0x211f86c
  Set: 32 Way: 0 Address: 0x212097c
  Set: 33 Way: 0 Address: 0x2121a8c
  Set: 34 Way: 0 Address: 0x2122b9c
  Set: 35 Way: 0 Address: 0x2123cac
  Set: 36 Way: 0 Address: 0x2124dbc
  Set: 37 Way: 0 Address: 0x2125ecc
  Set: 38 Way: 0 Address: 0x2126fdc
  Set: 39 Way: 0 Address: 0x2127000
  Set: 40 Way: 0 Address: 0x21280ec
  Set: 41 Way: 0 Address: 0x21291fc
  Set: 42 Way: 0 Address: 0x212a30c
  Set: 43 Way: 0 Address: 0x212b41c
  Set: 44 Way: 0 Address: 0x212c528
  Set: 45 Way: 0 Address: 0x212d638
  Set: 46 Way: 0 Address: 0x212e748
  Set: 47 Way: 0 Address: 0x212f858
  Set: 48 Way: 0 Address: 0x730650
  Set: 53 Way: 0 Address: 0x7fff6ec35ffc
  Set: 54 Way: 0 Address: 0x7fff6ec361ba
  Set: 65 Way: 0 Address: 0x441523
  Set: 96 Way: 0 Address: 0x4608a0
  Set: 97 Way: 0 Address: 0x7618c8
  Set: 110 Way: 0 Address: 0x1d6e0cc
  Set: 111 Way: 0 Address: 0x1d6f1dc
  Set: 112 Way: 0 Address: 0x1d70854
EndCache
Cache: cpu0_L2C
  Set: 1 Way: 0 Address: 0x168ef0072
  Set: 2 Way: 0 Address: 0x168ef0080
  Set: 3 Way: 0 Address: 0x168ef00c0
  Set: 6 Way: 0 Address: 0x168ef0180
  Set: 7 Way: 0 Address: 0x168ef01c0
  Set: 8 Way: 0 Address: 0x168ef0200
  Set: 9 Way: 0 Address: 0x168ef0240
  Set: 12 Way: 0 Address: 0x168ef0336
  Set: 13 Way: 0 Address: 0x168ef0340
  Set: 14 Way: 0 Address: 0x168ef0384
  Set: 17 Way: 0 Address: 0x168ef0440
  Set: 18 Way: 0 Address: 0x168ef0480
  Set: 19 Way: 0 Address: 0x168ef04c0
  Set: 20 Way: 0 Address: 0x168ef0500
  Set: 23 Way: 0 Address: 0x168ef05f2
  Set: 24 Way: 0 Address: 0x168ef0600
  Set: 25 Way: 0 Address: 0x168ef0640
  Set: 28 Way: 0 Address: 0x168ef0700
  Set: 29 Way: 0 Address: 0x168ef0740
  Set: 30 Way: 0 Address: 0x168ef0780
  Set: 31 Way: 0 Address: 0x168ef07c0
  Set: 33 Way: 0 Address: 0x6e620858
  Set: 33 Way: 1 Address: 0x28a940868
  Set: 34 Way: 0 Address: 0x6e620880
  Set: 34 Way: 1 Address: 0x168ef08b2
  Set: 35 Way: 0 Address: 0x14bb108f8
  Set: 35 Way: 1 Address: 0x6e6208c0
  Set: 35 Way: 2 Address: 0x168ef08c0
  Set: 36 Way: 0 Address: 0x2177f0908
  Set: 36 Way: 1 Address: 0x342b40928
  Set: 36 Way: 2 Address: 0x6e620900
  Set: 36 Way: 3 Address: 0x168ef0900
  Set: 37 Way: 0 Address: 0x6e620940
  Set: 38 Way: 0 Address: 0x6e620980
  Set: 39 Way: 0 Address: 0x168ef09c0
  Set: 39 Way: 1 Address: 0x6e6209c0
  Set: 40 Way: 0 Address: 0x168ef0a00
  Set: 40 Way: 1 Address: 0x6e620a00
  Set: 41 Way: 0 Address: 0x168ef0a40
  Set: 42 Way: 0 Address: 0x168ef0a80
  Set: 45 Way: 0 Address: 0x168ef0b72
  Set: 46 Way: 0 Address: 0x168ef0b80
  Set: 47 Way: 0 Address: 0x168ef0bc2
  Set: 50 Way: 0 Address: 0x168ef0c80
  Set: 51 Way: 0 Address: 0x168ef0cc0
  Set: 52 Way: 0 Address: 0x168ef0d00
  Set: 53 Way: 0 Address: 0x168ef0d40
  Set: 56 Way: 0 Address: 0x168ef0e34
  Set: 57 Way: 0 Address: 0x168ef0e40
  Set: 58 Way: 0 Address: 0x168ef0e80
  Set: 61 Way: 0 Address: 0x168ef0f40
  Set: 62 Way: 0 Address: 0x168ef0f80
  Set: 63 Way: 0 Address: 0x168ef0fc0
  Set: 98 Way: 0 Address: 0x2a48418a0
  Set: 100 Way: 0 Address: 0x19c791938
  Set: 101 Way: 0 Address: 0x181c81948
  Set: 128 Way: 0 Address: 0x1c84e2018
  Set: 130 Way: 0 Address: 0x1c84e2080
  Set: 134 Way: 0 Address: 0x1995f21b0
  Set: 142 Way: 0 Address: 0x9cff2390
  Set: 143 Way: 0 Address: 0x9cff23c0
  Set: 144 Way: 0 Address: 0x9cff242a
  Set: 145 Way: 0 Address: 0x9cff2446
  Set: 146 Way: 0 Address: 0x9cff2482
  Set: 147 Way: 0 Address: 0x9cff24c1
  Set: 148 Way: 0 Address: 0x9cff2523
  Set: 149 Way: 0 Address: 0x9cff2543
  Set: 151 Way: 0 Address: 0x9cff25c8
  Set: 152 Way: 0 Address: 0x9cff2600
  Set: 153 Way: 0 Address: 0x9cff2645
  Set: 153 Way: 1 Address: 0x6d0c2650
  Set: 157 Way: 0 Address: 0x133c92748
  Set: 158 Way: 0 Address: 0x133c92780
  Set: 159 Way: 0 Address: 0x133c927c0
  Set: 160 Way: 0 Address: 0x133c92800
  Set: 161 Way: 0 Address: 0x133c92840
  Set: 162 Way: 0 Address: 0x133c92880
  Set: 163 Way: 0 Address: 0x133c928c0
  Set: 164 Way: 0 Address: 0x1064c2920
  Set: 164 Way: 1 Address: 0x133c92900
  Set: 192 Way: 0 Address: 0x3232f300a
  Set: 193 Way: 0 Address: 0x3c56b3070
  Set: 193 Way: 1 Address: 0x3232f3040
  Set: 197 Way: 0 Address: 0x3232f316c
  Set: 198 Way: 0 Address: 0x3232f3180
  Set: 202 Way: 0 Address: 0x3232f32b6
  Set: 203 Way: 0 Address: 0x3232f32d6
  Set: 204 Way: 0 Address: 0x34a87330c
  Set: 204 Way: 1 Address: 0x3232f3300
  Set: 205 Way: 0 Address: 0x34a873340
  Set: 206 Way: 0 Address: 0x34a873380
  Set: 207 Way: 0 Address: 0x34a8733c0
  Set: 208 Way: 0 Address: 0x3232f342a
  Set: 208 Way: 1 Address: 0x34a873400
  Set: 209 Way: 0 Address: 0x3232f3440
  Set: 209 Way: 1 Address: 0x34a873440
  Set: 210 Way: 0 Address: 0x34a873480
  Set: 211 Way: 0 Address: 0x34a8734c0
  Set: 213 Way: 0 Address: 0x3232f3572
  Set: 214 Way: 0 Address: 0x3232f3590
  Set: 215 Way: 0 Address: 0x3232f35c0
  Set: 219 Way: 0 Address: 0x3232f36ee
  Set: 220 Way: 0 Address: 0x3232f3708
  Set: 223 Way: 0 Address: 0x3232f37c0
  Set: 224 Way: 0 Address: 0x3232f3836
  Set: 225 Way: 0 Address: 0x3232f384c
  Set: 226 Way: 0 Address: 0x3232f3880
  Set: 228 Way: 0 Address: 0x3232f3900
  Set: 228 Way: 1 Address: 0x3b0803930
  Set: 229 Way: 0 Address: 0x3b0803940
  Set: 230 Way: 0 Address: 0x3232f39aa
  Set: 231 Way: 0 Address: 0x3232f39c8
  Set: 233 Way: 0 Address: 0x2b2e93a60
  Set: 233 Way: 1 Address: 0x3232f3a40
  Set: 234 Way: 0 Address: 0x2b2e93a80
  Set: 234 Way: 1 Address: 0x3232f3a80
  Set: 235 Way: 0 Address: 0x2b2e93ac0
  Set: 235 Way: 1 Address: 0x3232f3af2
  Set: 236 Way: 0 Address: 0x3232f3b0a
  Set: 237 Way: 0 Address: 0x3232f3b40
  Set: 238 Way: 0 Address: 0x3232f3b80
  Set: 239 Way: 0 Address: 0x3232f3bc0
  Set: 241 Way: 0 Address: 0x3232f3c6a
  Set: 242 Way: 0 Address: 0x257713cac
  Set: 242 Way: 1 Address: 0x3232f3c80
  Set: 243 Way: 0 Address: 0x257713cc0
  Set: 244 Way: 0 Address: 0x3232f3d00
  Set: 244 Way: 1 Address: 0x257713d00
  Set: 245 Way: 0 Address: 0x3232f3d40
  Set: 245 Way: 1 Address: 0x257713d40
  Set: 246 Way: 0 Address: 0x3232f3db2
  Set: 246 Way: 1 Address: 0x257713d80
  Set: 247 Way: 0 Address: 0x3232f3dc0
  Set: 247 Way: 1 Address: 0x257713dc0
  Set: 248 Way: 0 Address: 0x3232f3e00
  Set: 248 Way: 1 Address: 0x257713e00
  Set: 249 Way: 0 Address: 0x3232f3e40
  Set: 249 Way: 1 Address: 0x257713e40
  Set: 250 Way: 0 Address: 0x3232f3e80
  Set: 251 Way: 0 Address: 0x3232f3ec0
  Set: 252 Way: 0 Address: 0x3232f3f00
  Set: 253 Way: 0 Address: 0x3232f3f40
  Set: 254 Way: 0 Address: 0x3232f3f80
  Set: 255 Way: 0 Address: 0x3232f3fc0
  Set: 258 Way: 0 Address: 0x397bb40a0
  Set: 263 Way: 0 Address: 0x3c10741dc
  Set: 264 Way: 0 Address: 0x3c1074200
  Set: 265 Way: 0 Address: 0x3c1074240
  Set: 266 Way: 0 Address: 0x3c1074280
  Set: 267 Way: 0 Address: 0x3c10742c0
  Set: 268 Way: 0 Address: 0x3de4d4300
  Set: 268 Way: 1 Address: 0x3c1074300
  Set: 269 Way: 0 Address: 0x3c1074340
  Set: 270 Way: 0 Address: 0x3c1074380
  Set: 271 Way: 0 Address: 0x3c10743c0
  Set: 272 Way: 0 Address: 0x3c1074400
  Set: 273 Way: 0 Address: 0x3c1074440
  Set: 274 Way: 0 Address: 0x3c1074480
  Set: 280 Way: 0 Address: 0x1ab44638
  Set: 281 Way: 0 Address: 0x1ab44640
  Set: 282 Way: 0 Address: 0x1ab44680
  Set: 283 Way: 0 Address: 0x1ab446c0
  Set: 284 Way: 0 Address: 0x1ab44700
  Set: 285 Way: 0 Address: 0x1ab44740
  Set: 286 Way: 0 Address: 0x1ab44780
  Set: 287 Way: 0 Address: 0x1ab447c0
  Set: 288 Way: 0 Address: 0x1ab44800
  Set: 289 Way: 0 Address: 0xb8004870
  Set: 320 Way: 0 Address: 0x195f15000
  Set: 327 Way: 0 Address: 0x2725851fc
  Set: 328 Way: 0 Address: 0x272585200
  Set: 329 Way: 0 Address: 0x272585240
  Set: 330 Way: 0 Address: 0x272585280
  Set: 331 Way: 0 Address: 0x2725852c0
  Set: 332 Way: 0 Address: 0x272585300
  Set: 333 Way: 0 Address: 0x272585340
  Set: 334 Way: 0 Address: 0x272585380
  Set: 335 Way: 0 Address: 0x2725853c0
  Set: 353 Way: 0 Address: 0x354d35850
  Set: 353 Way: 1 Address: 0x34a0e5860
  Set: 357 Way: 0 Address: 0x1b0f1597c
  Set: 358 Way: 0 Address: 0x1b0f15980
  Set: 359 Way: 0 Address: 0x1b0f159c0
  Set: 360 Way: 0 Address: 0x1b0f15a00
  Set: 361 Way: 0 Address: 0x1b0f15a40
  Set: 362 Way: 0 Address: 0x1b0f15a80
  Set: 363 Way: 0 Address: 0x1b0f15ac0
  Set: 364 Way: 0 Address: 0x1b0f15b00
  Set: 365 Way: 0 Address: 0x1b0f15b40
  Set: 384 Way: 0 Address: 0x3d87a6000
  Set: 385 Way: 0 Address: 0x3d87a6040
  Set: 386 Way: 0 Address: 0x3d87a6080
  Set: 421 Way: 0 Address: 0x84896968
  Set: 421 Way: 1 Address: 0x211d16970
  Set: 429 Way: 0 Address: 0x43736b78
  Set: 430 Way: 0 Address: 0x43736b80
  Set: 438 Way: 0 Address: 0x27d4c6dbc
  Set: 439 Way: 0 Address: 0x27d4c6dc0
  Set: 440 Way: 0 Address: 0x27d4c6e00
  Set: 441 Way: 0 Address: 0x27d4c6e40
  Set: 442 Way: 0 Address: 0x27d4c6e80
  Set: 443 Way: 0 Address: 0x27d4c6ec0
  Set: 444 Way: 0 Address: 0x27d4c6f00
  Set: 445 Way: 0 Address: 0x3dae66f58
  Set: 445 Way: 1 Address: 0x27d4c6f40
  Set: 446 Way: 0 Address: 0x3dae66fa4
  Set: 446 Way: 1 Address: 0x27d4c6f80
  Set: 447 Way: 0 Address: 0x3dae66ffc
  Set: 447 Way: 1 Address: 0x3d87a6fdc
  Set: 473 Way: 0 Address: 0x276ff7654
  Set: 474 Way: 0 Address: 0x276ff7680
  Set: 478 Way: 0 Address: 0x276ff77b2
  Set: 479 Way: 0 Address: 0x276ff77ca
  Set: 479 Way: 1 Address: 0x3098877f4
  Set: 480 Way: 0 Address: 0x30988782c
  Set: 480 Way: 1 Address: 0x276ff7800
  Set: 481 Way: 0 Address: 0x309887854
  Set: 481 Way: 1 Address: 0xbeea786c
  Set: 482 Way: 0 Address: 0x3098878a8
  Set: 482 Way: 1 Address: 0xbeea7880
  Set: 483 Way: 0 Address: 0x3098878e8
  Set: 483 Way: 1 Address: 0xbeea78c0
  Set: 484 Way: 0 Address: 0x309887938
  Set: 484 Way: 1 Address: 0x276ff792a
  Set: 484 Way: 2 Address: 0xbeea7900
  Set: 485 Way: 0 Address: 0x309887940
  Set: 485 Way: 1 Address: 0x276ff7940
  Set: 485 Way: 2 Address: 0xbeea7940
  Set: 486 Way: 0 Address: 0x30988799c
  Set: 486 Way: 1 Address: 0xbeea7980
  Set: 487 Way: 0 Address: 0x3098879c8
  Set: 487 Way: 1 Address: 0xbeea79c0
  Set: 488 Way: 0 Address: 0x309887a34
  Set: 488 Way: 1 Address: 0xbeea7a00
  Set: 489 Way: 0 Address: 0x309887a44
  Set: 489 Way: 1 Address: 0x276ff7a76
  Set: 490 Way: 0 Address: 0x276ff7a8a
  Set: 490 Way: 1 Address: 0x309887a80
  Set: 491 Way: 0 Address: 0x309887aec
  Set: 491 Way: 1 Address: 0x276ff7ac0
  Set: 492 Way: 0 Address: 0x309887b2c
  Set: 493 Way: 0 Address: 0x309887b68
  Set: 494 Way: 0 Address: 0x309887b94
  Set: 495 Way: 0 Address: 0x276ff7bea
  Set: 495 Way: 1 Address: 0x309887bc8
  Set: 496 Way: 0 Address: 0x276ff7c00
  Set: 496 Way: 1 Address: 0x309887c00
  Set: 500 Way: 0 Address: 0x276ff7d36
  Set: 501 Way: 0 Address: 0x276ff7d50
  Set: 502 Way: 0 Address: 0x276ff7d80
  Set: 506 Way: 0 Address: 0x276ff7eaa
  Set: 507 Way: 0 Address: 0x276ff7ec6
  Set: 510 Way: 0 Address: 0x276ff7f80
  Set: 511 Way: 0 Address: 0x276ff7ff2
  Set: 554 Way: 0 Address: 0x3bdd78a8c
  Set: 555 Way: 0 Address: 0x3bdd78ac0
  Set: 556 Way: 0 Address: 0xc7078b08
  Set: 556 Way: 1 Address: 0x3bdd78b00
  Set: 557 Way: 0 Address: 0x3bdd78b40
  Set: 558 Way: 0 Address: 0x2c9898b9c
  Set: 558 Way: 1 Address: 0x3bdd78b80
  Set: 559 Way: 0 Address: 0x2c9898bc0
  Set: 559 Way: 1 Address: 0x3bdd78bc0
  Set: 560 Way: 0 Address: 0x2c9898c00
  Set: 560 Way: 1 Address: 0x3bdd78c00
  Set: 561 Way: 0 Address: 0x2c9898c40
  Set: 561 Way: 1 Address: 0x3bdd78c40
  Set: 562 Way: 0 Address: 0x2c9898c80
  Set: 563 Way: 0 Address: 0x2c9898cc0
  Set: 564 Way: 0 Address: 0x2c9898d00
  Set: 565 Way: 0 Address: 0x2c9898d40
  Set: 575 Way: 0 Address: 0x1aafb8fe8
  Set: 578 Way: 0 Address: 0x2ee369080
  Set: 579 Way: 0 Address: 0x2c87490ec
  Set: 580 Way: 0 Address: 0x2c8749100
  Set: 581 Way: 0 Address: 0x2c8749140
  Set: 582 Way: 0 Address: 0x2c8749180
  Set: 583 Way: 0 Address: 0x2c87491c0
  Set: 584 Way: 0 Address: 0x2c8749200
  Set: 585 Way: 0 Address: 0x2c8749240
  Set: 586 Way: 0 Address: 0x2c8749280
  Set: 592 Way: 0 Address: 0x2fa0c941c
  Set: 593 Way: 0 Address: 0x2fa0c9440
  Set: 594 Way: 0 Address: 0x2fa0c9480
  Set: 595 Way: 0 Address: 0x2fa0c94c0
  Set: 596 Way: 0 Address: 0x2fa0c9500
  Set: 597 Way: 0 Address: 0x2fa0c9540
  Set: 598 Way: 0 Address: 0x2fa0c9580
  Set: 599 Way: 0 Address: 0x2fa0c95c0
  Set: 613 Way: 0 Address: 0x312099940
  Set: 622 Way: 0 Address: 0x292959bb0
  Set: 643 Way: 0 Address: 0xc67da0f2
  Set: 644 Way: 0 Address: 0xc67da10a
  Set: 645 Way: 0 Address: 0xc67da140
  Set: 648 Way: 0 Address: 0x1d89da208
  Set: 649 Way: 0 Address: 0xc67da26c
  Set: 650 Way: 0 Address: 0xc67da280
  Set: 654 Way: 0 Address: 0xc67da3b2
  Set: 655 Way: 0 Address: 0xc67da3ca
  Set: 656 Way: 0 Address: 0xc67da400
  Set: 660 Way: 0 Address: 0xc67da52c
  Set: 661 Way: 0 Address: 0xc67da540
  Set: 665 Way: 0 Address: 0xc67da672
  Set: 666 Way: 0 Address: 0xc67da690
  Set: 667 Way: 0 Address: 0xc67da6c0
  Set: 671 Way: 0 Address: 0x223eda7f8
  Set: 671 Way: 1 Address: 0xc67da7ea
  Set: 672 Way: 0 Address: 0xc67da800
  Set: 675 Way: 0 Address: 0xc67da8c0
  Set: 676 Way: 0 Address: 0xc67da932
  Set: 677 Way: 0 Address: 0xc67da950
  Set: 678 Way: 0 Address: 0xc67da980
  Set: 680 Way: 0 Address: 0xc67daa00
  Set: 682 Way: 0 Address: 0xc67daaaa
  Set: 683 Way: 0 Address: 0xc67daac0
  Set: 685 Way: 0 Address: 0xc67dab40
  Set: 686 Way: 0 Address: 0xc67dab80
  Set: 687 Way: 0 Address: 0xc67dabf2
  Set: 688 Way: 0 Address: 0xc67dac0c
  Set: 689 Way: 0 Address: 0xc67dac40
  Set: 690 Way: 0 Address: 0xc67dac80
  Set: 691 Way: 0 Address: 0xc67dacc0
  Set: 693 Way: 0 Address: 0xc67dad6a
  Set: 694 Way: 0 Address: 0xc67dad80
  Set: 696 Way: 0 Address: 0xc67dae00
  Set: 697 Way: 0 Address: 0xc67dae40
  Set: 698 Way: 0 Address: 0xc67dae80
  Set: 699 Way: 0 Address: 0xc67daece
  Set: 700 Way: 0 Address: 0xc67daf00
  Set: 701 Way: 0 Address: 0xc67daf40
  Set: 702 Way: 0 Address: 0xc67daf80
  Set: 707 Way: 0 Address: 0x394edb0cc
  Set: 708 Way: 0 Address: 0x394edb100
  Set: 709 Way: 0 Address: 0x394edb140
  Set: 710 Way: 0 Address: 0x394edb180
  Set: 711 Way: 0 Address: 0x394edb1c0
  Set: 712 Way: 0 Address: 0x394edb200
  Set: 713 Way: 0 Address: 0x394edb240
  Set: 714 Way: 0 Address: 0x394edb280
  Set: 715 Way: 0 Address: 0x394edb2c0
  Set: 716 Way: 0 Address: 0x394edb300
  Set: 717 Way: 0 Address: 0x394edb340
  Set: 718 Way: 0 Address: 0x394edb380
  Set: 737 Way: 0 Address: 0x3b377b858
  Set: 740 Way: 0 Address: 0xc0d9b918
  Set: 741 Way: 0 Address: 0xcf83b950
  Set: 768 Way: 0 Address: 0xdf85c000
  Set: 768 Way: 1 Address: 0x32f48c000
  Set: 769 Way: 0 Address: 0x32f48c040
  Set: 770 Way: 0 Address: 0x32f48c080
  Set: 771 Way: 0 Address: 0x32f48c0c0
  Set: 772 Way: 0 Address: 0x32f48c100
  Set: 773 Way: 0 Address: 0x32f48c140
  Set: 774 Way: 0 Address: 0x32f48c180
  Set: 803 Way: 0 Address: 0x12c6fc8c8
  Set: 803 Way: 1 Address: 0x38e35c8f0
  Set: 805 Way: 0 Address: 0x38e35c960
  Set: 838 Way: 0 Address: 0x23755d1a8
  Set: 867 Way: 0 Address: 0x5588d8f8
  Set: 868 Way: 0 Address: 0x5588d900
  Set: 869 Way: 0 Address: 0x1add960
  Set: 869 Way: 1 Address: 0x5588d978
  Set: 896 Way: 0 Address: 0x28b67e000
  Set: 896 Way: 1 Address: 0x1f919e010
  Set: 897 Way: 0 Address: 0x1f919e070
  Set: 898 Way: 0 Address: 0x1f919e0a0
  Set: 916 Way: 0 Address: 0x1c084e528
  Set: 917 Way: 0 Address: 0x1c084e540
  Set: 918 Way: 0 Address: 0x1c084e580
  Set: 919 Way: 0 Address: 0x1c084e5c0
  Set: 920 Way: 0 Address: 0x1c084e600
  Set: 921 Way: 0 Address: 0x1c084e640
  Set: 922 Way: 0 Address: 0x1c084e680
  Set: 923 Way: 0 Address: 0x1c084e6c0
  Set: 927 Way: 0 Address: 0x28b67e7f8
  Set: 932 Way: 0 Address: 0x2db79e910
  Set: 932 Way: 1 Address: 0x20597e938
  Set: 933 Way: 0 Address: 0x20597e958
  Set: 934 Way: 0 Address: 0x3734ee980
  Set: 941 Way: 0 Address: 0x2f5d8eb78
  Set: 960 Way: 0 Address: 0x143ef000
  Set: 960 Way: 1 Address: 0x16390f02e
  Set: 961 Way: 0 Address: 0x143ef040
  Set: 961 Way: 1 Address: 0x16390f040
  Set: 962 Way: 0 Address: 0x143ef080
  Set: 963 Way: 0 Address: 0x143ef0c0
  Set: 964 Way: 0 Address: 0x143ef100
  Set: 965 Way: 0 Address: 0x143ef140
  Set: 965 Way: 1 Address: 0x16390f176
  Set: 966 Way: 0 Address: 0x143ef1ba
  Set: 966 Way: 1 Address: 0x16390f18c
  Set: 967 Way: 0 Address: 0x143ef1c0
  Set: 967 Way: 1 Address: 0x16390f1c0
  Set: 968 Way: 0 Address: 0x143ef200
  Set: 969 Way: 0 Address: 0x143ef240
  Set: 970 Way: 0 Address: 0x143ef280
  Set: 971 Way: 0 Address: 0x143ef2c0
  Set: 971 Way: 1 Address: 0x16390f2ea
  Set: 972 Way: 0 Address: 0x16390f302
  Set: 976 Way: 0 Address: 0x16390f432
  Set: 977 Way: 0 Address: 0x16390f448
  Set: 978 Way: 0 Address: 0x16390f480
  Set: 982 Way: 0 Address: 0x16390f5a8
  Set: 983 Way: 0 Address: 0x16390f5c0
  Set: 986 Way: 0 Address: 0x16390f680
  Set: 987 Way: 0 Address: 0x16390f6f6
  Set: 988 Way: 0 Address: 0x16390f700
  Set: 991 Way: 0 Address: 0x16390f7c0
  Set: 996 Way: 0 Address: 0x22272f900
  Set: 996 Way: 1 Address: 0x16390f900
  Set: 997 Way: 0 Address: 0x16390f940
  Set: 1001 Way: 0 Address: 0x16390fa40
  Set: 1002 Way: 0 Address: 0x16390fa80
  Set: 1005 Way: 0 Address: 0xee86fb70
  Set: 1007 Way: 0 Address: 0x16390fbc0
  Set: 1012 Way: 0 Address: 0x16390fd00
  Set: 1019 Way: 0 Address: 0x23756fecc
  Set: 1020 Way: 0 Address: 0x23756ff00
  Set: 1020 Way: 1 Address: 0x16390ff00
  Set: 1021 Way: 0 Address: 0x23756ff40
  Set: 1022 Way: 0 Address: 0x23756ff80
  Set: 1023 Way: 0 Address: 0x23756ffc0
EndCache
Cache: cpu0_L1I
  Set: 14 Way: 0 Address: 0x9cff23b8
  Set: 15 Way: 0 Address: 0x9cff23ed
  Set: 16 Way: 0 Address: 0x9cff242a
  Set: 17 Way: 0 Address: 0x9cff2475
  Set: 18 Way: 0 Address: 0x9cff24aa
  Set: 19 Way: 0 Address: 0x9cff24c8
  Set: 20 Way: 0 Address: 0x9cff2523
  Set: 21 Way: 0 Address: 0x9cff2560
  Set: 23 Way: 0 Address: 0x9cff25c8
  Set: 24 Way: 0 Address: 0x9cff2600
  Set: 25 Way: 0 Address: 0x9cff2645
  Set: 34 Way: 0 Address: 0x2a48418a0
EndCache
Cache: cpu0_L1D
  Set: 0 Way: 0 Address: 0xdf85c000
  Set: 0 Way: 1 Address: 0x28b67e000
  Set: 0 Way: 2 Address: 0x195f15000
  Set: 0 Way: 3 Address: 0x1f919e010
  Set: 0 Way: 4 Address: 0x1c84e2018
  Set: 0 Way: 5 Address: 0x143ef000
  Set: 0 Way: 6 Address: 0x3232f3024
  Set: 0 Way: 7 Address: 0x16390f03a
  Set: 0 Way: 8 Address: 0x32f48c004
  Set: 0 Way: 9 Address: 0x3d87a6000
  Set: 1 Way: 0 Address: 0x1f919e070
  Set: 1 Way: 1 Address: 0x3c56b3070
  Set: 1 Way: 2 Address: 0x143ef05c
  Set: 1 Way: 3 Address: 0x16390f046
  Set: 1 Way: 4 Address: 0x3232f3040
  Set: 1 Way: 5 Address: 0x32f48c040
  Set: 1 Way: 6 Address: 0x168ef007a
  Set: 1 Way: 7 Address: 0x3d87a6040
  Set: 2 Way: 0 Address: 0x1f919e0a0
  Set: 2 Way: 1 Address: 0x397bb40a0
  Set: 2 Way: 2 Address: 0x1c84e2080
  Set: 2 Way: 3 Address: 0x2ee369080
  Set: 2 Way: 4 Address: 0x143ef096
  Set: 2 Way: 5 Address: 0x32f48c080
  Set: 2 Way: 6 Address: 0x168ef008c
  Set: 2 Way: 7 Address: 0x3d87a6080
  Set: 3 Way: 0 Address: 0x394edb0cc
  Set: 3 Way: 1 Address: 0x143ef0de
  Set: 3 Way: 2 Address: 0x2c87490ec
  Set: 3 Way: 3 Address: 0x168ef00ca
  Set: 3 Way: 4 Address: 0x32f48c0c0
  Set: 3 Way: 5 Address: 0xc67da0fc
  Set: 4 Way: 0 Address: 0x143ef114
  Set: 4 Way: 1 Address: 0xc67da124
  Set: 4 Way: 2 Address: 0x2c8749100
  Set: 4 Way: 3 Address: 0x394edb100
  Set: 4 Way: 4 Address: 0x32f48c100
  Set: 5 Way: 0 Address: 0x143ef140
  Set: 5 Way: 1 Address: 0x3232f317c
  Set: 5 Way: 2 Address: 0x2c8749140
  Set: 5 Way: 3 Address: 0xc67da140
  Set: 5 Way: 4 Address: 0x394edb140
  Set: 5 Way: 5 Address: 0x32f48c140
  Set: 5 Way: 6 Address: 0x16390f178
  Set: 6 Way: 0 Address: 0x1995f21b0
  Set: 6 Way: 1 Address: 0x23755d1a8
  Set: 6 Way: 2 Address: 0x143ef1be
  Set: 6 Way: 3 Address: 0x3232f3186
  Set: 6 Way: 4 Address: 0x16390f19c
  Set: 6 Way: 5 Address: 0x2c8749180
  Set: 6 Way: 6 Address: 0x168ef0180
  Set: 6 Way: 7 Address: 0x394edb180
  Set: 6 Way: 8 Address: 0x32f48c180
  Set: 7 Way: 0 Address: 0x143ef1c6
  Set: 7 Way: 1 Address: 0x3c10741dc
  Set: 7 Way: 2 Address: 0x2725851fc
  Set: 7 Way: 3 Address: 0x16390f1c0
  Set: 7 Way: 4 Address: 0x168ef01c0
  Set: 7 Way: 5 Address: 0x2c87491c0
  Set: 7 Way: 6 Address: 0x394edb1c0
  Set: 8 Way: 0 Address: 0x1d89da208
  Set: 8 Way: 1 Address: 0x143ef200
  Set: 8 Way: 2 Address: 0x272585200
  Set: 8 Way: 3 Address: 0x3c1074200
  Set: 8 Way: 4 Address: 0x394edb200
  Set: 8 Way: 5 Address: 0x168ef0200
  Set: 8 Way: 6 Address: 0x2c8749200
  Set: 9 Way: 0 Address: 0x143ef240
  Set: 9 Way: 1 Address: 0xc67da27c
  Set: 9 Way: 2 Address: 0x272585240
  Set: 9 Way: 3 Address: 0x3c1074240
  Set: 9 Way: 4 Address: 0x394edb240
  Set: 9 Way: 5 Address: 0x168ef0240
  Set: 9 Way: 6 Address: 0x2c8749240
  Set: 10 Way: 0 Address: 0x143ef280
  Set: 10 Way: 1 Address: 0xc67da284
  Set: 10 Way: 2 Address: 0x394edb280
  Set: 10 Way: 3 Address: 0x272585280
  Set: 10 Way: 4 Address: 0x3232f32ba
  Set: 10 Way: 5 Address: 0x3c1074280
  Set: 10 Way: 6 Address: 0x2c8749280
  Set: 11 Way: 0 Address: 0x3232f32dc
  Set: 11 Way: 1 Address: 0x143ef2c0
  Set: 11 Way: 2 Address: 0x16390f2fc
  Set: 11 Way: 3 Address: 0x394edb2c0
  Set: 11 Way: 4 Address: 0x2725852c0
  Set: 11 Way: 5 Address: 0x3c10742c0
  Set: 12 Way: 0 Address: 0x3de4d4300
  Set: 12 Way: 1 Address: 0x16390f306
  Set: 12 Way: 2 Address: 0x34a87330c
  Set: 12 Way: 3 Address: 0x3232f3300
  Set: 12 Way: 4 Address: 0x3c1074300
  Set: 12 Way: 5 Address: 0x168ef0332
  Set: 12 Way: 6 Address: 0x272585300
  Set: 12 Way: 7 Address: 0x394edb300
  Set: 13 Way: 0 Address: 0x34a873340
  Set: 13 Way: 1 Address: 0x3c1074340
  Set: 13 Way: 2 Address: 0x168ef034e
  Set: 13 Way: 3 Address: 0x394edb340
  Set: 13 Way: 4 Address: 0x272585340
  Set: 14 Way: 0 Address: 0x3c1074380
  Set: 14 Way: 1 Address: 0x34a873380
  Set: 14 Way: 2 Address: 0x168ef0380
  Set: 14 Way: 3 Address: 0xc67da3ba
  Set: 14 Way: 4 Address: 0x394edb380
  Set: 14 Way: 5 Address: 0x272585380
  Set: 15 Way: 0 Address: 0xc67da3e2
  Set: 15 Way: 1 Address: 0x3c10743c0
  Set: 15 Way: 2 Address: 0x34a8733c0
  Set: 15 Way: 3 Address: 0x2725853c0
  Set: 16 Way: 0 Address: 0x3232f343a
  Set: 16 Way: 1 Address: 0x2fa0c941c
  Set: 16 Way: 2 Address: 0xc67da400
  Set: 16 Way: 3 Address: 0x34a873400
  Set: 16 Way: 4 Address: 0x3c1074400
  Set: 16 Way: 5 Address: 0x16390f43c
  Set: 17 Way: 0 Address: 0x16390f44a
  Set: 17 Way: 1 Address: 0x3232f3444
  Set: 17 Way: 2 Address: 0x2fa0c9440
  Set: 17 Way: 3 Address: 0x168ef0440
  Set: 17 Way: 4 Address: 0x3c1074440
  Set: 17 Way: 5 Address: 0x34a873440
  Set: 18 Way: 0 Address: 0x2fa0c9480
  Set: 18 Way: 1 Address: 0x16390f480
  Set: 18 Way: 2 Address: 0x168ef0480
  Set: 18 Way: 3 Address: 0x3c1074480
  Set: 18 Way: 4 Address: 0x34a873480
  Set: 19 Way: 0 Address: 0x2fa0c94c0
  Set: 19 Way: 1 Address: 0x168ef04c0
  Set: 19 Way: 2 Address: 0x34a8734c0
  Set: 20 Way: 0 Address: 0x1c084e528
  Set: 20 Way: 1 Address: 0xc67da53e
  Set: 20 Way: 2 Address: 0x168ef0500
  Set: 20 Way: 3 Address: 0x2fa0c9500
  Set: 21 Way: 0 Address: 0xc67da544
  Set: 21 Way: 1 Address: 0x1c084e540
  Set: 21 Way: 2 Address: 0x3232f357e
  Set: 21 Way: 3 Address: 0x2fa0c9540
  Set: 22 Way: 0 Address: 0x16390f5a8
  Set: 22 Way: 1 Address: 0x3232f35a4
  Set: 22 Way: 2 Address: 0x1c084e580
  Set: 22 Way: 3 Address: 0x2fa0c9580
  Set: 23 Way: 0 Address: 0x16390f5c0
  Set: 23 Way: 1 Address: 0x3232f35c0
  Set: 23 Way: 2 Address: 0x1c084e5c0
  Set: 23 Way: 3 Address: 0x168ef05f6
  Set: 23 Way: 4 Address: 0x2fa0c95c0
  Set: 24 Way: 0 Address: 0x1ab44638
  Set: 24 Way: 1 Address: 0x168ef060c
  Set: 24 Way: 2 Address: 0x1c084e600
  Set: 25 Way: 0 Address: 0x6d0c2650
  Set: 25 Way: 1 Address: 0x1ab44640
  Set: 25 Way: 2 Address: 0x168ef0648
  Set: 25 Way: 3 Address: 0x1c084e640
  Set: 25 Way: 4 Address: 0xc67da67e
  Set: 25 Way: 5 Address: 0x276ff7652
  Set: 26 Way: 0 Address: 0xc67da69c
  Set: 26 Way: 1 Address: 0x16390f680
  Set: 26 Way: 2 Address: 0x1ab44680
  Set: 26 Way: 3 Address: 0x1c084e680
  Set: 26 Way: 4 Address: 0x276ff7680
  Set: 27 Way: 0 Address: 0x3232f36fc
  Set: 27 Way: 1 Address: 0xc67da6c0
  Set: 27 Way: 2 Address: 0x1ab446c0
  Set: 27 Way: 3 Address: 0x16390f6f2
  Set: 27 Way: 4 Address: 0x1c084e6c0
  Set: 28 Way: 0 Address: 0x3232f3700
  Set: 28 Way: 1 Address: 0x1ab44700
  Set: 28 Way: 2 Address: 0x168ef0700
  Set: 28 Way: 3 Address: 0x16390f70c
  Set: 29 Way: 0 Address: 0x133c92748
  Set: 29 Way: 1 Address: 0x168ef0740
  Set: 29 Way: 2 Address: 0x1ab44740
  Set: 30 Way: 0 Address: 0x133c92780
  Set: 30 Way: 1 Address: 0x276ff77b6
  Set: 30 Way: 2 Address: 0x168ef0780
  Set: 30 Way: 3 Address: 0x1ab44780
  Set: 31 Way: 0 Address: 0x28b67e7f8
  Set: 31 Way: 1 Address: 0x223eda7f8
  Set: 31 Way: 2 Address: 0x276ff77e2
  Set: 31 Way: 3 Address: 0x3232f37c0
  Set: 31 Way: 4 Address: 0xc67da7fc
  Set: 31 Way: 5 Address: 0x16390f7c0
  Set: 31 Way: 6 Address: 0x133c927c0
  Set: 31 Way: 7 Address: 0x168ef07c0
  Set: 31 Way: 8 Address: 0x1ab447c0
  Set: 31 Way: 9 Address: 0x3098877f4
  Set: 32 Way: 0 Address: 0x30988782c
  Set: 32 Way: 1 Address: 0xc67da802
  Set: 32 Way: 2 Address: 0x276ff7800
  Set: 32 Way: 3 Address: 0x3232f3838
  Set: 32 Way: 4 Address: 0x133c92800
  Set: 32 Way: 5 Address: 0x1ab44800
  Set: 33 Way: 0 Address: 0xb8004870
  Set: 33 Way: 1 Address: 0x309887860
  Set: 33 Way: 2 Address: 0x354d35850
  Set: 33 Way: 3 Address: 0x6e620858
  Set: 33 Way: 4 Address: 0x3b377b858
  Set: 33 Way: 5 Address: 0xbeea786c
  Set: 33 Way: 6 Address: 0x3232f384a
  Set: 33 Way: 7 Address: 0x28a940868
  Set: 33 Way: 8 Address: 0x34a0e5860
  Set: 33 Way: 9 Address: 0x133c92840
  Set: 34 Way: 0 Address: 0x3098878a8
  Set: 34 Way: 1 Address: 0xbeea7880
  Set: 34 Way: 2 Address: 0x6e620880
  Set: 34 Way: 3 Address: 0x3232f3880
  Set: 34 Way: 4 Address: 0x168ef08b8
  Set: 34 Way: 5 Address: 0x133c92880
  Set: 35 Way: 0 Address: 0x12c6fc8c8
  Set: 35 Way: 1 Address: 0x3098878e8
  Set: 35 Way: 2 Address: 0x38e35c8f0
  Set: 35 Way: 3 Address: 0x5588d8f8
  Set: 35 Way: 4 Address: 0x14bb108f8
  Set: 35 Way: 5 Address: 0xc67da8c0
  Set: 35 Way: 6 Address: 0xbeea78c0
  Set: 35 Way: 7 Address: 0x6e6208c0
  Set: 35 Way: 8 Address: 0x168ef08cc
  Set: 35 Way: 9 Address: 0x133c928c0
  Set: 36 Way: 0 Address: 0x30988792c
  Set: 36 Way: 1 Address: 0x276ff793e
  Set: 36 Way: 2 Address: 0x20597e938
  Set: 36 Way: 3 Address: 0x19c791938
  Set: 36 Way: 4 Address: 0xbeea7900
  Set: 36 Way: 5 Address: 0x2db79e910
  Set: 36 Way: 6 Address: 0x6e620900
  Set: 36 Way: 7 Address: 0x168ef0904
  Set: 36 Way: 8 Address: 0xc67da93c
  Set: 36 Way: 9 Address: 0x133c92900
  Set: 36 Way: 10 Address: 0x3b0803930
  Set: 36 Way: 11 Address: 0x16390f900
  Set: 37 Way: 0 Address: 0x309887940
  Set: 37 Way: 1 Address: 0x181c81948
  Set: 37 Way: 2 Address: 0x20597e958
  Set: 37 Way: 3 Address: 0xc67da964
  Set: 37 Way: 4 Address: 0x276ff7944
  Set: 37 Way: 5 Address: 0xbeea7940
  Set: 37 Way: 6 Address: 0x6e620940
  Set: 37 Way: 7 Address: 0x5588d978
  Set: 37 Way: 8 Address: 0x1b0f1597c
  Set: 37 Way: 9 Address: 0x3b0803950
  Set: 37 Way: 10 Address: 0x312099940
  Set: 37 Way: 11 Address: 0xcf83b950
  Set: 38 Way: 0 Address: 0x3734ee980
  Set: 38 Way: 1 Address: 0x30988799c
  Set: 38 Way: 2 Address: 0x3232f39ae
  Set: 38 Way: 3 Address: 0x1b0f15980
  Set: 38 Way: 4 Address: 0xc67da980
  Set: 38 Way: 5 Address: 0xbeea7980
  Set: 38 Way: 6 Address: 0x6e620980
  Set: 39 Way: 0 Address: 0x3098879c8
  Set: 39 Way: 1 Address: 0x3232f39c2
  Set: 39 Way: 2 Address: 0x1b0f159c0
  Set: 39 Way: 3 Address: 0x168ef09c0
  Set: 39 Way: 4 Address: 0xbeea79c0
  Set: 39 Way: 5 Address: 0x6e6209c0
  Set: 40 Way: 0 Address: 0x309887a34
  Set: 40 Way: 1 Address: 0xc67daa00
  Set: 40 Way: 2 Address: 0x1b0f15a00
  Set: 40 Way: 3 Address: 0x168ef0a00
  Set: 40 Way: 4 Address: 0xbeea7a00
  Set: 40 Way: 5 Address: 0x6e620a00
  Set: 41 Way: 0 Address: 0x309887a48
  Set: 41 Way: 1 Address: 0x2b2e93a70
  Set: 41 Way: 2 Address: 0x3232f3a40
  Set: 41 Way: 3 Address: 0x16390fa40
  Set: 41 Way: 4 Address: 0x276ff7a7e
  Set: 41 Way: 5 Address: 0x1b0f15a40
  Set: 41 Way: 6 Address: 0x168ef0a40
  Set: 42 Way: 0 Address: 0x16390fa80
  Set: 42 Way: 1 Address: 0x276ff7a9c
  Set: 42 Way: 2 Address: 0x3bdd78a8c
  Set: 42 Way: 3 Address: 0x2b2e93a90
  Set: 42 Way: 4 Address: 0x3232f3a80
  Set: 42 Way: 5 Address: 0x309887a80
  Set: 42 Way: 6 Address: 0xc67daabe
  Set: 42 Way: 7 Address: 0x168ef0a80
  Set: 42 Way: 8 Address: 0x1b0f15a80
  Set: 43 Way: 0 Address: 0x2b2e93ac0
  Set: 43 Way: 1 Address: 0x309887aec
  Set: 43 Way: 2 Address: 0xc67daac4
  Set: 43 Way: 3 Address: 0x3bdd78ac0
  Set: 43 Way: 4 Address: 0x276ff7ac0
  Set: 43 Way: 5 Address: 0x3232f3afa
  Set: 43 Way: 6 Address: 0x1b0f15ac0
  Set: 44 Way: 0 Address: 0xc7078b08
  Set: 44 Way: 1 Address: 0x309887b2c
  Set: 44 Way: 2 Address: 0x3232f3b0c
  Set: 44 Way: 3 Address: 0x3bdd78b00
  Set: 44 Way: 4 Address: 0x1b0f15b00
  Set: 45 Way: 0 Address: 0x43736b70
  Set: 45 Way: 1 Address: 0x2f5d8eb78
  Set: 45 Way: 2 Address: 0xee86fb70
  Set: 45 Way: 3 Address: 0x309887b68
  Set: 45 Way: 4 Address: 0xc67dab40
  Set: 45 Way: 5 Address: 0x3232f3b40
  Set: 45 Way: 6 Address: 0x3bdd78b40
  Set: 45 Way: 7 Address: 0x168ef0b74
  Set: 45 Way: 8 Address: 0x1b0f15b40
  Set: 46 Way: 0 Address: 0x43736b80
  Set: 46 Way: 1 Address: 0x292959bb0
  Set: 46 Way: 2 Address: 0x2c9898b9c
  Set: 46 Way: 3 Address: 0x3232f3b80
  Set: 46 Way: 4 Address: 0x309887b94
  Set: 46 Way: 5 Address: 0xc67dab80
  Set: 46 Way: 6 Address: 0x168ef0b8c
  Set: 46 Way: 7 Address: 0x3bdd78b80
  Set: 47 Way: 0 Address: 0x16390fbc0
  Set: 47 Way: 1 Address: 0x276ff7bfa
  Set: 47 Way: 2 Address: 0x3232f3bc0
  Set: 47 Way: 3 Address: 0x309887bc8
  Set: 47 Way: 4 Address: 0x2c9898bc0
  Set: 47 Way: 5 Address: 0x168ef0bc6
  Set: 47 Way: 6 Address: 0x3bdd78bc0
  Set: 47 Way: 7 Address: 0xc67dabfc
  Set: 48 Way: 0 Address: 0x276ff7c08
  Set: 48 Way: 1 Address: 0xc67dac1c
  Set: 48 Way: 2 Address: 0x2c9898c00
  Set: 48 Way: 3 Address: 0x309887c00
  Set: 48 Way: 4 Address: 0x3bdd78c00
  Set: 49 Way: 0 Address: 0x3232f3c6e
  Set: 49 Way: 1 Address: 0xc67dac40
  Set: 49 Way: 2 Address: 0x2c9898c40
  Set: 49 Way: 3 Address: 0x3bdd78c40
  Set: 50 Way: 0 Address: 0x257713cac
  Set: 50 Way: 1 Address: 0x3232f3c84
  Set: 50 Way: 2 Address: 0xc67dac80
  Set: 50 Way: 3 Address: 0x2c9898c80
  Set: 50 Way: 4 Address: 0x168ef0c80
  Set: 51 Way: 0 Address: 0xc67dacc0
  Set: 51 Way: 1 Address: 0x257713cc0
  Set: 51 Way: 2 Address: 0x168ef0cc0
  Set: 51 Way: 3 Address: 0x2c9898cc0
  Set: 52 Way: 0 Address: 0x16390fd00
  Set: 52 Way: 1 Address: 0x3232f3d00
  Set: 52 Way: 2 Address: 0x257713d00
  Set: 52 Way: 3 Address: 0x276ff7d32
  Set: 52 Way: 4 Address: 0x168ef0d00
  Set: 52 Way: 5 Address: 0x2c9898d00
  Set: 53 Way: 0 Address: 0x276ff7d60
  Set: 53 Way: 1 Address: 0x3232f3d40
  Set: 53 Way: 2 Address: 0xc67dad7c
  Set: 53 Way: 3 Address: 0x257713d40
  Set: 53 Way: 4 Address: 0x168ef0d40
  Set: 53 Way: 5 Address: 0x2c9898d40
  Set: 54 Way: 0 Address: 0x27d4c6dbc
  Set: 54 Way: 1 Address: 0xc67dad84
  Set: 54 Way: 2 Address: 0x276ff7d80
  Set: 54 Way: 3 Address: 0x3232f3dbc
  Set: 54 Way: 4 Address: 0x257713d80
  Set: 55 Way: 0 Address: 0x27d4c6dc0
  Set: 55 Way: 1 Address: 0x3232f3dcc
  Set: 55 Way: 2 Address: 0x257713dc0
  Set: 56 Way: 0 Address: 0xc67dae00
  Set: 56 Way: 1 Address: 0x27d4c6e00
  Set: 56 Way: 2 Address: 0x3232f3e00
  Set: 56 Way: 3 Address: 0x168ef0e32
  Set: 56 Way: 4 Address: 0x257713e00
  Set: 57 Way: 0 Address: 0x3232f3e40
  Set: 57 Way: 1 Address: 0xc67dae40
  Set: 57 Way: 2 Address: 0x27d4c6e40
  Set: 57 Way: 3 Address: 0x168ef0e50
  Set: 57 Way: 4 Address: 0x257713e40
  Set: 58 Way: 0 Address: 0x276ff7ebc
  Set: 58 Way: 1 Address: 0x3232f3e80
  Set: 58 Way: 2 Address: 0x27d4c6e80
  Set: 58 Way: 3 Address: 0x168ef0e84
  Set: 58 Way: 4 Address: 0xc67dae80
  Set: 59 Way: 0 Address: 0x276ff7ec0
  Set: 59 Way: 1 Address: 0x23756fecc
  Set: 59 Way: 2 Address: 0xc67daee4
  Set: 59 Way: 3 Address: 0x3232f3ec0
  Set: 59 Way: 4 Address: 0x27d4c6ec0
  Set: 60 Way: 0 Address: 0x23756ff00
  Set: 60 Way: 1 Address: 0xc67daf00
  Set: 60 Way: 2 Address: 0x3232f3f00
  Set: 60 Way: 3 Address: 0x27d4c6f00
  Set: 60 Way: 4 Address: 0x16390ff00
  Set: 61 Way: 0 Address: 0x3dae66f58
  Set: 61 Way: 1 Address: 0xc67daf40
  Set: 61 Way: 2 Address: 0x23756ff40
  Set: 61 Way: 3 Address: 0x3232f3f40
  Set: 61 Way: 4 Address: 0x168ef0f40
  Set: 61 Way: 5 Address: 0x27d4c6f40
  Set: 62 Way: 0 Address: 0x3dae66fac
  Set: 62 Way: 1 Address: 0x276ff7f80
  Set: 62 Way: 2 Address: 0xc67daf80
  Set: 62 Way: 3 Address: 0x3232f3f80
  Set: 62 Way: 4 Address: 0x23756ff80
  Set: 62 Way: 5 Address: 0x168ef0f80
  Set: 62 Way: 6 Address: 0x27d4c6f80
  Set: 63 Way: 0 Address: 0x1aafb8fe8
  Set: 63 Way: 1 Address: 0x3dae66fc4
  Set: 63 Way: 2 Address: 0x3d87a6fdc
  Set: 63 Way: 3 Address: 0x3232f3fc0
  Set: 63 Way: 4 Address: 0x276ff7ffe
  Set: 63 Way: 5 Address: 0x23756ffc0
  Set: 63 Way: 6 Address: 0x168ef0fc0
EndCache
Cache: cpu0_ITLB
  Set: 0 Way: 0 Address: 0x4608a0
  Set: 1 Way: 0 Address: 0x441475
EndCache
Cache: cpu0_DTLB
  Set: 0 Way: 0 Address: 0x1d7099c
  Set: 0 Way: 1 Address: 0x730650
  Set: 0 Way: 2 Address: 0x212097c
  Set: 1 Way: 0 Address: 0x7618c8
  Set: 1 Way: 1 Address: 0x2121a8c
  Set: 2 Way: 0 Address: 0x2122b9c
  Set: 3 Way: 0 Address: 0x2123cac
  Set: 4 Way: 0 Address: 0x2124dbc
  Set: 5 Way: 0 Address: 0x7fff6ec35fc4
  Set: 5 Way: 1 Address: 0x2125ecc
  Set: 6 Way: 0 Address: 0x7fff6ec361c6
  Set: 6 Way: 1 Address: 0x2126fdc
  Set: 7 Way: 0 Address: 0x2127004
  Set: 8 Way: 0 Address: 0x21280ec
  Set: 9 Way: 0 Address: 0x21291fc
  Set: 10 Way: 0 Address: 0x290abea
  Set: 10 Way: 1 Address: 0x212a30c
  Set: 11 Way: 0 Address: 0x290b024
  Set: 11 Way: 1 Address: 0x212b41c
  Set: 12 Way: 0 Address: 0x212c528
  Set: 12 Way: 1 Address: 0x290c07a
  Set: 13 Way: 0 Address: 0x212d638
  Set: 13 Way: 1 Address: 0x290d124
  Set: 14 Way: 0 Address: 0x290e448
  Set: 14 Way: 1 Address: 0x1d6e0cc
  Set: 14 Way: 2 Address: 0x211eac0
  Set: 14 Way: 3 Address: 0x212e748
  Set: 15 Way: 0 Address: 0x1d6f1dc
  Set: 15 Way: 1 Address: 0x212f858
  Set: 15 Way: 2 Address: 0x211f86c
EndCache
Cache: LLC
  Set: 33 Way: 0 Address: 0x6e620858
  Set: 33 Way: 1 Address: 0x28a940868
  Set: 34 Way: 0 Address: 0x6e620880
  Set: 35 Way: 0 Address: 0x6e6208c0
  Set: 36 Way: 0 Address: 0x342b40928
  Set: 36 Way: 1 Address: 0x6e620900
  Set: 37 Way: 0 Address: 0x6e620940
  Set: 38 Way: 0 Address: 0x6e620980
  Set: 39 Way: 0 Address: 0x6e6209c0
  Set: 40 Way: 0 Address: 0x6e620a00
  Set: 98 Way: 0 Address: 0x2a48418a0
  Set: 101 Way: 0 Address: 0x181c81948
  Set: 128 Way: 0 Address: 0x1c84e2018
  Set: 130 Way: 0 Address: 0x1c84e2080
  Set: 153 Way: 0 Address: 0x6d0c2650
  Set: 164 Way: 0 Address: 0x1064c2920
  Set: 228 Way: 0 Address: 0x3b0803930
  Set: 229 Way: 0 Address: 0x3b0803940
  Set: 280 Way: 0 Address: 0x1ab44638
  Set: 281 Way: 0 Address: 0x1ab44640
  Set: 282 Way: 0 Address: 0x1ab44680
  Set: 283 Way: 0 Address: 0x1ab446c0
  Set: 284 Way: 0 Address: 0x1ab44700
  Set: 285 Way: 0 Address: 0x1ab44740
  Set: 286 Way: 0 Address: 0x1ab44780
  Set: 287 Way: 0 Address: 0x1ab447c0
  Set: 288 Way: 0 Address: 0x1ab44800
  Set: 289 Way: 0 Address: 0xb8004870
  Set: 327 Way: 0 Address: 0x2725851fc
  Set: 328 Way: 0 Address: 0x272585200
  Set: 329 Way: 0 Address: 0x272585240
  Set: 330 Way: 0 Address: 0x272585280
  Set: 331 Way: 0 Address: 0x2725852c0
  Set: 332 Way: 0 Address: 0x272585300
  Set: 333 Way: 0 Address: 0x272585340
  Set: 334 Way: 0 Address: 0x272585380
  Set: 335 Way: 0 Address: 0x2725853c0
  Set: 353 Way: 0 Address: 0x34a0e5860
  Set: 384 Way: 0 Address: 0x3d87a6000
  Set: 385 Way: 0 Address: 0x3d87a6040
  Set: 386 Way: 0 Address: 0x3d87a6080
  Set: 438 Way: 0 Address: 0x27d4c6dbc
  Set: 439 Way: 0 Address: 0x27d4c6dc0
  Set: 440 Way: 0 Address: 0x27d4c6e00
  Set: 441 Way: 0 Address: 0x27d4c6e40
  Set: 442 Way: 0 Address: 0x27d4c6e80
  Set: 443 Way: 0 Address: 0x27d4c6ec0
  Set: 444 Way: 0 Address: 0x27d4c6f00
  Set: 445 Way: 0 Address: 0x3dae66f58
  Set: 445 Way: 1 Address: 0x27d4c6f40
  Set: 446 Way: 0 Address: 0x3dae66fa4
  Set: 446 Way: 1 Address: 0x27d4c6f80
  Set: 447 Way: 0 Address: 0x3dae66ffc
  Set: 447 Way: 1 Address: 0x3d87a6fdc
  Set: 479 Way: 0 Address: 0x3098877f4
  Set: 480 Way: 0 Address: 0x30988782c
  Set: 481 Way: 0 Address: 0x309887854
  Set: 481 Way: 1 Address: 0xbeea786c
  Set: 482 Way: 0 Address: 0x3098878a8
  Set: 482 Way: 1 Address: 0xbeea7880
  Set: 483 Way: 0 Address: 0x3098878e8
  Set: 483 Way: 1 Address: 0xbeea78c0
  Set: 484 Way: 0 Address: 0x309887938
  Set: 484 Way: 1 Address: 0xbeea7900
  Set: 485 Way: 0 Address: 0x309887940
  Set: 485 Way: 1 Address: 0xbeea7940
  Set: 486 Way: 0 Address: 0x30988799c
  Set: 486 Way: 1 Address: 0xbeea7980
  Set: 487 Way: 0 Address: 0x3098879c8
  Set: 487 Way: 1 Address: 0xbeea79c0
  Set: 488 Way: 0 Address: 0x309887a34
  Set: 488 Way: 1 Address: 0xbeea7a00
  Set: 489 Way: 0 Address: 0x309887a44
  Set: 490 Way: 0 Address: 0x309887a80
  Set: 491 Way: 0 Address: 0x309887aec
  Set: 492 Way: 0 Address: 0x309887b2c
  Set: 493 Way: 0 Address: 0x309887b68
  Set: 494 Way: 0 Address: 0x309887b94
  Set: 495 Way: 0 Address: 0x309887bc8
  Set: 496 Way: 0 Address: 0x309887c00
  Set: 578 Way: 0 Address: 0x2ee369080
  Set: 579 Way: 0 Address: 0x2c87490ec
  Set: 580 Way: 0 Address: 0x2c8749100
  Set: 581 Way: 0 Address: 0x2c8749140
  Set: 582 Way: 0 Address: 0x2c8749180
  Set: 583 Way: 0 Address: 0x2c87491c0
  Set: 584 Way: 0 Address: 0x2c8749200
  Set: 585 Way: 0 Address: 0x2c8749240
  Set: 586 Way: 0 Address: 0x2c8749280
  Set: 592 Way: 0 Address: 0x2fa0c941c
  Set: 593 Way: 0 Address: 0x2fa0c9440
  Set: 594 Way: 0 Address: 0x2fa0c9480
  Set: 595 Way: 0 Address: 0x2fa0c94c0
  Set: 596 Way: 0 Address: 0x2fa0c9500
  Set: 597 Way: 0 Address: 0x2fa0c9540
  Set: 598 Way: 0 Address: 0x2fa0c9580
  Set: 599 Way: 0 Address: 0x2fa0c95c0
  Set: 768 Way: 0 Address: 0x32f48c000
  Set: 769 Way: 0 Address: 0x32f48c040
  Set: 770 Way: 0 Address: 0x32f48c080
  Set: 771 Way: 0 Address: 0x32f48c0c0
  Set: 772 Way: 0 Address: 0x32f48c100
  Set: 773 Way: 0 Address: 0x32f48c140
  Set: 774 Way: 0 Address: 0x32f48c180
  Set: 867 Way: 0 Address: 0x5588d8f8
  Set: 868 Way: 0 Address: 0x5588d900
  Set: 869 Way: 0 Address: 0x5588d978
  Set: 916 Way: 0 Address: 0x1c084e528
  Set: 917 Way: 0 Address: 0x1c084e540
  Set: 918 Way: 0 Address: 0x1c084e580
  Set: 919 Way: 0 Address: 0x1c084e5c0
  Set: 920 Way: 0 Address: 0x1c084e600
  Set: 921 Way: 0 Address: 0x1c084e640
  Set: 922 Way: 0 Address: 0x1c084e680
  Set: 923 Way: 0 Address: 0x1c084e6c0
  Set: 934 Way: 0 Address: 0x3734ee980
  Set: 941 Way: 0 Address: 0x2f5d8eb78
  Set: 960 Way: 0 Address: 0x143ef000
  Set: 960 Way: 1 Address: 0x16390f02e
  Set: 961 Way: 0 Address: 0x143ef040
  Set: 961 Way: 1 Address: 0x16390f040
  Set: 962 Way: 0 Address: 0x143ef080
  Set: 963 Way: 0 Address: 0x143ef0c0
  Set: 964 Way: 0 Address: 0x143ef100
  Set: 965 Way: 0 Address: 0x143ef140
  Set: 965 Way: 1 Address: 0x16390f176
  Set: 966 Way: 0 Address: 0x143ef1ba
  Set: 966 Way: 1 Address: 0x16390f18c
  Set: 967 Way: 0 Address: 0x143ef1c0
  Set: 967 Way: 1 Address: 0x16390f1c0
  Set: 968 Way: 0 Address: 0x143ef200
  Set: 969 Way: 0 Address: 0x143ef240
  Set: 970 Way: 0 Address: 0x143ef280
  Set: 971 Way: 0 Address: 0x143ef2c0
  Set: 971 Way: 1 Address: 0x16390f2ea
  Set: 972 Way: 0 Address: 0x16390f302
  Set: 976 Way: 0 Address: 0x16390f432
  Set: 977 Way: 0 Address: 0x16390f448
  Set: 978 Way: 0 Address: 0x16390f480
  Set: 982 Way: 0 Address: 0x16390f5a8
  Set: 983 Way: 0 Address: 0x16390f5c0
  Set: 986 Way: 0 Address: 0x16390f680
  Set: 987 Way: 0 Address: 0x16390f6f6
  Set: 988 Way: 0 Address: 0x16390f700
  Set: 991 Way: 0 Address: 0x16390f7c0
  Set: 996 Way: 0 Address: 0x22272f900
  Set: 996 Way: 1 Address: 0x16390f900
  Set: 997 Way: 0 Address: 0x16390f940
  Set: 1001 Way: 0 Address: 0x16390fa40
  Set: 1002 Way: 0 Address: 0x16390fa80
  Set: 1005 Way: 0 Address: 0xee86fb70
  Set: 1007 Way: 0 Address: 0x16390fbc0
  Set: 1012 Way: 0 Address: 0x16390fd00
  Set: 1019 Way: 0 Address: 0x23756fecc
  Set: 1020 Way: 0 Address: 0x23756ff00
  Set: 1020 Way: 1 Address: 0x16390ff00
  Set: 1021 Way: 0 Address: 0x23756ff40
  Set: 1022 Way: 0 Address: 0x23756ff80
  Set: 1023 Way: 0 Address: 0x23756ffc0
  Set: 1025 Way: 0 Address: 0x168ef0072
  Set: 1026 Way: 0 Address: 0x168ef0080
  Set: 1027 Way: 0 Address: 0x168ef00c0
  Set: 1030 Way: 0 Address: 0x168ef0180
  Set: 1031 Way: 0 Address: 0x168ef01c0
  Set: 1032 Way: 0 Address: 0x168ef0200
  Set: 1033 Way: 0 Address: 0x168ef0240
  Set: 1036 Way: 0 Address: 0x168ef0336
  Set: 1037 Way: 0 Address: 0x168ef0340
  Set: 1038 Way: 0 Address: 0x168ef0380
  Set: 1039 Way: 0 Address: 0x168ef03c0
  Set: 1041 Way: 0 Address: 0x168ef0440
  Set: 1042 Way: 0 Address: 0x168ef0480
  Set: 1043 Way: 0 Address: 0x168ef04c0
  Set: 1044 Way: 0 Address: 0x168ef0500
  Set: 1047 Way: 0 Address: 0x168ef05f2
  Set: 1048 Way: 0 Address: 0x168ef0600
  Set: 1049 Way: 0 Address: 0x168ef0640
  Set: 1050 Way: 0 Address: 0x168ef0680
  Set: 1052 Way: 0 Address: 0x168ef0700
  Set: 1053 Way: 0 Address: 0x168ef0740
  Set: 1054 Way: 0 Address: 0x168ef0780
  Set: 1055 Way: 0 Address: 0x168ef07c0
  Set: 1058 Way: 0 Address: 0x168ef0880
  Set: 1059 Way: 0 Address: 0x14bb108f8
  Set: 1059 Way: 1 Address: 0x168ef08c0
  Set: 1060 Way: 0 Address: 0x2177f0908
  Set: 1060 Way: 1 Address: 0x168ef0900
  Set: 1061 Way: 0 Address: 0x168ef0940
  Set: 1063 Way: 0 Address: 0x168ef09c0
  Set: 1064 Way: 0 Address: 0x168ef0a00
  Set: 1065 Way: 0 Address: 0x168ef0a40
  Set: 1066 Way: 0 Address: 0x168ef0a80
  Set: 1069 Way: 0 Address: 0x168ef0b40
  Set: 1070 Way: 0 Address: 0x168ef0b80
  Set: 1071 Way: 0 Address: 0x168ef0bc0
  Set: 1072 Way: 0 Address: 0x168ef0c00
  Set: 1074 Way: 0 Address: 0x168ef0c80
  Set: 1075 Way: 0 Address: 0x168ef0cc0
  Set: 1076 Way: 0 Address: 0x168ef0d00
  Set: 1077 Way: 0 Address: 0x168ef0d40
  Set: 1079 Way: 0 Address: 0x168ef0dc0
  Set: 1080 Way: 0 Address: 0x168ef0e00
  Set: 1081 Way: 0 Address: 0x168ef0e40
  Set: 1082 Way: 0 Address: 0x168ef0e80
  Set: 1083 Way: 0 Address: 0x168ef0ec0
  Set: 1085 Way: 0 Address: 0x168ef0f40
  Set: 1086 Way: 0 Address: 0x168ef0f80
  Set: 1087 Way: 0 Address: 0x168ef0fc0
  Set: 1124 Way: 0 Address: 0x19c791938
  Set: 1158 Way: 0 Address: 0x1995f21b0
  Set: 1166 Way: 0 Address: 0x9cff2390
  Set: 1167 Way: 0 Address: 0x9cff23c0
  Set: 1168 Way: 0 Address: 0x9cff242a
  Set: 1169 Way: 0 Address: 0x9cff2446
  Set: 1170 Way: 0 Address: 0x9cff2482
  Set: 1171 Way: 0 Address: 0x9cff24c1
  Set: 1172 Way: 0 Address: 0x9cff2523
  Set: 1173 Way: 0 Address: 0x9cff2543
  Set: 1175 Way: 0 Address: 0x9cff25c8
  Set: 1176 Way: 0 Address: 0x9cff2600
  Set: 1177 Way: 0 Address: 0x9cff2645
  Set: 1181 Way: 0 Address: 0x133c92748
  Set: 1182 Way: 0 Address: 0x133c92780
  Set: 1183 Way: 0 Address: 0x133c927c0
  Set: 1184 Way: 0 Address: 0x133c92800
  Set: 1185 Way: 0 Address: 0x133c92840
  Set: 1186 Way: 0 Address: 0x133c92880
  Set: 1187 Way: 0 Address: 0x133c928c0
  Set: 1188 Way: 0 Address: 0x133c92900
  Set: 1216 Way: 0 Address: 0x3232f300a
  Set: 1217 Way: 0 Address: 0x3c56b3070
  Set: 1217 Way: 1 Address: 0x3232f3040
  Set: 1221 Way: 0 Address: 0x3232f316c
  Set: 1222 Way: 0 Address: 0x3232f3180
  Set: 1226 Way: 0 Address: 0x3232f32b6
  Set: 1227 Way: 0 Address: 0x3232f32d6
  Set: 1228 Way: 0 Address: 0x34a87330c
  Set: 1228 Way: 1 Address: 0x3232f3300
  Set: 1229 Way: 0 Address: 0x34a873340
  Set: 1230 Way: 0 Address: 0x34a873380
  Set: 1231 Way: 0 Address: 0x34a8733c0
  Set: 1232 Way: 0 Address: 0x3232f342a
  Set: 1232 Way: 1 Address: 0x34a873400
  Set: 1233 Way: 0 Address: 0x3232f3440
  Set: 1233 Way: 1 Address: 0x34a873440
  Set: 1234 Way: 0 Address: 0x34a873480
  Set: 1235 Way: 0 Address: 0x34a8734c0
  Set: 1237 Way: 0 Address: 0x3232f3572
  Set: 1238 Way: 0 Address: 0x3232f3590
  Set: 1239 Way: 0 Address: 0x3232f35c0
  Set: 1243 Way: 0 Address: 0x3232f36ee
  Set: 1244 Way: 0 Address: 0x3232f3708
  Set: 1247 Way: 0 Address: 0x3232f37c0
  Set: 1248 Way: 0 Address: 0x3232f3836
  Set: 1249 Way: 0 Address: 0x3232f384c
  Set: 1250 Way: 0 Address: 0x3232f3880
  Set: 1252 Way: 0 Address: 0x3232f3900
  Set: 1254 Way: 0 Address: 0x3232f39aa
  Set: 1255 Way: 0 Address: 0x3232f39c8
  Set: 1257 Way: 0 Address: 0x2b2e93a60
  Set: 1257 Way: 1 Address: 0x3232f3a40
  Set: 1258 Way: 0 Address: 0x2b2e93a80
  Set: 1258 Way: 1 Address: 0x3232f3a80
  Set: 1259 Way: 0 Address: 0x2b2e93ac0
  Set: 1259 Way: 1 Address: 0x3232f3af2
  Set: 1260 Way: 0 Address: 0x3232f3b0a
  Set: 1261 Way: 0 Address: 0x3232f3b40
  Set: 1262 Way: 0 Address: 0x3232f3b80
  Set: 1263 Way: 0 Address: 0x3232f3bc0
  Set: 1265 Way: 0 Address: 0x3232f3c6a
  Set: 1266 Way: 0 Address: 0x257713cac
  Set: 1266 Way: 1 Address: 0x3232f3c80
  Set: 1267 Way: 0 Address: 0x257713cc0
  Set: 1268 Way: 0 Address: 0x3232f3d00
  Set: 1268 Way: 1 Address: 0x257713d00
  Set: 1269 Way: 0 Address: 0x3232f3d40
  Set: 1269 Way: 1 Address: 0x257713d40
  Set: 1270 Way: 0 Address: 0x3232f3db2
  Set: 1270 Way: 1 Address: 0x257713d80
  Set: 1271 Way: 0 Address: 0x3232f3dc0
  Set: 1271 Way: 1 Address: 0x257713dc0
  Set: 1272 Way: 0 Address: 0x3232f3e00
  Set: 1272 Way: 1 Address: 0x257713e00
  Set: 1273 Way: 0 Address: 0x3232f3e40
  Set: 1273 Way: 1 Address: 0x257713e40
  Set: 1274 Way: 0 Address: 0x3232f3e80
  Set: 1275 Way: 0 Address: 0x3232f3ec0
  Set: 1276 Way: 0 Address: 0x3232f3f00
  Set: 1277 Way: 0 Address: 0x3232f3f40
  Set: 1278 Way: 0 Address: 0x3232f3f80
  Set: 1279 Way: 0 Address: 0x3232f3fc0
  Set: 1282 Way: 0 Address: 0x397bb40a0
  Set: 1287 Way: 0 Address: 0x3c10741dc
  Set: 1288 Way: 0 Address: 0x3c1074200
  Set: 1289 Way: 0 Address: 0x3c1074240
  Set: 1290 Way: 0 Address: 0x3c1074280
  Set: 1291 Way: 0 Address: 0x3c10742c0
  Set: 1292 Way: 0 Address: 0x3de4d4300
  Set: 1292 Way: 1 Address: 0x3c1074300
  Set: 1293 Way: 0 Address: 0x3c1074340
  Set: 1294 Way: 0 Address: 0x3c1074380
  Set: 1295 Way: 0 Address: 0x3c10743c0
  Set: 1296 Way: 0 Address: 0x3c1074400
  Set: 1297 Way: 0 Address: 0x3c1074440
  Set: 1298 Way: 0 Address: 0x3c1074480
  Set: 1344 Way: 0 Address: 0x195f15000
  Set: 1377 Way: 0 Address: 0x354d35850
  Set: 1381 Way: 0 Address: 0x1b0f1597c
  Set: 1382 Way: 0 Address: 0x1b0f15980
  Set: 1383 Way: 0 Address: 0x1b0f159c0
  Set: 1384 Way: 0 Address: 0x1b0f15a00
  Set: 1385 Way: 0 Address: 0x1b0f15a40
  Set: 1386 Way: 0 Address: 0x1b0f15a80
  Set: 1387 Way: 0 Address: 0x1b0f15ac0
  Set: 1388 Way: 0 Address: 0x1b0f15b00
  Set: 1389 Way: 0 Address: 0x1b0f15b40
  Set: 1445 Way: 0 Address: 0x84896968
  Set: 1445 Way: 1 Address: 0x211d16970
  Set: 1453 Way: 0 Address: 0x43736b78
  Set: 1454 Way: 0 Address: 0x43736b80
  Set: 1497 Way: 0 Address: 0x276ff7654
  Set: 1498 Way: 0 Address: 0x276ff7680
  Set: 1502 Way: 0 Address: 0x276ff77b2
  Set: 1503 Way: 0 Address: 0x276ff77ca
  Set: 1504 Way: 0 Address: 0x276ff7800
  Set: 1508 Way: 0 Address: 0x276ff792a
  Set: 1509 Way: 0 Address: 0x276ff7940
  Set: 1513 Way: 0 Address: 0x276ff7a76
  Set: 1514 Way: 0 Address: 0x276ff7a8a
  Set: 1515 Way: 0 Address: 0x276ff7ac0
  Set: 1519 Way: 0 Address: 0x276ff7bea
  Set: 1520 Way: 0 Address: 0x276ff7c00
  Set: 1524 Way: 0 Address: 0x276ff7d36
  Set: 1525 Way: 0 Address: 0x276ff7d50
  Set: 1526 Way: 0 Address: 0x276ff7d80
  Set: 1530 Way: 0 Address: 0x276ff7eaa
  Set: 1531 Way: 0 Address: 0x276ff7ec6
  Set: 1534 Way: 0 Address: 0x276ff7f80
  Set: 1535 Way: 0 Address: 0x276ff7ff2
  Set: 1578 Way: 0 Address: 0x3bdd78a8c
  Set: 1579 Way: 0 Address: 0x3bdd78ac0
  Set: 1580 Way: 0 Address: 0xc7078b08
  Set: 1580 Way: 1 Address: 0x3bdd78b00
  Set: 1581 Way: 0 Address: 0x3bdd78b40
  Set: 1582 Way: 0 Address: 0x2c9898b9c
  Set: 1582 Way: 1 Address: 0x3bdd78b80
  Set: 1583 Way: 0 Address: 0x2c9898bc0
  Set: 1583 Way: 1 Address: 0x3bdd78bc0
  Set: 1584 Way: 0 Address: 0x2c9898c00
  Set: 1584 Way: 1 Address: 0x3bdd78c00
  Set: 1585 Way: 0 Address: 0x2c9898c40
  Set: 1585 Way: 1 Address: 0x3bdd78c40
  Set: 1586 Way: 0 Address: 0x2c9898c80
  Set: 1587 Way: 0 Address: 0x2c9898cc0
  Set: 1588 Way: 0 Address: 0x2c9898d00
  Set: 1589 Way: 0 Address: 0x2c9898d40
  Set: 1599 Way: 0 Address: 0x1aafb8fe8
  Set: 1637 Way: 0 Address: 0x312099940
  Set: 1646 Way: 0 Address: 0x292959bb0
  Set: 1667 Way: 0 Address: 0xc67da0f2
  Set: 1668 Way: 0 Address: 0xc67da10a
  Set: 1669 Way: 0 Address: 0xc67da140
  Set: 1672 Way: 0 Address: 0x1d89da208
  Set: 1673 Way: 0 Address: 0xc67da26c
  Set: 1674 Way: 0 Address: 0xc67da280
  Set: 1678 Way: 0 Address: 0xc67da3b2
  Set: 1679 Way: 0 Address: 0xc67da3c0
  Set: 1680 Way: 0 Address: 0xc67da400
  Set: 1684 Way: 0 Address: 0xc67da52c
  Set: 1685 Way: 0 Address: 0xc67da540
  Set: 1689 Way: 0 Address: 0xc67da672
  Set: 1690 Way: 0 Address: 0xc67da690
  Set: 1691 Way: 0 Address: 0xc67da6c0
  Set: 1695 Way: 0 Address: 0x223eda7f8
  Set: 1695 Way: 1 Address: 0xc67da7ea
  Set: 1696 Way: 0 Address: 0xc67da800
  Set: 1699 Way: 0 Address: 0xc67da8c0
  Set: 1700 Way: 0 Address: 0xc67da932
  Set: 1701 Way: 0 Address: 0xc67da950
  Set: 1702 Way: 0 Address: 0xc67da980
  Set: 1704 Way: 0 Address: 0xc67daa00
  Set: 1706 Way: 0 Address: 0xc67daaaa
  Set: 1707 Way: 0 Address: 0xc67daac0
  Set: 1709 Way: 0 Address: 0xc67dab40
  Set: 1710 Way: 0 Address: 0xc67dab80
  Set: 1711 Way: 0 Address: 0xc67dabc0
  Set: 1712 Way: 0 Address: 0xc67dac0c
  Set: 1713 Way: 0 Address: 0xc67dac40
  Set: 1714 Way: 0 Address: 0xc67dac80
  Set: 1715 Way: 0 Address: 0xc67dacc0
  Set: 1717 Way: 0 Address: 0xc67dad6a
  Set: 1718 Way: 0 Address: 0xc67dad80
  Set: 1720 Way: 0 Address: 0xc67dae00
  Set: 1721 Way: 0 Address: 0xc67dae40
  Set: 1722 Way: 0 Address: 0xc67dae80
  Set: 1723 Way: 0 Address: 0xc67daece
  Set: 1724 Way: 0 Address: 0xc67daf00
  Set: 1725 Way: 0 Address: 0xc67daf40
  Set: 1726 Way: 0 Address: 0xc67daf80
  Set: 1731 Way: 0 Address: 0x394edb0cc
  Set: 1732 Way: 0 Address: 0x394edb100
  Set: 1733 Way: 0 Address: 0x394edb140
  Set: 1734 Way: 0 Address: 0x394edb180
  Set: 1735 Way: 0 Address: 0x394edb1c0
  Set: 1736 Way: 0 Address: 0x394edb200
  Set: 1737 Way: 0 Address: 0x394edb240
  Set: 1738 Way: 0 Address: 0x394edb280
  Set: 1739 Way: 0 Address: 0x394edb2c0
  Set: 1740 Way: 0 Address: 0x394edb300
  Set: 1741 Way: 0 Address: 0x394edb340
  Set: 1742 Way: 0 Address: 0x394edb380
  Set: 1761 Way: 0 Address: 0x3b377b858
  Set: 1764 Way: 0 Address: 0xc0d9b918
  Set: 1765 Way: 0 Address: 0xcf83b950
  Set: 1792 Way: 0 Address: 0xdf85c000
  Set: 1827 Way: 0 Address: 0x12c6fc8c8
  Set: 1827 Way: 1 Address: 0x38e35c8f0
  Set: 1829 Way: 0 Address: 0x38e35c960
  Set: 1862 Way: 0 Address: 0x23755d1a8
  Set: 1893 Way: 0 Address: 0x1add960
  Set: 1920 Way: 0 Address: 0x28b67e000
  Set: 1920 Way: 1 Address: 0x1f919e010
  Set: 1921 Way: 0 Address: 0x1f919e070
  Set: 1922 Way: 0 Address: 0x1f919e0a0
  Set: 1951 Way: 0 Address: 0x28b67e7f8
  Set: 1956 Way: 0 Address: 0x2db79e910
  Set: 1956 Way: 1 Address: 0x20597e938
  Set: 1957 Way: 0 Address: 0x20597e958
EndCache
