Cache: cpu0_STLB
  Set: 38 Way: 0 Address: 0x20a6f20
  Set: 39 Way: 0 Address: 0x20a77e4
  Set: 40 Way: 0 Address: 0x20a88f4
  Set: 41 Way: 0 Address: 0x20a9a04
  Set: 42 Way: 0 Address: 0x20aab14
  Set: 43 Way: 0 Address: 0x20abc24
  Set: 44 Way: 0 Address: 0x20acd34
  Set: 45 Way: 0 Address: 0x20ade44
  Set: 46 Way: 0 Address: 0x20aef54
  Set: 47 Way: 0 Address: 0x20af000
  Set: 48 Way: 0 Address: 0x730650
  Set: 48 Way: 1 Address: 0x20b0064
  Set: 49 Way: 0 Address: 0x20b1174
  Set: 50 Way: 0 Address: 0x20b2284
  Set: 51 Way: 0 Address: 0x20b3394
  Set: 52 Way: 0 Address: 0x20b44a4
  Set: 53 Way: 0 Address: 0x7fff6ec35f58
  Set: 53 Way: 1 Address: 0x20b55b4
  Set: 54 Way: 0 Address: 0x7fff6ec36040
  Set: 54 Way: 1 Address: 0x20b66c4
  Set: 55 Way: 0 Address: 0x20b77d4
  Set: 65 Way: 0 Address: 0x44144c
  Set: 96 Way: 0 Address: 0x4608ae
  Set: 96 Way: 1 Address: 0x296051c
  Set: 97 Way: 0 Address: 0x7618c8
  Set: 97 Way: 1 Address: 0x296101a
  Set: 98 Way: 0 Address: 0x296261a
  Set: 99 Way: 0 Address: 0x296311a
  Set: 109 Way: 0 Address: 0x1d6db88
  Set: 110 Way: 0 Address: 0x1d6ec98
  Set: 112 Way: 0 Address: 0x1d7084c
EndCache
Cache: cpu0_L2C
  Set: 0 Way: 0 Address: 0x28a94001a
  Set: 0 Way: 1 Address: 0x2177f0000
  Set: 1 Way: 0 Address: 0x28a940040
  Set: 5 Way: 0 Address: 0x28a94017c
  Set: 6 Way: 0 Address: 0x28a940182
  Set: 7 Way: 0 Address: 0x28a9401c0
  Set: 11 Way: 0 Address: 0x28a9402de
  Set: 12 Way: 0 Address: 0x28a940300
  Set: 16 Way: 0 Address: 0x28a94043c
  Set: 17 Way: 0 Address: 0x28a940442
  Set: 18 Way: 0 Address: 0x28a940480
  Set: 22 Way: 0 Address: 0x342b405a8
  Set: 22 Way: 1 Address: 0x28a94059c
  Set: 23 Way: 0 Address: 0x28a9405c0
  Set: 27 Way: 0 Address: 0x28a9406fa
  Set: 28 Way: 0 Address: 0x28a940700
  Set: 29 Way: 0 Address: 0x28a940740
  Set: 31 Way: 0 Address: 0x28a9407c0
  Set: 33 Way: 0 Address: 0x28a94085c
  Set: 34 Way: 0 Address: 0x28a940880
  Set: 36 Way: 0 Address: 0x28a940900
  Set: 38 Way: 0 Address: 0x28a9409ba
  Set: 39 Way: 0 Address: 0x28a9409c0
  Set: 40 Way: 0 Address: 0x28a940a00
  Set: 41 Way: 0 Address: 0x28a940a40
  Set: 42 Way: 0 Address: 0x28a940a80
  Set: 44 Way: 0 Address: 0x28a940b18
  Set: 45 Way: 0 Address: 0x28a940b48
  Set: 46 Way: 0 Address: 0x28a940b80
  Set: 47 Way: 0 Address: 0x28a940bc0
  Set: 49 Way: 0 Address: 0x28a940c78
  Set: 50 Way: 0 Address: 0x28a940c80
  Set: 51 Way: 0 Address: 0x28a940cc0
  Set: 52 Way: 0 Address: 0x14bb10d34
  Set: 52 Way: 1 Address: 0x28a940d00
  Set: 53 Way: 0 Address: 0x14bb10d40
  Set: 53 Way: 1 Address: 0x28a940d40
  Set: 54 Way: 0 Address: 0x14bb10d80
  Set: 54 Way: 1 Address: 0x28a940d80
  Set: 55 Way: 0 Address: 0x14bb10dc0
  Set: 55 Way: 1 Address: 0x28a940dc0
  Set: 56 Way: 0 Address: 0x28a940e00
  Set: 56 Way: 1 Address: 0x14bb10e00
  Set: 57 Way: 0 Address: 0x6e620e44
  Set: 57 Way: 1 Address: 0x28a940e40
  Set: 57 Way: 2 Address: 0x14bb10e40
  Set: 58 Way: 0 Address: 0x28a940e80
  Set: 58 Way: 1 Address: 0x6e620e80
  Set: 58 Way: 2 Address: 0x14bb10e80
  Set: 59 Way: 0 Address: 0x6e620ec0
  Set: 59 Way: 1 Address: 0x14bb10ec0
  Set: 60 Way: 0 Address: 0x6e620f00
  Set: 60 Way: 1 Address: 0x28a940f3c
  Set: 60 Way: 2 Address: 0x14bb10f00
  Set: 61 Way: 0 Address: 0x2177f0f54
  Set: 61 Way: 1 Address: 0x28a940f40
  Set: 61 Way: 2 Address: 0x6e620f40
  Set: 62 Way: 0 Address: 0x2177f0f80
  Set: 62 Way: 1 Address: 0x28a940f80
  Set: 62 Way: 2 Address: 0x6e620f80
  Set: 63 Way: 0 Address: 0x28a940fc0
  Set: 63 Way: 1 Address: 0x2177f0fc0
  Set: 63 Way: 2 Address: 0x6e620fc0
  Set: 64 Way: 0 Address: 0x19c791000
  Set: 65 Way: 0 Address: 0x19c791040
  Set: 66 Way: 0 Address: 0xf6e81098
  Set: 66 Way: 1 Address: 0x19c791080
  Set: 67 Way: 0 Address: 0xf6e810c8
  Set: 67 Way: 1 Address: 0x19c7910c0
  Set: 68 Way: 0 Address: 0x19c791100
  Set: 71 Way: 0 Address: 0xf6e811fc
  Set: 72 Way: 0 Address: 0xf6e81204
  Set: 73 Way: 0 Address: 0xf6e81240
  Set: 76 Way: 0 Address: 0xf6e81300
  Set: 77 Way: 0 Address: 0xf6e81340
  Set: 78 Way: 0 Address: 0x2a4841390
  Set: 78 Way: 1 Address: 0xf6e81386
  Set: 79 Way: 0 Address: 0x2a48413c0
  Set: 79 Way: 1 Address: 0xf6e813c0
  Set: 80 Way: 0 Address: 0x2a484142a
  Set: 81 Way: 0 Address: 0x2a484144c
  Set: 82 Way: 0 Address: 0x2a4841482
  Set: 82 Way: 1 Address: 0xf6e814ba
  Set: 83 Way: 0 Address: 0x2a48414c1
  Set: 83 Way: 1 Address: 0xf6e814e6
  Set: 84 Way: 0 Address: 0x2a4841501
  Set: 84 Way: 1 Address: 0xf6e81500
  Set: 85 Way: 0 Address: 0x2a4841543
  Set: 87 Way: 0 Address: 0x2a48415c8
  Set: 88 Way: 0 Address: 0x2a4841600
  Set: 88 Way: 1 Address: 0xf6e8161a
  Set: 89 Way: 0 Address: 0x2a4841645
  Set: 89 Way: 1 Address: 0xf6e8164c
  Set: 93 Way: 0 Address: 0xf6e8177a
  Set: 94 Way: 0 Address: 0xf6e81780
  Set: 95 Way: 0 Address: 0xf6e817c0
  Set: 99 Way: 0 Address: 0xf6e818dc
  Set: 100 Way: 0 Address: 0xf6e8190c
  Set: 104 Way: 0 Address: 0xf6e81a3c
  Set: 105 Way: 0 Address: 0xf6e81a42
  Set: 106 Way: 0 Address: 0xf6e81a80
  Set: 109 Way: 0 Address: 0x181c81b70
  Set: 110 Way: 0 Address: 0xf6e81b9a
  Set: 111 Way: 0 Address: 0xf6e81bc6
  Set: 115 Way: 0 Address: 0xf6e81cfa
  Set: 116 Way: 0 Address: 0xf6e81d00
  Set: 117 Way: 0 Address: 0xf6e81d42
  Set: 119 Way: 0 Address: 0xf6e81dc0
  Set: 121 Way: 0 Address: 0xf6e81e64
  Set: 122 Way: 0 Address: 0xf6e81e8a
  Set: 124 Way: 0 Address: 0xf6e81f00
  Set: 126 Way: 0 Address: 0xf6e81fba
  Set: 127 Way: 0 Address: 0xf6e81fc0
  Set: 129 Way: 0 Address: 0x1c84e2070
  Set: 130 Way: 0 Address: 0x1c84e2080
  Set: 130 Way: 1 Address: 0x1995f2080
  Set: 134 Way: 0 Address: 0x6d0c21b0
  Set: 150 Way: 0 Address: 0x1064c25a0
  Set: 162 Way: 0 Address: 0x9cff28ae
  Set: 168 Way: 0 Address: 0x133c92a04
  Set: 169 Way: 0 Address: 0x133c92a40
  Set: 170 Way: 0 Address: 0x133c92a80
  Set: 171 Way: 0 Address: 0x133c92ac0
  Set: 172 Way: 0 Address: 0x133c92b00
  Set: 173 Way: 0 Address: 0x133c92b40
  Set: 174 Way: 0 Address: 0x133c92b80
  Set: 175 Way: 0 Address: 0x133c92bc0
  Set: 193 Way: 0 Address: 0x3232f3064
  Set: 194 Way: 0 Address: 0x3232f3080
  Set: 195 Way: 0 Address: 0x3232f30c0
  Set: 196 Way: 0 Address: 0x3232f3100
  Set: 197 Way: 0 Address: 0x3232f3140
  Set: 198 Way: 0 Address: 0x3232f3180
  Set: 199 Way: 0 Address: 0x3232f31c0
  Set: 200 Way: 0 Address: 0x3232f3200
  Set: 210 Way: 0 Address: 0x2577134a4
  Set: 211 Way: 0 Address: 0x2577134c0
  Set: 212 Way: 0 Address: 0x257713500
  Set: 213 Way: 0 Address: 0x2b2e93558
  Set: 213 Way: 1 Address: 0x257713540
  Set: 214 Way: 0 Address: 0x3b08035b0
  Set: 214 Way: 1 Address: 0x257713580
  Set: 215 Way: 0 Address: 0x2577135c0
  Set: 216 Way: 0 Address: 0x257713600
  Set: 217 Way: 0 Address: 0x257713640
  Set: 236 Way: 0 Address: 0x34a873b00
  Set: 256 Way: 0 Address: 0x397bb4018
  Set: 264 Way: 0 Address: 0x3de4d4208
  Set: 277 Way: 0 Address: 0x3c1074548
  Set: 294 Way: 0 Address: 0x129934980
  Set: 300 Way: 0 Address: 0x129934b08
  Set: 300 Way: 1 Address: 0x1ab44b18
  Set: 301 Way: 0 Address: 0xb8004b70
  Set: 302 Way: 0 Address: 0xb8004b80
  Set: 320 Way: 0 Address: 0x195f15000
  Set: 334 Way: 0 Address: 0x1b0f15394
  Set: 334 Way: 1 Address: 0x2725853bc
  Set: 335 Way: 0 Address: 0x1b0f153c0
  Set: 335 Way: 1 Address: 0x2725853c0
  Set: 336 Way: 0 Address: 0x1b0f15400
  Set: 337 Way: 0 Address: 0x1b0f15440
  Set: 338 Way: 0 Address: 0x1b0f15480
  Set: 339 Way: 0 Address: 0x1b0f154c0
  Set: 340 Way: 0 Address: 0x27258551c
  Set: 340 Way: 1 Address: 0x1b0f15500
  Set: 341 Way: 0 Address: 0x272585540
  Set: 341 Way: 1 Address: 0x1b0f15540
  Set: 345 Way: 0 Address: 0x27258567e
  Set: 346 Way: 0 Address: 0x272585680
  Set: 347 Way: 0 Address: 0x2725856c0
  Set: 351 Way: 0 Address: 0x354d357e4
  Set: 351 Way: 1 Address: 0x2725857e0
  Set: 352 Way: 0 Address: 0x354d35800
  Set: 352 Way: 1 Address: 0x272585800
  Set: 353 Way: 0 Address: 0x354d35840
  Set: 354 Way: 0 Address: 0x354d35880
  Set: 355 Way: 0 Address: 0x354d358c0
  Set: 356 Way: 0 Address: 0x27258593a
  Set: 356 Way: 1 Address: 0x354d35900
  Set: 357 Way: 0 Address: 0x272585940
  Set: 357 Way: 1 Address: 0x354d35940
  Set: 358 Way: 0 Address: 0x272585980
  Set: 358 Way: 1 Address: 0x354d35980
  Set: 362 Way: 0 Address: 0x272585a9a
  Set: 363 Way: 0 Address: 0x272585ac0
  Set: 367 Way: 0 Address: 0x272585bfc
  Set: 368 Way: 0 Address: 0x272585c00
  Set: 369 Way: 0 Address: 0x272585c40
  Set: 371 Way: 0 Address: 0x272585cc0
  Set: 373 Way: 0 Address: 0x272585d5a
  Set: 374 Way: 0 Address: 0x272585d80
  Set: 376 Way: 0 Address: 0x272585e00
  Set: 378 Way: 0 Address: 0x272585ebe
  Set: 379 Way: 0 Address: 0x272585ec4
  Set: 380 Way: 0 Address: 0x272585f00
  Set: 381 Way: 0 Address: 0x272585f40
  Set: 382 Way: 0 Address: 0x272585f80
  Set: 404 Way: 0 Address: 0x3dae66538
  Set: 405 Way: 0 Address: 0x3dae66558
  Set: 405 Way: 1 Address: 0x84896570
  Set: 406 Way: 0 Address: 0x84896580
  Set: 406 Way: 1 Address: 0x27d4c65b4
  Set: 407 Way: 0 Address: 0x27d4c65c0
  Set: 408 Way: 0 Address: 0x27d4c6600
  Set: 409 Way: 0 Address: 0x27d4c6640
  Set: 410 Way: 0 Address: 0x27d4c6680
  Set: 411 Way: 0 Address: 0x27d4c66c0
  Set: 412 Way: 0 Address: 0x27d4c6700
  Set: 413 Way: 0 Address: 0x27d4c6740
  Set: 415 Way: 0 Address: 0x3d87a67d4
  Set: 416 Way: 0 Address: 0x3d87a6800
  Set: 417 Way: 0 Address: 0x3d87a6840
  Set: 418 Way: 0 Address: 0x3d87a6880
  Set: 419 Way: 0 Address: 0x211d168f4
  Set: 419 Way: 1 Address: 0x3d87a68c0
  Set: 420 Way: 0 Address: 0x211d16900
  Set: 420 Way: 1 Address: 0x3d87a6900
  Set: 421 Way: 0 Address: 0x211d16940
  Set: 421 Way: 1 Address: 0x3d87a6940
  Set: 422 Way: 0 Address: 0x211d16980
  Set: 422 Way: 1 Address: 0x3d87a6980
  Set: 423 Way: 0 Address: 0x211d169c0
  Set: 424 Way: 0 Address: 0x211d16a00
  Set: 425 Way: 0 Address: 0x211d16a40
  Set: 426 Way: 0 Address: 0x211d16a80
  Set: 427 Way: 0 Address: 0x211d16ac0
  Set: 428 Way: 0 Address: 0x43736b10
  Set: 469 Way: 0 Address: 0x276ff7560
  Set: 470 Way: 0 Address: 0xbeea7590
  Set: 480 Way: 0 Address: 0x30988783c
  Set: 481 Way: 0 Address: 0x30988784c
  Set: 482 Way: 0 Address: 0x309887898
  Set: 483 Way: 0 Address: 0x3098878f4
  Set: 484 Way: 0 Address: 0x30988793c
  Set: 485 Way: 0 Address: 0x309887960
  Set: 486 Way: 0 Address: 0x3098879a0
  Set: 487 Way: 0 Address: 0x3098879e0
  Set: 488 Way: 0 Address: 0x309887a00
  Set: 489 Way: 0 Address: 0x309887a40
  Set: 490 Way: 0 Address: 0x309887a9c
  Set: 491 Way: 0 Address: 0x309887adc
  Set: 492 Way: 0 Address: 0x309887b24
  Set: 493 Way: 0 Address: 0x309887b5c
  Set: 494 Way: 0 Address: 0x309887bbc
  Set: 495 Way: 0 Address: 0x309887bc8
  Set: 517 Way: 0 Address: 0x2c9898174
  Set: 518 Way: 0 Address: 0x2c9898180
  Set: 519 Way: 0 Address: 0x2c98981c0
  Set: 520 Way: 0 Address: 0x2c9898200
  Set: 521 Way: 0 Address: 0x2c9898240
  Set: 522 Way: 0 Address: 0x2c9898280
  Set: 523 Way: 0 Address: 0x2c98982c0
  Set: 524 Way: 0 Address: 0x2c9898300
  Set: 525 Way: 0 Address: 0x2c9898340
  Set: 534 Way: 0 Address: 0x3bdd78598
  Set: 575 Way: 0 Address: 0x201598fe8
  Set: 576 Way: 0 Address: 0x2ee369000
  Set: 577 Way: 0 Address: 0x2ee369040
  Set: 578 Way: 0 Address: 0x2ee369084
  Set: 579 Way: 0 Address: 0x2ee3690c0
  Set: 580 Way: 0 Address: 0x2ee369100
  Set: 581 Way: 0 Address: 0x2ee369140
  Set: 582 Way: 0 Address: 0x2ee369180
  Set: 583 Way: 0 Address: 0x2ee3691c0
  Set: 584 Way: 0 Address: 0x2ee369200
  Set: 585 Way: 0 Address: 0x2ee369240
  Set: 586 Way: 0 Address: 0x2ee369280
  Set: 587 Way: 0 Address: 0x2ee3692c0
  Set: 588 Way: 0 Address: 0x2ee369300
  Set: 603 Way: 0 Address: 0x3120996c4
  Set: 604 Way: 0 Address: 0x312099700
  Set: 605 Way: 0 Address: 0x312099740
  Set: 606 Way: 0 Address: 0x312099780
  Set: 607 Way: 0 Address: 0x3120997c0
  Set: 608 Way: 0 Address: 0x312099800
  Set: 609 Way: 0 Address: 0x312099840
  Set: 610 Way: 0 Address: 0x312099880
  Set: 611 Way: 0 Address: 0x2929598c8
  Set: 620 Way: 0 Address: 0x2fa0c9b08
  Set: 626 Way: 0 Address: 0x2c8749c98
  Set: 627 Way: 0 Address: 0x2c8749cc0
  Set: 628 Way: 0 Address: 0x2c8749d00
  Set: 629 Way: 0 Address: 0x2c8749d40
  Set: 630 Way: 0 Address: 0x2c8749d80
  Set: 631 Way: 0 Address: 0x2c8749dc0
  Set: 632 Way: 0 Address: 0x2c8749e00
  Set: 633 Way: 0 Address: 0x2c8749e40
  Set: 634 Way: 0 Address: 0x2c8749e80
  Set: 635 Way: 0 Address: 0x2c8749ec0
  Set: 636 Way: 0 Address: 0x2c8749f00
  Set: 637 Way: 0 Address: 0x2c8749f40
  Set: 652 Way: 0 Address: 0x1d89da300
  Set: 661 Way: 0 Address: 0xc67da578
  Set: 671 Way: 0 Address: 0x223eda7f8
  Set: 714 Way: 0 Address: 0xc0d9b284
  Set: 715 Way: 0 Address: 0xc0d9b2c0
  Set: 716 Way: 0 Address: 0xc0d9b300
  Set: 717 Way: 0 Address: 0xc0d9b340
  Set: 718 Way: 0 Address: 0xc0d9b380
  Set: 719 Way: 0 Address: 0xc0d9b3c0
  Set: 720 Way: 0 Address: 0xc0d9b400
  Set: 721 Way: 0 Address: 0xc0d9b440
  Set: 725 Way: 0 Address: 0x394edb550
  Set: 726 Way: 0 Address: 0x3b377b588
  Set: 749 Way: 0 Address: 0xcf83bb68
  Set: 768 Way: 0 Address: 0xdf85c000
  Set: 770 Way: 0 Address: 0x29484c0a0
  Set: 789 Way: 0 Address: 0x38e35c540
  Set: 806 Way: 0 Address: 0x12c6fc980
  Set: 853 Way: 0 Address: 0x1add568
  Set: 876 Way: 0 Address: 0x5588db14
  Set: 877 Way: 0 Address: 0x5588db40
  Set: 878 Way: 0 Address: 0x5588db80
  Set: 879 Way: 0 Address: 0x5588dbc0
  Set: 880 Way: 0 Address: 0x5588dc00
  Set: 881 Way: 0 Address: 0x5588dc40
  Set: 882 Way: 0 Address: 0x5588dc80
  Set: 883 Way: 0 Address: 0x5588dcc0
  Set: 893 Way: 0 Address: 0x23755df58
  Set: 894 Way: 0 Address: 0x23755dfa4
  Set: 895 Way: 0 Address: 0x23755dffc
  Set: 896 Way: 0 Address: 0x28b67e000
  Set: 896 Way: 1 Address: 0x1f919e010
  Set: 897 Way: 0 Address: 0x1f919e070
  Set: 898 Way: 0 Address: 0x1f919e0a0
  Set: 918 Way: 0 Address: 0x2db79e580
  Set: 921 Way: 0 Address: 0x2f5d8e650
  Set: 927 Way: 0 Address: 0x28b67e7f8
  Set: 942 Way: 0 Address: 0x3734eebb0
  Set: 942 Way: 1 Address: 0x20597eb88
  Set: 943 Way: 0 Address: 0x20597ebc0
  Set: 944 Way: 0 Address: 0x1c084ec24
  Set: 944 Way: 1 Address: 0x20597ec00
  Set: 945 Way: 0 Address: 0x1c084ec40
  Set: 945 Way: 1 Address: 0x20597ec40
  Set: 946 Way: 0 Address: 0x1c084ec80
  Set: 946 Way: 1 Address: 0x20597ec80
  Set: 947 Way: 0 Address: 0x20597ecc0
  Set: 947 Way: 1 Address: 0x1c084ecc0
  Set: 948 Way: 0 Address: 0x20597ed00
  Set: 948 Way: 1 Address: 0x1c084ed00
  Set: 949 Way: 0 Address: 0x20597ed40
  Set: 949 Way: 1 Address: 0x1c084ed40
  Set: 950 Way: 0 Address: 0x20597ed80
  Set: 950 Way: 1 Address: 0x1c084ed80
  Set: 951 Way: 0 Address: 0x20597edc0
  Set: 951 Way: 1 Address: 0x1c084edc0
  Set: 952 Way: 0 Address: 0x20597ee00
  Set: 953 Way: 0 Address: 0x20597ee40
  Set: 960 Way: 0 Address: 0x22272f002
  Set: 964 Way: 0 Address: 0x22272f11a
  Set: 965 Way: 0 Address: 0x22272f146
  Set: 966 Way: 0 Address: 0x16390f1a8
  Set: 969 Way: 0 Address: 0x22272f27a
  Set: 970 Way: 0 Address: 0x22272f280
  Set: 971 Way: 0 Address: 0x22272f2c0
  Set: 975 Way: 0 Address: 0x22272f3da
  Set: 976 Way: 0 Address: 0x22272f40a
  Set: 980 Way: 0 Address: 0xee86f530
  Set: 980 Way: 1 Address: 0x22272f53a
  Set: 981 Way: 0 Address: 0xee86f540
  Set: 981 Way: 1 Address: 0x22272f540
  Set: 981 Way: 2 Address: 0x23756f578
  Set: 982 Way: 0 Address: 0x23756f5b8
  Set: 982 Way: 1 Address: 0x22272f582
  Set: 986 Way: 0 Address: 0x22272f69a
  Set: 987 Way: 0 Address: 0x22272f6ca
  Set: 991 Way: 0 Address: 0x22272f7fa
  Set: 992 Way: 0 Address: 0x22272f800
  Set: 993 Way: 0 Address: 0x22272f842
  Set: 995 Way: 0 Address: 0x22272f8c0
  Set: 997 Way: 0 Address: 0x22272f95a
  Set: 998 Way: 0 Address: 0x22272f988
  Set: 1000 Way: 0 Address: 0x22272fa00
  Set: 1002 Way: 0 Address: 0x22272faba
  Set: 1003 Way: 0 Address: 0x22272fac0
  Set: 1004 Way: 0 Address: 0x22272fb00
  Set: 1005 Way: 0 Address: 0x22272fb40
  Set: 1006 Way: 0 Address: 0x22272fb80
  Set: 1007 Way: 0 Address: 0x22272fbc0
  Set: 1008 Way: 0 Address: 0x22272fc00
  Set: 1009 Way: 0 Address: 0x22272fc40
  Set: 1010 Way: 0 Address: 0x22272fc80
  Set: 1011 Way: 0 Address: 0x22272fcc0
  Set: 1016 Way: 0 Address: 0x22272fe00
  Set: 1020 Way: 0 Address: 0x143eff20
  Set: 1021 Way: 0 Address: 0x143eff40
  Set: 1021 Way: 1 Address: 0x22272ff40
  Set: 1022 Way: 0 Address: 0x143eff80
EndCache
Cache: cpu0_L1I
  Set: 14 Way: 0 Address: 0x2a4841390
  Set: 15 Way: 0 Address: 0x2a48413f5
  Set: 16 Way: 0 Address: 0x2a484142a
  Set: 17 Way: 0 Address: 0x2a4841472
  Set: 18 Way: 0 Address: 0x2a4841499
  Set: 19 Way: 0 Address: 0x2a48414ea
  Set: 20 Way: 0 Address: 0x2a4841521
  Set: 21 Way: 0 Address: 0x2a4841560
  Set: 23 Way: 0 Address: 0x2a48415c8
  Set: 24 Way: 0 Address: 0x2a4841600
  Set: 25 Way: 0 Address: 0x2a4841645
  Set: 34 Way: 0 Address: 0x9cff28ae
EndCache
Cache: cpu0_L1D
  Set: 0 Way: 0 Address: 0xdf85c000
  Set: 0 Way: 1 Address: 0x28b67e000
  Set: 0 Way: 2 Address: 0x195f15000
  Set: 0 Way: 3 Address: 0x1f919e010
  Set: 0 Way: 4 Address: 0x397bb4018
  Set: 0 Way: 5 Address: 0x2ee36901a
  Set: 0 Way: 6 Address: 0x22272f002
  Set: 0 Way: 7 Address: 0x28a94002c
  Set: 0 Way: 8 Address: 0x19c791000
  Set: 0 Way: 9 Address: 0x2177f0000
  Set: 1 Way: 0 Address: 0x1f919e070
  Set: 1 Way: 1 Address: 0x1c84e2070
  Set: 1 Way: 2 Address: 0x2ee369052
  Set: 1 Way: 3 Address: 0x3232f3064
  Set: 1 Way: 4 Address: 0x28a940040
  Set: 1 Way: 5 Address: 0x19c791040
  Set: 2 Way: 0 Address: 0x1f919e0a0
  Set: 2 Way: 1 Address: 0x29484c0a0
  Set: 2 Way: 2 Address: 0x1c84e2080
  Set: 2 Way: 3 Address: 0x1995f2080
  Set: 2 Way: 4 Address: 0x2ee36909c
  Set: 2 Way: 5 Address: 0x3232f3080
  Set: 2 Way: 6 Address: 0xf6e8109c
  Set: 2 Way: 7 Address: 0x19c791080
  Set: 3 Way: 0 Address: 0x2ee3690e0
  Set: 3 Way: 1 Address: 0x3232f30c0
  Set: 3 Way: 2 Address: 0xf6e810e0
  Set: 3 Way: 3 Address: 0x19c7910c0
  Set: 4 Way: 0 Address: 0x2ee369118
  Set: 4 Way: 1 Address: 0x22272f134
  Set: 4 Way: 2 Address: 0x3232f3100
  Set: 4 Way: 3 Address: 0x19c791100
  Set: 5 Way: 0 Address: 0x2ee36915a
  Set: 5 Way: 1 Address: 0x2c9898174
  Set: 5 Way: 2 Address: 0x22272f160
  Set: 5 Way: 3 Address: 0x28a94017e
  Set: 5 Way: 4 Address: 0x3232f3140
  Set: 6 Way: 0 Address: 0x16390f1a8
  Set: 6 Way: 1 Address: 0x6d0c21b0
  Set: 6 Way: 2 Address: 0x2ee369180
  Set: 6 Way: 3 Address: 0x2c9898180
  Set: 6 Way: 4 Address: 0x28a940194
  Set: 6 Way: 5 Address: 0x3232f3180
  Set: 7 Way: 0 Address: 0x2ee3691c0
  Set: 7 Way: 1 Address: 0x2c98981c0
  Set: 7 Way: 2 Address: 0x28a9401c0
  Set: 7 Way: 3 Address: 0xf6e811fe
  Set: 7 Way: 4 Address: 0x3232f31c0
  Set: 8 Way: 0 Address: 0x3de4d4208
  Set: 8 Way: 1 Address: 0x2ee369200
  Set: 8 Way: 2 Address: 0x2c9898200
  Set: 8 Way: 3 Address: 0xf6e81200
  Set: 8 Way: 4 Address: 0x3232f3200
  Set: 9 Way: 0 Address: 0x2ee369240
  Set: 9 Way: 1 Address: 0x22272f27e
  Set: 9 Way: 2 Address: 0x2c9898240
  Set: 9 Way: 3 Address: 0xf6e81246
  Set: 10 Way: 0 Address: 0x22272f296
  Set: 10 Way: 1 Address: 0x2ee369280
  Set: 10 Way: 2 Address: 0xc0d9b284
  Set: 10 Way: 3 Address: 0x2c9898280
  Set: 11 Way: 0 Address: 0x2ee3692c0
  Set: 11 Way: 1 Address: 0x22272f2c0
  Set: 11 Way: 2 Address: 0x28a9402f4
  Set: 11 Way: 3 Address: 0xc0d9b2c0
  Set: 11 Way: 4 Address: 0x2c98982c0
  Set: 12 Way: 0 Address: 0x1d89da300
  Set: 12 Way: 1 Address: 0x2ee369300
  Set: 12 Way: 2 Address: 0x28a940300
  Set: 12 Way: 3 Address: 0xc0d9b300
  Set: 12 Way: 4 Address: 0xf6e81300
  Set: 12 Way: 5 Address: 0x2c9898300
  Set: 13 Way: 0 Address: 0xc0d9b340
  Set: 13 Way: 1 Address: 0xf6e81340
  Set: 13 Way: 2 Address: 0x2c9898340
  Set: 14 Way: 0 Address: 0x1b0f15394
  Set: 14 Way: 1 Address: 0xf6e813a0
  Set: 14 Way: 2 Address: 0xc0d9b380
  Set: 14 Way: 3 Address: 0x2725853ba
  Set: 15 Way: 0 Address: 0x22272f3f6
  Set: 15 Way: 1 Address: 0x1b0f153c0
  Set: 15 Way: 2 Address: 0xf6e813c0
  Set: 15 Way: 3 Address: 0xc0d9b3c0
  Set: 15 Way: 4 Address: 0x2725853cc
  Set: 16 Way: 0 Address: 0x22272f418
  Set: 16 Way: 1 Address: 0x28a94043a
  Set: 16 Way: 2 Address: 0x1b0f15400
  Set: 16 Way: 3 Address: 0xc0d9b400
  Set: 17 Way: 0 Address: 0x28a940454
  Set: 17 Way: 1 Address: 0x1b0f15440
  Set: 17 Way: 2 Address: 0xc0d9b440
  Set: 18 Way: 0 Address: 0x2577134a4
  Set: 18 Way: 1 Address: 0xf6e814be
  Set: 18 Way: 2 Address: 0x28a940480
  Set: 18 Way: 3 Address: 0x1b0f15480
  Set: 19 Way: 0 Address: 0xf6e814fa
  Set: 19 Way: 1 Address: 0x2577134c0
  Set: 19 Way: 2 Address: 0x1b0f154c0
  Set: 20 Way: 0 Address: 0xee86f530
  Set: 20 Way: 1 Address: 0x3dae66538
  Set: 20 Way: 2 Address: 0x22272f53c
  Set: 20 Way: 3 Address: 0xf6e81504
  Set: 20 Way: 4 Address: 0x272585538
  Set: 20 Way: 5 Address: 0x257713500
  Set: 20 Way: 6 Address: 0x1b0f15500
  Set: 21 Way: 0 Address: 0x23756f578
  Set: 21 Way: 1 Address: 0xc67da578
  Set: 21 Way: 2 Address: 0x1b0f15540
  Set: 21 Way: 3 Address: 0x394edb550
  Set: 21 Way: 4 Address: 0x3c1074548
  Set: 21 Way: 5 Address: 0x2b2e93558
  Set: 21 Way: 6 Address: 0x1add568
  Set: 21 Way: 7 Address: 0x276ff7560
  Set: 21 Way: 8 Address: 0x84896570
  Set: 21 Way: 9 Address: 0x22272f552
  Set: 21 Way: 10 Address: 0x272585540
  Set: 21 Way: 11 Address: 0x257713540
  Set: 22 Way: 0 Address: 0x257713580
  Set: 22 Way: 1 Address: 0x3bdd78598
  Set: 22 Way: 2 Address: 0x3b377b588
  Set: 22 Way: 3 Address: 0x2db79e580
  Set: 22 Way: 4 Address: 0xbeea7590
  Set: 22 Way: 5 Address: 0x342b405a8
  Set: 22 Way: 6 Address: 0x1064c25a0
  Set: 22 Way: 7 Address: 0x23756f5b8
  Set: 22 Way: 8 Address: 0x3b08035b0
  Set: 22 Way: 9 Address: 0x27d4c65b4
  Set: 22 Way: 10 Address: 0x22272f582
  Set: 22 Way: 11 Address: 0x28a9405b2
  Set: 23 Way: 0 Address: 0x27d4c65c0
  Set: 23 Way: 1 Address: 0x28a9405c0
  Set: 23 Way: 2 Address: 0x2577135c0
  Set: 24 Way: 0 Address: 0xf6e81626
  Set: 24 Way: 1 Address: 0x27d4c6600
  Set: 24 Way: 2 Address: 0x257713600
  Set: 25 Way: 0 Address: 0x2f5d8e650
  Set: 25 Way: 1 Address: 0xf6e8164e
  Set: 25 Way: 2 Address: 0x27258567a
  Set: 25 Way: 3 Address: 0x27d4c6640
  Set: 25 Way: 4 Address: 0x257713640
  Set: 26 Way: 0 Address: 0x22272f6b4
  Set: 26 Way: 1 Address: 0x272585692
  Set: 26 Way: 2 Address: 0x27d4c6680
  Set: 27 Way: 0 Address: 0x3120996c4
  Set: 27 Way: 1 Address: 0x22272f6d8
  Set: 27 Way: 2 Address: 0x28a9406fe
  Set: 27 Way: 3 Address: 0x2725856c0
  Set: 27 Way: 4 Address: 0x27d4c66c0
  Set: 28 Way: 0 Address: 0x28a940714
  Set: 28 Way: 1 Address: 0x312099700
  Set: 28 Way: 2 Address: 0x27d4c6700
  Set: 29 Way: 0 Address: 0xf6e8177a
  Set: 29 Way: 1 Address: 0x312099740
  Set: 29 Way: 2 Address: 0x28a940740
  Set: 29 Way: 3 Address: 0x27d4c6740
  Set: 30 Way: 0 Address: 0xf6e81780
  Set: 30 Way: 1 Address: 0x312099780
  Set: 31 Way: 0 Address: 0x28b67e7f8
  Set: 31 Way: 1 Address: 0x223eda7f8
  Set: 31 Way: 2 Address: 0x354d357e4
  Set: 31 Way: 3 Address: 0x22272f7fc
  Set: 31 Way: 4 Address: 0x3d87a67d4
  Set: 31 Way: 5 Address: 0xf6e817c0
  Set: 31 Way: 6 Address: 0x2725857f2
  Set: 31 Way: 7 Address: 0x28a9407c0
  Set: 31 Way: 8 Address: 0x3120997c0
  Set: 32 Way: 0 Address: 0x30988783c
  Set: 32 Way: 1 Address: 0x22272f814
  Set: 32 Way: 2 Address: 0x354d35800
  Set: 32 Way: 3 Address: 0x3d87a6800
  Set: 32 Way: 4 Address: 0x272585800
  Set: 32 Way: 5 Address: 0x312099800
  Set: 33 Way: 0 Address: 0x30988786c
  Set: 33 Way: 1 Address: 0x22272f842
  Set: 33 Way: 2 Address: 0x28a94085a
  Set: 33 Way: 3 Address: 0x354d35840
  Set: 33 Way: 4 Address: 0x3d87a6840
  Set: 33 Way: 5 Address: 0x312099840
  Set: 34 Way: 0 Address: 0x309887898
  Set: 34 Way: 1 Address: 0x28a940880
  Set: 34 Way: 2 Address: 0x354d35880
  Set: 34 Way: 3 Address: 0x3d87a6880
  Set: 34 Way: 4 Address: 0x312099880
  Set: 35 Way: 0 Address: 0x2929598c8
  Set: 35 Way: 1 Address: 0x3098878f4
  Set: 35 Way: 2 Address: 0xf6e818dc
  Set: 35 Way: 3 Address: 0x211d168f4
  Set: 35 Way: 4 Address: 0x22272f8c0
  Set: 35 Way: 5 Address: 0x354d358c0
  Set: 35 Way: 6 Address: 0x3d87a68c0
  Set: 36 Way: 0 Address: 0x30988793c
  Set: 36 Way: 1 Address: 0xf6e81918
  Set: 36 Way: 2 Address: 0x211d16900
  Set: 36 Way: 3 Address: 0x27258593e
  Set: 36 Way: 4 Address: 0x28a940900
  Set: 36 Way: 5 Address: 0x354d35900
  Set: 36 Way: 6 Address: 0x3d87a6900
  Set: 37 Way: 0 Address: 0x309887960
  Set: 37 Way: 1 Address: 0x22272f978
  Set: 37 Way: 2 Address: 0x272585944
  Set: 37 Way: 3 Address: 0x211d16940
  Set: 37 Way: 4 Address: 0x354d35940
  Set: 37 Way: 5 Address: 0x3d87a6940
  Set: 38 Way: 0 Address: 0x3098879a0
  Set: 38 Way: 1 Address: 0x129934980
  Set: 38 Way: 2 Address: 0x12c6fc980
  Set: 38 Way: 3 Address: 0x22272f99e
  Set: 38 Way: 4 Address: 0x28a9409bc
  Set: 38 Way: 5 Address: 0x211d16980
  Set: 38 Way: 6 Address: 0x272585980
  Set: 38 Way: 7 Address: 0x354d35980
  Set: 38 Way: 8 Address: 0x3d87a6980
  Set: 39 Way: 0 Address: 0x3098879e0
  Set: 39 Way: 1 Address: 0x28a9409d6
  Set: 39 Way: 2 Address: 0x211d169c0
  Set: 40 Way: 0 Address: 0x309887a00
  Set: 40 Way: 1 Address: 0xf6e81a3c
  Set: 40 Way: 2 Address: 0x133c92a04
  Set: 40 Way: 3 Address: 0x22272fa00
  Set: 40 Way: 4 Address: 0x28a940a00
  Set: 40 Way: 5 Address: 0x211d16a00
  Set: 41 Way: 0 Address: 0x309887a40
  Set: 41 Way: 1 Address: 0xf6e81a42
  Set: 41 Way: 2 Address: 0x28a940a40
  Set: 41 Way: 3 Address: 0x133c92a40
  Set: 41 Way: 4 Address: 0x211d16a40
  Set: 42 Way: 0 Address: 0xf6e81a80
  Set: 42 Way: 1 Address: 0x272585aac
  Set: 42 Way: 2 Address: 0x309887a9c
  Set: 42 Way: 3 Address: 0x28a940a80
  Set: 42 Way: 4 Address: 0x22272fabc
  Set: 42 Way: 5 Address: 0x133c92a80
  Set: 42 Way: 6 Address: 0x211d16a80
  Set: 43 Way: 0 Address: 0x309887adc
  Set: 43 Way: 1 Address: 0x22272fad2
  Set: 43 Way: 2 Address: 0x272585ac0
  Set: 43 Way: 3 Address: 0x133c92ac0
  Set: 43 Way: 4 Address: 0x211d16ac0
  Set: 44 Way: 0 Address: 0x129934b08
  Set: 44 Way: 1 Address: 0x43736b10
  Set: 44 Way: 2 Address: 0x1ab44b18
  Set: 44 Way: 3 Address: 0x5588db14
  Set: 44 Way: 4 Address: 0x34a873b00
  Set: 44 Way: 5 Address: 0x2fa0c9b08
  Set: 44 Way: 6 Address: 0x309887b24
  Set: 44 Way: 7 Address: 0x22272fb00
  Set: 44 Way: 8 Address: 0x28a940b32
  Set: 44 Way: 9 Address: 0x133c92b00
  Set: 45 Way: 0 Address: 0x22272fb40
  Set: 45 Way: 1 Address: 0xb8004b68
  Set: 45 Way: 2 Address: 0xcf83bb68
  Set: 45 Way: 3 Address: 0x181c81b70
  Set: 45 Way: 4 Address: 0x309887b5c
  Set: 45 Way: 5 Address: 0x5588db40
  Set: 45 Way: 6 Address: 0x28a940b62
  Set: 45 Way: 7 Address: 0x133c92b40
  Set: 46 Way: 0 Address: 0xb8004b80
  Set: 46 Way: 1 Address: 0x3734eebb0
  Set: 46 Way: 2 Address: 0xf6e81bb8
  Set: 46 Way: 3 Address: 0x22272fb80
  Set: 46 Way: 4 Address: 0x20597eb88
  Set: 46 Way: 5 Address: 0x28a940b80
  Set: 46 Way: 6 Address: 0x309887bbc
  Set: 46 Way: 7 Address: 0x5588db80
  Set: 46 Way: 8 Address: 0x133c92b80
  Set: 47 Way: 0 Address: 0xf6e81bdc
  Set: 47 Way: 1 Address: 0x272585bfa
  Set: 47 Way: 2 Address: 0x28a940bc0
  Set: 47 Way: 3 Address: 0x309887bc8
  Set: 47 Way: 4 Address: 0x20597ebc0
  Set: 47 Way: 5 Address: 0x5588dbc0
  Set: 47 Way: 6 Address: 0x22272fbc0
  Set: 47 Way: 7 Address: 0x133c92bc0
  Set: 48 Way: 0 Address: 0x1c084ec24
  Set: 48 Way: 1 Address: 0x272585c12
  Set: 48 Way: 2 Address: 0x20597ec00
  Set: 48 Way: 3 Address: 0x22272fc00
  Set: 48 Way: 4 Address: 0x5588dc00
  Set: 49 Way: 0 Address: 0x1c084ec40
  Set: 49 Way: 1 Address: 0x272585c40
  Set: 49 Way: 2 Address: 0x22272fc40
  Set: 49 Way: 3 Address: 0x20597ec40
  Set: 49 Way: 4 Address: 0x28a940c7c
  Set: 49 Way: 5 Address: 0x5588dc40
  Set: 50 Way: 0 Address: 0x22272fc80
  Set: 50 Way: 1 Address: 0x2c8749c98
  Set: 50 Way: 2 Address: 0x1c084ec80
  Set: 50 Way: 3 Address: 0x28a940c92
  Set: 50 Way: 4 Address: 0x20597ec80
  Set: 50 Way: 5 Address: 0x5588dc80
  Set: 51 Way: 0 Address: 0xf6e81cfc
  Set: 51 Way: 1 Address: 0x22272fcc0
  Set: 51 Way: 2 Address: 0x272585cc0
  Set: 51 Way: 3 Address: 0x2c8749cc0
  Set: 51 Way: 4 Address: 0x20597ecc0
  Set: 51 Way: 5 Address: 0x1c084ecc0
  Set: 51 Way: 6 Address: 0x28a940cc6
  Set: 51 Way: 7 Address: 0x5588dcc0
  Set: 52 Way: 0 Address: 0xf6e81d00
  Set: 52 Way: 1 Address: 0x14bb10d34
  Set: 52 Way: 2 Address: 0x28a940d00
  Set: 52 Way: 3 Address: 0x2c8749d00
  Set: 52 Way: 4 Address: 0x20597ed00
  Set: 52 Way: 5 Address: 0x1c084ed00
  Set: 53 Way: 0 Address: 0xf6e81d42
  Set: 53 Way: 1 Address: 0x14bb10d40
  Set: 53 Way: 2 Address: 0x272585d72
  Set: 53 Way: 3 Address: 0x28a940d40
  Set: 53 Way: 4 Address: 0x20597ed40
  Set: 53 Way: 5 Address: 0x2c8749d40
  Set: 53 Way: 6 Address: 0x1c084ed40
  Set: 54 Way: 0 Address: 0x272585d80
  Set: 54 Way: 1 Address: 0x14bb10d80
  Set: 54 Way: 2 Address: 0x20597ed80
  Set: 54 Way: 3 Address: 0x28a940d80
  Set: 54 Way: 4 Address: 0x2c8749d80
  Set: 54 Way: 5 Address: 0x1c084ed80
  Set: 55 Way: 0 Address: 0xf6e81dc0
  Set: 55 Way: 1 Address: 0x2c8749dc0
  Set: 55 Way: 2 Address: 0x14bb10dc0
  Set: 55 Way: 3 Address: 0x28a940dc0
  Set: 55 Way: 4 Address: 0x20597edc0
  Set: 55 Way: 5 Address: 0x1c084edc0
  Set: 56 Way: 0 Address: 0x22272fe00
  Set: 56 Way: 1 Address: 0x272585e00
  Set: 56 Way: 2 Address: 0x28a940e00
  Set: 56 Way: 3 Address: 0x2c8749e00
  Set: 56 Way: 4 Address: 0x14bb10e00
  Set: 56 Way: 5 Address: 0x20597ee00
  Set: 57 Way: 0 Address: 0xf6e81e68
  Set: 57 Way: 1 Address: 0x6e620e44
  Set: 57 Way: 2 Address: 0x28a940e40
  Set: 57 Way: 3 Address: 0x2c8749e40
  Set: 57 Way: 4 Address: 0x14bb10e40
  Set: 57 Way: 5 Address: 0x20597ee40
  Set: 58 Way: 0 Address: 0xf6e81e96
  Set: 58 Way: 1 Address: 0x272585eba
  Set: 58 Way: 2 Address: 0x28a940e80
  Set: 58 Way: 3 Address: 0x6e620e80
  Set: 58 Way: 4 Address: 0x2c8749e80
  Set: 58 Way: 5 Address: 0x14bb10e80
  Set: 59 Way: 0 Address: 0x272585ec0
  Set: 59 Way: 1 Address: 0x6e620ec0
  Set: 59 Way: 2 Address: 0x2c8749ec0
  Set: 59 Way: 3 Address: 0x14bb10ec0
  Set: 60 Way: 0 Address: 0xf6e81f00
  Set: 60 Way: 1 Address: 0x143eff20
  Set: 60 Way: 2 Address: 0x272585f00
  Set: 60 Way: 3 Address: 0x6e620f00
  Set: 60 Way: 4 Address: 0x28a940f38
  Set: 60 Way: 5 Address: 0x2c8749f00
  Set: 60 Way: 6 Address: 0x14bb10f00
  Set: 61 Way: 0 Address: 0x23755df58
  Set: 61 Way: 1 Address: 0x143eff50
  Set: 61 Way: 2 Address: 0x2177f0f54
  Set: 61 Way: 3 Address: 0x22272ff40
  Set: 61 Way: 4 Address: 0x272585f40
  Set: 61 Way: 5 Address: 0x28a940f4c
  Set: 61 Way: 6 Address: 0x6e620f40
  Set: 61 Way: 7 Address: 0x2c8749f40
  Set: 62 Way: 0 Address: 0x23755dfa4
  Set: 62 Way: 1 Address: 0xf6e81fba
  Set: 62 Way: 2 Address: 0x143eff90
  Set: 62 Way: 3 Address: 0x272585f80
  Set: 62 Way: 4 Address: 0x2177f0f80
  Set: 62 Way: 5 Address: 0x28a940f80
  Set: 62 Way: 6 Address: 0x6e620f80
  Set: 63 Way: 0 Address: 0x201598fe8
  Set: 63 Way: 1 Address: 0x23755dfc8
  Set: 63 Way: 2 Address: 0xf6e81fd8
  Set: 63 Way: 3 Address: 0x28a940fc0
  Set: 63 Way: 4 Address: 0x2177f0fc0
  Set: 63 Way: 5 Address: 0x6e620fc0
EndCache
Cache: cpu0_ITLB
  Set: 0 Way: 0 Address: 0x4608ae
  Set: 1 Way: 0 Address: 0x441501
EndCache
Cache: cpu0_DTLB
  Set: 0 Way: 0 Address: 0x1d70898
  Set: 0 Way: 1 Address: 0x730650
  Set: 0 Way: 2 Address: 0x20b0064
  Set: 0 Way: 3 Address: 0x2960538
  Set: 1 Way: 0 Address: 0x7618c8
  Set: 1 Way: 1 Address: 0x20b1174
  Set: 1 Way: 2 Address: 0x296102c
  Set: 2 Way: 0 Address: 0x2962626
  Set: 2 Way: 1 Address: 0x20b2284
  Set: 3 Way: 0 Address: 0x2963134
  Set: 3 Way: 1 Address: 0x20b3394
  Set: 4 Way: 0 Address: 0x20b44a4
  Set: 5 Way: 0 Address: 0x7fff6ec35fa4
  Set: 5 Way: 1 Address: 0x20b55b4
  Set: 6 Way: 0 Address: 0x7fff6ec3609c
  Set: 6 Way: 1 Address: 0x20a6f20
  Set: 6 Way: 2 Address: 0x20b66c4
  Set: 7 Way: 0 Address: 0x20a77e4
  Set: 7 Way: 1 Address: 0x20b77d4
  Set: 8 Way: 0 Address: 0x20a88f4
  Set: 9 Way: 0 Address: 0x20a9a04
  Set: 10 Way: 0 Address: 0x20aab14
  Set: 11 Way: 0 Address: 0x20abc24
  Set: 12 Way: 0 Address: 0x20acd34
  Set: 13 Way: 0 Address: 0x20ade44
  Set: 13 Way: 1 Address: 0x1d6db88
  Set: 14 Way: 0 Address: 0x20aef54
  Set: 14 Way: 1 Address: 0x1d6ec98
  Set: 15 Way: 0 Address: 0x20af000
EndCache
Cache: LLC
  Set: 0 Way: 0 Address: 0x28a94001a
  Set: 1 Way: 0 Address: 0x28a940040
  Set: 5 Way: 0 Address: 0x28a94017c
  Set: 6 Way: 0 Address: 0x28a940182
  Set: 7 Way: 0 Address: 0x28a9401c0
  Set: 11 Way: 0 Address: 0x28a9402c0
  Set: 12 Way: 0 Address: 0x28a940300
  Set: 16 Way: 0 Address: 0x28a94043c
  Set: 17 Way: 0 Address: 0x28a940442
  Set: 18 Way: 0 Address: 0x28a940480
  Set: 22 Way: 0 Address: 0x342b405a8
  Set: 22 Way: 1 Address: 0x28a94059c
  Set: 23 Way: 0 Address: 0x28a9405c0
  Set: 27 Way: 0 Address: 0x28a9406fa
  Set: 28 Way: 0 Address: 0x28a940700
  Set: 29 Way: 0 Address: 0x28a940740
  Set: 31 Way: 0 Address: 0x28a9407c0
  Set: 33 Way: 0 Address: 0x28a94085c
  Set: 34 Way: 0 Address: 0x28a940880
  Set: 36 Way: 0 Address: 0x28a940900
  Set: 38 Way: 0 Address: 0x28a9409ba
  Set: 39 Way: 0 Address: 0x28a9409c0
  Set: 40 Way: 0 Address: 0x28a940a00
  Set: 41 Way: 0 Address: 0x28a940a40
  Set: 42 Way: 0 Address: 0x28a940a80
  Set: 44 Way: 0 Address: 0x28a940b18
  Set: 45 Way: 0 Address: 0x28a940b48
  Set: 46 Way: 0 Address: 0x28a940b80
  Set: 47 Way: 0 Address: 0x28a940bc0
  Set: 49 Way: 0 Address: 0x28a940c78
  Set: 50 Way: 0 Address: 0x28a940c80
  Set: 51 Way: 0 Address: 0x28a940cc0
  Set: 52 Way: 0 Address: 0x28a940d00
  Set: 53 Way: 0 Address: 0x28a940d40
  Set: 54 Way: 0 Address: 0x28a940d80
  Set: 55 Way: 0 Address: 0x28a940dc0
  Set: 56 Way: 0 Address: 0x28a940e00
  Set: 57 Way: 0 Address: 0x6e620e44
  Set: 57 Way: 1 Address: 0x28a940e40
  Set: 58 Way: 0 Address: 0x28a940e80
  Set: 58 Way: 1 Address: 0x6e620e80
  Set: 59 Way: 0 Address: 0x6e620ec0
  Set: 60 Way: 0 Address: 0x6e620f00
  Set: 60 Way: 1 Address: 0x28a940f3c
  Set: 61 Way: 0 Address: 0x28a940f40
  Set: 61 Way: 1 Address: 0x6e620f40
  Set: 62 Way: 0 Address: 0x28a940f80
  Set: 62 Way: 1 Address: 0x6e620f80
  Set: 63 Way: 0 Address: 0x28a940fc0
  Set: 63 Way: 1 Address: 0x6e620fc0
  Set: 66 Way: 0 Address: 0xf6e81098
  Set: 67 Way: 0 Address: 0xf6e810c8
  Set: 71 Way: 0 Address: 0xf6e811fc
  Set: 72 Way: 0 Address: 0xf6e81204
  Set: 73 Way: 0 Address: 0xf6e81240
  Set: 76 Way: 0 Address: 0xf6e81300
  Set: 77 Way: 0 Address: 0xf6e81340
  Set: 78 Way: 0 Address: 0x2a4841390
  Set: 78 Way: 1 Address: 0xf6e81386
  Set: 79 Way: 0 Address: 0x2a48413c0
  Set: 79 Way: 1 Address: 0xf6e813c0
  Set: 80 Way: 0 Address: 0x2a484142a
  Set: 81 Way: 0 Address: 0x2a484144c
  Set: 82 Way: 0 Address: 0x2a4841482
  Set: 82 Way: 1 Address: 0xf6e814ba
  Set: 83 Way: 0 Address: 0x2a48414c1
  Set: 83 Way: 1 Address: 0xf6e814e6
  Set: 84 Way: 0 Address: 0x2a4841501
  Set: 84 Way: 1 Address: 0xf6e81500
  Set: 85 Way: 0 Address: 0x2a4841543
  Set: 87 Way: 0 Address: 0x2a48415c8
  Set: 87 Way: 1 Address: 0xf6e815c0
  Set: 88 Way: 0 Address: 0x2a4841600
  Set: 88 Way: 1 Address: 0xf6e8161a
  Set: 89 Way: 0 Address: 0x2a4841645
  Set: 89 Way: 1 Address: 0xf6e8164c
  Set: 93 Way: 0 Address: 0xf6e8177a
  Set: 94 Way: 0 Address: 0xf6e81780
  Set: 95 Way: 0 Address: 0xf6e817c0
  Set: 99 Way: 0 Address: 0xf6e818dc
  Set: 100 Way: 0 Address: 0xf6e8190c
  Set: 104 Way: 0 Address: 0xf6e81a3c
  Set: 105 Way: 0 Address: 0xf6e81a42
  Set: 106 Way: 0 Address: 0xf6e81a80
  Set: 109 Way: 0 Address: 0x181c81b70
  Set: 110 Way: 0 Address: 0xf6e81b9a
  Set: 111 Way: 0 Address: 0xf6e81bc6
  Set: 115 Way: 0 Address: 0xf6e81cfa
  Set: 116 Way: 0 Address: 0xf6e81d00
  Set: 117 Way: 0 Address: 0xf6e81d42
  Set: 119 Way: 0 Address: 0xf6e81dc0
  Set: 121 Way: 0 Address: 0xf6e81e64
  Set: 122 Way: 0 Address: 0xf6e81e8a
  Set: 124 Way: 0 Address: 0xf6e81f00
  Set: 126 Way: 0 Address: 0xf6e81fba
  Set: 127 Way: 0 Address: 0xf6e81fc0
  Set: 129 Way: 0 Address: 0x1c84e2070
  Set: 130 Way: 0 Address: 0x1c84e2080
  Set: 134 Way: 0 Address: 0x6d0c21b0
  Set: 150 Way: 0 Address: 0x1064c25a0
  Set: 214 Way: 0 Address: 0x3b08035b0
  Set: 300 Way: 0 Address: 0x1ab44b18
  Set: 301 Way: 0 Address: 0xb8004b70
  Set: 302 Way: 0 Address: 0xb8004b80
  Set: 334 Way: 0 Address: 0x2725853bc
  Set: 335 Way: 0 Address: 0x2725853c0
  Set: 340 Way: 0 Address: 0x27258551c
  Set: 341 Way: 0 Address: 0x272585540
  Set: 345 Way: 0 Address: 0x27258567e
  Set: 346 Way: 0 Address: 0x272585680
  Set: 347 Way: 0 Address: 0x2725856c0
  Set: 351 Way: 0 Address: 0x2725857c0
  Set: 352 Way: 0 Address: 0x272585800
  Set: 356 Way: 0 Address: 0x27258593a
  Set: 357 Way: 0 Address: 0x272585940
  Set: 358 Way: 0 Address: 0x272585980
  Set: 362 Way: 0 Address: 0x272585a9a
  Set: 363 Way: 0 Address: 0x272585ac0
  Set: 367 Way: 0 Address: 0x272585bfc
  Set: 368 Way: 0 Address: 0x272585c00
  Set: 369 Way: 0 Address: 0x272585c40
  Set: 371 Way: 0 Address: 0x272585cc0
  Set: 373 Way: 0 Address: 0x272585d5a
  Set: 374 Way: 0 Address: 0x272585d80
  Set: 376 Way: 0 Address: 0x272585e00
  Set: 378 Way: 0 Address: 0x272585ebe
  Set: 379 Way: 0 Address: 0x272585ec4
  Set: 380 Way: 0 Address: 0x272585f00
  Set: 381 Way: 0 Address: 0x272585f40
  Set: 382 Way: 0 Address: 0x272585f80
  Set: 404 Way: 0 Address: 0x3dae66538
  Set: 405 Way: 0 Address: 0x3dae66558
  Set: 406 Way: 0 Address: 0x27d4c65b4
  Set: 407 Way: 0 Address: 0x27d4c65c0
  Set: 408 Way: 0 Address: 0x27d4c6600
  Set: 409 Way: 0 Address: 0x27d4c6640
  Set: 410 Way: 0 Address: 0x27d4c6680
  Set: 411 Way: 0 Address: 0x27d4c66c0
  Set: 412 Way: 0 Address: 0x27d4c6700
  Set: 413 Way: 0 Address: 0x27d4c6740
  Set: 415 Way: 0 Address: 0x3d87a67d4
  Set: 416 Way: 0 Address: 0x3d87a6800
  Set: 417 Way: 0 Address: 0x3d87a6840
  Set: 418 Way: 0 Address: 0x3d87a6880
  Set: 419 Way: 0 Address: 0x3d87a68c0
  Set: 420 Way: 0 Address: 0x3d87a6900
  Set: 421 Way: 0 Address: 0x3d87a6940
  Set: 422 Way: 0 Address: 0x3d87a6980
  Set: 462 Way: 0 Address: 0x309887380
  Set: 463 Way: 0 Address: 0x3098873c0
  Set: 470 Way: 0 Address: 0xbeea7590
  Set: 480 Way: 0 Address: 0x30988783c
  Set: 481 Way: 0 Address: 0x30988784c
  Set: 482 Way: 0 Address: 0x309887898
  Set: 483 Way: 0 Address: 0x3098878f4
  Set: 484 Way: 0 Address: 0x30988793c
  Set: 485 Way: 0 Address: 0x309887960
  Set: 486 Way: 0 Address: 0x3098879a0
  Set: 487 Way: 0 Address: 0x3098879e0
  Set: 488 Way: 0 Address: 0x309887a00
  Set: 489 Way: 0 Address: 0x309887a40
  Set: 490 Way: 0 Address: 0x309887a9c
  Set: 491 Way: 0 Address: 0x309887adc
  Set: 492 Way: 0 Address: 0x309887b24
  Set: 493 Way: 0 Address: 0x309887b5c
  Set: 494 Way: 0 Address: 0x309887bbc
  Set: 495 Way: 0 Address: 0x309887bc8
  Set: 576 Way: 0 Address: 0x2ee369000
  Set: 577 Way: 0 Address: 0x2ee369040
  Set: 578 Way: 0 Address: 0x2ee369084
  Set: 579 Way: 0 Address: 0x2ee3690c0
  Set: 580 Way: 0 Address: 0x2ee369100
  Set: 581 Way: 0 Address: 0x2ee369140
  Set: 582 Way: 0 Address: 0x2ee369180
  Set: 583 Way: 0 Address: 0x2ee3691c0
  Set: 584 Way: 0 Address: 0x2ee369200
  Set: 585 Way: 0 Address: 0x2ee369240
  Set: 586 Way: 0 Address: 0x2ee369280
  Set: 587 Way: 0 Address: 0x2ee3692c0
  Set: 588 Way: 0 Address: 0x2ee369300
  Set: 620 Way: 0 Address: 0x2fa0c9b08
  Set: 626 Way: 0 Address: 0x2c8749c98
  Set: 627 Way: 0 Address: 0x2c8749cc0
  Set: 628 Way: 0 Address: 0x2c8749d00
  Set: 629 Way: 0 Address: 0x2c8749d40
  Set: 630 Way: 0 Address: 0x2c8749d80
  Set: 631 Way: 0 Address: 0x2c8749dc0
  Set: 632 Way: 0 Address: 0x2c8749e00
  Set: 633 Way: 0 Address: 0x2c8749e40
  Set: 634 Way: 0 Address: 0x2c8749e80
  Set: 635 Way: 0 Address: 0x2c8749ec0
  Set: 636 Way: 0 Address: 0x2c8749f00
  Set: 637 Way: 0 Address: 0x2c8749f40
  Set: 770 Way: 0 Address: 0x29484c0a0
  Set: 876 Way: 0 Address: 0x5588db14
  Set: 877 Way: 0 Address: 0x5588db40
  Set: 878 Way: 0 Address: 0x5588db80
  Set: 879 Way: 0 Address: 0x5588dbc0
  Set: 880 Way: 0 Address: 0x5588dc00
  Set: 881 Way: 0 Address: 0x5588dc40
  Set: 882 Way: 0 Address: 0x5588dc80
  Set: 883 Way: 0 Address: 0x5588dcc0
  Set: 921 Way: 0 Address: 0x2f5d8e650
  Set: 942 Way: 0 Address: 0x3734eebb0
  Set: 944 Way: 0 Address: 0x1c084ec24
  Set: 945 Way: 0 Address: 0x1c084ec40
  Set: 946 Way: 0 Address: 0x1c084ec80
  Set: 947 Way: 0 Address: 0x1c084ecc0
  Set: 948 Way: 0 Address: 0x1c084ed00
  Set: 949 Way: 0 Address: 0x1c084ed40
  Set: 950 Way: 0 Address: 0x1c084ed80
  Set: 951 Way: 0 Address: 0x1c084edc0
  Set: 960 Way: 0 Address: 0x22272f002
  Set: 964 Way: 0 Address: 0x22272f11a
  Set: 965 Way: 0 Address: 0x22272f146
  Set: 966 Way: 0 Address: 0x16390f1a8
  Set: 969 Way: 0 Address: 0x22272f27a
  Set: 970 Way: 0 Address: 0x22272f280
  Set: 971 Way: 0 Address: 0x22272f2c0
  Set: 975 Way: 0 Address: 0x22272f3da
  Set: 976 Way: 0 Address: 0x22272f40a
  Set: 980 Way: 0 Address: 0xee86f530
  Set: 980 Way: 1 Address: 0x22272f53a
  Set: 981 Way: 0 Address: 0xee86f540
  Set: 981 Way: 1 Address: 0x22272f540
  Set: 981 Way: 2 Address: 0x23756f578
  Set: 982 Way: 0 Address: 0x23756f5b8
  Set: 982 Way: 1 Address: 0x22272f582
  Set: 986 Way: 0 Address: 0x22272f69a
  Set: 987 Way: 0 Address: 0x22272f6ca
  Set: 991 Way: 0 Address: 0x22272f7fa
  Set: 992 Way: 0 Address: 0x22272f800
  Set: 993 Way: 0 Address: 0x22272f842
  Set: 995 Way: 0 Address: 0x22272f8c0
  Set: 997 Way: 0 Address: 0x22272f95a
  Set: 998 Way: 0 Address: 0x22272f980
  Set: 1000 Way: 0 Address: 0x22272fa00
  Set: 1002 Way: 0 Address: 0x22272faba
  Set: 1003 Way: 0 Address: 0x22272fac0
  Set: 1004 Way: 0 Address: 0x22272fb00
  Set: 1005 Way: 0 Address: 0x22272fb40
  Set: 1006 Way: 0 Address: 0x22272fb80
  Set: 1007 Way: 0 Address: 0x22272fbc0
  Set: 1008 Way: 0 Address: 0x22272fc00
  Set: 1009 Way: 0 Address: 0x22272fc40
  Set: 1010 Way: 0 Address: 0x22272fc80
  Set: 1011 Way: 0 Address: 0x22272fcc0
  Set: 1016 Way: 0 Address: 0x22272fe00
  Set: 1020 Way: 0 Address: 0x143eff20
  Set: 1021 Way: 0 Address: 0x143eff40
  Set: 1021 Way: 1 Address: 0x22272ff40
  Set: 1022 Way: 0 Address: 0x143eff80
  Set: 1024 Way: 0 Address: 0x2177f0000
  Set: 1076 Way: 0 Address: 0x14bb10d34
  Set: 1077 Way: 0 Address: 0x14bb10d40
  Set: 1078 Way: 0 Address: 0x14bb10d80
  Set: 1079 Way: 0 Address: 0x14bb10dc0
  Set: 1080 Way: 0 Address: 0x14bb10e00
  Set: 1081 Way: 0 Address: 0x14bb10e40
  Set: 1082 Way: 0 Address: 0x14bb10e80
  Set: 1083 Way: 0 Address: 0x14bb10ec0
  Set: 1084 Way: 0 Address: 0x14bb10f00
  Set: 1085 Way: 0 Address: 0x2177f0f54
  Set: 1086 Way: 0 Address: 0x2177f0f80
  Set: 1087 Way: 0 Address: 0x2177f0fc0
  Set: 1088 Way: 0 Address: 0x19c791000
  Set: 1089 Way: 0 Address: 0x19c791040
  Set: 1090 Way: 0 Address: 0x19c791080
  Set: 1091 Way: 0 Address: 0x19c7910c0
  Set: 1092 Way: 0 Address: 0x19c791100
  Set: 1154 Way: 0 Address: 0x1995f2080
  Set: 1186 Way: 0 Address: 0x9cff28ae
  Set: 1192 Way: 0 Address: 0x133c92a04
  Set: 1193 Way: 0 Address: 0x133c92a40
  Set: 1194 Way: 0 Address: 0x133c92a80
  Set: 1195 Way: 0 Address: 0x133c92ac0
  Set: 1196 Way: 0 Address: 0x133c92b00
  Set: 1197 Way: 0 Address: 0x133c92b40
  Set: 1198 Way: 0 Address: 0x133c92b80
  Set: 1199 Way: 0 Address: 0x133c92bc0
  Set: 1217 Way: 0 Address: 0x3232f3064
  Set: 1218 Way: 0 Address: 0x3232f3080
  Set: 1219 Way: 0 Address: 0x3232f30c0
  Set: 1220 Way: 0 Address: 0x3232f3100
  Set: 1221 Way: 0 Address: 0x3232f3140
  Set: 1222 Way: 0 Address: 0x3232f3180
  Set: 1223 Way: 0 Address: 0x3232f31c0
  Set: 1224 Way: 0 Address: 0x3232f3200
  Set: 1234 Way: 0 Address: 0x2577134a4
  Set: 1235 Way: 0 Address: 0x2577134c0
  Set: 1236 Way: 0 Address: 0x257713500
  Set: 1237 Way: 0 Address: 0x2b2e93558
  Set: 1237 Way: 1 Address: 0x257713540
  Set: 1238 Way: 0 Address: 0x257713580
  Set: 1239 Way: 0 Address: 0x2577135c0
  Set: 1240 Way: 0 Address: 0x257713600
  Set: 1241 Way: 0 Address: 0x257713640
  Set: 1260 Way: 0 Address: 0x34a873b00
  Set: 1280 Way: 0 Address: 0x397bb4018
  Set: 1288 Way: 0 Address: 0x3de4d4208
  Set: 1301 Way: 0 Address: 0x3c1074548
  Set: 1318 Way: 0 Address: 0x129934980
  Set: 1324 Way: 0 Address: 0x129934b08
  Set: 1344 Way: 0 Address: 0x195f15000
  Set: 1358 Way: 0 Address: 0x1b0f15394
  Set: 1359 Way: 0 Address: 0x1b0f153c0
  Set: 1360 Way: 0 Address: 0x1b0f15400
  Set: 1361 Way: 0 Address: 0x1b0f15440
  Set: 1362 Way: 0 Address: 0x1b0f15480
  Set: 1363 Way: 0 Address: 0x1b0f154c0
  Set: 1364 Way: 0 Address: 0x1b0f15500
  Set: 1365 Way: 0 Address: 0x1b0f15540
  Set: 1375 Way: 0 Address: 0x354d357e4
  Set: 1376 Way: 0 Address: 0x354d35800
  Set: 1377 Way: 0 Address: 0x354d35840
  Set: 1378 Way: 0 Address: 0x354d35880
  Set: 1379 Way: 0 Address: 0x354d358c0
  Set: 1380 Way: 0 Address: 0x354d35900
  Set: 1381 Way: 0 Address: 0x354d35940
  Set: 1382 Way: 0 Address: 0x354d35980
  Set: 1429 Way: 0 Address: 0x84896570
  Set: 1430 Way: 0 Address: 0x84896580
  Set: 1443 Way: 0 Address: 0x211d168f4
  Set: 1444 Way: 0 Address: 0x211d16900
  Set: 1445 Way: 0 Address: 0x211d16940
  Set: 1446 Way: 0 Address: 0x211d16980
  Set: 1447 Way: 0 Address: 0x211d169c0
  Set: 1448 Way: 0 Address: 0x211d16a00
  Set: 1449 Way: 0 Address: 0x211d16a40
  Set: 1450 Way: 0 Address: 0x211d16a80
  Set: 1451 Way: 0 Address: 0x211d16ac0
  Set: 1452 Way: 0 Address: 0x43736b10
  Set: 1493 Way: 0 Address: 0x276ff7560
  Set: 1541 Way: 0 Address: 0x2c9898174
  Set: 1542 Way: 0 Address: 0x2c9898180
  Set: 1543 Way: 0 Address: 0x2c98981c0
  Set: 1544 Way: 0 Address: 0x2c9898200
  Set: 1545 Way: 0 Address: 0x2c9898240
  Set: 1546 Way: 0 Address: 0x2c9898280
  Set: 1547 Way: 0 Address: 0x2c98982c0
  Set: 1548 Way: 0 Address: 0x2c9898300
  Set: 1549 Way: 0 Address: 0x2c9898340
  Set: 1558 Way: 0 Address: 0x3bdd78598
  Set: 1599 Way: 0 Address: 0x201598fe8
  Set: 1627 Way: 0 Address: 0x3120996c4
  Set: 1628 Way: 0 Address: 0x312099700
  Set: 1629 Way: 0 Address: 0x312099740
  Set: 1630 Way: 0 Address: 0x312099780
  Set: 1631 Way: 0 Address: 0x3120997c0
  Set: 1632 Way: 0 Address: 0x312099800
  Set: 1633 Way: 0 Address: 0x312099840
  Set: 1634 Way: 0 Address: 0x312099880
  Set: 1635 Way: 0 Address: 0x2929598c8
  Set: 1676 Way: 0 Address: 0x1d89da300
  Set: 1685 Way: 0 Address: 0xc67da578
  Set: 1695 Way: 0 Address: 0x223eda7f8
  Set: 1738 Way: 0 Address: 0xc0d9b284
  Set: 1739 Way: 0 Address: 0xc0d9b2c0
  Set: 1740 Way: 0 Address: 0xc0d9b300
  Set: 1741 Way: 0 Address: 0xc0d9b340
  Set: 1742 Way: 0 Address: 0xc0d9b380
  Set: 1743 Way: 0 Address: 0xc0d9b3c0
  Set: 1744 Way: 0 Address: 0xc0d9b400
  Set: 1745 Way: 0 Address: 0xc0d9b440
  Set: 1749 Way: 0 Address: 0x394edb550
  Set: 1750 Way: 0 Address: 0x3b377b588
  Set: 1773 Way: 0 Address: 0xcf83bb68
  Set: 1792 Way: 0 Address: 0xdf85c000
  Set: 1813 Way: 0 Address: 0x38e35c540
  Set: 1830 Way: 0 Address: 0x12c6fc980
  Set: 1877 Way: 0 Address: 0x1add568
  Set: 1917 Way: 0 Address: 0x23755df58
  Set: 1918 Way: 0 Address: 0x23755dfa4
  Set: 1919 Way: 0 Address: 0x23755dffc
  Set: 1920 Way: 0 Address: 0x28b67e000
  Set: 1920 Way: 1 Address: 0x1f919e010
  Set: 1921 Way: 0 Address: 0x1f919e070
  Set: 1922 Way: 0 Address: 0x1f919e0a0
  Set: 1942 Way: 0 Address: 0x2db79e580
  Set: 1951 Way: 0 Address: 0x28b67e7f8
  Set: 1966 Way: 0 Address: 0x20597eb88
  Set: 1967 Way: 0 Address: 0x20597ebc0
  Set: 1968 Way: 0 Address: 0x20597ec00
  Set: 1969 Way: 0 Address: 0x20597ec40
  Set: 1970 Way: 0 Address: 0x20597ec80
  Set: 1971 Way: 0 Address: 0x20597ecc0
  Set: 1972 Way: 0 Address: 0x20597ed00
  Set: 1973 Way: 0 Address: 0x20597ed40
  Set: 1974 Way: 0 Address: 0x20597ed80
  Set: 1975 Way: 0 Address: 0x20597edc0
  Set: 1976 Way: 0 Address: 0x20597ee00
  Set: 1977 Way: 0 Address: 0x20597ee40
EndCache
