Cache: cpu0_STLB
  Set: 48 Way: 0 Address: 0x730650
  Set: 53 Way: 0 Address: 0x7fff6ec35ffc
  Set: 54 Way: 0 Address: 0x7fff6ec3619e
  Set: 63 Way: 0 Address: 0x1f3fdc8
  Set: 64 Way: 0 Address: 0x1f40c2c
  Set: 65 Way: 0 Address: 0x441543
  Set: 65 Way: 1 Address: 0x1f41d3c
  Set: 66 Way: 0 Address: 0x1f42e4c
  Set: 67 Way: 0 Address: 0x1f43f5c
  Set: 68 Way: 0 Address: 0x1f44000
  Set: 69 Way: 0 Address: 0x1f4506c
  Set: 70 Way: 0 Address: 0x1f4617c
  Set: 71 Way: 0 Address: 0x1f4728c
  Set: 72 Way: 0 Address: 0x1f4839c
  Set: 73 Way: 0 Address: 0x1f494ac
  Set: 74 Way: 0 Address: 0x1f4a5bc
  Set: 75 Way: 0 Address: 0x1f4b6cc
  Set: 76 Way: 0 Address: 0x1f4c7dc
  Set: 77 Way: 0 Address: 0x1f4d8e8
  Set: 78 Way: 0 Address: 0x1f4e9f8
  Set: 79 Way: 0 Address: 0x1f4fb08
  Set: 80 Way: 0 Address: 0x1f50c18
  Set: 96 Way: 0 Address: 0x4608a0
  Set: 96 Way: 1 Address: 0x2a60b56
  Set: 97 Way: 0 Address: 0x7618c8
  Set: 97 Way: 1 Address: 0x2a614f2
  Set: 98 Way: 0 Address: 0x2a6246c
  Set: 99 Way: 0 Address: 0x2a63072
  Set: 100 Way: 0 Address: 0x2a640f4
  Set: 110 Way: 0 Address: 0x1d6e18c
  Set: 111 Way: 0 Address: 0x1d6f29c
  Set: 112 Way: 0 Address: 0x1d70a14
EndCache
Cache: cpu0_L2C
  Set: 1 Way: 0 Address: 0x342b4006c
  Set: 2 Way: 0 Address: 0x342b40080
  Set: 3 Way: 0 Address: 0x342b400c0
  Set: 4 Way: 0 Address: 0x342b40100
  Set: 5 Way: 0 Address: 0x342b40140
  Set: 6 Way: 0 Address: 0x342b40180
  Set: 7 Way: 0 Address: 0x342b401c0
  Set: 8 Way: 0 Address: 0x342b40200
  Set: 12 Way: 0 Address: 0x28a940320
  Set: 40 Way: 0 Address: 0x14bb10a00
  Set: 40 Way: 1 Address: 0x2177f0a10
  Set: 45 Way: 0 Address: 0x168ef0b56
  Set: 46 Way: 0 Address: 0x168ef0b80
  Set: 48 Way: 0 Address: 0x6e620c18
  Set: 49 Way: 0 Address: 0x6e620c40
  Set: 50 Way: 0 Address: 0x6e620c80
  Set: 50 Way: 1 Address: 0x168ef0cb2
  Set: 51 Way: 0 Address: 0x6e620cc0
  Set: 51 Way: 1 Address: 0x168ef0cc0
  Set: 52 Way: 0 Address: 0x6e620d00
  Set: 52 Way: 1 Address: 0x168ef0d00
  Set: 53 Way: 0 Address: 0x6e620d40
  Set: 54 Way: 0 Address: 0x6e620d80
  Set: 55 Way: 0 Address: 0x6e620dc0
  Set: 56 Way: 0 Address: 0x168ef0e12
  Set: 57 Way: 0 Address: 0x168ef0e40
  Set: 61 Way: 0 Address: 0x168ef0f72
  Set: 62 Way: 0 Address: 0x168ef0f80
  Set: 63 Way: 0 Address: 0x168ef0fc0
  Set: 94 Way: 0 Address: 0xf6e817bc
  Set: 95 Way: 0 Address: 0xf6e817c8
  Set: 96 Way: 0 Address: 0xf6e81814
  Set: 97 Way: 0 Address: 0xf6e81874
  Set: 98 Way: 0 Address: 0x2a48418a0
  Set: 98 Way: 1 Address: 0xf6e818a8
  Set: 99 Way: 0 Address: 0xf6e818d0
  Set: 99 Way: 1 Address: 0x2a48418c0
  Set: 100 Way: 0 Address: 0xf6e81924
  Set: 101 Way: 0 Address: 0xf6e8197c
  Set: 101 Way: 1 Address: 0x2a4841975
  Set: 102 Way: 0 Address: 0xf6e819a8
  Set: 102 Way: 1 Address: 0x2a4841980
  Set: 103 Way: 0 Address: 0xf6e819e8
  Set: 104 Way: 0 Address: 0xf6e81a14
  Set: 104 Way: 1 Address: 0x181c81a20
  Set: 104 Way: 2 Address: 0x19c791a20
  Set: 105 Way: 0 Address: 0xf6e81a50
  Set: 105 Way: 1 Address: 0x181c81a60
  Set: 106 Way: 0 Address: 0xf6e81a90
  Set: 107 Way: 0 Address: 0xf6e81afc
  Set: 108 Way: 0 Address: 0xf6e81b34
  Set: 109 Way: 0 Address: 0xf6e81b4c
  Set: 110 Way: 0 Address: 0xf6e81bac
  Set: 111 Way: 0 Address: 0xf6e81bcc
  Set: 134 Way: 0 Address: 0x1995f21b0
  Set: 142 Way: 0 Address: 0x9cff2390
  Set: 143 Way: 0 Address: 0x9cff23c0
  Set: 144 Way: 0 Address: 0x9cff242a
  Set: 145 Way: 0 Address: 0x9cff2446
  Set: 146 Way: 0 Address: 0x9cff2482
  Set: 147 Way: 0 Address: 0x9cff24c1
  Set: 148 Way: 0 Address: 0x9cff2501
  Set: 149 Way: 0 Address: 0x9cff2543
  Set: 151 Way: 0 Address: 0x9cff25c8
  Set: 152 Way: 0 Address: 0x9cff2600
  Set: 153 Way: 0 Address: 0x9cff2645
  Set: 167 Way: 0 Address: 0x133c929f8
  Set: 168 Way: 0 Address: 0x133c92a00
  Set: 169 Way: 0 Address: 0x1064c2a40
  Set: 169 Way: 1 Address: 0x133c92a40
  Set: 170 Way: 0 Address: 0x133c92a80
  Set: 171 Way: 0 Address: 0x133c92ac0
  Set: 172 Way: 0 Address: 0x133c92b00
  Set: 173 Way: 0 Address: 0x133c92b40
  Set: 174 Way: 0 Address: 0x6d0c2bb0
  Set: 174 Way: 1 Address: 0x133c92b80
  Set: 175 Way: 0 Address: 0x133c92bc0
  Set: 193 Way: 0 Address: 0x3c56b3070
  Set: 197 Way: 0 Address: 0x3b080317c
  Set: 198 Way: 0 Address: 0x2b2e9318c
  Set: 198 Way: 1 Address: 0x3b0803180
  Set: 199 Way: 0 Address: 0x2b2e931c0
  Set: 199 Way: 1 Address: 0x3b08031c0
  Set: 200 Way: 0 Address: 0x2b2e93200
  Set: 200 Way: 1 Address: 0x3b0803200
  Set: 201 Way: 0 Address: 0x2b2e93240
  Set: 201 Way: 1 Address: 0x3b0803240
  Set: 202 Way: 0 Address: 0x2b2e93280
  Set: 202 Way: 1 Address: 0x3b0803280
  Set: 203 Way: 0 Address: 0x2b2e932c0
  Set: 203 Way: 1 Address: 0x3b08032c0
  Set: 204 Way: 0 Address: 0x2b2e93300
  Set: 204 Way: 1 Address: 0x3b0803300
  Set: 205 Way: 0 Address: 0x2b2e93340
  Set: 205 Way: 1 Address: 0x3b0803340
  Set: 206 Way: 0 Address: 0x2b2e93380
  Set: 207 Way: 0 Address: 0x2b2e933c0
  Set: 208 Way: 0 Address: 0x2b2e93400
  Set: 209 Way: 0 Address: 0x2b2e93440
  Set: 210 Way: 0 Address: 0x34a8734ac
  Set: 211 Way: 0 Address: 0x34a8734c0
  Set: 212 Way: 0 Address: 0x34a873500
  Set: 213 Way: 0 Address: 0x34a873540
  Set: 214 Way: 0 Address: 0x34a873580
  Set: 215 Way: 0 Address: 0x34a8735c0
  Set: 216 Way: 0 Address: 0x34a873600
  Set: 217 Way: 0 Address: 0x34a873640
  Set: 232 Way: 0 Address: 0x3232f3a30
  Set: 233 Way: 0 Address: 0x257713a48
  Set: 256 Way: 0 Address: 0x397bb4018
  Set: 257 Way: 0 Address: 0x397bb4078
  Set: 268 Way: 0 Address: 0x3de4d4300
  Set: 291 Way: 0 Address: 0x1ab448e8
  Set: 292 Way: 0 Address: 0x1ab44900
  Set: 293 Way: 0 Address: 0x1ab44940
  Set: 294 Way: 0 Address: 0x1ab44980
  Set: 295 Way: 0 Address: 0x1ab449c0
  Set: 296 Way: 0 Address: 0x1ab44a00
  Set: 297 Way: 0 Address: 0x1ab44a40
  Set: 298 Way: 0 Address: 0x1ab44a80
  Set: 300 Way: 0 Address: 0xb8004b08
  Set: 301 Way: 0 Address: 0x129934b78
  Set: 301 Way: 1 Address: 0x3c1074b70
  Set: 302 Way: 0 Address: 0x129934b80
  Set: 320 Way: 0 Address: 0x195f15000
  Set: 332 Way: 0 Address: 0x272585318
  Set: 332 Way: 1 Address: 0x34a0e5300
  Set: 373 Way: 0 Address: 0x354d35d60
  Set: 374 Way: 0 Address: 0x354d35d80
  Set: 375 Way: 0 Address: 0x354d35dc8
  Set: 377 Way: 0 Address: 0x1b0f15e4c
  Set: 378 Way: 0 Address: 0x1b0f15e80
  Set: 379 Way: 0 Address: 0x1b0f15ec0
  Set: 380 Way: 0 Address: 0x1b0f15f00
  Set: 381 Way: 0 Address: 0x1b0f15f40
  Set: 382 Way: 0 Address: 0x1b0f15f80
  Set: 383 Way: 0 Address: 0x1b0f15fc0
  Set: 398 Way: 0 Address: 0x27d4c639c
  Set: 399 Way: 0 Address: 0x27d4c63c0
  Set: 400 Way: 0 Address: 0x27d4c6400
  Set: 401 Way: 0 Address: 0x27d4c6440
  Set: 402 Way: 0 Address: 0x27d4c6480
  Set: 403 Way: 0 Address: 0x27d4c64c0
  Set: 404 Way: 0 Address: 0x27d4c6500
  Set: 405 Way: 0 Address: 0x27d4c6540
  Set: 422 Way: 0 Address: 0x43736980
  Set: 423 Way: 0 Address: 0x3dae669f8
  Set: 425 Way: 0 Address: 0x3dae66a68
  Set: 425 Way: 1 Address: 0x84896a70
  Set: 425 Way: 2 Address: 0x211d16a78
  Set: 425 Way: 3 Address: 0x3d87a6a50
  Set: 426 Way: 0 Address: 0x3dae66a80
  Set: 451 Way: 0 Address: 0x276ff70d4
  Set: 452 Way: 0 Address: 0x276ff7100
  Set: 456 Way: 0 Address: 0x276ff7232
  Set: 457 Way: 0 Address: 0x276ff7240
  Set: 458 Way: 0 Address: 0x276ff7280
  Set: 462 Way: 0 Address: 0x276ff7392
  Set: 463 Way: 0 Address: 0x276ff73c0
  Set: 467 Way: 0 Address: 0x276ff74f2
  Set: 468 Way: 0 Address: 0x276ff7500
  Set: 469 Way: 0 Address: 0x276ff7546
  Set: 473 Way: 0 Address: 0x309887650
  Set: 473 Way: 1 Address: 0x276ff7652
  Set: 474 Way: 0 Address: 0x276ff7690
  Set: 478 Way: 0 Address: 0x276ff77b6
  Set: 479 Way: 0 Address: 0x276ff77c6
  Set: 480 Way: 0 Address: 0x276ff7802
  Set: 484 Way: 0 Address: 0x276ff7912
  Set: 485 Way: 0 Address: 0x276ff794e
  Set: 489 Way: 0 Address: 0x276ff7a72
  Set: 490 Way: 0 Address: 0x276ff7a80
  Set: 491 Way: 0 Address: 0x276ff7ac8
  Set: 493 Way: 0 Address: 0x276ff7b40
  Set: 495 Way: 0 Address: 0x276ff7bd2
  Set: 496 Way: 0 Address: 0xbeea7c2c
  Set: 496 Way: 1 Address: 0x276ff7c0e
  Set: 497 Way: 0 Address: 0xbeea7c40
  Set: 498 Way: 0 Address: 0x276ff7c80
  Set: 498 Way: 1 Address: 0xbeea7c80
  Set: 499 Way: 0 Address: 0xbeea7cc0
  Set: 500 Way: 0 Address: 0x276ff7d38
  Set: 500 Way: 1 Address: 0xbeea7d00
  Set: 501 Way: 0 Address: 0x276ff7d40
  Set: 501 Way: 1 Address: 0xbeea7d40
  Set: 502 Way: 0 Address: 0x276ff7d80
  Set: 502 Way: 1 Address: 0xbeea7d80
  Set: 503 Way: 0 Address: 0x276ff7dc0
  Set: 503 Way: 1 Address: 0xbeea7dc0
  Set: 504 Way: 0 Address: 0x276ff7e00
  Set: 506 Way: 0 Address: 0x276ff7e92
  Set: 507 Way: 0 Address: 0x276ff7ece
  Set: 508 Way: 0 Address: 0x276ff7f00
  Set: 509 Way: 0 Address: 0x276ff7f40
  Set: 511 Way: 0 Address: 0x276ff7ff2
  Set: 512 Way: 0 Address: 0x3bdd78000
  Set: 524 Way: 0 Address: 0x1aafb8310
  Set: 552 Way: 0 Address: 0x2c9898a28
  Set: 573 Way: 0 Address: 0x3bdd78f5c
  Set: 574 Way: 0 Address: 0x3bdd78f80
  Set: 575 Way: 0 Address: 0x3bdd78fc0
  Set: 576 Way: 0 Address: 0x292959000
  Set: 577 Way: 0 Address: 0x2ee369078
  Set: 577 Way: 1 Address: 0x292959040
  Set: 577 Way: 2 Address: 0x2fa0c9072
  Set: 578 Way: 0 Address: 0x2fa0c9080
  Set: 579 Way: 0 Address: 0x2fa0c90c2
  Set: 581 Way: 0 Address: 0x292959152
  Set: 582 Way: 0 Address: 0x29295918e
  Set: 582 Way: 1 Address: 0x2fa0c9180
  Set: 583 Way: 0 Address: 0x2fa0c91c0
  Set: 584 Way: 0 Address: 0x2fa0c9200
  Set: 585 Way: 0 Address: 0x2fa0c9240
  Set: 586 Way: 0 Address: 0x2929592b2
  Set: 587 Way: 0 Address: 0x2929592c0
  Set: 588 Way: 0 Address: 0x292959302
  Set: 588 Way: 1 Address: 0x2fa0c9332
  Set: 589 Way: 0 Address: 0x2fa0c9340
  Set: 590 Way: 0 Address: 0x2fa0c9380
  Set: 592 Way: 0 Address: 0x292959414
  Set: 593 Way: 0 Address: 0x29295946c
  Set: 593 Way: 1 Address: 0x2fa0c9440
  Set: 594 Way: 0 Address: 0x2fa0c9480
  Set: 595 Way: 0 Address: 0x2fa0c94c0
  Set: 596 Way: 0 Address: 0x2fa0c9500
  Set: 597 Way: 0 Address: 0x292959576
  Set: 598 Way: 0 Address: 0x2929595ae
  Set: 598 Way: 1 Address: 0x2c87495bc
  Set: 599 Way: 0 Address: 0x2929595c0
  Set: 599 Way: 1 Address: 0x2c87495c0
  Set: 599 Way: 2 Address: 0x2fa0c95f2
  Set: 600 Way: 0 Address: 0x2c8749600
  Set: 600 Way: 1 Address: 0x2fa0c9600
  Set: 601 Way: 0 Address: 0x292959640
  Set: 601 Way: 1 Address: 0x2fa0c9640
  Set: 601 Way: 2 Address: 0x2c8749640
  Set: 602 Way: 0 Address: 0x2c8749680
  Set: 603 Way: 0 Address: 0x2929596d2
  Set: 603 Way: 1 Address: 0x2c87496c0
  Set: 604 Way: 0 Address: 0x29295970e
  Set: 604 Way: 1 Address: 0x2fa0c9700
  Set: 604 Way: 2 Address: 0x2c8749700
  Set: 605 Way: 0 Address: 0x2fa0c9740
  Set: 605 Way: 1 Address: 0x2c8749740
  Set: 606 Way: 0 Address: 0x292959780
  Set: 606 Way: 1 Address: 0x2fa0c9780
  Set: 606 Way: 2 Address: 0x2c8749780
  Set: 607 Way: 0 Address: 0x2fa0c97c0
  Set: 608 Way: 0 Address: 0x292959832
  Set: 609 Way: 0 Address: 0x29295986e
  Set: 610 Way: 0 Address: 0x292959880
  Set: 610 Way: 1 Address: 0x2fa0c98b2
  Set: 611 Way: 0 Address: 0x2929598c0
  Set: 611 Way: 1 Address: 0x2fa0c98c0
  Set: 612 Way: 0 Address: 0x292959900
  Set: 612 Way: 1 Address: 0x2fa0c9900
  Set: 614 Way: 0 Address: 0x292959992
  Set: 615 Way: 0 Address: 0x2929599ce
  Set: 615 Way: 1 Address: 0x2fa0c99c0
  Set: 616 Way: 0 Address: 0x292959a00
  Set: 616 Way: 1 Address: 0x2fa0c9a00
  Set: 617 Way: 0 Address: 0x292959a40
  Set: 617 Way: 1 Address: 0x312099a58
  Set: 617 Way: 2 Address: 0x2fa0c9a40
  Set: 618 Way: 0 Address: 0x2fa0c9a80
  Set: 619 Way: 0 Address: 0x292959af2
  Set: 620 Way: 0 Address: 0x292959b00
  Set: 621 Way: 0 Address: 0x292959b42
  Set: 621 Way: 1 Address: 0x2fa0c9b76
  Set: 622 Way: 0 Address: 0x292959b80
  Set: 622 Way: 1 Address: 0x2fa0c9b80
  Set: 623 Way: 0 Address: 0x2fa0c9bc0
  Set: 624 Way: 0 Address: 0x292959c00
  Set: 625 Way: 0 Address: 0x292959c40
  Set: 626 Way: 0 Address: 0x292959c80
  Set: 626 Way: 1 Address: 0x2fa0c9c80
  Set: 627 Way: 0 Address: 0x292959cc0
  Set: 627 Way: 1 Address: 0x2fa0c9cc0
  Set: 628 Way: 0 Address: 0x2fa0c9d00
  Set: 629 Way: 0 Address: 0x292959d40
  Set: 629 Way: 1 Address: 0x2fa0c9d40
  Set: 630 Way: 0 Address: 0x292959db4
  Set: 631 Way: 0 Address: 0x292959dc0
  Set: 632 Way: 0 Address: 0x292959e00
  Set: 632 Way: 1 Address: 0x2fa0c9e32
  Set: 633 Way: 0 Address: 0x2fa0c9e40
  Set: 634 Way: 0 Address: 0x292959e80
  Set: 634 Way: 1 Address: 0x2fa0c9e80
  Set: 635 Way: 0 Address: 0x292959ec0
  Set: 636 Way: 0 Address: 0x292959f00
  Set: 637 Way: 0 Address: 0x292959f40
  Set: 637 Way: 1 Address: 0x2fa0c9f40
  Set: 638 Way: 0 Address: 0x292959f80
  Set: 638 Way: 1 Address: 0x2fa0c9f80
  Set: 639 Way: 0 Address: 0x292959fc0
  Set: 639 Way: 1 Address: 0x2fa0c9fc0
  Set: 642 Way: 0 Address: 0x223eda0a8
  Set: 643 Way: 0 Address: 0xc67da0f4
  Set: 644 Way: 0 Address: 0xc67da100
  Set: 645 Way: 0 Address: 0xc67da140
  Set: 648 Way: 0 Address: 0x1d89da208
  Set: 648 Way: 1 Address: 0xc67da200
  Set: 649 Way: 0 Address: 0xc67da240
  Set: 650 Way: 0 Address: 0xc67da280
  Set: 651 Way: 0 Address: 0xc67da2c0
  Set: 654 Way: 0 Address: 0xc67da3b2
  Set: 655 Way: 0 Address: 0xc67da3c0
  Set: 656 Way: 0 Address: 0xc67da402
  Set: 659 Way: 0 Address: 0xc67da4c0
  Set: 660 Way: 0 Address: 0xc67da500
  Set: 661 Way: 0 Address: 0xc67da540
  Set: 662 Way: 0 Address: 0xc67da580
  Set: 665 Way: 0 Address: 0xc67da672
  Set: 666 Way: 0 Address: 0xc67da680
  Set: 667 Way: 0 Address: 0xc67da6c0
  Set: 670 Way: 0 Address: 0xc67da780
  Set: 671 Way: 0 Address: 0xc67da7c0
  Set: 672 Way: 0 Address: 0xc67da800
  Set: 673 Way: 0 Address: 0xc67da840
  Set: 676 Way: 0 Address: 0xc67da934
  Set: 677 Way: 0 Address: 0xc67da940
  Set: 678 Way: 0 Address: 0xc67da980
  Set: 681 Way: 0 Address: 0xc67daa40
  Set: 682 Way: 0 Address: 0xc67daa80
  Set: 683 Way: 0 Address: 0xc67daac0
  Set: 684 Way: 0 Address: 0xc67dab00
  Set: 687 Way: 0 Address: 0xc67dabf2
  Set: 688 Way: 0 Address: 0xc67dac00
  Set: 689 Way: 0 Address: 0xc67dac40
  Set: 692 Way: 0 Address: 0xc67dad00
  Set: 693 Way: 0 Address: 0xc67dad40
  Set: 694 Way: 0 Address: 0xc67dad80
  Set: 695 Way: 0 Address: 0xc67dadc0
  Set: 716 Way: 0 Address: 0x394edb308
  Set: 731 Way: 0 Address: 0xcf83b6cc
  Set: 732 Way: 0 Address: 0xcf83b700
  Set: 733 Way: 0 Address: 0xcf83b740
  Set: 734 Way: 0 Address: 0xcf83b780
  Set: 735 Way: 0 Address: 0xcf83b7c0
  Set: 736 Way: 0 Address: 0xcf83b800
  Set: 737 Way: 0 Address: 0xcf83b840
  Set: 738 Way: 0 Address: 0xcf83b880
  Set: 744 Way: 0 Address: 0xc0d9ba38
  Set: 756 Way: 0 Address: 0x3b377bd3c
  Set: 757 Way: 0 Address: 0x3b377bd40
  Set: 758 Way: 0 Address: 0x3b377bd80
  Set: 759 Way: 0 Address: 0x3b377bdc0
  Set: 760 Way: 0 Address: 0x3b377be00
  Set: 761 Way: 0 Address: 0x3b377be40
  Set: 762 Way: 0 Address: 0x3b377be80
  Set: 763 Way: 0 Address: 0x3b377bec0
  Set: 764 Way: 0 Address: 0x3b377bf00
  Set: 768 Way: 0 Address: 0xdf85c000
  Set: 768 Way: 1 Address: 0x32f48c000
  Set: 769 Way: 0 Address: 0x32f48c040
  Set: 770 Way: 0 Address: 0x32f48c080
  Set: 771 Way: 0 Address: 0x32f48c0c0
  Set: 772 Way: 0 Address: 0x32f48c100
  Set: 778 Way: 0 Address: 0x38e35c29c
  Set: 779 Way: 0 Address: 0x38e35c2c0
  Set: 780 Way: 0 Address: 0x38e35c300
  Set: 781 Way: 0 Address: 0x38e35c340
  Set: 782 Way: 0 Address: 0x38e35c380
  Set: 783 Way: 0 Address: 0x38e35c3c0
  Set: 784 Way: 0 Address: 0x38e35c400
  Set: 785 Way: 0 Address: 0x38e35c440
  Set: 786 Way: 0 Address: 0x38e35c480
  Set: 787 Way: 0 Address: 0x38e35c4c0
  Set: 788 Way: 0 Address: 0x38e35c500
  Set: 789 Way: 0 Address: 0x38e35c540
  Set: 799 Way: 0 Address: 0x29484c7f8
  Set: 838 Way: 0 Address: 0x23755d1a8
  Set: 872 Way: 0 Address: 0x5588da00
  Set: 873 Way: 0 Address: 0x1adda68
  Set: 874 Way: 0 Address: 0x5588da80
  Set: 896 Way: 0 Address: 0x28b67e000
  Set: 896 Way: 1 Address: 0x1f919e010
  Set: 897 Way: 0 Address: 0x1f919e070
  Set: 898 Way: 0 Address: 0x1f919e0a8
  Set: 927 Way: 0 Address: 0x28b67e7f8
  Set: 927 Way: 1 Address: 0x20597e7dc
  Set: 928 Way: 0 Address: 0x20597e800
  Set: 929 Way: 0 Address: 0x20597e840
  Set: 930 Way: 0 Address: 0x20597e880
  Set: 931 Way: 0 Address: 0x20597e8c0
  Set: 932 Way: 0 Address: 0x20597e900
  Set: 933 Way: 0 Address: 0x20597e940
  Set: 934 Way: 0 Address: 0x20597e980
  Set: 936 Way: 0 Address: 0x2db79ea18
  Set: 937 Way: 0 Address: 0x2db79ea40
  Set: 940 Way: 0 Address: 0x1c084eb08
  Set: 941 Way: 0 Address: 0x2f5d8eb78
  Set: 941 Way: 1 Address: 0x1c084eb40
  Set: 942 Way: 0 Address: 0x1c084eb80
  Set: 943 Way: 0 Address: 0x1c084ebc0
  Set: 944 Way: 0 Address: 0x1c084ec00
  Set: 945 Way: 0 Address: 0x1c084ec40
  Set: 946 Way: 0 Address: 0x1c084ec80
  Set: 947 Way: 0 Address: 0x1c084ecc0
  Set: 959 Way: 0 Address: 0x3734eefe8
  Set: 960 Way: 0 Address: 0xee86f000
  Set: 961 Way: 0 Address: 0xee86f040
  Set: 962 Way: 0 Address: 0xee86f080
  Set: 963 Way: 0 Address: 0xee86f0c0
  Set: 964 Way: 0 Address: 0xee86f100
  Set: 965 Way: 0 Address: 0xee86f140
  Set: 966 Way: 0 Address: 0xee86f19e
  Set: 967 Way: 0 Address: 0xee86f1c0
  Set: 968 Way: 0 Address: 0xee86f200
  Set: 969 Way: 0 Address: 0xee86f240
  Set: 970 Way: 0 Address: 0xee86f280
  Set: 970 Way: 1 Address: 0x23756f28c
  Set: 971 Way: 0 Address: 0xee86f2c0
  Set: 971 Way: 1 Address: 0x23756f2c0
  Set: 972 Way: 0 Address: 0x23756f300
  Set: 973 Way: 0 Address: 0x23756f340
  Set: 974 Way: 0 Address: 0x23756f380
  Set: 975 Way: 0 Address: 0x23756f3c0
  Set: 976 Way: 0 Address: 0x23756f400
  Set: 977 Way: 0 Address: 0x23756f440
  Set: 995 Way: 0 Address: 0x16390f8c8
  Set: 1000 Way: 0 Address: 0x22272fa08
  Set: 1015 Way: 0 Address: 0x143efdc0
  Set: 1016 Way: 0 Address: 0x143efe00
  Set: 1017 Way: 0 Address: 0x143efe40
  Set: 1018 Way: 0 Address: 0x143efe80
  Set: 1021 Way: 0 Address: 0x143eff58
  Set: 1022 Way: 0 Address: 0x143effa4
  Set: 1023 Way: 0 Address: 0x143efffc
EndCache
Cache: cpu0_L1I
  Set: 14 Way: 0 Address: 0x9cff23b8
  Set: 15 Way: 0 Address: 0x9cff23dc
  Set: 16 Way: 0 Address: 0x9cff242a
  Set: 17 Way: 0 Address: 0x9cff246b
  Set: 18 Way: 0 Address: 0x9cff24a6
  Set: 19 Way: 0 Address: 0x9cff24f0
  Set: 20 Way: 0 Address: 0x9cff2501
  Set: 21 Way: 0 Address: 0x9cff256a
  Set: 23 Way: 0 Address: 0x9cff25fc
  Set: 24 Way: 0 Address: 0x9cff263b
  Set: 25 Way: 0 Address: 0x9cff2645
  Set: 34 Way: 0 Address: 0x2a48418a0
  Set: 35 Way: 0 Address: 0x2a48418c0
  Set: 37 Way: 0 Address: 0x2a4841975
  Set: 38 Way: 0 Address: 0x2a4841980
EndCache
Cache: cpu0_L1D
  Set: 0 Way: 0 Address: 0xdf85c000
  Set: 0 Way: 1 Address: 0x28b67e000
  Set: 0 Way: 2 Address: 0x195f15000
  Set: 0 Way: 3 Address: 0x1f919e010
  Set: 0 Way: 4 Address: 0x397bb4018
  Set: 0 Way: 5 Address: 0xee86f000
  Set: 0 Way: 6 Address: 0x292959008
  Set: 0 Way: 7 Address: 0x32f48c004
  Set: 0 Way: 8 Address: 0x3bdd78000
  Set: 1 Way: 0 Address: 0x1f919e070
  Set: 1 Way: 1 Address: 0x3c56b3070
  Set: 1 Way: 2 Address: 0x397bb4078
  Set: 1 Way: 3 Address: 0x2ee369078
  Set: 1 Way: 4 Address: 0xee86f05c
  Set: 1 Way: 5 Address: 0x342b4006c
  Set: 1 Way: 6 Address: 0x292959040
  Set: 1 Way: 7 Address: 0x2fa0c907a
  Set: 1 Way: 8 Address: 0x32f48c040
  Set: 2 Way: 0 Address: 0x1f919e0a8
  Set: 2 Way: 1 Address: 0x223eda0a8
  Set: 2 Way: 2 Address: 0xee86f096
  Set: 2 Way: 3 Address: 0x342b40080
  Set: 2 Way: 4 Address: 0x2fa0c908c
  Set: 2 Way: 5 Address: 0x32f48c080
  Set: 3 Way: 0 Address: 0xee86f0de
  Set: 3 Way: 1 Address: 0x2fa0c90c8
  Set: 3 Way: 2 Address: 0x342b400c0
  Set: 3 Way: 3 Address: 0xc67da0fc
  Set: 3 Way: 4 Address: 0x276ff70e8
  Set: 3 Way: 5 Address: 0x32f48c0c0
  Set: 4 Way: 0 Address: 0xee86f114
  Set: 4 Way: 1 Address: 0xc67da10e
  Set: 4 Way: 2 Address: 0x342b40100
  Set: 4 Way: 3 Address: 0x276ff7100
  Set: 4 Way: 4 Address: 0x32f48c100
  Set: 5 Way: 0 Address: 0xee86f140
  Set: 5 Way: 1 Address: 0x29295916c
  Set: 5 Way: 2 Address: 0x3b080317c
  Set: 5 Way: 3 Address: 0xc67da14c
  Set: 5 Way: 4 Address: 0x342b40140
  Set: 6 Way: 0 Address: 0x1995f21b0
  Set: 6 Way: 1 Address: 0x23755d1a8
  Set: 6 Way: 2 Address: 0xee86f1ac
  Set: 6 Way: 3 Address: 0x2b2e9318c
  Set: 6 Way: 4 Address: 0x3b0803180
  Set: 6 Way: 5 Address: 0x29295919e
  Set: 6 Way: 6 Address: 0x2fa0c9180
  Set: 6 Way: 7 Address: 0x342b40180
  Set: 7 Way: 0 Address: 0xee86f1f6
  Set: 7 Way: 1 Address: 0x2fa0c91c0
  Set: 7 Way: 2 Address: 0x2b2e931c0
  Set: 7 Way: 3 Address: 0x3b08031c0
  Set: 7 Way: 4 Address: 0x342b401c0
  Set: 8 Way: 0 Address: 0x1d89da208
  Set: 8 Way: 1 Address: 0xee86f200
  Set: 8 Way: 2 Address: 0x2fa0c9200
  Set: 8 Way: 3 Address: 0x2b2e93200
  Set: 8 Way: 4 Address: 0x3b0803200
  Set: 8 Way: 5 Address: 0xc67da200
  Set: 8 Way: 6 Address: 0x276ff723a
  Set: 8 Way: 7 Address: 0x342b40200
  Set: 9 Way: 0 Address: 0xee86f240
  Set: 9 Way: 1 Address: 0x2fa0c9240
  Set: 9 Way: 2 Address: 0xc67da240
  Set: 9 Way: 3 Address: 0x2b2e93240
  Set: 9 Way: 4 Address: 0x3b0803240
  Set: 9 Way: 5 Address: 0x276ff724c
  Set: 10 Way: 0 Address: 0x38e35c29c
  Set: 10 Way: 1 Address: 0x2929592b6
  Set: 10 Way: 2 Address: 0xee86f280
  Set: 10 Way: 3 Address: 0x23756f28c
  Set: 10 Way: 4 Address: 0xc67da280
  Set: 10 Way: 5 Address: 0x2b2e93280
  Set: 10 Way: 6 Address: 0x3b0803280
  Set: 10 Way: 7 Address: 0x276ff7280
  Set: 11 Way: 0 Address: 0x2929592c8
  Set: 11 Way: 1 Address: 0xee86f2c0
  Set: 11 Way: 2 Address: 0x38e35c2c0
  Set: 11 Way: 3 Address: 0x23756f2c0
  Set: 11 Way: 4 Address: 0x2b2e932c0
  Set: 11 Way: 5 Address: 0xc67da2c0
  Set: 11 Way: 6 Address: 0x3b08032c0
  Set: 12 Way: 0 Address: 0x3de4d4300
  Set: 12 Way: 1 Address: 0x1aafb8310
  Set: 12 Way: 2 Address: 0x394edb308
  Set: 12 Way: 3 Address: 0x29295930a
  Set: 12 Way: 4 Address: 0x272585318
  Set: 12 Way: 5 Address: 0x2fa0c933a
  Set: 12 Way: 6 Address: 0x38e35c300
  Set: 12 Way: 7 Address: 0x2b2e93300
  Set: 12 Way: 8 Address: 0x23756f300
  Set: 12 Way: 9 Address: 0x28a940320
  Set: 12 Way: 10 Address: 0x34a0e5300
  Set: 12 Way: 11 Address: 0x3b0803300
  Set: 13 Way: 0 Address: 0x2fa0c934c
  Set: 13 Way: 1 Address: 0x2b2e93340
  Set: 13 Way: 2 Address: 0x38e35c340
  Set: 13 Way: 3 Address: 0x23756f340
  Set: 13 Way: 4 Address: 0x3b0803340
  Set: 14 Way: 0 Address: 0x27d4c639c
  Set: 14 Way: 1 Address: 0x2fa0c938a
  Set: 14 Way: 2 Address: 0x2b2e93380
  Set: 14 Way: 3 Address: 0xc67da3b4
  Set: 14 Way: 4 Address: 0x276ff73ac
  Set: 14 Way: 5 Address: 0x38e35c380
  Set: 14 Way: 6 Address: 0x23756f380
  Set: 15 Way: 0 Address: 0x27d4c63c0
  Set: 15 Way: 1 Address: 0x38e35c3c0
  Set: 15 Way: 2 Address: 0xc67da3cc
  Set: 15 Way: 3 Address: 0x276ff73c0
  Set: 15 Way: 4 Address: 0x2b2e933c0
  Set: 15 Way: 5 Address: 0x23756f3c0
  Set: 16 Way: 0 Address: 0x29295942c
  Set: 16 Way: 1 Address: 0x38e35c400
  Set: 16 Way: 2 Address: 0x27d4c6400
  Set: 16 Way: 3 Address: 0xc67da40a
  Set: 16 Way: 4 Address: 0x2b2e93400
  Set: 16 Way: 5 Address: 0x23756f400
  Set: 17 Way: 0 Address: 0x29295946c
  Set: 17 Way: 1 Address: 0x2fa0c9440
  Set: 17 Way: 2 Address: 0x38e35c440
  Set: 17 Way: 3 Address: 0x27d4c6440
  Set: 17 Way: 4 Address: 0x2b2e93440
  Set: 17 Way: 5 Address: 0x23756f440
  Set: 18 Way: 0 Address: 0x34a8734ac
  Set: 18 Way: 1 Address: 0x2fa0c9480
  Set: 18 Way: 2 Address: 0x38e35c480
  Set: 18 Way: 3 Address: 0x27d4c6480
  Set: 19 Way: 0 Address: 0x276ff74fc
  Set: 19 Way: 1 Address: 0x34a8734c0
  Set: 19 Way: 2 Address: 0x2fa0c94c0
  Set: 19 Way: 3 Address: 0xc67da4c0
  Set: 19 Way: 4 Address: 0x38e35c4c0
  Set: 19 Way: 5 Address: 0x27d4c64c0
  Set: 20 Way: 0 Address: 0x276ff7508
  Set: 20 Way: 1 Address: 0x2fa0c9500
  Set: 20 Way: 2 Address: 0x34a873500
  Set: 20 Way: 3 Address: 0xc67da500
  Set: 20 Way: 4 Address: 0x38e35c500
  Set: 20 Way: 5 Address: 0x27d4c6500
  Set: 21 Way: 0 Address: 0x292959574
  Set: 21 Way: 1 Address: 0x276ff754c
  Set: 21 Way: 2 Address: 0x34a873540
  Set: 21 Way: 3 Address: 0xc67da540
  Set: 21 Way: 4 Address: 0x38e35c540
  Set: 21 Way: 5 Address: 0x27d4c6540
  Set: 22 Way: 0 Address: 0x2929595b0
  Set: 22 Way: 1 Address: 0x2c87495bc
  Set: 22 Way: 2 Address: 0xc67da580
  Set: 22 Way: 3 Address: 0x34a873580
  Set: 23 Way: 0 Address: 0x2929595c0
  Set: 23 Way: 1 Address: 0x2c87495c0
  Set: 23 Way: 2 Address: 0x2fa0c95fe
  Set: 23 Way: 3 Address: 0x34a8735c0
  Set: 24 Way: 0 Address: 0x2c8749600
  Set: 24 Way: 1 Address: 0x2fa0c960a
  Set: 24 Way: 2 Address: 0x34a873600
  Set: 25 Way: 0 Address: 0x309887650
  Set: 25 Way: 1 Address: 0x276ff766a
  Set: 25 Way: 2 Address: 0x292959640
  Set: 25 Way: 3 Address: 0x2fa0c9648
  Set: 25 Way: 4 Address: 0x2c8749640
  Set: 25 Way: 5 Address: 0xc67da67c
  Set: 25 Way: 6 Address: 0x34a873640
  Set: 26 Way: 0 Address: 0x276ff76a0
  Set: 26 Way: 1 Address: 0xc67da68c
  Set: 26 Way: 2 Address: 0x2c8749680
  Set: 27 Way: 0 Address: 0x2929596ee
  Set: 27 Way: 1 Address: 0xcf83b6cc
  Set: 27 Way: 2 Address: 0xc67da6c4
  Set: 27 Way: 3 Address: 0x2c87496c0
  Set: 28 Way: 0 Address: 0x29295970e
  Set: 28 Way: 1 Address: 0xcf83b700
  Set: 28 Way: 2 Address: 0x2fa0c9700
  Set: 28 Way: 3 Address: 0x2c8749700
  Set: 29 Way: 0 Address: 0x2fa0c9740
  Set: 29 Way: 1 Address: 0xcf83b740
  Set: 29 Way: 2 Address: 0x2c8749740
  Set: 30 Way: 0 Address: 0xf6e817bc
  Set: 30 Way: 1 Address: 0x276ff77b2
  Set: 30 Way: 2 Address: 0x292959780
  Set: 30 Way: 3 Address: 0x2fa0c9780
  Set: 30 Way: 4 Address: 0xc67da780
  Set: 30 Way: 5 Address: 0xcf83b780
  Set: 30 Way: 6 Address: 0x2c8749780
  Set: 31 Way: 0 Address: 0x28b67e7f8
  Set: 31 Way: 1 Address: 0x29484c7f8
  Set: 31 Way: 2 Address: 0xf6e817c8
  Set: 31 Way: 3 Address: 0x276ff77c2
  Set: 31 Way: 4 Address: 0x20597e7dc
  Set: 31 Way: 5 Address: 0x2fa0c97c0
  Set: 31 Way: 6 Address: 0xc67da7c0
  Set: 31 Way: 7 Address: 0xcf83b7c0
  Set: 32 Way: 0 Address: 0xf6e81814
  Set: 32 Way: 1 Address: 0x29295983c
  Set: 32 Way: 2 Address: 0x276ff780a
  Set: 32 Way: 3 Address: 0x20597e800
  Set: 32 Way: 4 Address: 0xc67da800
  Set: 32 Way: 5 Address: 0xcf83b800
  Set: 33 Way: 0 Address: 0xf6e81874
  Set: 33 Way: 1 Address: 0x29295986e
  Set: 33 Way: 2 Address: 0x20597e840
  Set: 33 Way: 3 Address: 0xc67da840
  Set: 33 Way: 4 Address: 0xcf83b840
  Set: 34 Way: 0 Address: 0xf6e818a8
  Set: 34 Way: 1 Address: 0x292959880
  Set: 34 Way: 2 Address: 0x2fa0c98be
  Set: 34 Way: 3 Address: 0x20597e880
  Set: 34 Way: 4 Address: 0xcf83b880
  Set: 35 Way: 0 Address: 0x16390f8c8
  Set: 35 Way: 1 Address: 0xf6e818d0
  Set: 35 Way: 2 Address: 0x1ab448e8
  Set: 35 Way: 3 Address: 0x2929598c0
  Set: 35 Way: 4 Address: 0x2fa0c98cc
  Set: 35 Way: 5 Address: 0x20597e8c0
  Set: 36 Way: 0 Address: 0xf6e81924
  Set: 36 Way: 1 Address: 0x276ff792e
  Set: 36 Way: 2 Address: 0x292959900
  Set: 36 Way: 3 Address: 0x1ab44900
  Set: 36 Way: 4 Address: 0x2fa0c990a
  Set: 36 Way: 5 Address: 0xc67da93e
  Set: 36 Way: 6 Address: 0x20597e900
  Set: 37 Way: 0 Address: 0xf6e8197c
  Set: 37 Way: 1 Address: 0x276ff795e
  Set: 37 Way: 2 Address: 0x1ab44940
  Set: 37 Way: 3 Address: 0xc67da94c
  Set: 37 Way: 4 Address: 0x20597e940
  Set: 38 Way: 0 Address: 0x43736980
  Set: 38 Way: 1 Address: 0xf6e819a8
  Set: 38 Way: 2 Address: 0x2929599ac
  Set: 38 Way: 3 Address: 0x1ab44980
  Set: 38 Way: 4 Address: 0xc67da984
  Set: 38 Way: 5 Address: 0x20597e980
  Set: 39 Way: 0 Address: 0xf6e819e8
  Set: 39 Way: 1 Address: 0x3dae669f8
  Set: 39 Way: 2 Address: 0x133c929f8
  Set: 39 Way: 3 Address: 0x2929599e6
  Set: 39 Way: 4 Address: 0x2fa0c99c0
  Set: 39 Way: 5 Address: 0x1ab449c0
  Set: 40 Way: 0 Address: 0xf6e81a14
  Set: 40 Way: 1 Address: 0x181c81a20
  Set: 40 Way: 2 Address: 0x19c791a20
  Set: 40 Way: 3 Address: 0x1ab44a00
  Set: 40 Way: 4 Address: 0x2db79ea18
  Set: 40 Way: 5 Address: 0x2177f0a10
  Set: 40 Way: 6 Address: 0x2c9898a28
  Set: 40 Way: 7 Address: 0x3232f3a30
  Set: 40 Way: 8 Address: 0xc0d9ba38
  Set: 40 Way: 9 Address: 0x292959a00
  Set: 40 Way: 10 Address: 0x133c92a00
  Set: 40 Way: 11 Address: 0x2fa0c9a00
  Set: 41 Way: 0 Address: 0x257713a48
  Set: 41 Way: 1 Address: 0x133c92a40
  Set: 41 Way: 2 Address: 0x2fa0c9a40
  Set: 41 Way: 3 Address: 0xc67daa40
  Set: 41 Way: 4 Address: 0x276ff7a7e
  Set: 41 Way: 5 Address: 0x1ab44a40
  Set: 41 Way: 6 Address: 0x1064c2a40
  Set: 41 Way: 7 Address: 0xf6e81a48
  Set: 41 Way: 8 Address: 0x292959a40
  Set: 41 Way: 9 Address: 0x312099a58
  Set: 41 Way: 10 Address: 0x181c81a60
  Set: 41 Way: 11 Address: 0x3d87a6a50
  Set: 42 Way: 0 Address: 0xf6e81a90
  Set: 42 Way: 1 Address: 0x3dae66a80
  Set: 42 Way: 2 Address: 0x5588da80
  Set: 42 Way: 3 Address: 0x276ff7a88
  Set: 42 Way: 4 Address: 0x2fa0c9a80
  Set: 42 Way: 5 Address: 0x133c92a80
  Set: 42 Way: 6 Address: 0xc67daa80
  Set: 42 Way: 7 Address: 0x1ab44a80
  Set: 43 Way: 0 Address: 0xf6e81afc
  Set: 43 Way: 1 Address: 0x276ff7ac6
  Set: 43 Way: 2 Address: 0x292959afe
  Set: 43 Way: 3 Address: 0xc67daac0
  Set: 43 Way: 4 Address: 0x133c92ac0
  Set: 44 Way: 0 Address: 0xb8004b08
  Set: 44 Way: 1 Address: 0x1c084eb08
  Set: 44 Way: 2 Address: 0xf6e81b34
  Set: 44 Way: 3 Address: 0x292959b08
  Set: 44 Way: 4 Address: 0xc67dab00
  Set: 44 Way: 5 Address: 0x133c92b00
  Set: 45 Way: 0 Address: 0xf6e81b4c
  Set: 45 Way: 1 Address: 0x129934b78
  Set: 45 Way: 2 Address: 0x2f5d8eb78
  Set: 45 Way: 3 Address: 0x3c1074b70
  Set: 45 Way: 4 Address: 0x276ff7b40
  Set: 45 Way: 5 Address: 0x292959b48
  Set: 45 Way: 6 Address: 0x1c084eb40
  Set: 45 Way: 7 Address: 0x2fa0c9b7c
  Set: 45 Way: 8 Address: 0x168ef0b62
  Set: 45 Way: 9 Address: 0x133c92b40
  Set: 46 Way: 0 Address: 0x129934b80
  Set: 46 Way: 1 Address: 0xf6e81ba4
  Set: 46 Way: 2 Address: 0x6d0c2bb0
  Set: 46 Way: 3 Address: 0x292959b80
  Set: 46 Way: 4 Address: 0x2fa0c9b86
  Set: 46 Way: 5 Address: 0x1c084eb80
  Set: 46 Way: 6 Address: 0x168ef0b80
  Set: 46 Way: 7 Address: 0x133c92b80
  Set: 47 Way: 0 Address: 0xf6e81bcc
  Set: 47 Way: 1 Address: 0x276ff7bec
  Set: 47 Way: 2 Address: 0x2fa0c9bc6
  Set: 47 Way: 3 Address: 0x1c084ebc0
  Set: 47 Way: 4 Address: 0xc67dabf6
  Set: 47 Way: 5 Address: 0x133c92bc0
  Set: 48 Way: 0 Address: 0x292959c00
  Set: 48 Way: 1 Address: 0x6e620c18
  Set: 48 Way: 2 Address: 0xbeea7c2c
  Set: 48 Way: 3 Address: 0x276ff7c26
  Set: 48 Way: 4 Address: 0xc67dac0a
  Set: 48 Way: 5 Address: 0x1c084ec00
  Set: 49 Way: 0 Address: 0x292959c40
  Set: 49 Way: 1 Address: 0xbeea7c40
  Set: 49 Way: 2 Address: 0x6e620c40
  Set: 49 Way: 3 Address: 0x1c084ec40
  Set: 49 Way: 4 Address: 0xc67dac40
  Set: 50 Way: 0 Address: 0x276ff7c80
  Set: 50 Way: 1 Address: 0x292959c80
  Set: 50 Way: 2 Address: 0xbeea7c80
  Set: 50 Way: 3 Address: 0x6e620c80
  Set: 50 Way: 4 Address: 0x2fa0c9c80
  Set: 50 Way: 5 Address: 0x168ef0cba
  Set: 50 Way: 6 Address: 0x1c084ec80
  Set: 51 Way: 0 Address: 0x292959cc0
  Set: 51 Way: 1 Address: 0x2fa0c9cc0
  Set: 51 Way: 2 Address: 0xbeea7cc0
  Set: 51 Way: 3 Address: 0x6e620cc0
  Set: 51 Way: 4 Address: 0x168ef0ccc
  Set: 51 Way: 5 Address: 0x1c084ecc0
  Set: 52 Way: 0 Address: 0x276ff7d34
  Set: 52 Way: 1 Address: 0x3b377bd3c
  Set: 52 Way: 2 Address: 0x2fa0c9d00
  Set: 52 Way: 3 Address: 0xbeea7d00
  Set: 52 Way: 4 Address: 0x6e620d00
  Set: 52 Way: 5 Address: 0x168ef0d00
  Set: 52 Way: 6 Address: 0xc67dad00
  Set: 53 Way: 0 Address: 0x292959d40
  Set: 53 Way: 1 Address: 0x354d35d70
  Set: 53 Way: 2 Address: 0x276ff7d4c
  Set: 53 Way: 3 Address: 0x3b377bd40
  Set: 53 Way: 4 Address: 0x2fa0c9d40
  Set: 53 Way: 5 Address: 0xbeea7d40
  Set: 53 Way: 6 Address: 0x6e620d40
  Set: 53 Way: 7 Address: 0xc67dad40
  Set: 54 Way: 0 Address: 0x354d35d90
  Set: 54 Way: 1 Address: 0x276ff7d86
  Set: 54 Way: 2 Address: 0x292959dbc
  Set: 54 Way: 3 Address: 0x3b377bd80
  Set: 54 Way: 4 Address: 0xbeea7d80
  Set: 54 Way: 5 Address: 0x6e620d80
  Set: 54 Way: 6 Address: 0xc67dad80
  Set: 55 Way: 0 Address: 0x354d35dc8
  Set: 55 Way: 1 Address: 0x276ff7dc0
  Set: 55 Way: 2 Address: 0x292959dcc
  Set: 55 Way: 3 Address: 0x3b377bdc0
  Set: 55 Way: 4 Address: 0xc67dadc0
  Set: 55 Way: 5 Address: 0xbeea7dc0
  Set: 55 Way: 6 Address: 0x6e620dc0
  Set: 55 Way: 7 Address: 0x143efdc0
  Set: 56 Way: 0 Address: 0x276ff7e00
  Set: 56 Way: 1 Address: 0x292959e0c
  Set: 56 Way: 2 Address: 0x2fa0c9e3e
  Set: 56 Way: 3 Address: 0x3b377be00
  Set: 56 Way: 4 Address: 0x168ef0e2c
  Set: 56 Way: 5 Address: 0x143efe00
  Set: 57 Way: 0 Address: 0x1b0f15e4c
  Set: 57 Way: 1 Address: 0x2fa0c9e4c
  Set: 57 Way: 2 Address: 0x3b377be40
  Set: 57 Way: 3 Address: 0x168ef0e40
  Set: 57 Way: 4 Address: 0x143efe40
  Set: 58 Way: 0 Address: 0x292959e80
  Set: 58 Way: 1 Address: 0x276ff7eac
  Set: 58 Way: 2 Address: 0x1b0f15e80
  Set: 58 Way: 3 Address: 0x2fa0c9e86
  Set: 58 Way: 4 Address: 0x3b377be80
  Set: 58 Way: 5 Address: 0x143efe80
  Set: 59 Way: 0 Address: 0x276ff7ed6
  Set: 59 Way: 1 Address: 0x292959ec0
  Set: 59 Way: 2 Address: 0x1b0f15ec0
  Set: 59 Way: 3 Address: 0x3b377bec0
  Set: 60 Way: 0 Address: 0x276ff7f00
  Set: 60 Way: 1 Address: 0x292959f00
  Set: 60 Way: 2 Address: 0x1b0f15f00
  Set: 60 Way: 3 Address: 0x3b377bf00
  Set: 61 Way: 0 Address: 0x143eff58
  Set: 61 Way: 1 Address: 0x276ff7f40
  Set: 61 Way: 2 Address: 0x3bdd78f5c
  Set: 61 Way: 3 Address: 0x292959f40
  Set: 61 Way: 4 Address: 0x2fa0c9f40
  Set: 61 Way: 5 Address: 0x168ef0f7a
  Set: 61 Way: 6 Address: 0x1b0f15f40
  Set: 62 Way: 0 Address: 0x143effbc
  Set: 62 Way: 1 Address: 0x292959f80
  Set: 62 Way: 2 Address: 0x3bdd78f80
  Set: 62 Way: 3 Address: 0x2fa0c9f80
  Set: 62 Way: 4 Address: 0x168ef0f8c
  Set: 62 Way: 5 Address: 0x1b0f15f80
  Set: 63 Way: 0 Address: 0x3734eefe8
  Set: 63 Way: 1 Address: 0x292959fc0
  Set: 63 Way: 2 Address: 0x143effe0
  Set: 63 Way: 3 Address: 0x276ff7ffc
  Set: 63 Way: 4 Address: 0x3bdd78fc0
  Set: 63 Way: 5 Address: 0x2fa0c9fc0
  Set: 63 Way: 6 Address: 0x1b0f15fc0
  Set: 63 Way: 7 Address: 0x168ef0fc0
EndCache
Cache: cpu0_ITLB
  Set: 0 Way: 0 Address: 0x4608a0
  Set: 1 Way: 0 Address: 0x441482
EndCache
Cache: cpu0_DTLB
  Set: 0 Way: 0 Address: 0x1d70ba4
  Set: 0 Way: 1 Address: 0x730650
  Set: 0 Way: 2 Address: 0x1f40df8
  Set: 0 Way: 3 Address: 0x2a60cf6
  Set: 1 Way: 0 Address: 0x7618c8
  Set: 1 Way: 1 Address: 0x2a617c2
  Set: 1 Way: 2 Address: 0x1f41d3c
  Set: 2 Way: 0 Address: 0x2a625b0
  Set: 2 Way: 1 Address: 0x1f42e4c
  Set: 3 Way: 0 Address: 0x1f43f5c
  Set: 3 Way: 1 Address: 0x2a6308c
  Set: 4 Way: 0 Address: 0x2a6410e
  Set: 4 Way: 1 Address: 0x1f44004
  Set: 5 Way: 0 Address: 0x7fff6ec35fbc
  Set: 5 Way: 1 Address: 0x1f4506c
  Set: 6 Way: 0 Address: 0x7fff6ec361f6
  Set: 6 Way: 1 Address: 0x1f4617c
  Set: 7 Way: 0 Address: 0x1f4728c
  Set: 8 Way: 0 Address: 0x1f4839c
  Set: 9 Way: 0 Address: 0x1f494ac
  Set: 10 Way: 0 Address: 0x1f4a5bc
  Set: 11 Way: 0 Address: 0x1f4b6cc
  Set: 12 Way: 0 Address: 0x1f4c7dc
  Set: 13 Way: 0 Address: 0x1f4d8e8
  Set: 14 Way: 0 Address: 0x1d6e18c
  Set: 14 Way: 1 Address: 0x1f4e9f8
  Set: 15 Way: 0 Address: 0x1d6f29c
  Set: 15 Way: 1 Address: 0x1f3fdc8
  Set: 15 Way: 2 Address: 0x1f4fb08
EndCache
Cache: LLC
  Set: 1 Way: 0 Address: 0x342b4006c
  Set: 2 Way: 0 Address: 0x342b40080
  Set: 3 Way: 0 Address: 0x342b400c0
  Set: 4 Way: 0 Address: 0x342b40100
  Set: 5 Way: 0 Address: 0x342b40140
  Set: 6 Way: 0 Address: 0x342b40180
  Set: 7 Way: 0 Address: 0x342b401c0
  Set: 8 Way: 0 Address: 0x342b40200
  Set: 12 Way: 0 Address: 0x28a940320
  Set: 48 Way: 0 Address: 0x6e620c18
  Set: 49 Way: 0 Address: 0x6e620c40
  Set: 50 Way: 0 Address: 0x6e620c80
  Set: 51 Way: 0 Address: 0x6e620cc0
  Set: 52 Way: 0 Address: 0x6e620d00
  Set: 53 Way: 0 Address: 0x6e620d40
  Set: 54 Way: 0 Address: 0x6e620d80
  Set: 55 Way: 0 Address: 0x6e620dc0
  Set: 94 Way: 0 Address: 0xf6e817bc
  Set: 95 Way: 0 Address: 0xf6e817c8
  Set: 96 Way: 0 Address: 0xf6e81814
  Set: 97 Way: 0 Address: 0xf6e81874
  Set: 98 Way: 0 Address: 0x2a48418a0
  Set: 98 Way: 1 Address: 0xf6e818a8
  Set: 99 Way: 0 Address: 0xf6e818d0
  Set: 99 Way: 1 Address: 0x2a48418c0
  Set: 100 Way: 0 Address: 0xf6e81924
  Set: 101 Way: 0 Address: 0xf6e8197c
  Set: 101 Way: 1 Address: 0x2a4841975
  Set: 102 Way: 0 Address: 0xf6e819a8
  Set: 102 Way: 1 Address: 0x2a4841980
  Set: 103 Way: 0 Address: 0xf6e819e8
  Set: 104 Way: 0 Address: 0xf6e81a14
  Set: 104 Way: 1 Address: 0x181c81a20
  Set: 105 Way: 0 Address: 0xf6e81a50
  Set: 105 Way: 1 Address: 0x181c81a60
  Set: 106 Way: 0 Address: 0xf6e81a90
  Set: 107 Way: 0 Address: 0xf6e81afc
  Set: 108 Way: 0 Address: 0xf6e81b34
  Set: 109 Way: 0 Address: 0xf6e81b4c
  Set: 110 Way: 0 Address: 0xf6e81bac
  Set: 111 Way: 0 Address: 0xf6e81bcc
  Set: 169 Way: 0 Address: 0x1064c2a40
  Set: 174 Way: 0 Address: 0x6d0c2bb0
  Set: 197 Way: 0 Address: 0x3b080317c
  Set: 198 Way: 0 Address: 0x3b0803180
  Set: 199 Way: 0 Address: 0x3b08031c0
  Set: 200 Way: 0 Address: 0x3b0803200
  Set: 201 Way: 0 Address: 0x3b0803240
  Set: 202 Way: 0 Address: 0x3b0803280
  Set: 203 Way: 0 Address: 0x3b08032c0
  Set: 204 Way: 0 Address: 0x3b0803300
  Set: 205 Way: 0 Address: 0x3b0803340
  Set: 291 Way: 0 Address: 0x1ab448e8
  Set: 292 Way: 0 Address: 0x1ab44900
  Set: 293 Way: 0 Address: 0x1ab44940
  Set: 294 Way: 0 Address: 0x1ab44980
  Set: 295 Way: 0 Address: 0x1ab449c0
  Set: 296 Way: 0 Address: 0x1ab44a00
  Set: 297 Way: 0 Address: 0x1ab44a40
  Set: 298 Way: 0 Address: 0x1ab44a80
  Set: 300 Way: 0 Address: 0xb8004b08
  Set: 332 Way: 0 Address: 0x272585318
  Set: 332 Way: 1 Address: 0x34a0e5300
  Set: 398 Way: 0 Address: 0x27d4c639c
  Set: 399 Way: 0 Address: 0x27d4c63c0
  Set: 400 Way: 0 Address: 0x27d4c6400
  Set: 401 Way: 0 Address: 0x27d4c6440
  Set: 402 Way: 0 Address: 0x27d4c6480
  Set: 403 Way: 0 Address: 0x27d4c64c0
  Set: 404 Way: 0 Address: 0x27d4c6500
  Set: 405 Way: 0 Address: 0x27d4c6540
  Set: 423 Way: 0 Address: 0x3dae669f8
  Set: 425 Way: 0 Address: 0x3dae66a68
  Set: 425 Way: 1 Address: 0x3d87a6a50
  Set: 426 Way: 0 Address: 0x3dae66a80
  Set: 473 Way: 0 Address: 0x309887650
  Set: 496 Way: 0 Address: 0xbeea7c2c
  Set: 497 Way: 0 Address: 0xbeea7c40
  Set: 498 Way: 0 Address: 0xbeea7c80
  Set: 499 Way: 0 Address: 0xbeea7cc0
  Set: 500 Way: 0 Address: 0xbeea7d00
  Set: 501 Way: 0 Address: 0xbeea7d40
  Set: 502 Way: 0 Address: 0xbeea7d80
  Set: 503 Way: 0 Address: 0xbeea7dc0
  Set: 577 Way: 0 Address: 0x2ee369078
  Set: 577 Way: 1 Address: 0x2fa0c9072
  Set: 578 Way: 0 Address: 0x2fa0c9080
  Set: 579 Way: 0 Address: 0x2fa0c90c2
  Set: 582 Way: 0 Address: 0x2fa0c9180
  Set: 583 Way: 0 Address: 0x2fa0c91c0
  Set: 584 Way: 0 Address: 0x2fa0c9200
  Set: 585 Way: 0 Address: 0x2fa0c9240
  Set: 588 Way: 0 Address: 0x2fa0c9332
  Set: 589 Way: 0 Address: 0x2fa0c9340
  Set: 590 Way: 0 Address: 0x2fa0c9380
  Set: 593 Way: 0 Address: 0x2fa0c9440
  Set: 594 Way: 0 Address: 0x2fa0c9480
  Set: 595 Way: 0 Address: 0x2fa0c94c0
  Set: 596 Way: 0 Address: 0x2fa0c9500
  Set: 598 Way: 0 Address: 0x2c87495bc
  Set: 599 Way: 0 Address: 0x2c87495c0
  Set: 599 Way: 1 Address: 0x2fa0c95f2
  Set: 600 Way: 0 Address: 0x2c8749600
  Set: 600 Way: 1 Address: 0x2fa0c9600
  Set: 601 Way: 0 Address: 0x2fa0c9640
  Set: 601 Way: 1 Address: 0x2c8749640
  Set: 602 Way: 0 Address: 0x2fa0c9680
  Set: 602 Way: 1 Address: 0x2c8749680
  Set: 603 Way: 0 Address: 0x2c87496c0
  Set: 604 Way: 0 Address: 0x2fa0c9700
  Set: 604 Way: 1 Address: 0x2c8749700
  Set: 605 Way: 0 Address: 0x2fa0c9740
  Set: 605 Way: 1 Address: 0x2c8749740
  Set: 606 Way: 0 Address: 0x2fa0c9780
  Set: 606 Way: 1 Address: 0x2c8749780
  Set: 607 Way: 0 Address: 0x2fa0c97c0
  Set: 610 Way: 0 Address: 0x2fa0c9880
  Set: 611 Way: 0 Address: 0x2fa0c98c0
  Set: 612 Way: 0 Address: 0x2fa0c9900
  Set: 613 Way: 0 Address: 0x2fa0c9940
  Set: 615 Way: 0 Address: 0x2fa0c99c0
  Set: 616 Way: 0 Address: 0x2fa0c9a00
  Set: 617 Way: 0 Address: 0x2fa0c9a40
  Set: 618 Way: 0 Address: 0x2fa0c9a80
  Set: 621 Way: 0 Address: 0x2fa0c9b40
  Set: 622 Way: 0 Address: 0x2fa0c9b80
  Set: 623 Way: 0 Address: 0x2fa0c9bc0
  Set: 624 Way: 0 Address: 0x2fa0c9c00
  Set: 626 Way: 0 Address: 0x2fa0c9c80
  Set: 627 Way: 0 Address: 0x2fa0c9cc0
  Set: 628 Way: 0 Address: 0x2fa0c9d00
  Set: 629 Way: 0 Address: 0x2fa0c9d40
  Set: 632 Way: 0 Address: 0x2fa0c9e00
  Set: 633 Way: 0 Address: 0x2fa0c9e40
  Set: 634 Way: 0 Address: 0x2fa0c9e80
  Set: 635 Way: 0 Address: 0x2fa0c9ec0
  Set: 637 Way: 0 Address: 0x2fa0c9f40
  Set: 638 Way: 0 Address: 0x2fa0c9f80
  Set: 639 Way: 0 Address: 0x2fa0c9fc0
  Set: 768 Way: 0 Address: 0x32f48c000
  Set: 769 Way: 0 Address: 0x32f48c040
  Set: 770 Way: 0 Address: 0x32f48c080
  Set: 771 Way: 0 Address: 0x32f48c0c0
  Set: 772 Way: 0 Address: 0x32f48c100
  Set: 799 Way: 0 Address: 0x29484c7f8
  Set: 872 Way: 0 Address: 0x5588da00
  Set: 874 Way: 0 Address: 0x5588da80
  Set: 940 Way: 0 Address: 0x1c084eb08
  Set: 941 Way: 0 Address: 0x2f5d8eb78
  Set: 941 Way: 1 Address: 0x1c084eb40
  Set: 942 Way: 0 Address: 0x1c084eb80
  Set: 943 Way: 0 Address: 0x1c084ebc0
  Set: 944 Way: 0 Address: 0x1c084ec00
  Set: 945 Way: 0 Address: 0x1c084ec40
  Set: 946 Way: 0 Address: 0x1c084ec80
  Set: 947 Way: 0 Address: 0x1c084ecc0
  Set: 959 Way: 0 Address: 0x3734eefe8
  Set: 960 Way: 0 Address: 0xee86f000
  Set: 961 Way: 0 Address: 0xee86f040
  Set: 962 Way: 0 Address: 0xee86f080
  Set: 963 Way: 0 Address: 0xee86f0c0
  Set: 964 Way: 0 Address: 0xee86f100
  Set: 965 Way: 0 Address: 0xee86f140
  Set: 966 Way: 0 Address: 0xee86f19e
  Set: 967 Way: 0 Address: 0xee86f1c0
  Set: 968 Way: 0 Address: 0xee86f200
  Set: 969 Way: 0 Address: 0xee86f240
  Set: 970 Way: 0 Address: 0xee86f280
  Set: 970 Way: 1 Address: 0x23756f28c
  Set: 971 Way: 0 Address: 0xee86f2c0
  Set: 971 Way: 1 Address: 0x23756f2c0
  Set: 972 Way: 0 Address: 0x23756f300
  Set: 973 Way: 0 Address: 0x23756f340
  Set: 974 Way: 0 Address: 0x23756f380
  Set: 975 Way: 0 Address: 0x23756f3c0
  Set: 976 Way: 0 Address: 0x23756f400
  Set: 977 Way: 0 Address: 0x23756f440
  Set: 995 Way: 0 Address: 0x16390f8c8
  Set: 1000 Way: 0 Address: 0x22272fa08
  Set: 1015 Way: 0 Address: 0x143efdc0
  Set: 1016 Way: 0 Address: 0x143efe00
  Set: 1017 Way: 0 Address: 0x143efe40
  Set: 1018 Way: 0 Address: 0x143efe80
  Set: 1020 Way: 0 Address: 0x143eff00
  Set: 1021 Way: 0 Address: 0x143eff58
  Set: 1022 Way: 0 Address: 0x143effa4
  Set: 1023 Way: 0 Address: 0x143efffc
  Set: 1064 Way: 0 Address: 0x14bb10a00
  Set: 1064 Way: 1 Address: 0x2177f0a10
  Set: 1069 Way: 0 Address: 0x168ef0b56
  Set: 1070 Way: 0 Address: 0x168ef0b80
  Set: 1074 Way: 0 Address: 0x168ef0cb2
  Set: 1075 Way: 0 Address: 0x168ef0cc0
  Set: 1076 Way: 0 Address: 0x168ef0d00
  Set: 1080 Way: 0 Address: 0x168ef0e12
  Set: 1081 Way: 0 Address: 0x168ef0e40
  Set: 1085 Way: 0 Address: 0x168ef0f72
  Set: 1086 Way: 0 Address: 0x168ef0f80
  Set: 1087 Way: 0 Address: 0x168ef0fc0
  Set: 1128 Way: 0 Address: 0x19c791a20
  Set: 1158 Way: 0 Address: 0x1995f21b0
  Set: 1166 Way: 0 Address: 0x9cff2390
  Set: 1167 Way: 0 Address: 0x9cff23c0
  Set: 1168 Way: 0 Address: 0x9cff242a
  Set: 1169 Way: 0 Address: 0x9cff2446
  Set: 1170 Way: 0 Address: 0x9cff2482
  Set: 1171 Way: 0 Address: 0x9cff24c1
  Set: 1172 Way: 0 Address: 0x9cff2501
  Set: 1173 Way: 0 Address: 0x9cff2543
  Set: 1175 Way: 0 Address: 0x9cff25c8
  Set: 1176 Way: 0 Address: 0x9cff2600
  Set: 1177 Way: 0 Address: 0x9cff2645
  Set: 1191 Way: 0 Address: 0x133c929f8
  Set: 1192 Way: 0 Address: 0x133c92a00
  Set: 1193 Way: 0 Address: 0x133c92a40
  Set: 1194 Way: 0 Address: 0x133c92a80
  Set: 1195 Way: 0 Address: 0x133c92ac0
  Set: 1196 Way: 0 Address: 0x133c92b00
  Set: 1197 Way: 0 Address: 0x133c92b40
  Set: 1198 Way: 0 Address: 0x133c92b80
  Set: 1199 Way: 0 Address: 0x133c92bc0
  Set: 1217 Way: 0 Address: 0x3c56b3070
  Set: 1222 Way: 0 Address: 0x2b2e9318c
  Set: 1223 Way: 0 Address: 0x2b2e931c0
  Set: 1224 Way: 0 Address: 0x2b2e93200
  Set: 1225 Way: 0 Address: 0x2b2e93240
  Set: 1226 Way: 0 Address: 0x2b2e93280
  Set: 1227 Way: 0 Address: 0x2b2e932c0
  Set: 1228 Way: 0 Address: 0x2b2e93300
  Set: 1229 Way: 0 Address: 0x2b2e93340
  Set: 1230 Way: 0 Address: 0x2b2e93380
  Set: 1231 Way: 0 Address: 0x2b2e933c0
  Set: 1232 Way: 0 Address: 0x2b2e93400
  Set: 1233 Way: 0 Address: 0x2b2e93440
  Set: 1234 Way: 0 Address: 0x34a8734ac
  Set: 1234 Way: 1 Address: 0x2b2e93480
  Set: 1235 Way: 0 Address: 0x34a8734c0
  Set: 1235 Way: 1 Address: 0x2b2e934c0
  Set: 1236 Way: 0 Address: 0x34a873500
  Set: 1236 Way: 1 Address: 0x2b2e93500
  Set: 1237 Way: 0 Address: 0x34a873540
  Set: 1238 Way: 0 Address: 0x34a873580
  Set: 1239 Way: 0 Address: 0x34a8735c0
  Set: 1240 Way: 0 Address: 0x34a873600
  Set: 1241 Way: 0 Address: 0x34a873640
  Set: 1256 Way: 0 Address: 0x3232f3a30
  Set: 1257 Way: 0 Address: 0x257713a48
  Set: 1280 Way: 0 Address: 0x397bb4018
  Set: 1281 Way: 0 Address: 0x397bb4078
  Set: 1292 Way: 0 Address: 0x3de4d4300
  Set: 1325 Way: 0 Address: 0x129934b78
  Set: 1325 Way: 1 Address: 0x3c1074b70
  Set: 1326 Way: 0 Address: 0x129934b80
  Set: 1344 Way: 0 Address: 0x195f15000
  Set: 1397 Way: 0 Address: 0x354d35d60
  Set: 1398 Way: 0 Address: 0x354d35d80
  Set: 1399 Way: 0 Address: 0x354d35dc8
  Set: 1401 Way: 0 Address: 0x1b0f15e4c
  Set: 1402 Way: 0 Address: 0x1b0f15e80
  Set: 1403 Way: 0 Address: 0x1b0f15ec0
  Set: 1404 Way: 0 Address: 0x1b0f15f00
  Set: 1405 Way: 0 Address: 0x1b0f15f40
  Set: 1406 Way: 0 Address: 0x1b0f15f80
  Set: 1407 Way: 0 Address: 0x1b0f15fc0
  Set: 1446 Way: 0 Address: 0x43736980
  Set: 1449 Way: 0 Address: 0x84896a70
  Set: 1449 Way: 1 Address: 0x211d16a78
  Set: 1475 Way: 0 Address: 0x276ff70d4
  Set: 1476 Way: 0 Address: 0x276ff7100
  Set: 1480 Way: 0 Address: 0x276ff7232
  Set: 1481 Way: 0 Address: 0x276ff7240
  Set: 1482 Way: 0 Address: 0x276ff7280
  Set: 1483 Way: 0 Address: 0x276ff72c0
  Set: 1484 Way: 0 Address: 0x276ff7300
  Set: 1486 Way: 0 Address: 0x276ff7392
  Set: 1487 Way: 0 Address: 0x276ff73c0
  Set: 1488 Way: 0 Address: 0x276ff7400
  Set: 1491 Way: 0 Address: 0x276ff74f2
  Set: 1492 Way: 0 Address: 0x276ff7500
  Set: 1493 Way: 0 Address: 0x276ff7546
  Set: 1497 Way: 0 Address: 0x276ff7652
  Set: 1498 Way: 0 Address: 0x276ff7690
  Set: 1502 Way: 0 Address: 0x276ff77b6
  Set: 1503 Way: 0 Address: 0x276ff77c6
  Set: 1504 Way: 0 Address: 0x276ff7802
  Set: 1508 Way: 0 Address: 0x276ff7912
  Set: 1509 Way: 0 Address: 0x276ff794e
  Set: 1513 Way: 0 Address: 0x276ff7a72
  Set: 1514 Way: 0 Address: 0x276ff7a80
  Set: 1515 Way: 0 Address: 0x276ff7ac8
  Set: 1517 Way: 0 Address: 0x276ff7b40
  Set: 1519 Way: 0 Address: 0x276ff7bd2
  Set: 1520 Way: 0 Address: 0x276ff7c0e
  Set: 1522 Way: 0 Address: 0x276ff7c80
  Set: 1524 Way: 0 Address: 0x276ff7d38
  Set: 1525 Way: 0 Address: 0x276ff7d40
  Set: 1526 Way: 0 Address: 0x276ff7d80
  Set: 1527 Way: 0 Address: 0x276ff7dc0
  Set: 1528 Way: 0 Address: 0x276ff7e00
  Set: 1530 Way: 0 Address: 0x276ff7e92
  Set: 1531 Way: 0 Address: 0x276ff7ece
  Set: 1532 Way: 0 Address: 0x276ff7f00
  Set: 1533 Way: 0 Address: 0x276ff7f40
  Set: 1535 Way: 0 Address: 0x276ff7ff2
  Set: 1536 Way: 0 Address: 0x3bdd78000
  Set: 1548 Way: 0 Address: 0x1aafb8310
  Set: 1576 Way: 0 Address: 0x2c9898a28
  Set: 1597 Way: 0 Address: 0x3bdd78f5c
  Set: 1598 Way: 0 Address: 0x3bdd78f80
  Set: 1599 Way: 0 Address: 0x3bdd78fc0
  Set: 1600 Way: 0 Address: 0x292959000
  Set: 1601 Way: 0 Address: 0x292959040
  Set: 1605 Way: 0 Address: 0x292959152
  Set: 1606 Way: 0 Address: 0x29295918e
  Set: 1610 Way: 0 Address: 0x2929592b2
  Set: 1611 Way: 0 Address: 0x2929592c0
  Set: 1612 Way: 0 Address: 0x292959302
  Set: 1616 Way: 0 Address: 0x292959414
  Set: 1617 Way: 0 Address: 0x29295946c
  Set: 1621 Way: 0 Address: 0x292959576
  Set: 1622 Way: 0 Address: 0x2929595ae
  Set: 1623 Way: 0 Address: 0x2929595c0
  Set: 1625 Way: 0 Address: 0x292959640
  Set: 1627 Way: 0 Address: 0x2929596d2
  Set: 1628 Way: 0 Address: 0x29295970e
  Set: 1630 Way: 0 Address: 0x292959780
  Set: 1632 Way: 0 Address: 0x292959800
  Set: 1633 Way: 0 Address: 0x29295986e
  Set: 1634 Way: 0 Address: 0x292959880
  Set: 1635 Way: 0 Address: 0x2929598c0
  Set: 1636 Way: 0 Address: 0x292959900
  Set: 1638 Way: 0 Address: 0x292959992
  Set: 1639 Way: 0 Address: 0x2929599ce
  Set: 1640 Way: 0 Address: 0x292959a00
  Set: 1641 Way: 0 Address: 0x292959a40
  Set: 1641 Way: 1 Address: 0x312099a58
  Set: 1643 Way: 0 Address: 0x292959af2
  Set: 1644 Way: 0 Address: 0x292959b00
  Set: 1645 Way: 0 Address: 0x292959b42
  Set: 1646 Way: 0 Address: 0x292959b80
  Set: 1647 Way: 0 Address: 0x292959bc0
  Set: 1648 Way: 0 Address: 0x292959c00
  Set: 1649 Way: 0 Address: 0x292959c40
  Set: 1650 Way: 0 Address: 0x292959c80
  Set: 1651 Way: 0 Address: 0x292959cc0
  Set: 1653 Way: 0 Address: 0x292959d40
  Set: 1654 Way: 0 Address: 0x292959db4
  Set: 1655 Way: 0 Address: 0x292959dc0
  Set: 1656 Way: 0 Address: 0x292959e00
  Set: 1658 Way: 0 Address: 0x292959e80
  Set: 1659 Way: 0 Address: 0x292959ec0
  Set: 1660 Way: 0 Address: 0x292959f00
  Set: 1661 Way: 0 Address: 0x292959f40
  Set: 1662 Way: 0 Address: 0x292959f80
  Set: 1663 Way: 0 Address: 0x292959fc0
  Set: 1666 Way: 0 Address: 0x223eda0a8
  Set: 1667 Way: 0 Address: 0xc67da0f4
  Set: 1668 Way: 0 Address: 0xc67da100
  Set: 1669 Way: 0 Address: 0xc67da140
  Set: 1670 Way: 0 Address: 0xc67da180
  Set: 1672 Way: 0 Address: 0x1d89da208
  Set: 1672 Way: 1 Address: 0xc67da200
  Set: 1673 Way: 0 Address: 0xc67da240
  Set: 1674 Way: 0 Address: 0xc67da280
  Set: 1675 Way: 0 Address: 0xc67da2c0
  Set: 1677 Way: 0 Address: 0xc67da340
  Set: 1678 Way: 0 Address: 0xc67da380
  Set: 1679 Way: 0 Address: 0xc67da3c0
  Set: 1680 Way: 0 Address: 0xc67da400
  Set: 1681 Way: 0 Address: 0xc67da440
  Set: 1683 Way: 0 Address: 0xc67da4c0
  Set: 1684 Way: 0 Address: 0xc67da500
  Set: 1685 Way: 0 Address: 0xc67da540
  Set: 1686 Way: 0 Address: 0xc67da580
  Set: 1688 Way: 0 Address: 0xc67da600
  Set: 1689 Way: 0 Address: 0xc67da640
  Set: 1690 Way: 0 Address: 0xc67da680
  Set: 1691 Way: 0 Address: 0xc67da6c0
  Set: 1692 Way: 0 Address: 0xc67da700
  Set: 1694 Way: 0 Address: 0xc67da780
  Set: 1695 Way: 0 Address: 0xc67da7c0
  Set: 1696 Way: 0 Address: 0xc67da800
  Set: 1697 Way: 0 Address: 0xc67da840
  Set: 1699 Way: 0 Address: 0xc67da8c0
  Set: 1700 Way: 0 Address: 0xc67da900
  Set: 1701 Way: 0 Address: 0xc67da940
  Set: 1702 Way: 0 Address: 0xc67da980
  Set: 1703 Way: 0 Address: 0xc67da9c0
  Set: 1705 Way: 0 Address: 0xc67daa40
  Set: 1706 Way: 0 Address: 0xc67daa80
  Set: 1707 Way: 0 Address: 0xc67daac0
  Set: 1708 Way: 0 Address: 0xc67dab00
  Set: 1710 Way: 0 Address: 0xc67dab80
  Set: 1711 Way: 0 Address: 0xc67dabc0
  Set: 1712 Way: 0 Address: 0xc67dac00
  Set: 1713 Way: 0 Address: 0xc67dac40
  Set: 1714 Way: 0 Address: 0xc67dac80
  Set: 1716 Way: 0 Address: 0xc67dad00
  Set: 1717 Way: 0 Address: 0xc67dad40
  Set: 1718 Way: 0 Address: 0xc67dad80
  Set: 1719 Way: 0 Address: 0xc67dadc0
  Set: 1721 Way: 0 Address: 0xc67dae40
  Set: 1722 Way: 0 Address: 0xc67dae80
  Set: 1723 Way: 0 Address: 0xc67daec0
  Set: 1724 Way: 0 Address: 0xc67daf00
  Set: 1740 Way: 0 Address: 0x394edb308
  Set: 1755 Way: 0 Address: 0xcf83b6cc
  Set: 1756 Way: 0 Address: 0xcf83b700
  Set: 1757 Way: 0 Address: 0xcf83b740
  Set: 1758 Way: 0 Address: 0xcf83b780
  Set: 1759 Way: 0 Address: 0xcf83b7c0
  Set: 1760 Way: 0 Address: 0xcf83b800
  Set: 1761 Way: 0 Address: 0xcf83b840
  Set: 1762 Way: 0 Address: 0xcf83b880
  Set: 1768 Way: 0 Address: 0xc0d9ba38
  Set: 1780 Way: 0 Address: 0x3b377bd3c
  Set: 1781 Way: 0 Address: 0x3b377bd40
  Set: 1782 Way: 0 Address: 0x3b377bd80
  Set: 1783 Way: 0 Address: 0x3b377bdc0
  Set: 1784 Way: 0 Address: 0x3b377be00
  Set: 1785 Way: 0 Address: 0x3b377be40
  Set: 1786 Way: 0 Address: 0x3b377be80
  Set: 1787 Way: 0 Address: 0x3b377bec0
  Set: 1788 Way: 0 Address: 0x3b377bf00
  Set: 1792 Way: 0 Address: 0xdf85c000
  Set: 1802 Way: 0 Address: 0x38e35c29c
  Set: 1803 Way: 0 Address: 0x38e35c2c0
  Set: 1804 Way: 0 Address: 0x38e35c300
  Set: 1805 Way: 0 Address: 0x38e35c340
  Set: 1806 Way: 0 Address: 0x38e35c380
  Set: 1807 Way: 0 Address: 0x38e35c3c0
  Set: 1808 Way: 0 Address: 0x38e35c400
  Set: 1809 Way: 0 Address: 0x38e35c440
  Set: 1810 Way: 0 Address: 0x38e35c480
  Set: 1811 Way: 0 Address: 0x38e35c4c0
  Set: 1812 Way: 0 Address: 0x38e35c500
  Set: 1813 Way: 0 Address: 0x38e35c540
  Set: 1862 Way: 0 Address: 0x23755d1a8
  Set: 1897 Way: 0 Address: 0x1adda68
  Set: 1920 Way: 0 Address: 0x28b67e000
  Set: 1920 Way: 1 Address: 0x1f919e010
  Set: 1921 Way: 0 Address: 0x1f919e070
  Set: 1922 Way: 0 Address: 0x1f919e0a8
  Set: 1951 Way: 0 Address: 0x28b67e7f8
  Set: 1951 Way: 1 Address: 0x20597e7dc
  Set: 1952 Way: 0 Address: 0x20597e800
  Set: 1953 Way: 0 Address: 0x20597e840
  Set: 1954 Way: 0 Address: 0x20597e880
  Set: 1955 Way: 0 Address: 0x20597e8c0
  Set: 1956 Way: 0 Address: 0x20597e900
  Set: 1957 Way: 0 Address: 0x20597e940
  Set: 1958 Way: 0 Address: 0x20597e980
  Set: 1960 Way: 0 Address: 0x2db79ea18
  Set: 1961 Way: 0 Address: 0x2db79ea40
EndCache
