Cache: cpu0_STLB
  Set: 48 Way: 0 Address: 0x730650
  Set: 53 Way: 0 Address: 0x7fff6ec35ffc
  Set: 54 Way: 0 Address: 0x7fff6ec3615a
  Set: 63 Way: 0 Address: 0x1f3fda0
  Set: 64 Way: 0 Address: 0x1f4088c
  Set: 65 Way: 0 Address: 0x441521
  Set: 65 Way: 1 Address: 0x1f4199c
  Set: 66 Way: 0 Address: 0x1f42aac
  Set: 67 Way: 0 Address: 0x1f43bbc
  Set: 68 Way: 0 Address: 0x1f44ccc
  Set: 69 Way: 0 Address: 0x1f45ddc
  Set: 70 Way: 0 Address: 0x1f46eec
  Set: 71 Way: 0 Address: 0x1f47ffc
  Set: 72 Way: 0 Address: 0x1f48000
  Set: 73 Way: 0 Address: 0x1f49108
  Set: 74 Way: 0 Address: 0x1f4a218
  Set: 75 Way: 0 Address: 0x1f4b328
  Set: 76 Way: 0 Address: 0x1f4c438
  Set: 77 Way: 0 Address: 0x1f4d548
  Set: 78 Way: 0 Address: 0x1f4e658
  Set: 79 Way: 0 Address: 0x1f4f768
  Set: 80 Way: 0 Address: 0x1f50878
  Set: 96 Way: 0 Address: 0x4608a0
  Set: 96 Way: 1 Address: 0x2a60e1a
  Set: 97 Way: 0 Address: 0x2a61ee4
  Set: 97 Way: 1 Address: 0x7618c8
  Set: 98 Way: 0 Address: 0x2a6202a
  Set: 99 Way: 0 Address: 0x2a63076
  Set: 100 Way: 0 Address: 0x2a640f6
  Set: 109 Way: 0 Address: 0x1d6ddec
  Set: 110 Way: 0 Address: 0x1d6eefc
  Set: 111 Way: 0 Address: 0x1d6f000
  Set: 112 Way: 0 Address: 0x1d70a0c
EndCache
Cache: cpu0_L2C
  Set: 0 Way: 0 Address: 0x28a940000
  Set: 1 Way: 0 Address: 0x28a940040
  Set: 2 Way: 0 Address: 0x28a940080
  Set: 3 Way: 0 Address: 0x28a9400c0
  Set: 4 Way: 0 Address: 0x28a940100
  Set: 5 Way: 0 Address: 0x28a940140
  Set: 6 Way: 0 Address: 0x28a940180
  Set: 7 Way: 0 Address: 0x28a9401c0
  Set: 12 Way: 0 Address: 0x14bb10328
  Set: 12 Way: 1 Address: 0x168ef0300
  Set: 13 Way: 0 Address: 0x14bb10340
  Set: 14 Way: 0 Address: 0x14bb10380
  Set: 15 Way: 0 Address: 0x14bb103c0
  Set: 16 Way: 0 Address: 0x6e620438
  Set: 16 Way: 1 Address: 0x14bb10400
  Set: 17 Way: 0 Address: 0x6e620440
  Set: 17 Way: 1 Address: 0x14bb10440
  Set: 18 Way: 0 Address: 0x6e620480
  Set: 18 Way: 1 Address: 0x14bb10480
  Set: 19 Way: 0 Address: 0x6e6204c0
  Set: 19 Way: 1 Address: 0x14bb104c0
  Set: 20 Way: 0 Address: 0x6e620500
  Set: 21 Way: 0 Address: 0x6e620540
  Set: 22 Way: 0 Address: 0x6e620580
  Set: 23 Way: 0 Address: 0x6e6205c0
  Set: 24 Way: 0 Address: 0x6e620600
  Set: 40 Way: 0 Address: 0x342b40a18
  Set: 55 Way: 0 Address: 0x2177f0dec
  Set: 56 Way: 0 Address: 0x2177f0e00
  Set: 57 Way: 0 Address: 0x2177f0e40
  Set: 58 Way: 0 Address: 0x2177f0e80
  Set: 59 Way: 0 Address: 0x2177f0ec0
  Set: 60 Way: 0 Address: 0x2177f0f00
  Set: 61 Way: 0 Address: 0x2177f0f40
  Set: 62 Way: 0 Address: 0x2177f0f80
  Set: 63 Way: 0 Address: 0x2177f0fc0
  Set: 65 Way: 0 Address: 0x19c791076
  Set: 66 Way: 0 Address: 0x19c791080
  Set: 67 Way: 0 Address: 0x19c7910c0
  Set: 70 Way: 0 Address: 0x19c791180
  Set: 71 Way: 0 Address: 0x19c7911c0
  Set: 72 Way: 0 Address: 0x19c791200
  Set: 73 Way: 0 Address: 0x19c791240
  Set: 76 Way: 0 Address: 0x19c791336
  Set: 77 Way: 0 Address: 0x19c791340
  Set: 78 Way: 0 Address: 0x19c791380
  Set: 81 Way: 0 Address: 0x19c791440
  Set: 82 Way: 0 Address: 0x19c791480
  Set: 83 Way: 0 Address: 0x19c7914c0
  Set: 84 Way: 0 Address: 0x19c791500
  Set: 87 Way: 0 Address: 0x19c7915f8
  Set: 88 Way: 0 Address: 0x19c791600
  Set: 89 Way: 0 Address: 0x19c791640
  Set: 92 Way: 0 Address: 0x19c791700
  Set: 93 Way: 0 Address: 0x19c791740
  Set: 94 Way: 0 Address: 0x19c791780
  Set: 95 Way: 0 Address: 0x19c7917c0
  Set: 98 Way: 0 Address: 0x2a48418a0
  Set: 98 Way: 1 Address: 0x19c7918b6
  Set: 99 Way: 0 Address: 0x19c7918c0
  Set: 100 Way: 0 Address: 0x19c791900
  Set: 103 Way: 0 Address: 0x19c7919c0
  Set: 104 Way: 0 Address: 0x181c81a30
  Set: 104 Way: 1 Address: 0x19c791a00
  Set: 105 Way: 0 Address: 0x19c791a40
  Set: 106 Way: 0 Address: 0x19c791a80
  Set: 108 Way: 0 Address: 0xf6e81b08
  Set: 109 Way: 0 Address: 0x19c791b76
  Set: 109 Way: 1 Address: 0x260091b78
  Set: 110 Way: 0 Address: 0x19c791b80
  Set: 111 Way: 0 Address: 0x19c791bc0
  Set: 114 Way: 0 Address: 0x19c791c80
  Set: 115 Way: 0 Address: 0x19c791cc0
  Set: 116 Way: 0 Address: 0x19c791d00
  Set: 117 Way: 0 Address: 0x19c791d40
  Set: 120 Way: 0 Address: 0x19c791e3a
  Set: 121 Way: 0 Address: 0x19c791e40
  Set: 122 Way: 0 Address: 0x19c791e80
  Set: 125 Way: 0 Address: 0x19c791f40
  Set: 126 Way: 0 Address: 0x19c791f80
  Set: 127 Way: 0 Address: 0x19c791fc0
  Set: 128 Way: 0 Address: 0x1c84e2018
  Set: 128 Way: 1 Address: 0x1995f202a
  Set: 129 Way: 0 Address: 0x1995f2040
  Set: 129 Way: 1 Address: 0x1c84e2078
  Set: 133 Way: 0 Address: 0x1995f2156
  Set: 134 Way: 0 Address: 0x1995f218a
  Set: 136 Way: 0 Address: 0x133c92218
  Set: 137 Way: 0 Address: 0x133c92240
  Set: 138 Way: 0 Address: 0x1995f22bc
  Set: 138 Way: 1 Address: 0x133c92280
  Set: 139 Way: 0 Address: 0x1995f22ea
  Set: 139 Way: 1 Address: 0x133c922c0
  Set: 140 Way: 0 Address: 0x1995f2306
  Set: 140 Way: 1 Address: 0x133c92300
  Set: 141 Way: 0 Address: 0x133c92340
  Set: 142 Way: 0 Address: 0x9cff2390
  Set: 142 Way: 1 Address: 0x133c92380
  Set: 143 Way: 0 Address: 0x9cff23c0
  Set: 143 Way: 1 Address: 0x133c923c0
  Set: 144 Way: 0 Address: 0x9cff242a
  Set: 144 Way: 1 Address: 0x1995f2418
  Set: 145 Way: 0 Address: 0x9cff2446
  Set: 145 Way: 1 Address: 0x1995f244a
  Set: 146 Way: 0 Address: 0x9cff2482
  Set: 147 Way: 0 Address: 0x9cff24c1
  Set: 148 Way: 0 Address: 0x9cff2521
  Set: 149 Way: 0 Address: 0x9cff2543
  Set: 149 Way: 1 Address: 0x1995f2576
  Set: 150 Way: 0 Address: 0x1995f25aa
  Set: 151 Way: 0 Address: 0x9cff25c8
  Set: 151 Way: 1 Address: 0x1995f25c4
  Set: 152 Way: 0 Address: 0x9cff2600
  Set: 153 Way: 0 Address: 0x9cff2645
  Set: 154 Way: 0 Address: 0x1995f2680
  Set: 155 Way: 0 Address: 0x1995f26d6
  Set: 156 Way: 0 Address: 0x1995f270a
  Set: 159 Way: 0 Address: 0x1995f27c0
  Set: 159 Way: 1 Address: 0x6d0c27fc
  Set: 160 Way: 0 Address: 0x1995f2836
  Set: 160 Way: 1 Address: 0x6d0c2838
  Set: 161 Way: 0 Address: 0x6d0c287c
  Set: 161 Way: 1 Address: 0x1995f2840
  Set: 162 Way: 0 Address: 0x6d0c2894
  Set: 162 Way: 1 Address: 0x1995f2880
  Set: 163 Way: 0 Address: 0x6d0c28c8
  Set: 164 Way: 0 Address: 0x6d0c291c
  Set: 164 Way: 1 Address: 0x1995f2900
  Set: 165 Way: 0 Address: 0x6d0c294c
  Set: 165 Way: 1 Address: 0x1995f2940
  Set: 166 Way: 0 Address: 0x6d0c29a8
  Set: 166 Way: 1 Address: 0x1995f2980
  Set: 167 Way: 0 Address: 0x6d0c29cc
  Set: 167 Way: 1 Address: 0x1995f29c0
  Set: 168 Way: 0 Address: 0x6d0c2a0c
  Set: 168 Way: 1 Address: 0x1064c2a10
  Set: 168 Way: 2 Address: 0x1995f2a00
  Set: 169 Way: 0 Address: 0x1995f2a40
  Set: 169 Way: 1 Address: 0x6d0c2a40
  Set: 170 Way: 0 Address: 0x6d0c2a98
  Set: 170 Way: 1 Address: 0x1995f2a80
  Set: 171 Way: 0 Address: 0x6d0c2ac4
  Set: 171 Way: 1 Address: 0x1995f2af6
  Set: 172 Way: 0 Address: 0x6d0c2b0c
  Set: 172 Way: 1 Address: 0x1995f2b00
  Set: 173 Way: 0 Address: 0x6d0c2b48
  Set: 173 Way: 1 Address: 0x1995f2b42
  Set: 174 Way: 0 Address: 0x6d0c2b88
  Set: 175 Way: 0 Address: 0x6d0c2bcc
  Set: 175 Way: 1 Address: 0x1995f2bc0
  Set: 176 Way: 0 Address: 0x1995f2c00
  Set: 177 Way: 0 Address: 0x1995f2c40
  Set: 178 Way: 0 Address: 0x1995f2c80
  Set: 179 Way: 0 Address: 0x1995f2cc0
  Set: 180 Way: 0 Address: 0x1995f2d00
  Set: 182 Way: 0 Address: 0x1995f2db6
  Set: 183 Way: 0 Address: 0x1995f2dc0
  Set: 184 Way: 0 Address: 0x1995f2e00
  Set: 184 Way: 1 Address: 0x62d12e1a
  Set: 185 Way: 0 Address: 0x62d12e40
  Set: 187 Way: 0 Address: 0x1995f2ec0
  Set: 188 Way: 0 Address: 0x1995f2f00
  Set: 189 Way: 0 Address: 0x1995f2f40
  Set: 189 Way: 1 Address: 0x62d12f76
  Set: 190 Way: 0 Address: 0x1995f2f80
  Set: 190 Way: 1 Address: 0x62d12f80
  Set: 191 Way: 0 Address: 0x62d12fc0
  Set: 192 Way: 0 Address: 0x34a873000
  Set: 193 Way: 0 Address: 0x3c56b3070
  Set: 193 Way: 1 Address: 0x34a873040
  Set: 194 Way: 0 Address: 0x34a873080
  Set: 232 Way: 0 Address: 0x3232f3a00
  Set: 233 Way: 0 Address: 0x2b2e93a50
  Set: 234 Way: 0 Address: 0x3b0803aac
  Set: 235 Way: 0 Address: 0x3b0803ac0
  Set: 236 Way: 0 Address: 0x3b0803b00
  Set: 237 Way: 0 Address: 0x3b0803b40
  Set: 238 Way: 0 Address: 0x257713bbc
  Set: 238 Way: 1 Address: 0x3b0803b80
  Set: 239 Way: 0 Address: 0x257713bc0
  Set: 239 Way: 1 Address: 0x3b0803bc0
  Set: 240 Way: 0 Address: 0x257713c00
  Set: 240 Way: 1 Address: 0x3b0803c00
  Set: 241 Way: 0 Address: 0x257713c40
  Set: 241 Way: 1 Address: 0x3b0803c40
  Set: 242 Way: 0 Address: 0x257713c80
  Set: 243 Way: 0 Address: 0x257713cc0
  Set: 244 Way: 0 Address: 0x257713d00
  Set: 245 Way: 0 Address: 0x257713d40
  Set: 246 Way: 0 Address: 0x257713d80
  Set: 255 Way: 0 Address: 0x34a873ffc
  Set: 258 Way: 0 Address: 0x397bb40a8
  Set: 268 Way: 0 Address: 0x3de4d4300
  Set: 295 Way: 0 Address: 0x3c10749f8
  Set: 297 Way: 0 Address: 0x3c1074a48
  Set: 301 Way: 0 Address: 0xb8004b68
  Set: 301 Way: 1 Address: 0x1ab44b68
  Set: 302 Way: 0 Address: 0xb8004b80
  Set: 319 Way: 0 Address: 0x129934fe8
  Set: 320 Way: 0 Address: 0x195f15000
  Set: 323 Way: 0 Address: 0x34a0e50f6
  Set: 324 Way: 0 Address: 0x34a0e5100
  Set: 325 Way: 0 Address: 0x34a0e5140
  Set: 328 Way: 0 Address: 0x34a0e5200
  Set: 329 Way: 0 Address: 0x34a0e5240
  Set: 330 Way: 0 Address: 0x34a0e5280
  Set: 331 Way: 0 Address: 0x34a0e52c0
  Set: 334 Way: 0 Address: 0x34a0e53b6
  Set: 335 Way: 0 Address: 0x34a0e53c0
  Set: 336 Way: 0 Address: 0x34a0e5400
  Set: 339 Way: 0 Address: 0x34a0e54c0
  Set: 340 Way: 0 Address: 0x34a0e5500
  Set: 341 Way: 0 Address: 0x34a0e5540
  Set: 342 Way: 0 Address: 0x34a0e5580
  Set: 345 Way: 0 Address: 0x34a0e5676
  Set: 346 Way: 0 Address: 0x34a0e5680
  Set: 347 Way: 0 Address: 0x34a0e56c0
  Set: 349 Way: 0 Address: 0x1b0f15768
  Set: 350 Way: 0 Address: 0x1b0f15780
  Set: 350 Way: 1 Address: 0x34a0e5780
  Set: 351 Way: 0 Address: 0x1b0f157c0
  Set: 351 Way: 1 Address: 0x34a0e57c0
  Set: 352 Way: 0 Address: 0x1b0f15800
  Set: 352 Way: 1 Address: 0x34a0e5800
  Set: 353 Way: 0 Address: 0x34a0e5840
  Set: 353 Way: 1 Address: 0x1b0f15840
  Set: 354 Way: 0 Address: 0x1b0f15880
  Set: 355 Way: 0 Address: 0x1b0f158c0
  Set: 356 Way: 0 Address: 0x34a0e5938
  Set: 356 Way: 1 Address: 0x1b0f15900
  Set: 357 Way: 0 Address: 0x34a0e5940
  Set: 358 Way: 0 Address: 0x34a0e5980
  Set: 361 Way: 0 Address: 0x354d35a48
  Set: 361 Way: 1 Address: 0x34a0e5a40
  Set: 362 Way: 0 Address: 0x34a0e5a80
  Set: 363 Way: 0 Address: 0x34a0e5ac0
  Set: 364 Way: 0 Address: 0x34a0e5b00
  Set: 379 Way: 0 Address: 0x272585eec
  Set: 380 Way: 0 Address: 0x272585f00
  Set: 381 Way: 0 Address: 0x272585f40
  Set: 382 Way: 0 Address: 0x272585f80
  Set: 383 Way: 0 Address: 0x272585fc0
  Set: 384 Way: 0 Address: 0x3dae66000
  Set: 385 Way: 0 Address: 0x3dae66040
  Set: 386 Way: 0 Address: 0x3dae66080
  Set: 387 Way: 0 Address: 0x3dae660c0
  Set: 388 Way: 0 Address: 0x3dae66102
  Set: 389 Way: 0 Address: 0x3dae6615a
  Set: 390 Way: 0 Address: 0x3dae66180
  Set: 391 Way: 0 Address: 0x3dae661c0
  Set: 392 Way: 0 Address: 0x3dae66200
  Set: 394 Way: 0 Address: 0x3dae66280
  Set: 395 Way: 0 Address: 0x3dae662c0
  Set: 396 Way: 0 Address: 0x3dae66300
  Set: 397 Way: 0 Address: 0x3dae66340
  Set: 418 Way: 0 Address: 0x27d4c688c
  Set: 419 Way: 0 Address: 0x27d4c68c0
  Set: 420 Way: 0 Address: 0x27d4c6900
  Set: 421 Way: 0 Address: 0x27d4c6940
  Set: 422 Way: 0 Address: 0x27d4c6980
  Set: 423 Way: 0 Address: 0x27d4c69c0
  Set: 424 Way: 0 Address: 0x3d87a6a20
  Set: 424 Way: 1 Address: 0x27d4c6a00
  Set: 425 Way: 0 Address: 0x211d16a68
  Set: 425 Way: 1 Address: 0x84896a70
  Set: 425 Way: 2 Address: 0x27d4c6a40
  Set: 426 Way: 0 Address: 0x211d16a80
  Set: 489 Way: 0 Address: 0x276ff7a58
  Set: 489 Way: 1 Address: 0xbeea7a78
  Set: 494 Way: 0 Address: 0x309887bb0
  Set: 524 Way: 0 Address: 0xc7078310
  Set: 545 Way: 0 Address: 0x2c9898878
  Set: 546 Way: 0 Address: 0x2c9898880
  Set: 547 Way: 0 Address: 0x2c98988c0
  Set: 548 Way: 0 Address: 0x2c9898900
  Set: 549 Way: 0 Address: 0x2c9898940
  Set: 550 Way: 0 Address: 0x2c9898980
  Set: 551 Way: 0 Address: 0x2c98989c0
  Set: 552 Way: 0 Address: 0x3bdd78a00
  Set: 552 Way: 1 Address: 0x2c9898a00
  Set: 553 Way: 0 Address: 0x2c9898a40
  Set: 554 Way: 0 Address: 0x3bdd78a80
  Set: 611 Way: 0 Address: 0x2ee3698c8
  Set: 614 Way: 0 Address: 0x292959980
  Set: 616 Way: 0 Address: 0x312099a28
  Set: 617 Way: 0 Address: 0x2fa0c9a40
  Set: 627 Way: 0 Address: 0x2c8749ccc
  Set: 628 Way: 0 Address: 0x2c8749d00
  Set: 629 Way: 0 Address: 0x2c8749d40
  Set: 630 Way: 0 Address: 0x2c8749d80
  Set: 631 Way: 0 Address: 0x2c8749dc0
  Set: 632 Way: 0 Address: 0x2c8749e00
  Set: 633 Way: 0 Address: 0x2c8749e40
  Set: 634 Way: 0 Address: 0x2c8749e80
  Set: 648 Way: 0 Address: 0x1d89da208
  Set: 652 Way: 0 Address: 0xc67da318
  Set: 671 Way: 0 Address: 0x223eda7f8
  Set: 744 Way: 0 Address: 0xc0d9ba08
  Set: 744 Way: 1 Address: 0xcf83ba38
  Set: 745 Way: 0 Address: 0xcf83ba40
  Set: 757 Way: 0 Address: 0x394edbd60
  Set: 758 Way: 0 Address: 0x394edbda0
  Set: 759 Way: 0 Address: 0x394edbdc0
  Set: 763 Way: 0 Address: 0x3b377befc
  Set: 764 Way: 0 Address: 0x3b377bf00
  Set: 765 Way: 0 Address: 0x3b377bf40
  Set: 766 Way: 0 Address: 0x3b377bf80
  Set: 767 Way: 0 Address: 0x3b377bfc0
  Set: 768 Way: 0 Address: 0xdf85c000
  Set: 768 Way: 1 Address: 0x1ae2cc000
  Set: 769 Way: 0 Address: 0x1ae2cc040
  Set: 770 Way: 0 Address: 0x1ae2cc080
  Set: 771 Way: 0 Address: 0x12c6fc0d8
  Set: 771 Way: 1 Address: 0x1ae2cc0c0
  Set: 772 Way: 0 Address: 0x12c6fc100
  Set: 773 Way: 0 Address: 0x1ae2cc140
  Set: 774 Way: 0 Address: 0x1ae2cc180
  Set: 775 Way: 0 Address: 0x1ae2cc1c0
  Set: 776 Way: 0 Address: 0x12c6fc236
  Set: 776 Way: 1 Address: 0x1ae2cc200
  Set: 777 Way: 0 Address: 0x12c6fc244
  Set: 778 Way: 0 Address: 0x12c6fc282
  Set: 780 Way: 0 Address: 0x32f48c320
  Set: 782 Way: 0 Address: 0x12c6fc396
  Set: 783 Way: 0 Address: 0x12c6fc3ca
  Set: 787 Way: 0 Address: 0x12c6fc4f6
  Set: 788 Way: 0 Address: 0x12c6fc500
  Set: 789 Way: 0 Address: 0x12c6fc540
  Set: 793 Way: 0 Address: 0x12c6fc656
  Set: 794 Way: 0 Address: 0x12c6fc68c
  Set: 798 Way: 0 Address: 0x12c6fc7bc
  Set: 799 Way: 0 Address: 0x12c6fc7c0
  Set: 800 Way: 0 Address: 0x12c6fc802
  Set: 804 Way: 0 Address: 0x12c6fc916
  Set: 805 Way: 0 Address: 0x12c6fc94a
  Set: 809 Way: 0 Address: 0x12c6fca7c
  Set: 810 Way: 0 Address: 0x12c6fca80
  Set: 811 Way: 0 Address: 0x12c6fcac0
  Set: 813 Way: 0 Address: 0x12c6fcb40
  Set: 815 Way: 0 Address: 0x12c6fcbdc
  Set: 816 Way: 0 Address: 0x12c6fcc0a
  Set: 818 Way: 0 Address: 0x12c6fcc80
  Set: 820 Way: 0 Address: 0x12c6fcd3a
  Set: 821 Way: 0 Address: 0x12c6fcd44
  Set: 822 Way: 0 Address: 0x12c6fcd80
  Set: 823 Way: 0 Address: 0x12c6fcdc0
  Set: 824 Way: 0 Address: 0x12c6fce00
  Set: 826 Way: 0 Address: 0x12c6fce98
  Set: 827 Way: 0 Address: 0x12c6fcee4
  Set: 828 Way: 0 Address: 0x12c6fcf00
  Set: 829 Way: 0 Address: 0x38e35cf58
  Set: 829 Way: 1 Address: 0x12c6fcf40
  Set: 830 Way: 0 Address: 0x38e35cfa4
  Set: 831 Way: 0 Address: 0x38e35cffc
  Set: 831 Way: 1 Address: 0x12c6fcffa
  Set: 857 Way: 0 Address: 0x23755d650
  Set: 873 Way: 0 Address: 0x1adda60
  Set: 877 Way: 0 Address: 0x5588db70
  Set: 896 Way: 0 Address: 0x28b67e000
  Set: 896 Way: 1 Address: 0x1f919e010
  Set: 897 Way: 0 Address: 0x1f919e070
  Set: 898 Way: 0 Address: 0x1f919e0a8
  Set: 900 Way: 0 Address: 0x1c084e108
  Set: 901 Way: 0 Address: 0x1c084e140
  Set: 902 Way: 0 Address: 0x2f5d8e1b0
  Set: 902 Way: 1 Address: 0x1c084e180
  Set: 903 Way: 0 Address: 0x1c084e1c0
  Set: 904 Way: 0 Address: 0x1c084e200
  Set: 905 Way: 0 Address: 0x1c084e240
  Set: 906 Way: 0 Address: 0x1c084e280
  Set: 907 Way: 0 Address: 0x1c084e2c0
  Set: 908 Way: 0 Address: 0x3734ee308
  Set: 921 Way: 0 Address: 0x2db79e658
  Set: 922 Way: 0 Address: 0x2db79e680
  Set: 923 Way: 0 Address: 0x2db79e6c0
  Set: 924 Way: 0 Address: 0x2db79e700
  Set: 925 Way: 0 Address: 0x2db79e740
  Set: 926 Way: 0 Address: 0x2db79e780
  Set: 927 Way: 0 Address: 0x28b67e7f8
  Set: 927 Way: 1 Address: 0x2db79e7c0
  Set: 928 Way: 0 Address: 0x2db79e800
  Set: 951 Way: 0 Address: 0x20597eddc
  Set: 952 Way: 0 Address: 0x20597ee00
  Set: 953 Way: 0 Address: 0x20597ee40
  Set: 954 Way: 0 Address: 0x20597ee80
  Set: 955 Way: 0 Address: 0x20597eec0
  Set: 956 Way: 0 Address: 0x20597ef00
  Set: 957 Way: 0 Address: 0x20597ef40
  Set: 958 Way: 0 Address: 0x20597ef80
  Set: 961 Way: 0 Address: 0x143ef078
  Set: 966 Way: 0 Address: 0xee86f1a8
  Set: 981 Way: 0 Address: 0x22272f548
  Set: 982 Way: 0 Address: 0x22272f580
  Set: 983 Way: 0 Address: 0x22272f5c0
  Set: 984 Way: 0 Address: 0x22272f600
  Set: 985 Way: 0 Address: 0x22272f640
  Set: 986 Way: 0 Address: 0x22272f680
  Set: 987 Way: 0 Address: 0x22272f6c0
  Set: 988 Way: 0 Address: 0x22272f700
  Set: 998 Way: 0 Address: 0x23756f99c
  Set: 999 Way: 0 Address: 0x23756f9c0
  Set: 1000 Way: 0 Address: 0x23756fa00
  Set: 1001 Way: 0 Address: 0x23756fa40
  Set: 1002 Way: 0 Address: 0x23756fa80
  Set: 1003 Way: 0 Address: 0x23756fac0
  Set: 1004 Way: 0 Address: 0x23756fb00
  Set: 1005 Way: 0 Address: 0x23756fb40
EndCache
Cache: cpu0_L1I
  Set: 14 Way: 0 Address: 0x9cff23ba
  Set: 15 Way: 0 Address: 0x9cff23e2
  Set: 16 Way: 0 Address: 0x9cff242a
  Set: 17 Way: 0 Address: 0x9cff2472
  Set: 18 Way: 0 Address: 0x9cff24a6
  Set: 19 Way: 0 Address: 0x9cff24c8
  Set: 20 Way: 0 Address: 0x9cff2521
  Set: 21 Way: 0 Address: 0x9cff255c
  Set: 23 Way: 0 Address: 0x9cff25f0
  Set: 24 Way: 0 Address: 0x9cff2600
  Set: 25 Way: 0 Address: 0x9cff2645
  Set: 34 Way: 0 Address: 0x2a48418a0
EndCache
Cache: cpu0_L1D
  Set: 0 Way: 0 Address: 0xdf85c000
  Set: 0 Way: 1 Address: 0x28b67e000
  Set: 0 Way: 2 Address: 0x195f15000
  Set: 0 Way: 3 Address: 0x1f919e010
  Set: 0 Way: 4 Address: 0x1c84e2018
  Set: 0 Way: 5 Address: 0x1995f202c
  Set: 0 Way: 6 Address: 0x3dae6600c
  Set: 0 Way: 7 Address: 0x28a940000
  Set: 0 Way: 8 Address: 0x1ae2cc000
  Set: 0 Way: 9 Address: 0x34a873000
  Set: 1 Way: 0 Address: 0x1f919e070
  Set: 1 Way: 1 Address: 0x3c56b3070
  Set: 1 Way: 2 Address: 0x1995f2040
  Set: 1 Way: 3 Address: 0x1c84e2078
  Set: 1 Way: 4 Address: 0x143ef078
  Set: 1 Way: 5 Address: 0x3dae6605a
  Set: 1 Way: 6 Address: 0x19c79107e
  Set: 1 Way: 7 Address: 0x28a940040
  Set: 1 Way: 8 Address: 0x1ae2cc040
  Set: 1 Way: 9 Address: 0x34a873040
  Set: 2 Way: 0 Address: 0x1f919e0a8
  Set: 2 Way: 1 Address: 0x397bb40a8
  Set: 2 Way: 2 Address: 0x3dae66096
  Set: 2 Way: 3 Address: 0x19c79108e
  Set: 2 Way: 4 Address: 0x28a940080
  Set: 2 Way: 5 Address: 0x1ae2cc080
  Set: 2 Way: 6 Address: 0x34a873080
  Set: 3 Way: 0 Address: 0x3dae660de
  Set: 3 Way: 1 Address: 0x19c7910c6
  Set: 3 Way: 2 Address: 0x34a0e50fc
  Set: 3 Way: 3 Address: 0x28a9400c0
  Set: 3 Way: 4 Address: 0x12c6fc0f0
  Set: 3 Way: 5 Address: 0x1ae2cc0c0
  Set: 4 Way: 0 Address: 0x1c084e108
  Set: 4 Way: 1 Address: 0x3dae66116
  Set: 4 Way: 2 Address: 0x34a0e5110
  Set: 4 Way: 3 Address: 0x12c6fc100
  Set: 4 Way: 4 Address: 0x28a940100
  Set: 5 Way: 0 Address: 0x3dae66166
  Set: 5 Way: 1 Address: 0x1995f216e
  Set: 5 Way: 2 Address: 0x1c084e140
  Set: 5 Way: 3 Address: 0x34a0e5148
  Set: 5 Way: 4 Address: 0x28a940140
  Set: 5 Way: 5 Address: 0x1ae2cc140
  Set: 6 Way: 0 Address: 0x1995f218a
  Set: 6 Way: 1 Address: 0x2f5d8e1b0
  Set: 6 Way: 2 Address: 0xee86f1a8
  Set: 6 Way: 3 Address: 0x3dae661b2
  Set: 6 Way: 4 Address: 0x19c791180
  Set: 6 Way: 5 Address: 0x1c084e180
  Set: 6 Way: 6 Address: 0x1ae2cc180
  Set: 6 Way: 7 Address: 0x28a940180
  Set: 7 Way: 0 Address: 0x3dae661c0
  Set: 7 Way: 1 Address: 0x19c7911c0
  Set: 7 Way: 2 Address: 0x1c084e1c0
  Set: 7 Way: 3 Address: 0x1ae2cc1c0
  Set: 7 Way: 4 Address: 0x28a9401c0
  Set: 8 Way: 0 Address: 0x1d89da208
  Set: 8 Way: 1 Address: 0x12c6fc23c
  Set: 8 Way: 2 Address: 0x133c92218
  Set: 8 Way: 3 Address: 0x3dae66200
  Set: 8 Way: 4 Address: 0x19c791200
  Set: 8 Way: 5 Address: 0x34a0e5200
  Set: 8 Way: 6 Address: 0x1c084e200
  Set: 8 Way: 7 Address: 0x1ae2cc200
  Set: 9 Way: 0 Address: 0x12c6fc242
  Set: 9 Way: 1 Address: 0x133c92240
  Set: 9 Way: 2 Address: 0x19c791240
  Set: 9 Way: 3 Address: 0x34a0e5240
  Set: 9 Way: 4 Address: 0x1c084e240
  Set: 10 Way: 0 Address: 0x3dae66280
  Set: 10 Way: 1 Address: 0x1995f22be
  Set: 10 Way: 2 Address: 0x12c6fc286
  Set: 10 Way: 3 Address: 0x133c92280
  Set: 10 Way: 4 Address: 0x34a0e5280
  Set: 10 Way: 5 Address: 0x1c084e280
  Set: 11 Way: 0 Address: 0x1995f22ea
  Set: 11 Way: 1 Address: 0x3dae662c0
  Set: 11 Way: 2 Address: 0x34a0e52c0
  Set: 11 Way: 3 Address: 0x133c922c0
  Set: 11 Way: 4 Address: 0x1c084e2c0
  Set: 12 Way: 0 Address: 0x3de4d4300
  Set: 12 Way: 1 Address: 0x3734ee308
  Set: 12 Way: 2 Address: 0xc7078310
  Set: 12 Way: 3 Address: 0x1995f2306
  Set: 12 Way: 4 Address: 0x3dae66300
  Set: 12 Way: 5 Address: 0x14bb10328
  Set: 12 Way: 6 Address: 0xc67da318
  Set: 12 Way: 7 Address: 0x19c79133a
  Set: 12 Way: 8 Address: 0x32f48c320
  Set: 12 Way: 9 Address: 0x168ef0300
  Set: 12 Way: 10 Address: 0x133c92300
  Set: 13 Way: 0 Address: 0x3dae66340
  Set: 13 Way: 1 Address: 0x14bb10340
  Set: 13 Way: 2 Address: 0x19c791350
  Set: 13 Way: 3 Address: 0x133c92340
  Set: 14 Way: 0 Address: 0x12c6fc3b0
  Set: 14 Way: 1 Address: 0x19c791388
  Set: 14 Way: 2 Address: 0x14bb10380
  Set: 14 Way: 3 Address: 0x34a0e53bc
  Set: 14 Way: 4 Address: 0x133c92380
  Set: 15 Way: 0 Address: 0x12c6fc3e0
  Set: 15 Way: 1 Address: 0x14bb103c0
  Set: 15 Way: 2 Address: 0x34a0e53d0
  Set: 15 Way: 3 Address: 0x133c923c0
  Set: 16 Way: 0 Address: 0x6e620438
  Set: 16 Way: 1 Address: 0x1995f2416
  Set: 16 Way: 2 Address: 0x34a0e5402
  Set: 16 Way: 3 Address: 0x14bb10400
  Set: 17 Way: 0 Address: 0x1995f244a
  Set: 17 Way: 1 Address: 0x6e620440
  Set: 17 Way: 2 Address: 0x19c791440
  Set: 17 Way: 3 Address: 0x14bb10440
  Set: 18 Way: 0 Address: 0x6e620480
  Set: 18 Way: 1 Address: 0x19c791480
  Set: 18 Way: 2 Address: 0x14bb10480
  Set: 19 Way: 0 Address: 0x12c6fc4fc
  Set: 19 Way: 1 Address: 0x19c7914c0
  Set: 19 Way: 2 Address: 0x6e6204c0
  Set: 19 Way: 3 Address: 0x34a0e54c0
  Set: 19 Way: 4 Address: 0x14bb104c0
  Set: 20 Way: 0 Address: 0x12c6fc50c
  Set: 20 Way: 1 Address: 0x19c791500
  Set: 20 Way: 2 Address: 0x34a0e5500
  Set: 20 Way: 3 Address: 0x6e620500
  Set: 21 Way: 0 Address: 0x22272f548
  Set: 21 Way: 1 Address: 0x1995f257c
  Set: 21 Way: 2 Address: 0x12c6fc544
  Set: 21 Way: 3 Address: 0x34a0e5540
  Set: 21 Way: 4 Address: 0x6e620540
  Set: 22 Way: 0 Address: 0x1995f25aa
  Set: 22 Way: 1 Address: 0x22272f580
  Set: 22 Way: 2 Address: 0x34a0e5580
  Set: 22 Way: 3 Address: 0x6e620580
  Set: 23 Way: 0 Address: 0x1995f25c2
  Set: 23 Way: 1 Address: 0x19c7915fe
  Set: 23 Way: 2 Address: 0x22272f5c0
  Set: 23 Way: 3 Address: 0x6e6205c0
  Set: 24 Way: 0 Address: 0x19c79160e
  Set: 24 Way: 1 Address: 0x22272f600
  Set: 24 Way: 2 Address: 0x6e620600
  Set: 25 Way: 0 Address: 0x23755d650
  Set: 25 Way: 1 Address: 0x2db79e658
  Set: 25 Way: 2 Address: 0x12c6fc670
  Set: 25 Way: 3 Address: 0x19c791642
  Set: 25 Way: 4 Address: 0x34a0e567e
  Set: 25 Way: 5 Address: 0x22272f640
  Set: 26 Way: 0 Address: 0x1995f2680
  Set: 26 Way: 1 Address: 0x12c6fc6a0
  Set: 26 Way: 2 Address: 0x2db79e680
  Set: 26 Way: 3 Address: 0x34a0e568e
  Set: 26 Way: 4 Address: 0x22272f680
  Set: 27 Way: 0 Address: 0x1995f26f0
  Set: 27 Way: 1 Address: 0x2db79e6c0
  Set: 27 Way: 2 Address: 0x34a0e56c6
  Set: 27 Way: 3 Address: 0x22272f6c0
  Set: 28 Way: 0 Address: 0x1995f2724
  Set: 28 Way: 1 Address: 0x19c791700
  Set: 28 Way: 2 Address: 0x2db79e700
  Set: 28 Way: 3 Address: 0x22272f700
  Set: 29 Way: 0 Address: 0x1b0f15768
  Set: 29 Way: 1 Address: 0x19c791740
  Set: 29 Way: 2 Address: 0x2db79e740
  Set: 30 Way: 0 Address: 0x12c6fc7b8
  Set: 30 Way: 1 Address: 0x1b0f15780
  Set: 30 Way: 2 Address: 0x19c791780
  Set: 30 Way: 3 Address: 0x34a0e5780
  Set: 30 Way: 4 Address: 0x2db79e780
  Set: 31 Way: 0 Address: 0x28b67e7f8
  Set: 31 Way: 1 Address: 0x223eda7f8
  Set: 31 Way: 2 Address: 0x1995f27c0
  Set: 31 Way: 3 Address: 0x12c6fc7cc
  Set: 31 Way: 4 Address: 0x1b0f157c0
  Set: 31 Way: 5 Address: 0x19c7917c0
  Set: 31 Way: 6 Address: 0x34a0e57c0
  Set: 31 Way: 7 Address: 0x2db79e7c0
  Set: 31 Way: 8 Address: 0x6d0c27fc
  Set: 32 Way: 0 Address: 0x12c6fc802
  Set: 32 Way: 1 Address: 0x1995f283e
  Set: 32 Way: 2 Address: 0x6d0c2838
  Set: 32 Way: 3 Address: 0x1b0f15800
  Set: 32 Way: 4 Address: 0x34a0e5800
  Set: 32 Way: 5 Address: 0x2db79e800
  Set: 33 Way: 0 Address: 0x6d0c287c
  Set: 33 Way: 1 Address: 0x2c9898878
  Set: 33 Way: 2 Address: 0x1995f2850
  Set: 33 Way: 3 Address: 0x34a0e5840
  Set: 33 Way: 4 Address: 0x1b0f15840
  Set: 34 Way: 0 Address: 0x6d0c2894
  Set: 34 Way: 1 Address: 0x27d4c688c
  Set: 34 Way: 2 Address: 0x2c9898880
  Set: 34 Way: 3 Address: 0x1995f2888
  Set: 34 Way: 4 Address: 0x19c7918be
  Set: 34 Way: 5 Address: 0x1b0f15880
  Set: 35 Way: 0 Address: 0x2ee3698c8
  Set: 35 Way: 1 Address: 0x6d0c28c8
  Set: 35 Way: 2 Address: 0x27d4c68c0
  Set: 35 Way: 3 Address: 0x2c98988c0
  Set: 35 Way: 4 Address: 0x19c7918d0
  Set: 35 Way: 5 Address: 0x1b0f158c0
  Set: 36 Way: 0 Address: 0x6d0c291c
  Set: 36 Way: 1 Address: 0x1995f2900
  Set: 36 Way: 2 Address: 0x12c6fc92e
  Set: 36 Way: 3 Address: 0x19c791908
  Set: 36 Way: 4 Address: 0x27d4c6900
  Set: 36 Way: 5 Address: 0x2c9898900
  Set: 36 Way: 6 Address: 0x34a0e593c
  Set: 36 Way: 7 Address: 0x1b0f15900
  Set: 37 Way: 0 Address: 0x6d0c294c
  Set: 37 Way: 1 Address: 0x1995f2940
  Set: 37 Way: 2 Address: 0x12c6fc95e
  Set: 37 Way: 3 Address: 0x27d4c6940
  Set: 37 Way: 4 Address: 0x2c9898940
  Set: 37 Way: 5 Address: 0x34a0e5952
  Set: 38 Way: 0 Address: 0x292959980
  Set: 38 Way: 1 Address: 0x6d0c29a8
  Set: 38 Way: 2 Address: 0x23756f99c
  Set: 38 Way: 3 Address: 0x1995f2980
  Set: 38 Way: 4 Address: 0x27d4c6980
  Set: 38 Way: 5 Address: 0x2c9898980
  Set: 38 Way: 6 Address: 0x34a0e5980
  Set: 39 Way: 0 Address: 0x6d0c29cc
  Set: 39 Way: 1 Address: 0x3c10749f8
  Set: 39 Way: 2 Address: 0x1995f29c0
  Set: 39 Way: 3 Address: 0x23756f9c0
  Set: 39 Way: 4 Address: 0x19c7919c0
  Set: 39 Way: 5 Address: 0x27d4c69c0
  Set: 39 Way: 6 Address: 0x2c98989c0
  Set: 40 Way: 0 Address: 0x6d0c2a08
  Set: 40 Way: 1 Address: 0x19c791a00
  Set: 40 Way: 2 Address: 0x27d4c6a00
  Set: 40 Way: 3 Address: 0x2c9898a00
  Set: 40 Way: 4 Address: 0x3232f3a00
  Set: 40 Way: 5 Address: 0x342b40a18
  Set: 40 Way: 6 Address: 0x312099a28
  Set: 40 Way: 7 Address: 0x3d87a6a20
  Set: 40 Way: 8 Address: 0xcf83ba38
  Set: 40 Way: 9 Address: 0x181c81a30
  Set: 40 Way: 10 Address: 0x1995f2a00
  Set: 40 Way: 11 Address: 0x23756fa00
  Set: 41 Way: 0 Address: 0x2fa0c9a40
  Set: 41 Way: 1 Address: 0x3c1074a60
  Set: 41 Way: 2 Address: 0x19c791a40
  Set: 41 Way: 3 Address: 0x23756fa40
  Set: 41 Way: 4 Address: 0x34a0e5a40
  Set: 41 Way: 5 Address: 0x27d4c6a40
  Set: 41 Way: 6 Address: 0x211d16a68
  Set: 41 Way: 7 Address: 0x2c9898a40
  Set: 41 Way: 8 Address: 0xbeea7a78
  Set: 41 Way: 9 Address: 0x12c6fca78
  Set: 41 Way: 10 Address: 0x6d0c2a40
  Set: 41 Way: 11 Address: 0xcf83ba40
  Set: 42 Way: 0 Address: 0x6d0c2a98
  Set: 42 Way: 1 Address: 0x1995f2a80
  Set: 42 Way: 2 Address: 0x211d16a80
  Set: 42 Way: 3 Address: 0x3bdd78a80
  Set: 42 Way: 4 Address: 0x12c6fca90
  Set: 42 Way: 5 Address: 0x3b0803aac
  Set: 42 Way: 6 Address: 0x19c791a80
  Set: 42 Way: 7 Address: 0x23756fa80
  Set: 42 Way: 8 Address: 0x34a0e5a80
  Set: 43 Way: 0 Address: 0x6d0c2ac4
  Set: 43 Way: 1 Address: 0x12c6fcac8
  Set: 43 Way: 2 Address: 0x3b0803ac0
  Set: 43 Way: 3 Address: 0x1995f2afe
  Set: 43 Way: 4 Address: 0x23756fac0
  Set: 43 Way: 5 Address: 0x34a0e5ac0
  Set: 44 Way: 0 Address: 0xf6e81b08
  Set: 44 Way: 1 Address: 0x6d0c2b0c
  Set: 44 Way: 2 Address: 0x1995f2b12
  Set: 44 Way: 3 Address: 0x3b0803b00
  Set: 44 Way: 4 Address: 0x23756fb00
  Set: 44 Way: 5 Address: 0x34a0e5b00
  Set: 45 Way: 0 Address: 0x6d0c2b48
  Set: 45 Way: 1 Address: 0xb8004b70
  Set: 45 Way: 2 Address: 0x1ab44b68
  Set: 45 Way: 3 Address: 0x5588db70
  Set: 45 Way: 4 Address: 0x12c6fcb40
  Set: 45 Way: 5 Address: 0x1995f2b48
  Set: 45 Way: 6 Address: 0x19c791b7e
  Set: 45 Way: 7 Address: 0x3b0803b40
  Set: 45 Way: 8 Address: 0x260091b78
  Set: 45 Way: 9 Address: 0x23756fb40
  Set: 46 Way: 0 Address: 0xb8004b80
  Set: 46 Way: 1 Address: 0x309887bb0
  Set: 46 Way: 2 Address: 0x6d0c2b88
  Set: 46 Way: 3 Address: 0x257713bbc
  Set: 46 Way: 4 Address: 0x19c791b92
  Set: 46 Way: 5 Address: 0x3b0803b80
  Set: 47 Way: 0 Address: 0x6d0c2bcc
  Set: 47 Way: 1 Address: 0x1995f2bc0
  Set: 47 Way: 2 Address: 0x12c6fcbf0
  Set: 47 Way: 3 Address: 0x257713bc0
  Set: 47 Way: 4 Address: 0x19c791bc8
  Set: 47 Way: 5 Address: 0x3b0803bc0
  Set: 48 Way: 0 Address: 0x12c6fcc1e
  Set: 48 Way: 1 Address: 0x1995f2c00
  Set: 48 Way: 2 Address: 0x257713c00
  Set: 48 Way: 3 Address: 0x3b0803c00
  Set: 49 Way: 0 Address: 0x1995f2c40
  Set: 49 Way: 1 Address: 0x257713c40
  Set: 49 Way: 2 Address: 0x3b0803c40
  Set: 50 Way: 0 Address: 0x12c6fcc80
  Set: 50 Way: 1 Address: 0x1995f2c80
  Set: 50 Way: 2 Address: 0x19c791c80
  Set: 50 Way: 3 Address: 0x257713c80
  Set: 51 Way: 0 Address: 0x2c8749ccc
  Set: 51 Way: 1 Address: 0x1995f2cc0
  Set: 51 Way: 2 Address: 0x19c791cc0
  Set: 51 Way: 3 Address: 0x257713cc0
  Set: 52 Way: 0 Address: 0x1995f2d00
  Set: 52 Way: 1 Address: 0x12c6fcd36
  Set: 52 Way: 2 Address: 0x2c8749d00
  Set: 52 Way: 3 Address: 0x19c791d00
  Set: 52 Way: 4 Address: 0x257713d00
  Set: 53 Way: 0 Address: 0x394edbd70
  Set: 53 Way: 1 Address: 0x12c6fcd52
  Set: 53 Way: 2 Address: 0x2c8749d40
  Set: 53 Way: 3 Address: 0x19c791d40
  Set: 53 Way: 4 Address: 0x257713d40
  Set: 54 Way: 0 Address: 0x394edbda0
  Set: 54 Way: 1 Address: 0x12c6fcd86
  Set: 54 Way: 2 Address: 0x1995f2dbe
  Set: 54 Way: 3 Address: 0x2c8749d80
  Set: 54 Way: 4 Address: 0x257713d80
  Set: 55 Way: 0 Address: 0x394edbdc0
  Set: 55 Way: 1 Address: 0x2177f0dec
  Set: 55 Way: 2 Address: 0x12c6fcdc0
  Set: 55 Way: 3 Address: 0x20597eddc
  Set: 55 Way: 4 Address: 0x1995f2dce
  Set: 55 Way: 5 Address: 0x2c8749dc0
  Set: 56 Way: 0 Address: 0x12c6fce00
  Set: 56 Way: 1 Address: 0x2177f0e00
  Set: 56 Way: 2 Address: 0x20597ee00
  Set: 56 Way: 3 Address: 0x1995f2e00
  Set: 56 Way: 4 Address: 0x19c791e36
  Set: 56 Way: 5 Address: 0x62d12e26
  Set: 56 Way: 6 Address: 0x2c8749e00
  Set: 57 Way: 0 Address: 0x2177f0e40
  Set: 57 Way: 1 Address: 0x20597ee40
  Set: 57 Way: 2 Address: 0x19c791e50
  Set: 57 Way: 3 Address: 0x62d12e40
  Set: 57 Way: 4 Address: 0x2c8749e40
  Set: 58 Way: 0 Address: 0x12c6fce96
  Set: 58 Way: 1 Address: 0x19c791e88
  Set: 58 Way: 2 Address: 0x2177f0e80
  Set: 58 Way: 3 Address: 0x20597ee80
  Set: 58 Way: 4 Address: 0x2c8749e80
  Set: 59 Way: 0 Address: 0x12c6fcee8
  Set: 59 Way: 1 Address: 0x3b377befc
  Set: 59 Way: 2 Address: 0x272585eec
  Set: 59 Way: 3 Address: 0x1995f2ec0
  Set: 59 Way: 4 Address: 0x2177f0ec0
  Set: 59 Way: 5 Address: 0x20597eec0
  Set: 60 Way: 0 Address: 0x12c6fcf00
  Set: 60 Way: 1 Address: 0x3b377bf00
  Set: 60 Way: 2 Address: 0x272585f00
  Set: 60 Way: 3 Address: 0x1995f2f00
  Set: 60 Way: 4 Address: 0x2177f0f00
  Set: 60 Way: 5 Address: 0x20597ef00
  Set: 61 Way: 0 Address: 0x38e35cf58
  Set: 61 Way: 1 Address: 0x12c6fcf40
  Set: 61 Way: 2 Address: 0x1995f2f40
  Set: 61 Way: 3 Address: 0x3b377bf40
  Set: 61 Way: 4 Address: 0x2177f0f40
  Set: 61 Way: 5 Address: 0x272585f40
  Set: 61 Way: 6 Address: 0x19c791f40
  Set: 61 Way: 7 Address: 0x62d12f7e
  Set: 61 Way: 8 Address: 0x20597ef40
  Set: 62 Way: 0 Address: 0x38e35cfa4
  Set: 62 Way: 1 Address: 0x1995f2f80
  Set: 62 Way: 2 Address: 0x2177f0f80
  Set: 62 Way: 3 Address: 0x3b377bf80
  Set: 62 Way: 4 Address: 0x19c791f80
  Set: 62 Way: 5 Address: 0x272585f80
  Set: 62 Way: 6 Address: 0x62d12f90
  Set: 62 Way: 7 Address: 0x20597ef80
  Set: 63 Way: 0 Address: 0x129934fe8
  Set: 63 Way: 1 Address: 0x38e35cfc8
  Set: 63 Way: 2 Address: 0x12c6fcff6
  Set: 63 Way: 3 Address: 0x34a873ffc
  Set: 63 Way: 4 Address: 0x2177f0fc0
  Set: 63 Way: 5 Address: 0x19c791fc0
  Set: 63 Way: 6 Address: 0x3b377bfc0
  Set: 63 Way: 7 Address: 0x272585fc0
  Set: 63 Way: 8 Address: 0x62d12fc0
EndCache
Cache: cpu0_ITLB
  Set: 0 Way: 0 Address: 0x4608a0
  Set: 1 Way: 0 Address: 0x441472
EndCache
Cache: cpu0_DTLB
  Set: 0 Way: 0 Address: 0x1d70b48
  Set: 0 Way: 1 Address: 0x730650
  Set: 0 Way: 2 Address: 0x1f40a38
  Set: 0 Way: 3 Address: 0x1f50a28
  Set: 1 Way: 0 Address: 0x2a61ee8
  Set: 1 Way: 1 Address: 0x7618c8
  Set: 1 Way: 2 Address: 0x1f4199c
  Set: 2 Way: 0 Address: 0x2a6202a
  Set: 2 Way: 1 Address: 0x1f42aac
  Set: 3 Way: 0 Address: 0x1f43bbc
  Set: 3 Way: 1 Address: 0x2a6308e
  Set: 4 Way: 0 Address: 0x1f44ccc
  Set: 4 Way: 1 Address: 0x2a64110
  Set: 5 Way: 0 Address: 0x7fff6ec35fa4
  Set: 5 Way: 1 Address: 0x1f45ddc
  Set: 6 Way: 0 Address: 0x7fff6ec361b2
  Set: 6 Way: 1 Address: 0x1f46eec
  Set: 7 Way: 0 Address: 0x1f47ffc
  Set: 8 Way: 0 Address: 0x1f48000
  Set: 9 Way: 0 Address: 0x1f49108
  Set: 10 Way: 0 Address: 0x1f4a218
  Set: 11 Way: 0 Address: 0x1f4b328
  Set: 12 Way: 0 Address: 0x1f4c438
  Set: 13 Way: 0 Address: 0x1f4d548
  Set: 13 Way: 1 Address: 0x1d6ddec
  Set: 14 Way: 0 Address: 0x1f4e658
  Set: 14 Way: 1 Address: 0x1d6eefc
  Set: 15 Way: 0 Address: 0x1f3fda0
  Set: 15 Way: 1 Address: 0x1f4f768
  Set: 15 Way: 2 Address: 0x1d6f000
EndCache
Cache: LLC
  Set: 0 Way: 0 Address: 0x28a940000
  Set: 1 Way: 0 Address: 0x28a940040
  Set: 2 Way: 0 Address: 0x28a940080
  Set: 3 Way: 0 Address: 0x28a9400c0
  Set: 4 Way: 0 Address: 0x28a940100
  Set: 5 Way: 0 Address: 0x28a940140
  Set: 6 Way: 0 Address: 0x28a940180
  Set: 7 Way: 0 Address: 0x28a9401c0
  Set: 16 Way: 0 Address: 0x6e620438
  Set: 17 Way: 0 Address: 0x6e620440
  Set: 18 Way: 0 Address: 0x6e620480
  Set: 19 Way: 0 Address: 0x6e6204c0
  Set: 20 Way: 0 Address: 0x6e620500
  Set: 21 Way: 0 Address: 0x6e620540
  Set: 22 Way: 0 Address: 0x6e620580
  Set: 23 Way: 0 Address: 0x6e6205c0
  Set: 24 Way: 0 Address: 0x6e620600
  Set: 40 Way: 0 Address: 0x342b40a18
  Set: 98 Way: 0 Address: 0x2a48418a0
  Set: 104 Way: 0 Address: 0x181c81a30
  Set: 108 Way: 0 Address: 0xf6e81b08
  Set: 128 Way: 0 Address: 0x1c84e2018
  Set: 129 Way: 0 Address: 0x1c84e2078
  Set: 159 Way: 0 Address: 0x6d0c27fc
  Set: 160 Way: 0 Address: 0x6d0c2838
  Set: 161 Way: 0 Address: 0x6d0c287c
  Set: 162 Way: 0 Address: 0x6d0c2894
  Set: 163 Way: 0 Address: 0x6d0c28c8
  Set: 164 Way: 0 Address: 0x6d0c291c
  Set: 165 Way: 0 Address: 0x6d0c294c
  Set: 166 Way: 0 Address: 0x6d0c29a8
  Set: 167 Way: 0 Address: 0x6d0c29cc
  Set: 168 Way: 0 Address: 0x6d0c2a0c
  Set: 168 Way: 1 Address: 0x1064c2a10
  Set: 169 Way: 0 Address: 0x6d0c2a40
  Set: 170 Way: 0 Address: 0x6d0c2a98
  Set: 171 Way: 0 Address: 0x6d0c2ac4
  Set: 172 Way: 0 Address: 0x6d0c2b0c
  Set: 173 Way: 0 Address: 0x6d0c2b48
  Set: 174 Way: 0 Address: 0x6d0c2b88
  Set: 175 Way: 0 Address: 0x6d0c2bcc
  Set: 234 Way: 0 Address: 0x3b0803aac
  Set: 235 Way: 0 Address: 0x3b0803ac0
  Set: 236 Way: 0 Address: 0x3b0803b00
  Set: 237 Way: 0 Address: 0x3b0803b40
  Set: 238 Way: 0 Address: 0x3b0803b80
  Set: 239 Way: 0 Address: 0x3b0803bc0
  Set: 240 Way: 0 Address: 0x3b0803c00
  Set: 241 Way: 0 Address: 0x3b0803c40
  Set: 301 Way: 0 Address: 0xb8004b68
  Set: 301 Way: 1 Address: 0x1ab44b68
  Set: 302 Way: 0 Address: 0xb8004b80
  Set: 323 Way: 0 Address: 0x34a0e50f6
  Set: 324 Way: 0 Address: 0x34a0e5100
  Set: 325 Way: 0 Address: 0x34a0e5140
  Set: 326 Way: 0 Address: 0x34a0e5180
  Set: 328 Way: 0 Address: 0x34a0e5200
  Set: 329 Way: 0 Address: 0x34a0e5240
  Set: 330 Way: 0 Address: 0x34a0e5280
  Set: 331 Way: 0 Address: 0x34a0e52c0
  Set: 333 Way: 0 Address: 0x34a0e5340
  Set: 334 Way: 0 Address: 0x34a0e5380
  Set: 335 Way: 0 Address: 0x34a0e53c0
  Set: 336 Way: 0 Address: 0x34a0e5400
  Set: 337 Way: 0 Address: 0x34a0e5440
  Set: 339 Way: 0 Address: 0x34a0e54c0
  Set: 340 Way: 0 Address: 0x34a0e5500
  Set: 341 Way: 0 Address: 0x34a0e5540
  Set: 342 Way: 0 Address: 0x34a0e5580
  Set: 344 Way: 0 Address: 0x34a0e5600
  Set: 345 Way: 0 Address: 0x34a0e5640
  Set: 346 Way: 0 Address: 0x34a0e5680
  Set: 347 Way: 0 Address: 0x34a0e56c0
  Set: 348 Way: 0 Address: 0x34a0e5700
  Set: 350 Way: 0 Address: 0x34a0e5780
  Set: 351 Way: 0 Address: 0x34a0e57c0
  Set: 352 Way: 0 Address: 0x34a0e5800
  Set: 353 Way: 0 Address: 0x34a0e5840
  Set: 355 Way: 0 Address: 0x34a0e58c0
  Set: 356 Way: 0 Address: 0x34a0e5900
  Set: 357 Way: 0 Address: 0x34a0e5940
  Set: 358 Way: 0 Address: 0x34a0e5980
  Set: 359 Way: 0 Address: 0x34a0e59c0
  Set: 361 Way: 0 Address: 0x34a0e5a40
  Set: 362 Way: 0 Address: 0x34a0e5a80
  Set: 363 Way: 0 Address: 0x34a0e5ac0
  Set: 364 Way: 0 Address: 0x34a0e5b00
  Set: 366 Way: 0 Address: 0x34a0e5b80
  Set: 367 Way: 0 Address: 0x34a0e5bc0
  Set: 368 Way: 0 Address: 0x34a0e5c00
  Set: 369 Way: 0 Address: 0x34a0e5c40
  Set: 379 Way: 0 Address: 0x272585eec
  Set: 380 Way: 0 Address: 0x272585f00
  Set: 381 Way: 0 Address: 0x272585f40
  Set: 382 Way: 0 Address: 0x272585f80
  Set: 383 Way: 0 Address: 0x272585fc0
  Set: 384 Way: 0 Address: 0x3dae66000
  Set: 385 Way: 0 Address: 0x3dae66040
  Set: 386 Way: 0 Address: 0x3dae66080
  Set: 387 Way: 0 Address: 0x3dae660c0
  Set: 388 Way: 0 Address: 0x3dae66102
  Set: 389 Way: 0 Address: 0x3dae6615a
  Set: 390 Way: 0 Address: 0x3dae66180
  Set: 391 Way: 0 Address: 0x3dae661c0
  Set: 392 Way: 0 Address: 0x3dae66200
  Set: 394 Way: 0 Address: 0x3dae66280
  Set: 395 Way: 0 Address: 0x3dae662c0
  Set: 396 Way: 0 Address: 0x3dae66300
  Set: 397 Way: 0 Address: 0x3dae66340
  Set: 418 Way: 0 Address: 0x27d4c688c
  Set: 419 Way: 0 Address: 0x27d4c68c0
  Set: 420 Way: 0 Address: 0x27d4c6900
  Set: 421 Way: 0 Address: 0x27d4c6940
  Set: 422 Way: 0 Address: 0x27d4c6980
  Set: 423 Way: 0 Address: 0x27d4c69c0
  Set: 424 Way: 0 Address: 0x3d87a6a20
  Set: 424 Way: 1 Address: 0x27d4c6a00
  Set: 425 Way: 0 Address: 0x27d4c6a40
  Set: 489 Way: 0 Address: 0xbeea7a78
  Set: 494 Way: 0 Address: 0x309887bb0
  Set: 611 Way: 0 Address: 0x2ee3698c8
  Set: 617 Way: 0 Address: 0x2fa0c9a40
  Set: 627 Way: 0 Address: 0x2c8749ccc
  Set: 628 Way: 0 Address: 0x2c8749d00
  Set: 629 Way: 0 Address: 0x2c8749d40
  Set: 630 Way: 0 Address: 0x2c8749d80
  Set: 631 Way: 0 Address: 0x2c8749dc0
  Set: 632 Way: 0 Address: 0x2c8749e00
  Set: 633 Way: 0 Address: 0x2c8749e40
  Set: 634 Way: 0 Address: 0x2c8749e80
  Set: 768 Way: 0 Address: 0x1ae2cc000
  Set: 769 Way: 0 Address: 0x1ae2cc040
  Set: 770 Way: 0 Address: 0x1ae2cc080
  Set: 771 Way: 0 Address: 0x1ae2cc0c0
  Set: 772 Way: 0 Address: 0x1ae2cc100
  Set: 773 Way: 0 Address: 0x1ae2cc140
  Set: 774 Way: 0 Address: 0x1ae2cc180
  Set: 775 Way: 0 Address: 0x1ae2cc1c0
  Set: 776 Way: 0 Address: 0x1ae2cc200
  Set: 778 Way: 0 Address: 0x1ae2cc280
  Set: 779 Way: 0 Address: 0x1ae2cc2c0
  Set: 780 Way: 0 Address: 0x32f48c320
  Set: 780 Way: 1 Address: 0x1ae2cc300
  Set: 781 Way: 0 Address: 0x1ae2cc340
  Set: 877 Way: 0 Address: 0x5588db70
  Set: 900 Way: 0 Address: 0x1c084e108
  Set: 901 Way: 0 Address: 0x1c084e140
  Set: 902 Way: 0 Address: 0x2f5d8e1b0
  Set: 902 Way: 1 Address: 0x1c084e180
  Set: 903 Way: 0 Address: 0x1c084e1c0
  Set: 904 Way: 0 Address: 0x1c084e200
  Set: 905 Way: 0 Address: 0x1c084e240
  Set: 906 Way: 0 Address: 0x1c084e280
  Set: 907 Way: 0 Address: 0x1c084e2c0
  Set: 908 Way: 0 Address: 0x3734ee308
  Set: 961 Way: 0 Address: 0x143ef078
  Set: 966 Way: 0 Address: 0xee86f1a8
  Set: 981 Way: 0 Address: 0x22272f548
  Set: 982 Way: 0 Address: 0x22272f580
  Set: 983 Way: 0 Address: 0x22272f5c0
  Set: 984 Way: 0 Address: 0x22272f600
  Set: 985 Way: 0 Address: 0x22272f640
  Set: 986 Way: 0 Address: 0x22272f680
  Set: 987 Way: 0 Address: 0x22272f6c0
  Set: 988 Way: 0 Address: 0x22272f700
  Set: 998 Way: 0 Address: 0x23756f99c
  Set: 999 Way: 0 Address: 0x23756f9c0
  Set: 1000 Way: 0 Address: 0x23756fa00
  Set: 1001 Way: 0 Address: 0x23756fa40
  Set: 1002 Way: 0 Address: 0x23756fa80
  Set: 1003 Way: 0 Address: 0x23756fac0
  Set: 1004 Way: 0 Address: 0x23756fb00
  Set: 1005 Way: 0 Address: 0x23756fb40
  Set: 1036 Way: 0 Address: 0x14bb10328
  Set: 1036 Way: 1 Address: 0x168ef0300
  Set: 1037 Way: 0 Address: 0x14bb10340
  Set: 1038 Way: 0 Address: 0x14bb10380
  Set: 1039 Way: 0 Address: 0x14bb103c0
  Set: 1040 Way: 0 Address: 0x14bb10400
  Set: 1041 Way: 0 Address: 0x14bb10440
  Set: 1042 Way: 0 Address: 0x14bb10480
  Set: 1043 Way: 0 Address: 0x14bb104c0
  Set: 1079 Way: 0 Address: 0x2177f0dec
  Set: 1080 Way: 0 Address: 0x2177f0e00
  Set: 1081 Way: 0 Address: 0x2177f0e40
  Set: 1082 Way: 0 Address: 0x2177f0e80
  Set: 1083 Way: 0 Address: 0x2177f0ec0
  Set: 1084 Way: 0 Address: 0x2177f0f00
  Set: 1085 Way: 0 Address: 0x2177f0f40
  Set: 1086 Way: 0 Address: 0x2177f0f80
  Set: 1087 Way: 0 Address: 0x2177f0fc0
  Set: 1089 Way: 0 Address: 0x19c791076
  Set: 1090 Way: 0 Address: 0x19c791080
  Set: 1091 Way: 0 Address: 0x19c7910c0
  Set: 1094 Way: 0 Address: 0x19c791180
  Set: 1095 Way: 0 Address: 0x19c7911c0
  Set: 1096 Way: 0 Address: 0x19c791200
  Set: 1097 Way: 0 Address: 0x19c791240
  Set: 1100 Way: 0 Address: 0x19c791336
  Set: 1101 Way: 0 Address: 0x19c791340
  Set: 1102 Way: 0 Address: 0x19c791380
  Set: 1105 Way: 0 Address: 0x19c791440
  Set: 1106 Way: 0 Address: 0x19c791480
  Set: 1107 Way: 0 Address: 0x19c7914c0
  Set: 1108 Way: 0 Address: 0x19c791500
  Set: 1111 Way: 0 Address: 0x19c7915c0
  Set: 1112 Way: 0 Address: 0x19c791600
  Set: 1113 Way: 0 Address: 0x19c791640
  Set: 1114 Way: 0 Address: 0x19c791680
  Set: 1116 Way: 0 Address: 0x19c791700
  Set: 1117 Way: 0 Address: 0x19c791740
  Set: 1118 Way: 0 Address: 0x19c791780
  Set: 1119 Way: 0 Address: 0x19c7917c0
  Set: 1122 Way: 0 Address: 0x19c791880
  Set: 1123 Way: 0 Address: 0x19c7918c0
  Set: 1124 Way: 0 Address: 0x19c791900
  Set: 1125 Way: 0 Address: 0x19c791940
  Set: 1127 Way: 0 Address: 0x19c7919c0
  Set: 1128 Way: 0 Address: 0x19c791a00
  Set: 1129 Way: 0 Address: 0x19c791a40
  Set: 1130 Way: 0 Address: 0x19c791a80
  Set: 1133 Way: 0 Address: 0x19c791b40
  Set: 1133 Way: 1 Address: 0x260091b78
  Set: 1134 Way: 0 Address: 0x19c791b80
  Set: 1135 Way: 0 Address: 0x19c791bc0
  Set: 1136 Way: 0 Address: 0x19c791c00
  Set: 1138 Way: 0 Address: 0x19c791c80
  Set: 1139 Way: 0 Address: 0x19c791cc0
  Set: 1140 Way: 0 Address: 0x19c791d00
  Set: 1141 Way: 0 Address: 0x19c791d40
  Set: 1144 Way: 0 Address: 0x19c791e00
  Set: 1145 Way: 0 Address: 0x19c791e40
  Set: 1146 Way: 0 Address: 0x19c791e80
  Set: 1147 Way: 0 Address: 0x19c791ec0
  Set: 1149 Way: 0 Address: 0x19c791f40
  Set: 1150 Way: 0 Address: 0x19c791f80
  Set: 1151 Way: 0 Address: 0x19c791fc0
  Set: 1152 Way: 0 Address: 0x1995f202a
  Set: 1153 Way: 0 Address: 0x1995f2040
  Set: 1157 Way: 0 Address: 0x1995f2156
  Set: 1158 Way: 0 Address: 0x1995f218a
  Set: 1160 Way: 0 Address: 0x133c92218
  Set: 1161 Way: 0 Address: 0x133c92240
  Set: 1162 Way: 0 Address: 0x1995f22bc
  Set: 1162 Way: 1 Address: 0x133c92280
  Set: 1163 Way: 0 Address: 0x1995f22ea
  Set: 1163 Way: 1 Address: 0x133c922c0
  Set: 1164 Way: 0 Address: 0x1995f2306
  Set: 1164 Way: 1 Address: 0x133c92300
  Set: 1165 Way: 0 Address: 0x133c92340
  Set: 1166 Way: 0 Address: 0x9cff2390
  Set: 1166 Way: 1 Address: 0x133c92380
  Set: 1167 Way: 0 Address: 0x9cff23c0
  Set: 1167 Way: 1 Address: 0x133c923c0
  Set: 1168 Way: 0 Address: 0x9cff242a
  Set: 1168 Way: 1 Address: 0x1995f2418
  Set: 1169 Way: 0 Address: 0x9cff2446
  Set: 1169 Way: 1 Address: 0x1995f244a
  Set: 1170 Way: 0 Address: 0x9cff2482
  Set: 1171 Way: 0 Address: 0x9cff24c1
  Set: 1172 Way: 0 Address: 0x9cff2521
  Set: 1173 Way: 0 Address: 0x9cff2543
  Set: 1173 Way: 1 Address: 0x1995f2576
  Set: 1174 Way: 0 Address: 0x1995f25aa
  Set: 1175 Way: 0 Address: 0x9cff25c8
  Set: 1175 Way: 1 Address: 0x1995f25c4
  Set: 1176 Way: 0 Address: 0x9cff2600
  Set: 1177 Way: 0 Address: 0x9cff2645
  Set: 1178 Way: 0 Address: 0x1995f2680
  Set: 1179 Way: 0 Address: 0x1995f26d6
  Set: 1180 Way: 0 Address: 0x1995f270a
  Set: 1183 Way: 0 Address: 0x1995f27c0
  Set: 1184 Way: 0 Address: 0x1995f2836
  Set: 1185 Way: 0 Address: 0x1995f2840
  Set: 1186 Way: 0 Address: 0x1995f2880
  Set: 1188 Way: 0 Address: 0x1995f2900
  Set: 1189 Way: 0 Address: 0x1995f2940
  Set: 1190 Way: 0 Address: 0x1995f2980
  Set: 1191 Way: 0 Address: 0x1995f29c0
  Set: 1192 Way: 0 Address: 0x1995f2a00
  Set: 1193 Way: 0 Address: 0x1995f2a40
  Set: 1194 Way: 0 Address: 0x1995f2a80
  Set: 1195 Way: 0 Address: 0x1995f2af6
  Set: 1196 Way: 0 Address: 0x1995f2b00
  Set: 1197 Way: 0 Address: 0x1995f2b40
  Set: 1199 Way: 0 Address: 0x1995f2bc0
  Set: 1200 Way: 0 Address: 0x1995f2c00
  Set: 1201 Way: 0 Address: 0x1995f2c40
  Set: 1202 Way: 0 Address: 0x1995f2c80
  Set: 1203 Way: 0 Address: 0x1995f2cc0
  Set: 1204 Way: 0 Address: 0x1995f2d00
  Set: 1206 Way: 0 Address: 0x1995f2db6
  Set: 1207 Way: 0 Address: 0x1995f2dc0
  Set: 1208 Way: 0 Address: 0x1995f2e00
  Set: 1208 Way: 1 Address: 0x62d12e1a
  Set: 1209 Way: 0 Address: 0x62d12e40
  Set: 1211 Way: 0 Address: 0x1995f2ec0
  Set: 1212 Way: 0 Address: 0x1995f2f00
  Set: 1213 Way: 0 Address: 0x1995f2f40
  Set: 1213 Way: 1 Address: 0x62d12f76
  Set: 1214 Way: 0 Address: 0x1995f2f80
  Set: 1214 Way: 1 Address: 0x62d12f80
  Set: 1215 Way: 0 Address: 0x62d12fc0
  Set: 1216 Way: 0 Address: 0x34a873000
  Set: 1217 Way: 0 Address: 0x3c56b3070
  Set: 1217 Way: 1 Address: 0x34a873040
  Set: 1218 Way: 0 Address: 0x34a873080
  Set: 1256 Way: 0 Address: 0x3232f3a00
  Set: 1257 Way: 0 Address: 0x2b2e93a50
  Set: 1262 Way: 0 Address: 0x257713bbc
  Set: 1263 Way: 0 Address: 0x257713bc0
  Set: 1264 Way: 0 Address: 0x257713c00
  Set: 1265 Way: 0 Address: 0x257713c40
  Set: 1266 Way: 0 Address: 0x257713c80
  Set: 1267 Way: 0 Address: 0x257713cc0
  Set: 1268 Way: 0 Address: 0x257713d00
  Set: 1269 Way: 0 Address: 0x257713d40
  Set: 1270 Way: 0 Address: 0x257713d80
  Set: 1279 Way: 0 Address: 0x34a873ffc
  Set: 1282 Way: 0 Address: 0x397bb40a8
  Set: 1292 Way: 0 Address: 0x3de4d4300
  Set: 1319 Way: 0 Address: 0x3c10749f8
  Set: 1321 Way: 0 Address: 0x3c1074a48
  Set: 1343 Way: 0 Address: 0x129934fe8
  Set: 1344 Way: 0 Address: 0x195f15000
  Set: 1373 Way: 0 Address: 0x1b0f15768
  Set: 1374 Way: 0 Address: 0x1b0f15780
  Set: 1375 Way: 0 Address: 0x1b0f157c0
  Set: 1376 Way: 0 Address: 0x1b0f15800
  Set: 1377 Way: 0 Address: 0x1b0f15840
  Set: 1378 Way: 0 Address: 0x1b0f15880
  Set: 1379 Way: 0 Address: 0x1b0f158c0
  Set: 1380 Way: 0 Address: 0x1b0f15900
  Set: 1385 Way: 0 Address: 0x354d35a48
  Set: 1449 Way: 0 Address: 0x211d16a68
  Set: 1449 Way: 1 Address: 0x84896a70
  Set: 1450 Way: 0 Address: 0x211d16a80
  Set: 1513 Way: 0 Address: 0x276ff7a58
  Set: 1548 Way: 0 Address: 0xc7078310
  Set: 1569 Way: 0 Address: 0x2c9898878
  Set: 1570 Way: 0 Address: 0x2c9898880
  Set: 1571 Way: 0 Address: 0x2c98988c0
  Set: 1572 Way: 0 Address: 0x2c9898900
  Set: 1573 Way: 0 Address: 0x2c9898940
  Set: 1574 Way: 0 Address: 0x2c9898980
  Set: 1575 Way: 0 Address: 0x2c98989c0
  Set: 1576 Way: 0 Address: 0x3bdd78a00
  Set: 1576 Way: 1 Address: 0x2c9898a00
  Set: 1577 Way: 0 Address: 0x2c9898a40
  Set: 1578 Way: 0 Address: 0x3bdd78a80
  Set: 1638 Way: 0 Address: 0x292959980
  Set: 1640 Way: 0 Address: 0x312099a28
  Set: 1672 Way: 0 Address: 0x1d89da208
  Set: 1676 Way: 0 Address: 0xc67da318
  Set: 1695 Way: 0 Address: 0x223eda7f8
  Set: 1768 Way: 0 Address: 0xc0d9ba08
  Set: 1768 Way: 1 Address: 0xcf83ba38
  Set: 1769 Way: 0 Address: 0xcf83ba40
  Set: 1781 Way: 0 Address: 0x394edbd60
  Set: 1782 Way: 0 Address: 0x394edbda0
  Set: 1783 Way: 0 Address: 0x394edbdc0
  Set: 1787 Way: 0 Address: 0x3b377befc
  Set: 1788 Way: 0 Address: 0x3b377bf00
  Set: 1789 Way: 0 Address: 0x3b377bf40
  Set: 1790 Way: 0 Address: 0x3b377bf80
  Set: 1791 Way: 0 Address: 0x3b377bfc0
  Set: 1792 Way: 0 Address: 0xdf85c000
  Set: 1795 Way: 0 Address: 0x12c6fc0d8
  Set: 1796 Way: 0 Address: 0x12c6fc100
  Set: 1800 Way: 0 Address: 0x12c6fc236
  Set: 1801 Way: 0 Address: 0x12c6fc244
  Set: 1802 Way: 0 Address: 0x12c6fc282
  Set: 1806 Way: 0 Address: 0x12c6fc396
  Set: 1807 Way: 0 Address: 0x12c6fc3ca
  Set: 1811 Way: 0 Address: 0x12c6fc4f6
  Set: 1812 Way: 0 Address: 0x12c6fc500
  Set: 1813 Way: 0 Address: 0x12c6fc540
  Set: 1817 Way: 0 Address: 0x12c6fc656
  Set: 1818 Way: 0 Address: 0x12c6fc68c
  Set: 1822 Way: 0 Address: 0x12c6fc7bc
  Set: 1823 Way: 0 Address: 0x12c6fc7c0
  Set: 1824 Way: 0 Address: 0x12c6fc802
  Set: 1828 Way: 0 Address: 0x12c6fc916
  Set: 1829 Way: 0 Address: 0x12c6fc94a
  Set: 1833 Way: 0 Address: 0x12c6fca7c
  Set: 1834 Way: 0 Address: 0x12c6fca80
  Set: 1835 Way: 0 Address: 0x12c6fcac0
  Set: 1837 Way: 0 Address: 0x12c6fcb40
  Set: 1839 Way: 0 Address: 0x12c6fcbdc
  Set: 1840 Way: 0 Address: 0x12c6fcc0a
  Set: 1842 Way: 0 Address: 0x12c6fcc80
  Set: 1844 Way: 0 Address: 0x12c6fcd3a
  Set: 1845 Way: 0 Address: 0x12c6fcd44
  Set: 1846 Way: 0 Address: 0x12c6fcd80
  Set: 1847 Way: 0 Address: 0x12c6fcdc0
  Set: 1848 Way: 0 Address: 0x12c6fce00
  Set: 1850 Way: 0 Address: 0x12c6fce98
  Set: 1851 Way: 0 Address: 0x12c6fcee4
  Set: 1852 Way: 0 Address: 0x12c6fcf00
  Set: 1853 Way: 0 Address: 0x38e35cf58
  Set: 1853 Way: 1 Address: 0x12c6fcf40
  Set: 1854 Way: 0 Address: 0x38e35cfa4
  Set: 1855 Way: 0 Address: 0x38e35cffc
  Set: 1855 Way: 1 Address: 0x12c6fcffa
  Set: 1881 Way: 0 Address: 0x23755d650
  Set: 1897 Way: 0 Address: 0x1adda60
  Set: 1920 Way: 0 Address: 0x28b67e000
  Set: 1920 Way: 1 Address: 0x1f919e010
  Set: 1921 Way: 0 Address: 0x1f919e070
  Set: 1922 Way: 0 Address: 0x1f919e0a8
  Set: 1945 Way: 0 Address: 0x2db79e658
  Set: 1946 Way: 0 Address: 0x2db79e680
  Set: 1947 Way: 0 Address: 0x2db79e6c0
  Set: 1948 Way: 0 Address: 0x2db79e700
  Set: 1949 Way: 0 Address: 0x2db79e740
  Set: 1950 Way: 0 Address: 0x2db79e780
  Set: 1951 Way: 0 Address: 0x28b67e7f8
  Set: 1951 Way: 1 Address: 0x2db79e7c0
  Set: 1952 Way: 0 Address: 0x2db79e800
  Set: 1975 Way: 0 Address: 0x20597eddc
  Set: 1976 Way: 0 Address: 0x20597ee00
  Set: 1977 Way: 0 Address: 0x20597ee40
  Set: 1978 Way: 0 Address: 0x20597ee80
  Set: 1979 Way: 0 Address: 0x20597eec0
  Set: 1980 Way: 0 Address: 0x20597ef00
  Set: 1981 Way: 0 Address: 0x20597ef40
  Set: 1982 Way: 0 Address: 0x20597ef80
EndCache
