Cache: cpu0_STLB
  Set: 0 Way: 0 Address: 0x400430
  Set: 3 Way: 0 Address: 0x403cbc
  Set: 5 Way: 0 Address: 0x405c3d
  Set: 6 Way: 0 Address: 0x406351
  Set: 27 Way: 0 Address: 0x69b2a8
  Set: 27 Way: 1 Address: 0x41bd60
  Set: 28 Way: 0 Address: 0x69c448
  Set: 31 Way: 0 Address: 0x69f688
  Set: 49 Way: 0 Address: 0x14b1af8
  Set: 51 Way: 0 Address: 0x7f4ad1433c97
  Set: 52 Way: 0 Address: 0x7f4ad1434000
  Set: 90 Way: 0 Address: 0x7f4b012daf60
  Set: 91 Way: 0 Address: 0x7f4b012db000
  Set: 92 Way: 0 Address: 0x7f4b012dc000
  Set: 97 Way: 0 Address: 0x7ffec61e1d88
  Set: 98 Way: 0 Address: 0x7ffec61e2346
  Set: 99 Way: 0 Address: 0x7ffec61e3000
EndCache
Cache: cpu0_L2C
  Set: 0 Way: 0 Address: 0x14bb10000
  Set: 0 Way: 1 Address: 0x2177f0000
  Set: 1 Way: 0 Address: 0x14bb10040
  Set: 1 Way: 1 Address: 0x2177f0040
  Set: 2 Way: 0 Address: 0x14bb10080
  Set: 2 Way: 1 Address: 0x2177f0080
  Set: 3 Way: 0 Address: 0x14bb100c0
  Set: 3 Way: 1 Address: 0x2177f00c0
  Set: 4 Way: 0 Address: 0x14bb10100
  Set: 4 Way: 1 Address: 0x2177f0100
  Set: 5 Way: 0 Address: 0x14bb10140
  Set: 5 Way: 1 Address: 0x2177f0140
  Set: 6 Way: 0 Address: 0x14bb10180
  Set: 6 Way: 1 Address: 0x2177f0180
  Set: 7 Way: 0 Address: 0x14bb101c0
  Set: 7 Way: 1 Address: 0x2177f01c0
  Set: 8 Way: 0 Address: 0x14bb10200
  Set: 8 Way: 1 Address: 0x2177f0200
  Set: 9 Way: 0 Address: 0x14bb10240
  Set: 9 Way: 1 Address: 0x2177f0240
  Set: 10 Way: 0 Address: 0x14bb10280
  Set: 10 Way: 1 Address: 0x2177f0280
  Set: 11 Way: 0 Address: 0x14bb102c0
  Set: 11 Way: 1 Address: 0x2177f02c0
  Set: 12 Way: 0 Address: 0x14bb10300
  Set: 12 Way: 1 Address: 0x2177f0300
  Set: 13 Way: 0 Address: 0x14bb10340
  Set: 13 Way: 1 Address: 0x2177f0340
  Set: 14 Way: 0 Address: 0x14bb10380
  Set: 14 Way: 1 Address: 0x2177f0380
  Set: 15 Way: 0 Address: 0x14bb103c0
  Set: 15 Way: 1 Address: 0x2177f03c0
  Set: 16 Way: 0 Address: 0x14bb10400
  Set: 16 Way: 1 Address: 0x2177f0400
  Set: 17 Way: 0 Address: 0x14bb10440
  Set: 17 Way: 1 Address: 0x2177f0440
  Set: 18 Way: 0 Address: 0x14bb10480
  Set: 19 Way: 0 Address: 0x14bb104c0
  Set: 20 Way: 0 Address: 0x14bb10500
  Set: 21 Way: 0 Address: 0x14bb10540
  Set: 22 Way: 0 Address: 0x14bb10580
  Set: 23 Way: 0 Address: 0x14bb105c0
  Set: 24 Way: 0 Address: 0x14bb10600
  Set: 25 Way: 0 Address: 0x14bb10640
  Set: 26 Way: 0 Address: 0x14bb10680
  Set: 27 Way: 0 Address: 0x6e6206d8
  Set: 27 Way: 1 Address: 0x14bb106c0
  Set: 28 Way: 0 Address: 0x14bb10700
  Set: 29 Way: 0 Address: 0x14bb10740
  Set: 30 Way: 0 Address: 0x14bb10780
  Set: 31 Way: 0 Address: 0x14bb107c0
  Set: 32 Way: 0 Address: 0x14bb10800
  Set: 33 Way: 0 Address: 0x14bb10840
  Set: 34 Way: 0 Address: 0x14bb10880
  Set: 35 Way: 0 Address: 0x14bb108c0
  Set: 36 Way: 0 Address: 0x14bb10900
  Set: 37 Way: 0 Address: 0x14bb10940
  Set: 38 Way: 0 Address: 0x14bb10980
  Set: 39 Way: 0 Address: 0x14bb109c0
  Set: 40 Way: 0 Address: 0x14bb10a00
  Set: 41 Way: 0 Address: 0x14bb10a40
  Set: 42 Way: 0 Address: 0x14bb10a80
  Set: 43 Way: 0 Address: 0x14bb10ac0
  Set: 44 Way: 0 Address: 0x14bb10b00
  Set: 45 Way: 0 Address: 0x14bb10b40
  Set: 46 Way: 0 Address: 0x14bb10b80
  Set: 47 Way: 0 Address: 0x14bb10bc0
  Set: 48 Way: 0 Address: 0x14bb10c00
  Set: 49 Way: 0 Address: 0x14bb10c40
  Set: 50 Way: 0 Address: 0x14bb10c80
  Set: 51 Way: 0 Address: 0x14bb10cc0
  Set: 52 Way: 0 Address: 0x14bb10d00
  Set: 53 Way: 0 Address: 0x14bb10d40
  Set: 54 Way: 0 Address: 0x14bb10d80
  Set: 55 Way: 0 Address: 0x14bb10dc0
  Set: 56 Way: 0 Address: 0x14bb10e00
  Set: 57 Way: 0 Address: 0x14bb10e40
  Set: 58 Way: 0 Address: 0x14bb10e80
  Set: 59 Way: 0 Address: 0x14bb10ec0
  Set: 60 Way: 0 Address: 0x14bb10f00
  Set: 61 Way: 0 Address: 0x14bb10f40
  Set: 62 Way: 0 Address: 0x14bb10f80
  Set: 63 Way: 0 Address: 0x14bb10fc0
  Set: 95 Way: 0 Address: 0xf6e817f0
  Set: 99 Way: 0 Address: 0x2a48418d0
  Set: 104 Way: 0 Address: 0x2a4841a06
  Set: 107 Way: 0 Address: 0x2a4841ae6
  Set: 108 Way: 0 Address: 0x2a4841b00
  Set: 109 Way: 0 Address: 0x2a4841b40
  Set: 110 Way: 0 Address: 0x2a4841baa
  Set: 111 Way: 0 Address: 0x2a4841bc4
  Set: 112 Way: 0 Address: 0x2a4841c3d
  Set: 113 Way: 0 Address: 0x2a4841c40
  Set: 115 Way: 0 Address: 0x2a4841cdb
  Set: 118 Way: 0 Address: 0x2a4841db0
  Set: 120 Way: 0 Address: 0x2a4841e24
  Set: 132 Way: 0 Address: 0x9cff2100
  Set: 134 Way: 0 Address: 0x1995f2198
  Set: 147 Way: 0 Address: 0x1c84e24d8
  Set: 147 Way: 1 Address: 0x133c924e0
  Set: 154 Way: 0 Address: 0x9cff26a8
  Set: 155 Way: 0 Address: 0x9cff26df
  Set: 165 Way: 0 Address: 0x6d0c2958
  Set: 178 Way: 0 Address: 0x9cff2cbc
  Set: 179 Way: 0 Address: 0x9cff2cc4
  Set: 180 Way: 0 Address: 0x9cff2d02
  Set: 181 Way: 0 Address: 0x9cff2d42
  Set: 182 Way: 0 Address: 0x9cff2da8
  Set: 183 Way: 0 Address: 0x9cff2de0
  Set: 192 Way: 0 Address: 0x3c56b3018
  Set: 218 Way: 0 Address: 0x2b2e93688
  Set: 256 Way: 0 Address: 0x3de4d4028
  Set: 256 Way: 1 Address: 0x3c1074000
  Set: 259 Way: 0 Address: 0x3c10740d8
  Set: 260 Way: 0 Address: 0x129934138
  Set: 261 Way: 0 Address: 0x129934158
  Set: 262 Way: 0 Address: 0x12993418c
  Set: 263 Way: 0 Address: 0x1299341e0
  Set: 264 Way: 0 Address: 0x129934238
  Set: 265 Way: 0 Address: 0x129934274
  Set: 266 Way: 0 Address: 0x1299342a8
  Set: 267 Way: 0 Address: 0x1299342cc
  Set: 268 Way: 0 Address: 0x129934318
  Set: 269 Way: 0 Address: 0x129934348
  Set: 270 Way: 0 Address: 0x1299343a8
  Set: 271 Way: 0 Address: 0x1299343f0
  Set: 272 Way: 0 Address: 0x129934438
  Set: 273 Way: 0 Address: 0x129934470
  Set: 274 Way: 0 Address: 0x1299344b4
  Set: 275 Way: 0 Address: 0x1299344ec
  Set: 276 Way: 0 Address: 0x129934510
  Set: 287 Way: 0 Address: 0x397bb47f8
  Set: 309 Way: 0 Address: 0x1ab44d60
  Set: 311 Way: 0 Address: 0x1ab44de0
  Set: 312 Way: 0 Address: 0x1ab44e20
  Set: 314 Way: 0 Address: 0x1ab44ea0
  Set: 315 Way: 0 Address: 0x1ab44ec0
  Set: 320 Way: 0 Address: 0x195f15000
  Set: 339 Way: 0 Address: 0x354d354f8
  Set: 384 Way: 0 Address: 0x3dae66030
  Set: 390 Way: 0 Address: 0x43736180
  Set: 411 Way: 0 Address: 0x848966d0
  Set: 445 Way: 0 Address: 0x211d16f60
  Set: 446 Way: 0 Address: 0x211d16f80
  Set: 447 Way: 0 Address: 0x211d16fc0
  Set: 485 Way: 0 Address: 0x276ff7960
  Set: 502 Way: 0 Address: 0x309887d88
  Set: 503 Way: 0 Address: 0x309887dc0
  Set: 505 Way: 0 Address: 0x309887e40
  Set: 506 Way: 0 Address: 0x309887e80
  Set: 507 Way: 0 Address: 0x309887ec0
  Set: 508 Way: 0 Address: 0x309887f00
  Set: 509 Way: 0 Address: 0x309887f40
  Set: 510 Way: 0 Address: 0x309887f80
  Set: 511 Way: 0 Address: 0x309887fc0
  Set: 539 Way: 0 Address: 0x1aafb86c0
  Set: 540 Way: 0 Address: 0x1aafb8700
  Set: 541 Way: 0 Address: 0x1aafb8740
  Set: 542 Way: 0 Address: 0x1aafb8780
  Set: 544 Way: 0 Address: 0x1aafb8808
  Set: 545 Way: 0 Address: 0x1aafb8870
  Set: 546 Way: 0 Address: 0x1aafb88b0
  Set: 547 Way: 0 Address: 0x1aafb88d0
  Set: 548 Way: 0 Address: 0x1aafb891e
  Set: 549 Way: 0 Address: 0x1aafb8960
  Set: 555 Way: 0 Address: 0x1aafb8af8
  Set: 572 Way: 0 Address: 0xc7078f08
  Set: 575 Way: 0 Address: 0x201598fd8
  Set: 582 Way: 0 Address: 0x2ee3691a0
  Set: 636 Way: 0 Address: 0x292959f10
  Set: 640 Way: 0 Address: 0x1d89da018
  Set: 641 Way: 0 Address: 0x223eda050
  Set: 720 Way: 0 Address: 0x394edb430
  Set: 721 Way: 0 Address: 0x394edb441
  Set: 722 Way: 0 Address: 0x394edb488
  Set: 731 Way: 0 Address: 0x394edb6d0
  Set: 732 Way: 0 Address: 0x394edb701
  Set: 733 Way: 0 Address: 0x394edb740
  Set: 734 Way: 0 Address: 0x394edb78c
  Set: 750 Way: 0 Address: 0x394edbba0
  Set: 751 Way: 0 Address: 0x394edbbc2
  Set: 752 Way: 0 Address: 0x394edbc05
  Set: 768 Way: 0 Address: 0xdf85c000
  Set: 778 Way: 0 Address: 0x38e35c2a0
  Set: 779 Way: 0 Address: 0x38e35c2c3
  Set: 780 Way: 0 Address: 0x38e35c328
  Set: 781 Way: 0 Address: 0x38e35c351
  Set: 782 Way: 0 Address: 0x38e35c3bc
  Set: 783 Way: 0 Address: 0x38e35c3c0
  Set: 784 Way: 0 Address: 0x38e35c400
  Set: 785 Way: 0 Address: 0x12c6fc450
  Set: 790 Way: 0 Address: 0x29484c588
  Set: 833 Way: 0 Address: 0x1add048
  Set: 835 Way: 0 Address: 0x5588d0d8
  Set: 882 Way: 0 Address: 0x23755dc97
  Set: 883 Way: 0 Address: 0x23755dcc0
  Set: 884 Way: 0 Address: 0x23755dd00
  Set: 885 Way: 0 Address: 0x23755dd40
  Set: 886 Way: 0 Address: 0x23755dd80
  Set: 887 Way: 0 Address: 0x23755ddc0
  Set: 888 Way: 0 Address: 0x23755de00
  Set: 889 Way: 0 Address: 0x23755de40
  Set: 890 Way: 0 Address: 0x23755de80
  Set: 891 Way: 0 Address: 0x23755dec0
  Set: 892 Way: 0 Address: 0x23755df00
  Set: 893 Way: 0 Address: 0x23755df40
  Set: 894 Way: 0 Address: 0x23755df80
  Set: 895 Way: 0 Address: 0x23755dfc0
  Set: 896 Way: 0 Address: 0x28b67e000
  Set: 896 Way: 1 Address: 0x1f919e010
  Set: 896 Way: 2 Address: 0x2f5d8e000
  Set: 897 Way: 0 Address: 0x1f919e050
  Set: 897 Way: 1 Address: 0x2f5d8e040
  Set: 898 Way: 0 Address: 0x2f5d8e080
  Set: 899 Way: 0 Address: 0x2f5d8e0c0
  Set: 900 Way: 0 Address: 0x2f5d8e100
  Set: 901 Way: 0 Address: 0x2f5d8e140
  Set: 902 Way: 0 Address: 0x2f5d8e180
  Set: 903 Way: 0 Address: 0x2f5d8e1c0
  Set: 904 Way: 0 Address: 0x2f5d8e200
  Set: 905 Way: 0 Address: 0x2f5d8e240
  Set: 906 Way: 0 Address: 0x2f5d8e280
  Set: 907 Way: 0 Address: 0x2f5d8e2c0
  Set: 908 Way: 0 Address: 0x2f5d8e300
  Set: 909 Way: 0 Address: 0x2f5d8e340
  Set: 910 Way: 0 Address: 0x2f5d8e380
  Set: 911 Way: 0 Address: 0x2f5d8e3c0
  Set: 912 Way: 0 Address: 0x2f5d8e400
  Set: 913 Way: 0 Address: 0x2f5d8e440
  Set: 913 Way: 1 Address: 0x1c084e448
  Set: 914 Way: 0 Address: 0x2f5d8e480
  Set: 915 Way: 0 Address: 0x2f5d8e4c0
  Set: 916 Way: 0 Address: 0x2f5d8e500
  Set: 917 Way: 0 Address: 0x2f5d8e540
  Set: 918 Way: 0 Address: 0x2f5d8e580
  Set: 919 Way: 0 Address: 0x2f5d8e5c0
  Set: 920 Way: 0 Address: 0x2f5d8e600
  Set: 921 Way: 0 Address: 0x2f5d8e640
  Set: 922 Way: 0 Address: 0x2f5d8e680
  Set: 923 Way: 0 Address: 0x2f5d8e6c0
  Set: 924 Way: 0 Address: 0x2f5d8e700
  Set: 925 Way: 0 Address: 0x2f5d8e740
  Set: 926 Way: 0 Address: 0x2f5d8e780
  Set: 927 Way: 0 Address: 0x28b67e7f8
  Set: 927 Way: 1 Address: 0x2f5d8e7c0
  Set: 928 Way: 0 Address: 0x2f5d8e800
  Set: 929 Way: 0 Address: 0x2f5d8e840
  Set: 930 Way: 0 Address: 0x2f5d8e880
  Set: 931 Way: 0 Address: 0x2f5d8e8c0
  Set: 932 Way: 0 Address: 0x2f5d8e900
  Set: 933 Way: 0 Address: 0x2f5d8e940
  Set: 960 Way: 0 Address: 0x143ef000
  Set: 960 Way: 1 Address: 0x16390f000
  Set: 961 Way: 0 Address: 0x143ef040
  Set: 961 Way: 1 Address: 0x16390f040
  Set: 962 Way: 0 Address: 0x143ef080
  Set: 962 Way: 1 Address: 0x16390f080
  Set: 963 Way: 0 Address: 0x143ef0c0
  Set: 963 Way: 1 Address: 0x16390f0c0
  Set: 964 Way: 0 Address: 0x143ef100
  Set: 964 Way: 1 Address: 0x16390f100
  Set: 965 Way: 0 Address: 0x143ef140
  Set: 965 Way: 1 Address: 0x16390f140
  Set: 966 Way: 0 Address: 0x143ef180
  Set: 966 Way: 1 Address: 0x16390f180
  Set: 967 Way: 0 Address: 0x143ef1c0
  Set: 967 Way: 1 Address: 0x16390f1c0
  Set: 968 Way: 0 Address: 0x143ef200
  Set: 968 Way: 1 Address: 0x16390f200
  Set: 969 Way: 0 Address: 0x143ef240
  Set: 969 Way: 1 Address: 0x16390f240
  Set: 970 Way: 0 Address: 0x143ef280
  Set: 970 Way: 1 Address: 0x16390f280
  Set: 971 Way: 0 Address: 0x143ef2c0
  Set: 971 Way: 1 Address: 0x16390f2c0
  Set: 972 Way: 0 Address: 0x143ef300
  Set: 972 Way: 1 Address: 0x16390f300
  Set: 973 Way: 0 Address: 0x16390f346
  Set: 973 Way: 1 Address: 0x143ef340
  Set: 974 Way: 0 Address: 0x16390f380
  Set: 974 Way: 1 Address: 0x143ef380
  Set: 975 Way: 0 Address: 0x16390f3c0
  Set: 976 Way: 0 Address: 0x16390f400
  Set: 977 Way: 0 Address: 0x16390f440
  Set: 978 Way: 0 Address: 0x16390f480
  Set: 979 Way: 0 Address: 0x16390f4c0
  Set: 980 Way: 0 Address: 0x16390f500
  Set: 981 Way: 0 Address: 0x16390f540
  Set: 982 Way: 0 Address: 0x16390f580
  Set: 983 Way: 0 Address: 0x16390f5c0
  Set: 984 Way: 0 Address: 0x16390f600
  Set: 985 Way: 0 Address: 0x16390f640
  Set: 986 Way: 0 Address: 0x16390f680
  Set: 987 Way: 0 Address: 0x16390f6c0
  Set: 987 Way: 1 Address: 0x22272f6e0
  Set: 988 Way: 0 Address: 0x16390f700
  Set: 989 Way: 0 Address: 0x16390f740
  Set: 990 Way: 0 Address: 0x16390f780
  Set: 991 Way: 0 Address: 0x16390f7c0
  Set: 992 Way: 0 Address: 0x16390f800
  Set: 993 Way: 0 Address: 0x16390f840
  Set: 994 Way: 0 Address: 0x16390f880
  Set: 995 Way: 0 Address: 0x16390f8c0
  Set: 996 Way: 0 Address: 0x16390f900
  Set: 997 Way: 0 Address: 0x16390f940
  Set: 998 Way: 0 Address: 0x16390f980
  Set: 999 Way: 0 Address: 0x16390f9c0
  Set: 1000 Way: 0 Address: 0x16390fa00
  Set: 1001 Way: 0 Address: 0x16390fa40
  Set: 1002 Way: 0 Address: 0x16390fa80
  Set: 1003 Way: 0 Address: 0x16390fac0
  Set: 1004 Way: 0 Address: 0x16390fb00
  Set: 1005 Way: 0 Address: 0x16390fb40
  Set: 1006 Way: 0 Address: 0x16390fb80
  Set: 1007 Way: 0 Address: 0x16390fbc0
  Set: 1008 Way: 0 Address: 0x16390fc00
  Set: 1009 Way: 0 Address: 0x16390fc40
  Set: 1010 Way: 0 Address: 0x16390fc80
  Set: 1011 Way: 0 Address: 0x16390fcc0
  Set: 1012 Way: 0 Address: 0x16390fd00
  Set: 1013 Way: 0 Address: 0x16390fd40
  Set: 1014 Way: 0 Address: 0x16390fd80
  Set: 1015 Way: 0 Address: 0x16390fdc0
  Set: 1016 Way: 0 Address: 0x16390fe00
  Set: 1017 Way: 0 Address: 0x16390fe40
  Set: 1018 Way: 0 Address: 0x16390fe80
  Set: 1019 Way: 0 Address: 0x16390fec0
  Set: 1020 Way: 0 Address: 0x16390ff00
  Set: 1020 Way: 1 Address: 0xee86ff18
  Set: 1021 Way: 0 Address: 0x16390ff40
  Set: 1022 Way: 0 Address: 0x16390ff80
  Set: 1023 Way: 0 Address: 0x16390ffc0
EndCache
Cache: cpu0_L1I
  Set: 4 Way: 0 Address: 0x9cff2100
  Set: 10 Way: 0 Address: 0x38e35c2a0
  Set: 11 Way: 0 Address: 0x38e35c2f2
  Set: 12 Way: 0 Address: 0x38e35c328
  Set: 13 Way: 0 Address: 0x38e35c351
  Set: 14 Way: 0 Address: 0x38e35c3bc
  Set: 15 Way: 0 Address: 0x38e35c3c0
  Set: 16 Way: 0 Address: 0x38e35c400
  Set: 16 Way: 1 Address: 0x394edb430
  Set: 17 Way: 0 Address: 0x394edb441
  Set: 18 Way: 0 Address: 0x394edb488
  Set: 26 Way: 0 Address: 0x9cff26a8
  Set: 27 Way: 0 Address: 0x9cff26df
  Set: 27 Way: 1 Address: 0x394edb6d0
  Set: 28 Way: 0 Address: 0x394edb721
  Set: 29 Way: 0 Address: 0x394edb740
  Set: 30 Way: 0 Address: 0x394edb78c
  Set: 35 Way: 0 Address: 0x2a48418f5
  Set: 40 Way: 0 Address: 0x2a4841a06
  Set: 43 Way: 0 Address: 0x2a4841ad0
  Set: 44 Way: 0 Address: 0x2a4841b3c
  Set: 45 Way: 0 Address: 0x2a4841b40
  Set: 46 Way: 0 Address: 0x2a4841baa
  Set: 46 Way: 1 Address: 0x394edbba0
  Set: 47 Way: 0 Address: 0x2a4841be2
  Set: 47 Way: 1 Address: 0x394edbbf5
  Set: 48 Way: 0 Address: 0x2a4841c3d
  Set: 48 Way: 1 Address: 0x394edbc05
  Set: 49 Way: 0 Address: 0x2a4841c40
  Set: 50 Way: 0 Address: 0x9cff2cbc
  Set: 51 Way: 0 Address: 0x9cff2cef
  Set: 51 Way: 1 Address: 0x2a4841cdb
  Set: 52 Way: 0 Address: 0x9cff2d02
  Set: 53 Way: 0 Address: 0x9cff2d62
  Set: 53 Way: 1 Address: 0x1ab44d60
  Set: 54 Way: 0 Address: 0x9cff2da8
  Set: 54 Way: 1 Address: 0x2a4841db0
  Set: 55 Way: 0 Address: 0x9cff2de0
  Set: 55 Way: 1 Address: 0x1ab44de0
  Set: 56 Way: 0 Address: 0x2a4841e24
  Set: 56 Way: 1 Address: 0x1ab44e20
  Set: 58 Way: 0 Address: 0x1ab44ebb
  Set: 59 Way: 0 Address: 0x1ab44eda
EndCache
Cache: cpu0_L1D
  Set: 0 Way: 0 Address: 0xdf85c000
  Set: 0 Way: 1 Address: 0x16390f038
  Set: 0 Way: 2 Address: 0x2177f0000
  Set: 0 Way: 3 Address: 0x1f919e010
  Set: 0 Way: 4 Address: 0x1d89da018
  Set: 0 Way: 5 Address: 0x3de4d4028
  Set: 0 Way: 6 Address: 0x3c56b3018
  Set: 0 Way: 7 Address: 0x2f5d8e01a
  Set: 0 Way: 8 Address: 0x143ef000
  Set: 0 Way: 9 Address: 0x3dae66030
  Set: 0 Way: 10 Address: 0x3c1074000
  Set: 0 Way: 11 Address: 0x14bb10000
  Set: 1 Way: 0 Address: 0x1f919e050
  Set: 1 Way: 1 Address: 0x223eda050
  Set: 1 Way: 2 Address: 0x2f5d8e04b
  Set: 1 Way: 3 Address: 0x143ef040
  Set: 1 Way: 4 Address: 0x1add048
  Set: 1 Way: 5 Address: 0x14bb10040
  Set: 1 Way: 6 Address: 0x16390f078
  Set: 1 Way: 7 Address: 0x2177f0040
  Set: 2 Way: 0 Address: 0x2f5d8e089
  Set: 2 Way: 1 Address: 0x143ef081
  Set: 2 Way: 2 Address: 0x14bb10080
  Set: 2 Way: 3 Address: 0x16390f0b8
  Set: 2 Way: 4 Address: 0x2177f0080
  Set: 3 Way: 0 Address: 0x2f5d8e0c9
  Set: 3 Way: 1 Address: 0x143ef0c0
  Set: 3 Way: 2 Address: 0x3c10740d8
  Set: 3 Way: 3 Address: 0x5588d0d8
  Set: 3 Way: 4 Address: 0x14bb100c0
  Set: 3 Way: 5 Address: 0x16390f0f8
  Set: 3 Way: 6 Address: 0x2177f00c0
  Set: 4 Way: 0 Address: 0x129934138
  Set: 4 Way: 1 Address: 0x2f5d8e10c
  Set: 4 Way: 2 Address: 0x143ef100
  Set: 4 Way: 3 Address: 0x14bb10100
  Set: 4 Way: 4 Address: 0x16390f138
  Set: 4 Way: 5 Address: 0x2177f0100
  Set: 5 Way: 0 Address: 0x129934158
  Set: 5 Way: 1 Address: 0x2f5d8e147
  Set: 5 Way: 2 Address: 0x143ef140
  Set: 5 Way: 3 Address: 0x14bb10140
  Set: 5 Way: 4 Address: 0x16390f178
  Set: 5 Way: 5 Address: 0x2177f0140
  Set: 6 Way: 0 Address: 0x43736180
  Set: 6 Way: 1 Address: 0x12993418c
  Set: 6 Way: 2 Address: 0x1995f2198
  Set: 6 Way: 3 Address: 0x2ee3691a0
  Set: 6 Way: 4 Address: 0x2f5d8e18e
  Set: 6 Way: 5 Address: 0x143ef180
  Set: 6 Way: 6 Address: 0x14bb10180
  Set: 6 Way: 7 Address: 0x16390f1b8
  Set: 6 Way: 8 Address: 0x2177f0180
  Set: 7 Way: 0 Address: 0x1299341e0
  Set: 7 Way: 1 Address: 0x2f5d8e1c8
  Set: 7 Way: 2 Address: 0x143ef1c0
  Set: 7 Way: 3 Address: 0x14bb101c0
  Set: 7 Way: 4 Address: 0x16390f1f8
  Set: 7 Way: 5 Address: 0x2177f01c0
  Set: 8 Way: 0 Address: 0x129934238
  Set: 8 Way: 1 Address: 0x2f5d8e200
  Set: 8 Way: 2 Address: 0x143ef200
  Set: 8 Way: 3 Address: 0x14bb10200
  Set: 8 Way: 4 Address: 0x16390f238
  Set: 8 Way: 5 Address: 0x2177f0200
  Set: 9 Way: 0 Address: 0x129934274
  Set: 9 Way: 1 Address: 0x2f5d8e249
  Set: 9 Way: 2 Address: 0x143ef240
  Set: 9 Way: 3 Address: 0x14bb10240
  Set: 9 Way: 4 Address: 0x16390f278
  Set: 9 Way: 5 Address: 0x2177f0240
  Set: 10 Way: 0 Address: 0x1299342a8
  Set: 10 Way: 1 Address: 0x2f5d8e280
  Set: 10 Way: 2 Address: 0x143ef280
  Set: 10 Way: 3 Address: 0x14bb10280
  Set: 10 Way: 4 Address: 0x16390f2b8
  Set: 10 Way: 5 Address: 0x2177f0280
  Set: 11 Way: 0 Address: 0x1299342cc
  Set: 11 Way: 1 Address: 0x2f5d8e2c9
  Set: 11 Way: 2 Address: 0x143ef2c0
  Set: 11 Way: 3 Address: 0x14bb102c0
  Set: 11 Way: 4 Address: 0x16390f2f8
  Set: 11 Way: 5 Address: 0x2177f02c0
  Set: 12 Way: 0 Address: 0x129934318
  Set: 12 Way: 1 Address: 0x2f5d8e308
  Set: 12 Way: 2 Address: 0x143ef300
  Set: 12 Way: 3 Address: 0x14bb10300
  Set: 12 Way: 4 Address: 0x16390f338
  Set: 12 Way: 5 Address: 0x2177f0300
  Set: 13 Way: 0 Address: 0x16390f346
  Set: 13 Way: 1 Address: 0x129934348
  Set: 13 Way: 2 Address: 0x2f5d8e349
  Set: 13 Way: 3 Address: 0x143ef340
  Set: 13 Way: 4 Address: 0x14bb10340
  Set: 13 Way: 5 Address: 0x2177f0340
  Set: 14 Way: 0 Address: 0x1299343bc
  Set: 14 Way: 1 Address: 0x16390f380
  Set: 14 Way: 2 Address: 0x2f5d8e389
  Set: 14 Way: 3 Address: 0x143ef380
  Set: 14 Way: 4 Address: 0x14bb10380
  Set: 14 Way: 5 Address: 0x2177f0380
  Set: 15 Way: 0 Address: 0x1299343f0
  Set: 15 Way: 1 Address: 0x16390f3c3
  Set: 15 Way: 2 Address: 0x2f5d8e3c9
  Set: 15 Way: 3 Address: 0x14bb103c0
  Set: 15 Way: 4 Address: 0x2177f03c0
  Set: 16 Way: 0 Address: 0x129934438
  Set: 16 Way: 1 Address: 0x16390f403
  Set: 16 Way: 2 Address: 0x2f5d8e409
  Set: 16 Way: 3 Address: 0x14bb10400
  Set: 16 Way: 4 Address: 0x2177f0400
  Set: 17 Way: 0 Address: 0x12c6fc450
  Set: 17 Way: 1 Address: 0x129934470
  Set: 17 Way: 2 Address: 0x16390f440
  Set: 17 Way: 3 Address: 0x2f5d8e449
  Set: 17 Way: 4 Address: 0x1c084e448
  Set: 17 Way: 5 Address: 0x14bb10440
  Set: 17 Way: 6 Address: 0x2177f0440
  Set: 18 Way: 0 Address: 0x1299344b4
  Set: 18 Way: 1 Address: 0x16390f480
  Set: 18 Way: 2 Address: 0x2f5d8e489
  Set: 18 Way: 3 Address: 0x14bb10480
  Set: 19 Way: 0 Address: 0x1c84e24d8
  Set: 19 Way: 1 Address: 0x1299344ec
  Set: 19 Way: 2 Address: 0x16390f4c0
  Set: 19 Way: 3 Address: 0x2f5d8e4c6
  Set: 19 Way: 4 Address: 0x354d354f8
  Set: 19 Way: 5 Address: 0x133c924e0
  Set: 19 Way: 6 Address: 0x14bb104c0
  Set: 20 Way: 0 Address: 0x129934510
  Set: 20 Way: 1 Address: 0x16390f500
  Set: 20 Way: 2 Address: 0x2f5d8e508
  Set: 20 Way: 3 Address: 0x14bb10500
  Set: 21 Way: 0 Address: 0x16390f540
  Set: 21 Way: 1 Address: 0x2f5d8e565
  Set: 21 Way: 2 Address: 0x14bb10540
  Set: 22 Way: 0 Address: 0x29484c588
  Set: 22 Way: 1 Address: 0x16390f580
  Set: 22 Way: 2 Address: 0x2f5d8e588
  Set: 22 Way: 3 Address: 0x14bb10580
  Set: 23 Way: 0 Address: 0x16390f5c0
  Set: 23 Way: 1 Address: 0x2f5d8e5c8
  Set: 23 Way: 2 Address: 0x14bb105c0
  Set: 24 Way: 0 Address: 0x16390f600
  Set: 24 Way: 1 Address: 0x2f5d8e609
  Set: 24 Way: 2 Address: 0x14bb10600
  Set: 25 Way: 0 Address: 0x16390f640
  Set: 25 Way: 1 Address: 0x2f5d8e648
  Set: 25 Way: 2 Address: 0x14bb10640
  Set: 26 Way: 0 Address: 0x16390f680
  Set: 26 Way: 1 Address: 0x2f5d8e688
  Set: 26 Way: 2 Address: 0x2b2e93688
  Set: 26 Way: 3 Address: 0x14bb10680
  Set: 27 Way: 0 Address: 0x1aafb86c0
  Set: 27 Way: 1 Address: 0x16390f6c0
  Set: 27 Way: 2 Address: 0x848966d0
  Set: 27 Way: 3 Address: 0x6e6206d8
  Set: 27 Way: 4 Address: 0x14bb106c0
  Set: 27 Way: 5 Address: 0x22272f6e0
  Set: 27 Way: 6 Address: 0x2f5d8e6cb
  Set: 28 Way: 0 Address: 0x1aafb8700
  Set: 28 Way: 1 Address: 0x16390f700
  Set: 28 Way: 2 Address: 0x14bb10700
  Set: 28 Way: 3 Address: 0x2f5d8e706
  Set: 29 Way: 0 Address: 0x1aafb8740
  Set: 29 Way: 1 Address: 0x16390f740
  Set: 29 Way: 2 Address: 0x14bb10740
  Set: 29 Way: 3 Address: 0x2f5d8e74a
  Set: 30 Way: 0 Address: 0x1aafb8780
  Set: 30 Way: 1 Address: 0x16390f780
  Set: 30 Way: 2 Address: 0x14bb10780
  Set: 30 Way: 3 Address: 0x2f5d8e789
  Set: 31 Way: 0 Address: 0x28b67e7f8
  Set: 31 Way: 1 Address: 0x397bb47f8
  Set: 31 Way: 2 Address: 0xf6e817f0
  Set: 31 Way: 3 Address: 0x16390f7c0
  Set: 31 Way: 4 Address: 0x14bb107c0
  Set: 31 Way: 5 Address: 0x2f5d8e7c7
  Set: 32 Way: 0 Address: 0x1aafb8814
  Set: 32 Way: 1 Address: 0x16390f800
  Set: 32 Way: 2 Address: 0x14bb10800
  Set: 32 Way: 3 Address: 0x2f5d8e80a
  Set: 33 Way: 0 Address: 0x1aafb8870
  Set: 33 Way: 1 Address: 0x16390f840
  Set: 33 Way: 2 Address: 0x14bb10840
  Set: 33 Way: 3 Address: 0x2f5d8e84a
  Set: 34 Way: 0 Address: 0x1aafb88b0
  Set: 34 Way: 1 Address: 0x16390f880
  Set: 34 Way: 2 Address: 0x14bb10880
  Set: 34 Way: 3 Address: 0x2f5d8e88a
  Set: 35 Way: 0 Address: 0x1aafb88dc
  Set: 35 Way: 1 Address: 0x16390f8c0
  Set: 35 Way: 2 Address: 0x14bb108c0
  Set: 35 Way: 3 Address: 0x2f5d8e8cd
  Set: 36 Way: 0 Address: 0x1aafb8910
  Set: 36 Way: 1 Address: 0x16390f900
  Set: 36 Way: 2 Address: 0x14bb10900
  Set: 36 Way: 3 Address: 0x2f5d8e908
  Set: 37 Way: 0 Address: 0x1aafb8960
  Set: 37 Way: 1 Address: 0x6d0c2958
  Set: 37 Way: 2 Address: 0x16390f940
  Set: 37 Way: 3 Address: 0x276ff7960
  Set: 37 Way: 4 Address: 0x14bb10940
  Set: 37 Way: 5 Address: 0x2f5d8e949
  Set: 38 Way: 0 Address: 0x16390f980
  Set: 38 Way: 1 Address: 0x14bb10980
  Set: 39 Way: 0 Address: 0x16390f9c0
  Set: 39 Way: 1 Address: 0x14bb109c0
  Set: 40 Way: 0 Address: 0x16390fa00
  Set: 40 Way: 1 Address: 0x14bb10a00
  Set: 41 Way: 0 Address: 0x16390fa40
  Set: 41 Way: 1 Address: 0x14bb10a40
  Set: 42 Way: 0 Address: 0x16390fa80
  Set: 42 Way: 1 Address: 0x14bb10a80
  Set: 43 Way: 0 Address: 0x1aafb8af8
  Set: 43 Way: 1 Address: 0x16390fac0
  Set: 43 Way: 2 Address: 0x14bb10ac0
  Set: 44 Way: 0 Address: 0x16390fb00
  Set: 44 Way: 1 Address: 0x14bb10b00
  Set: 45 Way: 0 Address: 0x16390fb40
  Set: 45 Way: 1 Address: 0x14bb10b40
  Set: 46 Way: 0 Address: 0x16390fb80
  Set: 46 Way: 1 Address: 0x14bb10b80
  Set: 47 Way: 0 Address: 0x16390fbc0
  Set: 47 Way: 1 Address: 0x14bb10bc0
  Set: 48 Way: 0 Address: 0x16390fc00
  Set: 48 Way: 1 Address: 0x14bb10c00
  Set: 49 Way: 0 Address: 0x16390fc40
  Set: 49 Way: 1 Address: 0x14bb10c40
  Set: 50 Way: 0 Address: 0x23755dca8
  Set: 50 Way: 1 Address: 0x16390fc80
  Set: 50 Way: 2 Address: 0x14bb10c80
  Set: 51 Way: 0 Address: 0x23755dcc3
  Set: 51 Way: 1 Address: 0x16390fcc0
  Set: 51 Way: 2 Address: 0x14bb10cc0
  Set: 52 Way: 0 Address: 0x23755dd07
  Set: 52 Way: 1 Address: 0x16390fd00
  Set: 52 Way: 2 Address: 0x14bb10d00
  Set: 53 Way: 0 Address: 0x23755dd4c
  Set: 53 Way: 1 Address: 0x16390fd40
  Set: 53 Way: 2 Address: 0x14bb10d40
  Set: 54 Way: 0 Address: 0x309887d88
  Set: 54 Way: 1 Address: 0x23755dd98
  Set: 54 Way: 2 Address: 0x16390fd80
  Set: 54 Way: 3 Address: 0x14bb10d80
  Set: 55 Way: 0 Address: 0x23755ddc5
  Set: 55 Way: 1 Address: 0x16390fdc0
  Set: 55 Way: 2 Address: 0x309887dc0
  Set: 55 Way: 3 Address: 0x14bb10dc0
  Set: 56 Way: 0 Address: 0x23755de0b
  Set: 56 Way: 1 Address: 0x16390fe00
  Set: 56 Way: 2 Address: 0x14bb10e00
  Set: 57 Way: 0 Address: 0x23755de47
  Set: 57 Way: 1 Address: 0x16390fe40
  Set: 57 Way: 2 Address: 0x309887e58
  Set: 57 Way: 3 Address: 0x14bb10e40
  Set: 58 Way: 0 Address: 0x23755de84
  Set: 58 Way: 1 Address: 0x16390fe80
  Set: 58 Way: 2 Address: 0x309887eb8
  Set: 58 Way: 3 Address: 0x14bb10e80
  Set: 59 Way: 0 Address: 0x23755dec9
  Set: 59 Way: 1 Address: 0x16390fec0
  Set: 59 Way: 2 Address: 0x309887ed8
  Set: 59 Way: 3 Address: 0x14bb10ec0
  Set: 60 Way: 0 Address: 0xc7078f08
  Set: 60 Way: 1 Address: 0x292959f10
  Set: 60 Way: 2 Address: 0x23755df06
  Set: 60 Way: 3 Address: 0x16390ff00
  Set: 60 Way: 4 Address: 0xee86ff18
  Set: 60 Way: 5 Address: 0x309887f38
  Set: 60 Way: 6 Address: 0x14bb10f00
  Set: 61 Way: 0 Address: 0x23755df48
  Set: 61 Way: 1 Address: 0x16390ff40
  Set: 61 Way: 2 Address: 0x211d16f60
  Set: 61 Way: 3 Address: 0x309887f78
  Set: 61 Way: 4 Address: 0x14bb10f40
  Set: 62 Way: 0 Address: 0x23755df96
  Set: 62 Way: 1 Address: 0x16390ff80
  Set: 62 Way: 2 Address: 0x211d16f80
  Set: 62 Way: 3 Address: 0x309887fb8
  Set: 62 Way: 4 Address: 0x14bb10f80
  Set: 63 Way: 0 Address: 0x201598fd8
  Set: 63 Way: 1 Address: 0x23755dfca
  Set: 63 Way: 2 Address: 0x16390ffc0
  Set: 63 Way: 3 Address: 0x211d16fc0
  Set: 63 Way: 4 Address: 0x309887ff8
  Set: 63 Way: 5 Address: 0x14bb10fc0
EndCache
Cache: cpu0_ITLB
  Set: 0 Way: 0 Address: 0x400441
  Set: 3 Way: 0 Address: 0x403de0
  Set: 5 Way: 0 Address: 0x405c3d
  Set: 6 Way: 0 Address: 0x406351
  Set: 11 Way: 0 Address: 0x41bd60
EndCache
Cache: cpu0_DTLB
  Set: 1 Way: 0 Address: 0x14b1870
  Set: 1 Way: 1 Address: 0x7ffec61e1d88
  Set: 2 Way: 0 Address: 0x7ffec61e2346
  Set: 3 Way: 0 Address: 0x7f4ad1433ca6
  Set: 3 Way: 1 Address: 0x7ffec61e3000
  Set: 4 Way: 0 Address: 0x7f4ad143400f
  Set: 10 Way: 0 Address: 0x7f4b012daf60
  Set: 11 Way: 0 Address: 0x69b238
  Set: 11 Way: 1 Address: 0x7f4b012db000
  Set: 12 Way: 0 Address: 0x69c448
  Set: 12 Way: 1 Address: 0x7f4b012dc000
  Set: 15 Way: 0 Address: 0x69f688
EndCache
Cache: LLC
  Set: 27 Way: 0 Address: 0x6e6206d8
  Set: 95 Way: 0 Address: 0xf6e817f0
  Set: 99 Way: 0 Address: 0x2a48418d0
  Set: 104 Way: 0 Address: 0x2a4841a06
  Set: 107 Way: 0 Address: 0x2a4841ae6
  Set: 108 Way: 0 Address: 0x2a4841b00
  Set: 109 Way: 0 Address: 0x2a4841b40
  Set: 110 Way: 0 Address: 0x2a4841baa
  Set: 111 Way: 0 Address: 0x2a4841bc4
  Set: 112 Way: 0 Address: 0x2a4841c3d
  Set: 113 Way: 0 Address: 0x2a4841c40
  Set: 115 Way: 0 Address: 0x2a4841cdb
  Set: 118 Way: 0 Address: 0x2a4841db0
  Set: 120 Way: 0 Address: 0x2a4841e24
  Set: 147 Way: 0 Address: 0x1c84e24d8
  Set: 165 Way: 0 Address: 0x6d0c2958
  Set: 309 Way: 0 Address: 0x1ab44d60
  Set: 311 Way: 0 Address: 0x1ab44de0
  Set: 312 Way: 0 Address: 0x1ab44e20
  Set: 314 Way: 0 Address: 0x1ab44ea0
  Set: 315 Way: 0 Address: 0x1ab44ec0
  Set: 384 Way: 0 Address: 0x3dae66030
  Set: 502 Way: 0 Address: 0x309887d88
  Set: 503 Way: 0 Address: 0x309887dc0
  Set: 505 Way: 0 Address: 0x309887e40
  Set: 506 Way: 0 Address: 0x309887e80
  Set: 507 Way: 0 Address: 0x309887ec0
  Set: 508 Way: 0 Address: 0x309887f00
  Set: 509 Way: 0 Address: 0x309887f40
  Set: 510 Way: 0 Address: 0x309887f80
  Set: 511 Way: 0 Address: 0x309887fc0
  Set: 582 Way: 0 Address: 0x2ee3691a0
  Set: 790 Way: 0 Address: 0x29484c588
  Set: 835 Way: 0 Address: 0x5588d0d8
  Set: 896 Way: 0 Address: 0x2f5d8e000
  Set: 897 Way: 0 Address: 0x2f5d8e040
  Set: 898 Way: 0 Address: 0x2f5d8e080
  Set: 899 Way: 0 Address: 0x2f5d8e0c0
  Set: 900 Way: 0 Address: 0x2f5d8e100
  Set: 901 Way: 0 Address: 0x2f5d8e140
  Set: 902 Way: 0 Address: 0x2f5d8e180
  Set: 903 Way: 0 Address: 0x2f5d8e1c0
  Set: 904 Way: 0 Address: 0x2f5d8e200
  Set: 905 Way: 0 Address: 0x2f5d8e240
  Set: 906 Way: 0 Address: 0x2f5d8e280
  Set: 907 Way: 0 Address: 0x2f5d8e2c0
  Set: 908 Way: 0 Address: 0x2f5d8e300
  Set: 909 Way: 0 Address: 0x2f5d8e340
  Set: 910 Way: 0 Address: 0x2f5d8e380
  Set: 911 Way: 0 Address: 0x2f5d8e3c0
  Set: 912 Way: 0 Address: 0x2f5d8e400
  Set: 913 Way: 0 Address: 0x2f5d8e440
  Set: 913 Way: 1 Address: 0x1c084e448
  Set: 914 Way: 0 Address: 0x2f5d8e480
  Set: 915 Way: 0 Address: 0x2f5d8e4c0
  Set: 916 Way: 0 Address: 0x2f5d8e500
  Set: 917 Way: 0 Address: 0x2f5d8e540
  Set: 918 Way: 0 Address: 0x2f5d8e580
  Set: 919 Way: 0 Address: 0x2f5d8e5c0
  Set: 920 Way: 0 Address: 0x2f5d8e600
  Set: 921 Way: 0 Address: 0x2f5d8e640
  Set: 922 Way: 0 Address: 0x2f5d8e680
  Set: 923 Way: 0 Address: 0x2f5d8e6c0
  Set: 924 Way: 0 Address: 0x2f5d8e700
  Set: 925 Way: 0 Address: 0x2f5d8e740
  Set: 926 Way: 0 Address: 0x2f5d8e780
  Set: 927 Way: 0 Address: 0x2f5d8e7c0
  Set: 928 Way: 0 Address: 0x2f5d8e800
  Set: 929 Way: 0 Address: 0x2f5d8e840
  Set: 930 Way: 0 Address: 0x2f5d8e880
  Set: 931 Way: 0 Address: 0x2f5d8e8c0
  Set: 932 Way: 0 Address: 0x2f5d8e900
  Set: 933 Way: 0 Address: 0x2f5d8e940
  Set: 960 Way: 0 Address: 0x143ef000
  Set: 960 Way: 1 Address: 0x16390f000
  Set: 961 Way: 0 Address: 0x143ef040
  Set: 961 Way: 1 Address: 0x16390f040
  Set: 962 Way: 0 Address: 0x143ef080
  Set: 962 Way: 1 Address: 0x16390f080
  Set: 963 Way: 0 Address: 0x143ef0c0
  Set: 963 Way: 1 Address: 0x16390f0c0
  Set: 964 Way: 0 Address: 0x143ef100
  Set: 964 Way: 1 Address: 0x16390f100
  Set: 965 Way: 0 Address: 0x143ef140
  Set: 965 Way: 1 Address: 0x16390f140
  Set: 966 Way: 0 Address: 0x143ef180
  Set: 966 Way: 1 Address: 0x16390f180
  Set: 967 Way: 0 Address: 0x143ef1c0
  Set: 967 Way: 1 Address: 0x16390f1c0
  Set: 968 Way: 0 Address: 0x143ef200
  Set: 968 Way: 1 Address: 0x16390f200
  Set: 969 Way: 0 Address: 0x143ef240
  Set: 969 Way: 1 Address: 0x16390f240
  Set: 970 Way: 0 Address: 0x143ef280
  Set: 970 Way: 1 Address: 0x16390f280
  Set: 971 Way: 0 Address: 0x143ef2c0
  Set: 971 Way: 1 Address: 0x16390f2c0
  Set: 972 Way: 0 Address: 0x143ef300
  Set: 972 Way: 1 Address: 0x16390f300
  Set: 973 Way: 0 Address: 0x16390f346
  Set: 973 Way: 1 Address: 0x143ef340
  Set: 974 Way: 0 Address: 0x16390f380
  Set: 974 Way: 1 Address: 0x143ef380
  Set: 975 Way: 0 Address: 0x16390f3c0
  Set: 975 Way: 1 Address: 0x143ef3c0
  Set: 976 Way: 0 Address: 0x16390f400
  Set: 976 Way: 1 Address: 0x143ef400
  Set: 977 Way: 0 Address: 0x16390f440
  Set: 977 Way: 1 Address: 0x143ef440
  Set: 978 Way: 0 Address: 0x16390f480
  Set: 978 Way: 1 Address: 0x143ef480
  Set: 979 Way: 0 Address: 0x16390f4c0
  Set: 979 Way: 1 Address: 0x143ef4c0
  Set: 980 Way: 0 Address: 0x16390f500
  Set: 980 Way: 1 Address: 0x143ef500
  Set: 981 Way: 0 Address: 0x16390f540
  Set: 981 Way: 1 Address: 0x143ef540
  Set: 982 Way: 0 Address: 0x16390f580
  Set: 982 Way: 1 Address: 0x143ef580
  Set: 983 Way: 0 Address: 0x16390f5c0
  Set: 984 Way: 0 Address: 0x16390f600
  Set: 985 Way: 0 Address: 0x16390f640
  Set: 986 Way: 0 Address: 0x16390f680
  Set: 987 Way: 0 Address: 0x16390f6c0
  Set: 987 Way: 1 Address: 0x22272f6e0
  Set: 988 Way: 0 Address: 0x16390f700
  Set: 989 Way: 0 Address: 0x16390f740
  Set: 990 Way: 0 Address: 0x16390f780
  Set: 991 Way: 0 Address: 0x16390f7c0
  Set: 992 Way: 0 Address: 0x16390f800
  Set: 993 Way: 0 Address: 0x16390f840
  Set: 994 Way: 0 Address: 0x16390f880
  Set: 995 Way: 0 Address: 0x16390f8c0
  Set: 996 Way: 0 Address: 0x16390f900
  Set: 997 Way: 0 Address: 0x16390f940
  Set: 998 Way: 0 Address: 0x16390f980
  Set: 999 Way: 0 Address: 0x16390f9c0
  Set: 1000 Way: 0 Address: 0x16390fa00
  Set: 1001 Way: 0 Address: 0x16390fa40
  Set: 1002 Way: 0 Address: 0x16390fa80
  Set: 1003 Way: 0 Address: 0x16390fac0
  Set: 1004 Way: 0 Address: 0x16390fb00
  Set: 1005 Way: 0 Address: 0x16390fb40
  Set: 1006 Way: 0 Address: 0x16390fb80
  Set: 1007 Way: 0 Address: 0x16390fbc0
  Set: 1008 Way: 0 Address: 0x16390fc00
  Set: 1009 Way: 0 Address: 0x16390fc40
  Set: 1010 Way: 0 Address: 0x16390fc80
  Set: 1011 Way: 0 Address: 0x16390fcc0
  Set: 1012 Way: 0 Address: 0x16390fd00
  Set: 1013 Way: 0 Address: 0x16390fd40
  Set: 1014 Way: 0 Address: 0x16390fd80
  Set: 1015 Way: 0 Address: 0x16390fdc0
  Set: 1016 Way: 0 Address: 0x16390fe00
  Set: 1017 Way: 0 Address: 0x16390fe40
  Set: 1018 Way: 0 Address: 0x16390fe80
  Set: 1019 Way: 0 Address: 0x16390fec0
  Set: 1020 Way: 0 Address: 0x16390ff00
  Set: 1020 Way: 1 Address: 0xee86ff18
  Set: 1021 Way: 0 Address: 0x16390ff40
  Set: 1022 Way: 0 Address: 0x16390ff80
  Set: 1023 Way: 0 Address: 0x16390ffc0
  Set: 1024 Way: 0 Address: 0x14bb10000
  Set: 1024 Way: 1 Address: 0x2177f0000
  Set: 1025 Way: 0 Address: 0x14bb10040
  Set: 1025 Way: 1 Address: 0x2177f0040
  Set: 1026 Way: 0 Address: 0x14bb10080
  Set: 1026 Way: 1 Address: 0x2177f0080
  Set: 1027 Way: 0 Address: 0x14bb100c0
  Set: 1027 Way: 1 Address: 0x2177f00c0
  Set: 1028 Way: 0 Address: 0x14bb10100
  Set: 1028 Way: 1 Address: 0x2177f0100
  Set: 1029 Way: 0 Address: 0x14bb10140
  Set: 1029 Way: 1 Address: 0x2177f0140
  Set: 1030 Way: 0 Address: 0x14bb10180
  Set: 1030 Way: 1 Address: 0x2177f0180
  Set: 1031 Way: 0 Address: 0x14bb101c0
  Set: 1031 Way: 1 Address: 0x2177f01c0
  Set: 1032 Way: 0 Address: 0x14bb10200
  Set: 1032 Way: 1 Address: 0x2177f0200
  Set: 1033 Way: 0 Address: 0x14bb10240
  Set: 1033 Way: 1 Address: 0x2177f0240
  Set: 1034 Way: 0 Address: 0x14bb10280
  Set: 1034 Way: 1 Address: 0x2177f0280
  Set: 1035 Way: 0 Address: 0x14bb102c0
  Set: 1035 Way: 1 Address: 0x2177f02c0
  Set: 1036 Way: 0 Address: 0x14bb10300
  Set: 1036 Way: 1 Address: 0x2177f0300
  Set: 1037 Way: 0 Address: 0x14bb10340
  Set: 1037 Way: 1 Address: 0x2177f0340
  Set: 1038 Way: 0 Address: 0x14bb10380
  Set: 1038 Way: 1 Address: 0x2177f0380
  Set: 1039 Way: 0 Address: 0x14bb103c0
  Set: 1039 Way: 1 Address: 0x2177f03c0
  Set: 1040 Way: 0 Address: 0x14bb10400
  Set: 1040 Way: 1 Address: 0x2177f0400
  Set: 1041 Way: 0 Address: 0x14bb10440
  Set: 1041 Way: 1 Address: 0x2177f0440
  Set: 1042 Way: 0 Address: 0x14bb10480
  Set: 1042 Way: 1 Address: 0x2177f0480
  Set: 1043 Way: 0 Address: 0x14bb104c0
  Set: 1043 Way: 1 Address: 0x2177f04c0
  Set: 1044 Way: 0 Address: 0x14bb10500
  Set: 1044 Way: 1 Address: 0x2177f0500
  Set: 1045 Way: 0 Address: 0x14bb10540
  Set: 1045 Way: 1 Address: 0x2177f0540
  Set: 1046 Way: 0 Address: 0x14bb10580
  Set: 1046 Way: 1 Address: 0x2177f0580
  Set: 1047 Way: 0 Address: 0x14bb105c0
  Set: 1047 Way: 1 Address: 0x2177f05c0
  Set: 1048 Way: 0 Address: 0x14bb10600
  Set: 1049 Way: 0 Address: 0x14bb10640
  Set: 1050 Way: 0 Address: 0x14bb10680
  Set: 1051 Way: 0 Address: 0x14bb106c0
  Set: 1052 Way: 0 Address: 0x14bb10700
  Set: 1053 Way: 0 Address: 0x14bb10740
  Set: 1054 Way: 0 Address: 0x14bb10780
  Set: 1055 Way: 0 Address: 0x14bb107c0
  Set: 1056 Way: 0 Address: 0x14bb10800
  Set: 1057 Way: 0 Address: 0x14bb10840
  Set: 1058 Way: 0 Address: 0x14bb10880
  Set: 1059 Way: 0 Address: 0x14bb108c0
  Set: 1060 Way: 0 Address: 0x14bb10900
  Set: 1061 Way: 0 Address: 0x14bb10940
  Set: 1062 Way: 0 Address: 0x14bb10980
  Set: 1063 Way: 0 Address: 0x14bb109c0
  Set: 1064 Way: 0 Address: 0x14bb10a00
  Set: 1065 Way: 0 Address: 0x14bb10a40
  Set: 1066 Way: 0 Address: 0x14bb10a80
  Set: 1067 Way: 0 Address: 0x14bb10ac0
  Set: 1068 Way: 0 Address: 0x14bb10b00
  Set: 1069 Way: 0 Address: 0x14bb10b40
  Set: 1070 Way: 0 Address: 0x14bb10b80
  Set: 1071 Way: 0 Address: 0x14bb10bc0
  Set: 1072 Way: 0 Address: 0x14bb10c00
  Set: 1073 Way: 0 Address: 0x14bb10c40
  Set: 1074 Way: 0 Address: 0x14bb10c80
  Set: 1075 Way: 0 Address: 0x14bb10cc0
  Set: 1076 Way: 0 Address: 0x14bb10d00
  Set: 1077 Way: 0 Address: 0x14bb10d40
  Set: 1078 Way: 0 Address: 0x14bb10d80
  Set: 1079 Way: 0 Address: 0x14bb10dc0
  Set: 1080 Way: 0 Address: 0x14bb10e00
  Set: 1081 Way: 0 Address: 0x14bb10e40
  Set: 1082 Way: 0 Address: 0x14bb10e80
  Set: 1083 Way: 0 Address: 0x14bb10ec0
  Set: 1084 Way: 0 Address: 0x14bb10f00
  Set: 1085 Way: 0 Address: 0x14bb10f40
  Set: 1086 Way: 0 Address: 0x14bb10f80
  Set: 1087 Way: 0 Address: 0x14bb10fc0
  Set: 1156 Way: 0 Address: 0x9cff2100
  Set: 1158 Way: 0 Address: 0x1995f2198
  Set: 1171 Way: 0 Address: 0x133c924e0
  Set: 1178 Way: 0 Address: 0x9cff26a8
  Set: 1179 Way: 0 Address: 0x9cff26df
  Set: 1202 Way: 0 Address: 0x9cff2cbc
  Set: 1203 Way: 0 Address: 0x9cff2cc4
  Set: 1204 Way: 0 Address: 0x9cff2d02
  Set: 1205 Way: 0 Address: 0x9cff2d42
  Set: 1206 Way: 0 Address: 0x9cff2da8
  Set: 1207 Way: 0 Address: 0x9cff2de0
  Set: 1216 Way: 0 Address: 0x3c56b3018
  Set: 1242 Way: 0 Address: 0x2b2e93688
  Set: 1280 Way: 0 Address: 0x3de4d4028
  Set: 1280 Way: 1 Address: 0x3c1074000
  Set: 1283 Way: 0 Address: 0x3c10740d8
  Set: 1284 Way: 0 Address: 0x129934138
  Set: 1285 Way: 0 Address: 0x129934158
  Set: 1286 Way: 0 Address: 0x12993418c
  Set: 1287 Way: 0 Address: 0x1299341e0
  Set: 1288 Way: 0 Address: 0x129934238
  Set: 1289 Way: 0 Address: 0x129934274
  Set: 1290 Way: 0 Address: 0x1299342a8
  Set: 1291 Way: 0 Address: 0x1299342cc
  Set: 1292 Way: 0 Address: 0x129934318
  Set: 1293 Way: 0 Address: 0x129934348
  Set: 1294 Way: 0 Address: 0x1299343a8
  Set: 1295 Way: 0 Address: 0x1299343f0
  Set: 1296 Way: 0 Address: 0x129934438
  Set: 1297 Way: 0 Address: 0x129934470
  Set: 1298 Way: 0 Address: 0x1299344b4
  Set: 1299 Way: 0 Address: 0x1299344ec
  Set: 1300 Way: 0 Address: 0x129934510
  Set: 1311 Way: 0 Address: 0x397bb47f8
  Set: 1344 Way: 0 Address: 0x195f15000
  Set: 1363 Way: 0 Address: 0x354d354f8
  Set: 1414 Way: 0 Address: 0x43736180
  Set: 1435 Way: 0 Address: 0x848966d0
  Set: 1469 Way: 0 Address: 0x211d16f60
  Set: 1470 Way: 0 Address: 0x211d16f80
  Set: 1471 Way: 0 Address: 0x211d16fc0
  Set: 1509 Way: 0 Address: 0x276ff7960
  Set: 1563 Way: 0 Address: 0x1aafb86c0
  Set: 1564 Way: 0 Address: 0x1aafb8700
  Set: 1565 Way: 0 Address: 0x1aafb8740
  Set: 1566 Way: 0 Address: 0x1aafb8780
  Set: 1568 Way: 0 Address: 0x1aafb8808
  Set: 1569 Way: 0 Address: 0x1aafb8870
  Set: 1570 Way: 0 Address: 0x1aafb88b0
  Set: 1571 Way: 0 Address: 0x1aafb88d0
  Set: 1572 Way: 0 Address: 0x1aafb891e
  Set: 1573 Way: 0 Address: 0x1aafb8960
  Set: 1579 Way: 0 Address: 0x1aafb8af8
  Set: 1596 Way: 0 Address: 0xc7078f08
  Set: 1599 Way: 0 Address: 0x201598fd8
  Set: 1660 Way: 0 Address: 0x292959f10
  Set: 1664 Way: 0 Address: 0x1d89da018
  Set: 1665 Way: 0 Address: 0x223eda050
  Set: 1744 Way: 0 Address: 0x394edb430
  Set: 1745 Way: 0 Address: 0x394edb441
  Set: 1746 Way: 0 Address: 0x394edb488
  Set: 1749 Way: 0 Address: 0x394edb540
  Set: 1755 Way: 0 Address: 0x394edb6d0
  Set: 1756 Way: 0 Address: 0x394edb701
  Set: 1757 Way: 0 Address: 0x394edb740
  Set: 1758 Way: 0 Address: 0x394edb78c
  Set: 1759 Way: 0 Address: 0x394edb7c0
  Set: 1760 Way: 0 Address: 0x394edb800
  Set: 1761 Way: 0 Address: 0x394edb840
  Set: 1762 Way: 0 Address: 0x394edb880
  Set: 1774 Way: 0 Address: 0x394edbba0
  Set: 1775 Way: 0 Address: 0x394edbbc2
  Set: 1776 Way: 0 Address: 0x394edbc05
  Set: 1792 Way: 0 Address: 0xdf85c000
  Set: 1802 Way: 0 Address: 0x38e35c2a0
  Set: 1803 Way: 0 Address: 0x38e35c2c3
  Set: 1804 Way: 0 Address: 0x38e35c328
  Set: 1805 Way: 0 Address: 0x38e35c351
  Set: 1806 Way: 0 Address: 0x38e35c3bc
  Set: 1807 Way: 0 Address: 0x38e35c3c0
  Set: 1808 Way: 0 Address: 0x38e35c400
  Set: 1809 Way: 0 Address: 0x12c6fc450
  Set: 1857 Way: 0 Address: 0x1add048
  Set: 1906 Way: 0 Address: 0x23755dc97
  Set: 1907 Way: 0 Address: 0x23755dcc0
  Set: 1908 Way: 0 Address: 0x23755dd00
  Set: 1909 Way: 0 Address: 0x23755dd40
  Set: 1910 Way: 0 Address: 0x23755dd80
  Set: 1911 Way: 0 Address: 0x23755ddc0
  Set: 1912 Way: 0 Address: 0x23755de00
  Set: 1913 Way: 0 Address: 0x23755de40
  Set: 1914 Way: 0 Address: 0x23755de80
  Set: 1915 Way: 0 Address: 0x23755dec0
  Set: 1916 Way: 0 Address: 0x23755df00
  Set: 1917 Way: 0 Address: 0x23755df40
  Set: 1918 Way: 0 Address: 0x23755df80
  Set: 1919 Way: 0 Address: 0x23755dfc0
  Set: 1920 Way: 0 Address: 0x28b67e000
  Set: 1920 Way: 1 Address: 0x1f919e010
  Set: 1921 Way: 0 Address: 0x1f919e050
  Set: 1951 Way: 0 Address: 0x28b67e7f8
EndCache
