Cache: cpu0_STLB
  Set: 11 Way: 0 Address: 0x2a0b50c
  Set: 12 Way: 0 Address: 0x2a0c82c
  Set: 13 Way: 0 Address: 0x2a0d054
  Set: 14 Way: 0 Address: 0x2a0e0d4
  Set: 15 Way: 0 Address: 0x2a0f000
  Set: 48 Way: 0 Address: 0x730650
  Set: 53 Way: 0 Address: 0x7fff6ec35ffc
  Set: 54 Way: 0 Address: 0x7fff6ec361da
  Set: 55 Way: 0 Address: 0x1fb7900
  Set: 56 Way: 0 Address: 0x1fb8570
  Set: 57 Way: 0 Address: 0x1fb9680
  Set: 58 Way: 0 Address: 0x1fba790
  Set: 59 Way: 0 Address: 0x1fbb8a0
  Set: 60 Way: 0 Address: 0x1fbc9b0
  Set: 61 Way: 0 Address: 0x1fbdac0
  Set: 62 Way: 0 Address: 0x1fbebd0
  Set: 63 Way: 0 Address: 0x1fbfce0
  Set: 64 Way: 0 Address: 0x1fc0df0
  Set: 65 Way: 0 Address: 0x441516
  Set: 65 Way: 1 Address: 0x1fc1f00
  Set: 66 Way: 0 Address: 0x1fc2000
  Set: 67 Way: 0 Address: 0x1fc3010
  Set: 68 Way: 0 Address: 0x1fc4120
  Set: 69 Way: 0 Address: 0x1fc522c
  Set: 70 Way: 0 Address: 0x1fc633c
  Set: 71 Way: 0 Address: 0x1fc744c
  Set: 72 Way: 0 Address: 0x1fc855c
  Set: 96 Way: 0 Address: 0x4608a0
  Set: 97 Way: 0 Address: 0x7618c8
  Set: 109 Way: 0 Address: 0x1d6df90
  Set: 110 Way: 0 Address: 0x1d6e000
  Set: 111 Way: 0 Address: 0x1d6f0a0
  Set: 112 Way: 0 Address: 0x1d70a30
EndCache
Cache: cpu0_L2C
  Set: 0 Way: 0 Address: 0x168ef0000
  Set: 1 Way: 0 Address: 0x168ef0040
  Set: 5 Way: 0 Address: 0x168ef0154
  Set: 6 Way: 0 Address: 0x168ef0180
  Set: 8 Way: 0 Address: 0x2177f022c
  Set: 9 Way: 0 Address: 0x2177f0240
  Set: 10 Way: 0 Address: 0x2177f0280
  Set: 11 Way: 0 Address: 0x2177f02c0
  Set: 12 Way: 0 Address: 0x2177f0300
  Set: 13 Way: 0 Address: 0x2177f0340
  Set: 14 Way: 0 Address: 0x2177f0380
  Set: 15 Way: 0 Address: 0x2177f03c0
  Set: 17 Way: 0 Address: 0x14bb1044c
  Set: 18 Way: 0 Address: 0x14bb10480
  Set: 19 Way: 0 Address: 0x14bb104c0
  Set: 20 Way: 0 Address: 0x14bb10500
  Set: 21 Way: 0 Address: 0x14bb10540
  Set: 22 Way: 0 Address: 0x14bb10580
  Set: 23 Way: 0 Address: 0x14bb105c0
  Set: 24 Way: 0 Address: 0x14bb10600
  Set: 43 Way: 0 Address: 0x342b40ac0
  Set: 44 Way: 0 Address: 0x342b40b00
  Set: 45 Way: 0 Address: 0x28a940b70
  Set: 45 Way: 1 Address: 0x342b40b40
  Set: 46 Way: 0 Address: 0x342b40b80
  Set: 47 Way: 0 Address: 0x342b40bc0
  Set: 48 Way: 0 Address: 0x342b40c00
  Set: 49 Way: 0 Address: 0x342b40c40
  Set: 50 Way: 0 Address: 0x342b40c80
  Set: 55 Way: 0 Address: 0x6e620dd8
  Set: 64 Way: 0 Address: 0xf6e8100c
  Set: 64 Way: 1 Address: 0x260091000
  Set: 65 Way: 0 Address: 0x19c791070
  Set: 65 Way: 1 Address: 0x260091040
  Set: 66 Way: 0 Address: 0x260091080
  Set: 67 Way: 0 Address: 0x2600910c0
  Set: 68 Way: 0 Address: 0xf6e8113a
  Set: 69 Way: 0 Address: 0xf6e8116c
  Set: 70 Way: 0 Address: 0xf6e81180
  Set: 74 Way: 0 Address: 0xf6e81294
  Set: 75 Way: 0 Address: 0xf6e812cc
  Set: 79 Way: 0 Address: 0xf6e813f4
  Set: 80 Way: 0 Address: 0xf6e8142c
  Set: 81 Way: 0 Address: 0xf6e81440
  Set: 85 Way: 0 Address: 0xf6e81554
  Set: 86 Way: 0 Address: 0xf6e81590
  Set: 90 Way: 0 Address: 0xf6e816b4
  Set: 91 Way: 0 Address: 0xf6e816ec
  Set: 92 Way: 0 Address: 0xf6e81708
  Set: 95 Way: 0 Address: 0xf6e817c0
  Set: 96 Way: 0 Address: 0xf6e8182c
  Set: 97 Way: 0 Address: 0xf6e8184c
  Set: 98 Way: 0 Address: 0x2a48418a0
  Set: 100 Way: 0 Address: 0xf6e81900
  Set: 101 Way: 0 Address: 0xf6e81974
  Set: 102 Way: 0 Address: 0xf6e81980
  Set: 103 Way: 0 Address: 0xf6e819c0
  Set: 105 Way: 0 Address: 0xf6e81a40
  Set: 106 Way: 0 Address: 0xf6e81a80
  Set: 107 Way: 0 Address: 0xf6e81ad4
  Set: 108 Way: 0 Address: 0xf6e81b0c
  Set: 110 Way: 0 Address: 0xf6e81b80
  Set: 111 Way: 0 Address: 0xf6e81bc0
  Set: 112 Way: 0 Address: 0xf6e81c36
  Set: 113 Way: 0 Address: 0xf6e81c40
  Set: 114 Way: 0 Address: 0xf6e81c80
  Set: 116 Way: 0 Address: 0xf6e81d00
  Set: 117 Way: 0 Address: 0xf6e81d40
  Set: 118 Way: 0 Address: 0xf6e81d80
  Set: 119 Way: 0 Address: 0xf6e81dc0
  Set: 120 Way: 0 Address: 0x181c81e20
  Set: 120 Way: 1 Address: 0xf6e81e00
  Set: 121 Way: 0 Address: 0xf6e81e40
  Set: 123 Way: 0 Address: 0xf6e81ef4
  Set: 124 Way: 0 Address: 0xf6e81f00
  Set: 125 Way: 0 Address: 0xf6e81f40
  Set: 128 Way: 0 Address: 0x1c84e2018
  Set: 129 Way: 0 Address: 0x1c84e2078
  Set: 134 Way: 0 Address: 0x1995f21b0
  Set: 142 Way: 0 Address: 0x9cff2390
  Set: 143 Way: 0 Address: 0x9cff23c0
  Set: 144 Way: 0 Address: 0x9cff242a
  Set: 145 Way: 0 Address: 0x9cff2446
  Set: 146 Way: 0 Address: 0x9cff2482
  Set: 147 Way: 0 Address: 0x9cff24c1
  Set: 148 Way: 0 Address: 0x9cff2516
  Set: 149 Way: 0 Address: 0x9cff2543
  Set: 151 Way: 0 Address: 0x9cff25c8
  Set: 152 Way: 0 Address: 0x9cff2600
  Set: 153 Way: 0 Address: 0x9cff2645
  Set: 153 Way: 1 Address: 0x6d0c2650
  Set: 183 Way: 0 Address: 0x133c92dc8
  Set: 183 Way: 1 Address: 0x1064c2df8
  Set: 184 Way: 0 Address: 0x1064c2e00
  Set: 184 Way: 1 Address: 0x62d12e10
  Set: 192 Way: 0 Address: 0x34a873010
  Set: 193 Way: 0 Address: 0x34a873040
  Set: 194 Way: 0 Address: 0x3c56b30a8
  Set: 194 Way: 1 Address: 0x2b2e930a0
  Set: 194 Way: 2 Address: 0x34a873080
  Set: 195 Way: 0 Address: 0x2b2e930c0
  Set: 195 Way: 1 Address: 0x34a8730c0
  Set: 196 Way: 0 Address: 0x2b2e93100
  Set: 196 Way: 1 Address: 0x34a873100
  Set: 197 Way: 0 Address: 0x2b2e93140
  Set: 197 Way: 1 Address: 0x34a873140
  Set: 198 Way: 0 Address: 0x2b2e93180
  Set: 198 Way: 1 Address: 0x34a873180
  Set: 199 Way: 0 Address: 0x2b2e931c0
  Set: 199 Way: 1 Address: 0x34a8731c0
  Set: 200 Way: 0 Address: 0x2b2e93200
  Set: 201 Way: 0 Address: 0x2b2e93240
  Set: 202 Way: 0 Address: 0x2b2e93280
  Set: 203 Way: 0 Address: 0x2b2e932c0
  Set: 204 Way: 0 Address: 0x2b2e93300
  Set: 205 Way: 0 Address: 0x2b2e93340
  Set: 239 Way: 0 Address: 0x3b0803bd0
  Set: 240 Way: 0 Address: 0x3b0803c00
  Set: 241 Way: 0 Address: 0x3b0803c40
  Set: 242 Way: 0 Address: 0x3b0803c80
  Set: 243 Way: 0 Address: 0x3b0803cc0
  Set: 244 Way: 0 Address: 0x3b0803d00
  Set: 245 Way: 0 Address: 0x3b0803d40
  Set: 246 Way: 0 Address: 0x3b0803d80
  Set: 247 Way: 0 Address: 0x3232f3de8
  Set: 248 Way: 0 Address: 0x257713e00
  Set: 257 Way: 0 Address: 0x129934060
  Set: 268 Way: 0 Address: 0x3de4d4300
  Set: 269 Way: 0 Address: 0x3c1074374
  Set: 270 Way: 0 Address: 0x3c1074380
  Set: 271 Way: 0 Address: 0x3c10743c0
  Set: 275 Way: 0 Address: 0x3c10744d6
  Set: 276 Way: 0 Address: 0x3c107450c
  Set: 280 Way: 0 Address: 0x3c107463a
  Set: 281 Way: 0 Address: 0x3c107466c
  Set: 282 Way: 0 Address: 0x3c1074680
  Set: 286 Way: 0 Address: 0x3c1074794
  Set: 287 Way: 0 Address: 0x397bb47f8
  Set: 287 Way: 1 Address: 0x3c10747cc
  Set: 291 Way: 0 Address: 0x3c10748f6
  Set: 292 Way: 0 Address: 0x3c107492c
  Set: 293 Way: 0 Address: 0x3c1074946
  Set: 297 Way: 0 Address: 0x3c1074a54
  Set: 298 Way: 0 Address: 0x3c1074a8c
  Set: 302 Way: 0 Address: 0x3c1074bb8
  Set: 303 Way: 0 Address: 0x3c1074bec
  Set: 304 Way: 0 Address: 0x3c1074c00
  Set: 307 Way: 0 Address: 0x3c1074cc0
  Set: 308 Way: 0 Address: 0x3c1074d16
  Set: 309 Way: 0 Address: 0x3c1074d4e
  Set: 311 Way: 0 Address: 0x1ab44dc0
  Set: 312 Way: 0 Address: 0x3c1074e00
  Set: 313 Way: 0 Address: 0x3c1074e76
  Set: 314 Way: 0 Address: 0x3c1074eb0
  Set: 315 Way: 0 Address: 0x3c1074ec2
  Set: 317 Way: 0 Address: 0x3c1074f40
  Set: 318 Way: 0 Address: 0x3c1074f80
  Set: 319 Way: 0 Address: 0x3c1074fd4
  Set: 320 Way: 0 Address: 0x195f15000
  Set: 321 Way: 0 Address: 0x272585068
  Set: 321 Way: 1 Address: 0x34a0e5078
  Set: 350 Way: 0 Address: 0x1b0f15790
  Set: 351 Way: 0 Address: 0x1b0f157c0
  Set: 352 Way: 0 Address: 0x1b0f15800
  Set: 353 Way: 0 Address: 0x1b0f15840
  Set: 354 Way: 0 Address: 0x1b0f15880
  Set: 355 Way: 0 Address: 0x1b0f158c0
  Set: 356 Way: 0 Address: 0x1b0f15900
  Set: 357 Way: 0 Address: 0x1b0f15940
  Set: 382 Way: 0 Address: 0x354d35f90
  Set: 383 Way: 0 Address: 0x354d35fc0
  Set: 384 Way: 0 Address: 0x3dae66000
  Set: 385 Way: 0 Address: 0x3dae66040
  Set: 386 Way: 0 Address: 0x3dae66080
  Set: 387 Way: 0 Address: 0x3dae660c0
  Set: 388 Way: 0 Address: 0x3dae66100
  Set: 389 Way: 0 Address: 0x3dae66140
  Set: 390 Way: 0 Address: 0x3dae66180
  Set: 391 Way: 0 Address: 0x3dae661da
  Set: 392 Way: 0 Address: 0x3dae66200
  Set: 393 Way: 0 Address: 0x3dae66240
  Set: 394 Way: 0 Address: 0x3dae66280
  Set: 395 Way: 0 Address: 0x3dae662c0
  Set: 435 Way: 0 Address: 0x27d4c6ce0
  Set: 436 Way: 0 Address: 0x27d4c6d00
  Set: 437 Way: 0 Address: 0x27d4c6d40
  Set: 438 Way: 0 Address: 0x27d4c6d80
  Set: 439 Way: 0 Address: 0x27d4c6dc0
  Set: 440 Way: 0 Address: 0x211d16e38
  Set: 440 Way: 1 Address: 0x84896e30
  Set: 440 Way: 2 Address: 0x3d87a6e08
  Set: 440 Way: 3 Address: 0x27d4c6e00
  Set: 441 Way: 0 Address: 0x27d4c6e40
  Set: 442 Way: 0 Address: 0x27d4c6e80
  Set: 447 Way: 0 Address: 0x43736fe8
  Set: 469 Way: 0 Address: 0xbeea7570
  Set: 470 Way: 0 Address: 0xbeea7580
  Set: 471 Way: 0 Address: 0xbeea75c0
  Set: 472 Way: 0 Address: 0xbeea7600
  Set: 473 Way: 0 Address: 0xbeea7640
  Set: 474 Way: 0 Address: 0xbeea7680
  Set: 475 Way: 0 Address: 0xbeea76c0
  Set: 476 Way: 0 Address: 0xbeea7700
  Set: 482 Way: 0 Address: 0x276ff78a0
  Set: 483 Way: 0 Address: 0x276ff78c0
  Set: 484 Way: 0 Address: 0x276ff7900
  Set: 494 Way: 0 Address: 0x309887bb0
  Set: 546 Way: 0 Address: 0x3bdd788a0
  Set: 547 Way: 0 Address: 0x3bdd788c0
  Set: 548 Way: 0 Address: 0x3bdd78900
  Set: 549 Way: 0 Address: 0x3bdd78940
  Set: 550 Way: 0 Address: 0x3bdd78980
  Set: 551 Way: 0 Address: 0x3bdd789c0
  Set: 552 Way: 0 Address: 0x3bdd78a00
  Set: 553 Way: 0 Address: 0x3bdd78a40
  Set: 556 Way: 0 Address: 0xc7078b08
  Set: 557 Way: 0 Address: 0x1aafb8b78
  Set: 558 Way: 0 Address: 0x1aafb8b80
  Set: 567 Way: 0 Address: 0x2c9898de0
  Set: 577 Way: 0 Address: 0x2ee369058
  Set: 577 Way: 1 Address: 0x2fa0c9054
  Set: 578 Way: 0 Address: 0x2fa0c908e
  Set: 580 Way: 0 Address: 0x2c8749120
  Set: 581 Way: 0 Address: 0x2c8749140
  Set: 582 Way: 0 Address: 0x2fa0c91b6
  Set: 582 Way: 1 Address: 0x2c8749180
  Set: 583 Way: 0 Address: 0x2fa0c91c0
  Set: 583 Way: 1 Address: 0x2c87491c0
  Set: 584 Way: 0 Address: 0x2fa0c9200
  Set: 584 Way: 1 Address: 0x2c8749200
  Set: 585 Way: 0 Address: 0x2c8749240
  Set: 586 Way: 0 Address: 0x2c8749280
  Set: 587 Way: 0 Address: 0x2fa0c92c0
  Set: 587 Way: 1 Address: 0x2c87492c0
  Set: 588 Way: 0 Address: 0x2fa0c9300
  Set: 589 Way: 0 Address: 0x2fa0c9340
  Set: 590 Way: 0 Address: 0x2fa0c9380
  Set: 593 Way: 0 Address: 0x2fa0c9474
  Set: 594 Way: 0 Address: 0x2fa0c9480
  Set: 595 Way: 0 Address: 0x2fa0c94c2
  Set: 598 Way: 0 Address: 0x2fa0c9580
  Set: 599 Way: 0 Address: 0x2fa0c95c0
  Set: 600 Way: 0 Address: 0x2fa0c9600
  Set: 601 Way: 0 Address: 0x2fa0c9640
  Set: 604 Way: 0 Address: 0x2fa0c9736
  Set: 605 Way: 0 Address: 0x2fa0c9740
  Set: 606 Way: 0 Address: 0x2fa0c9780
  Set: 608 Way: 0 Address: 0x292959838
  Set: 609 Way: 0 Address: 0x29295987c
  Set: 609 Way: 1 Address: 0x2fa0c9840
  Set: 610 Way: 0 Address: 0x292959890
  Set: 610 Way: 1 Address: 0x2fa0c9880
  Set: 611 Way: 0 Address: 0x2929598e0
  Set: 611 Way: 1 Address: 0x2fa0c98c0
  Set: 612 Way: 0 Address: 0x292959934
  Set: 612 Way: 1 Address: 0x2fa0c9900
  Set: 613 Way: 0 Address: 0x292959974
  Set: 614 Way: 0 Address: 0x292959990
  Set: 615 Way: 0 Address: 0x2929599fc
  Set: 615 Way: 1 Address: 0x2fa0c99f6
  Set: 616 Way: 0 Address: 0x292959a30
  Set: 616 Way: 1 Address: 0x2fa0c9a00
  Set: 617 Way: 0 Address: 0x292959a48
  Set: 617 Way: 1 Address: 0x2fa0c9a40
  Set: 618 Way: 0 Address: 0x292959aa0
  Set: 619 Way: 0 Address: 0x292959acc
  Set: 620 Way: 0 Address: 0x292959b10
  Set: 620 Way: 1 Address: 0x2fa0c9b00
  Set: 621 Way: 0 Address: 0x292959b70
  Set: 621 Way: 1 Address: 0x2fa0c9b40
  Set: 622 Way: 0 Address: 0x292959b94
  Set: 622 Way: 1 Address: 0x2fa0c9b80
  Set: 623 Way: 0 Address: 0x292959bcc
  Set: 623 Way: 1 Address: 0x2fa0c9bc0
  Set: 624 Way: 0 Address: 0x292959c00
  Set: 625 Way: 0 Address: 0x292959c40
  Set: 626 Way: 0 Address: 0x292959c80
  Set: 626 Way: 1 Address: 0x2fa0c9cb6
  Set: 627 Way: 0 Address: 0x292959cc0
  Set: 627 Way: 1 Address: 0x2fa0c9cc0
  Set: 628 Way: 0 Address: 0x292959d00
  Set: 628 Way: 1 Address: 0x2fa0c9d02
  Set: 631 Way: 0 Address: 0x2fa0c9dc0
  Set: 632 Way: 0 Address: 0x312099e18
  Set: 632 Way: 1 Address: 0x2fa0c9e00
  Set: 633 Way: 0 Address: 0x2fa0c9e40
  Set: 634 Way: 0 Address: 0x2fa0c9e80
  Set: 637 Way: 0 Address: 0x2fa0c9f74
  Set: 638 Way: 0 Address: 0x2fa0c9f82
  Set: 639 Way: 0 Address: 0x2fa0c9fc0
  Set: 640 Way: 0 Address: 0xc67da000
  Set: 641 Way: 0 Address: 0x223eda070
  Set: 641 Way: 1 Address: 0xc67da040
  Set: 642 Way: 0 Address: 0xc67da080
  Set: 643 Way: 0 Address: 0xc67da0c0
  Set: 644 Way: 0 Address: 0xc67da100
  Set: 645 Way: 0 Address: 0xc67da140
  Set: 646 Way: 0 Address: 0xc67da180
  Set: 647 Way: 0 Address: 0xc67da1c0
  Set: 648 Way: 0 Address: 0x1d89da208
  Set: 648 Way: 1 Address: 0xc67da200
  Set: 649 Way: 0 Address: 0xc67da240
  Set: 650 Way: 0 Address: 0xc67da280
  Set: 651 Way: 0 Address: 0xc67da2c0
  Set: 730 Way: 0 Address: 0x3b377b680
  Set: 731 Way: 0 Address: 0x3b377b6c0
  Set: 732 Way: 0 Address: 0x3b377b700
  Set: 733 Way: 0 Address: 0x3b377b740
  Set: 734 Way: 0 Address: 0x3b377b780
  Set: 735 Way: 0 Address: 0x3b377b7c0
  Set: 736 Way: 0 Address: 0x3b377b800
  Set: 737 Way: 0 Address: 0x3b377b840
  Set: 758 Way: 0 Address: 0x394edbdb8
  Set: 759 Way: 0 Address: 0x394edbdc0
  Set: 759 Way: 1 Address: 0xc0d9bdf0
  Set: 760 Way: 0 Address: 0x394edbe28
  Set: 761 Way: 0 Address: 0x394edbe40
  Set: 764 Way: 0 Address: 0xcf83bf00
  Set: 765 Way: 0 Address: 0xcf83bf40
  Set: 766 Way: 0 Address: 0xcf83bf80
  Set: 767 Way: 0 Address: 0xcf83bfc0
  Set: 768 Way: 0 Address: 0xdf85c000
  Set: 771 Way: 0 Address: 0x32f48c0d4
  Set: 772 Way: 0 Address: 0x32f48c10e
  Set: 776 Way: 0 Address: 0x32f48c234
  Set: 777 Way: 0 Address: 0x32f48c240
  Set: 778 Way: 0 Address: 0x32f48c280
  Set: 781 Way: 0 Address: 0x32f48c340
  Set: 782 Way: 0 Address: 0x32f48c380
  Set: 783 Way: 0 Address: 0x32f48c3c0
  Set: 784 Way: 0 Address: 0x32f48c400
  Set: 787 Way: 0 Address: 0x32f48c4f4
  Set: 788 Way: 0 Address: 0x32f48c500
  Set: 789 Way: 0 Address: 0x32f48c540
  Set: 792 Way: 0 Address: 0x32f48c600
  Set: 793 Way: 0 Address: 0x32f48c640
  Set: 794 Way: 0 Address: 0x32f48c680
  Set: 795 Way: 0 Address: 0x32f48c6c0
  Set: 798 Way: 0 Address: 0x32f48c7b4
  Set: 799 Way: 0 Address: 0x32f48c7c0
  Set: 800 Way: 0 Address: 0x32f48c800
  Set: 803 Way: 0 Address: 0x12c6fc8c8
  Set: 803 Way: 1 Address: 0x32f48c8c0
  Set: 804 Way: 0 Address: 0x32f48c900
  Set: 805 Way: 0 Address: 0x32f48c940
  Set: 806 Way: 0 Address: 0x32f48c980
  Set: 809 Way: 0 Address: 0x32f48ca74
  Set: 810 Way: 0 Address: 0x32f48ca80
  Set: 811 Way: 0 Address: 0x32f48cac0
  Set: 814 Way: 0 Address: 0x32f48cb80
  Set: 815 Way: 0 Address: 0x32f48cbc0
  Set: 816 Way: 0 Address: 0x32f48cc00
  Set: 817 Way: 0 Address: 0x32f48cc40
  Set: 820 Way: 0 Address: 0x32f48cd38
  Set: 821 Way: 0 Address: 0x32f48cd40
  Set: 822 Way: 0 Address: 0x32f48cd80
  Set: 825 Way: 0 Address: 0x32f48ce40
  Set: 826 Way: 0 Address: 0x32f48ce80
  Set: 827 Way: 0 Address: 0x32f48cec0
  Set: 828 Way: 0 Address: 0x32f48cf00
  Set: 829 Way: 0 Address: 0x38e35cf58
  Set: 830 Way: 0 Address: 0x38e35cfa4
  Set: 831 Way: 0 Address: 0x38e35cffc
  Set: 831 Way: 1 Address: 0x32f48cff6
  Set: 838 Way: 0 Address: 0x23755d1a8
  Set: 888 Way: 0 Address: 0x1adde28
  Set: 889 Way: 0 Address: 0x5588de40
  Set: 896 Way: 0 Address: 0x28b67e000
  Set: 896 Way: 1 Address: 0x1f919e010
  Set: 897 Way: 0 Address: 0x1f919e070
  Set: 897 Way: 1 Address: 0x2f5d8e078
  Set: 898 Way: 0 Address: 0x1f919e0a8
  Set: 917 Way: 0 Address: 0x2db79e55c
  Set: 918 Way: 0 Address: 0x2db79e580
  Set: 919 Way: 0 Address: 0x2db79e5c0
  Set: 920 Way: 0 Address: 0x2db79e600
  Set: 921 Way: 0 Address: 0x2db79e640
  Set: 922 Way: 0 Address: 0x2db79e680
  Set: 923 Way: 0 Address: 0x2db79e6c0
  Set: 924 Way: 0 Address: 0x2db79e700
  Set: 927 Way: 0 Address: 0x28b67e7f8
  Set: 934 Way: 0 Address: 0x3734ee980
  Set: 951 Way: 0 Address: 0x1c084edd0
  Set: 951 Way: 1 Address: 0x20597edf0
  Set: 952 Way: 0 Address: 0x20597ee00
  Set: 953 Way: 0 Address: 0x20597ee40
  Set: 954 Way: 0 Address: 0x20597ee80
  Set: 955 Way: 0 Address: 0x20597eec0
  Set: 956 Way: 0 Address: 0x20597ef00
  Set: 957 Way: 0 Address: 0x20597ef40
  Set: 958 Way: 0 Address: 0x20597ef80
  Set: 972 Way: 0 Address: 0x22272f33c
  Set: 973 Way: 0 Address: 0x22272f340
  Set: 974 Way: 0 Address: 0x22272f380
  Set: 975 Way: 0 Address: 0x22272f3c0
  Set: 976 Way: 0 Address: 0x22272f400
  Set: 977 Way: 0 Address: 0x22272f440
  Set: 978 Way: 0 Address: 0x22272f480
  Set: 979 Way: 0 Address: 0x22272f4c0
  Set: 980 Way: 0 Address: 0x22272f500
  Set: 998 Way: 0 Address: 0x23756f9b0
  Set: 999 Way: 0 Address: 0x23756f9c0
  Set: 1000 Way: 0 Address: 0x23756fa00
  Set: 1001 Way: 0 Address: 0x23756fa40
  Set: 1002 Way: 0 Address: 0x23756fa80
  Set: 1003 Way: 0 Address: 0x23756fac0
  Set: 1004 Way: 0 Address: 0x23756fb00
  Set: 1005 Way: 0 Address: 0xee86fb68
  Set: 1005 Way: 1 Address: 0x143efb78
  Set: 1005 Way: 2 Address: 0x23756fb40
EndCache
Cache: cpu0_L1I
  Set: 14 Way: 0 Address: 0x9cff2390
  Set: 15 Way: 0 Address: 0x9cff23da
  Set: 16 Way: 0 Address: 0x9cff242a
  Set: 17 Way: 0 Address: 0x9cff2469
  Set: 18 Way: 0 Address: 0x9cff249b
  Set: 19 Way: 0 Address: 0x9cff24c8
  Set: 20 Way: 0 Address: 0x9cff253f
  Set: 21 Way: 0 Address: 0x9cff2568
  Set: 23 Way: 0 Address: 0x9cff25f4
  Set: 24 Way: 0 Address: 0x9cff263b
  Set: 25 Way: 0 Address: 0x9cff2645
  Set: 34 Way: 0 Address: 0x2a48418a0
EndCache
Cache: cpu0_L1D
  Set: 0 Way: 0 Address: 0xdf85c000
  Set: 0 Way: 1 Address: 0x28b67e000
  Set: 0 Way: 2 Address: 0x195f15000
  Set: 0 Way: 3 Address: 0x1f919e010
  Set: 0 Way: 4 Address: 0x1c84e2018
  Set: 0 Way: 5 Address: 0x3dae66000
  Set: 0 Way: 6 Address: 0xf6e81022
  Set: 0 Way: 7 Address: 0x34a873010
  Set: 0 Way: 8 Address: 0xc67da000
  Set: 0 Way: 9 Address: 0x168ef000c
  Set: 0 Way: 10 Address: 0x260091004
  Set: 1 Way: 0 Address: 0x34a0e5078
  Set: 1 Way: 1 Address: 0x168ef0044
  Set: 1 Way: 2 Address: 0x129934060
  Set: 1 Way: 3 Address: 0x260091040
  Set: 1 Way: 4 Address: 0x2ee369058
  Set: 1 Way: 5 Address: 0x2f5d8e078
  Set: 1 Way: 6 Address: 0x3dae66046
  Set: 1 Way: 7 Address: 0x272585068
  Set: 1 Way: 8 Address: 0x2fa0c906c
  Set: 1 Way: 9 Address: 0x34a873040
  Set: 1 Way: 10 Address: 0x19c791070
  Set: 1 Way: 11 Address: 0xc67da040
  Set: 2 Way: 0 Address: 0x1f919e0a8
  Set: 2 Way: 1 Address: 0x3c56b30a8
  Set: 2 Way: 2 Address: 0x2b2e930a0
  Set: 2 Way: 3 Address: 0x3dae66098
  Set: 2 Way: 4 Address: 0x2fa0c90a6
  Set: 2 Way: 5 Address: 0x34a873080
  Set: 2 Way: 6 Address: 0xc67da080
  Set: 2 Way: 7 Address: 0x260091080
  Set: 3 Way: 0 Address: 0x3dae660de
  Set: 3 Way: 1 Address: 0x2b2e930c0
  Set: 3 Way: 2 Address: 0x32f48c0f2
  Set: 3 Way: 3 Address: 0x34a8730c0
  Set: 3 Way: 4 Address: 0xc67da0c0
  Set: 3 Way: 5 Address: 0x2600910c0
  Set: 4 Way: 0 Address: 0x3dae66114
  Set: 4 Way: 1 Address: 0x2c8749120
  Set: 4 Way: 2 Address: 0xf6e8113a
  Set: 4 Way: 3 Address: 0x2b2e93100
  Set: 4 Way: 4 Address: 0x32f48c126
  Set: 4 Way: 5 Address: 0x34a873100
  Set: 4 Way: 6 Address: 0xc67da100
  Set: 5 Way: 0 Address: 0x3dae66140
  Set: 5 Way: 1 Address: 0xf6e8117e
  Set: 5 Way: 2 Address: 0x2c8749140
  Set: 5 Way: 3 Address: 0x2b2e93140
  Set: 5 Way: 4 Address: 0x168ef016c
  Set: 5 Way: 5 Address: 0xc67da140
  Set: 5 Way: 6 Address: 0x34a873140
  Set: 6 Way: 0 Address: 0x1995f21b0
  Set: 6 Way: 1 Address: 0x23755d1a8
  Set: 6 Way: 2 Address: 0x3dae66180
  Set: 6 Way: 3 Address: 0xf6e81184
  Set: 6 Way: 4 Address: 0x2fa0c91be
  Set: 6 Way: 5 Address: 0x2c8749180
  Set: 6 Way: 6 Address: 0x2b2e93180
  Set: 6 Way: 7 Address: 0xc67da180
  Set: 6 Way: 8 Address: 0x168ef0180
  Set: 6 Way: 9 Address: 0x34a873180
  Set: 7 Way: 0 Address: 0x3dae661e8
  Set: 7 Way: 1 Address: 0x2fa0c91ce
  Set: 7 Way: 2 Address: 0x2b2e931c0
  Set: 7 Way: 3 Address: 0x2c87491c0
  Set: 7 Way: 4 Address: 0xc67da1c0
  Set: 7 Way: 5 Address: 0x34a8731c0
  Set: 8 Way: 0 Address: 0x1d89da208
  Set: 8 Way: 1 Address: 0x3dae66200
  Set: 8 Way: 2 Address: 0x2177f022c
  Set: 8 Way: 3 Address: 0x2fa0c920a
  Set: 8 Way: 4 Address: 0x2b2e93200
  Set: 8 Way: 5 Address: 0x32f48c23e
  Set: 8 Way: 6 Address: 0x2c8749200
  Set: 8 Way: 7 Address: 0xc67da200
  Set: 9 Way: 0 Address: 0x3dae66240
  Set: 9 Way: 1 Address: 0x2177f0240
  Set: 9 Way: 2 Address: 0x2b2e93240
  Set: 9 Way: 3 Address: 0x32f48c24c
  Set: 9 Way: 4 Address: 0x2c8749240
  Set: 9 Way: 5 Address: 0xc67da240
  Set: 10 Way: 0 Address: 0x3dae66280
  Set: 10 Way: 1 Address: 0xf6e812ae
  Set: 10 Way: 2 Address: 0x2177f0280
  Set: 10 Way: 3 Address: 0x2b2e93280
  Set: 10 Way: 4 Address: 0x32f48c288
  Set: 10 Way: 5 Address: 0x2c8749280
  Set: 10 Way: 6 Address: 0xc67da280
  Set: 11 Way: 0 Address: 0x3dae662c0
  Set: 11 Way: 1 Address: 0xf6e812e6
  Set: 11 Way: 2 Address: 0x2fa0c92c0
  Set: 11 Way: 3 Address: 0x2177f02c0
  Set: 11 Way: 4 Address: 0x2b2e932c0
  Set: 11 Way: 5 Address: 0x2c87492c0
  Set: 11 Way: 6 Address: 0xc67da2c0
  Set: 12 Way: 0 Address: 0x3de4d4300
  Set: 12 Way: 1 Address: 0x22272f33c
  Set: 12 Way: 2 Address: 0x2fa0c9300
  Set: 12 Way: 3 Address: 0x2177f0300
  Set: 12 Way: 4 Address: 0x2b2e93300
  Set: 13 Way: 0 Address: 0x22272f340
  Set: 13 Way: 1 Address: 0x2fa0c9340
  Set: 13 Way: 2 Address: 0x32f48c340
  Set: 13 Way: 3 Address: 0x3c1074378
  Set: 13 Way: 4 Address: 0x2177f0340
  Set: 13 Way: 5 Address: 0x2b2e93340
  Set: 14 Way: 0 Address: 0x2fa0c9380
  Set: 14 Way: 1 Address: 0x22272f380
  Set: 14 Way: 2 Address: 0x32f48c380
  Set: 14 Way: 3 Address: 0x3c107438e
  Set: 14 Way: 4 Address: 0x2177f0380
  Set: 15 Way: 0 Address: 0xf6e813fc
  Set: 15 Way: 1 Address: 0x22272f3c0
  Set: 15 Way: 2 Address: 0x32f48c3c0
  Set: 15 Way: 3 Address: 0x2177f03c0
  Set: 15 Way: 4 Address: 0x3c10743c0
  Set: 16 Way: 0 Address: 0xf6e8143c
  Set: 16 Way: 1 Address: 0x32f48c400
  Set: 16 Way: 2 Address: 0x22272f400
  Set: 17 Way: 0 Address: 0x14bb1044c
  Set: 17 Way: 1 Address: 0xf6e81444
  Set: 17 Way: 2 Address: 0x2fa0c947c
  Set: 17 Way: 3 Address: 0x22272f440
  Set: 18 Way: 0 Address: 0x14bb10480
  Set: 18 Way: 1 Address: 0x2fa0c948c
  Set: 18 Way: 2 Address: 0x22272f480
  Set: 19 Way: 0 Address: 0x2fa0c94ca
  Set: 19 Way: 1 Address: 0x14bb104c0
  Set: 19 Way: 2 Address: 0x32f48c4f6
  Set: 19 Way: 3 Address: 0x3c10744ee
  Set: 19 Way: 4 Address: 0x22272f4c0
  Set: 20 Way: 0 Address: 0x3c107450c
  Set: 20 Way: 1 Address: 0x32f48c50e
  Set: 20 Way: 2 Address: 0x14bb10500
  Set: 20 Way: 3 Address: 0x22272f500
  Set: 21 Way: 0 Address: 0x2db79e55c
  Set: 21 Way: 1 Address: 0xbeea7570
  Set: 21 Way: 2 Address: 0xf6e8156e
  Set: 21 Way: 3 Address: 0x32f48c548
  Set: 21 Way: 4 Address: 0x14bb10540
  Set: 22 Way: 0 Address: 0xf6e81596
  Set: 22 Way: 1 Address: 0xbeea7580
  Set: 22 Way: 2 Address: 0x2db79e580
  Set: 22 Way: 3 Address: 0x2fa0c9580
  Set: 22 Way: 4 Address: 0x14bb10580
  Set: 23 Way: 0 Address: 0x2fa0c95c0
  Set: 23 Way: 1 Address: 0xbeea75c0
  Set: 23 Way: 2 Address: 0x2db79e5c0
  Set: 23 Way: 3 Address: 0x14bb105c0
  Set: 24 Way: 0 Address: 0x3c1074638
  Set: 24 Way: 1 Address: 0x2fa0c9600
  Set: 24 Way: 2 Address: 0xbeea7600
  Set: 24 Way: 3 Address: 0x2db79e600
  Set: 24 Way: 4 Address: 0x32f48c600
  Set: 24 Way: 5 Address: 0x14bb10600
  Set: 25 Way: 0 Address: 0x6d0c2650
  Set: 25 Way: 1 Address: 0x3c107466c
  Set: 25 Way: 2 Address: 0x2fa0c9640
  Set: 25 Way: 3 Address: 0x32f48c640
  Set: 25 Way: 4 Address: 0xbeea7640
  Set: 25 Way: 5 Address: 0x2db79e640
  Set: 26 Way: 0 Address: 0x3c1074680
  Set: 26 Way: 1 Address: 0x3b377b680
  Set: 26 Way: 2 Address: 0xf6e816b8
  Set: 26 Way: 3 Address: 0x32f48c680
  Set: 26 Way: 4 Address: 0xbeea7680
  Set: 26 Way: 5 Address: 0x2db79e680
  Set: 27 Way: 0 Address: 0xf6e816fe
  Set: 27 Way: 1 Address: 0x3b377b6c0
  Set: 27 Way: 2 Address: 0x32f48c6c0
  Set: 27 Way: 3 Address: 0xbeea76c0
  Set: 27 Way: 4 Address: 0x2db79e6c0
  Set: 28 Way: 0 Address: 0xf6e81700
  Set: 28 Way: 1 Address: 0x2fa0c973c
  Set: 28 Way: 2 Address: 0x3b377b700
  Set: 28 Way: 3 Address: 0xbeea7700
  Set: 28 Way: 4 Address: 0x2db79e700
  Set: 29 Way: 0 Address: 0x2fa0c974c
  Set: 29 Way: 1 Address: 0x3b377b740
  Set: 30 Way: 0 Address: 0x1b0f15790
  Set: 30 Way: 1 Address: 0x3c10747ae
  Set: 30 Way: 2 Address: 0x2fa0c9784
  Set: 30 Way: 3 Address: 0x32f48c7b8
  Set: 30 Way: 4 Address: 0x3b377b780
  Set: 31 Way: 0 Address: 0x28b67e7f8
  Set: 31 Way: 1 Address: 0x397bb47f8
  Set: 31 Way: 2 Address: 0x3c10747e4
  Set: 31 Way: 3 Address: 0xf6e817c0
  Set: 31 Way: 4 Address: 0x1b0f157c0
  Set: 31 Way: 5 Address: 0x32f48c7cc
  Set: 31 Way: 6 Address: 0x3b377b7c0
  Set: 32 Way: 0 Address: 0xf6e8182e
  Set: 32 Way: 1 Address: 0x1b0f15800
  Set: 32 Way: 2 Address: 0x292959838
  Set: 32 Way: 3 Address: 0x32f48c804
  Set: 32 Way: 4 Address: 0x3b377b800
  Set: 33 Way: 0 Address: 0xf6e8186a
  Set: 33 Way: 1 Address: 0x29295987c
  Set: 33 Way: 2 Address: 0x2fa0c9840
  Set: 33 Way: 3 Address: 0x1b0f15840
  Set: 33 Way: 4 Address: 0x3b377b840
  Set: 34 Way: 0 Address: 0x292959890
  Set: 34 Way: 1 Address: 0x276ff78a0
  Set: 34 Way: 2 Address: 0x3bdd788a0
  Set: 34 Way: 3 Address: 0x2fa0c9880
  Set: 34 Way: 4 Address: 0x1b0f15880
  Set: 35 Way: 0 Address: 0x12c6fc8c8
  Set: 35 Way: 1 Address: 0x276ff78d0
  Set: 35 Way: 2 Address: 0x2929598e0
  Set: 35 Way: 3 Address: 0x3c10748f4
  Set: 35 Way: 4 Address: 0x3bdd788c0
  Set: 35 Way: 5 Address: 0x2fa0c98c0
  Set: 35 Way: 6 Address: 0x32f48c8c0
  Set: 35 Way: 7 Address: 0x1b0f158c0
  Set: 36 Way: 0 Address: 0x292959934
  Set: 36 Way: 1 Address: 0x276ff7900
  Set: 36 Way: 2 Address: 0x3c107493e
  Set: 36 Way: 3 Address: 0xf6e81900
  Set: 36 Way: 4 Address: 0x2fa0c9900
  Set: 36 Way: 5 Address: 0x3bdd78900
  Set: 36 Way: 6 Address: 0x32f48c900
  Set: 36 Way: 7 Address: 0x1b0f15900
  Set: 37 Way: 0 Address: 0xf6e81978
  Set: 37 Way: 1 Address: 0x3c1074944
  Set: 37 Way: 2 Address: 0x292959974
  Set: 37 Way: 3 Address: 0x3bdd78940
  Set: 37 Way: 4 Address: 0x32f48c940
  Set: 37 Way: 5 Address: 0x1b0f15940
  Set: 38 Way: 0 Address: 0x3734ee980
  Set: 38 Way: 1 Address: 0xf6e81980
  Set: 38 Way: 2 Address: 0x292959990
  Set: 38 Way: 3 Address: 0x23756f9b0
  Set: 38 Way: 4 Address: 0x32f48c980
  Set: 38 Way: 5 Address: 0x3bdd78980
  Set: 39 Way: 0 Address: 0x2929599fc
  Set: 39 Way: 1 Address: 0xf6e819ca
  Set: 39 Way: 2 Address: 0x23756f9c0
  Set: 39 Way: 3 Address: 0x2fa0c99f4
  Set: 39 Way: 4 Address: 0x3bdd789c0
  Set: 40 Way: 0 Address: 0x292959a30
  Set: 40 Way: 1 Address: 0x23756fa00
  Set: 40 Way: 2 Address: 0x2fa0c9a0e
  Set: 40 Way: 3 Address: 0x3bdd78a00
  Set: 41 Way: 0 Address: 0xf6e81a40
  Set: 41 Way: 1 Address: 0x292959a48
  Set: 41 Way: 2 Address: 0x3c1074a6c
  Set: 41 Way: 3 Address: 0x2fa0c9a4a
  Set: 41 Way: 4 Address: 0x23756fa40
  Set: 41 Way: 5 Address: 0x32f48ca7a
  Set: 41 Way: 6 Address: 0x3bdd78a40
  Set: 42 Way: 0 Address: 0x292959aa0
  Set: 42 Way: 1 Address: 0x3c1074aa4
  Set: 42 Way: 2 Address: 0xf6e81a80
  Set: 42 Way: 3 Address: 0x32f48ca90
  Set: 42 Way: 4 Address: 0x23756fa80
  Set: 43 Way: 0 Address: 0x342b40ac0
  Set: 43 Way: 1 Address: 0x292959acc
  Set: 43 Way: 2 Address: 0xf6e81aee
  Set: 43 Way: 3 Address: 0x32f48cac4
  Set: 43 Way: 4 Address: 0x23756fac0
  Set: 44 Way: 0 Address: 0xc7078b08
  Set: 44 Way: 1 Address: 0x292959b10
  Set: 44 Way: 2 Address: 0xf6e81b24
  Set: 44 Way: 3 Address: 0x342b40b00
  Set: 44 Way: 4 Address: 0x2fa0c9b00
  Set: 44 Way: 5 Address: 0x23756fb00
  Set: 45 Way: 0 Address: 0x292959b70
  Set: 45 Way: 1 Address: 0x1aafb8b68
  Set: 45 Way: 2 Address: 0xee86fb68
  Set: 45 Way: 3 Address: 0x143efb78
  Set: 45 Way: 4 Address: 0x2fa0c9b40
  Set: 45 Way: 5 Address: 0x28a940b70
  Set: 45 Way: 6 Address: 0x342b40b40
  Set: 45 Way: 7 Address: 0x23756fb40
  Set: 46 Way: 0 Address: 0x1aafb8b80
  Set: 46 Way: 1 Address: 0x309887bb0
  Set: 46 Way: 2 Address: 0x292959b94
  Set: 46 Way: 3 Address: 0xf6e81b80
  Set: 46 Way: 4 Address: 0x3c1074bb4
  Set: 46 Way: 5 Address: 0x2fa0c9b80
  Set: 46 Way: 6 Address: 0x342b40b80
  Set: 46 Way: 7 Address: 0x32f48cb80
  Set: 47 Way: 0 Address: 0x292959bcc
  Set: 47 Way: 1 Address: 0x3c1074bfe
  Set: 47 Way: 2 Address: 0x3b0803bd0
  Set: 47 Way: 3 Address: 0xf6e81bc0
  Set: 47 Way: 4 Address: 0x2fa0c9bc0
  Set: 47 Way: 5 Address: 0x32f48cbc0
  Set: 47 Way: 6 Address: 0x342b40bc0
  Set: 48 Way: 0 Address: 0x3c1074c04
  Set: 48 Way: 1 Address: 0xf6e81c34
  Set: 48 Way: 2 Address: 0x292959c00
  Set: 48 Way: 3 Address: 0x3b0803c00
  Set: 48 Way: 4 Address: 0x32f48cc00
  Set: 48 Way: 5 Address: 0x342b40c00
  Set: 49 Way: 0 Address: 0x292959c40
  Set: 49 Way: 1 Address: 0xf6e81c4e
  Set: 49 Way: 2 Address: 0x3b0803c40
  Set: 49 Way: 3 Address: 0x32f48cc40
  Set: 49 Way: 4 Address: 0x342b40c40
  Set: 50 Way: 0 Address: 0x292959c80
  Set: 50 Way: 1 Address: 0xf6e81c88
  Set: 50 Way: 2 Address: 0x2fa0c9cbe
  Set: 50 Way: 3 Address: 0x3b0803c80
  Set: 50 Way: 4 Address: 0x342b40c80
  Set: 51 Way: 0 Address: 0x292959cc0
  Set: 51 Way: 1 Address: 0x3c1074cc0
  Set: 51 Way: 2 Address: 0x27d4c6ce0
  Set: 51 Way: 3 Address: 0x2fa0c9cce
  Set: 51 Way: 4 Address: 0x3b0803cc0
  Set: 52 Way: 0 Address: 0x292959d00
  Set: 52 Way: 1 Address: 0xf6e81d00
  Set: 52 Way: 2 Address: 0x3c1074d32
  Set: 52 Way: 3 Address: 0x27d4c6d00
  Set: 52 Way: 4 Address: 0x2fa0c9d08
  Set: 52 Way: 5 Address: 0x32f48cd34
  Set: 52 Way: 6 Address: 0x3b0803d00
  Set: 53 Way: 0 Address: 0x3c1074d66
  Set: 53 Way: 1 Address: 0xf6e81d40
  Set: 53 Way: 2 Address: 0x27d4c6d40
  Set: 53 Way: 3 Address: 0x32f48cd50
  Set: 53 Way: 4 Address: 0x3b0803d40
  Set: 54 Way: 0 Address: 0x394edbdb8
  Set: 54 Way: 1 Address: 0xf6e81d80
  Set: 54 Way: 2 Address: 0x27d4c6d80
  Set: 54 Way: 3 Address: 0x32f48cd88
  Set: 54 Way: 4 Address: 0x3b0803d80
  Set: 55 Way: 0 Address: 0x27d4c6dc0
  Set: 55 Way: 1 Address: 0x133c92dc8
  Set: 55 Way: 2 Address: 0x1ab44dc0
  Set: 55 Way: 3 Address: 0x6e620dd8
  Set: 55 Way: 4 Address: 0x1c084edd0
  Set: 55 Way: 5 Address: 0x3232f3de8
  Set: 55 Way: 6 Address: 0xc0d9bdf0
  Set: 55 Way: 7 Address: 0x2c9898de0
  Set: 55 Way: 8 Address: 0x1064c2df8
  Set: 55 Way: 9 Address: 0x20597edf0
  Set: 55 Way: 10 Address: 0xf6e81dc0
  Set: 55 Way: 11 Address: 0x2fa0c9dc0
  Set: 56 Way: 0 Address: 0x2fa0c9e00
  Set: 56 Way: 1 Address: 0x62d12e10
  Set: 56 Way: 2 Address: 0x27d4c6e00
  Set: 56 Way: 3 Address: 0x84896e30
  Set: 56 Way: 4 Address: 0x1adde28
  Set: 56 Way: 5 Address: 0x1064c2e18
  Set: 56 Way: 6 Address: 0x3d87a6e08
  Set: 56 Way: 7 Address: 0x257713e00
  Set: 56 Way: 8 Address: 0x181c81e20
  Set: 56 Way: 9 Address: 0x312099e18
  Set: 56 Way: 10 Address: 0x20597ee00
  Set: 56 Way: 11 Address: 0xf6e81e00
  Set: 57 Way: 0 Address: 0x394edbe40
  Set: 57 Way: 1 Address: 0x5588de40
  Set: 57 Way: 2 Address: 0xf6e81e40
  Set: 57 Way: 3 Address: 0x3c1074e7a
  Set: 57 Way: 4 Address: 0x20597ee40
  Set: 57 Way: 5 Address: 0x2fa0c9e40
  Set: 57 Way: 6 Address: 0x32f48ce40
  Set: 57 Way: 7 Address: 0x27d4c6e40
  Set: 58 Way: 0 Address: 0x3c1074ebe
  Set: 58 Way: 1 Address: 0x2fa0c9e80
  Set: 58 Way: 2 Address: 0x20597ee80
  Set: 58 Way: 3 Address: 0x32f48ce80
  Set: 58 Way: 4 Address: 0x27d4c6e80
  Set: 59 Way: 0 Address: 0x3c1074ec0
  Set: 59 Way: 1 Address: 0xf6e81ef8
  Set: 59 Way: 2 Address: 0x32f48cec0
  Set: 59 Way: 3 Address: 0x20597eec0
  Set: 60 Way: 0 Address: 0xcf83bf00
  Set: 60 Way: 1 Address: 0xf6e81f0c
  Set: 60 Way: 2 Address: 0x32f48cf00
  Set: 60 Way: 3 Address: 0x20597ef00
  Set: 61 Way: 0 Address: 0x38e35cf58
  Set: 61 Way: 1 Address: 0x3c1074f40
  Set: 61 Way: 2 Address: 0xf6e81f44
  Set: 61 Way: 3 Address: 0xcf83bf40
  Set: 61 Way: 4 Address: 0x2fa0c9f7e
  Set: 61 Way: 5 Address: 0x20597ef40
  Set: 62 Way: 0 Address: 0x38e35cfbc
  Set: 62 Way: 1 Address: 0x354d35f90
  Set: 62 Way: 2 Address: 0x3c1074f80
  Set: 62 Way: 3 Address: 0x2fa0c9f8e
  Set: 62 Way: 4 Address: 0xcf83bf80
  Set: 62 Way: 5 Address: 0x20597ef80
  Set: 63 Way: 0 Address: 0x43736fe8
  Set: 63 Way: 1 Address: 0x38e35cfc8
  Set: 63 Way: 2 Address: 0x3c1074fec
  Set: 63 Way: 3 Address: 0x354d35fc0
  Set: 63 Way: 4 Address: 0x2fa0c9fca
  Set: 63 Way: 5 Address: 0xcf83bfc0
  Set: 63 Way: 6 Address: 0x32f48cff4
EndCache
Cache: cpu0_ITLB
  Set: 0 Way: 0 Address: 0x4608a0
  Set: 1 Way: 0 Address: 0x44144c
EndCache
Cache: cpu0_DTLB
  Set: 0 Way: 0 Address: 0x1d70b10
  Set: 0 Way: 1 Address: 0x730650
  Set: 0 Way: 2 Address: 0x1fc0df0
  Set: 1 Way: 0 Address: 0x7618c8
  Set: 1 Way: 1 Address: 0x1fc1f00
  Set: 2 Way: 0 Address: 0x1fc2000
  Set: 3 Way: 0 Address: 0x1fc3010
  Set: 4 Way: 0 Address: 0x1fc4120
  Set: 5 Way: 0 Address: 0x7fff6ec35fc8
  Set: 5 Way: 1 Address: 0x1fc522c
  Set: 6 Way: 0 Address: 0x7fff6ec36000
  Set: 6 Way: 1 Address: 0x1fc633c
  Set: 7 Way: 0 Address: 0x1fb7900
  Set: 7 Way: 1 Address: 0x1fc744c
  Set: 8 Way: 0 Address: 0x1fc855c
  Set: 8 Way: 1 Address: 0x1fb8570
  Set: 9 Way: 0 Address: 0x1fb9680
  Set: 10 Way: 0 Address: 0x1fba790
  Set: 11 Way: 0 Address: 0x2a0b66c
  Set: 11 Way: 1 Address: 0x1fbb8a0
  Set: 12 Way: 0 Address: 0x2a0c974
  Set: 12 Way: 1 Address: 0x1fbc9b0
  Set: 13 Way: 0 Address: 0x1d6df90
  Set: 13 Way: 1 Address: 0x1fbdac0
  Set: 13 Way: 2 Address: 0x2a0d06c
  Set: 14 Way: 0 Address: 0x1fbebd0
  Set: 14 Way: 1 Address: 0x1d6e000
  Set: 14 Way: 2 Address: 0x2a0e0f2
  Set: 15 Way: 0 Address: 0x1d6f0a0
  Set: 15 Way: 1 Address: 0x1fbfce0
  Set: 15 Way: 2 Address: 0x2a0f00c
EndCache
Cache: LLC
  Set: 43 Way: 0 Address: 0x342b40ac0
  Set: 44 Way: 0 Address: 0x342b40b00
  Set: 45 Way: 0 Address: 0x28a940b70
  Set: 45 Way: 1 Address: 0x342b40b40
  Set: 46 Way: 0 Address: 0x342b40b80
  Set: 47 Way: 0 Address: 0x342b40bc0
  Set: 48 Way: 0 Address: 0x342b40c00
  Set: 49 Way: 0 Address: 0x342b40c40
  Set: 50 Way: 0 Address: 0x342b40c80
  Set: 55 Way: 0 Address: 0x6e620dd8
  Set: 64 Way: 0 Address: 0xf6e8100c
  Set: 68 Way: 0 Address: 0xf6e8113a
  Set: 69 Way: 0 Address: 0xf6e8116c
  Set: 70 Way: 0 Address: 0xf6e81180
  Set: 74 Way: 0 Address: 0xf6e81294
  Set: 75 Way: 0 Address: 0xf6e812cc
  Set: 79 Way: 0 Address: 0xf6e813f4
  Set: 80 Way: 0 Address: 0xf6e8142c
  Set: 81 Way: 0 Address: 0xf6e81440
  Set: 85 Way: 0 Address: 0xf6e81554
  Set: 86 Way: 0 Address: 0xf6e81590
  Set: 90 Way: 0 Address: 0xf6e816b4
  Set: 91 Way: 0 Address: 0xf6e816ec
  Set: 92 Way: 0 Address: 0xf6e81708
  Set: 95 Way: 0 Address: 0xf6e817c0
  Set: 96 Way: 0 Address: 0xf6e8182c
  Set: 97 Way: 0 Address: 0xf6e8184c
  Set: 98 Way: 0 Address: 0x2a48418a0
  Set: 100 Way: 0 Address: 0xf6e81900
  Set: 101 Way: 0 Address: 0xf6e81974
  Set: 102 Way: 0 Address: 0xf6e81980
  Set: 103 Way: 0 Address: 0xf6e819c0
  Set: 105 Way: 0 Address: 0xf6e81a40
  Set: 106 Way: 0 Address: 0xf6e81a80
  Set: 107 Way: 0 Address: 0xf6e81ad4
  Set: 108 Way: 0 Address: 0xf6e81b0c
  Set: 110 Way: 0 Address: 0xf6e81b80
  Set: 111 Way: 0 Address: 0xf6e81bc0
  Set: 112 Way: 0 Address: 0xf6e81c36
  Set: 113 Way: 0 Address: 0xf6e81c40
  Set: 114 Way: 0 Address: 0xf6e81c80
  Set: 116 Way: 0 Address: 0xf6e81d00
  Set: 117 Way: 0 Address: 0xf6e81d40
  Set: 118 Way: 0 Address: 0xf6e81d80
  Set: 119 Way: 0 Address: 0xf6e81dc0
  Set: 120 Way: 0 Address: 0x181c81e20
  Set: 120 Way: 1 Address: 0xf6e81e00
  Set: 121 Way: 0 Address: 0xf6e81e40
  Set: 123 Way: 0 Address: 0xf6e81ef4
  Set: 124 Way: 0 Address: 0xf6e81f00
  Set: 125 Way: 0 Address: 0xf6e81f40
  Set: 128 Way: 0 Address: 0x1c84e2018
  Set: 129 Way: 0 Address: 0x1c84e2078
  Set: 153 Way: 0 Address: 0x6d0c2650
  Set: 183 Way: 0 Address: 0x1064c2df8
  Set: 184 Way: 0 Address: 0x1064c2e00
  Set: 239 Way: 0 Address: 0x3b0803bd0
  Set: 240 Way: 0 Address: 0x3b0803c00
  Set: 241 Way: 0 Address: 0x3b0803c40
  Set: 242 Way: 0 Address: 0x3b0803c80
  Set: 243 Way: 0 Address: 0x3b0803cc0
  Set: 244 Way: 0 Address: 0x3b0803d00
  Set: 245 Way: 0 Address: 0x3b0803d40
  Set: 246 Way: 0 Address: 0x3b0803d80
  Set: 311 Way: 0 Address: 0x1ab44dc0
  Set: 321 Way: 0 Address: 0x272585068
  Set: 321 Way: 1 Address: 0x34a0e5078
  Set: 384 Way: 0 Address: 0x3dae66000
  Set: 385 Way: 0 Address: 0x3dae66040
  Set: 386 Way: 0 Address: 0x3dae66080
  Set: 387 Way: 0 Address: 0x3dae660c0
  Set: 388 Way: 0 Address: 0x3dae66100
  Set: 389 Way: 0 Address: 0x3dae66140
  Set: 390 Way: 0 Address: 0x3dae66180
  Set: 391 Way: 0 Address: 0x3dae661da
  Set: 392 Way: 0 Address: 0x3dae66200
  Set: 393 Way: 0 Address: 0x3dae66240
  Set: 394 Way: 0 Address: 0x3dae66280
  Set: 395 Way: 0 Address: 0x3dae662c0
  Set: 435 Way: 0 Address: 0x27d4c6ce0
  Set: 436 Way: 0 Address: 0x27d4c6d00
  Set: 437 Way: 0 Address: 0x27d4c6d40
  Set: 438 Way: 0 Address: 0x27d4c6d80
  Set: 439 Way: 0 Address: 0x27d4c6dc0
  Set: 440 Way: 0 Address: 0x3d87a6e08
  Set: 440 Way: 1 Address: 0x27d4c6e00
  Set: 441 Way: 0 Address: 0x27d4c6e40
  Set: 442 Way: 0 Address: 0x27d4c6e80
  Set: 469 Way: 0 Address: 0xbeea7570
  Set: 470 Way: 0 Address: 0xbeea7580
  Set: 471 Way: 0 Address: 0xbeea75c0
  Set: 472 Way: 0 Address: 0xbeea7600
  Set: 473 Way: 0 Address: 0xbeea7640
  Set: 474 Way: 0 Address: 0xbeea7680
  Set: 475 Way: 0 Address: 0xbeea76c0
  Set: 476 Way: 0 Address: 0xbeea7700
  Set: 494 Way: 0 Address: 0x309887bb0
  Set: 577 Way: 0 Address: 0x2ee369058
  Set: 577 Way: 1 Address: 0x2fa0c9054
  Set: 578 Way: 0 Address: 0x2fa0c908e
  Set: 580 Way: 0 Address: 0x2c8749120
  Set: 581 Way: 0 Address: 0x2c8749140
  Set: 582 Way: 0 Address: 0x2fa0c91b6
  Set: 582 Way: 1 Address: 0x2c8749180
  Set: 583 Way: 0 Address: 0x2fa0c91c0
  Set: 583 Way: 1 Address: 0x2c87491c0
  Set: 584 Way: 0 Address: 0x2fa0c9200
  Set: 584 Way: 1 Address: 0x2c8749200
  Set: 585 Way: 0 Address: 0x2c8749240
  Set: 586 Way: 0 Address: 0x2c8749280
  Set: 587 Way: 0 Address: 0x2fa0c92c0
  Set: 587 Way: 1 Address: 0x2c87492c0
  Set: 588 Way: 0 Address: 0x2fa0c9300
  Set: 589 Way: 0 Address: 0x2fa0c9340
  Set: 590 Way: 0 Address: 0x2fa0c9380
  Set: 593 Way: 0 Address: 0x2fa0c9474
  Set: 594 Way: 0 Address: 0x2fa0c9480
  Set: 595 Way: 0 Address: 0x2fa0c94c0
  Set: 596 Way: 0 Address: 0x2fa0c9500
  Set: 598 Way: 0 Address: 0x2fa0c9580
  Set: 599 Way: 0 Address: 0x2fa0c95c0
  Set: 600 Way: 0 Address: 0x2fa0c9600
  Set: 601 Way: 0 Address: 0x2fa0c9640
  Set: 604 Way: 0 Address: 0x2fa0c9700
  Set: 605 Way: 0 Address: 0x2fa0c9740
  Set: 606 Way: 0 Address: 0x2fa0c9780
  Set: 607 Way: 0 Address: 0x2fa0c97c0
  Set: 609 Way: 0 Address: 0x2fa0c9840
  Set: 610 Way: 0 Address: 0x2fa0c9880
  Set: 611 Way: 0 Address: 0x2fa0c98c0
  Set: 612 Way: 0 Address: 0x2fa0c9900
  Set: 615 Way: 0 Address: 0x2fa0c99c0
  Set: 616 Way: 0 Address: 0x2fa0c9a00
  Set: 617 Way: 0 Address: 0x2fa0c9a40
  Set: 618 Way: 0 Address: 0x2fa0c9a80
  Set: 620 Way: 0 Address: 0x2fa0c9b00
  Set: 621 Way: 0 Address: 0x2fa0c9b40
  Set: 622 Way: 0 Address: 0x2fa0c9b80
  Set: 623 Way: 0 Address: 0x2fa0c9bc0
  Set: 625 Way: 0 Address: 0x2fa0c9c40
  Set: 626 Way: 0 Address: 0x2fa0c9c80
  Set: 627 Way: 0 Address: 0x2fa0c9cc0
  Set: 628 Way: 0 Address: 0x2fa0c9d00
  Set: 629 Way: 0 Address: 0x2fa0c9d40
  Set: 631 Way: 0 Address: 0x2fa0c9dc0
  Set: 632 Way: 0 Address: 0x2fa0c9e00
  Set: 633 Way: 0 Address: 0x2fa0c9e40
  Set: 634 Way: 0 Address: 0x2fa0c9e80
  Set: 636 Way: 0 Address: 0x2fa0c9f00
  Set: 637 Way: 0 Address: 0x2fa0c9f40
  Set: 638 Way: 0 Address: 0x2fa0c9f82
  Set: 639 Way: 0 Address: 0x2fa0c9fc0
  Set: 771 Way: 0 Address: 0x32f48c0d4
  Set: 772 Way: 0 Address: 0x32f48c10e
  Set: 776 Way: 0 Address: 0x32f48c234
  Set: 777 Way: 0 Address: 0x32f48c240
  Set: 778 Way: 0 Address: 0x32f48c280
  Set: 781 Way: 0 Address: 0x32f48c340
  Set: 782 Way: 0 Address: 0x32f48c380
  Set: 783 Way: 0 Address: 0x32f48c3c0
  Set: 784 Way: 0 Address: 0x32f48c400
  Set: 786 Way: 0 Address: 0x32f48c480
  Set: 787 Way: 0 Address: 0x32f48c4c0
  Set: 788 Way: 0 Address: 0x32f48c500
  Set: 789 Way: 0 Address: 0x32f48c540
  Set: 790 Way: 0 Address: 0x32f48c580
  Set: 792 Way: 0 Address: 0x32f48c600
  Set: 793 Way: 0 Address: 0x32f48c640
  Set: 794 Way: 0 Address: 0x32f48c680
  Set: 795 Way: 0 Address: 0x32f48c6c0
  Set: 797 Way: 0 Address: 0x32f48c740
  Set: 798 Way: 0 Address: 0x32f48c780
  Set: 799 Way: 0 Address: 0x32f48c7c0
  Set: 800 Way: 0 Address: 0x32f48c800
  Set: 801 Way: 0 Address: 0x32f48c840
  Set: 803 Way: 0 Address: 0x32f48c8c0
  Set: 804 Way: 0 Address: 0x32f48c900
  Set: 805 Way: 0 Address: 0x32f48c940
  Set: 806 Way: 0 Address: 0x32f48c980
  Set: 808 Way: 0 Address: 0x32f48ca00
  Set: 809 Way: 0 Address: 0x32f48ca40
  Set: 810 Way: 0 Address: 0x32f48ca80
  Set: 811 Way: 0 Address: 0x32f48cac0
  Set: 812 Way: 0 Address: 0x32f48cb00
  Set: 814 Way: 0 Address: 0x32f48cb80
  Set: 815 Way: 0 Address: 0x32f48cbc0
  Set: 816 Way: 0 Address: 0x32f48cc00
  Set: 817 Way: 0 Address: 0x32f48cc40
  Set: 819 Way: 0 Address: 0x32f48ccc0
  Set: 820 Way: 0 Address: 0x32f48cd00
  Set: 821 Way: 0 Address: 0x32f48cd40
  Set: 822 Way: 0 Address: 0x32f48cd80
  Set: 823 Way: 0 Address: 0x32f48cdc0
  Set: 825 Way: 0 Address: 0x32f48ce40
  Set: 826 Way: 0 Address: 0x32f48ce80
  Set: 827 Way: 0 Address: 0x32f48cec0
  Set: 828 Way: 0 Address: 0x32f48cf00
  Set: 830 Way: 0 Address: 0x32f48cf80
  Set: 831 Way: 0 Address: 0x32f48cfc0
  Set: 889 Way: 0 Address: 0x5588de40
  Set: 897 Way: 0 Address: 0x2f5d8e078
  Set: 934 Way: 0 Address: 0x3734ee980
  Set: 951 Way: 0 Address: 0x1c084edd0
  Set: 972 Way: 0 Address: 0x22272f33c
  Set: 973 Way: 0 Address: 0x22272f340
  Set: 974 Way: 0 Address: 0x22272f380
  Set: 975 Way: 0 Address: 0x22272f3c0
  Set: 976 Way: 0 Address: 0x22272f400
  Set: 977 Way: 0 Address: 0x22272f440
  Set: 978 Way: 0 Address: 0x22272f480
  Set: 979 Way: 0 Address: 0x22272f4c0
  Set: 980 Way: 0 Address: 0x22272f500
  Set: 998 Way: 0 Address: 0x23756f9b0
  Set: 999 Way: 0 Address: 0x23756f9c0
  Set: 1000 Way: 0 Address: 0x23756fa00
  Set: 1001 Way: 0 Address: 0x23756fa40
  Set: 1002 Way: 0 Address: 0x23756fa80
  Set: 1003 Way: 0 Address: 0x23756fac0
  Set: 1004 Way: 0 Address: 0x23756fb00
  Set: 1005 Way: 0 Address: 0xee86fb68
  Set: 1005 Way: 1 Address: 0x143efb78
  Set: 1005 Way: 2 Address: 0x23756fb40
  Set: 1024 Way: 0 Address: 0x168ef0000
  Set: 1025 Way: 0 Address: 0x168ef0040
  Set: 1026 Way: 0 Address: 0x168ef0080
  Set: 1028 Way: 0 Address: 0x168ef0100
  Set: 1029 Way: 0 Address: 0x168ef0140
  Set: 1030 Way: 0 Address: 0x168ef0180
  Set: 1031 Way: 0 Address: 0x168ef01c0
  Set: 1032 Way: 0 Address: 0x2177f022c
  Set: 1033 Way: 0 Address: 0x2177f0240
  Set: 1034 Way: 0 Address: 0x2177f0280
  Set: 1034 Way: 1 Address: 0x168ef0280
  Set: 1035 Way: 0 Address: 0x2177f02c0
  Set: 1036 Way: 0 Address: 0x2177f0300
  Set: 1037 Way: 0 Address: 0x2177f0340
  Set: 1038 Way: 0 Address: 0x2177f0380
  Set: 1039 Way: 0 Address: 0x2177f03c0
  Set: 1041 Way: 0 Address: 0x14bb1044c
  Set: 1042 Way: 0 Address: 0x14bb10480
  Set: 1043 Way: 0 Address: 0x14bb104c0
  Set: 1044 Way: 0 Address: 0x14bb10500
  Set: 1045 Way: 0 Address: 0x14bb10540
  Set: 1046 Way: 0 Address: 0x14bb10580
  Set: 1047 Way: 0 Address: 0x14bb105c0
  Set: 1048 Way: 0 Address: 0x14bb10600
  Set: 1088 Way: 0 Address: 0x260091000
  Set: 1089 Way: 0 Address: 0x19c791070
  Set: 1089 Way: 1 Address: 0x260091040
  Set: 1090 Way: 0 Address: 0x260091080
  Set: 1091 Way: 0 Address: 0x2600910c0
  Set: 1158 Way: 0 Address: 0x1995f21b0
  Set: 1166 Way: 0 Address: 0x9cff2390
  Set: 1167 Way: 0 Address: 0x9cff23c0
  Set: 1168 Way: 0 Address: 0x9cff242a
  Set: 1169 Way: 0 Address: 0x9cff2446
  Set: 1170 Way: 0 Address: 0x9cff2482
  Set: 1171 Way: 0 Address: 0x9cff24c1
  Set: 1172 Way: 0 Address: 0x9cff2516
  Set: 1173 Way: 0 Address: 0x9cff2543
  Set: 1175 Way: 0 Address: 0x9cff25c8
  Set: 1176 Way: 0 Address: 0x9cff2600
  Set: 1177 Way: 0 Address: 0x9cff2645
  Set: 1207 Way: 0 Address: 0x133c92dc8
  Set: 1208 Way: 0 Address: 0x62d12e10
  Set: 1216 Way: 0 Address: 0x34a873010
  Set: 1217 Way: 0 Address: 0x34a873040
  Set: 1218 Way: 0 Address: 0x3c56b30a8
  Set: 1218 Way: 1 Address: 0x2b2e930a0
  Set: 1218 Way: 2 Address: 0x34a873080
  Set: 1219 Way: 0 Address: 0x2b2e930c0
  Set: 1219 Way: 1 Address: 0x34a8730c0
  Set: 1220 Way: 0 Address: 0x2b2e93100
  Set: 1220 Way: 1 Address: 0x34a873100
  Set: 1221 Way: 0 Address: 0x2b2e93140
  Set: 1221 Way: 1 Address: 0x34a873140
  Set: 1222 Way: 0 Address: 0x2b2e93180
  Set: 1222 Way: 1 Address: 0x34a873180
  Set: 1223 Way: 0 Address: 0x2b2e931c0
  Set: 1223 Way: 1 Address: 0x34a8731c0
  Set: 1224 Way: 0 Address: 0x2b2e93200
  Set: 1225 Way: 0 Address: 0x2b2e93240
  Set: 1226 Way: 0 Address: 0x2b2e93280
  Set: 1227 Way: 0 Address: 0x2b2e932c0
  Set: 1228 Way: 0 Address: 0x2b2e93300
  Set: 1229 Way: 0 Address: 0x2b2e93340
  Set: 1271 Way: 0 Address: 0x3232f3de8
  Set: 1272 Way: 0 Address: 0x257713e00
  Set: 1281 Way: 0 Address: 0x129934060
  Set: 1292 Way: 0 Address: 0x3de4d4300
  Set: 1293 Way: 0 Address: 0x3c1074374
  Set: 1294 Way: 0 Address: 0x3c1074380
  Set: 1295 Way: 0 Address: 0x3c10743c0
  Set: 1299 Way: 0 Address: 0x3c10744d6
  Set: 1300 Way: 0 Address: 0x3c107450c
  Set: 1304 Way: 0 Address: 0x3c107463a
  Set: 1305 Way: 0 Address: 0x3c107466c
  Set: 1306 Way: 0 Address: 0x3c1074680
  Set: 1310 Way: 0 Address: 0x3c1074794
  Set: 1311 Way: 0 Address: 0x397bb47f8
  Set: 1311 Way: 1 Address: 0x3c10747cc
  Set: 1315 Way: 0 Address: 0x3c10748f6
  Set: 1316 Way: 0 Address: 0x3c107492c
  Set: 1317 Way: 0 Address: 0x3c1074946
  Set: 1321 Way: 0 Address: 0x3c1074a54
  Set: 1322 Way: 0 Address: 0x3c1074a8c
  Set: 1326 Way: 0 Address: 0x3c1074bb8
  Set: 1327 Way: 0 Address: 0x3c1074bec
  Set: 1328 Way: 0 Address: 0x3c1074c00
  Set: 1331 Way: 0 Address: 0x3c1074cc0
  Set: 1332 Way: 0 Address: 0x3c1074d16
  Set: 1333 Way: 0 Address: 0x3c1074d4e
  Set: 1336 Way: 0 Address: 0x3c1074e00
  Set: 1337 Way: 0 Address: 0x3c1074e76
  Set: 1338 Way: 0 Address: 0x3c1074eb0
  Set: 1339 Way: 0 Address: 0x3c1074ec2
  Set: 1341 Way: 0 Address: 0x3c1074f40
  Set: 1342 Way: 0 Address: 0x3c1074f80
  Set: 1343 Way: 0 Address: 0x3c1074fd4
  Set: 1344 Way: 0 Address: 0x195f15000
  Set: 1374 Way: 0 Address: 0x1b0f15790
  Set: 1375 Way: 0 Address: 0x1b0f157c0
  Set: 1376 Way: 0 Address: 0x1b0f15800
  Set: 1377 Way: 0 Address: 0x1b0f15840
  Set: 1378 Way: 0 Address: 0x1b0f15880
  Set: 1379 Way: 0 Address: 0x1b0f158c0
  Set: 1380 Way: 0 Address: 0x1b0f15900
  Set: 1381 Way: 0 Address: 0x1b0f15940
  Set: 1406 Way: 0 Address: 0x354d35f90
  Set: 1407 Way: 0 Address: 0x354d35fc0
  Set: 1464 Way: 0 Address: 0x211d16e38
  Set: 1464 Way: 1 Address: 0x84896e30
  Set: 1471 Way: 0 Address: 0x43736fe8
  Set: 1506 Way: 0 Address: 0x276ff78a0
  Set: 1507 Way: 0 Address: 0x276ff78c0
  Set: 1508 Way: 0 Address: 0x276ff7900
  Set: 1570 Way: 0 Address: 0x3bdd788a0
  Set: 1571 Way: 0 Address: 0x3bdd788c0
  Set: 1572 Way: 0 Address: 0x3bdd78900
  Set: 1573 Way: 0 Address: 0x3bdd78940
  Set: 1574 Way: 0 Address: 0x3bdd78980
  Set: 1575 Way: 0 Address: 0x3bdd789c0
  Set: 1576 Way: 0 Address: 0x3bdd78a00
  Set: 1577 Way: 0 Address: 0x3bdd78a40
  Set: 1580 Way: 0 Address: 0xc7078b08
  Set: 1581 Way: 0 Address: 0x1aafb8b78
  Set: 1582 Way: 0 Address: 0x1aafb8b80
  Set: 1591 Way: 0 Address: 0x2c9898de0
  Set: 1632 Way: 0 Address: 0x292959838
  Set: 1633 Way: 0 Address: 0x29295987c
  Set: 1634 Way: 0 Address: 0x292959890
  Set: 1635 Way: 0 Address: 0x2929598e0
  Set: 1636 Way: 0 Address: 0x292959934
  Set: 1637 Way: 0 Address: 0x292959974
  Set: 1638 Way: 0 Address: 0x292959990
  Set: 1639 Way: 0 Address: 0x2929599fc
  Set: 1640 Way: 0 Address: 0x292959a30
  Set: 1641 Way: 0 Address: 0x292959a48
  Set: 1642 Way: 0 Address: 0x292959aa0
  Set: 1643 Way: 0 Address: 0x292959acc
  Set: 1644 Way: 0 Address: 0x292959b10
  Set: 1645 Way: 0 Address: 0x292959b70
  Set: 1646 Way: 0 Address: 0x292959b94
  Set: 1647 Way: 0 Address: 0x292959bcc
  Set: 1648 Way: 0 Address: 0x292959c00
  Set: 1649 Way: 0 Address: 0x292959c40
  Set: 1650 Way: 0 Address: 0x292959c80
  Set: 1651 Way: 0 Address: 0x292959cc0
  Set: 1652 Way: 0 Address: 0x292959d00
  Set: 1656 Way: 0 Address: 0x312099e18
  Set: 1664 Way: 0 Address: 0xc67da000
  Set: 1665 Way: 0 Address: 0x223eda070
  Set: 1665 Way: 1 Address: 0xc67da040
  Set: 1666 Way: 0 Address: 0xc67da080
  Set: 1667 Way: 0 Address: 0xc67da0c0
  Set: 1668 Way: 0 Address: 0xc67da100
  Set: 1669 Way: 0 Address: 0xc67da140
  Set: 1670 Way: 0 Address: 0xc67da180
  Set: 1671 Way: 0 Address: 0xc67da1c0
  Set: 1672 Way: 0 Address: 0x1d89da208
  Set: 1672 Way: 1 Address: 0xc67da200
  Set: 1673 Way: 0 Address: 0xc67da240
  Set: 1674 Way: 0 Address: 0xc67da280
  Set: 1675 Way: 0 Address: 0xc67da2c0
  Set: 1676 Way: 0 Address: 0xc67da300
  Set: 1677 Way: 0 Address: 0xc67da340
  Set: 1678 Way: 0 Address: 0xc67da380
  Set: 1681 Way: 0 Address: 0xc67da440
  Set: 1754 Way: 0 Address: 0x3b377b680
  Set: 1755 Way: 0 Address: 0x3b377b6c0
  Set: 1756 Way: 0 Address: 0x3b377b700
  Set: 1757 Way: 0 Address: 0x3b377b740
  Set: 1758 Way: 0 Address: 0x3b377b780
  Set: 1759 Way: 0 Address: 0x3b377b7c0
  Set: 1760 Way: 0 Address: 0x3b377b800
  Set: 1761 Way: 0 Address: 0x3b377b840
  Set: 1782 Way: 0 Address: 0x394edbdb8
  Set: 1783 Way: 0 Address: 0x394edbdc0
  Set: 1783 Way: 1 Address: 0xc0d9bdf0
  Set: 1784 Way: 0 Address: 0x394edbe28
  Set: 1785 Way: 0 Address: 0x394edbe40
  Set: 1788 Way: 0 Address: 0xcf83bf00
  Set: 1789 Way: 0 Address: 0xcf83bf40
  Set: 1790 Way: 0 Address: 0xcf83bf80
  Set: 1791 Way: 0 Address: 0xcf83bfc0
  Set: 1792 Way: 0 Address: 0xdf85c000
  Set: 1827 Way: 0 Address: 0x12c6fc8c8
  Set: 1853 Way: 0 Address: 0x38e35cf58
  Set: 1854 Way: 0 Address: 0x38e35cfa4
  Set: 1855 Way: 0 Address: 0x38e35cffc
  Set: 1862 Way: 0 Address: 0x23755d1a8
  Set: 1912 Way: 0 Address: 0x1adde28
  Set: 1920 Way: 0 Address: 0x28b67e000
  Set: 1920 Way: 1 Address: 0x1f919e010
  Set: 1921 Way: 0 Address: 0x1f919e070
  Set: 1922 Way: 0 Address: 0x1f919e0a8
  Set: 1941 Way: 0 Address: 0x2db79e55c
  Set: 1942 Way: 0 Address: 0x2db79e580
  Set: 1943 Way: 0 Address: 0x2db79e5c0
  Set: 1944 Way: 0 Address: 0x2db79e600
  Set: 1945 Way: 0 Address: 0x2db79e640
  Set: 1946 Way: 0 Address: 0x2db79e680
  Set: 1947 Way: 0 Address: 0x2db79e6c0
  Set: 1948 Way: 0 Address: 0x2db79e700
  Set: 1951 Way: 0 Address: 0x28b67e7f8
  Set: 1975 Way: 0 Address: 0x20597edf0
  Set: 1976 Way: 0 Address: 0x20597ee00
  Set: 1977 Way: 0 Address: 0x20597ee40
  Set: 1978 Way: 0 Address: 0x20597ee80
  Set: 1979 Way: 0 Address: 0x20597eec0
  Set: 1980 Way: 0 Address: 0x20597ef00
  Set: 1981 Way: 0 Address: 0x20597ef40
  Set: 1982 Way: 0 Address: 0x20597ef80
EndCache
