Cache: cpu0_STLB
  Set: 48 Way: 0 Address: 0x730650
  Set: 53 Way: 0 Address: 0x7fff6ec35ffc
  Set: 54 Way: 0 Address: 0x7fff6ec360ca
  Set: 63 Way: 0 Address: 0x1f3fd80
  Set: 64 Way: 0 Address: 0x1f4014c
  Set: 65 Way: 0 Address: 0x441492
  Set: 65 Way: 1 Address: 0x1f4125c
  Set: 66 Way: 0 Address: 0x1f4236c
  Set: 67 Way: 0 Address: 0x1f4347c
  Set: 68 Way: 0 Address: 0x1f44588
  Set: 69 Way: 0 Address: 0x1f45698
  Set: 70 Way: 0 Address: 0x1f467a8
  Set: 71 Way: 0 Address: 0x1f478b8
  Set: 72 Way: 0 Address: 0x1f489c8
  Set: 73 Way: 0 Address: 0x1f49ad8
  Set: 74 Way: 0 Address: 0x1f4abe8
  Set: 75 Way: 0 Address: 0x1f4bcf8
  Set: 76 Way: 0 Address: 0x1f4ce08
  Set: 77 Way: 0 Address: 0x1f4df18
  Set: 78 Way: 0 Address: 0x1f4e000
  Set: 79 Way: 0 Address: 0x1f4f028
  Set: 80 Way: 0 Address: 0x1f50138
  Set: 96 Way: 0 Address: 0x4608a0
  Set: 97 Way: 0 Address: 0x7618c8
  Set: 97 Way: 1 Address: 0x2a61664
  Set: 98 Way: 0 Address: 0x2a62c86
  Set: 99 Way: 0 Address: 0x2a6309e
  Set: 100 Way: 0 Address: 0x2a64102
  Set: 109 Way: 0 Address: 0x1d6d6ac
  Set: 110 Way: 0 Address: 0x1d6e7bc
  Set: 112 Way: 0 Address: 0x1d70a2c
EndCache
Cache: cpu0_L2C
  Set: 40 Way: 0 Address: 0x2177f0a00
  Set: 40 Way: 1 Address: 0x342b40a08
  Set: 41 Way: 0 Address: 0x14bb10a68
  Set: 41 Way: 1 Address: 0x6e620a60
  Set: 42 Way: 0 Address: 0x2177f0a80
  Set: 72 Way: 0 Address: 0x113201208
  Set: 76 Way: 0 Address: 0x113201300
  Set: 76 Way: 1 Address: 0x181c81308
  Set: 98 Way: 0 Address: 0x2a48418a0
  Set: 102 Way: 0 Address: 0xf6e81980
  Set: 128 Way: 0 Address: 0x1c84e2004
  Set: 129 Way: 0 Address: 0x1c84e2040
  Set: 133 Way: 0 Address: 0x1c84e2162
  Set: 134 Way: 0 Address: 0x1c84e2180
  Set: 138 Way: 0 Address: 0x1c84e22be
  Set: 139 Way: 0 Address: 0x1c84e22c6
  Set: 140 Way: 0 Address: 0x1c84e2300
  Set: 144 Way: 0 Address: 0x1c84e2426
  Set: 145 Way: 0 Address: 0x1c84e2440
  Set: 149 Way: 0 Address: 0x1c84e257e
  Set: 150 Way: 0 Address: 0x1c84e2582
  Set: 151 Way: 0 Address: 0x1c84e25c0
  Set: 153 Way: 0 Address: 0x1995f2650
  Set: 155 Way: 0 Address: 0x1c84e26e2
  Set: 156 Way: 0 Address: 0x1c84e2700
  Set: 159 Way: 0 Address: 0x9cff27f8
  Set: 160 Way: 0 Address: 0x1c84e283e
  Set: 161 Way: 0 Address: 0x1c84e2848
  Set: 162 Way: 0 Address: 0x1c84e2880
  Set: 166 Way: 0 Address: 0x1c84e29a2
  Set: 167 Way: 0 Address: 0x133c929c8
  Set: 167 Way: 1 Address: 0x1c84e29c0
  Set: 168 Way: 0 Address: 0x1064c2a00
  Set: 168 Way: 1 Address: 0x133c92a00
  Set: 169 Way: 0 Address: 0x133c92a40
  Set: 170 Way: 0 Address: 0x133c92a80
  Set: 171 Way: 0 Address: 0x133c92ac0
  Set: 171 Way: 1 Address: 0x1c84e2afe
  Set: 172 Way: 0 Address: 0x1c84e2b02
  Set: 172 Way: 1 Address: 0x133c92b00
  Set: 173 Way: 0 Address: 0x133c92b40
  Set: 173 Way: 1 Address: 0x1c84e2b40
  Set: 174 Way: 0 Address: 0x133c92b80
  Set: 177 Way: 0 Address: 0x1c84e2c62
  Set: 178 Way: 0 Address: 0x1c84e2c86
  Set: 182 Way: 0 Address: 0x1c84e2dbe
  Set: 183 Way: 0 Address: 0x1c84e2dde
  Set: 184 Way: 0 Address: 0x1c84e2e00
  Set: 188 Way: 0 Address: 0x1c84e2f3e
  Set: 189 Way: 0 Address: 0x1c84e2f40
  Set: 189 Way: 1 Address: 0x6d0c2f58
  Set: 190 Way: 0 Address: 0x6d0c2fa4
  Set: 191 Way: 0 Address: 0x6d0c2ffc
  Set: 197 Way: 0 Address: 0x25771314c
  Set: 198 Way: 0 Address: 0x257713180
  Set: 199 Way: 0 Address: 0x2577131c0
  Set: 200 Way: 0 Address: 0x257713200
  Set: 201 Way: 0 Address: 0x257713240
  Set: 202 Way: 0 Address: 0x257713280
  Set: 203 Way: 0 Address: 0x2577132c0
  Set: 204 Way: 0 Address: 0x263c13300
  Set: 204 Way: 1 Address: 0x3c56b3310
  Set: 204 Way: 2 Address: 0x257713300
  Set: 218 Way: 0 Address: 0x3232f36ac
  Set: 219 Way: 0 Address: 0x3232f36c0
  Set: 220 Way: 0 Address: 0x3232f3700
  Set: 221 Way: 0 Address: 0x3232f3740
  Set: 222 Way: 0 Address: 0x3232f3780
  Set: 223 Way: 0 Address: 0x3232f37c0
  Set: 224 Way: 0 Address: 0x3232f3800
  Set: 225 Way: 0 Address: 0x3232f3840
  Set: 226 Way: 0 Address: 0x2b2e938b8
  Set: 227 Way: 0 Address: 0x2b2e938c0
  Set: 228 Way: 0 Address: 0x2b2e93900
  Set: 229 Way: 0 Address: 0x2b2e93940
  Set: 230 Way: 0 Address: 0x2b2e93980
  Set: 231 Way: 0 Address: 0x2b2e939c0
  Set: 232 Way: 0 Address: 0x3b0803a10
  Set: 232 Way: 1 Address: 0x2b2e93a00
  Set: 233 Way: 0 Address: 0x34a873a70
  Set: 233 Way: 1 Address: 0x2b2e93a40
  Set: 234 Way: 0 Address: 0x2b2e93a80
  Set: 256 Way: 0 Address: 0x3de4d4018
  Set: 257 Way: 0 Address: 0x3de4d4078
  Set: 258 Way: 0 Address: 0x3de4d40a8
  Set: 278 Way: 0 Address: 0x3c1074588
  Set: 279 Way: 0 Address: 0x3c10745c0
  Set: 280 Way: 0 Address: 0x3c1074600
  Set: 281 Way: 0 Address: 0x3c1074640
  Set: 282 Way: 0 Address: 0x3c1074680
  Set: 283 Way: 0 Address: 0x3c10746c0
  Set: 284 Way: 0 Address: 0x3c1074700
  Set: 285 Way: 0 Address: 0x3c1074740
  Set: 299 Way: 0 Address: 0x1ab44ad8
  Set: 300 Way: 0 Address: 0x1ab44b00
  Set: 301 Way: 0 Address: 0x1ab44b40
  Set: 302 Way: 0 Address: 0x1ab44b80
  Set: 303 Way: 0 Address: 0x1ab44bc0
  Set: 304 Way: 0 Address: 0x1ab44c00
  Set: 305 Way: 0 Address: 0x1ab44c40
  Set: 306 Way: 0 Address: 0x1ab44c80
  Set: 319 Way: 0 Address: 0x397bb4fe8
  Set: 320 Way: 0 Address: 0x195f15010
  Set: 320 Way: 1 Address: 0x1b0f15028
  Set: 320 Way: 2 Address: 0x272585000
  Set: 321 Way: 0 Address: 0x195f15070
  Set: 321 Way: 1 Address: 0x1b0f15040
  Set: 321 Way: 2 Address: 0x272585040
  Set: 322 Way: 0 Address: 0x195f150a8
  Set: 322 Way: 1 Address: 0x1b0f15080
  Set: 322 Way: 2 Address: 0x272585080
  Set: 323 Way: 0 Address: 0x1b0f150c0
  Set: 323 Way: 1 Address: 0x2725850c0
  Set: 324 Way: 0 Address: 0x1b0f15100
  Set: 325 Way: 0 Address: 0x1b0f15140
  Set: 326 Way: 0 Address: 0x1b0f15180
  Set: 327 Way: 0 Address: 0x1b0f151c0
  Set: 346 Way: 0 Address: 0x354d35698
  Set: 347 Way: 0 Address: 0x354d356c0
  Set: 348 Way: 0 Address: 0x354d35700
  Set: 349 Way: 0 Address: 0x354d35740
  Set: 350 Way: 0 Address: 0x354d35780
  Set: 351 Way: 0 Address: 0x354d357c0
  Set: 352 Way: 0 Address: 0x354d35800
  Set: 353 Way: 0 Address: 0x354d35840
  Set: 384 Way: 0 Address: 0x43736018
  Set: 393 Way: 0 Address: 0x27d4c625c
  Set: 394 Way: 0 Address: 0x27d4c6280
  Set: 395 Way: 0 Address: 0x27d4c62c0
  Set: 396 Way: 0 Address: 0x27d4c6300
  Set: 397 Way: 0 Address: 0x27d4c6340
  Set: 398 Way: 0 Address: 0x27d4c6380
  Set: 399 Way: 0 Address: 0x27d4c63c0
  Set: 400 Way: 0 Address: 0x27d4c6400
  Set: 401 Way: 0 Address: 0x3d87a647c
  Set: 402 Way: 0 Address: 0x3d87a6480
  Set: 403 Way: 0 Address: 0x3d87a64c0
  Set: 404 Way: 0 Address: 0x3d87a6500
  Set: 405 Way: 0 Address: 0x3d87a6540
  Set: 406 Way: 0 Address: 0x3d87a6580
  Set: 407 Way: 0 Address: 0x3d87a65c0
  Set: 408 Way: 0 Address: 0x3d87a6600
  Set: 409 Way: 0 Address: 0x3d87a6640
  Set: 424 Way: 0 Address: 0x3dae66a30
  Set: 425 Way: 0 Address: 0x84896a50
  Set: 425 Way: 1 Address: 0x211d16a58
  Set: 426 Way: 0 Address: 0x211d16a80
  Set: 489 Way: 0 Address: 0x276ff7a40
  Set: 492 Way: 0 Address: 0x309887b08
  Set: 508 Way: 0 Address: 0xbeea7f18
  Set: 509 Way: 0 Address: 0xbeea7f40
  Set: 510 Way: 0 Address: 0xbeea7f80
  Set: 511 Way: 0 Address: 0xbeea7fc0
  Set: 516 Way: 0 Address: 0x2c9898138
  Set: 517 Way: 0 Address: 0x2c9898140
  Set: 518 Way: 0 Address: 0x1aafb81b0
  Set: 518 Way: 1 Address: 0xc70781a8
  Set: 518 Way: 2 Address: 0x2c9898180
  Set: 519 Way: 0 Address: 0x2c98981c0
  Set: 520 Way: 0 Address: 0x2c9898200
  Set: 521 Way: 0 Address: 0x2c9898240
  Set: 522 Way: 0 Address: 0x2c9898280
  Set: 523 Way: 0 Address: 0x2c98982c0
  Set: 524 Way: 0 Address: 0x2c9898300
  Set: 558 Way: 0 Address: 0x201598bb0
  Set: 568 Way: 0 Address: 0x3bdd78e08
  Set: 569 Way: 0 Address: 0x3bdd78e40
  Set: 570 Way: 0 Address: 0x3bdd78e80
  Set: 571 Way: 0 Address: 0x3bdd78ec0
  Set: 572 Way: 0 Address: 0x3bdd78f00
  Set: 573 Way: 0 Address: 0x3bdd78f40
  Set: 574 Way: 0 Address: 0x3bdd78f80
  Set: 575 Way: 0 Address: 0x3bdd78fc0
  Set: 576 Way: 0 Address: 0x292959000
  Set: 577 Way: 0 Address: 0x292959040
  Set: 578 Way: 0 Address: 0x292959080
  Set: 579 Way: 0 Address: 0x2929590ca
  Set: 580 Way: 0 Address: 0x292959100
  Set: 580 Way: 1 Address: 0x2c8749102
  Set: 581 Way: 0 Address: 0x292959140
  Set: 582 Way: 0 Address: 0x292959180
  Set: 583 Way: 0 Address: 0x2929591c0
  Set: 585 Way: 0 Address: 0x2c8749260
  Set: 586 Way: 0 Address: 0x2c8749280
  Set: 589 Way: 0 Address: 0x31209936c
  Set: 590 Way: 0 Address: 0x312099380
  Set: 591 Way: 0 Address: 0x3120993c0
  Set: 592 Way: 0 Address: 0x312099400
  Set: 593 Way: 0 Address: 0x312099440
  Set: 594 Way: 0 Address: 0x312099480
  Set: 595 Way: 0 Address: 0x3120994c0
  Set: 596 Way: 0 Address: 0x312099500
  Set: 629 Way: 0 Address: 0x2ee369d60
  Set: 630 Way: 0 Address: 0x2ee369d80
  Set: 631 Way: 0 Address: 0x2ee369dc0
  Set: 640 Way: 0 Address: 0x229b9a000
  Set: 641 Way: 0 Address: 0x1d89da070
  Set: 685 Way: 0 Address: 0x223edab70
  Set: 686 Way: 0 Address: 0x223edab80
  Set: 723 Way: 0 Address: 0xcf83b4fe
  Set: 724 Way: 0 Address: 0xcf83b502
  Set: 725 Way: 0 Address: 0xcf83b540
  Set: 729 Way: 0 Address: 0xcf83b664
  Set: 730 Way: 0 Address: 0xcf83b680
  Set: 734 Way: 0 Address: 0x394edb7a8
  Set: 734 Way: 1 Address: 0xc0d9b7bc
  Set: 734 Way: 2 Address: 0xcf83b7be
  Set: 735 Way: 0 Address: 0xc0d9b7c0
  Set: 735 Way: 1 Address: 0x394edb7c0
  Set: 735 Way: 2 Address: 0xcf83b7c2
  Set: 736 Way: 0 Address: 0xc0d9b800
  Set: 736 Way: 1 Address: 0x394edb800
  Set: 736 Way: 2 Address: 0xcf83b800
  Set: 737 Way: 0 Address: 0xc0d9b840
  Set: 737 Way: 1 Address: 0x394edb840
  Set: 738 Way: 0 Address: 0xc0d9b880
  Set: 738 Way: 1 Address: 0x394edb880
  Set: 739 Way: 0 Address: 0xc0d9b8c0
  Set: 739 Way: 1 Address: 0x394edb8c0
  Set: 740 Way: 0 Address: 0xcf83b924
  Set: 740 Way: 1 Address: 0xc0d9b900
  Set: 740 Way: 2 Address: 0x394edb900
  Set: 741 Way: 0 Address: 0xcf83b940
  Set: 741 Way: 1 Address: 0xc0d9b940
  Set: 741 Way: 2 Address: 0x394edb940
  Set: 742 Way: 0 Address: 0xc0d9b980
  Set: 745 Way: 0 Address: 0xcf83ba7e
  Set: 746 Way: 0 Address: 0xcf83ba84
  Set: 747 Way: 0 Address: 0xcf83bac0
  Set: 749 Way: 0 Address: 0x3b377bb68
  Set: 751 Way: 0 Address: 0xcf83bbe2
  Set: 752 Way: 0 Address: 0xcf83bc00
  Set: 756 Way: 0 Address: 0xcf83bd3e
  Set: 757 Way: 0 Address: 0xcf83bd46
  Set: 758 Way: 0 Address: 0xcf83bd80
  Set: 762 Way: 0 Address: 0xcf83bea8
  Set: 763 Way: 0 Address: 0xcf83bec0
  Set: 767 Way: 0 Address: 0xcf83bffe
  Set: 768 Way: 0 Address: 0xdf85c000
  Set: 768 Way: 1 Address: 0xcf83c000
  Set: 769 Way: 0 Address: 0xcf83c040
  Set: 780 Way: 0 Address: 0x12c6fc318
  Set: 800 Way: 0 Address: 0x29484c834
  Set: 801 Way: 0 Address: 0x29484c874
  Set: 802 Way: 0 Address: 0x29484c880
  Set: 803 Way: 0 Address: 0x29484c8dc
  Set: 804 Way: 0 Address: 0x29484c934
  Set: 805 Way: 0 Address: 0x29484c964
  Set: 806 Way: 0 Address: 0x29484c9b4
  Set: 807 Way: 0 Address: 0x29484c9f0
  Set: 808 Way: 0 Address: 0x29484ca2c
  Set: 808 Way: 1 Address: 0x38e35ca38
  Set: 809 Way: 0 Address: 0x29484ca48
  Set: 809 Way: 1 Address: 0x38e35ca40
  Set: 810 Way: 0 Address: 0x29484ca90
  Set: 811 Way: 0 Address: 0x29484cad4
  Set: 812 Way: 0 Address: 0x29484cb0c
  Set: 813 Way: 0 Address: 0x29484cb48
  Set: 814 Way: 0 Address: 0x29484cba0
  Set: 815 Way: 0 Address: 0x29484cbc8
  Set: 867 Way: 0 Address: 0x23755d8c8
  Set: 873 Way: 0 Address: 0x1adda48
  Set: 879 Way: 0 Address: 0x5588dbe8
  Set: 880 Way: 0 Address: 0x5588dc00
  Set: 881 Way: 0 Address: 0x5588dc40
  Set: 882 Way: 0 Address: 0x5588dc80
  Set: 883 Way: 0 Address: 0x5588dcc0
  Set: 884 Way: 0 Address: 0x5588dd00
  Set: 885 Way: 0 Address: 0x5588dd40
  Set: 886 Way: 0 Address: 0x5588dd80
  Set: 896 Way: 0 Address: 0x28b67e000
  Set: 897 Way: 0 Address: 0x3734ee078
  Set: 898 Way: 0 Address: 0x2f5d8e09e
  Set: 903 Way: 0 Address: 0x2f5d8e1fe
  Set: 904 Way: 0 Address: 0x2f5d8e200
  Set: 908 Way: 0 Address: 0x20597e320
  Set: 909 Way: 0 Address: 0x2f5d8e360
  Set: 910 Way: 0 Address: 0x1f919e390
  Set: 911 Way: 0 Address: 0x1f919e3c0
  Set: 912 Way: 0 Address: 0x1f919e42a
  Set: 913 Way: 0 Address: 0x1f919e446
  Set: 914 Way: 0 Address: 0x1f919e492
  Set: 914 Way: 1 Address: 0x2f5d8e4be
  Set: 915 Way: 0 Address: 0x1f919e4c1
  Set: 915 Way: 1 Address: 0x2f5d8e4c0
  Set: 916 Way: 0 Address: 0x1f919e501
  Set: 917 Way: 0 Address: 0x1f919e543
  Set: 919 Way: 0 Address: 0x1f919e5c8
  Set: 920 Way: 0 Address: 0x1f919e600
  Set: 920 Way: 1 Address: 0x2f5d8e61e
  Set: 921 Way: 0 Address: 0x1f919e645
  Set: 925 Way: 0 Address: 0x2f5d8e77e
  Set: 926 Way: 0 Address: 0x2f5d8e780
  Set: 927 Way: 0 Address: 0x28b67e7f8
  Set: 931 Way: 0 Address: 0x2f5d8e8e0
  Set: 936 Way: 0 Address: 0x2f5d8ea22
  Set: 937 Way: 0 Address: 0x2f5d8ea40
  Set: 941 Way: 0 Address: 0x2db79eb70
  Set: 942 Way: 0 Address: 0x2f5d8eb84
  Set: 947 Way: 0 Address: 0x1c084ecf8
  Set: 947 Way: 1 Address: 0x2f5d8ece4
  Set: 948 Way: 0 Address: 0x1c084ed00
  Set: 948 Way: 1 Address: 0x2f5d8ed00
  Set: 949 Way: 0 Address: 0x1c084ed40
  Set: 950 Way: 0 Address: 0x1c084ed80
  Set: 951 Way: 0 Address: 0x1c084edc0
  Set: 952 Way: 0 Address: 0x1c084ee00
  Set: 953 Way: 0 Address: 0x2f5d8ee42
  Set: 953 Way: 1 Address: 0x1c084ee40
  Set: 954 Way: 0 Address: 0x1c084ee80
  Set: 955 Way: 0 Address: 0x1c084eec0
  Set: 958 Way: 0 Address: 0x2f5d8efa4
  Set: 959 Way: 0 Address: 0x2f5d8efc0
  Set: 999 Way: 0 Address: 0x16390f9f8
  Set: 1000 Way: 0 Address: 0x16390fa20
  Set: 1000 Way: 1 Address: 0xee86fa20
  Set: 1000 Way: 2 Address: 0x143efa28
  Set: 1000 Way: 3 Address: 0x23756fa18
  Set: 1001 Way: 0 Address: 0x22272fa78
  Set: 1001 Way: 1 Address: 0x23756fa70
EndCache
Cache: cpu0_L1I
  Set: 14 Way: 0 Address: 0x1f919e390
  Set: 15 Way: 0 Address: 0x1f919e3f5
  Set: 16 Way: 0 Address: 0x1f919e42a
  Set: 17 Way: 0 Address: 0x1f919e472
  Set: 18 Way: 0 Address: 0x1f919e4bb
  Set: 19 Way: 0 Address: 0x1f919e4e3
  Set: 20 Way: 0 Address: 0x1f919e521
  Set: 21 Way: 0 Address: 0x1f919e56a
  Set: 23 Way: 0 Address: 0x1f919e5f8
  Set: 24 Way: 0 Address: 0x1f919e600
  Set: 25 Way: 0 Address: 0x1f919e645
  Set: 34 Way: 0 Address: 0x2a48418ae
EndCache
Cache: cpu0_L1D
  Set: 0 Way: 0 Address: 0xdf85c000
  Set: 0 Way: 1 Address: 0x28b67e000
  Set: 0 Way: 2 Address: 0x229b9a000
  Set: 0 Way: 3 Address: 0x195f15010
  Set: 0 Way: 4 Address: 0x3de4d4018
  Set: 0 Way: 5 Address: 0x43736018
  Set: 0 Way: 6 Address: 0x1b0f15028
  Set: 0 Way: 7 Address: 0x29295901a
  Set: 0 Way: 8 Address: 0x1c84e201e
  Set: 0 Way: 9 Address: 0x272585004
  Set: 1 Way: 0 Address: 0x195f15070
  Set: 1 Way: 1 Address: 0x1d89da070
  Set: 1 Way: 2 Address: 0x3de4d4078
  Set: 1 Way: 3 Address: 0x3734ee078
  Set: 1 Way: 4 Address: 0x29295905e
  Set: 1 Way: 5 Address: 0x1b0f15040
  Set: 1 Way: 6 Address: 0x272585040
  Set: 1 Way: 7 Address: 0x1c84e2040
  Set: 2 Way: 0 Address: 0x195f150a8
  Set: 2 Way: 1 Address: 0x3de4d40a8
  Set: 2 Way: 2 Address: 0x2f5d8e0b8
  Set: 2 Way: 3 Address: 0x292959096
  Set: 2 Way: 4 Address: 0x1b0f15080
  Set: 2 Way: 5 Address: 0x272585080
  Set: 3 Way: 0 Address: 0x2929590de
  Set: 3 Way: 1 Address: 0x1b0f150c0
  Set: 3 Way: 2 Address: 0x2725850c0
  Set: 4 Way: 0 Address: 0x29295911e
  Set: 4 Way: 1 Address: 0x2c9898138
  Set: 4 Way: 2 Address: 0x2c874911c
  Set: 4 Way: 3 Address: 0x1b0f15100
  Set: 5 Way: 0 Address: 0x292959140
  Set: 5 Way: 1 Address: 0x25771314c
  Set: 5 Way: 2 Address: 0x2c9898140
  Set: 5 Way: 3 Address: 0x1c84e2166
  Set: 5 Way: 4 Address: 0x1b0f15140
  Set: 6 Way: 0 Address: 0x1aafb81b0
  Set: 6 Way: 1 Address: 0xc70781a8
  Set: 6 Way: 2 Address: 0x292959192
  Set: 6 Way: 3 Address: 0x1c84e2180
  Set: 6 Way: 4 Address: 0x257713180
  Set: 6 Way: 5 Address: 0x2c9898180
  Set: 6 Way: 6 Address: 0x1b0f15180
  Set: 7 Way: 0 Address: 0x2f5d8e1fe
  Set: 7 Way: 1 Address: 0x2929591d6
  Set: 7 Way: 2 Address: 0x2577131c0
  Set: 7 Way: 3 Address: 0x2c98981c0
  Set: 7 Way: 4 Address: 0x1b0f151c0
  Set: 8 Way: 0 Address: 0x113201208
  Set: 8 Way: 1 Address: 0x2f5d8e216
  Set: 8 Way: 2 Address: 0x257713200
  Set: 8 Way: 3 Address: 0x2c9898200
  Set: 9 Way: 0 Address: 0x27d4c625c
  Set: 9 Way: 1 Address: 0x257713240
  Set: 9 Way: 2 Address: 0x2c9898240
  Set: 9 Way: 3 Address: 0x2c874927c
  Set: 10 Way: 0 Address: 0x27d4c6280
  Set: 10 Way: 1 Address: 0x257713280
  Set: 10 Way: 2 Address: 0x2c8749280
  Set: 10 Way: 3 Address: 0x2c9898280
  Set: 10 Way: 4 Address: 0x1c84e22be
  Set: 11 Way: 0 Address: 0x1c84e22dc
  Set: 11 Way: 1 Address: 0x27d4c62c0
  Set: 11 Way: 2 Address: 0x2577132c0
  Set: 11 Way: 3 Address: 0x2c98982c0
  Set: 12 Way: 0 Address: 0x113201300
  Set: 12 Way: 1 Address: 0x263c13300
  Set: 12 Way: 2 Address: 0x3c56b3310
  Set: 12 Way: 3 Address: 0x12c6fc318
  Set: 12 Way: 4 Address: 0x181c81308
  Set: 12 Way: 5 Address: 0x20597e320
  Set: 12 Way: 6 Address: 0x27d4c6300
  Set: 12 Way: 7 Address: 0x257713300
  Set: 12 Way: 8 Address: 0x1c84e2300
  Set: 12 Way: 9 Address: 0x2c9898300
  Set: 13 Way: 0 Address: 0x2f5d8e360
  Set: 13 Way: 1 Address: 0x31209936c
  Set: 13 Way: 2 Address: 0x27d4c6340
  Set: 14 Way: 0 Address: 0x312099380
  Set: 14 Way: 1 Address: 0x27d4c6380
  Set: 15 Way: 0 Address: 0x3120993c0
  Set: 15 Way: 1 Address: 0x27d4c63c0
  Set: 16 Way: 0 Address: 0x1c84e242c
  Set: 16 Way: 1 Address: 0x312099400
  Set: 16 Way: 2 Address: 0x27d4c6400
  Set: 17 Way: 0 Address: 0x3d87a647c
  Set: 17 Way: 1 Address: 0x1c84e2440
  Set: 17 Way: 2 Address: 0x312099440
  Set: 18 Way: 0 Address: 0x2f5d8e4be
  Set: 18 Way: 1 Address: 0x3d87a6480
  Set: 18 Way: 2 Address: 0x312099480
  Set: 19 Way: 0 Address: 0x2f5d8e4d0
  Set: 19 Way: 1 Address: 0x3d87a64c0
  Set: 19 Way: 2 Address: 0x3120994c0
  Set: 19 Way: 3 Address: 0xcf83b4fe
  Set: 20 Way: 0 Address: 0x3d87a6500
  Set: 20 Way: 1 Address: 0xcf83b510
  Set: 20 Way: 2 Address: 0x312099500
  Set: 21 Way: 0 Address: 0x3d87a6540
  Set: 21 Way: 1 Address: 0x1c84e257e
  Set: 21 Way: 2 Address: 0xcf83b540
  Set: 22 Way: 0 Address: 0x3c1074588
  Set: 22 Way: 1 Address: 0x1c84e259c
  Set: 22 Way: 2 Address: 0x3d87a6580
  Set: 23 Way: 0 Address: 0x3c10745c0
  Set: 23 Way: 1 Address: 0x3d87a65c0
  Set: 23 Way: 2 Address: 0x1c84e25c0
  Set: 24 Way: 0 Address: 0x2f5d8e638
  Set: 24 Way: 1 Address: 0x3c1074600
  Set: 24 Way: 2 Address: 0x3d87a6600
  Set: 25 Way: 0 Address: 0x1995f2650
  Set: 25 Way: 1 Address: 0xcf83b67c
  Set: 25 Way: 2 Address: 0x3c1074640
  Set: 25 Way: 3 Address: 0x3d87a6640
  Set: 26 Way: 0 Address: 0x354d35698
  Set: 26 Way: 1 Address: 0x3232f36ac
  Set: 26 Way: 2 Address: 0xcf83b680
  Set: 26 Way: 3 Address: 0x3c1074680
  Set: 27 Way: 0 Address: 0x1c84e26fe
  Set: 27 Way: 1 Address: 0x3232f36c0
  Set: 27 Way: 2 Address: 0x354d356c0
  Set: 27 Way: 3 Address: 0x3c10746c0
  Set: 28 Way: 0 Address: 0x1c84e2700
  Set: 28 Way: 1 Address: 0x3232f3700
  Set: 28 Way: 2 Address: 0x354d35700
  Set: 28 Way: 3 Address: 0x3c1074700
  Set: 29 Way: 0 Address: 0x2f5d8e77e
  Set: 29 Way: 1 Address: 0x3232f3740
  Set: 29 Way: 2 Address: 0x354d35740
  Set: 29 Way: 3 Address: 0x3c1074740
  Set: 30 Way: 0 Address: 0x394edb7a8
  Set: 30 Way: 1 Address: 0x2f5d8e796
  Set: 30 Way: 2 Address: 0xc0d9b7bc
  Set: 30 Way: 3 Address: 0x3232f3780
  Set: 30 Way: 4 Address: 0x354d35780
  Set: 30 Way: 5 Address: 0xcf83b7be
  Set: 31 Way: 0 Address: 0x28b67e7f8
  Set: 31 Way: 1 Address: 0x9cff27f8
  Set: 31 Way: 2 Address: 0xc0d9b7c0
  Set: 31 Way: 3 Address: 0x394edb7c0
  Set: 31 Way: 4 Address: 0xcf83b7dc
  Set: 31 Way: 5 Address: 0x3232f37c0
  Set: 31 Way: 6 Address: 0x354d357c0
  Set: 32 Way: 0 Address: 0x29484c834
  Set: 32 Way: 1 Address: 0xc0d9b800
  Set: 32 Way: 2 Address: 0x394edb800
  Set: 32 Way: 3 Address: 0x3232f3800
  Set: 32 Way: 4 Address: 0x354d35800
  Set: 32 Way: 5 Address: 0x1c84e283e
  Set: 32 Way: 6 Address: 0xcf83b800
  Set: 33 Way: 0 Address: 0x1c84e285c
  Set: 33 Way: 1 Address: 0x29484c874
  Set: 33 Way: 2 Address: 0xc0d9b840
  Set: 33 Way: 3 Address: 0x394edb840
  Set: 33 Way: 4 Address: 0x3232f3840
  Set: 33 Way: 5 Address: 0x354d35840
  Set: 34 Way: 0 Address: 0x2b2e938b8
  Set: 34 Way: 1 Address: 0x29484c880
  Set: 34 Way: 2 Address: 0xc0d9b880
  Set: 34 Way: 3 Address: 0x394edb880
  Set: 34 Way: 4 Address: 0x1c84e2880
  Set: 35 Way: 0 Address: 0x23755d8c8
  Set: 35 Way: 1 Address: 0x2f5d8e8f8
  Set: 35 Way: 2 Address: 0x29484c8dc
  Set: 35 Way: 3 Address: 0x2b2e938c0
  Set: 35 Way: 4 Address: 0xc0d9b8c0
  Set: 35 Way: 5 Address: 0x394edb8c0
  Set: 36 Way: 0 Address: 0x29484c934
  Set: 36 Way: 1 Address: 0xcf83b93e
  Set: 36 Way: 2 Address: 0x2b2e93900
  Set: 36 Way: 3 Address: 0xc0d9b900
  Set: 36 Way: 4 Address: 0x394edb900
  Set: 37 Way: 0 Address: 0x29484c964
  Set: 37 Way: 1 Address: 0xcf83b940
  Set: 37 Way: 2 Address: 0x2b2e93940
  Set: 37 Way: 3 Address: 0xc0d9b940
  Set: 37 Way: 4 Address: 0x394edb940
  Set: 38 Way: 0 Address: 0xf6e81980
  Set: 38 Way: 1 Address: 0x1c84e29b6
  Set: 38 Way: 2 Address: 0x29484c9b4
  Set: 38 Way: 3 Address: 0x2b2e93980
  Set: 38 Way: 4 Address: 0xc0d9b980
  Set: 39 Way: 0 Address: 0x16390f9f8
  Set: 39 Way: 1 Address: 0x29484c9f0
  Set: 39 Way: 2 Address: 0x133c929c8
  Set: 39 Way: 3 Address: 0x1c84e29c0
  Set: 39 Way: 4 Address: 0x2b2e939c0
  Set: 40 Way: 0 Address: 0x29484ca14
  Set: 40 Way: 1 Address: 0x133c92a00
  Set: 40 Way: 2 Address: 0x2b2e93a00
  Set: 40 Way: 3 Address: 0x3dae66a30
  Set: 40 Way: 4 Address: 0x143efa28
  Set: 40 Way: 5 Address: 0x38e35ca38
  Set: 40 Way: 6 Address: 0x2177f0a18
  Set: 40 Way: 7 Address: 0x342b40a08
  Set: 40 Way: 8 Address: 0x1064c2a00
  Set: 40 Way: 9 Address: 0x23756fa18
  Set: 40 Way: 10 Address: 0x3b0803a10
  Set: 40 Way: 11 Address: 0x2f5d8ea3c
  Set: 41 Way: 0 Address: 0x29484ca48
  Set: 41 Way: 1 Address: 0x34a873a70
  Set: 41 Way: 2 Address: 0x2b2e93a40
  Set: 41 Way: 3 Address: 0xcf83ba7e
  Set: 41 Way: 4 Address: 0x276ff7a40
  Set: 41 Way: 5 Address: 0x211d16a58
  Set: 41 Way: 6 Address: 0x14bb10a68
  Set: 41 Way: 7 Address: 0x6e620a60
  Set: 41 Way: 8 Address: 0x22272fa78
  Set: 41 Way: 9 Address: 0x2f5d8ea40
  Set: 41 Way: 10 Address: 0x133c92a40
  Set: 41 Way: 11 Address: 0x23756fa70
  Set: 42 Way: 0 Address: 0x29484ca90
  Set: 42 Way: 1 Address: 0x211d16a80
  Set: 42 Way: 2 Address: 0x2177f0a80
  Set: 42 Way: 3 Address: 0xcf83ba9c
  Set: 42 Way: 4 Address: 0x133c92a80
  Set: 42 Way: 5 Address: 0x2b2e93a80
  Set: 43 Way: 0 Address: 0x1ab44ad8
  Set: 43 Way: 1 Address: 0x29484cad4
  Set: 43 Way: 2 Address: 0x133c92ac0
  Set: 43 Way: 3 Address: 0xcf83bac0
  Set: 43 Way: 4 Address: 0x1c84e2afe
  Set: 44 Way: 0 Address: 0x309887b08
  Set: 44 Way: 1 Address: 0x29484cb0c
  Set: 44 Way: 2 Address: 0x1c84e2b14
  Set: 44 Way: 3 Address: 0x1ab44b00
  Set: 44 Way: 4 Address: 0x133c92b00
  Set: 45 Way: 0 Address: 0x29484cb48
  Set: 45 Way: 1 Address: 0x223edab68
  Set: 45 Way: 2 Address: 0x3b377bb68
  Set: 45 Way: 3 Address: 0x2db79eb70
  Set: 45 Way: 4 Address: 0x1ab44b40
  Set: 45 Way: 5 Address: 0x133c92b40
  Set: 45 Way: 6 Address: 0x1c84e2b40
  Set: 46 Way: 0 Address: 0x223edab80
  Set: 46 Way: 1 Address: 0x201598bb0
  Set: 46 Way: 2 Address: 0x29484cba0
  Set: 46 Way: 3 Address: 0x2f5d8eb8a
  Set: 46 Way: 4 Address: 0x1ab44b80
  Set: 46 Way: 5 Address: 0x133c92b80
  Set: 47 Way: 0 Address: 0x5588dbe8
  Set: 47 Way: 1 Address: 0x29484cbc8
  Set: 47 Way: 2 Address: 0xcf83bbec
  Set: 47 Way: 3 Address: 0x1ab44bc0
  Set: 48 Way: 0 Address: 0x5588dc00
  Set: 48 Way: 1 Address: 0xcf83bc00
  Set: 48 Way: 2 Address: 0x1ab44c00
  Set: 49 Way: 0 Address: 0x1c84e2c7a
  Set: 49 Way: 1 Address: 0x5588dc40
  Set: 49 Way: 2 Address: 0x1ab44c40
  Set: 50 Way: 0 Address: 0x1c84e2c98
  Set: 50 Way: 1 Address: 0x5588dc80
  Set: 50 Way: 2 Address: 0x1ab44c80
  Set: 51 Way: 0 Address: 0x1c084ecf8
  Set: 51 Way: 1 Address: 0x2f5d8ecf8
  Set: 51 Way: 2 Address: 0x5588dcc0
  Set: 52 Way: 0 Address: 0x1c084ed00
  Set: 52 Way: 1 Address: 0x2f5d8ed00
  Set: 52 Way: 2 Address: 0x5588dd00
  Set: 52 Way: 3 Address: 0xcf83bd3e
  Set: 53 Way: 0 Address: 0x2ee369d78
  Set: 53 Way: 1 Address: 0xcf83bd5c
  Set: 53 Way: 2 Address: 0x1c084ed40
  Set: 53 Way: 3 Address: 0x5588dd40
  Set: 54 Way: 0 Address: 0x2ee369d80
  Set: 54 Way: 1 Address: 0x1c084ed80
  Set: 54 Way: 2 Address: 0x5588dd80
  Set: 54 Way: 3 Address: 0xcf83bd80
  Set: 54 Way: 4 Address: 0x1c84e2dbe
  Set: 55 Way: 0 Address: 0x1c84e2dde
  Set: 55 Way: 1 Address: 0x2ee369dd0
  Set: 55 Way: 2 Address: 0x1c084edc0
  Set: 56 Way: 0 Address: 0x3bdd78e08
  Set: 56 Way: 1 Address: 0x1c084ee00
  Set: 57 Way: 0 Address: 0x2f5d8ee5a
  Set: 57 Way: 1 Address: 0x3bdd78e40
  Set: 57 Way: 2 Address: 0x1c084ee40
  Set: 58 Way: 0 Address: 0xcf83beaa
  Set: 58 Way: 1 Address: 0x3bdd78e80
  Set: 58 Way: 2 Address: 0x1c084ee80
  Set: 59 Way: 0 Address: 0xcf83bec0
  Set: 59 Way: 1 Address: 0x3bdd78ec0
  Set: 59 Way: 2 Address: 0x1c084eec0
  Set: 60 Way: 0 Address: 0x1c84e2f3e
  Set: 60 Way: 1 Address: 0xbeea7f18
  Set: 60 Way: 2 Address: 0x3bdd78f00
  Set: 61 Way: 0 Address: 0x1c84e2f56
  Set: 61 Way: 1 Address: 0x6d0c2f58
  Set: 61 Way: 2 Address: 0xbeea7f40
  Set: 61 Way: 3 Address: 0x3bdd78f40
  Set: 62 Way: 0 Address: 0x6d0c2fa4
  Set: 62 Way: 1 Address: 0x2f5d8efbe
  Set: 62 Way: 2 Address: 0xbeea7f80
  Set: 62 Way: 3 Address: 0x3bdd78f80
  Set: 63 Way: 0 Address: 0x397bb4fe8
  Set: 63 Way: 1 Address: 0x6d0c2fc8
  Set: 63 Way: 2 Address: 0x2f5d8efc0
  Set: 63 Way: 3 Address: 0xbeea7fc0
  Set: 63 Way: 4 Address: 0xcf83bffe
  Set: 63 Way: 5 Address: 0x3bdd78fc0
EndCache
Cache: cpu0_ITLB
  Set: 0 Way: 0 Address: 0x4608ae
  Set: 1 Way: 0 Address: 0x44155c
EndCache
Cache: cpu0_DTLB
  Set: 0 Way: 0 Address: 0x1d70a14
  Set: 0 Way: 1 Address: 0x730650
  Set: 0 Way: 2 Address: 0x1f50138
  Set: 0 Way: 3 Address: 0x1f4014c
  Set: 1 Way: 0 Address: 0x7618c8
  Set: 1 Way: 1 Address: 0x1f4125c
  Set: 1 Way: 2 Address: 0x2a6167c
  Set: 2 Way: 0 Address: 0x2a62c94
  Set: 2 Way: 1 Address: 0x1f4236c
  Set: 3 Way: 0 Address: 0x2a63216
  Set: 3 Way: 1 Address: 0x1f4347c
  Set: 4 Way: 0 Address: 0x1f44588
  Set: 4 Way: 1 Address: 0x2a6411c
  Set: 5 Way: 0 Address: 0x7fff6ec35fc8
  Set: 5 Way: 1 Address: 0x1f45698
  Set: 6 Way: 0 Address: 0x7fff6ec3611e
  Set: 6 Way: 1 Address: 0x1f467a8
  Set: 7 Way: 0 Address: 0x1f478b8
  Set: 8 Way: 0 Address: 0x1f489c8
  Set: 9 Way: 0 Address: 0x1f49ad8
  Set: 10 Way: 0 Address: 0x1f4abe8
  Set: 11 Way: 0 Address: 0x1f4bcf8
  Set: 12 Way: 0 Address: 0x1f4ce08
  Set: 13 Way: 0 Address: 0x1f4df18
  Set: 13 Way: 1 Address: 0x1d6d6ac
  Set: 14 Way: 0 Address: 0x1d6e7bc
  Set: 14 Way: 1 Address: 0x1f4e004
  Set: 15 Way: 0 Address: 0x1f3fd80
  Set: 15 Way: 1 Address: 0x1f4f028
EndCache
Cache: LLC
  Set: 40 Way: 0 Address: 0x342b40a08
  Set: 41 Way: 0 Address: 0x6e620a60
  Set: 72 Way: 0 Address: 0x113201208
  Set: 76 Way: 0 Address: 0x113201300
  Set: 76 Way: 1 Address: 0x181c81308
  Set: 98 Way: 0 Address: 0x2a48418a0
  Set: 102 Way: 0 Address: 0xf6e81980
  Set: 128 Way: 0 Address: 0x1c84e2004
  Set: 129 Way: 0 Address: 0x1c84e2040
  Set: 133 Way: 0 Address: 0x1c84e2162
  Set: 134 Way: 0 Address: 0x1c84e2180
  Set: 138 Way: 0 Address: 0x1c84e22be
  Set: 139 Way: 0 Address: 0x1c84e22c6
  Set: 140 Way: 0 Address: 0x1c84e2300
  Set: 144 Way: 0 Address: 0x1c84e2426
  Set: 145 Way: 0 Address: 0x1c84e2440
  Set: 149 Way: 0 Address: 0x1c84e257e
  Set: 150 Way: 0 Address: 0x1c84e2582
  Set: 151 Way: 0 Address: 0x1c84e25c0
  Set: 155 Way: 0 Address: 0x1c84e26e2
  Set: 156 Way: 0 Address: 0x1c84e2700
  Set: 160 Way: 0 Address: 0x1c84e283e
  Set: 161 Way: 0 Address: 0x1c84e2848
  Set: 162 Way: 0 Address: 0x1c84e2880
  Set: 166 Way: 0 Address: 0x1c84e29a2
  Set: 167 Way: 0 Address: 0x1c84e29c0
  Set: 168 Way: 0 Address: 0x1064c2a00
  Set: 171 Way: 0 Address: 0x1c84e2afe
  Set: 172 Way: 0 Address: 0x1c84e2b00
  Set: 173 Way: 0 Address: 0x1c84e2b40
  Set: 177 Way: 0 Address: 0x1c84e2c62
  Set: 178 Way: 0 Address: 0x1c84e2c86
  Set: 182 Way: 0 Address: 0x1c84e2dbe
  Set: 183 Way: 0 Address: 0x1c84e2dde
  Set: 184 Way: 0 Address: 0x1c84e2e00
  Set: 188 Way: 0 Address: 0x1c84e2f3e
  Set: 189 Way: 0 Address: 0x1c84e2f40
  Set: 189 Way: 1 Address: 0x6d0c2f58
  Set: 190 Way: 0 Address: 0x6d0c2fa4
  Set: 191 Way: 0 Address: 0x6d0c2ffc
  Set: 232 Way: 0 Address: 0x3b0803a10
  Set: 299 Way: 0 Address: 0x1ab44ad8
  Set: 300 Way: 0 Address: 0x1ab44b00
  Set: 301 Way: 0 Address: 0x1ab44b40
  Set: 302 Way: 0 Address: 0x1ab44b80
  Set: 303 Way: 0 Address: 0x1ab44bc0
  Set: 304 Way: 0 Address: 0x1ab44c00
  Set: 305 Way: 0 Address: 0x1ab44c40
  Set: 306 Way: 0 Address: 0x1ab44c80
  Set: 320 Way: 0 Address: 0x272585000
  Set: 321 Way: 0 Address: 0x272585040
  Set: 322 Way: 0 Address: 0x272585080
  Set: 323 Way: 0 Address: 0x2725850c0
  Set: 393 Way: 0 Address: 0x27d4c625c
  Set: 394 Way: 0 Address: 0x27d4c6280
  Set: 395 Way: 0 Address: 0x27d4c62c0
  Set: 396 Way: 0 Address: 0x27d4c6300
  Set: 397 Way: 0 Address: 0x27d4c6340
  Set: 398 Way: 0 Address: 0x27d4c6380
  Set: 399 Way: 0 Address: 0x27d4c63c0
  Set: 400 Way: 0 Address: 0x27d4c6400
  Set: 401 Way: 0 Address: 0x3d87a647c
  Set: 402 Way: 0 Address: 0x3d87a6480
  Set: 403 Way: 0 Address: 0x3d87a64c0
  Set: 404 Way: 0 Address: 0x3d87a6500
  Set: 405 Way: 0 Address: 0x3d87a6540
  Set: 406 Way: 0 Address: 0x3d87a6580
  Set: 407 Way: 0 Address: 0x3d87a65c0
  Set: 408 Way: 0 Address: 0x3d87a6600
  Set: 409 Way: 0 Address: 0x3d87a6640
  Set: 424 Way: 0 Address: 0x3dae66a30
  Set: 492 Way: 0 Address: 0x309887b08
  Set: 508 Way: 0 Address: 0xbeea7f18
  Set: 509 Way: 0 Address: 0xbeea7f40
  Set: 510 Way: 0 Address: 0xbeea7f80
  Set: 511 Way: 0 Address: 0xbeea7fc0
  Set: 580 Way: 0 Address: 0x2c8749102
  Set: 585 Way: 0 Address: 0x2c8749240
  Set: 586 Way: 0 Address: 0x2c8749280
  Set: 591 Way: 0 Address: 0x2c87493c0
  Set: 629 Way: 0 Address: 0x2ee369d60
  Set: 630 Way: 0 Address: 0x2ee369d80
  Set: 631 Way: 0 Address: 0x2ee369dc0
  Set: 632 Way: 0 Address: 0x2ee369e00
  Set: 800 Way: 0 Address: 0x29484c834
  Set: 801 Way: 0 Address: 0x29484c874
  Set: 802 Way: 0 Address: 0x29484c880
  Set: 803 Way: 0 Address: 0x29484c8dc
  Set: 804 Way: 0 Address: 0x29484c934
  Set: 805 Way: 0 Address: 0x29484c964
  Set: 806 Way: 0 Address: 0x29484c9b4
  Set: 807 Way: 0 Address: 0x29484c9f0
  Set: 808 Way: 0 Address: 0x29484ca2c
  Set: 809 Way: 0 Address: 0x29484ca48
  Set: 810 Way: 0 Address: 0x29484ca90
  Set: 811 Way: 0 Address: 0x29484cad4
  Set: 812 Way: 0 Address: 0x29484cb0c
  Set: 813 Way: 0 Address: 0x29484cb48
  Set: 814 Way: 0 Address: 0x29484cba0
  Set: 815 Way: 0 Address: 0x29484cbc8
  Set: 879 Way: 0 Address: 0x5588dbe8
  Set: 880 Way: 0 Address: 0x5588dc00
  Set: 881 Way: 0 Address: 0x5588dc40
  Set: 882 Way: 0 Address: 0x5588dc80
  Set: 883 Way: 0 Address: 0x5588dcc0
  Set: 884 Way: 0 Address: 0x5588dd00
  Set: 885 Way: 0 Address: 0x5588dd40
  Set: 886 Way: 0 Address: 0x5588dd80
  Set: 897 Way: 0 Address: 0x3734ee078
  Set: 898 Way: 0 Address: 0x2f5d8e09e
  Set: 903 Way: 0 Address: 0x2f5d8e1fe
  Set: 904 Way: 0 Address: 0x2f5d8e200
  Set: 909 Way: 0 Address: 0x2f5d8e360
  Set: 914 Way: 0 Address: 0x2f5d8e4be
  Set: 915 Way: 0 Address: 0x2f5d8e4c0
  Set: 920 Way: 0 Address: 0x2f5d8e61e
  Set: 925 Way: 0 Address: 0x2f5d8e77e
  Set: 926 Way: 0 Address: 0x2f5d8e780
  Set: 931 Way: 0 Address: 0x2f5d8e8e0
  Set: 936 Way: 0 Address: 0x2f5d8ea22
  Set: 937 Way: 0 Address: 0x2f5d8ea40
  Set: 942 Way: 0 Address: 0x2f5d8eb80
  Set: 947 Way: 0 Address: 0x1c084ecf8
  Set: 947 Way: 1 Address: 0x2f5d8ecc0
  Set: 948 Way: 0 Address: 0x1c084ed00
  Set: 948 Way: 1 Address: 0x2f5d8ed00
  Set: 949 Way: 0 Address: 0x1c084ed40
  Set: 950 Way: 0 Address: 0x1c084ed80
  Set: 951 Way: 0 Address: 0x1c084edc0
  Set: 952 Way: 0 Address: 0x1c084ee00
  Set: 953 Way: 0 Address: 0x2f5d8ee40
  Set: 953 Way: 1 Address: 0x1c084ee40
  Set: 954 Way: 0 Address: 0x1c084ee80
  Set: 955 Way: 0 Address: 0x1c084eec0
  Set: 958 Way: 0 Address: 0x2f5d8ef80
  Set: 959 Way: 0 Address: 0x2f5d8efc0
  Set: 999 Way: 0 Address: 0x16390f9f8
  Set: 1000 Way: 0 Address: 0x16390fa20
  Set: 1000 Way: 1 Address: 0xee86fa20
  Set: 1000 Way: 2 Address: 0x143efa28
  Set: 1000 Way: 3 Address: 0x23756fa18
  Set: 1001 Way: 0 Address: 0x22272fa78
  Set: 1001 Way: 1 Address: 0x23756fa70
  Set: 1064 Way: 0 Address: 0x2177f0a00
  Set: 1065 Way: 0 Address: 0x14bb10a68
  Set: 1066 Way: 0 Address: 0x2177f0a80
  Set: 1177 Way: 0 Address: 0x1995f2650
  Set: 1183 Way: 0 Address: 0x9cff27f8
  Set: 1191 Way: 0 Address: 0x133c929c8
  Set: 1192 Way: 0 Address: 0x133c92a00
  Set: 1193 Way: 0 Address: 0x133c92a40
  Set: 1194 Way: 0 Address: 0x133c92a80
  Set: 1195 Way: 0 Address: 0x133c92ac0
  Set: 1196 Way: 0 Address: 0x133c92b00
  Set: 1197 Way: 0 Address: 0x133c92b40
  Set: 1198 Way: 0 Address: 0x133c92b80
  Set: 1221 Way: 0 Address: 0x25771314c
  Set: 1222 Way: 0 Address: 0x257713180
  Set: 1223 Way: 0 Address: 0x2577131c0
  Set: 1224 Way: 0 Address: 0x257713200
  Set: 1225 Way: 0 Address: 0x257713240
  Set: 1226 Way: 0 Address: 0x257713280
  Set: 1227 Way: 0 Address: 0x2577132c0
  Set: 1228 Way: 0 Address: 0x263c13300
  Set: 1228 Way: 1 Address: 0x3c56b3310
  Set: 1228 Way: 2 Address: 0x257713300
  Set: 1242 Way: 0 Address: 0x3232f36ac
  Set: 1243 Way: 0 Address: 0x3232f36c0
  Set: 1244 Way: 0 Address: 0x3232f3700
  Set: 1245 Way: 0 Address: 0x3232f3740
  Set: 1246 Way: 0 Address: 0x3232f3780
  Set: 1247 Way: 0 Address: 0x3232f37c0
  Set: 1248 Way: 0 Address: 0x3232f3800
  Set: 1249 Way: 0 Address: 0x3232f3840
  Set: 1250 Way: 0 Address: 0x2b2e938b8
  Set: 1250 Way: 1 Address: 0x3232f3880
  Set: 1251 Way: 0 Address: 0x2b2e938c0
  Set: 1252 Way: 0 Address: 0x2b2e93900
  Set: 1253 Way: 0 Address: 0x2b2e93940
  Set: 1254 Way: 0 Address: 0x2b2e93980
  Set: 1255 Way: 0 Address: 0x2b2e939c0
  Set: 1256 Way: 0 Address: 0x2b2e93a00
  Set: 1257 Way: 0 Address: 0x34a873a70
  Set: 1257 Way: 1 Address: 0x2b2e93a40
  Set: 1258 Way: 0 Address: 0x2b2e93a80
  Set: 1280 Way: 0 Address: 0x3de4d4018
  Set: 1281 Way: 0 Address: 0x3de4d4078
  Set: 1282 Way: 0 Address: 0x3de4d40a8
  Set: 1302 Way: 0 Address: 0x3c1074588
  Set: 1303 Way: 0 Address: 0x3c10745c0
  Set: 1304 Way: 0 Address: 0x3c1074600
  Set: 1305 Way: 0 Address: 0x3c1074640
  Set: 1306 Way: 0 Address: 0x3c1074680
  Set: 1307 Way: 0 Address: 0x3c10746c0
  Set: 1308 Way: 0 Address: 0x3c1074700
  Set: 1309 Way: 0 Address: 0x3c1074740
  Set: 1343 Way: 0 Address: 0x397bb4fe8
  Set: 1344 Way: 0 Address: 0x195f15010
  Set: 1344 Way: 1 Address: 0x1b0f15028
  Set: 1345 Way: 0 Address: 0x195f15070
  Set: 1345 Way: 1 Address: 0x1b0f15040
  Set: 1346 Way: 0 Address: 0x195f150a8
  Set: 1346 Way: 1 Address: 0x1b0f15080
  Set: 1347 Way: 0 Address: 0x1b0f150c0
  Set: 1348 Way: 0 Address: 0x1b0f15100
  Set: 1349 Way: 0 Address: 0x1b0f15140
  Set: 1350 Way: 0 Address: 0x1b0f15180
  Set: 1351 Way: 0 Address: 0x1b0f151c0
  Set: 1370 Way: 0 Address: 0x354d35698
  Set: 1371 Way: 0 Address: 0x354d356c0
  Set: 1372 Way: 0 Address: 0x354d35700
  Set: 1373 Way: 0 Address: 0x354d35740
  Set: 1374 Way: 0 Address: 0x354d35780
  Set: 1375 Way: 0 Address: 0x354d357c0
  Set: 1376 Way: 0 Address: 0x354d35800
  Set: 1377 Way: 0 Address: 0x354d35840
  Set: 1408 Way: 0 Address: 0x43736018
  Set: 1449 Way: 0 Address: 0x84896a50
  Set: 1449 Way: 1 Address: 0x211d16a58
  Set: 1450 Way: 0 Address: 0x211d16a80
  Set: 1513 Way: 0 Address: 0x276ff7a40
  Set: 1540 Way: 0 Address: 0x2c9898138
  Set: 1541 Way: 0 Address: 0x2c9898140
  Set: 1542 Way: 0 Address: 0x1aafb81b0
  Set: 1542 Way: 1 Address: 0xc70781a8
  Set: 1542 Way: 2 Address: 0x2c9898180
  Set: 1543 Way: 0 Address: 0x2c98981c0
  Set: 1544 Way: 0 Address: 0x2c9898200
  Set: 1545 Way: 0 Address: 0x2c9898240
  Set: 1546 Way: 0 Address: 0x2c9898280
  Set: 1547 Way: 0 Address: 0x2c98982c0
  Set: 1548 Way: 0 Address: 0x2c9898300
  Set: 1582 Way: 0 Address: 0x201598bb0
  Set: 1592 Way: 0 Address: 0x3bdd78e08
  Set: 1593 Way: 0 Address: 0x3bdd78e40
  Set: 1594 Way: 0 Address: 0x3bdd78e80
  Set: 1595 Way: 0 Address: 0x3bdd78ec0
  Set: 1596 Way: 0 Address: 0x3bdd78f00
  Set: 1597 Way: 0 Address: 0x3bdd78f40
  Set: 1598 Way: 0 Address: 0x3bdd78f80
  Set: 1599 Way: 0 Address: 0x3bdd78fc0
  Set: 1600 Way: 0 Address: 0x292959000
  Set: 1601 Way: 0 Address: 0x292959040
  Set: 1602 Way: 0 Address: 0x292959080
  Set: 1603 Way: 0 Address: 0x2929590ca
  Set: 1604 Way: 0 Address: 0x292959100
  Set: 1605 Way: 0 Address: 0x292959140
  Set: 1606 Way: 0 Address: 0x292959180
  Set: 1607 Way: 0 Address: 0x2929591c0
  Set: 1613 Way: 0 Address: 0x31209936c
  Set: 1614 Way: 0 Address: 0x312099380
  Set: 1615 Way: 0 Address: 0x3120993c0
  Set: 1616 Way: 0 Address: 0x312099400
  Set: 1617 Way: 0 Address: 0x312099440
  Set: 1618 Way: 0 Address: 0x312099480
  Set: 1619 Way: 0 Address: 0x3120994c0
  Set: 1620 Way: 0 Address: 0x312099500
  Set: 1664 Way: 0 Address: 0x229b9a000
  Set: 1665 Way: 0 Address: 0x1d89da070
  Set: 1709 Way: 0 Address: 0x223edab70
  Set: 1710 Way: 0 Address: 0x223edab80
  Set: 1747 Way: 0 Address: 0xcf83b4fe
  Set: 1748 Way: 0 Address: 0xcf83b502
  Set: 1749 Way: 0 Address: 0xcf83b540
  Set: 1753 Way: 0 Address: 0xcf83b664
  Set: 1754 Way: 0 Address: 0xcf83b680
  Set: 1755 Way: 0 Address: 0xcf83b6c0
  Set: 1758 Way: 0 Address: 0x394edb7a8
  Set: 1758 Way: 1 Address: 0xc0d9b7bc
  Set: 1758 Way: 2 Address: 0xcf83b7be
  Set: 1759 Way: 0 Address: 0xc0d9b7c0
  Set: 1759 Way: 1 Address: 0x394edb7c0
  Set: 1759 Way: 2 Address: 0xcf83b7c2
  Set: 1760 Way: 0 Address: 0xc0d9b800
  Set: 1760 Way: 1 Address: 0x394edb800
  Set: 1760 Way: 2 Address: 0xcf83b800
  Set: 1761 Way: 0 Address: 0xc0d9b840
  Set: 1761 Way: 1 Address: 0x394edb840
  Set: 1762 Way: 0 Address: 0xc0d9b880
  Set: 1762 Way: 1 Address: 0x394edb880
  Set: 1763 Way: 0 Address: 0xc0d9b8c0
  Set: 1763 Way: 1 Address: 0x394edb8c0
  Set: 1764 Way: 0 Address: 0xcf83b924
  Set: 1764 Way: 1 Address: 0xc0d9b900
  Set: 1764 Way: 2 Address: 0x394edb900
  Set: 1765 Way: 0 Address: 0xcf83b940
  Set: 1765 Way: 1 Address: 0xc0d9b940
  Set: 1765 Way: 2 Address: 0x394edb940
  Set: 1766 Way: 0 Address: 0xc0d9b980
  Set: 1767 Way: 0 Address: 0xc0d9b9c0
  Set: 1769 Way: 0 Address: 0xcf83ba7e
  Set: 1770 Way: 0 Address: 0xcf83ba80
  Set: 1771 Way: 0 Address: 0xcf83bac0
  Set: 1773 Way: 0 Address: 0x3b377bb68
  Set: 1775 Way: 0 Address: 0xcf83bbe2
  Set: 1776 Way: 0 Address: 0xcf83bc00
  Set: 1780 Way: 0 Address: 0xcf83bd3e
  Set: 1781 Way: 0 Address: 0xcf83bd40
  Set: 1782 Way: 0 Address: 0xcf83bd80
  Set: 1786 Way: 0 Address: 0xcf83bea8
  Set: 1787 Way: 0 Address: 0xcf83bec0
  Set: 1791 Way: 0 Address: 0xcf83bffe
  Set: 1792 Way: 0 Address: 0xdf85c000
  Set: 1792 Way: 1 Address: 0xcf83c000
  Set: 1793 Way: 0 Address: 0xcf83c040
  Set: 1797 Way: 0 Address: 0xcf83c140
  Set: 1804 Way: 0 Address: 0x12c6fc318
  Set: 1832 Way: 0 Address: 0x38e35ca38
  Set: 1833 Way: 0 Address: 0x38e35ca40
  Set: 1891 Way: 0 Address: 0x23755d8c8
  Set: 1897 Way: 0 Address: 0x1adda48
  Set: 1920 Way: 0 Address: 0x28b67e000
  Set: 1932 Way: 0 Address: 0x20597e320
  Set: 1934 Way: 0 Address: 0x1f919e390
  Set: 1935 Way: 0 Address: 0x1f919e3c0
  Set: 1936 Way: 0 Address: 0x1f919e42a
  Set: 1937 Way: 0 Address: 0x1f919e446
  Set: 1938 Way: 0 Address: 0x1f919e492
  Set: 1939 Way: 0 Address: 0x1f919e4c1
  Set: 1940 Way: 0 Address: 0x1f919e501
  Set: 1941 Way: 0 Address: 0x1f919e543
  Set: 1943 Way: 0 Address: 0x1f919e5c8
  Set: 1944 Way: 0 Address: 0x1f919e600
  Set: 1945 Way: 0 Address: 0x1f919e645
  Set: 1951 Way: 0 Address: 0x28b67e7f8
  Set: 1965 Way: 0 Address: 0x2db79eb70
EndCache
