Cache: cpu0_STLB
  Set: 14 Way: 0 Address: 0x220e0e0
  Set: 15 Way: 0 Address: 0x220fa34
  Set: 16 Way: 0 Address: 0x2210b44
  Set: 17 Way: 0 Address: 0x2211c54
  Set: 18 Way: 0 Address: 0x2212d64
  Set: 19 Way: 0 Address: 0x2213e74
  Set: 20 Way: 0 Address: 0x2214f84
  Set: 21 Way: 0 Address: 0x2215000
  Set: 22 Way: 0 Address: 0x2216094
  Set: 23 Way: 0 Address: 0x22171a4
  Set: 24 Way: 0 Address: 0x22182b4
  Set: 25 Way: 0 Address: 0x22193c4
  Set: 26 Way: 0 Address: 0x221a4d4
  Set: 27 Way: 0 Address: 0x221b5e4
  Set: 28 Way: 0 Address: 0x221c6f4
  Set: 29 Way: 0 Address: 0x221d804
  Set: 30 Way: 0 Address: 0x221e914
  Set: 48 Way: 0 Address: 0x730650
  Set: 53 Way: 0 Address: 0x7fff6ec35ff0
  Set: 54 Way: 0 Address: 0x7fff6ec36000
  Set: 65 Way: 0 Address: 0x4413f5
  Set: 95 Way: 0 Address: 0x285f95a
  Set: 96 Way: 0 Address: 0x4608a0
  Set: 96 Way: 1 Address: 0x286019a
  Set: 97 Way: 0 Address: 0x7618c8
  Set: 97 Way: 1 Address: 0x28610ba
  Set: 98 Way: 0 Address: 0x2862008
  Set: 109 Way: 0 Address: 0x1d6db08
  Set: 110 Way: 0 Address: 0x1d6ec18
  Set: 112 Way: 0 Address: 0x1d70a14
EndCache
Cache: cpu0_L2C
  Set: 2 Way: 0 Address: 0x2177f00b8
  Set: 3 Way: 0 Address: 0x342b400e8
  Set: 11 Way: 0 Address: 0x28a9402f8
  Set: 12 Way: 0 Address: 0x14bb10308
  Set: 57 Way: 0 Address: 0x6e620e74
  Set: 58 Way: 0 Address: 0x6e620e80
  Set: 59 Way: 0 Address: 0x6e620ec0
  Set: 60 Way: 0 Address: 0x6e620f00
  Set: 61 Way: 0 Address: 0x6e620f40
  Set: 62 Way: 0 Address: 0x6e620f80
  Set: 63 Way: 0 Address: 0x6e620fc0
  Set: 98 Way: 0 Address: 0x2a48418a0
  Set: 109 Way: 0 Address: 0x181c81b68
  Set: 128 Way: 0 Address: 0x6d0c203c
  Set: 129 Way: 0 Address: 0x6d0c2040
  Set: 130 Way: 0 Address: 0x1c84e20a0
  Set: 130 Way: 1 Address: 0x133c92094
  Set: 130 Way: 2 Address: 0x6d0c2080
  Set: 131 Way: 0 Address: 0x1064c20e0
  Set: 131 Way: 1 Address: 0x133c920c0
  Set: 132 Way: 0 Address: 0x133c92100
  Set: 133 Way: 0 Address: 0x133c92140
  Set: 133 Way: 1 Address: 0x6d0c2140
  Set: 134 Way: 0 Address: 0x6d0c219a
  Set: 134 Way: 1 Address: 0x1995f21a8
  Set: 134 Way: 2 Address: 0x133c92180
  Set: 135 Way: 0 Address: 0x6d0c21c6
  Set: 135 Way: 1 Address: 0x133c921c0
  Set: 136 Way: 0 Address: 0x6d0c2200
  Set: 136 Way: 1 Address: 0x133c92200
  Set: 137 Way: 0 Address: 0x133c92240
  Set: 139 Way: 0 Address: 0x6d0c22fa
  Set: 140 Way: 0 Address: 0x6d0c2304
  Set: 141 Way: 0 Address: 0x6d0c2340
  Set: 142 Way: 0 Address: 0x9cff2390
  Set: 143 Way: 0 Address: 0x9cff23f5
  Set: 144 Way: 0 Address: 0x9cff2405
  Set: 145 Way: 0 Address: 0x9cff2446
  Set: 145 Way: 1 Address: 0x6d0c245a
  Set: 146 Way: 0 Address: 0x9cff2482
  Set: 146 Way: 1 Address: 0x6d0c248c
  Set: 147 Way: 0 Address: 0x9cff24c1
  Set: 148 Way: 0 Address: 0x9cff2501
  Set: 149 Way: 0 Address: 0x9cff2543
  Set: 150 Way: 0 Address: 0x6d0c25ba
  Set: 151 Way: 0 Address: 0x9cff25c8
  Set: 151 Way: 1 Address: 0x6d0c25c0
  Set: 152 Way: 0 Address: 0x9cff2600
  Set: 152 Way: 1 Address: 0x6d0c2604
  Set: 153 Way: 0 Address: 0x9cff2645
  Set: 156 Way: 0 Address: 0x6d0c271a
  Set: 157 Way: 0 Address: 0x6d0c274c
  Set: 161 Way: 0 Address: 0x6d0c287a
  Set: 162 Way: 0 Address: 0x6d0c2884
  Set: 163 Way: 0 Address: 0x6d0c28c0
  Set: 165 Way: 0 Address: 0x6d0c2940
  Set: 167 Way: 0 Address: 0x6d0c29da
  Set: 168 Way: 0 Address: 0x6d0c2a06
  Set: 170 Way: 0 Address: 0x6d0c2a80
  Set: 172 Way: 0 Address: 0x6d0c2b3a
  Set: 173 Way: 0 Address: 0x6d0c2b42
  Set: 174 Way: 0 Address: 0x6d0c2b84
  Set: 175 Way: 0 Address: 0x6d0c2bc0
  Set: 176 Way: 0 Address: 0x6d0c2c00
  Set: 178 Way: 0 Address: 0x6d0c2ca0
  Set: 179 Way: 0 Address: 0x6d0c2cca
  Set: 180 Way: 0 Address: 0x6d0c2d00
  Set: 181 Way: 0 Address: 0x6d0c2d40
  Set: 183 Way: 0 Address: 0x6d0c2dfa
  Set: 184 Way: 0 Address: 0x6d0c2e00
  Set: 185 Way: 0 Address: 0x6d0c2e40
  Set: 186 Way: 0 Address: 0x6d0c2e80
  Set: 187 Way: 0 Address: 0x6d0c2ec0
  Set: 189 Way: 0 Address: 0x6d0c2f5a
  Set: 190 Way: 0 Address: 0x6d0c2f8a
  Set: 191 Way: 0 Address: 0x6d0c2fc0
  Set: 192 Way: 0 Address: 0x3c56b3018
  Set: 192 Way: 1 Address: 0x34a873008
  Set: 194 Way: 0 Address: 0x2b2e930b0
  Set: 194 Way: 1 Address: 0x3b08030a8
  Set: 195 Way: 0 Address: 0x3b08030f0
  Set: 196 Way: 0 Address: 0x34a87313c
  Set: 197 Way: 0 Address: 0x34a873140
  Set: 198 Way: 0 Address: 0x34a873180
  Set: 201 Way: 0 Address: 0x34a873240
  Set: 202 Way: 0 Address: 0x34a873280
  Set: 203 Way: 0 Address: 0x34a8732c0
  Set: 204 Way: 0 Address: 0x34a873300
  Set: 207 Way: 0 Address: 0x34a8733fc
  Set: 208 Way: 0 Address: 0x34a873402
  Set: 209 Way: 0 Address: 0x34a873440
  Set: 211 Way: 0 Address: 0x3232f34d4
  Set: 212 Way: 0 Address: 0x3232f3500
  Set: 212 Way: 1 Address: 0x34a873500
  Set: 213 Way: 0 Address: 0x34a873540
  Set: 213 Way: 1 Address: 0x3232f3540
  Set: 214 Way: 0 Address: 0x34a873580
  Set: 214 Way: 1 Address: 0x3232f3580
  Set: 215 Way: 0 Address: 0x34a8735c0
  Set: 215 Way: 1 Address: 0x3232f35c0
  Set: 216 Way: 0 Address: 0x3232f3600
  Set: 217 Way: 0 Address: 0x3232f3640
  Set: 218 Way: 0 Address: 0x34a8736ba
  Set: 218 Way: 1 Address: 0x3232f3680
  Set: 219 Way: 0 Address: 0x34a8736c0
  Set: 220 Way: 0 Address: 0x34a873702
  Set: 223 Way: 0 Address: 0x34a8737c0
  Set: 224 Way: 0 Address: 0x257713804
  Set: 224 Way: 1 Address: 0x34a873800
  Set: 225 Way: 0 Address: 0x257713840
  Set: 225 Way: 1 Address: 0x34a873840
  Set: 226 Way: 0 Address: 0x34a873880
  Set: 226 Way: 1 Address: 0x257713880
  Set: 227 Way: 0 Address: 0x2577138c0
  Set: 228 Way: 0 Address: 0x257713900
  Set: 229 Way: 0 Address: 0x34a87397a
  Set: 229 Way: 1 Address: 0x257713940
  Set: 230 Way: 0 Address: 0x34a873980
  Set: 230 Way: 1 Address: 0x257713980
  Set: 231 Way: 0 Address: 0x34a8739c0
  Set: 231 Way: 1 Address: 0x2577139c0
  Set: 234 Way: 0 Address: 0x34a873a80
  Set: 235 Way: 0 Address: 0x34a873ac0
  Set: 236 Way: 0 Address: 0x34a873b00
  Set: 237 Way: 0 Address: 0x34a873b40
  Set: 240 Way: 0 Address: 0x34a873c3a
  Set: 241 Way: 0 Address: 0x34a873c40
  Set: 242 Way: 0 Address: 0x34a873c82
  Set: 245 Way: 0 Address: 0x34a873d40
  Set: 246 Way: 0 Address: 0x34a873d80
  Set: 247 Way: 0 Address: 0x34a873dc0
  Set: 248 Way: 0 Address: 0x34a873e00
  Set: 251 Way: 0 Address: 0x34a873efa
  Set: 252 Way: 0 Address: 0x34a873f00
  Set: 253 Way: 0 Address: 0x34a873f40
  Set: 258 Way: 0 Address: 0x3c1074080
  Set: 268 Way: 0 Address: 0x3de4d4300
  Set: 300 Way: 0 Address: 0xb8004b08
  Set: 309 Way: 0 Address: 0x1ab44d64
  Set: 310 Way: 0 Address: 0x1ab44d80
  Set: 311 Way: 0 Address: 0x1ab44dc0
  Set: 312 Way: 0 Address: 0x1ab44e00
  Set: 313 Way: 0 Address: 0x1ab44e40
  Set: 314 Way: 0 Address: 0x1ab44e80
  Set: 315 Way: 0 Address: 0x1ab44ec0
  Set: 316 Way: 0 Address: 0x1ab44f00
  Set: 320 Way: 0 Address: 0x195f15000
  Set: 322 Way: 0 Address: 0x2725850a8
  Set: 335 Way: 0 Address: 0x1b0f153c4
  Set: 336 Way: 0 Address: 0x1b0f15400
  Set: 337 Way: 0 Address: 0x1b0f15440
  Set: 338 Way: 0 Address: 0x1b0f15480
  Set: 339 Way: 0 Address: 0x1b0f154c0
  Set: 340 Way: 0 Address: 0x1b0f15500
  Set: 341 Way: 0 Address: 0x1b0f15540
  Set: 342 Way: 0 Address: 0x1b0f15580
  Set: 360 Way: 0 Address: 0x354d35a34
  Set: 361 Way: 0 Address: 0x354d35a40
  Set: 362 Way: 0 Address: 0x354d35a80
  Set: 363 Way: 0 Address: 0x354d35ac0
  Set: 364 Way: 0 Address: 0x354d35b00
  Set: 365 Way: 0 Address: 0x354d35b40
  Set: 366 Way: 0 Address: 0x354d35b80
  Set: 367 Way: 0 Address: 0x354d35bc0
  Set: 368 Way: 0 Address: 0x354d35c00
  Set: 386 Way: 0 Address: 0x211d160a0
  Set: 386 Way: 1 Address: 0x84896098
  Set: 387 Way: 0 Address: 0x3dae660e0
  Set: 387 Way: 1 Address: 0x211d160c0
  Set: 388 Way: 0 Address: 0x3dae66100
  Set: 389 Way: 0 Address: 0x3dae66140
  Set: 392 Way: 0 Address: 0x3dae66200
  Set: 393 Way: 0 Address: 0x3dae66240
  Set: 394 Way: 0 Address: 0x3dae66280
  Set: 395 Way: 0 Address: 0x3dae662c0
  Set: 407 Way: 0 Address: 0x27d4c65e4
  Set: 408 Way: 0 Address: 0x27d4c6600
  Set: 409 Way: 0 Address: 0x27d4c6640
  Set: 410 Way: 0 Address: 0x27d4c6680
  Set: 411 Way: 0 Address: 0x27d4c66c0
  Set: 412 Way: 0 Address: 0x27d4c6700
  Set: 413 Way: 0 Address: 0x27d4c6740
  Set: 414 Way: 0 Address: 0x27d4c6780
  Set: 420 Way: 0 Address: 0x3dae66924
  Set: 420 Way: 1 Address: 0x3d87a6914
  Set: 421 Way: 0 Address: 0x3dae66940
  Set: 421 Way: 1 Address: 0x3d87a6940
  Set: 422 Way: 0 Address: 0x43736980
  Set: 422 Way: 1 Address: 0x3dae66980
  Set: 422 Way: 2 Address: 0x3d87a6980
  Set: 423 Way: 0 Address: 0x3dae669c0
  Set: 423 Way: 1 Address: 0x3d87a69c0
  Set: 424 Way: 0 Address: 0x3dae66a00
  Set: 424 Way: 1 Address: 0x3d87a6a00
  Set: 425 Way: 0 Address: 0x3dae66a40
  Set: 425 Way: 1 Address: 0x3d87a6a40
  Set: 426 Way: 0 Address: 0x3dae66a80
  Set: 426 Way: 1 Address: 0x3d87a6a80
  Set: 427 Way: 0 Address: 0x3dae66ac0
  Set: 427 Way: 1 Address: 0x3d87a6ac0
  Set: 451 Way: 0 Address: 0xbeea70d0
  Set: 473 Way: 0 Address: 0x309887650
  Set: 497 Way: 0 Address: 0x276ff7c54
  Set: 498 Way: 0 Address: 0x276ff7c80
  Set: 499 Way: 0 Address: 0x276ff7cc0
  Set: 500 Way: 0 Address: 0x276ff7d00
  Set: 501 Way: 0 Address: 0x276ff7d40
  Set: 502 Way: 0 Address: 0x276ff7d80
  Set: 503 Way: 0 Address: 0x276ff7dc0
  Set: 504 Way: 0 Address: 0x276ff7e00
  Set: 513 Way: 0 Address: 0x201598070
  Set: 514 Way: 0 Address: 0x201598088
  Set: 518 Way: 0 Address: 0x3bdd781a4
  Set: 519 Way: 0 Address: 0x3bdd781c0
  Set: 520 Way: 0 Address: 0x3bdd78200
  Set: 521 Way: 0 Address: 0x3bdd78240
  Set: 522 Way: 0 Address: 0x2c98982b4
  Set: 522 Way: 1 Address: 0x3bdd78280
  Set: 523 Way: 0 Address: 0x2c98982c0
  Set: 523 Way: 1 Address: 0x3bdd782c0
  Set: 524 Way: 0 Address: 0x2c9898300
  Set: 524 Way: 1 Address: 0x3bdd78300
  Set: 525 Way: 0 Address: 0x2c9898340
  Set: 525 Way: 1 Address: 0x3bdd78340
  Set: 526 Way: 0 Address: 0x2c9898380
  Set: 527 Way: 0 Address: 0x2c98983c0
  Set: 528 Way: 0 Address: 0x2c9898400
  Set: 529 Way: 0 Address: 0x2c9898440
  Set: 530 Way: 0 Address: 0x2c9898480
  Set: 557 Way: 0 Address: 0xc7078b70
  Set: 558 Way: 0 Address: 0xc7078b80
  Set: 575 Way: 0 Address: 0x1aafb8fe8
  Set: 576 Way: 0 Address: 0x2fa0c9000
  Set: 577 Way: 0 Address: 0x2fa0c9040
  Set: 578 Way: 0 Address: 0x2fa0c9080
  Set: 579 Way: 0 Address: 0x2fa0c90c0
  Set: 580 Way: 0 Address: 0x2fa0c9100
  Set: 581 Way: 0 Address: 0x2fa0c9140
  Set: 587 Way: 0 Address: 0x2c87492f8
  Set: 588 Way: 0 Address: 0x2c8749310
  Set: 621 Way: 0 Address: 0x312099b70
  Set: 622 Way: 0 Address: 0x292959bb0
  Set: 637 Way: 0 Address: 0x2ee369f58
  Set: 638 Way: 0 Address: 0x2ee369fbc
  Set: 639 Way: 0 Address: 0x2ee369ff0
  Set: 648 Way: 0 Address: 0x1d89da208
  Set: 671 Way: 0 Address: 0x223eda7f8
  Set: 677 Way: 0 Address: 0xc67da95a
  Set: 678 Way: 0 Address: 0xc67da980
  Set: 682 Way: 0 Address: 0xc67daabc
  Set: 683 Way: 0 Address: 0xc67daac0
  Set: 684 Way: 0 Address: 0xc67dab00
  Set: 688 Way: 0 Address: 0xc67dac1e
  Set: 689 Way: 0 Address: 0xc67dac40
  Set: 693 Way: 0 Address: 0xc67dad7c
  Set: 694 Way: 0 Address: 0xc67dad80
  Set: 695 Way: 0 Address: 0xc67dadc0
  Set: 699 Way: 0 Address: 0xc67daee0
  Set: 700 Way: 0 Address: 0xc67daf00
  Set: 706 Way: 0 Address: 0x394edb088
  Set: 707 Way: 0 Address: 0x3b377b0c8
  Set: 707 Way: 1 Address: 0xc0d9b0d8
  Set: 748 Way: 0 Address: 0xcf83bb08
  Set: 749 Way: 0 Address: 0xcf83bb40
  Set: 750 Way: 0 Address: 0xcf83bb80
  Set: 751 Way: 0 Address: 0xcf83bbc0
  Set: 752 Way: 0 Address: 0xcf83bc00
  Set: 753 Way: 0 Address: 0xcf83bc40
  Set: 754 Way: 0 Address: 0xcf83bc80
  Set: 755 Way: 0 Address: 0xcf83bcc0
  Set: 756 Way: 0 Address: 0xcf83bd00
  Set: 757 Way: 0 Address: 0xcf83bd40
  Set: 758 Way: 0 Address: 0xcf83bd80
  Set: 759 Way: 0 Address: 0xcf83bdc0
  Set: 768 Way: 0 Address: 0xdf85c000
  Set: 769 Way: 0 Address: 0x38e35c078
  Set: 800 Way: 0 Address: 0x12c6fc800
  Set: 801 Way: 0 Address: 0x12c6fc840
  Set: 802 Way: 0 Address: 0x12c6fc880
  Set: 803 Way: 0 Address: 0x12c6fc8c0
  Set: 804 Way: 0 Address: 0x12c6fc914
  Set: 805 Way: 0 Address: 0x12c6fc974
  Set: 806 Way: 0 Address: 0x12c6fc9a4
  Set: 807 Way: 0 Address: 0x12c6fc9fc
  Set: 808 Way: 0 Address: 0x12c6fca14
  Set: 809 Way: 0 Address: 0x12c6fca48
  Set: 810 Way: 0 Address: 0x12c6fcab8
  Set: 811 Way: 0 Address: 0x12c6fcaf4
  Set: 812 Way: 0 Address: 0x12c6fcb2c
  Set: 813 Way: 0 Address: 0x12c6fcb74
  Set: 814 Way: 0 Address: 0x12c6fcb98
  Set: 815 Way: 0 Address: 0x12c6fcbd0
  Set: 834 Way: 0 Address: 0x1add090
  Set: 838 Way: 0 Address: 0x23755d1b0
  Set: 877 Way: 0 Address: 0x5588db44
  Set: 878 Way: 0 Address: 0x5588db80
  Set: 879 Way: 0 Address: 0x5588dbc0
  Set: 880 Way: 0 Address: 0x5588dc00
  Set: 881 Way: 0 Address: 0x5588dc40
  Set: 882 Way: 0 Address: 0x5588dc80
  Set: 883 Way: 0 Address: 0x5588dcc0
  Set: 884 Way: 0 Address: 0x5588dd00
  Set: 896 Way: 0 Address: 0x28b67e000
  Set: 896 Way: 1 Address: 0x1f919e010
  Set: 896 Way: 2 Address: 0x2f5d8e000
  Set: 896 Way: 3 Address: 0x1c084e000
  Set: 897 Way: 0 Address: 0x1f919e070
  Set: 897 Way: 1 Address: 0x2f5d8e040
  Set: 897 Way: 2 Address: 0x1c084e040
  Set: 898 Way: 0 Address: 0x1f919e0a0
  Set: 898 Way: 1 Address: 0x2f5d8e080
  Set: 899 Way: 0 Address: 0x2f5d8e0c0
  Set: 899 Way: 1 Address: 0x2db79e0c0
  Set: 900 Way: 0 Address: 0x2f5d8e100
  Set: 901 Way: 0 Address: 0x2f5d8e140
  Set: 902 Way: 0 Address: 0x2f5d8e180
  Set: 903 Way: 0 Address: 0x2f5d8e1c0
  Set: 904 Way: 0 Address: 0x2f5d8e200
  Set: 905 Way: 0 Address: 0x2f5d8e240
  Set: 906 Way: 0 Address: 0x2f5d8e280
  Set: 907 Way: 0 Address: 0x2f5d8e2c0
  Set: 908 Way: 0 Address: 0x3734ee300
  Set: 927 Way: 0 Address: 0x28b67e7f8
  Set: 944 Way: 0 Address: 0x20597ec18
  Set: 945 Way: 0 Address: 0x20597ec40
  Set: 946 Way: 0 Address: 0x20597ec80
  Set: 947 Way: 0 Address: 0x20597ecc0
  Set: 948 Way: 0 Address: 0x20597ed00
  Set: 949 Way: 0 Address: 0x20597ed40
  Set: 950 Way: 0 Address: 0x20597ed80
  Set: 951 Way: 0 Address: 0x20597edc0
  Set: 952 Way: 0 Address: 0x20597ee00
  Set: 953 Way: 0 Address: 0x20597ee40
  Set: 954 Way: 0 Address: 0x20597ee80
  Set: 955 Way: 0 Address: 0x20597eec0
  Set: 958 Way: 0 Address: 0x1c084ef84
  Set: 959 Way: 0 Address: 0x1c084efc0
  Set: 961 Way: 0 Address: 0x143ef070
  Set: 962 Way: 0 Address: 0xee86f088
  Set: 962 Way: 1 Address: 0x143ef080
  Set: 962 Way: 2 Address: 0x22272f0ba
  Set: 963 Way: 0 Address: 0x22272f0c0
  Set: 964 Way: 0 Address: 0x22272f100
  Set: 968 Way: 0 Address: 0x22272f21e
  Set: 969 Way: 0 Address: 0x22272f24c
  Set: 973 Way: 0 Address: 0x22272f37a
  Set: 974 Way: 0 Address: 0x22272f380
  Set: 975 Way: 0 Address: 0x22272f3c0
  Set: 979 Way: 0 Address: 0x22272f4da
  Set: 980 Way: 0 Address: 0x22272f506
  Set: 984 Way: 0 Address: 0x22272f63a
  Set: 985 Way: 0 Address: 0x22272f640
  Set: 986 Way: 0 Address: 0x22272f680
  Set: 987 Way: 0 Address: 0x23756f6f4
  Set: 988 Way: 0 Address: 0x22272f700
  Set: 988 Way: 1 Address: 0x23756f700
  Set: 989 Way: 0 Address: 0x23756f740
  Set: 990 Way: 0 Address: 0x22272f79c
  Set: 990 Way: 1 Address: 0x23756f780
  Set: 991 Way: 0 Address: 0x22272f7c6
  Set: 991 Way: 1 Address: 0x23756f7c0
  Set: 992 Way: 0 Address: 0x23756f800
  Set: 993 Way: 0 Address: 0x22272f840
  Set: 993 Way: 1 Address: 0x23756f840
  Set: 994 Way: 0 Address: 0x23756f880
  Set: 995 Way: 0 Address: 0x16390f8c8
  Set: 995 Way: 1 Address: 0x22272f8fa
  Set: 996 Way: 0 Address: 0x22272f902
  Set: 997 Way: 0 Address: 0x22272f940
  Set: 998 Way: 0 Address: 0x22272f980
  Set: 999 Way: 0 Address: 0x22272f9c0
  Set: 1000 Way: 0 Address: 0x22272fa00
  Set: 1001 Way: 0 Address: 0x22272fa40
  Set: 1002 Way: 0 Address: 0x22272fa80
  Set: 1003 Way: 0 Address: 0x22272fac0
  Set: 1004 Way: 0 Address: 0x22272fb00
  Set: 1006 Way: 0 Address: 0x22272fbba
  Set: 1007 Way: 0 Address: 0x22272fbc4
  Set: 1008 Way: 0 Address: 0x22272fc02
  Set: 1009 Way: 0 Address: 0x22272fc40
  Set: 1011 Way: 0 Address: 0x22272fcc0
  Set: 1012 Way: 0 Address: 0x22272fd00
  Set: 1013 Way: 0 Address: 0x22272fd40
  Set: 1014 Way: 0 Address: 0x22272fd80
  Set: 1017 Way: 0 Address: 0x22272fe7a
  Set: 1018 Way: 0 Address: 0x22272fe80
  Set: 1019 Way: 0 Address: 0x22272fec0
  Set: 1022 Way: 0 Address: 0x22272ff80
  Set: 1023 Way: 0 Address: 0x22272ffc0
EndCache
Cache: cpu0_L1I
  Set: 14 Way: 0 Address: 0x9cff2390
  Set: 15 Way: 0 Address: 0x9cff23f5
  Set: 16 Way: 0 Address: 0x9cff242d
  Set: 17 Way: 0 Address: 0x9cff2475
  Set: 18 Way: 0 Address: 0x9cff249b
  Set: 19 Way: 0 Address: 0x9cff24d2
  Set: 20 Way: 0 Address: 0x9cff2501
  Set: 21 Way: 0 Address: 0x9cff256a
  Set: 23 Way: 0 Address: 0x9cff25fc
  Set: 24 Way: 0 Address: 0x9cff2600
  Set: 25 Way: 0 Address: 0x9cff2645
  Set: 34 Way: 0 Address: 0x2a48418a0
EndCache
Cache: cpu0_L1D
  Set: 0 Way: 0 Address: 0xdf85c000
  Set: 0 Way: 1 Address: 0x28b67e000
  Set: 0 Way: 2 Address: 0x195f15000
  Set: 0 Way: 3 Address: 0x1f919e010
  Set: 0 Way: 4 Address: 0x3c56b3018
  Set: 0 Way: 5 Address: 0x2f5d8e00a
  Set: 0 Way: 6 Address: 0x34a873020
  Set: 0 Way: 7 Address: 0x2fa0c9004
  Set: 0 Way: 8 Address: 0x6d0c203a
  Set: 0 Way: 9 Address: 0x1c084e000
  Set: 1 Way: 0 Address: 0x1f919e070
  Set: 1 Way: 1 Address: 0x201598070
  Set: 1 Way: 2 Address: 0x2f5d8e054
  Set: 1 Way: 3 Address: 0x143ef070
  Set: 1 Way: 4 Address: 0x38e35c078
  Set: 1 Way: 5 Address: 0x6d0c2058
  Set: 1 Way: 6 Address: 0x2fa0c9040
  Set: 1 Way: 7 Address: 0x1c084e040
  Set: 2 Way: 0 Address: 0x133c92094
  Set: 2 Way: 1 Address: 0x22272f0bc
  Set: 2 Way: 2 Address: 0x2177f00b8
  Set: 2 Way: 3 Address: 0x2f5d8e08a
  Set: 2 Way: 4 Address: 0x3b08030a8
  Set: 2 Way: 5 Address: 0x2725850a8
  Set: 2 Way: 6 Address: 0x2fa0c9080
  Set: 2 Way: 7 Address: 0x6d0c2080
  Set: 2 Way: 8 Address: 0x1add090
  Set: 2 Way: 9 Address: 0x2b2e930b0
  Set: 2 Way: 10 Address: 0x211d160a0
  Set: 2 Way: 11 Address: 0x84896098
  Set: 3 Way: 0 Address: 0x2f5d8e0c0
  Set: 3 Way: 1 Address: 0x3dae660e0
  Set: 3 Way: 2 Address: 0x22272f0d4
  Set: 3 Way: 3 Address: 0x2fa0c90c0
  Set: 3 Way: 4 Address: 0x3b377b0c8
  Set: 3 Way: 5 Address: 0x2db79e0c0
  Set: 3 Way: 6 Address: 0xbeea70d0
  Set: 3 Way: 7 Address: 0x1064c20e0
  Set: 3 Way: 8 Address: 0xc0d9b0d8
  Set: 3 Way: 9 Address: 0x342b400e8
  Set: 3 Way: 10 Address: 0x3b08030f0
  Set: 3 Way: 11 Address: 0x133c920c0
  Set: 4 Way: 0 Address: 0x3dae66110
  Set: 4 Way: 1 Address: 0x2f5d8e118
  Set: 4 Way: 2 Address: 0x22272f100
  Set: 4 Way: 3 Address: 0x34a87313a
  Set: 4 Way: 4 Address: 0x133c92100
  Set: 4 Way: 5 Address: 0x2fa0c9100
  Set: 5 Way: 0 Address: 0x2f5d8e140
  Set: 5 Way: 1 Address: 0x3dae66150
  Set: 5 Way: 2 Address: 0x34a873154
  Set: 5 Way: 3 Address: 0x133c92140
  Set: 5 Way: 4 Address: 0x6d0c2140
  Set: 5 Way: 5 Address: 0x2fa0c9140
  Set: 6 Way: 0 Address: 0x6d0c21a4
  Set: 6 Way: 1 Address: 0x1995f21a8
  Set: 6 Way: 2 Address: 0x23755d1b0
  Set: 6 Way: 3 Address: 0x2f5d8e180
  Set: 6 Way: 4 Address: 0x3bdd781a4
  Set: 6 Way: 5 Address: 0x34a873180
  Set: 6 Way: 6 Address: 0x133c92180
  Set: 7 Way: 0 Address: 0x2f5d8e1c0
  Set: 7 Way: 1 Address: 0x6d0c21e0
  Set: 7 Way: 2 Address: 0x3bdd781c0
  Set: 7 Way: 3 Address: 0x133c921c0
  Set: 8 Way: 0 Address: 0x1d89da208
  Set: 8 Way: 1 Address: 0x2f5d8e200
  Set: 8 Way: 2 Address: 0x22272f222
  Set: 8 Way: 3 Address: 0x3dae66200
  Set: 8 Way: 4 Address: 0x3bdd78200
  Set: 8 Way: 5 Address: 0x6d0c2200
  Set: 8 Way: 6 Address: 0x133c92200
  Set: 9 Way: 0 Address: 0x2f5d8e240
  Set: 9 Way: 1 Address: 0x3dae66240
  Set: 9 Way: 2 Address: 0x22272f25e
  Set: 9 Way: 3 Address: 0x34a873240
  Set: 9 Way: 4 Address: 0x3bdd78240
  Set: 9 Way: 5 Address: 0x133c92240
  Set: 10 Way: 0 Address: 0x2f5d8e280
  Set: 10 Way: 1 Address: 0x2c98982b4
  Set: 10 Way: 2 Address: 0x3dae66280
  Set: 10 Way: 3 Address: 0x34a873280
  Set: 10 Way: 4 Address: 0x3bdd78280
  Set: 11 Way: 0 Address: 0x6d0c22fa
  Set: 11 Way: 1 Address: 0x2f5d8e2c0
  Set: 11 Way: 2 Address: 0x3dae662c0
  Set: 11 Way: 3 Address: 0x2c98982c0
  Set: 11 Way: 4 Address: 0x34a8732c0
  Set: 11 Way: 5 Address: 0x2c87492f8
  Set: 11 Way: 6 Address: 0x28a9402f8
  Set: 11 Way: 7 Address: 0x3bdd782c0
  Set: 12 Way: 0 Address: 0x3de4d4300
  Set: 12 Way: 1 Address: 0x3734ee300
  Set: 12 Way: 2 Address: 0x6d0c2304
  Set: 12 Way: 3 Address: 0x14bb10308
  Set: 12 Way: 4 Address: 0x2c8749310
  Set: 12 Way: 5 Address: 0x34a873300
  Set: 12 Way: 6 Address: 0x2c9898300
  Set: 12 Way: 7 Address: 0x3bdd78300
  Set: 13 Way: 0 Address: 0x22272f37c
  Set: 13 Way: 1 Address: 0x6d0c2340
  Set: 13 Way: 2 Address: 0x2c9898340
  Set: 13 Way: 3 Address: 0x3bdd78340
  Set: 14 Way: 0 Address: 0x22272f394
  Set: 14 Way: 1 Address: 0x2c9898380
  Set: 15 Way: 0 Address: 0x1b0f153c4
  Set: 15 Way: 1 Address: 0x22272f3c0
  Set: 15 Way: 2 Address: 0x34a8733fa
  Set: 15 Way: 3 Address: 0x2c98983c0
  Set: 16 Way: 0 Address: 0x1b0f15400
  Set: 16 Way: 1 Address: 0x34a873414
  Set: 16 Way: 2 Address: 0x2c9898400
  Set: 17 Way: 0 Address: 0x6d0c246e
  Set: 17 Way: 1 Address: 0x34a873440
  Set: 17 Way: 2 Address: 0x1b0f15440
  Set: 17 Way: 3 Address: 0x2c9898440
  Set: 18 Way: 0 Address: 0x6d0c2498
  Set: 18 Way: 1 Address: 0x1b0f15480
  Set: 18 Way: 2 Address: 0x2c9898480
  Set: 19 Way: 0 Address: 0x22272f4f2
  Set: 19 Way: 1 Address: 0x3232f34d4
  Set: 19 Way: 2 Address: 0x1b0f154c0
  Set: 20 Way: 0 Address: 0x22272f51e
  Set: 20 Way: 1 Address: 0x3232f3500
  Set: 20 Way: 2 Address: 0x34a873500
  Set: 20 Way: 3 Address: 0x1b0f15500
  Set: 21 Way: 0 Address: 0x34a873540
  Set: 21 Way: 1 Address: 0x3232f3540
  Set: 21 Way: 2 Address: 0x1b0f15540
  Set: 22 Way: 0 Address: 0x6d0c25ba
  Set: 22 Way: 1 Address: 0x34a873580
  Set: 22 Way: 2 Address: 0x3232f3580
  Set: 22 Way: 3 Address: 0x1b0f15580
  Set: 23 Way: 0 Address: 0x6d0c25d2
  Set: 23 Way: 1 Address: 0x27d4c65e4
  Set: 23 Way: 2 Address: 0x34a8735c0
  Set: 23 Way: 3 Address: 0x3232f35c0
  Set: 24 Way: 0 Address: 0x22272f63c
  Set: 24 Way: 1 Address: 0x6d0c2604
  Set: 24 Way: 2 Address: 0x27d4c6600
  Set: 24 Way: 3 Address: 0x3232f3600
  Set: 25 Way: 0 Address: 0x309887650
  Set: 25 Way: 1 Address: 0x22272f658
  Set: 25 Way: 2 Address: 0x27d4c6640
  Set: 25 Way: 3 Address: 0x3232f3640
  Set: 26 Way: 0 Address: 0x22272f684
  Set: 26 Way: 1 Address: 0x34a8736bc
  Set: 26 Way: 2 Address: 0x27d4c6680
  Set: 26 Way: 3 Address: 0x3232f3680
  Set: 27 Way: 0 Address: 0x23756f6f4
  Set: 27 Way: 1 Address: 0x34a8736d4
  Set: 27 Way: 2 Address: 0x27d4c66c0
  Set: 28 Way: 0 Address: 0x6d0c2736
  Set: 28 Way: 1 Address: 0x22272f700
  Set: 28 Way: 2 Address: 0x23756f700
  Set: 28 Way: 3 Address: 0x34a873700
  Set: 28 Way: 4 Address: 0x27d4c6700
  Set: 29 Way: 0 Address: 0x6d0c2758
  Set: 29 Way: 1 Address: 0x23756f740
  Set: 29 Way: 2 Address: 0x27d4c6740
  Set: 30 Way: 0 Address: 0x22272f7b4
  Set: 30 Way: 1 Address: 0x23756f780
  Set: 30 Way: 2 Address: 0x27d4c6780
  Set: 31 Way: 0 Address: 0x28b67e7f8
  Set: 31 Way: 1 Address: 0x223eda7f8
  Set: 31 Way: 2 Address: 0x22272f7da
  Set: 31 Way: 3 Address: 0x34a8737c0
  Set: 31 Way: 4 Address: 0x23756f7c0
  Set: 32 Way: 0 Address: 0x12c6fc800
  Set: 32 Way: 1 Address: 0x257713804
  Set: 32 Way: 2 Address: 0x34a873800
  Set: 32 Way: 3 Address: 0x23756f800
  Set: 33 Way: 0 Address: 0x6d0c287c
  Set: 33 Way: 1 Address: 0x12c6fc840
  Set: 33 Way: 2 Address: 0x22272f840
  Set: 33 Way: 3 Address: 0x257713840
  Set: 33 Way: 4 Address: 0x34a873840
  Set: 33 Way: 5 Address: 0x23756f840
  Set: 34 Way: 0 Address: 0x6d0c2896
  Set: 34 Way: 1 Address: 0x12c6fc880
  Set: 34 Way: 2 Address: 0x34a873880
  Set: 34 Way: 3 Address: 0x257713880
  Set: 34 Way: 4 Address: 0x23756f880
  Set: 35 Way: 0 Address: 0x16390f8c8
  Set: 35 Way: 1 Address: 0x12c6fc8c0
  Set: 35 Way: 2 Address: 0x6d0c28c0
  Set: 35 Way: 3 Address: 0x22272f8fc
  Set: 35 Way: 4 Address: 0x2577138c0
  Set: 36 Way: 0 Address: 0x3dae66924
  Set: 36 Way: 1 Address: 0x12c6fc914
  Set: 36 Way: 2 Address: 0x3d87a6914
  Set: 36 Way: 3 Address: 0x22272f914
  Set: 36 Way: 4 Address: 0x257713900
  Set: 37 Way: 0 Address: 0x6d0c2940
  Set: 37 Way: 1 Address: 0x12c6fc974
  Set: 37 Way: 2 Address: 0x22272f940
  Set: 37 Way: 3 Address: 0x3dae66940
  Set: 37 Way: 4 Address: 0x3d87a6940
  Set: 37 Way: 5 Address: 0x34a87397a
  Set: 37 Way: 6 Address: 0xc67da970
  Set: 37 Way: 7 Address: 0x257713940
  Set: 38 Way: 0 Address: 0x43736980
  Set: 38 Way: 1 Address: 0x12c6fc9a4
  Set: 38 Way: 2 Address: 0x22272f980
  Set: 38 Way: 3 Address: 0x3dae66980
  Set: 38 Way: 4 Address: 0x3d87a6980
  Set: 38 Way: 5 Address: 0x34a873994
  Set: 38 Way: 6 Address: 0xc67da980
  Set: 38 Way: 7 Address: 0x257713980
  Set: 39 Way: 0 Address: 0x6d0c29de
  Set: 39 Way: 1 Address: 0x12c6fc9fc
  Set: 39 Way: 2 Address: 0x22272f9c0
  Set: 39 Way: 3 Address: 0x34a8739c4
  Set: 39 Way: 4 Address: 0x3dae669c0
  Set: 39 Way: 5 Address: 0x3d87a69c0
  Set: 39 Way: 6 Address: 0x2577139c0
  Set: 40 Way: 0 Address: 0x12c6fca0c
  Set: 40 Way: 1 Address: 0x354d35a34
  Set: 40 Way: 2 Address: 0x6d0c2a1c
  Set: 40 Way: 3 Address: 0x22272fa00
  Set: 40 Way: 4 Address: 0x3dae66a00
  Set: 40 Way: 5 Address: 0x3d87a6a00
  Set: 41 Way: 0 Address: 0x12c6fca48
  Set: 41 Way: 1 Address: 0x354d35a40
  Set: 41 Way: 2 Address: 0x22272fa40
  Set: 41 Way: 3 Address: 0x3dae66a40
  Set: 41 Way: 4 Address: 0x3d87a6a40
  Set: 42 Way: 0 Address: 0x6d0c2a80
  Set: 42 Way: 1 Address: 0x12c6fcab8
  Set: 42 Way: 2 Address: 0x22272fa80
  Set: 42 Way: 3 Address: 0x354d35a80
  Set: 42 Way: 4 Address: 0x34a873a80
  Set: 42 Way: 5 Address: 0xc67daaba
  Set: 42 Way: 6 Address: 0x3dae66a80
  Set: 42 Way: 7 Address: 0x3d87a6a80
  Set: 43 Way: 0 Address: 0x22272fac0
  Set: 43 Way: 1 Address: 0x12c6fcaf4
  Set: 43 Way: 2 Address: 0x34a873ac0
  Set: 43 Way: 3 Address: 0x354d35ac0
  Set: 43 Way: 4 Address: 0xc67daad2
  Set: 43 Way: 5 Address: 0x3dae66ac0
  Set: 43 Way: 6 Address: 0x3d87a6ac0
  Set: 44 Way: 0 Address: 0xb8004b08
  Set: 44 Way: 1 Address: 0x6d0c2b3e
  Set: 44 Way: 2 Address: 0x22272fb00
  Set: 44 Way: 3 Address: 0xcf83bb08
  Set: 44 Way: 4 Address: 0x12c6fcb2c
  Set: 44 Way: 5 Address: 0x34a873b00
  Set: 44 Way: 6 Address: 0x354d35b00
  Set: 44 Way: 7 Address: 0xc67dab00
  Set: 45 Way: 0 Address: 0x6d0c2b54
  Set: 45 Way: 1 Address: 0x5588db44
  Set: 45 Way: 2 Address: 0xc7078b68
  Set: 45 Way: 3 Address: 0x181c81b68
  Set: 45 Way: 4 Address: 0x312099b70
  Set: 45 Way: 5 Address: 0x12c6fcb74
  Set: 45 Way: 6 Address: 0xcf83bb40
  Set: 45 Way: 7 Address: 0x34a873b40
  Set: 45 Way: 8 Address: 0x354d35b40
  Set: 46 Way: 0 Address: 0xc7078b80
  Set: 46 Way: 1 Address: 0x292959bb0
  Set: 46 Way: 2 Address: 0x6d0c2b84
  Set: 46 Way: 3 Address: 0x12c6fcb98
  Set: 46 Way: 4 Address: 0x22272fbbc
  Set: 46 Way: 5 Address: 0x5588db80
  Set: 46 Way: 6 Address: 0xcf83bb80
  Set: 46 Way: 7 Address: 0x354d35b80
  Set: 47 Way: 0 Address: 0x6d0c2bc0
  Set: 47 Way: 1 Address: 0x12c6fcbd0
  Set: 47 Way: 2 Address: 0x22272fbd0
  Set: 47 Way: 3 Address: 0x5588dbc0
  Set: 47 Way: 4 Address: 0xcf83bbc0
  Set: 47 Way: 5 Address: 0x354d35bc0
  Set: 48 Way: 0 Address: 0x6d0c2c00
  Set: 48 Way: 1 Address: 0x20597ec18
  Set: 48 Way: 2 Address: 0x22272fc02
  Set: 48 Way: 3 Address: 0x34a873c3c
  Set: 48 Way: 4 Address: 0xc67dac32
  Set: 48 Way: 5 Address: 0x5588dc00
  Set: 48 Way: 6 Address: 0xcf83bc00
  Set: 48 Way: 7 Address: 0x354d35c00
  Set: 49 Way: 0 Address: 0x276ff7c54
  Set: 49 Way: 1 Address: 0x22272fc40
  Set: 49 Way: 2 Address: 0x20597ec40
  Set: 49 Way: 3 Address: 0xcf83bc40
  Set: 49 Way: 4 Address: 0x34a873c54
  Set: 49 Way: 5 Address: 0xc67dac40
  Set: 49 Way: 6 Address: 0x5588dc40
  Set: 50 Way: 0 Address: 0x6d0c2cae
  Set: 50 Way: 1 Address: 0x276ff7c80
  Set: 50 Way: 2 Address: 0x20597ec80
  Set: 50 Way: 3 Address: 0xcf83bc80
  Set: 50 Way: 4 Address: 0x34a873c80
  Set: 50 Way: 5 Address: 0x5588dc80
  Set: 51 Way: 0 Address: 0x6d0c2cd6
  Set: 51 Way: 1 Address: 0x22272fcc0
  Set: 51 Way: 2 Address: 0x276ff7cc0
  Set: 51 Way: 3 Address: 0xcf83bcc0
  Set: 51 Way: 4 Address: 0x20597ecc0
  Set: 51 Way: 5 Address: 0x5588dcc0
  Set: 52 Way: 0 Address: 0x6d0c2d00
  Set: 52 Way: 1 Address: 0x22272fd00
  Set: 52 Way: 2 Address: 0xcf83bd00
  Set: 52 Way: 3 Address: 0x276ff7d00
  Set: 52 Way: 4 Address: 0x20597ed00
  Set: 52 Way: 5 Address: 0x5588dd00
  Set: 53 Way: 0 Address: 0x6d0c2d40
  Set: 53 Way: 1 Address: 0x1ab44d64
  Set: 53 Way: 2 Address: 0x22272fd40
  Set: 53 Way: 3 Address: 0x20597ed40
  Set: 53 Way: 4 Address: 0x34a873d40
  Set: 53 Way: 5 Address: 0xc67dad7a
  Set: 53 Way: 6 Address: 0x276ff7d40
  Set: 53 Way: 7 Address: 0xcf83bd40
  Set: 54 Way: 0 Address: 0x22272fd80
  Set: 54 Way: 1 Address: 0x1ab44d80
  Set: 54 Way: 2 Address: 0x20597ed80
  Set: 54 Way: 3 Address: 0x34a873d80
  Set: 54 Way: 4 Address: 0xc67dad82
  Set: 54 Way: 5 Address: 0x276ff7d80
  Set: 54 Way: 6 Address: 0xcf83bd80
  Set: 55 Way: 0 Address: 0x6d0c2dfe
  Set: 55 Way: 1 Address: 0x1ab44dc0
  Set: 55 Way: 2 Address: 0x20597edc0
  Set: 55 Way: 3 Address: 0x34a873dc0
  Set: 55 Way: 4 Address: 0xc67dadc0
  Set: 55 Way: 5 Address: 0xcf83bdc0
  Set: 55 Way: 6 Address: 0x276ff7dc0
  Set: 56 Way: 0 Address: 0x6d0c2e16
  Set: 56 Way: 1 Address: 0x20597ee00
  Set: 56 Way: 2 Address: 0x34a873e00
  Set: 56 Way: 3 Address: 0x1ab44e00
  Set: 56 Way: 4 Address: 0x276ff7e00
  Set: 57 Way: 0 Address: 0x6e620e74
  Set: 57 Way: 1 Address: 0x6d0c2e42
  Set: 57 Way: 2 Address: 0x22272fe7e
  Set: 57 Way: 3 Address: 0x1ab44e40
  Set: 57 Way: 4 Address: 0x20597ee40
  Set: 58 Way: 0 Address: 0x6d0c2e80
  Set: 58 Way: 1 Address: 0x6e620e80
  Set: 58 Way: 2 Address: 0x22272fe96
  Set: 58 Way: 3 Address: 0x1ab44e80
  Set: 58 Way: 4 Address: 0x20597ee80
  Set: 59 Way: 0 Address: 0x6d0c2ec0
  Set: 59 Way: 1 Address: 0x22272fec0
  Set: 59 Way: 2 Address: 0x6e620ec0
  Set: 59 Way: 3 Address: 0xc67daeee
  Set: 59 Way: 4 Address: 0x34a873efe
  Set: 59 Way: 5 Address: 0x20597eec0
  Set: 59 Way: 6 Address: 0x1ab44ec0
  Set: 60 Way: 0 Address: 0x6e620f00
  Set: 60 Way: 1 Address: 0x34a873f14
  Set: 60 Way: 2 Address: 0xc67daf00
  Set: 60 Way: 3 Address: 0x1ab44f00
  Set: 61 Way: 0 Address: 0x2ee369f58
  Set: 61 Way: 1 Address: 0x6d0c2f72
  Set: 61 Way: 2 Address: 0x6e620f40
  Set: 61 Way: 3 Address: 0x34a873f40
  Set: 62 Way: 0 Address: 0x2ee369fa4
  Set: 62 Way: 1 Address: 0x1c084ef84
  Set: 62 Way: 2 Address: 0x6d0c2fa0
  Set: 62 Way: 3 Address: 0x22272ff80
  Set: 62 Way: 4 Address: 0x6e620f80
  Set: 63 Way: 0 Address: 0x1aafb8fe8
  Set: 63 Way: 1 Address: 0x2ee369fc8
  Set: 63 Way: 2 Address: 0x6d0c2fc0
  Set: 63 Way: 3 Address: 0x22272ffc0
  Set: 63 Way: 4 Address: 0x1c084efc0
  Set: 63 Way: 5 Address: 0x6e620fc0
EndCache
Cache: cpu0_ITLB
  Set: 0 Way: 0 Address: 0x4608a0
  Set: 1 Way: 0 Address: 0x441475
EndCache
Cache: cpu0_DTLB
  Set: 0 Way: 0 Address: 0x730650
  Set: 0 Way: 1 Address: 0x28601a0
  Set: 0 Way: 2 Address: 0x1d70a0c
  Set: 0 Way: 3 Address: 0x2210b44
  Set: 1 Way: 0 Address: 0x7618c8
  Set: 1 Way: 1 Address: 0x2211c54
  Set: 1 Way: 2 Address: 0x28610d4
  Set: 2 Way: 0 Address: 0x2212d64
  Set: 2 Way: 1 Address: 0x2862020
  Set: 3 Way: 0 Address: 0x2213e74
  Set: 4 Way: 0 Address: 0x2214f84
  Set: 5 Way: 0 Address: 0x7fff6ec35fc8
  Set: 5 Way: 1 Address: 0x2215004
  Set: 6 Way: 0 Address: 0x7fff6ec36054
  Set: 6 Way: 1 Address: 0x2216094
  Set: 7 Way: 0 Address: 0x22171a4
  Set: 8 Way: 0 Address: 0x22182b4
  Set: 9 Way: 0 Address: 0x22193c4
  Set: 10 Way: 0 Address: 0x221a4d4
  Set: 11 Way: 0 Address: 0x221b5e4
  Set: 12 Way: 0 Address: 0x221c6f4
  Set: 13 Way: 0 Address: 0x221d804
  Set: 13 Way: 1 Address: 0x1d6db08
  Set: 14 Way: 0 Address: 0x220e0e0
  Set: 14 Way: 1 Address: 0x221e914
  Set: 14 Way: 2 Address: 0x1d6ec18
  Set: 15 Way: 0 Address: 0x220fa34
  Set: 15 Way: 1 Address: 0x285f970
EndCache
Cache: LLC
  Set: 3 Way: 0 Address: 0x342b400e8
  Set: 11 Way: 0 Address: 0x28a9402f8
  Set: 57 Way: 0 Address: 0x6e620e74
  Set: 58 Way: 0 Address: 0x6e620e80
  Set: 59 Way: 0 Address: 0x6e620ec0
  Set: 60 Way: 0 Address: 0x6e620f00
  Set: 61 Way: 0 Address: 0x6e620f40
  Set: 62 Way: 0 Address: 0x6e620f80
  Set: 63 Way: 0 Address: 0x6e620fc0
  Set: 98 Way: 0 Address: 0x2a48418a0
  Set: 109 Way: 0 Address: 0x181c81b68
  Set: 128 Way: 0 Address: 0x6d0c203c
  Set: 129 Way: 0 Address: 0x6d0c2040
  Set: 130 Way: 0 Address: 0x1c84e20a0
  Set: 130 Way: 1 Address: 0x6d0c2080
  Set: 131 Way: 0 Address: 0x1064c20e0
  Set: 133 Way: 0 Address: 0x6d0c2140
  Set: 134 Way: 0 Address: 0x6d0c219a
  Set: 135 Way: 0 Address: 0x6d0c21c6
  Set: 136 Way: 0 Address: 0x6d0c2200
  Set: 139 Way: 0 Address: 0x6d0c22fa
  Set: 140 Way: 0 Address: 0x6d0c2304
  Set: 141 Way: 0 Address: 0x6d0c2340
  Set: 145 Way: 0 Address: 0x6d0c245a
  Set: 146 Way: 0 Address: 0x6d0c248c
  Set: 150 Way: 0 Address: 0x6d0c25ba
  Set: 151 Way: 0 Address: 0x6d0c25c0
  Set: 152 Way: 0 Address: 0x6d0c2604
  Set: 156 Way: 0 Address: 0x6d0c271a
  Set: 157 Way: 0 Address: 0x6d0c274c
  Set: 161 Way: 0 Address: 0x6d0c287a
  Set: 162 Way: 0 Address: 0x6d0c2884
  Set: 163 Way: 0 Address: 0x6d0c28c0
  Set: 165 Way: 0 Address: 0x6d0c2940
  Set: 167 Way: 0 Address: 0x6d0c29da
  Set: 168 Way: 0 Address: 0x6d0c2a06
  Set: 170 Way: 0 Address: 0x6d0c2a80
  Set: 172 Way: 0 Address: 0x6d0c2b3a
  Set: 173 Way: 0 Address: 0x6d0c2b42
  Set: 174 Way: 0 Address: 0x6d0c2b84
  Set: 175 Way: 0 Address: 0x6d0c2bc0
  Set: 176 Way: 0 Address: 0x6d0c2c00
  Set: 178 Way: 0 Address: 0x6d0c2ca0
  Set: 179 Way: 0 Address: 0x6d0c2cca
  Set: 180 Way: 0 Address: 0x6d0c2d00
  Set: 181 Way: 0 Address: 0x6d0c2d40
  Set: 183 Way: 0 Address: 0x6d0c2dfa
  Set: 184 Way: 0 Address: 0x6d0c2e00
  Set: 185 Way: 0 Address: 0x6d0c2e40
  Set: 186 Way: 0 Address: 0x6d0c2e80
  Set: 187 Way: 0 Address: 0x6d0c2ec0
  Set: 189 Way: 0 Address: 0x6d0c2f5a
  Set: 190 Way: 0 Address: 0x6d0c2f8a
  Set: 191 Way: 0 Address: 0x6d0c2fc0
  Set: 194 Way: 0 Address: 0x3b08030a8
  Set: 195 Way: 0 Address: 0x3b08030f0
  Set: 300 Way: 0 Address: 0xb8004b08
  Set: 309 Way: 0 Address: 0x1ab44d64
  Set: 310 Way: 0 Address: 0x1ab44d80
  Set: 311 Way: 0 Address: 0x1ab44dc0
  Set: 312 Way: 0 Address: 0x1ab44e00
  Set: 313 Way: 0 Address: 0x1ab44e40
  Set: 314 Way: 0 Address: 0x1ab44e80
  Set: 315 Way: 0 Address: 0x1ab44ec0
  Set: 316 Way: 0 Address: 0x1ab44f00
  Set: 322 Way: 0 Address: 0x2725850a8
  Set: 387 Way: 0 Address: 0x3dae660e0
  Set: 388 Way: 0 Address: 0x3dae66100
  Set: 389 Way: 0 Address: 0x3dae66140
  Set: 392 Way: 0 Address: 0x3dae66200
  Set: 393 Way: 0 Address: 0x3dae66240
  Set: 394 Way: 0 Address: 0x3dae66280
  Set: 395 Way: 0 Address: 0x3dae662c0
  Set: 407 Way: 0 Address: 0x27d4c65e4
  Set: 408 Way: 0 Address: 0x27d4c6600
  Set: 409 Way: 0 Address: 0x27d4c6640
  Set: 410 Way: 0 Address: 0x27d4c6680
  Set: 411 Way: 0 Address: 0x27d4c66c0
  Set: 412 Way: 0 Address: 0x27d4c6700
  Set: 413 Way: 0 Address: 0x27d4c6740
  Set: 414 Way: 0 Address: 0x27d4c6780
  Set: 420 Way: 0 Address: 0x3dae66924
  Set: 420 Way: 1 Address: 0x3d87a6914
  Set: 421 Way: 0 Address: 0x3dae66940
  Set: 421 Way: 1 Address: 0x3d87a6940
  Set: 422 Way: 0 Address: 0x3dae66980
  Set: 422 Way: 1 Address: 0x3d87a6980
  Set: 423 Way: 0 Address: 0x3dae669c0
  Set: 423 Way: 1 Address: 0x3d87a69c0
  Set: 424 Way: 0 Address: 0x3dae66a00
  Set: 424 Way: 1 Address: 0x3d87a6a00
  Set: 425 Way: 0 Address: 0x3dae66a40
  Set: 425 Way: 1 Address: 0x3d87a6a40
  Set: 426 Way: 0 Address: 0x3dae66a80
  Set: 426 Way: 1 Address: 0x3d87a6a80
  Set: 427 Way: 0 Address: 0x3dae66ac0
  Set: 427 Way: 1 Address: 0x3d87a6ac0
  Set: 451 Way: 0 Address: 0xbeea70d0
  Set: 473 Way: 0 Address: 0x309887650
  Set: 576 Way: 0 Address: 0x2fa0c9000
  Set: 577 Way: 0 Address: 0x2fa0c9040
  Set: 578 Way: 0 Address: 0x2fa0c9080
  Set: 579 Way: 0 Address: 0x2fa0c90c0
  Set: 580 Way: 0 Address: 0x2fa0c9100
  Set: 581 Way: 0 Address: 0x2fa0c9140
  Set: 587 Way: 0 Address: 0x2c87492f8
  Set: 588 Way: 0 Address: 0x2c8749310
  Set: 637 Way: 0 Address: 0x2ee369f58
  Set: 638 Way: 0 Address: 0x2ee369fbc
  Set: 639 Way: 0 Address: 0x2ee369ff0
  Set: 877 Way: 0 Address: 0x5588db44
  Set: 878 Way: 0 Address: 0x5588db80
  Set: 879 Way: 0 Address: 0x5588dbc0
  Set: 880 Way: 0 Address: 0x5588dc00
  Set: 881 Way: 0 Address: 0x5588dc40
  Set: 882 Way: 0 Address: 0x5588dc80
  Set: 883 Way: 0 Address: 0x5588dcc0
  Set: 884 Way: 0 Address: 0x5588dd00
  Set: 896 Way: 0 Address: 0x2f5d8e000
  Set: 896 Way: 1 Address: 0x1c084e000
  Set: 897 Way: 0 Address: 0x2f5d8e040
  Set: 897 Way: 1 Address: 0x1c084e040
  Set: 898 Way: 0 Address: 0x2f5d8e080
  Set: 899 Way: 0 Address: 0x2f5d8e0c0
  Set: 900 Way: 0 Address: 0x2f5d8e100
  Set: 901 Way: 0 Address: 0x2f5d8e140
  Set: 902 Way: 0 Address: 0x2f5d8e180
  Set: 903 Way: 0 Address: 0x2f5d8e1c0
  Set: 904 Way: 0 Address: 0x2f5d8e200
  Set: 905 Way: 0 Address: 0x2f5d8e240
  Set: 906 Way: 0 Address: 0x2f5d8e280
  Set: 907 Way: 0 Address: 0x2f5d8e2c0
  Set: 908 Way: 0 Address: 0x3734ee300
  Set: 958 Way: 0 Address: 0x1c084ef84
  Set: 959 Way: 0 Address: 0x1c084efc0
  Set: 961 Way: 0 Address: 0x143ef070
  Set: 962 Way: 0 Address: 0xee86f088
  Set: 962 Way: 1 Address: 0x143ef080
  Set: 962 Way: 2 Address: 0x22272f0ba
  Set: 963 Way: 0 Address: 0x22272f0c0
  Set: 964 Way: 0 Address: 0x22272f100
  Set: 968 Way: 0 Address: 0x22272f21e
  Set: 969 Way: 0 Address: 0x22272f24c
  Set: 973 Way: 0 Address: 0x22272f37a
  Set: 974 Way: 0 Address: 0x22272f380
  Set: 975 Way: 0 Address: 0x22272f3c0
  Set: 979 Way: 0 Address: 0x22272f4da
  Set: 980 Way: 0 Address: 0x22272f506
  Set: 984 Way: 0 Address: 0x22272f63a
  Set: 985 Way: 0 Address: 0x22272f640
  Set: 986 Way: 0 Address: 0x22272f680
  Set: 987 Way: 0 Address: 0x23756f6f4
  Set: 988 Way: 0 Address: 0x22272f700
  Set: 988 Way: 1 Address: 0x23756f700
  Set: 989 Way: 0 Address: 0x23756f740
  Set: 990 Way: 0 Address: 0x22272f79c
  Set: 990 Way: 1 Address: 0x23756f780
  Set: 991 Way: 0 Address: 0x22272f7c0
  Set: 991 Way: 1 Address: 0x23756f7c0
  Set: 992 Way: 0 Address: 0x23756f800
  Set: 993 Way: 0 Address: 0x22272f840
  Set: 993 Way: 1 Address: 0x23756f840
  Set: 994 Way: 0 Address: 0x23756f880
  Set: 995 Way: 0 Address: 0x16390f8c8
  Set: 995 Way: 1 Address: 0x22272f8fa
  Set: 996 Way: 0 Address: 0x22272f902
  Set: 997 Way: 0 Address: 0x22272f940
  Set: 998 Way: 0 Address: 0x22272f980
  Set: 999 Way: 0 Address: 0x22272f9c0
  Set: 1000 Way: 0 Address: 0x22272fa00
  Set: 1001 Way: 0 Address: 0x22272fa40
  Set: 1002 Way: 0 Address: 0x22272fa80
  Set: 1003 Way: 0 Address: 0x22272fac0
  Set: 1004 Way: 0 Address: 0x22272fb00
  Set: 1006 Way: 0 Address: 0x22272fbba
  Set: 1007 Way: 0 Address: 0x22272fbc4
  Set: 1008 Way: 0 Address: 0x22272fc02
  Set: 1009 Way: 0 Address: 0x22272fc40
  Set: 1011 Way: 0 Address: 0x22272fcc0
  Set: 1012 Way: 0 Address: 0x22272fd00
  Set: 1013 Way: 0 Address: 0x22272fd40
  Set: 1014 Way: 0 Address: 0x22272fd80
  Set: 1017 Way: 0 Address: 0x22272fe7a
  Set: 1018 Way: 0 Address: 0x22272fe80
  Set: 1019 Way: 0 Address: 0x22272fec0
  Set: 1022 Way: 0 Address: 0x22272ff80
  Set: 1023 Way: 0 Address: 0x22272ffc0
  Set: 1026 Way: 0 Address: 0x2177f00b8
  Set: 1036 Way: 0 Address: 0x14bb10308
  Set: 1154 Way: 0 Address: 0x133c92094
  Set: 1155 Way: 0 Address: 0x133c920c0
  Set: 1156 Way: 0 Address: 0x133c92100
  Set: 1157 Way: 0 Address: 0x133c92140
  Set: 1158 Way: 0 Address: 0x1995f21a8
  Set: 1158 Way: 1 Address: 0x133c92180
  Set: 1159 Way: 0 Address: 0x133c921c0
  Set: 1160 Way: 0 Address: 0x133c92200
  Set: 1161 Way: 0 Address: 0x133c92240
  Set: 1166 Way: 0 Address: 0x9cff2390
  Set: 1167 Way: 0 Address: 0x9cff23f5
  Set: 1168 Way: 0 Address: 0x9cff2405
  Set: 1169 Way: 0 Address: 0x9cff2446
  Set: 1170 Way: 0 Address: 0x9cff2482
  Set: 1171 Way: 0 Address: 0x9cff24c1
  Set: 1172 Way: 0 Address: 0x9cff2501
  Set: 1173 Way: 0 Address: 0x9cff2543
  Set: 1174 Way: 0 Address: 0x9cff2580
  Set: 1175 Way: 0 Address: 0x9cff25c8
  Set: 1176 Way: 0 Address: 0x9cff2600
  Set: 1177 Way: 0 Address: 0x9cff2645
  Set: 1216 Way: 0 Address: 0x3c56b3018
  Set: 1216 Way: 1 Address: 0x34a873008
  Set: 1217 Way: 0 Address: 0x34a873040
  Set: 1218 Way: 0 Address: 0x2b2e930b0
  Set: 1220 Way: 0 Address: 0x34a873100
  Set: 1221 Way: 0 Address: 0x34a873140
  Set: 1222 Way: 0 Address: 0x34a873180
  Set: 1225 Way: 0 Address: 0x34a873240
  Set: 1226 Way: 0 Address: 0x34a873280
  Set: 1227 Way: 0 Address: 0x34a8732c0
  Set: 1228 Way: 0 Address: 0x34a873300
  Set: 1231 Way: 0 Address: 0x34a8733c0
  Set: 1232 Way: 0 Address: 0x34a873402
  Set: 1233 Way: 0 Address: 0x34a873440
  Set: 1234 Way: 0 Address: 0x34a873480
  Set: 1235 Way: 0 Address: 0x3232f34d4
  Set: 1236 Way: 0 Address: 0x3232f3500
  Set: 1236 Way: 1 Address: 0x34a873500
  Set: 1237 Way: 0 Address: 0x34a873540
  Set: 1237 Way: 1 Address: 0x3232f3540
  Set: 1238 Way: 0 Address: 0x34a873580
  Set: 1238 Way: 1 Address: 0x3232f3580
  Set: 1239 Way: 0 Address: 0x34a8735c0
  Set: 1239 Way: 1 Address: 0x3232f35c0
  Set: 1240 Way: 0 Address: 0x3232f3600
  Set: 1241 Way: 0 Address: 0x3232f3640
  Set: 1242 Way: 0 Address: 0x34a873680
  Set: 1242 Way: 1 Address: 0x3232f3680
  Set: 1243 Way: 0 Address: 0x34a8736c0
  Set: 1244 Way: 0 Address: 0x34a873700
  Set: 1245 Way: 0 Address: 0x34a873740
  Set: 1247 Way: 0 Address: 0x34a8737c0
  Set: 1248 Way: 0 Address: 0x257713804
  Set: 1248 Way: 1 Address: 0x34a873800
  Set: 1249 Way: 0 Address: 0x257713840
  Set: 1249 Way: 1 Address: 0x34a873840
  Set: 1250 Way: 0 Address: 0x34a873880
  Set: 1250 Way: 1 Address: 0x257713880
  Set: 1251 Way: 0 Address: 0x2577138c0
  Set: 1252 Way: 0 Address: 0x257713900
  Set: 1253 Way: 0 Address: 0x34a873940
  Set: 1253 Way: 1 Address: 0x257713940
  Set: 1254 Way: 0 Address: 0x34a873980
  Set: 1254 Way: 1 Address: 0x257713980
  Set: 1255 Way: 0 Address: 0x34a8739c0
  Set: 1255 Way: 1 Address: 0x2577139c0
  Set: 1256 Way: 0 Address: 0x34a873a00
  Set: 1258 Way: 0 Address: 0x34a873a80
  Set: 1259 Way: 0 Address: 0x34a873ac0
  Set: 1260 Way: 0 Address: 0x34a873b00
  Set: 1261 Way: 0 Address: 0x34a873b40
  Set: 1264 Way: 0 Address: 0x34a873c00
  Set: 1265 Way: 0 Address: 0x34a873c40
  Set: 1266 Way: 0 Address: 0x34a873c80
  Set: 1267 Way: 0 Address: 0x34a873cc0
  Set: 1269 Way: 0 Address: 0x34a873d40
  Set: 1270 Way: 0 Address: 0x34a873d80
  Set: 1271 Way: 0 Address: 0x34a873dc0
  Set: 1272 Way: 0 Address: 0x34a873e00
  Set: 1275 Way: 0 Address: 0x34a873ec0
  Set: 1276 Way: 0 Address: 0x34a873f00
  Set: 1277 Way: 0 Address: 0x34a873f40
  Set: 1278 Way: 0 Address: 0x34a873f80
  Set: 1282 Way: 0 Address: 0x3c1074080
  Set: 1292 Way: 0 Address: 0x3de4d4300
  Set: 1344 Way: 0 Address: 0x195f15000
  Set: 1359 Way: 0 Address: 0x1b0f153c4
  Set: 1360 Way: 0 Address: 0x1b0f15400
  Set: 1361 Way: 0 Address: 0x1b0f15440
  Set: 1362 Way: 0 Address: 0x1b0f15480
  Set: 1363 Way: 0 Address: 0x1b0f154c0
  Set: 1364 Way: 0 Address: 0x1b0f15500
  Set: 1365 Way: 0 Address: 0x1b0f15540
  Set: 1366 Way: 0 Address: 0x1b0f15580
  Set: 1384 Way: 0 Address: 0x354d35a34
  Set: 1385 Way: 0 Address: 0x354d35a40
  Set: 1386 Way: 0 Address: 0x354d35a80
  Set: 1387 Way: 0 Address: 0x354d35ac0
  Set: 1388 Way: 0 Address: 0x354d35b00
  Set: 1389 Way: 0 Address: 0x354d35b40
  Set: 1390 Way: 0 Address: 0x354d35b80
  Set: 1391 Way: 0 Address: 0x354d35bc0
  Set: 1392 Way: 0 Address: 0x354d35c00
  Set: 1410 Way: 0 Address: 0x211d160a0
  Set: 1410 Way: 1 Address: 0x84896098
  Set: 1411 Way: 0 Address: 0x211d160c0
  Set: 1446 Way: 0 Address: 0x43736980
  Set: 1521 Way: 0 Address: 0x276ff7c54
  Set: 1522 Way: 0 Address: 0x276ff7c80
  Set: 1523 Way: 0 Address: 0x276ff7cc0
  Set: 1524 Way: 0 Address: 0x276ff7d00
  Set: 1525 Way: 0 Address: 0x276ff7d40
  Set: 1526 Way: 0 Address: 0x276ff7d80
  Set: 1527 Way: 0 Address: 0x276ff7dc0
  Set: 1528 Way: 0 Address: 0x276ff7e00
  Set: 1537 Way: 0 Address: 0x201598070
  Set: 1538 Way: 0 Address: 0x201598088
  Set: 1542 Way: 0 Address: 0x3bdd781a4
  Set: 1543 Way: 0 Address: 0x3bdd781c0
  Set: 1544 Way: 0 Address: 0x3bdd78200
  Set: 1545 Way: 0 Address: 0x3bdd78240
  Set: 1546 Way: 0 Address: 0x2c98982b4
  Set: 1546 Way: 1 Address: 0x3bdd78280
  Set: 1547 Way: 0 Address: 0x2c98982c0
  Set: 1547 Way: 1 Address: 0x3bdd782c0
  Set: 1548 Way: 0 Address: 0x2c9898300
  Set: 1548 Way: 1 Address: 0x3bdd78300
  Set: 1549 Way: 0 Address: 0x2c9898340
  Set: 1549 Way: 1 Address: 0x3bdd78340
  Set: 1550 Way: 0 Address: 0x2c9898380
  Set: 1551 Way: 0 Address: 0x2c98983c0
  Set: 1552 Way: 0 Address: 0x2c9898400
  Set: 1553 Way: 0 Address: 0x2c9898440
  Set: 1554 Way: 0 Address: 0x2c9898480
  Set: 1581 Way: 0 Address: 0xc7078b70
  Set: 1582 Way: 0 Address: 0xc7078b80
  Set: 1599 Way: 0 Address: 0x1aafb8fe8
  Set: 1645 Way: 0 Address: 0x312099b70
  Set: 1646 Way: 0 Address: 0x292959bb0
  Set: 1672 Way: 0 Address: 0x1d89da208
  Set: 1695 Way: 0 Address: 0x223eda7f8
  Set: 1701 Way: 0 Address: 0xc67da95a
  Set: 1702 Way: 0 Address: 0xc67da980
  Set: 1703 Way: 0 Address: 0xc67da9c0
  Set: 1706 Way: 0 Address: 0xc67daabc
  Set: 1707 Way: 0 Address: 0xc67daac0
  Set: 1708 Way: 0 Address: 0xc67dab00
  Set: 1712 Way: 0 Address: 0xc67dac1e
  Set: 1713 Way: 0 Address: 0xc67dac40
  Set: 1717 Way: 0 Address: 0xc67dad7c
  Set: 1718 Way: 0 Address: 0xc67dad80
  Set: 1719 Way: 0 Address: 0xc67dadc0
  Set: 1720 Way: 0 Address: 0xc67dae00
  Set: 1723 Way: 0 Address: 0xc67daee0
  Set: 1724 Way: 0 Address: 0xc67daf00
  Set: 1730 Way: 0 Address: 0x394edb088
  Set: 1731 Way: 0 Address: 0x3b377b0c8
  Set: 1731 Way: 1 Address: 0xc0d9b0d8
  Set: 1772 Way: 0 Address: 0xcf83bb08
  Set: 1773 Way: 0 Address: 0xcf83bb40
  Set: 1774 Way: 0 Address: 0xcf83bb80
  Set: 1775 Way: 0 Address: 0xcf83bbc0
  Set: 1776 Way: 0 Address: 0xcf83bc00
  Set: 1777 Way: 0 Address: 0xcf83bc40
  Set: 1778 Way: 0 Address: 0xcf83bc80
  Set: 1779 Way: 0 Address: 0xcf83bcc0
  Set: 1780 Way: 0 Address: 0xcf83bd00
  Set: 1781 Way: 0 Address: 0xcf83bd40
  Set: 1782 Way: 0 Address: 0xcf83bd80
  Set: 1783 Way: 0 Address: 0xcf83bdc0
  Set: 1792 Way: 0 Address: 0xdf85c000
  Set: 1793 Way: 0 Address: 0x38e35c078
  Set: 1824 Way: 0 Address: 0x12c6fc800
  Set: 1825 Way: 0 Address: 0x12c6fc840
  Set: 1826 Way: 0 Address: 0x12c6fc880
  Set: 1827 Way: 0 Address: 0x12c6fc8c0
  Set: 1828 Way: 0 Address: 0x12c6fc914
  Set: 1829 Way: 0 Address: 0x12c6fc974
  Set: 1830 Way: 0 Address: 0x12c6fc9a4
  Set: 1831 Way: 0 Address: 0x12c6fc9fc
  Set: 1832 Way: 0 Address: 0x12c6fca14
  Set: 1833 Way: 0 Address: 0x12c6fca48
  Set: 1834 Way: 0 Address: 0x12c6fcab8
  Set: 1835 Way: 0 Address: 0x12c6fcaf4
  Set: 1836 Way: 0 Address: 0x12c6fcb2c
  Set: 1837 Way: 0 Address: 0x12c6fcb40
  Set: 1838 Way: 0 Address: 0x12c6fcb98
  Set: 1839 Way: 0 Address: 0x12c6fcbd0
  Set: 1858 Way: 0 Address: 0x1add090
  Set: 1862 Way: 0 Address: 0x23755d1b0
  Set: 1920 Way: 0 Address: 0x28b67e000
  Set: 1920 Way: 1 Address: 0x1f919e010
  Set: 1921 Way: 0 Address: 0x1f919e070
  Set: 1922 Way: 0 Address: 0x1f919e0a0
  Set: 1923 Way: 0 Address: 0x2db79e0c0
  Set: 1951 Way: 0 Address: 0x28b67e7f8
  Set: 1968 Way: 0 Address: 0x20597ec18
  Set: 1969 Way: 0 Address: 0x20597ec40
  Set: 1970 Way: 0 Address: 0x20597ec80
  Set: 1971 Way: 0 Address: 0x20597ecc0
  Set: 1972 Way: 0 Address: 0x20597ed00
  Set: 1973 Way: 0 Address: 0x20597ed40
  Set: 1974 Way: 0 Address: 0x20597ed80
  Set: 1975 Way: 0 Address: 0x20597edc0
  Set: 1976 Way: 0 Address: 0x20597ee00
  Set: 1977 Way: 0 Address: 0x20597ee40
  Set: 1978 Way: 0 Address: 0x20597ee80
  Set: 1979 Way: 0 Address: 0x20597eec0
EndCache
