Cache: cpu0_STLB
  Set: 6 Way: 0 Address: 0x4067e0
  Set: 15 Way: 0 Address: 0x40ff62
  Set: 20 Way: 0 Address: 0x7940c0
  Set: 24 Way: 0 Address: 0x7fd2fa618588
  Set: 25 Way: 0 Address: 0x7fd2fa619088
  Set: 26 Way: 0 Address: 0x7fd2fa61a280
  Set: 30 Way: 0 Address: 0x279e1d0
  Set: 62 Way: 0 Address: 0x43e80b
  Set: 69 Way: 0 Address: 0x7ffedb245138
  Set: 93 Way: 0 Address: 0x275dc40
  Set: 96 Way: 0 Address: 0x2760a60
  Set: 102 Way: 0 Address: 0x7fd2fa366580
  Set: 103 Way: 0 Address: 0x7fd2fa367080
  Set: 103 Way: 1 Address: 0x21e7de0
  Set: 104 Way: 0 Address: 0x7fd2fa368280
EndCache
Cache: cpu0_L2C
  Set: 65 Way: 0 Address: 0x113201078
  Set: 71 Way: 0 Address: 0x1132011f0
  Set: 105 Way: 0 Address: 0x2a4841a58
  Set: 115 Way: 0 Address: 0xf6e81cf0
  Set: 135 Way: 0 Address: 0x6d0c21d0
  Set: 136 Way: 0 Address: 0x6d0c2200
  Set: 137 Way: 0 Address: 0x6d0c2240
  Set: 138 Way: 0 Address: 0x6d0c2280
  Set: 140 Way: 0 Address: 0x6d0c2300
  Set: 141 Way: 0 Address: 0x6d0c2340
  Set: 142 Way: 0 Address: 0x6d0c2380
  Set: 143 Way: 0 Address: 0x6d0c23c0
  Set: 171 Way: 0 Address: 0x1995f2ae8
  Set: 172 Way: 0 Address: 0x1c84e2b38
  Set: 191 Way: 0 Address: 0x9cff2fd8
  Set: 194 Way: 0 Address: 0x2b2e93088
  Set: 195 Way: 0 Address: 0x2b2e930c1
  Set: 196 Way: 0 Address: 0x2b2e93102
  Set: 197 Way: 0 Address: 0x2b2e93140
  Set: 198 Way: 0 Address: 0x2b2e93180
  Set: 205 Way: 0 Address: 0x2b2e93348
  Set: 206 Way: 0 Address: 0x2b2e93380
  Set: 207 Way: 0 Address: 0x2b2e933c2
  Set: 208 Way: 0 Address: 0x2b2e93400
  Set: 209 Way: 0 Address: 0x2b2e93440
  Set: 216 Way: 0 Address: 0x2b2e93608
  Set: 217 Way: 0 Address: 0x2b2e93640
  Set: 218 Way: 0 Address: 0x2b2e93682
  Set: 219 Way: 0 Address: 0x3c56b36c8
  Set: 219 Way: 1 Address: 0x2b2e936c0
  Set: 220 Way: 0 Address: 0x2b2e93700
  Set: 223 Way: 0 Address: 0x263c137f8
  Set: 227 Way: 0 Address: 0x2b2e938c8
  Set: 228 Way: 0 Address: 0x2b2e93900
  Set: 229 Way: 0 Address: 0x2b2e93942
  Set: 230 Way: 0 Address: 0x2b2e93980
  Set: 231 Way: 0 Address: 0x2b2e939c0
  Set: 233 Way: 0 Address: 0x2b2e93a40
  Set: 234 Way: 0 Address: 0x2b2e93a80
  Set: 235 Way: 0 Address: 0x2b2e93ac0
  Set: 236 Way: 0 Address: 0x2b2e93b00
  Set: 237 Way: 0 Address: 0x2b2e93b40
  Set: 238 Way: 0 Address: 0x2b2e93b81
  Set: 239 Way: 0 Address: 0x2b2e93bc0
  Set: 244 Way: 0 Address: 0x2b2e93d00
  Set: 245 Way: 0 Address: 0x2b2e93d41
  Set: 246 Way: 0 Address: 0x2b2e93d80
  Set: 247 Way: 0 Address: 0x2b2e93dc1
  Set: 248 Way: 0 Address: 0x2b2e93e02
  Set: 249 Way: 0 Address: 0x2b2e93e40
  Set: 250 Way: 0 Address: 0x2b2e93e80
  Set: 251 Way: 0 Address: 0x2b2e93ec0
  Set: 252 Way: 0 Address: 0x2b2e93f00
  Set: 253 Way: 0 Address: 0x2b2e93f40
  Set: 255 Way: 0 Address: 0x2b2e93fc0
  Set: 256 Way: 0 Address: 0x3de4d4030
  Set: 258 Way: 0 Address: 0xb8004080
  Set: 259 Way: 0 Address: 0x3c10740c0
  Set: 263 Way: 0 Address: 0x3de4d41f0
  Set: 300 Way: 0 Address: 0x129934b30
  Set: 301 Way: 0 Address: 0x129934b40
  Set: 314 Way: 0 Address: 0x397bb4e88
  Set: 320 Way: 0 Address: 0x195f15010
  Set: 322 Way: 0 Address: 0x195f15098
  Set: 323 Way: 0 Address: 0x354d350c8
  Set: 384 Way: 0 Address: 0x43736018
  Set: 384 Way: 1 Address: 0x211d16000
  Set: 385 Way: 0 Address: 0x211d16040
  Set: 386 Way: 0 Address: 0x43736098
  Set: 386 Way: 1 Address: 0x211d16080
  Set: 387 Way: 0 Address: 0x211d160c0
  Set: 388 Way: 0 Address: 0x211d16100
  Set: 389 Way: 0 Address: 0x211d16140
  Set: 394 Way: 0 Address: 0x211d16280
  Set: 395 Way: 0 Address: 0x211d162c0
  Set: 396 Way: 0 Address: 0x211d16300
  Set: 397 Way: 0 Address: 0x211d16340
  Set: 398 Way: 0 Address: 0x211d16380
  Set: 399 Way: 0 Address: 0x211d163c0
  Set: 400 Way: 0 Address: 0x211d16400
  Set: 405 Way: 0 Address: 0x211d16540
  Set: 406 Way: 0 Address: 0x211d16580
  Set: 407 Way: 0 Address: 0x211d165c0
  Set: 408 Way: 0 Address: 0x211d16600
  Set: 409 Way: 0 Address: 0x211d16640
  Set: 410 Way: 0 Address: 0x211d16680
  Set: 411 Way: 0 Address: 0x211d166c0
  Set: 415 Way: 0 Address: 0x3dae667e0
  Set: 416 Way: 0 Address: 0x211d16800
  Set: 417 Way: 0 Address: 0x211d16840
  Set: 418 Way: 0 Address: 0x211d16880
  Set: 419 Way: 0 Address: 0x211d168c0
  Set: 420 Way: 0 Address: 0x211d16900
  Set: 421 Way: 0 Address: 0x211d16940
  Set: 422 Way: 0 Address: 0x211d16980
  Set: 423 Way: 0 Address: 0x3dae669c5
  Set: 424 Way: 0 Address: 0x3dae66a03
  Set: 425 Way: 0 Address: 0x3dae66a45
  Set: 426 Way: 0 Address: 0x3dae66a81
  Set: 427 Way: 0 Address: 0x3dae66ac0
  Set: 427 Way: 1 Address: 0x211d16ac0
  Set: 428 Way: 0 Address: 0x211d16b00
  Set: 429 Way: 0 Address: 0x84896b40
  Set: 429 Way: 1 Address: 0x211d16b40
  Set: 430 Way: 0 Address: 0x211d16b80
  Set: 431 Way: 0 Address: 0x211d16bc0
  Set: 432 Way: 0 Address: 0x211d16c00
  Set: 433 Way: 0 Address: 0x211d16c40
  Set: 438 Way: 0 Address: 0x211d16d80
  Set: 439 Way: 0 Address: 0x211d16dc0
  Set: 440 Way: 0 Address: 0x211d16e00
  Set: 441 Way: 0 Address: 0x211d16e40
  Set: 442 Way: 0 Address: 0x211d16e80
  Set: 443 Way: 0 Address: 0x211d16ec0
  Set: 444 Way: 0 Address: 0x211d16f00
  Set: 451 Way: 0 Address: 0x276ff70d0
  Set: 491 Way: 0 Address: 0x309887ae8
  Set: 492 Way: 0 Address: 0x309887b00
  Set: 514 Way: 0 Address: 0x1aafb8080
  Set: 515 Way: 0 Address: 0x2015980f0
  Set: 515 Way: 1 Address: 0x1aafb80c0
  Set: 516 Way: 0 Address: 0x201598138
  Set: 516 Way: 1 Address: 0x1aafb8100
  Set: 517 Way: 0 Address: 0x201598140
  Set: 517 Way: 1 Address: 0x1aafb8140
  Set: 518 Way: 0 Address: 0x2015981a0
  Set: 518 Way: 1 Address: 0x1aafb8180
  Set: 519 Way: 0 Address: 0x2015981d8
  Set: 520 Way: 0 Address: 0x201598228
  Set: 521 Way: 0 Address: 0x201598260
  Set: 522 Way: 0 Address: 0x201598280
  Set: 525 Way: 0 Address: 0x1aafb8340
  Set: 526 Way: 0 Address: 0x1aafb8380
  Set: 527 Way: 0 Address: 0x1aafb83c0
  Set: 528 Way: 0 Address: 0x1aafb8400
  Set: 529 Way: 0 Address: 0x1aafb8440
  Set: 534 Way: 0 Address: 0xc7078580
  Set: 535 Way: 0 Address: 0xc70785c0
  Set: 536 Way: 0 Address: 0x1aafb8600
  Set: 536 Way: 1 Address: 0xc7078606
  Set: 537 Way: 0 Address: 0x1aafb8640
  Set: 537 Way: 1 Address: 0xc7078640
  Set: 538 Way: 0 Address: 0x1aafb8680
  Set: 538 Way: 1 Address: 0xc7078680
  Set: 539 Way: 0 Address: 0x1aafb86c0
  Set: 540 Way: 0 Address: 0x1aafb8700
  Set: 545 Way: 0 Address: 0xc7078840
  Set: 546 Way: 0 Address: 0xc7078880
  Set: 547 Way: 0 Address: 0x1aafb88c0
  Set: 547 Way: 1 Address: 0xc70788c0
  Set: 548 Way: 0 Address: 0x1aafb8900
  Set: 548 Way: 1 Address: 0xc7078900
  Set: 549 Way: 0 Address: 0x1aafb8940
  Set: 549 Way: 1 Address: 0xc7078940
  Set: 550 Way: 0 Address: 0x1aafb8980
  Set: 551 Way: 0 Address: 0x1aafb89c0
  Set: 553 Way: 0 Address: 0x1aafb8a40
  Set: 554 Way: 0 Address: 0x1aafb8a80
  Set: 555 Way: 0 Address: 0x1aafb8ac0
  Set: 556 Way: 0 Address: 0xc7078b00
  Set: 556 Way: 1 Address: 0x1aafb8b06
  Set: 557 Way: 0 Address: 0xc7078b40
  Set: 557 Way: 1 Address: 0x1aafb8b40
  Set: 558 Way: 0 Address: 0xc7078b80
  Set: 558 Way: 1 Address: 0x1aafb8b86
  Set: 559 Way: 0 Address: 0xc7078bc0
  Set: 559 Way: 1 Address: 0x1aafb8bc0
  Set: 560 Way: 0 Address: 0xc7078c00
  Set: 564 Way: 0 Address: 0x1aafb8d00
  Set: 565 Way: 0 Address: 0x1aafb8d40
  Set: 566 Way: 0 Address: 0x1aafb8d80
  Set: 567 Way: 0 Address: 0xc7078dc0
  Set: 567 Way: 1 Address: 0x1aafb8dc0
  Set: 568 Way: 0 Address: 0xc7078e00
  Set: 568 Way: 1 Address: 0x1aafb8e00
  Set: 569 Way: 0 Address: 0x1aafb8e40
  Set: 569 Way: 1 Address: 0xc7078e40
  Set: 570 Way: 0 Address: 0x1aafb8e80
  Set: 570 Way: 1 Address: 0xc7078e80
  Set: 571 Way: 0 Address: 0x1aafb8ec0
  Set: 571 Way: 1 Address: 0xc7078ec0
  Set: 572 Way: 0 Address: 0x1aafb8f00
  Set: 573 Way: 0 Address: 0x1aafb8f40
  Set: 575 Way: 0 Address: 0x1aafb8fc0
  Set: 576 Way: 0 Address: 0x2ee369018
  Set: 636 Way: 0 Address: 0x292959f38
  Set: 640 Way: 0 Address: 0x229b9a000
  Set: 669 Way: 0 Address: 0x223eda770
  Set: 670 Way: 0 Address: 0x223eda7b0
  Set: 671 Way: 0 Address: 0x223eda7c1
  Set: 672 Way: 0 Address: 0x223eda80b
  Set: 673 Way: 0 Address: 0x223eda842
  Set: 726 Way: 0 Address: 0x394edb588
  Set: 727 Way: 0 Address: 0x394edb5c1
  Set: 728 Way: 0 Address: 0x394edb601
  Set: 729 Way: 0 Address: 0x394edb640
  Set: 730 Way: 0 Address: 0x394edb680
  Set: 737 Way: 0 Address: 0x394edb848
  Set: 738 Way: 0 Address: 0x394edb882
  Set: 739 Way: 0 Address: 0x394edb8c0
  Set: 740 Way: 0 Address: 0x394edb901
  Set: 741 Way: 0 Address: 0x394edb942
  Set: 748 Way: 0 Address: 0x394edbb08
  Set: 749 Way: 0 Address: 0x394edbb40
  Set: 750 Way: 0 Address: 0x394edbb82
  Set: 751 Way: 0 Address: 0x394edbbc0
  Set: 752 Way: 0 Address: 0x394edbc00
  Set: 759 Way: 0 Address: 0x394edbdc8
  Set: 760 Way: 0 Address: 0x394edbe00
  Set: 761 Way: 0 Address: 0x394edbe42
  Set: 762 Way: 0 Address: 0x394edbe80
  Set: 763 Way: 0 Address: 0x394edbec0
  Set: 768 Way: 0 Address: 0xdf85c000
  Set: 776 Way: 0 Address: 0x29484c228
  Set: 809 Way: 0 Address: 0x12c6fca60
  Set: 826 Way: 0 Address: 0x38e35ce98
  Set: 832 Way: 0 Address: 0x1add000
  Set: 833 Way: 0 Address: 0x1add040
  Set: 834 Way: 0 Address: 0x1add082
  Set: 835 Way: 0 Address: 0x1add0c0
  Set: 836 Way: 0 Address: 0x1add102
  Set: 837 Way: 0 Address: 0x1add140
  Set: 842 Way: 0 Address: 0x1add280
  Set: 843 Way: 0 Address: 0x1add2c0
  Set: 844 Way: 0 Address: 0x1add300
  Set: 845 Way: 0 Address: 0x1add342
  Set: 846 Way: 0 Address: 0x1add380
  Set: 847 Way: 0 Address: 0x1add3c2
  Set: 848 Way: 0 Address: 0x1add400
  Set: 853 Way: 0 Address: 0x1add540
  Set: 854 Way: 0 Address: 0x1add580
  Set: 855 Way: 0 Address: 0x1add5c0
  Set: 856 Way: 0 Address: 0x1add602
  Set: 857 Way: 0 Address: 0x1add641
  Set: 858 Way: 0 Address: 0x1add682
  Set: 859 Way: 0 Address: 0x1add6c0
  Set: 864 Way: 0 Address: 0x1add800
  Set: 865 Way: 0 Address: 0x1add840
  Set: 866 Way: 0 Address: 0x1add880
  Set: 867 Way: 0 Address: 0x1add8c2
  Set: 868 Way: 0 Address: 0x1add900
  Set: 869 Way: 0 Address: 0x1add942
  Set: 870 Way: 0 Address: 0x1add980
  Set: 875 Way: 0 Address: 0x1addac0
  Set: 876 Way: 0 Address: 0x1addb00
  Set: 877 Way: 0 Address: 0x1addb40
  Set: 878 Way: 0 Address: 0x1addb82
  Set: 879 Way: 0 Address: 0x1addbc0
  Set: 880 Way: 0 Address: 0x23755dc30
  Set: 880 Way: 1 Address: 0x1addc02
  Set: 881 Way: 0 Address: 0x23755dc40
  Set: 881 Way: 1 Address: 0x1addc40
  Set: 886 Way: 0 Address: 0x1addd80
  Set: 887 Way: 0 Address: 0x1adddc0
  Set: 888 Way: 0 Address: 0x1adde00
  Set: 889 Way: 0 Address: 0x1adde40
  Set: 890 Way: 0 Address: 0x1adde80
  Set: 891 Way: 0 Address: 0x1addec0
  Set: 892 Way: 0 Address: 0x1addf00
  Set: 896 Way: 0 Address: 0x28b67e000
  Set: 927 Way: 0 Address: 0x28b67e7f8
  Set: 945 Way: 0 Address: 0x1f919ec70
  Set: 946 Way: 0 Address: 0x1f919ec89
  Set: 946 Way: 1 Address: 0x2f5d8eca0
  Set: 947 Way: 0 Address: 0x1f919ecd0
  Set: 948 Way: 0 Address: 0x1f919ed02
  Set: 949 Way: 0 Address: 0x1f919ed41
  Set: 950 Way: 0 Address: 0x1f919ed83
  Set: 951 Way: 0 Address: 0x1f919edc1
  Set: 952 Way: 0 Address: 0x1f919ee01
  Set: 953 Way: 0 Address: 0x1f919ee41
  Set: 954 Way: 0 Address: 0x1f919ee81
  Set: 955 Way: 0 Address: 0x1f919eec2
  Set: 956 Way: 0 Address: 0x1f919ef04
  Set: 957 Way: 0 Address: 0x1f919ef62
  Set: 958 Way: 0 Address: 0x1f919ef81
  Set: 959 Way: 0 Address: 0x1f919efc0
  Set: 960 Way: 0 Address: 0x143ef030
  Set: 963 Way: 0 Address: 0xee86f0c0
  Set: 1015 Way: 0 Address: 0x16390fde0
EndCache
Cache: cpu0_L1I
  Set: 29 Way: 0 Address: 0x223eda770
  Set: 30 Way: 0 Address: 0x223eda7b0
  Set: 31 Way: 0 Address: 0x223eda7c1
  Set: 31 Way: 1 Address: 0x3dae667e0
  Set: 32 Way: 0 Address: 0x223eda82b
  Set: 33 Way: 0 Address: 0x223eda842
  Set: 39 Way: 0 Address: 0x3dae669c5
  Set: 40 Way: 0 Address: 0x3dae66a2b
  Set: 41 Way: 0 Address: 0x3dae66a6d
  Set: 42 Way: 0 Address: 0x3dae66aaf
  Set: 43 Way: 0 Address: 0x3dae66adc
  Set: 49 Way: 0 Address: 0x1f919ec7b
  Set: 50 Way: 0 Address: 0x1f919ecab
  Set: 51 Way: 0 Address: 0x1f919ecf4
  Set: 52 Way: 0 Address: 0x1f919ed25
  Set: 53 Way: 0 Address: 0x1f919ed60
  Set: 54 Way: 0 Address: 0x1f919ed83
  Set: 55 Way: 0 Address: 0x1f919eddc
  Set: 56 Way: 0 Address: 0x1f919ee1d
  Set: 57 Way: 0 Address: 0x1f919ee41
  Set: 58 Way: 0 Address: 0x1f919ee81
  Set: 59 Way: 0 Address: 0x1f919eec2
  Set: 60 Way: 0 Address: 0x1f919ef04
  Set: 61 Way: 0 Address: 0x1f919ef62
  Set: 62 Way: 0 Address: 0x1f919efb4
  Set: 63 Way: 0 Address: 0x1f919efc0
EndCache
Cache: cpu0_L1D
  Set: 0 Way: 0 Address: 0xdf85c000
  Set: 0 Way: 1 Address: 0x28b67e000
  Set: 0 Way: 2 Address: 0x229b9a000
  Set: 0 Way: 3 Address: 0x195f15010
  Set: 0 Way: 4 Address: 0x43736018
  Set: 0 Way: 5 Address: 0x2ee369018
  Set: 0 Way: 6 Address: 0x3de4d4030
  Set: 0 Way: 7 Address: 0x143ef030
  Set: 0 Way: 8 Address: 0x1add007
  Set: 0 Way: 9 Address: 0x211d16007
  Set: 1 Way: 0 Address: 0x113201078
  Set: 1 Way: 1 Address: 0x1add047
  Set: 1 Way: 2 Address: 0x211d16041
  Set: 2 Way: 0 Address: 0x1aafb8083
  Set: 2 Way: 1 Address: 0x195f15080
  Set: 2 Way: 2 Address: 0xb8004080
  Set: 2 Way: 3 Address: 0x43736098
  Set: 2 Way: 4 Address: 0x2b2e9308f
  Set: 2 Way: 5 Address: 0x1add087
  Set: 2 Way: 6 Address: 0x211d16080
  Set: 3 Way: 0 Address: 0x2015980fc
  Set: 3 Way: 1 Address: 0xee86f0c0
  Set: 3 Way: 2 Address: 0x3c10740c0
  Set: 3 Way: 3 Address: 0x354d350c8
  Set: 3 Way: 4 Address: 0x2b2e930c7
  Set: 3 Way: 5 Address: 0x1aafb80c7
  Set: 3 Way: 6 Address: 0x276ff70d0
  Set: 3 Way: 7 Address: 0x1add0c7
  Set: 3 Way: 8 Address: 0x211d160c1
  Set: 4 Way: 0 Address: 0x201598138
  Set: 4 Way: 1 Address: 0x2b2e93107
  Set: 4 Way: 2 Address: 0x1aafb8103
  Set: 4 Way: 3 Address: 0x1add107
  Set: 4 Way: 4 Address: 0x211d16106
  Set: 5 Way: 0 Address: 0x201598140
  Set: 5 Way: 1 Address: 0x2b2e93147
  Set: 5 Way: 2 Address: 0x1aafb8143
  Set: 5 Way: 3 Address: 0x1add147
  Set: 5 Way: 4 Address: 0x211d16146
  Set: 6 Way: 0 Address: 0x2015981a0
  Set: 6 Way: 1 Address: 0x2b2e93187
  Set: 6 Way: 2 Address: 0x1aafb8183
  Set: 7 Way: 0 Address: 0x1132011f0
  Set: 7 Way: 1 Address: 0x3de4d41f0
  Set: 7 Way: 2 Address: 0x6d0c21d0
  Set: 7 Way: 3 Address: 0x2015981d8
  Set: 8 Way: 0 Address: 0x29484c228
  Set: 8 Way: 1 Address: 0x6d0c2200
  Set: 8 Way: 2 Address: 0x201598228
  Set: 9 Way: 0 Address: 0x20159827e
  Set: 9 Way: 1 Address: 0x6d0c2240
  Set: 10 Way: 0 Address: 0x20159828d
  Set: 10 Way: 1 Address: 0x1add287
  Set: 10 Way: 2 Address: 0x211d16287
  Set: 10 Way: 3 Address: 0x6d0c2280
  Set: 11 Way: 0 Address: 0x1add2c7
  Set: 11 Way: 1 Address: 0x211d162c0
  Set: 12 Way: 0 Address: 0x1add307
  Set: 12 Way: 1 Address: 0x211d16302
  Set: 12 Way: 2 Address: 0x6d0c2300
  Set: 13 Way: 0 Address: 0x1aafb8342
  Set: 13 Way: 1 Address: 0x2b2e9334f
  Set: 13 Way: 2 Address: 0x6d0c2340
  Set: 13 Way: 3 Address: 0x1add347
  Set: 13 Way: 4 Address: 0x211d16342
  Set: 14 Way: 0 Address: 0x2b2e93387
  Set: 14 Way: 1 Address: 0x1aafb8385
  Set: 14 Way: 2 Address: 0x6d0c2380
  Set: 14 Way: 3 Address: 0x1add387
  Set: 14 Way: 4 Address: 0x211d16387
  Set: 15 Way: 0 Address: 0x2b2e933c7
  Set: 15 Way: 1 Address: 0x1aafb83c3
  Set: 15 Way: 2 Address: 0x6d0c23c0
  Set: 15 Way: 3 Address: 0x1add3c7
  Set: 15 Way: 4 Address: 0x211d163c7
  Set: 16 Way: 0 Address: 0x2b2e93407
  Set: 16 Way: 1 Address: 0x1aafb8403
  Set: 16 Way: 2 Address: 0x1add407
  Set: 16 Way: 3 Address: 0x211d16407
  Set: 17 Way: 0 Address: 0x2b2e93447
  Set: 17 Way: 1 Address: 0x1aafb8443
  Set: 21 Way: 0 Address: 0x1add547
  Set: 21 Way: 1 Address: 0x211d16543
  Set: 22 Way: 0 Address: 0xc7078585
  Set: 22 Way: 1 Address: 0x394edb58f
  Set: 22 Way: 2 Address: 0x1add587
  Set: 22 Way: 3 Address: 0x211d16585
  Set: 23 Way: 0 Address: 0x394edb5c7
  Set: 23 Way: 1 Address: 0xc70785c5
  Set: 23 Way: 2 Address: 0x1add5c7
  Set: 23 Way: 3 Address: 0x211d165c2
  Set: 24 Way: 0 Address: 0x1aafb8600
  Set: 24 Way: 1 Address: 0x2b2e9360f
  Set: 24 Way: 2 Address: 0x394edb607
  Set: 24 Way: 3 Address: 0xc7078603
  Set: 24 Way: 4 Address: 0x1add607
  Set: 24 Way: 5 Address: 0x211d16603
  Set: 25 Way: 0 Address: 0x2b2e93647
  Set: 25 Way: 1 Address: 0x1aafb8643
  Set: 25 Way: 2 Address: 0x394edb647
  Set: 25 Way: 3 Address: 0xc7078645
  Set: 25 Way: 4 Address: 0x1add647
  Set: 25 Way: 5 Address: 0x211d16646
  Set: 26 Way: 0 Address: 0x2b2e93687
  Set: 26 Way: 1 Address: 0x1aafb8680
  Set: 26 Way: 2 Address: 0x394edb687
  Set: 26 Way: 3 Address: 0xc7078685
  Set: 26 Way: 4 Address: 0x1add687
  Set: 26 Way: 5 Address: 0x211d16683
  Set: 27 Way: 0 Address: 0x3c56b36c8
  Set: 27 Way: 1 Address: 0x2b2e936c7
  Set: 27 Way: 2 Address: 0x1aafb86c2
  Set: 27 Way: 3 Address: 0x1add6c7
  Set: 27 Way: 4 Address: 0x211d166c3
  Set: 28 Way: 0 Address: 0x2b2e93707
  Set: 28 Way: 1 Address: 0x1aafb8702
  Set: 31 Way: 0 Address: 0x28b67e7f8
  Set: 31 Way: 1 Address: 0x263c137f8
  Set: 32 Way: 0 Address: 0x1add807
  Set: 32 Way: 1 Address: 0x211d16806
  Set: 33 Way: 0 Address: 0xc7078843
  Set: 33 Way: 1 Address: 0x394edb84f
  Set: 33 Way: 2 Address: 0x1add847
  Set: 33 Way: 3 Address: 0x211d16846
  Set: 34 Way: 0 Address: 0x394edb887
  Set: 34 Way: 1 Address: 0xc7078883
  Set: 34 Way: 2 Address: 0x1add887
  Set: 34 Way: 3 Address: 0x211d16883
  Set: 35 Way: 0 Address: 0x1aafb88c0
  Set: 35 Way: 1 Address: 0x2b2e938cf
  Set: 35 Way: 2 Address: 0x394edb8c7
  Set: 35 Way: 3 Address: 0xc70788c3
  Set: 35 Way: 4 Address: 0x1add8c7
  Set: 35 Way: 5 Address: 0x211d168c3
  Set: 36 Way: 0 Address: 0x2b2e93907
  Set: 36 Way: 1 Address: 0x1aafb8900
  Set: 36 Way: 2 Address: 0x394edb907
  Set: 36 Way: 3 Address: 0xc7078903
  Set: 36 Way: 4 Address: 0x1add907
  Set: 36 Way: 5 Address: 0x211d16903
  Set: 37 Way: 0 Address: 0x2b2e93947
  Set: 37 Way: 1 Address: 0x1aafb8942
  Set: 37 Way: 2 Address: 0x394edb947
  Set: 37 Way: 3 Address: 0xc7078943
  Set: 37 Way: 4 Address: 0x1add947
  Set: 37 Way: 5 Address: 0x211d16943
  Set: 38 Way: 0 Address: 0x2b2e93987
  Set: 38 Way: 1 Address: 0x1aafb8981
  Set: 38 Way: 2 Address: 0x1add987
  Set: 38 Way: 3 Address: 0x211d16983
  Set: 39 Way: 0 Address: 0x2b2e939c7
  Set: 39 Way: 1 Address: 0x1aafb89c1
  Set: 41 Way: 0 Address: 0x2a4841a58
  Set: 41 Way: 1 Address: 0x12c6fca60
  Set: 41 Way: 2 Address: 0x2b2e93a47
  Set: 41 Way: 3 Address: 0x1aafb8a43
  Set: 42 Way: 0 Address: 0x2b2e93a87
  Set: 42 Way: 1 Address: 0x1aafb8a81
  Set: 43 Way: 0 Address: 0x309887ae8
  Set: 43 Way: 1 Address: 0x1995f2ae8
  Set: 43 Way: 2 Address: 0x1addac7
  Set: 43 Way: 3 Address: 0x211d16ac1
  Set: 43 Way: 4 Address: 0x2b2e93ac7
  Set: 43 Way: 5 Address: 0x1aafb8ac1
  Set: 44 Way: 0 Address: 0x1c84e2b38
  Set: 44 Way: 1 Address: 0x129934b30
  Set: 44 Way: 2 Address: 0xc7078b03
  Set: 44 Way: 3 Address: 0x309887b00
  Set: 44 Way: 4 Address: 0x394edbb0f
  Set: 44 Way: 5 Address: 0x1addb07
  Set: 44 Way: 6 Address: 0x211d16b01
  Set: 44 Way: 7 Address: 0x2b2e93b07
  Set: 44 Way: 8 Address: 0x1aafb8b03
  Set: 45 Way: 0 Address: 0x394edbb47
  Set: 45 Way: 1 Address: 0xc7078b47
  Set: 45 Way: 2 Address: 0x129934b40
  Set: 45 Way: 3 Address: 0x84896b40
  Set: 45 Way: 4 Address: 0x1addb47
  Set: 45 Way: 5 Address: 0x211d16b47
  Set: 45 Way: 6 Address: 0x2b2e93b47
  Set: 45 Way: 7 Address: 0x1aafb8b41
  Set: 46 Way: 0 Address: 0x394edbb87
  Set: 46 Way: 1 Address: 0xc7078b82
  Set: 46 Way: 2 Address: 0x1addb87
  Set: 46 Way: 3 Address: 0x211d16b87
  Set: 46 Way: 4 Address: 0x2b2e93b87
  Set: 46 Way: 5 Address: 0x1aafb8b83
  Set: 47 Way: 0 Address: 0x394edbbc7
  Set: 47 Way: 1 Address: 0xc7078bc7
  Set: 47 Way: 2 Address: 0x1addbc7
  Set: 47 Way: 3 Address: 0x211d16bc2
  Set: 47 Way: 4 Address: 0x2b2e93bc7
  Set: 47 Way: 5 Address: 0x1aafb8bc1
  Set: 48 Way: 0 Address: 0x23755dc30
  Set: 48 Way: 1 Address: 0x394edbc07
  Set: 48 Way: 2 Address: 0xc7078c07
  Set: 48 Way: 3 Address: 0x1addc07
  Set: 48 Way: 4 Address: 0x211d16c02
  Set: 49 Way: 0 Address: 0x23755dc40
  Set: 49 Way: 1 Address: 0x1addc47
  Set: 49 Way: 2 Address: 0x211d16c42
  Set: 50 Way: 0 Address: 0x2f5d8eca0
  Set: 51 Way: 0 Address: 0xf6e81cf0
  Set: 52 Way: 0 Address: 0x2b2e93d07
  Set: 52 Way: 1 Address: 0x1aafb8d00
  Set: 53 Way: 0 Address: 0x2b2e93d47
  Set: 53 Way: 1 Address: 0x1aafb8d43
  Set: 54 Way: 0 Address: 0x1addd87
  Set: 54 Way: 1 Address: 0x211d16d82
  Set: 54 Way: 2 Address: 0x2b2e93d87
  Set: 54 Way: 3 Address: 0x1aafb8d86
  Set: 55 Way: 0 Address: 0xc7078dc3
  Set: 55 Way: 1 Address: 0x16390fde0
  Set: 55 Way: 2 Address: 0x394edbdcf
  Set: 55 Way: 3 Address: 0x1adddc0
  Set: 55 Way: 4 Address: 0x211d16dc1
  Set: 55 Way: 5 Address: 0x2b2e93dc7
  Set: 55 Way: 6 Address: 0x1aafb8dc3
  Set: 56 Way: 0 Address: 0x394edbe07
  Set: 56 Way: 1 Address: 0xc7078e03
  Set: 56 Way: 2 Address: 0x1adde00
  Set: 56 Way: 3 Address: 0x211d16e00
  Set: 56 Way: 4 Address: 0x2b2e93e07
  Set: 56 Way: 5 Address: 0x1aafb8e06
  Set: 57 Way: 0 Address: 0x1aafb8e40
  Set: 57 Way: 1 Address: 0x2b2e93e40
  Set: 57 Way: 2 Address: 0x394edbe47
  Set: 57 Way: 3 Address: 0xc7078e41
  Set: 57 Way: 4 Address: 0x1adde40
  Set: 57 Way: 5 Address: 0x211d16e40
  Set: 58 Way: 0 Address: 0x397bb4e88
  Set: 58 Way: 1 Address: 0x38e35ce98
  Set: 58 Way: 2 Address: 0x2b2e93e80
  Set: 58 Way: 3 Address: 0x1aafb8e80
  Set: 58 Way: 4 Address: 0x394edbe87
  Set: 58 Way: 5 Address: 0xc7078e83
  Set: 58 Way: 6 Address: 0x1adde80
  Set: 58 Way: 7 Address: 0x211d16e80
  Set: 59 Way: 0 Address: 0x2b2e93ec0
  Set: 59 Way: 1 Address: 0x1aafb8ec0
  Set: 59 Way: 2 Address: 0x394edbec7
  Set: 59 Way: 3 Address: 0xc7078ec3
  Set: 59 Way: 4 Address: 0x1addec0
  Set: 59 Way: 5 Address: 0x211d16ec0
  Set: 60 Way: 0 Address: 0x292959f38
  Set: 60 Way: 1 Address: 0x2b2e93f00
  Set: 60 Way: 2 Address: 0x1aafb8f00
  Set: 60 Way: 3 Address: 0x1addf00
  Set: 60 Way: 4 Address: 0x211d16f00
  Set: 61 Way: 0 Address: 0x2b2e93f40
  Set: 61 Way: 1 Address: 0x1aafb8f40
  Set: 63 Way: 0 Address: 0x9cff2fd8
  Set: 63 Way: 1 Address: 0x2b2e93fc7
  Set: 63 Way: 2 Address: 0x1aafb8fc5
EndCache
Cache: cpu0_ITLB
  Set: 6 Way: 0 Address: 0x4067e0
  Set: 14 Way: 0 Address: 0x43e82b
  Set: 15 Way: 0 Address: 0x40fcab
EndCache
Cache: cpu0_DTLB
  Set: 0 Way: 0 Address: 0x2760a60
  Set: 4 Way: 0 Address: 0x7940c0
  Set: 5 Way: 0 Address: 0x7ffedb24528d
  Set: 6 Way: 0 Address: 0x7fd2fa366dc3
  Set: 7 Way: 0 Address: 0x7fd2fa367341
  Set: 7 Way: 1 Address: 0x21e7de0
  Set: 8 Way: 0 Address: 0x7fd2fa61858f
  Set: 8 Way: 1 Address: 0x7fd2fa368287
  Set: 9 Way: 0 Address: 0x7fd2fa61908f
  Set: 10 Way: 0 Address: 0x7fd2fa61a287
  Set: 13 Way: 0 Address: 0x275dc40
  Set: 14 Way: 0 Address: 0x279e1d0
EndCache
Cache: LLC
  Set: 65 Way: 0 Address: 0x113201078
  Set: 71 Way: 0 Address: 0x1132011f0
  Set: 105 Way: 0 Address: 0x2a4841a58
  Set: 115 Way: 0 Address: 0xf6e81cf0
  Set: 135 Way: 0 Address: 0x6d0c21d0
  Set: 136 Way: 0 Address: 0x6d0c2200
  Set: 137 Way: 0 Address: 0x6d0c2240
  Set: 138 Way: 0 Address: 0x6d0c2280
  Set: 140 Way: 0 Address: 0x6d0c2300
  Set: 141 Way: 0 Address: 0x6d0c2340
  Set: 142 Way: 0 Address: 0x6d0c2380
  Set: 143 Way: 0 Address: 0x6d0c23c0
  Set: 172 Way: 0 Address: 0x1c84e2b38
  Set: 258 Way: 0 Address: 0xb8004080
  Set: 415 Way: 0 Address: 0x3dae667e0
  Set: 423 Way: 0 Address: 0x3dae669c5
  Set: 424 Way: 0 Address: 0x3dae66a03
  Set: 425 Way: 0 Address: 0x3dae66a45
  Set: 426 Way: 0 Address: 0x3dae66a81
  Set: 427 Way: 0 Address: 0x3dae66ac0
  Set: 428 Way: 0 Address: 0x3dae66b00
  Set: 491 Way: 0 Address: 0x309887ae8
  Set: 492 Way: 0 Address: 0x309887b00
  Set: 576 Way: 0 Address: 0x2ee369018
  Set: 776 Way: 0 Address: 0x29484c228
  Set: 946 Way: 0 Address: 0x2f5d8eca0
  Set: 960 Way: 0 Address: 0x143ef030
  Set: 963 Way: 0 Address: 0xee86f0c0
  Set: 1015 Way: 0 Address: 0x16390fde0
  Set: 1195 Way: 0 Address: 0x1995f2ae8
  Set: 1215 Way: 0 Address: 0x9cff2fd8
  Set: 1218 Way: 0 Address: 0x2b2e93088
  Set: 1219 Way: 0 Address: 0x2b2e930c1
  Set: 1220 Way: 0 Address: 0x2b2e93102
  Set: 1221 Way: 0 Address: 0x2b2e93140
  Set: 1222 Way: 0 Address: 0x2b2e93180
  Set: 1223 Way: 0 Address: 0x2b2e931c0
  Set: 1229 Way: 0 Address: 0x2b2e93348
  Set: 1230 Way: 0 Address: 0x2b2e93380
  Set: 1231 Way: 0 Address: 0x2b2e933c2
  Set: 1232 Way: 0 Address: 0x2b2e93400
  Set: 1233 Way: 0 Address: 0x2b2e93440
  Set: 1240 Way: 0 Address: 0x2b2e93600
  Set: 1241 Way: 0 Address: 0x2b2e93640
  Set: 1242 Way: 0 Address: 0x2b2e93682
  Set: 1243 Way: 0 Address: 0x3c56b36c8
  Set: 1243 Way: 1 Address: 0x2b2e936c0
  Set: 1244 Way: 0 Address: 0x2b2e93700
  Set: 1247 Way: 0 Address: 0x263c137f8
  Set: 1251 Way: 0 Address: 0x2b2e938c8
  Set: 1252 Way: 0 Address: 0x2b2e93900
  Set: 1253 Way: 0 Address: 0x2b2e93942
  Set: 1254 Way: 0 Address: 0x2b2e93980
  Set: 1255 Way: 0 Address: 0x2b2e939c0
  Set: 1257 Way: 0 Address: 0x2b2e93a40
  Set: 1258 Way: 0 Address: 0x2b2e93a80
  Set: 1259 Way: 0 Address: 0x2b2e93ac0
  Set: 1260 Way: 0 Address: 0x2b2e93b00
  Set: 1261 Way: 0 Address: 0x2b2e93b40
  Set: 1262 Way: 0 Address: 0x2b2e93b81
  Set: 1263 Way: 0 Address: 0x2b2e93bc0
  Set: 1268 Way: 0 Address: 0x2b2e93d00
  Set: 1269 Way: 0 Address: 0x2b2e93d41
  Set: 1270 Way: 0 Address: 0x2b2e93d80
  Set: 1271 Way: 0 Address: 0x2b2e93dc1
  Set: 1272 Way: 0 Address: 0x2b2e93e00
  Set: 1273 Way: 0 Address: 0x2b2e93e40
  Set: 1274 Way: 0 Address: 0x2b2e93e80
  Set: 1275 Way: 0 Address: 0x2b2e93ec0
  Set: 1276 Way: 0 Address: 0x2b2e93f00
  Set: 1277 Way: 0 Address: 0x2b2e93f40
  Set: 1279 Way: 0 Address: 0x2b2e93fc0
  Set: 1280 Way: 0 Address: 0x3de4d4030
  Set: 1283 Way: 0 Address: 0x3c10740c0
  Set: 1287 Way: 0 Address: 0x3de4d41f0
  Set: 1324 Way: 0 Address: 0x129934b30
  Set: 1325 Way: 0 Address: 0x129934b40
  Set: 1338 Way: 0 Address: 0x397bb4e88
  Set: 1344 Way: 0 Address: 0x195f15010
  Set: 1346 Way: 0 Address: 0x195f15098
  Set: 1347 Way: 0 Address: 0x354d350c8
  Set: 1408 Way: 0 Address: 0x43736018
  Set: 1408 Way: 1 Address: 0x211d16000
  Set: 1409 Way: 0 Address: 0x211d16040
  Set: 1410 Way: 0 Address: 0x43736098
  Set: 1410 Way: 1 Address: 0x211d16080
  Set: 1411 Way: 0 Address: 0x211d160c0
  Set: 1412 Way: 0 Address: 0x211d16100
  Set: 1413 Way: 0 Address: 0x211d16140
  Set: 1414 Way: 0 Address: 0x211d16180
  Set: 1418 Way: 0 Address: 0x211d16280
  Set: 1419 Way: 0 Address: 0x211d162c0
  Set: 1420 Way: 0 Address: 0x211d16300
  Set: 1421 Way: 0 Address: 0x211d16340
  Set: 1422 Way: 0 Address: 0x211d16380
  Set: 1423 Way: 0 Address: 0x211d163c0
  Set: 1424 Way: 0 Address: 0x211d16400
  Set: 1429 Way: 0 Address: 0x211d16540
  Set: 1430 Way: 0 Address: 0x211d16580
  Set: 1431 Way: 0 Address: 0x211d165c0
  Set: 1432 Way: 0 Address: 0x211d16600
  Set: 1433 Way: 0 Address: 0x211d16640
  Set: 1434 Way: 0 Address: 0x211d16680
  Set: 1435 Way: 0 Address: 0x211d166c0
  Set: 1440 Way: 0 Address: 0x211d16800
  Set: 1441 Way: 0 Address: 0x211d16840
  Set: 1442 Way: 0 Address: 0x211d16880
  Set: 1443 Way: 0 Address: 0x211d168c0
  Set: 1444 Way: 0 Address: 0x211d16900
  Set: 1445 Way: 0 Address: 0x211d16940
  Set: 1446 Way: 0 Address: 0x211d16980
  Set: 1451 Way: 0 Address: 0x211d16ac0
  Set: 1452 Way: 0 Address: 0x211d16b00
  Set: 1453 Way: 0 Address: 0x84896b40
  Set: 1453 Way: 1 Address: 0x211d16b40
  Set: 1454 Way: 0 Address: 0x211d16b80
  Set: 1455 Way: 0 Address: 0x211d16bc0
  Set: 1456 Way: 0 Address: 0x211d16c00
  Set: 1457 Way: 0 Address: 0x211d16c40
  Set: 1462 Way: 0 Address: 0x211d16d80
  Set: 1463 Way: 0 Address: 0x211d16dc0
  Set: 1464 Way: 0 Address: 0x211d16e00
  Set: 1465 Way: 0 Address: 0x211d16e40
  Set: 1466 Way: 0 Address: 0x211d16e80
  Set: 1467 Way: 0 Address: 0x211d16ec0
  Set: 1468 Way: 0 Address: 0x211d16f00
  Set: 1475 Way: 0 Address: 0x276ff70d0
  Set: 1538 Way: 0 Address: 0x1aafb8080
  Set: 1539 Way: 0 Address: 0x2015980f0
  Set: 1539 Way: 1 Address: 0x1aafb80c0
  Set: 1540 Way: 0 Address: 0x201598138
  Set: 1540 Way: 1 Address: 0x1aafb8100
  Set: 1541 Way: 0 Address: 0x201598140
  Set: 1541 Way: 1 Address: 0x1aafb8140
  Set: 1542 Way: 0 Address: 0x2015981a0
  Set: 1542 Way: 1 Address: 0x1aafb8180
  Set: 1543 Way: 0 Address: 0x2015981d8
  Set: 1543 Way: 1 Address: 0x1aafb81c0
  Set: 1544 Way: 0 Address: 0x201598228
  Set: 1545 Way: 0 Address: 0x201598260
  Set: 1546 Way: 0 Address: 0x201598280
  Set: 1549 Way: 0 Address: 0x1aafb8340
  Set: 1550 Way: 0 Address: 0x1aafb8380
  Set: 1551 Way: 0 Address: 0x1aafb83c0
  Set: 1552 Way: 0 Address: 0x1aafb8400
  Set: 1553 Way: 0 Address: 0x1aafb8440
  Set: 1558 Way: 0 Address: 0xc7078580
  Set: 1559 Way: 0 Address: 0xc70785c0
  Set: 1560 Way: 0 Address: 0x1aafb8600
  Set: 1560 Way: 1 Address: 0xc7078600
  Set: 1561 Way: 0 Address: 0x1aafb8640
  Set: 1561 Way: 1 Address: 0xc7078640
  Set: 1562 Way: 0 Address: 0x1aafb8680
  Set: 1562 Way: 1 Address: 0xc7078680
  Set: 1563 Way: 0 Address: 0x1aafb86c0
  Set: 1563 Way: 1 Address: 0xc70786c0
  Set: 1564 Way: 0 Address: 0x1aafb8700
  Set: 1569 Way: 0 Address: 0xc7078840
  Set: 1570 Way: 0 Address: 0xc7078880
  Set: 1571 Way: 0 Address: 0x1aafb88c0
  Set: 1571 Way: 1 Address: 0xc70788c0
  Set: 1572 Way: 0 Address: 0x1aafb8900
  Set: 1572 Way: 1 Address: 0xc7078900
  Set: 1573 Way: 0 Address: 0x1aafb8940
  Set: 1573 Way: 1 Address: 0xc7078940
  Set: 1574 Way: 0 Address: 0x1aafb8980
  Set: 1575 Way: 0 Address: 0x1aafb89c0
  Set: 1577 Way: 0 Address: 0x1aafb8a40
  Set: 1578 Way: 0 Address: 0x1aafb8a80
  Set: 1579 Way: 0 Address: 0x1aafb8ac0
  Set: 1580 Way: 0 Address: 0xc7078b00
  Set: 1580 Way: 1 Address: 0x1aafb8b06
  Set: 1581 Way: 0 Address: 0xc7078b40
  Set: 1581 Way: 1 Address: 0x1aafb8b40
  Set: 1582 Way: 0 Address: 0xc7078b80
  Set: 1582 Way: 1 Address: 0x1aafb8b80
  Set: 1583 Way: 0 Address: 0xc7078bc0
  Set: 1583 Way: 1 Address: 0x1aafb8bc0
  Set: 1584 Way: 0 Address: 0xc7078c00
  Set: 1588 Way: 0 Address: 0x1aafb8d00
  Set: 1589 Way: 0 Address: 0x1aafb8d40
  Set: 1590 Way: 0 Address: 0x1aafb8d80
  Set: 1591 Way: 0 Address: 0xc7078dc0
  Set: 1591 Way: 1 Address: 0x1aafb8dc0
  Set: 1592 Way: 0 Address: 0xc7078e00
  Set: 1592 Way: 1 Address: 0x1aafb8e00
  Set: 1593 Way: 0 Address: 0x1aafb8e40
  Set: 1593 Way: 1 Address: 0xc7078e40
  Set: 1594 Way: 0 Address: 0x1aafb8e80
  Set: 1594 Way: 1 Address: 0xc7078e80
  Set: 1595 Way: 0 Address: 0x1aafb8ec0
  Set: 1595 Way: 1 Address: 0xc7078ec0
  Set: 1596 Way: 0 Address: 0x1aafb8f00
  Set: 1597 Way: 0 Address: 0x1aafb8f40
  Set: 1599 Way: 0 Address: 0x1aafb8fc0
  Set: 1660 Way: 0 Address: 0x292959f38
  Set: 1664 Way: 0 Address: 0x229b9a000
  Set: 1693 Way: 0 Address: 0x223eda770
  Set: 1694 Way: 0 Address: 0x223eda7b0
  Set: 1695 Way: 0 Address: 0x223eda7c1
  Set: 1696 Way: 0 Address: 0x223eda80b
  Set: 1697 Way: 0 Address: 0x223eda842
  Set: 1750 Way: 0 Address: 0x394edb588
  Set: 1751 Way: 0 Address: 0x394edb5c1
  Set: 1752 Way: 0 Address: 0x394edb601
  Set: 1753 Way: 0 Address: 0x394edb640
  Set: 1754 Way: 0 Address: 0x394edb680
  Set: 1755 Way: 0 Address: 0x394edb6c0
  Set: 1761 Way: 0 Address: 0x394edb848
  Set: 1762 Way: 0 Address: 0x394edb882
  Set: 1763 Way: 0 Address: 0x394edb8c0
  Set: 1764 Way: 0 Address: 0x394edb901
  Set: 1765 Way: 0 Address: 0x394edb942
  Set: 1772 Way: 0 Address: 0x394edbb00
  Set: 1773 Way: 0 Address: 0x394edbb40
  Set: 1774 Way: 0 Address: 0x394edbb82
  Set: 1775 Way: 0 Address: 0x394edbbc0
  Set: 1776 Way: 0 Address: 0x394edbc00
  Set: 1783 Way: 0 Address: 0x394edbdc8
  Set: 1784 Way: 0 Address: 0x394edbe00
  Set: 1785 Way: 0 Address: 0x394edbe40
  Set: 1786 Way: 0 Address: 0x394edbe80
  Set: 1787 Way: 0 Address: 0x394edbec0
  Set: 1792 Way: 0 Address: 0xdf85c000
  Set: 1833 Way: 0 Address: 0x12c6fca60
  Set: 1850 Way: 0 Address: 0x38e35ce98
  Set: 1856 Way: 0 Address: 0x1add000
  Set: 1857 Way: 0 Address: 0x1add040
  Set: 1858 Way: 0 Address: 0x1add080
  Set: 1859 Way: 0 Address: 0x1add0c0
  Set: 1860 Way: 0 Address: 0x1add100
  Set: 1861 Way: 0 Address: 0x1add140
  Set: 1862 Way: 0 Address: 0x1add180
  Set: 1866 Way: 0 Address: 0x1add280
  Set: 1867 Way: 0 Address: 0x1add2c0
  Set: 1868 Way: 0 Address: 0x1add300
  Set: 1869 Way: 0 Address: 0x1add342
  Set: 1870 Way: 0 Address: 0x1add380
  Set: 1871 Way: 0 Address: 0x1add3c2
  Set: 1872 Way: 0 Address: 0x1add400
  Set: 1877 Way: 0 Address: 0x1add540
  Set: 1878 Way: 0 Address: 0x1add580
  Set: 1879 Way: 0 Address: 0x1add5c0
  Set: 1880 Way: 0 Address: 0x1add602
  Set: 1881 Way: 0 Address: 0x1add640
  Set: 1882 Way: 0 Address: 0x1add680
  Set: 1883 Way: 0 Address: 0x1add6c0
  Set: 1888 Way: 0 Address: 0x1add800
  Set: 1889 Way: 0 Address: 0x1add840
  Set: 1890 Way: 0 Address: 0x1add880
  Set: 1891 Way: 0 Address: 0x1add8c2
  Set: 1892 Way: 0 Address: 0x1add900
  Set: 1893 Way: 0 Address: 0x1add942
  Set: 1894 Way: 0 Address: 0x1add980
  Set: 1899 Way: 0 Address: 0x1addac0
  Set: 1900 Way: 0 Address: 0x1addb00
  Set: 1901 Way: 0 Address: 0x1addb40
  Set: 1902 Way: 0 Address: 0x1addb82
  Set: 1903 Way: 0 Address: 0x1addbc0
  Set: 1904 Way: 0 Address: 0x23755dc30
  Set: 1904 Way: 1 Address: 0x1addc00
  Set: 1905 Way: 0 Address: 0x23755dc40
  Set: 1905 Way: 1 Address: 0x1addc40
  Set: 1910 Way: 0 Address: 0x1addd80
  Set: 1911 Way: 0 Address: 0x1adddc0
  Set: 1912 Way: 0 Address: 0x1adde00
  Set: 1913 Way: 0 Address: 0x1adde40
  Set: 1914 Way: 0 Address: 0x1adde80
  Set: 1915 Way: 0 Address: 0x1addec0
  Set: 1916 Way: 0 Address: 0x1addf00
  Set: 1920 Way: 0 Address: 0x28b67e000
  Set: 1951 Way: 0 Address: 0x28b67e7f8
  Set: 1969 Way: 0 Address: 0x1f919ec70
  Set: 1970 Way: 0 Address: 0x1f919ec89
  Set: 1971 Way: 0 Address: 0x1f919ecd0
  Set: 1972 Way: 0 Address: 0x1f919ed02
  Set: 1973 Way: 0 Address: 0x1f919ed41
  Set: 1974 Way: 0 Address: 0x1f919ed83
  Set: 1975 Way: 0 Address: 0x1f919edc1
  Set: 1976 Way: 0 Address: 0x1f919ee01
  Set: 1977 Way: 0 Address: 0x1f919ee40
  Set: 1978 Way: 0 Address: 0x1f919ee80
  Set: 1979 Way: 0 Address: 0x1f919eec0
  Set: 1980 Way: 0 Address: 0x1f919ef00
  Set: 1981 Way: 0 Address: 0x1f919ef62
  Set: 1982 Way: 0 Address: 0x1f919ef81
  Set: 1983 Way: 0 Address: 0x1f919efc0
EndCache
