Cache: cpu0_STLB
  Set: 1 Way: 0 Address: 0x7fd2fa701dd2
  Set: 2 Way: 0 Address: 0x40281e
  Set: 2 Way: 1 Address: 0x7fd2fa702092
  Set: 3 Way: 0 Address: 0x4031c2
  Set: 3 Way: 1 Address: 0x7fd2fa703112
  Set: 4 Way: 0 Address: 0x404c00
  Set: 13 Way: 0 Address: 0x40d700
  Set: 14 Way: 0 Address: 0x40e7d0
  Set: 15 Way: 0 Address: 0x40fc70
  Set: 30 Way: 0 Address: 0x279e874
  Set: 37 Way: 0 Address: 0x7fd2fa625ffd
  Set: 38 Way: 0 Address: 0x52696b
  Set: 38 Way: 1 Address: 0x7fd2fa6262bd
  Set: 39 Way: 0 Address: 0x7fd2fa627698
  Set: 40 Way: 0 Address: 0x7fd2fa628198
  Set: 42 Way: 0 Address: 0x52a930
  Set: 48 Way: 0 Address: 0x27b0394
  Set: 55 Way: 0 Address: 0x7fd2fa6b7bfd
  Set: 56 Way: 0 Address: 0x7fd2fa6b8a58
  Set: 57 Way: 0 Address: 0x7fd2fa6b9298
  Set: 58 Way: 0 Address: 0x7fd2fa6ba053
  Set: 62 Way: 0 Address: 0x43ede2
  Set: 68 Way: 0 Address: 0x444b03
  Set: 69 Way: 0 Address: 0x445dfb
  Set: 70 Way: 0 Address: 0x446106
  Set: 71 Way: 0 Address: 0x7ffedb247d64
  Set: 72 Way: 0 Address: 0x7ffedb248248
  Set: 72 Way: 1 Address: 0x44821b
  Set: 73 Way: 0 Address: 0x7ffedb249550
  Set: 74 Way: 0 Address: 0x44a870
  Set: 75 Way: 0 Address: 0x44b010
  Set: 81 Way: 0 Address: 0x27d1d24
  Set: 93 Way: 0 Address: 0x275dc40
  Set: 94 Way: 0 Address: 0x275eaf8
  Set: 95 Way: 0 Address: 0x275ffd0
  Set: 96 Way: 0 Address: 0x2760a58
  Set: 96 Way: 1 Address: 0x21e03a0
  Set: 98 Way: 0 Address: 0x2762164
  Set: 100 Way: 0 Address: 0x21e45a5
  Set: 101 Way: 0 Address: 0x21e54e0
  Set: 103 Way: 0 Address: 0x21e7e50
  Set: 104 Way: 0 Address: 0x21e80f0
  Set: 105 Way: 0 Address: 0x26e9430
  Set: 108 Way: 0 Address: 0x276cd38
  Set: 111 Way: 0 Address: 0x7fd2fa66f998
  Set: 112 Way: 0 Address: 0x7fd2fa6701d8
  Set: 112 Way: 1 Address: 0x27705a8
  Set: 113 Way: 0 Address: 0x7fd2fa671256
  Set: 116 Way: 0 Address: 0x7fd2fa3742b8
  Set: 117 Way: 0 Address: 0x7fd2fa375688
  Set: 118 Way: 0 Address: 0x7fd2fa376188
  Set: 123 Way: 0 Address: 0x21fb312
EndCache
Cache: cpu0_L2C
  Set: 2 Way: 0 Address: 0x2177f0092
  Set: 4 Way: 0 Address: 0x342b40106
  Set: 5 Way: 0 Address: 0x342b40142
  Set: 6 Way: 0 Address: 0x342b40181
  Set: 7 Way: 0 Address: 0x342b401c2
  Set: 8 Way: 0 Address: 0x342b40201
  Set: 8 Way: 1 Address: 0x168ef0220
  Set: 9 Way: 0 Address: 0x168ef0258
  Set: 13 Way: 0 Address: 0x2177f0352
  Set: 19 Way: 0 Address: 0x342b404e1
  Set: 20 Way: 0 Address: 0x342b40500
  Set: 21 Way: 0 Address: 0x342b40542
  Set: 22 Way: 0 Address: 0x342b40582
  Set: 23 Way: 0 Address: 0x342b405c2
  Set: 24 Way: 0 Address: 0x2177f0612
  Set: 24 Way: 1 Address: 0x342b40605
  Set: 25 Way: 0 Address: 0x342b40640
  Set: 26 Way: 0 Address: 0x342b40680
  Set: 32 Way: 0 Address: 0x6e620808
  Set: 35 Way: 0 Address: 0x2177f08d2
  Set: 43 Way: 0 Address: 0x28a940ac0
  Set: 44 Way: 0 Address: 0x28a940b00
  Set: 45 Way: 0 Address: 0x28a940b40
  Set: 46 Way: 0 Address: 0x2177f0b92
  Set: 46 Way: 1 Address: 0x28a940b80
  Set: 47 Way: 0 Address: 0x1f8ce0bfd
  Set: 48 Way: 0 Address: 0x28a940c20
  Set: 49 Way: 0 Address: 0x28a940c50
  Set: 50 Way: 0 Address: 0x28a940cb8
  Set: 51 Way: 0 Address: 0x28a940cff
  Set: 52 Way: 0 Address: 0x28a940d38
  Set: 53 Way: 0 Address: 0x28a940d64
  Set: 54 Way: 0 Address: 0x28a940db8
  Set: 55 Way: 0 Address: 0x14bb10dd2
  Set: 55 Way: 1 Address: 0x28a940dc0
  Set: 56 Way: 0 Address: 0x28a940e00
  Set: 57 Way: 0 Address: 0x2177f0e40
  Set: 58 Way: 0 Address: 0x1f8ce0ebd
  Set: 65 Way: 0 Address: 0x181c81070
  Set: 71 Way: 0 Address: 0x2600911f0
  Set: 71 Way: 1 Address: 0x19c7911ff
  Set: 72 Way: 0 Address: 0x260091220
  Set: 72 Way: 1 Address: 0x19c79123f
  Set: 73 Way: 0 Address: 0x181c81240
  Set: 73 Way: 1 Address: 0x19c791256
  Set: 82 Way: 0 Address: 0x19c7914bf
  Set: 83 Way: 0 Address: 0x19c7914ff
  Set: 84 Way: 0 Address: 0x19c791516
  Set: 93 Way: 0 Address: 0x19c79177f
  Set: 94 Way: 0 Address: 0x19c7917bf
  Set: 95 Way: 0 Address: 0x19c7917d6
  Set: 126 Way: 0 Address: 0x19c791f80
  Set: 127 Way: 0 Address: 0x19c791fc0
  Set: 128 Way: 0 Address: 0x9cff2010
  Set: 128 Way: 1 Address: 0x62d12010
  Set: 129 Way: 0 Address: 0x62d12040
  Set: 130 Way: 0 Address: 0x9cff2098
  Set: 130 Way: 1 Address: 0x62d12082
  Set: 132 Way: 0 Address: 0x34e4a2130
  Set: 133 Way: 0 Address: 0x1c6532164
  Set: 136 Way: 0 Address: 0x1c84e2228
  Set: 136 Way: 1 Address: 0x133c92230
  Set: 136 Way: 2 Address: 0x1064c2230
  Set: 136 Way: 3 Address: 0x62d12210
  Set: 137 Way: 0 Address: 0x62d12241
  Set: 138 Way: 0 Address: 0x62d12287
  Set: 138 Way: 1 Address: 0x348de22bd
  Set: 139 Way: 0 Address: 0x62d122c0
  Set: 139 Way: 1 Address: 0x348de22c0
  Set: 140 Way: 0 Address: 0x62d12300
  Set: 141 Way: 0 Address: 0xa3a5237e
  Set: 142 Way: 0 Address: 0xa3a52394
  Set: 145 Way: 0 Address: 0x62d1245f
  Set: 146 Way: 0 Address: 0x62d12480
  Set: 147 Way: 0 Address: 0x62d124c6
  Set: 148 Way: 0 Address: 0x62d12500
  Set: 149 Way: 0 Address: 0x62d12541
  Set: 149 Way: 1 Address: 0x3bdb2550
  Set: 149 Way: 2 Address: 0x348de257d
  Set: 150 Way: 0 Address: 0x348de2580
  Set: 154 Way: 0 Address: 0x62d126b5
  Set: 155 Way: 0 Address: 0x62d126c3
  Set: 156 Way: 0 Address: 0x62d12702
  Set: 157 Way: 0 Address: 0x62d12743
  Set: 158 Way: 0 Address: 0x62d12783
  Set: 160 Way: 0 Address: 0x348de2800
  Set: 161 Way: 0 Address: 0x348de2840
  Set: 164 Way: 0 Address: 0x133c92930
  Set: 164 Way: 1 Address: 0x62d12900
  Set: 165 Way: 0 Address: 0x1064c2950
  Set: 165 Way: 1 Address: 0x62d12943
  Set: 166 Way: 0 Address: 0x62d12980
  Set: 171 Way: 0 Address: 0x348de2afd
  Set: 172 Way: 0 Address: 0x348de2b00
  Set: 174 Way: 0 Address: 0x62d12bb2
  Set: 174 Way: 1 Address: 0x31be12b80
  Set: 175 Way: 0 Address: 0x62d12bc1
  Set: 176 Way: 0 Address: 0x62d12c00
  Set: 182 Way: 0 Address: 0x348de2dbd
  Set: 183 Way: 0 Address: 0x348de2dc0
  Set: 188 Way: 0 Address: 0x1995f2f20
  Set: 191 Way: 0 Address: 0x6d0c2fd8
  Set: 193 Way: 0 Address: 0x34a873078
  Set: 196 Way: 0 Address: 0x3232f3138
  Set: 196 Way: 1 Address: 0x3b0803138
  Set: 196 Way: 2 Address: 0x25771313f
  Set: 197 Way: 0 Address: 0x3b0803140
  Set: 197 Way: 1 Address: 0x25771317f
  Set: 198 Way: 0 Address: 0x257713198
  Set: 199 Way: 0 Address: 0x2b2e931d0
  Set: 200 Way: 0 Address: 0x2b2e93200
  Set: 201 Way: 0 Address: 0x2b2e93248
  Set: 201 Way: 1 Address: 0x34a873250
  Set: 202 Way: 0 Address: 0x2b2e932a0
  Set: 202 Way: 1 Address: 0x1909732b8
  Set: 203 Way: 0 Address: 0x2b2e932d0
  Set: 204 Way: 0 Address: 0x2b2e93328
  Set: 205 Way: 0 Address: 0x2b2e93340
  Set: 206 Way: 0 Address: 0x3232f3380
  Set: 206 Way: 1 Address: 0x2b2e933a0
  Set: 207 Way: 0 Address: 0x2b2e933f8
  Set: 207 Way: 1 Address: 0x2577133ff
  Set: 208 Way: 0 Address: 0x2b2e93418
  Set: 208 Way: 1 Address: 0x25771343f
  Set: 209 Way: 0 Address: 0x2b2e93470
  Set: 209 Way: 1 Address: 0x257713458
  Set: 212 Way: 0 Address: 0x2b2e93510
  Set: 213 Way: 0 Address: 0x2b2e93540
  Set: 213 Way: 1 Address: 0x190973578
  Set: 214 Way: 0 Address: 0x2b2e93580
  Set: 216 Way: 0 Address: 0x2b2e93618
  Set: 217 Way: 0 Address: 0x2b2e93640
  Set: 218 Way: 0 Address: 0x2b2e93680
  Set: 218 Way: 1 Address: 0x2577136bf
  Set: 219 Way: 0 Address: 0x2b2e936e4
  Set: 219 Way: 1 Address: 0x2577136ff
  Set: 220 Way: 0 Address: 0x2b2e93700
  Set: 220 Way: 1 Address: 0x257713718
  Set: 221 Way: 0 Address: 0x2b2e93778
  Set: 222 Way: 0 Address: 0x2b2e93798
  Set: 223 Way: 0 Address: 0x2b2e937ec
  Set: 224 Way: 0 Address: 0x190973838
  Set: 229 Way: 0 Address: 0x25771397f
  Set: 230 Way: 0 Address: 0x2b2e939a8
  Set: 230 Way: 1 Address: 0x2577139bf
  Set: 231 Way: 0 Address: 0x2577139d8
  Set: 231 Way: 1 Address: 0x2b2e939c0
  Set: 232 Way: 0 Address: 0x2b2e93a10
  Set: 233 Way: 0 Address: 0x2b2e93a50
  Set: 235 Way: 0 Address: 0x2b2e93ac0
  Set: 235 Way: 1 Address: 0x190973af8
  Set: 236 Way: 0 Address: 0x2b2e93b00
  Set: 237 Way: 0 Address: 0x2b2e93b40
  Set: 238 Way: 0 Address: 0x2b2e93b80
  Set: 241 Way: 0 Address: 0x257713c7d
  Set: 242 Way: 0 Address: 0x257713c98
  Set: 242 Way: 1 Address: 0x2b2e93c98
  Set: 246 Way: 0 Address: 0x190973db8
  Set: 251 Way: 0 Address: 0x257713ec0
  Set: 252 Way: 0 Address: 0x257713f00
  Set: 253 Way: 0 Address: 0x257713f40
  Set: 256 Way: 0 Address: 0x397bb4010
  Set: 259 Way: 0 Address: 0x1ab440f0
  Set: 261 Way: 0 Address: 0x1ab44168
  Set: 263 Way: 0 Address: 0x1299341c2
  Set: 271 Way: 0 Address: 0x1299343fb
  Set: 272 Way: 0 Address: 0x129934400
  Set: 279 Way: 0 Address: 0x3c10745c0
  Set: 284 Way: 0 Address: 0xb8004700
  Set: 285 Way: 0 Address: 0xb8004740
  Set: 286 Way: 0 Address: 0xb8004781
  Set: 287 Way: 0 Address: 0xb80047c2
  Set: 288 Way: 0 Address: 0xb8004802
  Set: 299 Way: 0 Address: 0x6b744af8
  Set: 314 Way: 0 Address: 0x6b744e88
  Set: 333 Way: 0 Address: 0x1b0f15378
  Set: 334 Way: 0 Address: 0x1b0f15380
  Set: 343 Way: 0 Address: 0x354d355c8
  Set: 352 Way: 0 Address: 0x354d35808
  Set: 353 Way: 0 Address: 0x272585870
  Set: 354 Way: 0 Address: 0x272585881
  Set: 355 Way: 0 Address: 0x2725858c3
  Set: 356 Way: 0 Address: 0x272585906
  Set: 357 Way: 0 Address: 0x272585946
  Set: 362 Way: 0 Address: 0x272585a87
  Set: 363 Way: 0 Address: 0x272585ac3
  Set: 364 Way: 0 Address: 0x272585b05
  Set: 365 Way: 0 Address: 0x272585b43
  Set: 366 Way: 0 Address: 0x272585b80
  Set: 367 Way: 0 Address: 0x272585bc1
  Set: 368 Way: 0 Address: 0x272585c03
  Set: 369 Way: 0 Address: 0x272585c41
  Set: 369 Way: 1 Address: 0x34a0e5c70
  Set: 370 Way: 0 Address: 0x272585c82
  Set: 370 Way: 1 Address: 0x34a0e5c81
  Set: 371 Way: 0 Address: 0x272585cc1
  Set: 371 Way: 1 Address: 0x34a0e5cd0
  Set: 372 Way: 0 Address: 0x272585d02
  Set: 372 Way: 1 Address: 0x34a0e5d02
  Set: 373 Way: 0 Address: 0x34a0e5d41
  Set: 373 Way: 1 Address: 0x272585d41
  Set: 374 Way: 0 Address: 0x34a0e5d83
  Set: 375 Way: 0 Address: 0x34a0e5dc1
  Set: 376 Way: 0 Address: 0x34a0e5e01
  Set: 377 Way: 0 Address: 0x34a0e5e41
  Set: 378 Way: 0 Address: 0x34a0e5e81
  Set: 378 Way: 1 Address: 0x57be5e88
  Set: 379 Way: 0 Address: 0x34a0e5ec2
  Set: 379 Way: 1 Address: 0x272585ecf
  Set: 380 Way: 0 Address: 0x34a0e5f04
  Set: 380 Way: 1 Address: 0x272585f27
  Set: 381 Way: 0 Address: 0x34a0e5f43
  Set: 381 Way: 1 Address: 0x272585f43
  Set: 382 Way: 0 Address: 0x34a0e5f81
  Set: 382 Way: 1 Address: 0x272585f80
  Set: 383 Way: 0 Address: 0x34a0e5fc0
  Set: 383 Way: 1 Address: 0x272585fc4
  Set: 385 Way: 0 Address: 0x3d87a6070
  Set: 387 Way: 0 Address: 0x437360ef
  Set: 388 Way: 0 Address: 0x43736105
  Set: 389 Way: 0 Address: 0x27d4c6140
  Set: 389 Way: 1 Address: 0x43736146
  Set: 390 Way: 0 Address: 0x43736180
  Set: 391 Way: 0 Address: 0x437361c0
  Set: 392 Way: 0 Address: 0x43736201
  Set: 398 Way: 0 Address: 0x27d4c6388
  Set: 413 Way: 0 Address: 0x37f426748
  Set: 417 Way: 0 Address: 0x247006874
  Set: 421 Way: 0 Address: 0x3d87a6950
  Set: 426 Way: 0 Address: 0x43736a90
  Set: 427 Way: 0 Address: 0x43736ac3
  Set: 428 Way: 0 Address: 0x43736b00
  Set: 429 Way: 0 Address: 0x43736b43
  Set: 430 Way: 0 Address: 0x43736b82
  Set: 430 Way: 1 Address: 0x101c26ba0
  Set: 431 Way: 0 Address: 0x43736bc0
  Set: 432 Way: 0 Address: 0x43736c01
  Set: 433 Way: 0 Address: 0x43736c43
  Set: 434 Way: 0 Address: 0x43736c85
  Set: 435 Way: 0 Address: 0x43736cc1
  Set: 436 Way: 0 Address: 0x43736d00
  Set: 437 Way: 0 Address: 0x43736d60
  Set: 438 Way: 0 Address: 0x43736d82
  Set: 439 Way: 0 Address: 0x43736dfb
  Set: 440 Way: 0 Address: 0x43736e02
  Set: 440 Way: 1 Address: 0x3dae66e00
  Set: 441 Way: 0 Address: 0x3dae66e50
  Set: 441 Way: 1 Address: 0x43736e41
  Set: 442 Way: 0 Address: 0x43736e81
  Set: 443 Way: 0 Address: 0x3dae66ec0
  Set: 444 Way: 0 Address: 0x211d16f00
  Set: 444 Way: 1 Address: 0x1b7ae6f28
  Set: 445 Way: 0 Address: 0x211d16f40
  Set: 447 Way: 0 Address: 0x84896fd8
  Set: 449 Way: 0 Address: 0x358da7078
  Set: 452 Way: 0 Address: 0xbeea7112
  Set: 453 Way: 0 Address: 0x276ff717d
  Set: 460 Way: 0 Address: 0x358da7338
  Set: 463 Way: 0 Address: 0xbeea73d1
  Set: 464 Way: 0 Address: 0x276ff743c
  Set: 467 Way: 0 Address: 0x2fbe974e0
  Set: 471 Way: 0 Address: 0x358da75f8
  Set: 473 Way: 0 Address: 0x358da7678
  Set: 474 Way: 0 Address: 0x358da7688
  Set: 475 Way: 0 Address: 0x276ff76fd
  Set: 484 Way: 0 Address: 0x358da7938
  Set: 485 Way: 0 Address: 0x358da7948
  Set: 486 Way: 0 Address: 0x276ff79bd
  Set: 489 Way: 0 Address: 0x276ff7a58
  Set: 494 Way: 0 Address: 0x12c077ba8
  Set: 495 Way: 0 Address: 0x358da7bf8
  Set: 496 Way: 0 Address: 0x112417c00
  Set: 496 Way: 1 Address: 0x358da7c08
  Set: 497 Way: 0 Address: 0x112417c41
  Set: 497 Way: 1 Address: 0x276ff7c7d
  Set: 498 Way: 0 Address: 0x112417c80
  Set: 499 Way: 0 Address: 0x112417cc1
  Set: 500 Way: 0 Address: 0x276ff7d18
  Set: 501 Way: 0 Address: 0x3704c7d60
  Set: 502 Way: 0 Address: 0x3704c7d93
  Set: 503 Way: 0 Address: 0x3704c7de2
  Set: 504 Way: 0 Address: 0x3704c7e02
  Set: 504 Way: 1 Address: 0x358da7e00
  Set: 505 Way: 0 Address: 0x3704c7e40
  Set: 506 Way: 0 Address: 0x358da7eb8
  Set: 507 Way: 0 Address: 0x358da7ec8
  Set: 508 Way: 0 Address: 0x276ff7f00
  Set: 510 Way: 0 Address: 0x276ff7fba
  Set: 511 Way: 0 Address: 0x276ff7fd8
  Set: 512 Way: 0 Address: 0x2db378020
  Set: 512 Way: 1 Address: 0x3bdd7803d
  Set: 513 Way: 0 Address: 0x201598068
  Set: 513 Way: 1 Address: 0x3bdd78053
  Set: 514 Way: 0 Address: 0x2c98980bc
  Set: 523 Way: 0 Address: 0x3bdd782fd
  Set: 524 Way: 0 Address: 0x3bdd78313
  Set: 524 Way: 1 Address: 0x16668310
  Set: 525 Way: 0 Address: 0x2c989837c
  Set: 526 Way: 0 Address: 0x166683a0
  Set: 534 Way: 0 Address: 0x3bdd785bd
  Set: 535 Way: 0 Address: 0x3bdd785d7
  Set: 536 Way: 0 Address: 0x2c989863c
  Set: 542 Way: 0 Address: 0x1aafb87b0
  Set: 543 Way: 0 Address: 0xc70787f8
  Set: 543 Way: 1 Address: 0x1aafb87c4
  Set: 544 Way: 0 Address: 0x1aafb881e
  Set: 545 Way: 0 Address: 0x1aafb8841
  Set: 546 Way: 0 Address: 0x1aafb8882
  Set: 547 Way: 0 Address: 0x1aafb88c1
  Set: 547 Way: 1 Address: 0x2c98988fc
  Set: 548 Way: 0 Address: 0x201598930
  Set: 550 Way: 0 Address: 0x2c9898998
  Set: 553 Way: 0 Address: 0x1aafb8a40
  Set: 554 Way: 0 Address: 0x1aafb8a80
  Set: 555 Way: 0 Address: 0x1aafb8ac0
  Set: 558 Way: 0 Address: 0x2c9898bbc
  Set: 561 Way: 0 Address: 0x2c9898c58
  Set: 564 Way: 0 Address: 0x1aafb8d1f
  Set: 564 Way: 1 Address: 0x16668d24
  Set: 567 Way: 0 Address: 0x3bdd78dc0
  Set: 568 Way: 0 Address: 0x3bdd78e00
  Set: 568 Way: 1 Address: 0x16668e00
  Set: 569 Way: 0 Address: 0x2c9898e40
  Set: 572 Way: 0 Address: 0x2c9898f18
  Set: 578 Way: 0 Address: 0x292959080
  Set: 581 Way: 0 Address: 0x5d6e9178
  Set: 582 Way: 0 Address: 0x5d6e9188
  Set: 584 Way: 0 Address: 0x2c874921b
  Set: 584 Way: 1 Address: 0x2fa0c9238
  Set: 585 Way: 0 Address: 0x2c8749240
  Set: 585 Way: 1 Address: 0x2fa0c9248
  Set: 586 Way: 0 Address: 0x2c8749283
  Set: 587 Way: 0 Address: 0x2c87492c7
  Set: 588 Way: 0 Address: 0x2c8749300
  Set: 592 Way: 0 Address: 0x5d6e9438
  Set: 593 Way: 0 Address: 0x5d6e9448
  Set: 603 Way: 0 Address: 0x5d6e96f8
  Set: 604 Way: 0 Address: 0x5d6e9708
  Set: 612 Way: 0 Address: 0x312099930
  Set: 614 Way: 0 Address: 0x5d6e99b8
  Set: 615 Way: 0 Address: 0x5d6e99c8
  Set: 619 Way: 0 Address: 0x312099ad8
  Set: 619 Way: 1 Address: 0x8a579af0
  Set: 620 Way: 0 Address: 0x312099b32
  Set: 620 Way: 1 Address: 0xb84a9b00
  Set: 620 Way: 2 Address: 0x8a579b10
  Set: 620 Way: 3 Address: 0x379d39b10
  Set: 621 Way: 0 Address: 0xb84a9b60
  Set: 621 Way: 1 Address: 0x2ee369b5c
  Set: 622 Way: 0 Address: 0x2ee369ba0
  Set: 625 Way: 0 Address: 0x2ee369c40
  Set: 628 Way: 0 Address: 0x16a859d24
  Set: 630 Way: 0 Address: 0x379d39d80
  Set: 636 Way: 0 Address: 0x5d6e9f00
  Set: 637 Way: 0 Address: 0x5d6e9f40
  Set: 640 Way: 0 Address: 0x1132fa020
  Set: 644 Way: 0 Address: 0xc67da130
  Set: 647 Way: 0 Address: 0x1132fa1f0
  Set: 654 Way: 0 Address: 0xc67da388
  Set: 669 Way: 0 Address: 0x1e561a748
  Set: 686 Way: 0 Address: 0x8754abb0
  Set: 694 Way: 0 Address: 0x1e561ad80
  Set: 708 Way: 0 Address: 0xc0d9b137
  Set: 711 Way: 0 Address: 0xc0d9b1d8
  Set: 717 Way: 0 Address: 0x3b377b378
  Set: 719 Way: 0 Address: 0xc0d9b3fc
  Set: 720 Way: 0 Address: 0xc0d9b43f
  Set: 721 Way: 0 Address: 0xc0d9b47f
  Set: 722 Way: 0 Address: 0xc0d9b498
  Set: 727 Way: 0 Address: 0x3b377b5d0
  Set: 731 Way: 0 Address: 0xc0d9b6ff
  Set: 732 Way: 0 Address: 0xc0d9b73f
  Set: 733 Way: 0 Address: 0xc0d9b758
  Set: 735 Way: 0 Address: 0xcf83b7d0
  Set: 736 Way: 0 Address: 0xcf83b801
  Set: 737 Way: 0 Address: 0xcf83b843
  Set: 742 Way: 0 Address: 0xc0d9b9bf
  Set: 743 Way: 0 Address: 0xc0d9b9ff
  Set: 744 Way: 0 Address: 0xc0d9ba18
  Set: 753 Way: 0 Address: 0xc0d9bc7f
  Set: 754 Way: 0 Address: 0xc0d9bcbf
  Set: 755 Way: 0 Address: 0xc0d9bcd8
  Set: 755 Way: 1 Address: 0x28420bcf0
  Set: 762 Way: 0 Address: 0x36889be88
  Set: 764 Way: 0 Address: 0xc0d9bf3f
  Set: 765 Way: 0 Address: 0xc0d9bf7f
  Set: 766 Way: 0 Address: 0xc0d9bf80
  Set: 768 Way: 0 Address: 0xdf85c000
  Set: 768 Way: 1 Address: 0x29484c018
  Set: 769 Way: 0 Address: 0x32f48c078
  Set: 772 Way: 0 Address: 0xb77ac128
  Set: 774 Way: 0 Address: 0x1ae2cc180
  Set: 775 Way: 0 Address: 0x1ae2cc1c1
  Set: 776 Way: 0 Address: 0x38e35c238
  Set: 776 Way: 1 Address: 0x1ae2cc200
  Set: 777 Way: 0 Address: 0x38e35c240
  Set: 777 Way: 1 Address: 0x32f48c258
  Set: 777 Way: 2 Address: 0x1ae2cc242
  Set: 777 Way: 3 Address: 0x4dd9c248
  Set: 778 Way: 0 Address: 0x1ae2cc285
  Set: 779 Way: 0 Address: 0x1ae2cc2c1
  Set: 780 Way: 0 Address: 0x1ae2cc307
  Set: 781 Way: 0 Address: 0x1ae2cc345
  Set: 782 Way: 0 Address: 0x1ae2cc383
  Set: 783 Way: 0 Address: 0x1ae2cc3c5
  Set: 784 Way: 0 Address: 0x1ae2cc43e
  Set: 784 Way: 1 Address: 0x28f0cc430
  Set: 785 Way: 0 Address: 0x1ae2cc449
  Set: 785 Way: 1 Address: 0x28f0cc440
  Set: 786 Way: 0 Address: 0x1ae2cc489
  Set: 786 Way: 1 Address: 0x28f0cc480
  Set: 787 Way: 0 Address: 0x1ae2cc4c7
  Set: 788 Way: 0 Address: 0x1ae2cc50b
  Set: 790 Way: 0 Address: 0xb77ac5b8
  Set: 790 Way: 1 Address: 0x267bcc5b8
  Set: 796 Way: 0 Address: 0x1ae2cc710
  Set: 804 Way: 0 Address: 0x1ae2cc900
  Set: 805 Way: 0 Address: 0x1ae2cc945
  Set: 806 Way: 0 Address: 0x1ae2cc982
  Set: 807 Way: 0 Address: 0x1ae2cc9c0
  Set: 809 Way: 0 Address: 0x12c6fca58
  Set: 809 Way: 1 Address: 0x1ae2cca51
  Set: 810 Way: 0 Address: 0x1ae2cca80
  Set: 811 Way: 0 Address: 0x1ae2ccac2
  Set: 812 Way: 0 Address: 0x1ae2ccb03
  Set: 813 Way: 0 Address: 0x1ae2ccb45
  Set: 814 Way: 0 Address: 0x1ae2ccb83
  Set: 817 Way: 0 Address: 0x1ae2ccc4d
  Set: 820 Way: 0 Address: 0x32502cd38
  Set: 821 Way: 0 Address: 0x1ae2ccd79
  Set: 822 Way: 0 Address: 0x1ae2ccd81
  Set: 825 Way: 0 Address: 0x32502ce74
  Set: 831 Way: 0 Address: 0x2cd70cffd
  Set: 836 Way: 0 Address: 0xe51bd130
  Set: 839 Way: 0 Address: 0x1add1fd
  Set: 841 Way: 0 Address: 0x1add27d
  Set: 842 Way: 0 Address: 0x1add298
  Set: 843 Way: 0 Address: 0x5588d2f8
  Set: 844 Way: 0 Address: 0x5588d312
  Set: 848 Way: 0 Address: 0xdb22d400
  Set: 849 Way: 0 Address: 0xdb22d478
  Set: 852 Way: 0 Address: 0x1add53d
  Set: 853 Way: 0 Address: 0x1add558
  Set: 856 Way: 0 Address: 0xdb22d634
  Set: 863 Way: 0 Address: 0x1add7fd
  Set: 864 Way: 0 Address: 0x1add818
  Set: 873 Way: 0 Address: 0xe51bda58
  Set: 874 Way: 0 Address: 0x1addabd
  Set: 875 Way: 0 Address: 0x1addad8
  Set: 877 Way: 0 Address: 0xdb22db44
  Set: 885 Way: 0 Address: 0x1addd7d
  Set: 886 Way: 0 Address: 0x1addd98
  Set: 892 Way: 0 Address: 0x23755df38
  Set: 892 Way: 1 Address: 0x15164df00
  Set: 893 Way: 0 Address: 0x23755df40
  Set: 895 Way: 0 Address: 0x23755dfd8
  Set: 895 Way: 1 Address: 0xdb22dfd0
  Set: 896 Way: 0 Address: 0x28b67e000
  Set: 896 Way: 1 Address: 0x1f919e000
  Set: 898 Way: 0 Address: 0x3734ee098
  Set: 905 Way: 0 Address: 0x20597e240
  Set: 917 Way: 0 Address: 0x2c077e57c
  Set: 918 Way: 0 Address: 0x2c077e5a8
  Set: 923 Way: 0 Address: 0x2f5d8e6c8
  Set: 927 Way: 0 Address: 0x28b67e7f8
  Set: 928 Way: 0 Address: 0x2db79e818
  Set: 933 Way: 0 Address: 0x1c084e96b
  Set: 939 Way: 0 Address: 0x7d0eeaf8
  Set: 940 Way: 0 Address: 0x7d0eeb00
  Set: 947 Way: 0 Address: 0x7d0eecf0
  Set: 961 Way: 0 Address: 0x23756f07d
  Set: 962 Way: 0 Address: 0x23756f080
  Set: 966 Way: 0 Address: 0x143ef194
  Set: 967 Way: 0 Address: 0x143ef1cc
  Set: 972 Way: 0 Address: 0x23756f33d
  Set: 973 Way: 0 Address: 0x23756f340
  Set: 974 Way: 0 Address: 0x23756f3bd
  Set: 975 Way: 0 Address: 0x23756f3d8
  Set: 982 Way: 0 Address: 0x143ef5a5
  Set: 983 Way: 0 Address: 0x143ef5c5
  Set: 983 Way: 1 Address: 0x22272f5d0
  Set: 983 Way: 2 Address: 0x23756f5fd
  Set: 984 Way: 0 Address: 0x143ef605
  Set: 984 Way: 1 Address: 0x23756f63f
  Set: 985 Way: 0 Address: 0x23756f67f
  Set: 986 Way: 0 Address: 0x23756f698
  Set: 987 Way: 0 Address: 0x143ef6c0
  Set: 988 Way: 0 Address: 0x143ef700
  Set: 989 Way: 0 Address: 0x143ef740
  Set: 990 Way: 0 Address: 0x143ef780
  Set: 992 Way: 0 Address: 0x22272f810
  Set: 994 Way: 0 Address: 0x23756f8bd
  Set: 995 Way: 0 Address: 0x3567df8d0
  Set: 995 Way: 1 Address: 0x23756f8ff
  Set: 996 Way: 0 Address: 0x23756f93f
  Set: 997 Way: 0 Address: 0x23756f958
  Set: 997 Way: 1 Address: 0x3567df948
  Set: 1003 Way: 0 Address: 0x16390fae8
  Set: 1003 Way: 1 Address: 0x3567dfaf8
  Set: 1005 Way: 0 Address: 0x16390fb60
  Set: 1006 Way: 0 Address: 0x16390fb80
  Set: 1006 Way: 1 Address: 0x23756fbbf
  Set: 1007 Way: 0 Address: 0x23756fbff
  Set: 1008 Way: 0 Address: 0x23756fc18
  Set: 1016 Way: 0 Address: 0x23756fe00
  Set: 1017 Way: 0 Address: 0x23756fe7f
  Set: 1018 Way: 0 Address: 0xee86fe98
  Set: 1018 Way: 1 Address: 0x23756febf
  Set: 1019 Way: 0 Address: 0x23756fed8
EndCache
Cache: cpu0_L1I
  Set: 0 Way: 0 Address: 0x62d12010
  Set: 1 Way: 0 Address: 0x62d12040
  Set: 2 Way: 0 Address: 0x62d120b3
  Set: 3 Way: 0 Address: 0x437360ef
  Set: 4 Way: 0 Address: 0x342b40135
  Set: 4 Way: 1 Address: 0x43736129
  Set: 5 Way: 0 Address: 0x342b40142
  Set: 5 Way: 1 Address: 0x43736146
  Set: 6 Way: 0 Address: 0x342b40181
  Set: 6 Way: 1 Address: 0x437361a9
  Set: 6 Way: 2 Address: 0x1ae2cc1a8
  Set: 7 Way: 0 Address: 0x1299341c2
  Set: 7 Way: 1 Address: 0x342b401c2
  Set: 7 Way: 2 Address: 0x437361e2
  Set: 7 Way: 3 Address: 0x1ae2cc1da
  Set: 8 Way: 0 Address: 0x342b40201
  Set: 8 Way: 1 Address: 0x2c874921b
  Set: 8 Way: 2 Address: 0x62d12210
  Set: 8 Way: 3 Address: 0x43736201
  Set: 8 Way: 4 Address: 0x1ae2cc222
  Set: 9 Way: 0 Address: 0x2c874927a
  Set: 9 Way: 1 Address: 0x62d12277
  Set: 9 Way: 2 Address: 0x1ae2cc242
  Set: 10 Way: 0 Address: 0x2c8749283
  Set: 10 Way: 1 Address: 0x62d12287
  Set: 10 Way: 2 Address: 0x1ae2cc29f
  Set: 11 Way: 0 Address: 0x2c87492c7
  Set: 11 Way: 1 Address: 0x62d122c0
  Set: 11 Way: 2 Address: 0x1ae2cc2dc
  Set: 12 Way: 0 Address: 0x62d12300
  Set: 12 Way: 1 Address: 0x2c8749300
  Set: 12 Way: 2 Address: 0x1ae2cc307
  Set: 13 Way: 0 Address: 0x1ae2cc345
  Set: 14 Way: 0 Address: 0x1ae2cc3aa
  Set: 15 Way: 0 Address: 0x1299343fb
  Set: 15 Way: 1 Address: 0x1ae2cc3f2
  Set: 16 Way: 0 Address: 0x129934400
  Set: 16 Way: 1 Address: 0x1ae2cc43e
  Set: 17 Way: 0 Address: 0x62d1245f
  Set: 17 Way: 1 Address: 0x1ae2cc449
  Set: 18 Way: 0 Address: 0x62d12480
  Set: 18 Way: 1 Address: 0x1ae2cc4bc
  Set: 19 Way: 0 Address: 0x342b404e1
  Set: 19 Way: 1 Address: 0x62d124c6
  Set: 19 Way: 2 Address: 0x1ae2cc4c7
  Set: 20 Way: 0 Address: 0x342b4052c
  Set: 20 Way: 1 Address: 0x62d12500
  Set: 20 Way: 2 Address: 0x1ae2cc50b
  Set: 21 Way: 0 Address: 0x342b40542
  Set: 21 Way: 1 Address: 0x62d12541
  Set: 22 Way: 0 Address: 0x342b405ad
  Set: 23 Way: 0 Address: 0x342b405e6
  Set: 24 Way: 0 Address: 0x342b40625
  Set: 25 Way: 0 Address: 0x342b40677
  Set: 26 Way: 0 Address: 0x342b40680
  Set: 26 Way: 1 Address: 0x62d126b5
  Set: 27 Way: 0 Address: 0x62d126e5
  Set: 28 Way: 0 Address: 0xb8004724
  Set: 28 Way: 1 Address: 0x62d1272e
  Set: 28 Way: 2 Address: 0x1ae2cc710
  Set: 29 Way: 0 Address: 0xb8004740
  Set: 29 Way: 1 Address: 0x62d12743
  Set: 30 Way: 0 Address: 0xb80047bd
  Set: 30 Way: 1 Address: 0x1aafb87b0
  Set: 30 Way: 2 Address: 0x62d1279c
  Set: 31 Way: 0 Address: 0xb80047df
  Set: 31 Way: 1 Address: 0x1aafb87ef
  Set: 31 Way: 2 Address: 0xcf83b7ea
  Set: 32 Way: 0 Address: 0x1aafb881e
  Set: 32 Way: 1 Address: 0xb8004802
  Set: 32 Way: 2 Address: 0xcf83b801
  Set: 33 Way: 0 Address: 0x1aafb8867
  Set: 33 Way: 1 Address: 0xcf83b843
  Set: 33 Way: 2 Address: 0x272585870
  Set: 34 Way: 0 Address: 0x1aafb88ae
  Set: 34 Way: 1 Address: 0x2725858b2
  Set: 35 Way: 0 Address: 0x1aafb88db
  Set: 35 Way: 1 Address: 0x2725858e4
  Set: 36 Way: 0 Address: 0x272585906
  Set: 36 Way: 1 Address: 0x62d12900
  Set: 36 Way: 2 Address: 0x1ae2cc93a
  Set: 37 Way: 0 Address: 0x272585969
  Set: 37 Way: 1 Address: 0x62d12968
  Set: 37 Way: 2 Address: 0x1ae2cc97d
  Set: 38 Way: 0 Address: 0x62d12980
  Set: 38 Way: 1 Address: 0x1ae2cc9b2
  Set: 39 Way: 0 Address: 0x1ae2cc9e1
  Set: 41 Way: 0 Address: 0x1aafb8a6a
  Set: 41 Way: 1 Address: 0x1ae2cca51
  Set: 42 Way: 0 Address: 0x1aafb8a80
  Set: 42 Way: 1 Address: 0x272585a87
  Set: 42 Way: 2 Address: 0x1ae2ccaa1
  Set: 42 Way: 3 Address: 0x43736a90
  Set: 43 Way: 0 Address: 0x1aafb8ac0
  Set: 43 Way: 1 Address: 0x272585ac3
  Set: 43 Way: 2 Address: 0x1ae2ccafe
  Set: 43 Way: 3 Address: 0x43736ac3
  Set: 44 Way: 0 Address: 0x272585b22
  Set: 44 Way: 1 Address: 0x1ae2ccb3e
  Set: 44 Way: 2 Address: 0x43736b2d
  Set: 45 Way: 0 Address: 0x272585b43
  Set: 45 Way: 1 Address: 0x1ae2ccb7b
  Set: 45 Way: 2 Address: 0x43736b7e
  Set: 46 Way: 0 Address: 0x272585ba0
  Set: 46 Way: 1 Address: 0x62d12bb2
  Set: 46 Way: 2 Address: 0x1ae2ccb83
  Set: 46 Way: 3 Address: 0x43736bb0
  Set: 47 Way: 0 Address: 0x272585bdd
  Set: 47 Way: 1 Address: 0x62d12bf7
  Set: 47 Way: 2 Address: 0x43736bf1
  Set: 48 Way: 0 Address: 0x272585c19
  Set: 48 Way: 1 Address: 0x62d12c00
  Set: 48 Way: 2 Address: 0x112417c30
  Set: 48 Way: 3 Address: 0x43736c27
  Set: 49 Way: 0 Address: 0x272585c65
  Set: 49 Way: 1 Address: 0x34a0e5c70
  Set: 49 Way: 2 Address: 0x1ae2ccc4d
  Set: 49 Way: 3 Address: 0x112417c59
  Set: 49 Way: 4 Address: 0x43736c43
  Set: 50 Way: 0 Address: 0x272585c82
  Set: 50 Way: 1 Address: 0x34a0e5c81
  Set: 50 Way: 2 Address: 0x112417c98
  Set: 50 Way: 3 Address: 0x43736c8d
  Set: 51 Way: 0 Address: 0x272585cf3
  Set: 51 Way: 1 Address: 0x34a0e5cfe
  Set: 51 Way: 2 Address: 0x112417cc1
  Set: 51 Way: 3 Address: 0x43736cc1
  Set: 52 Way: 0 Address: 0x1aafb8d1f
  Set: 52 Way: 1 Address: 0x272585d02
  Set: 52 Way: 2 Address: 0x34a0e5d25
  Set: 52 Way: 3 Address: 0x43736d31
  Set: 53 Way: 0 Address: 0x43736d60
  Set: 53 Way: 1 Address: 0x34a0e5d60
  Set: 53 Way: 2 Address: 0x272585d41
  Set: 53 Way: 3 Address: 0x1ae2ccd79
  Set: 53 Way: 4 Address: 0x3704c7d60
  Set: 54 Way: 0 Address: 0x43736da4
  Set: 54 Way: 1 Address: 0x34a0e5d83
  Set: 54 Way: 2 Address: 0x1ae2ccd81
  Set: 54 Way: 3 Address: 0x3704c7d93
  Set: 55 Way: 0 Address: 0x43736dfb
  Set: 55 Way: 1 Address: 0x34a0e5de2
  Set: 55 Way: 2 Address: 0x3704c7de2
  Set: 56 Way: 0 Address: 0x43736e02
  Set: 56 Way: 1 Address: 0x34a0e5e1f
  Set: 56 Way: 2 Address: 0x3704c7e02
  Set: 57 Way: 0 Address: 0x43736e61
  Set: 57 Way: 1 Address: 0x34a0e5e73
  Set: 58 Way: 0 Address: 0x43736e81
  Set: 58 Way: 1 Address: 0x34a0e5eb5
  Set: 59 Way: 0 Address: 0x34a0e5ef7
  Set: 59 Way: 1 Address: 0x272585ecf
  Set: 60 Way: 0 Address: 0x34a0e5f39
  Set: 60 Way: 1 Address: 0x272585f27
  Set: 61 Way: 0 Address: 0x34a0e5f7d
  Set: 61 Way: 1 Address: 0x272585f62
  Set: 62 Way: 0 Address: 0x34a0e5f9b
  Set: 62 Way: 1 Address: 0x272585fa4
  Set: 63 Way: 0 Address: 0x34a0e5fc0
  Set: 63 Way: 1 Address: 0x272585fee
EndCache
Cache: cpu0_L1D
  Set: 0 Way: 0 Address: 0xdf85c000
  Set: 0 Way: 1 Address: 0x28b67e000
  Set: 0 Way: 2 Address: 0x1f919e000
  Set: 0 Way: 3 Address: 0x9cff2010
  Set: 0 Way: 4 Address: 0x397bb4010
  Set: 0 Way: 5 Address: 0x29484c018
  Set: 0 Way: 6 Address: 0x1132fa020
  Set: 0 Way: 7 Address: 0x2db378020
  Set: 0 Way: 8 Address: 0x3bdd78039
  Set: 1 Way: 0 Address: 0x201598068
  Set: 1 Way: 1 Address: 0x3bdd78058
  Set: 1 Way: 2 Address: 0x3d87a6070
  Set: 1 Way: 3 Address: 0x181c81070
  Set: 1 Way: 4 Address: 0x34a873078
  Set: 1 Way: 5 Address: 0x32f48c078
  Set: 1 Way: 6 Address: 0x358da7078
  Set: 1 Way: 7 Address: 0x23756f079
  Set: 2 Way: 0 Address: 0x9cff2098
  Set: 2 Way: 1 Address: 0x3734ee098
  Set: 2 Way: 2 Address: 0x292959080
  Set: 2 Way: 3 Address: 0x2177f0097
  Set: 2 Way: 4 Address: 0x23756f080
  Set: 2 Way: 5 Address: 0x2c98980ba
  Set: 3 Way: 0 Address: 0x1ab440f0
  Set: 4 Way: 0 Address: 0xbeea7113
  Set: 4 Way: 1 Address: 0x3232f3138
  Set: 4 Way: 2 Address: 0x3b0803138
  Set: 4 Way: 3 Address: 0xe51bd130
  Set: 4 Way: 4 Address: 0x25771313f
  Set: 4 Way: 5 Address: 0xc67da130
  Set: 4 Way: 6 Address: 0x34e4a2130
  Set: 4 Way: 7 Address: 0xb77ac128
  Set: 4 Way: 8 Address: 0xc0d9b138
  Set: 5 Way: 0 Address: 0x3b0803140
  Set: 5 Way: 1 Address: 0x27d4c6140
  Set: 5 Way: 2 Address: 0x1c6532164
  Set: 5 Way: 3 Address: 0x1ab44168
  Set: 5 Way: 4 Address: 0x25771317f
  Set: 5 Way: 5 Address: 0x5d6e9178
  Set: 5 Way: 6 Address: 0x276ff7179
  Set: 6 Way: 0 Address: 0x257713194
  Set: 6 Way: 1 Address: 0x143ef194
  Set: 6 Way: 2 Address: 0x5d6e9188
  Set: 7 Way: 0 Address: 0x2b2e931d0
  Set: 7 Way: 1 Address: 0xc0d9b1d4
  Set: 7 Way: 2 Address: 0x143ef1c8
  Set: 7 Way: 3 Address: 0x2600911f0
  Set: 7 Way: 4 Address: 0x1132fa1f0
  Set: 7 Way: 5 Address: 0x19c7911ff
  Set: 7 Way: 6 Address: 0x1add1f8
  Set: 8 Way: 0 Address: 0x1c84e2228
  Set: 8 Way: 1 Address: 0x2b2e93210
  Set: 8 Way: 2 Address: 0x133c92230
  Set: 8 Way: 3 Address: 0x1064c2230
  Set: 8 Way: 4 Address: 0x38e35c238
  Set: 8 Way: 5 Address: 0x2fa0c9238
  Set: 8 Way: 6 Address: 0x168ef0220
  Set: 8 Way: 7 Address: 0x260091220
  Set: 8 Way: 8 Address: 0x19c79123f
  Set: 9 Way: 0 Address: 0x38e35c240
  Set: 9 Way: 1 Address: 0x2b2e93278
  Set: 9 Way: 2 Address: 0x181c81240
  Set: 9 Way: 3 Address: 0x20597e240
  Set: 9 Way: 4 Address: 0x34a873250
  Set: 9 Way: 5 Address: 0x19c791251
  Set: 9 Way: 6 Address: 0x32f48c258
  Set: 9 Way: 7 Address: 0x168ef0258
  Set: 9 Way: 8 Address: 0x2fa0c9248
  Set: 9 Way: 9 Address: 0x4dd9c248
  Set: 9 Way: 10 Address: 0x1add279
  Set: 10 Way: 0 Address: 0x1add298
  Set: 10 Way: 1 Address: 0x2b2e932a0
  Set: 10 Way: 2 Address: 0x1909732b8
  Set: 10 Way: 3 Address: 0x348de22b8
  Set: 11 Way: 0 Address: 0x2b2e932d0
  Set: 11 Way: 1 Address: 0x5588d2f8
  Set: 11 Way: 2 Address: 0x3bdd782f9
  Set: 11 Way: 3 Address: 0x348de22c0
  Set: 12 Way: 0 Address: 0x2b2e93328
  Set: 12 Way: 1 Address: 0x5588d312
  Set: 12 Way: 2 Address: 0x3bdd78317
  Set: 12 Way: 3 Address: 0x16668310
  Set: 12 Way: 4 Address: 0x358da7338
  Set: 12 Way: 5 Address: 0x23756f339
  Set: 13 Way: 0 Address: 0x2b2e93340
  Set: 13 Way: 1 Address: 0x2177f0354
  Set: 13 Way: 2 Address: 0x3b377b378
  Set: 13 Way: 3 Address: 0x1b0f15378
  Set: 13 Way: 4 Address: 0x23756f340
  Set: 13 Way: 5 Address: 0x2c9898378
  Set: 13 Way: 6 Address: 0xa3a5237e
  Set: 14 Way: 0 Address: 0x1b0f15380
  Set: 14 Way: 1 Address: 0x3232f3380
  Set: 14 Way: 2 Address: 0x2b2e933a0
  Set: 14 Way: 3 Address: 0x27d4c6388
  Set: 14 Way: 4 Address: 0xc67da388
  Set: 14 Way: 5 Address: 0x166683a0
  Set: 14 Way: 6 Address: 0xa3a52394
  Set: 14 Way: 7 Address: 0x23756f3b9
  Set: 15 Way: 0 Address: 0x2b2e933f8
  Set: 15 Way: 1 Address: 0x23756f3d3
  Set: 15 Way: 2 Address: 0xbeea73d8
  Set: 15 Way: 3 Address: 0x2577133ff
  Set: 15 Way: 4 Address: 0xc0d9b3f8
  Set: 16 Way: 0 Address: 0x2b2e93418
  Set: 16 Way: 1 Address: 0xdb22d400
  Set: 16 Way: 2 Address: 0x28f0cc438
  Set: 16 Way: 3 Address: 0x25771343f
  Set: 16 Way: 4 Address: 0x5d6e9438
  Set: 16 Way: 5 Address: 0xc0d9b43f
  Set: 16 Way: 6 Address: 0x276ff7439
  Set: 17 Way: 0 Address: 0x2b2e93478
  Set: 17 Way: 1 Address: 0x257713456
  Set: 17 Way: 2 Address: 0xdb22d478
  Set: 17 Way: 3 Address: 0x5d6e9448
  Set: 17 Way: 4 Address: 0x28f0cc440
  Set: 17 Way: 5 Address: 0xc0d9b47f
  Set: 18 Way: 0 Address: 0xc0d9b496
  Set: 18 Way: 1 Address: 0x19c7914bf
  Set: 19 Way: 0 Address: 0x2fbe974e0
  Set: 19 Way: 1 Address: 0x19c7914ff
  Set: 20 Way: 0 Address: 0x2b2e93517
  Set: 20 Way: 1 Address: 0x19c791512
  Set: 20 Way: 2 Address: 0x1add539
  Set: 21 Way: 0 Address: 0x1add558
  Set: 21 Way: 1 Address: 0x2b2e93556
  Set: 21 Way: 2 Address: 0x3bdb2550
  Set: 21 Way: 3 Address: 0x190973578
  Set: 21 Way: 4 Address: 0x348de2579
  Set: 21 Way: 5 Address: 0x2c077e57c
  Set: 22 Way: 0 Address: 0x143ef5b5
  Set: 22 Way: 1 Address: 0x2b2e93587
  Set: 22 Way: 2 Address: 0x2c077e5a8
  Set: 22 Way: 3 Address: 0x3bdd785b8
  Set: 22 Way: 4 Address: 0x348de2580
  Set: 22 Way: 5 Address: 0xb77ac5b8
  Set: 22 Way: 6 Address: 0x267bcc5b8
  Set: 23 Way: 0 Address: 0x143ef5c5
  Set: 23 Way: 1 Address: 0x3c10745c0
  Set: 23 Way: 2 Address: 0x354d355c8
  Set: 23 Way: 3 Address: 0x22272f5d0
  Set: 23 Way: 4 Address: 0x3b377b5d0
  Set: 23 Way: 5 Address: 0x3bdd785d2
  Set: 23 Way: 6 Address: 0x358da75f8
  Set: 23 Way: 7 Address: 0x23756f5f9
  Set: 24 Way: 0 Address: 0x143ef603
  Set: 24 Way: 1 Address: 0x2177f0619
  Set: 24 Way: 2 Address: 0x2b2e93630
  Set: 24 Way: 3 Address: 0xdb22d634
  Set: 24 Way: 4 Address: 0x23756f63f
  Set: 24 Way: 5 Address: 0x2c9898638
  Set: 25 Way: 0 Address: 0x2b2e93640
  Set: 25 Way: 1 Address: 0x23756f67f
  Set: 25 Way: 2 Address: 0x358da7678
  Set: 26 Way: 0 Address: 0x2b2e93680
  Set: 26 Way: 1 Address: 0x23756f693
  Set: 26 Way: 2 Address: 0x358da7688
  Set: 26 Way: 3 Address: 0x2577136bf
  Set: 27 Way: 0 Address: 0x2f5d8e6c8
  Set: 27 Way: 1 Address: 0x143ef6c0
  Set: 27 Way: 2 Address: 0x2b2e936e4
  Set: 27 Way: 3 Address: 0x2577136ff
  Set: 27 Way: 4 Address: 0x5d6e96f8
  Set: 27 Way: 5 Address: 0xc0d9b6ff
  Set: 27 Way: 6 Address: 0x276ff76f9
  Set: 28 Way: 0 Address: 0x143ef700
  Set: 28 Way: 1 Address: 0x2b2e93700
  Set: 28 Way: 2 Address: 0x257713713
  Set: 28 Way: 3 Address: 0x5d6e9708
  Set: 28 Way: 4 Address: 0xc0d9b73f
  Set: 29 Way: 0 Address: 0x143ef740
  Set: 29 Way: 1 Address: 0x2b2e93778
  Set: 29 Way: 2 Address: 0xc0d9b753
  Set: 29 Way: 3 Address: 0x1e561a748
  Set: 29 Way: 4 Address: 0x37f426748
  Set: 29 Way: 5 Address: 0x19c79177f
  Set: 30 Way: 0 Address: 0x143ef780
  Set: 30 Way: 1 Address: 0x2b2e93798
  Set: 30 Way: 2 Address: 0x19c7917bf
  Set: 31 Way: 0 Address: 0x28b67e7f8
  Set: 31 Way: 1 Address: 0xc70787f8
  Set: 31 Way: 2 Address: 0x2b2e937e4
  Set: 31 Way: 3 Address: 0x19c7917d2
  Set: 31 Way: 4 Address: 0x1add7f8
  Set: 32 Way: 0 Address: 0x1add813
  Set: 32 Way: 1 Address: 0x354d35808
  Set: 32 Way: 2 Address: 0x6e620808
  Set: 32 Way: 3 Address: 0x22272f810
  Set: 32 Way: 4 Address: 0x2db79e818
  Set: 32 Way: 5 Address: 0x190973838
  Set: 32 Way: 6 Address: 0x348de2839
  Set: 33 Way: 0 Address: 0x247006874
  Set: 33 Way: 1 Address: 0x348de2840
  Set: 34 Way: 0 Address: 0x23756f8b8
  Set: 35 Way: 0 Address: 0x2177f08d7
  Set: 35 Way: 1 Address: 0x3567df8d0
  Set: 35 Way: 2 Address: 0x23756f8ff
  Set: 35 Way: 3 Address: 0x2c98988f8
  Set: 36 Way: 0 Address: 0x201598930
  Set: 36 Way: 1 Address: 0x133c92930
  Set: 36 Way: 2 Address: 0x312099930
  Set: 36 Way: 3 Address: 0x23756f93f
  Set: 36 Way: 4 Address: 0x358da7938
  Set: 37 Way: 0 Address: 0x1c084e97b
  Set: 37 Way: 1 Address: 0x23756f956
  Set: 37 Way: 2 Address: 0x1064c2950
  Set: 37 Way: 3 Address: 0x3d87a6950
  Set: 37 Way: 4 Address: 0x3567df948
  Set: 37 Way: 5 Address: 0x358da7948
  Set: 37 Way: 6 Address: 0x25771397f
  Set: 38 Way: 0 Address: 0x2c9898993
  Set: 38 Way: 1 Address: 0x2b2e939a8
  Set: 38 Way: 2 Address: 0x2577139bf
  Set: 38 Way: 3 Address: 0x5d6e99b8
  Set: 38 Way: 4 Address: 0xc0d9b9bf
  Set: 38 Way: 5 Address: 0x276ff79b9
  Set: 39 Way: 0 Address: 0x2577139d4
  Set: 39 Way: 1 Address: 0x2b2e939d8
  Set: 39 Way: 2 Address: 0x5d6e99c8
  Set: 39 Way: 3 Address: 0xc0d9b9ff
  Set: 40 Way: 0 Address: 0xc0d9ba14
  Set: 40 Way: 1 Address: 0x2b2e93a08
  Set: 41 Way: 0 Address: 0x12c6fca58
  Set: 41 Way: 1 Address: 0x276ff7a54
  Set: 41 Way: 2 Address: 0xe51bda58
  Set: 41 Way: 3 Address: 0x2b2e93a50
  Set: 42 Way: 0 Address: 0x1addab9
  Set: 43 Way: 0 Address: 0x16390fae8
  Set: 43 Way: 1 Address: 0x1addad4
  Set: 43 Way: 2 Address: 0x312099ad8
  Set: 43 Way: 3 Address: 0x28a940ac0
  Set: 43 Way: 4 Address: 0x7d0eeaf8
  Set: 43 Way: 5 Address: 0x6b744af0
  Set: 43 Way: 6 Address: 0x8a579af0
  Set: 43 Way: 7 Address: 0x3567dfaf8
  Set: 43 Way: 8 Address: 0x2b2e93ac0
  Set: 43 Way: 9 Address: 0x190973af8
  Set: 43 Way: 10 Address: 0x348de2af8
  Set: 44 Way: 0 Address: 0x312099b32
  Set: 44 Way: 1 Address: 0x28a940b00
  Set: 44 Way: 2 Address: 0xb84a9b00
  Set: 44 Way: 3 Address: 0x7d0eeb00
  Set: 44 Way: 4 Address: 0x8a579b10
  Set: 44 Way: 5 Address: 0x2b2e93b00
  Set: 44 Way: 6 Address: 0x379d39b10
  Set: 44 Way: 7 Address: 0x348de2b00
  Set: 45 Way: 0 Address: 0x28a940b40
  Set: 45 Way: 1 Address: 0x16390fb60
  Set: 45 Way: 2 Address: 0xb84a9b60
  Set: 45 Way: 3 Address: 0xdb22db44
  Set: 45 Way: 4 Address: 0x2b2e93b40
  Set: 45 Way: 5 Address: 0x2ee369b5c
  Set: 46 Way: 0 Address: 0x2177f0b97
  Set: 46 Way: 1 Address: 0x28a940b80
  Set: 46 Way: 2 Address: 0x16390fb80
  Set: 46 Way: 3 Address: 0x31be12b80
  Set: 46 Way: 4 Address: 0x2b2e93b80
  Set: 46 Way: 5 Address: 0x2ee369ba0
  Set: 46 Way: 6 Address: 0x8754abb0
  Set: 46 Way: 7 Address: 0x12c077ba8
  Set: 46 Way: 8 Address: 0x23756fbbf
  Set: 46 Way: 9 Address: 0x101c26ba0
  Set: 46 Way: 10 Address: 0x2c9898bb8
  Set: 47 Way: 0 Address: 0x23756fbff
  Set: 47 Way: 1 Address: 0x358da7bf8
  Set: 47 Way: 2 Address: 0x1f8ce0bf9
  Set: 48 Way: 0 Address: 0x23756fc13
  Set: 48 Way: 1 Address: 0x28a940c30
  Set: 48 Way: 2 Address: 0x358da7c08
  Set: 49 Way: 0 Address: 0x2ee369c40
  Set: 49 Way: 1 Address: 0x2c9898c58
  Set: 49 Way: 2 Address: 0x28a940c50
  Set: 49 Way: 3 Address: 0x257713c78
  Set: 49 Way: 4 Address: 0xc0d9bc7f
  Set: 49 Way: 5 Address: 0x276ff7c79
  Set: 50 Way: 0 Address: 0x257713c96
  Set: 50 Way: 1 Address: 0x28a940c98
  Set: 50 Way: 2 Address: 0x2b2e93c98
  Set: 50 Way: 3 Address: 0xc0d9bcbf
  Set: 51 Way: 0 Address: 0xc0d9bcd4
  Set: 51 Way: 1 Address: 0x28a940cff
  Set: 51 Way: 2 Address: 0x7d0eecf0
  Set: 51 Way: 3 Address: 0x28420bcf0
  Set: 52 Way: 0 Address: 0x276ff7d18
  Set: 52 Way: 1 Address: 0x28a940d08
  Set: 52 Way: 2 Address: 0x32502cd38
  Set: 52 Way: 3 Address: 0x16a859d24
  Set: 52 Way: 4 Address: 0x16668d24
  Set: 53 Way: 0 Address: 0x28a940d70
  Set: 53 Way: 1 Address: 0x1addd79
  Set: 54 Way: 0 Address: 0x1addd93
  Set: 54 Way: 1 Address: 0x28a940db8
  Set: 54 Way: 2 Address: 0x379d39d80
  Set: 54 Way: 3 Address: 0x1e561ad80
  Set: 54 Way: 4 Address: 0x190973db8
  Set: 54 Way: 5 Address: 0x348de2db9
  Set: 55 Way: 0 Address: 0x14bb10dd9
  Set: 55 Way: 1 Address: 0x28a940df7
  Set: 55 Way: 2 Address: 0x3bdd78dc0
  Set: 55 Way: 3 Address: 0x348de2dc0
  Set: 56 Way: 0 Address: 0x3bdd78e00
  Set: 56 Way: 1 Address: 0x3dae66e00
  Set: 56 Way: 2 Address: 0x28a940e37
  Set: 56 Way: 3 Address: 0x16668e00
  Set: 56 Way: 4 Address: 0x358da7e00
  Set: 56 Way: 5 Address: 0x23756fe00
  Set: 57 Way: 0 Address: 0x3dae66e50
  Set: 57 Way: 1 Address: 0x2177f0e40
  Set: 57 Way: 2 Address: 0x32502ce78
  Set: 57 Way: 3 Address: 0x23756fe7f
  Set: 57 Way: 4 Address: 0x2c9898e40
  Set: 58 Way: 0 Address: 0xee86fe98
  Set: 58 Way: 1 Address: 0x6b744e88
  Set: 58 Way: 2 Address: 0x57be5e88
  Set: 58 Way: 3 Address: 0x36889be88
  Set: 58 Way: 4 Address: 0x23756febf
  Set: 58 Way: 5 Address: 0x358da7eb8
  Set: 58 Way: 6 Address: 0x1f8ce0eb9
  Set: 59 Way: 0 Address: 0x23756fed4
  Set: 59 Way: 1 Address: 0x3dae66ec0
  Set: 59 Way: 2 Address: 0x358da7ec8
  Set: 59 Way: 3 Address: 0x257713ec0
  Set: 60 Way: 0 Address: 0x1995f2f20
  Set: 60 Way: 1 Address: 0x23755df38
  Set: 60 Way: 2 Address: 0x2c9898f13
  Set: 60 Way: 3 Address: 0x211d16f00
  Set: 60 Way: 4 Address: 0x15164df00
  Set: 60 Way: 5 Address: 0x1b7ae6f28
  Set: 60 Way: 6 Address: 0x257713f00
  Set: 60 Way: 7 Address: 0x5d6e9f00
  Set: 60 Way: 8 Address: 0xc0d9bf3f
  Set: 60 Way: 9 Address: 0x276ff7f00
  Set: 61 Way: 0 Address: 0x23755df40
  Set: 61 Way: 1 Address: 0x211d16f40
  Set: 61 Way: 2 Address: 0x257713f40
  Set: 61 Way: 3 Address: 0x5d6e9f40
  Set: 61 Way: 4 Address: 0xc0d9bf7f
  Set: 62 Way: 0 Address: 0xc0d9bf80
  Set: 62 Way: 1 Address: 0x276ff7fb9
  Set: 62 Way: 2 Address: 0x19c791f80
  Set: 63 Way: 0 Address: 0x6d0c2fd8
  Set: 63 Way: 1 Address: 0x276ff7fd8
  Set: 63 Way: 2 Address: 0x23755dfd8
  Set: 63 Way: 3 Address: 0x84896fd8
  Set: 63 Way: 4 Address: 0xdb22dfd0
  Set: 63 Way: 5 Address: 0x19c791fc0
  Set: 63 Way: 6 Address: 0x2cd70cffd
EndCache
Cache: cpu0_ITLB
  Set: 2 Way: 0 Address: 0x40281e
  Set: 3 Way: 0 Address: 0x4031c2
  Set: 4 Way: 0 Address: 0x444b7b
  Set: 4 Way: 1 Address: 0x404c98
  Set: 5 Way: 0 Address: 0x445dfb
  Set: 6 Way: 0 Address: 0x446135
  Set: 8 Way: 0 Address: 0x44827a
  Set: 10 Way: 0 Address: 0x44a8e4
  Set: 11 Way: 0 Address: 0x44b040
  Set: 13 Way: 0 Address: 0x40d740
  Set: 14 Way: 0 Address: 0x40e7ea
  Set: 14 Way: 1 Address: 0x43ee02
  Set: 15 Way: 0 Address: 0x40fc81
EndCache
Cache: cpu0_DTLB
  Set: 0 Way: 0 Address: 0x27b037c
  Set: 0 Way: 1 Address: 0x7fd2fa670128
  Set: 0 Way: 2 Address: 0x2760a58
  Set: 0 Way: 3 Address: 0x21e03a0
  Set: 1 Way: 0 Address: 0x7fd2fa701dd9
  Set: 1 Way: 1 Address: 0x7fd2fa671251
  Set: 1 Way: 2 Address: 0x27d1d24
  Set: 2 Way: 0 Address: 0x7fd2fa702353
  Set: 2 Way: 1 Address: 0x2762164
  Set: 3 Way: 0 Address: 0x7fd2fa703113
  Set: 4 Way: 0 Address: 0x21e45b5
  Set: 4 Way: 1 Address: 0x7fd2fa374db8
  Set: 5 Way: 0 Address: 0x21e54e0
  Set: 5 Way: 1 Address: 0x7fd2fa375ec8
  Set: 5 Way: 2 Address: 0x7fd2fa625ffd
  Set: 6 Way: 0 Address: 0x52697b
  Set: 6 Way: 1 Address: 0x7fd2fa3769c8
  Set: 6 Way: 2 Address: 0x7fd2fa6262b8
  Set: 7 Way: 0 Address: 0x21e7e50
  Set: 7 Way: 1 Address: 0x7fd2fa627958
  Set: 7 Way: 2 Address: 0x7ffedb247d08
  Set: 7 Way: 3 Address: 0x7fd2fa6b7bf9
  Set: 8 Way: 0 Address: 0x7ffedb248340
  Set: 8 Way: 1 Address: 0x7fd2fa6b8fd8
  Set: 8 Way: 2 Address: 0x21e80f0
  Set: 8 Way: 3 Address: 0x7fd2fa628457
  Set: 9 Way: 0 Address: 0x7fd2fa6b9d93
  Set: 9 Way: 1 Address: 0x7ffedb249550
  Set: 9 Way: 2 Address: 0x26e9440
  Set: 10 Way: 0 Address: 0x7fd2fa6ba313
  Set: 10 Way: 1 Address: 0x52a930
  Set: 11 Way: 0 Address: 0x21fb312
  Set: 12 Way: 0 Address: 0x276cd38
  Set: 13 Way: 0 Address: 0x275dc40
  Set: 14 Way: 0 Address: 0x279e874
  Set: 14 Way: 1 Address: 0x275eaf8
  Set: 15 Way: 0 Address: 0x7fd2fa66fc58
  Set: 15 Way: 1 Address: 0x275ffd0
EndCache
Cache: LLC
  Set: 4 Way: 0 Address: 0x342b40106
  Set: 5 Way: 0 Address: 0x342b40142
  Set: 6 Way: 0 Address: 0x342b40180
  Set: 7 Way: 0 Address: 0x342b401c2
  Set: 8 Way: 0 Address: 0x342b40201
  Set: 19 Way: 0 Address: 0x342b404e1
  Set: 20 Way: 0 Address: 0x342b40500
  Set: 21 Way: 0 Address: 0x342b40542
  Set: 22 Way: 0 Address: 0x342b40582
  Set: 23 Way: 0 Address: 0x342b405c2
  Set: 24 Way: 0 Address: 0x342b40605
  Set: 25 Way: 0 Address: 0x342b40640
  Set: 26 Way: 0 Address: 0x342b40680
  Set: 27 Way: 0 Address: 0x342b406c0
  Set: 32 Way: 0 Address: 0x6e620808
  Set: 43 Way: 0 Address: 0x28a940ac0
  Set: 44 Way: 0 Address: 0x28a940b00
  Set: 45 Way: 0 Address: 0x28a940b40
  Set: 46 Way: 0 Address: 0x28a940b80
  Set: 47 Way: 0 Address: 0x28a940bc0
  Set: 47 Way: 1 Address: 0x1f8ce0bfd
  Set: 48 Way: 0 Address: 0x28a940c20
  Set: 49 Way: 0 Address: 0x28a940c50
  Set: 50 Way: 0 Address: 0x28a940cb8
  Set: 51 Way: 0 Address: 0x28a940cff
  Set: 52 Way: 0 Address: 0x28a940d38
  Set: 53 Way: 0 Address: 0x28a940d64
  Set: 54 Way: 0 Address: 0x28a940db8
  Set: 55 Way: 0 Address: 0x28a940dc0
  Set: 56 Way: 0 Address: 0x28a940e00
  Set: 58 Way: 0 Address: 0x1f8ce0ebd
  Set: 65 Way: 0 Address: 0x181c81070
  Set: 73 Way: 0 Address: 0x181c81240
  Set: 132 Way: 0 Address: 0x34e4a2130
  Set: 136 Way: 0 Address: 0x1c84e2228
  Set: 136 Way: 1 Address: 0x1064c2230
  Set: 137 Way: 0 Address: 0x348de2240
  Set: 138 Way: 0 Address: 0x348de22bd
  Set: 139 Way: 0 Address: 0x348de22c0
  Set: 149 Way: 0 Address: 0x348de257d
  Set: 150 Way: 0 Address: 0x348de2580
  Set: 160 Way: 0 Address: 0x348de2800
  Set: 161 Way: 0 Address: 0x348de2840
  Set: 165 Way: 0 Address: 0x1064c2950
  Set: 171 Way: 0 Address: 0x348de2afd
  Set: 172 Way: 0 Address: 0x348de2b00
  Set: 182 Way: 0 Address: 0x348de2dbd
  Set: 183 Way: 0 Address: 0x348de2dc0
  Set: 191 Way: 0 Address: 0x6d0c2fd8
  Set: 196 Way: 0 Address: 0x3b0803138
  Set: 197 Way: 0 Address: 0x3b0803140
  Set: 259 Way: 0 Address: 0x1ab440f0
  Set: 261 Way: 0 Address: 0x1ab44168
  Set: 284 Way: 0 Address: 0xb8004700
  Set: 285 Way: 0 Address: 0xb8004740
  Set: 286 Way: 0 Address: 0xb8004781
  Set: 287 Way: 0 Address: 0xb80047c2
  Set: 288 Way: 0 Address: 0xb8004802
  Set: 299 Way: 0 Address: 0x6b744af8
  Set: 314 Way: 0 Address: 0x6b744e88
  Set: 353 Way: 0 Address: 0x272585870
  Set: 354 Way: 0 Address: 0x272585881
  Set: 355 Way: 0 Address: 0x2725858c3
  Set: 356 Way: 0 Address: 0x272585906
  Set: 357 Way: 0 Address: 0x272585946
  Set: 358 Way: 0 Address: 0x272585980
  Set: 362 Way: 0 Address: 0x272585a87
  Set: 363 Way: 0 Address: 0x272585ac3
  Set: 364 Way: 0 Address: 0x272585b05
  Set: 365 Way: 0 Address: 0x272585b43
  Set: 366 Way: 0 Address: 0x272585b80
  Set: 367 Way: 0 Address: 0x272585bc0
  Set: 368 Way: 0 Address: 0x272585c03
  Set: 369 Way: 0 Address: 0x272585c41
  Set: 369 Way: 1 Address: 0x34a0e5c70
  Set: 370 Way: 0 Address: 0x272585c80
  Set: 370 Way: 1 Address: 0x34a0e5c81
  Set: 371 Way: 0 Address: 0x272585cc1
  Set: 371 Way: 1 Address: 0x34a0e5cc0
  Set: 372 Way: 0 Address: 0x272585d02
  Set: 372 Way: 1 Address: 0x34a0e5d02
  Set: 373 Way: 0 Address: 0x272585d40
  Set: 373 Way: 1 Address: 0x34a0e5d41
  Set: 374 Way: 0 Address: 0x272585d80
  Set: 374 Way: 1 Address: 0x34a0e5d83
  Set: 375 Way: 0 Address: 0x34a0e5dc0
  Set: 376 Way: 0 Address: 0x34a0e5e01
  Set: 377 Way: 0 Address: 0x34a0e5e41
  Set: 378 Way: 0 Address: 0x34a0e5e81
  Set: 378 Way: 1 Address: 0x57be5e88
  Set: 379 Way: 0 Address: 0x34a0e5ec2
  Set: 379 Way: 1 Address: 0x272585ecf
  Set: 380 Way: 0 Address: 0x34a0e5f04
  Set: 380 Way: 1 Address: 0x272585f27
  Set: 381 Way: 0 Address: 0x34a0e5f43
  Set: 381 Way: 1 Address: 0x272585f43
  Set: 382 Way: 0 Address: 0x34a0e5f81
  Set: 382 Way: 1 Address: 0x272585f80
  Set: 383 Way: 0 Address: 0x34a0e5fc0
  Set: 383 Way: 1 Address: 0x272585fc4
  Set: 385 Way: 0 Address: 0x3d87a6070
  Set: 389 Way: 0 Address: 0x27d4c6140
  Set: 398 Way: 0 Address: 0x27d4c6388
  Set: 413 Way: 0 Address: 0x37f426748
  Set: 417 Way: 0 Address: 0x247006874
  Set: 421 Way: 0 Address: 0x3d87a6950
  Set: 430 Way: 0 Address: 0x101c26ba0
  Set: 440 Way: 0 Address: 0x3dae66e00
  Set: 441 Way: 0 Address: 0x3dae66e50
  Set: 443 Way: 0 Address: 0x3dae66ec0
  Set: 444 Way: 0 Address: 0x1b7ae6f28
  Set: 449 Way: 0 Address: 0x358da7078
  Set: 452 Way: 0 Address: 0xbeea7112
  Set: 460 Way: 0 Address: 0x358da7338
  Set: 463 Way: 0 Address: 0xbeea73d1
  Set: 471 Way: 0 Address: 0x358da75f8
  Set: 473 Way: 0 Address: 0x358da7678
  Set: 474 Way: 0 Address: 0xbeea7680
  Set: 474 Way: 1 Address: 0x358da7688
  Set: 484 Way: 0 Address: 0x358da7938
  Set: 485 Way: 0 Address: 0x358da7948
  Set: 495 Way: 0 Address: 0x358da7bf8
  Set: 496 Way: 0 Address: 0x358da7c08
  Set: 501 Way: 0 Address: 0x3704c7d60
  Set: 502 Way: 0 Address: 0x3704c7d93
  Set: 503 Way: 0 Address: 0x3704c7de2
  Set: 504 Way: 0 Address: 0x3704c7e02
  Set: 504 Way: 1 Address: 0x358da7e00
  Set: 505 Way: 0 Address: 0x3704c7e40
  Set: 506 Way: 0 Address: 0x358da7eb8
  Set: 507 Way: 0 Address: 0x358da7ec8
  Set: 524 Way: 0 Address: 0x16668310
  Set: 526 Way: 0 Address: 0x166683a0
  Set: 564 Way: 0 Address: 0x16668d24
  Set: 568 Way: 0 Address: 0x16668e00
  Set: 581 Way: 0 Address: 0x5d6e9178
  Set: 582 Way: 0 Address: 0x5d6e9188
  Set: 584 Way: 0 Address: 0x2c874921b
  Set: 584 Way: 1 Address: 0x2fa0c9238
  Set: 585 Way: 0 Address: 0x2c8749240
  Set: 585 Way: 1 Address: 0x2fa0c9248
  Set: 586 Way: 0 Address: 0x2c8749283
  Set: 587 Way: 0 Address: 0x2c87492c7
  Set: 588 Way: 0 Address: 0x2c8749300
  Set: 589 Way: 0 Address: 0x2c8749340
  Set: 592 Way: 0 Address: 0x5d6e9438
  Set: 593 Way: 0 Address: 0x5d6e9448
  Set: 603 Way: 0 Address: 0x5d6e96f8
  Set: 604 Way: 0 Address: 0x5d6e9708
  Set: 614 Way: 0 Address: 0x5d6e99b8
  Set: 615 Way: 0 Address: 0x5d6e99c8
  Set: 620 Way: 0 Address: 0xb84a9b00
  Set: 621 Way: 0 Address: 0xb84a9b60
  Set: 621 Way: 1 Address: 0x2ee369b5c
  Set: 622 Way: 0 Address: 0x2ee369ba0
  Set: 625 Way: 0 Address: 0x2ee369c40
  Set: 636 Way: 0 Address: 0x5d6e9f00
  Set: 637 Way: 0 Address: 0x5d6e9f40
  Set: 686 Way: 0 Address: 0x8754abb0
  Set: 755 Way: 0 Address: 0x28420bcf0
  Set: 768 Way: 0 Address: 0x29484c018
  Set: 769 Way: 0 Address: 0x32f48c078
  Set: 772 Way: 0 Address: 0xb77ac128
  Set: 774 Way: 0 Address: 0x1ae2cc180
  Set: 775 Way: 0 Address: 0x1ae2cc1c1
  Set: 776 Way: 0 Address: 0x1ae2cc200
  Set: 777 Way: 0 Address: 0x32f48c258
  Set: 777 Way: 1 Address: 0x1ae2cc242
  Set: 778 Way: 0 Address: 0x1ae2cc285
  Set: 779 Way: 0 Address: 0x1ae2cc2c1
  Set: 780 Way: 0 Address: 0x1ae2cc307
  Set: 781 Way: 0 Address: 0x1ae2cc340
  Set: 782 Way: 0 Address: 0x1ae2cc383
  Set: 783 Way: 0 Address: 0x1ae2cc3c5
  Set: 784 Way: 0 Address: 0x1ae2cc400
  Set: 784 Way: 1 Address: 0x28f0cc430
  Set: 785 Way: 0 Address: 0x1ae2cc440
  Set: 785 Way: 1 Address: 0x28f0cc440
  Set: 786 Way: 0 Address: 0x1ae2cc489
  Set: 786 Way: 1 Address: 0x28f0cc480
  Set: 787 Way: 0 Address: 0x1ae2cc4c7
  Set: 787 Way: 1 Address: 0x28f0cc4c0
  Set: 788 Way: 0 Address: 0x1ae2cc500
  Set: 789 Way: 0 Address: 0x1ae2cc540
  Set: 790 Way: 0 Address: 0x1ae2cc580
  Set: 790 Way: 1 Address: 0xb77ac5b8
  Set: 790 Way: 2 Address: 0x267bcc5b8
  Set: 796 Way: 0 Address: 0x1ae2cc710
  Set: 804 Way: 0 Address: 0x1ae2cc900
  Set: 805 Way: 0 Address: 0x1ae2cc945
  Set: 806 Way: 0 Address: 0x1ae2cc982
  Set: 807 Way: 0 Address: 0x1ae2cc9c0
  Set: 808 Way: 0 Address: 0x1ae2cca00
  Set: 809 Way: 0 Address: 0x1ae2cca40
  Set: 810 Way: 0 Address: 0x1ae2cca80
  Set: 811 Way: 0 Address: 0x1ae2ccac2
  Set: 812 Way: 0 Address: 0x1ae2ccb03
  Set: 813 Way: 0 Address: 0x1ae2ccb45
  Set: 814 Way: 0 Address: 0x1ae2ccb83
  Set: 815 Way: 0 Address: 0x1ae2ccbc0
  Set: 817 Way: 0 Address: 0x1ae2ccc4d
  Set: 820 Way: 0 Address: 0x32502cd38
  Set: 821 Way: 0 Address: 0x1ae2ccd79
  Set: 822 Way: 0 Address: 0x1ae2ccd81
  Set: 825 Way: 0 Address: 0x32502ce74
  Set: 831 Way: 0 Address: 0x2cd70cffd
  Set: 843 Way: 0 Address: 0x5588d2f8
  Set: 844 Way: 0 Address: 0x5588d312
  Set: 848 Way: 0 Address: 0xdb22d400
  Set: 849 Way: 0 Address: 0xdb22d478
  Set: 856 Way: 0 Address: 0xdb22d634
  Set: 877 Way: 0 Address: 0xdb22db44
  Set: 889 Way: 0 Address: 0xdb22de40
  Set: 892 Way: 0 Address: 0x15164df00
  Set: 895 Way: 0 Address: 0xdb22dfd0
  Set: 898 Way: 0 Address: 0x3734ee098
  Set: 923 Way: 0 Address: 0x2f5d8e6c8
  Set: 933 Way: 0 Address: 0x1c084e96b
  Set: 939 Way: 0 Address: 0x7d0eeaf8
  Set: 940 Way: 0 Address: 0x7d0eeb00
  Set: 947 Way: 0 Address: 0x7d0eecf0
  Set: 961 Way: 0 Address: 0x23756f07d
  Set: 962 Way: 0 Address: 0x23756f080
  Set: 966 Way: 0 Address: 0x143ef194
  Set: 967 Way: 0 Address: 0x143ef1cc
  Set: 972 Way: 0 Address: 0x23756f33d
  Set: 973 Way: 0 Address: 0x23756f340
  Set: 974 Way: 0 Address: 0x23756f3bd
  Set: 975 Way: 0 Address: 0x23756f3d8
  Set: 982 Way: 0 Address: 0x143ef5a5
  Set: 983 Way: 0 Address: 0x143ef5c5
  Set: 983 Way: 1 Address: 0x22272f5d0
  Set: 983 Way: 2 Address: 0x23756f5fd
  Set: 984 Way: 0 Address: 0x143ef605
  Set: 984 Way: 1 Address: 0x23756f63f
  Set: 985 Way: 0 Address: 0x23756f67f
  Set: 986 Way: 0 Address: 0x23756f698
  Set: 987 Way: 0 Address: 0x143ef6c0
  Set: 988 Way: 0 Address: 0x143ef700
  Set: 989 Way: 0 Address: 0x143ef740
  Set: 990 Way: 0 Address: 0x143ef780
  Set: 992 Way: 0 Address: 0x22272f810
  Set: 994 Way: 0 Address: 0x23756f880
  Set: 995 Way: 0 Address: 0x23756f8ff
  Set: 996 Way: 0 Address: 0x23756f93f
  Set: 997 Way: 0 Address: 0x23756f958
  Set: 1003 Way: 0 Address: 0x16390fae8
  Set: 1005 Way: 0 Address: 0x16390fb60
  Set: 1005 Way: 1 Address: 0x23756fb40
  Set: 1006 Way: 0 Address: 0x16390fb80
  Set: 1006 Way: 1 Address: 0x23756fbbf
  Set: 1007 Way: 0 Address: 0x23756fbff
  Set: 1008 Way: 0 Address: 0x23756fc00
  Set: 1016 Way: 0 Address: 0x23756fe00
  Set: 1017 Way: 0 Address: 0x23756fe7f
  Set: 1018 Way: 0 Address: 0xee86fe98
  Set: 1018 Way: 1 Address: 0x23756febf
  Set: 1019 Way: 0 Address: 0x23756fed8
  Set: 1026 Way: 0 Address: 0x2177f0092
  Set: 1032 Way: 0 Address: 0x168ef0220
  Set: 1033 Way: 0 Address: 0x168ef0258
  Set: 1037 Way: 0 Address: 0x2177f0352
  Set: 1048 Way: 0 Address: 0x2177f0600
  Set: 1059 Way: 0 Address: 0x2177f08d2
  Set: 1070 Way: 0 Address: 0x2177f0b92
  Set: 1079 Way: 0 Address: 0x14bb10dd2
  Set: 1081 Way: 0 Address: 0x2177f0e40
  Set: 1095 Way: 0 Address: 0x2600911f0
  Set: 1095 Way: 1 Address: 0x19c7911ff
  Set: 1096 Way: 0 Address: 0x260091220
  Set: 1096 Way: 1 Address: 0x19c79123f
  Set: 1097 Way: 0 Address: 0x19c791256
  Set: 1106 Way: 0 Address: 0x19c7914bf
  Set: 1107 Way: 0 Address: 0x19c7914ff
  Set: 1108 Way: 0 Address: 0x19c791516
  Set: 1117 Way: 0 Address: 0x19c79177f
  Set: 1118 Way: 0 Address: 0x19c7917bf
  Set: 1119 Way: 0 Address: 0x19c7917c0
  Set: 1128 Way: 0 Address: 0x19c791a00
  Set: 1150 Way: 0 Address: 0x19c791f80
  Set: 1151 Way: 0 Address: 0x19c791fc0
  Set: 1152 Way: 0 Address: 0x9cff2010
  Set: 1152 Way: 1 Address: 0x62d12010
  Set: 1153 Way: 0 Address: 0x62d12040
  Set: 1154 Way: 0 Address: 0x9cff2098
  Set: 1154 Way: 1 Address: 0x62d12080
  Set: 1155 Way: 0 Address: 0x62d120c0
  Set: 1157 Way: 0 Address: 0x1c6532164
  Set: 1160 Way: 0 Address: 0x133c92230
  Set: 1160 Way: 1 Address: 0x62d12210
  Set: 1161 Way: 0 Address: 0x62d12241
  Set: 1162 Way: 0 Address: 0x62d12287
  Set: 1163 Way: 0 Address: 0x62d122c0
  Set: 1164 Way: 0 Address: 0x62d12300
  Set: 1165 Way: 0 Address: 0x62d12340
  Set: 1165 Way: 1 Address: 0xa3a5237e
  Set: 1166 Way: 0 Address: 0xa3a52394
  Set: 1169 Way: 0 Address: 0x62d1245f
  Set: 1170 Way: 0 Address: 0x62d12480
  Set: 1171 Way: 0 Address: 0x62d124c6
  Set: 1172 Way: 0 Address: 0x62d12500
  Set: 1173 Way: 0 Address: 0x62d12541
  Set: 1173 Way: 1 Address: 0x3bdb2550
  Set: 1174 Way: 0 Address: 0x62d12580
  Set: 1178 Way: 0 Address: 0x62d126b5
  Set: 1179 Way: 0 Address: 0x62d126c3
  Set: 1180 Way: 0 Address: 0x62d12702
  Set: 1181 Way: 0 Address: 0x62d12740
  Set: 1182 Way: 0 Address: 0x62d12780
  Set: 1183 Way: 0 Address: 0x62d127c0
  Set: 1188 Way: 0 Address: 0x133c92930
  Set: 1188 Way: 1 Address: 0x62d12900
  Set: 1189 Way: 0 Address: 0x62d12940
  Set: 1190 Way: 0 Address: 0x62d12980
  Set: 1191 Way: 0 Address: 0x62d129c0
  Set: 1198 Way: 0 Address: 0x62d12bb2
  Set: 1198 Way: 1 Address: 0x31be12b80
  Set: 1199 Way: 0 Address: 0x62d12bc1
  Set: 1200 Way: 0 Address: 0x62d12c00
  Set: 1201 Way: 0 Address: 0x62d12c40
  Set: 1212 Way: 0 Address: 0x1995f2f20
  Set: 1217 Way: 0 Address: 0x34a873078
  Set: 1220 Way: 0 Address: 0x3232f3138
  Set: 1220 Way: 1 Address: 0x25771313f
  Set: 1221 Way: 0 Address: 0x25771317f
  Set: 1222 Way: 0 Address: 0x257713198
  Set: 1223 Way: 0 Address: 0x2b2e931d0
  Set: 1224 Way: 0 Address: 0x2b2e93200
  Set: 1225 Way: 0 Address: 0x2b2e93248
  Set: 1225 Way: 1 Address: 0x34a873250
  Set: 1225 Way: 2 Address: 0x190973240
  Set: 1226 Way: 0 Address: 0x2b2e932a0
  Set: 1226 Way: 1 Address: 0x1909732b8
  Set: 1227 Way: 0 Address: 0x2b2e932d0
  Set: 1228 Way: 0 Address: 0x2b2e93328
  Set: 1229 Way: 0 Address: 0x2b2e93340
  Set: 1230 Way: 0 Address: 0x3232f3380
  Set: 1230 Way: 1 Address: 0x2b2e933a0
  Set: 1231 Way: 0 Address: 0x2b2e933f8
  Set: 1231 Way: 1 Address: 0x2577133ff
  Set: 1232 Way: 0 Address: 0x2b2e93418
  Set: 1232 Way: 1 Address: 0x25771343f
  Set: 1233 Way: 0 Address: 0x2b2e93470
  Set: 1233 Way: 1 Address: 0x257713458
  Set: 1236 Way: 0 Address: 0x2b2e93510
  Set: 1237 Way: 0 Address: 0x2b2e93540
  Set: 1237 Way: 1 Address: 0x190973578
  Set: 1238 Way: 0 Address: 0x2b2e93580
  Set: 1240 Way: 0 Address: 0x2b2e93618
  Set: 1241 Way: 0 Address: 0x2b2e93640
  Set: 1242 Way: 0 Address: 0x2b2e93680
  Set: 1242 Way: 1 Address: 0x2577136bf
  Set: 1243 Way: 0 Address: 0x2b2e936e4
  Set: 1243 Way: 1 Address: 0x2577136ff
  Set: 1244 Way: 0 Address: 0x2b2e93700
  Set: 1244 Way: 1 Address: 0x257713718
  Set: 1245 Way: 0 Address: 0x2b2e93778
  Set: 1246 Way: 0 Address: 0x2b2e93798
  Set: 1247 Way: 0 Address: 0x2b2e937ec
  Set: 1248 Way: 0 Address: 0x190973838
  Set: 1253 Way: 0 Address: 0x25771397f
  Set: 1254 Way: 0 Address: 0x2b2e939a8
  Set: 1254 Way: 1 Address: 0x2577139bf
  Set: 1255 Way: 0 Address: 0x2577139d8
  Set: 1255 Way: 1 Address: 0x2b2e939c0
  Set: 1256 Way: 0 Address: 0x2b2e93a00
  Set: 1257 Way: 0 Address: 0x2b2e93a50
  Set: 1259 Way: 0 Address: 0x2b2e93ac0
  Set: 1259 Way: 1 Address: 0x190973af8
  Set: 1260 Way: 0 Address: 0x2b2e93b00
  Set: 1261 Way: 0 Address: 0x2b2e93b40
  Set: 1262 Way: 0 Address: 0x2b2e93b80
  Set: 1264 Way: 0 Address: 0x257713c00
  Set: 1265 Way: 0 Address: 0x257713c40
  Set: 1266 Way: 0 Address: 0x257713c80
  Set: 1266 Way: 1 Address: 0x2b2e93c98
  Set: 1270 Way: 0 Address: 0x190973db8
  Set: 1275 Way: 0 Address: 0x257713ec0
  Set: 1276 Way: 0 Address: 0x257713f00
  Set: 1277 Way: 0 Address: 0x257713f40
  Set: 1280 Way: 0 Address: 0x397bb4010
  Set: 1287 Way: 0 Address: 0x1299341c2
  Set: 1295 Way: 0 Address: 0x1299343fb
  Set: 1296 Way: 0 Address: 0x129934400
  Set: 1303 Way: 0 Address: 0x3c10745c0
  Set: 1357 Way: 0 Address: 0x1b0f15378
  Set: 1358 Way: 0 Address: 0x1b0f15380
  Set: 1367 Way: 0 Address: 0x354d355c8
  Set: 1376 Way: 0 Address: 0x354d35808
  Set: 1411 Way: 0 Address: 0x437360ef
  Set: 1412 Way: 0 Address: 0x43736105
  Set: 1413 Way: 0 Address: 0x43736146
  Set: 1414 Way: 0 Address: 0x43736180
  Set: 1415 Way: 0 Address: 0x437361c0
  Set: 1416 Way: 0 Address: 0x43736201
  Set: 1417 Way: 0 Address: 0x43736240
  Set: 1450 Way: 0 Address: 0x43736a90
  Set: 1451 Way: 0 Address: 0x43736ac3
  Set: 1452 Way: 0 Address: 0x43736b00
  Set: 1453 Way: 0 Address: 0x43736b43
  Set: 1454 Way: 0 Address: 0x43736b82
  Set: 1455 Way: 0 Address: 0x43736bc0
  Set: 1456 Way: 0 Address: 0x43736c01
  Set: 1457 Way: 0 Address: 0x43736c43
  Set: 1458 Way: 0 Address: 0x43736c85
  Set: 1459 Way: 0 Address: 0x43736cc0
  Set: 1460 Way: 0 Address: 0x43736d00
  Set: 1461 Way: 0 Address: 0x43736d60
  Set: 1462 Way: 0 Address: 0x43736d82
  Set: 1463 Way: 0 Address: 0x43736dfb
  Set: 1464 Way: 0 Address: 0x43736e02
  Set: 1465 Way: 0 Address: 0x43736e41
  Set: 1466 Way: 0 Address: 0x43736e81
  Set: 1468 Way: 0 Address: 0x211d16f00
  Set: 1469 Way: 0 Address: 0x211d16f40
  Set: 1471 Way: 0 Address: 0x84896fd8
  Set: 1477 Way: 0 Address: 0x276ff717d
  Set: 1488 Way: 0 Address: 0x276ff743c
  Set: 1491 Way: 0 Address: 0x2fbe974e0
  Set: 1499 Way: 0 Address: 0x276ff76fd
  Set: 1510 Way: 0 Address: 0x276ff79bd
  Set: 1511 Way: 0 Address: 0x276ff79c0
  Set: 1513 Way: 0 Address: 0x276ff7a58
  Set: 1518 Way: 0 Address: 0x12c077ba8
  Set: 1520 Way: 0 Address: 0x112417c00
  Set: 1521 Way: 0 Address: 0x112417c41
  Set: 1521 Way: 1 Address: 0x276ff7c40
  Set: 1522 Way: 0 Address: 0x112417c80
  Set: 1523 Way: 0 Address: 0x112417cc0
  Set: 1524 Way: 0 Address: 0x276ff7d18
  Set: 1524 Way: 1 Address: 0x112417d00
  Set: 1525 Way: 0 Address: 0x112417d40
  Set: 1532 Way: 0 Address: 0x276ff7f00
  Set: 1534 Way: 0 Address: 0x276ff7fba
  Set: 1535 Way: 0 Address: 0x276ff7fd8
  Set: 1536 Way: 0 Address: 0x2db378020
  Set: 1536 Way: 1 Address: 0x3bdd7803d
  Set: 1537 Way: 0 Address: 0x201598068
  Set: 1537 Way: 1 Address: 0x3bdd78053
  Set: 1538 Way: 0 Address: 0x2c98980bc
  Set: 1547 Way: 0 Address: 0x3bdd782fd
  Set: 1548 Way: 0 Address: 0x3bdd78313
  Set: 1549 Way: 0 Address: 0x2c989837c
  Set: 1558 Way: 0 Address: 0x3bdd785bd
  Set: 1559 Way: 0 Address: 0x3bdd785c0
  Set: 1560 Way: 0 Address: 0x2c989863c
  Set: 1566 Way: 0 Address: 0x1aafb87b0
  Set: 1567 Way: 0 Address: 0xc70787f8
  Set: 1567 Way: 1 Address: 0x1aafb87c4
  Set: 1568 Way: 0 Address: 0x1aafb881e
  Set: 1569 Way: 0 Address: 0x1aafb8841
  Set: 1569 Way: 1 Address: 0x3bdd78840
  Set: 1570 Way: 0 Address: 0x1aafb8882
  Set: 1570 Way: 1 Address: 0x3bdd78880
  Set: 1571 Way: 0 Address: 0x1aafb88c1
  Set: 1571 Way: 1 Address: 0x2c98988fc
  Set: 1572 Way: 0 Address: 0x201598930
  Set: 1574 Way: 0 Address: 0x2c9898998
  Set: 1577 Way: 0 Address: 0x1aafb8a40
  Set: 1578 Way: 0 Address: 0x1aafb8a80
  Set: 1579 Way: 0 Address: 0x1aafb8ac0
  Set: 1582 Way: 0 Address: 0x2c9898b80
  Set: 1585 Way: 0 Address: 0x2c9898c58
  Set: 1588 Way: 0 Address: 0x1aafb8d1f
  Set: 1591 Way: 0 Address: 0x3bdd78dc0
  Set: 1592 Way: 0 Address: 0x3bdd78e00
  Set: 1593 Way: 0 Address: 0x2c9898e40
  Set: 1596 Way: 0 Address: 0x2c9898f00
  Set: 1602 Way: 0 Address: 0x292959080
  Set: 1636 Way: 0 Address: 0x312099930
  Set: 1643 Way: 0 Address: 0x312099ad8
  Set: 1643 Way: 1 Address: 0x8a579af0
  Set: 1644 Way: 0 Address: 0x312099b32
  Set: 1644 Way: 1 Address: 0x8a579b10
  Set: 1644 Way: 2 Address: 0x379d39b10
  Set: 1652 Way: 0 Address: 0x16a859d24
  Set: 1654 Way: 0 Address: 0x379d39d80
  Set: 1664 Way: 0 Address: 0x1132fa020
  Set: 1668 Way: 0 Address: 0xc67da130
  Set: 1671 Way: 0 Address: 0x1132fa1f0
  Set: 1678 Way: 0 Address: 0xc67da388
  Set: 1693 Way: 0 Address: 0x1e561a748
  Set: 1718 Way: 0 Address: 0x1e561ad80
  Set: 1732 Way: 0 Address: 0xc0d9b137
  Set: 1735 Way: 0 Address: 0xc0d9b1d8
  Set: 1741 Way: 0 Address: 0x3b377b378
  Set: 1743 Way: 0 Address: 0xc0d9b3c0
  Set: 1744 Way: 0 Address: 0xc0d9b43f
  Set: 1745 Way: 0 Address: 0xc0d9b47f
  Set: 1746 Way: 0 Address: 0xc0d9b498
  Set: 1751 Way: 0 Address: 0x3b377b5d0
  Set: 1755 Way: 0 Address: 0xc0d9b6ff
  Set: 1756 Way: 0 Address: 0xc0d9b73f
  Set: 1757 Way: 0 Address: 0xc0d9b740
  Set: 1759 Way: 0 Address: 0xcf83b7d0
  Set: 1760 Way: 0 Address: 0xcf83b801
  Set: 1761 Way: 0 Address: 0xcf83b840
  Set: 1766 Way: 0 Address: 0xc0d9b9bf
  Set: 1767 Way: 0 Address: 0xc0d9b9ff
  Set: 1768 Way: 0 Address: 0xc0d9ba18
  Set: 1777 Way: 0 Address: 0xc0d9bc7f
  Set: 1778 Way: 0 Address: 0xc0d9bcbf
  Set: 1779 Way: 0 Address: 0xc0d9bcd8
  Set: 1786 Way: 0 Address: 0x36889be88
  Set: 1788 Way: 0 Address: 0xc0d9bf3f
  Set: 1789 Way: 0 Address: 0xc0d9bf7f
  Set: 1790 Way: 0 Address: 0xc0d9bf80
  Set: 1792 Way: 0 Address: 0xdf85c000
  Set: 1800 Way: 0 Address: 0x38e35c238
  Set: 1801 Way: 0 Address: 0x38e35c240
  Set: 1801 Way: 1 Address: 0x4dd9c248
  Set: 1833 Way: 0 Address: 0x12c6fca58
  Set: 1860 Way: 0 Address: 0xe51bd130
  Set: 1863 Way: 0 Address: 0x1add1fd
  Set: 1865 Way: 0 Address: 0x1add27d
  Set: 1866 Way: 0 Address: 0x1add298
  Set: 1876 Way: 0 Address: 0x1add53d
  Set: 1877 Way: 0 Address: 0x1add558
  Set: 1887 Way: 0 Address: 0x1add7fd
  Set: 1888 Way: 0 Address: 0x1add818
  Set: 1897 Way: 0 Address: 0xe51bda58
  Set: 1898 Way: 0 Address: 0x1addabd
  Set: 1899 Way: 0 Address: 0x1addad8
  Set: 1909 Way: 0 Address: 0x1addd7d
  Set: 1910 Way: 0 Address: 0x1addd98
  Set: 1916 Way: 0 Address: 0x23755df38
  Set: 1917 Way: 0 Address: 0x23755df40
  Set: 1919 Way: 0 Address: 0x23755dfd8
  Set: 1920 Way: 0 Address: 0x28b67e000
  Set: 1920 Way: 1 Address: 0x1f919e000
  Set: 1929 Way: 0 Address: 0x20597e240
  Set: 1941 Way: 0 Address: 0x2c077e57c
  Set: 1942 Way: 0 Address: 0x2c077e5a8
  Set: 1951 Way: 0 Address: 0x28b67e7f8
  Set: 1952 Way: 0 Address: 0x2db79e818
  Set: 2019 Way: 0 Address: 0x3567df8d0
  Set: 2021 Way: 0 Address: 0x3567df948
  Set: 2027 Way: 0 Address: 0x3567dfaf8
EndCache
