Cache: cpu0_STLB
  Set: 6 Way: 0 Address: 0x4069f8
  Set: 15 Way: 0 Address: 0x40fc70
  Set: 17 Way: 0 Address: 0x7fd2fa611880
  Set: 18 Way: 0 Address: 0x7fd2fa612379
  Set: 19 Way: 0 Address: 0x7fd2fa6131c0
  Set: 20 Way: 0 Address: 0x7940c0
  Set: 20 Way: 1 Address: 0x7fd2fa614000
  Set: 21 Way: 0 Address: 0x7fd2fa615000
  Set: 29 Way: 0 Address: 0x279deee
  Set: 62 Way: 0 Address: 0x43e7ea
  Set: 69 Way: 0 Address: 0x7ffedb245280
  Set: 93 Way: 0 Address: 0x275dc34
  Set: 95 Way: 0 Address: 0x7fd2fa35f878
  Set: 96 Way: 0 Address: 0x7fd2fa3600b8
  Set: 96 Way: 1 Address: 0x2760a60
  Set: 97 Way: 0 Address: 0x7fd2fa3611c0
  Set: 98 Way: 0 Address: 0x7fd2fa362000
  Set: 99 Way: 0 Address: 0x7fd2fa363000
  Set: 103 Way: 0 Address: 0x21e7de0
EndCache
Cache: cpu0_L2C
  Set: 0 Way: 0 Address: 0x14bb10000
  Set: 0 Way: 1 Address: 0x2177f0000
  Set: 1 Way: 0 Address: 0x14bb10040
  Set: 2 Way: 0 Address: 0x6e6200a8
  Set: 2 Way: 1 Address: 0x14bb10080
  Set: 11 Way: 0 Address: 0x14bb102c0
  Set: 11 Way: 1 Address: 0x2177f02c0
  Set: 12 Way: 0 Address: 0x14bb10300
  Set: 13 Way: 0 Address: 0x14bb10340
  Set: 22 Way: 0 Address: 0x14bb10580
  Set: 22 Way: 1 Address: 0x2177f0580
  Set: 23 Way: 0 Address: 0x14bb105c0
  Set: 24 Way: 0 Address: 0x14bb10600
  Set: 33 Way: 0 Address: 0x14bb10840
  Set: 34 Way: 0 Address: 0x14bb10880
  Set: 64 Way: 0 Address: 0x113201030
  Set: 65 Way: 0 Address: 0x113201078
  Set: 65 Way: 1 Address: 0x2a4841078
  Set: 71 Way: 0 Address: 0x1132011f0
  Set: 124 Way: 0 Address: 0xf6e81f38
  Set: 135 Way: 0 Address: 0x9cff21f0
  Set: 172 Way: 0 Address: 0x1995f2b00
  Set: 172 Way: 1 Address: 0x133c92b10
  Set: 177 Way: 0 Address: 0x1c84e2c70
  Set: 178 Way: 0 Address: 0x1c84e2c81
  Set: 179 Way: 0 Address: 0x1c84e2cd0
  Set: 180 Way: 0 Address: 0x1c84e2d02
  Set: 181 Way: 0 Address: 0x1c84e2d41
  Set: 182 Way: 0 Address: 0x1c84e2d83
  Set: 183 Way: 0 Address: 0x1c84e2dc1
  Set: 184 Way: 0 Address: 0x1c84e2e01
  Set: 185 Way: 0 Address: 0x1c84e2e41
  Set: 186 Way: 0 Address: 0x1c84e2e81
  Set: 187 Way: 0 Address: 0x1c84e2ec2
  Set: 188 Way: 0 Address: 0x1c84e2f04
  Set: 189 Way: 0 Address: 0x1c84e2f43
  Set: 190 Way: 0 Address: 0x1c84e2f81
  Set: 191 Way: 0 Address: 0x1c84e2fc0
  Set: 223 Way: 0 Address: 0x263c137f8
  Set: 226 Way: 0 Address: 0x2b2e93880
  Set: 236 Way: 0 Address: 0x1ab43b00
  Set: 237 Way: 0 Address: 0x2b2e93b40
  Set: 237 Way: 1 Address: 0x1ab43b40
  Set: 238 Way: 0 Address: 0x1ab43b80
  Set: 239 Way: 0 Address: 0x1ab43bc0
  Set: 241 Way: 0 Address: 0x1ab43c40
  Set: 242 Way: 0 Address: 0x1ab43c80
  Set: 244 Way: 0 Address: 0x1ab43d00
  Set: 247 Way: 0 Address: 0x1ab43dc0
  Set: 248 Way: 0 Address: 0x2b2e93e00
  Set: 248 Way: 1 Address: 0x1ab43e00
  Set: 249 Way: 0 Address: 0x1ab43e40
  Set: 250 Way: 0 Address: 0x1ab43e80
  Set: 252 Way: 0 Address: 0x1ab43f00
  Set: 253 Way: 0 Address: 0x1ab43f40
  Set: 255 Way: 0 Address: 0x3c56b3fd8
  Set: 255 Way: 1 Address: 0x1ab43fc0
  Set: 256 Way: 0 Address: 0x1ab44000
  Set: 257 Way: 0 Address: 0x1ab44040
  Set: 258 Way: 0 Address: 0x3de4d4098
  Set: 258 Way: 1 Address: 0x1ab44080
  Set: 259 Way: 0 Address: 0x1ab440c0
  Set: 260 Way: 0 Address: 0x1ab44100
  Set: 261 Way: 0 Address: 0x1ab44140
  Set: 262 Way: 0 Address: 0x1ab44180
  Set: 263 Way: 0 Address: 0x1ab441c0
  Set: 264 Way: 0 Address: 0xb8004228
  Set: 264 Way: 1 Address: 0x1ab44200
  Set: 265 Way: 0 Address: 0x1ab44240
  Set: 266 Way: 0 Address: 0x1ab44280
  Set: 267 Way: 0 Address: 0x1ab442c0
  Set: 268 Way: 0 Address: 0x1ab44300
  Set: 269 Way: 0 Address: 0x1ab44340
  Set: 270 Way: 0 Address: 0x1ab44380
  Set: 271 Way: 0 Address: 0x1ab443c0
  Set: 272 Way: 0 Address: 0x1ab44400
  Set: 273 Way: 0 Address: 0x1ab44440
  Set: 274 Way: 0 Address: 0x1ab44480
  Set: 275 Way: 0 Address: 0x1ab444c0
  Set: 276 Way: 0 Address: 0x1ab44500
  Set: 277 Way: 0 Address: 0x1ab44540
  Set: 278 Way: 0 Address: 0x1ab44580
  Set: 287 Way: 0 Address: 0x1ab447c1
  Set: 288 Way: 0 Address: 0x1ab44800
  Set: 289 Way: 0 Address: 0x1ab44840
  Set: 298 Way: 0 Address: 0x1ab44a80
  Set: 299 Way: 0 Address: 0x397bb4ae8
  Set: 299 Way: 1 Address: 0x1ab44ac0
  Set: 300 Way: 0 Address: 0x397bb4b00
  Set: 300 Way: 1 Address: 0x1ab44b00
  Set: 304 Way: 0 Address: 0x129934c34
  Set: 305 Way: 0 Address: 0x129934c40
  Set: 306 Way: 0 Address: 0x3c1074ca0
  Set: 309 Way: 0 Address: 0x1ab44d40
  Set: 310 Way: 0 Address: 0x1ab44d80
  Set: 311 Way: 0 Address: 0x1ab44dc0
  Set: 320 Way: 0 Address: 0x195f15010
  Set: 320 Way: 1 Address: 0x1ab45000
  Set: 321 Way: 0 Address: 0x1ab45040
  Set: 322 Way: 0 Address: 0x195f15098
  Set: 322 Way: 1 Address: 0x354d35088
  Set: 384 Way: 0 Address: 0x211d16000
  Set: 385 Way: 0 Address: 0x211d16040
  Set: 386 Way: 0 Address: 0x43736090
  Set: 386 Way: 1 Address: 0x211d16080
  Set: 387 Way: 0 Address: 0x211d160c0
  Set: 388 Way: 0 Address: 0x211d16100
  Set: 389 Way: 0 Address: 0x211d16140
  Set: 391 Way: 0 Address: 0x211d161c0
  Set: 392 Way: 0 Address: 0x211d16200
  Set: 393 Way: 0 Address: 0x211d16240
  Set: 394 Way: 0 Address: 0x211d16280
  Set: 395 Way: 0 Address: 0x211d162c0
  Set: 396 Way: 0 Address: 0x211d16300
  Set: 397 Way: 0 Address: 0x211d16340
  Set: 398 Way: 0 Address: 0x211d16380
  Set: 399 Way: 0 Address: 0x211d163c0
  Set: 400 Way: 0 Address: 0x211d16400
  Set: 402 Way: 0 Address: 0x211d16480
  Set: 403 Way: 0 Address: 0x211d164c0
  Set: 404 Way: 0 Address: 0x211d16500
  Set: 405 Way: 0 Address: 0x211d16540
  Set: 406 Way: 0 Address: 0x211d16580
  Set: 407 Way: 0 Address: 0x211d165c0
  Set: 408 Way: 0 Address: 0x211d16604
  Set: 409 Way: 0 Address: 0x211d16640
  Set: 410 Way: 0 Address: 0x211d16680
  Set: 411 Way: 0 Address: 0x211d166c0
  Set: 413 Way: 0 Address: 0x211d16744
  Set: 414 Way: 0 Address: 0x211d16780
  Set: 415 Way: 0 Address: 0x211d167c0
  Set: 416 Way: 0 Address: 0x211d16800
  Set: 417 Way: 0 Address: 0x211d16840
  Set: 418 Way: 0 Address: 0x211d16880
  Set: 419 Way: 0 Address: 0x211d168c0
  Set: 420 Way: 0 Address: 0x211d16900
  Set: 421 Way: 0 Address: 0x211d16940
  Set: 422 Way: 0 Address: 0x211d16980
  Set: 424 Way: 0 Address: 0x211d16a00
  Set: 425 Way: 0 Address: 0x211d16a40
  Set: 426 Way: 0 Address: 0x211d16a80
  Set: 427 Way: 0 Address: 0x211d16ac0
  Set: 428 Way: 0 Address: 0x84896b08
  Set: 428 Way: 1 Address: 0x211d16b00
  Set: 429 Way: 0 Address: 0x211d16b40
  Set: 430 Way: 0 Address: 0x211d16b80
  Set: 431 Way: 0 Address: 0x211d16bc0
  Set: 432 Way: 0 Address: 0x211d16c00
  Set: 433 Way: 0 Address: 0x211d16c40
  Set: 435 Way: 0 Address: 0x211d16cc0
  Set: 436 Way: 0 Address: 0x211d16d00
  Set: 437 Way: 0 Address: 0x211d16d40
  Set: 438 Way: 0 Address: 0x211d16d80
  Set: 439 Way: 0 Address: 0x211d16dc0
  Set: 440 Way: 0 Address: 0x211d16e00
  Set: 441 Way: 0 Address: 0x211d16e40
  Set: 442 Way: 0 Address: 0x211d16e80
  Set: 443 Way: 0 Address: 0x3dae66eee
  Set: 443 Way: 1 Address: 0x211d16ec0
  Set: 444 Way: 0 Address: 0x3dae66f00
  Set: 444 Way: 1 Address: 0x211d16f00
  Set: 445 Way: 0 Address: 0x3dae66f40
  Set: 446 Way: 0 Address: 0x211d16f80
  Set: 446 Way: 1 Address: 0x3dae66f80
  Set: 447 Way: 0 Address: 0x211d16fc0
  Set: 450 Way: 0 Address: 0x276ff7098
  Set: 506 Way: 0 Address: 0x309887e88
  Set: 515 Way: 0 Address: 0xc70780c0
  Set: 525 Way: 0 Address: 0xc7078379
  Set: 526 Way: 0 Address: 0xc7078380
  Set: 536 Way: 0 Address: 0xc7078638
  Set: 537 Way: 0 Address: 0xc7078640
  Set: 539 Way: 0 Address: 0x1aafb86c8
  Set: 543 Way: 0 Address: 0xc70787c0
  Set: 544 Way: 0 Address: 0xc7078800
  Set: 545 Way: 0 Address: 0xc7078840
  Set: 546 Way: 0 Address: 0xc7078880
  Set: 547 Way: 0 Address: 0xc70788f8
  Set: 548 Way: 0 Address: 0xc7078900
  Set: 549 Way: 0 Address: 0xc7078940
  Set: 554 Way: 0 Address: 0xc7078a80
  Set: 555 Way: 0 Address: 0xc7078ac0
  Set: 556 Way: 0 Address: 0xc7078b00
  Set: 557 Way: 0 Address: 0xc7078b40
  Set: 558 Way: 0 Address: 0xc7078bb8
  Set: 559 Way: 0 Address: 0xc7078bc0
  Set: 560 Way: 0 Address: 0xc7078c00
  Set: 561 Way: 0 Address: 0xc7078c40
  Set: 562 Way: 0 Address: 0xc7078c81
  Set: 563 Way: 0 Address: 0xc7078cc0
  Set: 564 Way: 0 Address: 0xc7078d00
  Set: 565 Way: 0 Address: 0xc7078d40
  Set: 566 Way: 0 Address: 0xc7078d80
  Set: 567 Way: 0 Address: 0xc7078dc0
  Set: 568 Way: 0 Address: 0xc7078e00
  Set: 569 Way: 0 Address: 0xc7078e40
  Set: 570 Way: 0 Address: 0x201598e98
  Set: 570 Way: 1 Address: 0xc7078e80
  Set: 571 Way: 0 Address: 0xc7078ec0
  Set: 572 Way: 0 Address: 0xc7078f02
  Set: 573 Way: 0 Address: 0xc7078f42
  Set: 574 Way: 0 Address: 0xc7078f81
  Set: 575 Way: 0 Address: 0xc7078fc0
  Set: 576 Way: 0 Address: 0xc7079000
  Set: 577 Way: 0 Address: 0xc7079040
  Set: 578 Way: 0 Address: 0xc7079080
  Set: 579 Way: 0 Address: 0x2929590f0
  Set: 579 Way: 1 Address: 0xc70790c0
  Set: 580 Way: 0 Address: 0x292959138
  Set: 580 Way: 1 Address: 0xc7079100
  Set: 581 Way: 0 Address: 0x292959168
  Set: 581 Way: 1 Address: 0xc7079140
  Set: 582 Way: 0 Address: 0x292959198
  Set: 582 Way: 1 Address: 0xc7079180
  Set: 583 Way: 0 Address: 0x2929591e0
  Set: 584 Way: 0 Address: 0x292959228
  Set: 584 Way: 1 Address: 0xc7079200
  Set: 585 Way: 0 Address: 0x292959260
  Set: 585 Way: 1 Address: 0xc7079240
  Set: 586 Way: 0 Address: 0x292959280
  Set: 586 Way: 1 Address: 0xc7079280
  Set: 587 Way: 0 Address: 0xc70792c0
  Set: 595 Way: 0 Address: 0xc70794c0
  Set: 596 Way: 0 Address: 0xc7079500
  Set: 609 Way: 0 Address: 0x2ee369878
  Set: 610 Way: 0 Address: 0x2ee369880
  Set: 620 Way: 0 Address: 0x2ee369b38
  Set: 621 Way: 0 Address: 0x2ee369b40
  Set: 631 Way: 0 Address: 0x2ee369df8
  Set: 632 Way: 0 Address: 0x2ee369e00
  Set: 640 Way: 0 Address: 0x229b9a000
  Set: 681 Way: 0 Address: 0x223edaa58
  Set: 707 Way: 0 Address: 0x394edb0c0
  Set: 768 Way: 0 Address: 0xdf85c000
  Set: 768 Way: 1 Address: 0x38e35c018
  Set: 797 Way: 0 Address: 0x29484c770
  Set: 798 Way: 0 Address: 0x29484c7b0
  Set: 799 Way: 0 Address: 0x29484c7ea
  Set: 800 Way: 0 Address: 0x29484c800
  Set: 801 Way: 0 Address: 0x29484c842
  Set: 811 Way: 0 Address: 0x12c6fcaf8
  Set: 812 Way: 0 Address: 0x1adcb00
  Set: 813 Way: 0 Address: 0x1adcb40
  Set: 815 Way: 0 Address: 0x1adcbc0
  Set: 821 Way: 0 Address: 0x1adcd40
  Set: 823 Way: 0 Address: 0x1adcdc0
  Set: 824 Way: 0 Address: 0x1adce00
  Set: 826 Way: 0 Address: 0x1adce80
  Set: 832 Way: 0 Address: 0x1add000
  Set: 833 Way: 0 Address: 0x1add040
  Set: 834 Way: 0 Address: 0x23755d0b8
  Set: 834 Way: 1 Address: 0x5588d0a0
  Set: 834 Way: 2 Address: 0x1add080
  Set: 835 Way: 0 Address: 0x23755d0c1
  Set: 835 Way: 1 Address: 0x1add0c0
  Set: 836 Way: 0 Address: 0x1add100
  Set: 837 Way: 0 Address: 0x1add140
  Set: 838 Way: 0 Address: 0x1add180
  Set: 839 Way: 0 Address: 0x1add1c0
  Set: 840 Way: 0 Address: 0x1add200
  Set: 841 Way: 0 Address: 0x1add240
  Set: 842 Way: 0 Address: 0x1add280
  Set: 843 Way: 0 Address: 0x1add2c0
  Set: 844 Way: 0 Address: 0x1add300
  Set: 845 Way: 0 Address: 0x23755d378
  Set: 845 Way: 1 Address: 0x1add340
  Set: 846 Way: 0 Address: 0x23755d380
  Set: 846 Way: 1 Address: 0x1add380
  Set: 847 Way: 0 Address: 0x1add3c0
  Set: 848 Way: 0 Address: 0x1add400
  Set: 849 Way: 0 Address: 0x1add440
  Set: 850 Way: 0 Address: 0x1add482
  Set: 851 Way: 0 Address: 0x1add4c0
  Set: 852 Way: 0 Address: 0x1add500
  Set: 853 Way: 0 Address: 0x1add540
  Set: 854 Way: 0 Address: 0x1add580
  Set: 855 Way: 0 Address: 0x1add5c0
  Set: 856 Way: 0 Address: 0x23755d638
  Set: 856 Way: 1 Address: 0x1add600
  Set: 857 Way: 0 Address: 0x23755d640
  Set: 857 Way: 1 Address: 0x1add640
  Set: 858 Way: 0 Address: 0x1add680
  Set: 859 Way: 0 Address: 0x1add6c0
  Set: 860 Way: 0 Address: 0x1add700
  Set: 861 Way: 0 Address: 0x1add742
  Set: 862 Way: 0 Address: 0x1add780
  Set: 863 Way: 0 Address: 0x1add7c0
  Set: 864 Way: 0 Address: 0x1add801
  Set: 865 Way: 0 Address: 0x1add840
  Set: 866 Way: 0 Address: 0x1add880
  Set: 867 Way: 0 Address: 0x23755d8f8
  Set: 867 Way: 1 Address: 0x1add8c0
  Set: 868 Way: 0 Address: 0x23755d900
  Set: 868 Way: 1 Address: 0x1add900
  Set: 869 Way: 0 Address: 0x1add940
  Set: 870 Way: 0 Address: 0x1add980
  Set: 871 Way: 0 Address: 0x1add9c0
  Set: 872 Way: 0 Address: 0x1adda02
  Set: 873 Way: 0 Address: 0x1adda40
  Set: 874 Way: 0 Address: 0x1adda80
  Set: 875 Way: 0 Address: 0x1addac0
  Set: 876 Way: 0 Address: 0x1addb00
  Set: 877 Way: 0 Address: 0x1addb40
  Set: 878 Way: 0 Address: 0x23755dbb8
  Set: 878 Way: 1 Address: 0x1addb80
  Set: 879 Way: 0 Address: 0x23755dbc0
  Set: 879 Way: 1 Address: 0x1addbc0
  Set: 880 Way: 0 Address: 0x1addc00
  Set: 881 Way: 0 Address: 0x23755dc40
  Set: 881 Way: 1 Address: 0x1addc40
  Set: 882 Way: 0 Address: 0x23755dc80
  Set: 882 Way: 1 Address: 0x1addc80
  Set: 883 Way: 0 Address: 0x1addcc2
  Set: 883 Way: 1 Address: 0x23755dcc0
  Set: 884 Way: 0 Address: 0x1addd00
  Set: 884 Way: 1 Address: 0x23755dd00
  Set: 885 Way: 0 Address: 0x1addd40
  Set: 885 Way: 1 Address: 0x23755dd40
  Set: 886 Way: 0 Address: 0x1addd80
  Set: 886 Way: 1 Address: 0x23755dd80
  Set: 887 Way: 0 Address: 0x1adddc0
  Set: 887 Way: 1 Address: 0x23755ddc0
  Set: 888 Way: 0 Address: 0x1adde00
  Set: 888 Way: 1 Address: 0x23755de00
  Set: 889 Way: 0 Address: 0x1adde40
  Set: 889 Way: 1 Address: 0x23755de40
  Set: 890 Way: 0 Address: 0x1adde80
  Set: 890 Way: 1 Address: 0x23755de80
  Set: 891 Way: 0 Address: 0x1addec0
  Set: 892 Way: 0 Address: 0x23755df00
  Set: 892 Way: 1 Address: 0x1addf00
  Set: 893 Way: 0 Address: 0x23755df40
  Set: 893 Way: 1 Address: 0x1addf40
  Set: 894 Way: 0 Address: 0x1addf82
  Set: 894 Way: 1 Address: 0x23755df80
  Set: 895 Way: 0 Address: 0x1addfc0
  Set: 895 Way: 1 Address: 0x23755dfc0
  Set: 896 Way: 0 Address: 0x28b67e000
  Set: 896 Way: 1 Address: 0x3734ee018
  Set: 896 Way: 2 Address: 0x1ade000
  Set: 896 Way: 3 Address: 0x1c084e000
  Set: 897 Way: 0 Address: 0x1ade040
  Set: 897 Way: 1 Address: 0x1c084e040
  Set: 898 Way: 0 Address: 0x3734ee080
  Set: 898 Way: 1 Address: 0x1ade080
  Set: 898 Way: 2 Address: 0x1c084e084
  Set: 899 Way: 0 Address: 0x1ade0c0
  Set: 899 Way: 1 Address: 0x1c084e0c0
  Set: 900 Way: 0 Address: 0x1ade100
  Set: 900 Way: 1 Address: 0x1c084e100
  Set: 901 Way: 0 Address: 0x1ade140
  Set: 901 Way: 1 Address: 0x1c084e140
  Set: 902 Way: 0 Address: 0x1ade180
  Set: 902 Way: 1 Address: 0x1c084e180
  Set: 903 Way: 0 Address: 0x1ade1c0
  Set: 903 Way: 1 Address: 0x1c084e1c0
  Set: 904 Way: 0 Address: 0x1ade200
  Set: 905 Way: 0 Address: 0x1c084e240
  Set: 906 Way: 0 Address: 0x1ade280
  Set: 907 Way: 0 Address: 0x1ade2c0
  Set: 916 Way: 0 Address: 0x1c084e500
  Set: 917 Way: 0 Address: 0x1ade540
  Set: 927 Way: 0 Address: 0x28b67e7f8
  Set: 927 Way: 1 Address: 0x1f919e7e0
  Set: 927 Way: 2 Address: 0x1c084e7c0
  Set: 935 Way: 0 Address: 0x1f919e9f8
  Set: 936 Way: 0 Address: 0x1f919ea03
  Set: 937 Way: 0 Address: 0x1f919ea45
  Set: 938 Way: 0 Address: 0x1f919ea81
  Set: 938 Way: 1 Address: 0x1c084ea80
  Set: 939 Way: 0 Address: 0x1f919eac0
  Set: 940 Way: 0 Address: 0x2f5d8eb00
  Set: 947 Way: 0 Address: 0x2f5d8ece8
  Set: 949 Way: 0 Address: 0x1c084ed40
  Set: 1001 Way: 0 Address: 0xee86fa60
  Set: 1003 Way: 0 Address: 0x14bb0fac0
  Set: 1004 Way: 0 Address: 0x22272fb18
  Set: 1011 Way: 0 Address: 0x143efce8
  Set: 1014 Way: 0 Address: 0x14bb0fd80
  Set: 1015 Way: 0 Address: 0x16390fde0
EndCache
Cache: cpu0_L1I
  Set: 29 Way: 0 Address: 0x29484c770
  Set: 30 Way: 0 Address: 0x29484c7b0
  Set: 31 Way: 0 Address: 0x29484c7ea
  Set: 31 Way: 1 Address: 0x1f919e7e0
  Set: 32 Way: 0 Address: 0x29484c800
  Set: 33 Way: 0 Address: 0x29484c842
  Set: 39 Way: 0 Address: 0x1f919e9f8
  Set: 40 Way: 0 Address: 0x1f919ea24
  Set: 41 Way: 0 Address: 0x1f919ea66
  Set: 42 Way: 0 Address: 0x1f919eaa8
  Set: 43 Way: 0 Address: 0x1f919eae0
  Set: 49 Way: 0 Address: 0x1c84e2c7e
  Set: 50 Way: 0 Address: 0x1c84e2c81
  Set: 51 Way: 0 Address: 0x1c84e2cfe
  Set: 52 Way: 0 Address: 0x1c84e2d1f
  Set: 53 Way: 0 Address: 0x1c84e2d6d
  Set: 54 Way: 0 Address: 0x1c84e2d83
  Set: 55 Way: 0 Address: 0x1c84e2dd3
  Set: 56 Way: 0 Address: 0x1c84e2e35
  Set: 57 Way: 0 Address: 0x1c84e2e6e
  Set: 58 Way: 0 Address: 0x1c84e2eb5
  Set: 59 Way: 0 Address: 0x1c84e2ef7
  Set: 60 Way: 0 Address: 0x1c84e2f39
  Set: 61 Way: 0 Address: 0x1c84e2f7d
  Set: 62 Way: 0 Address: 0x1c84e2fb6
  Set: 63 Way: 0 Address: 0x1c84e2fc0
EndCache
Cache: cpu0_L1D
  Set: 0 Way: 0 Address: 0x14bb10007
  Set: 0 Way: 1 Address: 0x2177f0003
  Set: 0 Way: 2 Address: 0x229b9a000
  Set: 0 Way: 3 Address: 0x195f15010
  Set: 0 Way: 4 Address: 0x113201030
  Set: 0 Way: 5 Address: 0x3734ee018
  Set: 0 Way: 6 Address: 0x38e35c018
  Set: 0 Way: 7 Address: 0x1ab44007
  Set: 0 Way: 8 Address: 0x1c084e007
  Set: 0 Way: 9 Address: 0xc7079000
  Set: 0 Way: 10 Address: 0x1add000
  Set: 0 Way: 11 Address: 0x211d16003
  Set: 1 Way: 0 Address: 0x113201078
  Set: 1 Way: 1 Address: 0x2a4841078
  Set: 1 Way: 2 Address: 0x1ab44047
  Set: 1 Way: 3 Address: 0x1c084e047
  Set: 1 Way: 4 Address: 0xc7079040
  Set: 1 Way: 5 Address: 0x1add046
  Set: 1 Way: 6 Address: 0x211d16043
  Set: 1 Way: 7 Address: 0x1ab45040
  Set: 1 Way: 8 Address: 0x14bb10040
  Set: 2 Way: 0 Address: 0xc7079080
  Set: 2 Way: 1 Address: 0x6e6200a8
  Set: 2 Way: 2 Address: 0x43736090
  Set: 2 Way: 3 Address: 0x211d16083
  Set: 2 Way: 4 Address: 0x23755d0be
  Set: 2 Way: 5 Address: 0x354d35088
  Set: 2 Way: 6 Address: 0x276ff7098
  Set: 2 Way: 7 Address: 0x5588d0a0
  Set: 2 Way: 8 Address: 0x1ade080
  Set: 2 Way: 9 Address: 0x1ab44080
  Set: 2 Way: 10 Address: 0x1c084e087
  Set: 2 Way: 11 Address: 0x1add080
  Set: 3 Way: 0 Address: 0x2929590fc
  Set: 3 Way: 1 Address: 0x394edb0c0
  Set: 3 Way: 2 Address: 0xc70780c7
  Set: 3 Way: 3 Address: 0x23755d0c2
  Set: 3 Way: 4 Address: 0x1ade0c0
  Set: 3 Way: 5 Address: 0x1ab440c0
  Set: 3 Way: 6 Address: 0x1c084e0c1
  Set: 3 Way: 7 Address: 0x1add0c0
  Set: 3 Way: 8 Address: 0xc70790c0
  Set: 3 Way: 9 Address: 0x211d160c3
  Set: 4 Way: 0 Address: 0x292959138
  Set: 4 Way: 1 Address: 0x1ade100
  Set: 4 Way: 2 Address: 0x1ab44100
  Set: 4 Way: 3 Address: 0x1c084e105
  Set: 4 Way: 4 Address: 0xc7079100
  Set: 4 Way: 5 Address: 0x1add106
  Set: 4 Way: 6 Address: 0x211d16107
  Set: 5 Way: 0 Address: 0x292959168
  Set: 5 Way: 1 Address: 0x1ab44140
  Set: 5 Way: 2 Address: 0x1ade140
  Set: 5 Way: 3 Address: 0x1c084e145
  Set: 5 Way: 4 Address: 0xc7079140
  Set: 5 Way: 5 Address: 0x1add140
  Set: 5 Way: 6 Address: 0x211d16143
  Set: 6 Way: 0 Address: 0x292959198
  Set: 6 Way: 1 Address: 0x1ade180
  Set: 6 Way: 2 Address: 0x1ab44185
  Set: 6 Way: 3 Address: 0x1c084e185
  Set: 6 Way: 4 Address: 0xc7079180
  Set: 7 Way: 0 Address: 0x1132011f0
  Set: 7 Way: 1 Address: 0x9cff21f0
  Set: 7 Way: 2 Address: 0x2929591e0
  Set: 7 Way: 3 Address: 0x1add1c7
  Set: 7 Way: 4 Address: 0x211d161c7
  Set: 7 Way: 5 Address: 0x1ab441c0
  Set: 7 Way: 6 Address: 0x1c084e1c5
  Set: 8 Way: 0 Address: 0xb8004228
  Set: 8 Way: 1 Address: 0x292959228
  Set: 8 Way: 2 Address: 0x1add207
  Set: 8 Way: 3 Address: 0x211d16206
  Set: 8 Way: 4 Address: 0x1ab44200
  Set: 8 Way: 5 Address: 0x1ade200
  Set: 9 Way: 0 Address: 0x292959267
  Set: 9 Way: 1 Address: 0x1add247
  Set: 9 Way: 2 Address: 0x211d16246
  Set: 9 Way: 3 Address: 0x1ab44241
  Set: 9 Way: 4 Address: 0x1c084e243
  Set: 10 Way: 0 Address: 0x292959282
  Set: 10 Way: 1 Address: 0x1add287
  Set: 10 Way: 2 Address: 0x211d16287
  Set: 10 Way: 3 Address: 0x1ab44280
  Set: 11 Way: 0 Address: 0xc70792c0
  Set: 11 Way: 1 Address: 0x1add2c0
  Set: 11 Way: 2 Address: 0x211d162c2
  Set: 11 Way: 3 Address: 0x14bb102c7
  Set: 11 Way: 4 Address: 0x2177f02c0
  Set: 12 Way: 0 Address: 0x1add300
  Set: 12 Way: 1 Address: 0x211d16307
  Set: 12 Way: 2 Address: 0x14bb10300
  Set: 13 Way: 0 Address: 0xc707837e
  Set: 13 Way: 1 Address: 0x23755d37b
  Set: 13 Way: 2 Address: 0x1ab44340
  Set: 13 Way: 3 Address: 0x1add340
  Set: 13 Way: 4 Address: 0x211d16346
  Set: 14 Way: 0 Address: 0xc7078387
  Set: 14 Way: 1 Address: 0x23755d386
  Set: 14 Way: 2 Address: 0x1ab44380
  Set: 14 Way: 3 Address: 0x1add380
  Set: 14 Way: 4 Address: 0x211d16380
  Set: 15 Way: 0 Address: 0x1ab443c0
  Set: 15 Way: 1 Address: 0x1add3c0
  Set: 15 Way: 2 Address: 0x211d163c7
  Set: 16 Way: 0 Address: 0x1ab44400
  Set: 16 Way: 1 Address: 0x1add400
  Set: 16 Way: 2 Address: 0x211d16407
  Set: 17 Way: 0 Address: 0x1add440
  Set: 18 Way: 0 Address: 0x1add487
  Set: 18 Way: 1 Address: 0x211d16487
  Set: 18 Way: 2 Address: 0x1ab44480
  Set: 19 Way: 0 Address: 0x1add4c7
  Set: 19 Way: 1 Address: 0x211d164c7
  Set: 19 Way: 2 Address: 0x1ab444c0
  Set: 20 Way: 0 Address: 0x1add507
  Set: 20 Way: 1 Address: 0x211d16507
  Set: 20 Way: 2 Address: 0x1ab44507
  Set: 20 Way: 3 Address: 0x1c084e503
  Set: 21 Way: 0 Address: 0x1add547
  Set: 21 Way: 1 Address: 0x211d16542
  Set: 21 Way: 2 Address: 0x1ab44540
  Set: 22 Way: 0 Address: 0x1add580
  Set: 22 Way: 1 Address: 0x211d16581
  Set: 22 Way: 2 Address: 0x14bb10587
  Set: 22 Way: 3 Address: 0x2177f0582
  Set: 23 Way: 0 Address: 0x1add5c0
  Set: 23 Way: 1 Address: 0x211d165c3
  Set: 23 Way: 2 Address: 0x14bb105c0
  Set: 24 Way: 0 Address: 0xc7078638
  Set: 24 Way: 1 Address: 0x23755d63f
  Set: 24 Way: 2 Address: 0x1add600
  Set: 24 Way: 3 Address: 0x211d16604
  Set: 25 Way: 0 Address: 0xc7078647
  Set: 25 Way: 1 Address: 0x23755d646
  Set: 25 Way: 2 Address: 0x1add640
  Set: 25 Way: 3 Address: 0x211d16642
  Set: 26 Way: 0 Address: 0x1add680
  Set: 26 Way: 1 Address: 0x211d16687
  Set: 27 Way: 0 Address: 0x1aafb86c8
  Set: 27 Way: 1 Address: 0x1add6c0
  Set: 27 Way: 2 Address: 0x211d166c0
  Set: 28 Way: 0 Address: 0x1add700
  Set: 29 Way: 0 Address: 0x1add747
  Set: 29 Way: 1 Address: 0x211d16747
  Set: 30 Way: 0 Address: 0x1add787
  Set: 30 Way: 1 Address: 0x211d16783
  Set: 31 Way: 0 Address: 0x28b67e7f8
  Set: 31 Way: 1 Address: 0x263c137f8
  Set: 31 Way: 2 Address: 0x1add7c7
  Set: 31 Way: 3 Address: 0x211d167c3
  Set: 31 Way: 4 Address: 0x1ab447c7
  Set: 31 Way: 5 Address: 0x1c084e7c7
  Set: 32 Way: 0 Address: 0x1add807
  Set: 32 Way: 1 Address: 0x211d16807
  Set: 32 Way: 2 Address: 0x1ab44800
  Set: 33 Way: 0 Address: 0x2ee36987f
  Set: 33 Way: 1 Address: 0x1add840
  Set: 33 Way: 2 Address: 0x211d16843
  Set: 34 Way: 0 Address: 0x2b2e93887
  Set: 34 Way: 1 Address: 0x2ee369882
  Set: 34 Way: 2 Address: 0x1add880
  Set: 34 Way: 3 Address: 0x211d16882
  Set: 34 Way: 4 Address: 0x14bb10880
  Set: 35 Way: 0 Address: 0xc70788f8
  Set: 35 Way: 1 Address: 0x23755d8fb
  Set: 35 Way: 2 Address: 0x1add8c0
  Set: 35 Way: 3 Address: 0x211d168c5
  Set: 36 Way: 0 Address: 0xc7078907
  Set: 36 Way: 1 Address: 0x23755d901
  Set: 36 Way: 2 Address: 0x1add900
  Set: 36 Way: 3 Address: 0x211d16903
  Set: 37 Way: 0 Address: 0x1add940
  Set: 37 Way: 1 Address: 0x211d16943
  Set: 38 Way: 0 Address: 0x1add980
  Set: 38 Way: 1 Address: 0x211d16985
  Set: 39 Way: 0 Address: 0x1add9c0
  Set: 40 Way: 0 Address: 0x1adda07
  Set: 40 Way: 1 Address: 0x211d16a03
  Set: 41 Way: 0 Address: 0x223edaa58
  Set: 41 Way: 1 Address: 0xee86fa60
  Set: 41 Way: 2 Address: 0x1adda47
  Set: 41 Way: 3 Address: 0x211d16a43
  Set: 42 Way: 0 Address: 0x1adda87
  Set: 42 Way: 1 Address: 0x211d16a83
  Set: 42 Way: 2 Address: 0xc7078a80
  Set: 42 Way: 3 Address: 0x1ab44a87
  Set: 42 Way: 4 Address: 0x1c084ea83
  Set: 43 Way: 0 Address: 0x397bb4ae8
  Set: 43 Way: 1 Address: 0x12c6fcaf8
  Set: 43 Way: 2 Address: 0x1addac7
  Set: 43 Way: 3 Address: 0x211d16ac2
  Set: 43 Way: 4 Address: 0xc7078ac0
  Set: 43 Way: 5 Address: 0x1ab44ac0
  Set: 44 Way: 0 Address: 0x1995f2b00
  Set: 44 Way: 1 Address: 0x2ee369b3f
  Set: 44 Way: 2 Address: 0x397bb4b00
  Set: 44 Way: 3 Address: 0x2f5d8eb00
  Set: 44 Way: 4 Address: 0x84896b08
  Set: 44 Way: 5 Address: 0x133c92b10
  Set: 44 Way: 6 Address: 0x1addb00
  Set: 44 Way: 7 Address: 0x211d16b06
  Set: 44 Way: 8 Address: 0xc7078b00
  Set: 44 Way: 9 Address: 0x22272fb18
  Set: 45 Way: 0 Address: 0x2b2e93b47
  Set: 45 Way: 1 Address: 0x2ee369b46
  Set: 45 Way: 2 Address: 0x1addb40
  Set: 45 Way: 3 Address: 0x211d16b43
  Set: 45 Way: 4 Address: 0xc7078b40
  Set: 46 Way: 0 Address: 0xc7078bb8
  Set: 46 Way: 1 Address: 0x23755dbbe
  Set: 46 Way: 2 Address: 0x1addb80
  Set: 46 Way: 3 Address: 0x211d16b82
  Set: 47 Way: 0 Address: 0xc7078bc7
  Set: 47 Way: 1 Address: 0x23755dbc2
  Set: 47 Way: 2 Address: 0x1addbc0
  Set: 47 Way: 3 Address: 0x211d16bc2
  Set: 48 Way: 0 Address: 0x129934c34
  Set: 48 Way: 1 Address: 0x1addc00
  Set: 48 Way: 2 Address: 0x211d16c02
  Set: 48 Way: 3 Address: 0xc7078c00
  Set: 49 Way: 0 Address: 0x129934c40
  Set: 49 Way: 1 Address: 0xc7078c47
  Set: 49 Way: 2 Address: 0x23755dc43
  Set: 49 Way: 3 Address: 0x1addc40
  Set: 49 Way: 4 Address: 0x211d16c42
  Set: 50 Way: 0 Address: 0x3c1074ca0
  Set: 50 Way: 1 Address: 0xc7078c87
  Set: 50 Way: 2 Address: 0x23755dc85
  Set: 50 Way: 3 Address: 0x1addc80
  Set: 51 Way: 0 Address: 0x2f5d8ece8
  Set: 51 Way: 1 Address: 0x143efce8
  Set: 51 Way: 2 Address: 0x1addcc7
  Set: 51 Way: 3 Address: 0x211d16cc0
  Set: 51 Way: 4 Address: 0xc7078cc7
  Set: 51 Way: 5 Address: 0x23755dcc5
  Set: 52 Way: 0 Address: 0x1addd07
  Set: 52 Way: 1 Address: 0x211d16d07
  Set: 52 Way: 2 Address: 0xc7078d07
  Set: 52 Way: 3 Address: 0x23755dd05
  Set: 53 Way: 0 Address: 0x1addd47
  Set: 53 Way: 1 Address: 0x211d16d47
  Set: 53 Way: 2 Address: 0xc7078d40
  Set: 53 Way: 3 Address: 0x23755dd45
  Set: 53 Way: 4 Address: 0x1ab44d47
  Set: 53 Way: 5 Address: 0x1c084ed42
  Set: 54 Way: 0 Address: 0x1addd87
  Set: 54 Way: 1 Address: 0x211d16d86
  Set: 54 Way: 2 Address: 0xc7078d80
  Set: 54 Way: 3 Address: 0x23755dd87
  Set: 54 Way: 4 Address: 0x1ab44d80
  Set: 54 Way: 5 Address: 0x14bb0fd80
  Set: 55 Way: 0 Address: 0x16390fde0
  Set: 55 Way: 1 Address: 0x2ee369dfe
  Set: 55 Way: 2 Address: 0x1adddc0
  Set: 55 Way: 3 Address: 0x1ab43dc0
  Set: 55 Way: 4 Address: 0x211d16dc1
  Set: 55 Way: 5 Address: 0x1adcdc0
  Set: 55 Way: 6 Address: 0xc7078dc0
  Set: 55 Way: 7 Address: 0x23755ddc7
  Set: 56 Way: 0 Address: 0x2b2e93e07
  Set: 56 Way: 1 Address: 0x2ee369e01
  Set: 56 Way: 2 Address: 0x1adde00
  Set: 56 Way: 3 Address: 0x1ab43e00
  Set: 56 Way: 4 Address: 0x211d16e02
  Set: 56 Way: 5 Address: 0x1adce00
  Set: 56 Way: 6 Address: 0xc7078e00
  Set: 56 Way: 7 Address: 0x23755de05
  Set: 57 Way: 0 Address: 0x1adde40
  Set: 57 Way: 1 Address: 0x1ab43e40
  Set: 57 Way: 2 Address: 0x211d16e47
  Set: 57 Way: 3 Address: 0xc7078e40
  Set: 57 Way: 4 Address: 0x23755de43
  Set: 58 Way: 0 Address: 0x201598e98
  Set: 58 Way: 1 Address: 0x309887e88
  Set: 58 Way: 2 Address: 0x1adde80
  Set: 58 Way: 3 Address: 0x1ab43e80
  Set: 58 Way: 4 Address: 0x211d16e87
  Set: 58 Way: 5 Address: 0xc7078e80
  Set: 58 Way: 6 Address: 0x1adce80
  Set: 58 Way: 7 Address: 0x23755de82
  Set: 59 Way: 0 Address: 0x3dae66eee
  Set: 59 Way: 1 Address: 0x1addec0
  Set: 59 Way: 2 Address: 0x211d16ec7
  Set: 59 Way: 3 Address: 0xc7078ec0
  Set: 60 Way: 0 Address: 0xf6e81f38
  Set: 60 Way: 1 Address: 0xc7078f07
  Set: 60 Way: 2 Address: 0x23755df03
  Set: 60 Way: 3 Address: 0x3dae66f00
  Set: 60 Way: 4 Address: 0x1ab43f00
  Set: 60 Way: 5 Address: 0x1addf07
  Set: 60 Way: 6 Address: 0x211d16f07
  Set: 61 Way: 0 Address: 0xc7078f47
  Set: 61 Way: 1 Address: 0x23755df40
  Set: 61 Way: 2 Address: 0x3dae66f40
  Set: 61 Way: 3 Address: 0x1addf40
  Set: 61 Way: 4 Address: 0x1ab43f40
  Set: 62 Way: 0 Address: 0x1addf87
  Set: 62 Way: 1 Address: 0x211d16f82
  Set: 62 Way: 2 Address: 0xc7078f87
  Set: 62 Way: 3 Address: 0x23755df80
  Set: 62 Way: 4 Address: 0x3dae66f80
  Set: 63 Way: 0 Address: 0x3c56b3fd8
  Set: 63 Way: 1 Address: 0x1addfc7
  Set: 63 Way: 2 Address: 0x211d16fc7
  Set: 63 Way: 3 Address: 0xc7078fc7
  Set: 63 Way: 4 Address: 0x23755dfc3
  Set: 63 Way: 5 Address: 0x1ab43fc0
EndCache
Cache: cpu0_ITLB
  Set: 6 Way: 0 Address: 0x406ac0
  Set: 14 Way: 0 Address: 0x43e800
  Set: 15 Way: 0 Address: 0x40fcfe
EndCache
Cache: cpu0_DTLB
  Set: 0 Way: 0 Address: 0x7fd2fa3600be
  Set: 0 Way: 1 Address: 0x2760a60
  Set: 1 Way: 0 Address: 0x7fd2fa611887
  Set: 1 Way: 1 Address: 0x7fd2fa361480
  Set: 2 Way: 0 Address: 0x7fd2fa612bb8
  Set: 2 Way: 1 Address: 0x7fd2fa362007
  Set: 3 Way: 0 Address: 0x7fd2fa6131c7
  Set: 3 Way: 1 Address: 0x7fd2fa3632c0
  Set: 4 Way: 0 Address: 0x7940c0
  Set: 4 Way: 1 Address: 0x7fd2fa614007
  Set: 5 Way: 0 Address: 0x7ffedb245260
  Set: 5 Way: 1 Address: 0x7fd2fa615007
  Set: 7 Way: 0 Address: 0x21e7de0
  Set: 13 Way: 0 Address: 0x275dc34
  Set: 13 Way: 1 Address: 0x279deee
  Set: 15 Way: 0 Address: 0x7fd2fa35fdfe
EndCache
Cache: LLC
  Set: 2 Way: 0 Address: 0x6e6200a8
  Set: 64 Way: 0 Address: 0x113201030
  Set: 65 Way: 0 Address: 0x113201078
  Set: 65 Way: 1 Address: 0x2a4841078
  Set: 71 Way: 0 Address: 0x1132011f0
  Set: 124 Way: 0 Address: 0xf6e81f38
  Set: 177 Way: 0 Address: 0x1c84e2c70
  Set: 178 Way: 0 Address: 0x1c84e2c81
  Set: 179 Way: 0 Address: 0x1c84e2cd0
  Set: 180 Way: 0 Address: 0x1c84e2d02
  Set: 181 Way: 0 Address: 0x1c84e2d41
  Set: 182 Way: 0 Address: 0x1c84e2d83
  Set: 183 Way: 0 Address: 0x1c84e2dc1
  Set: 184 Way: 0 Address: 0x1c84e2e00
  Set: 185 Way: 0 Address: 0x1c84e2e41
  Set: 186 Way: 0 Address: 0x1c84e2e81
  Set: 187 Way: 0 Address: 0x1c84e2ec2
  Set: 188 Way: 0 Address: 0x1c84e2f04
  Set: 189 Way: 0 Address: 0x1c84e2f43
  Set: 190 Way: 0 Address: 0x1c84e2f81
  Set: 191 Way: 0 Address: 0x1c84e2fc0
  Set: 236 Way: 0 Address: 0x1ab43b00
  Set: 237 Way: 0 Address: 0x1ab43b40
  Set: 238 Way: 0 Address: 0x1ab43b80
  Set: 239 Way: 0 Address: 0x1ab43bc0
  Set: 241 Way: 0 Address: 0x1ab43c40
  Set: 242 Way: 0 Address: 0x1ab43c80
  Set: 244 Way: 0 Address: 0x1ab43d00
  Set: 247 Way: 0 Address: 0x1ab43dc0
  Set: 248 Way: 0 Address: 0x1ab43e00
  Set: 249 Way: 0 Address: 0x1ab43e40
  Set: 250 Way: 0 Address: 0x1ab43e80
  Set: 252 Way: 0 Address: 0x1ab43f00
  Set: 253 Way: 0 Address: 0x1ab43f40
  Set: 255 Way: 0 Address: 0x1ab43fc0
  Set: 256 Way: 0 Address: 0x1ab44000
  Set: 257 Way: 0 Address: 0x1ab44040
  Set: 258 Way: 0 Address: 0x1ab44080
  Set: 259 Way: 0 Address: 0x1ab440c0
  Set: 260 Way: 0 Address: 0x1ab44100
  Set: 261 Way: 0 Address: 0x1ab44140
  Set: 262 Way: 0 Address: 0x1ab44180
  Set: 263 Way: 0 Address: 0x1ab441c0
  Set: 264 Way: 0 Address: 0xb8004228
  Set: 264 Way: 1 Address: 0x1ab44200
  Set: 265 Way: 0 Address: 0x1ab44240
  Set: 266 Way: 0 Address: 0x1ab44280
  Set: 267 Way: 0 Address: 0x1ab442c0
  Set: 268 Way: 0 Address: 0x1ab44300
  Set: 269 Way: 0 Address: 0x1ab44340
  Set: 270 Way: 0 Address: 0x1ab44380
  Set: 271 Way: 0 Address: 0x1ab443c0
  Set: 272 Way: 0 Address: 0x1ab44400
  Set: 273 Way: 0 Address: 0x1ab44440
  Set: 274 Way: 0 Address: 0x1ab44480
  Set: 275 Way: 0 Address: 0x1ab444c0
  Set: 276 Way: 0 Address: 0x1ab44500
  Set: 277 Way: 0 Address: 0x1ab44540
  Set: 278 Way: 0 Address: 0x1ab44580
  Set: 287 Way: 0 Address: 0x1ab447c0
  Set: 288 Way: 0 Address: 0x1ab44800
  Set: 289 Way: 0 Address: 0x1ab44840
  Set: 298 Way: 0 Address: 0x1ab44a80
  Set: 299 Way: 0 Address: 0x1ab44ac0
  Set: 300 Way: 0 Address: 0x1ab44b00
  Set: 309 Way: 0 Address: 0x1ab44d40
  Set: 310 Way: 0 Address: 0x1ab44d80
  Set: 311 Way: 0 Address: 0x1ab44dc0
  Set: 320 Way: 0 Address: 0x1ab45000
  Set: 321 Way: 0 Address: 0x1ab45040
  Set: 443 Way: 0 Address: 0x3dae66eee
  Set: 444 Way: 0 Address: 0x3dae66f00
  Set: 445 Way: 0 Address: 0x3dae66f40
  Set: 446 Way: 0 Address: 0x3dae66f80
  Set: 447 Way: 0 Address: 0x3dae66fc0
  Set: 506 Way: 0 Address: 0x309887e88
  Set: 609 Way: 0 Address: 0x2ee369878
  Set: 610 Way: 0 Address: 0x2ee369880
  Set: 620 Way: 0 Address: 0x2ee369b38
  Set: 621 Way: 0 Address: 0x2ee369b40
  Set: 631 Way: 0 Address: 0x2ee369df8
  Set: 632 Way: 0 Address: 0x2ee369e00
  Set: 797 Way: 0 Address: 0x29484c770
  Set: 798 Way: 0 Address: 0x29484c7b0
  Set: 799 Way: 0 Address: 0x29484c7ea
  Set: 800 Way: 0 Address: 0x29484c800
  Set: 801 Way: 0 Address: 0x29484c842
  Set: 802 Way: 0 Address: 0x29484c880
  Set: 809 Way: 0 Address: 0x29484ca40
  Set: 834 Way: 0 Address: 0x5588d0a0
  Set: 896 Way: 0 Address: 0x3734ee018
  Set: 896 Way: 1 Address: 0x1c084e000
  Set: 897 Way: 0 Address: 0x1c084e040
  Set: 898 Way: 0 Address: 0x3734ee080
  Set: 898 Way: 1 Address: 0x1c084e084
  Set: 899 Way: 0 Address: 0x1c084e0c0
  Set: 900 Way: 0 Address: 0x1c084e100
  Set: 901 Way: 0 Address: 0x1c084e140
  Set: 902 Way: 0 Address: 0x1c084e180
  Set: 903 Way: 0 Address: 0x1c084e1c0
  Set: 904 Way: 0 Address: 0x1c084e200
  Set: 905 Way: 0 Address: 0x1c084e240
  Set: 906 Way: 0 Address: 0x1c084e280
  Set: 907 Way: 0 Address: 0x1c084e2c0
  Set: 908 Way: 0 Address: 0x1c084e300
  Set: 909 Way: 0 Address: 0x1c084e340
  Set: 916 Way: 0 Address: 0x1c084e500
  Set: 927 Way: 0 Address: 0x1c084e7c0
  Set: 938 Way: 0 Address: 0x1c084ea80
  Set: 940 Way: 0 Address: 0x2f5d8eb00
  Set: 947 Way: 0 Address: 0x2f5d8ece8
  Set: 949 Way: 0 Address: 0x1c084ed40
  Set: 959 Way: 0 Address: 0x1c084efc0
  Set: 993 Way: 0 Address: 0x14bb0f840
  Set: 1001 Way: 0 Address: 0xee86fa60
  Set: 1003 Way: 0 Address: 0x14bb0fac0
  Set: 1004 Way: 0 Address: 0x22272fb18
  Set: 1011 Way: 0 Address: 0x143efce8
  Set: 1014 Way: 0 Address: 0x14bb0fd80
  Set: 1015 Way: 0 Address: 0x16390fde0
  Set: 1015 Way: 1 Address: 0x14bb0fdc0
  Set: 1024 Way: 0 Address: 0x14bb10000
  Set: 1024 Way: 1 Address: 0x2177f0000
  Set: 1025 Way: 0 Address: 0x14bb10040
  Set: 1026 Way: 0 Address: 0x14bb10080
  Set: 1034 Way: 0 Address: 0x2177f0280
  Set: 1035 Way: 0 Address: 0x14bb102c0
  Set: 1035 Way: 1 Address: 0x2177f02c0
  Set: 1036 Way: 0 Address: 0x14bb10300
  Set: 1037 Way: 0 Address: 0x14bb10340
  Set: 1045 Way: 0 Address: 0x2177f0540
  Set: 1046 Way: 0 Address: 0x14bb10580
  Set: 1046 Way: 1 Address: 0x2177f0580
  Set: 1047 Way: 0 Address: 0x14bb105c0
  Set: 1048 Way: 0 Address: 0x14bb10600
  Set: 1056 Way: 0 Address: 0x2177f0800
  Set: 1057 Way: 0 Address: 0x14bb10840
  Set: 1057 Way: 1 Address: 0x2177f0840
  Set: 1058 Way: 0 Address: 0x14bb10880
  Set: 1059 Way: 0 Address: 0x14bb108c0
  Set: 1069 Way: 0 Address: 0x14bb10b40
  Set: 1159 Way: 0 Address: 0x9cff21f0
  Set: 1196 Way: 0 Address: 0x1995f2b00
  Set: 1196 Way: 1 Address: 0x133c92b10
  Set: 1247 Way: 0 Address: 0x263c137f8
  Set: 1250 Way: 0 Address: 0x2b2e93880
  Set: 1261 Way: 0 Address: 0x2b2e93b40
  Set: 1272 Way: 0 Address: 0x2b2e93e00
  Set: 1279 Way: 0 Address: 0x3c56b3fd8
  Set: 1282 Way: 0 Address: 0x3de4d4098
  Set: 1323 Way: 0 Address: 0x397bb4ae8
  Set: 1324 Way: 0 Address: 0x397bb4b00
  Set: 1328 Way: 0 Address: 0x129934c34
  Set: 1329 Way: 0 Address: 0x129934c40
  Set: 1330 Way: 0 Address: 0x129934c80
  Set: 1330 Way: 1 Address: 0x3c1074ca0
  Set: 1344 Way: 0 Address: 0x195f15010
  Set: 1346 Way: 0 Address: 0x195f15098
  Set: 1346 Way: 1 Address: 0x354d35088
  Set: 1408 Way: 0 Address: 0x211d16000
  Set: 1409 Way: 0 Address: 0x211d16040
  Set: 1410 Way: 0 Address: 0x43736090
  Set: 1410 Way: 1 Address: 0x211d16080
  Set: 1411 Way: 0 Address: 0x211d160c0
  Set: 1412 Way: 0 Address: 0x211d16100
  Set: 1413 Way: 0 Address: 0x211d16140
  Set: 1415 Way: 0 Address: 0x211d161c0
  Set: 1416 Way: 0 Address: 0x211d16200
  Set: 1417 Way: 0 Address: 0x211d16240
  Set: 1418 Way: 0 Address: 0x211d16280
  Set: 1419 Way: 0 Address: 0x211d162c0
  Set: 1420 Way: 0 Address: 0x211d16300
  Set: 1421 Way: 0 Address: 0x211d16340
  Set: 1422 Way: 0 Address: 0x211d16380
  Set: 1423 Way: 0 Address: 0x211d163c0
  Set: 1424 Way: 0 Address: 0x211d16400
  Set: 1426 Way: 0 Address: 0x211d16480
  Set: 1427 Way: 0 Address: 0x211d164c0
  Set: 1428 Way: 0 Address: 0x211d16500
  Set: 1429 Way: 0 Address: 0x211d16540
  Set: 1430 Way: 0 Address: 0x211d16580
  Set: 1431 Way: 0 Address: 0x211d165c0
  Set: 1432 Way: 0 Address: 0x211d16600
  Set: 1433 Way: 0 Address: 0x211d16640
  Set: 1434 Way: 0 Address: 0x211d16680
  Set: 1435 Way: 0 Address: 0x211d166c0
  Set: 1437 Way: 0 Address: 0x211d16740
  Set: 1438 Way: 0 Address: 0x211d16780
  Set: 1439 Way: 0 Address: 0x211d167c0
  Set: 1440 Way: 0 Address: 0x211d16800
  Set: 1441 Way: 0 Address: 0x211d16840
  Set: 1442 Way: 0 Address: 0x211d16880
  Set: 1443 Way: 0 Address: 0x211d168c0
  Set: 1444 Way: 0 Address: 0x211d16900
  Set: 1445 Way: 0 Address: 0x211d16940
  Set: 1446 Way: 0 Address: 0x211d16980
  Set: 1448 Way: 0 Address: 0x211d16a00
  Set: 1449 Way: 0 Address: 0x211d16a40
  Set: 1450 Way: 0 Address: 0x211d16a80
  Set: 1451 Way: 0 Address: 0x211d16ac0
  Set: 1452 Way: 0 Address: 0x84896b08
  Set: 1452 Way: 1 Address: 0x211d16b00
  Set: 1453 Way: 0 Address: 0x211d16b40
  Set: 1454 Way: 0 Address: 0x211d16b80
  Set: 1455 Way: 0 Address: 0x211d16bc0
  Set: 1456 Way: 0 Address: 0x211d16c00
  Set: 1457 Way: 0 Address: 0x211d16c40
  Set: 1459 Way: 0 Address: 0x211d16cc0
  Set: 1460 Way: 0 Address: 0x211d16d00
  Set: 1461 Way: 0 Address: 0x211d16d40
  Set: 1462 Way: 0 Address: 0x211d16d80
  Set: 1463 Way: 0 Address: 0x211d16dc0
  Set: 1464 Way: 0 Address: 0x211d16e00
  Set: 1465 Way: 0 Address: 0x211d16e40
  Set: 1466 Way: 0 Address: 0x211d16e80
  Set: 1467 Way: 0 Address: 0x211d16ec0
  Set: 1468 Way: 0 Address: 0x211d16f00
  Set: 1470 Way: 0 Address: 0x211d16f80
  Set: 1471 Way: 0 Address: 0x211d16fc0
  Set: 1474 Way: 0 Address: 0x276ff7098
  Set: 1539 Way: 0 Address: 0xc70780c0
  Set: 1549 Way: 0 Address: 0xc7078379
  Set: 1550 Way: 0 Address: 0xc7078380
  Set: 1556 Way: 0 Address: 0xc7078500
  Set: 1560 Way: 0 Address: 0xc7078638
  Set: 1561 Way: 0 Address: 0xc7078640
  Set: 1563 Way: 0 Address: 0x1aafb86c8
  Set: 1567 Way: 0 Address: 0xc70787c0
  Set: 1568 Way: 0 Address: 0xc7078800
  Set: 1569 Way: 0 Address: 0xc7078840
  Set: 1570 Way: 0 Address: 0xc7078880
  Set: 1571 Way: 0 Address: 0xc70788f8
  Set: 1572 Way: 0 Address: 0xc7078900
  Set: 1573 Way: 0 Address: 0xc7078940
  Set: 1574 Way: 0 Address: 0xc7078980
  Set: 1578 Way: 0 Address: 0xc7078a80
  Set: 1579 Way: 0 Address: 0xc7078ac0
  Set: 1580 Way: 0 Address: 0xc7078b00
  Set: 1581 Way: 0 Address: 0xc7078b40
  Set: 1582 Way: 0 Address: 0xc7078bb8
  Set: 1583 Way: 0 Address: 0xc7078bc0
  Set: 1584 Way: 0 Address: 0xc7078c00
  Set: 1585 Way: 0 Address: 0xc7078c40
  Set: 1586 Way: 0 Address: 0xc7078c81
  Set: 1587 Way: 0 Address: 0xc7078cc0
  Set: 1588 Way: 0 Address: 0xc7078d00
  Set: 1589 Way: 0 Address: 0xc7078d40
  Set: 1590 Way: 0 Address: 0xc7078d80
  Set: 1591 Way: 0 Address: 0xc7078dc0
  Set: 1592 Way: 0 Address: 0xc7078e00
  Set: 1593 Way: 0 Address: 0xc7078e40
  Set: 1594 Way: 0 Address: 0x201598e98
  Set: 1594 Way: 1 Address: 0xc7078e80
  Set: 1595 Way: 0 Address: 0xc7078ec0
  Set: 1596 Way: 0 Address: 0xc7078f02
  Set: 1597 Way: 0 Address: 0xc7078f42
  Set: 1598 Way: 0 Address: 0xc7078f80
  Set: 1599 Way: 0 Address: 0xc7078fc0
  Set: 1600 Way: 0 Address: 0xc7079000
  Set: 1601 Way: 0 Address: 0xc7079040
  Set: 1602 Way: 0 Address: 0xc7079080
  Set: 1603 Way: 0 Address: 0x2929590f0
  Set: 1603 Way: 1 Address: 0xc70790c0
  Set: 1604 Way: 0 Address: 0x292959138
  Set: 1604 Way: 1 Address: 0xc7079100
  Set: 1605 Way: 0 Address: 0x292959168
  Set: 1605 Way: 1 Address: 0xc7079140
  Set: 1606 Way: 0 Address: 0x292959198
  Set: 1606 Way: 1 Address: 0xc7079180
  Set: 1607 Way: 0 Address: 0x2929591e0
  Set: 1607 Way: 1 Address: 0xc70791c0
  Set: 1608 Way: 0 Address: 0x292959228
  Set: 1608 Way: 1 Address: 0xc7079200
  Set: 1609 Way: 0 Address: 0x292959260
  Set: 1609 Way: 1 Address: 0xc7079240
  Set: 1610 Way: 0 Address: 0x292959280
  Set: 1610 Way: 1 Address: 0xc7079280
  Set: 1611 Way: 0 Address: 0xc70792c0
  Set: 1612 Way: 0 Address: 0xc7079300
  Set: 1619 Way: 0 Address: 0xc70794c0
  Set: 1620 Way: 0 Address: 0xc7079500
  Set: 1630 Way: 0 Address: 0xc7079780
  Set: 1631 Way: 0 Address: 0xc70797c0
  Set: 1664 Way: 0 Address: 0x229b9a000
  Set: 1705 Way: 0 Address: 0x223edaa58
  Set: 1731 Way: 0 Address: 0x394edb0c0
  Set: 1792 Way: 0 Address: 0xdf85c000
  Set: 1792 Way: 1 Address: 0x38e35c018
  Set: 1826 Way: 0 Address: 0x1adc880
  Set: 1827 Way: 0 Address: 0x1adc8c0
  Set: 1835 Way: 0 Address: 0x12c6fcaf8
  Set: 1836 Way: 0 Address: 0x1adcb00
  Set: 1837 Way: 0 Address: 0x1adcb40
  Set: 1838 Way: 0 Address: 0x1adcb80
  Set: 1839 Way: 0 Address: 0x1adcbc0
  Set: 1845 Way: 0 Address: 0x1adcd40
  Set: 1847 Way: 0 Address: 0x1adcdc0
  Set: 1848 Way: 0 Address: 0x1adce00
  Set: 1850 Way: 0 Address: 0x1adce80
  Set: 1856 Way: 0 Address: 0x1add000
  Set: 1857 Way: 0 Address: 0x1add040
  Set: 1858 Way: 0 Address: 0x23755d0b8
  Set: 1858 Way: 1 Address: 0x1add080
  Set: 1859 Way: 0 Address: 0x23755d0c1
  Set: 1859 Way: 1 Address: 0x1add0c0
  Set: 1860 Way: 0 Address: 0x1add100
  Set: 1861 Way: 0 Address: 0x1add140
  Set: 1862 Way: 0 Address: 0x1add180
  Set: 1863 Way: 0 Address: 0x1add1c0
  Set: 1864 Way: 0 Address: 0x1add200
  Set: 1865 Way: 0 Address: 0x1add240
  Set: 1866 Way: 0 Address: 0x1add280
  Set: 1867 Way: 0 Address: 0x1add2c0
  Set: 1868 Way: 0 Address: 0x1add300
  Set: 1869 Way: 0 Address: 0x23755d378
  Set: 1869 Way: 1 Address: 0x1add340
  Set: 1870 Way: 0 Address: 0x23755d380
  Set: 1870 Way: 1 Address: 0x1add380
  Set: 1871 Way: 0 Address: 0x1add3c0
  Set: 1872 Way: 0 Address: 0x1add400
  Set: 1873 Way: 0 Address: 0x1add440
  Set: 1874 Way: 0 Address: 0x1add482
  Set: 1875 Way: 0 Address: 0x1add4c0
  Set: 1876 Way: 0 Address: 0x1add500
  Set: 1877 Way: 0 Address: 0x1add540
  Set: 1878 Way: 0 Address: 0x1add580
  Set: 1879 Way: 0 Address: 0x1add5c0
  Set: 1880 Way: 0 Address: 0x23755d638
  Set: 1880 Way: 1 Address: 0x1add600
  Set: 1881 Way: 0 Address: 0x23755d640
  Set: 1881 Way: 1 Address: 0x1add640
  Set: 1882 Way: 0 Address: 0x1add680
  Set: 1883 Way: 0 Address: 0x1add6c0
  Set: 1884 Way: 0 Address: 0x1add700
  Set: 1885 Way: 0 Address: 0x1add740
  Set: 1886 Way: 0 Address: 0x1add780
  Set: 1887 Way: 0 Address: 0x1add7c0
  Set: 1888 Way: 0 Address: 0x1add800
  Set: 1889 Way: 0 Address: 0x1add840
  Set: 1890 Way: 0 Address: 0x1add880
  Set: 1891 Way: 0 Address: 0x23755d8f8
  Set: 1891 Way: 1 Address: 0x1add8c0
  Set: 1892 Way: 0 Address: 0x23755d900
  Set: 1892 Way: 1 Address: 0x1add900
  Set: 1893 Way: 0 Address: 0x1add940
  Set: 1894 Way: 0 Address: 0x1add980
  Set: 1895 Way: 0 Address: 0x1add9c0
  Set: 1896 Way: 0 Address: 0x1adda02
  Set: 1897 Way: 0 Address: 0x1adda40
  Set: 1898 Way: 0 Address: 0x1adda80
  Set: 1899 Way: 0 Address: 0x1addac0
  Set: 1900 Way: 0 Address: 0x1addb00
  Set: 1901 Way: 0 Address: 0x1addb40
  Set: 1902 Way: 0 Address: 0x23755dbb8
  Set: 1902 Way: 1 Address: 0x1addb80
  Set: 1903 Way: 0 Address: 0x23755dbc0
  Set: 1903 Way: 1 Address: 0x1addbc0
  Set: 1904 Way: 0 Address: 0x1addc00
  Set: 1905 Way: 0 Address: 0x23755dc40
  Set: 1905 Way: 1 Address: 0x1addc40
  Set: 1906 Way: 0 Address: 0x23755dc80
  Set: 1906 Way: 1 Address: 0x1addc80
  Set: 1907 Way: 0 Address: 0x1addcc2
  Set: 1907 Way: 1 Address: 0x23755dcc0
  Set: 1908 Way: 0 Address: 0x1addd00
  Set: 1908 Way: 1 Address: 0x23755dd00
  Set: 1909 Way: 0 Address: 0x1addd40
  Set: 1909 Way: 1 Address: 0x23755dd40
  Set: 1910 Way: 0 Address: 0x1addd80
  Set: 1910 Way: 1 Address: 0x23755dd80
  Set: 1911 Way: 0 Address: 0x1adddc0
  Set: 1911 Way: 1 Address: 0x23755ddc0
  Set: 1912 Way: 0 Address: 0x1adde00
  Set: 1912 Way: 1 Address: 0x23755de00
  Set: 1913 Way: 0 Address: 0x1adde40
  Set: 1913 Way: 1 Address: 0x23755de40
  Set: 1914 Way: 0 Address: 0x1adde80
  Set: 1914 Way: 1 Address: 0x23755de80
  Set: 1915 Way: 0 Address: 0x1addec0
  Set: 1915 Way: 1 Address: 0x23755dec0
  Set: 1916 Way: 0 Address: 0x23755df00
  Set: 1916 Way: 1 Address: 0x1addf00
  Set: 1917 Way: 0 Address: 0x23755df40
  Set: 1917 Way: 1 Address: 0x1addf40
  Set: 1918 Way: 0 Address: 0x1addf82
  Set: 1918 Way: 1 Address: 0x23755df80
  Set: 1919 Way: 0 Address: 0x1addfc0
  Set: 1919 Way: 1 Address: 0x23755dfc0
  Set: 1920 Way: 0 Address: 0x28b67e000
  Set: 1920 Way: 1 Address: 0x1ade000
  Set: 1921 Way: 0 Address: 0x1ade040
  Set: 1922 Way: 0 Address: 0x1ade080
  Set: 1923 Way: 0 Address: 0x1ade0c0
  Set: 1924 Way: 0 Address: 0x1ade100
  Set: 1925 Way: 0 Address: 0x1ade140
  Set: 1926 Way: 0 Address: 0x1ade180
  Set: 1927 Way: 0 Address: 0x1ade1c0
  Set: 1928 Way: 0 Address: 0x1ade200
  Set: 1930 Way: 0 Address: 0x1ade280
  Set: 1931 Way: 0 Address: 0x1ade2c0
  Set: 1941 Way: 0 Address: 0x1ade540
  Set: 1942 Way: 0 Address: 0x1ade580
  Set: 1951 Way: 0 Address: 0x28b67e7f8
  Set: 1951 Way: 1 Address: 0x1f919e7e0
  Set: 1959 Way: 0 Address: 0x1f919e9f8
  Set: 1960 Way: 0 Address: 0x1f919ea03
  Set: 1961 Way: 0 Address: 0x1f919ea45
  Set: 1962 Way: 0 Address: 0x1f919ea81
  Set: 1963 Way: 0 Address: 0x1f919eac0
EndCache
