Cache: cpu0_STLB
  Set: 2 Way: 0 Address: 0x4027b0
  Set: 3 Way: 0 Address: 0x4031c2
  Set: 4 Way: 0 Address: 0x404c00
  Set: 7 Way: 0 Address: 0x7fd2fa707cd0
  Set: 8 Way: 0 Address: 0x7fd2fa708aa6
  Set: 9 Way: 0 Address: 0x7fd2fa709026
  Set: 10 Way: 0 Address: 0x7fd2fa70a064
  Set: 13 Way: 0 Address: 0x40d720
  Set: 14 Way: 0 Address: 0x40e801
  Set: 15 Way: 0 Address: 0x40fc70
  Set: 30 Way: 0 Address: 0x279ebf6
  Set: 38 Way: 0 Address: 0x526968
  Set: 42 Way: 0 Address: 0x52ab32
  Set: 44 Way: 0 Address: 0x7fd2fa62cffd
  Set: 45 Way: 0 Address: 0x7fd2fa62dde5
  Set: 46 Way: 0 Address: 0x7fd2fa62e0a4
  Set: 47 Way: 0 Address: 0x7fd2fa62f124
  Set: 48 Way: 0 Address: 0x27b0716
  Set: 62 Way: 0 Address: 0x43ede2
  Set: 62 Way: 1 Address: 0x7fd2fa6beed5
  Set: 63 Way: 0 Address: 0x7fd2fa6bf9ec
  Set: 64 Way: 0 Address: 0x7fd2fa6c022c
  Set: 65 Way: 0 Address: 0x7fd2fa6c128f
  Set: 68 Way: 0 Address: 0x444b03
  Set: 69 Way: 0 Address: 0x4450ef
  Set: 70 Way: 0 Address: 0x446558
  Set: 71 Way: 0 Address: 0x7ffedb247d64
  Set: 72 Way: 0 Address: 0x7ffedb248238
  Set: 72 Way: 1 Address: 0x44821b
  Set: 73 Way: 0 Address: 0x7ffedb249550
  Set: 74 Way: 0 Address: 0x44a870
  Set: 75 Way: 0 Address: 0x44b010
  Set: 82 Way: 0 Address: 0x27d20a6
  Set: 93 Way: 0 Address: 0x275dc40
  Set: 94 Way: 0 Address: 0x275eaf8
  Set: 95 Way: 0 Address: 0x275ffd0
  Set: 96 Way: 0 Address: 0x2760a58
  Set: 96 Way: 1 Address: 0x21e03a0
  Set: 98 Way: 0 Address: 0x2762178
  Set: 100 Way: 0 Address: 0x21e45b5
  Set: 101 Way: 0 Address: 0x21e54e0
  Set: 103 Way: 0 Address: 0x21e7ec0
  Set: 104 Way: 0 Address: 0x21e80f0
  Set: 105 Way: 0 Address: 0x26e9430
  Set: 109 Way: 0 Address: 0x276d43c
  Set: 112 Way: 0 Address: 0x2770cac
  Set: 118 Way: 0 Address: 0x7fd2fa676eab
  Set: 119 Way: 0 Address: 0x7fd2fa67716b
  Set: 120 Way: 0 Address: 0x7fd2fa6781eb
  Set: 123 Way: 0 Address: 0x21fb344
  Set: 124 Way: 0 Address: 0x7fd2fa37c610
  Set: 125 Way: 0 Address: 0x7fd2fa37d110
EndCache
Cache: cpu0_L2C
  Set: 0 Way: 0 Address: 0x342b40010
  Set: 1 Way: 0 Address: 0x342b40040
  Set: 2 Way: 0 Address: 0x342b40082
  Set: 3 Way: 0 Address: 0x28a9400ef
  Set: 4 Way: 0 Address: 0x28a940105
  Set: 5 Way: 0 Address: 0x28a940146
  Set: 5 Way: 1 Address: 0x14bb1017d
  Set: 6 Way: 0 Address: 0x28a940180
  Set: 6 Way: 1 Address: 0x14bb10195
  Set: 7 Way: 0 Address: 0x28a9401c0
  Set: 7 Way: 1 Address: 0x2177f01fe
  Set: 8 Way: 0 Address: 0x2177f022c
  Set: 8 Way: 1 Address: 0x342b40210
  Set: 8 Way: 2 Address: 0x28a940201
  Set: 9 Way: 0 Address: 0x342b40241
  Set: 10 Way: 0 Address: 0x342b40287
  Set: 11 Way: 0 Address: 0x342b402c0
  Set: 12 Way: 0 Address: 0x342b40300
  Set: 16 Way: 0 Address: 0x168ef0400
  Set: 16 Way: 1 Address: 0x14bb1043d
  Set: 17 Way: 0 Address: 0x342b4045f
  Set: 17 Way: 1 Address: 0x168ef0478
  Set: 17 Way: 2 Address: 0x14bb10455
  Set: 18 Way: 0 Address: 0x342b40480
  Set: 18 Way: 1 Address: 0x2177f04b4
  Set: 19 Way: 0 Address: 0x2177f04ec
  Set: 19 Way: 1 Address: 0x342b404c6
  Set: 20 Way: 0 Address: 0x342b40500
  Set: 21 Way: 0 Address: 0x342b40541
  Set: 23 Way: 0 Address: 0x6e6205f8
  Set: 24 Way: 0 Address: 0x6e620600
  Set: 24 Way: 1 Address: 0x168ef0634
  Set: 26 Way: 0 Address: 0x342b406b5
  Set: 27 Way: 0 Address: 0x342b406c3
  Set: 27 Way: 1 Address: 0x14bb106fd
  Set: 28 Way: 0 Address: 0x342b40702
  Set: 28 Way: 1 Address: 0x14bb10715
  Set: 29 Way: 0 Address: 0x342b40743
  Set: 29 Way: 1 Address: 0x2177f0774
  Set: 30 Way: 0 Address: 0x2177f07ac
  Set: 30 Way: 1 Address: 0x342b40783
  Set: 36 Way: 0 Address: 0x342b40900
  Set: 37 Way: 0 Address: 0x342b40943
  Set: 38 Way: 0 Address: 0x342b40980
  Set: 38 Way: 1 Address: 0x14bb109bd
  Set: 39 Way: 0 Address: 0x14bb109ec
  Set: 40 Way: 0 Address: 0x2177f0a34
  Set: 41 Way: 0 Address: 0x2177f0a6c
  Set: 42 Way: 0 Address: 0x28a940a90
  Set: 43 Way: 0 Address: 0x28a940ac3
  Set: 44 Way: 0 Address: 0x28a940b00
  Set: 45 Way: 0 Address: 0x168ef0b44
  Set: 45 Way: 1 Address: 0x28a940b43
  Set: 46 Way: 0 Address: 0x342b40bb2
  Set: 46 Way: 1 Address: 0x28a940b82
  Set: 47 Way: 0 Address: 0x342b40bc1
  Set: 47 Way: 1 Address: 0x28a940bc0
  Set: 48 Way: 0 Address: 0x342b40c00
  Set: 48 Way: 1 Address: 0x28a940c01
  Set: 49 Way: 0 Address: 0x28a940c43
  Set: 49 Way: 1 Address: 0x14bb10c7d
  Set: 50 Way: 0 Address: 0x14bb10cac
  Set: 50 Way: 1 Address: 0x28a940c85
  Set: 51 Way: 0 Address: 0x28a940cc1
  Set: 51 Way: 1 Address: 0x2177f0cf4
  Set: 52 Way: 0 Address: 0x2177f0d2c
  Set: 52 Way: 1 Address: 0x28a940d00
  Set: 53 Way: 0 Address: 0x28a940d41
  Set: 54 Way: 0 Address: 0x28a940d82
  Set: 55 Way: 0 Address: 0x28a940dc0
  Set: 56 Way: 0 Address: 0x28a940e02
  Set: 57 Way: 0 Address: 0x28a940e41
  Set: 58 Way: 0 Address: 0x28a940e81
  Set: 60 Way: 0 Address: 0x14bb10f00
  Set: 61 Way: 0 Address: 0x14bb10f6c
  Set: 62 Way: 0 Address: 0x2177f0f80
  Set: 63 Way: 0 Address: 0x2177f0fc0
  Set: 63 Way: 1 Address: 0x168ef0fd0
  Set: 65 Way: 0 Address: 0x113201068
  Set: 105 Way: 0 Address: 0x2a4841a58
  Set: 108 Way: 0 Address: 0x260091b10
  Set: 109 Way: 0 Address: 0x181c81b68
  Set: 115 Way: 0 Address: 0x19c791cf0
  Set: 122 Way: 0 Address: 0x19c791e90
  Set: 122 Way: 1 Address: 0x260091e90
  Set: 124 Way: 0 Address: 0xf6e81f38
  Set: 127 Way: 0 Address: 0x2a4841fd8
  Set: 127 Way: 1 Address: 0xf6e81fd8
  Set: 128 Way: 0 Address: 0x133c92018
  Set: 128 Way: 1 Address: 0x1995f2000
  Set: 129 Way: 0 Address: 0x133c92078
  Set: 129 Way: 1 Address: 0x1c84e207f
  Set: 130 Way: 0 Address: 0x1c84e20a4
  Set: 136 Way: 0 Address: 0x1064c2220
  Set: 137 Way: 0 Address: 0x1064c2258
  Set: 137 Way: 1 Address: 0x1c6532248
  Set: 138 Way: 0 Address: 0x1995f22bf
  Set: 139 Way: 0 Address: 0x1995f22d6
  Set: 140 Way: 0 Address: 0x1c84e233f
  Set: 141 Way: 0 Address: 0x1c84e2364
  Set: 149 Way: 0 Address: 0x1995f257f
  Set: 150 Way: 0 Address: 0x1995f2596
  Set: 151 Way: 0 Address: 0xa3a525f0
  Set: 151 Way: 1 Address: 0x1c84e25ff
  Set: 152 Way: 0 Address: 0x1c84e2624
  Set: 152 Way: 1 Address: 0xa3a52608
  Set: 160 Way: 0 Address: 0x1995f283f
  Set: 161 Way: 0 Address: 0x1995f2854
  Set: 162 Way: 0 Address: 0x1c84e28be
  Set: 163 Way: 0 Address: 0x1c84e28e4
  Set: 163 Way: 1 Address: 0x31be128d0
  Set: 165 Way: 0 Address: 0x31be12948
  Set: 171 Way: 0 Address: 0x31be12af8
  Set: 171 Way: 1 Address: 0x1995f2aff
  Set: 172 Way: 0 Address: 0x1995f2b16
  Set: 173 Way: 0 Address: 0x1c84e2b74
  Set: 174 Way: 0 Address: 0x1c84e2ba4
  Set: 175 Way: 0 Address: 0x62d12bf6
  Set: 182 Way: 0 Address: 0x1995f2dbf
  Set: 183 Way: 0 Address: 0x1995f2de5
  Set: 184 Way: 0 Address: 0x6d0c2e00
  Set: 184 Way: 1 Address: 0x1c84e2e00
  Set: 185 Way: 0 Address: 0x1c84e2e64
  Set: 185 Way: 1 Address: 0x6d0c2e50
  Set: 187 Way: 0 Address: 0x6d0c2ec0
  Set: 188 Way: 0 Address: 0x9cff2f20
  Set: 191 Way: 0 Address: 0x9cff2fd8
  Set: 192 Way: 0 Address: 0x2b2e93010
  Set: 192 Way: 1 Address: 0x257713026
  Set: 193 Way: 0 Address: 0x3232f3078
  Set: 194 Way: 0 Address: 0x263c13080
  Set: 198 Way: 0 Address: 0x3c56b3198
  Set: 199 Way: 0 Address: 0x3c56b31cc
  Set: 201 Way: 0 Address: 0x3232f3258
  Set: 202 Way: 0 Address: 0x2577132ba
  Set: 203 Way: 0 Address: 0x2577132e6
  Set: 213 Way: 0 Address: 0x25771357a
  Set: 214 Way: 0 Address: 0x3c56b35b5
  Set: 214 Way: 1 Address: 0x2577135a6
  Set: 215 Way: 0 Address: 0x3c56b35c5
  Set: 216 Way: 0 Address: 0x3c56b3605
  Set: 219 Way: 0 Address: 0x3c56b36c0
  Set: 220 Way: 0 Address: 0x3c56b3700
  Set: 221 Way: 0 Address: 0x3c56b3740
  Set: 222 Way: 0 Address: 0x3c56b3780
  Set: 224 Way: 0 Address: 0x257713825
  Set: 225 Way: 0 Address: 0x3b0803840
  Set: 225 Way: 1 Address: 0x257713866
  Set: 228 Way: 0 Address: 0x2b2e93930
  Set: 235 Way: 0 Address: 0x34a873af8
  Set: 235 Way: 1 Address: 0x257713ae4
  Set: 236 Way: 0 Address: 0x257713b26
  Set: 236 Way: 1 Address: 0x34a873b00
  Set: 243 Way: 0 Address: 0x34a873cf0
  Set: 246 Way: 0 Address: 0x257713da4
  Set: 247 Way: 0 Address: 0x257713dc0
  Set: 257 Way: 0 Address: 0x3de4d4070
  Set: 259 Way: 0 Address: 0x1299340f4
  Set: 260 Way: 0 Address: 0x129934124
  Set: 264 Way: 0 Address: 0x3de4d4230
  Set: 264 Way: 1 Address: 0xb8004238
  Set: 265 Way: 0 Address: 0xb8004240
  Set: 270 Way: 0 Address: 0x1299343bd
  Set: 271 Way: 0 Address: 0x1299343e4
  Set: 281 Way: 0 Address: 0x12993467d
  Set: 282 Way: 0 Address: 0x1299346a4
  Set: 285 Way: 0 Address: 0x6b744748
  Set: 292 Way: 0 Address: 0x12993493d
  Set: 293 Way: 0 Address: 0x12993494f
  Set: 301 Way: 0 Address: 0x1ab44b5c
  Set: 302 Way: 0 Address: 0x1ab44ba0
  Set: 304 Way: 0 Address: 0x3c1074c20
  Set: 305 Way: 0 Address: 0x3c1074c50
  Set: 305 Way: 1 Address: 0x1ab44c40
  Set: 306 Way: 0 Address: 0x3c1074cb8
  Set: 307 Way: 0 Address: 0x3c1074cff
  Set: 308 Way: 0 Address: 0x3c1074d38
  Set: 309 Way: 0 Address: 0x3c1074d64
  Set: 310 Way: 0 Address: 0x3c1074db8
  Set: 310 Way: 1 Address: 0x6b744d80
  Set: 311 Way: 0 Address: 0x3c1074dc0
  Set: 312 Way: 0 Address: 0x3c1074e00
  Set: 313 Way: 0 Address: 0x3c1074e40
  Set: 314 Way: 0 Address: 0x397bb4e98
  Set: 314 Way: 1 Address: 0x129934e80
  Set: 314 Way: 2 Address: 0x3c1074e80
  Set: 315 Way: 0 Address: 0x129934ec0
  Set: 315 Way: 1 Address: 0x3c1074ec0
  Set: 316 Way: 0 Address: 0x3c1074f00
  Set: 317 Way: 0 Address: 0x3c1074f40
  Set: 318 Way: 0 Address: 0x3c1074f80
  Set: 319 Way: 0 Address: 0x3c1074fc0
  Set: 320 Way: 0 Address: 0x195f15010
  Set: 322 Way: 0 Address: 0x195f15080
  Set: 323 Way: 0 Address: 0x354d350f0
  Set: 324 Way: 0 Address: 0x272585130
  Set: 325 Way: 0 Address: 0x354d35168
  Set: 335 Way: 0 Address: 0x1b0f153c0
  Set: 348 Way: 0 Address: 0x57be5716
  Set: 353 Way: 0 Address: 0x1b0f15840
  Set: 361 Way: 0 Address: 0x272585a58
  Set: 380 Way: 0 Address: 0x34a0e5f00
  Set: 386 Way: 0 Address: 0x84896098
  Set: 392 Way: 0 Address: 0x3d87a6220
  Set: 403 Way: 0 Address: 0x2470064e0
  Set: 405 Way: 0 Address: 0x1b7ae6550
  Set: 408 Way: 0 Address: 0x27d4c6608
  Set: 411 Way: 0 Address: 0x437366c8
  Set: 417 Way: 0 Address: 0x27d4c6848
  Set: 420 Way: 0 Address: 0x3dae66930
  Set: 427 Way: 0 Address: 0x3dae66ad8
  Set: 427 Way: 1 Address: 0x211d16ae8
  Set: 428 Way: 0 Address: 0x3dae66b32
  Set: 429 Way: 0 Address: 0x211d16b68
  Set: 430 Way: 0 Address: 0x211d16b80
  Set: 449 Way: 0 Address: 0x358da7064
  Set: 451 Way: 0 Address: 0x3704c70f8
  Set: 452 Way: 0 Address: 0x3704c7110
  Set: 453 Way: 0 Address: 0x12c077160
  Set: 459 Way: 0 Address: 0x3098872fa
  Set: 460 Way: 0 Address: 0x30988733c
  Set: 461 Way: 0 Address: 0x309887344
  Set: 462 Way: 0 Address: 0x309887384
  Set: 462 Way: 1 Address: 0xbeea73b8
  Set: 462 Way: 2 Address: 0x3704c73b8
  Set: 463 Way: 0 Address: 0xbeea73c0
  Set: 463 Way: 1 Address: 0x3704c73d0
  Set: 471 Way: 0 Address: 0x2fbe975f0
  Set: 473 Way: 0 Address: 0x3704c7678
  Set: 474 Way: 0 Address: 0x3704c7690
  Set: 478 Way: 0 Address: 0x276ff77b0
  Set: 479 Way: 0 Address: 0x276ff77c4
  Set: 480 Way: 0 Address: 0x276ff7801
  Set: 480 Way: 1 Address: 0x2fbe97838
  Set: 481 Way: 0 Address: 0x276ff7841
  Set: 481 Way: 1 Address: 0x12c077850
  Set: 482 Way: 0 Address: 0x276ff7882
  Set: 483 Way: 0 Address: 0x276ff78c1
  Set: 484 Way: 0 Address: 0x3704c7938
  Set: 485 Way: 0 Address: 0x3704c7950
  Set: 489 Way: 0 Address: 0x276ff7a40
  Set: 490 Way: 0 Address: 0x276ff7a80
  Set: 491 Way: 0 Address: 0x276ff7ac0
  Set: 495 Way: 0 Address: 0x112417bfd
  Set: 496 Way: 0 Address: 0x112417c05
  Set: 500 Way: 0 Address: 0x276ff7d1f
  Set: 506 Way: 0 Address: 0x112417ebd
  Set: 506 Way: 1 Address: 0x3704c7e80
  Set: 507 Way: 0 Address: 0x3704c7ec0
  Set: 507 Way: 1 Address: 0x112417ed5
  Set: 516 Way: 0 Address: 0x3bdd7813f
  Set: 517 Way: 0 Address: 0x201598178
  Set: 517 Way: 1 Address: 0x3bdd7816b
  Set: 518 Way: 0 Address: 0x2c98981a9
  Set: 519 Way: 0 Address: 0x2c98981eb
  Set: 520 Way: 0 Address: 0xc7078230
  Set: 521 Way: 0 Address: 0xc7078240
  Set: 522 Way: 0 Address: 0x2db37828f
  Set: 527 Way: 0 Address: 0x3bdd783ff
  Set: 528 Way: 0 Address: 0x3bdd7842b
  Set: 529 Way: 0 Address: 0x2c9898464
  Set: 530 Way: 0 Address: 0x2c9898490
  Set: 538 Way: 0 Address: 0x3bdd786bf
  Set: 539 Way: 0 Address: 0x3bdd786eb
  Set: 541 Way: 0 Address: 0x2c9898755
  Set: 549 Way: 0 Address: 0x3bdd7897f
  Set: 550 Way: 0 Address: 0x3bdd789ab
  Set: 552 Way: 0 Address: 0x3fe58a0e
  Set: 559 Way: 0 Address: 0x16668be0
  Set: 560 Way: 0 Address: 0x3bdd78c29
  Set: 561 Way: 0 Address: 0x3bdd78c6b
  Set: 563 Way: 0 Address: 0x3fe58cd0
  Set: 571 Way: 0 Address: 0x3bdd78ec0
  Set: 572 Way: 0 Address: 0x3bdd78f00
  Set: 574 Way: 0 Address: 0x2c9898f80
  Set: 574 Way: 1 Address: 0x3fe58f90
  Set: 575 Way: 0 Address: 0x1aafb8fd8
  Set: 576 Way: 0 Address: 0xb84a9020
  Set: 580 Way: 0 Address: 0x292959106
  Set: 581 Way: 0 Address: 0x292959142
  Set: 582 Way: 0 Address: 0x312099180
  Set: 582 Way: 1 Address: 0x292959181
  Set: 583 Way: 0 Address: 0x2fa0c91f0
  Set: 583 Way: 1 Address: 0xb84a91f0
  Set: 583 Way: 2 Address: 0x3120991c1
  Set: 583 Way: 3 Address: 0x2929591c2
  Set: 584 Way: 0 Address: 0x2ee36921b
  Set: 584 Way: 1 Address: 0x2fa0c9228
  Set: 584 Way: 2 Address: 0x312099200
  Set: 584 Way: 3 Address: 0x292959201
  Set: 585 Way: 0 Address: 0x2ee369240
  Set: 585 Way: 1 Address: 0x312099242
  Set: 586 Way: 0 Address: 0x2ee369283
  Set: 586 Way: 1 Address: 0x312099285
  Set: 587 Way: 0 Address: 0x2ee3692c7
  Set: 587 Way: 1 Address: 0x3120992c1
  Set: 588 Way: 0 Address: 0x2ee369300
  Set: 588 Way: 1 Address: 0x312099307
  Set: 589 Way: 0 Address: 0x312099345
  Set: 590 Way: 0 Address: 0x312099383
  Set: 591 Way: 0 Address: 0x3120993c5
  Set: 592 Way: 0 Address: 0x31209943e
  Set: 593 Way: 0 Address: 0x312099449
  Set: 594 Way: 0 Address: 0x312099489
  Set: 595 Way: 0 Address: 0x3120994c7
  Set: 595 Way: 1 Address: 0x2929594e1
  Set: 596 Way: 0 Address: 0x292959500
  Set: 596 Way: 1 Address: 0x31209950b
  Set: 597 Way: 0 Address: 0x292959558
  Set: 598 Way: 0 Address: 0x292959582
  Set: 599 Way: 0 Address: 0x2929595c2
  Set: 600 Way: 0 Address: 0x292959605
  Set: 601 Way: 0 Address: 0x292959640
  Set: 602 Way: 0 Address: 0x292959680
  Set: 604 Way: 0 Address: 0x312099710
  Set: 605 Way: 0 Address: 0x379d39748
  Set: 609 Way: 0 Address: 0x5d6e9850
  Set: 612 Way: 0 Address: 0x312099900
  Set: 613 Way: 0 Address: 0x312099945
  Set: 614 Way: 0 Address: 0x312099982
  Set: 615 Way: 0 Address: 0x3120999c0
  Set: 617 Way: 0 Address: 0x312099a51
  Set: 618 Way: 0 Address: 0x312099a80
  Set: 619 Way: 0 Address: 0x312099ac2
  Set: 620 Way: 0 Address: 0x312099b03
  Set: 621 Way: 0 Address: 0x312099b45
  Set: 622 Way: 0 Address: 0x312099b83
  Set: 623 Way: 0 Address: 0x16a859be8
  Set: 625 Way: 0 Address: 0x312099c4d
  Set: 626 Way: 0 Address: 0x2c8749cac
  Set: 629 Way: 0 Address: 0x312099d79
  Set: 630 Way: 0 Address: 0x312099d81
  Set: 634 Way: 0 Address: 0x8a579e88
  Set: 640 Way: 0 Address: 0x229b9a000
  Set: 656 Way: 0 Address: 0x1e561a430
  Set: 657 Way: 0 Address: 0x1e561a440
  Set: 671 Way: 0 Address: 0x1d89da7f8
  Set: 671 Way: 1 Address: 0x223eda7d0
  Set: 672 Way: 0 Address: 0x223eda801
  Set: 673 Way: 0 Address: 0x223eda843
  Set: 683 Way: 0 Address: 0xc67daaf8
  Set: 688 Way: 0 Address: 0x1132fac00
  Set: 689 Way: 0 Address: 0x1132fac41
  Set: 690 Way: 0 Address: 0x1132fac80
  Set: 691 Way: 0 Address: 0x1132facc1
  Set: 703 Way: 0 Address: 0x8754affd
  Set: 707 Way: 0 Address: 0x3b377b0d2
  Set: 709 Way: 0 Address: 0x36889b160
  Set: 717 Way: 0 Address: 0x3b377b36b
  Set: 718 Way: 0 Address: 0x3b377b394
  Set: 728 Way: 0 Address: 0x3b377b63f
  Set: 729 Way: 0 Address: 0x3b377b654
  Set: 736 Way: 0 Address: 0x36889b838
  Set: 739 Way: 0 Address: 0x3b377b8ff
  Set: 740 Way: 0 Address: 0x3b377b914
  Set: 748 Way: 0 Address: 0xcf83bb00
  Set: 750 Way: 0 Address: 0xcf83bb80
  Set: 750 Way: 1 Address: 0x3b377bbbf
  Set: 751 Way: 0 Address: 0x3b377bbd4
  Set: 753 Way: 0 Address: 0xc0d9bc70
  Set: 754 Way: 0 Address: 0xc0d9bc81
  Set: 755 Way: 0 Address: 0xc0d9bcd0
  Set: 756 Way: 0 Address: 0xc0d9bd02
  Set: 757 Way: 0 Address: 0xc0d9bd41
  Set: 758 Way: 0 Address: 0xc0d9bd83
  Set: 759 Way: 0 Address: 0xc0d9bdc1
  Set: 760 Way: 0 Address: 0xc0d9be01
  Set: 761 Way: 0 Address: 0xc0d9be41
  Set: 761 Way: 1 Address: 0x3b377be7f
  Set: 762 Way: 0 Address: 0x3b377beab
  Set: 762 Way: 1 Address: 0xc0d9be81
  Set: 763 Way: 0 Address: 0xc0d9bec2
  Set: 764 Way: 0 Address: 0xc0d9bf04
  Set: 764 Way: 1 Address: 0x394edbf00
  Set: 764 Way: 2 Address: 0x28420bf28
  Set: 765 Way: 0 Address: 0x394edbf40
  Set: 765 Way: 1 Address: 0xc0d9bf43
  Set: 766 Way: 0 Address: 0xc0d9bf81
  Set: 767 Way: 0 Address: 0xc0d9bfc0
  Set: 768 Way: 0 Address: 0xdf85c000
  Set: 773 Way: 0 Address: 0x29484c170
  Set: 773 Way: 1 Address: 0x12c6fc168
  Set: 776 Way: 0 Address: 0x38e35c238
  Set: 777 Way: 0 Address: 0x38e35c248
  Set: 780 Way: 0 Address: 0x1ae2cc310
  Set: 782 Way: 0 Address: 0x1ae2cc3a0
  Set: 791 Way: 0 Address: 0x12c6fc5f8
  Set: 811 Way: 0 Address: 0x32f48caf0
  Set: 820 Way: 0 Address: 0x1ae2ccd24
  Set: 823 Way: 0 Address: 0x32502cde2
  Set: 824 Way: 0 Address: 0x32502ce02
  Set: 824 Way: 1 Address: 0x1ae2cce00
  Set: 832 Way: 0 Address: 0x1add018
  Set: 832 Way: 1 Address: 0x15164d020
  Set: 837 Way: 0 Address: 0xe51bd178
  Set: 841 Way: 0 Address: 0x23755d240
  Set: 868 Way: 0 Address: 0x1add930
  Set: 869 Way: 0 Address: 0x23755d950
  Set: 869 Way: 1 Address: 0x5588d968
  Set: 896 Way: 0 Address: 0x28b67e000
  Set: 898 Way: 0 Address: 0x2c077e0a6
  Set: 903 Way: 0 Address: 0x1c084e1c2
  Set: 903 Way: 1 Address: 0x3734ee1d0
  Set: 904 Way: 0 Address: 0x3734ee238
  Set: 905 Way: 0 Address: 0x3734ee248
  Set: 905 Way: 1 Address: 0x2f5d8e250
  Set: 906 Way: 0 Address: 0x3734ee2b8
  Set: 907 Way: 0 Address: 0x3734ee2e8
  Set: 908 Way: 0 Address: 0x3734ee328
  Set: 909 Way: 0 Address: 0x3734ee340
  Set: 910 Way: 0 Address: 0x3734ee380
  Set: 910 Way: 1 Address: 0x2db79e3b0
  Set: 911 Way: 0 Address: 0x3734ee3c0
  Set: 911 Way: 1 Address: 0x1c084e3fb
  Set: 912 Way: 0 Address: 0x3734ee400
  Set: 912 Way: 1 Address: 0x1c084e400
  Set: 912 Way: 2 Address: 0x20597e43c
  Set: 913 Way: 0 Address: 0x3734ee470
  Set: 916 Way: 0 Address: 0x3734ee508
  Set: 917 Way: 0 Address: 0x3734ee540
  Set: 917 Way: 1 Address: 0x20597e578
  Set: 918 Way: 0 Address: 0x3734ee580
  Set: 919 Way: 0 Address: 0x3734ee5c0
  Set: 920 Way: 0 Address: 0x3734ee618
  Set: 921 Way: 0 Address: 0x3734ee640
  Set: 922 Way: 0 Address: 0x3734ee68c
  Set: 923 Way: 0 Address: 0x3734ee6d0
  Set: 924 Way: 0 Address: 0x1f919e720
  Set: 924 Way: 1 Address: 0x3734ee730
  Set: 925 Way: 0 Address: 0x1f919e740
  Set: 925 Way: 1 Address: 0x3734ee760
  Set: 926 Way: 0 Address: 0x1f919e781
  Set: 926 Way: 1 Address: 0x3734ee790
  Set: 927 Way: 0 Address: 0x1f919e7c2
  Set: 927 Way: 1 Address: 0x28b67e7f8
  Set: 927 Way: 2 Address: 0x3734ee7ec
  Set: 928 Way: 0 Address: 0x1f919e802
  Set: 934 Way: 0 Address: 0x3734ee9a8
  Set: 935 Way: 0 Address: 0x3734ee9c0
  Set: 936 Way: 0 Address: 0x3734eea10
  Set: 939 Way: 0 Address: 0x3734eeac0
  Set: 940 Way: 0 Address: 0x3734eeb00
  Set: 940 Way: 1 Address: 0x7d0eeb10
  Set: 941 Way: 0 Address: 0x3734eeb40
  Set: 942 Way: 0 Address: 0x3734eeb80
  Set: 946 Way: 0 Address: 0x3734eec98
  Set: 950 Way: 0 Address: 0x7d0eed80
  Set: 960 Way: 0 Address: 0x143ef010
  Set: 968 Way: 0 Address: 0x23756f23a
  Set: 969 Way: 0 Address: 0x23756f250
  Set: 974 Way: 0 Address: 0x22272f3b0
  Set: 979 Way: 0 Address: 0x23756f4fa
  Set: 980 Way: 0 Address: 0x23756f510
  Set: 983 Way: 0 Address: 0x3567df5f8
  Set: 984 Way: 0 Address: 0x22272f600
  Set: 984 Way: 1 Address: 0x3567df610
  Set: 990 Way: 0 Address: 0x23756f7ba
  Set: 991 Way: 0 Address: 0x23756f7d0
  Set: 993 Way: 0 Address: 0xee86f870
  Set: 994 Way: 0 Address: 0xee86f881
  Set: 994 Way: 1 Address: 0x3567df8b8
  Set: 995 Way: 0 Address: 0xee86f8c3
  Set: 995 Way: 1 Address: 0x3567df8d0
  Set: 996 Way: 0 Address: 0xee86f906
  Set: 997 Way: 0 Address: 0x143ef950
  Set: 997 Way: 1 Address: 0xee86f946
  Set: 1001 Way: 0 Address: 0x23756fa7a
  Set: 1002 Way: 0 Address: 0xee86fa87
  Set: 1002 Way: 1 Address: 0x23756faa6
  Set: 1003 Way: 0 Address: 0xee86fac3
  Set: 1004 Way: 0 Address: 0xee86fb05
  Set: 1005 Way: 0 Address: 0xee86fb43
  Set: 1005 Way: 1 Address: 0x3567dfb78
  Set: 1006 Way: 0 Address: 0xee86fb80
  Set: 1006 Way: 1 Address: 0x3567dfb90
  Set: 1007 Way: 0 Address: 0xee86fbc1
  Set: 1008 Way: 0 Address: 0xee86fc03
  Set: 1009 Way: 0 Address: 0xee86fc41
  Set: 1010 Way: 0 Address: 0xee86fc82
  Set: 1011 Way: 0 Address: 0xee86fcc1
  Set: 1012 Way: 0 Address: 0xee86fd02
  Set: 1012 Way: 1 Address: 0x23756fd3a
  Set: 1013 Way: 0 Address: 0xee86fd41
  Set: 1013 Way: 1 Address: 0x23756fd66
  Set: 1016 Way: 0 Address: 0x3567dfe38
  Set: 1017 Way: 0 Address: 0x3567dfe50
  Set: 1019 Way: 0 Address: 0xee86fecf
  Set: 1020 Way: 0 Address: 0x16390ff38
  Set: 1020 Way: 1 Address: 0xee86ff27
  Set: 1021 Way: 0 Address: 0x16390ff40
  Set: 1021 Way: 1 Address: 0xee86ff43
  Set: 1022 Way: 0 Address: 0xee86ff80
  Set: 1023 Way: 0 Address: 0xee86ffc4
  Set: 1023 Way: 1 Address: 0x23756ffc0
EndCache
Cache: cpu0_L1I
  Set: 0 Way: 0 Address: 0x342b40010
  Set: 1 Way: 0 Address: 0x342b40040
  Set: 2 Way: 0 Address: 0x342b400b3
  Set: 3 Way: 0 Address: 0x28a9400ef
  Set: 4 Way: 0 Address: 0x28a940129
  Set: 4 Way: 1 Address: 0x292959135
  Set: 5 Way: 0 Address: 0x28a940146
  Set: 5 Way: 1 Address: 0x292959142
  Set: 6 Way: 0 Address: 0x28a9401a9
  Set: 6 Way: 1 Address: 0x3120991a8
  Set: 6 Way: 2 Address: 0x292959181
  Set: 7 Way: 0 Address: 0x1c084e1c2
  Set: 7 Way: 1 Address: 0x28a9401e2
  Set: 7 Way: 2 Address: 0x3120991da
  Set: 7 Way: 3 Address: 0x2929591c2
  Set: 8 Way: 0 Address: 0x2ee36921b
  Set: 8 Way: 1 Address: 0x342b40210
  Set: 8 Way: 2 Address: 0x28a940201
  Set: 8 Way: 3 Address: 0x312099222
  Set: 8 Way: 4 Address: 0x292959201
  Set: 9 Way: 0 Address: 0x2ee36927a
  Set: 9 Way: 1 Address: 0x342b40277
  Set: 9 Way: 2 Address: 0x312099242
  Set: 10 Way: 0 Address: 0x2ee369283
  Set: 10 Way: 1 Address: 0x342b40287
  Set: 10 Way: 2 Address: 0x31209929f
  Set: 11 Way: 0 Address: 0x2ee3692c7
  Set: 11 Way: 1 Address: 0x342b402c0
  Set: 11 Way: 2 Address: 0x3120992dc
  Set: 12 Way: 0 Address: 0x342b40300
  Set: 12 Way: 1 Address: 0x2ee369300
  Set: 12 Way: 2 Address: 0x312099307
  Set: 13 Way: 0 Address: 0x312099345
  Set: 14 Way: 0 Address: 0x3120993aa
  Set: 15 Way: 0 Address: 0x1c084e3fb
  Set: 15 Way: 1 Address: 0x3120993f2
  Set: 16 Way: 0 Address: 0x1c084e400
  Set: 16 Way: 1 Address: 0x31209943e
  Set: 17 Way: 0 Address: 0x342b4045f
  Set: 17 Way: 1 Address: 0x312099449
  Set: 18 Way: 0 Address: 0x342b40480
  Set: 18 Way: 1 Address: 0x3120994bc
  Set: 19 Way: 0 Address: 0x342b404c6
  Set: 19 Way: 1 Address: 0x3120994c7
  Set: 19 Way: 2 Address: 0x2929594e1
  Set: 20 Way: 0 Address: 0x29295952c
  Set: 20 Way: 1 Address: 0x342b40500
  Set: 20 Way: 2 Address: 0x31209950b
  Set: 21 Way: 0 Address: 0x292959558
  Set: 21 Way: 1 Address: 0x342b40541
  Set: 22 Way: 0 Address: 0x2929595ad
  Set: 23 Way: 0 Address: 0x2929595e6
  Set: 24 Way: 0 Address: 0x292959625
  Set: 25 Way: 0 Address: 0x292959640
  Set: 26 Way: 0 Address: 0x292959680
  Set: 26 Way: 1 Address: 0x342b406b5
  Set: 27 Way: 0 Address: 0x342b406e5
  Set: 28 Way: 0 Address: 0x1f919e720
  Set: 28 Way: 1 Address: 0x342b4072e
  Set: 28 Way: 2 Address: 0x312099710
  Set: 29 Way: 0 Address: 0x1f919e762
  Set: 29 Way: 1 Address: 0x342b40743
  Set: 30 Way: 0 Address: 0x1f919e7a6
  Set: 30 Way: 1 Address: 0x276ff77b0
  Set: 30 Way: 2 Address: 0x342b4079c
  Set: 31 Way: 0 Address: 0x1f919e7ed
  Set: 31 Way: 1 Address: 0x223eda7ea
  Set: 31 Way: 2 Address: 0x276ff77ef
  Set: 32 Way: 0 Address: 0x1f919e802
  Set: 32 Way: 1 Address: 0x223eda801
  Set: 32 Way: 2 Address: 0x276ff781e
  Set: 33 Way: 0 Address: 0x223eda843
  Set: 33 Way: 1 Address: 0xee86f870
  Set: 33 Way: 2 Address: 0x276ff7867
  Set: 34 Way: 0 Address: 0xee86f8b2
  Set: 34 Way: 1 Address: 0x276ff78ae
  Set: 35 Way: 0 Address: 0xee86f8e4
  Set: 35 Way: 1 Address: 0x276ff78db
  Set: 36 Way: 0 Address: 0xee86f906
  Set: 36 Way: 1 Address: 0x342b40900
  Set: 36 Way: 2 Address: 0x31209993a
  Set: 37 Way: 0 Address: 0xee86f969
  Set: 37 Way: 1 Address: 0x342b40968
  Set: 37 Way: 2 Address: 0x31209997d
  Set: 38 Way: 0 Address: 0x342b40980
  Set: 38 Way: 1 Address: 0x3120999b2
  Set: 39 Way: 0 Address: 0x3120999e1
  Set: 41 Way: 0 Address: 0x276ff7a6a
  Set: 41 Way: 1 Address: 0x312099a51
  Set: 42 Way: 0 Address: 0xee86fa87
  Set: 42 Way: 1 Address: 0x276ff7a80
  Set: 42 Way: 2 Address: 0x312099aa1
  Set: 42 Way: 3 Address: 0x28a940a90
  Set: 43 Way: 0 Address: 0xee86fac3
  Set: 43 Way: 1 Address: 0x276ff7ac0
  Set: 43 Way: 2 Address: 0x312099afe
  Set: 43 Way: 3 Address: 0x28a940ac3
  Set: 44 Way: 0 Address: 0xee86fb22
  Set: 44 Way: 1 Address: 0x312099b3e
  Set: 44 Way: 2 Address: 0x28a940b2d
  Set: 45 Way: 0 Address: 0xee86fb43
  Set: 45 Way: 1 Address: 0x312099b7b
  Set: 45 Way: 2 Address: 0x28a940b7e
  Set: 46 Way: 0 Address: 0xee86fba0
  Set: 46 Way: 1 Address: 0x342b40bb2
  Set: 46 Way: 2 Address: 0x312099b83
  Set: 46 Way: 3 Address: 0x28a940bb0
  Set: 47 Way: 0 Address: 0xee86fbdd
  Set: 47 Way: 1 Address: 0x342b40bf7
  Set: 47 Way: 2 Address: 0x28a940bf1
  Set: 48 Way: 0 Address: 0xee86fc19
  Set: 48 Way: 1 Address: 0x342b40c00
  Set: 48 Way: 2 Address: 0x1132fac30
  Set: 48 Way: 3 Address: 0x28a940c27
  Set: 49 Way: 0 Address: 0xee86fc65
  Set: 49 Way: 1 Address: 0xc0d9bc70
  Set: 49 Way: 2 Address: 0x312099c4d
  Set: 49 Way: 3 Address: 0x1132fac59
  Set: 49 Way: 4 Address: 0x28a940c43
  Set: 50 Way: 0 Address: 0xee86fc82
  Set: 50 Way: 1 Address: 0xc0d9bc81
  Set: 50 Way: 2 Address: 0x1132fac98
  Set: 50 Way: 3 Address: 0x28a940c8d
  Set: 51 Way: 0 Address: 0xee86fcf3
  Set: 51 Way: 1 Address: 0xc0d9bcfe
  Set: 51 Way: 2 Address: 0x1132facc1
  Set: 51 Way: 3 Address: 0x28a940cc1
  Set: 52 Way: 0 Address: 0x276ff7d1f
  Set: 52 Way: 1 Address: 0xee86fd02
  Set: 52 Way: 2 Address: 0xc0d9bd25
  Set: 52 Way: 3 Address: 0x28a940d31
  Set: 53 Way: 0 Address: 0xc0d9bd60
  Set: 53 Way: 1 Address: 0xee86fd41
  Set: 53 Way: 2 Address: 0x312099d79
  Set: 53 Way: 3 Address: 0x28a940d6b
  Set: 54 Way: 0 Address: 0xc0d9bd83
  Set: 54 Way: 1 Address: 0x312099d81
  Set: 54 Way: 2 Address: 0x28a940db5
  Set: 55 Way: 0 Address: 0xc0d9bde2
  Set: 55 Way: 1 Address: 0x32502cde2
  Set: 55 Way: 2 Address: 0x28a940df0
  Set: 56 Way: 0 Address: 0xc0d9be1f
  Set: 56 Way: 1 Address: 0x32502ce02
  Set: 56 Way: 2 Address: 0x28a940e02
  Set: 57 Way: 0 Address: 0xc0d9be73
  Set: 57 Way: 1 Address: 0x28a940e61
  Set: 58 Way: 0 Address: 0xc0d9beb5
  Set: 58 Way: 1 Address: 0x28a940e81
  Set: 59 Way: 0 Address: 0xc0d9bef7
  Set: 59 Way: 1 Address: 0xee86fecf
  Set: 60 Way: 0 Address: 0xc0d9bf39
  Set: 60 Way: 1 Address: 0xee86ff27
  Set: 61 Way: 0 Address: 0xc0d9bf7d
  Set: 61 Way: 1 Address: 0xee86ff62
  Set: 62 Way: 0 Address: 0xc0d9bfb6
  Set: 62 Way: 1 Address: 0xee86ffa4
  Set: 63 Way: 0 Address: 0xc0d9bfc0
  Set: 63 Way: 1 Address: 0xee86ffee
EndCache
Cache: cpu0_L1D
  Set: 0 Way: 0 Address: 0xdf85c000
  Set: 0 Way: 1 Address: 0x28b67e000
  Set: 0 Way: 2 Address: 0x229b9a000
  Set: 0 Way: 3 Address: 0x195f15010
  Set: 0 Way: 4 Address: 0x143ef010
  Set: 0 Way: 5 Address: 0x2b2e93010
  Set: 0 Way: 6 Address: 0x1add018
  Set: 0 Way: 7 Address: 0x133c92018
  Set: 0 Way: 8 Address: 0x25771302d
  Set: 0 Way: 9 Address: 0xb84a9020
  Set: 0 Way: 10 Address: 0x15164d020
  Set: 0 Way: 11 Address: 0x1995f2000
  Set: 1 Way: 0 Address: 0x113201068
  Set: 1 Way: 1 Address: 0x3de4d4070
  Set: 1 Way: 2 Address: 0x133c92078
  Set: 1 Way: 3 Address: 0x3232f3078
  Set: 1 Way: 4 Address: 0x1c84e207f
  Set: 1 Way: 5 Address: 0x358da706a
  Set: 2 Way: 0 Address: 0x195f15080
  Set: 2 Way: 1 Address: 0x263c13080
  Set: 2 Way: 2 Address: 0x1c84e20a0
  Set: 2 Way: 3 Address: 0x84896098
  Set: 2 Way: 4 Address: 0x2c077e0a6
  Set: 3 Way: 0 Address: 0x354d350f0
  Set: 3 Way: 1 Address: 0x3b377b0d0
  Set: 3 Way: 2 Address: 0x3704c70f8
  Set: 3 Way: 3 Address: 0x1299340fb
  Set: 4 Way: 0 Address: 0x12993411f
  Set: 4 Way: 1 Address: 0x272585130
  Set: 4 Way: 2 Address: 0x3704c7110
  Set: 4 Way: 3 Address: 0x3bdd7813b
  Set: 5 Way: 0 Address: 0x29484c170
  Set: 5 Way: 1 Address: 0x201598178
  Set: 5 Way: 2 Address: 0x12c6fc168
  Set: 5 Way: 3 Address: 0x3bdd78167
  Set: 5 Way: 4 Address: 0xe51bd178
  Set: 5 Way: 5 Address: 0x354d35168
  Set: 5 Way: 6 Address: 0x36889b160
  Set: 5 Way: 7 Address: 0x12c077160
  Set: 5 Way: 8 Address: 0x14bb1017f
  Set: 6 Way: 0 Address: 0x3c56b3198
  Set: 6 Way: 1 Address: 0x14bb10191
  Set: 6 Way: 2 Address: 0x2c98981a4
  Set: 7 Way: 0 Address: 0x2c98981e7
  Set: 7 Way: 1 Address: 0x3c56b31c8
  Set: 7 Way: 2 Address: 0x2fa0c91f0
  Set: 7 Way: 3 Address: 0xb84a91f0
  Set: 7 Way: 4 Address: 0x3734ee1f0
  Set: 7 Way: 5 Address: 0x2177f01fe
  Set: 8 Way: 0 Address: 0x3734ee238
  Set: 8 Way: 1 Address: 0x3de4d4230
  Set: 8 Way: 2 Address: 0xc7078230
  Set: 8 Way: 3 Address: 0xb8004238
  Set: 8 Way: 4 Address: 0x38e35c238
  Set: 8 Way: 5 Address: 0x2177f0228
  Set: 8 Way: 6 Address: 0x1064c2220
  Set: 8 Way: 7 Address: 0x3d87a6220
  Set: 8 Way: 8 Address: 0x2fa0c9228
  Set: 8 Way: 9 Address: 0x23756f23b
  Set: 9 Way: 0 Address: 0xb8004240
  Set: 9 Way: 1 Address: 0x3734ee278
  Set: 9 Way: 2 Address: 0xc7078240
  Set: 9 Way: 3 Address: 0x23755d240
  Set: 9 Way: 4 Address: 0x2f5d8e250
  Set: 9 Way: 5 Address: 0x3232f3258
  Set: 9 Way: 6 Address: 0x1064c2258
  Set: 9 Way: 7 Address: 0x38e35c248
  Set: 9 Way: 8 Address: 0x1c6532248
  Set: 9 Way: 9 Address: 0x23756f257
  Set: 10 Way: 0 Address: 0x3734ee2b8
  Set: 10 Way: 1 Address: 0x2db378296
  Set: 10 Way: 2 Address: 0x1995f22bf
  Set: 10 Way: 3 Address: 0x2577132bf
  Set: 11 Way: 0 Address: 0x3734ee2e8
  Set: 11 Way: 1 Address: 0x2577132ed
  Set: 11 Way: 2 Address: 0x3098872fa
  Set: 11 Way: 3 Address: 0x1995f22d2
  Set: 12 Way: 0 Address: 0x3734ee328
  Set: 12 Way: 1 Address: 0x30988730a
  Set: 12 Way: 2 Address: 0x1ae2cc310
  Set: 12 Way: 3 Address: 0x1c84e233f
  Set: 13 Way: 0 Address: 0x1c84e2362
  Set: 13 Way: 1 Address: 0x3734ee340
  Set: 13 Way: 2 Address: 0x30988734c
  Set: 13 Way: 3 Address: 0x3b377b369
  Set: 14 Way: 0 Address: 0x3734ee3b0
  Set: 14 Way: 1 Address: 0x309887384
  Set: 14 Way: 2 Address: 0x22272f3b0
  Set: 14 Way: 3 Address: 0x2db79e3b0
  Set: 14 Way: 4 Address: 0xbeea73b8
  Set: 14 Way: 5 Address: 0x1ae2cc3a0
  Set: 14 Way: 6 Address: 0x3b377b392
  Set: 14 Way: 7 Address: 0x3704c73b8
  Set: 14 Way: 8 Address: 0x1299343b8
  Set: 15 Way: 0 Address: 0x1299343df
  Set: 15 Way: 1 Address: 0x3734ee3c0
  Set: 15 Way: 2 Address: 0xbeea73c0
  Set: 15 Way: 3 Address: 0x1b0f153c0
  Set: 15 Way: 4 Address: 0x3704c73d0
  Set: 15 Way: 5 Address: 0x3bdd783fb
  Set: 16 Way: 0 Address: 0x3734ee400
  Set: 16 Way: 1 Address: 0x3bdd78427
  Set: 16 Way: 2 Address: 0x20597e43c
  Set: 16 Way: 3 Address: 0x168ef0400
  Set: 16 Way: 4 Address: 0x1e561a430
  Set: 16 Way: 5 Address: 0x14bb1043f
  Set: 17 Way: 0 Address: 0x3734ee448
  Set: 17 Way: 1 Address: 0x168ef0478
  Set: 17 Way: 2 Address: 0x1e561a440
  Set: 17 Way: 3 Address: 0x14bb10451
  Set: 17 Way: 4 Address: 0x2c989846b
  Set: 18 Way: 0 Address: 0x2c9898496
  Set: 18 Way: 1 Address: 0x2177f04ba
  Set: 19 Way: 0 Address: 0x2177f04e8
  Set: 19 Way: 1 Address: 0x2470064e0
  Set: 19 Way: 2 Address: 0x23756f4ff
  Set: 20 Way: 0 Address: 0x3734ee508
  Set: 20 Way: 1 Address: 0x23756f517
  Set: 21 Way: 0 Address: 0x3734ee540
  Set: 21 Way: 1 Address: 0x20597e574
  Set: 21 Way: 2 Address: 0x1b7ae6550
  Set: 21 Way: 3 Address: 0x1995f257e
  Set: 21 Way: 4 Address: 0x25771357e
  Set: 22 Way: 0 Address: 0x3c56b35b1
  Set: 22 Way: 1 Address: 0x2577135ad
  Set: 22 Way: 2 Address: 0x3734ee580
  Set: 22 Way: 3 Address: 0x1995f2594
  Set: 23 Way: 0 Address: 0x3c56b35c1
  Set: 23 Way: 1 Address: 0x12c6fc5f8
  Set: 23 Way: 2 Address: 0x6e6205f8
  Set: 23 Way: 3 Address: 0x3734ee5c0
  Set: 23 Way: 4 Address: 0xa3a525f0
  Set: 23 Way: 5 Address: 0x2fbe975f0
  Set: 23 Way: 6 Address: 0x1c84e25ff
  Set: 23 Way: 7 Address: 0x3567df5f8
  Set: 24 Way: 0 Address: 0x3c56b3605
  Set: 24 Way: 1 Address: 0x1c84e2624
  Set: 24 Way: 2 Address: 0x6e620600
  Set: 24 Way: 3 Address: 0x22272f600
  Set: 24 Way: 4 Address: 0x3734ee630
  Set: 24 Way: 5 Address: 0x168ef0634
  Set: 24 Way: 6 Address: 0x3567df610
  Set: 24 Way: 7 Address: 0x27d4c6608
  Set: 24 Way: 8 Address: 0xa3a52608
  Set: 24 Way: 9 Address: 0x3b377b63d
  Set: 25 Way: 0 Address: 0x3734ee640
  Set: 25 Way: 1 Address: 0x3b377b650
  Set: 25 Way: 2 Address: 0x3704c7678
  Set: 25 Way: 3 Address: 0x129934679
  Set: 26 Way: 0 Address: 0x12993469f
  Set: 26 Way: 1 Address: 0x3734ee68c
  Set: 26 Way: 2 Address: 0x3704c7690
  Set: 26 Way: 3 Address: 0x3bdd786bb
  Set: 27 Way: 0 Address: 0x3c56b36c0
  Set: 27 Way: 1 Address: 0x437366c8
  Set: 27 Way: 2 Address: 0x3bdd786e7
  Set: 27 Way: 3 Address: 0x3734ee6d0
  Set: 27 Way: 4 Address: 0x14bb106ff
  Set: 28 Way: 0 Address: 0x3c56b3700
  Set: 28 Way: 1 Address: 0x3734ee728
  Set: 28 Way: 2 Address: 0x57be5716
  Set: 28 Way: 3 Address: 0x14bb10711
  Set: 29 Way: 0 Address: 0x3c56b3740
  Set: 29 Way: 1 Address: 0x3734ee774
  Set: 29 Way: 2 Address: 0x6b744748
  Set: 29 Way: 3 Address: 0x379d39748
  Set: 29 Way: 4 Address: 0x2c9898750
  Set: 29 Way: 5 Address: 0x2177f077a
  Set: 30 Way: 0 Address: 0x3c56b3780
  Set: 30 Way: 1 Address: 0x3734ee790
  Set: 30 Way: 2 Address: 0x2177f07a8
  Set: 30 Way: 3 Address: 0x23756f7bf
  Set: 31 Way: 0 Address: 0x28b67e7f8
  Set: 31 Way: 1 Address: 0x1d89da7f8
  Set: 31 Way: 2 Address: 0x3734ee7e4
  Set: 31 Way: 3 Address: 0x23756f7d7
  Set: 32 Way: 0 Address: 0x2fbe97838
  Set: 32 Way: 1 Address: 0x36889b838
  Set: 32 Way: 2 Address: 0x1995f283f
  Set: 32 Way: 3 Address: 0x25771382a
  Set: 33 Way: 0 Address: 0x1b0f15840
  Set: 33 Way: 1 Address: 0x3b0803840
  Set: 33 Way: 2 Address: 0x27d4c6848
  Set: 33 Way: 3 Address: 0x25771386d
  Set: 33 Way: 4 Address: 0x1995f2852
  Set: 33 Way: 5 Address: 0x12c077850
  Set: 33 Way: 6 Address: 0x5d6e9850
  Set: 34 Way: 0 Address: 0x1c84e28bf
  Set: 34 Way: 1 Address: 0x3567df8b8
  Set: 35 Way: 0 Address: 0x1c84e28e4
  Set: 35 Way: 1 Address: 0x31be128d0
  Set: 35 Way: 2 Address: 0x3567df8d0
  Set: 35 Way: 3 Address: 0x3b377b8fb
  Set: 36 Way: 0 Address: 0x2b2e93930
  Set: 36 Way: 1 Address: 0x1add930
  Set: 36 Way: 2 Address: 0x3dae66930
  Set: 36 Way: 3 Address: 0x3b377b910
  Set: 36 Way: 4 Address: 0x3704c7938
  Set: 36 Way: 5 Address: 0x129934939
  Set: 37 Way: 0 Address: 0x23755d950
  Set: 37 Way: 1 Address: 0x143ef950
  Set: 37 Way: 2 Address: 0x5588d968
  Set: 37 Way: 3 Address: 0x31be12948
  Set: 37 Way: 4 Address: 0x3704c7950
  Set: 37 Way: 5 Address: 0x129934955
  Set: 37 Way: 6 Address: 0x3bdd7897b
  Set: 38 Way: 0 Address: 0x3bdd789a7
  Set: 38 Way: 1 Address: 0x3734ee9b8
  Set: 38 Way: 2 Address: 0x14bb109bf
  Set: 39 Way: 0 Address: 0x14bb109e8
  Set: 39 Way: 1 Address: 0x3734ee9d8
  Set: 40 Way: 0 Address: 0x3734eea08
  Set: 40 Way: 1 Address: 0x3fe58a12
  Set: 40 Way: 2 Address: 0x2177f0a3a
  Set: 41 Way: 0 Address: 0x2a4841a58
  Set: 41 Way: 1 Address: 0x2177f0a68
  Set: 41 Way: 2 Address: 0x272585a58
  Set: 41 Way: 3 Address: 0x23756fa7f
  Set: 42 Way: 0 Address: 0x23756faad
  Set: 43 Way: 0 Address: 0x3dae66ad8
  Set: 43 Way: 1 Address: 0x211d16ae8
  Set: 43 Way: 2 Address: 0x34a873af8
  Set: 43 Way: 3 Address: 0xc67daaf8
  Set: 43 Way: 4 Address: 0x32f48caf0
  Set: 43 Way: 5 Address: 0x31be12af8
  Set: 43 Way: 6 Address: 0x3734eeac0
  Set: 43 Way: 7 Address: 0x1995f2aff
  Set: 43 Way: 8 Address: 0x257713aea
  Set: 44 Way: 0 Address: 0x3dae66b32
  Set: 44 Way: 1 Address: 0x257713b2d
  Set: 44 Way: 2 Address: 0xcf83bb00
  Set: 44 Way: 3 Address: 0x34a873b00
  Set: 44 Way: 4 Address: 0x260091b10
  Set: 44 Way: 5 Address: 0x3734eeb00
  Set: 44 Way: 6 Address: 0x7d0eeb10
  Set: 44 Way: 7 Address: 0x1995f2b12
  Set: 45 Way: 0 Address: 0x211d16b68
  Set: 45 Way: 1 Address: 0x181c81b68
  Set: 45 Way: 2 Address: 0x168ef0b44
  Set: 45 Way: 3 Address: 0x3734eeb40
  Set: 45 Way: 4 Address: 0x1ab44b5c
  Set: 45 Way: 5 Address: 0x3567dfb78
  Set: 45 Way: 6 Address: 0x1c84e2b7b
  Set: 46 Way: 0 Address: 0x1c84e2ba4
  Set: 46 Way: 1 Address: 0x211d16b80
  Set: 46 Way: 2 Address: 0xcf83bb80
  Set: 46 Way: 3 Address: 0x3734eeb80
  Set: 46 Way: 4 Address: 0x1ab44ba0
  Set: 46 Way: 5 Address: 0x3567dfb90
  Set: 46 Way: 6 Address: 0x3b377bbbb
  Set: 47 Way: 0 Address: 0x62d12bf6
  Set: 47 Way: 1 Address: 0x16a859be8
  Set: 47 Way: 2 Address: 0x16668be0
  Set: 47 Way: 3 Address: 0x3b377bbd0
  Set: 47 Way: 4 Address: 0x112417bff
  Set: 48 Way: 0 Address: 0x3c1074c20
  Set: 48 Way: 1 Address: 0x112417c09
  Set: 48 Way: 2 Address: 0x3bdd78c24
  Set: 49 Way: 0 Address: 0x3c1074c50
  Set: 49 Way: 1 Address: 0x1ab44c40
  Set: 49 Way: 2 Address: 0x3bdd78c67
  Set: 49 Way: 3 Address: 0x14bb10c7f
  Set: 50 Way: 0 Address: 0x3c1074c98
  Set: 50 Way: 1 Address: 0x14bb10ca8
  Set: 50 Way: 2 Address: 0x2c8749cac
  Set: 50 Way: 3 Address: 0x3734eec98
  Set: 51 Way: 0 Address: 0x3c1074cff
  Set: 51 Way: 1 Address: 0x34a873cf0
  Set: 51 Way: 2 Address: 0x19c791cf0
  Set: 51 Way: 3 Address: 0x3fe58cd4
  Set: 51 Way: 4 Address: 0x2177f0cfa
  Set: 52 Way: 0 Address: 0x3c1074d08
  Set: 52 Way: 1 Address: 0x2177f0d28
  Set: 52 Way: 2 Address: 0x1ae2ccd24
  Set: 52 Way: 3 Address: 0x23756fd3f
  Set: 53 Way: 0 Address: 0x3c1074d68
  Set: 53 Way: 1 Address: 0x23756fd6d
  Set: 54 Way: 0 Address: 0x3c1074d80
  Set: 54 Way: 1 Address: 0x7d0eed80
  Set: 54 Way: 2 Address: 0x6b744d80
  Set: 54 Way: 3 Address: 0x1995f2dbf
  Set: 54 Way: 4 Address: 0x257713daa
  Set: 55 Way: 0 Address: 0x1995f2de0
  Set: 55 Way: 1 Address: 0x3c1074dc7
  Set: 55 Way: 2 Address: 0x257713dc0
  Set: 56 Way: 0 Address: 0x6d0c2e00
  Set: 56 Way: 1 Address: 0x3c1074e37
  Set: 56 Way: 2 Address: 0x1ae2cce00
  Set: 56 Way: 3 Address: 0x1c84e2e00
  Set: 56 Way: 4 Address: 0x3567dfe38
  Set: 57 Way: 0 Address: 0x1c84e2e64
  Set: 57 Way: 1 Address: 0x3567dfe50
  Set: 57 Way: 2 Address: 0x6d0c2e50
  Set: 57 Way: 3 Address: 0x3b377be7b
  Set: 57 Way: 4 Address: 0x3c1074e47
  Set: 58 Way: 0 Address: 0x397bb4e98
  Set: 58 Way: 1 Address: 0x3b377bea6
  Set: 58 Way: 2 Address: 0x19c791e90
  Set: 58 Way: 3 Address: 0x260091e90
  Set: 58 Way: 4 Address: 0x8a579e88
  Set: 58 Way: 5 Address: 0x112417ebe
  Set: 58 Way: 6 Address: 0x3704c7e80
  Set: 58 Way: 7 Address: 0x129934e80
  Set: 58 Way: 8 Address: 0x3c1074e87
  Set: 59 Way: 0 Address: 0x129934ec0
  Set: 59 Way: 1 Address: 0x6d0c2ec0
  Set: 59 Way: 2 Address: 0x3704c7ec0
  Set: 59 Way: 3 Address: 0x112417ed6
  Set: 59 Way: 4 Address: 0x3bdd78ec0
  Set: 59 Way: 5 Address: 0x3c1074ec7
  Set: 60 Way: 0 Address: 0x9cff2f20
  Set: 60 Way: 1 Address: 0xf6e81f38
  Set: 60 Way: 2 Address: 0x16390ff38
  Set: 60 Way: 3 Address: 0x3bdd78f00
  Set: 60 Way: 4 Address: 0x394edbf00
  Set: 60 Way: 5 Address: 0x34a0e5f00
  Set: 60 Way: 6 Address: 0x28420bf28
  Set: 60 Way: 7 Address: 0x14bb10f00
  Set: 60 Way: 8 Address: 0x3c1074f07
  Set: 61 Way: 0 Address: 0x16390ff40
  Set: 61 Way: 1 Address: 0x394edbf40
  Set: 61 Way: 2 Address: 0x14bb10f68
  Set: 61 Way: 3 Address: 0x3c1074f47
  Set: 62 Way: 0 Address: 0x2c9898f80
  Set: 62 Way: 1 Address: 0x3fe58f96
  Set: 62 Way: 2 Address: 0x2177f0f80
  Set: 62 Way: 3 Address: 0x3c1074f87
  Set: 63 Way: 0 Address: 0x2a4841fd8
  Set: 63 Way: 1 Address: 0x1aafb8fd8
  Set: 63 Way: 2 Address: 0x9cff2fd8
  Set: 63 Way: 3 Address: 0xf6e81fd8
  Set: 63 Way: 4 Address: 0x2177f0fc0
  Set: 63 Way: 5 Address: 0x168ef0fd0
  Set: 63 Way: 6 Address: 0x8754afff
  Set: 63 Way: 7 Address: 0x23756ffc0
  Set: 63 Way: 8 Address: 0x3c1074fc7
EndCache
Cache: cpu0_ITLB
  Set: 2 Way: 0 Address: 0x40281e
  Set: 3 Way: 0 Address: 0x4031c2
  Set: 4 Way: 0 Address: 0x444b7b
  Set: 4 Way: 1 Address: 0x404c98
  Set: 5 Way: 0 Address: 0x4450ef
  Set: 6 Way: 0 Address: 0x446640
  Set: 8 Way: 0 Address: 0x44827a
  Set: 10 Way: 0 Address: 0x44a8e4
  Set: 11 Way: 0 Address: 0x44b040
  Set: 13 Way: 0 Address: 0x40d802
  Set: 14 Way: 0 Address: 0x40e801
  Set: 14 Way: 1 Address: 0x43ee02
  Set: 15 Way: 0 Address: 0x40fc81
EndCache
Cache: cpu0_DTLB
  Set: 0 Way: 0 Address: 0x27b070a
  Set: 0 Way: 1 Address: 0x2770c94
  Set: 0 Way: 2 Address: 0x2760a58
  Set: 0 Way: 3 Address: 0x21e03a0
  Set: 1 Way: 0 Address: 0x7fd2fa6c1296
  Set: 2 Way: 0 Address: 0x27d20a6
  Set: 2 Way: 1 Address: 0x2762178
  Set: 4 Way: 0 Address: 0x21e45c1
  Set: 5 Way: 0 Address: 0x21e54e0
  Set: 6 Way: 0 Address: 0x526968
  Set: 6 Way: 1 Address: 0x7fd2fa676ea6
  Set: 7 Way: 0 Address: 0x21e7ec0
  Set: 7 Way: 1 Address: 0x7ffedb247d28
  Set: 7 Way: 2 Address: 0x7fd2fa677167
  Set: 7 Way: 3 Address: 0x7fd2fa707cd4
  Set: 8 Way: 0 Address: 0x7ffedb248238
  Set: 8 Way: 1 Address: 0x21e80f0
  Set: 8 Way: 2 Address: 0x7fd2fa6781e7
  Set: 8 Way: 3 Address: 0x7fd2fa708aad
  Set: 9 Way: 0 Address: 0x7fd2fa70902d
  Set: 9 Way: 1 Address: 0x26e9440
  Set: 9 Way: 2 Address: 0x7ffedb249550
  Set: 10 Way: 0 Address: 0x52aad8
  Set: 10 Way: 1 Address: 0x7fd2fa70a06a
  Set: 11 Way: 0 Address: 0x21fb30a
  Set: 12 Way: 0 Address: 0x7fd2fa37ce50
  Set: 12 Way: 1 Address: 0x7fd2fa62cfff
  Set: 13 Way: 0 Address: 0x7fd2fa62dde0
  Set: 13 Way: 1 Address: 0x275dc40
  Set: 13 Way: 2 Address: 0x276d43c
  Set: 13 Way: 3 Address: 0x7fd2fa37d950
  Set: 14 Way: 0 Address: 0x7fd2fa62ee64
  Set: 14 Way: 1 Address: 0x279ebf6
  Set: 14 Way: 2 Address: 0x275eaf8
  Set: 14 Way: 3 Address: 0x7fd2fa6beed6
  Set: 15 Way: 0 Address: 0x7fd2fa62f11f
  Set: 15 Way: 1 Address: 0x7fd2fa6bf9e8
  Set: 15 Way: 2 Address: 0x275ffd0
EndCache
Cache: LLC
  Set: 0 Way: 0 Address: 0x342b40010
  Set: 1 Way: 0 Address: 0x342b40040
  Set: 2 Way: 0 Address: 0x342b40080
  Set: 3 Way: 0 Address: 0x342b400c0
  Set: 3 Way: 1 Address: 0x28a9400ef
  Set: 4 Way: 0 Address: 0x28a940105
  Set: 5 Way: 0 Address: 0x28a940140
  Set: 6 Way: 0 Address: 0x28a940180
  Set: 7 Way: 0 Address: 0x28a9401c0
  Set: 8 Way: 0 Address: 0x342b40210
  Set: 8 Way: 1 Address: 0x28a940201
  Set: 9 Way: 0 Address: 0x342b40241
  Set: 9 Way: 1 Address: 0x28a940240
  Set: 10 Way: 0 Address: 0x342b40287
  Set: 11 Way: 0 Address: 0x342b402c0
  Set: 12 Way: 0 Address: 0x342b40300
  Set: 13 Way: 0 Address: 0x342b40340
  Set: 17 Way: 0 Address: 0x342b4045f
  Set: 18 Way: 0 Address: 0x342b40480
  Set: 19 Way: 0 Address: 0x342b404c6
  Set: 20 Way: 0 Address: 0x342b40500
  Set: 21 Way: 0 Address: 0x342b40541
  Set: 22 Way: 0 Address: 0x342b40580
  Set: 23 Way: 0 Address: 0x6e6205f8
  Set: 24 Way: 0 Address: 0x6e620600
  Set: 26 Way: 0 Address: 0x342b406b5
  Set: 27 Way: 0 Address: 0x342b406c3
  Set: 28 Way: 0 Address: 0x342b40702
  Set: 29 Way: 0 Address: 0x342b40740
  Set: 30 Way: 0 Address: 0x342b40780
  Set: 31 Way: 0 Address: 0x342b407c0
  Set: 36 Way: 0 Address: 0x342b40900
  Set: 37 Way: 0 Address: 0x342b40940
  Set: 38 Way: 0 Address: 0x342b40980
  Set: 39 Way: 0 Address: 0x342b409c0
  Set: 42 Way: 0 Address: 0x28a940a90
  Set: 43 Way: 0 Address: 0x28a940ac3
  Set: 44 Way: 0 Address: 0x28a940b00
  Set: 45 Way: 0 Address: 0x28a940b43
  Set: 46 Way: 0 Address: 0x342b40bb2
  Set: 46 Way: 1 Address: 0x28a940b82
  Set: 47 Way: 0 Address: 0x342b40bc1
  Set: 47 Way: 1 Address: 0x28a940bc0
  Set: 48 Way: 0 Address: 0x342b40c00
  Set: 48 Way: 1 Address: 0x28a940c01
  Set: 49 Way: 0 Address: 0x342b40c40
  Set: 49 Way: 1 Address: 0x28a940c43
  Set: 50 Way: 0 Address: 0x28a940c85
  Set: 51 Way: 0 Address: 0x28a940cc0
  Set: 52 Way: 0 Address: 0x28a940d00
  Set: 53 Way: 0 Address: 0x28a940d41
  Set: 54 Way: 0 Address: 0x28a940d82
  Set: 55 Way: 0 Address: 0x28a940dc0
  Set: 56 Way: 0 Address: 0x28a940e00
  Set: 57 Way: 0 Address: 0x28a940e41
  Set: 58 Way: 0 Address: 0x28a940e80
  Set: 59 Way: 0 Address: 0x28a940ec0
  Set: 65 Way: 0 Address: 0x113201068
  Set: 105 Way: 0 Address: 0x2a4841a58
  Set: 109 Way: 0 Address: 0x181c81b68
  Set: 124 Way: 0 Address: 0xf6e81f38
  Set: 127 Way: 0 Address: 0x2a4841fd8
  Set: 127 Way: 1 Address: 0xf6e81fd8
  Set: 129 Way: 0 Address: 0x1c84e207f
  Set: 130 Way: 0 Address: 0x1c84e20a4
  Set: 136 Way: 0 Address: 0x1064c2220
  Set: 137 Way: 0 Address: 0x1064c2258
  Set: 140 Way: 0 Address: 0x1c84e233f
  Set: 141 Way: 0 Address: 0x1c84e2364
  Set: 151 Way: 0 Address: 0x1c84e25ff
  Set: 152 Way: 0 Address: 0x1c84e2624
  Set: 162 Way: 0 Address: 0x1c84e2880
  Set: 163 Way: 0 Address: 0x1c84e28e4
  Set: 173 Way: 0 Address: 0x1c84e2b40
  Set: 174 Way: 0 Address: 0x1c84e2ba4
  Set: 184 Way: 0 Address: 0x6d0c2e00
  Set: 184 Way: 1 Address: 0x1c84e2e00
  Set: 185 Way: 0 Address: 0x1c84e2e64
  Set: 185 Way: 1 Address: 0x6d0c2e50
  Set: 187 Way: 0 Address: 0x6d0c2ec0
  Set: 225 Way: 0 Address: 0x3b0803840
  Set: 264 Way: 0 Address: 0xb8004238
  Set: 265 Way: 0 Address: 0xb8004240
  Set: 285 Way: 0 Address: 0x6b744748
  Set: 301 Way: 0 Address: 0x1ab44b5c
  Set: 302 Way: 0 Address: 0x1ab44ba0
  Set: 305 Way: 0 Address: 0x1ab44c40
  Set: 310 Way: 0 Address: 0x6b744d80
  Set: 324 Way: 0 Address: 0x272585130
  Set: 348 Way: 0 Address: 0x57be5716
  Set: 361 Way: 0 Address: 0x272585a58
  Set: 380 Way: 0 Address: 0x34a0e5f00
  Set: 392 Way: 0 Address: 0x3d87a6220
  Set: 403 Way: 0 Address: 0x2470064e0
  Set: 405 Way: 0 Address: 0x1b7ae6550
  Set: 408 Way: 0 Address: 0x27d4c6608
  Set: 417 Way: 0 Address: 0x27d4c6848
  Set: 420 Way: 0 Address: 0x3dae66930
  Set: 427 Way: 0 Address: 0x3dae66ad8
  Set: 428 Way: 0 Address: 0x3dae66b32
  Set: 449 Way: 0 Address: 0x358da7064
  Set: 451 Way: 0 Address: 0x3704c70f8
  Set: 452 Way: 0 Address: 0x3704c7110
  Set: 459 Way: 0 Address: 0x3098872fa
  Set: 460 Way: 0 Address: 0x30988733c
  Set: 461 Way: 0 Address: 0x309887344
  Set: 462 Way: 0 Address: 0x309887384
  Set: 462 Way: 1 Address: 0xbeea73b8
  Set: 462 Way: 2 Address: 0x3704c73b8
  Set: 463 Way: 0 Address: 0xbeea73c0
  Set: 463 Way: 1 Address: 0x3704c73d0
  Set: 473 Way: 0 Address: 0x3704c7678
  Set: 474 Way: 0 Address: 0x3704c7690
  Set: 484 Way: 0 Address: 0x3704c7938
  Set: 485 Way: 0 Address: 0x3704c7950
  Set: 506 Way: 0 Address: 0x3704c7e80
  Set: 507 Way: 0 Address: 0x3704c7ec0
  Set: 559 Way: 0 Address: 0x16668be0
  Set: 576 Way: 0 Address: 0xb84a9020
  Set: 583 Way: 0 Address: 0x2fa0c91f0
  Set: 583 Way: 1 Address: 0xb84a91f0
  Set: 584 Way: 0 Address: 0x2ee36921b
  Set: 584 Way: 1 Address: 0x2fa0c9228
  Set: 585 Way: 0 Address: 0x2ee369240
  Set: 586 Way: 0 Address: 0x2ee369283
  Set: 587 Way: 0 Address: 0x2ee3692c0
  Set: 588 Way: 0 Address: 0x2ee369300
  Set: 589 Way: 0 Address: 0x2ee369340
  Set: 609 Way: 0 Address: 0x5d6e9850
  Set: 626 Way: 0 Address: 0x2c8749cac
  Set: 703 Way: 0 Address: 0x8754affd
  Set: 764 Way: 0 Address: 0x28420bf28
  Set: 773 Way: 0 Address: 0x29484c170
  Set: 780 Way: 0 Address: 0x1ae2cc310
  Set: 782 Way: 0 Address: 0x1ae2cc3a0
  Set: 811 Way: 0 Address: 0x32f48caf0
  Set: 820 Way: 0 Address: 0x1ae2ccd24
  Set: 823 Way: 0 Address: 0x32502cde2
  Set: 824 Way: 0 Address: 0x32502ce02
  Set: 824 Way: 1 Address: 0x1ae2cce00
  Set: 825 Way: 0 Address: 0x32502ce40
  Set: 832 Way: 0 Address: 0x15164d020
  Set: 869 Way: 0 Address: 0x5588d968
  Set: 903 Way: 0 Address: 0x1c084e1c2
  Set: 903 Way: 1 Address: 0x3734ee1d0
  Set: 904 Way: 0 Address: 0x3734ee238
  Set: 905 Way: 0 Address: 0x3734ee248
  Set: 905 Way: 1 Address: 0x2f5d8e250
  Set: 906 Way: 0 Address: 0x3734ee280
  Set: 907 Way: 0 Address: 0x3734ee2e8
  Set: 908 Way: 0 Address: 0x3734ee328
  Set: 909 Way: 0 Address: 0x3734ee340
  Set: 910 Way: 0 Address: 0x3734ee380
  Set: 911 Way: 0 Address: 0x3734ee3c0
  Set: 911 Way: 1 Address: 0x1c084e3fb
  Set: 912 Way: 0 Address: 0x3734ee400
  Set: 912 Way: 1 Address: 0x1c084e400
  Set: 913 Way: 0 Address: 0x3734ee470
  Set: 913 Way: 1 Address: 0x1c084e440
  Set: 916 Way: 0 Address: 0x3734ee508
  Set: 917 Way: 0 Address: 0x3734ee540
  Set: 918 Way: 0 Address: 0x3734ee580
  Set: 919 Way: 0 Address: 0x3734ee5c0
  Set: 920 Way: 0 Address: 0x3734ee618
  Set: 921 Way: 0 Address: 0x3734ee640
  Set: 922 Way: 0 Address: 0x3734ee68c
  Set: 923 Way: 0 Address: 0x3734ee6d0
  Set: 924 Way: 0 Address: 0x3734ee730
  Set: 925 Way: 0 Address: 0x3734ee760
  Set: 926 Way: 0 Address: 0x3734ee790
  Set: 927 Way: 0 Address: 0x3734ee7ec
  Set: 934 Way: 0 Address: 0x3734ee9a8
  Set: 935 Way: 0 Address: 0x3734ee9c0
  Set: 936 Way: 0 Address: 0x3734eea10
  Set: 939 Way: 0 Address: 0x3734eeac0
  Set: 940 Way: 0 Address: 0x3734eeb00
  Set: 940 Way: 1 Address: 0x7d0eeb10
  Set: 941 Way: 0 Address: 0x3734eeb40
  Set: 942 Way: 0 Address: 0x3734eeb80
  Set: 946 Way: 0 Address: 0x3734eec98
  Set: 950 Way: 0 Address: 0x7d0eed80
  Set: 960 Way: 0 Address: 0x143ef010
  Set: 967 Way: 0 Address: 0x23756f1c0
  Set: 968 Way: 0 Address: 0x23756f23a
  Set: 969 Way: 0 Address: 0x23756f250
  Set: 974 Way: 0 Address: 0x22272f3b0
  Set: 979 Way: 0 Address: 0x23756f4fa
  Set: 980 Way: 0 Address: 0x23756f510
  Set: 984 Way: 0 Address: 0x22272f600
  Set: 990 Way: 0 Address: 0x23756f7ba
  Set: 991 Way: 0 Address: 0x23756f7d0
  Set: 993 Way: 0 Address: 0xee86f870
  Set: 994 Way: 0 Address: 0xee86f881
  Set: 995 Way: 0 Address: 0xee86f8c3
  Set: 996 Way: 0 Address: 0xee86f900
  Set: 997 Way: 0 Address: 0x143ef950
  Set: 997 Way: 1 Address: 0xee86f946
  Set: 1001 Way: 0 Address: 0x23756fa7a
  Set: 1002 Way: 0 Address: 0xee86fa87
  Set: 1002 Way: 1 Address: 0x23756faa6
  Set: 1003 Way: 0 Address: 0xee86fac3
  Set: 1004 Way: 0 Address: 0xee86fb05
  Set: 1005 Way: 0 Address: 0xee86fb43
  Set: 1006 Way: 0 Address: 0xee86fb80
  Set: 1007 Way: 0 Address: 0xee86fbc1
  Set: 1008 Way: 0 Address: 0xee86fc03
  Set: 1009 Way: 0 Address: 0xee86fc41
  Set: 1010 Way: 0 Address: 0xee86fc80
  Set: 1011 Way: 0 Address: 0xee86fcc1
  Set: 1012 Way: 0 Address: 0xee86fd02
  Set: 1012 Way: 1 Address: 0x23756fd00
  Set: 1013 Way: 0 Address: 0xee86fd40
  Set: 1013 Way: 1 Address: 0x23756fd66
  Set: 1014 Way: 0 Address: 0xee86fd80
  Set: 1019 Way: 0 Address: 0xee86fecf
  Set: 1020 Way: 0 Address: 0x16390ff38
  Set: 1020 Way: 1 Address: 0xee86ff27
  Set: 1021 Way: 0 Address: 0x16390ff40
  Set: 1021 Way: 1 Address: 0xee86ff43
  Set: 1022 Way: 0 Address: 0xee86ff80
  Set: 1023 Way: 0 Address: 0xee86ffc4
  Set: 1023 Way: 1 Address: 0x23756ffc0
  Set: 1029 Way: 0 Address: 0x14bb1017d
  Set: 1030 Way: 0 Address: 0x14bb10195
  Set: 1031 Way: 0 Address: 0x2177f01fe
  Set: 1032 Way: 0 Address: 0x2177f022c
  Set: 1040 Way: 0 Address: 0x168ef0400
  Set: 1040 Way: 1 Address: 0x14bb1043d
  Set: 1041 Way: 0 Address: 0x168ef0478
  Set: 1041 Way: 1 Address: 0x14bb10455
  Set: 1042 Way: 0 Address: 0x2177f04b4
  Set: 1043 Way: 0 Address: 0x2177f04ec
  Set: 1048 Way: 0 Address: 0x168ef0634
  Set: 1051 Way: 0 Address: 0x14bb106fd
  Set: 1052 Way: 0 Address: 0x14bb10715
  Set: 1053 Way: 0 Address: 0x2177f0774
  Set: 1054 Way: 0 Address: 0x2177f0780
  Set: 1062 Way: 0 Address: 0x14bb109bd
  Set: 1063 Way: 0 Address: 0x14bb109ec
  Set: 1064 Way: 0 Address: 0x2177f0a34
  Set: 1065 Way: 0 Address: 0x2177f0a6c
  Set: 1069 Way: 0 Address: 0x168ef0b44
  Set: 1073 Way: 0 Address: 0x14bb10c40
  Set: 1074 Way: 0 Address: 0x14bb10cac
  Set: 1075 Way: 0 Address: 0x2177f0cc0
  Set: 1076 Way: 0 Address: 0x2177f0d2c
  Set: 1081 Way: 0 Address: 0x168ef0e40
  Set: 1084 Way: 0 Address: 0x14bb10f00
  Set: 1085 Way: 0 Address: 0x14bb10f40
  Set: 1086 Way: 0 Address: 0x2177f0f80
  Set: 1087 Way: 0 Address: 0x2177f0fc0
  Set: 1087 Way: 1 Address: 0x168ef0fd0
  Set: 1132 Way: 0 Address: 0x260091b10
  Set: 1139 Way: 0 Address: 0x19c791cf0
  Set: 1146 Way: 0 Address: 0x19c791e90
  Set: 1146 Way: 1 Address: 0x260091e90
  Set: 1152 Way: 0 Address: 0x133c92018
  Set: 1152 Way: 1 Address: 0x1995f2000
  Set: 1153 Way: 0 Address: 0x133c92078
  Set: 1161 Way: 0 Address: 0x1c6532248
  Set: 1162 Way: 0 Address: 0x1995f22bf
  Set: 1163 Way: 0 Address: 0x1995f22d6
  Set: 1173 Way: 0 Address: 0x1995f257f
  Set: 1174 Way: 0 Address: 0x1995f2596
  Set: 1175 Way: 0 Address: 0xa3a525f0
  Set: 1176 Way: 0 Address: 0xa3a52608
  Set: 1184 Way: 0 Address: 0x1995f283f
  Set: 1185 Way: 0 Address: 0x1995f2854
  Set: 1187 Way: 0 Address: 0x31be128d0
  Set: 1189 Way: 0 Address: 0x31be12948
  Set: 1195 Way: 0 Address: 0x31be12af8
  Set: 1195 Way: 1 Address: 0x1995f2aff
  Set: 1196 Way: 0 Address: 0x1995f2b16
  Set: 1199 Way: 0 Address: 0x62d12bf6
  Set: 1206 Way: 0 Address: 0x1995f2dbf
  Set: 1207 Way: 0 Address: 0x1995f2de5
  Set: 1212 Way: 0 Address: 0x9cff2f20
  Set: 1215 Way: 0 Address: 0x9cff2fd8
  Set: 1216 Way: 0 Address: 0x2b2e93010
  Set: 1216 Way: 1 Address: 0x257713026
  Set: 1217 Way: 0 Address: 0x3232f3078
  Set: 1218 Way: 0 Address: 0x263c13080
  Set: 1222 Way: 0 Address: 0x3c56b3198
  Set: 1223 Way: 0 Address: 0x3c56b31cc
  Set: 1225 Way: 0 Address: 0x3232f3258
  Set: 1226 Way: 0 Address: 0x2577132ba
  Set: 1227 Way: 0 Address: 0x2577132e6
  Set: 1237 Way: 0 Address: 0x25771357a
  Set: 1238 Way: 0 Address: 0x3c56b35b5
  Set: 1238 Way: 1 Address: 0x2577135a6
  Set: 1239 Way: 0 Address: 0x3c56b35c5
  Set: 1240 Way: 0 Address: 0x3c56b3605
  Set: 1243 Way: 0 Address: 0x3c56b36c0
  Set: 1244 Way: 0 Address: 0x3c56b3700
  Set: 1245 Way: 0 Address: 0x3c56b3740
  Set: 1246 Way: 0 Address: 0x3c56b3780
  Set: 1248 Way: 0 Address: 0x257713825
  Set: 1249 Way: 0 Address: 0x257713840
  Set: 1252 Way: 0 Address: 0x2b2e93930
  Set: 1259 Way: 0 Address: 0x34a873af8
  Set: 1259 Way: 1 Address: 0x257713ae4
  Set: 1260 Way: 0 Address: 0x257713b26
  Set: 1260 Way: 1 Address: 0x34a873b00
  Set: 1267 Way: 0 Address: 0x34a873cf0
  Set: 1270 Way: 0 Address: 0x257713da4
  Set: 1271 Way: 0 Address: 0x257713dc0
  Set: 1281 Way: 0 Address: 0x3de4d4070
  Set: 1283 Way: 0 Address: 0x1299340f4
  Set: 1284 Way: 0 Address: 0x129934124
  Set: 1288 Way: 0 Address: 0x3de4d4230
  Set: 1294 Way: 0 Address: 0x1299343bd
  Set: 1295 Way: 0 Address: 0x1299343e4
  Set: 1305 Way: 0 Address: 0x12993467d
  Set: 1306 Way: 0 Address: 0x1299346a4
  Set: 1316 Way: 0 Address: 0x12993493d
  Set: 1317 Way: 0 Address: 0x12993494f
  Set: 1327 Way: 0 Address: 0x129934bc0
  Set: 1328 Way: 0 Address: 0x3c1074c20
  Set: 1328 Way: 1 Address: 0x129934c00
  Set: 1329 Way: 0 Address: 0x3c1074c50
  Set: 1330 Way: 0 Address: 0x3c1074cb8
  Set: 1331 Way: 0 Address: 0x3c1074cff
  Set: 1332 Way: 0 Address: 0x3c1074d38
  Set: 1333 Way: 0 Address: 0x3c1074d64
  Set: 1334 Way: 0 Address: 0x3c1074db8
  Set: 1335 Way: 0 Address: 0x3c1074dc0
  Set: 1336 Way: 0 Address: 0x3c1074e00
  Set: 1337 Way: 0 Address: 0x3c1074e40
  Set: 1338 Way: 0 Address: 0x397bb4e98
  Set: 1338 Way: 1 Address: 0x129934e80
  Set: 1338 Way: 2 Address: 0x3c1074e80
  Set: 1339 Way: 0 Address: 0x129934ec0
  Set: 1339 Way: 1 Address: 0x3c1074ec0
  Set: 1340 Way: 0 Address: 0x3c1074f00
  Set: 1341 Way: 0 Address: 0x3c1074f40
  Set: 1342 Way: 0 Address: 0x3c1074f80
  Set: 1343 Way: 0 Address: 0x3c1074fc0
  Set: 1344 Way: 0 Address: 0x195f15010
  Set: 1346 Way: 0 Address: 0x195f15080
  Set: 1347 Way: 0 Address: 0x354d350f0
  Set: 1349 Way: 0 Address: 0x354d35168
  Set: 1359 Way: 0 Address: 0x1b0f153c0
  Set: 1377 Way: 0 Address: 0x1b0f15840
  Set: 1410 Way: 0 Address: 0x84896098
  Set: 1435 Way: 0 Address: 0x437366c8
  Set: 1451 Way: 0 Address: 0x211d16ae8
  Set: 1453 Way: 0 Address: 0x211d16b68
  Set: 1454 Way: 0 Address: 0x211d16b80
  Set: 1477 Way: 0 Address: 0x12c077160
  Set: 1495 Way: 0 Address: 0x2fbe975f0
  Set: 1502 Way: 0 Address: 0x276ff77b0
  Set: 1503 Way: 0 Address: 0x276ff77c4
  Set: 1504 Way: 0 Address: 0x276ff7801
  Set: 1504 Way: 1 Address: 0x2fbe97838
  Set: 1505 Way: 0 Address: 0x276ff7840
  Set: 1505 Way: 1 Address: 0x12c077850
  Set: 1506 Way: 0 Address: 0x276ff7882
  Set: 1507 Way: 0 Address: 0x276ff78c1
  Set: 1513 Way: 0 Address: 0x276ff7a40
  Set: 1514 Way: 0 Address: 0x276ff7a80
  Set: 1515 Way: 0 Address: 0x276ff7ac0
  Set: 1519 Way: 0 Address: 0x112417bfd
  Set: 1520 Way: 0 Address: 0x112417c05
  Set: 1524 Way: 0 Address: 0x276ff7d1f
  Set: 1530 Way: 0 Address: 0x112417ebd
  Set: 1531 Way: 0 Address: 0x112417ed5
  Set: 1539 Way: 0 Address: 0x3bdd780c0
  Set: 1540 Way: 0 Address: 0x3bdd7813f
  Set: 1541 Way: 0 Address: 0x201598178
  Set: 1541 Way: 1 Address: 0x3bdd7816b
  Set: 1542 Way: 0 Address: 0x2c98981a9
  Set: 1543 Way: 0 Address: 0x2c98981eb
  Set: 1544 Way: 0 Address: 0xc7078230
  Set: 1545 Way: 0 Address: 0xc7078240
  Set: 1546 Way: 0 Address: 0x2db37828f
  Set: 1551 Way: 0 Address: 0x3bdd783c0
  Set: 1552 Way: 0 Address: 0x3bdd7842b
  Set: 1553 Way: 0 Address: 0x2c9898464
  Set: 1554 Way: 0 Address: 0x2c9898490
  Set: 1562 Way: 0 Address: 0x3bdd786bf
  Set: 1563 Way: 0 Address: 0x3bdd786eb
  Set: 1565 Way: 0 Address: 0x2c9898740
  Set: 1573 Way: 0 Address: 0x3bdd7897f
  Set: 1574 Way: 0 Address: 0x3bdd789ab
  Set: 1576 Way: 0 Address: 0x2c9898a00
  Set: 1576 Way: 1 Address: 0x3fe58a0e
  Set: 1584 Way: 0 Address: 0x3bdd78c00
  Set: 1585 Way: 0 Address: 0x3bdd78c6b
  Set: 1587 Way: 0 Address: 0x3fe58cd0
  Set: 1595 Way: 0 Address: 0x3bdd78ec0
  Set: 1596 Way: 0 Address: 0x3bdd78f00
  Set: 1598 Way: 0 Address: 0x2c9898f80
  Set: 1598 Way: 1 Address: 0x3fe58f90
  Set: 1599 Way: 0 Address: 0x1aafb8fd8
  Set: 1604 Way: 0 Address: 0x292959106
  Set: 1605 Way: 0 Address: 0x292959142
  Set: 1606 Way: 0 Address: 0x312099180
  Set: 1606 Way: 1 Address: 0x292959181
  Set: 1607 Way: 0 Address: 0x3120991c1
  Set: 1607 Way: 1 Address: 0x2929591c2
  Set: 1608 Way: 0 Address: 0x312099200
  Set: 1608 Way: 1 Address: 0x292959200
  Set: 1609 Way: 0 Address: 0x312099242
  Set: 1609 Way: 1 Address: 0x292959240
  Set: 1610 Way: 0 Address: 0x312099285
  Set: 1611 Way: 0 Address: 0x3120992c0
  Set: 1612 Way: 0 Address: 0x312099307
  Set: 1613 Way: 0 Address: 0x312099340
  Set: 1614 Way: 0 Address: 0x312099383
  Set: 1615 Way: 0 Address: 0x3120993c5
  Set: 1616 Way: 0 Address: 0x312099400
  Set: 1617 Way: 0 Address: 0x312099449
  Set: 1618 Way: 0 Address: 0x312099489
  Set: 1619 Way: 0 Address: 0x3120994c7
  Set: 1619 Way: 1 Address: 0x2929594e1
  Set: 1620 Way: 0 Address: 0x292959500
  Set: 1620 Way: 1 Address: 0x312099500
  Set: 1621 Way: 0 Address: 0x292959558
  Set: 1621 Way: 1 Address: 0x312099540
  Set: 1622 Way: 0 Address: 0x292959582
  Set: 1623 Way: 0 Address: 0x2929595c2
  Set: 1624 Way: 0 Address: 0x292959605
  Set: 1625 Way: 0 Address: 0x292959640
  Set: 1626 Way: 0 Address: 0x292959680
  Set: 1628 Way: 0 Address: 0x312099710
  Set: 1629 Way: 0 Address: 0x379d39748
  Set: 1636 Way: 0 Address: 0x312099900
  Set: 1637 Way: 0 Address: 0x312099945
  Set: 1638 Way: 0 Address: 0x312099982
  Set: 1639 Way: 0 Address: 0x3120999c0
  Set: 1640 Way: 0 Address: 0x312099a00
  Set: 1641 Way: 0 Address: 0x312099a51
  Set: 1642 Way: 0 Address: 0x312099a80
  Set: 1643 Way: 0 Address: 0x312099ac2
  Set: 1644 Way: 0 Address: 0x312099b03
  Set: 1645 Way: 0 Address: 0x312099b45
  Set: 1646 Way: 0 Address: 0x312099b83
  Set: 1647 Way: 0 Address: 0x312099bc0
  Set: 1647 Way: 1 Address: 0x16a859be8
  Set: 1649 Way: 0 Address: 0x312099c4d
  Set: 1653 Way: 0 Address: 0x312099d79
  Set: 1654 Way: 0 Address: 0x312099d81
  Set: 1658 Way: 0 Address: 0x8a579e88
  Set: 1664 Way: 0 Address: 0x229b9a000
  Set: 1680 Way: 0 Address: 0x1e561a430
  Set: 1681 Way: 0 Address: 0x1e561a440
  Set: 1682 Way: 0 Address: 0x1e561a480
  Set: 1695 Way: 0 Address: 0x1d89da7f8
  Set: 1695 Way: 1 Address: 0x223eda7d0
  Set: 1696 Way: 0 Address: 0x223eda801
  Set: 1697 Way: 0 Address: 0x223eda843
  Set: 1698 Way: 0 Address: 0x223eda880
  Set: 1707 Way: 0 Address: 0xc67daaf8
  Set: 1712 Way: 0 Address: 0x1132fac00
  Set: 1713 Way: 0 Address: 0x1132fac41
  Set: 1714 Way: 0 Address: 0x1132fac80
  Set: 1715 Way: 0 Address: 0x1132facc0
  Set: 1716 Way: 0 Address: 0x1132fad00
  Set: 1731 Way: 0 Address: 0x3b377b0d2
  Set: 1733 Way: 0 Address: 0x36889b160
  Set: 1741 Way: 0 Address: 0x3b377b36b
  Set: 1742 Way: 0 Address: 0x3b377b394
  Set: 1752 Way: 0 Address: 0x3b377b63f
  Set: 1753 Way: 0 Address: 0x3b377b654
  Set: 1760 Way: 0 Address: 0x36889b838
  Set: 1763 Way: 0 Address: 0x3b377b8ff
  Set: 1764 Way: 0 Address: 0x3b377b914
  Set: 1772 Way: 0 Address: 0xcf83bb00
  Set: 1774 Way: 0 Address: 0xcf83bb80
  Set: 1774 Way: 1 Address: 0x3b377bbbf
  Set: 1775 Way: 0 Address: 0x3b377bbd4
  Set: 1777 Way: 0 Address: 0xc0d9bc70
  Set: 1778 Way: 0 Address: 0xc0d9bc81
  Set: 1779 Way: 0 Address: 0xc0d9bcc0
  Set: 1780 Way: 0 Address: 0xc0d9bd02
  Set: 1781 Way: 0 Address: 0xc0d9bd41
  Set: 1782 Way: 0 Address: 0xc0d9bd83
  Set: 1783 Way: 0 Address: 0xc0d9bdc0
  Set: 1784 Way: 0 Address: 0xc0d9be01
  Set: 1785 Way: 0 Address: 0xc0d9be41
  Set: 1785 Way: 1 Address: 0x3b377be7f
  Set: 1786 Way: 0 Address: 0x3b377beab
  Set: 1786 Way: 1 Address: 0xc0d9be81
  Set: 1787 Way: 0 Address: 0xc0d9bec2
  Set: 1788 Way: 0 Address: 0xc0d9bf04
  Set: 1788 Way: 1 Address: 0x394edbf00
  Set: 1789 Way: 0 Address: 0x394edbf40
  Set: 1789 Way: 1 Address: 0xc0d9bf43
  Set: 1790 Way: 0 Address: 0xc0d9bf81
  Set: 1791 Way: 0 Address: 0xc0d9bfc0
  Set: 1792 Way: 0 Address: 0xdf85c000
  Set: 1797 Way: 0 Address: 0x12c6fc168
  Set: 1800 Way: 0 Address: 0x38e35c238
  Set: 1801 Way: 0 Address: 0x38e35c248
  Set: 1815 Way: 0 Address: 0x12c6fc5f8
  Set: 1856 Way: 0 Address: 0x1add018
  Set: 1861 Way: 0 Address: 0xe51bd178
  Set: 1865 Way: 0 Address: 0x23755d240
  Set: 1892 Way: 0 Address: 0x1add930
  Set: 1893 Way: 0 Address: 0x23755d950
  Set: 1920 Way: 0 Address: 0x28b67e000
  Set: 1922 Way: 0 Address: 0x2c077e0a6
  Set: 1934 Way: 0 Address: 0x2db79e3b0
  Set: 1936 Way: 0 Address: 0x20597e43c
  Set: 1941 Way: 0 Address: 0x20597e578
  Set: 1948 Way: 0 Address: 0x1f919e720
  Set: 1949 Way: 0 Address: 0x1f919e740
  Set: 1950 Way: 0 Address: 0x1f919e781
  Set: 1951 Way: 0 Address: 0x1f919e7c2
  Set: 1951 Way: 1 Address: 0x28b67e7f8
  Set: 1952 Way: 0 Address: 0x1f919e802
  Set: 2007 Way: 0 Address: 0x3567df5f8
  Set: 2008 Way: 0 Address: 0x3567df610
  Set: 2018 Way: 0 Address: 0x3567df8b8
  Set: 2019 Way: 0 Address: 0x3567df8d0
  Set: 2029 Way: 0 Address: 0x3567dfb78
  Set: 2030 Way: 0 Address: 0x3567dfb90
  Set: 2040 Way: 0 Address: 0x3567dfe38
  Set: 2041 Way: 0 Address: 0x3567dfe50
EndCache
