Cache: cpu0_STLB
  Set: 2 Way: 0 Address: 0x402a8f
  Set: 2 Way: 1 Address: 0x7fd2fa70265f
  Set: 3 Way: 0 Address: 0x4033fb
  Set: 3 Way: 1 Address: 0x7fd2fa70315f
  Set: 4 Way: 0 Address: 0x404c00
  Set: 4 Way: 1 Address: 0x7fd2fa7041c0
  Set: 13 Way: 0 Address: 0x40d700
  Set: 14 Way: 0 Address: 0x40e7d0
  Set: 15 Way: 0 Address: 0x40fc70
  Set: 30 Way: 0 Address: 0x279e926
  Set: 38 Way: 0 Address: 0x52696f
  Set: 39 Way: 0 Address: 0x7fd2fa627f1f
  Set: 40 Way: 0 Address: 0x7fd2fa6281df
  Set: 41 Way: 0 Address: 0x7fd2fa62925f
  Set: 42 Way: 0 Address: 0x7fd2fa62a01d
  Set: 42 Way: 1 Address: 0x52a930
  Set: 48 Way: 0 Address: 0x27b0446
  Set: 57 Way: 0 Address: 0x7fd2fa6b985a
  Set: 58 Way: 0 Address: 0x7fd2fa6ba35e
  Set: 59 Way: 0 Address: 0x7fd2fa6bb103
  Set: 62 Way: 0 Address: 0x43ede2
  Set: 68 Way: 0 Address: 0x444b03
  Set: 69 Way: 0 Address: 0x445cad
  Set: 70 Way: 0 Address: 0x446106
  Set: 71 Way: 0 Address: 0x7ffedb247d64
  Set: 72 Way: 0 Address: 0x7ffedb2481e0
  Set: 72 Way: 1 Address: 0x44821b
  Set: 73 Way: 0 Address: 0x7ffedb249550
  Set: 74 Way: 0 Address: 0x44a870
  Set: 75 Way: 0 Address: 0x44b010
  Set: 81 Way: 0 Address: 0x27d1dd6
  Set: 93 Way: 0 Address: 0x275dc40
  Set: 94 Way: 0 Address: 0x275eaf8
  Set: 95 Way: 0 Address: 0x275ffd0
  Set: 96 Way: 0 Address: 0x2760a58
  Set: 96 Way: 1 Address: 0x21e03a0
  Set: 98 Way: 0 Address: 0x2762168
  Set: 100 Way: 0 Address: 0x21e45a5
  Set: 101 Way: 0 Address: 0x21e54e0
  Set: 103 Way: 0 Address: 0x21e7e50
  Set: 104 Way: 0 Address: 0x21e80f0
  Set: 105 Way: 0 Address: 0x26e9430
  Set: 108 Way: 0 Address: 0x276ce9c
  Set: 111 Way: 0 Address: 0x7fd2fa66f9b0
  Set: 112 Way: 0 Address: 0x7fd2fa670d19
  Set: 112 Way: 1 Address: 0x277070c
  Set: 113 Way: 0 Address: 0x7fd2fa67181e
  Set: 114 Way: 0 Address: 0x7fd2fa67205a
  Set: 118 Way: 0 Address: 0x7fd2fa376cd0
  Set: 119 Way: 0 Address: 0x7fd2fa377250
  Set: 120 Way: 0 Address: 0x7fd2fa378010
  Set: 123 Way: 0 Address: 0x21fb310
EndCache
Cache: cpu0_L2C
  Set: 1 Way: 0 Address: 0x342b40070
  Set: 4 Way: 0 Address: 0x14bb10138
  Set: 5 Way: 0 Address: 0x14bb10140
  Set: 6 Way: 0 Address: 0x222730180
  Set: 7 Way: 0 Address: 0x28a9401f0
  Set: 7 Way: 1 Address: 0x2227301c0
  Set: 8 Way: 0 Address: 0x2177f0230
  Set: 8 Way: 1 Address: 0x28a940220
  Set: 17 Way: 0 Address: 0x222730440
  Set: 25 Way: 0 Address: 0x6e62065f
  Set: 32 Way: 0 Address: 0x14bb10818
  Set: 35 Way: 0 Address: 0x6e6208e8
  Set: 36 Way: 0 Address: 0x6e62091f
  Set: 37 Way: 0 Address: 0x2177f0950
  Set: 37 Way: 1 Address: 0x342b40950
  Set: 43 Way: 0 Address: 0x168ef0af8
  Set: 44 Way: 0 Address: 0x168ef0b00
  Set: 46 Way: 0 Address: 0x6e620bbc
  Set: 47 Way: 0 Address: 0x6e620bdf
  Set: 51 Way: 0 Address: 0x168ef0cf0
  Set: 57 Way: 0 Address: 0x6e620e7c
  Set: 58 Way: 0 Address: 0x6e620e9f
  Set: 64 Way: 0 Address: 0x113201010
  Set: 65 Way: 0 Address: 0x113201068
  Set: 68 Way: 0 Address: 0x260091130
  Set: 68 Way: 1 Address: 0x6e621100
  Set: 69 Way: 0 Address: 0x6e621140
  Set: 72 Way: 0 Address: 0x113201228
  Set: 72 Way: 1 Address: 0x2a4841228
  Set: 73 Way: 0 Address: 0xf6e8127b
  Set: 74 Way: 0 Address: 0xf6e81299
  Set: 79 Way: 0 Address: 0x6e6213c0
  Set: 80 Way: 0 Address: 0x6e621400
  Set: 84 Way: 0 Address: 0xf6e8153a
  Set: 85 Way: 0 Address: 0xf6e81559
  Set: 95 Way: 0 Address: 0xf6e817fa
  Set: 96 Way: 0 Address: 0xf6e8181e
  Set: 97 Way: 0 Address: 0x181c81870
  Set: 98 Way: 0 Address: 0x181c81881
  Set: 99 Way: 0 Address: 0x181c818c3
  Set: 100 Way: 0 Address: 0x181c81906
  Set: 101 Way: 0 Address: 0x181c81946
  Set: 105 Way: 0 Address: 0x260091a58
  Set: 106 Way: 0 Address: 0x181c81a87
  Set: 106 Way: 1 Address: 0xf6e81aba
  Set: 107 Way: 0 Address: 0xf6e81ada
  Set: 107 Way: 1 Address: 0x181c81ac3
  Set: 108 Way: 0 Address: 0x181c81b05
  Set: 108 Way: 1 Address: 0x19c791b00
  Set: 109 Way: 0 Address: 0x181c81b43
  Set: 109 Way: 1 Address: 0x19c791b60
  Set: 110 Way: 0 Address: 0x181c81b80
  Set: 111 Way: 0 Address: 0x181c81bc1
  Set: 112 Way: 0 Address: 0x181c81c03
  Set: 113 Way: 0 Address: 0x181c81c41
  Set: 114 Way: 0 Address: 0x181c81c82
  Set: 115 Way: 0 Address: 0x181c81cc1
  Set: 116 Way: 0 Address: 0x181c81d02
  Set: 117 Way: 0 Address: 0x181c81d41
  Set: 117 Way: 1 Address: 0xf6e81d7a
  Set: 118 Way: 0 Address: 0xf6e81d9a
  Set: 118 Way: 1 Address: 0x181c81d80
  Set: 123 Way: 0 Address: 0x181c81ecf
  Set: 124 Way: 0 Address: 0x181c81f27
  Set: 125 Way: 0 Address: 0x181c81f43
  Set: 126 Way: 0 Address: 0x181c81f80
  Set: 127 Way: 0 Address: 0x181c81fc4
  Set: 128 Way: 0 Address: 0x9cff2018
  Set: 128 Way: 1 Address: 0x1064c201d
  Set: 130 Way: 0 Address: 0x1995f2080
  Set: 135 Way: 0 Address: 0x1c84e21c2
  Set: 138 Way: 0 Address: 0x1064c2298
  Set: 139 Way: 0 Address: 0x1064c22c5
  Set: 141 Way: 0 Address: 0x3bdb2378
  Set: 142 Way: 0 Address: 0x6d0c2390
  Set: 143 Way: 0 Address: 0x1c84e23fb
  Set: 144 Way: 0 Address: 0x1c84e2400
  Set: 151 Way: 0 Address: 0x6d0c25c8
  Set: 155 Way: 0 Address: 0x62d126fc
  Set: 156 Way: 0 Address: 0x62d1270c
  Set: 160 Way: 0 Address: 0x3bdb2820
  Set: 161 Way: 0 Address: 0x133c9285a
  Set: 171 Way: 0 Address: 0x31be12af0
  Set: 171 Way: 1 Address: 0x133c92aff
  Set: 172 Way: 0 Address: 0x133c92b1a
  Set: 174 Way: 0 Address: 0xa3a52bb0
  Set: 179 Way: 0 Address: 0x31be12cf0
  Set: 182 Way: 0 Address: 0x133c92dbb
  Set: 183 Way: 0 Address: 0x133c92dda
  Set: 186 Way: 0 Address: 0x31be12e88
  Set: 186 Way: 1 Address: 0x1c6532e88
  Set: 193 Way: 0 Address: 0x133c93040
  Set: 200 Way: 0 Address: 0x3232f323f
  Set: 201 Way: 0 Address: 0x3232f325f
  Set: 201 Way: 1 Address: 0x257713240
  Set: 204 Way: 0 Address: 0x133c93300
  Set: 211 Way: 0 Address: 0x3232f34ff
  Set: 212 Way: 0 Address: 0x3232f351d
  Set: 222 Way: 0 Address: 0x3232f37bf
  Set: 223 Way: 0 Address: 0x263c137f8
  Set: 223 Way: 1 Address: 0x3232f37dd
  Set: 228 Way: 0 Address: 0x3b0803930
  Set: 230 Way: 0 Address: 0x1909739b0
  Set: 233 Way: 0 Address: 0x3c56b3a58
  Set: 233 Way: 1 Address: 0x3232f3a7f
  Set: 234 Way: 0 Address: 0x3232f3a9d
  Set: 235 Way: 0 Address: 0x3b0803ad8
  Set: 236 Way: 0 Address: 0x3b0803b32
  Set: 241 Way: 0 Address: 0x34a873c70
  Set: 241 Way: 1 Address: 0x190973c70
  Set: 242 Way: 0 Address: 0x34a873c81
  Set: 243 Way: 0 Address: 0x34a873cd0
  Set: 244 Way: 0 Address: 0x34a873d02
  Set: 244 Way: 1 Address: 0x3232f3d3f
  Set: 245 Way: 0 Address: 0x3232f3d5d
  Set: 245 Way: 1 Address: 0x34a873d41
  Set: 246 Way: 0 Address: 0x34a873d83
  Set: 247 Way: 0 Address: 0x34a873dc1
  Set: 248 Way: 0 Address: 0x34a873e01
  Set: 249 Way: 0 Address: 0x34a873e41
  Set: 250 Way: 0 Address: 0x34a873e81
  Set: 251 Way: 0 Address: 0x34a873ec2
  Set: 252 Way: 0 Address: 0x34a873f04
  Set: 252 Way: 1 Address: 0x2b2e93f00
  Set: 252 Way: 2 Address: 0x190973f30
  Set: 253 Way: 0 Address: 0x2b2e93f40
  Set: 253 Way: 1 Address: 0x34a873f43
  Set: 254 Way: 0 Address: 0x34a873f81
  Set: 255 Way: 0 Address: 0x34a873fc0
  Set: 255 Way: 1 Address: 0x3232f3fff
  Set: 263 Way: 0 Address: 0x1ab441f0
  Set: 266 Way: 0 Address: 0x3232f4280
  Set: 268 Way: 0 Address: 0x6b744310
  Set: 270 Way: 0 Address: 0x6b7443a0
  Set: 274 Way: 0 Address: 0x1ab444b0
  Set: 277 Way: 0 Address: 0x3232f4540
  Set: 283 Way: 0 Address: 0xb80046c8
  Set: 285 Way: 0 Address: 0x1ab44770
  Set: 296 Way: 0 Address: 0x1ab44a30
  Set: 307 Way: 0 Address: 0x1ab44cf0
  Set: 308 Way: 0 Address: 0x1ab44d19
  Set: 308 Way: 1 Address: 0x6b744d24
  Set: 312 Way: 0 Address: 0x3c1074e00
  Set: 312 Way: 1 Address: 0x6b744e00
  Set: 313 Way: 0 Address: 0x3c1074e50
  Set: 314 Way: 0 Address: 0x129934e98
  Set: 315 Way: 0 Address: 0x3c1074ec0
  Set: 318 Way: 0 Address: 0x1ab44fa8
  Set: 319 Way: 0 Address: 0x1ab44fd9
  Set: 320 Way: 0 Address: 0x195f15010
  Set: 322 Way: 0 Address: 0x195f15098
  Set: 326 Way: 0 Address: 0x1b0f151bb
  Set: 327 Way: 0 Address: 0x1b0f151df
  Set: 328 Way: 0 Address: 0x272585220
  Set: 329 Way: 0 Address: 0x272585258
  Set: 331 Way: 0 Address: 0x354d352fe
  Set: 332 Way: 0 Address: 0x354d35310
  Set: 337 Way: 0 Address: 0x1b0f1547b
  Set: 338 Way: 0 Address: 0x1b0f1549f
  Set: 348 Way: 0 Address: 0x1b0f1573b
  Set: 349 Way: 0 Address: 0x1b0f1575f
  Set: 355 Way: 0 Address: 0x57be58d0
  Set: 357 Way: 0 Address: 0x57be5948
  Set: 359 Way: 0 Address: 0x1b0f159ff
  Set: 360 Way: 0 Address: 0x1b0f15a1f
  Set: 363 Way: 0 Address: 0x57be5af8
  Set: 370 Way: 0 Address: 0x1b0f15cbf
  Set: 371 Way: 0 Address: 0x1b0f15cdf
  Set: 377 Way: 0 Address: 0x34a0e5e7c
  Set: 378 Way: 0 Address: 0x34a0e5e9c
  Set: 381 Way: 0 Address: 0x1b0f15f7f
  Set: 382 Way: 0 Address: 0x1b0f15f9f
  Set: 382 Way: 1 Address: 0x34a0e5fbc
  Set: 383 Way: 0 Address: 0x34a0e5fd8
  Set: 387 Way: 0 Address: 0x37f4260fa
  Set: 388 Way: 0 Address: 0x37f426103
  Set: 392 Way: 0 Address: 0x3d87a621b
  Set: 392 Way: 1 Address: 0x1b0f16200
  Set: 393 Way: 0 Address: 0x3d87a6240
  Set: 393 Way: 1 Address: 0x1b0f16240
  Set: 394 Way: 0 Address: 0x3d87a6283
  Set: 395 Way: 0 Address: 0x3d87a62c7
  Set: 396 Way: 0 Address: 0x3d87a6300
  Set: 397 Way: 0 Address: 0x101c26378
  Set: 398 Way: 0 Address: 0x84896380
  Set: 398 Way: 1 Address: 0x37f4263ba
  Set: 399 Way: 0 Address: 0x37f4263c6
  Set: 403 Way: 0 Address: 0x1b0f164c0
  Set: 404 Way: 0 Address: 0x1b0f16500
  Set: 407 Way: 0 Address: 0x211d165c8
  Set: 409 Way: 0 Address: 0x37f42667e
  Set: 410 Way: 0 Address: 0x37f426686
  Set: 415 Way: 0 Address: 0x27d4c67d0
  Set: 416 Way: 0 Address: 0x211d16810
  Set: 416 Way: 1 Address: 0x27d4c6801
  Set: 417 Way: 0 Address: 0x27d4c6843
  Set: 420 Way: 0 Address: 0x37f426900
  Set: 421 Way: 0 Address: 0x37f426946
  Set: 429 Way: 0 Address: 0x3dae66b5c
  Set: 430 Way: 0 Address: 0x3dae66ba0
  Set: 431 Way: 0 Address: 0x37f426bc0
  Set: 433 Way: 0 Address: 0x3dae66c40
  Set: 439 Way: 0 Address: 0x247006de2
  Set: 440 Way: 0 Address: 0x247006e02
  Set: 442 Way: 0 Address: 0x37f426e80
  Set: 449 Way: 0 Address: 0x30988707b
  Set: 450 Way: 0 Address: 0x30988709a
  Set: 451 Way: 0 Address: 0x276ff70f0
  Set: 453 Way: 0 Address: 0xbeea7140
  Set: 453 Way: 1 Address: 0x276ff7168
  Set: 456 Way: 0 Address: 0x112417238
  Set: 457 Way: 0 Address: 0x112417250
  Set: 457 Way: 1 Address: 0x12c077248
  Set: 460 Way: 0 Address: 0x30988733a
  Set: 461 Way: 0 Address: 0x30988735e
  Set: 464 Way: 0 Address: 0x358da7430
  Set: 464 Way: 1 Address: 0x3704c743e
  Set: 465 Way: 0 Address: 0x3704c7446
  Set: 465 Way: 1 Address: 0x358da7440
  Set: 467 Way: 0 Address: 0x1124174f8
  Set: 468 Way: 0 Address: 0x112417510
  Set: 471 Way: 0 Address: 0x3098875fa
  Set: 472 Way: 0 Address: 0x30988761a
  Set: 478 Way: 0 Address: 0x1124177b8
  Set: 479 Way: 0 Address: 0x1124177d0
  Set: 482 Way: 0 Address: 0x3098878ba
  Set: 483 Way: 0 Address: 0x3098878da
  Set: 489 Way: 0 Address: 0x112417a78
  Set: 490 Way: 0 Address: 0x112417a90
  Set: 493 Way: 0 Address: 0x309887b7a
  Set: 494 Way: 0 Address: 0x309887b9a
  Set: 495 Way: 0 Address: 0x2fbe97bc0
  Set: 500 Way: 0 Address: 0x112417d38
  Set: 501 Way: 0 Address: 0x112417d50
  Set: 504 Way: 0 Address: 0x309887e3a
  Set: 505 Way: 0 Address: 0x309887e5c
  Set: 511 Way: 0 Address: 0x112417ff8
  Set: 512 Way: 0 Address: 0x3fe58010
  Set: 515 Way: 0 Address: 0x2015980ef
  Set: 515 Way: 1 Address: 0x3098880c0
  Set: 516 Way: 0 Address: 0x201598105
  Set: 517 Way: 0 Address: 0x2c9898148
  Set: 517 Way: 1 Address: 0x201598146
  Set: 518 Way: 0 Address: 0x201598180
  Set: 519 Way: 0 Address: 0x2015981c0
  Set: 520 Way: 0 Address: 0x201598201
  Set: 526 Way: 0 Address: 0xc7078390
  Set: 526 Way: 1 Address: 0x309888380
  Set: 535 Way: 0 Address: 0xc70785d0
  Set: 540 Way: 0 Address: 0x1aafb8700
  Set: 541 Way: 0 Address: 0x1aafb8740
  Set: 542 Way: 0 Address: 0x1aafb8781
  Set: 543 Way: 0 Address: 0x1aafb87c2
  Set: 544 Way: 0 Address: 0x1aafb8802
  Set: 554 Way: 0 Address: 0x201598a90
  Set: 555 Way: 0 Address: 0x201598ac3
  Set: 556 Way: 0 Address: 0x201598b00
  Set: 557 Way: 0 Address: 0x201598b43
  Set: 558 Way: 0 Address: 0x2db378bb8
  Set: 558 Way: 1 Address: 0x201598b82
  Set: 559 Way: 0 Address: 0x201598bc0
  Set: 560 Way: 0 Address: 0x201598c01
  Set: 560 Way: 1 Address: 0x3bdd78c21
  Set: 561 Way: 0 Address: 0x3bdd78c5f
  Set: 561 Way: 1 Address: 0x201598c43
  Set: 562 Way: 0 Address: 0x201598cad
  Set: 563 Way: 0 Address: 0x201598cc1
  Set: 564 Way: 0 Address: 0x201598d00
  Set: 565 Way: 0 Address: 0x201598d41
  Set: 566 Way: 0 Address: 0x201598d82
  Set: 567 Way: 0 Address: 0x201598dc0
  Set: 568 Way: 0 Address: 0x201598e02
  Set: 569 Way: 0 Address: 0x201598e41
  Set: 570 Way: 0 Address: 0x201598e81
  Set: 571 Way: 0 Address: 0x3bdd78ee9
  Set: 572 Way: 0 Address: 0x3bdd78f1f
  Set: 572 Way: 1 Address: 0x16668f28
  Set: 576 Way: 0 Address: 0x2fa0c9010
  Set: 576 Way: 1 Address: 0x16a859020
  Set: 576 Way: 2 Address: 0x2ee36903a
  Set: 577 Way: 0 Address: 0x2ee36905a
  Set: 577 Way: 1 Address: 0x312099078
  Set: 577 Way: 2 Address: 0x2c8749078
  Set: 577 Way: 3 Address: 0x2fa0c9040
  Set: 578 Way: 0 Address: 0x2fa0c9082
  Set: 581 Way: 0 Address: 0x8a579168
  Set: 584 Way: 0 Address: 0x292959238
  Set: 584 Way: 1 Address: 0x2fa0c9210
  Set: 585 Way: 0 Address: 0x292959240
  Set: 585 Way: 1 Address: 0x312099250
  Set: 585 Way: 2 Address: 0x2c8749258
  Set: 585 Way: 3 Address: 0x2fa0c9241
  Set: 586 Way: 0 Address: 0x2fa0c9287
  Set: 587 Way: 0 Address: 0x2fa0c92c0
  Set: 587 Way: 1 Address: 0x2ee3692fa
  Set: 588 Way: 0 Address: 0x2ee36931c
  Set: 588 Way: 1 Address: 0x2fa0c9300
  Set: 593 Way: 0 Address: 0x2fa0c945f
  Set: 594 Way: 0 Address: 0x2fa0c9480
  Set: 595 Way: 0 Address: 0x2fa0c94c6
  Set: 596 Way: 0 Address: 0x2fa0c9500
  Set: 597 Way: 0 Address: 0x2fa0c9541
  Set: 597 Way: 1 Address: 0x5d6e9550
  Set: 598 Way: 0 Address: 0x2ee3695ba
  Set: 599 Way: 0 Address: 0x2ee3695c5
  Set: 602 Way: 0 Address: 0x2fa0c96b5
  Set: 603 Way: 0 Address: 0x2fa0c96c3
  Set: 604 Way: 0 Address: 0x2fa0c9702
  Set: 605 Way: 0 Address: 0x2fa0c9743
  Set: 606 Way: 0 Address: 0x2fa0c9783
  Set: 609 Way: 0 Address: 0x2ee369872
  Set: 610 Way: 0 Address: 0x2ee369885
  Set: 612 Way: 0 Address: 0x2fa0c9900
  Set: 613 Way: 0 Address: 0x2fa0c9943
  Set: 614 Way: 0 Address: 0x2fa0c9980
  Set: 620 Way: 0 Address: 0x2ee369b13
  Set: 621 Way: 0 Address: 0x2ee369b45
  Set: 622 Way: 0 Address: 0x2fa0c9bb2
  Set: 623 Way: 0 Address: 0x2fa0c9bc1
  Set: 624 Way: 0 Address: 0x2fa0c9c00
  Set: 624 Way: 1 Address: 0x379d39c00
  Set: 625 Way: 0 Address: 0x379d39c41
  Set: 626 Way: 0 Address: 0x379d39c80
  Set: 627 Way: 0 Address: 0x379d39cc1
  Set: 631 Way: 0 Address: 0x2ee369dd2
  Set: 636 Way: 0 Address: 0xb84a9f00
  Set: 640 Way: 0 Address: 0x229b9a000
  Set: 641 Way: 0 Address: 0x223eda068
  Set: 646 Way: 0 Address: 0xc67da180
  Set: 647 Way: 0 Address: 0xc67da1c1
  Set: 648 Way: 0 Address: 0xc67da200
  Set: 649 Way: 0 Address: 0xc67da242
  Set: 650 Way: 0 Address: 0xc67da285
  Set: 651 Way: 0 Address: 0xc67da2c1
  Set: 652 Way: 0 Address: 0xc67da307
  Set: 653 Way: 0 Address: 0xc67da345
  Set: 654 Way: 0 Address: 0xc67da383
  Set: 655 Way: 0 Address: 0xc67da3c5
  Set: 656 Way: 0 Address: 0xc67da43e
  Set: 657 Way: 0 Address: 0xc67da449
  Set: 658 Way: 0 Address: 0xc67da489
  Set: 659 Way: 0 Address: 0xc67da4c7
  Set: 660 Way: 0 Address: 0xc67da50b
  Set: 668 Way: 0 Address: 0xc67da710
  Set: 669 Way: 0 Address: 0x8754a748
  Set: 676 Way: 0 Address: 0x223eda930
  Set: 676 Way: 1 Address: 0xc67da900
  Set: 677 Way: 0 Address: 0xc67da945
  Set: 678 Way: 0 Address: 0xc67da982
  Set: 679 Way: 0 Address: 0xc67da9c0
  Set: 681 Way: 0 Address: 0xc67daa51
  Set: 682 Way: 0 Address: 0xc67daa80
  Set: 683 Way: 0 Address: 0xc67daac2
  Set: 684 Way: 0 Address: 0xc67dab03
  Set: 684 Way: 1 Address: 0x1132fab10
  Set: 685 Way: 0 Address: 0xc67dab45
  Set: 686 Way: 0 Address: 0xc67dab83
  Set: 689 Way: 0 Address: 0xc67dac4d
  Set: 693 Way: 0 Address: 0xc67dad79
  Set: 694 Way: 0 Address: 0xc67dad81
  Set: 694 Way: 1 Address: 0x1132fad80
  Set: 704 Way: 0 Address: 0x28420b020
  Set: 708 Way: 0 Address: 0x3b377b138
  Set: 709 Way: 0 Address: 0xc0d9b150
  Set: 711 Way: 0 Address: 0x28420b1f0
  Set: 712 Way: 0 Address: 0xcf83b238
  Set: 713 Way: 0 Address: 0xcf83b248
  Set: 727 Way: 0 Address: 0xc0d9b5d8
  Set: 754 Way: 0 Address: 0x36889bcb8
  Set: 755 Way: 0 Address: 0x36889bcd0
  Set: 765 Way: 0 Address: 0x394edbf40
  Set: 765 Way: 1 Address: 0x36889bf78
  Set: 766 Way: 0 Address: 0x36889bf90
  Set: 767 Way: 0 Address: 0x394edbfd8
  Set: 768 Way: 0 Address: 0xdf85c000
  Set: 770 Way: 0 Address: 0x12c6fc098
  Set: 774 Way: 0 Address: 0x38e35c194
  Set: 774 Way: 1 Address: 0x28f0cc1bc
  Set: 775 Way: 0 Address: 0x38e35c1cc
  Set: 775 Way: 1 Address: 0x28f0cc1c0
  Set: 785 Way: 0 Address: 0x28f0cc440
  Set: 786 Way: 0 Address: 0x28f0cc480
  Set: 790 Way: 0 Address: 0x38e35c5a5
  Set: 791 Way: 0 Address: 0x38e35c5c5
  Set: 791 Way: 1 Address: 0x4dd9c5d8
  Set: 792 Way: 0 Address: 0x38e35c605
  Set: 796 Way: 0 Address: 0x28f0cc700
  Set: 797 Way: 0 Address: 0x28f0cc740
  Set: 800 Way: 0 Address: 0x4dd9c820
  Set: 811 Way: 0 Address: 0x1ae2ccaf8
  Set: 814 Way: 0 Address: 0x32f48cb80
  Set: 826 Way: 0 Address: 0x32502ce88
  Set: 831 Way: 0 Address: 0x29484cfd8
  Set: 840 Way: 0 Address: 0x1add230
  Set: 861 Way: 0 Address: 0xdb22d748
  Set: 868 Way: 0 Address: 0x1add930
  Set: 869 Way: 0 Address: 0x5588d96f
  Set: 875 Way: 0 Address: 0xe51bdaf0
  Set: 876 Way: 0 Address: 0xe51bdb10
  Set: 886 Way: 0 Address: 0xdb22dd80
  Set: 887 Way: 0 Address: 0x15164ddd6
  Set: 896 Way: 0 Address: 0x28b67e000
  Set: 900 Way: 0 Address: 0x2db79e106
  Set: 901 Way: 0 Address: 0x2db79e142
  Set: 902 Way: 0 Address: 0x2db79e181
  Set: 903 Way: 0 Address: 0x2db79e1c2
  Set: 904 Way: 0 Address: 0x2db79e201
  Set: 910 Way: 0 Address: 0x3734ee388
  Set: 912 Way: 0 Address: 0x2c077e400
  Set: 913 Way: 0 Address: 0x2c077e478
  Set: 915 Way: 0 Address: 0x2db79e4e1
  Set: 916 Way: 0 Address: 0x2db79e500
  Set: 917 Way: 0 Address: 0x2db79e542
  Set: 918 Way: 0 Address: 0x2db79e582
  Set: 919 Way: 0 Address: 0x2db79e5c2
  Set: 920 Way: 0 Address: 0x2db79e605
  Set: 920 Way: 1 Address: 0x2c077e634
  Set: 921 Way: 0 Address: 0x2db79e640
  Set: 922 Way: 0 Address: 0x2db79e680
  Set: 926 Way: 0 Address: 0x1f919e7b0
  Set: 927 Way: 0 Address: 0x28b67e7f8
  Set: 927 Way: 1 Address: 0x1f919e7c4
  Set: 928 Way: 0 Address: 0x1f919e801
  Set: 928 Way: 1 Address: 0x1c084e810
  Set: 929 Way: 0 Address: 0x1f919e841
  Set: 930 Way: 0 Address: 0x1f919e882
  Set: 931 Way: 0 Address: 0x1f919e8e0
  Set: 932 Way: 0 Address: 0x7d0ee926
  Set: 937 Way: 0 Address: 0x1f919ea60
  Set: 938 Way: 0 Address: 0x1f919ea8f
  Set: 939 Way: 0 Address: 0x1f919eac0
  Set: 939 Way: 1 Address: 0x2f5d8eae8
  Set: 941 Way: 0 Address: 0x2f5d8eb60
  Set: 941 Way: 1 Address: 0x2c077eb44
  Set: 942 Way: 0 Address: 0x2f5d8eb80
  Set: 944 Way: 0 Address: 0x20597ec20
  Set: 945 Way: 0 Address: 0x20597ec50
  Set: 946 Way: 0 Address: 0x20597ecb8
  Set: 947 Way: 0 Address: 0x20597ecff
  Set: 948 Way: 0 Address: 0x1f919ed1f
  Set: 948 Way: 1 Address: 0x20597ed38
  Set: 949 Way: 0 Address: 0x20597ed64
  Set: 950 Way: 0 Address: 0x20597edb8
  Set: 951 Way: 0 Address: 0x20597edc0
  Set: 952 Way: 0 Address: 0x20597ee00
  Set: 953 Way: 0 Address: 0x20597ee40
  Set: 954 Way: 0 Address: 0x20597ee80
  Set: 955 Way: 0 Address: 0x20597eec0
  Set: 956 Way: 0 Address: 0x20597ef00
  Set: 957 Way: 0 Address: 0x20597ef40
  Set: 958 Way: 0 Address: 0x20597ef80
  Set: 959 Way: 0 Address: 0x2c077efd0
  Set: 959 Way: 1 Address: 0x20597efc0
  Set: 961 Way: 0 Address: 0x23756f070
  Set: 964 Way: 0 Address: 0x22272f13c
  Set: 965 Way: 0 Address: 0x22272f15f
  Set: 967 Way: 0 Address: 0x16390f1e0
  Set: 968 Way: 0 Address: 0x16390f200
  Set: 969 Way: 0 Address: 0x16390f248
  Set: 969 Way: 1 Address: 0x23756f240
  Set: 970 Way: 0 Address: 0x16390f2b8
  Set: 971 Way: 0 Address: 0x16390f2d0
  Set: 972 Way: 0 Address: 0x16390f330
  Set: 973 Way: 0 Address: 0x16390f340
  Set: 974 Way: 0 Address: 0x16390f390
  Set: 975 Way: 0 Address: 0x16390f3f8
  Set: 975 Way: 1 Address: 0x22272f3fc
  Set: 976 Way: 0 Address: 0x16390f418
  Set: 976 Way: 1 Address: 0x22272f41f
  Set: 977 Way: 0 Address: 0x16390f470
  Set: 979 Way: 0 Address: 0x3567df4e0
  Set: 980 Way: 0 Address: 0x16390f515
  Set: 981 Way: 0 Address: 0x16390f554
  Set: 982 Way: 0 Address: 0x16390f580
  Set: 984 Way: 0 Address: 0x16390f618
  Set: 985 Way: 0 Address: 0x16390f640
  Set: 986 Way: 0 Address: 0x16390f68c
  Set: 986 Way: 1 Address: 0x22272f6bc
  Set: 987 Way: 0 Address: 0x16390f6e2
  Set: 987 Way: 1 Address: 0x22272f6df
  Set: 988 Way: 0 Address: 0x16390f730
  Set: 989 Way: 0 Address: 0x16390f778
  Set: 990 Way: 0 Address: 0x16390f788
  Set: 991 Way: 0 Address: 0x16390f7ec
  Set: 997 Way: 0 Address: 0x22272f97c
  Set: 998 Way: 0 Address: 0x22272f99f
  Set: 998 Way: 1 Address: 0x16390f9a8
  Set: 999 Way: 0 Address: 0x16390f9c0
  Set: 1000 Way: 0 Address: 0x16390fa10
  Set: 1008 Way: 0 Address: 0x22272fc3c
  Set: 1009 Way: 0 Address: 0x22272fc52
  Set: 1010 Way: 0 Address: 0x16390fc98
  Set: 1019 Way: 0 Address: 0x22272fefc
  Set: 1020 Way: 0 Address: 0x143eff20
  Set: 1020 Way: 1 Address: 0xee86ff38
  Set: 1020 Way: 2 Address: 0x22272ff01
  Set: 1023 Way: 0 Address: 0x143effd8
EndCache
Cache: cpu0_L1I
  Set: 0 Way: 0 Address: 0x2fa0c9010
  Set: 1 Way: 0 Address: 0x2fa0c9040
  Set: 2 Way: 0 Address: 0x2fa0c90b3
  Set: 3 Way: 0 Address: 0x2015980ef
  Set: 4 Way: 0 Address: 0x2db79e135
  Set: 4 Way: 1 Address: 0x201598129
  Set: 5 Way: 0 Address: 0x2db79e142
  Set: 5 Way: 1 Address: 0x201598146
  Set: 6 Way: 0 Address: 0x2db79e181
  Set: 6 Way: 1 Address: 0x2015981a9
  Set: 6 Way: 2 Address: 0xc67da1a8
  Set: 7 Way: 0 Address: 0x1c84e21c2
  Set: 7 Way: 1 Address: 0x2db79e1c2
  Set: 7 Way: 2 Address: 0x2015981e2
  Set: 7 Way: 3 Address: 0xc67da1da
  Set: 8 Way: 0 Address: 0x2db79e201
  Set: 8 Way: 1 Address: 0x3d87a621b
  Set: 8 Way: 2 Address: 0x2fa0c9210
  Set: 8 Way: 3 Address: 0x201598201
  Set: 8 Way: 4 Address: 0xc67da222
  Set: 9 Way: 0 Address: 0x3d87a627a
  Set: 9 Way: 1 Address: 0x2fa0c9277
  Set: 9 Way: 2 Address: 0xc67da242
  Set: 10 Way: 0 Address: 0x3d87a6283
  Set: 10 Way: 1 Address: 0x2fa0c9287
  Set: 10 Way: 2 Address: 0xc67da29f
  Set: 11 Way: 0 Address: 0x3d87a62c7
  Set: 11 Way: 1 Address: 0x2fa0c92c0
  Set: 11 Way: 2 Address: 0xc67da2ea
  Set: 12 Way: 0 Address: 0x2fa0c9300
  Set: 12 Way: 1 Address: 0x3d87a6300
  Set: 12 Way: 2 Address: 0xc67da307
  Set: 13 Way: 0 Address: 0xc67da345
  Set: 14 Way: 0 Address: 0xc67da3aa
  Set: 15 Way: 0 Address: 0x1c84e23fb
  Set: 15 Way: 1 Address: 0xc67da3f2
  Set: 16 Way: 0 Address: 0x1c84e2400
  Set: 16 Way: 1 Address: 0xc67da43e
  Set: 17 Way: 0 Address: 0x2fa0c945f
  Set: 17 Way: 1 Address: 0xc67da449
  Set: 18 Way: 0 Address: 0x2fa0c9480
  Set: 18 Way: 1 Address: 0xc67da4bc
  Set: 19 Way: 0 Address: 0x2db79e4e1
  Set: 19 Way: 1 Address: 0x2fa0c94c6
  Set: 19 Way: 2 Address: 0xc67da4c7
  Set: 20 Way: 0 Address: 0x2db79e52c
  Set: 20 Way: 1 Address: 0x2fa0c9500
  Set: 20 Way: 2 Address: 0xc67da50b
  Set: 21 Way: 0 Address: 0x2db79e542
  Set: 21 Way: 1 Address: 0x2fa0c9541
  Set: 22 Way: 0 Address: 0x2db79e5ad
  Set: 23 Way: 0 Address: 0x2db79e5e6
  Set: 24 Way: 0 Address: 0x2db79e625
  Set: 25 Way: 0 Address: 0x2db79e677
  Set: 26 Way: 0 Address: 0x2db79e680
  Set: 26 Way: 1 Address: 0x2fa0c96b5
  Set: 27 Way: 0 Address: 0x2fa0c96e5
  Set: 28 Way: 0 Address: 0x1aafb8720
  Set: 28 Way: 1 Address: 0x2fa0c972e
  Set: 28 Way: 2 Address: 0xc67da710
  Set: 29 Way: 0 Address: 0x1aafb8762
  Set: 29 Way: 1 Address: 0x2fa0c9743
  Set: 30 Way: 0 Address: 0x1aafb87bd
  Set: 30 Way: 1 Address: 0x1f919e7b0
  Set: 30 Way: 2 Address: 0x2fa0c979c
  Set: 31 Way: 0 Address: 0x1aafb87f1
  Set: 31 Way: 1 Address: 0x1f919e7ef
  Set: 31 Way: 2 Address: 0x27d4c67ea
  Set: 32 Way: 0 Address: 0x1aafb8802
  Set: 32 Way: 1 Address: 0x1f919e81e
  Set: 32 Way: 2 Address: 0x27d4c6801
  Set: 33 Way: 0 Address: 0x1f919e86c
  Set: 33 Way: 1 Address: 0x27d4c6843
  Set: 33 Way: 2 Address: 0x181c81870
  Set: 34 Way: 0 Address: 0x1f919e882
  Set: 34 Way: 1 Address: 0x181c818b2
  Set: 35 Way: 0 Address: 0x1f919e8e0
  Set: 35 Way: 1 Address: 0x181c818e4
  Set: 36 Way: 0 Address: 0x181c81906
  Set: 36 Way: 1 Address: 0x2fa0c9900
  Set: 36 Way: 2 Address: 0xc67da93a
  Set: 37 Way: 0 Address: 0x181c81969
  Set: 37 Way: 1 Address: 0x2fa0c9968
  Set: 37 Way: 2 Address: 0xc67da97d
  Set: 38 Way: 0 Address: 0x2fa0c9980
  Set: 38 Way: 1 Address: 0xc67da9b2
  Set: 39 Way: 0 Address: 0xc67da9e1
  Set: 41 Way: 0 Address: 0x1f919ea65
  Set: 41 Way: 1 Address: 0xc67daa51
  Set: 42 Way: 0 Address: 0x1f919eab7
  Set: 42 Way: 1 Address: 0x181c81a87
  Set: 42 Way: 2 Address: 0xc67daaa1
  Set: 42 Way: 3 Address: 0x201598a90
  Set: 43 Way: 0 Address: 0x1f919eac0
  Set: 43 Way: 1 Address: 0x181c81ac3
  Set: 43 Way: 2 Address: 0xc67daafe
  Set: 43 Way: 3 Address: 0x201598ac3
  Set: 44 Way: 0 Address: 0x181c81b22
  Set: 44 Way: 1 Address: 0xc67dab3e
  Set: 44 Way: 2 Address: 0x201598b2d
  Set: 45 Way: 0 Address: 0x181c81b43
  Set: 45 Way: 1 Address: 0xc67dab7b
  Set: 45 Way: 2 Address: 0x201598b7e
  Set: 46 Way: 0 Address: 0x181c81ba0
  Set: 46 Way: 1 Address: 0x2fa0c9bb2
  Set: 46 Way: 2 Address: 0xc67dab83
  Set: 46 Way: 3 Address: 0x201598bb0
  Set: 47 Way: 0 Address: 0x181c81bdd
  Set: 47 Way: 1 Address: 0x2fa0c9bf7
  Set: 47 Way: 2 Address: 0x201598bf1
  Set: 48 Way: 0 Address: 0x181c81c19
  Set: 48 Way: 1 Address: 0x2fa0c9c00
  Set: 48 Way: 2 Address: 0x379d39c30
  Set: 48 Way: 3 Address: 0x201598c27
  Set: 49 Way: 0 Address: 0x181c81c41
  Set: 49 Way: 1 Address: 0x34a873c70
  Set: 49 Way: 2 Address: 0xc67dac4d
  Set: 49 Way: 3 Address: 0x379d39c59
  Set: 49 Way: 4 Address: 0x201598c43
  Set: 50 Way: 0 Address: 0x201598cad
  Set: 50 Way: 1 Address: 0x181c81c82
  Set: 50 Way: 2 Address: 0x34a873c81
  Set: 50 Way: 3 Address: 0x379d39c98
  Set: 51 Way: 0 Address: 0x201598cc1
  Set: 51 Way: 1 Address: 0x181c81cf3
  Set: 51 Way: 2 Address: 0x34a873cfe
  Set: 51 Way: 3 Address: 0x379d39cc1
  Set: 52 Way: 0 Address: 0x201598d31
  Set: 52 Way: 1 Address: 0x1f919ed1f
  Set: 52 Way: 2 Address: 0x181c81d02
  Set: 52 Way: 3 Address: 0x34a873d25
  Set: 53 Way: 0 Address: 0x201598d6b
  Set: 53 Way: 1 Address: 0x34a873d60
  Set: 53 Way: 2 Address: 0x181c81d41
  Set: 53 Way: 3 Address: 0xc67dad79
  Set: 54 Way: 0 Address: 0x201598db5
  Set: 54 Way: 1 Address: 0x34a873d83
  Set: 54 Way: 2 Address: 0xc67dad81
  Set: 55 Way: 0 Address: 0x201598df0
  Set: 55 Way: 1 Address: 0x34a873de2
  Set: 55 Way: 2 Address: 0x247006de2
  Set: 56 Way: 0 Address: 0x201598e02
  Set: 56 Way: 1 Address: 0x34a873e1f
  Set: 56 Way: 2 Address: 0x247006e02
  Set: 57 Way: 0 Address: 0x201598e61
  Set: 57 Way: 1 Address: 0x34a873e73
  Set: 58 Way: 0 Address: 0x201598e81
  Set: 58 Way: 1 Address: 0x34a873eb5
  Set: 59 Way: 0 Address: 0x34a873ef7
  Set: 59 Way: 1 Address: 0x181c81ecf
  Set: 60 Way: 0 Address: 0x34a873f39
  Set: 60 Way: 1 Address: 0x181c81f27
  Set: 61 Way: 0 Address: 0x34a873f7d
  Set: 61 Way: 1 Address: 0x181c81f62
  Set: 62 Way: 0 Address: 0x34a873fb6
  Set: 62 Way: 1 Address: 0x181c81fa4
  Set: 63 Way: 0 Address: 0x34a873fc0
  Set: 63 Way: 1 Address: 0x181c81fee
EndCache
Cache: cpu0_L1D
  Set: 0 Way: 0 Address: 0xdf85c000
  Set: 0 Way: 1 Address: 0x28b67e000
  Set: 0 Way: 2 Address: 0x229b9a000
  Set: 0 Way: 3 Address: 0x195f15010
  Set: 0 Way: 4 Address: 0x113201010
  Set: 0 Way: 5 Address: 0x9cff2018
  Set: 0 Way: 6 Address: 0x1064c2019
  Set: 0 Way: 7 Address: 0x28420b020
  Set: 0 Way: 8 Address: 0x16a859020
  Set: 0 Way: 9 Address: 0x3fe58010
  Set: 0 Way: 10 Address: 0x2ee36903e
  Set: 1 Way: 0 Address: 0x113201068
  Set: 1 Way: 1 Address: 0x223eda068
  Set: 1 Way: 2 Address: 0x2ee36905a
  Set: 1 Way: 3 Address: 0x342b40070
  Set: 1 Way: 4 Address: 0x23756f070
  Set: 1 Way: 5 Address: 0x312099078
  Set: 1 Way: 6 Address: 0x2c8749078
  Set: 1 Way: 7 Address: 0x30988707d
  Set: 2 Way: 0 Address: 0x195f15098
  Set: 2 Way: 1 Address: 0x12c6fc098
  Set: 2 Way: 2 Address: 0x1995f2080
  Set: 2 Way: 3 Address: 0x3098870a0
  Set: 3 Way: 0 Address: 0x276ff70f0
  Set: 3 Way: 1 Address: 0x37f4260ff
  Set: 4 Way: 0 Address: 0x14bb10138
  Set: 4 Way: 1 Address: 0x3b377b138
  Set: 4 Way: 2 Address: 0x260091130
  Set: 4 Way: 3 Address: 0x37f42610a
  Set: 4 Way: 4 Address: 0x22272f13e
  Set: 5 Way: 0 Address: 0x22272f15b
  Set: 5 Way: 1 Address: 0x14bb10140
  Set: 5 Way: 2 Address: 0xbeea7140
  Set: 5 Way: 3 Address: 0x2c9898148
  Set: 5 Way: 4 Address: 0xc0d9b150
  Set: 5 Way: 5 Address: 0x8a579168
  Set: 5 Way: 6 Address: 0x276ff7168
  Set: 6 Way: 0 Address: 0x38e35c194
  Set: 6 Way: 1 Address: 0x1b0f151bd
  Set: 6 Way: 2 Address: 0x28f0cc1bf
  Set: 7 Way: 0 Address: 0x16390f1f0
  Set: 7 Way: 1 Address: 0x1b0f151db
  Set: 7 Way: 2 Address: 0x38e35c1c8
  Set: 7 Way: 3 Address: 0x28a9401f0
  Set: 7 Way: 4 Address: 0x28420b1f0
  Set: 7 Way: 5 Address: 0x28f0cc1c7
  Set: 7 Way: 6 Address: 0x1ab441ec
  Set: 8 Way: 0 Address: 0x113201228
  Set: 8 Way: 1 Address: 0x2a4841228
  Set: 8 Way: 2 Address: 0x16390f210
  Set: 8 Way: 3 Address: 0x1add230
  Set: 8 Way: 4 Address: 0x2177f0230
  Set: 8 Way: 5 Address: 0x292959238
  Set: 8 Way: 6 Address: 0xcf83b238
  Set: 8 Way: 7 Address: 0x272585220
  Set: 8 Way: 8 Address: 0x28a940220
  Set: 8 Way: 9 Address: 0x3232f323f
  Set: 8 Way: 10 Address: 0x112417238
  Set: 9 Way: 0 Address: 0x292959240
  Set: 9 Way: 1 Address: 0x16390f248
  Set: 9 Way: 2 Address: 0x3232f325b
  Set: 9 Way: 3 Address: 0x23756f240
  Set: 9 Way: 4 Address: 0x257713240
  Set: 9 Way: 5 Address: 0x312099250
  Set: 9 Way: 6 Address: 0x2c8749258
  Set: 9 Way: 7 Address: 0x272585258
  Set: 9 Way: 8 Address: 0x112417250
  Set: 9 Way: 9 Address: 0xcf83b248
  Set: 9 Way: 10 Address: 0x12c077248
  Set: 9 Way: 11 Address: 0xf6e8127f
  Set: 10 Way: 0 Address: 0x16390f2b8
  Set: 10 Way: 1 Address: 0xf6e812a0
  Set: 10 Way: 2 Address: 0x1064c2293
  Set: 11 Way: 0 Address: 0x16390f2d0
  Set: 11 Way: 1 Address: 0x354d352fe
  Set: 11 Way: 2 Address: 0x1064c22c0
  Set: 11 Way: 3 Address: 0x2ee3692fe
  Set: 12 Way: 0 Address: 0x16390f300
  Set: 12 Way: 1 Address: 0x354d35310
  Set: 12 Way: 2 Address: 0x2ee369321
  Set: 12 Way: 3 Address: 0x6b744310
  Set: 12 Way: 4 Address: 0x30988733e
  Set: 13 Way: 0 Address: 0x309887360
  Set: 13 Way: 1 Address: 0x16390f340
  Set: 13 Way: 2 Address: 0x3bdb2378
  Set: 13 Way: 3 Address: 0x101c26378
  Set: 14 Way: 0 Address: 0x3734ee388
  Set: 14 Way: 1 Address: 0xc7078390
  Set: 14 Way: 2 Address: 0x6d0c2390
  Set: 14 Way: 3 Address: 0x16390f390
  Set: 14 Way: 4 Address: 0x84896380
  Set: 14 Way: 5 Address: 0x6b7443a0
  Set: 14 Way: 6 Address: 0x37f4263be
  Set: 15 Way: 0 Address: 0x16390f3f8
  Set: 15 Way: 1 Address: 0x37f4263c1
  Set: 15 Way: 2 Address: 0x22272f3fe
  Set: 16 Way: 0 Address: 0x16390f418
  Set: 16 Way: 1 Address: 0x22272f41d
  Set: 16 Way: 2 Address: 0x2c077e400
  Set: 16 Way: 3 Address: 0x358da7430
  Set: 16 Way: 4 Address: 0x3704c743e
  Set: 17 Way: 0 Address: 0x16390f478
  Set: 17 Way: 1 Address: 0x2c077e478
  Set: 17 Way: 2 Address: 0x3704c7446
  Set: 17 Way: 3 Address: 0x358da7440
  Set: 17 Way: 4 Address: 0x1b0f1547f
  Set: 17 Way: 5 Address: 0x28f0cc458
  Set: 18 Way: 0 Address: 0x1b0f1549b
  Set: 18 Way: 1 Address: 0x28f0cc487
  Set: 18 Way: 2 Address: 0x1ab444ac
  Set: 19 Way: 0 Address: 0x3567df4e0
  Set: 19 Way: 1 Address: 0x3232f34ff
  Set: 19 Way: 2 Address: 0x1124174f8
  Set: 20 Way: 0 Address: 0x16390f531
  Set: 20 Way: 1 Address: 0x3232f3519
  Set: 20 Way: 2 Address: 0x112417510
  Set: 20 Way: 3 Address: 0xf6e8153f
  Set: 21 Way: 0 Address: 0x16390f556
  Set: 21 Way: 1 Address: 0xf6e81560
  Set: 21 Way: 2 Address: 0x5d6e9550
  Set: 22 Way: 0 Address: 0x16390f587
  Set: 22 Way: 1 Address: 0x38e35c5a5
  Set: 22 Way: 2 Address: 0x2ee3695bf
  Set: 23 Way: 0 Address: 0xc70785d0
  Set: 23 Way: 1 Address: 0x38e35c5f1
  Set: 23 Way: 2 Address: 0x6d0c25c8
  Set: 23 Way: 3 Address: 0x211d165c8
  Set: 23 Way: 4 Address: 0xc0d9b5d8
  Set: 23 Way: 5 Address: 0x4dd9c5d8
  Set: 23 Way: 6 Address: 0x2ee3695c0
  Set: 23 Way: 7 Address: 0x3098875ff
  Set: 24 Way: 0 Address: 0x30988761c
  Set: 24 Way: 1 Address: 0x38e35c610
  Set: 24 Way: 2 Address: 0x16390f630
  Set: 24 Way: 3 Address: 0x2c077e634
  Set: 25 Way: 0 Address: 0x6e62065a
  Set: 25 Way: 1 Address: 0x16390f640
  Set: 25 Way: 2 Address: 0x37f426679
  Set: 26 Way: 0 Address: 0x16390f68c
  Set: 26 Way: 1 Address: 0x37f426681
  Set: 26 Way: 2 Address: 0x22272f6be
  Set: 27 Way: 0 Address: 0xb80046c8
  Set: 27 Way: 1 Address: 0x16390f6e2
  Set: 27 Way: 2 Address: 0x22272f6da
  Set: 27 Way: 3 Address: 0x62d126fc
  Set: 28 Way: 0 Address: 0x16390f728
  Set: 28 Way: 1 Address: 0x62d1270c
  Set: 28 Way: 2 Address: 0x1b0f1573f
  Set: 28 Way: 3 Address: 0x28f0cc717
  Set: 29 Way: 0 Address: 0x16390f778
  Set: 29 Way: 1 Address: 0x1b0f1575d
  Set: 29 Way: 2 Address: 0xdb22d748
  Set: 29 Way: 3 Address: 0x8754a748
  Set: 29 Way: 4 Address: 0x1ab4476c
  Set: 30 Way: 0 Address: 0x16390f788
  Set: 30 Way: 1 Address: 0x3232f37bf
  Set: 30 Way: 2 Address: 0x1124177b8
  Set: 31 Way: 0 Address: 0x28b67e7f8
  Set: 31 Way: 1 Address: 0x263c137f8
  Set: 31 Way: 2 Address: 0x3232f37db
  Set: 31 Way: 3 Address: 0x16390f7e4
  Set: 31 Way: 4 Address: 0x1124177d0
  Set: 31 Way: 5 Address: 0xf6e817fe
  Set: 32 Way: 0 Address: 0xf6e81821
  Set: 32 Way: 1 Address: 0x211d16810
  Set: 32 Way: 2 Address: 0x1c084e810
  Set: 32 Way: 3 Address: 0x14bb10818
  Set: 32 Way: 4 Address: 0x4dd9c820
  Set: 32 Way: 5 Address: 0x3bdb2820
  Set: 33 Way: 0 Address: 0x133c92860
  Set: 33 Way: 1 Address: 0x2ee369879
  Set: 34 Way: 0 Address: 0x2ee369881
  Set: 34 Way: 1 Address: 0x3098878bf
  Set: 35 Way: 0 Address: 0x3098878da
  Set: 35 Way: 1 Address: 0x57be58d0
  Set: 35 Way: 2 Address: 0x6e6208e4
  Set: 36 Way: 0 Address: 0x223eda930
  Set: 36 Way: 1 Address: 0x1add930
  Set: 36 Way: 2 Address: 0x6e62091d
  Set: 36 Way: 3 Address: 0x3b0803930
  Set: 36 Way: 4 Address: 0x7d0ee926
  Set: 36 Way: 5 Address: 0x37f42691a
  Set: 37 Way: 0 Address: 0x5588d97f
  Set: 37 Way: 1 Address: 0x2177f0950
  Set: 37 Way: 2 Address: 0x342b40950
  Set: 37 Way: 3 Address: 0x57be5948
  Set: 37 Way: 4 Address: 0x37f426941
  Set: 37 Way: 5 Address: 0x22272f97e
  Set: 38 Way: 0 Address: 0x22272f99b
  Set: 38 Way: 1 Address: 0x16390f9a8
  Set: 38 Way: 2 Address: 0x1909739ab
  Set: 39 Way: 0 Address: 0x16390f9d8
  Set: 39 Way: 1 Address: 0x1b0f159ff
  Set: 40 Way: 0 Address: 0x1b0f15a1a
  Set: 40 Way: 1 Address: 0x16390fa08
  Set: 40 Way: 2 Address: 0x1ab44a2c
  Set: 41 Way: 0 Address: 0x3c56b3a58
  Set: 41 Way: 1 Address: 0x260091a58
  Set: 41 Way: 2 Address: 0x3232f3a7f
  Set: 41 Way: 3 Address: 0x112417a78
  Set: 42 Way: 0 Address: 0x3232f3a98
  Set: 42 Way: 1 Address: 0x112417a90
  Set: 42 Way: 2 Address: 0xf6e81abe
  Set: 43 Way: 0 Address: 0xf6e81add
  Set: 43 Way: 1 Address: 0x2f5d8eae8
  Set: 43 Way: 2 Address: 0x3b0803ad8
  Set: 43 Way: 3 Address: 0x168ef0af8
  Set: 43 Way: 4 Address: 0x1ae2ccaf8
  Set: 43 Way: 5 Address: 0x31be12af0
  Set: 43 Way: 6 Address: 0xe51bdaf0
  Set: 43 Way: 7 Address: 0x57be5af8
  Set: 43 Way: 8 Address: 0x133c92afb
  Set: 44 Way: 0 Address: 0x133c92b1a
  Set: 44 Way: 1 Address: 0x3b0803b32
  Set: 44 Way: 2 Address: 0x19c791b00
  Set: 44 Way: 3 Address: 0x168ef0b00
  Set: 44 Way: 4 Address: 0xe51bdb10
  Set: 44 Way: 5 Address: 0x1132fab10
  Set: 44 Way: 6 Address: 0x2ee369b19
  Set: 45 Way: 0 Address: 0x2f5d8eb60
  Set: 45 Way: 1 Address: 0x19c791b60
  Set: 45 Way: 2 Address: 0x2c077eb44
  Set: 45 Way: 3 Address: 0x3dae66b5c
  Set: 45 Way: 4 Address: 0x2ee369b41
  Set: 45 Way: 5 Address: 0x309887b7f
  Set: 46 Way: 0 Address: 0x309887b9a
  Set: 46 Way: 1 Address: 0x2f5d8eb80
  Set: 46 Way: 2 Address: 0x32f48cb80
  Set: 46 Way: 3 Address: 0x3dae66ba0
  Set: 46 Way: 4 Address: 0x2db378bb8
  Set: 46 Way: 5 Address: 0xa3a52bb0
  Set: 46 Way: 6 Address: 0x6e620bbc
  Set: 47 Way: 0 Address: 0x6e620bda
  Set: 47 Way: 1 Address: 0x2fbe97bc0
  Set: 48 Way: 0 Address: 0x20597ec20
  Set: 48 Way: 1 Address: 0x22272fc3e
  Set: 48 Way: 2 Address: 0x3bdd78c21
  Set: 49 Way: 0 Address: 0x3dae66c40
  Set: 49 Way: 1 Address: 0x3bdd78c5a
  Set: 49 Way: 2 Address: 0x20597ec50
  Set: 49 Way: 3 Address: 0x22272fc58
  Set: 49 Way: 4 Address: 0x190973c6c
  Set: 50 Way: 0 Address: 0x20597ec98
  Set: 50 Way: 1 Address: 0x16390fc98
  Set: 50 Way: 2 Address: 0x1b0f15cbf
  Set: 50 Way: 3 Address: 0x36889bcb8
  Set: 51 Way: 0 Address: 0x1b0f15cdb
  Set: 51 Way: 1 Address: 0x20597ecff
  Set: 51 Way: 2 Address: 0x168ef0cf0
  Set: 51 Way: 3 Address: 0x31be12cf0
  Set: 51 Way: 4 Address: 0x36889bcd0
  Set: 51 Way: 5 Address: 0x1ab44cec
  Set: 52 Way: 0 Address: 0x1ab44d1c
  Set: 52 Way: 1 Address: 0x20597ed08
  Set: 52 Way: 2 Address: 0x6b744d24
  Set: 52 Way: 3 Address: 0x3232f3d3f
  Set: 52 Way: 4 Address: 0x112417d38
  Set: 53 Way: 0 Address: 0x3232f3d59
  Set: 53 Way: 1 Address: 0x20597ed70
  Set: 53 Way: 2 Address: 0x112417d50
  Set: 53 Way: 3 Address: 0xf6e81d7e
  Set: 54 Way: 0 Address: 0xf6e81d9a
  Set: 54 Way: 1 Address: 0x20597edb8
  Set: 54 Way: 2 Address: 0x1132fad80
  Set: 54 Way: 3 Address: 0xdb22dd80
  Set: 54 Way: 4 Address: 0x133c92dbc
  Set: 55 Way: 0 Address: 0x133c92de0
  Set: 55 Way: 1 Address: 0x20597edd4
  Set: 55 Way: 2 Address: 0x15164ddd6
  Set: 55 Way: 3 Address: 0x2ee369dd9
  Set: 56 Way: 0 Address: 0x3c1074e00
  Set: 56 Way: 1 Address: 0x20597ee37
  Set: 56 Way: 2 Address: 0x6b744e00
  Set: 56 Way: 3 Address: 0x309887e3f
  Set: 57 Way: 0 Address: 0x3c1074e50
  Set: 57 Way: 1 Address: 0x309887e60
  Set: 57 Way: 2 Address: 0x20597ee47
  Set: 57 Way: 3 Address: 0x6e620e7e
  Set: 57 Way: 4 Address: 0x34a0e5e7c
  Set: 58 Way: 0 Address: 0x129934e98
  Set: 58 Way: 1 Address: 0x6e620e9b
  Set: 58 Way: 2 Address: 0x34a0e5e9c
  Set: 58 Way: 3 Address: 0x31be12e88
  Set: 58 Way: 4 Address: 0x32502ce88
  Set: 58 Way: 5 Address: 0x1c6532e88
  Set: 58 Way: 6 Address: 0x20597ee87
  Set: 59 Way: 0 Address: 0x3c1074ec0
  Set: 59 Way: 1 Address: 0x20597eec7
  Set: 59 Way: 2 Address: 0x22272fefe
  Set: 59 Way: 3 Address: 0x3bdd78ee9
  Set: 60 Way: 0 Address: 0x143eff20
  Set: 60 Way: 1 Address: 0xee86ff38
  Set: 60 Way: 2 Address: 0x3bdd78f1a
  Set: 60 Way: 3 Address: 0x2b2e93f00
  Set: 60 Way: 4 Address: 0xb84a9f00
  Set: 60 Way: 5 Address: 0x16668f28
  Set: 60 Way: 6 Address: 0x20597ef07
  Set: 60 Way: 7 Address: 0x22272ff07
  Set: 60 Way: 8 Address: 0x190973f2c
  Set: 61 Way: 0 Address: 0x394edbf40
  Set: 61 Way: 1 Address: 0x2b2e93f40
  Set: 61 Way: 2 Address: 0x20597ef47
  Set: 61 Way: 3 Address: 0x1b0f15f7f
  Set: 61 Way: 4 Address: 0x36889bf78
  Set: 62 Way: 0 Address: 0x1b0f15f9b
  Set: 62 Way: 1 Address: 0x36889bf90
  Set: 62 Way: 2 Address: 0x20597ef87
  Set: 62 Way: 3 Address: 0x34a0e5fbc
  Set: 62 Way: 4 Address: 0x1ab44fa3
  Set: 63 Way: 0 Address: 0x29484cfd8
  Set: 63 Way: 1 Address: 0x143effd8
  Set: 63 Way: 2 Address: 0x394edbfd8
  Set: 63 Way: 3 Address: 0x1ab44fd9
  Set: 63 Way: 4 Address: 0x2c077efd0
  Set: 63 Way: 5 Address: 0x34a0e5fdc
  Set: 63 Way: 6 Address: 0x20597efc7
  Set: 63 Way: 7 Address: 0x3232f3fff
  Set: 63 Way: 8 Address: 0x112417ff8
EndCache
Cache: cpu0_ITLB
  Set: 2 Way: 0 Address: 0x4028e0
  Set: 3 Way: 0 Address: 0x403400
  Set: 4 Way: 0 Address: 0x444b7b
  Set: 4 Way: 1 Address: 0x404c98
  Set: 5 Way: 0 Address: 0x445cc1
  Set: 6 Way: 0 Address: 0x446135
  Set: 8 Way: 0 Address: 0x44827a
  Set: 10 Way: 0 Address: 0x44a8e4
  Set: 11 Way: 0 Address: 0x44b040
  Set: 13 Way: 0 Address: 0x40d7bd
  Set: 14 Way: 0 Address: 0x40e7ea
  Set: 14 Way: 1 Address: 0x43ee02
  Set: 15 Way: 0 Address: 0x40fc81
EndCache
Cache: cpu0_DTLB
  Set: 0 Way: 0 Address: 0x27b0436
  Set: 0 Way: 1 Address: 0x7fd2fa670f94
  Set: 0 Way: 2 Address: 0x2760a58
  Set: 0 Way: 3 Address: 0x21e03a0
  Set: 1 Way: 0 Address: 0x7fd2fa671add
  Set: 1 Way: 1 Address: 0x27d1dd6
  Set: 2 Way: 0 Address: 0x7fd2fa67205a
  Set: 2 Way: 1 Address: 0x7fd2fa70291f
  Set: 2 Way: 2 Address: 0x2762168
  Set: 3 Way: 0 Address: 0x7fd2fa70341e
  Set: 4 Way: 0 Address: 0x21e45f1
  Set: 4 Way: 1 Address: 0x7fd2fa7041c7
  Set: 5 Way: 0 Address: 0x21e54e0
  Set: 6 Way: 0 Address: 0x52697f
  Set: 6 Way: 1 Address: 0x7fd2fa376f90
  Set: 7 Way: 0 Address: 0x21e7e50
  Set: 7 Way: 1 Address: 0x7fd2fa627f1a
  Set: 7 Way: 2 Address: 0x7ffedb247d08
  Set: 7 Way: 3 Address: 0x7fd2fa377d50
  Set: 8 Way: 0 Address: 0x7ffedb2481f0
  Set: 8 Way: 1 Address: 0x21e80f0
  Set: 8 Way: 2 Address: 0x7fd2fa6281df
  Set: 8 Way: 3 Address: 0x7fd2fa378010
  Set: 9 Way: 0 Address: 0x7fd2fa6b9b1a
  Set: 9 Way: 1 Address: 0x7fd2fa62925b
  Set: 9 Way: 2 Address: 0x7ffedb249550
  Set: 9 Way: 3 Address: 0x26e9430
  Set: 10 Way: 0 Address: 0x7fd2fa6ba61c
  Set: 10 Way: 1 Address: 0x7fd2fa62a019
  Set: 10 Way: 2 Address: 0x52a930
  Set: 11 Way: 0 Address: 0x21fb310
  Set: 11 Way: 1 Address: 0x7fd2fa6bb10a
  Set: 12 Way: 0 Address: 0x276ce9c
  Set: 13 Way: 0 Address: 0x275dc40
  Set: 14 Way: 0 Address: 0x279e926
  Set: 14 Way: 1 Address: 0x275eaf8
  Set: 15 Way: 0 Address: 0x275ffd0
  Set: 15 Way: 1 Address: 0x7fd2fa66f9ab
EndCache
Cache: LLC
  Set: 1 Way: 0 Address: 0x342b40070
  Set: 7 Way: 0 Address: 0x28a9401f0
  Set: 8 Way: 0 Address: 0x28a940220
  Set: 25 Way: 0 Address: 0x6e62065f
  Set: 35 Way: 0 Address: 0x6e6208e8
  Set: 36 Way: 0 Address: 0x6e62091f
  Set: 37 Way: 0 Address: 0x342b40950
  Set: 46 Way: 0 Address: 0x6e620bbc
  Set: 47 Way: 0 Address: 0x6e620bc0
  Set: 57 Way: 0 Address: 0x6e620e7c
  Set: 58 Way: 0 Address: 0x6e620e9f
  Set: 64 Way: 0 Address: 0x113201010
  Set: 65 Way: 0 Address: 0x113201068
  Set: 68 Way: 0 Address: 0x6e621100
  Set: 69 Way: 0 Address: 0x6e621140
  Set: 72 Way: 0 Address: 0x113201228
  Set: 72 Way: 1 Address: 0x2a4841228
  Set: 73 Way: 0 Address: 0xf6e8127b
  Set: 74 Way: 0 Address: 0xf6e81299
  Set: 79 Way: 0 Address: 0x6e6213c0
  Set: 80 Way: 0 Address: 0x6e621400
  Set: 84 Way: 0 Address: 0xf6e8153a
  Set: 85 Way: 0 Address: 0xf6e81559
  Set: 90 Way: 0 Address: 0x6e621680
  Set: 95 Way: 0 Address: 0xf6e817fa
  Set: 96 Way: 0 Address: 0xf6e8181e
  Set: 97 Way: 0 Address: 0x181c81870
  Set: 98 Way: 0 Address: 0x181c81881
  Set: 99 Way: 0 Address: 0x181c818c3
  Set: 100 Way: 0 Address: 0x181c81900
  Set: 101 Way: 0 Address: 0x181c81946
  Set: 102 Way: 0 Address: 0x181c81980
  Set: 106 Way: 0 Address: 0x181c81a87
  Set: 106 Way: 1 Address: 0xf6e81aba
  Set: 107 Way: 0 Address: 0xf6e81ada
  Set: 107 Way: 1 Address: 0x181c81ac3
  Set: 108 Way: 0 Address: 0x181c81b05
  Set: 109 Way: 0 Address: 0x181c81b43
  Set: 110 Way: 0 Address: 0x181c81b80
  Set: 111 Way: 0 Address: 0x181c81bc0
  Set: 112 Way: 0 Address: 0x181c81c03
  Set: 113 Way: 0 Address: 0x181c81c41
  Set: 114 Way: 0 Address: 0x181c81c80
  Set: 115 Way: 0 Address: 0x181c81cc1
  Set: 116 Way: 0 Address: 0x181c81d02
  Set: 117 Way: 0 Address: 0x181c81d40
  Set: 117 Way: 1 Address: 0xf6e81d7a
  Set: 118 Way: 0 Address: 0xf6e81d9a
  Set: 118 Way: 1 Address: 0x181c81d80
  Set: 123 Way: 0 Address: 0x181c81ecf
  Set: 124 Way: 0 Address: 0x181c81f27
  Set: 125 Way: 0 Address: 0x181c81f43
  Set: 126 Way: 0 Address: 0x181c81f80
  Set: 127 Way: 0 Address: 0x181c81fc4
  Set: 128 Way: 0 Address: 0x1064c201d
  Set: 135 Way: 0 Address: 0x1c84e21c2
  Set: 138 Way: 0 Address: 0x1064c2298
  Set: 139 Way: 0 Address: 0x1064c22c5
  Set: 142 Way: 0 Address: 0x6d0c2390
  Set: 143 Way: 0 Address: 0x1c84e23fb
  Set: 144 Way: 0 Address: 0x1c84e2400
  Set: 150 Way: 0 Address: 0x1064c2580
  Set: 151 Way: 0 Address: 0x6d0c25c8
  Set: 228 Way: 0 Address: 0x3b0803930
  Set: 235 Way: 0 Address: 0x3b0803ad8
  Set: 236 Way: 0 Address: 0x3b0803b32
  Set: 263 Way: 0 Address: 0x1ab441f0
  Set: 268 Way: 0 Address: 0x6b744310
  Set: 270 Way: 0 Address: 0x6b7443a0
  Set: 274 Way: 0 Address: 0x1ab444b0
  Set: 283 Way: 0 Address: 0xb80046c8
  Set: 285 Way: 0 Address: 0x1ab44770
  Set: 296 Way: 0 Address: 0x1ab44a30
  Set: 307 Way: 0 Address: 0x1ab44cc0
  Set: 308 Way: 0 Address: 0x1ab44d19
  Set: 308 Way: 1 Address: 0x6b744d24
  Set: 312 Way: 0 Address: 0x6b744e00
  Set: 318 Way: 0 Address: 0x1ab44f80
  Set: 319 Way: 0 Address: 0x1ab44fd9
  Set: 328 Way: 0 Address: 0x272585220
  Set: 329 Way: 0 Address: 0x272585258
  Set: 355 Way: 0 Address: 0x57be58d0
  Set: 357 Way: 0 Address: 0x57be5948
  Set: 363 Way: 0 Address: 0x57be5af8
  Set: 377 Way: 0 Address: 0x34a0e5e7c
  Set: 378 Way: 0 Address: 0x34a0e5e9c
  Set: 382 Way: 0 Address: 0x34a0e5fbc
  Set: 383 Way: 0 Address: 0x34a0e5fd8
  Set: 387 Way: 0 Address: 0x37f4260fa
  Set: 388 Way: 0 Address: 0x37f426103
  Set: 392 Way: 0 Address: 0x3d87a621b
  Set: 393 Way: 0 Address: 0x3d87a6240
  Set: 394 Way: 0 Address: 0x3d87a6283
  Set: 395 Way: 0 Address: 0x3d87a62c0
  Set: 396 Way: 0 Address: 0x3d87a6300
  Set: 397 Way: 0 Address: 0x3d87a6340
  Set: 397 Way: 1 Address: 0x101c26378
  Set: 398 Way: 0 Address: 0x37f4263ba
  Set: 399 Way: 0 Address: 0x37f4263c6
  Set: 409 Way: 0 Address: 0x37f42667e
  Set: 410 Way: 0 Address: 0x37f426680
  Set: 415 Way: 0 Address: 0x27d4c67d0
  Set: 416 Way: 0 Address: 0x27d4c6801
  Set: 417 Way: 0 Address: 0x27d4c6840
  Set: 418 Way: 0 Address: 0x27d4c6880
  Set: 420 Way: 0 Address: 0x37f426900
  Set: 421 Way: 0 Address: 0x37f426940
  Set: 429 Way: 0 Address: 0x3dae66b5c
  Set: 430 Way: 0 Address: 0x3dae66ba0
  Set: 431 Way: 0 Address: 0x37f426bc0
  Set: 432 Way: 0 Address: 0x37f426c00
  Set: 433 Way: 0 Address: 0x3dae66c40
  Set: 439 Way: 0 Address: 0x247006de2
  Set: 440 Way: 0 Address: 0x247006e02
  Set: 441 Way: 0 Address: 0x247006e40
  Set: 442 Way: 0 Address: 0x37f426e80
  Set: 449 Way: 0 Address: 0x30988707b
  Set: 450 Way: 0 Address: 0x30988709a
  Set: 453 Way: 0 Address: 0xbeea7140
  Set: 460 Way: 0 Address: 0x30988733a
  Set: 461 Way: 0 Address: 0x30988735e
  Set: 464 Way: 0 Address: 0x358da7430
  Set: 464 Way: 1 Address: 0x3704c743e
  Set: 465 Way: 0 Address: 0x3704c7446
  Set: 465 Way: 1 Address: 0x358da7440
  Set: 466 Way: 0 Address: 0x358da7480
  Set: 471 Way: 0 Address: 0x3098875fa
  Set: 472 Way: 0 Address: 0x30988761a
  Set: 482 Way: 0 Address: 0x309887880
  Set: 483 Way: 0 Address: 0x3098878da
  Set: 493 Way: 0 Address: 0x309887b7a
  Set: 494 Way: 0 Address: 0x309887b9a
  Set: 504 Way: 0 Address: 0x309887e00
  Set: 505 Way: 0 Address: 0x309887e5c
  Set: 515 Way: 0 Address: 0x3098880c0
  Set: 526 Way: 0 Address: 0x309888380
  Set: 537 Way: 0 Address: 0x309888640
  Set: 572 Way: 0 Address: 0x16668f28
  Set: 576 Way: 0 Address: 0x2fa0c9010
  Set: 576 Way: 1 Address: 0x2ee36903a
  Set: 577 Way: 0 Address: 0x2ee36905a
  Set: 577 Way: 1 Address: 0x2c8749078
  Set: 577 Way: 2 Address: 0x2fa0c9040
  Set: 578 Way: 0 Address: 0x2fa0c9080
  Set: 579 Way: 0 Address: 0x2fa0c90c0
  Set: 584 Way: 0 Address: 0x2fa0c9210
  Set: 585 Way: 0 Address: 0x2c8749258
  Set: 585 Way: 1 Address: 0x2fa0c9241
  Set: 586 Way: 0 Address: 0x2fa0c9287
  Set: 587 Way: 0 Address: 0x2fa0c92c0
  Set: 587 Way: 1 Address: 0x2ee3692c0
  Set: 588 Way: 0 Address: 0x2ee36931c
  Set: 588 Way: 1 Address: 0x2fa0c9300
  Set: 589 Way: 0 Address: 0x2fa0c9340
  Set: 593 Way: 0 Address: 0x2fa0c945f
  Set: 594 Way: 0 Address: 0x2fa0c9480
  Set: 595 Way: 0 Address: 0x2fa0c94c6
  Set: 596 Way: 0 Address: 0x2fa0c9500
  Set: 597 Way: 0 Address: 0x2fa0c9540
  Set: 597 Way: 1 Address: 0x5d6e9550
  Set: 598 Way: 0 Address: 0x2fa0c9580
  Set: 598 Way: 1 Address: 0x2ee369580
  Set: 599 Way: 0 Address: 0x2ee3695c0
  Set: 602 Way: 0 Address: 0x2fa0c96b5
  Set: 603 Way: 0 Address: 0x2fa0c96c3
  Set: 604 Way: 0 Address: 0x2fa0c9700
  Set: 605 Way: 0 Address: 0x2fa0c9743
  Set: 606 Way: 0 Address: 0x2fa0c9780
  Set: 607 Way: 0 Address: 0x2fa0c97c0
  Set: 609 Way: 0 Address: 0x2ee369840
  Set: 610 Way: 0 Address: 0x2ee369885
  Set: 612 Way: 0 Address: 0x2fa0c9900
  Set: 613 Way: 0 Address: 0x2fa0c9940
  Set: 614 Way: 0 Address: 0x2fa0c9980
  Set: 615 Way: 0 Address: 0x2fa0c99c0
  Set: 620 Way: 0 Address: 0x2ee369b00
  Set: 621 Way: 0 Address: 0x2ee369b40
  Set: 622 Way: 0 Address: 0x2fa0c9bb2
  Set: 623 Way: 0 Address: 0x2fa0c9bc1
  Set: 624 Way: 0 Address: 0x2fa0c9c00
  Set: 625 Way: 0 Address: 0x2fa0c9c40
  Set: 631 Way: 0 Address: 0x2ee369dd2
  Set: 636 Way: 0 Address: 0xb84a9f00
  Set: 669 Way: 0 Address: 0x8754a748
  Set: 704 Way: 0 Address: 0x28420b020
  Set: 711 Way: 0 Address: 0x28420b1f0
  Set: 774 Way: 0 Address: 0x28f0cc1bc
  Set: 775 Way: 0 Address: 0x28f0cc1c0
  Set: 785 Way: 0 Address: 0x28f0cc440
  Set: 786 Way: 0 Address: 0x28f0cc480
  Set: 796 Way: 0 Address: 0x28f0cc700
  Set: 797 Way: 0 Address: 0x28f0cc740
  Set: 798 Way: 0 Address: 0x28f0cc780
  Set: 807 Way: 0 Address: 0x28f0cc9c0
  Set: 811 Way: 0 Address: 0x1ae2ccaf8
  Set: 814 Way: 0 Address: 0x32f48cb80
  Set: 826 Way: 0 Address: 0x32502ce88
  Set: 831 Way: 0 Address: 0x29484cfd8
  Set: 861 Way: 0 Address: 0xdb22d748
  Set: 869 Way: 0 Address: 0x5588d96f
  Set: 886 Way: 0 Address: 0xdb22dd80
  Set: 887 Way: 0 Address: 0x15164ddd6
  Set: 910 Way: 0 Address: 0x3734ee388
  Set: 928 Way: 0 Address: 0x1c084e810
  Set: 932 Way: 0 Address: 0x7d0ee926
  Set: 939 Way: 0 Address: 0x2f5d8eae8
  Set: 941 Way: 0 Address: 0x2f5d8eb60
  Set: 942 Way: 0 Address: 0x2f5d8eb80
  Set: 961 Way: 0 Address: 0x23756f070
  Set: 964 Way: 0 Address: 0x22272f13c
  Set: 965 Way: 0 Address: 0x22272f15f
  Set: 967 Way: 0 Address: 0x16390f1e0
  Set: 968 Way: 0 Address: 0x16390f200
  Set: 969 Way: 0 Address: 0x16390f248
  Set: 969 Way: 1 Address: 0x23756f240
  Set: 970 Way: 0 Address: 0x16390f2b8
  Set: 971 Way: 0 Address: 0x16390f2d0
  Set: 972 Way: 0 Address: 0x16390f330
  Set: 973 Way: 0 Address: 0x16390f340
  Set: 974 Way: 0 Address: 0x16390f390
  Set: 975 Way: 0 Address: 0x16390f3f8
  Set: 975 Way: 1 Address: 0x22272f3fc
  Set: 976 Way: 0 Address: 0x16390f418
  Set: 976 Way: 1 Address: 0x22272f41f
  Set: 977 Way: 0 Address: 0x16390f470
  Set: 980 Way: 0 Address: 0x16390f515
  Set: 981 Way: 0 Address: 0x16390f554
  Set: 982 Way: 0 Address: 0x16390f580
  Set: 984 Way: 0 Address: 0x16390f618
  Set: 985 Way: 0 Address: 0x16390f640
  Set: 986 Way: 0 Address: 0x16390f68c
  Set: 986 Way: 1 Address: 0x22272f6bc
  Set: 987 Way: 0 Address: 0x16390f6e2
  Set: 987 Way: 1 Address: 0x22272f6c0
  Set: 988 Way: 0 Address: 0x16390f730
  Set: 989 Way: 0 Address: 0x16390f778
  Set: 990 Way: 0 Address: 0x16390f788
  Set: 991 Way: 0 Address: 0x16390f7ec
  Set: 997 Way: 0 Address: 0x22272f97c
  Set: 998 Way: 0 Address: 0x22272f99f
  Set: 998 Way: 1 Address: 0x16390f9a8
  Set: 999 Way: 0 Address: 0x16390f9c0
  Set: 1000 Way: 0 Address: 0x16390fa10
  Set: 1008 Way: 0 Address: 0x22272fc00
  Set: 1009 Way: 0 Address: 0x22272fc52
  Set: 1010 Way: 0 Address: 0x16390fc98
  Set: 1019 Way: 0 Address: 0x22272fefc
  Set: 1020 Way: 0 Address: 0x143eff20
  Set: 1020 Way: 1 Address: 0xee86ff38
  Set: 1020 Way: 2 Address: 0x22272ff01
  Set: 1023 Way: 0 Address: 0x143effd8
  Set: 1028 Way: 0 Address: 0x14bb10138
  Set: 1029 Way: 0 Address: 0x14bb10140
  Set: 1030 Way: 0 Address: 0x222730180
  Set: 1031 Way: 0 Address: 0x2227301c0
  Set: 1032 Way: 0 Address: 0x2177f0230
  Set: 1041 Way: 0 Address: 0x222730440
  Set: 1052 Way: 0 Address: 0x222730700
  Set: 1056 Way: 0 Address: 0x14bb10818
  Set: 1061 Way: 0 Address: 0x2177f0950
  Set: 1067 Way: 0 Address: 0x168ef0af8
  Set: 1068 Way: 0 Address: 0x168ef0b00
  Set: 1075 Way: 0 Address: 0x168ef0cf0
  Set: 1092 Way: 0 Address: 0x260091130
  Set: 1129 Way: 0 Address: 0x260091a58
  Set: 1132 Way: 0 Address: 0x19c791b00
  Set: 1133 Way: 0 Address: 0x19c791b60
  Set: 1152 Way: 0 Address: 0x9cff2018
  Set: 1154 Way: 0 Address: 0x1995f2080
  Set: 1165 Way: 0 Address: 0x3bdb2378
  Set: 1179 Way: 0 Address: 0x62d126fc
  Set: 1180 Way: 0 Address: 0x62d1270c
  Set: 1184 Way: 0 Address: 0x3bdb2820
  Set: 1185 Way: 0 Address: 0x133c9285a
  Set: 1195 Way: 0 Address: 0x31be12af0
  Set: 1195 Way: 1 Address: 0x133c92aff
  Set: 1196 Way: 0 Address: 0x133c92b1a
  Set: 1198 Way: 0 Address: 0xa3a52bb0
  Set: 1203 Way: 0 Address: 0x31be12cf0
  Set: 1206 Way: 0 Address: 0x133c92dbb
  Set: 1207 Way: 0 Address: 0x133c92dc0
  Set: 1210 Way: 0 Address: 0x31be12e88
  Set: 1210 Way: 1 Address: 0x1c6532e88
  Set: 1217 Way: 0 Address: 0x133c93040
  Set: 1224 Way: 0 Address: 0x3232f323f
  Set: 1225 Way: 0 Address: 0x3232f325f
  Set: 1225 Way: 1 Address: 0x257713240
  Set: 1228 Way: 0 Address: 0x133c93300
  Set: 1235 Way: 0 Address: 0x3232f34ff
  Set: 1236 Way: 0 Address: 0x3232f351d
  Set: 1239 Way: 0 Address: 0x133c935c0
  Set: 1246 Way: 0 Address: 0x3232f37bf
  Set: 1247 Way: 0 Address: 0x263c137f8
  Set: 1247 Way: 1 Address: 0x3232f37dd
  Set: 1254 Way: 0 Address: 0x1909739b0
  Set: 1257 Way: 0 Address: 0x3c56b3a58
  Set: 1257 Way: 1 Address: 0x3232f3a7f
  Set: 1258 Way: 0 Address: 0x3232f3a80
  Set: 1265 Way: 0 Address: 0x34a873c70
  Set: 1265 Way: 1 Address: 0x190973c70
  Set: 1266 Way: 0 Address: 0x34a873c81
  Set: 1267 Way: 0 Address: 0x34a873cc0
  Set: 1268 Way: 0 Address: 0x34a873d02
  Set: 1268 Way: 1 Address: 0x3232f3d3f
  Set: 1269 Way: 0 Address: 0x3232f3d5d
  Set: 1269 Way: 1 Address: 0x34a873d41
  Set: 1270 Way: 0 Address: 0x34a873d83
  Set: 1271 Way: 0 Address: 0x34a873dc0
  Set: 1272 Way: 0 Address: 0x34a873e01
  Set: 1273 Way: 0 Address: 0x34a873e41
  Set: 1274 Way: 0 Address: 0x34a873e81
  Set: 1275 Way: 0 Address: 0x34a873ec2
  Set: 1276 Way: 0 Address: 0x34a873f04
  Set: 1276 Way: 1 Address: 0x2b2e93f00
  Set: 1276 Way: 2 Address: 0x190973f00
  Set: 1277 Way: 0 Address: 0x2b2e93f40
  Set: 1277 Way: 1 Address: 0x34a873f43
  Set: 1278 Way: 0 Address: 0x34a873f81
  Set: 1279 Way: 0 Address: 0x34a873fc0
  Set: 1279 Way: 1 Address: 0x3232f3fff
  Set: 1290 Way: 0 Address: 0x3232f4280
  Set: 1301 Way: 0 Address: 0x3232f4540
  Set: 1312 Way: 0 Address: 0x3232f4800
  Set: 1336 Way: 0 Address: 0x3c1074e00
  Set: 1337 Way: 0 Address: 0x3c1074e50
  Set: 1338 Way: 0 Address: 0x129934e98
  Set: 1339 Way: 0 Address: 0x3c1074ec0
  Set: 1344 Way: 0 Address: 0x195f15010
  Set: 1346 Way: 0 Address: 0x195f15098
  Set: 1350 Way: 0 Address: 0x1b0f151bb
  Set: 1351 Way: 0 Address: 0x1b0f151df
  Set: 1355 Way: 0 Address: 0x354d352fe
  Set: 1356 Way: 0 Address: 0x354d35310
  Set: 1361 Way: 0 Address: 0x1b0f1547b
  Set: 1362 Way: 0 Address: 0x1b0f1549f
  Set: 1372 Way: 0 Address: 0x1b0f1573b
  Set: 1373 Way: 0 Address: 0x1b0f1575f
  Set: 1383 Way: 0 Address: 0x1b0f159ff
  Set: 1384 Way: 0 Address: 0x1b0f15a1f
  Set: 1394 Way: 0 Address: 0x1b0f15cbf
  Set: 1395 Way: 0 Address: 0x1b0f15cdf
  Set: 1405 Way: 0 Address: 0x1b0f15f7f
  Set: 1406 Way: 0 Address: 0x1b0f15f9f
  Set: 1416 Way: 0 Address: 0x1b0f16200
  Set: 1417 Way: 0 Address: 0x1b0f16240
  Set: 1422 Way: 0 Address: 0x84896380
  Set: 1427 Way: 0 Address: 0x1b0f164c0
  Set: 1428 Way: 0 Address: 0x1b0f16500
  Set: 1431 Way: 0 Address: 0x211d165c8
  Set: 1438 Way: 0 Address: 0x1b0f16780
  Set: 1440 Way: 0 Address: 0x211d16810
  Set: 1475 Way: 0 Address: 0x276ff70f0
  Set: 1477 Way: 0 Address: 0x276ff7168
  Set: 1480 Way: 0 Address: 0x112417238
  Set: 1481 Way: 0 Address: 0x112417250
  Set: 1481 Way: 1 Address: 0x12c077248
  Set: 1491 Way: 0 Address: 0x1124174f8
  Set: 1492 Way: 0 Address: 0x112417510
  Set: 1502 Way: 0 Address: 0x1124177b8
  Set: 1503 Way: 0 Address: 0x1124177d0
  Set: 1513 Way: 0 Address: 0x112417a78
  Set: 1514 Way: 0 Address: 0x112417a90
  Set: 1519 Way: 0 Address: 0x2fbe97bc0
  Set: 1524 Way: 0 Address: 0x112417d38
  Set: 1525 Way: 0 Address: 0x112417d50
  Set: 1535 Way: 0 Address: 0x112417ff8
  Set: 1536 Way: 0 Address: 0x3fe58010
  Set: 1537 Way: 0 Address: 0x3fe58040
  Set: 1539 Way: 0 Address: 0x2015980ef
  Set: 1540 Way: 0 Address: 0x201598105
  Set: 1541 Way: 0 Address: 0x2c9898148
  Set: 1541 Way: 1 Address: 0x201598146
  Set: 1542 Way: 0 Address: 0x201598180
  Set: 1543 Way: 0 Address: 0x2015981c0
  Set: 1544 Way: 0 Address: 0x201598201
  Set: 1545 Way: 0 Address: 0x201598240
  Set: 1550 Way: 0 Address: 0xc7078390
  Set: 1559 Way: 0 Address: 0xc70785d0
  Set: 1564 Way: 0 Address: 0x1aafb8700
  Set: 1565 Way: 0 Address: 0x1aafb8740
  Set: 1566 Way: 0 Address: 0x1aafb8781
  Set: 1567 Way: 0 Address: 0x1aafb87c2
  Set: 1568 Way: 0 Address: 0x1aafb8802
  Set: 1578 Way: 0 Address: 0x201598a90
  Set: 1579 Way: 0 Address: 0x201598ac3
  Set: 1580 Way: 0 Address: 0x201598b00
  Set: 1581 Way: 0 Address: 0x201598b43
  Set: 1582 Way: 0 Address: 0x2db378bb8
  Set: 1582 Way: 1 Address: 0x201598b82
  Set: 1583 Way: 0 Address: 0x201598bc0
  Set: 1584 Way: 0 Address: 0x201598c01
  Set: 1584 Way: 1 Address: 0x3bdd78c21
  Set: 1585 Way: 0 Address: 0x3bdd78c5f
  Set: 1585 Way: 1 Address: 0x201598c43
  Set: 1586 Way: 0 Address: 0x201598cad
  Set: 1587 Way: 0 Address: 0x201598cc1
  Set: 1588 Way: 0 Address: 0x201598d00
  Set: 1589 Way: 0 Address: 0x201598d41
  Set: 1590 Way: 0 Address: 0x201598d82
  Set: 1591 Way: 0 Address: 0x201598dc0
  Set: 1592 Way: 0 Address: 0x201598e02
  Set: 1593 Way: 0 Address: 0x201598e40
  Set: 1594 Way: 0 Address: 0x201598e80
  Set: 1595 Way: 0 Address: 0x201598ec0
  Set: 1595 Way: 1 Address: 0x3bdd78ee9
  Set: 1596 Way: 0 Address: 0x3bdd78f1f
  Set: 1600 Way: 0 Address: 0x16a859020
  Set: 1601 Way: 0 Address: 0x312099078
  Set: 1605 Way: 0 Address: 0x8a579168
  Set: 1608 Way: 0 Address: 0x292959238
  Set: 1609 Way: 0 Address: 0x292959240
  Set: 1609 Way: 1 Address: 0x312099250
  Set: 1648 Way: 0 Address: 0x379d39c00
  Set: 1649 Way: 0 Address: 0x379d39c41
  Set: 1650 Way: 0 Address: 0x379d39c80
  Set: 1651 Way: 0 Address: 0x379d39cc0
  Set: 1652 Way: 0 Address: 0x379d39d00
  Set: 1664 Way: 0 Address: 0x229b9a000
  Set: 1665 Way: 0 Address: 0x223eda068
  Set: 1670 Way: 0 Address: 0xc67da180
  Set: 1671 Way: 0 Address: 0xc67da1c1
  Set: 1672 Way: 0 Address: 0xc67da200
  Set: 1673 Way: 0 Address: 0xc67da242
  Set: 1674 Way: 0 Address: 0xc67da285
  Set: 1675 Way: 0 Address: 0xc67da2c1
  Set: 1676 Way: 0 Address: 0xc67da307
  Set: 1677 Way: 0 Address: 0xc67da340
  Set: 1678 Way: 0 Address: 0xc67da383
  Set: 1679 Way: 0 Address: 0xc67da3c5
  Set: 1680 Way: 0 Address: 0xc67da400
  Set: 1681 Way: 0 Address: 0xc67da449
  Set: 1682 Way: 0 Address: 0xc67da489
  Set: 1683 Way: 0 Address: 0xc67da4c7
  Set: 1684 Way: 0 Address: 0xc67da500
  Set: 1685 Way: 0 Address: 0xc67da540
  Set: 1692 Way: 0 Address: 0xc67da710
  Set: 1700 Way: 0 Address: 0x223eda930
  Set: 1700 Way: 1 Address: 0xc67da900
  Set: 1701 Way: 0 Address: 0xc67da945
  Set: 1702 Way: 0 Address: 0xc67da982
  Set: 1703 Way: 0 Address: 0xc67da9c0
  Set: 1704 Way: 0 Address: 0xc67daa00
  Set: 1705 Way: 0 Address: 0xc67daa51
  Set: 1706 Way: 0 Address: 0xc67daa80
  Set: 1707 Way: 0 Address: 0xc67daac2
  Set: 1708 Way: 0 Address: 0xc67dab03
  Set: 1708 Way: 1 Address: 0x1132fab10
  Set: 1709 Way: 0 Address: 0xc67dab45
  Set: 1710 Way: 0 Address: 0xc67dab83
  Set: 1711 Way: 0 Address: 0xc67dabc0
  Set: 1713 Way: 0 Address: 0xc67dac4d
  Set: 1717 Way: 0 Address: 0xc67dad79
  Set: 1718 Way: 0 Address: 0xc67dad81
  Set: 1718 Way: 1 Address: 0x1132fad80
  Set: 1732 Way: 0 Address: 0x3b377b138
  Set: 1733 Way: 0 Address: 0xc0d9b150
  Set: 1736 Way: 0 Address: 0xcf83b238
  Set: 1737 Way: 0 Address: 0xcf83b248
  Set: 1751 Way: 0 Address: 0xc0d9b5d8
  Set: 1778 Way: 0 Address: 0x36889bcb8
  Set: 1779 Way: 0 Address: 0x36889bcd0
  Set: 1789 Way: 0 Address: 0x394edbf40
  Set: 1789 Way: 1 Address: 0x36889bf78
  Set: 1790 Way: 0 Address: 0x36889bf90
  Set: 1791 Way: 0 Address: 0x394edbfd8
  Set: 1792 Way: 0 Address: 0xdf85c000
  Set: 1794 Way: 0 Address: 0x12c6fc098
  Set: 1798 Way: 0 Address: 0x38e35c194
  Set: 1799 Way: 0 Address: 0x38e35c1cc
  Set: 1814 Way: 0 Address: 0x38e35c5a5
  Set: 1815 Way: 0 Address: 0x38e35c5c5
  Set: 1815 Way: 1 Address: 0x4dd9c5d8
  Set: 1816 Way: 0 Address: 0x38e35c605
  Set: 1824 Way: 0 Address: 0x4dd9c820
  Set: 1864 Way: 0 Address: 0x1add230
  Set: 1892 Way: 0 Address: 0x1add930
  Set: 1899 Way: 0 Address: 0xe51bdaf0
  Set: 1900 Way: 0 Address: 0xe51bdb10
  Set: 1920 Way: 0 Address: 0x28b67e000
  Set: 1924 Way: 0 Address: 0x2db79e106
  Set: 1925 Way: 0 Address: 0x2db79e142
  Set: 1926 Way: 0 Address: 0x2db79e180
  Set: 1927 Way: 0 Address: 0x2db79e1c0
  Set: 1928 Way: 0 Address: 0x2db79e201
  Set: 1929 Way: 0 Address: 0x2db79e240
  Set: 1936 Way: 0 Address: 0x2c077e400
  Set: 1937 Way: 0 Address: 0x2c077e478
  Set: 1939 Way: 0 Address: 0x2db79e4e1
  Set: 1940 Way: 0 Address: 0x2db79e500
  Set: 1941 Way: 0 Address: 0x2db79e542
  Set: 1942 Way: 0 Address: 0x2db79e582
  Set: 1943 Way: 0 Address: 0x2db79e5c2
  Set: 1944 Way: 0 Address: 0x2db79e605
  Set: 1944 Way: 1 Address: 0x2c077e634
  Set: 1945 Way: 0 Address: 0x2db79e640
  Set: 1946 Way: 0 Address: 0x2db79e680
  Set: 1947 Way: 0 Address: 0x2db79e6c0
  Set: 1950 Way: 0 Address: 0x1f919e7b0
  Set: 1951 Way: 0 Address: 0x28b67e7f8
  Set: 1951 Way: 1 Address: 0x1f919e7c4
  Set: 1952 Way: 0 Address: 0x1f919e801
  Set: 1953 Way: 0 Address: 0x1f919e841
  Set: 1953 Way: 1 Address: 0x2db79e840
  Set: 1954 Way: 0 Address: 0x1f919e882
  Set: 1955 Way: 0 Address: 0x1f919e8e0
  Set: 1955 Way: 1 Address: 0x2c077e8c0
  Set: 1961 Way: 0 Address: 0x1f919ea60
  Set: 1962 Way: 0 Address: 0x1f919ea8f
  Set: 1963 Way: 0 Address: 0x1f919eac0
  Set: 1965 Way: 0 Address: 0x2c077eb44
  Set: 1968 Way: 0 Address: 0x20597ec20
  Set: 1969 Way: 0 Address: 0x20597ec50
  Set: 1970 Way: 0 Address: 0x20597ecb8
  Set: 1971 Way: 0 Address: 0x20597ecff
  Set: 1972 Way: 0 Address: 0x1f919ed1f
  Set: 1972 Way: 1 Address: 0x20597ed38
  Set: 1973 Way: 0 Address: 0x20597ed64
  Set: 1974 Way: 0 Address: 0x20597edb8
  Set: 1975 Way: 0 Address: 0x20597edc0
  Set: 1976 Way: 0 Address: 0x20597ee00
  Set: 1977 Way: 0 Address: 0x20597ee40
  Set: 1978 Way: 0 Address: 0x20597ee80
  Set: 1979 Way: 0 Address: 0x20597eec0
  Set: 1980 Way: 0 Address: 0x20597ef00
  Set: 1981 Way: 0 Address: 0x20597ef40
  Set: 1982 Way: 0 Address: 0x20597ef80
  Set: 1983 Way: 0 Address: 0x2c077efd0
  Set: 1983 Way: 1 Address: 0x20597efc0
  Set: 2003 Way: 0 Address: 0x3567df4e0
EndCache
