Cache: cpu0_STLB
  Set: 20 Way: 0 Address: 0x1814394
  Set: 23 Way: 0 Address: 0x17974b8
  Set: 25 Way: 0 Address: 0x1799a5c
  Set: 31 Way: 0 Address: 0x499fe6c
  Set: 37 Way: 0 Address: 0x1625f4d
  Set: 38 Way: 0 Address: 0x1626220
  Set: 42 Way: 0 Address: 0x4caa51c
  Set: 43 Way: 0 Address: 0x13abc07
  Set: 44 Way: 0 Address: 0x13ac003
  Set: 45 Way: 0 Address: 0x49ad7cc
  Set: 46 Way: 0 Address: 0x4d2ef08
  Set: 47 Way: 0 Address: 0x4d2f888
  Set: 48 Way: 0 Address: 0x4d30338
  Set: 48 Way: 1 Address: 0x13b0ef4
  Set: 49 Way: 0 Address: 0x13b1008
  Set: 50 Way: 0 Address: 0x13b2005
  Set: 56 Way: 0 Address: 0x17b88fc
  Set: 59 Way: 0 Address: 0x4cbbcdc
  Set: 79 Way: 0 Address: 0x49cf740
  Set: 80 Way: 0 Address: 0x4a508cc
  Set: 83 Way: 0 Address: 0x1853aa8
  Set: 90 Way: 0 Address: 0x705ac7c
  Set: 93 Way: 0 Address: 0x16dd704
  Set: 93 Way: 1 Address: 0x49dd09c
  Set: 95 Way: 0 Address: 0x16dfa54
  Set: 97 Way: 0 Address: 0x17e180c
  Set: 99 Way: 0 Address: 0x16e38f0
  Set: 102 Way: 0 Address: 0x1766970
  Set: 103 Way: 0 Address: 0x16e77b8
  Set: 103 Way: 1 Address: 0x1767780
  Set: 106 Way: 0 Address: 0x4cea6dc
  Set: 109 Way: 0 Address: 0x17ed51c
  Set: 112 Way: 0 Address: 0x4cf041c
  Set: 114 Way: 0 Address: 0x15f2450
  Set: 115 Way: 0 Address: 0x15f3c80
  Set: 115 Way: 1 Address: 0x7ffe2a673528
EndCache
Cache: cpu0_L2C
  Set: 4 Way: 0 Address: 0x342b40128
  Set: 7 Way: 0 Address: 0x342b401c0
  Set: 10 Way: 0 Address: 0x14bb10298
  Set: 23 Way: 0 Address: 0x28a9405d8
  Set: 27 Way: 0 Address: 0x2177f06f8
  Set: 31 Way: 0 Address: 0x6e6207cc
  Set: 37 Way: 0 Address: 0x28a940978
  Set: 50 Way: 0 Address: 0x2177f0cb8
  Set: 51 Way: 0 Address: 0x168ef0cdc
  Set: 55 Way: 0 Address: 0x2177f0dc0
  Set: 61 Way: 0 Address: 0x2177f0f68
  Set: 64 Way: 0 Address: 0x113201000
  Set: 68 Way: 0 Address: 0x2a4841128
  Set: 68 Way: 1 Address: 0x181c81128
  Set: 91 Way: 0 Address: 0x2a48416e8
  Set: 92 Way: 0 Address: 0x2a4841718
  Set: 108 Way: 0 Address: 0x2a4841b38
  Set: 111 Way: 0 Address: 0xf6e81be0
  Set: 114 Way: 0 Address: 0xf6e81c80
  Set: 115 Way: 0 Address: 0xf6e81cfe
  Set: 118 Way: 0 Address: 0x19c791d90
  Set: 124 Way: 0 Address: 0x260091f08
  Set: 129 Way: 0 Address: 0x9cff2050
  Set: 130 Way: 0 Address: 0x31be1209c
  Set: 145 Way: 0 Address: 0x1c84e2450
  Set: 146 Way: 0 Address: 0x1c84e2490
  Set: 147 Way: 0 Address: 0x1c84e24c2
  Set: 148 Way: 0 Address: 0x1c84e2502
  Set: 149 Way: 0 Address: 0x1c84e2578
  Set: 150 Way: 0 Address: 0x1c84e2580
  Set: 151 Way: 0 Address: 0x1c84e25e8
  Set: 152 Way: 0 Address: 0x1c84e2603
  Set: 153 Way: 0 Address: 0x1c84e2670
  Set: 154 Way: 0 Address: 0x1c84e2680
  Set: 155 Way: 0 Address: 0x1995f26fc
  Set: 156 Way: 0 Address: 0x1995f2704
  Set: 162 Way: 0 Address: 0x6d0c288c
  Set: 163 Way: 0 Address: 0x6d0c28f0
  Set: 165 Way: 0 Address: 0x62d12970
  Set: 179 Way: 0 Address: 0x1995f2cd8
  Set: 179 Way: 1 Address: 0x133c92cf8
  Set: 181 Way: 0 Address: 0x133c92d68
  Set: 184 Way: 0 Address: 0x1064c2e24
  Set: 185 Way: 0 Address: 0x1064c2e7f
  Set: 186 Way: 0 Address: 0x1064c2e82
  Set: 187 Way: 0 Address: 0x1064c2ef4
  Set: 188 Way: 0 Address: 0x1064c2f07
  Set: 189 Way: 0 Address: 0x1064c2f42
  Set: 190 Way: 0 Address: 0x1995f2fb0
  Set: 190 Way: 1 Address: 0x1064c2f80
  Set: 191 Way: 0 Address: 0x1064c2fc3
  Set: 196 Way: 0 Address: 0x2b2e93130
  Set: 208 Way: 0 Address: 0x34a87341c
  Set: 227 Way: 0 Address: 0x3232f38fc
  Set: 241 Way: 0 Address: 0x257713c7c
  Set: 243 Way: 0 Address: 0x3b0803cf8
  Set: 251 Way: 0 Address: 0x3b0803ee8
  Set: 254 Way: 0 Address: 0x3c56b3f90
  Set: 257 Way: 0 Address: 0x3de4d4048
  Set: 257 Way: 1 Address: 0xb8004060
  Set: 260 Way: 0 Address: 0x129934130
  Set: 260 Way: 1 Address: 0xb8004130
  Set: 275 Way: 0 Address: 0x3c10744f8
  Set: 276 Way: 0 Address: 0x3c1074528
  Set: 277 Way: 0 Address: 0x3c1074558
  Set: 278 Way: 0 Address: 0x3c107459c
  Set: 279 Way: 0 Address: 0x3c10745c0
  Set: 284 Way: 0 Address: 0x3c1074720
  Set: 285 Way: 0 Address: 0x3c1074750
  Set: 286 Way: 0 Address: 0x3c10747a4
  Set: 286 Way: 1 Address: 0x1ab44780
  Set: 287 Way: 0 Address: 0x3c10747f0
  Set: 288 Way: 0 Address: 0x3c1074810
  Set: 289 Way: 0 Address: 0x3c1074870
  Set: 290 Way: 0 Address: 0x3c1074890
  Set: 294 Way: 0 Address: 0x1ab44980
  Set: 314 Way: 0 Address: 0x397bb4eb0
  Set: 315 Way: 0 Address: 0x397bb4ee8
  Set: 316 Way: 0 Address: 0x397bb4f01
  Set: 317 Way: 0 Address: 0x397bb4f4d
  Set: 318 Way: 0 Address: 0x397bb4f82
  Set: 319 Way: 0 Address: 0x397bb4fc0
  Set: 320 Way: 0 Address: 0x354d35003
  Set: 320 Way: 1 Address: 0x34a0e5005
  Set: 321 Way: 0 Address: 0x354d35040
  Set: 321 Way: 1 Address: 0x34a0e5040
  Set: 322 Way: 0 Address: 0x354d35080
  Set: 322 Way: 1 Address: 0x34a0e5083
  Set: 323 Way: 0 Address: 0x354d350c0
  Set: 323 Way: 1 Address: 0x34a0e50c0
  Set: 327 Way: 0 Address: 0x354d351d3
  Set: 328 Way: 0 Address: 0x354d35200
  Set: 329 Way: 0 Address: 0x354d35270
  Set: 330 Way: 0 Address: 0x354d35280
  Set: 331 Way: 0 Address: 0x354d352c2
  Set: 332 Way: 0 Address: 0x354d35301
  Set: 333 Way: 0 Address: 0x354d35343
  Set: 338 Way: 0 Address: 0x1b0f154b8
  Set: 340 Way: 0 Address: 0x34a0e553b
  Set: 341 Way: 0 Address: 0x34a0e5543
  Set: 349 Way: 0 Address: 0x272585750
  Set: 357 Way: 0 Address: 0x272585978
  Set: 398 Way: 0 Address: 0x3dae66398
  Set: 411 Way: 0 Address: 0x848966f8
  Set: 412 Way: 0 Address: 0x43736718
  Set: 421 Way: 0 Address: 0x211d16970
  Set: 422 Way: 0 Address: 0x211d1698c
  Set: 428 Way: 0 Address: 0x84896b30
  Set: 438 Way: 0 Address: 0x3d87a6d88
  Set: 441 Way: 0 Address: 0x27d4c6e6c
  Set: 469 Way: 0 Address: 0x276ff7550
  Set: 486 Way: 0 Address: 0x276ff7980
  Set: 509 Way: 0 Address: 0xbeea7f68
  Set: 511 Way: 0 Address: 0x309887fc0
  Set: 532 Way: 0 Address: 0x2c989851c
  Set: 540 Way: 0 Address: 0xc7078738
  Set: 543 Way: 0 Address: 0x1aafb87f8
  Set: 563 Way: 0 Address: 0x3bdd78cc8
  Set: 567 Way: 0 Address: 0x3bdd78dc0
  Set: 574 Way: 0 Address: 0x201598f98
  Set: 576 Way: 0 Address: 0x312099008
  Set: 577 Way: 0 Address: 0x312099040
  Set: 578 Way: 0 Address: 0x312099080
  Set: 579 Way: 0 Address: 0x3120990c5
  Set: 580 Way: 0 Address: 0x2ee36911c
  Set: 580 Way: 1 Address: 0x312099102
  Set: 581 Way: 0 Address: 0x312099143
  Set: 582 Way: 0 Address: 0x312099181
  Set: 583 Way: 0 Address: 0x3120991c3
  Set: 584 Way: 0 Address: 0x312099204
  Set: 585 Way: 0 Address: 0x312099242
  Set: 586 Way: 0 Address: 0x312099283
  Set: 587 Way: 0 Address: 0x3120992c5
  Set: 588 Way: 0 Address: 0x312099302
  Set: 589 Way: 0 Address: 0x312099342
  Set: 590 Way: 0 Address: 0x312099382
  Set: 591 Way: 0 Address: 0x3120993c1
  Set: 592 Way: 0 Address: 0x312099400
  Set: 593 Way: 0 Address: 0x312099440
  Set: 594 Way: 0 Address: 0x312099480
  Set: 594 Way: 1 Address: 0x2ee3694b0
  Set: 595 Way: 0 Address: 0x2ee3694c8
  Set: 595 Way: 1 Address: 0x3120994c0
  Set: 596 Way: 0 Address: 0x312099504
  Set: 597 Way: 0 Address: 0x312099543
  Set: 598 Way: 0 Address: 0x312099580
  Set: 599 Way: 0 Address: 0x3120995c0
  Set: 600 Way: 0 Address: 0x312099601
  Set: 601 Way: 0 Address: 0x312099642
  Set: 602 Way: 0 Address: 0x2ee369694
  Set: 602 Way: 1 Address: 0x312099680
  Set: 603 Way: 0 Address: 0x3120996c0
  Set: 603 Way: 1 Address: 0x2fa0c96dc
  Set: 604 Way: 0 Address: 0x312099700
  Set: 605 Way: 0 Address: 0x2c8749750
  Set: 605 Way: 1 Address: 0x312099742
  Set: 606 Way: 0 Address: 0x2ee369780
  Set: 606 Way: 1 Address: 0x2c8749780
  Set: 606 Way: 2 Address: 0x312099780
  Set: 607 Way: 0 Address: 0x3120997c1
  Set: 608 Way: 0 Address: 0x312099807
  Set: 609 Way: 0 Address: 0x312099840
  Set: 610 Way: 0 Address: 0x312099880
  Set: 611 Way: 0 Address: 0x3120998c0
  Set: 612 Way: 0 Address: 0x312099902
  Set: 613 Way: 0 Address: 0x312099941
  Set: 614 Way: 0 Address: 0x312099980
  Set: 615 Way: 0 Address: 0x3120999c0
  Set: 616 Way: 0 Address: 0x312099a00
  Set: 617 Way: 0 Address: 0x312099a42
  Set: 618 Way: 0 Address: 0x312099a81
  Set: 619 Way: 0 Address: 0x312099ac0
  Set: 620 Way: 0 Address: 0x292959b38
  Set: 620 Way: 1 Address: 0x312099b03
  Set: 621 Way: 0 Address: 0x312099b46
  Set: 622 Way: 0 Address: 0x312099b80
  Set: 623 Way: 0 Address: 0x312099bc2
  Set: 624 Way: 0 Address: 0x312099c00
  Set: 625 Way: 0 Address: 0x2ee369c58
  Set: 625 Way: 1 Address: 0x312099c40
  Set: 626 Way: 0 Address: 0x312099c80
  Set: 627 Way: 0 Address: 0x312099cc0
  Set: 628 Way: 0 Address: 0x312099d02
  Set: 629 Way: 0 Address: 0x312099d41
  Set: 630 Way: 0 Address: 0x312099d80
  Set: 631 Way: 0 Address: 0x312099dc0
  Set: 632 Way: 0 Address: 0x312099e00
  Set: 633 Way: 0 Address: 0x312099e42
  Set: 633 Way: 1 Address: 0xb84a9e78
  Set: 634 Way: 0 Address: 0x312099e81
  Set: 635 Way: 0 Address: 0x312099ec0
  Set: 636 Way: 0 Address: 0x292959f08
  Set: 636 Way: 1 Address: 0x312099f04
  Set: 637 Way: 0 Address: 0x312099f41
  Set: 638 Way: 0 Address: 0x312099f80
  Set: 639 Way: 0 Address: 0x312099fc3
  Set: 640 Way: 0 Address: 0xc67da038
  Set: 641 Way: 0 Address: 0x1d89da058
  Set: 641 Way: 1 Address: 0xc67da040
  Set: 645 Way: 0 Address: 0xc67da168
  Set: 650 Way: 0 Address: 0xc67da298
  Set: 655 Way: 0 Address: 0xc67da3c8
  Set: 664 Way: 0 Address: 0xc67da628
  Set: 669 Way: 0 Address: 0xc67da758
  Set: 674 Way: 0 Address: 0xc67da888
  Set: 693 Way: 0 Address: 0x223edad58
  Set: 714 Way: 0 Address: 0xcf83b280
  Set: 754 Way: 0 Address: 0x3b377bcb8
  Set: 757 Way: 0 Address: 0x394edbd60
  Set: 758 Way: 0 Address: 0x394edbd80
  Set: 758 Way: 1 Address: 0xc0d9bd80
  Set: 768 Way: 0 Address: 0xdf85c000
  Set: 770 Way: 0 Address: 0x12c6fc0a0
  Set: 778 Way: 0 Address: 0x12c6fc298
  Set: 791 Way: 0 Address: 0x32f48c5d8
  Set: 800 Way: 0 Address: 0x38e35c80c
  Set: 805 Way: 0 Address: 0x32f48c970
  Set: 812 Way: 0 Address: 0x29484cb30
  Set: 813 Way: 0 Address: 0x29484cb41
  Set: 814 Way: 0 Address: 0x29484cb82
  Set: 815 Way: 0 Address: 0x29484cbc2
  Set: 816 Way: 0 Address: 0x29484cc07
  Set: 817 Way: 0 Address: 0x29484cc42
  Set: 818 Way: 0 Address: 0x29484cc82
  Set: 819 Way: 0 Address: 0x29484ccc4
  Set: 819 Way: 1 Address: 0x32502ccc8
  Set: 820 Way: 0 Address: 0x29484cd02
  Set: 821 Way: 0 Address: 0x29484cd46
  Set: 822 Way: 0 Address: 0x29484cd84
  Set: 823 Way: 0 Address: 0x29484cdc1
  Set: 824 Way: 0 Address: 0x29484ce00
  Set: 825 Way: 0 Address: 0x29484ce45
  Set: 825 Way: 1 Address: 0x1ae2cce78
  Set: 826 Way: 0 Address: 0x29484ce81
  Set: 827 Way: 0 Address: 0x29484cec2
  Set: 827 Way: 1 Address: 0x1ae2ccee8
  Set: 828 Way: 0 Address: 0x29484cf01
  Set: 829 Way: 0 Address: 0x29484cf42
  Set: 830 Way: 0 Address: 0x29484cf80
  Set: 831 Way: 0 Address: 0x29484cfc1
  Set: 836 Way: 0 Address: 0x5588d120
  Set: 839 Way: 0 Address: 0x5588d1c0
  Set: 852 Way: 0 Address: 0x1add51c
  Set: 862 Way: 0 Address: 0x23755d7b8
  Set: 863 Way: 0 Address: 0x23755d7ec
  Set: 896 Way: 0 Address: 0x28b67e000
  Set: 908 Way: 0 Address: 0x1c084e338
  Set: 923 Way: 0 Address: 0x3734ee6e8
  Set: 925 Way: 0 Address: 0x2c077e740
  Set: 927 Way: 0 Address: 0x28b67e7f8
  Set: 931 Way: 0 Address: 0x20597e8cc
  Set: 937 Way: 0 Address: 0x2db79ea54
  Set: 937 Way: 1 Address: 0x7d0eea5c
  Set: 938 Way: 0 Address: 0x2f5d8ea98
  Set: 960 Way: 0 Address: 0x16390f000
  Set: 961 Way: 0 Address: 0x16390f050
  Set: 963 Way: 0 Address: 0x16390f0c8
  Set: 964 Way: 0 Address: 0x16390f100
  Set: 968 Way: 0 Address: 0x16390f220
  Set: 969 Way: 0 Address: 0x16390f242
  Set: 970 Way: 0 Address: 0x16390f281
  Set: 971 Way: 0 Address: 0x16390f2c2
  Set: 971 Way: 1 Address: 0x23756f2d0
  Set: 972 Way: 0 Address: 0x16390f301
  Set: 973 Way: 0 Address: 0x16390f370
  Set: 973 Way: 1 Address: 0xee86f374
  Set: 974 Way: 0 Address: 0x16390f381
  Set: 974 Way: 1 Address: 0xee86f394
  Set: 976 Way: 0 Address: 0x16390f430
  Set: 977 Way: 0 Address: 0x16390f447
  Set: 978 Way: 0 Address: 0x16390f481
  Set: 979 Way: 0 Address: 0x16390f4c1
  Set: 980 Way: 0 Address: 0x16390f507
  Set: 981 Way: 0 Address: 0x16390f541
  Set: 982 Way: 0 Address: 0x16390f582
  Set: 983 Way: 0 Address: 0x16390f5c0
  Set: 984 Way: 0 Address: 0x16390f603
  Set: 985 Way: 0 Address: 0x16390f641
  Set: 986 Way: 0 Address: 0x16390f681
  Set: 987 Way: 0 Address: 0x16390f6c1
  Set: 988 Way: 0 Address: 0x16390f703
  Set: 989 Way: 0 Address: 0x16390f742
  Set: 990 Way: 0 Address: 0x16390f7b0
  Set: 991 Way: 0 Address: 0x16390f7c1
  Set: 992 Way: 0 Address: 0x16390f800
  Set: 1002 Way: 0 Address: 0x22272faa8
  Set: 1003 Way: 0 Address: 0x22272fad4
  Set: 1004 Way: 0 Address: 0x143efb30
  Set: 1004 Way: 1 Address: 0x22272fb00
  Set: 1020 Way: 0 Address: 0x143eff08
EndCache
Cache: cpu0_L1I
  Set: 0 Way: 0 Address: 0x354d35003
  Set: 0 Way: 1 Address: 0x16390f000
  Set: 0 Way: 2 Address: 0x31209902f
  Set: 0 Way: 3 Address: 0x34a0e503a
  Set: 1 Way: 0 Address: 0x354d35044
  Set: 1 Way: 1 Address: 0x16390f050
  Set: 1 Way: 2 Address: 0x312099040
  Set: 1 Way: 3 Address: 0x34a0e5070
  Set: 2 Way: 0 Address: 0x354d350ac
  Set: 2 Way: 1 Address: 0x312099080
  Set: 2 Way: 2 Address: 0x34a0e5083
  Set: 3 Way: 0 Address: 0x16390f0fa
  Set: 3 Way: 1 Address: 0x3120990c5
  Set: 4 Way: 0 Address: 0x16390f100
  Set: 4 Way: 1 Address: 0x312099102
  Set: 5 Way: 0 Address: 0x312099143
  Set: 6 Way: 0 Address: 0x312099181
  Set: 7 Way: 0 Address: 0x354d351d3
  Set: 7 Way: 1 Address: 0x3120991c3
  Set: 8 Way: 0 Address: 0x16390f220
  Set: 8 Way: 1 Address: 0x312099204
  Set: 8 Way: 2 Address: 0x354d3521d
  Set: 9 Way: 0 Address: 0x16390f242
  Set: 9 Way: 1 Address: 0x354d35270
  Set: 9 Way: 2 Address: 0x312099242
  Set: 10 Way: 0 Address: 0x354d35280
  Set: 10 Way: 1 Address: 0x16390f281
  Set: 10 Way: 2 Address: 0x312099283
  Set: 11 Way: 0 Address: 0x16390f2f5
  Set: 11 Way: 1 Address: 0x354d352c2
  Set: 11 Way: 2 Address: 0x3120992c5
  Set: 12 Way: 0 Address: 0x354d35336
  Set: 12 Way: 1 Address: 0x16390f301
  Set: 12 Way: 2 Address: 0x312099302
  Set: 13 Way: 0 Address: 0x16390f370
  Set: 13 Way: 1 Address: 0x354d35343
  Set: 13 Way: 2 Address: 0x312099342
  Set: 14 Way: 0 Address: 0x16390f381
  Set: 14 Way: 1 Address: 0x312099382
  Set: 15 Way: 0 Address: 0x3120993c1
  Set: 16 Way: 0 Address: 0x16390f430
  Set: 16 Way: 1 Address: 0x312099407
  Set: 17 Way: 0 Address: 0x1c84e2450
  Set: 17 Way: 1 Address: 0x16390f47d
  Set: 17 Way: 2 Address: 0x312099444
  Set: 18 Way: 0 Address: 0x1c84e24ad
  Set: 18 Way: 1 Address: 0x16390f4b9
  Set: 18 Way: 2 Address: 0x312099483
  Set: 19 Way: 0 Address: 0x1c84e24c2
  Set: 19 Way: 1 Address: 0x16390f4f8
  Set: 19 Way: 2 Address: 0x3120994fd
  Set: 20 Way: 0 Address: 0x1c84e2502
  Set: 20 Way: 1 Address: 0x16390f52a
  Set: 20 Way: 2 Address: 0x312099504
  Set: 20 Way: 3 Address: 0x34a0e553b
  Set: 21 Way: 0 Address: 0x1c84e2542
  Set: 21 Way: 1 Address: 0x16390f559
  Set: 21 Way: 2 Address: 0x312099543
  Set: 21 Way: 3 Address: 0x34a0e5543
  Set: 22 Way: 0 Address: 0x1c84e2580
  Set: 22 Way: 1 Address: 0x16390f5b7
  Set: 22 Way: 2 Address: 0x312099581
  Set: 23 Way: 0 Address: 0x1c84e25e8
  Set: 23 Way: 1 Address: 0x16390f5c0
  Set: 23 Way: 2 Address: 0x3120995c2
  Set: 24 Way: 0 Address: 0x1c84e2603
  Set: 24 Way: 1 Address: 0x16390f62a
  Set: 24 Way: 2 Address: 0x31209963f
  Set: 25 Way: 0 Address: 0x1c84e2670
  Set: 25 Way: 1 Address: 0x16390f66a
  Set: 25 Way: 2 Address: 0x312099642
  Set: 26 Way: 0 Address: 0x1c84e2680
  Set: 26 Way: 1 Address: 0x16390f6a6
  Set: 26 Way: 2 Address: 0x312099683
  Set: 27 Way: 0 Address: 0x16390f6ec
  Set: 27 Way: 1 Address: 0x3120996c8
  Set: 28 Way: 0 Address: 0x16390f73a
  Set: 28 Way: 1 Address: 0x312099700
  Set: 29 Way: 0 Address: 0x16390f774
  Set: 29 Way: 1 Address: 0x312099742
  Set: 30 Way: 0 Address: 0x16390f7b0
  Set: 30 Way: 1 Address: 0x312099786
  Set: 31 Way: 0 Address: 0x16390f7c1
  Set: 31 Way: 1 Address: 0x3120997ee
  Set: 32 Way: 0 Address: 0x16390f800
  Set: 32 Way: 1 Address: 0x312099807
  Set: 33 Way: 0 Address: 0x312099842
  Set: 34 Way: 0 Address: 0x312099884
  Set: 35 Way: 0 Address: 0x3120998c6
  Set: 36 Way: 0 Address: 0x312099939
  Set: 37 Way: 0 Address: 0x312099941
  Set: 38 Way: 0 Address: 0x312099987
  Set: 39 Way: 0 Address: 0x3120999c4
  Set: 40 Way: 0 Address: 0x312099a03
  Set: 41 Way: 0 Address: 0x312099a79
  Set: 42 Way: 0 Address: 0x312099ab7
  Set: 43 Way: 0 Address: 0x312099ac5
  Set: 44 Way: 0 Address: 0x29484cb30
  Set: 44 Way: 1 Address: 0x312099b03
  Set: 45 Way: 0 Address: 0x29484cb79
  Set: 45 Way: 1 Address: 0x312099b46
  Set: 46 Way: 0 Address: 0x29484cb82
  Set: 46 Way: 1 Address: 0x312099b80
  Set: 47 Way: 0 Address: 0xf6e81be0
  Set: 47 Way: 1 Address: 0x29484cbc2
  Set: 47 Way: 2 Address: 0x312099bc2
  Set: 48 Way: 0 Address: 0x29484cc07
  Set: 48 Way: 1 Address: 0x312099c08
  Set: 49 Way: 0 Address: 0x29484cc42
  Set: 49 Way: 1 Address: 0x312099c45
  Set: 50 Way: 0 Address: 0xf6e81c9b
  Set: 50 Way: 1 Address: 0x29484cc82
  Set: 50 Way: 2 Address: 0x312099c80
  Set: 51 Way: 0 Address: 0xf6e81cfe
  Set: 51 Way: 1 Address: 0x29484ccc4
  Set: 51 Way: 2 Address: 0x312099cfc
  Set: 52 Way: 0 Address: 0x29484cd02
  Set: 52 Way: 1 Address: 0x312099d3d
  Set: 53 Way: 0 Address: 0x29484cd46
  Set: 53 Way: 1 Address: 0x312099d41
  Set: 54 Way: 0 Address: 0x29484cd84
  Set: 54 Way: 1 Address: 0x312099d81
  Set: 55 Way: 0 Address: 0x29484cdc1
  Set: 55 Way: 1 Address: 0x312099dc4
  Set: 56 Way: 0 Address: 0x29484ce00
  Set: 56 Way: 1 Address: 0x312099e2f
  Set: 56 Way: 2 Address: 0x1064c2e24
  Set: 57 Way: 0 Address: 0x29484ce6a
  Set: 57 Way: 1 Address: 0x312099e72
  Set: 57 Way: 2 Address: 0x1064c2e7f
  Set: 58 Way: 0 Address: 0x397bb4eb0
  Set: 58 Way: 1 Address: 0x29484cea6
  Set: 58 Way: 2 Address: 0x312099e81
  Set: 58 Way: 3 Address: 0x1064c2e82
  Set: 59 Way: 0 Address: 0x397bb4ee8
  Set: 59 Way: 1 Address: 0x29484cec2
  Set: 59 Way: 2 Address: 0x1064c2ef4
  Set: 59 Way: 3 Address: 0x312099ec1
  Set: 60 Way: 0 Address: 0x397bb4f26
  Set: 60 Way: 1 Address: 0x29484cf01
  Set: 60 Way: 2 Address: 0x1064c2f35
  Set: 60 Way: 3 Address: 0x312099f04
  Set: 61 Way: 0 Address: 0x397bb4f4d
  Set: 61 Way: 1 Address: 0x29484cf42
  Set: 61 Way: 2 Address: 0x1064c2f73
  Set: 61 Way: 3 Address: 0x312099f6f
  Set: 62 Way: 0 Address: 0x29484cfae
  Set: 62 Way: 1 Address: 0x397bb4fb4
  Set: 62 Way: 2 Address: 0x1064c2f80
  Set: 62 Way: 3 Address: 0x312099fb0
  Set: 63 Way: 0 Address: 0x29484cfc1
  Set: 63 Way: 1 Address: 0x397bb4fc0
  Set: 63 Way: 2 Address: 0x1064c2fc3
  Set: 63 Way: 3 Address: 0x312099fe3
EndCache
Cache: cpu0_L1D
  Set: 0 Way: 0 Address: 0xdf85c000
  Set: 0 Way: 1 Address: 0x28b67e000
  Set: 0 Way: 2 Address: 0x113201000
  Set: 0 Way: 3 Address: 0xc67da038
  Set: 1 Way: 0 Address: 0x1d89da058
  Set: 1 Way: 1 Address: 0x3de4d4048
  Set: 1 Way: 2 Address: 0x9cff2050
  Set: 1 Way: 3 Address: 0xb8004060
  Set: 2 Way: 0 Address: 0x12c6fc0a0
  Set: 2 Way: 1 Address: 0x31be1209c
  Set: 4 Way: 0 Address: 0x2a4841128
  Set: 4 Way: 1 Address: 0x129934130
  Set: 4 Way: 2 Address: 0xb8004130
  Set: 4 Way: 3 Address: 0x2b2e93130
  Set: 4 Way: 4 Address: 0x5588d120
  Set: 4 Way: 5 Address: 0x2ee36911c
  Set: 4 Way: 6 Address: 0x342b40128
  Set: 4 Way: 7 Address: 0x181c81128
  Set: 5 Way: 0 Address: 0xc67da168
  Set: 7 Way: 0 Address: 0x5588d1c0
  Set: 7 Way: 1 Address: 0x342b401c0
  Set: 10 Way: 0 Address: 0x12c6fc298
  Set: 10 Way: 1 Address: 0x14bb10298
  Set: 10 Way: 2 Address: 0xcf83b280
  Set: 10 Way: 3 Address: 0xc67da298
  Set: 11 Way: 0 Address: 0x23756f2d0
  Set: 12 Way: 0 Address: 0x1c084e338
  Set: 13 Way: 0 Address: 0xee86f374
  Set: 14 Way: 0 Address: 0xee86f3a8
  Set: 14 Way: 1 Address: 0x3dae66398
  Set: 15 Way: 0 Address: 0xc67da3c8
  Set: 16 Way: 0 Address: 0x34a87341c
  Set: 18 Way: 0 Address: 0x1b0f154b8
  Set: 18 Way: 1 Address: 0x2ee3694b0
  Set: 19 Way: 0 Address: 0x2ee3694c8
  Set: 19 Way: 1 Address: 0x3c10744f0
  Set: 20 Way: 0 Address: 0x3c1074528
  Set: 20 Way: 1 Address: 0x1add51c
  Set: 20 Way: 2 Address: 0x2c989851c
  Set: 21 Way: 0 Address: 0x3c107455c
  Set: 21 Way: 1 Address: 0x276ff7550
  Set: 22 Way: 0 Address: 0x3c1074598
  Set: 23 Way: 0 Address: 0x3c10745d0
  Set: 23 Way: 1 Address: 0x28a9405d8
  Set: 23 Way: 2 Address: 0x32f48c5d8
  Set: 24 Way: 0 Address: 0xc67da628
  Set: 26 Way: 0 Address: 0x2ee369694
  Set: 27 Way: 0 Address: 0x2a48416e8
  Set: 27 Way: 1 Address: 0x3734ee6e8
  Set: 27 Way: 2 Address: 0x1995f26fc
  Set: 27 Way: 3 Address: 0x848966f8
  Set: 27 Way: 4 Address: 0x2177f06f8
  Set: 27 Way: 5 Address: 0x2fa0c96dc
  Set: 28 Way: 0 Address: 0x2a4841718
  Set: 28 Way: 1 Address: 0x43736718
  Set: 28 Way: 2 Address: 0xc7078738
  Set: 28 Way: 3 Address: 0x1995f2704
  Set: 28 Way: 4 Address: 0x3c1074720
  Set: 29 Way: 0 Address: 0x3c1074750
  Set: 29 Way: 1 Address: 0x2c8749750
  Set: 29 Way: 2 Address: 0x272585750
  Set: 29 Way: 3 Address: 0xc67da758
  Set: 29 Way: 4 Address: 0x2c077e740
  Set: 30 Way: 0 Address: 0x23755d7b8
  Set: 30 Way: 1 Address: 0x2ee369780
  Set: 30 Way: 2 Address: 0x3c10747a4
  Set: 30 Way: 3 Address: 0x1ab44780
  Set: 30 Way: 4 Address: 0x2c8749780
  Set: 31 Way: 0 Address: 0x28b67e7f8
  Set: 31 Way: 1 Address: 0x1aafb87f8
  Set: 31 Way: 2 Address: 0x23755d7ec
  Set: 31 Way: 3 Address: 0x6e6207cc
  Set: 31 Way: 4 Address: 0x3c10747f0
  Set: 32 Way: 0 Address: 0x38e35c80c
  Set: 32 Way: 1 Address: 0x3c1074810
  Set: 33 Way: 0 Address: 0x3c1074870
  Set: 34 Way: 0 Address: 0x6d0c288c
  Set: 34 Way: 1 Address: 0x3c1074890
  Set: 34 Way: 2 Address: 0xc67da888
  Set: 35 Way: 0 Address: 0x6d0c28f0
  Set: 35 Way: 1 Address: 0x3232f38fc
  Set: 35 Way: 2 Address: 0x20597e8cc
  Set: 37 Way: 0 Address: 0x211d16970
  Set: 37 Way: 1 Address: 0x272585978
  Set: 37 Way: 2 Address: 0x28a940978
  Set: 37 Way: 3 Address: 0x32f48c970
  Set: 37 Way: 4 Address: 0x62d12970
  Set: 38 Way: 0 Address: 0x276ff7980
  Set: 38 Way: 1 Address: 0x1ab44980
  Set: 38 Way: 2 Address: 0x211d1698c
  Set: 41 Way: 0 Address: 0x2db79ea54
  Set: 41 Way: 1 Address: 0x7d0eea5c
  Set: 42 Way: 0 Address: 0x2f5d8ea98
  Set: 42 Way: 1 Address: 0x22272faa0
  Set: 43 Way: 0 Address: 0x22272facc
  Set: 44 Way: 0 Address: 0x2a4841b38
  Set: 44 Way: 1 Address: 0x292959b38
  Set: 44 Way: 2 Address: 0x143efb30
  Set: 44 Way: 3 Address: 0x84896b30
  Set: 44 Way: 4 Address: 0x22272fb04
  Set: 49 Way: 0 Address: 0x2ee369c58
  Set: 49 Way: 1 Address: 0x257713c7c
  Set: 50 Way: 0 Address: 0x2177f0cb8
  Set: 50 Way: 1 Address: 0x3b377bcb8
  Set: 51 Way: 0 Address: 0x1995f2cd8
  Set: 51 Way: 1 Address: 0x133c92cf8
  Set: 51 Way: 2 Address: 0x3b0803cf8
  Set: 51 Way: 3 Address: 0x168ef0cdc
  Set: 51 Way: 4 Address: 0x3bdd78cc8
  Set: 51 Way: 5 Address: 0x32502ccc8
  Set: 53 Way: 0 Address: 0x223edad58
  Set: 53 Way: 1 Address: 0x394edbd60
  Set: 53 Way: 2 Address: 0x133c92d68
  Set: 54 Way: 0 Address: 0x394edbd80
  Set: 54 Way: 1 Address: 0xc0d9bd80
  Set: 54 Way: 2 Address: 0x3d87a6d88
  Set: 54 Way: 3 Address: 0x19c791d90
  Set: 55 Way: 0 Address: 0x2177f0dc0
  Set: 55 Way: 1 Address: 0x3bdd78dc0
  Set: 57 Way: 0 Address: 0x27d4c6e6c
  Set: 57 Way: 1 Address: 0x1ae2cce78
  Set: 57 Way: 2 Address: 0xb84a9e78
  Set: 59 Way: 0 Address: 0x3b0803ee8
  Set: 59 Way: 1 Address: 0x1ae2ccee8
  Set: 60 Way: 0 Address: 0x292959f08
  Set: 60 Way: 1 Address: 0x143eff08
  Set: 60 Way: 2 Address: 0x260091f08
  Set: 61 Way: 0 Address: 0x2177f0f68
  Set: 61 Way: 1 Address: 0xbeea7f68
  Set: 62 Way: 0 Address: 0x3c56b3f90
  Set: 62 Way: 1 Address: 0x201598f98
  Set: 62 Way: 2 Address: 0x1995f2fb0
  Set: 63 Way: 0 Address: 0x309887fc0
EndCache
Cache: cpu0_ITLB
  Set: 0 Way: 0 Address: 0x13b0f73
  Set: 1 Way: 0 Address: 0x13b102f
  Set: 2 Way: 0 Address: 0x15f24ad
  Set: 2 Way: 1 Address: 0x13b2083
  Set: 3 Way: 0 Address: 0x15f3c9b
  Set: 5 Way: 0 Address: 0x1625f4d
  Set: 6 Way: 0 Address: 0x1626381
  Set: 11 Way: 0 Address: 0x13abc07
  Set: 12 Way: 0 Address: 0x13ac003
EndCache
Cache: cpu0_DTLB
  Set: 0 Way: 0 Address: 0x4d30338
  Set: 0 Way: 1 Address: 0x4a508cc
  Set: 0 Way: 2 Address: 0x4cf041c
  Set: 1 Way: 0 Address: 0x17e180c
  Set: 3 Way: 0 Address: 0x16e38f0
  Set: 3 Way: 1 Address: 0x7ffe2a67355c
  Set: 3 Way: 2 Address: 0x1853aa0
  Set: 4 Way: 0 Address: 0x18143a8
  Set: 6 Way: 0 Address: 0x1766970
  Set: 7 Way: 0 Address: 0x16e77ec
  Set: 7 Way: 1 Address: 0x17674c8
  Set: 7 Way: 2 Address: 0x17974b8
  Set: 8 Way: 0 Address: 0x17b88fc
  Set: 9 Way: 0 Address: 0x1799a5c
  Set: 10 Way: 0 Address: 0x4caa51c
  Set: 10 Way: 1 Address: 0x705ac7c
  Set: 10 Way: 2 Address: 0x4cea6dc
  Set: 11 Way: 0 Address: 0x4cbbcdc
  Set: 13 Way: 0 Address: 0x16ddcd8
  Set: 13 Way: 1 Address: 0x49ad7cc
  Set: 13 Way: 2 Address: 0x17ed51c
  Set: 13 Way: 3 Address: 0x49dd09c
  Set: 14 Way: 0 Address: 0x4d2ef08
  Set: 15 Way: 0 Address: 0x16dfa54
  Set: 15 Way: 1 Address: 0x499fe6c
  Set: 15 Way: 2 Address: 0x4d2f758
  Set: 15 Way: 3 Address: 0x49cf740
EndCache
Cache: LLC
  Set: 4 Way: 0 Address: 0x342b40128
  Set: 7 Way: 0 Address: 0x342b401c0
  Set: 23 Way: 0 Address: 0x28a9405d8
  Set: 31 Way: 0 Address: 0x6e6207cc
  Set: 37 Way: 0 Address: 0x28a940978
  Set: 64 Way: 0 Address: 0x113201000
  Set: 68 Way: 0 Address: 0x2a4841128
  Set: 68 Way: 1 Address: 0x181c81128
  Set: 91 Way: 0 Address: 0x2a48416e8
  Set: 92 Way: 0 Address: 0x2a4841718
  Set: 108 Way: 0 Address: 0x2a4841b38
  Set: 111 Way: 0 Address: 0xf6e81be0
  Set: 114 Way: 0 Address: 0xf6e81c80
  Set: 115 Way: 0 Address: 0xf6e81cfe
  Set: 145 Way: 0 Address: 0x1c84e2450
  Set: 146 Way: 0 Address: 0x1c84e2490
  Set: 147 Way: 0 Address: 0x1c84e24c2
  Set: 148 Way: 0 Address: 0x1c84e2502
  Set: 149 Way: 0 Address: 0x1c84e2578
  Set: 150 Way: 0 Address: 0x1c84e2580
  Set: 151 Way: 0 Address: 0x1c84e25e8
  Set: 152 Way: 0 Address: 0x1c84e2603
  Set: 153 Way: 0 Address: 0x1c84e2670
  Set: 154 Way: 0 Address: 0x1c84e2680
  Set: 162 Way: 0 Address: 0x6d0c288c
  Set: 163 Way: 0 Address: 0x6d0c28f0
  Set: 184 Way: 0 Address: 0x1064c2e24
  Set: 185 Way: 0 Address: 0x1064c2e7f
  Set: 186 Way: 0 Address: 0x1064c2e82
  Set: 187 Way: 0 Address: 0x1064c2ef4
  Set: 188 Way: 0 Address: 0x1064c2f07
  Set: 189 Way: 0 Address: 0x1064c2f42
  Set: 190 Way: 0 Address: 0x1064c2f80
  Set: 191 Way: 0 Address: 0x1064c2fc3
  Set: 243 Way: 0 Address: 0x3b0803cf8
  Set: 251 Way: 0 Address: 0x3b0803ee8
  Set: 257 Way: 0 Address: 0xb8004060
  Set: 260 Way: 0 Address: 0xb8004130
  Set: 286 Way: 0 Address: 0x1ab44780
  Set: 294 Way: 0 Address: 0x1ab44980
  Set: 320 Way: 0 Address: 0x34a0e5005
  Set: 321 Way: 0 Address: 0x34a0e5040
  Set: 322 Way: 0 Address: 0x34a0e5083
  Set: 323 Way: 0 Address: 0x34a0e50c0
  Set: 324 Way: 0 Address: 0x34a0e5100
  Set: 325 Way: 0 Address: 0x34a0e5140
  Set: 326 Way: 0 Address: 0x34a0e5180
  Set: 327 Way: 0 Address: 0x34a0e51c0
  Set: 328 Way: 0 Address: 0x34a0e5200
  Set: 329 Way: 0 Address: 0x34a0e5240
  Set: 330 Way: 0 Address: 0x34a0e5280
  Set: 340 Way: 0 Address: 0x34a0e553b
  Set: 341 Way: 0 Address: 0x34a0e5543
  Set: 349 Way: 0 Address: 0x272585750
  Set: 357 Way: 0 Address: 0x272585978
  Set: 398 Way: 0 Address: 0x3dae66398
  Set: 438 Way: 0 Address: 0x3d87a6d88
  Set: 441 Way: 0 Address: 0x27d4c6e6c
  Set: 509 Way: 0 Address: 0xbeea7f68
  Set: 511 Way: 0 Address: 0x309887fc0
  Set: 580 Way: 0 Address: 0x2ee36911c
  Set: 594 Way: 0 Address: 0x2ee3694b0
  Set: 595 Way: 0 Address: 0x2ee3694c8
  Set: 602 Way: 0 Address: 0x2ee369694
  Set: 603 Way: 0 Address: 0x2fa0c96dc
  Set: 605 Way: 0 Address: 0x2c8749750
  Set: 606 Way: 0 Address: 0x2ee369780
  Set: 606 Way: 1 Address: 0x2c8749780
  Set: 625 Way: 0 Address: 0x2ee369c58
  Set: 633 Way: 0 Address: 0xb84a9e78
  Set: 791 Way: 0 Address: 0x32f48c5d8
  Set: 805 Way: 0 Address: 0x32f48c970
  Set: 812 Way: 0 Address: 0x29484cb30
  Set: 813 Way: 0 Address: 0x29484cb41
  Set: 814 Way: 0 Address: 0x29484cb82
  Set: 815 Way: 0 Address: 0x29484cbc2
  Set: 816 Way: 0 Address: 0x29484cc07
  Set: 817 Way: 0 Address: 0x29484cc42
  Set: 818 Way: 0 Address: 0x29484cc82
  Set: 819 Way: 0 Address: 0x29484ccc4
  Set: 819 Way: 1 Address: 0x32502ccc8
  Set: 820 Way: 0 Address: 0x29484cd02
  Set: 821 Way: 0 Address: 0x29484cd46
  Set: 822 Way: 0 Address: 0x29484cd84
  Set: 823 Way: 0 Address: 0x29484cdc0
  Set: 824 Way: 0 Address: 0x29484ce00
  Set: 825 Way: 0 Address: 0x29484ce40
  Set: 825 Way: 1 Address: 0x1ae2cce78
  Set: 826 Way: 0 Address: 0x29484ce81
  Set: 827 Way: 0 Address: 0x29484cec2
  Set: 827 Way: 1 Address: 0x1ae2ccee8
  Set: 828 Way: 0 Address: 0x29484cf00
  Set: 829 Way: 0 Address: 0x29484cf42
  Set: 830 Way: 0 Address: 0x29484cf80
  Set: 831 Way: 0 Address: 0x29484cfc1
  Set: 836 Way: 0 Address: 0x5588d120
  Set: 839 Way: 0 Address: 0x5588d1c0
  Set: 908 Way: 0 Address: 0x1c084e338
  Set: 923 Way: 0 Address: 0x3734ee6e8
  Set: 937 Way: 0 Address: 0x7d0eea5c
  Set: 938 Way: 0 Address: 0x2f5d8ea98
  Set: 960 Way: 0 Address: 0x16390f000
  Set: 961 Way: 0 Address: 0x16390f050
  Set: 963 Way: 0 Address: 0x16390f0c8
  Set: 964 Way: 0 Address: 0x16390f100
  Set: 968 Way: 0 Address: 0x16390f220
  Set: 969 Way: 0 Address: 0x16390f242
  Set: 970 Way: 0 Address: 0x16390f281
  Set: 971 Way: 0 Address: 0x16390f2c2
  Set: 971 Way: 1 Address: 0x23756f2d0
  Set: 972 Way: 0 Address: 0x16390f301
  Set: 973 Way: 0 Address: 0x16390f370
  Set: 973 Way: 1 Address: 0xee86f374
  Set: 974 Way: 0 Address: 0x16390f381
  Set: 974 Way: 1 Address: 0xee86f394
  Set: 976 Way: 0 Address: 0x16390f430
  Set: 977 Way: 0 Address: 0x16390f447
  Set: 978 Way: 0 Address: 0x16390f481
  Set: 979 Way: 0 Address: 0x16390f4c1
  Set: 980 Way: 0 Address: 0x16390f507
  Set: 981 Way: 0 Address: 0x16390f541
  Set: 982 Way: 0 Address: 0x16390f582
  Set: 983 Way: 0 Address: 0x16390f5c0
  Set: 984 Way: 0 Address: 0x16390f600
  Set: 985 Way: 0 Address: 0x16390f640
  Set: 986 Way: 0 Address: 0x16390f680
  Set: 987 Way: 0 Address: 0x16390f6c1
  Set: 988 Way: 0 Address: 0x16390f703
  Set: 989 Way: 0 Address: 0x16390f742
  Set: 990 Way: 0 Address: 0x16390f7b0
  Set: 991 Way: 0 Address: 0x16390f7c1
  Set: 992 Way: 0 Address: 0x16390f800
  Set: 1002 Way: 0 Address: 0x22272faa8
  Set: 1003 Way: 0 Address: 0x22272fad4
  Set: 1004 Way: 0 Address: 0x143efb30
  Set: 1004 Way: 1 Address: 0x22272fb00
  Set: 1020 Way: 0 Address: 0x143eff08
  Set: 1034 Way: 0 Address: 0x14bb10298
  Set: 1051 Way: 0 Address: 0x2177f06f8
  Set: 1074 Way: 0 Address: 0x2177f0cb8
  Set: 1075 Way: 0 Address: 0x168ef0cdc
  Set: 1079 Way: 0 Address: 0x2177f0dc0
  Set: 1085 Way: 0 Address: 0x2177f0f68
  Set: 1142 Way: 0 Address: 0x19c791d90
  Set: 1148 Way: 0 Address: 0x260091f08
  Set: 1153 Way: 0 Address: 0x9cff2050
  Set: 1154 Way: 0 Address: 0x31be1209c
  Set: 1179 Way: 0 Address: 0x1995f26fc
  Set: 1180 Way: 0 Address: 0x1995f2704
  Set: 1189 Way: 0 Address: 0x62d12970
  Set: 1203 Way: 0 Address: 0x1995f2cd8
  Set: 1203 Way: 1 Address: 0x133c92cf8
  Set: 1205 Way: 0 Address: 0x133c92d68
  Set: 1214 Way: 0 Address: 0x1995f2fb0
  Set: 1220 Way: 0 Address: 0x2b2e93130
  Set: 1232 Way: 0 Address: 0x34a87341c
  Set: 1251 Way: 0 Address: 0x3232f38fc
  Set: 1265 Way: 0 Address: 0x257713c7c
  Set: 1278 Way: 0 Address: 0x3c56b3f90
  Set: 1281 Way: 0 Address: 0x3de4d4048
  Set: 1284 Way: 0 Address: 0x129934130
  Set: 1299 Way: 0 Address: 0x3c10744f8
  Set: 1300 Way: 0 Address: 0x3c1074528
  Set: 1301 Way: 0 Address: 0x3c1074558
  Set: 1302 Way: 0 Address: 0x3c107459c
  Set: 1303 Way: 0 Address: 0x3c10745c0
  Set: 1308 Way: 0 Address: 0x3c1074720
  Set: 1309 Way: 0 Address: 0x3c1074750
  Set: 1310 Way: 0 Address: 0x3c10747a4
  Set: 1311 Way: 0 Address: 0x3c10747f0
  Set: 1312 Way: 0 Address: 0x3c1074810
  Set: 1313 Way: 0 Address: 0x3c1074870
  Set: 1314 Way: 0 Address: 0x3c1074890
  Set: 1338 Way: 0 Address: 0x397bb4eb0
  Set: 1339 Way: 0 Address: 0x397bb4ee8
  Set: 1340 Way: 0 Address: 0x397bb4f01
  Set: 1341 Way: 0 Address: 0x397bb4f4d
  Set: 1342 Way: 0 Address: 0x397bb4f82
  Set: 1343 Way: 0 Address: 0x397bb4fc0
  Set: 1344 Way: 0 Address: 0x354d35003
  Set: 1345 Way: 0 Address: 0x354d35040
  Set: 1346 Way: 0 Address: 0x354d35080
  Set: 1347 Way: 0 Address: 0x354d350c0
  Set: 1348 Way: 0 Address: 0x354d35100
  Set: 1349 Way: 0 Address: 0x354d35140
  Set: 1350 Way: 0 Address: 0x354d35180
  Set: 1351 Way: 0 Address: 0x354d351c0
  Set: 1352 Way: 0 Address: 0x354d35200
  Set: 1353 Way: 0 Address: 0x354d35240
  Set: 1354 Way: 0 Address: 0x354d35280
  Set: 1355 Way: 0 Address: 0x354d352c0
  Set: 1356 Way: 0 Address: 0x354d35300
  Set: 1357 Way: 0 Address: 0x354d35343
  Set: 1362 Way: 0 Address: 0x1b0f154b8
  Set: 1435 Way: 0 Address: 0x848966f8
  Set: 1436 Way: 0 Address: 0x43736718
  Set: 1445 Way: 0 Address: 0x211d16970
  Set: 1446 Way: 0 Address: 0x211d1698c
  Set: 1452 Way: 0 Address: 0x84896b30
  Set: 1493 Way: 0 Address: 0x276ff7550
  Set: 1510 Way: 0 Address: 0x276ff7980
  Set: 1556 Way: 0 Address: 0x2c989851c
  Set: 1564 Way: 0 Address: 0xc7078738
  Set: 1567 Way: 0 Address: 0x1aafb87f8
  Set: 1587 Way: 0 Address: 0x3bdd78cc8
  Set: 1591 Way: 0 Address: 0x3bdd78dc0
  Set: 1598 Way: 0 Address: 0x201598f98
  Set: 1600 Way: 0 Address: 0x312099008
  Set: 1601 Way: 0 Address: 0x312099040
  Set: 1602 Way: 0 Address: 0x312099080
  Set: 1603 Way: 0 Address: 0x3120990c0
  Set: 1604 Way: 0 Address: 0x312099102
  Set: 1605 Way: 0 Address: 0x312099140
  Set: 1606 Way: 0 Address: 0x312099180
  Set: 1607 Way: 0 Address: 0x3120991c0
  Set: 1608 Way: 0 Address: 0x312099204
  Set: 1609 Way: 0 Address: 0x312099240
  Set: 1610 Way: 0 Address: 0x312099280
  Set: 1611 Way: 0 Address: 0x3120992c0
  Set: 1612 Way: 0 Address: 0x312099300
  Set: 1613 Way: 0 Address: 0x312099340
  Set: 1614 Way: 0 Address: 0x312099380
  Set: 1615 Way: 0 Address: 0x3120993c1
  Set: 1616 Way: 0 Address: 0x312099400
  Set: 1617 Way: 0 Address: 0x312099440
  Set: 1618 Way: 0 Address: 0x312099480
  Set: 1619 Way: 0 Address: 0x3120994c0
  Set: 1620 Way: 0 Address: 0x312099504
  Set: 1621 Way: 0 Address: 0x312099540
  Set: 1622 Way: 0 Address: 0x312099580
  Set: 1623 Way: 0 Address: 0x3120995c0
  Set: 1624 Way: 0 Address: 0x312099600
  Set: 1625 Way: 0 Address: 0x312099640
  Set: 1626 Way: 0 Address: 0x312099680
  Set: 1627 Way: 0 Address: 0x3120996c0
  Set: 1628 Way: 0 Address: 0x312099700
  Set: 1629 Way: 0 Address: 0x312099740
  Set: 1630 Way: 0 Address: 0x312099780
  Set: 1631 Way: 0 Address: 0x3120997c0
  Set: 1632 Way: 0 Address: 0x312099800
  Set: 1633 Way: 0 Address: 0x312099840
  Set: 1634 Way: 0 Address: 0x312099880
  Set: 1635 Way: 0 Address: 0x3120998c0
  Set: 1636 Way: 0 Address: 0x312099900
  Set: 1637 Way: 0 Address: 0x312099940
  Set: 1638 Way: 0 Address: 0x312099980
  Set: 1639 Way: 0 Address: 0x3120999c0
  Set: 1640 Way: 0 Address: 0x312099a00
  Set: 1641 Way: 0 Address: 0x312099a40
  Set: 1642 Way: 0 Address: 0x312099a80
  Set: 1643 Way: 0 Address: 0x312099ac0
  Set: 1644 Way: 0 Address: 0x292959b38
  Set: 1644 Way: 1 Address: 0x312099b00
  Set: 1645 Way: 0 Address: 0x312099b40
  Set: 1646 Way: 0 Address: 0x312099b80
  Set: 1647 Way: 0 Address: 0x312099bc0
  Set: 1648 Way: 0 Address: 0x312099c00
  Set: 1649 Way: 0 Address: 0x312099c40
  Set: 1650 Way: 0 Address: 0x312099c80
  Set: 1651 Way: 0 Address: 0x312099cc0
  Set: 1652 Way: 0 Address: 0x312099d00
  Set: 1653 Way: 0 Address: 0x312099d40
  Set: 1654 Way: 0 Address: 0x312099d80
  Set: 1655 Way: 0 Address: 0x312099dc0
  Set: 1656 Way: 0 Address: 0x312099e00
  Set: 1657 Way: 0 Address: 0x312099e40
  Set: 1658 Way: 0 Address: 0x312099e80
  Set: 1659 Way: 0 Address: 0x312099ec0
  Set: 1660 Way: 0 Address: 0x292959f08
  Set: 1660 Way: 1 Address: 0x312099f00
  Set: 1661 Way: 0 Address: 0x312099f40
  Set: 1662 Way: 0 Address: 0x312099f80
  Set: 1663 Way: 0 Address: 0x312099fc0
  Set: 1664 Way: 0 Address: 0xc67da038
  Set: 1665 Way: 0 Address: 0x1d89da058
  Set: 1665 Way: 1 Address: 0xc67da040
  Set: 1666 Way: 0 Address: 0xc67da080
  Set: 1667 Way: 0 Address: 0xc67da0c0
  Set: 1668 Way: 0 Address: 0xc67da100
  Set: 1669 Way: 0 Address: 0xc67da168
  Set: 1670 Way: 0 Address: 0xc67da180
  Set: 1671 Way: 0 Address: 0xc67da1c0
  Set: 1672 Way: 0 Address: 0xc67da200
  Set: 1673 Way: 0 Address: 0xc67da240
  Set: 1674 Way: 0 Address: 0xc67da298
  Set: 1679 Way: 0 Address: 0xc67da3c8
  Set: 1688 Way: 0 Address: 0xc67da628
  Set: 1693 Way: 0 Address: 0xc67da758
  Set: 1698 Way: 0 Address: 0xc67da888
  Set: 1717 Way: 0 Address: 0x223edad58
  Set: 1738 Way: 0 Address: 0xcf83b280
  Set: 1778 Way: 0 Address: 0x3b377bcb8
  Set: 1781 Way: 0 Address: 0x394edbd60
  Set: 1782 Way: 0 Address: 0x394edbd80
  Set: 1782 Way: 1 Address: 0xc0d9bd80
  Set: 1792 Way: 0 Address: 0xdf85c000
  Set: 1794 Way: 0 Address: 0x12c6fc0a0
  Set: 1802 Way: 0 Address: 0x12c6fc298
  Set: 1824 Way: 0 Address: 0x38e35c80c
  Set: 1876 Way: 0 Address: 0x1add51c
  Set: 1886 Way: 0 Address: 0x23755d7b8
  Set: 1887 Way: 0 Address: 0x23755d7ec
  Set: 1920 Way: 0 Address: 0x28b67e000
  Set: 1949 Way: 0 Address: 0x2c077e740
  Set: 1951 Way: 0 Address: 0x28b67e7f8
  Set: 1955 Way: 0 Address: 0x20597e8cc
  Set: 1961 Way: 0 Address: 0x2db79ea54
EndCache
