Cache: cpu0_STLB
  Set: 20 Way: 0 Address: 0x1814394
  Set: 23 Way: 0 Address: 0x17974b8
  Set: 25 Way: 0 Address: 0x1799a5c
  Set: 31 Way: 0 Address: 0x499fe48
  Set: 37 Way: 0 Address: 0x1625eb0
  Set: 38 Way: 0 Address: 0x16267c4
  Set: 42 Way: 0 Address: 0x4caa4f8
  Set: 43 Way: 0 Address: 0x13abc69
  Set: 44 Way: 0 Address: 0x13ac003
  Set: 45 Way: 0 Address: 0x49ad7a8
  Set: 46 Way: 0 Address: 0x4d2eee4
  Set: 47 Way: 0 Address: 0x4d2f864
  Set: 48 Way: 0 Address: 0x4d30314
  Set: 48 Way: 1 Address: 0x13b0ef4
  Set: 49 Way: 0 Address: 0x13b1008
  Set: 50 Way: 0 Address: 0x13b2005
  Set: 56 Way: 0 Address: 0x17b88fc
  Set: 59 Way: 0 Address: 0x4cbbcb8
  Set: 79 Way: 0 Address: 0x49cf71c
  Set: 80 Way: 0 Address: 0x4a508a8
  Set: 83 Way: 0 Address: 0x1853b10
  Set: 90 Way: 0 Address: 0x705ac58
  Set: 93 Way: 0 Address: 0x16dd704
  Set: 93 Way: 1 Address: 0x49dd078
  Set: 95 Way: 0 Address: 0x16dfa54
  Set: 97 Way: 0 Address: 0x17e180c
  Set: 99 Way: 0 Address: 0x16e388c
  Set: 102 Way: 0 Address: 0x1766950
  Set: 103 Way: 0 Address: 0x16e77c8
  Set: 103 Way: 1 Address: 0x17674c0
  Set: 106 Way: 0 Address: 0x4cea6b8
  Set: 109 Way: 0 Address: 0x17ed51c
  Set: 112 Way: 0 Address: 0x4cf03f8
  Set: 114 Way: 0 Address: 0x15f2450
  Set: 115 Way: 0 Address: 0x15f3c9b
  Set: 115 Way: 1 Address: 0x7ffe2a6734f0
EndCache
Cache: cpu0_L2C
  Set: 4 Way: 0 Address: 0x14bb10120
  Set: 21 Way: 0 Address: 0x6e620550
  Set: 23 Way: 0 Address: 0x28a9405d8
  Set: 30 Way: 0 Address: 0x2177f0780
  Set: 37 Way: 0 Address: 0x28a940970
  Set: 38 Way: 0 Address: 0x2177f0980
  Set: 57 Way: 0 Address: 0x342b40e48
  Set: 57 Way: 1 Address: 0x168ef0e78
  Set: 59 Way: 0 Address: 0x168ef0ee8
  Set: 68 Way: 0 Address: 0x113201130
  Set: 92 Way: 0 Address: 0x113201738
  Set: 93 Way: 0 Address: 0x181c81750
  Set: 94 Way: 0 Address: 0x181c81780
  Set: 114 Way: 0 Address: 0x19c791cb8
  Set: 119 Way: 0 Address: 0x113201dc0
  Set: 119 Way: 1 Address: 0x2a4841dc0
  Set: 121 Way: 0 Address: 0x260091e78
  Set: 126 Way: 0 Address: 0xf6e81f90
  Set: 128 Way: 0 Address: 0x133c92003
  Set: 129 Way: 0 Address: 0x9cff2060
  Set: 129 Way: 1 Address: 0x133c92044
  Set: 129 Way: 2 Address: 0x62d12078
  Set: 130 Way: 0 Address: 0x133c92084
  Set: 132 Way: 0 Address: 0x9cff2130
  Set: 135 Way: 0 Address: 0x133c921d3
  Set: 136 Way: 0 Address: 0x133c92200
  Set: 137 Way: 0 Address: 0x133c92270
  Set: 138 Way: 0 Address: 0x133c922a5
  Set: 139 Way: 0 Address: 0x133c922c2
  Set: 139 Way: 1 Address: 0x1064c22d0
  Set: 140 Way: 0 Address: 0x133c92301
  Set: 141 Way: 0 Address: 0x133c92343
  Set: 142 Way: 0 Address: 0x6d0c2398
  Set: 172 Way: 0 Address: 0x1995f2b30
  Set: 179 Way: 0 Address: 0x31be12cc8
  Set: 186 Way: 0 Address: 0x1c84e2eb0
  Set: 187 Way: 0 Address: 0x1c84e2ee8
  Set: 188 Way: 0 Address: 0x1c84e2f01
  Set: 189 Way: 0 Address: 0x1c84e2f60
  Set: 190 Way: 0 Address: 0x1c84e2f82
  Set: 191 Way: 0 Address: 0x1c84e2fc0
  Set: 193 Way: 0 Address: 0x263c13050
  Set: 196 Way: 0 Address: 0x3232f3128
  Set: 196 Way: 1 Address: 0x257713128
  Set: 199 Way: 0 Address: 0x3232f31c0
  Set: 215 Way: 0 Address: 0x34a8735d8
  Set: 223 Way: 0 Address: 0x3c56b37f8
  Set: 229 Way: 0 Address: 0x34a873978
  Set: 233 Way: 0 Address: 0x2b2e93a54
  Set: 241 Way: 0 Address: 0x3b0803c58
  Set: 260 Way: 0 Address: 0x3de4d4128
  Set: 286 Way: 0 Address: 0x1299347b4
  Set: 287 Way: 0 Address: 0x1299347c8
  Set: 288 Way: 0 Address: 0x3c107480c
  Set: 303 Way: 0 Address: 0xb8004be0
  Set: 306 Way: 0 Address: 0xb8004c9b
  Set: 307 Way: 0 Address: 0xb8004cfe
  Set: 309 Way: 0 Address: 0x1ab44d60
  Set: 310 Way: 0 Address: 0x1ab44d80
  Set: 318 Way: 0 Address: 0x397bb4f98
  Set: 320 Way: 0 Address: 0x272585014
  Set: 321 Way: 0 Address: 0x195f15058
  Set: 321 Way: 1 Address: 0x272585040
  Set: 322 Way: 0 Address: 0x354d350a0
  Set: 325 Way: 0 Address: 0x272585144
  Set: 329 Way: 0 Address: 0x272585274
  Set: 334 Way: 0 Address: 0x2725853a4
  Set: 344 Way: 0 Address: 0x272585604
  Set: 348 Way: 0 Address: 0x272585734
  Set: 353 Way: 0 Address: 0x272585864
  Set: 374 Way: 0 Address: 0x1b0f15d80
  Set: 379 Way: 0 Address: 0x34a0e5ee4
  Set: 384 Way: 0 Address: 0x27d4c6008
  Set: 385 Way: 0 Address: 0x27d4c6040
  Set: 386 Way: 0 Address: 0x27d4c6080
  Set: 387 Way: 0 Address: 0x27d4c60c5
  Set: 388 Way: 0 Address: 0x27d4c6102
  Set: 389 Way: 0 Address: 0x27d4c6143
  Set: 390 Way: 0 Address: 0x27d4c6181
  Set: 391 Way: 0 Address: 0x27d4c61c3
  Set: 392 Way: 0 Address: 0x27d4c6204
  Set: 393 Way: 0 Address: 0x27d4c6242
  Set: 394 Way: 0 Address: 0x3d87a6280
  Set: 394 Way: 1 Address: 0x27d4c6283
  Set: 395 Way: 0 Address: 0x27d4c62c5
  Set: 396 Way: 0 Address: 0x27d4c6302
  Set: 397 Way: 0 Address: 0x27d4c6342
  Set: 398 Way: 0 Address: 0x27d4c6382
  Set: 399 Way: 0 Address: 0x27d4c63c1
  Set: 400 Way: 0 Address: 0x27d4c6400
  Set: 401 Way: 0 Address: 0x27d4c6440
  Set: 402 Way: 0 Address: 0x211d164b8
  Set: 402 Way: 1 Address: 0x27d4c6480
  Set: 403 Way: 0 Address: 0x27d4c64c2
  Set: 404 Way: 0 Address: 0x27d4c6504
  Set: 405 Way: 0 Address: 0x27d4c6543
  Set: 406 Way: 0 Address: 0x27d4c6580
  Set: 407 Way: 0 Address: 0x27d4c65c0
  Set: 408 Way: 0 Address: 0x27d4c6601
  Set: 409 Way: 0 Address: 0x27d4c6642
  Set: 410 Way: 0 Address: 0x27d4c6680
  Set: 411 Way: 0 Address: 0x27d4c66c8
  Set: 412 Way: 0 Address: 0x27d4c6700
  Set: 413 Way: 0 Address: 0x27d4c6740
  Set: 414 Way: 0 Address: 0x27d4c6780
  Set: 415 Way: 0 Address: 0x27d4c67c1
  Set: 416 Way: 0 Address: 0x27d4c6807
  Set: 417 Way: 0 Address: 0x27d4c6840
  Set: 418 Way: 0 Address: 0x27d4c6880
  Set: 419 Way: 0 Address: 0x27d4c68c6
  Set: 420 Way: 0 Address: 0x27d4c6902
  Set: 421 Way: 0 Address: 0x3dae66950
  Set: 421 Way: 1 Address: 0x27d4c6941
  Set: 422 Way: 0 Address: 0x3dae6698c
  Set: 422 Way: 1 Address: 0x27d4c6980
  Set: 423 Way: 0 Address: 0x27d4c69c0
  Set: 424 Way: 0 Address: 0x27d4c6a00
  Set: 425 Way: 0 Address: 0x27d4c6a42
  Set: 426 Way: 0 Address: 0x27d4c6a81
  Set: 427 Way: 0 Address: 0x27d4c6ac5
  Set: 428 Way: 0 Address: 0x27d4c6b03
  Set: 429 Way: 0 Address: 0x27d4c6b40
  Set: 430 Way: 0 Address: 0x27d4c6b80
  Set: 431 Way: 0 Address: 0x27d4c6bc2
  Set: 432 Way: 0 Address: 0x27d4c6c00
  Set: 433 Way: 0 Address: 0x27d4c6c40
  Set: 434 Way: 0 Address: 0x27d4c6c80
  Set: 435 Way: 0 Address: 0x27d4c6cc6
  Set: 435 Way: 1 Address: 0x84896cc8
  Set: 436 Way: 0 Address: 0x27d4c6d02
  Set: 437 Way: 0 Address: 0x27d4c6d41
  Set: 438 Way: 0 Address: 0x27d4c6d80
  Set: 439 Way: 0 Address: 0x27d4c6dc0
  Set: 440 Way: 0 Address: 0x27d4c6e00
  Set: 441 Way: 0 Address: 0x27d4c6e42
  Set: 442 Way: 0 Address: 0x27d4c6e81
  Set: 443 Way: 0 Address: 0x27d4c6ec1
  Set: 444 Way: 0 Address: 0x27d4c6f04
  Set: 445 Way: 0 Address: 0x84896f68
  Set: 445 Way: 1 Address: 0x27d4c6f40
  Set: 446 Way: 0 Address: 0x27d4c6f80
  Set: 447 Way: 0 Address: 0x43736fc0
  Set: 447 Way: 1 Address: 0x27d4c6fc3
  Set: 460 Way: 0 Address: 0xbeea7314
  Set: 461 Way: 0 Address: 0x276ff737c
  Set: 462 Way: 0 Address: 0x276ff7394
  Set: 476 Way: 0 Address: 0x309887718
  Set: 514 Way: 0 Address: 0x2015980a0
  Set: 522 Way: 0 Address: 0x201598298
  Set: 542 Way: 0 Address: 0x3bdd787a8
  Set: 547 Way: 0 Address: 0x1aafb88fc
  Set: 554 Way: 0 Address: 0xc7078aa8
  Set: 555 Way: 0 Address: 0xc7078ad4
  Set: 556 Way: 0 Address: 0xc7078b10
  Set: 568 Way: 0 Address: 0x2c9898e24
  Set: 569 Way: 0 Address: 0x2c9898e7f
  Set: 570 Way: 0 Address: 0x2c9898e82
  Set: 571 Way: 0 Address: 0x2c9898ef4
  Set: 572 Way: 0 Address: 0x2c9898f07
  Set: 573 Way: 0 Address: 0x2c9898f42
  Set: 574 Way: 0 Address: 0x2c9898f80
  Set: 575 Way: 0 Address: 0x2c9898fc3
  Set: 593 Way: 0 Address: 0x2ee369450
  Set: 594 Way: 0 Address: 0x2ee369490
  Set: 595 Way: 0 Address: 0x2ee3694c2
  Set: 596 Way: 0 Address: 0x2ee369502
  Set: 597 Way: 0 Address: 0x2ee369578
  Set: 598 Way: 0 Address: 0x2ee369580
  Set: 599 Way: 0 Address: 0x2ee3695e8
  Set: 600 Way: 0 Address: 0x2ee369603
  Set: 601 Way: 0 Address: 0x2ee369650
  Set: 602 Way: 0 Address: 0x2ee369680
  Set: 602 Way: 1 Address: 0x2c87496b8
  Set: 610 Way: 0 Address: 0x3120998a8
  Set: 617 Way: 0 Address: 0xb84a9a5c
  Set: 618 Way: 0 Address: 0x292959a98
  Set: 630 Way: 0 Address: 0x2fa0c9d90
  Set: 640 Way: 0 Address: 0x229b9a000
  Set: 640 Way: 1 Address: 0xc67da005
  Set: 641 Way: 0 Address: 0x1d89da048
  Set: 641 Way: 1 Address: 0xc67da040
  Set: 642 Way: 0 Address: 0xc67da083
  Set: 643 Way: 0 Address: 0xc67da0c0
  Set: 660 Way: 0 Address: 0xc67da53b
  Set: 661 Way: 0 Address: 0xc67da543
  Set: 667 Way: 0 Address: 0x223eda6e8
  Set: 668 Way: 0 Address: 0x223eda738
  Set: 684 Way: 0 Address: 0x223edab38
  Set: 700 Way: 0 Address: 0x223edaf08
  Set: 719 Way: 0 Address: 0xcf83b3f8
  Set: 731 Way: 0 Address: 0x394edb6f8
  Set: 754 Way: 0 Address: 0x394edbcb8
  Set: 755 Way: 0 Address: 0x3b377bcf8
  Set: 755 Way: 1 Address: 0xc0d9bcf8
  Set: 757 Way: 0 Address: 0x3b377bd68
  Set: 763 Way: 0 Address: 0xc0d9bee8
  Set: 765 Way: 0 Address: 0x394edbf68
  Set: 768 Way: 0 Address: 0xdf85c000
  Set: 772 Way: 0 Address: 0x38e35c11c
  Set: 786 Way: 0 Address: 0x38e35c4b0
  Set: 787 Way: 0 Address: 0x38e35c4c0
  Set: 794 Way: 0 Address: 0x38e35c694
  Set: 796 Way: 0 Address: 0x1ae2cc71c
  Set: 798 Way: 0 Address: 0x38e35c780
  Set: 805 Way: 0 Address: 0x32f48c970
  Set: 812 Way: 0 Address: 0x12c6fcb38
  Set: 817 Way: 0 Address: 0x38e35cc58
  Set: 821 Way: 0 Address: 0x29484cd58
  Set: 852 Way: 0 Address: 0x5588d51c
  Set: 859 Way: 0 Address: 0x23755d6f8
  Set: 882 Way: 0 Address: 0x1addcb8
  Set: 892 Way: 0 Address: 0x23755df08
  Set: 896 Way: 0 Address: 0x28b67e000
  Set: 896 Way: 1 Address: 0x1f919e000
  Set: 897 Way: 0 Address: 0x1f919e050
  Set: 899 Way: 0 Address: 0x1f919e0c8
  Set: 900 Way: 0 Address: 0x1f919e100
  Set: 900 Way: 1 Address: 0x1c084e130
  Set: 903 Way: 0 Address: 0x1c084e1c0
  Set: 904 Way: 0 Address: 0x1f919e220
  Set: 905 Way: 0 Address: 0x1f919e242
  Set: 906 Way: 0 Address: 0x1f919e281
  Set: 907 Way: 0 Address: 0x1f919e2c2
  Set: 908 Way: 0 Address: 0x1f919e301
  Set: 909 Way: 0 Address: 0x1f919e370
  Set: 910 Way: 0 Address: 0x1f919e3a0
  Set: 912 Way: 0 Address: 0x1f919e430
  Set: 913 Way: 0 Address: 0x1f919e447
  Set: 914 Way: 0 Address: 0x1f919e481
  Set: 915 Way: 0 Address: 0x1f919e4c1
  Set: 915 Way: 1 Address: 0x2db79e4f8
  Set: 916 Way: 0 Address: 0x1f919e507
  Set: 917 Way: 0 Address: 0x1f919e541
  Set: 918 Way: 0 Address: 0x1f919e582
  Set: 919 Way: 0 Address: 0x1f919e5fc
  Set: 920 Way: 0 Address: 0x1f919e603
  Set: 921 Way: 0 Address: 0x1f919e641
  Set: 922 Way: 0 Address: 0x1f919e681
  Set: 923 Way: 0 Address: 0x1f919e6c1
  Set: 924 Way: 0 Address: 0x1f919e703
  Set: 925 Way: 0 Address: 0x1f919e742
  Set: 925 Way: 1 Address: 0x20597e750
  Set: 926 Way: 0 Address: 0x1f919e780
  Set: 927 Way: 0 Address: 0x1f919e7c4
  Set: 927 Way: 1 Address: 0x28b67e7f8
  Set: 928 Way: 0 Address: 0x1f919e800
  Set: 930 Way: 0 Address: 0x2f5d8e88c
  Set: 931 Way: 0 Address: 0x2f5d8e8f0
  Set: 933 Way: 0 Address: 0x20597e978
  Set: 940 Way: 0 Address: 0x3734eeb30
  Set: 941 Way: 0 Address: 0x3734eeb41
  Set: 942 Way: 0 Address: 0x3734eeb82
  Set: 943 Way: 0 Address: 0x3734eebc2
  Set: 944 Way: 0 Address: 0x3734eec02
  Set: 945 Way: 0 Address: 0x3734eec69
  Set: 946 Way: 0 Address: 0x3734eec82
  Set: 947 Way: 0 Address: 0x3734eecc4
  Set: 948 Way: 0 Address: 0x3734eed02
  Set: 949 Way: 0 Address: 0x3734eed46
  Set: 950 Way: 0 Address: 0x3734eed84
  Set: 951 Way: 0 Address: 0x3734eedc1
  Set: 952 Way: 0 Address: 0x3734eee00
  Set: 953 Way: 0 Address: 0x3734eee45
  Set: 954 Way: 0 Address: 0x3734eee81
  Set: 955 Way: 0 Address: 0x3734eeec2
  Set: 956 Way: 0 Address: 0x3734eef01
  Set: 957 Way: 0 Address: 0x3734eef42
  Set: 958 Way: 0 Address: 0x3734eef80
  Set: 959 Way: 0 Address: 0x3734eefc1
  Set: 979 Way: 0 Address: 0x143ef4f0
  Set: 980 Way: 0 Address: 0x143ef500
  Set: 981 Way: 0 Address: 0x143ef554
  Set: 982 Way: 0 Address: 0x143ef5a4
  Set: 983 Way: 0 Address: 0x143ef5c0
  Set: 987 Way: 0 Address: 0x16390f6e8
  Set: 987 Way: 1 Address: 0xee86f6fc
  Set: 988 Way: 0 Address: 0xee86f704
  Set: 988 Way: 1 Address: 0x143ef720
  Set: 989 Way: 0 Address: 0x143ef750
  Set: 990 Way: 0 Address: 0x143ef7a4
  Set: 991 Way: 0 Address: 0x143ef7f0
  Set: 992 Way: 0 Address: 0x143ef810
  Set: 993 Way: 0 Address: 0x143ef870
  Set: 994 Way: 0 Address: 0x143ef890
  Set: 1011 Way: 0 Address: 0xee86fcd8
  Set: 1014 Way: 0 Address: 0x23756fd88
  Set: 1022 Way: 0 Address: 0xee86ffb0
EndCache
Cache: cpu0_L1I
  Set: 0 Way: 0 Address: 0x133c92003
  Set: 0 Way: 1 Address: 0x1f919e000
  Set: 0 Way: 2 Address: 0x27d4c602f
  Set: 0 Way: 3 Address: 0xc67da03a
  Set: 1 Way: 0 Address: 0x133c92044
  Set: 1 Way: 1 Address: 0x1f919e050
  Set: 1 Way: 2 Address: 0x27d4c6040
  Set: 1 Way: 3 Address: 0xc67da070
  Set: 2 Way: 0 Address: 0x133c920ac
  Set: 2 Way: 1 Address: 0x27d4c6080
  Set: 2 Way: 2 Address: 0xc67da083
  Set: 3 Way: 0 Address: 0x1f919e0f2
  Set: 3 Way: 1 Address: 0x27d4c60c5
  Set: 4 Way: 0 Address: 0x1f919e100
  Set: 4 Way: 1 Address: 0x27d4c6102
  Set: 5 Way: 0 Address: 0x27d4c6143
  Set: 6 Way: 0 Address: 0x27d4c6181
  Set: 7 Way: 0 Address: 0x133c921d3
  Set: 7 Way: 1 Address: 0x27d4c61c3
  Set: 8 Way: 0 Address: 0x1f919e220
  Set: 8 Way: 1 Address: 0x27d4c6204
  Set: 8 Way: 2 Address: 0x133c9221d
  Set: 9 Way: 0 Address: 0x1f919e242
  Set: 9 Way: 1 Address: 0x133c92270
  Set: 9 Way: 2 Address: 0x27d4c6242
  Set: 10 Way: 0 Address: 0x1f919e281
  Set: 10 Way: 1 Address: 0x133c922a5
  Set: 10 Way: 2 Address: 0x27d4c6283
  Set: 11 Way: 0 Address: 0x1f919e2f5
  Set: 11 Way: 1 Address: 0x133c922c2
  Set: 11 Way: 2 Address: 0x27d4c62c5
  Set: 12 Way: 0 Address: 0x1f919e301
  Set: 12 Way: 1 Address: 0x133c92336
  Set: 12 Way: 2 Address: 0x27d4c6302
  Set: 13 Way: 0 Address: 0x1f919e370
  Set: 13 Way: 1 Address: 0x133c92343
  Set: 13 Way: 2 Address: 0x27d4c6342
  Set: 14 Way: 0 Address: 0x1f919e3a0
  Set: 14 Way: 1 Address: 0x27d4c6382
  Set: 15 Way: 0 Address: 0x27d4c63c1
  Set: 16 Way: 0 Address: 0x1f919e430
  Set: 16 Way: 1 Address: 0x27d4c6407
  Set: 17 Way: 0 Address: 0x2ee369450
  Set: 17 Way: 1 Address: 0x1f919e47d
  Set: 17 Way: 2 Address: 0x27d4c6444
  Set: 18 Way: 0 Address: 0x2ee3694ad
  Set: 18 Way: 1 Address: 0x1f919e4b9
  Set: 18 Way: 2 Address: 0x27d4c6483
  Set: 19 Way: 0 Address: 0x2ee3694f6
  Set: 19 Way: 1 Address: 0x1f919e4f8
  Set: 19 Way: 2 Address: 0x27d4c64fd
  Set: 20 Way: 0 Address: 0x2ee369502
  Set: 20 Way: 1 Address: 0x1f919e52a
  Set: 20 Way: 2 Address: 0x27d4c6504
  Set: 20 Way: 3 Address: 0xc67da53b
  Set: 21 Way: 0 Address: 0x2ee369542
  Set: 21 Way: 1 Address: 0x1f919e576
  Set: 21 Way: 2 Address: 0x27d4c6543
  Set: 21 Way: 3 Address: 0xc67da543
  Set: 22 Way: 0 Address: 0x2ee369580
  Set: 22 Way: 1 Address: 0x1f919e5b3
  Set: 22 Way: 2 Address: 0x27d4c6581
  Set: 23 Way: 0 Address: 0x1f919e5fc
  Set: 23 Way: 1 Address: 0x2ee3695e8
  Set: 23 Way: 2 Address: 0x27d4c65c2
  Set: 24 Way: 0 Address: 0x1f919e603
  Set: 24 Way: 1 Address: 0x2ee369603
  Set: 24 Way: 2 Address: 0x27d4c663f
  Set: 25 Way: 0 Address: 0x1f919e67d
  Set: 25 Way: 1 Address: 0x2ee369650
  Set: 25 Way: 2 Address: 0x27d4c6642
  Set: 26 Way: 0 Address: 0x1f919e6a2
  Set: 26 Way: 1 Address: 0x2ee369680
  Set: 26 Way: 2 Address: 0x27d4c6683
  Set: 27 Way: 0 Address: 0x1f919e6fc
  Set: 27 Way: 1 Address: 0x27d4c66c8
  Set: 28 Way: 0 Address: 0x1f919e71b
  Set: 28 Way: 1 Address: 0x27d4c6700
  Set: 29 Way: 0 Address: 0x1f919e774
  Set: 29 Way: 1 Address: 0x27d4c6742
  Set: 30 Way: 0 Address: 0x1f919e7a9
  Set: 30 Way: 1 Address: 0x27d4c6786
  Set: 31 Way: 0 Address: 0x1f919e7c4
  Set: 31 Way: 1 Address: 0x27d4c67ee
  Set: 32 Way: 0 Address: 0x1f919e800
  Set: 32 Way: 1 Address: 0x27d4c6807
  Set: 33 Way: 0 Address: 0x27d4c6842
  Set: 34 Way: 0 Address: 0x27d4c6884
  Set: 35 Way: 0 Address: 0x27d4c68c6
  Set: 36 Way: 0 Address: 0x27d4c6939
  Set: 37 Way: 0 Address: 0x27d4c6941
  Set: 38 Way: 0 Address: 0x27d4c6987
  Set: 39 Way: 0 Address: 0x27d4c69c4
  Set: 40 Way: 0 Address: 0x27d4c6a03
  Set: 41 Way: 0 Address: 0x27d4c6a79
  Set: 42 Way: 0 Address: 0x27d4c6ab7
  Set: 43 Way: 0 Address: 0x27d4c6ac5
  Set: 44 Way: 0 Address: 0x3734eeb30
  Set: 44 Way: 1 Address: 0x27d4c6b03
  Set: 45 Way: 0 Address: 0x3734eeb79
  Set: 45 Way: 1 Address: 0x27d4c6b46
  Set: 46 Way: 0 Address: 0x3734eeb82
  Set: 46 Way: 1 Address: 0x27d4c6b80
  Set: 47 Way: 0 Address: 0xb8004be0
  Set: 47 Way: 1 Address: 0x3734eebc2
  Set: 47 Way: 2 Address: 0x27d4c6bc2
  Set: 48 Way: 0 Address: 0x3734eec02
  Set: 48 Way: 1 Address: 0x27d4c6c08
  Set: 49 Way: 0 Address: 0x3734eec69
  Set: 49 Way: 1 Address: 0x27d4c6c45
  Set: 50 Way: 0 Address: 0xb8004cbf
  Set: 50 Way: 1 Address: 0x3734eec82
  Set: 50 Way: 2 Address: 0x27d4c6c80
  Set: 51 Way: 0 Address: 0xb8004cc3
  Set: 51 Way: 1 Address: 0x3734eecf0
  Set: 51 Way: 2 Address: 0x27d4c6cfc
  Set: 52 Way: 0 Address: 0x3734eed16
  Set: 52 Way: 1 Address: 0x27d4c6d3d
  Set: 53 Way: 0 Address: 0x3734eed46
  Set: 53 Way: 1 Address: 0x27d4c6d41
  Set: 54 Way: 0 Address: 0x3734eed84
  Set: 54 Way: 1 Address: 0x27d4c6d81
  Set: 55 Way: 0 Address: 0x3734eedc1
  Set: 55 Way: 1 Address: 0x27d4c6dc4
  Set: 56 Way: 0 Address: 0x3734eee00
  Set: 56 Way: 1 Address: 0x27d4c6e2f
  Set: 56 Way: 2 Address: 0x2c9898e24
  Set: 57 Way: 0 Address: 0x3734eee6a
  Set: 57 Way: 1 Address: 0x27d4c6e72
  Set: 57 Way: 2 Address: 0x2c9898e7f
  Set: 58 Way: 0 Address: 0x1c84e2eb0
  Set: 58 Way: 1 Address: 0x3734eeea6
  Set: 58 Way: 2 Address: 0x27d4c6e81
  Set: 58 Way: 3 Address: 0x2c9898e82
  Set: 59 Way: 0 Address: 0x1c84e2ee8
  Set: 59 Way: 1 Address: 0x3734eeec2
  Set: 59 Way: 2 Address: 0x2c9898ef4
  Set: 59 Way: 3 Address: 0x27d4c6ec1
  Set: 60 Way: 0 Address: 0x1c84e2f01
  Set: 60 Way: 1 Address: 0x3734eef01
  Set: 60 Way: 2 Address: 0x2c9898f35
  Set: 60 Way: 3 Address: 0x27d4c6f04
  Set: 61 Way: 0 Address: 0x1c84e2f60
  Set: 61 Way: 1 Address: 0x3734eef42
  Set: 61 Way: 2 Address: 0x2c9898f73
  Set: 61 Way: 3 Address: 0x27d4c6f6f
  Set: 62 Way: 0 Address: 0x1c84e2f82
  Set: 62 Way: 1 Address: 0x3734eefae
  Set: 62 Way: 2 Address: 0x2c9898f80
  Set: 62 Way: 3 Address: 0x27d4c6fb0
  Set: 63 Way: 0 Address: 0x1c84e2fec
  Set: 63 Way: 1 Address: 0x3734eefc1
  Set: 63 Way: 2 Address: 0x2c9898fc3
  Set: 63 Way: 3 Address: 0x27d4c6fe3
EndCache
Cache: cpu0_L1D
  Set: 0 Way: 0 Address: 0xdf85c000
  Set: 0 Way: 1 Address: 0x28b67e000
  Set: 0 Way: 2 Address: 0x229b9a000
  Set: 0 Way: 3 Address: 0x272585014
  Set: 1 Way: 0 Address: 0x195f15058
  Set: 1 Way: 1 Address: 0x263c13050
  Set: 1 Way: 2 Address: 0x1d89da048
  Set: 1 Way: 3 Address: 0x9cff2060
  Set: 1 Way: 4 Address: 0x62d12078
  Set: 2 Way: 0 Address: 0x2015980a0
  Set: 2 Way: 1 Address: 0x354d350a0
  Set: 4 Way: 0 Address: 0x113201130
  Set: 4 Way: 1 Address: 0x3de4d4128
  Set: 4 Way: 2 Address: 0x9cff2130
  Set: 4 Way: 3 Address: 0x1c084e130
  Set: 4 Way: 4 Address: 0x14bb10120
  Set: 4 Way: 5 Address: 0x38e35c11c
  Set: 4 Way: 6 Address: 0x3232f3128
  Set: 4 Way: 7 Address: 0x257713128
  Set: 5 Way: 0 Address: 0x272585144
  Set: 7 Way: 0 Address: 0x1c084e1c0
  Set: 7 Way: 1 Address: 0x3232f31c0
  Set: 9 Way: 0 Address: 0x272585274
  Set: 10 Way: 0 Address: 0x201598298
  Set: 10 Way: 1 Address: 0x3d87a6280
  Set: 11 Way: 0 Address: 0x1064c22d0
  Set: 12 Way: 0 Address: 0xbeea7314
  Set: 13 Way: 0 Address: 0x276ff737c
  Set: 14 Way: 0 Address: 0x6d0c2398
  Set: 14 Way: 1 Address: 0x276ff738c
  Set: 14 Way: 2 Address: 0x2725853a4
  Set: 15 Way: 0 Address: 0xcf83b3f8
  Set: 18 Way: 0 Address: 0x211d164b8
  Set: 18 Way: 1 Address: 0x38e35c4b0
  Set: 19 Way: 0 Address: 0x143ef4f0
  Set: 19 Way: 1 Address: 0x38e35c4c0
  Set: 19 Way: 2 Address: 0x2db79e4f8
  Set: 20 Way: 0 Address: 0x143ef51c
  Set: 20 Way: 1 Address: 0x5588d51c
  Set: 21 Way: 0 Address: 0x143ef560
  Set: 21 Way: 1 Address: 0x6e620550
  Set: 22 Way: 0 Address: 0x143ef5a4
  Set: 23 Way: 0 Address: 0x143ef5d0
  Set: 23 Way: 1 Address: 0x34a8735d8
  Set: 23 Way: 2 Address: 0x28a9405d8
  Set: 24 Way: 0 Address: 0x272585604
  Set: 26 Way: 0 Address: 0x38e35c694
  Set: 26 Way: 1 Address: 0x2c87496b8
  Set: 27 Way: 0 Address: 0x223eda6e8
  Set: 27 Way: 1 Address: 0x16390f6e8
  Set: 27 Way: 2 Address: 0x23755d6f8
  Set: 27 Way: 3 Address: 0x394edb6f8
  Set: 27 Way: 4 Address: 0xee86f6fc
  Set: 28 Way: 0 Address: 0x113201738
  Set: 28 Way: 1 Address: 0x223eda738
  Set: 28 Way: 2 Address: 0x309887718
  Set: 28 Way: 3 Address: 0xee86f704
  Set: 28 Way: 4 Address: 0x143ef720
  Set: 28 Way: 5 Address: 0x272585734
  Set: 28 Way: 6 Address: 0x1ae2cc71c
  Set: 29 Way: 0 Address: 0x143ef750
  Set: 29 Way: 1 Address: 0x181c81750
  Set: 29 Way: 2 Address: 0x20597e750
  Set: 30 Way: 0 Address: 0x1299347b4
  Set: 30 Way: 1 Address: 0x38e35c780
  Set: 30 Way: 2 Address: 0x3bdd787a8
  Set: 30 Way: 3 Address: 0x143ef7a4
  Set: 30 Way: 4 Address: 0x2177f0780
  Set: 30 Way: 5 Address: 0x181c81780
  Set: 31 Way: 0 Address: 0x28b67e7f8
  Set: 31 Way: 1 Address: 0x3c56b37f8
  Set: 31 Way: 2 Address: 0x1299347c8
  Set: 31 Way: 3 Address: 0x143ef7f0
  Set: 32 Way: 0 Address: 0x3c107480c
  Set: 32 Way: 1 Address: 0x143ef810
  Set: 33 Way: 0 Address: 0x143ef868
  Set: 33 Way: 1 Address: 0x272585864
  Set: 34 Way: 0 Address: 0x2f5d8e8a4
  Set: 34 Way: 1 Address: 0x143ef890
  Set: 34 Way: 2 Address: 0x3120998a8
  Set: 35 Way: 0 Address: 0x1aafb88fc
  Set: 35 Way: 1 Address: 0x2f5d8e8f0
  Set: 37 Way: 0 Address: 0x3dae66950
  Set: 37 Way: 1 Address: 0x20597e978
  Set: 37 Way: 2 Address: 0x34a873978
  Set: 37 Way: 3 Address: 0x28a940970
  Set: 37 Way: 4 Address: 0x32f48c970
  Set: 38 Way: 0 Address: 0x3dae6698c
  Set: 38 Way: 1 Address: 0x2177f0980
  Set: 41 Way: 0 Address: 0x2b2e93a54
  Set: 41 Way: 1 Address: 0xb84a9a5c
  Set: 42 Way: 0 Address: 0x292959a98
  Set: 42 Way: 1 Address: 0xc7078aa4
  Set: 43 Way: 0 Address: 0xc7078acc
  Set: 44 Way: 0 Address: 0xc7078b20
  Set: 44 Way: 1 Address: 0x223edab30
  Set: 44 Way: 2 Address: 0x1995f2b30
  Set: 44 Way: 3 Address: 0x12c6fcb38
  Set: 49 Way: 0 Address: 0x38e35cc58
  Set: 49 Way: 1 Address: 0x3b0803c58
  Set: 50 Way: 0 Address: 0x394edbcb8
  Set: 50 Way: 1 Address: 0x1addcb8
  Set: 50 Way: 2 Address: 0x19c791cb8
  Set: 51 Way: 0 Address: 0xee86fcd8
  Set: 51 Way: 1 Address: 0x3b377bcf8
  Set: 51 Way: 2 Address: 0xc0d9bcf8
  Set: 51 Way: 3 Address: 0x84896cc8
  Set: 51 Way: 4 Address: 0x31be12cc8
  Set: 53 Way: 0 Address: 0x29484cd58
  Set: 53 Way: 1 Address: 0x1ab44d60
  Set: 53 Way: 2 Address: 0x3b377bd68
  Set: 54 Way: 0 Address: 0x1ab44d80
  Set: 54 Way: 1 Address: 0x1b0f15d80
  Set: 54 Way: 2 Address: 0x23756fd88
  Set: 54 Way: 3 Address: 0x2fa0c9d90
  Set: 55 Way: 0 Address: 0x113201dc0
  Set: 55 Way: 1 Address: 0x2a4841dc0
  Set: 57 Way: 0 Address: 0x342b40e48
  Set: 57 Way: 1 Address: 0x168ef0e78
  Set: 57 Way: 2 Address: 0x260091e78
  Set: 59 Way: 0 Address: 0x34a0e5ee4
  Set: 59 Way: 1 Address: 0xc0d9bee8
  Set: 59 Way: 2 Address: 0x168ef0ee8
  Set: 60 Way: 0 Address: 0x223edaf08
  Set: 60 Way: 1 Address: 0x23755df08
  Set: 61 Way: 0 Address: 0x394edbf68
  Set: 61 Way: 1 Address: 0x84896f68
  Set: 62 Way: 0 Address: 0x397bb4f98
  Set: 62 Way: 1 Address: 0xf6e81f90
  Set: 62 Way: 2 Address: 0xee86ffb0
  Set: 63 Way: 0 Address: 0x43736fc0
EndCache
Cache: cpu0_ITLB
  Set: 0 Way: 0 Address: 0x13b0f73
  Set: 1 Way: 0 Address: 0x13b102f
  Set: 2 Way: 0 Address: 0x15f24ad
  Set: 2 Way: 1 Address: 0x13b2083
  Set: 3 Way: 0 Address: 0x15f3be0
  Set: 5 Way: 0 Address: 0x1625eb0
  Set: 6 Way: 0 Address: 0x16266c1
  Set: 11 Way: 0 Address: 0x13abc69
  Set: 12 Way: 0 Address: 0x13ac003
EndCache
Cache: cpu0_DTLB
  Set: 0 Way: 0 Address: 0x4d30314
  Set: 0 Way: 1 Address: 0x4a508a8
  Set: 0 Way: 2 Address: 0x4cf03f8
  Set: 1 Way: 0 Address: 0x17e180c
  Set: 3 Way: 0 Address: 0x1853b20
  Set: 3 Way: 1 Address: 0x16e38a4
  Set: 3 Way: 2 Address: 0x7ffe2a67351c
  Set: 4 Way: 0 Address: 0x181438c
  Set: 6 Way: 0 Address: 0x1766950
  Set: 7 Way: 0 Address: 0x16e77b4
  Set: 7 Way: 1 Address: 0x1767c58
  Set: 7 Way: 2 Address: 0x17974b8
  Set: 8 Way: 0 Address: 0x17b88fc
  Set: 9 Way: 0 Address: 0x1799a5c
  Set: 10 Way: 0 Address: 0x4caa4f8
  Set: 10 Way: 1 Address: 0x705ac58
  Set: 10 Way: 2 Address: 0x4cea6b8
  Set: 11 Way: 0 Address: 0x4cbbcb8
  Set: 13 Way: 0 Address: 0x16dd704
  Set: 13 Way: 1 Address: 0x17ed51c
  Set: 13 Way: 2 Address: 0x49ad7a8
  Set: 13 Way: 3 Address: 0x49dd078
  Set: 14 Way: 0 Address: 0x4d2eee4
  Set: 15 Way: 0 Address: 0x16dfa54
  Set: 15 Way: 1 Address: 0x499fe48
  Set: 15 Way: 2 Address: 0x4d2f734
  Set: 15 Way: 3 Address: 0x49cf71c
EndCache
Cache: LLC
  Set: 21 Way: 0 Address: 0x6e620550
  Set: 23 Way: 0 Address: 0x28a9405d8
  Set: 37 Way: 0 Address: 0x28a940970
  Set: 57 Way: 0 Address: 0x342b40e48
  Set: 68 Way: 0 Address: 0x113201130
  Set: 92 Way: 0 Address: 0x113201738
  Set: 93 Way: 0 Address: 0x181c81750
  Set: 94 Way: 0 Address: 0x181c81780
  Set: 119 Way: 0 Address: 0x113201dc0
  Set: 119 Way: 1 Address: 0x2a4841dc0
  Set: 126 Way: 0 Address: 0xf6e81f90
  Set: 139 Way: 0 Address: 0x1064c22d0
  Set: 142 Way: 0 Address: 0x6d0c2398
  Set: 186 Way: 0 Address: 0x1c84e2eb0
  Set: 187 Way: 0 Address: 0x1c84e2ee8
  Set: 188 Way: 0 Address: 0x1c84e2f01
  Set: 189 Way: 0 Address: 0x1c84e2f60
  Set: 190 Way: 0 Address: 0x1c84e2f82
  Set: 191 Way: 0 Address: 0x1c84e2fc0
  Set: 241 Way: 0 Address: 0x3b0803c58
  Set: 303 Way: 0 Address: 0xb8004be0
  Set: 306 Way: 0 Address: 0xb8004c9b
  Set: 307 Way: 0 Address: 0xb8004cfe
  Set: 309 Way: 0 Address: 0x1ab44d60
  Set: 310 Way: 0 Address: 0x1ab44d80
  Set: 320 Way: 0 Address: 0x272585014
  Set: 321 Way: 0 Address: 0x272585040
  Set: 322 Way: 0 Address: 0x272585080
  Set: 323 Way: 0 Address: 0x2725850c0
  Set: 324 Way: 0 Address: 0x272585100
  Set: 325 Way: 0 Address: 0x272585144
  Set: 326 Way: 0 Address: 0x272585180
  Set: 327 Way: 0 Address: 0x2725851c0
  Set: 328 Way: 0 Address: 0x272585200
  Set: 329 Way: 0 Address: 0x272585274
  Set: 330 Way: 0 Address: 0x272585280
  Set: 331 Way: 0 Address: 0x2725852c0
  Set: 332 Way: 0 Address: 0x272585300
  Set: 334 Way: 0 Address: 0x2725853a4
  Set: 344 Way: 0 Address: 0x272585604
  Set: 348 Way: 0 Address: 0x272585734
  Set: 353 Way: 0 Address: 0x272585864
  Set: 379 Way: 0 Address: 0x34a0e5ee4
  Set: 384 Way: 0 Address: 0x27d4c6008
  Set: 385 Way: 0 Address: 0x27d4c6040
  Set: 386 Way: 0 Address: 0x27d4c6080
  Set: 387 Way: 0 Address: 0x27d4c60c5
  Set: 388 Way: 0 Address: 0x27d4c6102
  Set: 389 Way: 0 Address: 0x27d4c6140
  Set: 390 Way: 0 Address: 0x27d4c6181
  Set: 391 Way: 0 Address: 0x27d4c61c3
  Set: 392 Way: 0 Address: 0x27d4c6204
  Set: 393 Way: 0 Address: 0x27d4c6240
  Set: 394 Way: 0 Address: 0x3d87a6280
  Set: 394 Way: 1 Address: 0x27d4c6283
  Set: 395 Way: 0 Address: 0x27d4c62c5
  Set: 396 Way: 0 Address: 0x27d4c6300
  Set: 397 Way: 0 Address: 0x27d4c6340
  Set: 398 Way: 0 Address: 0x27d4c6382
  Set: 399 Way: 0 Address: 0x27d4c63c1
  Set: 400 Way: 0 Address: 0x27d4c6400
  Set: 401 Way: 0 Address: 0x27d4c6440
  Set: 402 Way: 0 Address: 0x27d4c6480
  Set: 403 Way: 0 Address: 0x27d4c64c0
  Set: 404 Way: 0 Address: 0x27d4c6500
  Set: 405 Way: 0 Address: 0x27d4c6540
  Set: 406 Way: 0 Address: 0x27d4c6580
  Set: 407 Way: 0 Address: 0x27d4c65c0
  Set: 408 Way: 0 Address: 0x27d4c6600
  Set: 409 Way: 0 Address: 0x27d4c6640
  Set: 410 Way: 0 Address: 0x27d4c6680
  Set: 411 Way: 0 Address: 0x27d4c66c0
  Set: 412 Way: 0 Address: 0x27d4c6700
  Set: 413 Way: 0 Address: 0x27d4c6740
  Set: 414 Way: 0 Address: 0x27d4c6780
  Set: 415 Way: 0 Address: 0x27d4c67c0
  Set: 416 Way: 0 Address: 0x27d4c6800
  Set: 417 Way: 0 Address: 0x27d4c6840
  Set: 418 Way: 0 Address: 0x27d4c6880
  Set: 419 Way: 0 Address: 0x27d4c68c0
  Set: 420 Way: 0 Address: 0x27d4c6900
  Set: 421 Way: 0 Address: 0x3dae66950
  Set: 421 Way: 1 Address: 0x27d4c6940
  Set: 422 Way: 0 Address: 0x3dae6698c
  Set: 422 Way: 1 Address: 0x27d4c6980
  Set: 423 Way: 0 Address: 0x27d4c69c0
  Set: 424 Way: 0 Address: 0x27d4c6a00
  Set: 425 Way: 0 Address: 0x27d4c6a40
  Set: 426 Way: 0 Address: 0x27d4c6a80
  Set: 427 Way: 0 Address: 0x27d4c6ac0
  Set: 428 Way: 0 Address: 0x27d4c6b00
  Set: 429 Way: 0 Address: 0x27d4c6b40
  Set: 430 Way: 0 Address: 0x27d4c6b80
  Set: 431 Way: 0 Address: 0x27d4c6bc0
  Set: 432 Way: 0 Address: 0x27d4c6c00
  Set: 433 Way: 0 Address: 0x27d4c6c40
  Set: 434 Way: 0 Address: 0x27d4c6c80
  Set: 435 Way: 0 Address: 0x27d4c6cc0
  Set: 436 Way: 0 Address: 0x27d4c6d00
  Set: 437 Way: 0 Address: 0x27d4c6d40
  Set: 438 Way: 0 Address: 0x27d4c6d80
  Set: 439 Way: 0 Address: 0x27d4c6dc0
  Set: 440 Way: 0 Address: 0x27d4c6e00
  Set: 441 Way: 0 Address: 0x27d4c6e40
  Set: 442 Way: 0 Address: 0x27d4c6e80
  Set: 443 Way: 0 Address: 0x27d4c6ec0
  Set: 444 Way: 0 Address: 0x27d4c6f00
  Set: 445 Way: 0 Address: 0x27d4c6f40
  Set: 446 Way: 0 Address: 0x27d4c6f80
  Set: 447 Way: 0 Address: 0x27d4c6fc0
  Set: 460 Way: 0 Address: 0xbeea7314
  Set: 476 Way: 0 Address: 0x309887718
  Set: 593 Way: 0 Address: 0x2ee369450
  Set: 594 Way: 0 Address: 0x2ee369490
  Set: 595 Way: 0 Address: 0x2ee3694c2
  Set: 596 Way: 0 Address: 0x2ee369502
  Set: 597 Way: 0 Address: 0x2ee369578
  Set: 598 Way: 0 Address: 0x2ee369580
  Set: 599 Way: 0 Address: 0x2ee3695e8
  Set: 600 Way: 0 Address: 0x2ee369603
  Set: 601 Way: 0 Address: 0x2ee369650
  Set: 602 Way: 0 Address: 0x2ee369680
  Set: 602 Way: 1 Address: 0x2c87496b8
  Set: 617 Way: 0 Address: 0xb84a9a5c
  Set: 630 Way: 0 Address: 0x2fa0c9d90
  Set: 796 Way: 0 Address: 0x1ae2cc71c
  Set: 805 Way: 0 Address: 0x32f48c970
  Set: 821 Way: 0 Address: 0x29484cd58
  Set: 852 Way: 0 Address: 0x5588d51c
  Set: 900 Way: 0 Address: 0x1c084e130
  Set: 903 Way: 0 Address: 0x1c084e1c0
  Set: 930 Way: 0 Address: 0x2f5d8e88c
  Set: 931 Way: 0 Address: 0x2f5d8e8f0
  Set: 940 Way: 0 Address: 0x3734eeb30
  Set: 941 Way: 0 Address: 0x3734eeb41
  Set: 942 Way: 0 Address: 0x3734eeb82
  Set: 943 Way: 0 Address: 0x3734eebc2
  Set: 944 Way: 0 Address: 0x3734eec02
  Set: 945 Way: 0 Address: 0x3734eec69
  Set: 946 Way: 0 Address: 0x3734eec82
  Set: 947 Way: 0 Address: 0x3734eecc4
  Set: 948 Way: 0 Address: 0x3734eed02
  Set: 949 Way: 0 Address: 0x3734eed40
  Set: 950 Way: 0 Address: 0x3734eed80
  Set: 951 Way: 0 Address: 0x3734eedc0
  Set: 952 Way: 0 Address: 0x3734eee00
  Set: 953 Way: 0 Address: 0x3734eee40
  Set: 954 Way: 0 Address: 0x3734eee81
  Set: 955 Way: 0 Address: 0x3734eeec2
  Set: 956 Way: 0 Address: 0x3734eef00
  Set: 957 Way: 0 Address: 0x3734eef42
  Set: 958 Way: 0 Address: 0x3734eef80
  Set: 959 Way: 0 Address: 0x3734eefc1
  Set: 979 Way: 0 Address: 0x143ef4f0
  Set: 980 Way: 0 Address: 0x143ef500
  Set: 981 Way: 0 Address: 0x143ef554
  Set: 982 Way: 0 Address: 0x143ef5a4
  Set: 983 Way: 0 Address: 0x143ef5c0
  Set: 987 Way: 0 Address: 0x16390f6e8
  Set: 987 Way: 1 Address: 0xee86f6fc
  Set: 988 Way: 0 Address: 0xee86f704
  Set: 988 Way: 1 Address: 0x143ef720
  Set: 989 Way: 0 Address: 0x143ef750
  Set: 990 Way: 0 Address: 0x143ef7a4
  Set: 991 Way: 0 Address: 0x143ef7f0
  Set: 992 Way: 0 Address: 0x143ef810
  Set: 993 Way: 0 Address: 0x143ef870
  Set: 994 Way: 0 Address: 0x143ef890
  Set: 1011 Way: 0 Address: 0xee86fcd8
  Set: 1014 Way: 0 Address: 0x23756fd88
  Set: 1022 Way: 0 Address: 0xee86ffb0
  Set: 1028 Way: 0 Address: 0x14bb10120
  Set: 1054 Way: 0 Address: 0x2177f0780
  Set: 1062 Way: 0 Address: 0x2177f0980
  Set: 1081 Way: 0 Address: 0x168ef0e78
  Set: 1083 Way: 0 Address: 0x168ef0ee8
  Set: 1138 Way: 0 Address: 0x19c791cb8
  Set: 1145 Way: 0 Address: 0x260091e78
  Set: 1152 Way: 0 Address: 0x133c92003
  Set: 1153 Way: 0 Address: 0x9cff2060
  Set: 1153 Way: 1 Address: 0x133c92040
  Set: 1153 Way: 2 Address: 0x62d12078
  Set: 1154 Way: 0 Address: 0x133c92084
  Set: 1155 Way: 0 Address: 0x133c920c0
  Set: 1156 Way: 0 Address: 0x9cff2130
  Set: 1159 Way: 0 Address: 0x133c921d3
  Set: 1160 Way: 0 Address: 0x133c92200
  Set: 1161 Way: 0 Address: 0x133c92270
  Set: 1162 Way: 0 Address: 0x133c922a5
  Set: 1163 Way: 0 Address: 0x133c922c2
  Set: 1164 Way: 0 Address: 0x133c92301
  Set: 1165 Way: 0 Address: 0x133c92343
  Set: 1196 Way: 0 Address: 0x1995f2b30
  Set: 1203 Way: 0 Address: 0x31be12cc8
  Set: 1217 Way: 0 Address: 0x263c13050
  Set: 1220 Way: 0 Address: 0x3232f3128
  Set: 1220 Way: 1 Address: 0x257713128
  Set: 1223 Way: 0 Address: 0x3232f31c0
  Set: 1239 Way: 0 Address: 0x34a8735d8
  Set: 1247 Way: 0 Address: 0x3c56b37f8
  Set: 1253 Way: 0 Address: 0x34a873978
  Set: 1257 Way: 0 Address: 0x2b2e93a54
  Set: 1284 Way: 0 Address: 0x3de4d4128
  Set: 1310 Way: 0 Address: 0x1299347b4
  Set: 1311 Way: 0 Address: 0x1299347c8
  Set: 1312 Way: 0 Address: 0x3c107480c
  Set: 1342 Way: 0 Address: 0x397bb4f98
  Set: 1345 Way: 0 Address: 0x195f15058
  Set: 1346 Way: 0 Address: 0x354d350a0
  Set: 1398 Way: 0 Address: 0x1b0f15d80
  Set: 1426 Way: 0 Address: 0x211d164b8
  Set: 1459 Way: 0 Address: 0x84896cc8
  Set: 1469 Way: 0 Address: 0x84896f68
  Set: 1471 Way: 0 Address: 0x43736fc0
  Set: 1485 Way: 0 Address: 0x276ff737c
  Set: 1486 Way: 0 Address: 0x276ff7394
  Set: 1538 Way: 0 Address: 0x2015980a0
  Set: 1546 Way: 0 Address: 0x201598298
  Set: 1566 Way: 0 Address: 0x3bdd787a8
  Set: 1571 Way: 0 Address: 0x1aafb88fc
  Set: 1578 Way: 0 Address: 0xc7078aa8
  Set: 1579 Way: 0 Address: 0xc7078ad4
  Set: 1580 Way: 0 Address: 0xc7078b10
  Set: 1592 Way: 0 Address: 0x2c9898e24
  Set: 1593 Way: 0 Address: 0x2c9898e7f
  Set: 1594 Way: 0 Address: 0x2c9898e82
  Set: 1595 Way: 0 Address: 0x2c9898ef4
  Set: 1596 Way: 0 Address: 0x2c9898f07
  Set: 1597 Way: 0 Address: 0x2c9898f42
  Set: 1598 Way: 0 Address: 0x2c9898f80
  Set: 1599 Way: 0 Address: 0x2c9898fc0
  Set: 1634 Way: 0 Address: 0x3120998a8
  Set: 1642 Way: 0 Address: 0x292959a98
  Set: 1664 Way: 0 Address: 0x229b9a000
  Set: 1664 Way: 1 Address: 0xc67da005
  Set: 1665 Way: 0 Address: 0x1d89da048
  Set: 1665 Way: 1 Address: 0xc67da040
  Set: 1666 Way: 0 Address: 0xc67da083
  Set: 1667 Way: 0 Address: 0xc67da0c0
  Set: 1668 Way: 0 Address: 0xc67da100
  Set: 1669 Way: 0 Address: 0xc67da140
  Set: 1670 Way: 0 Address: 0xc67da180
  Set: 1671 Way: 0 Address: 0xc67da1c0
  Set: 1672 Way: 0 Address: 0xc67da200
  Set: 1673 Way: 0 Address: 0xc67da240
  Set: 1674 Way: 0 Address: 0xc67da280
  Set: 1675 Way: 0 Address: 0xc67da2c0
  Set: 1676 Way: 0 Address: 0xc67da300
  Set: 1677 Way: 0 Address: 0xc67da340
  Set: 1678 Way: 0 Address: 0xc67da380
  Set: 1684 Way: 0 Address: 0xc67da53b
  Set: 1685 Way: 0 Address: 0xc67da543
  Set: 1691 Way: 0 Address: 0x223eda6e8
  Set: 1692 Way: 0 Address: 0x223eda738
  Set: 1708 Way: 0 Address: 0x223edab38
  Set: 1724 Way: 0 Address: 0x223edaf08
  Set: 1743 Way: 0 Address: 0xcf83b3f8
  Set: 1755 Way: 0 Address: 0x394edb6f8
  Set: 1778 Way: 0 Address: 0x394edbcb8
  Set: 1779 Way: 0 Address: 0x3b377bcf8
  Set: 1779 Way: 1 Address: 0xc0d9bcf8
  Set: 1781 Way: 0 Address: 0x3b377bd68
  Set: 1787 Way: 0 Address: 0xc0d9bee8
  Set: 1789 Way: 0 Address: 0x394edbf68
  Set: 1792 Way: 0 Address: 0xdf85c000
  Set: 1796 Way: 0 Address: 0x38e35c11c
  Set: 1810 Way: 0 Address: 0x38e35c4b0
  Set: 1811 Way: 0 Address: 0x38e35c4c0
  Set: 1818 Way: 0 Address: 0x38e35c694
  Set: 1822 Way: 0 Address: 0x38e35c780
  Set: 1836 Way: 0 Address: 0x12c6fcb38
  Set: 1841 Way: 0 Address: 0x38e35cc58
  Set: 1883 Way: 0 Address: 0x23755d6f8
  Set: 1906 Way: 0 Address: 0x1addcb8
  Set: 1916 Way: 0 Address: 0x23755df08
  Set: 1920 Way: 0 Address: 0x28b67e000
  Set: 1920 Way: 1 Address: 0x1f919e000
  Set: 1921 Way: 0 Address: 0x1f919e050
  Set: 1923 Way: 0 Address: 0x1f919e0c8
  Set: 1924 Way: 0 Address: 0x1f919e100
  Set: 1928 Way: 0 Address: 0x1f919e220
  Set: 1929 Way: 0 Address: 0x1f919e242
  Set: 1930 Way: 0 Address: 0x1f919e281
  Set: 1931 Way: 0 Address: 0x1f919e2c2
  Set: 1932 Way: 0 Address: 0x1f919e301
  Set: 1933 Way: 0 Address: 0x1f919e370
  Set: 1934 Way: 0 Address: 0x1f919e3a0
  Set: 1936 Way: 0 Address: 0x1f919e430
  Set: 1937 Way: 0 Address: 0x1f919e447
  Set: 1938 Way: 0 Address: 0x1f919e481
  Set: 1939 Way: 0 Address: 0x1f919e4c1
  Set: 1939 Way: 1 Address: 0x2db79e4f8
  Set: 1940 Way: 0 Address: 0x1f919e507
  Set: 1941 Way: 0 Address: 0x1f919e541
  Set: 1942 Way: 0 Address: 0x1f919e580
  Set: 1943 Way: 0 Address: 0x1f919e5fc
  Set: 1944 Way: 0 Address: 0x1f919e603
  Set: 1945 Way: 0 Address: 0x1f919e641
  Set: 1946 Way: 0 Address: 0x1f919e681
  Set: 1947 Way: 0 Address: 0x1f919e6c1
  Set: 1948 Way: 0 Address: 0x1f919e703
  Set: 1949 Way: 0 Address: 0x1f919e742
  Set: 1949 Way: 1 Address: 0x20597e750
  Set: 1950 Way: 0 Address: 0x1f919e780
  Set: 1951 Way: 0 Address: 0x1f919e7c4
  Set: 1951 Way: 1 Address: 0x28b67e7f8
  Set: 1952 Way: 0 Address: 0x1f919e800
  Set: 1957 Way: 0 Address: 0x20597e978
EndCache
