Cache: cpu0_STLB
  Set: 20 Way: 0 Address: 0x1814394
  Set: 23 Way: 0 Address: 0x17974b8
  Set: 25 Way: 0 Address: 0x1799a5c
  Set: 31 Way: 0 Address: 0x499fe08
  Set: 37 Way: 0 Address: 0x1625eb0
  Set: 38 Way: 0 Address: 0x16262b4
  Set: 42 Way: 0 Address: 0x4caa4b8
  Set: 43 Way: 0 Address: 0x13abd30
  Set: 44 Way: 0 Address: 0x13ac003
  Set: 45 Way: 0 Address: 0x49ad768
  Set: 46 Way: 0 Address: 0x4d2efd4
  Set: 47 Way: 0 Address: 0x4d2f824
  Set: 48 Way: 0 Address: 0x4d302d4
  Set: 48 Way: 1 Address: 0x13b0ef4
  Set: 49 Way: 0 Address: 0x13b1008
  Set: 50 Way: 0 Address: 0x13b2005
  Set: 56 Way: 0 Address: 0x17b88fc
  Set: 59 Way: 0 Address: 0x4cbbc78
  Set: 79 Way: 0 Address: 0x49cf6dc
  Set: 80 Way: 0 Address: 0x4a50868
  Set: 83 Way: 0 Address: 0x1853ad4
  Set: 90 Way: 0 Address: 0x705ac18
  Set: 93 Way: 0 Address: 0x16dd704
  Set: 93 Way: 1 Address: 0x49dd038
  Set: 95 Way: 0 Address: 0x16dfa54
  Set: 97 Way: 0 Address: 0x17e180c
  Set: 99 Way: 0 Address: 0x16e38f0
  Set: 102 Way: 0 Address: 0x176698c
  Set: 103 Way: 0 Address: 0x16e77b8
  Set: 103 Way: 1 Address: 0x17674c0
  Set: 106 Way: 0 Address: 0x4cea678
  Set: 109 Way: 0 Address: 0x17ed51c
  Set: 112 Way: 0 Address: 0x4cf03b8
  Set: 114 Way: 0 Address: 0x15f2450
  Set: 115 Way: 0 Address: 0x15f3c9b
  Set: 115 Way: 1 Address: 0x7ffe2a6734f0
EndCache
Cache: cpu0_L2C
  Set: 0 Way: 0 Address: 0x28a940005
  Set: 0 Way: 1 Address: 0x168ef0038
  Set: 1 Way: 0 Address: 0x28a940040
  Set: 2 Way: 0 Address: 0x28a940083
  Set: 3 Way: 0 Address: 0x28a9400c0
  Set: 18 Way: 0 Address: 0x14bb104b8
  Set: 19 Way: 0 Address: 0x14bb104c0
  Set: 20 Way: 0 Address: 0x28a94053b
  Set: 21 Way: 0 Address: 0x6e620550
  Set: 21 Way: 1 Address: 0x28a940543
  Set: 30 Way: 0 Address: 0x2177f0780
  Set: 38 Way: 0 Address: 0x6e620980
  Set: 38 Way: 1 Address: 0x2177f0980
  Set: 48 Way: 0 Address: 0x342b40c18
  Set: 65 Way: 0 Address: 0x2a4841050
  Set: 68 Way: 0 Address: 0x113201130
  Set: 78 Way: 0 Address: 0x181c813b8
  Set: 91 Way: 0 Address: 0x2600916dc
  Set: 92 Way: 0 Address: 0x113201718
  Set: 101 Way: 0 Address: 0x19c791970
  Set: 106 Way: 0 Address: 0xf6e81aa8
  Set: 107 Way: 0 Address: 0xf6e81ad4
  Set: 108 Way: 0 Address: 0x113201b30
  Set: 108 Way: 1 Address: 0xf6e81b00
  Set: 114 Way: 0 Address: 0x113201cb8
  Set: 125 Way: 0 Address: 0x113201f68
  Set: 128 Way: 0 Address: 0x133c92003
  Set: 129 Way: 0 Address: 0x133c92044
  Set: 130 Way: 0 Address: 0x133c92084
  Set: 135 Way: 0 Address: 0x133c921d3
  Set: 136 Way: 0 Address: 0x133c92200
  Set: 137 Way: 0 Address: 0x133c92270
  Set: 138 Way: 0 Address: 0x133c92280
  Set: 139 Way: 0 Address: 0x133c922c2
  Set: 140 Way: 0 Address: 0x133c92301
  Set: 141 Way: 0 Address: 0x133c92343
  Set: 159 Way: 0 Address: 0x6d0c27f8
  Set: 162 Way: 0 Address: 0x1c84e288c
  Set: 163 Way: 0 Address: 0x1c84e28f0
  Set: 163 Way: 1 Address: 0x1995f28fc
  Set: 169 Way: 0 Address: 0x31be12a5c
  Set: 172 Way: 0 Address: 0x9cff2b30
  Set: 184 Way: 0 Address: 0x1064c2e08
  Set: 185 Way: 0 Address: 0x62d12e78
  Set: 194 Way: 0 Address: 0x2b2e930a0
  Set: 196 Way: 0 Address: 0x3c56b3128
  Set: 196 Way: 1 Address: 0x34a873104
  Set: 200 Way: 0 Address: 0x34a873234
  Set: 202 Way: 0 Address: 0x257713280
  Set: 205 Way: 0 Address: 0x34a873364
  Set: 215 Way: 0 Address: 0x34a8735c4
  Set: 219 Way: 0 Address: 0x34a8736f4
  Set: 220 Way: 0 Address: 0x263c13718
  Set: 224 Way: 0 Address: 0x34a873824
  Set: 243 Way: 0 Address: 0x3232f3cf8
  Set: 246 Way: 0 Address: 0x3b0803d88
  Set: 251 Way: 0 Address: 0x3232f3ee8
  Set: 275 Way: 0 Address: 0x3c10744f0
  Set: 276 Way: 0 Address: 0x3c1074500
  Set: 277 Way: 0 Address: 0x3c1074554
  Set: 278 Way: 0 Address: 0x3c107459c
  Set: 279 Way: 0 Address: 0x3c10745c0
  Set: 280 Way: 0 Address: 0x3c1074600
  Set: 281 Way: 0 Address: 0x3c1074640
  Set: 282 Way: 0 Address: 0x3c1074680
  Set: 283 Way: 0 Address: 0x3c10746c0
  Set: 284 Way: 0 Address: 0x3de4d4738
  Set: 284 Way: 1 Address: 0x3c1074720
  Set: 285 Way: 0 Address: 0x3c1074750
  Set: 286 Way: 0 Address: 0x3c10747a4
  Set: 287 Way: 0 Address: 0x3c10747f0
  Set: 288 Way: 0 Address: 0x3c1074810
  Set: 289 Way: 0 Address: 0x3c1074870
  Set: 290 Way: 0 Address: 0x3c1074890
  Set: 293 Way: 0 Address: 0x129934950
  Set: 294 Way: 0 Address: 0x12993498c
  Set: 295 Way: 0 Address: 0x3c10749c0
  Set: 297 Way: 0 Address: 0x3c1074a40
  Set: 299 Way: 0 Address: 0x3c1074ac0
  Set: 301 Way: 0 Address: 0x3c1074b40
  Set: 306 Way: 0 Address: 0x397bb4cb8
  Set: 309 Way: 0 Address: 0xb8004d58
  Set: 309 Way: 1 Address: 0x1ab44d60
  Set: 310 Way: 0 Address: 0x1ab44d80
  Set: 321 Way: 0 Address: 0x195f15058
  Set: 337 Way: 0 Address: 0x354d35450
  Set: 338 Way: 0 Address: 0x354d35490
  Set: 339 Way: 0 Address: 0x354d354c2
  Set: 340 Way: 0 Address: 0x354d35502
  Set: 341 Way: 0 Address: 0x354d35578
  Set: 342 Way: 0 Address: 0x354d35580
  Set: 343 Way: 0 Address: 0x354d355e8
  Set: 344 Way: 0 Address: 0x354d35603
  Set: 345 Way: 0 Address: 0x354d35670
  Set: 346 Way: 0 Address: 0x354d35680
  Set: 374 Way: 0 Address: 0x272585d90
  Set: 376 Way: 0 Address: 0x1b0f15e24
  Set: 377 Way: 0 Address: 0x1b0f15e7f
  Set: 377 Way: 1 Address: 0x34a0e5e78
  Set: 378 Way: 0 Address: 0x1b0f15e82
  Set: 379 Way: 0 Address: 0x1b0f15ef4
  Set: 379 Way: 1 Address: 0x34a0e5ee8
  Set: 380 Way: 0 Address: 0x1b0f15f07
  Set: 381 Way: 0 Address: 0x1b0f15f42
  Set: 382 Way: 0 Address: 0x1b0f15f80
  Set: 383 Way: 0 Address: 0x1b0f15fc3
  Set: 388 Way: 0 Address: 0x3dae6611c
  Set: 388 Way: 1 Address: 0x27d4c6128
  Set: 402 Way: 0 Address: 0x3dae664b0
  Set: 403 Way: 0 Address: 0x3dae664c0
  Set: 410 Way: 0 Address: 0x3dae66694
  Set: 414 Way: 0 Address: 0x3dae66780
  Set: 417 Way: 0 Address: 0x3d87a6868
  Set: 425 Way: 0 Address: 0x84896a54
  Set: 433 Way: 0 Address: 0x3dae66c58
  Set: 435 Way: 0 Address: 0x211d16cc8
  Set: 444 Way: 0 Address: 0x211d16f08
  Set: 446 Way: 0 Address: 0x43736f98
  Set: 461 Way: 0 Address: 0x276ff7374
  Set: 462 Way: 0 Address: 0x276ff7394
  Set: 475 Way: 0 Address: 0x3098876e8
  Set: 477 Way: 0 Address: 0xbeea7768
  Set: 492 Way: 0 Address: 0x309887b38
  Set: 503 Way: 0 Address: 0x309887dc0
  Set: 514 Way: 0 Address: 0x2015980a0
  Set: 516 Way: 0 Address: 0x2c9898128
  Set: 519 Way: 0 Address: 0x2c98981c0
  Set: 522 Way: 0 Address: 0x201598298
  Set: 530 Way: 0 Address: 0xc70784b8
  Set: 542 Way: 0 Address: 0x1aafb87b8
  Set: 543 Way: 0 Address: 0x1aafb87c8
  Set: 566 Way: 0 Address: 0x3bdd78d80
  Set: 596 Way: 0 Address: 0x29295951c
  Set: 599 Way: 0 Address: 0x2c87495d8
  Set: 599 Way: 1 Address: 0x2fa0c95d8
  Set: 603 Way: 0 Address: 0x2ee3696e8
  Set: 605 Way: 0 Address: 0x312099750
  Set: 606 Way: 0 Address: 0x312099780
  Set: 613 Way: 0 Address: 0x2c8749978
  Set: 613 Way: 1 Address: 0x2fa0c9970
  Set: 640 Way: 0 Address: 0x229b9a000
  Set: 641 Way: 0 Address: 0x1d89da060
  Set: 641 Way: 1 Address: 0x223eda048
  Set: 644 Way: 0 Address: 0x223eda130
  Set: 689 Way: 0 Address: 0xc67dac78
  Set: 715 Way: 0 Address: 0x3b377b2d4
  Set: 715 Way: 1 Address: 0xc0d9b2d0
  Set: 733 Way: 0 Address: 0xcf83b750
  Set: 741 Way: 0 Address: 0xcf83b978
  Set: 766 Way: 0 Address: 0x394edbf90
  Set: 768 Way: 0 Address: 0xdf85c000
  Set: 782 Way: 0 Address: 0x38e35c398
  Set: 812 Way: 0 Address: 0x12c6fcb30
  Set: 813 Way: 0 Address: 0x12c6fcb41
  Set: 814 Way: 0 Address: 0x12c6fcb82
  Set: 815 Way: 0 Address: 0x12c6fcbc2
  Set: 816 Way: 0 Address: 0x12c6fcc02
  Set: 817 Way: 0 Address: 0x12c6fcc42
  Set: 818 Way: 0 Address: 0x12c6fcc82
  Set: 819 Way: 0 Address: 0x12c6fccc4
  Set: 819 Way: 1 Address: 0x1ae2cccc8
  Set: 820 Way: 0 Address: 0x12c6fcd30
  Set: 821 Way: 0 Address: 0x12c6fcd46
  Set: 822 Way: 0 Address: 0x12c6fcd84
  Set: 823 Way: 0 Address: 0x29484cdc0
  Set: 823 Way: 1 Address: 0x12c6fcdc1
  Set: 824 Way: 0 Address: 0x12c6fce00
  Set: 825 Way: 0 Address: 0x12c6fce45
  Set: 826 Way: 0 Address: 0x12c6fce81
  Set: 826 Way: 1 Address: 0x32f48cea4
  Set: 827 Way: 0 Address: 0x12c6fcec2
  Set: 828 Way: 0 Address: 0x12c6fcf01
  Set: 829 Way: 0 Address: 0x29484cf68
  Set: 829 Way: 1 Address: 0x12c6fcf42
  Set: 830 Way: 0 Address: 0x12c6fcf80
  Set: 831 Way: 0 Address: 0x12c6fcfc1
  Set: 831 Way: 1 Address: 0x32f48cfd4
  Set: 859 Way: 0 Address: 0x1add6f8
  Set: 864 Way: 0 Address: 0x5588d80c
  Set: 892 Way: 0 Address: 0x1addf08
  Set: 895 Way: 0 Address: 0x23755dfc0
  Set: 896 Way: 0 Address: 0x28b67e000
  Set: 896 Way: 1 Address: 0x1f919e000
  Set: 897 Way: 0 Address: 0x1f919e050
  Set: 899 Way: 0 Address: 0x1f919e0c8
  Set: 900 Way: 0 Address: 0x1f919e100
  Set: 900 Way: 1 Address: 0x1c084e130
  Set: 904 Way: 0 Address: 0x1f919e220
  Set: 905 Way: 0 Address: 0x1f919e242
  Set: 906 Way: 0 Address: 0x1f919e2b4
  Set: 907 Way: 0 Address: 0x1f919e2c2
  Set: 908 Way: 0 Address: 0x1f919e301
  Set: 909 Way: 0 Address: 0x1f919e341
  Set: 910 Way: 0 Address: 0x1f919e3a0
  Set: 912 Way: 0 Address: 0x1f919e430
  Set: 913 Way: 0 Address: 0x1f919e447
  Set: 914 Way: 0 Address: 0x1f919e481
  Set: 915 Way: 0 Address: 0x1f919e4c1
  Set: 916 Way: 0 Address: 0x1f919e507
  Set: 917 Way: 0 Address: 0x1f919e541
  Set: 918 Way: 0 Address: 0x1f919e582
  Set: 919 Way: 0 Address: 0x1f919e5c0
  Set: 920 Way: 0 Address: 0x1f919e603
  Set: 921 Way: 0 Address: 0x1f919e641
  Set: 921 Way: 1 Address: 0x20597e678
  Set: 922 Way: 0 Address: 0x1f919e681
  Set: 923 Way: 0 Address: 0x1f919e6c4
  Set: 923 Way: 1 Address: 0x2f5d8e6f8
  Set: 924 Way: 0 Address: 0x1f919e703
  Set: 925 Way: 0 Address: 0x1f919e742
  Set: 926 Way: 0 Address: 0x1f919e7b0
  Set: 927 Way: 0 Address: 0x1f919e7c1
  Set: 927 Way: 1 Address: 0x28b67e7f8
  Set: 928 Way: 0 Address: 0x1f919e800
  Set: 940 Way: 0 Address: 0x2f5d8eb38
  Set: 947 Way: 0 Address: 0x2db79ecf8
  Set: 949 Way: 0 Address: 0x2db79ed68
  Set: 954 Way: 0 Address: 0x3734eeeb0
  Set: 955 Way: 0 Address: 0x3734eeee8
  Set: 956 Way: 0 Address: 0x3734eef01
  Set: 957 Way: 0 Address: 0x3734eef60
  Set: 958 Way: 0 Address: 0x3734eef82
  Set: 959 Way: 0 Address: 0x3734eefc0
  Set: 960 Way: 0 Address: 0x23756f008
  Set: 961 Way: 0 Address: 0x23756f040
  Set: 962 Way: 0 Address: 0x23756f080
  Set: 963 Way: 0 Address: 0x23756f0c5
  Set: 964 Way: 0 Address: 0x22272f120
  Set: 964 Way: 1 Address: 0x23756f102
  Set: 965 Way: 0 Address: 0x23756f143
  Set: 966 Way: 0 Address: 0x23756f181
  Set: 967 Way: 0 Address: 0x22272f1c0
  Set: 967 Way: 1 Address: 0x23756f1c3
  Set: 968 Way: 0 Address: 0x23756f204
  Set: 969 Way: 0 Address: 0x23756f240
  Set: 970 Way: 0 Address: 0x23756f283
  Set: 971 Way: 0 Address: 0x23756f2c0
  Set: 972 Way: 0 Address: 0x23756f300
  Set: 973 Way: 0 Address: 0x23756f340
  Set: 974 Way: 0 Address: 0x23756f382
  Set: 975 Way: 0 Address: 0x23756f3c1
  Set: 976 Way: 0 Address: 0x23756f400
  Set: 977 Way: 0 Address: 0x23756f440
  Set: 978 Way: 0 Address: 0x23756f480
  Set: 979 Way: 0 Address: 0x23756f4c0
  Set: 980 Way: 0 Address: 0x23756f504
  Set: 981 Way: 0 Address: 0x23756f540
  Set: 982 Way: 0 Address: 0x23756f581
  Set: 983 Way: 0 Address: 0x23756f5c2
  Set: 984 Way: 0 Address: 0x23756f601
  Set: 985 Way: 0 Address: 0x23756f642
  Set: 986 Way: 0 Address: 0x23756f680
  Set: 987 Way: 0 Address: 0x143ef6fc
  Set: 987 Way: 1 Address: 0x23756f6c0
  Set: 988 Way: 0 Address: 0x143ef704
  Set: 988 Way: 1 Address: 0x23756f700
  Set: 989 Way: 0 Address: 0x23756f740
  Set: 990 Way: 0 Address: 0x23756f786
  Set: 991 Way: 0 Address: 0x23756f7c1
  Set: 992 Way: 0 Address: 0x23756f807
  Set: 993 Way: 0 Address: 0x23756f840
  Set: 994 Way: 0 Address: 0x23756f880
  Set: 995 Way: 0 Address: 0x23756f8c0
  Set: 996 Way: 0 Address: 0x23756f902
  Set: 997 Way: 0 Address: 0x23756f941
  Set: 998 Way: 0 Address: 0x23756f987
  Set: 999 Way: 0 Address: 0x23756f9c4
  Set: 1000 Way: 0 Address: 0x23756fa00
  Set: 1001 Way: 0 Address: 0x23756fa42
  Set: 1002 Way: 0 Address: 0xee86fa98
  Set: 1002 Way: 1 Address: 0x23756fa81
  Set: 1003 Way: 0 Address: 0x23756fac0
  Set: 1004 Way: 0 Address: 0x23756fb00
  Set: 1005 Way: 0 Address: 0x23756fb40
  Set: 1006 Way: 0 Address: 0x23756fb80
  Set: 1007 Way: 0 Address: 0x16390fbe0
  Set: 1007 Way: 1 Address: 0x23756fbc2
  Set: 1008 Way: 0 Address: 0x23756fc00
  Set: 1009 Way: 0 Address: 0x23756fc40
  Set: 1010 Way: 0 Address: 0x16390fc9b
  Set: 1010 Way: 1 Address: 0x23756fc80
  Set: 1011 Way: 0 Address: 0x16390fcfe
  Set: 1011 Way: 1 Address: 0x143efcd8
  Set: 1011 Way: 2 Address: 0x23756fcc0
  Set: 1012 Way: 0 Address: 0x23756fd02
  Set: 1013 Way: 0 Address: 0x23756fd41
  Set: 1014 Way: 0 Address: 0x23756fd81
  Set: 1015 Way: 0 Address: 0x23756fdc4
  Set: 1016 Way: 0 Address: 0x23756fe00
  Set: 1017 Way: 0 Address: 0x23756fe42
  Set: 1018 Way: 0 Address: 0x23756fe81
  Set: 1019 Way: 0 Address: 0x23756fec0
  Set: 1020 Way: 0 Address: 0x23756ff00
  Set: 1021 Way: 0 Address: 0x23756ff40
  Set: 1022 Way: 0 Address: 0x143effb0
  Set: 1022 Way: 1 Address: 0x23756ff80
  Set: 1023 Way: 0 Address: 0x23756ffc3
EndCache
Cache: cpu0_L1I
  Set: 0 Way: 0 Address: 0x133c92003
  Set: 0 Way: 1 Address: 0x23756f02f
  Set: 0 Way: 2 Address: 0x28a94003a
  Set: 0 Way: 3 Address: 0x1f919e000
  Set: 1 Way: 0 Address: 0x133c92044
  Set: 1 Way: 1 Address: 0x23756f040
  Set: 1 Way: 2 Address: 0x28a940070
  Set: 1 Way: 3 Address: 0x1f919e050
  Set: 2 Way: 0 Address: 0x133c920ac
  Set: 2 Way: 1 Address: 0x23756f080
  Set: 2 Way: 2 Address: 0x28a940083
  Set: 3 Way: 0 Address: 0x1f919e0c8
  Set: 3 Way: 1 Address: 0x23756f0c5
  Set: 4 Way: 0 Address: 0x1f919e100
  Set: 4 Way: 1 Address: 0x23756f102
  Set: 5 Way: 0 Address: 0x23756f143
  Set: 6 Way: 0 Address: 0x23756f181
  Set: 7 Way: 0 Address: 0x133c921d3
  Set: 7 Way: 1 Address: 0x23756f1c3
  Set: 8 Way: 0 Address: 0x1f919e220
  Set: 8 Way: 1 Address: 0x23756f204
  Set: 8 Way: 2 Address: 0x133c9221d
  Set: 9 Way: 0 Address: 0x1f919e242
  Set: 9 Way: 1 Address: 0x133c92270
  Set: 9 Way: 2 Address: 0x23756f242
  Set: 10 Way: 0 Address: 0x1f919e2b4
  Set: 10 Way: 1 Address: 0x133c92280
  Set: 10 Way: 2 Address: 0x23756f283
  Set: 11 Way: 0 Address: 0x1f919e2ec
  Set: 11 Way: 1 Address: 0x133c922c2
  Set: 11 Way: 2 Address: 0x23756f2c5
  Set: 12 Way: 0 Address: 0x1f919e33d
  Set: 12 Way: 1 Address: 0x133c92336
  Set: 12 Way: 2 Address: 0x23756f302
  Set: 13 Way: 0 Address: 0x1f919e341
  Set: 13 Way: 1 Address: 0x133c92343
  Set: 13 Way: 2 Address: 0x23756f342
  Set: 14 Way: 0 Address: 0x1f919e3a0
  Set: 14 Way: 1 Address: 0x23756f382
  Set: 15 Way: 0 Address: 0x23756f3c1
  Set: 16 Way: 0 Address: 0x1f919e430
  Set: 16 Way: 1 Address: 0x23756f407
  Set: 17 Way: 0 Address: 0x1f919e468
  Set: 17 Way: 1 Address: 0x354d35450
  Set: 17 Way: 2 Address: 0x23756f444
  Set: 18 Way: 0 Address: 0x1f919e481
  Set: 18 Way: 1 Address: 0x354d35490
  Set: 18 Way: 2 Address: 0x23756f483
  Set: 19 Way: 0 Address: 0x1f919e4dc
  Set: 19 Way: 1 Address: 0x354d354ea
  Set: 19 Way: 2 Address: 0x23756f4fd
  Set: 20 Way: 0 Address: 0x1f919e530
  Set: 20 Way: 1 Address: 0x354d35532
  Set: 20 Way: 2 Address: 0x23756f504
  Set: 20 Way: 3 Address: 0x28a94053b
  Set: 21 Way: 0 Address: 0x1f919e564
  Set: 21 Way: 1 Address: 0x354d35578
  Set: 21 Way: 2 Address: 0x23756f543
  Set: 21 Way: 3 Address: 0x28a940543
  Set: 22 Way: 0 Address: 0x1f919e582
  Set: 22 Way: 1 Address: 0x354d35580
  Set: 22 Way: 2 Address: 0x23756f581
  Set: 23 Way: 0 Address: 0x1f919e5fc
  Set: 23 Way: 1 Address: 0x354d355e8
  Set: 23 Way: 2 Address: 0x23756f5c2
  Set: 24 Way: 0 Address: 0x1f919e603
  Set: 24 Way: 1 Address: 0x354d35603
  Set: 24 Way: 2 Address: 0x23756f63f
  Set: 25 Way: 0 Address: 0x1f919e641
  Set: 25 Way: 1 Address: 0x354d35670
  Set: 25 Way: 2 Address: 0x23756f642
  Set: 26 Way: 0 Address: 0x354d35680
  Set: 26 Way: 1 Address: 0x1f919e6a6
  Set: 26 Way: 2 Address: 0x23756f683
  Set: 27 Way: 0 Address: 0x1f919e6ec
  Set: 27 Way: 1 Address: 0x23756f6c8
  Set: 28 Way: 0 Address: 0x1f919e71b
  Set: 28 Way: 1 Address: 0x23756f700
  Set: 29 Way: 0 Address: 0x1f919e769
  Set: 29 Way: 1 Address: 0x23756f742
  Set: 30 Way: 0 Address: 0x1f919e7b0
  Set: 30 Way: 1 Address: 0x23756f786
  Set: 31 Way: 0 Address: 0x1f919e7c1
  Set: 31 Way: 1 Address: 0x23756f7ee
  Set: 32 Way: 0 Address: 0x23756f807
  Set: 32 Way: 1 Address: 0x1f919e800
  Set: 33 Way: 0 Address: 0x23756f842
  Set: 34 Way: 0 Address: 0x23756f884
  Set: 35 Way: 0 Address: 0x23756f8c6
  Set: 36 Way: 0 Address: 0x23756f939
  Set: 37 Way: 0 Address: 0x23756f941
  Set: 38 Way: 0 Address: 0x23756f987
  Set: 39 Way: 0 Address: 0x23756f9c4
  Set: 40 Way: 0 Address: 0x23756fa03
  Set: 41 Way: 0 Address: 0x23756fa79
  Set: 42 Way: 0 Address: 0x23756fab7
  Set: 43 Way: 0 Address: 0x23756fac5
  Set: 44 Way: 0 Address: 0x12c6fcb30
  Set: 44 Way: 1 Address: 0x23756fb03
  Set: 45 Way: 0 Address: 0x12c6fcb79
  Set: 45 Way: 1 Address: 0x23756fb46
  Set: 46 Way: 0 Address: 0x12c6fcb82
  Set: 46 Way: 1 Address: 0x23756fb80
  Set: 47 Way: 0 Address: 0x16390fbe0
  Set: 47 Way: 1 Address: 0x12c6fcbc2
  Set: 47 Way: 2 Address: 0x23756fbc2
  Set: 48 Way: 0 Address: 0x12c6fcc02
  Set: 48 Way: 1 Address: 0x23756fc08
  Set: 49 Way: 0 Address: 0x12c6fcc42
  Set: 49 Way: 1 Address: 0x23756fc45
  Set: 50 Way: 0 Address: 0x16390fcbf
  Set: 50 Way: 1 Address: 0x12c6fcc82
  Set: 50 Way: 2 Address: 0x23756fc80
  Set: 51 Way: 0 Address: 0x16390fcc3
  Set: 51 Way: 1 Address: 0x12c6fccc4
  Set: 51 Way: 2 Address: 0x23756fcfc
  Set: 52 Way: 0 Address: 0x12c6fcd30
  Set: 52 Way: 1 Address: 0x23756fd3d
  Set: 53 Way: 0 Address: 0x12c6fcd46
  Set: 53 Way: 1 Address: 0x23756fd41
  Set: 54 Way: 0 Address: 0x12c6fcd84
  Set: 54 Way: 1 Address: 0x23756fd81
  Set: 55 Way: 0 Address: 0x12c6fcdc1
  Set: 55 Way: 1 Address: 0x23756fdc4
  Set: 56 Way: 0 Address: 0x12c6fce00
  Set: 56 Way: 1 Address: 0x23756fe2f
  Set: 56 Way: 2 Address: 0x1b0f15e24
  Set: 57 Way: 0 Address: 0x12c6fce6a
  Set: 57 Way: 1 Address: 0x23756fe72
  Set: 57 Way: 2 Address: 0x1b0f15e7f
  Set: 58 Way: 0 Address: 0x3734eeeb0
  Set: 58 Way: 1 Address: 0x12c6fcea6
  Set: 58 Way: 2 Address: 0x23756fe81
  Set: 58 Way: 3 Address: 0x1b0f15e82
  Set: 59 Way: 0 Address: 0x3734eeee8
  Set: 59 Way: 1 Address: 0x12c6fcec2
  Set: 59 Way: 2 Address: 0x1b0f15ef4
  Set: 59 Way: 3 Address: 0x23756fec1
  Set: 60 Way: 0 Address: 0x3734eef01
  Set: 60 Way: 1 Address: 0x12c6fcf01
  Set: 60 Way: 2 Address: 0x1b0f15f35
  Set: 60 Way: 3 Address: 0x23756ff04
  Set: 61 Way: 0 Address: 0x3734eef60
  Set: 61 Way: 1 Address: 0x12c6fcf42
  Set: 61 Way: 2 Address: 0x1b0f15f73
  Set: 61 Way: 3 Address: 0x23756ff6f
  Set: 62 Way: 0 Address: 0x3734eefb8
  Set: 62 Way: 1 Address: 0x12c6fcfae
  Set: 62 Way: 2 Address: 0x1b0f15f80
  Set: 62 Way: 3 Address: 0x23756ffb0
  Set: 63 Way: 0 Address: 0x3734eefec
  Set: 63 Way: 1 Address: 0x12c6fcfc1
  Set: 63 Way: 2 Address: 0x1b0f15fc3
  Set: 63 Way: 3 Address: 0x23756ffe3
EndCache
Cache: cpu0_L1D
  Set: 0 Way: 0 Address: 0xdf85c000
  Set: 0 Way: 1 Address: 0x28b67e000
  Set: 0 Way: 2 Address: 0x229b9a000
  Set: 0 Way: 3 Address: 0x168ef0038
  Set: 1 Way: 0 Address: 0x195f15058
  Set: 1 Way: 1 Address: 0x1d89da060
  Set: 1 Way: 2 Address: 0x2a4841050
  Set: 1 Way: 3 Address: 0x223eda048
  Set: 2 Way: 0 Address: 0x2015980a0
  Set: 2 Way: 1 Address: 0x2b2e930a0
  Set: 4 Way: 0 Address: 0x113201130
  Set: 4 Way: 1 Address: 0x3c56b3128
  Set: 4 Way: 2 Address: 0x223eda130
  Set: 4 Way: 3 Address: 0x1c084e130
  Set: 4 Way: 4 Address: 0x22272f120
  Set: 4 Way: 5 Address: 0x3dae6611c
  Set: 4 Way: 6 Address: 0x2c9898128
  Set: 4 Way: 7 Address: 0x27d4c6128
  Set: 4 Way: 8 Address: 0x34a873104
  Set: 7 Way: 0 Address: 0x22272f1c0
  Set: 7 Way: 1 Address: 0x2c98981c0
  Set: 8 Way: 0 Address: 0x34a873234
  Set: 10 Way: 0 Address: 0x201598298
  Set: 10 Way: 1 Address: 0x257713280
  Set: 11 Way: 0 Address: 0x3b377b2d4
  Set: 11 Way: 1 Address: 0xc0d9b2d0
  Set: 13 Way: 0 Address: 0x276ff7374
  Set: 13 Way: 1 Address: 0x34a873364
  Set: 14 Way: 0 Address: 0x38e35c398
  Set: 14 Way: 1 Address: 0x276ff7384
  Set: 14 Way: 2 Address: 0x181c813b8
  Set: 18 Way: 0 Address: 0xc70784b8
  Set: 18 Way: 1 Address: 0x14bb104b8
  Set: 18 Way: 2 Address: 0x3dae664b0
  Set: 19 Way: 0 Address: 0x3dae664c0
  Set: 19 Way: 1 Address: 0x3c10744f0
  Set: 19 Way: 2 Address: 0x14bb104c0
  Set: 20 Way: 0 Address: 0x29295951c
  Set: 20 Way: 1 Address: 0x3c1074528
  Set: 21 Way: 0 Address: 0x3c1074558
  Set: 21 Way: 1 Address: 0x6e620550
  Set: 22 Way: 0 Address: 0x3c107459c
  Set: 23 Way: 0 Address: 0x3c10745d0
  Set: 23 Way: 1 Address: 0x34a8735c4
  Set: 23 Way: 2 Address: 0x2c87495d8
  Set: 23 Way: 3 Address: 0x2fa0c95d8
  Set: 24 Way: 0 Address: 0x3c1074600
  Set: 25 Way: 0 Address: 0x3c1074640
  Set: 25 Way: 1 Address: 0x20597e678
  Set: 26 Way: 0 Address: 0x3c1074680
  Set: 26 Way: 1 Address: 0x3dae66694
  Set: 27 Way: 0 Address: 0x3098876e8
  Set: 27 Way: 1 Address: 0x2ee3696e8
  Set: 27 Way: 2 Address: 0x143ef6fc
  Set: 27 Way: 3 Address: 0x3c10746c0
  Set: 27 Way: 4 Address: 0x2f5d8e6f8
  Set: 27 Way: 5 Address: 0x1add6f8
  Set: 27 Way: 6 Address: 0x34a8736f4
  Set: 27 Way: 7 Address: 0x2600916dc
  Set: 28 Way: 0 Address: 0x113201718
  Set: 28 Way: 1 Address: 0x263c13718
  Set: 28 Way: 2 Address: 0x3de4d4738
  Set: 28 Way: 3 Address: 0x143ef704
  Set: 28 Way: 4 Address: 0x3c1074720
  Set: 29 Way: 0 Address: 0xbeea7768
  Set: 29 Way: 1 Address: 0x3c1074750
  Set: 29 Way: 2 Address: 0x312099750
  Set: 29 Way: 3 Address: 0xcf83b750
  Set: 30 Way: 0 Address: 0x1aafb87b8
  Set: 30 Way: 1 Address: 0x3dae66780
  Set: 30 Way: 2 Address: 0x3c10747a4
  Set: 30 Way: 3 Address: 0x2177f0780
  Set: 30 Way: 4 Address: 0x312099780
  Set: 31 Way: 0 Address: 0x1aafb87c8
  Set: 31 Way: 1 Address: 0x28b67e7f8
  Set: 31 Way: 2 Address: 0x6d0c27f8
  Set: 31 Way: 3 Address: 0x3c10747f0
  Set: 32 Way: 0 Address: 0x5588d80c
  Set: 32 Way: 1 Address: 0x3c1074810
  Set: 32 Way: 2 Address: 0x34a873824
  Set: 33 Way: 0 Address: 0x3c1074868
  Set: 33 Way: 1 Address: 0x3d87a6868
  Set: 34 Way: 0 Address: 0x1c84e288c
  Set: 34 Way: 1 Address: 0x3c1074890
  Set: 35 Way: 0 Address: 0x1c84e28f0
  Set: 35 Way: 1 Address: 0x1995f28fc
  Set: 37 Way: 0 Address: 0x129934950
  Set: 37 Way: 1 Address: 0xcf83b978
  Set: 37 Way: 2 Address: 0x2c8749978
  Set: 37 Way: 3 Address: 0x2fa0c9970
  Set: 37 Way: 4 Address: 0x19c791970
  Set: 38 Way: 0 Address: 0x12993498c
  Set: 38 Way: 1 Address: 0x6e620980
  Set: 38 Way: 2 Address: 0x2177f0980
  Set: 39 Way: 0 Address: 0x3c10749c0
  Set: 41 Way: 0 Address: 0x84896a54
  Set: 41 Way: 1 Address: 0x3c1074a40
  Set: 41 Way: 2 Address: 0x31be12a5c
  Set: 42 Way: 0 Address: 0xf6e81ab0
  Set: 42 Way: 1 Address: 0xee86fa98
  Set: 43 Way: 0 Address: 0xf6e81afc
  Set: 43 Way: 1 Address: 0x3c1074ac0
  Set: 44 Way: 0 Address: 0x113201b30
  Set: 44 Way: 1 Address: 0x9cff2b30
  Set: 44 Way: 2 Address: 0xf6e81b10
  Set: 44 Way: 3 Address: 0x309887b38
  Set: 44 Way: 4 Address: 0x2f5d8eb38
  Set: 45 Way: 0 Address: 0x3c1074b40
  Set: 48 Way: 0 Address: 0x342b40c18
  Set: 49 Way: 0 Address: 0x3dae66c58
  Set: 49 Way: 1 Address: 0xc67dac78
  Set: 50 Way: 0 Address: 0x113201cb8
  Set: 50 Way: 1 Address: 0x397bb4cb8
  Set: 51 Way: 0 Address: 0x143efcd8
  Set: 51 Way: 1 Address: 0x2db79ecf8
  Set: 51 Way: 2 Address: 0x3232f3cf8
  Set: 51 Way: 3 Address: 0x211d16cc8
  Set: 51 Way: 4 Address: 0x1ae2cccc8
  Set: 53 Way: 0 Address: 0xb8004d58
  Set: 53 Way: 1 Address: 0x1ab44d60
  Set: 53 Way: 2 Address: 0x2db79ed68
  Set: 54 Way: 0 Address: 0x1ab44d80
  Set: 54 Way: 1 Address: 0x3bdd78d80
  Set: 54 Way: 2 Address: 0x3b0803d88
  Set: 54 Way: 3 Address: 0x272585d90
  Set: 55 Way: 0 Address: 0x29484cdc0
  Set: 55 Way: 1 Address: 0x309887dc0
  Set: 56 Way: 0 Address: 0x1064c2e08
  Set: 57 Way: 0 Address: 0x34a0e5e78
  Set: 57 Way: 1 Address: 0x62d12e78
  Set: 58 Way: 0 Address: 0x32f48cea4
  Set: 59 Way: 0 Address: 0x3232f3ee8
  Set: 59 Way: 1 Address: 0x34a0e5ee8
  Set: 60 Way: 0 Address: 0x1addf08
  Set: 60 Way: 1 Address: 0x211d16f08
  Set: 61 Way: 0 Address: 0x113201f68
  Set: 61 Way: 1 Address: 0x29484cf68
  Set: 62 Way: 0 Address: 0x43736f98
  Set: 62 Way: 1 Address: 0x394edbf90
  Set: 62 Way: 2 Address: 0x143effb0
  Set: 63 Way: 0 Address: 0x23755dfc0
  Set: 63 Way: 1 Address: 0x32f48cfd4
EndCache
Cache: cpu0_ITLB
  Set: 0 Way: 0 Address: 0x13b0f73
  Set: 1 Way: 0 Address: 0x13b102f
  Set: 2 Way: 0 Address: 0x15f2450
  Set: 2 Way: 1 Address: 0x13b2083
  Set: 3 Way: 0 Address: 0x15f3be0
  Set: 5 Way: 0 Address: 0x1625eb0
  Set: 6 Way: 0 Address: 0x1626430
  Set: 11 Way: 0 Address: 0x13abd30
  Set: 12 Way: 0 Address: 0x13ac003
EndCache
Cache: cpu0_DTLB
  Set: 0 Way: 0 Address: 0x4d302d4
  Set: 0 Way: 1 Address: 0x4a50868
  Set: 0 Way: 2 Address: 0x4cf03b8
  Set: 1 Way: 0 Address: 0x17e180c
  Set: 3 Way: 0 Address: 0x16e388c
  Set: 3 Way: 1 Address: 0x1853b14
  Set: 3 Way: 2 Address: 0x7ffe2a673528
  Set: 4 Way: 0 Address: 0x1814384
  Set: 6 Way: 0 Address: 0x176698c
  Set: 7 Way: 0 Address: 0x16e77b8
  Set: 7 Way: 1 Address: 0x17974b8
  Set: 7 Way: 2 Address: 0x17674c0
  Set: 8 Way: 0 Address: 0x17b88fc
  Set: 9 Way: 0 Address: 0x1799a5c
  Set: 10 Way: 0 Address: 0x4caa4b8
  Set: 10 Way: 1 Address: 0x705ac18
  Set: 10 Way: 2 Address: 0x4cea678
  Set: 11 Way: 0 Address: 0x4cbbc78
  Set: 13 Way: 0 Address: 0x17ed51c
  Set: 13 Way: 1 Address: 0x16dd704
  Set: 13 Way: 2 Address: 0x49ad768
  Set: 13 Way: 3 Address: 0x49dd038
  Set: 14 Way: 0 Address: 0x4d2eea4
  Set: 15 Way: 0 Address: 0x16dfa54
  Set: 15 Way: 1 Address: 0x499fe08
  Set: 15 Way: 2 Address: 0x4d2f6f4
  Set: 15 Way: 3 Address: 0x49cf6dc
EndCache
Cache: LLC
  Set: 0 Way: 0 Address: 0x28a940005
  Set: 1 Way: 0 Address: 0x28a940040
  Set: 2 Way: 0 Address: 0x28a940083
  Set: 3 Way: 0 Address: 0x28a9400c0
  Set: 4 Way: 0 Address: 0x28a940100
  Set: 5 Way: 0 Address: 0x28a940140
  Set: 6 Way: 0 Address: 0x28a940180
  Set: 7 Way: 0 Address: 0x28a9401c0
  Set: 8 Way: 0 Address: 0x28a940200
  Set: 9 Way: 0 Address: 0x28a940240
  Set: 10 Way: 0 Address: 0x28a940280
  Set: 11 Way: 0 Address: 0x28a9402c0
  Set: 12 Way: 0 Address: 0x28a940300
  Set: 20 Way: 0 Address: 0x28a94053b
  Set: 21 Way: 0 Address: 0x6e620550
  Set: 21 Way: 1 Address: 0x28a940543
  Set: 38 Way: 0 Address: 0x6e620980
  Set: 48 Way: 0 Address: 0x342b40c18
  Set: 65 Way: 0 Address: 0x2a4841050
  Set: 68 Way: 0 Address: 0x113201130
  Set: 78 Way: 0 Address: 0x181c813b8
  Set: 92 Way: 0 Address: 0x113201718
  Set: 106 Way: 0 Address: 0xf6e81aa8
  Set: 107 Way: 0 Address: 0xf6e81ad4
  Set: 108 Way: 0 Address: 0x113201b30
  Set: 108 Way: 1 Address: 0xf6e81b00
  Set: 114 Way: 0 Address: 0x113201cb8
  Set: 125 Way: 0 Address: 0x113201f68
  Set: 159 Way: 0 Address: 0x6d0c27f8
  Set: 162 Way: 0 Address: 0x1c84e288c
  Set: 163 Way: 0 Address: 0x1c84e28f0
  Set: 184 Way: 0 Address: 0x1064c2e08
  Set: 246 Way: 0 Address: 0x3b0803d88
  Set: 309 Way: 0 Address: 0xb8004d58
  Set: 309 Way: 1 Address: 0x1ab44d60
  Set: 310 Way: 0 Address: 0x1ab44d80
  Set: 374 Way: 0 Address: 0x272585d90
  Set: 377 Way: 0 Address: 0x34a0e5e78
  Set: 379 Way: 0 Address: 0x34a0e5ee8
  Set: 388 Way: 0 Address: 0x3dae6611c
  Set: 388 Way: 1 Address: 0x27d4c6128
  Set: 402 Way: 0 Address: 0x3dae664b0
  Set: 403 Way: 0 Address: 0x3dae664c0
  Set: 410 Way: 0 Address: 0x3dae66694
  Set: 414 Way: 0 Address: 0x3dae66780
  Set: 417 Way: 0 Address: 0x3d87a6868
  Set: 433 Way: 0 Address: 0x3dae66c58
  Set: 475 Way: 0 Address: 0x3098876e8
  Set: 477 Way: 0 Address: 0xbeea7768
  Set: 492 Way: 0 Address: 0x309887b38
  Set: 503 Way: 0 Address: 0x309887dc0
  Set: 599 Way: 0 Address: 0x2c87495d8
  Set: 599 Way: 1 Address: 0x2fa0c95d8
  Set: 603 Way: 0 Address: 0x2ee3696e8
  Set: 613 Way: 0 Address: 0x2c8749978
  Set: 613 Way: 1 Address: 0x2fa0c9970
  Set: 819 Way: 0 Address: 0x1ae2cccc8
  Set: 823 Way: 0 Address: 0x29484cdc0
  Set: 826 Way: 0 Address: 0x32f48cea4
  Set: 829 Way: 0 Address: 0x29484cf68
  Set: 831 Way: 0 Address: 0x32f48cfd4
  Set: 864 Way: 0 Address: 0x5588d80c
  Set: 900 Way: 0 Address: 0x1c084e130
  Set: 923 Way: 0 Address: 0x2f5d8e6f8
  Set: 940 Way: 0 Address: 0x2f5d8eb38
  Set: 954 Way: 0 Address: 0x3734eeeb0
  Set: 955 Way: 0 Address: 0x3734eeee8
  Set: 956 Way: 0 Address: 0x3734eef01
  Set: 957 Way: 0 Address: 0x3734eef60
  Set: 958 Way: 0 Address: 0x3734eef82
  Set: 959 Way: 0 Address: 0x3734eefc0
  Set: 960 Way: 0 Address: 0x23756f008
  Set: 961 Way: 0 Address: 0x23756f040
  Set: 962 Way: 0 Address: 0x23756f080
  Set: 963 Way: 0 Address: 0x23756f0c5
  Set: 964 Way: 0 Address: 0x22272f120
  Set: 964 Way: 1 Address: 0x23756f102
  Set: 965 Way: 0 Address: 0x23756f140
  Set: 966 Way: 0 Address: 0x23756f181
  Set: 967 Way: 0 Address: 0x22272f1c0
  Set: 967 Way: 1 Address: 0x23756f1c3
  Set: 968 Way: 0 Address: 0x23756f204
  Set: 969 Way: 0 Address: 0x23756f240
  Set: 970 Way: 0 Address: 0x23756f280
  Set: 971 Way: 0 Address: 0x23756f2c0
  Set: 972 Way: 0 Address: 0x23756f300
  Set: 973 Way: 0 Address: 0x23756f340
  Set: 974 Way: 0 Address: 0x23756f380
  Set: 975 Way: 0 Address: 0x23756f3c0
  Set: 976 Way: 0 Address: 0x23756f400
  Set: 977 Way: 0 Address: 0x23756f440
  Set: 978 Way: 0 Address: 0x23756f480
  Set: 979 Way: 0 Address: 0x23756f4c0
  Set: 980 Way: 0 Address: 0x23756f500
  Set: 981 Way: 0 Address: 0x23756f540
  Set: 982 Way: 0 Address: 0x23756f580
  Set: 983 Way: 0 Address: 0x23756f5c0
  Set: 984 Way: 0 Address: 0x23756f600
  Set: 985 Way: 0 Address: 0x23756f640
  Set: 986 Way: 0 Address: 0x23756f680
  Set: 987 Way: 0 Address: 0x143ef6fc
  Set: 987 Way: 1 Address: 0x23756f6c0
  Set: 988 Way: 0 Address: 0x143ef704
  Set: 988 Way: 1 Address: 0x23756f700
  Set: 989 Way: 0 Address: 0x23756f740
  Set: 990 Way: 0 Address: 0x23756f780
  Set: 991 Way: 0 Address: 0x23756f7c0
  Set: 992 Way: 0 Address: 0x23756f800
  Set: 993 Way: 0 Address: 0x23756f840
  Set: 994 Way: 0 Address: 0x23756f880
  Set: 995 Way: 0 Address: 0x23756f8c0
  Set: 996 Way: 0 Address: 0x23756f900
  Set: 997 Way: 0 Address: 0x23756f940
  Set: 998 Way: 0 Address: 0x23756f980
  Set: 999 Way: 0 Address: 0x23756f9c0
  Set: 1000 Way: 0 Address: 0x23756fa00
  Set: 1001 Way: 0 Address: 0x23756fa40
  Set: 1002 Way: 0 Address: 0xee86fa98
  Set: 1002 Way: 1 Address: 0x23756fa80
  Set: 1003 Way: 0 Address: 0x23756fac0
  Set: 1004 Way: 0 Address: 0x23756fb00
  Set: 1005 Way: 0 Address: 0x23756fb40
  Set: 1006 Way: 0 Address: 0x23756fb80
  Set: 1007 Way: 0 Address: 0x16390fbe0
  Set: 1007 Way: 1 Address: 0x23756fbc0
  Set: 1008 Way: 0 Address: 0x23756fc00
  Set: 1009 Way: 0 Address: 0x23756fc40
  Set: 1010 Way: 0 Address: 0x16390fc9b
  Set: 1010 Way: 1 Address: 0x23756fc80
  Set: 1011 Way: 0 Address: 0x16390fcfe
  Set: 1011 Way: 1 Address: 0x143efcd8
  Set: 1011 Way: 2 Address: 0x23756fcc0
  Set: 1012 Way: 0 Address: 0x23756fd00
  Set: 1013 Way: 0 Address: 0x23756fd40
  Set: 1014 Way: 0 Address: 0x23756fd80
  Set: 1015 Way: 0 Address: 0x23756fdc0
  Set: 1016 Way: 0 Address: 0x23756fe00
  Set: 1017 Way: 0 Address: 0x23756fe40
  Set: 1018 Way: 0 Address: 0x23756fe80
  Set: 1019 Way: 0 Address: 0x23756fec0
  Set: 1020 Way: 0 Address: 0x23756ff00
  Set: 1021 Way: 0 Address: 0x23756ff40
  Set: 1022 Way: 0 Address: 0x143effb0
  Set: 1022 Way: 1 Address: 0x23756ff80
  Set: 1023 Way: 0 Address: 0x23756ffc0
  Set: 1024 Way: 0 Address: 0x168ef0038
  Set: 1042 Way: 0 Address: 0x14bb104b8
  Set: 1043 Way: 0 Address: 0x14bb104c0
  Set: 1054 Way: 0 Address: 0x2177f0780
  Set: 1062 Way: 0 Address: 0x2177f0980
  Set: 1115 Way: 0 Address: 0x2600916dc
  Set: 1125 Way: 0 Address: 0x19c791970
  Set: 1152 Way: 0 Address: 0x133c92003
  Set: 1153 Way: 0 Address: 0x133c92040
  Set: 1154 Way: 0 Address: 0x133c92084
  Set: 1155 Way: 0 Address: 0x133c920c0
  Set: 1159 Way: 0 Address: 0x133c921d3
  Set: 1160 Way: 0 Address: 0x133c92200
  Set: 1161 Way: 0 Address: 0x133c92270
  Set: 1162 Way: 0 Address: 0x133c92280
  Set: 1163 Way: 0 Address: 0x133c922c2
  Set: 1164 Way: 0 Address: 0x133c92301
  Set: 1165 Way: 0 Address: 0x133c92343
  Set: 1187 Way: 0 Address: 0x1995f28fc
  Set: 1193 Way: 0 Address: 0x31be12a5c
  Set: 1196 Way: 0 Address: 0x9cff2b30
  Set: 1209 Way: 0 Address: 0x62d12e78
  Set: 1218 Way: 0 Address: 0x2b2e930a0
  Set: 1220 Way: 0 Address: 0x3c56b3128
  Set: 1220 Way: 1 Address: 0x34a873104
  Set: 1224 Way: 0 Address: 0x34a873234
  Set: 1226 Way: 0 Address: 0x257713280
  Set: 1229 Way: 0 Address: 0x34a873364
  Set: 1239 Way: 0 Address: 0x34a8735c4
  Set: 1243 Way: 0 Address: 0x34a8736f4
  Set: 1244 Way: 0 Address: 0x263c13718
  Set: 1248 Way: 0 Address: 0x34a873824
  Set: 1267 Way: 0 Address: 0x3232f3cf8
  Set: 1275 Way: 0 Address: 0x3232f3ee8
  Set: 1299 Way: 0 Address: 0x3c10744f0
  Set: 1300 Way: 0 Address: 0x3c1074500
  Set: 1301 Way: 0 Address: 0x3c1074554
  Set: 1302 Way: 0 Address: 0x3c107459c
  Set: 1303 Way: 0 Address: 0x3c10745c0
  Set: 1304 Way: 0 Address: 0x3c1074600
  Set: 1305 Way: 0 Address: 0x3c1074640
  Set: 1306 Way: 0 Address: 0x3c1074680
  Set: 1307 Way: 0 Address: 0x3c10746c0
  Set: 1308 Way: 0 Address: 0x3de4d4738
  Set: 1308 Way: 1 Address: 0x3c1074720
  Set: 1309 Way: 0 Address: 0x3c1074750
  Set: 1310 Way: 0 Address: 0x3c10747a4
  Set: 1311 Way: 0 Address: 0x3c10747f0
  Set: 1312 Way: 0 Address: 0x3c1074810
  Set: 1313 Way: 0 Address: 0x3c1074870
  Set: 1314 Way: 0 Address: 0x3c1074890
  Set: 1317 Way: 0 Address: 0x129934950
  Set: 1318 Way: 0 Address: 0x12993498c
  Set: 1319 Way: 0 Address: 0x3c10749c0
  Set: 1321 Way: 0 Address: 0x3c1074a40
  Set: 1323 Way: 0 Address: 0x3c1074ac0
  Set: 1325 Way: 0 Address: 0x3c1074b40
  Set: 1330 Way: 0 Address: 0x397bb4cb8
  Set: 1345 Way: 0 Address: 0x195f15058
  Set: 1361 Way: 0 Address: 0x354d35450
  Set: 1362 Way: 0 Address: 0x354d35490
  Set: 1363 Way: 0 Address: 0x354d354c2
  Set: 1364 Way: 0 Address: 0x354d35502
  Set: 1365 Way: 0 Address: 0x354d35578
  Set: 1366 Way: 0 Address: 0x354d35580
  Set: 1367 Way: 0 Address: 0x354d355e8
  Set: 1368 Way: 0 Address: 0x354d35603
  Set: 1369 Way: 0 Address: 0x354d35670
  Set: 1370 Way: 0 Address: 0x354d35680
  Set: 1400 Way: 0 Address: 0x1b0f15e24
  Set: 1401 Way: 0 Address: 0x1b0f15e7f
  Set: 1402 Way: 0 Address: 0x1b0f15e82
  Set: 1403 Way: 0 Address: 0x1b0f15ef4
  Set: 1404 Way: 0 Address: 0x1b0f15f07
  Set: 1405 Way: 0 Address: 0x1b0f15f42
  Set: 1406 Way: 0 Address: 0x1b0f15f80
  Set: 1407 Way: 0 Address: 0x1b0f15fc0
  Set: 1449 Way: 0 Address: 0x84896a54
  Set: 1459 Way: 0 Address: 0x211d16cc8
  Set: 1468 Way: 0 Address: 0x211d16f08
  Set: 1470 Way: 0 Address: 0x43736f98
  Set: 1485 Way: 0 Address: 0x276ff7374
  Set: 1486 Way: 0 Address: 0x276ff7394
  Set: 1538 Way: 0 Address: 0x2015980a0
  Set: 1540 Way: 0 Address: 0x2c9898128
  Set: 1543 Way: 0 Address: 0x2c98981c0
  Set: 1546 Way: 0 Address: 0x201598298
  Set: 1554 Way: 0 Address: 0xc70784b8
  Set: 1566 Way: 0 Address: 0x1aafb87b8
  Set: 1567 Way: 0 Address: 0x1aafb87c8
  Set: 1590 Way: 0 Address: 0x3bdd78d80
  Set: 1620 Way: 0 Address: 0x29295951c
  Set: 1629 Way: 0 Address: 0x312099750
  Set: 1630 Way: 0 Address: 0x312099780
  Set: 1664 Way: 0 Address: 0x229b9a000
  Set: 1665 Way: 0 Address: 0x1d89da060
  Set: 1665 Way: 1 Address: 0x223eda048
  Set: 1668 Way: 0 Address: 0x223eda130
  Set: 1713 Way: 0 Address: 0xc67dac78
  Set: 1739 Way: 0 Address: 0x3b377b2d4
  Set: 1739 Way: 1 Address: 0xc0d9b2d0
  Set: 1757 Way: 0 Address: 0xcf83b750
  Set: 1765 Way: 0 Address: 0xcf83b978
  Set: 1790 Way: 0 Address: 0x394edbf90
  Set: 1792 Way: 0 Address: 0xdf85c000
  Set: 1806 Way: 0 Address: 0x38e35c398
  Set: 1836 Way: 0 Address: 0x12c6fcb30
  Set: 1837 Way: 0 Address: 0x12c6fcb41
  Set: 1838 Way: 0 Address: 0x12c6fcb82
  Set: 1839 Way: 0 Address: 0x12c6fcbc2
  Set: 1840 Way: 0 Address: 0x12c6fcc02
  Set: 1841 Way: 0 Address: 0x12c6fcc40
  Set: 1842 Way: 0 Address: 0x12c6fcc80
  Set: 1843 Way: 0 Address: 0x12c6fccc4
  Set: 1844 Way: 0 Address: 0x12c6fcd30
  Set: 1845 Way: 0 Address: 0x12c6fcd46
  Set: 1846 Way: 0 Address: 0x12c6fcd84
  Set: 1847 Way: 0 Address: 0x12c6fcdc0
  Set: 1848 Way: 0 Address: 0x12c6fce00
  Set: 1849 Way: 0 Address: 0x12c6fce40
  Set: 1850 Way: 0 Address: 0x12c6fce81
  Set: 1851 Way: 0 Address: 0x12c6fcec2
  Set: 1852 Way: 0 Address: 0x12c6fcf00
  Set: 1853 Way: 0 Address: 0x12c6fcf42
  Set: 1854 Way: 0 Address: 0x12c6fcf80
  Set: 1855 Way: 0 Address: 0x12c6fcfc1
  Set: 1883 Way: 0 Address: 0x1add6f8
  Set: 1916 Way: 0 Address: 0x1addf08
  Set: 1919 Way: 0 Address: 0x23755dfc0
  Set: 1920 Way: 0 Address: 0x28b67e000
  Set: 1920 Way: 1 Address: 0x1f919e000
  Set: 1921 Way: 0 Address: 0x1f919e050
  Set: 1923 Way: 0 Address: 0x1f919e0c8
  Set: 1924 Way: 0 Address: 0x1f919e100
  Set: 1928 Way: 0 Address: 0x1f919e220
  Set: 1929 Way: 0 Address: 0x1f919e242
  Set: 1930 Way: 0 Address: 0x1f919e2b4
  Set: 1931 Way: 0 Address: 0x1f919e2c2
  Set: 1932 Way: 0 Address: 0x1f919e301
  Set: 1933 Way: 0 Address: 0x1f919e341
  Set: 1934 Way: 0 Address: 0x1f919e3a0
  Set: 1936 Way: 0 Address: 0x1f919e430
  Set: 1937 Way: 0 Address: 0x1f919e447
  Set: 1938 Way: 0 Address: 0x1f919e481
  Set: 1939 Way: 0 Address: 0x1f919e4c1
  Set: 1940 Way: 0 Address: 0x1f919e507
  Set: 1941 Way: 0 Address: 0x1f919e541
  Set: 1942 Way: 0 Address: 0x1f919e582
  Set: 1943 Way: 0 Address: 0x1f919e5c0
  Set: 1944 Way: 0 Address: 0x1f919e603
  Set: 1945 Way: 0 Address: 0x1f919e641
  Set: 1945 Way: 1 Address: 0x20597e678
  Set: 1946 Way: 0 Address: 0x1f919e681
  Set: 1947 Way: 0 Address: 0x1f919e6c4
  Set: 1948 Way: 0 Address: 0x1f919e703
  Set: 1949 Way: 0 Address: 0x1f919e742
  Set: 1950 Way: 0 Address: 0x1f919e7b0
  Set: 1951 Way: 0 Address: 0x1f919e7c1
  Set: 1951 Way: 1 Address: 0x28b67e7f8
  Set: 1952 Way: 0 Address: 0x1f919e800
  Set: 1971 Way: 0 Address: 0x2db79ecf8
  Set: 1973 Way: 0 Address: 0x2db79ed68
EndCache
