Cache: cpu0_STLB
  Set: 20 Way: 0 Address: 0x1814394
  Set: 23 Way: 0 Address: 0x17974b8
  Set: 25 Way: 0 Address: 0x1799a5c
  Set: 31 Way: 0 Address: 0x499fdc8
  Set: 37 Way: 0 Address: 0x1625f1b
  Set: 38 Way: 0 Address: 0x16260c8
  Set: 42 Way: 0 Address: 0x4caa478
  Set: 43 Way: 0 Address: 0x13abf1a
  Set: 44 Way: 0 Address: 0x13ac003
  Set: 45 Way: 0 Address: 0x49ad728
  Set: 46 Way: 0 Address: 0x4d2ef94
  Set: 47 Way: 0 Address: 0x4d2f7e4
  Set: 48 Way: 0 Address: 0x4d30294
  Set: 48 Way: 1 Address: 0x13b0ef4
  Set: 49 Way: 0 Address: 0x13b1008
  Set: 50 Way: 0 Address: 0x13b2005
  Set: 56 Way: 0 Address: 0x17b88fc
  Set: 59 Way: 0 Address: 0x4cbbc38
  Set: 79 Way: 0 Address: 0x49cf69c
  Set: 80 Way: 0 Address: 0x4a50828
  Set: 83 Way: 0 Address: 0x1853aa8
  Set: 90 Way: 0 Address: 0x705abd8
  Set: 92 Way: 0 Address: 0x49dcff8
  Set: 93 Way: 0 Address: 0x16dd704
  Set: 95 Way: 0 Address: 0x16dfa54
  Set: 97 Way: 0 Address: 0x17e180c
  Set: 99 Way: 0 Address: 0x16e38a4
  Set: 102 Way: 0 Address: 0x1766950
  Set: 103 Way: 0 Address: 0x16e77b4
  Set: 103 Way: 1 Address: 0x17674c0
  Set: 106 Way: 0 Address: 0x4cea638
  Set: 109 Way: 0 Address: 0x17ed51c
  Set: 112 Way: 0 Address: 0x4cf0378
  Set: 114 Way: 0 Address: 0x15f2450
  Set: 115 Way: 0 Address: 0x15f3be0
  Set: 115 Way: 1 Address: 0x7ffe2a673528
EndCache
Cache: cpu0_L2C
  Set: 18 Way: 0 Address: 0x6e6204b8
  Set: 23 Way: 0 Address: 0x168ef05d8
  Set: 29 Way: 0 Address: 0x28a940750
  Set: 35 Way: 0 Address: 0x2177f08fc
  Set: 37 Way: 0 Address: 0x28a940978
  Set: 37 Way: 1 Address: 0x168ef0970
  Set: 51 Way: 0 Address: 0x14bb10cc8
  Set: 54 Way: 0 Address: 0x342b40d80
  Set: 55 Way: 0 Address: 0x14bb10dc0
  Set: 64 Way: 0 Address: 0x113201000
  Set: 68 Way: 0 Address: 0x2a4841128
  Set: 87 Way: 0 Address: 0x19c7915d8
  Set: 91 Way: 0 Address: 0xf6e816f8
  Set: 101 Way: 0 Address: 0x19c791978
  Set: 112 Way: 0 Address: 0x260091c38
  Set: 119 Way: 0 Address: 0x181c81dc8
  Set: 124 Way: 0 Address: 0xf6e81f08
  Set: 128 Way: 0 Address: 0x62d12005
  Set: 129 Way: 0 Address: 0x9cff2048
  Set: 129 Way: 1 Address: 0x62d12040
  Set: 130 Way: 0 Address: 0x62d12083
  Set: 131 Way: 0 Address: 0x62d120c0
  Set: 148 Way: 0 Address: 0x62d1253b
  Set: 149 Way: 0 Address: 0x62d12543
  Set: 155 Way: 0 Address: 0x6d0c26fc
  Set: 156 Way: 0 Address: 0x6d0c2704
  Set: 156 Way: 1 Address: 0x1064c2728
  Set: 162 Way: 0 Address: 0x1995f28a4
  Set: 163 Way: 0 Address: 0x1995f28f0
  Set: 172 Way: 0 Address: 0x1c84e2b30
  Set: 173 Way: 0 Address: 0x1c84e2b41
  Set: 174 Way: 0 Address: 0x1c84e2b82
  Set: 175 Way: 0 Address: 0x1c84e2bc2
  Set: 176 Way: 0 Address: 0x1c84e2c02
  Set: 177 Way: 0 Address: 0x1c84e2c42
  Set: 178 Way: 0 Address: 0x1c84e2c82
  Set: 179 Way: 0 Address: 0x6d0c2cd8
  Set: 179 Way: 1 Address: 0x1c84e2cc4
  Set: 180 Way: 0 Address: 0x1c84e2d02
  Set: 181 Way: 0 Address: 0x1c84e2d46
  Set: 182 Way: 0 Address: 0x1c84e2d84
  Set: 183 Way: 0 Address: 0x1c84e2dc1
  Set: 184 Way: 0 Address: 0x1c84e2e00
  Set: 185 Way: 0 Address: 0x1c84e2e45
  Set: 185 Way: 1 Address: 0x31be12e64
  Set: 186 Way: 0 Address: 0x1c84e2e81
  Set: 187 Way: 0 Address: 0x1c84e2ec2
  Set: 188 Way: 0 Address: 0x1c84e2f1a
  Set: 189 Way: 0 Address: 0x1c84e2f42
  Set: 189 Way: 1 Address: 0x133c92f68
  Set: 190 Way: 0 Address: 0x1c84e2f80
  Set: 190 Way: 1 Address: 0x6d0c2fb0
  Set: 190 Way: 2 Address: 0x31be12f94
  Set: 191 Way: 0 Address: 0x1c84e2fc1
  Set: 196 Way: 0 Address: 0x257713128
  Set: 199 Way: 0 Address: 0x2577131c0
  Set: 206 Way: 0 Address: 0x2b2e93398
  Set: 209 Way: 0 Address: 0x3232f3478
  Set: 210 Way: 0 Address: 0x3232f3480
  Set: 224 Way: 0 Address: 0x34a873828
  Set: 245 Way: 0 Address: 0x3c56b3d58
  Set: 246 Way: 0 Address: 0x3b0803d88
  Set: 256 Way: 0 Address: 0x1ab44003
  Set: 257 Way: 0 Address: 0x1ab44044
  Set: 258 Way: 0 Address: 0x1ab44084
  Set: 263 Way: 0 Address: 0x1ab441d3
  Set: 264 Way: 0 Address: 0x1ab44200
  Set: 265 Way: 0 Address: 0x1ab44270
  Set: 266 Way: 0 Address: 0x1ab442a5
  Set: 267 Way: 0 Address: 0x1ab442c2
  Set: 268 Way: 0 Address: 0x1ab44301
  Set: 269 Way: 0 Address: 0x1ab44343
  Set: 283 Way: 0 Address: 0x1299346e8
  Set: 284 Way: 0 Address: 0xb8004718
  Set: 297 Way: 0 Address: 0x6b744a5c
  Set: 314 Way: 0 Address: 0x397bb4eb0
  Set: 315 Way: 0 Address: 0x397bb4ee8
  Set: 316 Way: 0 Address: 0x397bb4f1b
  Set: 317 Way: 0 Address: 0x397bb4f60
  Set: 318 Way: 0 Address: 0x397bb4f82
  Set: 318 Way: 1 Address: 0x3c1074f98
  Set: 319 Way: 0 Address: 0x397bb4fc0
  Set: 322 Way: 0 Address: 0x354d350a0
  Set: 349 Way: 0 Address: 0x272585750
  Set: 350 Way: 0 Address: 0x1b0f15780
  Set: 350 Way: 1 Address: 0x272585780
  Set: 358 Way: 0 Address: 0x1b0f15980
  Set: 374 Way: 0 Address: 0x34a0e5d90
  Set: 397 Way: 0 Address: 0x8489637c
  Set: 398 Way: 0 Address: 0x84896394
  Set: 403 Way: 0 Address: 0x211d164f8
  Set: 404 Way: 0 Address: 0x211d16528
  Set: 405 Way: 0 Address: 0x211d16548
  Set: 406 Way: 0 Address: 0x211d165a4
  Set: 407 Way: 0 Address: 0x211d165c0
  Set: 412 Way: 0 Address: 0x43736738
  Set: 412 Way: 1 Address: 0x211d16720
  Set: 413 Way: 0 Address: 0x211d16750
  Set: 414 Way: 0 Address: 0x211d167a4
  Set: 415 Way: 0 Address: 0x211d167f0
  Set: 416 Way: 0 Address: 0x211d16810
  Set: 417 Way: 0 Address: 0x211d16870
  Set: 418 Way: 0 Address: 0x211d16890
  Set: 426 Way: 0 Address: 0x3dae66aa8
  Set: 427 Way: 0 Address: 0x3dae66ad4
  Set: 428 Way: 0 Address: 0x3dae66b00
  Set: 435 Way: 0 Address: 0x3d87a6cf8
  Set: 440 Way: 0 Address: 0x27d4c6e24
  Set: 441 Way: 0 Address: 0x27d4c6e7f
  Set: 442 Way: 0 Address: 0x27d4c6e82
  Set: 443 Way: 0 Address: 0x27d4c6ef4
  Set: 443 Way: 1 Address: 0x3d87a6ee0
  Set: 444 Way: 0 Address: 0x27d4c6f07
  Set: 445 Way: 0 Address: 0x27d4c6f42
  Set: 446 Way: 0 Address: 0x27d4c6f80
  Set: 447 Way: 0 Address: 0x27d4c6fc3
  Set: 452 Way: 0 Address: 0xbeea7120
  Set: 495 Way: 0 Address: 0x276ff7be0
  Set: 498 Way: 0 Address: 0x276ff7c80
  Set: 499 Way: 0 Address: 0x276ff7cfe
  Set: 510 Way: 0 Address: 0x309887f90
  Set: 513 Way: 0 Address: 0x201598050
  Set: 513 Way: 1 Address: 0x1aafb8060
  Set: 516 Way: 0 Address: 0x1aafb8130
  Set: 556 Way: 0 Address: 0xc7078b30
  Set: 563 Way: 0 Address: 0x2c9898cf8
  Set: 565 Way: 0 Address: 0x2c9898d68
  Set: 586 Way: 0 Address: 0x2c8749280
  Set: 587 Way: 0 Address: 0x3120992d0
  Set: 589 Way: 0 Address: 0x2fa0c9378
  Set: 607 Way: 0 Address: 0x2929597f8
  Set: 613 Way: 0 Address: 0x2ee369950
  Set: 614 Way: 0 Address: 0x2ee36998c
  Set: 633 Way: 0 Address: 0xb84a9e78
  Set: 635 Way: 0 Address: 0xb84a9ee0
  Set: 641 Way: 0 Address: 0x1d89da058
  Set: 644 Way: 0 Address: 0x223eda130
  Set: 664 Way: 0 Address: 0xc67da638
  Set: 667 Way: 0 Address: 0x223eda6e8
  Set: 668 Way: 0 Address: 0x223eda738
  Set: 684 Way: 0 Address: 0x223edab38
  Set: 700 Way: 0 Address: 0x223edaf08
  Set: 714 Way: 0 Address: 0xc0d9b294
  Set: 725 Way: 0 Address: 0x3b377b550
  Set: 731 Way: 0 Address: 0x394edb6f8
  Set: 751 Way: 0 Address: 0xcf83bbd8
  Set: 754 Way: 0 Address: 0x394edbcb8
  Set: 765 Way: 0 Address: 0x394edbf68
  Set: 768 Way: 0 Address: 0xdf85c000
  Set: 768 Way: 1 Address: 0x29484c000
  Set: 771 Way: 0 Address: 0x29484c0c8
  Set: 771 Way: 1 Address: 0x32f48c0c4
  Set: 772 Way: 0 Address: 0x29484c100
  Set: 775 Way: 0 Address: 0x32f48c1f4
  Set: 776 Way: 0 Address: 0x29484c220
  Set: 777 Way: 0 Address: 0x29484c242
  Set: 778 Way: 0 Address: 0x29484c281
  Set: 779 Way: 0 Address: 0x29484c2c2
  Set: 780 Way: 0 Address: 0x29484c301
  Set: 780 Way: 1 Address: 0x32f48c324
  Set: 781 Way: 0 Address: 0x29484c370
  Set: 782 Way: 0 Address: 0x29484c3a0
  Set: 784 Way: 0 Address: 0x29484c435
  Set: 785 Way: 0 Address: 0x29484c447
  Set: 786 Way: 0 Address: 0x29484c481
  Set: 787 Way: 0 Address: 0x29484c4c1
  Set: 788 Way: 0 Address: 0x29484c507
  Set: 789 Way: 0 Address: 0x29484c541
  Set: 790 Way: 0 Address: 0x29484c582
  Set: 790 Way: 1 Address: 0x32f48c584
  Set: 791 Way: 0 Address: 0x29484c5c0
  Set: 792 Way: 0 Address: 0x29484c603
  Set: 793 Way: 0 Address: 0x29484c641
  Set: 794 Way: 0 Address: 0x29484c681
  Set: 794 Way: 1 Address: 0x32f48c6b4
  Set: 795 Way: 0 Address: 0x29484c6c4
  Set: 796 Way: 0 Address: 0x29484c703
  Set: 797 Way: 0 Address: 0x29484c742
  Set: 798 Way: 0 Address: 0x12c6fc7b4
  Set: 798 Way: 1 Address: 0x29484c7b0
  Set: 799 Way: 0 Address: 0x29484c7c1
  Set: 799 Way: 1 Address: 0x12c6fc7c8
  Set: 799 Way: 2 Address: 0x32f48c7e4
  Set: 800 Way: 0 Address: 0x29484c800
  Set: 805 Way: 0 Address: 0x1ae2cc970
  Set: 810 Way: 0 Address: 0x38e35ca98
  Set: 825 Way: 0 Address: 0x32502ce78
  Set: 836 Way: 0 Address: 0x23755d11c
  Set: 850 Way: 0 Address: 0x23755d4b0
  Set: 851 Way: 0 Address: 0x23755d4c0
  Set: 858 Way: 0 Address: 0x23755d694
  Set: 862 Way: 0 Address: 0x23755d780
  Set: 873 Way: 0 Address: 0x1adda54
  Set: 881 Way: 0 Address: 0x23755dc58
  Set: 883 Way: 0 Address: 0xe51bdcc8
  Set: 885 Way: 0 Address: 0x5588dd60
  Set: 886 Way: 0 Address: 0x5588dd80
  Set: 896 Way: 0 Address: 0x28b67e000
  Set: 900 Way: 0 Address: 0x2db79e130
  Set: 900 Way: 1 Address: 0x20597e128
  Set: 903 Way: 0 Address: 0x2db79e1c0
  Set: 922 Way: 0 Address: 0x7d0ee69c
  Set: 927 Way: 0 Address: 0x28b67e7f8
  Set: 940 Way: 0 Address: 0x3734eeb38
  Set: 946 Way: 0 Address: 0x1c084ecb8
  Set: 951 Way: 0 Address: 0x1c084edc0
  Set: 959 Way: 0 Address: 0x2f5d8efc0
  Set: 959 Way: 1 Address: 0x2c077eff8
  Set: 960 Way: 0 Address: 0x23756f008
  Set: 961 Way: 0 Address: 0x23756f040
  Set: 962 Way: 0 Address: 0x16390f0a0
  Set: 962 Way: 1 Address: 0x23756f080
  Set: 963 Way: 0 Address: 0x23756f0c5
  Set: 964 Way: 0 Address: 0x23756f102
  Set: 965 Way: 0 Address: 0x23756f143
  Set: 966 Way: 0 Address: 0x23756f181
  Set: 967 Way: 0 Address: 0x23756f1c3
  Set: 968 Way: 0 Address: 0x23756f204
  Set: 969 Way: 0 Address: 0x23756f240
  Set: 970 Way: 0 Address: 0x16390f298
  Set: 970 Way: 1 Address: 0x23756f283
  Set: 971 Way: 0 Address: 0x23756f2c0
  Set: 972 Way: 0 Address: 0x23756f300
  Set: 973 Way: 0 Address: 0x23756f340
  Set: 974 Way: 0 Address: 0x23756f382
  Set: 975 Way: 0 Address: 0x23756f3c1
  Set: 976 Way: 0 Address: 0x23756f400
  Set: 977 Way: 0 Address: 0x143ef450
  Set: 977 Way: 1 Address: 0x23756f440
  Set: 978 Way: 0 Address: 0x143ef490
  Set: 978 Way: 1 Address: 0x23756f480
  Set: 979 Way: 0 Address: 0x143ef4c2
  Set: 979 Way: 1 Address: 0x23756f4c0
  Set: 980 Way: 0 Address: 0x143ef502
  Set: 980 Way: 1 Address: 0x22272f51c
  Set: 980 Way: 2 Address: 0x23756f504
  Set: 981 Way: 0 Address: 0x143ef578
  Set: 981 Way: 1 Address: 0x23756f540
  Set: 982 Way: 0 Address: 0x143ef580
  Set: 982 Way: 1 Address: 0x23756f581
  Set: 983 Way: 0 Address: 0x143ef5e8
  Set: 983 Way: 1 Address: 0x23756f5c2
  Set: 984 Way: 0 Address: 0x143ef603
  Set: 984 Way: 1 Address: 0x23756f601
  Set: 985 Way: 0 Address: 0x143ef650
  Set: 985 Way: 1 Address: 0x23756f642
  Set: 986 Way: 0 Address: 0x143ef680
  Set: 986 Way: 1 Address: 0x23756f680
  Set: 987 Way: 0 Address: 0x23756f6c0
  Set: 988 Way: 0 Address: 0x23756f700
  Set: 989 Way: 0 Address: 0x23756f740
  Set: 990 Way: 0 Address: 0x23756f786
  Set: 991 Way: 0 Address: 0x23756f7c1
  Set: 992 Way: 0 Address: 0xee86f80c
  Set: 992 Way: 1 Address: 0x23756f807
  Set: 993 Way: 0 Address: 0x23756f840
  Set: 994 Way: 0 Address: 0x23756f880
  Set: 995 Way: 0 Address: 0x23756f8c0
  Set: 996 Way: 0 Address: 0x23756f902
  Set: 997 Way: 0 Address: 0x23756f941
  Set: 998 Way: 0 Address: 0x23756f987
  Set: 999 Way: 0 Address: 0x23756f9c4
  Set: 1000 Way: 0 Address: 0x23756fa00
  Set: 1001 Way: 0 Address: 0x23756fa42
  Set: 1002 Way: 0 Address: 0x23756fa81
  Set: 1003 Way: 0 Address: 0x23756fac0
  Set: 1004 Way: 0 Address: 0x23756fb00
  Set: 1005 Way: 0 Address: 0x23756fb40
  Set: 1006 Way: 0 Address: 0x23756fb80
  Set: 1007 Way: 0 Address: 0x23756fbc2
  Set: 1008 Way: 0 Address: 0x23756fc00
  Set: 1009 Way: 0 Address: 0x23756fc40
  Set: 1010 Way: 0 Address: 0x23756fc80
  Set: 1011 Way: 0 Address: 0x23756fcc0
  Set: 1012 Way: 0 Address: 0x23756fd02
  Set: 1013 Way: 0 Address: 0x23756fd41
  Set: 1014 Way: 0 Address: 0x23756fd81
  Set: 1015 Way: 0 Address: 0x23756fdc4
  Set: 1016 Way: 0 Address: 0x23756fe00
  Set: 1017 Way: 0 Address: 0x23756fe42
  Set: 1018 Way: 0 Address: 0x23756fe81
  Set: 1019 Way: 0 Address: 0x23756fec0
  Set: 1020 Way: 0 Address: 0x23756ff00
  Set: 1021 Way: 0 Address: 0x23756ff40
  Set: 1022 Way: 0 Address: 0x23756ff80
  Set: 1023 Way: 0 Address: 0x23756ffc3
EndCache
Cache: cpu0_L1I
  Set: 0 Way: 0 Address: 0x1ab44003
  Set: 0 Way: 1 Address: 0x29484c000
  Set: 0 Way: 2 Address: 0x23756f008
  Set: 0 Way: 3 Address: 0x62d1203a
  Set: 1 Way: 0 Address: 0x1ab44044
  Set: 1 Way: 1 Address: 0x23756f040
  Set: 1 Way: 2 Address: 0x62d12070
  Set: 2 Way: 0 Address: 0x1ab440ac
  Set: 2 Way: 1 Address: 0x23756f080
  Set: 2 Way: 2 Address: 0x62d12083
  Set: 3 Way: 0 Address: 0x29484c0f6
  Set: 3 Way: 1 Address: 0x23756f0c5
  Set: 4 Way: 0 Address: 0x29484c100
  Set: 4 Way: 1 Address: 0x23756f102
  Set: 5 Way: 0 Address: 0x23756f143
  Set: 6 Way: 0 Address: 0x23756f181
  Set: 7 Way: 0 Address: 0x1ab441d3
  Set: 7 Way: 1 Address: 0x23756f1c3
  Set: 8 Way: 0 Address: 0x29484c23c
  Set: 8 Way: 1 Address: 0x23756f204
  Set: 8 Way: 2 Address: 0x1ab4421d
  Set: 9 Way: 0 Address: 0x29484c260
  Set: 9 Way: 1 Address: 0x1ab44270
  Set: 9 Way: 2 Address: 0x23756f242
  Set: 10 Way: 0 Address: 0x29484c281
  Set: 10 Way: 1 Address: 0x1ab442a5
  Set: 10 Way: 2 Address: 0x23756f283
  Set: 11 Way: 0 Address: 0x29484c2c2
  Set: 11 Way: 1 Address: 0x1ab442c2
  Set: 11 Way: 2 Address: 0x23756f2c5
  Set: 12 Way: 0 Address: 0x29484c301
  Set: 12 Way: 1 Address: 0x1ab44336
  Set: 12 Way: 2 Address: 0x23756f302
  Set: 13 Way: 0 Address: 0x29484c370
  Set: 13 Way: 1 Address: 0x1ab44343
  Set: 13 Way: 2 Address: 0x23756f342
  Set: 14 Way: 0 Address: 0x29484c3a0
  Set: 14 Way: 1 Address: 0x23756f382
  Set: 15 Way: 0 Address: 0x23756f3c1
  Set: 16 Way: 0 Address: 0x29484c435
  Set: 16 Way: 1 Address: 0x23756f407
  Set: 17 Way: 0 Address: 0x143ef463
  Set: 17 Way: 1 Address: 0x29484c46c
  Set: 17 Way: 2 Address: 0x23756f444
  Set: 18 Way: 0 Address: 0x143ef4ad
  Set: 18 Way: 1 Address: 0x29484c4aa
  Set: 18 Way: 2 Address: 0x23756f483
  Set: 19 Way: 0 Address: 0x143ef4c2
  Set: 19 Way: 1 Address: 0x29484c4ff
  Set: 19 Way: 2 Address: 0x23756f4fd
  Set: 20 Way: 0 Address: 0x143ef502
  Set: 20 Way: 1 Address: 0x29484c534
  Set: 20 Way: 2 Address: 0x23756f504
  Set: 20 Way: 3 Address: 0x62d1253b
  Set: 21 Way: 0 Address: 0x143ef578
  Set: 21 Way: 1 Address: 0x29484c560
  Set: 21 Way: 2 Address: 0x23756f543
  Set: 21 Way: 3 Address: 0x62d12543
  Set: 22 Way: 0 Address: 0x143ef580
  Set: 22 Way: 1 Address: 0x29484c5b7
  Set: 22 Way: 2 Address: 0x23756f581
  Set: 23 Way: 0 Address: 0x143ef5e8
  Set: 23 Way: 1 Address: 0x29484c5c0
  Set: 23 Way: 2 Address: 0x23756f5c2
  Set: 24 Way: 0 Address: 0x29484c62a
  Set: 24 Way: 1 Address: 0x143ef603
  Set: 24 Way: 2 Address: 0x23756f63f
  Set: 25 Way: 0 Address: 0x143ef650
  Set: 25 Way: 1 Address: 0x29484c641
  Set: 25 Way: 2 Address: 0x23756f642
  Set: 26 Way: 0 Address: 0x29484c6a6
  Set: 26 Way: 1 Address: 0x143ef680
  Set: 26 Way: 2 Address: 0x23756f683
  Set: 27 Way: 0 Address: 0x29484c6ff
  Set: 27 Way: 1 Address: 0x23756f6c8
  Set: 28 Way: 0 Address: 0x29484c72e
  Set: 28 Way: 1 Address: 0x23756f700
  Set: 29 Way: 0 Address: 0x29484c76c
  Set: 29 Way: 1 Address: 0x23756f742
  Set: 30 Way: 0 Address: 0x29484c7b0
  Set: 30 Way: 1 Address: 0x23756f786
  Set: 31 Way: 0 Address: 0x29484c7c1
  Set: 31 Way: 1 Address: 0x23756f7ee
  Set: 32 Way: 0 Address: 0x29484c800
  Set: 32 Way: 1 Address: 0x23756f807
  Set: 33 Way: 0 Address: 0x23756f842
  Set: 34 Way: 0 Address: 0x23756f884
  Set: 35 Way: 0 Address: 0x23756f8c6
  Set: 36 Way: 0 Address: 0x23756f939
  Set: 37 Way: 0 Address: 0x23756f941
  Set: 38 Way: 0 Address: 0x23756f987
  Set: 39 Way: 0 Address: 0x23756f9c4
  Set: 40 Way: 0 Address: 0x23756fa03
  Set: 41 Way: 0 Address: 0x23756fa79
  Set: 42 Way: 0 Address: 0x23756fab7
  Set: 43 Way: 0 Address: 0x23756fac5
  Set: 44 Way: 0 Address: 0x1c84e2b30
  Set: 44 Way: 1 Address: 0x23756fb03
  Set: 45 Way: 0 Address: 0x1c84e2b79
  Set: 45 Way: 1 Address: 0x23756fb46
  Set: 46 Way: 0 Address: 0x1c84e2b82
  Set: 46 Way: 1 Address: 0x23756fb80
  Set: 47 Way: 0 Address: 0x276ff7be0
  Set: 47 Way: 1 Address: 0x1c84e2bc2
  Set: 47 Way: 2 Address: 0x23756fbc2
  Set: 48 Way: 0 Address: 0x1c84e2c02
  Set: 48 Way: 1 Address: 0x23756fc08
  Set: 49 Way: 0 Address: 0x1c84e2c42
  Set: 49 Way: 1 Address: 0x23756fc45
  Set: 50 Way: 0 Address: 0x276ff7c80
  Set: 50 Way: 1 Address: 0x1c84e2c82
  Set: 50 Way: 2 Address: 0x23756fc80
  Set: 51 Way: 0 Address: 0x276ff7cfe
  Set: 51 Way: 1 Address: 0x1c84e2cc4
  Set: 51 Way: 2 Address: 0x23756fcfc
  Set: 52 Way: 0 Address: 0x1c84e2d02
  Set: 52 Way: 1 Address: 0x23756fd3d
  Set: 53 Way: 0 Address: 0x1c84e2d46
  Set: 53 Way: 1 Address: 0x23756fd41
  Set: 54 Way: 0 Address: 0x1c84e2d84
  Set: 54 Way: 1 Address: 0x23756fd81
  Set: 55 Way: 0 Address: 0x1c84e2dc1
  Set: 55 Way: 1 Address: 0x23756fdc4
  Set: 56 Way: 0 Address: 0x1c84e2e00
  Set: 56 Way: 1 Address: 0x23756fe2f
  Set: 56 Way: 2 Address: 0x27d4c6e24
  Set: 57 Way: 0 Address: 0x1c84e2e6a
  Set: 57 Way: 1 Address: 0x23756fe72
  Set: 57 Way: 2 Address: 0x27d4c6e7f
  Set: 58 Way: 0 Address: 0x397bb4eb0
  Set: 58 Way: 1 Address: 0x1c84e2ea6
  Set: 58 Way: 2 Address: 0x23756fe81
  Set: 58 Way: 3 Address: 0x27d4c6e82
  Set: 59 Way: 0 Address: 0x397bb4ee8
  Set: 59 Way: 1 Address: 0x1c84e2ec2
  Set: 59 Way: 2 Address: 0x27d4c6ef4
  Set: 59 Way: 3 Address: 0x23756fec1
  Set: 60 Way: 0 Address: 0x397bb4f1b
  Set: 60 Way: 1 Address: 0x1c84e2f1a
  Set: 60 Way: 2 Address: 0x27d4c6f35
  Set: 60 Way: 3 Address: 0x23756ff04
  Set: 61 Way: 0 Address: 0x397bb4f60
  Set: 61 Way: 1 Address: 0x1c84e2f42
  Set: 61 Way: 2 Address: 0x27d4c6f73
  Set: 61 Way: 3 Address: 0x23756ff6f
  Set: 62 Way: 0 Address: 0x397bb4fa8
  Set: 62 Way: 1 Address: 0x1c84e2f80
  Set: 62 Way: 2 Address: 0x27d4c6fb6
  Set: 62 Way: 3 Address: 0x23756ffb0
  Set: 63 Way: 0 Address: 0x397bb4fec
  Set: 63 Way: 1 Address: 0x1c84e2fc1
  Set: 63 Way: 2 Address: 0x27d4c6fc3
  Set: 63 Way: 3 Address: 0x23756ffe3
EndCache
Cache: cpu0_L1D
  Set: 0 Way: 0 Address: 0xdf85c000
  Set: 0 Way: 1 Address: 0x28b67e000
  Set: 0 Way: 2 Address: 0x113201000
  Set: 1 Way: 0 Address: 0x1d89da058
  Set: 1 Way: 1 Address: 0x9cff2048
  Set: 1 Way: 2 Address: 0x201598050
  Set: 1 Way: 3 Address: 0x1aafb8060
  Set: 2 Way: 0 Address: 0x16390f0a0
  Set: 2 Way: 1 Address: 0x354d350a0
  Set: 3 Way: 0 Address: 0x32f48c0c4
  Set: 4 Way: 0 Address: 0x2a4841128
  Set: 4 Way: 1 Address: 0x223eda130
  Set: 4 Way: 2 Address: 0x1aafb8130
  Set: 4 Way: 3 Address: 0x2db79e130
  Set: 4 Way: 4 Address: 0xbeea7120
  Set: 4 Way: 5 Address: 0x23755d11c
  Set: 4 Way: 6 Address: 0x257713128
  Set: 4 Way: 7 Address: 0x20597e128
  Set: 7 Way: 0 Address: 0x2db79e1c0
  Set: 7 Way: 1 Address: 0x2577131c0
  Set: 7 Way: 2 Address: 0x32f48c1f4
  Set: 10 Way: 0 Address: 0x16390f298
  Set: 10 Way: 1 Address: 0xc0d9b294
  Set: 10 Way: 2 Address: 0x2c8749280
  Set: 11 Way: 0 Address: 0x3120992d0
  Set: 12 Way: 0 Address: 0x32f48c324
  Set: 13 Way: 0 Address: 0x8489637c
  Set: 13 Way: 1 Address: 0x2fa0c9378
  Set: 14 Way: 0 Address: 0x2b2e93398
  Set: 14 Way: 1 Address: 0x848963b4
  Set: 17 Way: 0 Address: 0x3232f3478
  Set: 18 Way: 0 Address: 0x6e6204b8
  Set: 18 Way: 1 Address: 0x23755d4b0
  Set: 18 Way: 2 Address: 0x3232f3480
  Set: 19 Way: 0 Address: 0x23755d4c0
  Set: 19 Way: 1 Address: 0x211d164f0
  Set: 20 Way: 0 Address: 0x211d16538
  Set: 20 Way: 1 Address: 0x22272f51c
  Set: 21 Way: 0 Address: 0x211d16560
  Set: 21 Way: 1 Address: 0x3b377b550
  Set: 22 Way: 0 Address: 0x211d165a4
  Set: 22 Way: 1 Address: 0x32f48c584
  Set: 23 Way: 0 Address: 0x211d165d0
  Set: 23 Way: 1 Address: 0x19c7915d8
  Set: 23 Way: 2 Address: 0x168ef05d8
  Set: 24 Way: 0 Address: 0xc67da638
  Set: 26 Way: 0 Address: 0x23755d694
  Set: 26 Way: 1 Address: 0x32f48c6b4
  Set: 26 Way: 2 Address: 0x7d0ee69c
  Set: 27 Way: 0 Address: 0x223eda6e8
  Set: 27 Way: 1 Address: 0x1299346e8
  Set: 27 Way: 2 Address: 0xf6e816f8
  Set: 27 Way: 3 Address: 0x6d0c26fc
  Set: 27 Way: 4 Address: 0x394edb6f8
  Set: 28 Way: 0 Address: 0x223eda738
  Set: 28 Way: 1 Address: 0x43736738
  Set: 28 Way: 2 Address: 0xb8004718
  Set: 28 Way: 3 Address: 0x6d0c2704
  Set: 28 Way: 4 Address: 0x1064c2728
  Set: 28 Way: 5 Address: 0x211d16720
  Set: 29 Way: 0 Address: 0x211d16750
  Set: 29 Way: 1 Address: 0x272585750
  Set: 29 Way: 2 Address: 0x28a940750
  Set: 30 Way: 0 Address: 0x12c6fc7b4
  Set: 30 Way: 1 Address: 0x23755d780
  Set: 30 Way: 2 Address: 0x211d167a4
  Set: 30 Way: 3 Address: 0x1b0f15780
  Set: 30 Way: 4 Address: 0x272585780
  Set: 31 Way: 0 Address: 0x28b67e7f8
  Set: 31 Way: 1 Address: 0x2929597f8
  Set: 31 Way: 2 Address: 0x12c6fc7c8
  Set: 31 Way: 3 Address: 0x211d167f0
  Set: 31 Way: 4 Address: 0x32f48c7e4
  Set: 32 Way: 0 Address: 0xee86f80c
  Set: 32 Way: 1 Address: 0x211d16810
  Set: 32 Way: 2 Address: 0x34a873828
  Set: 33 Way: 0 Address: 0x211d16878
  Set: 34 Way: 0 Address: 0x1995f28a4
  Set: 34 Way: 1 Address: 0x211d16890
  Set: 35 Way: 0 Address: 0x1995f28f0
  Set: 35 Way: 1 Address: 0x2177f08fc
  Set: 37 Way: 0 Address: 0x2ee369950
  Set: 37 Way: 1 Address: 0x28a940978
  Set: 37 Way: 2 Address: 0x19c791978
  Set: 37 Way: 3 Address: 0x168ef0970
  Set: 37 Way: 4 Address: 0x1ae2cc970
  Set: 38 Way: 0 Address: 0x2ee36998c
  Set: 38 Way: 1 Address: 0x1b0f15980
  Set: 41 Way: 0 Address: 0x1adda54
  Set: 41 Way: 1 Address: 0x6b744a5c
  Set: 42 Way: 0 Address: 0x3dae66aa0
  Set: 42 Way: 1 Address: 0x38e35ca98
  Set: 43 Way: 0 Address: 0x3dae66acc
  Set: 44 Way: 0 Address: 0x223edab30
  Set: 44 Way: 1 Address: 0x3734eeb38
  Set: 44 Way: 2 Address: 0xc7078b30
  Set: 44 Way: 3 Address: 0x3dae66b04
  Set: 47 Way: 0 Address: 0xcf83bbd8
  Set: 48 Way: 0 Address: 0x260091c38
  Set: 49 Way: 0 Address: 0x23755dc58
  Set: 50 Way: 0 Address: 0x394edbcb8
  Set: 50 Way: 1 Address: 0x1c084ecb8
  Set: 51 Way: 0 Address: 0x6d0c2cd8
  Set: 51 Way: 1 Address: 0x2c9898cf8
  Set: 51 Way: 2 Address: 0x3d87a6cf8
  Set: 51 Way: 3 Address: 0x14bb10cc8
  Set: 51 Way: 4 Address: 0xe51bdcc8
  Set: 53 Way: 0 Address: 0x3c56b3d58
  Set: 53 Way: 1 Address: 0x5588dd60
  Set: 53 Way: 2 Address: 0x2c9898d68
  Set: 54 Way: 0 Address: 0x5588dd88
  Set: 54 Way: 1 Address: 0x3b0803d88
  Set: 54 Way: 2 Address: 0x342b40d80
  Set: 54 Way: 3 Address: 0x34a0e5d90
  Set: 55 Way: 0 Address: 0x1c084edc0
  Set: 55 Way: 1 Address: 0x14bb10dc0
  Set: 55 Way: 2 Address: 0x181c81dc8
  Set: 57 Way: 0 Address: 0x31be12e64
  Set: 57 Way: 1 Address: 0xb84a9e78
  Set: 57 Way: 2 Address: 0x32502ce78
  Set: 59 Way: 0 Address: 0x3d87a6ee0
  Set: 59 Way: 1 Address: 0xb84a9ee0
  Set: 60 Way: 0 Address: 0x223edaf08
  Set: 60 Way: 1 Address: 0xf6e81f08
  Set: 61 Way: 0 Address: 0x394edbf68
  Set: 61 Way: 1 Address: 0x133c92f68
  Set: 62 Way: 0 Address: 0x309887f90
  Set: 62 Way: 1 Address: 0x6d0c2fb0
  Set: 62 Way: 2 Address: 0x3c1074f98
  Set: 62 Way: 3 Address: 0x31be12f94
  Set: 63 Way: 0 Address: 0x2f5d8efc0
  Set: 63 Way: 1 Address: 0x2c077eff8
EndCache
Cache: cpu0_ITLB
  Set: 0 Way: 0 Address: 0x13b0fb6
  Set: 1 Way: 0 Address: 0x13b1008
  Set: 2 Way: 0 Address: 0x15f2650
  Set: 2 Way: 1 Address: 0x13b2083
  Set: 3 Way: 0 Address: 0x15f3be0
  Set: 5 Way: 0 Address: 0x1625fec
  Set: 6 Way: 0 Address: 0x16260f6
  Set: 11 Way: 0 Address: 0x13abf1a
  Set: 12 Way: 0 Address: 0x13ac003
EndCache
Cache: cpu0_DTLB
  Set: 0 Way: 0 Address: 0x4d30294
  Set: 0 Way: 1 Address: 0x4a50828
  Set: 0 Way: 2 Address: 0x4cf0378
  Set: 1 Way: 0 Address: 0x17e180c
  Set: 3 Way: 0 Address: 0x16e38a4
  Set: 3 Way: 1 Address: 0x1853aa0
  Set: 3 Way: 2 Address: 0x7ffe2a673560
  Set: 4 Way: 0 Address: 0x181438c
  Set: 6 Way: 0 Address: 0x1766950
  Set: 7 Way: 0 Address: 0x16e77b4
  Set: 7 Way: 1 Address: 0x1767c58
  Set: 7 Way: 2 Address: 0x17974b8
  Set: 8 Way: 0 Address: 0x17b88fc
  Set: 9 Way: 0 Address: 0x1799a5c
  Set: 10 Way: 0 Address: 0x4caa478
  Set: 10 Way: 1 Address: 0x705abd8
  Set: 10 Way: 2 Address: 0x4cea638
  Set: 11 Way: 0 Address: 0x4cbbc38
  Set: 12 Way: 0 Address: 0x49dcff8
  Set: 13 Way: 0 Address: 0x16dd704
  Set: 13 Way: 1 Address: 0x17ed51c
  Set: 13 Way: 2 Address: 0x49ad728
  Set: 14 Way: 0 Address: 0x4d2ee64
  Set: 15 Way: 0 Address: 0x16dfa54
  Set: 15 Way: 1 Address: 0x499fdc8
  Set: 15 Way: 2 Address: 0x4d2f6b4
  Set: 15 Way: 3 Address: 0x49cf69c
EndCache
Cache: LLC
  Set: 18 Way: 0 Address: 0x6e6204b8
  Set: 29 Way: 0 Address: 0x28a940750
  Set: 37 Way: 0 Address: 0x28a940978
  Set: 54 Way: 0 Address: 0x342b40d80
  Set: 64 Way: 0 Address: 0x113201000
  Set: 68 Way: 0 Address: 0x2a4841128
  Set: 91 Way: 0 Address: 0xf6e816f8
  Set: 119 Way: 0 Address: 0x181c81dc8
  Set: 124 Way: 0 Address: 0xf6e81f08
  Set: 155 Way: 0 Address: 0x6d0c26fc
  Set: 156 Way: 0 Address: 0x6d0c2704
  Set: 156 Way: 1 Address: 0x1064c2728
  Set: 172 Way: 0 Address: 0x1c84e2b30
  Set: 173 Way: 0 Address: 0x1c84e2b41
  Set: 174 Way: 0 Address: 0x1c84e2b82
  Set: 175 Way: 0 Address: 0x1c84e2bc2
  Set: 176 Way: 0 Address: 0x1c84e2c02
  Set: 177 Way: 0 Address: 0x1c84e2c40
  Set: 178 Way: 0 Address: 0x1c84e2c80
  Set: 179 Way: 0 Address: 0x6d0c2cd8
  Set: 179 Way: 1 Address: 0x1c84e2cc4
  Set: 180 Way: 0 Address: 0x1c84e2d02
  Set: 181 Way: 0 Address: 0x1c84e2d40
  Set: 182 Way: 0 Address: 0x1c84e2d84
  Set: 183 Way: 0 Address: 0x1c84e2dc0
  Set: 184 Way: 0 Address: 0x1c84e2e00
  Set: 185 Way: 0 Address: 0x1c84e2e45
  Set: 186 Way: 0 Address: 0x1c84e2e81
  Set: 187 Way: 0 Address: 0x1c84e2ec2
  Set: 188 Way: 0 Address: 0x1c84e2f1a
  Set: 189 Way: 0 Address: 0x1c84e2f42
  Set: 190 Way: 0 Address: 0x1c84e2f80
  Set: 190 Way: 1 Address: 0x6d0c2fb0
  Set: 191 Way: 0 Address: 0x1c84e2fc1
  Set: 246 Way: 0 Address: 0x3b0803d88
  Set: 256 Way: 0 Address: 0x1ab44003
  Set: 257 Way: 0 Address: 0x1ab44044
  Set: 258 Way: 0 Address: 0x1ab44084
  Set: 259 Way: 0 Address: 0x1ab440c0
  Set: 263 Way: 0 Address: 0x1ab441d3
  Set: 264 Way: 0 Address: 0x1ab44200
  Set: 265 Way: 0 Address: 0x1ab44270
  Set: 266 Way: 0 Address: 0x1ab442a5
  Set: 267 Way: 0 Address: 0x1ab442c2
  Set: 268 Way: 0 Address: 0x1ab44301
  Set: 269 Way: 0 Address: 0x1ab44343
  Set: 284 Way: 0 Address: 0xb8004718
  Set: 297 Way: 0 Address: 0x6b744a5c
  Set: 349 Way: 0 Address: 0x272585750
  Set: 350 Way: 0 Address: 0x272585780
  Set: 374 Way: 0 Address: 0x34a0e5d90
  Set: 426 Way: 0 Address: 0x3dae66aa8
  Set: 427 Way: 0 Address: 0x3dae66ad4
  Set: 428 Way: 0 Address: 0x3dae66b00
  Set: 429 Way: 0 Address: 0x3dae66b40
  Set: 435 Way: 0 Address: 0x3d87a6cf8
  Set: 440 Way: 0 Address: 0x27d4c6e24
  Set: 441 Way: 0 Address: 0x27d4c6e7f
  Set: 442 Way: 0 Address: 0x27d4c6e82
  Set: 443 Way: 0 Address: 0x27d4c6ef4
  Set: 443 Way: 1 Address: 0x3d87a6ee0
  Set: 444 Way: 0 Address: 0x27d4c6f07
  Set: 445 Way: 0 Address: 0x27d4c6f42
  Set: 446 Way: 0 Address: 0x27d4c6f80
  Set: 447 Way: 0 Address: 0x27d4c6fc3
  Set: 452 Way: 0 Address: 0xbeea7120
  Set: 510 Way: 0 Address: 0x309887f90
  Set: 586 Way: 0 Address: 0x2c8749280
  Set: 589 Way: 0 Address: 0x2fa0c9378
  Set: 613 Way: 0 Address: 0x2ee369950
  Set: 614 Way: 0 Address: 0x2ee36998c
  Set: 633 Way: 0 Address: 0xb84a9e78
  Set: 635 Way: 0 Address: 0xb84a9ee0
  Set: 768 Way: 0 Address: 0x29484c000
  Set: 771 Way: 0 Address: 0x29484c0c8
  Set: 771 Way: 1 Address: 0x32f48c0c4
  Set: 772 Way: 0 Address: 0x29484c100
  Set: 775 Way: 0 Address: 0x32f48c1f4
  Set: 776 Way: 0 Address: 0x29484c220
  Set: 777 Way: 0 Address: 0x29484c242
  Set: 778 Way: 0 Address: 0x29484c281
  Set: 779 Way: 0 Address: 0x29484c2c2
  Set: 780 Way: 0 Address: 0x29484c301
  Set: 780 Way: 1 Address: 0x32f48c324
  Set: 781 Way: 0 Address: 0x29484c370
  Set: 782 Way: 0 Address: 0x29484c3a0
  Set: 784 Way: 0 Address: 0x29484c435
  Set: 785 Way: 0 Address: 0x29484c447
  Set: 786 Way: 0 Address: 0x29484c481
  Set: 787 Way: 0 Address: 0x29484c4c1
  Set: 788 Way: 0 Address: 0x29484c507
  Set: 789 Way: 0 Address: 0x29484c541
  Set: 790 Way: 0 Address: 0x29484c582
  Set: 790 Way: 1 Address: 0x32f48c584
  Set: 791 Way: 0 Address: 0x29484c5c0
  Set: 792 Way: 0 Address: 0x29484c600
  Set: 793 Way: 0 Address: 0x29484c641
  Set: 794 Way: 0 Address: 0x29484c681
  Set: 794 Way: 1 Address: 0x32f48c6b4
  Set: 795 Way: 0 Address: 0x29484c6c4
  Set: 796 Way: 0 Address: 0x29484c703
  Set: 797 Way: 0 Address: 0x29484c742
  Set: 798 Way: 0 Address: 0x29484c7b0
  Set: 799 Way: 0 Address: 0x29484c7c1
  Set: 799 Way: 1 Address: 0x32f48c7e4
  Set: 800 Way: 0 Address: 0x29484c800
  Set: 805 Way: 0 Address: 0x1ae2cc970
  Set: 825 Way: 0 Address: 0x32502ce78
  Set: 885 Way: 0 Address: 0x5588dd60
  Set: 886 Way: 0 Address: 0x5588dd80
  Set: 922 Way: 0 Address: 0x7d0ee69c
  Set: 940 Way: 0 Address: 0x3734eeb38
  Set: 946 Way: 0 Address: 0x1c084ecb8
  Set: 951 Way: 0 Address: 0x1c084edc0
  Set: 959 Way: 0 Address: 0x2f5d8efc0
  Set: 960 Way: 0 Address: 0x23756f008
  Set: 961 Way: 0 Address: 0x23756f040
  Set: 962 Way: 0 Address: 0x16390f0a0
  Set: 962 Way: 1 Address: 0x23756f080
  Set: 963 Way: 0 Address: 0x23756f0c5
  Set: 964 Way: 0 Address: 0x23756f102
  Set: 965 Way: 0 Address: 0x23756f140
  Set: 966 Way: 0 Address: 0x23756f181
  Set: 967 Way: 0 Address: 0x23756f1c3
  Set: 968 Way: 0 Address: 0x23756f204
  Set: 969 Way: 0 Address: 0x23756f240
  Set: 970 Way: 0 Address: 0x16390f298
  Set: 970 Way: 1 Address: 0x23756f280
  Set: 971 Way: 0 Address: 0x23756f2c0
  Set: 972 Way: 0 Address: 0x23756f300
  Set: 973 Way: 0 Address: 0x23756f340
  Set: 974 Way: 0 Address: 0x23756f380
  Set: 975 Way: 0 Address: 0x23756f3c0
  Set: 976 Way: 0 Address: 0x23756f400
  Set: 977 Way: 0 Address: 0x143ef450
  Set: 977 Way: 1 Address: 0x23756f440
  Set: 978 Way: 0 Address: 0x143ef490
  Set: 978 Way: 1 Address: 0x23756f480
  Set: 979 Way: 0 Address: 0x143ef4c2
  Set: 979 Way: 1 Address: 0x23756f4c0
  Set: 980 Way: 0 Address: 0x143ef502
  Set: 980 Way: 1 Address: 0x22272f51c
  Set: 980 Way: 2 Address: 0x23756f500
  Set: 981 Way: 0 Address: 0x143ef578
  Set: 981 Way: 1 Address: 0x23756f540
  Set: 982 Way: 0 Address: 0x143ef580
  Set: 982 Way: 1 Address: 0x23756f580
  Set: 983 Way: 0 Address: 0x143ef5e8
  Set: 983 Way: 1 Address: 0x23756f5c0
  Set: 984 Way: 0 Address: 0x143ef603
  Set: 984 Way: 1 Address: 0x23756f600
  Set: 985 Way: 0 Address: 0x143ef650
  Set: 985 Way: 1 Address: 0x23756f640
  Set: 986 Way: 0 Address: 0x143ef680
  Set: 986 Way: 1 Address: 0x23756f680
  Set: 987 Way: 0 Address: 0x23756f6c0
  Set: 988 Way: 0 Address: 0x23756f700
  Set: 989 Way: 0 Address: 0x23756f740
  Set: 990 Way: 0 Address: 0x23756f780
  Set: 991 Way: 0 Address: 0x23756f7c0
  Set: 992 Way: 0 Address: 0xee86f80c
  Set: 992 Way: 1 Address: 0x23756f800
  Set: 993 Way: 0 Address: 0x23756f840
  Set: 994 Way: 0 Address: 0x23756f880
  Set: 995 Way: 0 Address: 0x23756f8c0
  Set: 996 Way: 0 Address: 0x23756f900
  Set: 997 Way: 0 Address: 0x23756f940
  Set: 998 Way: 0 Address: 0x23756f980
  Set: 999 Way: 0 Address: 0x23756f9c0
  Set: 1000 Way: 0 Address: 0x23756fa00
  Set: 1001 Way: 0 Address: 0x23756fa40
  Set: 1002 Way: 0 Address: 0x23756fa80
  Set: 1003 Way: 0 Address: 0x23756fac0
  Set: 1004 Way: 0 Address: 0x23756fb00
  Set: 1005 Way: 0 Address: 0x23756fb40
  Set: 1006 Way: 0 Address: 0x23756fb80
  Set: 1007 Way: 0 Address: 0x23756fbc0
  Set: 1008 Way: 0 Address: 0x23756fc00
  Set: 1009 Way: 0 Address: 0x23756fc40
  Set: 1010 Way: 0 Address: 0x23756fc80
  Set: 1011 Way: 0 Address: 0x23756fcc0
  Set: 1012 Way: 0 Address: 0x23756fd00
  Set: 1013 Way: 0 Address: 0x23756fd40
  Set: 1014 Way: 0 Address: 0x23756fd80
  Set: 1015 Way: 0 Address: 0x23756fdc0
  Set: 1016 Way: 0 Address: 0x23756fe00
  Set: 1017 Way: 0 Address: 0x23756fe40
  Set: 1018 Way: 0 Address: 0x23756fe80
  Set: 1019 Way: 0 Address: 0x23756fec0
  Set: 1020 Way: 0 Address: 0x23756ff00
  Set: 1021 Way: 0 Address: 0x23756ff40
  Set: 1022 Way: 0 Address: 0x23756ff80
  Set: 1023 Way: 0 Address: 0x23756ffc0
  Set: 1047 Way: 0 Address: 0x168ef05d8
  Set: 1059 Way: 0 Address: 0x2177f08fc
  Set: 1061 Way: 0 Address: 0x168ef0970
  Set: 1075 Way: 0 Address: 0x14bb10cc8
  Set: 1079 Way: 0 Address: 0x14bb10dc0
  Set: 1111 Way: 0 Address: 0x19c7915d8
  Set: 1125 Way: 0 Address: 0x19c791978
  Set: 1136 Way: 0 Address: 0x260091c38
  Set: 1152 Way: 0 Address: 0x62d12005
  Set: 1153 Way: 0 Address: 0x9cff2048
  Set: 1153 Way: 1 Address: 0x62d12040
  Set: 1154 Way: 0 Address: 0x62d12083
  Set: 1155 Way: 0 Address: 0x62d120c0
  Set: 1156 Way: 0 Address: 0x62d12100
  Set: 1157 Way: 0 Address: 0x62d12140
  Set: 1158 Way: 0 Address: 0x62d12180
  Set: 1159 Way: 0 Address: 0x62d121c0
  Set: 1160 Way: 0 Address: 0x62d12200
  Set: 1161 Way: 0 Address: 0x62d12240
  Set: 1162 Way: 0 Address: 0x62d12280
  Set: 1163 Way: 0 Address: 0x62d122c0
  Set: 1164 Way: 0 Address: 0x62d12300
  Set: 1172 Way: 0 Address: 0x62d1253b
  Set: 1173 Way: 0 Address: 0x62d12543
  Set: 1186 Way: 0 Address: 0x1995f28a4
  Set: 1187 Way: 0 Address: 0x1995f28f0
  Set: 1209 Way: 0 Address: 0x31be12e64
  Set: 1213 Way: 0 Address: 0x133c92f68
  Set: 1214 Way: 0 Address: 0x31be12f94
  Set: 1220 Way: 0 Address: 0x257713128
  Set: 1223 Way: 0 Address: 0x2577131c0
  Set: 1230 Way: 0 Address: 0x2b2e93398
  Set: 1233 Way: 0 Address: 0x3232f3478
  Set: 1234 Way: 0 Address: 0x3232f3480
  Set: 1235 Way: 0 Address: 0x3232f34c0
  Set: 1236 Way: 0 Address: 0x3232f3500
  Set: 1248 Way: 0 Address: 0x34a873828
  Set: 1269 Way: 0 Address: 0x3c56b3d58
  Set: 1307 Way: 0 Address: 0x1299346e8
  Set: 1338 Way: 0 Address: 0x397bb4eb0
  Set: 1339 Way: 0 Address: 0x397bb4ee8
  Set: 1340 Way: 0 Address: 0x397bb4f1b
  Set: 1341 Way: 0 Address: 0x397bb4f60
  Set: 1342 Way: 0 Address: 0x397bb4f82
  Set: 1342 Way: 1 Address: 0x3c1074f98
  Set: 1343 Way: 0 Address: 0x397bb4fc0
  Set: 1346 Way: 0 Address: 0x354d350a0
  Set: 1374 Way: 0 Address: 0x1b0f15780
  Set: 1382 Way: 0 Address: 0x1b0f15980
  Set: 1421 Way: 0 Address: 0x8489637c
  Set: 1422 Way: 0 Address: 0x84896394
  Set: 1427 Way: 0 Address: 0x211d164f8
  Set: 1428 Way: 0 Address: 0x211d16528
  Set: 1429 Way: 0 Address: 0x211d16548
  Set: 1430 Way: 0 Address: 0x211d165a4
  Set: 1431 Way: 0 Address: 0x211d165c0
  Set: 1436 Way: 0 Address: 0x43736738
  Set: 1436 Way: 1 Address: 0x211d16720
  Set: 1437 Way: 0 Address: 0x211d16750
  Set: 1438 Way: 0 Address: 0x211d167a4
  Set: 1439 Way: 0 Address: 0x211d167f0
  Set: 1440 Way: 0 Address: 0x211d16810
  Set: 1441 Way: 0 Address: 0x211d16870
  Set: 1442 Way: 0 Address: 0x211d16890
  Set: 1519 Way: 0 Address: 0x276ff7be0
  Set: 1522 Way: 0 Address: 0x276ff7c80
  Set: 1523 Way: 0 Address: 0x276ff7cfe
  Set: 1537 Way: 0 Address: 0x201598050
  Set: 1537 Way: 1 Address: 0x1aafb8060
  Set: 1540 Way: 0 Address: 0x1aafb8130
  Set: 1580 Way: 0 Address: 0xc7078b30
  Set: 1587 Way: 0 Address: 0x2c9898cf8
  Set: 1589 Way: 0 Address: 0x2c9898d68
  Set: 1611 Way: 0 Address: 0x3120992d0
  Set: 1631 Way: 0 Address: 0x2929597f8
  Set: 1665 Way: 0 Address: 0x1d89da058
  Set: 1668 Way: 0 Address: 0x223eda130
  Set: 1688 Way: 0 Address: 0xc67da638
  Set: 1691 Way: 0 Address: 0x223eda6e8
  Set: 1692 Way: 0 Address: 0x223eda738
  Set: 1708 Way: 0 Address: 0x223edab38
  Set: 1724 Way: 0 Address: 0x223edaf08
  Set: 1738 Way: 0 Address: 0xc0d9b294
  Set: 1749 Way: 0 Address: 0x3b377b550
  Set: 1755 Way: 0 Address: 0x394edb6f8
  Set: 1775 Way: 0 Address: 0xcf83bbd8
  Set: 1778 Way: 0 Address: 0x394edbcb8
  Set: 1789 Way: 0 Address: 0x394edbf68
  Set: 1792 Way: 0 Address: 0xdf85c000
  Set: 1822 Way: 0 Address: 0x12c6fc7b4
  Set: 1823 Way: 0 Address: 0x12c6fc7c8
  Set: 1834 Way: 0 Address: 0x38e35ca98
  Set: 1860 Way: 0 Address: 0x23755d11c
  Set: 1874 Way: 0 Address: 0x23755d4b0
  Set: 1875 Way: 0 Address: 0x23755d4c0
  Set: 1882 Way: 0 Address: 0x23755d694
  Set: 1886 Way: 0 Address: 0x23755d780
  Set: 1897 Way: 0 Address: 0x1adda54
  Set: 1905 Way: 0 Address: 0x23755dc58
  Set: 1907 Way: 0 Address: 0xe51bdcc8
  Set: 1920 Way: 0 Address: 0x28b67e000
  Set: 1924 Way: 0 Address: 0x2db79e130
  Set: 1924 Way: 1 Address: 0x20597e128
  Set: 1927 Way: 0 Address: 0x2db79e1c0
  Set: 1951 Way: 0 Address: 0x28b67e7f8
  Set: 1983 Way: 0 Address: 0x2c077eff8
EndCache
