Cache: cpu0_STLB
  Set: 20 Way: 0 Address: 0x1814394
  Set: 23 Way: 0 Address: 0x17974b8
  Set: 25 Way: 0 Address: 0x1799a5c
  Set: 31 Way: 0 Address: 0x499fed4
  Set: 37 Way: 0 Address: 0x1625eb0
  Set: 38 Way: 0 Address: 0x1626307
  Set: 42 Way: 0 Address: 0x4caa584
  Set: 43 Way: 0 Address: 0x13abef4
  Set: 44 Way: 0 Address: 0x13ac003
  Set: 45 Way: 0 Address: 0x49ad834
  Set: 46 Way: 0 Address: 0x4d2ef50
  Set: 47 Way: 0 Address: 0x4d2f7a0
  Set: 48 Way: 0 Address: 0x4d30250
  Set: 48 Way: 1 Address: 0x13b0ef4
  Set: 49 Way: 0 Address: 0x13b1008
  Set: 50 Way: 0 Address: 0x13b2005
  Set: 56 Way: 0 Address: 0x17b88fc
  Set: 59 Way: 0 Address: 0x4cbbd44
  Set: 79 Way: 0 Address: 0x49cf7a8
  Set: 80 Way: 0 Address: 0x4a50934
  Set: 83 Way: 0 Address: 0x1853ad8
  Set: 90 Way: 0 Address: 0x705ace4
  Set: 93 Way: 0 Address: 0x16dd704
  Set: 93 Way: 1 Address: 0x49dd104
  Set: 95 Way: 0 Address: 0x16dfa54
  Set: 97 Way: 0 Address: 0x17e180c
  Set: 99 Way: 0 Address: 0x16e388c
  Set: 102 Way: 0 Address: 0x176698c
  Set: 103 Way: 0 Address: 0x16e77b8
  Set: 103 Way: 1 Address: 0x17674c0
  Set: 106 Way: 0 Address: 0x4cea744
  Set: 109 Way: 0 Address: 0x17ed51c
  Set: 112 Way: 0 Address: 0x4cf0484
  Set: 114 Way: 0 Address: 0x15f2450
  Set: 115 Way: 0 Address: 0x15f3c9b
  Set: 115 Way: 1 Address: 0x7ffe2a6734f0
EndCache
Cache: cpu0_L2C
  Set: 4 Way: 0 Address: 0x14bb10120
  Set: 21 Way: 0 Address: 0x6e620550
  Set: 23 Way: 0 Address: 0x28a9405d8
  Set: 30 Way: 0 Address: 0x2177f0780
  Set: 37 Way: 0 Address: 0x28a940970
  Set: 38 Way: 0 Address: 0x2177f0980
  Set: 51 Way: 0 Address: 0x342b40cf8
  Set: 57 Way: 0 Address: 0x168ef0e78
  Set: 59 Way: 0 Address: 0x342b40ee8
  Set: 59 Way: 1 Address: 0x168ef0ee8
  Set: 65 Way: 0 Address: 0x2a4841050
  Set: 68 Way: 0 Address: 0x113201130
  Set: 92 Way: 0 Address: 0x113201718
  Set: 93 Way: 0 Address: 0x181c81750
  Set: 94 Way: 0 Address: 0x181c81780
  Set: 106 Way: 0 Address: 0xf6e81aa8
  Set: 107 Way: 0 Address: 0xf6e81ad8
  Set: 108 Way: 0 Address: 0x113201b30
  Set: 108 Way: 1 Address: 0xf6e81b00
  Set: 114 Way: 0 Address: 0x113201cb8
  Set: 117 Way: 0 Address: 0x19c791d44
  Set: 121 Way: 0 Address: 0x260091e78
  Set: 125 Way: 0 Address: 0x113201f68
  Set: 128 Way: 0 Address: 0x133c92003
  Set: 129 Way: 0 Address: 0x133c92044
  Set: 130 Way: 0 Address: 0x1c84e20a0
  Set: 130 Way: 1 Address: 0x133c92084
  Set: 132 Way: 0 Address: 0x1064c2128
  Set: 132 Way: 1 Address: 0x62d12104
  Set: 135 Way: 0 Address: 0x133c921d3
  Set: 135 Way: 1 Address: 0x1064c21c0
  Set: 136 Way: 0 Address: 0x133c92200
  Set: 137 Way: 0 Address: 0x133c92270
  Set: 138 Way: 0 Address: 0x1c84e2298
  Set: 138 Way: 1 Address: 0x133c922a5
  Set: 139 Way: 0 Address: 0x133c922c2
  Set: 140 Way: 0 Address: 0x133c92328
  Set: 141 Way: 0 Address: 0x133c92343
  Set: 159 Way: 0 Address: 0x6d0c27f8
  Set: 163 Way: 0 Address: 0x1995f28fc
  Set: 172 Way: 0 Address: 0x9cff2b30
  Set: 179 Way: 0 Address: 0x31be12cc8
  Set: 192 Way: 0 Address: 0x3232f3008
  Set: 193 Way: 0 Address: 0x263c13060
  Set: 193 Way: 1 Address: 0x3232f3040
  Set: 194 Way: 0 Address: 0x3232f3080
  Set: 195 Way: 0 Address: 0x3232f30c5
  Set: 196 Way: 0 Address: 0x3c56b3128
  Set: 196 Way: 1 Address: 0x3232f3102
  Set: 196 Way: 2 Address: 0x257713128
  Set: 197 Way: 0 Address: 0x3232f3143
  Set: 198 Way: 0 Address: 0x3232f3181
  Set: 199 Way: 0 Address: 0x3232f31c3
  Set: 200 Way: 0 Address: 0x3232f3204
  Set: 201 Way: 0 Address: 0x3232f3242
  Set: 202 Way: 0 Address: 0x3232f3283
  Set: 203 Way: 0 Address: 0x3b08032d0
  Set: 203 Way: 1 Address: 0x3232f32c5
  Set: 204 Way: 0 Address: 0x3232f3302
  Set: 205 Way: 0 Address: 0x3232f3342
  Set: 206 Way: 0 Address: 0x3232f3382
  Set: 207 Way: 0 Address: 0x3232f33c1
  Set: 208 Way: 0 Address: 0x3232f3400
  Set: 209 Way: 0 Address: 0x2b2e93450
  Set: 209 Way: 1 Address: 0x3232f3440
  Set: 210 Way: 0 Address: 0x2b2e93490
  Set: 210 Way: 1 Address: 0x3232f3480
  Set: 211 Way: 0 Address: 0x2b2e934c2
  Set: 211 Way: 1 Address: 0x3232f34c0
  Set: 212 Way: 0 Address: 0x2b2e93502
  Set: 212 Way: 1 Address: 0x3232f3504
  Set: 213 Way: 0 Address: 0x2b2e93578
  Set: 213 Way: 1 Address: 0x3232f3543
  Set: 214 Way: 0 Address: 0x2b2e93580
  Set: 214 Way: 1 Address: 0x3232f3580
  Set: 215 Way: 0 Address: 0x2b2e935e8
  Set: 215 Way: 1 Address: 0x3232f35c0
  Set: 215 Way: 2 Address: 0x34a8735d8
  Set: 216 Way: 0 Address: 0x2b2e93603
  Set: 216 Way: 1 Address: 0x3232f3601
  Set: 217 Way: 0 Address: 0x2b2e93650
  Set: 217 Way: 1 Address: 0x3232f3642
  Set: 218 Way: 0 Address: 0x2b2e93680
  Set: 218 Way: 1 Address: 0x3232f3680
  Set: 219 Way: 0 Address: 0x3232f36c0
  Set: 220 Way: 0 Address: 0x3232f3700
  Set: 221 Way: 0 Address: 0x3232f3742
  Set: 222 Way: 0 Address: 0x3232f3780
  Set: 223 Way: 0 Address: 0x3232f37c1
  Set: 224 Way: 0 Address: 0x3232f3807
  Set: 225 Way: 0 Address: 0x3232f3840
  Set: 226 Way: 0 Address: 0x3232f3880
  Set: 227 Way: 0 Address: 0x3232f38c0
  Set: 228 Way: 0 Address: 0x3232f3902
  Set: 229 Way: 0 Address: 0x3232f3941
  Set: 229 Way: 1 Address: 0x34a873978
  Set: 230 Way: 0 Address: 0x3232f3980
  Set: 231 Way: 0 Address: 0x3232f39c0
  Set: 232 Way: 0 Address: 0x3232f3a00
  Set: 233 Way: 0 Address: 0x3232f3a42
  Set: 234 Way: 0 Address: 0x3232f3a81
  Set: 235 Way: 0 Address: 0x3232f3ac0
  Set: 236 Way: 0 Address: 0x3232f3b03
  Set: 237 Way: 0 Address: 0x3232f3b46
  Set: 238 Way: 0 Address: 0x3232f3b80
  Set: 239 Way: 0 Address: 0x3232f3bc2
  Set: 240 Way: 0 Address: 0x3232f3c00
  Set: 241 Way: 0 Address: 0x3232f3c40
  Set: 242 Way: 0 Address: 0x3232f3c80
  Set: 243 Way: 0 Address: 0x3232f3cc0
  Set: 244 Way: 0 Address: 0x3232f3d02
  Set: 245 Way: 0 Address: 0x3232f3d41
  Set: 246 Way: 0 Address: 0x3232f3d80
  Set: 247 Way: 0 Address: 0x3232f3dc0
  Set: 248 Way: 0 Address: 0x3232f3e00
  Set: 249 Way: 0 Address: 0x3232f3e42
  Set: 250 Way: 0 Address: 0x3232f3e81
  Set: 251 Way: 0 Address: 0x3232f3ec0
  Set: 252 Way: 0 Address: 0x3232f3f04
  Set: 253 Way: 0 Address: 0x3232f3f41
  Set: 254 Way: 0 Address: 0x3232f3f80
  Set: 255 Way: 0 Address: 0x3232f3fc3
  Set: 260 Way: 0 Address: 0x3c107411c
  Set: 274 Way: 0 Address: 0x3c10744b0
  Set: 275 Way: 0 Address: 0x3c10744c0
  Set: 282 Way: 0 Address: 0x3c1074694
  Set: 284 Way: 0 Address: 0x3de4d4738
  Set: 286 Way: 0 Address: 0x3c1074780
  Set: 293 Way: 0 Address: 0x129934950
  Set: 294 Way: 0 Address: 0x12993498c
  Set: 305 Way: 0 Address: 0x3c1074c58
  Set: 306 Way: 0 Address: 0x397bb4cb8
  Set: 309 Way: 0 Address: 0xb8004d58
  Set: 309 Way: 1 Address: 0x1ab44d60
  Set: 310 Way: 0 Address: 0x1ab44d80
  Set: 321 Way: 0 Address: 0x195f15058
  Set: 322 Way: 0 Address: 0x272585080
  Set: 326 Way: 0 Address: 0x2725851b0
  Set: 331 Way: 0 Address: 0x2725852e0
  Set: 334 Way: 0 Address: 0x354d35398
  Set: 341 Way: 0 Address: 0x272585540
  Set: 345 Way: 0 Address: 0x272585670
  Set: 350 Way: 0 Address: 0x2725857a0
  Set: 374 Way: 0 Address: 0x1b0f15d80
  Set: 376 Way: 0 Address: 0x34a0e5e20
  Set: 381 Way: 0 Address: 0x34a0e5f50
  Set: 386 Way: 0 Address: 0x848960a0
  Set: 394 Way: 0 Address: 0x3d87a6280
  Set: 425 Way: 0 Address: 0x211d16a54
  Set: 435 Way: 0 Address: 0x27d4c6ce4
  Set: 446 Way: 0 Address: 0x43736f98
  Set: 446 Way: 1 Address: 0x3dae66f90
  Set: 457 Way: 0 Address: 0xbeea7250
  Set: 467 Way: 0 Address: 0x276ff74f0
  Set: 468 Way: 0 Address: 0x276ff7500
  Set: 469 Way: 0 Address: 0x276ff755c
  Set: 470 Way: 0 Address: 0x276ff75a4
  Set: 471 Way: 0 Address: 0x276ff75c0
  Set: 472 Way: 0 Address: 0x276ff7600
  Set: 473 Way: 0 Address: 0x276ff7640
  Set: 474 Way: 0 Address: 0x276ff7680
  Set: 475 Way: 0 Address: 0x3098876e8
  Set: 475 Way: 1 Address: 0x276ff76c0
  Set: 476 Way: 0 Address: 0x276ff7720
  Set: 477 Way: 0 Address: 0x276ff7750
  Set: 478 Way: 0 Address: 0x276ff77a4
  Set: 479 Way: 0 Address: 0x276ff77f0
  Set: 480 Way: 0 Address: 0x276ff7810
  Set: 481 Way: 0 Address: 0x276ff7870
  Set: 482 Way: 0 Address: 0x276ff7890
  Set: 487 Way: 0 Address: 0x276ff79c0
  Set: 489 Way: 0 Address: 0x276ff7a40
  Set: 491 Way: 0 Address: 0x276ff7ac0
  Set: 492 Way: 0 Address: 0x309887b38
  Set: 493 Way: 0 Address: 0x276ff7b40
  Set: 503 Way: 0 Address: 0x309887dc0
  Set: 508 Way: 0 Address: 0x309887f08
  Set: 530 Way: 0 Address: 0xc70784b8
  Set: 542 Way: 0 Address: 0x1aafb87b8
  Set: 543 Way: 0 Address: 0x1aafb87c8
  Set: 544 Way: 0 Address: 0x3bdd78834
  Set: 546 Way: 0 Address: 0x20159888c
  Set: 547 Way: 0 Address: 0x2015988f0
  Set: 566 Way: 0 Address: 0x2c9898d88
  Set: 596 Way: 0 Address: 0x29295951c
  Set: 603 Way: 0 Address: 0x2ee3696e8
  Set: 605 Way: 0 Address: 0x2c8749744
  Set: 612 Way: 0 Address: 0x312099934
  Set: 617 Way: 0 Address: 0xb84a9a5c
  Set: 630 Way: 0 Address: 0x2fa0c9d90
  Set: 640 Way: 0 Address: 0x229b9a000
  Set: 640 Way: 1 Address: 0xc67da005
  Set: 641 Way: 0 Address: 0x223eda048
  Set: 641 Way: 1 Address: 0xc67da040
  Set: 642 Way: 0 Address: 0xc67da083
  Set: 643 Way: 0 Address: 0xc67da0c0
  Set: 644 Way: 0 Address: 0x223eda130
  Set: 660 Way: 0 Address: 0xc67da53b
  Set: 661 Way: 0 Address: 0xc67da543
  Set: 668 Way: 0 Address: 0x1d89da718
  Set: 722 Way: 0 Address: 0xcf83b484
  Set: 736 Way: 0 Address: 0x394edb80c
  Set: 755 Way: 0 Address: 0x3b377bcf8
  Set: 757 Way: 0 Address: 0x3b377bd68
  Set: 760 Way: 0 Address: 0xc0d9be24
  Set: 761 Way: 0 Address: 0xc0d9be7f
  Set: 762 Way: 0 Address: 0xc0d9be82
  Set: 763 Way: 0 Address: 0xc0d9bef4
  Set: 764 Way: 0 Address: 0xc0d9bf07
  Set: 765 Way: 0 Address: 0xc0d9bf42
  Set: 766 Way: 0 Address: 0xc0d9bf80
  Set: 767 Way: 0 Address: 0xc0d9bfc3
  Set: 768 Way: 0 Address: 0xdf85c000
  Set: 795 Way: 0 Address: 0x38e35c6fc
  Set: 796 Way: 0 Address: 0x38e35c704
  Set: 798 Way: 0 Address: 0x1ae2cc7a8
  Set: 805 Way: 0 Address: 0x32f48c970
  Set: 812 Way: 0 Address: 0x12c6fcb30
  Set: 813 Way: 0 Address: 0x12c6fcb41
  Set: 814 Way: 0 Address: 0x12c6fcb82
  Set: 815 Way: 0 Address: 0x12c6fcbc2
  Set: 816 Way: 0 Address: 0x12c6fcc02
  Set: 817 Way: 0 Address: 0x12c6fcc42
  Set: 818 Way: 0 Address: 0x12c6fcc82
  Set: 819 Way: 0 Address: 0x38e35ccd8
  Set: 819 Way: 1 Address: 0x12c6fccc4
  Set: 820 Way: 0 Address: 0x12c6fcd02
  Set: 821 Way: 0 Address: 0x12c6fcd46
  Set: 822 Way: 0 Address: 0x12c6fcd84
  Set: 823 Way: 0 Address: 0x29484cdc0
  Set: 823 Way: 1 Address: 0x12c6fcdc1
  Set: 824 Way: 0 Address: 0x12c6fce00
  Set: 825 Way: 0 Address: 0x12c6fce45
  Set: 826 Way: 0 Address: 0x12c6fce81
  Set: 827 Way: 0 Address: 0x12c6fcef4
  Set: 828 Way: 0 Address: 0x12c6fcf01
  Set: 829 Way: 0 Address: 0x29484cf68
  Set: 829 Way: 1 Address: 0x12c6fcf42
  Set: 830 Way: 0 Address: 0x12c6fcf80
  Set: 830 Way: 1 Address: 0x38e35cfb0
  Set: 831 Way: 0 Address: 0x12c6fcfc1
  Set: 845 Way: 0 Address: 0x5588d37c
  Set: 846 Way: 0 Address: 0x5588d394
  Set: 859 Way: 0 Address: 0x1add6f8
  Set: 883 Way: 0 Address: 0x1addcc8
  Set: 895 Way: 0 Address: 0x23755dfc0
  Set: 896 Way: 0 Address: 0x28b67e000
  Set: 896 Way: 1 Address: 0x1f919e000
  Set: 897 Way: 0 Address: 0x1f919e050
  Set: 899 Way: 0 Address: 0x1f919e0c8
  Set: 900 Way: 0 Address: 0x1f919e100
  Set: 900 Way: 1 Address: 0x1c084e130
  Set: 903 Way: 0 Address: 0x1c084e1c0
  Set: 904 Way: 0 Address: 0x1f919e220
  Set: 905 Way: 0 Address: 0x1f919e242
  Set: 906 Way: 0 Address: 0x1f919e281
  Set: 907 Way: 0 Address: 0x1f919e2c2
  Set: 908 Way: 0 Address: 0x1f919e307
  Set: 909 Way: 0 Address: 0x1f919e341
  Set: 910 Way: 0 Address: 0x1f919e3a0
  Set: 912 Way: 0 Address: 0x1f919e435
  Set: 913 Way: 0 Address: 0x1f919e447
  Set: 914 Way: 0 Address: 0x1f919e481
  Set: 915 Way: 0 Address: 0x1f919e4c1
  Set: 916 Way: 0 Address: 0x1f919e507
  Set: 917 Way: 0 Address: 0x1f919e541
  Set: 918 Way: 0 Address: 0x1f919e582
  Set: 918 Way: 1 Address: 0x2db79e584
  Set: 919 Way: 0 Address: 0x1f919e5c0
  Set: 920 Way: 0 Address: 0x1f919e603
  Set: 921 Way: 0 Address: 0x1f919e641
  Set: 922 Way: 0 Address: 0x1f919e681
  Set: 923 Way: 0 Address: 0x1f919e6c1
  Set: 924 Way: 0 Address: 0x1f919e703
  Set: 925 Way: 0 Address: 0x1f919e742
  Set: 925 Way: 1 Address: 0x20597e750
  Set: 926 Way: 0 Address: 0x1f919e7b0
  Set: 927 Way: 0 Address: 0x1f919e7c1
  Set: 927 Way: 1 Address: 0x28b67e7f8
  Set: 928 Way: 0 Address: 0x1f919e800
  Set: 933 Way: 0 Address: 0x20597e978
  Set: 940 Way: 0 Address: 0x2f5d8eb38
  Set: 954 Way: 0 Address: 0x3734eeeb0
  Set: 955 Way: 0 Address: 0x3734eeee8
  Set: 956 Way: 0 Address: 0x3734eef01
  Set: 957 Way: 0 Address: 0x3734eef60
  Set: 958 Way: 0 Address: 0x3734eef82
  Set: 959 Way: 0 Address: 0x3734eefc0
  Set: 987 Way: 0 Address: 0xee86f6f8
  Set: 1002 Way: 0 Address: 0x143efa98
  Set: 1007 Way: 0 Address: 0x16390fbe0
  Set: 1010 Way: 0 Address: 0x16390fc9b
  Set: 1011 Way: 0 Address: 0x16390fcfe
  Set: 1019 Way: 0 Address: 0x23756fed4
  Set: 1020 Way: 0 Address: 0xee86ff08
EndCache
Cache: cpu0_L1I
  Set: 0 Way: 0 Address: 0x133c92003
  Set: 0 Way: 1 Address: 0x1f919e000
  Set: 0 Way: 2 Address: 0x3232f3008
  Set: 0 Way: 3 Address: 0xc67da03a
  Set: 1 Way: 0 Address: 0x133c92044
  Set: 1 Way: 1 Address: 0x1f919e050
  Set: 1 Way: 2 Address: 0x3232f3040
  Set: 1 Way: 3 Address: 0xc67da070
  Set: 2 Way: 0 Address: 0x133c920ac
  Set: 2 Way: 1 Address: 0x3232f3080
  Set: 2 Way: 2 Address: 0xc67da083
  Set: 3 Way: 0 Address: 0x1f919e0fa
  Set: 3 Way: 1 Address: 0x3232f30c5
  Set: 4 Way: 0 Address: 0x1f919e100
  Set: 4 Way: 1 Address: 0x3232f3102
  Set: 5 Way: 0 Address: 0x3232f3143
  Set: 6 Way: 0 Address: 0x3232f3181
  Set: 7 Way: 0 Address: 0x133c921d3
  Set: 7 Way: 1 Address: 0x3232f31c3
  Set: 8 Way: 0 Address: 0x1f919e220
  Set: 8 Way: 1 Address: 0x3232f3204
  Set: 8 Way: 2 Address: 0x133c9221d
  Set: 9 Way: 0 Address: 0x1f919e242
  Set: 9 Way: 1 Address: 0x133c92270
  Set: 9 Way: 2 Address: 0x3232f3242
  Set: 10 Way: 0 Address: 0x1f919e281
  Set: 10 Way: 1 Address: 0x133c922a5
  Set: 10 Way: 2 Address: 0x3232f3283
  Set: 11 Way: 0 Address: 0x1f919e2e2
  Set: 11 Way: 1 Address: 0x133c922c2
  Set: 11 Way: 2 Address: 0x3232f32c5
  Set: 12 Way: 0 Address: 0x1f919e307
  Set: 12 Way: 1 Address: 0x133c92328
  Set: 12 Way: 2 Address: 0x3232f3302
  Set: 13 Way: 0 Address: 0x1f919e341
  Set: 13 Way: 1 Address: 0x133c92343
  Set: 13 Way: 2 Address: 0x3232f3342
  Set: 14 Way: 0 Address: 0x1f919e3a0
  Set: 14 Way: 1 Address: 0x3232f3382
  Set: 15 Way: 0 Address: 0x3232f33c1
  Set: 16 Way: 0 Address: 0x1f919e435
  Set: 16 Way: 1 Address: 0x3232f3407
  Set: 17 Way: 0 Address: 0x1f919e46f
  Set: 17 Way: 1 Address: 0x2b2e93450
  Set: 17 Way: 2 Address: 0x3232f3444
  Set: 18 Way: 0 Address: 0x1f919e4ae
  Set: 18 Way: 1 Address: 0x2b2e93490
  Set: 18 Way: 2 Address: 0x3232f3483
  Set: 19 Way: 0 Address: 0x1f919e4e8
  Set: 19 Way: 1 Address: 0x2b2e934ea
  Set: 19 Way: 2 Address: 0x3232f34fd
  Set: 20 Way: 0 Address: 0x1f919e538
  Set: 20 Way: 1 Address: 0x2b2e93532
  Set: 20 Way: 2 Address: 0x3232f3504
  Set: 20 Way: 3 Address: 0xc67da53b
  Set: 21 Way: 0 Address: 0x1f919e570
  Set: 21 Way: 1 Address: 0x2b2e93578
  Set: 21 Way: 2 Address: 0x3232f3543
  Set: 21 Way: 3 Address: 0xc67da543
  Set: 22 Way: 0 Address: 0x1f919e5af
  Set: 22 Way: 1 Address: 0x2b2e93580
  Set: 22 Way: 2 Address: 0x3232f3581
  Set: 23 Way: 0 Address: 0x1f919e5dd
  Set: 23 Way: 1 Address: 0x2b2e935e8
  Set: 23 Way: 2 Address: 0x3232f35c2
  Set: 24 Way: 0 Address: 0x1f919e603
  Set: 24 Way: 1 Address: 0x2b2e93603
  Set: 24 Way: 2 Address: 0x3232f363f
  Set: 25 Way: 0 Address: 0x1f919e66d
  Set: 25 Way: 1 Address: 0x2b2e93650
  Set: 25 Way: 2 Address: 0x3232f3642
  Set: 26 Way: 0 Address: 0x1f919e6aa
  Set: 26 Way: 1 Address: 0x2b2e93680
  Set: 26 Way: 2 Address: 0x3232f3683
  Set: 27 Way: 0 Address: 0x1f919e6ec
  Set: 27 Way: 1 Address: 0x3232f36c8
  Set: 28 Way: 0 Address: 0x1f919e727
  Set: 28 Way: 1 Address: 0x3232f3700
  Set: 29 Way: 0 Address: 0x1f919e765
  Set: 29 Way: 1 Address: 0x3232f3742
  Set: 30 Way: 0 Address: 0x1f919e7b0
  Set: 30 Way: 1 Address: 0x3232f3786
  Set: 31 Way: 0 Address: 0x1f919e7c1
  Set: 31 Way: 1 Address: 0x3232f37ee
  Set: 32 Way: 0 Address: 0x1f919e800
  Set: 32 Way: 1 Address: 0x3232f3807
  Set: 33 Way: 0 Address: 0x3232f3842
  Set: 34 Way: 0 Address: 0x3232f3884
  Set: 35 Way: 0 Address: 0x3232f38c6
  Set: 36 Way: 0 Address: 0x3232f3939
  Set: 37 Way: 0 Address: 0x3232f3941
  Set: 38 Way: 0 Address: 0x3232f3987
  Set: 39 Way: 0 Address: 0x3232f39c4
  Set: 40 Way: 0 Address: 0x3232f3a03
  Set: 41 Way: 0 Address: 0x3232f3a79
  Set: 42 Way: 0 Address: 0x3232f3ab7
  Set: 43 Way: 0 Address: 0x3232f3ac5
  Set: 44 Way: 0 Address: 0x12c6fcb30
  Set: 44 Way: 1 Address: 0x3232f3b03
  Set: 45 Way: 0 Address: 0x12c6fcb79
  Set: 45 Way: 1 Address: 0x3232f3b46
  Set: 46 Way: 0 Address: 0x12c6fcb82
  Set: 46 Way: 1 Address: 0x3232f3b80
  Set: 47 Way: 0 Address: 0x16390fbe0
  Set: 47 Way: 1 Address: 0x12c6fcbc2
  Set: 47 Way: 2 Address: 0x3232f3bc2
  Set: 48 Way: 0 Address: 0x12c6fcc02
  Set: 48 Way: 1 Address: 0x3232f3c08
  Set: 49 Way: 0 Address: 0x12c6fcc42
  Set: 49 Way: 1 Address: 0x3232f3c45
  Set: 50 Way: 0 Address: 0x16390fcbf
  Set: 50 Way: 1 Address: 0x12c6fcc82
  Set: 50 Way: 2 Address: 0x3232f3c80
  Set: 51 Way: 0 Address: 0x16390fcc3
  Set: 51 Way: 1 Address: 0x12c6fccc4
  Set: 51 Way: 2 Address: 0x3232f3cfc
  Set: 52 Way: 0 Address: 0x12c6fcd02
  Set: 52 Way: 1 Address: 0x3232f3d3d
  Set: 53 Way: 0 Address: 0x12c6fcd46
  Set: 53 Way: 1 Address: 0x3232f3d41
  Set: 54 Way: 0 Address: 0x12c6fcd84
  Set: 54 Way: 1 Address: 0x3232f3d81
  Set: 55 Way: 0 Address: 0x12c6fcdc1
  Set: 55 Way: 1 Address: 0x3232f3dc4
  Set: 56 Way: 0 Address: 0x12c6fce00
  Set: 56 Way: 1 Address: 0x3232f3e2f
  Set: 56 Way: 2 Address: 0xc0d9be24
  Set: 57 Way: 0 Address: 0x12c6fce6a
  Set: 57 Way: 1 Address: 0x3232f3e72
  Set: 57 Way: 2 Address: 0xc0d9be7f
  Set: 58 Way: 0 Address: 0x3734eeeb0
  Set: 58 Way: 1 Address: 0x12c6fcea6
  Set: 58 Way: 2 Address: 0x3232f3e81
  Set: 58 Way: 3 Address: 0xc0d9be82
  Set: 59 Way: 0 Address: 0x3734eeee8
  Set: 59 Way: 1 Address: 0x12c6fcef4
  Set: 59 Way: 2 Address: 0xc0d9bef4
  Set: 59 Way: 3 Address: 0x3232f3ec1
  Set: 60 Way: 0 Address: 0x3734eef01
  Set: 60 Way: 1 Address: 0x12c6fcf01
  Set: 60 Way: 2 Address: 0xc0d9bf35
  Set: 60 Way: 3 Address: 0x3232f3f04
  Set: 61 Way: 0 Address: 0x3734eef60
  Set: 61 Way: 1 Address: 0x12c6fcf42
  Set: 61 Way: 2 Address: 0xc0d9bf73
  Set: 61 Way: 3 Address: 0x3232f3f6f
  Set: 62 Way: 0 Address: 0x3734eef82
  Set: 62 Way: 1 Address: 0x12c6fcfae
  Set: 62 Way: 2 Address: 0xc0d9bfb6
  Set: 62 Way: 3 Address: 0x3232f3fb0
  Set: 63 Way: 0 Address: 0x3734eefc0
  Set: 63 Way: 1 Address: 0x12c6fcfc1
  Set: 63 Way: 2 Address: 0xc0d9bfc3
  Set: 63 Way: 3 Address: 0x3232f3fe3
EndCache
Cache: cpu0_L1D
  Set: 0 Way: 0 Address: 0xdf85c000
  Set: 0 Way: 1 Address: 0x28b67e000
  Set: 0 Way: 2 Address: 0x229b9a000
  Set: 1 Way: 0 Address: 0x195f15058
  Set: 1 Way: 1 Address: 0x263c13060
  Set: 1 Way: 2 Address: 0x2a4841050
  Set: 1 Way: 3 Address: 0x223eda048
  Set: 2 Way: 0 Address: 0x1c84e20a0
  Set: 2 Way: 1 Address: 0x848960a0
  Set: 2 Way: 2 Address: 0x272585080
  Set: 4 Way: 0 Address: 0x113201130
  Set: 4 Way: 1 Address: 0x3c56b3128
  Set: 4 Way: 2 Address: 0x223eda130
  Set: 4 Way: 3 Address: 0x1c084e130
  Set: 4 Way: 4 Address: 0x14bb10120
  Set: 4 Way: 5 Address: 0x3c107411c
  Set: 4 Way: 6 Address: 0x1064c2128
  Set: 4 Way: 7 Address: 0x257713128
  Set: 4 Way: 8 Address: 0x62d12104
  Set: 6 Way: 0 Address: 0x2725851b0
  Set: 7 Way: 0 Address: 0x1c084e1c0
  Set: 7 Way: 1 Address: 0x1064c21c0
  Set: 9 Way: 0 Address: 0xbeea7250
  Set: 10 Way: 0 Address: 0x1c84e2298
  Set: 10 Way: 1 Address: 0x3d87a6280
  Set: 11 Way: 0 Address: 0x3b08032d0
  Set: 11 Way: 1 Address: 0x2725852e0
  Set: 13 Way: 0 Address: 0x5588d37c
  Set: 14 Way: 0 Address: 0x354d35398
  Set: 14 Way: 1 Address: 0x5588d38c
  Set: 18 Way: 0 Address: 0xc70784b8
  Set: 18 Way: 1 Address: 0xcf83b484
  Set: 18 Way: 2 Address: 0x3c10744b0
  Set: 19 Way: 0 Address: 0x3c10744c0
  Set: 19 Way: 1 Address: 0x276ff74f0
  Set: 20 Way: 0 Address: 0x29295951c
  Set: 20 Way: 1 Address: 0x276ff7528
  Set: 21 Way: 0 Address: 0x276ff755c
  Set: 21 Way: 1 Address: 0x6e620550
  Set: 21 Way: 2 Address: 0x272585540
  Set: 22 Way: 0 Address: 0x276ff75a4
  Set: 22 Way: 1 Address: 0x2db79e584
  Set: 23 Way: 0 Address: 0x276ff75d0
  Set: 23 Way: 1 Address: 0x34a8735d8
  Set: 23 Way: 2 Address: 0x28a9405d8
  Set: 24 Way: 0 Address: 0x276ff7600
  Set: 25 Way: 0 Address: 0x276ff7640
  Set: 25 Way: 1 Address: 0x272585670
  Set: 26 Way: 0 Address: 0x276ff7680
  Set: 26 Way: 1 Address: 0x3c1074694
  Set: 27 Way: 0 Address: 0x3098876e8
  Set: 27 Way: 1 Address: 0x2ee3696e8
  Set: 27 Way: 2 Address: 0xee86f6f8
  Set: 27 Way: 3 Address: 0x1add6f8
  Set: 27 Way: 4 Address: 0x276ff76c0
  Set: 27 Way: 5 Address: 0x38e35c6fc
  Set: 28 Way: 0 Address: 0x113201738
  Set: 28 Way: 1 Address: 0x1d89da718
  Set: 28 Way: 2 Address: 0x3de4d4738
  Set: 28 Way: 3 Address: 0x38e35c704
  Set: 28 Way: 4 Address: 0x276ff7720
  Set: 29 Way: 0 Address: 0x276ff7750
  Set: 29 Way: 1 Address: 0x181c81750
  Set: 29 Way: 2 Address: 0x20597e750
  Set: 29 Way: 3 Address: 0x2c8749744
  Set: 30 Way: 0 Address: 0x1aafb87b8
  Set: 30 Way: 1 Address: 0x3c1074780
  Set: 30 Way: 2 Address: 0x276ff77a4
  Set: 30 Way: 3 Address: 0x2177f0780
  Set: 30 Way: 4 Address: 0x181c81780
  Set: 30 Way: 5 Address: 0x2725857a0
  Set: 30 Way: 6 Address: 0x1ae2cc7a8
  Set: 31 Way: 0 Address: 0x1aafb87c8
  Set: 31 Way: 1 Address: 0x28b67e7f8
  Set: 31 Way: 2 Address: 0x6d0c27f8
  Set: 31 Way: 3 Address: 0x276ff77f0
  Set: 32 Way: 0 Address: 0x394edb80c
  Set: 32 Way: 1 Address: 0x3bdd78834
  Set: 32 Way: 2 Address: 0x276ff7810
  Set: 33 Way: 0 Address: 0x276ff7878
  Set: 34 Way: 0 Address: 0x20159888c
  Set: 34 Way: 1 Address: 0x276ff7890
  Set: 35 Way: 0 Address: 0x1995f28fc
  Set: 35 Way: 1 Address: 0x2015988f0
  Set: 36 Way: 0 Address: 0x312099934
  Set: 37 Way: 0 Address: 0x129934950
  Set: 37 Way: 1 Address: 0x20597e978
  Set: 37 Way: 2 Address: 0x34a873978
  Set: 37 Way: 3 Address: 0x28a940970
  Set: 37 Way: 4 Address: 0x32f48c970
  Set: 38 Way: 0 Address: 0x12993498c
  Set: 38 Way: 1 Address: 0x2177f0980
  Set: 39 Way: 0 Address: 0x276ff79c0
  Set: 41 Way: 0 Address: 0x211d16a54
  Set: 41 Way: 1 Address: 0x276ff7a40
  Set: 41 Way: 2 Address: 0xb84a9a5c
  Set: 42 Way: 0 Address: 0xf6e81aac
  Set: 42 Way: 1 Address: 0x143efa98
  Set: 43 Way: 0 Address: 0xf6e81afc
  Set: 43 Way: 1 Address: 0x276ff7ac0
  Set: 44 Way: 0 Address: 0x113201b30
  Set: 44 Way: 1 Address: 0x9cff2b30
  Set: 44 Way: 2 Address: 0xf6e81b10
  Set: 44 Way: 3 Address: 0x309887b38
  Set: 44 Way: 4 Address: 0x2f5d8eb38
  Set: 45 Way: 0 Address: 0x276ff7b40
  Set: 49 Way: 0 Address: 0x3c1074c58
  Set: 50 Way: 0 Address: 0x113201cb8
  Set: 50 Way: 1 Address: 0x397bb4cb8
  Set: 51 Way: 0 Address: 0x38e35ccd8
  Set: 51 Way: 1 Address: 0x3b377bcf8
  Set: 51 Way: 2 Address: 0x342b40cf8
  Set: 51 Way: 3 Address: 0x27d4c6ce4
  Set: 51 Way: 4 Address: 0x1addcc8
  Set: 51 Way: 5 Address: 0x31be12cc8
  Set: 53 Way: 0 Address: 0xb8004d58
  Set: 53 Way: 1 Address: 0x1ab44d60
  Set: 53 Way: 2 Address: 0x3b377bd68
  Set: 53 Way: 3 Address: 0x19c791d44
  Set: 54 Way: 0 Address: 0x1ab44d88
  Set: 54 Way: 1 Address: 0x2c9898d88
  Set: 54 Way: 2 Address: 0x1b0f15d80
  Set: 54 Way: 3 Address: 0x2fa0c9d90
  Set: 55 Way: 0 Address: 0x29484cdc0
  Set: 55 Way: 1 Address: 0x309887dc0
  Set: 56 Way: 0 Address: 0x34a0e5e20
  Set: 57 Way: 0 Address: 0x168ef0e78
  Set: 57 Way: 1 Address: 0x260091e78
  Set: 59 Way: 0 Address: 0x23756fed4
  Set: 59 Way: 1 Address: 0x342b40ee8
  Set: 59 Way: 2 Address: 0x168ef0ee8
  Set: 60 Way: 0 Address: 0x309887f08
  Set: 60 Way: 1 Address: 0xee86ff08
  Set: 61 Way: 0 Address: 0x113201f68
  Set: 61 Way: 1 Address: 0x29484cf68
  Set: 61 Way: 2 Address: 0x34a0e5f50
  Set: 62 Way: 0 Address: 0x43736f98
  Set: 62 Way: 1 Address: 0x3dae66f90
  Set: 62 Way: 2 Address: 0x38e35cfb0
  Set: 63 Way: 0 Address: 0x23755dfc0
EndCache
Cache: cpu0_ITLB
  Set: 0 Way: 0 Address: 0x13b0fb6
  Set: 1 Way: 0 Address: 0x13b1008
  Set: 2 Way: 0 Address: 0x15f2450
  Set: 2 Way: 1 Address: 0x13b2083
  Set: 3 Way: 0 Address: 0x15f3be0
  Set: 5 Way: 0 Address: 0x1625eb0
  Set: 6 Way: 0 Address: 0x16264ae
  Set: 11 Way: 0 Address: 0x13abef4
  Set: 12 Way: 0 Address: 0x13ac003
EndCache
Cache: cpu0_DTLB
  Set: 0 Way: 0 Address: 0x4d30250
  Set: 0 Way: 1 Address: 0x4a50934
  Set: 0 Way: 2 Address: 0x4cf0484
  Set: 1 Way: 0 Address: 0x17e180c
  Set: 3 Way: 0 Address: 0x16e388c
  Set: 3 Way: 1 Address: 0x1853b18
  Set: 3 Way: 2 Address: 0x7ffe2a673528
  Set: 4 Way: 0 Address: 0x181438c
  Set: 6 Way: 0 Address: 0x176698c
  Set: 7 Way: 0 Address: 0x16e77b8
  Set: 7 Way: 1 Address: 0x17974b8
  Set: 7 Way: 2 Address: 0x17674c0
  Set: 8 Way: 0 Address: 0x17b88fc
  Set: 9 Way: 0 Address: 0x1799a5c
  Set: 10 Way: 0 Address: 0x4caa584
  Set: 10 Way: 1 Address: 0x705ace4
  Set: 10 Way: 2 Address: 0x4cea744
  Set: 11 Way: 0 Address: 0x4cbbd44
  Set: 13 Way: 0 Address: 0x17ed51c
  Set: 13 Way: 1 Address: 0x16dd704
  Set: 13 Way: 2 Address: 0x49ad834
  Set: 13 Way: 3 Address: 0x49dd104
  Set: 14 Way: 0 Address: 0x4d2ee20
  Set: 15 Way: 0 Address: 0x16dfa54
  Set: 15 Way: 1 Address: 0x499fed4
  Set: 15 Way: 2 Address: 0x4d2f670
  Set: 15 Way: 3 Address: 0x49cf7a8
EndCache
Cache: LLC
  Set: 21 Way: 0 Address: 0x6e620550
  Set: 23 Way: 0 Address: 0x28a9405d8
  Set: 37 Way: 0 Address: 0x28a940970
  Set: 51 Way: 0 Address: 0x342b40cf8
  Set: 59 Way: 0 Address: 0x342b40ee8
  Set: 65 Way: 0 Address: 0x2a4841050
  Set: 68 Way: 0 Address: 0x113201130
  Set: 92 Way: 0 Address: 0x113201718
  Set: 93 Way: 0 Address: 0x181c81750
  Set: 94 Way: 0 Address: 0x181c81780
  Set: 106 Way: 0 Address: 0xf6e81aa8
  Set: 107 Way: 0 Address: 0xf6e81ad8
  Set: 108 Way: 0 Address: 0x113201b30
  Set: 108 Way: 1 Address: 0xf6e81b00
  Set: 114 Way: 0 Address: 0x113201cb8
  Set: 125 Way: 0 Address: 0x113201f68
  Set: 130 Way: 0 Address: 0x1c84e20a0
  Set: 132 Way: 0 Address: 0x1064c2128
  Set: 135 Way: 0 Address: 0x1064c21c0
  Set: 138 Way: 0 Address: 0x1c84e2298
  Set: 159 Way: 0 Address: 0x6d0c27f8
  Set: 203 Way: 0 Address: 0x3b08032d0
  Set: 309 Way: 0 Address: 0xb8004d58
  Set: 309 Way: 1 Address: 0x1ab44d60
  Set: 310 Way: 0 Address: 0x1ab44d80
  Set: 322 Way: 0 Address: 0x272585080
  Set: 326 Way: 0 Address: 0x2725851b0
  Set: 331 Way: 0 Address: 0x2725852e0
  Set: 341 Way: 0 Address: 0x272585540
  Set: 345 Way: 0 Address: 0x272585670
  Set: 350 Way: 0 Address: 0x2725857a0
  Set: 376 Way: 0 Address: 0x34a0e5e20
  Set: 381 Way: 0 Address: 0x34a0e5f50
  Set: 394 Way: 0 Address: 0x3d87a6280
  Set: 435 Way: 0 Address: 0x27d4c6ce4
  Set: 446 Way: 0 Address: 0x3dae66f90
  Set: 457 Way: 0 Address: 0xbeea7250
  Set: 475 Way: 0 Address: 0x3098876e8
  Set: 492 Way: 0 Address: 0x309887b38
  Set: 503 Way: 0 Address: 0x309887dc0
  Set: 508 Way: 0 Address: 0x309887f08
  Set: 603 Way: 0 Address: 0x2ee3696e8
  Set: 605 Way: 0 Address: 0x2c8749744
  Set: 617 Way: 0 Address: 0xb84a9a5c
  Set: 630 Way: 0 Address: 0x2fa0c9d90
  Set: 798 Way: 0 Address: 0x1ae2cc7a8
  Set: 805 Way: 0 Address: 0x32f48c970
  Set: 823 Way: 0 Address: 0x29484cdc0
  Set: 829 Way: 0 Address: 0x29484cf68
  Set: 845 Way: 0 Address: 0x5588d37c
  Set: 846 Way: 0 Address: 0x5588d394
  Set: 900 Way: 0 Address: 0x1c084e130
  Set: 903 Way: 0 Address: 0x1c084e1c0
  Set: 940 Way: 0 Address: 0x2f5d8eb38
  Set: 954 Way: 0 Address: 0x3734eeeb0
  Set: 955 Way: 0 Address: 0x3734eeee8
  Set: 956 Way: 0 Address: 0x3734eef01
  Set: 957 Way: 0 Address: 0x3734eef60
  Set: 958 Way: 0 Address: 0x3734eef82
  Set: 959 Way: 0 Address: 0x3734eefc0
  Set: 987 Way: 0 Address: 0xee86f6f8
  Set: 1002 Way: 0 Address: 0x143efa98
  Set: 1007 Way: 0 Address: 0x16390fbe0
  Set: 1010 Way: 0 Address: 0x16390fc9b
  Set: 1011 Way: 0 Address: 0x16390fcfe
  Set: 1019 Way: 0 Address: 0x23756fed4
  Set: 1020 Way: 0 Address: 0xee86ff08
  Set: 1028 Way: 0 Address: 0x14bb10120
  Set: 1054 Way: 0 Address: 0x2177f0780
  Set: 1062 Way: 0 Address: 0x2177f0980
  Set: 1081 Way: 0 Address: 0x168ef0e78
  Set: 1083 Way: 0 Address: 0x168ef0ee8
  Set: 1141 Way: 0 Address: 0x19c791d44
  Set: 1145 Way: 0 Address: 0x260091e78
  Set: 1152 Way: 0 Address: 0x133c92003
  Set: 1153 Way: 0 Address: 0x133c92040
  Set: 1154 Way: 0 Address: 0x133c92080
  Set: 1155 Way: 0 Address: 0x133c920c0
  Set: 1156 Way: 0 Address: 0x62d12104
  Set: 1159 Way: 0 Address: 0x133c921d3
  Set: 1160 Way: 0 Address: 0x133c92200
  Set: 1161 Way: 0 Address: 0x133c92270
  Set: 1162 Way: 0 Address: 0x133c922a5
  Set: 1163 Way: 0 Address: 0x133c922c2
  Set: 1164 Way: 0 Address: 0x133c92328
  Set: 1165 Way: 0 Address: 0x133c92343
  Set: 1187 Way: 0 Address: 0x1995f28fc
  Set: 1196 Way: 0 Address: 0x9cff2b30
  Set: 1203 Way: 0 Address: 0x31be12cc8
  Set: 1216 Way: 0 Address: 0x3232f3008
  Set: 1217 Way: 0 Address: 0x263c13060
  Set: 1217 Way: 1 Address: 0x3232f3040
  Set: 1218 Way: 0 Address: 0x3232f3080
  Set: 1219 Way: 0 Address: 0x3232f30c5
  Set: 1220 Way: 0 Address: 0x3c56b3128
  Set: 1220 Way: 1 Address: 0x3232f3102
  Set: 1220 Way: 2 Address: 0x257713128
  Set: 1221 Way: 0 Address: 0x3232f3140
  Set: 1222 Way: 0 Address: 0x3232f3181
  Set: 1223 Way: 0 Address: 0x3232f31c3
  Set: 1224 Way: 0 Address: 0x3232f3204
  Set: 1225 Way: 0 Address: 0x3232f3240
  Set: 1226 Way: 0 Address: 0x3232f3283
  Set: 1227 Way: 0 Address: 0x3232f32c5
  Set: 1228 Way: 0 Address: 0x3232f3300
  Set: 1229 Way: 0 Address: 0x3232f3342
  Set: 1230 Way: 0 Address: 0x3232f3382
  Set: 1231 Way: 0 Address: 0x3232f33c1
  Set: 1232 Way: 0 Address: 0x3232f3400
  Set: 1233 Way: 0 Address: 0x2b2e93450
  Set: 1233 Way: 1 Address: 0x3232f3440
  Set: 1234 Way: 0 Address: 0x2b2e93490
  Set: 1234 Way: 1 Address: 0x3232f3480
  Set: 1235 Way: 0 Address: 0x2b2e934c2
  Set: 1235 Way: 1 Address: 0x3232f34c0
  Set: 1236 Way: 0 Address: 0x2b2e93502
  Set: 1236 Way: 1 Address: 0x3232f3504
  Set: 1237 Way: 0 Address: 0x2b2e93578
  Set: 1237 Way: 1 Address: 0x3232f3540
  Set: 1238 Way: 0 Address: 0x2b2e93580
  Set: 1238 Way: 1 Address: 0x3232f3580
  Set: 1239 Way: 0 Address: 0x2b2e935e8
  Set: 1239 Way: 1 Address: 0x3232f35c0
  Set: 1239 Way: 2 Address: 0x34a8735d8
  Set: 1240 Way: 0 Address: 0x2b2e93603
  Set: 1240 Way: 1 Address: 0x3232f3600
  Set: 1241 Way: 0 Address: 0x2b2e93650
  Set: 1241 Way: 1 Address: 0x3232f3640
  Set: 1242 Way: 0 Address: 0x2b2e93680
  Set: 1242 Way: 1 Address: 0x3232f3680
  Set: 1243 Way: 0 Address: 0x3232f36c0
  Set: 1244 Way: 0 Address: 0x3232f3700
  Set: 1245 Way: 0 Address: 0x3232f3740
  Set: 1246 Way: 0 Address: 0x3232f3780
  Set: 1247 Way: 0 Address: 0x3232f37c0
  Set: 1248 Way: 0 Address: 0x3232f3800
  Set: 1249 Way: 0 Address: 0x3232f3840
  Set: 1250 Way: 0 Address: 0x3232f3880
  Set: 1251 Way: 0 Address: 0x3232f38c0
  Set: 1252 Way: 0 Address: 0x3232f3900
  Set: 1253 Way: 0 Address: 0x3232f3940
  Set: 1253 Way: 1 Address: 0x34a873978
  Set: 1254 Way: 0 Address: 0x3232f3980
  Set: 1255 Way: 0 Address: 0x3232f39c0
  Set: 1256 Way: 0 Address: 0x3232f3a00
  Set: 1257 Way: 0 Address: 0x3232f3a40
  Set: 1258 Way: 0 Address: 0x3232f3a80
  Set: 1259 Way: 0 Address: 0x3232f3ac0
  Set: 1260 Way: 0 Address: 0x3232f3b00
  Set: 1261 Way: 0 Address: 0x3232f3b40
  Set: 1262 Way: 0 Address: 0x3232f3b80
  Set: 1263 Way: 0 Address: 0x3232f3bc0
  Set: 1264 Way: 0 Address: 0x3232f3c00
  Set: 1265 Way: 0 Address: 0x3232f3c40
  Set: 1266 Way: 0 Address: 0x3232f3c80
  Set: 1267 Way: 0 Address: 0x3232f3cc0
  Set: 1268 Way: 0 Address: 0x3232f3d00
  Set: 1269 Way: 0 Address: 0x3232f3d40
  Set: 1270 Way: 0 Address: 0x3232f3d80
  Set: 1271 Way: 0 Address: 0x3232f3dc0
  Set: 1272 Way: 0 Address: 0x3232f3e00
  Set: 1273 Way: 0 Address: 0x3232f3e40
  Set: 1274 Way: 0 Address: 0x3232f3e80
  Set: 1275 Way: 0 Address: 0x3232f3ec0
  Set: 1276 Way: 0 Address: 0x3232f3f00
  Set: 1277 Way: 0 Address: 0x3232f3f40
  Set: 1278 Way: 0 Address: 0x3232f3f80
  Set: 1279 Way: 0 Address: 0x3232f3fc0
  Set: 1284 Way: 0 Address: 0x3c107411c
  Set: 1298 Way: 0 Address: 0x3c10744b0
  Set: 1299 Way: 0 Address: 0x3c10744c0
  Set: 1306 Way: 0 Address: 0x3c1074694
  Set: 1308 Way: 0 Address: 0x3de4d4738
  Set: 1310 Way: 0 Address: 0x3c1074780
  Set: 1317 Way: 0 Address: 0x129934950
  Set: 1318 Way: 0 Address: 0x12993498c
  Set: 1329 Way: 0 Address: 0x3c1074c58
  Set: 1330 Way: 0 Address: 0x397bb4cb8
  Set: 1345 Way: 0 Address: 0x195f15058
  Set: 1358 Way: 0 Address: 0x354d35398
  Set: 1398 Way: 0 Address: 0x1b0f15d80
  Set: 1410 Way: 0 Address: 0x848960a0
  Set: 1449 Way: 0 Address: 0x211d16a54
  Set: 1470 Way: 0 Address: 0x43736f98
  Set: 1491 Way: 0 Address: 0x276ff74f0
  Set: 1492 Way: 0 Address: 0x276ff7500
  Set: 1493 Way: 0 Address: 0x276ff755c
  Set: 1494 Way: 0 Address: 0x276ff75a4
  Set: 1495 Way: 0 Address: 0x276ff75c0
  Set: 1496 Way: 0 Address: 0x276ff7600
  Set: 1497 Way: 0 Address: 0x276ff7640
  Set: 1498 Way: 0 Address: 0x276ff7680
  Set: 1499 Way: 0 Address: 0x276ff76c0
  Set: 1500 Way: 0 Address: 0x276ff7720
  Set: 1501 Way: 0 Address: 0x276ff7750
  Set: 1502 Way: 0 Address: 0x276ff77a4
  Set: 1503 Way: 0 Address: 0x276ff77f0
  Set: 1504 Way: 0 Address: 0x276ff7810
  Set: 1505 Way: 0 Address: 0x276ff7870
  Set: 1506 Way: 0 Address: 0x276ff7890
  Set: 1511 Way: 0 Address: 0x276ff79c0
  Set: 1513 Way: 0 Address: 0x276ff7a40
  Set: 1515 Way: 0 Address: 0x276ff7ac0
  Set: 1517 Way: 0 Address: 0x276ff7b40
  Set: 1554 Way: 0 Address: 0xc70784b8
  Set: 1566 Way: 0 Address: 0x1aafb87b8
  Set: 1567 Way: 0 Address: 0x1aafb87c8
  Set: 1568 Way: 0 Address: 0x3bdd78834
  Set: 1570 Way: 0 Address: 0x20159888c
  Set: 1571 Way: 0 Address: 0x2015988f0
  Set: 1590 Way: 0 Address: 0x2c9898d88
  Set: 1620 Way: 0 Address: 0x29295951c
  Set: 1636 Way: 0 Address: 0x312099934
  Set: 1664 Way: 0 Address: 0x229b9a000
  Set: 1664 Way: 1 Address: 0xc67da005
  Set: 1665 Way: 0 Address: 0x223eda048
  Set: 1665 Way: 1 Address: 0xc67da040
  Set: 1666 Way: 0 Address: 0xc67da083
  Set: 1667 Way: 0 Address: 0xc67da0c0
  Set: 1668 Way: 0 Address: 0x223eda130
  Set: 1668 Way: 1 Address: 0xc67da100
  Set: 1669 Way: 0 Address: 0xc67da140
  Set: 1670 Way: 0 Address: 0xc67da180
  Set: 1671 Way: 0 Address: 0xc67da1c0
  Set: 1672 Way: 0 Address: 0xc67da200
  Set: 1673 Way: 0 Address: 0xc67da240
  Set: 1674 Way: 0 Address: 0xc67da280
  Set: 1675 Way: 0 Address: 0xc67da2c0
  Set: 1676 Way: 0 Address: 0xc67da300
  Set: 1677 Way: 0 Address: 0xc67da340
  Set: 1684 Way: 0 Address: 0xc67da53b
  Set: 1685 Way: 0 Address: 0xc67da543
  Set: 1692 Way: 0 Address: 0x1d89da718
  Set: 1746 Way: 0 Address: 0xcf83b484
  Set: 1760 Way: 0 Address: 0x394edb80c
  Set: 1779 Way: 0 Address: 0x3b377bcf8
  Set: 1781 Way: 0 Address: 0x3b377bd68
  Set: 1784 Way: 0 Address: 0xc0d9be24
  Set: 1785 Way: 0 Address: 0xc0d9be7f
  Set: 1786 Way: 0 Address: 0xc0d9be82
  Set: 1787 Way: 0 Address: 0xc0d9bef4
  Set: 1788 Way: 0 Address: 0xc0d9bf07
  Set: 1789 Way: 0 Address: 0xc0d9bf42
  Set: 1790 Way: 0 Address: 0xc0d9bf80
  Set: 1791 Way: 0 Address: 0xc0d9bfc3
  Set: 1792 Way: 0 Address: 0xdf85c000
  Set: 1819 Way: 0 Address: 0x38e35c6fc
  Set: 1820 Way: 0 Address: 0x38e35c704
  Set: 1836 Way: 0 Address: 0x12c6fcb30
  Set: 1837 Way: 0 Address: 0x12c6fcb41
  Set: 1838 Way: 0 Address: 0x12c6fcb82
  Set: 1839 Way: 0 Address: 0x12c6fcbc2
  Set: 1840 Way: 0 Address: 0x12c6fcc02
  Set: 1841 Way: 0 Address: 0x12c6fcc40
  Set: 1842 Way: 0 Address: 0x12c6fcc80
  Set: 1843 Way: 0 Address: 0x38e35ccd8
  Set: 1843 Way: 1 Address: 0x12c6fccc4
  Set: 1844 Way: 0 Address: 0x12c6fcd02
  Set: 1845 Way: 0 Address: 0x12c6fcd40
  Set: 1846 Way: 0 Address: 0x12c6fcd84
  Set: 1847 Way: 0 Address: 0x12c6fcdc0
  Set: 1848 Way: 0 Address: 0x12c6fce00
  Set: 1849 Way: 0 Address: 0x12c6fce45
  Set: 1850 Way: 0 Address: 0x12c6fce81
  Set: 1851 Way: 0 Address: 0x12c6fcef4
  Set: 1852 Way: 0 Address: 0x12c6fcf01
  Set: 1853 Way: 0 Address: 0x12c6fcf42
  Set: 1854 Way: 0 Address: 0x12c6fcf80
  Set: 1854 Way: 1 Address: 0x38e35cfb0
  Set: 1855 Way: 0 Address: 0x12c6fcfc1
  Set: 1883 Way: 0 Address: 0x1add6f8
  Set: 1907 Way: 0 Address: 0x1addcc8
  Set: 1919 Way: 0 Address: 0x23755dfc0
  Set: 1920 Way: 0 Address: 0x28b67e000
  Set: 1920 Way: 1 Address: 0x1f919e000
  Set: 1921 Way: 0 Address: 0x1f919e050
  Set: 1923 Way: 0 Address: 0x1f919e0c8
  Set: 1924 Way: 0 Address: 0x1f919e100
  Set: 1928 Way: 0 Address: 0x1f919e220
  Set: 1929 Way: 0 Address: 0x1f919e242
  Set: 1930 Way: 0 Address: 0x1f919e281
  Set: 1931 Way: 0 Address: 0x1f919e2c2
  Set: 1932 Way: 0 Address: 0x1f919e307
  Set: 1933 Way: 0 Address: 0x1f919e341
  Set: 1934 Way: 0 Address: 0x1f919e3a0
  Set: 1936 Way: 0 Address: 0x1f919e435
  Set: 1937 Way: 0 Address: 0x1f919e447
  Set: 1938 Way: 0 Address: 0x1f919e481
  Set: 1939 Way: 0 Address: 0x1f919e4c1
  Set: 1940 Way: 0 Address: 0x1f919e507
  Set: 1941 Way: 0 Address: 0x1f919e541
  Set: 1942 Way: 0 Address: 0x1f919e582
  Set: 1942 Way: 1 Address: 0x2db79e584
  Set: 1943 Way: 0 Address: 0x1f919e5c0
  Set: 1944 Way: 0 Address: 0x1f919e600
  Set: 1945 Way: 0 Address: 0x1f919e641
  Set: 1946 Way: 0 Address: 0x1f919e681
  Set: 1947 Way: 0 Address: 0x1f919e6c1
  Set: 1948 Way: 0 Address: 0x1f919e703
  Set: 1949 Way: 0 Address: 0x1f919e742
  Set: 1949 Way: 1 Address: 0x20597e750
  Set: 1950 Way: 0 Address: 0x1f919e7b0
  Set: 1951 Way: 0 Address: 0x1f919e7c1
  Set: 1951 Way: 1 Address: 0x28b67e7f8
  Set: 1952 Way: 0 Address: 0x1f919e800
  Set: 1957 Way: 0 Address: 0x20597e978
EndCache
