Cache: cpu0_STLB
  Set: 20 Way: 0 Address: 0x1814378
  Set: 23 Way: 0 Address: 0x17974b8
  Set: 25 Way: 0 Address: 0x1799a5c
  Set: 31 Way: 0 Address: 0x499fe64
  Set: 37 Way: 0 Address: 0x1625eb0
  Set: 38 Way: 0 Address: 0x16260c8
  Set: 42 Way: 0 Address: 0x4caa514
  Set: 43 Way: 0 Address: 0x13abb30
  Set: 44 Way: 0 Address: 0x13ac06a
  Set: 45 Way: 0 Address: 0x49ad7c4
  Set: 46 Way: 0 Address: 0x4d2ef00
  Set: 47 Way: 0 Address: 0x4d2f880
  Set: 48 Way: 0 Address: 0x4d30330
  Set: 48 Way: 1 Address: 0x13b0ef4
  Set: 49 Way: 0 Address: 0x13b1008
  Set: 50 Way: 0 Address: 0x13b2005
  Set: 56 Way: 0 Address: 0x17b88fc
  Set: 59 Way: 0 Address: 0x4cbbcd4
  Set: 79 Way: 0 Address: 0x49cf738
  Set: 80 Way: 0 Address: 0x4a508c4
  Set: 83 Way: 0 Address: 0x1853aa8
  Set: 90 Way: 0 Address: 0x705ac74
  Set: 93 Way: 0 Address: 0x16ddfb0
  Set: 93 Way: 1 Address: 0x49dd094
  Set: 95 Way: 0 Address: 0x16dfa54
  Set: 97 Way: 0 Address: 0x17e180c
  Set: 99 Way: 0 Address: 0x16e38a4
  Set: 102 Way: 0 Address: 0x1766970
  Set: 103 Way: 0 Address: 0x16e77b4
  Set: 103 Way: 1 Address: 0x17674c0
  Set: 106 Way: 0 Address: 0x4cea6d4
  Set: 109 Way: 0 Address: 0x17ed51c
  Set: 112 Way: 0 Address: 0x4cf0414
  Set: 114 Way: 0 Address: 0x15f2542
  Set: 115 Way: 0 Address: 0x15f3be0
  Set: 115 Way: 1 Address: 0x7ffe2a673528
EndCache
Cache: cpu0_L2C
  Set: 0 Way: 0 Address: 0x168ef0005
  Set: 1 Way: 0 Address: 0x168ef0040
  Set: 2 Way: 0 Address: 0x168ef0083
  Set: 3 Way: 0 Address: 0x168ef00c0
  Set: 4 Way: 0 Address: 0x2177f011c
  Set: 18 Way: 0 Address: 0x2177f04b0
  Set: 19 Way: 0 Address: 0x2177f04c0
  Set: 20 Way: 0 Address: 0x168ef053b
  Set: 21 Way: 0 Address: 0x168ef0543
  Set: 26 Way: 0 Address: 0x2177f0694
  Set: 27 Way: 0 Address: 0x28a9406d4
  Set: 30 Way: 0 Address: 0x6e6207b4
  Set: 30 Way: 1 Address: 0x2177f0780
  Set: 31 Way: 0 Address: 0x6e6207c8
  Set: 34 Way: 0 Address: 0x14bb108a4
  Set: 35 Way: 0 Address: 0x14bb108f0
  Set: 49 Way: 0 Address: 0x2177f0c58
  Set: 56 Way: 0 Address: 0x342b40e24
  Set: 57 Way: 0 Address: 0x342b40e7f
  Set: 58 Way: 0 Address: 0x342b40e82
  Set: 59 Way: 0 Address: 0x342b40ef4
  Set: 60 Way: 0 Address: 0x342b40f07
  Set: 61 Way: 0 Address: 0x342b40f42
  Set: 62 Way: 0 Address: 0x342b40f80
  Set: 63 Way: 0 Address: 0x342b40fc3
  Set: 64 Way: 0 Address: 0x2a4841003
  Set: 64 Way: 1 Address: 0x181c81008
  Set: 64 Way: 2 Address: 0x19c791030
  Set: 65 Way: 0 Address: 0x2a484106a
  Set: 65 Way: 1 Address: 0x181c81040
  Set: 65 Way: 2 Address: 0x19c791040
  Set: 66 Way: 0 Address: 0x2a4841084
  Set: 66 Way: 1 Address: 0x181c81080
  Set: 67 Way: 0 Address: 0x181c810c0
  Set: 68 Way: 0 Address: 0x181c81100
  Set: 69 Way: 0 Address: 0x181c81143
  Set: 69 Way: 1 Address: 0x19c791160
  Set: 70 Way: 0 Address: 0x181c81181
  Set: 71 Way: 0 Address: 0x2a48411d3
  Set: 71 Way: 1 Address: 0x181c811c0
  Set: 72 Way: 0 Address: 0x181c81204
  Set: 72 Way: 1 Address: 0x2a4841200
  Set: 73 Way: 0 Address: 0x2a4841270
  Set: 73 Way: 1 Address: 0x181c81240
  Set: 74 Way: 0 Address: 0x2a4841280
  Set: 74 Way: 1 Address: 0x181c81280
  Set: 74 Way: 2 Address: 0x19c791290
  Set: 75 Way: 0 Address: 0x2a48412c2
  Set: 75 Way: 1 Address: 0x181c812c0
  Set: 76 Way: 0 Address: 0x2a4841301
  Set: 76 Way: 1 Address: 0x181c81300
  Set: 77 Way: 0 Address: 0x2a4841343
  Set: 77 Way: 1 Address: 0x181c81342
  Set: 78 Way: 0 Address: 0x181c81382
  Set: 79 Way: 0 Address: 0x181c813c1
  Set: 79 Way: 1 Address: 0x19c7913c0
  Set: 80 Way: 0 Address: 0x181c81400
  Set: 81 Way: 0 Address: 0x181c81440
  Set: 82 Way: 0 Address: 0x181c81480
  Set: 83 Way: 0 Address: 0x181c814c0
  Set: 84 Way: 0 Address: 0x181c81504
  Set: 85 Way: 0 Address: 0x181c81543
  Set: 86 Way: 0 Address: 0x181c81581
  Set: 87 Way: 0 Address: 0x181c815c0
  Set: 88 Way: 0 Address: 0x181c81601
  Set: 88 Way: 1 Address: 0x19c791620
  Set: 89 Way: 0 Address: 0x181c81642
  Set: 90 Way: 0 Address: 0x181c81680
  Set: 91 Way: 0 Address: 0x181c816c0
  Set: 92 Way: 0 Address: 0x181c81700
  Set: 93 Way: 0 Address: 0x181c81742
  Set: 93 Way: 1 Address: 0x19c791750
  Set: 94 Way: 0 Address: 0x181c81786
  Set: 95 Way: 0 Address: 0x181c817c1
  Set: 96 Way: 0 Address: 0x181c81807
  Set: 97 Way: 0 Address: 0x181c81840
  Set: 98 Way: 0 Address: 0x181c81880
  Set: 98 Way: 1 Address: 0x19c791880
  Set: 99 Way: 0 Address: 0x181c818c0
  Set: 100 Way: 0 Address: 0x181c81902
  Set: 101 Way: 0 Address: 0x181c81941
  Set: 101 Way: 1 Address: 0x260091970
  Set: 102 Way: 0 Address: 0x181c81987
  Set: 103 Way: 0 Address: 0x181c819c0
  Set: 104 Way: 0 Address: 0x181c81a00
  Set: 105 Way: 0 Address: 0x181c81a42
  Set: 106 Way: 0 Address: 0x181c81a81
  Set: 107 Way: 0 Address: 0x181c81ac0
  Set: 108 Way: 0 Address: 0x181c81b00
  Set: 109 Way: 0 Address: 0x181c81b46
  Set: 110 Way: 0 Address: 0x181c81b80
  Set: 111 Way: 0 Address: 0x181c81bc2
  Set: 112 Way: 0 Address: 0x181c81c00
  Set: 113 Way: 0 Address: 0x181c81c40
  Set: 114 Way: 0 Address: 0x181c81c80
  Set: 115 Way: 0 Address: 0x181c81cc0
  Set: 116 Way: 0 Address: 0x181c81d02
  Set: 117 Way: 0 Address: 0x181c81d41
  Set: 118 Way: 0 Address: 0x181c81d81
  Set: 119 Way: 0 Address: 0x181c81dc0
  Set: 120 Way: 0 Address: 0x181c81e00
  Set: 121 Way: 0 Address: 0x181c81e42
  Set: 122 Way: 0 Address: 0x181c81e81
  Set: 123 Way: 0 Address: 0x181c81ec0
  Set: 124 Way: 0 Address: 0xf6e81f08
  Set: 124 Way: 1 Address: 0x181c81f00
  Set: 125 Way: 0 Address: 0x181c81f41
  Set: 126 Way: 0 Address: 0x181c81f80
  Set: 127 Way: 0 Address: 0x181c81fc3
  Set: 128 Way: 0 Address: 0x133c92000
  Set: 129 Way: 0 Address: 0x133c92050
  Set: 131 Way: 0 Address: 0x133c920c8
  Set: 132 Way: 0 Address: 0x6d0c2130
  Set: 132 Way: 1 Address: 0x133c92100
  Set: 136 Way: 0 Address: 0x133c92220
  Set: 137 Way: 0 Address: 0x133c92242
  Set: 138 Way: 0 Address: 0x133c92281
  Set: 139 Way: 0 Address: 0x133c922c2
  Set: 140 Way: 0 Address: 0x133c92301
  Set: 141 Way: 0 Address: 0x1995f2378
  Set: 141 Way: 1 Address: 0x133c92370
  Set: 142 Way: 0 Address: 0x1995f2388
  Set: 142 Way: 1 Address: 0x133c923a0
  Set: 144 Way: 0 Address: 0x133c92430
  Set: 145 Way: 0 Address: 0x133c92447
  Set: 145 Way: 1 Address: 0x9cff2450
  Set: 146 Way: 0 Address: 0x133c92481
  Set: 146 Way: 1 Address: 0x9cff2490
  Set: 147 Way: 0 Address: 0x133c924c1
  Set: 147 Way: 1 Address: 0x9cff24c2
  Set: 148 Way: 0 Address: 0x133c92507
  Set: 148 Way: 1 Address: 0x9cff2502
  Set: 149 Way: 0 Address: 0x9cff2542
  Set: 149 Way: 1 Address: 0x133c92541
  Set: 150 Way: 0 Address: 0x133c92582
  Set: 150 Way: 1 Address: 0x9cff2580
  Set: 151 Way: 0 Address: 0x133c925c0
  Set: 151 Way: 1 Address: 0x9cff25e8
  Set: 152 Way: 0 Address: 0x133c92603
  Set: 152 Way: 1 Address: 0x9cff2603
  Set: 153 Way: 0 Address: 0x133c92641
  Set: 153 Way: 1 Address: 0x9cff2670
  Set: 154 Way: 0 Address: 0x9cff2680
  Set: 154 Way: 1 Address: 0x133c92681
  Set: 155 Way: 0 Address: 0x6d0c26e8
  Set: 155 Way: 1 Address: 0x133c926c4
  Set: 156 Way: 0 Address: 0x6d0c2738
  Set: 156 Way: 1 Address: 0x133c92703
  Set: 157 Way: 0 Address: 0x133c92742
  Set: 158 Way: 0 Address: 0x133c927b0
  Set: 159 Way: 0 Address: 0x133c927c1
  Set: 160 Way: 0 Address: 0x133c92800
  Set: 172 Way: 0 Address: 0x6d0c2b38
  Set: 179 Way: 0 Address: 0x62d12cd4
  Set: 182 Way: 0 Address: 0x1064c2d80
  Set: 185 Way: 0 Address: 0x31be12e78
  Set: 187 Way: 0 Address: 0x31be12ee8
  Set: 193 Way: 0 Address: 0x263c13048
  Set: 193 Way: 1 Address: 0x3c56b3060
  Set: 196 Way: 0 Address: 0x263c13130
  Set: 196 Way: 1 Address: 0x3b0803128
  Set: 199 Way: 0 Address: 0x3b08031c0
  Set: 210 Way: 0 Address: 0x3232f34b8
  Set: 221 Way: 0 Address: 0x34a873750
  Set: 222 Way: 0 Address: 0x34a873780
  Set: 243 Way: 0 Address: 0x2b2e93cf8
  Set: 245 Way: 0 Address: 0x2b2e93d68
  Set: 249 Way: 0 Address: 0x257713e64
  Set: 275 Way: 0 Address: 0x1ab444f8
  Set: 276 Way: 0 Address: 0x1ab44528
  Set: 277 Way: 0 Address: 0x1ab44564
  Set: 278 Way: 0 Address: 0x1ab4459c
  Set: 279 Way: 0 Address: 0x1ab445c0
  Set: 284 Way: 0 Address: 0x1ab44720
  Set: 285 Way: 0 Address: 0x1ab44750
  Set: 286 Way: 0 Address: 0x1ab447a4
  Set: 286 Way: 1 Address: 0x3c1074780
  Set: 287 Way: 0 Address: 0x1ab447f0
  Set: 288 Way: 0 Address: 0x1ab44810
  Set: 289 Way: 0 Address: 0x1ab44870
  Set: 290 Way: 0 Address: 0x1ab44890
  Set: 294 Way: 0 Address: 0x3c1074980
  Set: 300 Way: 0 Address: 0xb8004b30
  Set: 301 Way: 0 Address: 0xb8004b41
  Set: 302 Way: 0 Address: 0xb8004b82
  Set: 303 Way: 0 Address: 0xb8004bc2
  Set: 304 Way: 0 Address: 0xb8004c02
  Set: 305 Way: 0 Address: 0xb8004c42
  Set: 306 Way: 0 Address: 0xb8004c82
  Set: 307 Way: 0 Address: 0xb8004cc4
  Set: 308 Way: 0 Address: 0xb8004d02
  Set: 309 Way: 0 Address: 0x3de4d4d60
  Set: 309 Way: 1 Address: 0xb8004d46
  Set: 310 Way: 0 Address: 0xb8004d84
  Set: 311 Way: 0 Address: 0xb8004dc1
  Set: 312 Way: 0 Address: 0xb8004e00
  Set: 313 Way: 0 Address: 0xb8004e45
  Set: 314 Way: 0 Address: 0xb8004e81
  Set: 315 Way: 0 Address: 0xb8004ec2
  Set: 316 Way: 0 Address: 0xb8004f01
  Set: 317 Way: 0 Address: 0xb8004f42
  Set: 318 Way: 0 Address: 0x397bb4f98
  Set: 318 Way: 1 Address: 0xb8004f80
  Set: 319 Way: 0 Address: 0xb8004fc1
  Set: 320 Way: 0 Address: 0x195f15000
  Set: 324 Way: 0 Address: 0x354d35130
  Set: 336 Way: 0 Address: 0x272585414
  Set: 343 Way: 0 Address: 0x34a0e55d8
  Set: 357 Way: 0 Address: 0x34a0e5970
  Set: 371 Way: 0 Address: 0x1b0f15cc8
  Set: 375 Way: 0 Address: 0x1b0f15dc0
  Set: 388 Way: 0 Address: 0x3dae66120
  Set: 391 Way: 0 Address: 0x3dae661c0
  Set: 394 Way: 0 Address: 0x84896298
  Set: 395 Way: 0 Address: 0x27d4c62d0
  Set: 411 Way: 0 Address: 0x211d166f8
  Set: 428 Way: 0 Address: 0x211d16b38
  Set: 433 Way: 0 Address: 0x3d87a6c74
  Set: 434 Way: 0 Address: 0x211d16cb8
  Set: 445 Way: 0 Address: 0x211d16f68
  Set: 476 Way: 0 Address: 0x276ff7738
  Set: 509 Way: 0 Address: 0xbeea7f68
  Set: 511 Way: 0 Address: 0x309887fc0
  Set: 516 Way: 0 Address: 0x1aafb8130
  Set: 532 Way: 0 Address: 0x2c989851c
  Set: 543 Way: 0 Address: 0x2015987f8
  Set: 553 Way: 0 Address: 0x3bdd78a54
  Set: 559 Way: 0 Address: 0xc7078be0
  Set: 562 Way: 0 Address: 0xc7078c80
  Set: 563 Way: 0 Address: 0xc7078cfe
  Set: 580 Way: 0 Address: 0x292959128
  Set: 605 Way: 0 Address: 0x2fa0c9750
  Set: 608 Way: 0 Address: 0x2ee36980c
  Set: 611 Way: 0 Address: 0x2c87498c4
  Set: 613 Way: 0 Address: 0x2fa0c9978
  Set: 630 Way: 0 Address: 0x312099d88
  Set: 633 Way: 0 Address: 0xb84a9e78
  Set: 663 Way: 0 Address: 0xc67da5d8
  Set: 677 Way: 0 Address: 0xc67da978
  Set: 693 Way: 0 Address: 0x223edad58
  Set: 694 Way: 0 Address: 0x223edad80
  Set: 702 Way: 0 Address: 0x1d89daf90
  Set: 708 Way: 0 Address: 0xcf83b128
  Set: 718 Way: 0 Address: 0x394edb398
  Set: 739 Way: 0 Address: 0xc0d9b8fc
  Set: 754 Way: 0 Address: 0x3b377bcb8
  Set: 768 Way: 0 Address: 0xdf85c000
  Set: 769 Way: 0 Address: 0x29484c058
  Set: 772 Way: 0 Address: 0x29484c120
  Set: 788 Way: 0 Address: 0x38e35c514
  Set: 789 Way: 0 Address: 0x12c6fc550
  Set: 796 Way: 0 Address: 0x32502c738
  Set: 806 Way: 0 Address: 0x12c6fc980
  Set: 822 Way: 0 Address: 0x32f48cd90
  Set: 828 Way: 0 Address: 0x1ae2ccf00
  Set: 844 Way: 0 Address: 0x5588d330
  Set: 860 Way: 0 Address: 0x1add718
  Set: 873 Way: 0 Address: 0xe51bda5c
  Set: 890 Way: 0 Address: 0x23755deb0
  Set: 891 Way: 0 Address: 0x23755dee8
  Set: 892 Way: 0 Address: 0x23755df01
  Set: 893 Way: 0 Address: 0x23755df60
  Set: 894 Way: 0 Address: 0x23755df82
  Set: 895 Way: 0 Address: 0x23755dfc0
  Set: 896 Way: 0 Address: 0x28b67e000
  Set: 897 Way: 0 Address: 0x1f919e050
  Set: 898 Way: 0 Address: 0x3734ee0a0
  Set: 898 Way: 1 Address: 0x2c077e094
  Set: 906 Way: 0 Address: 0x3734ee298
  Set: 906 Way: 1 Address: 0x20597e280
  Set: 923 Way: 0 Address: 0x2db79e6f8
  Set: 927 Way: 0 Address: 0x28b67e7f8
  Set: 927 Way: 1 Address: 0x1c084e7c4
  Set: 938 Way: 0 Address: 0x2f5d8ea98
  Set: 947 Way: 0 Address: 0x7d0eecc8
  Set: 951 Way: 0 Address: 0x2db79edc0
  Set: 987 Way: 0 Address: 0x143ef6fc
  Set: 988 Way: 0 Address: 0x143ef704
  Set: 997 Way: 0 Address: 0xee86f970
  Set: 998 Way: 0 Address: 0xee86f98c
  Set: 1002 Way: 0 Address: 0x22272faa8
  Set: 1003 Way: 0 Address: 0x22272fad4
  Set: 1004 Way: 0 Address: 0x16390fb30
  Set: 1004 Way: 1 Address: 0x22272fb00
  Set: 1011 Way: 0 Address: 0x143efcd8
  Set: 1011 Way: 1 Address: 0x23756fcf8
  Set: 1019 Way: 0 Address: 0x23756fee8
  Set: 1022 Way: 0 Address: 0x143effb0
EndCache
Cache: cpu0_L1I
  Set: 0 Way: 0 Address: 0x2a4841003
  Set: 0 Way: 1 Address: 0x181c8102f
  Set: 0 Way: 2 Address: 0x168ef003a
  Set: 0 Way: 3 Address: 0x133c92000
  Set: 1 Way: 0 Address: 0x2a484106a
  Set: 1 Way: 1 Address: 0x181c81040
  Set: 1 Way: 2 Address: 0x168ef0070
  Set: 1 Way: 3 Address: 0x133c92050
  Set: 2 Way: 0 Address: 0x2a48410b5
  Set: 2 Way: 1 Address: 0x181c81080
  Set: 2 Way: 2 Address: 0x168ef0083
  Set: 3 Way: 0 Address: 0x133c920f6
  Set: 3 Way: 1 Address: 0x181c810c5
  Set: 4 Way: 0 Address: 0x133c92100
  Set: 4 Way: 1 Address: 0x181c81102
  Set: 5 Way: 0 Address: 0x181c81143
  Set: 6 Way: 0 Address: 0x181c81181
  Set: 7 Way: 0 Address: 0x2a48411fd
  Set: 7 Way: 1 Address: 0x181c811c3
  Set: 8 Way: 0 Address: 0x133c92236
  Set: 8 Way: 1 Address: 0x181c81204
  Set: 8 Way: 2 Address: 0x2a484121d
  Set: 9 Way: 0 Address: 0x2a4841270
  Set: 9 Way: 1 Address: 0x133c92260
  Set: 9 Way: 2 Address: 0x181c81242
  Set: 10 Way: 0 Address: 0x2a4841280
  Set: 10 Way: 1 Address: 0x133c922ae
  Set: 10 Way: 2 Address: 0x181c81283
  Set: 11 Way: 0 Address: 0x133c922e8
  Set: 11 Way: 1 Address: 0x2a48412c2
  Set: 11 Way: 2 Address: 0x181c812c5
  Set: 12 Way: 0 Address: 0x2a484132f
  Set: 12 Way: 1 Address: 0x133c9233a
  Set: 12 Way: 2 Address: 0x181c81302
  Set: 13 Way: 0 Address: 0x133c92370
  Set: 13 Way: 1 Address: 0x2a4841343
  Set: 13 Way: 2 Address: 0x181c81342
  Set: 14 Way: 0 Address: 0x133c923a0
  Set: 14 Way: 1 Address: 0x181c81382
  Set: 15 Way: 0 Address: 0x181c813c1
  Set: 16 Way: 0 Address: 0x133c92430
  Set: 16 Way: 1 Address: 0x181c81407
  Set: 17 Way: 0 Address: 0x133c9247d
  Set: 17 Way: 1 Address: 0x9cff2450
  Set: 17 Way: 2 Address: 0x181c81444
  Set: 18 Way: 0 Address: 0x133c924b9
  Set: 18 Way: 1 Address: 0x9cff2490
  Set: 18 Way: 2 Address: 0x181c81483
  Set: 19 Way: 0 Address: 0x133c924f8
  Set: 19 Way: 1 Address: 0x9cff24ea
  Set: 19 Way: 2 Address: 0x181c814fd
  Set: 20 Way: 0 Address: 0x133c9252a
  Set: 20 Way: 1 Address: 0x9cff2532
  Set: 20 Way: 2 Address: 0x181c81504
  Set: 20 Way: 3 Address: 0x168ef053b
  Set: 21 Way: 0 Address: 0x9cff2542
  Set: 21 Way: 1 Address: 0x133c92560
  Set: 21 Way: 2 Address: 0x181c81543
  Set: 21 Way: 3 Address: 0x168ef0543
  Set: 22 Way: 0 Address: 0x133c925b7
  Set: 22 Way: 1 Address: 0x9cff2580
  Set: 22 Way: 2 Address: 0x181c81581
  Set: 23 Way: 0 Address: 0x133c925c0
  Set: 23 Way: 1 Address: 0x9cff25e8
  Set: 23 Way: 2 Address: 0x181c815c2
  Set: 24 Way: 0 Address: 0x133c9262a
  Set: 24 Way: 1 Address: 0x9cff2603
  Set: 24 Way: 2 Address: 0x181c8163f
  Set: 25 Way: 0 Address: 0x133c92641
  Set: 25 Way: 1 Address: 0x9cff2670
  Set: 25 Way: 2 Address: 0x181c81642
  Set: 26 Way: 0 Address: 0x9cff2680
  Set: 26 Way: 1 Address: 0x133c926a6
  Set: 26 Way: 2 Address: 0x181c81683
  Set: 27 Way: 0 Address: 0x133c926ff
  Set: 27 Way: 1 Address: 0x181c816c8
  Set: 28 Way: 0 Address: 0x133c9272e
  Set: 28 Way: 1 Address: 0x181c81700
  Set: 29 Way: 0 Address: 0x133c9276c
  Set: 29 Way: 1 Address: 0x181c81742
  Set: 30 Way: 0 Address: 0x133c927b0
  Set: 30 Way: 1 Address: 0x181c81786
  Set: 31 Way: 0 Address: 0x133c927c1
  Set: 31 Way: 1 Address: 0x181c817ee
  Set: 32 Way: 0 Address: 0x133c92800
  Set: 32 Way: 1 Address: 0x181c81807
  Set: 33 Way: 0 Address: 0x181c81842
  Set: 34 Way: 0 Address: 0x181c81884
  Set: 35 Way: 0 Address: 0x181c818c6
  Set: 36 Way: 0 Address: 0x181c81939
  Set: 37 Way: 0 Address: 0x181c81941
  Set: 38 Way: 0 Address: 0x181c81987
  Set: 39 Way: 0 Address: 0x181c819c4
  Set: 40 Way: 0 Address: 0x181c81a03
  Set: 41 Way: 0 Address: 0x181c81a79
  Set: 42 Way: 0 Address: 0x181c81ab7
  Set: 43 Way: 0 Address: 0x181c81ac5
  Set: 44 Way: 0 Address: 0xb8004b33
  Set: 44 Way: 1 Address: 0x181c81b03
  Set: 45 Way: 0 Address: 0xb8004b5a
  Set: 45 Way: 1 Address: 0x181c81b46
  Set: 46 Way: 0 Address: 0xb8004bb0
  Set: 46 Way: 1 Address: 0x181c81b80
  Set: 47 Way: 0 Address: 0xc7078be0
  Set: 47 Way: 1 Address: 0xb8004bc2
  Set: 47 Way: 2 Address: 0x181c81bc2
  Set: 48 Way: 0 Address: 0xb8004c02
  Set: 48 Way: 1 Address: 0x181c81c08
  Set: 49 Way: 0 Address: 0xb8004c42
  Set: 49 Way: 1 Address: 0x181c81c45
  Set: 50 Way: 0 Address: 0xc7078c80
  Set: 50 Way: 1 Address: 0xb8004c82
  Set: 50 Way: 2 Address: 0x181c81c80
  Set: 51 Way: 0 Address: 0xc7078cfe
  Set: 51 Way: 1 Address: 0xb8004cc4
  Set: 51 Way: 2 Address: 0x181c81cfc
  Set: 52 Way: 0 Address: 0xb8004d02
  Set: 52 Way: 1 Address: 0x181c81d3d
  Set: 53 Way: 0 Address: 0xb8004d46
  Set: 53 Way: 1 Address: 0x181c81d41
  Set: 54 Way: 0 Address: 0xb8004d84
  Set: 54 Way: 1 Address: 0x181c81d81
  Set: 55 Way: 0 Address: 0xb8004dc1
  Set: 55 Way: 1 Address: 0x181c81dc4
  Set: 56 Way: 0 Address: 0xb8004e00
  Set: 56 Way: 1 Address: 0x181c81e2f
  Set: 56 Way: 2 Address: 0x342b40e24
  Set: 57 Way: 0 Address: 0xb8004e6a
  Set: 57 Way: 1 Address: 0x181c81e72
  Set: 57 Way: 2 Address: 0x342b40e7f
  Set: 58 Way: 0 Address: 0x23755deb0
  Set: 58 Way: 1 Address: 0xb8004ea6
  Set: 58 Way: 2 Address: 0x181c81e81
  Set: 58 Way: 3 Address: 0x342b40e82
  Set: 59 Way: 0 Address: 0x23755dee8
  Set: 59 Way: 1 Address: 0xb8004ec2
  Set: 59 Way: 2 Address: 0x342b40ef4
  Set: 59 Way: 3 Address: 0x181c81ec1
  Set: 60 Way: 0 Address: 0x23755df2e
  Set: 60 Way: 1 Address: 0xb8004f01
  Set: 60 Way: 2 Address: 0x342b40f35
  Set: 60 Way: 3 Address: 0x181c81f04
  Set: 61 Way: 0 Address: 0x23755df60
  Set: 61 Way: 1 Address: 0xb8004f42
  Set: 61 Way: 2 Address: 0x342b40f73
  Set: 61 Way: 3 Address: 0x181c81f6f
  Set: 62 Way: 0 Address: 0x23755dfa0
  Set: 62 Way: 1 Address: 0xb8004fae
  Set: 62 Way: 2 Address: 0x342b40f80
  Set: 62 Way: 3 Address: 0x181c81fb0
  Set: 63 Way: 0 Address: 0x23755dfc4
  Set: 63 Way: 1 Address: 0xb8004fc1
  Set: 63 Way: 2 Address: 0x342b40fc3
  Set: 63 Way: 3 Address: 0x181c81fe3
EndCache
Cache: cpu0_L1D
  Set: 0 Way: 0 Address: 0xdf85c000
  Set: 0 Way: 1 Address: 0x28b67e000
  Set: 0 Way: 2 Address: 0x195f15000
  Set: 0 Way: 3 Address: 0x19c791030
  Set: 1 Way: 0 Address: 0x1f919e050
  Set: 1 Way: 1 Address: 0x263c13048
  Set: 1 Way: 2 Address: 0x3c56b3060
  Set: 1 Way: 3 Address: 0x29484c058
  Set: 2 Way: 0 Address: 0x3734ee0a0
  Set: 2 Way: 1 Address: 0x2c077e094
  Set: 4 Way: 0 Address: 0x263c13130
  Set: 4 Way: 1 Address: 0x1aafb8130
  Set: 4 Way: 2 Address: 0x292959128
  Set: 4 Way: 3 Address: 0x29484c120
  Set: 4 Way: 4 Address: 0x6d0c2130
  Set: 4 Way: 5 Address: 0x3dae66120
  Set: 4 Way: 6 Address: 0x354d35130
  Set: 4 Way: 7 Address: 0x2177f011c
  Set: 4 Way: 8 Address: 0x3b0803128
  Set: 4 Way: 9 Address: 0xcf83b128
  Set: 5 Way: 0 Address: 0x19c791160
  Set: 7 Way: 0 Address: 0x3dae661c0
  Set: 7 Way: 1 Address: 0x3b08031c0
  Set: 10 Way: 0 Address: 0x3734ee298
  Set: 10 Way: 1 Address: 0x84896298
  Set: 10 Way: 2 Address: 0x20597e280
  Set: 10 Way: 3 Address: 0x19c791290
  Set: 11 Way: 0 Address: 0x27d4c62d0
  Set: 12 Way: 0 Address: 0x5588d330
  Set: 13 Way: 0 Address: 0x1995f2378
  Set: 14 Way: 0 Address: 0x1995f2388
  Set: 14 Way: 1 Address: 0x394edb398
  Set: 15 Way: 0 Address: 0x19c7913c0
  Set: 16 Way: 0 Address: 0x272585414
  Set: 18 Way: 0 Address: 0x3232f34b8
  Set: 18 Way: 1 Address: 0x2177f04b0
  Set: 19 Way: 0 Address: 0x2177f04c0
  Set: 19 Way: 1 Address: 0x1ab444f0
  Set: 20 Way: 0 Address: 0x38e35c514
  Set: 20 Way: 1 Address: 0x1ab4453c
  Set: 20 Way: 2 Address: 0x2c989851c
  Set: 21 Way: 0 Address: 0x12c6fc550
  Set: 21 Way: 1 Address: 0x1ab44560
  Set: 22 Way: 0 Address: 0x1ab4458c
  Set: 23 Way: 0 Address: 0x1ab445d0
  Set: 23 Way: 1 Address: 0xc67da5d8
  Set: 23 Way: 2 Address: 0x34a0e55d8
  Set: 24 Way: 0 Address: 0x19c791620
  Set: 26 Way: 0 Address: 0x2177f0694
  Set: 27 Way: 0 Address: 0x6d0c26e8
  Set: 27 Way: 1 Address: 0x143ef6fc
  Set: 27 Way: 2 Address: 0x211d166f8
  Set: 27 Way: 3 Address: 0x2db79e6f8
  Set: 27 Way: 4 Address: 0x28a9406d4
  Set: 28 Way: 0 Address: 0x143ef704
  Set: 28 Way: 1 Address: 0x6d0c2738
  Set: 28 Way: 2 Address: 0x276ff7738
  Set: 28 Way: 3 Address: 0x1add718
  Set: 28 Way: 4 Address: 0x1ab44720
  Set: 28 Way: 5 Address: 0x32502c738
  Set: 29 Way: 0 Address: 0x1ab44750
  Set: 29 Way: 1 Address: 0x34a873750
  Set: 29 Way: 2 Address: 0x2fa0c9750
  Set: 29 Way: 3 Address: 0x19c791750
  Set: 30 Way: 0 Address: 0x6e6207b4
  Set: 30 Way: 1 Address: 0x2177f0780
  Set: 30 Way: 2 Address: 0x1ab447a4
  Set: 30 Way: 3 Address: 0x3c1074780
  Set: 30 Way: 4 Address: 0x34a873780
  Set: 31 Way: 0 Address: 0x28b67e7f8
  Set: 31 Way: 1 Address: 0x2015987f8
  Set: 31 Way: 2 Address: 0x1c084e7c4
  Set: 31 Way: 3 Address: 0x6e6207c8
  Set: 31 Way: 4 Address: 0x1ab447f0
  Set: 32 Way: 0 Address: 0x2ee369810
  Set: 32 Way: 1 Address: 0x1ab44810
  Set: 33 Way: 0 Address: 0x1ab44868
  Set: 34 Way: 0 Address: 0x14bb108a4
  Set: 34 Way: 1 Address: 0x1ab44890
  Set: 34 Way: 2 Address: 0x19c791880
  Set: 35 Way: 0 Address: 0x14bb108f0
  Set: 35 Way: 1 Address: 0xc0d9b8fc
  Set: 35 Way: 2 Address: 0x2c87498c4
  Set: 37 Way: 0 Address: 0xee86f970
  Set: 37 Way: 1 Address: 0x2fa0c9978
  Set: 37 Way: 2 Address: 0xc67da978
  Set: 37 Way: 3 Address: 0x34a0e5970
  Set: 37 Way: 4 Address: 0x260091970
  Set: 38 Way: 0 Address: 0x12c6fc980
  Set: 38 Way: 1 Address: 0x3c1074980
  Set: 38 Way: 2 Address: 0xee86f98c
  Set: 41 Way: 0 Address: 0x3bdd78a54
  Set: 41 Way: 1 Address: 0xe51bda5c
  Set: 42 Way: 0 Address: 0x2f5d8ea98
  Set: 42 Way: 1 Address: 0x22272faa4
  Set: 43 Way: 0 Address: 0x22272fac4
  Set: 44 Way: 0 Address: 0x16390fb30
  Set: 44 Way: 1 Address: 0x6d0c2b38
  Set: 44 Way: 2 Address: 0x211d16b38
  Set: 44 Way: 3 Address: 0x22272fb08
  Set: 49 Way: 0 Address: 0x2177f0c58
  Set: 49 Way: 1 Address: 0x3d87a6c74
  Set: 50 Way: 0 Address: 0x211d16cb8
  Set: 50 Way: 1 Address: 0x3b377bcb8
  Set: 51 Way: 0 Address: 0x143efcd8
  Set: 51 Way: 1 Address: 0x2b2e93cf8
  Set: 51 Way: 2 Address: 0x23756fcf8
  Set: 51 Way: 3 Address: 0x62d12cd4
  Set: 51 Way: 4 Address: 0x1b0f15cc8
  Set: 51 Way: 5 Address: 0x7d0eecc8
  Set: 53 Way: 0 Address: 0x3de4d4d60
  Set: 53 Way: 1 Address: 0x223edad58
  Set: 53 Way: 2 Address: 0x2b2e93d68
  Set: 54 Way: 0 Address: 0x223edad80
  Set: 54 Way: 1 Address: 0x1064c2d80
  Set: 54 Way: 2 Address: 0x312099d88
  Set: 54 Way: 3 Address: 0x32f48cd90
  Set: 55 Way: 0 Address: 0x2db79edc0
  Set: 55 Way: 1 Address: 0x1b0f15dc0
  Set: 57 Way: 0 Address: 0x257713e64
  Set: 57 Way: 1 Address: 0x31be12e78
  Set: 57 Way: 2 Address: 0xb84a9e78
  Set: 59 Way: 0 Address: 0x23756fee8
  Set: 59 Way: 1 Address: 0x31be12ee8
  Set: 60 Way: 0 Address: 0xf6e81f08
  Set: 60 Way: 1 Address: 0x1ae2ccf00
  Set: 61 Way: 0 Address: 0x211d16f68
  Set: 61 Way: 1 Address: 0xbeea7f68
  Set: 62 Way: 0 Address: 0x1d89daf90
  Set: 62 Way: 1 Address: 0x397bb4f98
  Set: 62 Way: 2 Address: 0x143effb0
  Set: 63 Way: 0 Address: 0x309887fc0
EndCache
Cache: cpu0_ITLB
  Set: 0 Way: 0 Address: 0x13b0f73
  Set: 1 Way: 0 Address: 0x13b102f
  Set: 2 Way: 0 Address: 0x15f2542
  Set: 2 Way: 1 Address: 0x13b2083
  Set: 3 Way: 0 Address: 0x15f3be0
  Set: 5 Way: 0 Address: 0x1625fc0
  Set: 6 Way: 0 Address: 0x1626253
  Set: 11 Way: 0 Address: 0x13abb5a
  Set: 12 Way: 0 Address: 0x13ac32f
EndCache
Cache: cpu0_DTLB
  Set: 0 Way: 0 Address: 0x4d30330
  Set: 0 Way: 1 Address: 0x4a508c4
  Set: 0 Way: 2 Address: 0x4cf0414
  Set: 1 Way: 0 Address: 0x17e1810
  Set: 3 Way: 0 Address: 0x7ffe2a67358c
  Set: 3 Way: 1 Address: 0x16e38a4
  Set: 3 Way: 2 Address: 0x1853aa0
  Set: 4 Way: 0 Address: 0x1814388
  Set: 6 Way: 0 Address: 0x1766970
  Set: 7 Way: 0 Address: 0x16e77b4
  Set: 7 Way: 1 Address: 0x17674c0
  Set: 7 Way: 2 Address: 0x17974b8
  Set: 8 Way: 0 Address: 0x17b88fc
  Set: 9 Way: 0 Address: 0x1799a5c
  Set: 10 Way: 0 Address: 0x4caa514
  Set: 10 Way: 1 Address: 0x705ac74
  Set: 10 Way: 2 Address: 0x4cea6d4
  Set: 11 Way: 0 Address: 0x4cbbcd4
  Set: 13 Way: 0 Address: 0x16dd6fc
  Set: 13 Way: 1 Address: 0x49ad7c4
  Set: 13 Way: 2 Address: 0x17ed51c
  Set: 13 Way: 3 Address: 0x49dd094
  Set: 14 Way: 0 Address: 0x4d2ef00
  Set: 15 Way: 0 Address: 0x16dfa54
  Set: 15 Way: 1 Address: 0x499fe64
  Set: 15 Way: 2 Address: 0x4d2f750
  Set: 15 Way: 3 Address: 0x49cf738
EndCache
Cache: LLC
  Set: 27 Way: 0 Address: 0x28a9406d4
  Set: 30 Way: 0 Address: 0x6e6207b4
  Set: 31 Way: 0 Address: 0x6e6207c8
  Set: 32 Way: 0 Address: 0x6e620800
  Set: 56 Way: 0 Address: 0x342b40e24
  Set: 57 Way: 0 Address: 0x342b40e7f
  Set: 58 Way: 0 Address: 0x342b40e82
  Set: 59 Way: 0 Address: 0x342b40ef4
  Set: 60 Way: 0 Address: 0x342b40f07
  Set: 61 Way: 0 Address: 0x342b40f42
  Set: 62 Way: 0 Address: 0x342b40f80
  Set: 63 Way: 0 Address: 0x342b40fc0
  Set: 64 Way: 0 Address: 0x2a4841003
  Set: 64 Way: 1 Address: 0x181c81008
  Set: 65 Way: 0 Address: 0x2a484106a
  Set: 65 Way: 1 Address: 0x181c81040
  Set: 66 Way: 0 Address: 0x2a4841084
  Set: 66 Way: 1 Address: 0x181c81080
  Set: 67 Way: 0 Address: 0x181c810c0
  Set: 68 Way: 0 Address: 0x181c81100
  Set: 69 Way: 0 Address: 0x181c81140
  Set: 70 Way: 0 Address: 0x181c81180
  Set: 71 Way: 0 Address: 0x2a48411d3
  Set: 71 Way: 1 Address: 0x181c811c0
  Set: 72 Way: 0 Address: 0x181c81200
  Set: 72 Way: 1 Address: 0x2a4841200
  Set: 73 Way: 0 Address: 0x2a4841270
  Set: 73 Way: 1 Address: 0x181c81240
  Set: 74 Way: 0 Address: 0x2a4841280
  Set: 74 Way: 1 Address: 0x181c81280
  Set: 75 Way: 0 Address: 0x2a48412c2
  Set: 75 Way: 1 Address: 0x181c812c0
  Set: 76 Way: 0 Address: 0x2a4841301
  Set: 76 Way: 1 Address: 0x181c81300
  Set: 77 Way: 0 Address: 0x2a4841343
  Set: 77 Way: 1 Address: 0x181c81340
  Set: 78 Way: 0 Address: 0x181c81380
  Set: 79 Way: 0 Address: 0x181c813c0
  Set: 80 Way: 0 Address: 0x181c81400
  Set: 81 Way: 0 Address: 0x181c81440
  Set: 82 Way: 0 Address: 0x181c81480
  Set: 83 Way: 0 Address: 0x181c814c0
  Set: 84 Way: 0 Address: 0x181c81500
  Set: 85 Way: 0 Address: 0x181c81540
  Set: 86 Way: 0 Address: 0x181c81580
  Set: 87 Way: 0 Address: 0x181c815c0
  Set: 88 Way: 0 Address: 0x181c81600
  Set: 89 Way: 0 Address: 0x181c81640
  Set: 90 Way: 0 Address: 0x181c81680
  Set: 91 Way: 0 Address: 0x181c816c0
  Set: 92 Way: 0 Address: 0x181c81700
  Set: 93 Way: 0 Address: 0x181c81740
  Set: 94 Way: 0 Address: 0x181c81780
  Set: 95 Way: 0 Address: 0x181c817c0
  Set: 96 Way: 0 Address: 0x181c81800
  Set: 97 Way: 0 Address: 0x181c81840
  Set: 98 Way: 0 Address: 0x181c81880
  Set: 99 Way: 0 Address: 0x181c818c0
  Set: 100 Way: 0 Address: 0x181c81900
  Set: 101 Way: 0 Address: 0x181c81940
  Set: 102 Way: 0 Address: 0x181c81980
  Set: 103 Way: 0 Address: 0x181c819c0
  Set: 104 Way: 0 Address: 0x181c81a00
  Set: 105 Way: 0 Address: 0x181c81a40
  Set: 106 Way: 0 Address: 0x181c81a80
  Set: 107 Way: 0 Address: 0x181c81ac0
  Set: 108 Way: 0 Address: 0x181c81b00
  Set: 109 Way: 0 Address: 0x181c81b40
  Set: 110 Way: 0 Address: 0x181c81b80
  Set: 111 Way: 0 Address: 0x181c81bc0
  Set: 112 Way: 0 Address: 0x181c81c00
  Set: 113 Way: 0 Address: 0x181c81c40
  Set: 114 Way: 0 Address: 0x181c81c80
  Set: 115 Way: 0 Address: 0x181c81cc0
  Set: 116 Way: 0 Address: 0x181c81d00
  Set: 117 Way: 0 Address: 0x181c81d40
  Set: 118 Way: 0 Address: 0x181c81d80
  Set: 119 Way: 0 Address: 0x181c81dc0
  Set: 120 Way: 0 Address: 0x181c81e00
  Set: 121 Way: 0 Address: 0x181c81e40
  Set: 122 Way: 0 Address: 0x181c81e80
  Set: 123 Way: 0 Address: 0x181c81ec0
  Set: 124 Way: 0 Address: 0xf6e81f08
  Set: 124 Way: 1 Address: 0x181c81f00
  Set: 125 Way: 0 Address: 0x181c81f40
  Set: 126 Way: 0 Address: 0x181c81f80
  Set: 127 Way: 0 Address: 0x181c81fc0
  Set: 132 Way: 0 Address: 0x6d0c2130
  Set: 155 Way: 0 Address: 0x6d0c26e8
  Set: 156 Way: 0 Address: 0x6d0c2738
  Set: 172 Way: 0 Address: 0x6d0c2b38
  Set: 182 Way: 0 Address: 0x1064c2d80
  Set: 196 Way: 0 Address: 0x3b0803128
  Set: 199 Way: 0 Address: 0x3b08031c0
  Set: 275 Way: 0 Address: 0x1ab444f8
  Set: 276 Way: 0 Address: 0x1ab44528
  Set: 277 Way: 0 Address: 0x1ab44564
  Set: 278 Way: 0 Address: 0x1ab4459c
  Set: 279 Way: 0 Address: 0x1ab445c0
  Set: 280 Way: 0 Address: 0x1ab44600
  Set: 281 Way: 0 Address: 0x1ab44640
  Set: 282 Way: 0 Address: 0x1ab44680
  Set: 283 Way: 0 Address: 0x1ab446c0
  Set: 284 Way: 0 Address: 0x1ab44700
  Set: 285 Way: 0 Address: 0x1ab44740
  Set: 286 Way: 0 Address: 0x1ab44780
  Set: 287 Way: 0 Address: 0x1ab447f0
  Set: 288 Way: 0 Address: 0x1ab44810
  Set: 289 Way: 0 Address: 0x1ab44870
  Set: 290 Way: 0 Address: 0x1ab44890
  Set: 300 Way: 0 Address: 0xb8004b30
  Set: 301 Way: 0 Address: 0xb8004b41
  Set: 302 Way: 0 Address: 0xb8004b82
  Set: 303 Way: 0 Address: 0xb8004bc2
  Set: 304 Way: 0 Address: 0xb8004c02
  Set: 305 Way: 0 Address: 0xb8004c40
  Set: 306 Way: 0 Address: 0xb8004c80
  Set: 307 Way: 0 Address: 0xb8004cc4
  Set: 308 Way: 0 Address: 0xb8004d02
  Set: 309 Way: 0 Address: 0xb8004d40
  Set: 310 Way: 0 Address: 0xb8004d84
  Set: 311 Way: 0 Address: 0xb8004dc0
  Set: 312 Way: 0 Address: 0xb8004e00
  Set: 313 Way: 0 Address: 0xb8004e45
  Set: 314 Way: 0 Address: 0xb8004e81
  Set: 315 Way: 0 Address: 0xb8004ec2
  Set: 316 Way: 0 Address: 0xb8004f00
  Set: 317 Way: 0 Address: 0xb8004f42
  Set: 318 Way: 0 Address: 0xb8004f80
  Set: 319 Way: 0 Address: 0xb8004fc1
  Set: 336 Way: 0 Address: 0x272585414
  Set: 343 Way: 0 Address: 0x34a0e55d8
  Set: 357 Way: 0 Address: 0x34a0e5970
  Set: 388 Way: 0 Address: 0x3dae66120
  Set: 391 Way: 0 Address: 0x3dae661c0
  Set: 395 Way: 0 Address: 0x27d4c62d0
  Set: 433 Way: 0 Address: 0x3d87a6c74
  Set: 509 Way: 0 Address: 0xbeea7f68
  Set: 511 Way: 0 Address: 0x309887fc0
  Set: 605 Way: 0 Address: 0x2fa0c9750
  Set: 608 Way: 0 Address: 0x2ee36980c
  Set: 611 Way: 0 Address: 0x2c87498c4
  Set: 613 Way: 0 Address: 0x2fa0c9978
  Set: 633 Way: 0 Address: 0xb84a9e78
  Set: 769 Way: 0 Address: 0x29484c058
  Set: 772 Way: 0 Address: 0x29484c120
  Set: 796 Way: 0 Address: 0x32502c738
  Set: 822 Way: 0 Address: 0x32f48cd90
  Set: 828 Way: 0 Address: 0x1ae2ccf00
  Set: 844 Way: 0 Address: 0x5588d330
  Set: 898 Way: 0 Address: 0x3734ee0a0
  Set: 906 Way: 0 Address: 0x3734ee298
  Set: 927 Way: 0 Address: 0x1c084e7c4
  Set: 938 Way: 0 Address: 0x2f5d8ea98
  Set: 947 Way: 0 Address: 0x7d0eecc8
  Set: 987 Way: 0 Address: 0x143ef6fc
  Set: 988 Way: 0 Address: 0x143ef704
  Set: 997 Way: 0 Address: 0xee86f970
  Set: 998 Way: 0 Address: 0xee86f98c
  Set: 999 Way: 0 Address: 0xee86f9c0
  Set: 1002 Way: 0 Address: 0x22272faa8
  Set: 1003 Way: 0 Address: 0x22272fad4
  Set: 1004 Way: 0 Address: 0x16390fb30
  Set: 1004 Way: 1 Address: 0x22272fb00
  Set: 1005 Way: 0 Address: 0x22272fb40
  Set: 1011 Way: 0 Address: 0x143efcd8
  Set: 1011 Way: 1 Address: 0x23756fcf8
  Set: 1019 Way: 0 Address: 0x23756fee8
  Set: 1022 Way: 0 Address: 0x143effb0
  Set: 1024 Way: 0 Address: 0x168ef0005
  Set: 1025 Way: 0 Address: 0x168ef0040
  Set: 1026 Way: 0 Address: 0x168ef0083
  Set: 1027 Way: 0 Address: 0x168ef00c0
  Set: 1028 Way: 0 Address: 0x2177f011c
  Set: 1028 Way: 1 Address: 0x168ef0100
  Set: 1029 Way: 0 Address: 0x168ef0140
  Set: 1030 Way: 0 Address: 0x168ef0180
  Set: 1031 Way: 0 Address: 0x168ef01c0
  Set: 1032 Way: 0 Address: 0x168ef0200
  Set: 1033 Way: 0 Address: 0x168ef0240
  Set: 1034 Way: 0 Address: 0x168ef0280
  Set: 1035 Way: 0 Address: 0x168ef02c0
  Set: 1036 Way: 0 Address: 0x168ef0300
  Set: 1042 Way: 0 Address: 0x2177f04b0
  Set: 1043 Way: 0 Address: 0x2177f04c0
  Set: 1044 Way: 0 Address: 0x168ef053b
  Set: 1045 Way: 0 Address: 0x168ef0543
  Set: 1050 Way: 0 Address: 0x2177f0694
  Set: 1054 Way: 0 Address: 0x2177f0780
  Set: 1058 Way: 0 Address: 0x14bb108a4
  Set: 1059 Way: 0 Address: 0x14bb108f0
  Set: 1060 Way: 0 Address: 0x14bb10900
  Set: 1073 Way: 0 Address: 0x2177f0c58
  Set: 1088 Way: 0 Address: 0x19c791030
  Set: 1089 Way: 0 Address: 0x19c791040
  Set: 1090 Way: 0 Address: 0x19c791080
  Set: 1091 Way: 0 Address: 0x19c7910c0
  Set: 1092 Way: 0 Address: 0x19c791100
  Set: 1093 Way: 0 Address: 0x19c791160
  Set: 1094 Way: 0 Address: 0x19c791180
  Set: 1095 Way: 0 Address: 0x19c7911c0
  Set: 1096 Way: 0 Address: 0x19c791200
  Set: 1097 Way: 0 Address: 0x19c791240
  Set: 1098 Way: 0 Address: 0x19c791290
  Set: 1099 Way: 0 Address: 0x19c7912c0
  Set: 1100 Way: 0 Address: 0x19c791300
  Set: 1103 Way: 0 Address: 0x19c7913c0
  Set: 1112 Way: 0 Address: 0x19c791620
  Set: 1117 Way: 0 Address: 0x19c791750
  Set: 1122 Way: 0 Address: 0x19c791880
  Set: 1125 Way: 0 Address: 0x260091970
  Set: 1152 Way: 0 Address: 0x133c92000
  Set: 1153 Way: 0 Address: 0x133c92050
  Set: 1155 Way: 0 Address: 0x133c920c8
  Set: 1156 Way: 0 Address: 0x133c92100
  Set: 1160 Way: 0 Address: 0x133c92220
  Set: 1161 Way: 0 Address: 0x133c92242
  Set: 1162 Way: 0 Address: 0x133c92281
  Set: 1163 Way: 0 Address: 0x133c922c2
  Set: 1164 Way: 0 Address: 0x133c92301
  Set: 1165 Way: 0 Address: 0x1995f2378
  Set: 1165 Way: 1 Address: 0x133c92370
  Set: 1166 Way: 0 Address: 0x1995f2388
  Set: 1166 Way: 1 Address: 0x133c923a0
  Set: 1168 Way: 0 Address: 0x133c92430
  Set: 1169 Way: 0 Address: 0x133c92447
  Set: 1169 Way: 1 Address: 0x9cff2450
  Set: 1170 Way: 0 Address: 0x133c92481
  Set: 1170 Way: 1 Address: 0x9cff2490
  Set: 1171 Way: 0 Address: 0x133c924c1
  Set: 1171 Way: 1 Address: 0x9cff24c2
  Set: 1172 Way: 0 Address: 0x133c92507
  Set: 1172 Way: 1 Address: 0x9cff2502
  Set: 1173 Way: 0 Address: 0x9cff2542
  Set: 1173 Way: 1 Address: 0x133c92541
  Set: 1174 Way: 0 Address: 0x133c92582
  Set: 1174 Way: 1 Address: 0x9cff2580
  Set: 1175 Way: 0 Address: 0x133c925c0
  Set: 1175 Way: 1 Address: 0x9cff25e8
  Set: 1176 Way: 0 Address: 0x133c92600
  Set: 1176 Way: 1 Address: 0x9cff2603
  Set: 1177 Way: 0 Address: 0x133c92641
  Set: 1177 Way: 1 Address: 0x9cff2670
  Set: 1178 Way: 0 Address: 0x9cff2680
  Set: 1178 Way: 1 Address: 0x133c92681
  Set: 1179 Way: 0 Address: 0x133c926c4
  Set: 1180 Way: 0 Address: 0x133c92703
  Set: 1181 Way: 0 Address: 0x133c92742
  Set: 1182 Way: 0 Address: 0x133c927b0
  Set: 1183 Way: 0 Address: 0x133c927c1
  Set: 1184 Way: 0 Address: 0x133c92800
  Set: 1203 Way: 0 Address: 0x62d12cd4
  Set: 1209 Way: 0 Address: 0x31be12e78
  Set: 1211 Way: 0 Address: 0x31be12ee8
  Set: 1217 Way: 0 Address: 0x263c13048
  Set: 1217 Way: 1 Address: 0x3c56b3060
  Set: 1220 Way: 0 Address: 0x263c13130
  Set: 1234 Way: 0 Address: 0x3232f34b8
  Set: 1245 Way: 0 Address: 0x34a873750
  Set: 1246 Way: 0 Address: 0x34a873780
  Set: 1267 Way: 0 Address: 0x2b2e93cf8
  Set: 1269 Way: 0 Address: 0x2b2e93d68
  Set: 1273 Way: 0 Address: 0x257713e64
  Set: 1310 Way: 0 Address: 0x3c1074780
  Set: 1318 Way: 0 Address: 0x3c1074980
  Set: 1333 Way: 0 Address: 0x3de4d4d60
  Set: 1342 Way: 0 Address: 0x397bb4f98
  Set: 1344 Way: 0 Address: 0x195f15000
  Set: 1348 Way: 0 Address: 0x354d35130
  Set: 1395 Way: 0 Address: 0x1b0f15cc8
  Set: 1399 Way: 0 Address: 0x1b0f15dc0
  Set: 1418 Way: 0 Address: 0x84896298
  Set: 1435 Way: 0 Address: 0x211d166f8
  Set: 1452 Way: 0 Address: 0x211d16b38
  Set: 1458 Way: 0 Address: 0x211d16cb8
  Set: 1469 Way: 0 Address: 0x211d16f68
  Set: 1500 Way: 0 Address: 0x276ff7738
  Set: 1540 Way: 0 Address: 0x1aafb8130
  Set: 1556 Way: 0 Address: 0x2c989851c
  Set: 1567 Way: 0 Address: 0x2015987f8
  Set: 1577 Way: 0 Address: 0x3bdd78a54
  Set: 1583 Way: 0 Address: 0xc7078be0
  Set: 1586 Way: 0 Address: 0xc7078c80
  Set: 1587 Way: 0 Address: 0xc7078cfe
  Set: 1604 Way: 0 Address: 0x292959128
  Set: 1654 Way: 0 Address: 0x312099d88
  Set: 1687 Way: 0 Address: 0xc67da5d8
  Set: 1701 Way: 0 Address: 0xc67da978
  Set: 1717 Way: 0 Address: 0x223edad58
  Set: 1718 Way: 0 Address: 0x223edad80
  Set: 1726 Way: 0 Address: 0x1d89daf90
  Set: 1732 Way: 0 Address: 0xcf83b128
  Set: 1742 Way: 0 Address: 0x394edb398
  Set: 1763 Way: 0 Address: 0xc0d9b8fc
  Set: 1778 Way: 0 Address: 0x3b377bcb8
  Set: 1792 Way: 0 Address: 0xdf85c000
  Set: 1812 Way: 0 Address: 0x38e35c514
  Set: 1813 Way: 0 Address: 0x12c6fc550
  Set: 1830 Way: 0 Address: 0x12c6fc980
  Set: 1884 Way: 0 Address: 0x1add718
  Set: 1897 Way: 0 Address: 0xe51bda5c
  Set: 1914 Way: 0 Address: 0x23755deb0
  Set: 1915 Way: 0 Address: 0x23755dee8
  Set: 1916 Way: 0 Address: 0x23755df01
  Set: 1917 Way: 0 Address: 0x23755df60
  Set: 1918 Way: 0 Address: 0x23755df82
  Set: 1919 Way: 0 Address: 0x23755dfc0
  Set: 1920 Way: 0 Address: 0x28b67e000
  Set: 1921 Way: 0 Address: 0x1f919e050
  Set: 1922 Way: 0 Address: 0x2c077e094
  Set: 1930 Way: 0 Address: 0x20597e280
  Set: 1947 Way: 0 Address: 0x2db79e6f8
  Set: 1951 Way: 0 Address: 0x28b67e7f8
  Set: 1975 Way: 0 Address: 0x2db79edc0
EndCache
