Cache: cpu0_STLB
  Set: 20 Way: 0 Address: 0x1814394
  Set: 23 Way: 0 Address: 0x17974b8
  Set: 25 Way: 0 Address: 0x1799a5c
  Set: 31 Way: 0 Address: 0x499fdc4
  Set: 37 Way: 0 Address: 0x1625f91
  Set: 38 Way: 0 Address: 0x16260c8
  Set: 42 Way: 0 Address: 0x4caa474
  Set: 43 Way: 0 Address: 0x13abec7
  Set: 44 Way: 0 Address: 0x13ac003
  Set: 45 Way: 0 Address: 0x49ad724
  Set: 46 Way: 0 Address: 0x4d2ef90
  Set: 47 Way: 0 Address: 0x4d2f7e0
  Set: 48 Way: 0 Address: 0x4d30290
  Set: 48 Way: 1 Address: 0x13b0ef4
  Set: 49 Way: 0 Address: 0x13b1008
  Set: 50 Way: 0 Address: 0x13b2005
  Set: 56 Way: 0 Address: 0x17b88fc
  Set: 59 Way: 0 Address: 0x4cbbc34
  Set: 79 Way: 0 Address: 0x49cf698
  Set: 80 Way: 0 Address: 0x4a50824
  Set: 83 Way: 0 Address: 0x1853aac
  Set: 90 Way: 0 Address: 0x705abd4
  Set: 92 Way: 0 Address: 0x49dcff4
  Set: 93 Way: 0 Address: 0x16dd704
  Set: 95 Way: 0 Address: 0x16dfa54
  Set: 97 Way: 0 Address: 0x17e1818
  Set: 99 Way: 0 Address: 0x16e38a4
  Set: 102 Way: 0 Address: 0x1766950
  Set: 103 Way: 0 Address: 0x17674c0
  Set: 103 Way: 1 Address: 0x16e77b8
  Set: 106 Way: 0 Address: 0x4cea634
  Set: 109 Way: 0 Address: 0x17ed51c
  Set: 112 Way: 0 Address: 0x4cf0374
  Set: 114 Way: 0 Address: 0x15f2450
  Set: 115 Way: 0 Address: 0x15f3c80
  Set: 115 Way: 1 Address: 0x7ffe2a673528
EndCache
Cache: cpu0_L2C
  Set: 2 Way: 0 Address: 0x2177f00a0
  Set: 3 Way: 0 Address: 0x168ef00c0
  Set: 7 Way: 0 Address: 0x168ef01f0
  Set: 10 Way: 0 Address: 0x342b40290
  Set: 12 Way: 0 Address: 0x168ef0320
  Set: 19 Way: 0 Address: 0x14bb104f8
  Set: 20 Way: 0 Address: 0x14bb10528
  Set: 21 Way: 0 Address: 0x14bb1055c
  Set: 22 Way: 0 Address: 0x14bb105a4
  Set: 22 Way: 1 Address: 0x168ef0580
  Set: 23 Way: 0 Address: 0x14bb105c0
  Set: 26 Way: 0 Address: 0x168ef06b0
  Set: 28 Way: 0 Address: 0x14bb10720
  Set: 29 Way: 0 Address: 0x14bb10750
  Set: 29 Way: 1 Address: 0x28a940750
  Set: 30 Way: 0 Address: 0x14bb107a4
  Set: 30 Way: 1 Address: 0x28a940780
  Set: 31 Way: 0 Address: 0x14bb107f0
  Set: 31 Way: 1 Address: 0x168ef07e0
  Set: 32 Way: 0 Address: 0x14bb10810
  Set: 33 Way: 0 Address: 0x14bb10870
  Set: 34 Way: 0 Address: 0x14bb10890
  Set: 35 Way: 0 Address: 0x6e6208fc
  Set: 87 Way: 0 Address: 0x2600915d8
  Set: 93 Way: 0 Address: 0x19c791750
  Set: 101 Way: 0 Address: 0x19c791978
  Set: 101 Way: 1 Address: 0x260091970
  Set: 108 Way: 0 Address: 0xf6e81b30
  Set: 115 Way: 0 Address: 0x181c81cf8
  Set: 123 Way: 0 Address: 0x181c81ee0
  Set: 129 Way: 0 Address: 0x9cff2058
  Set: 146 Way: 0 Address: 0x133c924b8
  Set: 155 Way: 0 Address: 0x6d0c26e8
  Set: 176 Way: 0 Address: 0x31be12c34
  Set: 179 Way: 0 Address: 0x1064c2cf8
  Set: 181 Way: 0 Address: 0x1c84e2d58
  Set: 181 Way: 1 Address: 0x1064c2d68
  Set: 182 Way: 0 Address: 0x62d12d90
  Set: 190 Way: 0 Address: 0x1995f2f90
  Set: 192 Way: 0 Address: 0x257713008
  Set: 193 Way: 0 Address: 0x3c56b3050
  Set: 193 Way: 1 Address: 0x257713040
  Set: 194 Way: 0 Address: 0x257713080
  Set: 195 Way: 0 Address: 0x2577130c5
  Set: 196 Way: 0 Address: 0x34a873128
  Set: 196 Way: 1 Address: 0x257713102
  Set: 197 Way: 0 Address: 0x257713143
  Set: 198 Way: 0 Address: 0x257713181
  Set: 199 Way: 0 Address: 0x2577131c3
  Set: 200 Way: 0 Address: 0x257713204
  Set: 201 Way: 0 Address: 0x257713242
  Set: 202 Way: 0 Address: 0x257713283
  Set: 203 Way: 0 Address: 0x2577132c5
  Set: 204 Way: 0 Address: 0x257713302
  Set: 205 Way: 0 Address: 0x257713342
  Set: 206 Way: 0 Address: 0x257713382
  Set: 207 Way: 0 Address: 0x2577133c1
  Set: 208 Way: 0 Address: 0x257713400
  Set: 209 Way: 0 Address: 0x257713440
  Set: 210 Way: 0 Address: 0x257713480
  Set: 211 Way: 0 Address: 0x2577134c2
  Set: 212 Way: 0 Address: 0x257713504
  Set: 213 Way: 0 Address: 0x257713543
  Set: 214 Way: 0 Address: 0x257713581
  Set: 215 Way: 0 Address: 0x2577135c0
  Set: 216 Way: 0 Address: 0x257713601
  Set: 217 Way: 0 Address: 0x257713642
  Set: 218 Way: 0 Address: 0x257713680
  Set: 219 Way: 0 Address: 0x2577136c0
  Set: 220 Way: 0 Address: 0x3b0803724
  Set: 220 Way: 1 Address: 0x257713700
  Set: 221 Way: 0 Address: 0x257713742
  Set: 222 Way: 0 Address: 0x3232f3780
  Set: 222 Way: 1 Address: 0x257713786
  Set: 223 Way: 0 Address: 0x2577137c1
  Set: 224 Way: 0 Address: 0x257713807
  Set: 225 Way: 0 Address: 0x257713840
  Set: 226 Way: 0 Address: 0x257713880
  Set: 227 Way: 0 Address: 0x2577138c0
  Set: 228 Way: 0 Address: 0x257713902
  Set: 229 Way: 0 Address: 0x257713941
  Set: 230 Way: 0 Address: 0x3232f3980
  Set: 230 Way: 1 Address: 0x257713987
  Set: 231 Way: 0 Address: 0x2577139c0
  Set: 232 Way: 0 Address: 0x257713a00
  Set: 233 Way: 0 Address: 0x257713a42
  Set: 234 Way: 0 Address: 0x2b2e93a98
  Set: 234 Way: 1 Address: 0x257713a81
  Set: 235 Way: 0 Address: 0x257713ac0
  Set: 236 Way: 0 Address: 0x257713b00
  Set: 237 Way: 0 Address: 0x257713b46
  Set: 238 Way: 0 Address: 0x257713b80
  Set: 239 Way: 0 Address: 0x257713bc2
  Set: 240 Way: 0 Address: 0x257713c00
  Set: 241 Way: 0 Address: 0x257713c40
  Set: 242 Way: 0 Address: 0x257713c80
  Set: 243 Way: 0 Address: 0x257713cc0
  Set: 244 Way: 0 Address: 0x257713d02
  Set: 245 Way: 0 Address: 0x257713d41
  Set: 246 Way: 0 Address: 0x257713d81
  Set: 247 Way: 0 Address: 0x257713dc0
  Set: 248 Way: 0 Address: 0x257713e00
  Set: 249 Way: 0 Address: 0x257713e42
  Set: 250 Way: 0 Address: 0x257713e81
  Set: 251 Way: 0 Address: 0x257713ec0
  Set: 252 Way: 0 Address: 0x257713f00
  Set: 253 Way: 0 Address: 0x257713f41
  Set: 254 Way: 0 Address: 0x257713f80
  Set: 255 Way: 0 Address: 0x257713fc3
  Set: 256 Way: 0 Address: 0x129934000
  Set: 259 Way: 0 Address: 0x1299340c8
  Set: 260 Way: 0 Address: 0x397bb4128
  Set: 260 Way: 1 Address: 0x129934100
  Set: 264 Way: 0 Address: 0x129934220
  Set: 265 Way: 0 Address: 0x129934242
  Set: 266 Way: 0 Address: 0x129934281
  Set: 267 Way: 0 Address: 0x1299342c2
  Set: 268 Way: 0 Address: 0x129934301
  Set: 269 Way: 0 Address: 0x129934370
  Set: 270 Way: 0 Address: 0x1299343a0
  Set: 272 Way: 0 Address: 0x129934435
  Set: 273 Way: 0 Address: 0x129934447
  Set: 274 Way: 0 Address: 0x129934481
  Set: 275 Way: 0 Address: 0x1299344c1
  Set: 276 Way: 0 Address: 0x129934507
  Set: 277 Way: 0 Address: 0x129934541
  Set: 278 Way: 0 Address: 0x129934582
  Set: 279 Way: 0 Address: 0x1299345c0
  Set: 280 Way: 0 Address: 0x129934603
  Set: 281 Way: 0 Address: 0x129934641
  Set: 282 Way: 0 Address: 0x129934681
  Set: 282 Way: 1 Address: 0x6b744698
  Set: 283 Way: 0 Address: 0x1299346c1
  Set: 284 Way: 0 Address: 0x129934703
  Set: 285 Way: 0 Address: 0x129934742
  Set: 286 Way: 0 Address: 0x1299347b0
  Set: 286 Way: 1 Address: 0x1ab447b8
  Set: 287 Way: 0 Address: 0x1299347c1
  Set: 287 Way: 1 Address: 0x1ab447c8
  Set: 288 Way: 0 Address: 0x129934800
  Set: 297 Way: 0 Address: 0x3c1074a54
  Set: 303 Way: 0 Address: 0xb8004be0
  Set: 306 Way: 0 Address: 0xb8004c80
  Set: 307 Way: 0 Address: 0xb8004cfe
  Set: 324 Way: 0 Address: 0x1b0f15120
  Set: 330 Way: 0 Address: 0x272585280
  Set: 343 Way: 0 Address: 0x34a0e55d8
  Set: 357 Way: 0 Address: 0x34a0e5978
  Set: 362 Way: 0 Address: 0x354d35aac
  Set: 363 Way: 0 Address: 0x354d35ad8
  Set: 364 Way: 0 Address: 0x354d35b00
  Set: 416 Way: 0 Address: 0x3dae66818
  Set: 428 Way: 0 Address: 0x43736b30
  Set: 429 Way: 0 Address: 0x43736b41
  Set: 430 Way: 0 Address: 0x43736b82
  Set: 431 Way: 0 Address: 0x43736bc2
  Set: 432 Way: 0 Address: 0x43736c02
  Set: 433 Way: 0 Address: 0x43736c42
  Set: 434 Way: 0 Address: 0x43736c82
  Set: 435 Way: 0 Address: 0x43736cc4
  Set: 435 Way: 1 Address: 0x211d16cc8
  Set: 436 Way: 0 Address: 0x43736d02
  Set: 437 Way: 0 Address: 0x43736d46
  Set: 438 Way: 0 Address: 0x43736d84
  Set: 438 Way: 1 Address: 0x27d4c6d88
  Set: 439 Way: 0 Address: 0x211d16dc0
  Set: 439 Way: 1 Address: 0x43736dc1
  Set: 440 Way: 0 Address: 0x43736e00
  Set: 440 Way: 1 Address: 0x3d87a6e24
  Set: 441 Way: 0 Address: 0x43736e45
  Set: 441 Way: 1 Address: 0x3d87a6e7f
  Set: 442 Way: 0 Address: 0x43736e81
  Set: 442 Way: 1 Address: 0x3d87a6e82
  Set: 443 Way: 0 Address: 0x43736ec7
  Set: 443 Way: 1 Address: 0x3d87a6ef4
  Set: 444 Way: 0 Address: 0x43736f01
  Set: 444 Way: 1 Address: 0x3d87a6f07
  Set: 445 Way: 0 Address: 0x43736f42
  Set: 445 Way: 1 Address: 0x84896f68
  Set: 445 Way: 2 Address: 0x3d87a6f42
  Set: 446 Way: 0 Address: 0x43736f80
  Set: 446 Way: 1 Address: 0x3d87a6f80
  Set: 447 Way: 0 Address: 0x43736fc1
  Set: 447 Way: 1 Address: 0x3d87a6fc3
  Set: 452 Way: 0 Address: 0xbeea7130
  Set: 455 Way: 0 Address: 0xbeea71c0
  Set: 476 Way: 0 Address: 0x276ff7738
  Set: 479 Way: 0 Address: 0x3098877f8
  Set: 533 Way: 0 Address: 0x3bdd78550
  Set: 540 Way: 0 Address: 0xc7078718
  Set: 570 Way: 0 Address: 0x1aafb8eb0
  Set: 571 Way: 0 Address: 0x1aafb8ee8
  Set: 572 Way: 0 Address: 0x1aafb8f01
  Set: 573 Way: 0 Address: 0x1aafb8f60
  Set: 574 Way: 0 Address: 0x201598f98
  Set: 574 Way: 1 Address: 0x1aafb8f91
  Set: 575 Way: 0 Address: 0x1aafb8fc0
  Set: 580 Way: 0 Address: 0x312099128
  Set: 583 Way: 0 Address: 0x3120991c0
  Set: 608 Way: 0 Address: 0x2fa0c9824
  Set: 610 Way: 0 Address: 0x2ee3698a4
  Set: 611 Way: 0 Address: 0x2ee3698f0
  Set: 613 Way: 0 Address: 0xb84a9970
  Set: 620 Way: 0 Address: 0x292959b38
  Set: 623 Way: 0 Address: 0x2c8749bd4
  Set: 641 Way: 0 Address: 0x223eda048
  Set: 653 Way: 0 Address: 0xc67da374
  Set: 715 Way: 0 Address: 0xcf83b2d0
  Set: 717 Way: 0 Address: 0x3b377b37c
  Set: 718 Way: 0 Address: 0x3b377b394
  Set: 721 Way: 0 Address: 0x394edb450
  Set: 721 Way: 1 Address: 0xc0d9b474
  Set: 722 Way: 0 Address: 0x394edb490
  Set: 723 Way: 0 Address: 0x394edb4c2
  Set: 724 Way: 0 Address: 0x394edb502
  Set: 725 Way: 0 Address: 0x394edb578
  Set: 726 Way: 0 Address: 0x394edb580
  Set: 727 Way: 0 Address: 0x394edb5e8
  Set: 728 Way: 0 Address: 0x394edb603
  Set: 729 Way: 0 Address: 0x394edb650
  Set: 730 Way: 0 Address: 0x394edb680
  Set: 755 Way: 0 Address: 0x28420bcc8
  Set: 768 Way: 0 Address: 0xdf85c000
  Set: 768 Way: 1 Address: 0x1ae2cc005
  Set: 769 Way: 0 Address: 0x1ae2cc040
  Set: 770 Way: 0 Address: 0x1ae2cc083
  Set: 771 Way: 0 Address: 0x1ae2cc0c0
  Set: 772 Way: 0 Address: 0x29484c130
  Set: 788 Way: 0 Address: 0x1ae2cc53b
  Set: 789 Way: 0 Address: 0x1ae2cc543
  Set: 792 Way: 0 Address: 0x32f48c634
  Set: 795 Way: 0 Address: 0x29484c6e8
  Set: 795 Way: 1 Address: 0x12c6fc6f8
  Set: 795 Way: 2 Address: 0x38e35c6fc
  Set: 796 Way: 0 Address: 0x29484c718
  Set: 796 Way: 1 Address: 0x12c6fc738
  Set: 796 Way: 2 Address: 0x38e35c704
  Set: 812 Way: 0 Address: 0x29484cb38
  Set: 818 Way: 0 Address: 0x12c6fccb8
  Set: 819 Way: 0 Address: 0x38e35ccd8
  Set: 823 Way: 0 Address: 0x12c6fcdc0
  Set: 825 Way: 0 Address: 0x32502ce78
  Set: 827 Way: 0 Address: 0x32502cee0
  Set: 828 Way: 0 Address: 0x29484cf08
  Set: 829 Way: 0 Address: 0x12c6fcf68
  Set: 830 Way: 0 Address: 0x38e35cfb0
  Set: 834 Way: 0 Address: 0x23755d0a0
  Set: 842 Way: 0 Address: 0x23755d298
  Set: 846 Way: 0 Address: 0x5588d398
  Set: 873 Way: 0 Address: 0x15164da5c
  Set: 882 Way: 0 Address: 0x1addcb8
  Set: 889 Way: 0 Address: 0xe51bde78
  Set: 896 Way: 0 Address: 0x28b67e000
  Set: 896 Way: 1 Address: 0x1f919e000
  Set: 896 Way: 2 Address: 0x2db79e003
  Set: 897 Way: 0 Address: 0x3734ee060
  Set: 897 Way: 1 Address: 0x2db79e044
  Set: 898 Way: 0 Address: 0x2db79e084
  Set: 900 Way: 0 Address: 0x3734ee130
  Set: 900 Way: 1 Address: 0x2f5d8e11c
  Set: 903 Way: 0 Address: 0x2db79e1d3
  Set: 904 Way: 0 Address: 0x2db79e200
  Set: 905 Way: 0 Address: 0x2db79e270
  Set: 906 Way: 0 Address: 0x2db79e2a5
  Set: 907 Way: 0 Address: 0x2db79e2c2
  Set: 908 Way: 0 Address: 0x2db79e301
  Set: 909 Way: 0 Address: 0x2db79e343
  Set: 914 Way: 0 Address: 0x2f5d8e4b0
  Set: 915 Way: 0 Address: 0x2f5d8e4c0
  Set: 916 Way: 0 Address: 0x1c084e51c
  Set: 922 Way: 0 Address: 0x2f5d8e694
  Set: 926 Way: 0 Address: 0x2f5d8e780
  Set: 927 Way: 0 Address: 0x28b67e7f8
  Set: 945 Way: 0 Address: 0x2f5d8ec58
  Set: 951 Way: 0 Address: 0x20597edc4
  Set: 953 Way: 0 Address: 0x2c077ee60
  Set: 958 Way: 0 Address: 0x2c077ef90
  Set: 959 Way: 0 Address: 0x7d0eeff4
  Set: 997 Way: 0 Address: 0xee86f950
  Set: 998 Way: 0 Address: 0xee86f98c
  Set: 1013 Way: 0 Address: 0x22272fd60
  Set: 1014 Way: 0 Address: 0x22272fd80
  Set: 1014 Way: 1 Address: 0x23756fd80
  Set: 1020 Way: 0 Address: 0x16390ff08
  Set: 1023 Way: 0 Address: 0x143effc0
EndCache
Cache: cpu0_L1I
  Set: 0 Way: 0 Address: 0x2db79e003
  Set: 0 Way: 1 Address: 0x129934000
  Set: 0 Way: 2 Address: 0x257713008
  Set: 0 Way: 3 Address: 0x1ae2cc03a
  Set: 1 Way: 0 Address: 0x2db79e044
  Set: 1 Way: 1 Address: 0x257713040
  Set: 1 Way: 2 Address: 0x1ae2cc070
  Set: 2 Way: 0 Address: 0x2db79e0ac
  Set: 2 Way: 1 Address: 0x257713080
  Set: 2 Way: 2 Address: 0x1ae2cc083
  Set: 3 Way: 0 Address: 0x1299340fa
  Set: 3 Way: 1 Address: 0x2577130c5
  Set: 4 Way: 0 Address: 0x129934100
  Set: 4 Way: 1 Address: 0x257713102
  Set: 5 Way: 0 Address: 0x257713143
  Set: 6 Way: 0 Address: 0x257713181
  Set: 7 Way: 0 Address: 0x2db79e1d3
  Set: 7 Way: 1 Address: 0x2577131c3
  Set: 8 Way: 0 Address: 0x129934220
  Set: 8 Way: 1 Address: 0x257713204
  Set: 8 Way: 2 Address: 0x2db79e21d
  Set: 9 Way: 0 Address: 0x129934268
  Set: 9 Way: 1 Address: 0x2db79e270
  Set: 9 Way: 2 Address: 0x257713242
  Set: 10 Way: 0 Address: 0x129934296
  Set: 10 Way: 1 Address: 0x2db79e2a5
  Set: 10 Way: 2 Address: 0x257713283
  Set: 11 Way: 0 Address: 0x1299342ef
  Set: 11 Way: 1 Address: 0x2db79e2c2
  Set: 11 Way: 2 Address: 0x2577132c5
  Set: 12 Way: 0 Address: 0x129934301
  Set: 12 Way: 1 Address: 0x2db79e336
  Set: 12 Way: 2 Address: 0x257713302
  Set: 13 Way: 0 Address: 0x129934370
  Set: 13 Way: 1 Address: 0x2db79e343
  Set: 13 Way: 2 Address: 0x257713342
  Set: 14 Way: 0 Address: 0x1299343a0
  Set: 14 Way: 1 Address: 0x257713382
  Set: 15 Way: 0 Address: 0x2577133c1
  Set: 16 Way: 0 Address: 0x129934435
  Set: 16 Way: 1 Address: 0x257713407
  Set: 17 Way: 0 Address: 0x12993446f
  Set: 17 Way: 1 Address: 0x394edb450
  Set: 17 Way: 2 Address: 0x257713444
  Set: 18 Way: 0 Address: 0x1299344ae
  Set: 18 Way: 1 Address: 0x394edb4ad
  Set: 18 Way: 2 Address: 0x257713483
  Set: 19 Way: 0 Address: 0x1299344e8
  Set: 19 Way: 1 Address: 0x394edb4c2
  Set: 19 Way: 2 Address: 0x2577134fd
  Set: 20 Way: 0 Address: 0x129934538
  Set: 20 Way: 1 Address: 0x394edb502
  Set: 20 Way: 2 Address: 0x257713504
  Set: 20 Way: 3 Address: 0x1ae2cc53b
  Set: 21 Way: 0 Address: 0x129934570
  Set: 21 Way: 1 Address: 0x394edb578
  Set: 21 Way: 2 Address: 0x257713543
  Set: 21 Way: 3 Address: 0x1ae2cc543
  Set: 22 Way: 0 Address: 0x1299345af
  Set: 22 Way: 1 Address: 0x394edb580
  Set: 22 Way: 2 Address: 0x257713581
  Set: 23 Way: 0 Address: 0x1299345dd
  Set: 23 Way: 1 Address: 0x394edb5ed
  Set: 23 Way: 2 Address: 0x2577135c2
  Set: 24 Way: 0 Address: 0x129934603
  Set: 24 Way: 1 Address: 0x394edb603
  Set: 24 Way: 2 Address: 0x25771363f
  Set: 25 Way: 0 Address: 0x12993466d
  Set: 25 Way: 1 Address: 0x394edb650
  Set: 25 Way: 2 Address: 0x257713642
  Set: 26 Way: 0 Address: 0x1299346aa
  Set: 26 Way: 1 Address: 0x394edb680
  Set: 26 Way: 2 Address: 0x257713683
  Set: 27 Way: 0 Address: 0x1299346e8
  Set: 27 Way: 1 Address: 0x2577136c8
  Set: 28 Way: 0 Address: 0x129934727
  Set: 28 Way: 1 Address: 0x257713700
  Set: 29 Way: 0 Address: 0x129934742
  Set: 29 Way: 1 Address: 0x257713742
  Set: 30 Way: 0 Address: 0x1299347b0
  Set: 30 Way: 1 Address: 0x257713786
  Set: 31 Way: 0 Address: 0x1299347c1
  Set: 31 Way: 1 Address: 0x2577137ee
  Set: 32 Way: 0 Address: 0x129934800
  Set: 32 Way: 1 Address: 0x257713807
  Set: 33 Way: 0 Address: 0x257713842
  Set: 34 Way: 0 Address: 0x257713884
  Set: 35 Way: 0 Address: 0x2577138c6
  Set: 36 Way: 0 Address: 0x257713939
  Set: 37 Way: 0 Address: 0x257713941
  Set: 38 Way: 0 Address: 0x257713987
  Set: 39 Way: 0 Address: 0x2577139c4
  Set: 40 Way: 0 Address: 0x257713a03
  Set: 41 Way: 0 Address: 0x257713a79
  Set: 42 Way: 0 Address: 0x257713ab7
  Set: 43 Way: 0 Address: 0x257713ac5
  Set: 44 Way: 0 Address: 0x43736b30
  Set: 44 Way: 1 Address: 0x257713b03
  Set: 45 Way: 0 Address: 0x43736b79
  Set: 45 Way: 1 Address: 0x257713b46
  Set: 46 Way: 0 Address: 0x43736b82
  Set: 46 Way: 1 Address: 0x257713b80
  Set: 47 Way: 0 Address: 0xb8004be0
  Set: 47 Way: 1 Address: 0x43736bc2
  Set: 47 Way: 2 Address: 0x257713bc2
  Set: 48 Way: 0 Address: 0x43736c02
  Set: 48 Way: 1 Address: 0x257713c08
  Set: 49 Way: 0 Address: 0x43736c42
  Set: 49 Way: 1 Address: 0x257713c45
  Set: 50 Way: 0 Address: 0xb8004c80
  Set: 50 Way: 1 Address: 0x43736c82
  Set: 50 Way: 2 Address: 0x257713c80
  Set: 51 Way: 0 Address: 0xb8004cc3
  Set: 51 Way: 1 Address: 0x43736cc4
  Set: 51 Way: 2 Address: 0x257713cfc
  Set: 52 Way: 0 Address: 0x43736d02
  Set: 52 Way: 1 Address: 0x257713d3d
  Set: 53 Way: 0 Address: 0x43736d46
  Set: 53 Way: 1 Address: 0x257713d41
  Set: 54 Way: 0 Address: 0x43736d84
  Set: 54 Way: 1 Address: 0x257713d81
  Set: 55 Way: 0 Address: 0x43736dc1
  Set: 55 Way: 1 Address: 0x257713dc4
  Set: 56 Way: 0 Address: 0x43736e00
  Set: 56 Way: 1 Address: 0x257713e2f
  Set: 56 Way: 2 Address: 0x3d87a6e24
  Set: 57 Way: 0 Address: 0x43736e6a
  Set: 57 Way: 1 Address: 0x257713e72
  Set: 57 Way: 2 Address: 0x3d87a6e7f
  Set: 58 Way: 0 Address: 0x1aafb8eb0
  Set: 58 Way: 1 Address: 0x43736ea6
  Set: 58 Way: 2 Address: 0x257713e81
  Set: 58 Way: 3 Address: 0x3d87a6e82
  Set: 59 Way: 0 Address: 0x43736ec7
  Set: 59 Way: 1 Address: 0x1aafb8ee8
  Set: 59 Way: 2 Address: 0x3d87a6ef4
  Set: 59 Way: 3 Address: 0x257713ec1
  Set: 60 Way: 0 Address: 0x43736f01
  Set: 60 Way: 1 Address: 0x1aafb8f01
  Set: 60 Way: 2 Address: 0x3d87a6f35
  Set: 60 Way: 3 Address: 0x257713f04
  Set: 61 Way: 0 Address: 0x1aafb8f60
  Set: 61 Way: 1 Address: 0x43736f42
  Set: 61 Way: 2 Address: 0x3d87a6f73
  Set: 61 Way: 3 Address: 0x257713f6f
  Set: 62 Way: 0 Address: 0x1aafb8f91
  Set: 62 Way: 1 Address: 0x43736f80
  Set: 62 Way: 2 Address: 0x3d87a6fb6
  Set: 62 Way: 3 Address: 0x257713fb0
  Set: 63 Way: 0 Address: 0x1aafb8fc0
  Set: 63 Way: 1 Address: 0x43736fc1
  Set: 63 Way: 2 Address: 0x3d87a6fc3
  Set: 63 Way: 3 Address: 0x257713fe3
EndCache
Cache: cpu0_L1D
  Set: 0 Way: 0 Address: 0xdf85c000
  Set: 0 Way: 1 Address: 0x28b67e000
  Set: 0 Way: 2 Address: 0x1f919e000
  Set: 1 Way: 0 Address: 0x9cff2058
  Set: 1 Way: 1 Address: 0x223eda048
  Set: 1 Way: 2 Address: 0x3c56b3050
  Set: 1 Way: 3 Address: 0x3734ee060
  Set: 2 Way: 0 Address: 0x23755d0a0
  Set: 2 Way: 1 Address: 0x2177f00a0
  Set: 3 Way: 0 Address: 0x168ef00c0
  Set: 4 Way: 0 Address: 0x397bb4128
  Set: 4 Way: 1 Address: 0x29484c130
  Set: 4 Way: 2 Address: 0x3734ee130
  Set: 4 Way: 3 Address: 0xbeea7130
  Set: 4 Way: 4 Address: 0x1b0f15120
  Set: 4 Way: 5 Address: 0x2f5d8e11c
  Set: 4 Way: 6 Address: 0x312099128
  Set: 4 Way: 7 Address: 0x34a873128
  Set: 7 Way: 0 Address: 0xbeea71c0
  Set: 7 Way: 1 Address: 0x3120991c0
  Set: 7 Way: 2 Address: 0x168ef01f0
  Set: 10 Way: 0 Address: 0x23755d298
  Set: 10 Way: 1 Address: 0x342b40290
  Set: 10 Way: 2 Address: 0x272585280
  Set: 11 Way: 0 Address: 0xcf83b2d0
  Set: 12 Way: 0 Address: 0x168ef0320
  Set: 13 Way: 0 Address: 0x3b377b37c
  Set: 13 Way: 1 Address: 0xc67da374
  Set: 14 Way: 0 Address: 0x5588d398
  Set: 14 Way: 1 Address: 0x3b377b38c
  Set: 17 Way: 0 Address: 0xc0d9b474
  Set: 18 Way: 0 Address: 0x133c924b8
  Set: 18 Way: 1 Address: 0x2f5d8e4b0
  Set: 19 Way: 0 Address: 0x2f5d8e4c8
  Set: 19 Way: 1 Address: 0x14bb104f0
  Set: 20 Way: 0 Address: 0x1c084e51c
  Set: 20 Way: 1 Address: 0x14bb10528
  Set: 21 Way: 0 Address: 0x14bb1055c
  Set: 21 Way: 1 Address: 0x3bdd78550
  Set: 22 Way: 0 Address: 0x14bb105a4
  Set: 22 Way: 1 Address: 0x168ef0580
  Set: 23 Way: 0 Address: 0x14bb105d0
  Set: 23 Way: 1 Address: 0x34a0e55d8
  Set: 23 Way: 2 Address: 0x2600915d8
  Set: 24 Way: 0 Address: 0x32f48c634
  Set: 26 Way: 0 Address: 0x2f5d8e694
  Set: 26 Way: 1 Address: 0x168ef06b0
  Set: 26 Way: 2 Address: 0x6b744698
  Set: 27 Way: 0 Address: 0x29484c6e8
  Set: 27 Way: 1 Address: 0x6d0c26e8
  Set: 27 Way: 2 Address: 0x12c6fc6f8
  Set: 27 Way: 3 Address: 0x38e35c6fc
  Set: 28 Way: 0 Address: 0x29484c718
  Set: 28 Way: 1 Address: 0xc7078718
  Set: 28 Way: 2 Address: 0x12c6fc738
  Set: 28 Way: 3 Address: 0x38e35c704
  Set: 28 Way: 4 Address: 0x276ff7738
  Set: 28 Way: 5 Address: 0x3b0803724
  Set: 28 Way: 6 Address: 0x14bb10720
  Set: 29 Way: 0 Address: 0x14bb10750
  Set: 29 Way: 1 Address: 0x28a940750
  Set: 29 Way: 2 Address: 0x19c791750
  Set: 30 Way: 0 Address: 0x1ab447b4
  Set: 30 Way: 1 Address: 0x2f5d8e780
  Set: 30 Way: 2 Address: 0x14bb107a4
  Set: 30 Way: 3 Address: 0x3232f3780
  Set: 30 Way: 4 Address: 0x28a940780
  Set: 31 Way: 0 Address: 0x28b67e7f8
  Set: 31 Way: 1 Address: 0x3098877f8
  Set: 31 Way: 2 Address: 0x1ab447c8
  Set: 31 Way: 3 Address: 0x14bb107f0
  Set: 31 Way: 4 Address: 0x168ef07e0
  Set: 32 Way: 0 Address: 0x3dae66818
  Set: 32 Way: 1 Address: 0x14bb10810
  Set: 32 Way: 2 Address: 0x2fa0c9824
  Set: 33 Way: 0 Address: 0x14bb10878
  Set: 34 Way: 0 Address: 0x2ee3698a4
  Set: 34 Way: 1 Address: 0x14bb10890
  Set: 35 Way: 0 Address: 0x2ee3698f0
  Set: 35 Way: 1 Address: 0x6e6208fc
  Set: 37 Way: 0 Address: 0xee86f950
  Set: 37 Way: 1 Address: 0x19c791978
  Set: 37 Way: 2 Address: 0x34a0e5978
  Set: 37 Way: 3 Address: 0x260091970
  Set: 37 Way: 4 Address: 0xb84a9970
  Set: 38 Way: 0 Address: 0xee86f98c
  Set: 38 Way: 1 Address: 0x3232f3980
  Set: 41 Way: 0 Address: 0x3c1074a54
  Set: 41 Way: 1 Address: 0x15164da5c
  Set: 42 Way: 0 Address: 0x354d35aa0
  Set: 42 Way: 1 Address: 0x2b2e93a98
  Set: 43 Way: 0 Address: 0x354d35af4
  Set: 44 Way: 0 Address: 0x29484cb30
  Set: 44 Way: 1 Address: 0x292959b38
  Set: 44 Way: 2 Address: 0xf6e81b30
  Set: 44 Way: 3 Address: 0x354d35b00
  Set: 47 Way: 0 Address: 0x2c8749bd4
  Set: 48 Way: 0 Address: 0x31be12c34
  Set: 49 Way: 0 Address: 0x2f5d8ec58
  Set: 50 Way: 0 Address: 0x12c6fccb8
  Set: 50 Way: 1 Address: 0x1addcb8
  Set: 51 Way: 0 Address: 0x38e35ccd8
  Set: 51 Way: 1 Address: 0x1064c2cf8
  Set: 51 Way: 2 Address: 0x181c81cf8
  Set: 51 Way: 3 Address: 0x211d16cc8
  Set: 51 Way: 4 Address: 0x28420bcc8
  Set: 53 Way: 0 Address: 0x1c84e2d58
  Set: 53 Way: 1 Address: 0x22272fd60
  Set: 53 Way: 2 Address: 0x1064c2d68
  Set: 54 Way: 0 Address: 0x22272fd88
  Set: 54 Way: 1 Address: 0x27d4c6d88
  Set: 54 Way: 2 Address: 0x23756fd80
  Set: 54 Way: 3 Address: 0x62d12d90
  Set: 55 Way: 0 Address: 0x12c6fcdc0
  Set: 55 Way: 1 Address: 0x211d16dc0
  Set: 55 Way: 2 Address: 0x20597edc4
  Set: 57 Way: 0 Address: 0x2c077ee60
  Set: 57 Way: 1 Address: 0x32502ce78
  Set: 57 Way: 2 Address: 0xe51bde78
  Set: 59 Way: 0 Address: 0x181c81ee0
  Set: 59 Way: 1 Address: 0x32502cee0
  Set: 60 Way: 0 Address: 0x29484cf08
  Set: 60 Way: 1 Address: 0x16390ff08
  Set: 61 Way: 0 Address: 0x12c6fcf68
  Set: 61 Way: 1 Address: 0x84896f68
  Set: 62 Way: 0 Address: 0x201598f98
  Set: 62 Way: 1 Address: 0x1995f2f90
  Set: 62 Way: 2 Address: 0x38e35cfb0
  Set: 62 Way: 3 Address: 0x2c077ef90
  Set: 63 Way: 0 Address: 0x143effc0
  Set: 63 Way: 1 Address: 0x7d0eeff4
EndCache
Cache: cpu0_ITLB
  Set: 0 Way: 0 Address: 0x13b0fb6
  Set: 1 Way: 0 Address: 0x13b1008
  Set: 2 Way: 0 Address: 0x15f24ad
  Set: 2 Way: 1 Address: 0x13b2083
  Set: 3 Way: 0 Address: 0x15f3c80
  Set: 5 Way: 0 Address: 0x1625fc0
  Set: 6 Way: 0 Address: 0x1626242
  Set: 11 Way: 0 Address: 0x13abec7
  Set: 12 Way: 0 Address: 0x13ac003
EndCache
Cache: cpu0_DTLB
  Set: 0 Way: 0 Address: 0x4d30290
  Set: 0 Way: 1 Address: 0x4a50824
  Set: 0 Way: 2 Address: 0x4cf0374
  Set: 1 Way: 0 Address: 0x17e1818
  Set: 3 Way: 0 Address: 0x16e38f0
  Set: 3 Way: 1 Address: 0x1853b00
  Set: 3 Way: 2 Address: 0x7ffe2a67355c
  Set: 4 Way: 0 Address: 0x181438c
  Set: 6 Way: 0 Address: 0x1766950
  Set: 7 Way: 0 Address: 0x17674c8
  Set: 7 Way: 1 Address: 0x16e77b4
  Set: 7 Way: 2 Address: 0x17974b8
  Set: 8 Way: 0 Address: 0x17b88fc
  Set: 9 Way: 0 Address: 0x1799a5c
  Set: 10 Way: 0 Address: 0x4caa474
  Set: 10 Way: 1 Address: 0x705abd4
  Set: 10 Way: 2 Address: 0x4cea634
  Set: 11 Way: 0 Address: 0x4cbbc34
  Set: 12 Way: 0 Address: 0x49dcff4
  Set: 13 Way: 0 Address: 0x16dd704
  Set: 13 Way: 1 Address: 0x17ed51c
  Set: 13 Way: 2 Address: 0x49ad724
  Set: 14 Way: 0 Address: 0x4d2ee60
  Set: 15 Way: 0 Address: 0x16dfa54
  Set: 15 Way: 1 Address: 0x499fdc4
  Set: 15 Way: 2 Address: 0x4d2f6b0
  Set: 15 Way: 3 Address: 0x49cf698
EndCache
Cache: LLC
  Set: 10 Way: 0 Address: 0x342b40290
  Set: 29 Way: 0 Address: 0x28a940750
  Set: 30 Way: 0 Address: 0x28a940780
  Set: 35 Way: 0 Address: 0x6e6208fc
  Set: 108 Way: 0 Address: 0xf6e81b30
  Set: 115 Way: 0 Address: 0x181c81cf8
  Set: 123 Way: 0 Address: 0x181c81ee0
  Set: 155 Way: 0 Address: 0x6d0c26e8
  Set: 179 Way: 0 Address: 0x1064c2cf8
  Set: 181 Way: 0 Address: 0x1c84e2d58
  Set: 181 Way: 1 Address: 0x1064c2d68
  Set: 220 Way: 0 Address: 0x3b0803724
  Set: 282 Way: 0 Address: 0x6b744698
  Set: 286 Way: 0 Address: 0x1ab447b8
  Set: 287 Way: 0 Address: 0x1ab447c8
  Set: 303 Way: 0 Address: 0xb8004be0
  Set: 306 Way: 0 Address: 0xb8004c80
  Set: 307 Way: 0 Address: 0xb8004cfe
  Set: 330 Way: 0 Address: 0x272585280
  Set: 343 Way: 0 Address: 0x34a0e55d8
  Set: 357 Way: 0 Address: 0x34a0e5978
  Set: 416 Way: 0 Address: 0x3dae66818
  Set: 438 Way: 0 Address: 0x27d4c6d88
  Set: 440 Way: 0 Address: 0x3d87a6e24
  Set: 441 Way: 0 Address: 0x3d87a6e7f
  Set: 442 Way: 0 Address: 0x3d87a6e82
  Set: 443 Way: 0 Address: 0x3d87a6ef4
  Set: 444 Way: 0 Address: 0x3d87a6f07
  Set: 445 Way: 0 Address: 0x3d87a6f42
  Set: 446 Way: 0 Address: 0x3d87a6f80
  Set: 447 Way: 0 Address: 0x3d87a6fc3
  Set: 452 Way: 0 Address: 0xbeea7130
  Set: 455 Way: 0 Address: 0xbeea71c0
  Set: 479 Way: 0 Address: 0x3098877f8
  Set: 608 Way: 0 Address: 0x2fa0c9824
  Set: 610 Way: 0 Address: 0x2ee3698a4
  Set: 611 Way: 0 Address: 0x2ee3698f0
  Set: 613 Way: 0 Address: 0xb84a9970
  Set: 623 Way: 0 Address: 0x2c8749bd4
  Set: 755 Way: 0 Address: 0x28420bcc8
  Set: 768 Way: 0 Address: 0x1ae2cc005
  Set: 769 Way: 0 Address: 0x1ae2cc040
  Set: 770 Way: 0 Address: 0x1ae2cc083
  Set: 771 Way: 0 Address: 0x1ae2cc0c0
  Set: 772 Way: 0 Address: 0x29484c130
  Set: 772 Way: 1 Address: 0x1ae2cc100
  Set: 773 Way: 0 Address: 0x1ae2cc140
  Set: 774 Way: 0 Address: 0x1ae2cc180
  Set: 775 Way: 0 Address: 0x1ae2cc1c0
  Set: 776 Way: 0 Address: 0x1ae2cc200
  Set: 777 Way: 0 Address: 0x1ae2cc240
  Set: 778 Way: 0 Address: 0x1ae2cc280
  Set: 779 Way: 0 Address: 0x1ae2cc2c0
  Set: 780 Way: 0 Address: 0x1ae2cc300
  Set: 788 Way: 0 Address: 0x1ae2cc53b
  Set: 789 Way: 0 Address: 0x1ae2cc543
  Set: 792 Way: 0 Address: 0x32f48c634
  Set: 795 Way: 0 Address: 0x29484c6e8
  Set: 796 Way: 0 Address: 0x29484c718
  Set: 812 Way: 0 Address: 0x29484cb38
  Set: 825 Way: 0 Address: 0x32502ce78
  Set: 827 Way: 0 Address: 0x32502cee0
  Set: 828 Way: 0 Address: 0x29484cf08
  Set: 846 Way: 0 Address: 0x5588d398
  Set: 873 Way: 0 Address: 0x15164da5c
  Set: 897 Way: 0 Address: 0x3734ee060
  Set: 900 Way: 0 Address: 0x3734ee130
  Set: 900 Way: 1 Address: 0x2f5d8e11c
  Set: 914 Way: 0 Address: 0x2f5d8e4b0
  Set: 915 Way: 0 Address: 0x2f5d8e4c0
  Set: 916 Way: 0 Address: 0x1c084e51c
  Set: 922 Way: 0 Address: 0x2f5d8e694
  Set: 926 Way: 0 Address: 0x2f5d8e780
  Set: 945 Way: 0 Address: 0x2f5d8ec58
  Set: 959 Way: 0 Address: 0x7d0eeff4
  Set: 997 Way: 0 Address: 0xee86f950
  Set: 998 Way: 0 Address: 0xee86f98c
  Set: 1013 Way: 0 Address: 0x22272fd60
  Set: 1014 Way: 0 Address: 0x22272fd80
  Set: 1014 Way: 1 Address: 0x23756fd80
  Set: 1020 Way: 0 Address: 0x16390ff08
  Set: 1023 Way: 0 Address: 0x143effc0
  Set: 1026 Way: 0 Address: 0x2177f00a0
  Set: 1027 Way: 0 Address: 0x168ef00c0
  Set: 1031 Way: 0 Address: 0x168ef01f0
  Set: 1036 Way: 0 Address: 0x168ef0320
  Set: 1043 Way: 0 Address: 0x14bb104f8
  Set: 1044 Way: 0 Address: 0x14bb10528
  Set: 1045 Way: 0 Address: 0x14bb1055c
  Set: 1046 Way: 0 Address: 0x14bb105a4
  Set: 1046 Way: 1 Address: 0x168ef0580
  Set: 1047 Way: 0 Address: 0x14bb105c0
  Set: 1050 Way: 0 Address: 0x168ef06b0
  Set: 1052 Way: 0 Address: 0x14bb10720
  Set: 1053 Way: 0 Address: 0x14bb10750
  Set: 1054 Way: 0 Address: 0x14bb107a4
  Set: 1055 Way: 0 Address: 0x14bb107f0
  Set: 1055 Way: 1 Address: 0x168ef07e0
  Set: 1056 Way: 0 Address: 0x14bb10810
  Set: 1057 Way: 0 Address: 0x14bb10870
  Set: 1058 Way: 0 Address: 0x14bb10890
  Set: 1111 Way: 0 Address: 0x2600915d8
  Set: 1117 Way: 0 Address: 0x19c791750
  Set: 1125 Way: 0 Address: 0x19c791978
  Set: 1125 Way: 1 Address: 0x260091970
  Set: 1153 Way: 0 Address: 0x9cff2058
  Set: 1170 Way: 0 Address: 0x133c924b8
  Set: 1200 Way: 0 Address: 0x31be12c34
  Set: 1206 Way: 0 Address: 0x62d12d90
  Set: 1214 Way: 0 Address: 0x1995f2f90
  Set: 1216 Way: 0 Address: 0x257713008
  Set: 1217 Way: 0 Address: 0x3c56b3050
  Set: 1217 Way: 1 Address: 0x257713040
  Set: 1218 Way: 0 Address: 0x257713080
  Set: 1219 Way: 0 Address: 0x2577130c5
  Set: 1220 Way: 0 Address: 0x34a873128
  Set: 1220 Way: 1 Address: 0x257713102
  Set: 1221 Way: 0 Address: 0x257713140
  Set: 1222 Way: 0 Address: 0x257713181
  Set: 1223 Way: 0 Address: 0x2577131c3
  Set: 1224 Way: 0 Address: 0x257713204
  Set: 1225 Way: 0 Address: 0x257713240
  Set: 1226 Way: 0 Address: 0x257713283
  Set: 1227 Way: 0 Address: 0x2577132c5
  Set: 1228 Way: 0 Address: 0x257713302
  Set: 1229 Way: 0 Address: 0x257713342
  Set: 1230 Way: 0 Address: 0x257713382
  Set: 1231 Way: 0 Address: 0x2577133c1
  Set: 1232 Way: 0 Address: 0x257713400
  Set: 1233 Way: 0 Address: 0x257713440
  Set: 1234 Way: 0 Address: 0x257713480
  Set: 1235 Way: 0 Address: 0x2577134c0
  Set: 1236 Way: 0 Address: 0x257713504
  Set: 1237 Way: 0 Address: 0x257713540
  Set: 1238 Way: 0 Address: 0x257713580
  Set: 1239 Way: 0 Address: 0x2577135c0
  Set: 1240 Way: 0 Address: 0x257713600
  Set: 1241 Way: 0 Address: 0x257713640
  Set: 1242 Way: 0 Address: 0x257713680
  Set: 1243 Way: 0 Address: 0x2577136c0
  Set: 1244 Way: 0 Address: 0x257713700
  Set: 1245 Way: 0 Address: 0x257713740
  Set: 1246 Way: 0 Address: 0x3232f3780
  Set: 1246 Way: 1 Address: 0x257713780
  Set: 1247 Way: 0 Address: 0x2577137c0
  Set: 1248 Way: 0 Address: 0x257713800
  Set: 1249 Way: 0 Address: 0x257713840
  Set: 1250 Way: 0 Address: 0x257713880
  Set: 1251 Way: 0 Address: 0x2577138c0
  Set: 1252 Way: 0 Address: 0x257713900
  Set: 1253 Way: 0 Address: 0x257713940
  Set: 1254 Way: 0 Address: 0x3232f3980
  Set: 1254 Way: 1 Address: 0x257713980
  Set: 1255 Way: 0 Address: 0x2577139c0
  Set: 1256 Way: 0 Address: 0x257713a00
  Set: 1257 Way: 0 Address: 0x257713a40
  Set: 1258 Way: 0 Address: 0x2b2e93a98
  Set: 1258 Way: 1 Address: 0x257713a80
  Set: 1259 Way: 0 Address: 0x257713ac0
  Set: 1260 Way: 0 Address: 0x257713b00
  Set: 1261 Way: 0 Address: 0x257713b40
  Set: 1262 Way: 0 Address: 0x257713b80
  Set: 1263 Way: 0 Address: 0x257713bc0
  Set: 1264 Way: 0 Address: 0x257713c00
  Set: 1265 Way: 0 Address: 0x257713c40
  Set: 1266 Way: 0 Address: 0x257713c80
  Set: 1267 Way: 0 Address: 0x257713cc0
  Set: 1268 Way: 0 Address: 0x257713d00
  Set: 1269 Way: 0 Address: 0x257713d40
  Set: 1270 Way: 0 Address: 0x257713d80
  Set: 1271 Way: 0 Address: 0x257713dc0
  Set: 1272 Way: 0 Address: 0x257713e00
  Set: 1273 Way: 0 Address: 0x257713e40
  Set: 1274 Way: 0 Address: 0x257713e80
  Set: 1275 Way: 0 Address: 0x257713ec0
  Set: 1276 Way: 0 Address: 0x257713f00
  Set: 1277 Way: 0 Address: 0x257713f40
  Set: 1278 Way: 0 Address: 0x257713f80
  Set: 1279 Way: 0 Address: 0x257713fc0
  Set: 1280 Way: 0 Address: 0x129934000
  Set: 1283 Way: 0 Address: 0x1299340c8
  Set: 1284 Way: 0 Address: 0x397bb4128
  Set: 1284 Way: 1 Address: 0x129934100
  Set: 1288 Way: 0 Address: 0x129934220
  Set: 1289 Way: 0 Address: 0x129934242
  Set: 1290 Way: 0 Address: 0x129934281
  Set: 1291 Way: 0 Address: 0x1299342c2
  Set: 1292 Way: 0 Address: 0x129934301
  Set: 1293 Way: 0 Address: 0x129934370
  Set: 1294 Way: 0 Address: 0x1299343a0
  Set: 1296 Way: 0 Address: 0x129934435
  Set: 1297 Way: 0 Address: 0x129934447
  Set: 1298 Way: 0 Address: 0x129934481
  Set: 1299 Way: 0 Address: 0x1299344c1
  Set: 1300 Way: 0 Address: 0x129934507
  Set: 1301 Way: 0 Address: 0x129934541
  Set: 1302 Way: 0 Address: 0x129934582
  Set: 1303 Way: 0 Address: 0x1299345c0
  Set: 1304 Way: 0 Address: 0x129934600
  Set: 1305 Way: 0 Address: 0x129934641
  Set: 1306 Way: 0 Address: 0x129934681
  Set: 1307 Way: 0 Address: 0x1299346c1
  Set: 1308 Way: 0 Address: 0x129934703
  Set: 1309 Way: 0 Address: 0x129934740
  Set: 1310 Way: 0 Address: 0x1299347b0
  Set: 1311 Way: 0 Address: 0x1299347c1
  Set: 1312 Way: 0 Address: 0x129934800
  Set: 1321 Way: 0 Address: 0x3c1074a54
  Set: 1348 Way: 0 Address: 0x1b0f15120
  Set: 1386 Way: 0 Address: 0x354d35aac
  Set: 1387 Way: 0 Address: 0x354d35ad8
  Set: 1388 Way: 0 Address: 0x354d35b00
  Set: 1452 Way: 0 Address: 0x43736b30
  Set: 1453 Way: 0 Address: 0x43736b41
  Set: 1454 Way: 0 Address: 0x43736b82
  Set: 1455 Way: 0 Address: 0x43736bc2
  Set: 1456 Way: 0 Address: 0x43736c02
  Set: 1457 Way: 0 Address: 0x43736c40
  Set: 1458 Way: 0 Address: 0x43736c80
  Set: 1459 Way: 0 Address: 0x43736cc4
  Set: 1459 Way: 1 Address: 0x211d16cc8
  Set: 1460 Way: 0 Address: 0x43736d02
  Set: 1461 Way: 0 Address: 0x43736d40
  Set: 1462 Way: 0 Address: 0x43736d84
  Set: 1463 Way: 0 Address: 0x211d16dc0
  Set: 1463 Way: 1 Address: 0x43736dc1
  Set: 1464 Way: 0 Address: 0x43736e00
  Set: 1465 Way: 0 Address: 0x43736e45
  Set: 1466 Way: 0 Address: 0x43736e81
  Set: 1467 Way: 0 Address: 0x43736ec7
  Set: 1468 Way: 0 Address: 0x43736f01
  Set: 1469 Way: 0 Address: 0x43736f42
  Set: 1469 Way: 1 Address: 0x84896f68
  Set: 1470 Way: 0 Address: 0x43736f80
  Set: 1471 Way: 0 Address: 0x43736fc1
  Set: 1500 Way: 0 Address: 0x276ff7738
  Set: 1557 Way: 0 Address: 0x3bdd78550
  Set: 1564 Way: 0 Address: 0xc7078718
  Set: 1594 Way: 0 Address: 0x1aafb8eb0
  Set: 1595 Way: 0 Address: 0x1aafb8ee8
  Set: 1596 Way: 0 Address: 0x1aafb8f01
  Set: 1597 Way: 0 Address: 0x1aafb8f60
  Set: 1598 Way: 0 Address: 0x201598f98
  Set: 1598 Way: 1 Address: 0x1aafb8f91
  Set: 1599 Way: 0 Address: 0x1aafb8fc0
  Set: 1604 Way: 0 Address: 0x312099128
  Set: 1607 Way: 0 Address: 0x3120991c0
  Set: 1644 Way: 0 Address: 0x292959b38
  Set: 1665 Way: 0 Address: 0x223eda048
  Set: 1677 Way: 0 Address: 0xc67da374
  Set: 1739 Way: 0 Address: 0xcf83b2d0
  Set: 1741 Way: 0 Address: 0x3b377b37c
  Set: 1742 Way: 0 Address: 0x3b377b394
  Set: 1745 Way: 0 Address: 0x394edb450
  Set: 1745 Way: 1 Address: 0xc0d9b474
  Set: 1746 Way: 0 Address: 0x394edb490
  Set: 1747 Way: 0 Address: 0x394edb4c2
  Set: 1748 Way: 0 Address: 0x394edb502
  Set: 1749 Way: 0 Address: 0x394edb578
  Set: 1750 Way: 0 Address: 0x394edb580
  Set: 1751 Way: 0 Address: 0x394edb5e8
  Set: 1752 Way: 0 Address: 0x394edb603
  Set: 1753 Way: 0 Address: 0x394edb650
  Set: 1754 Way: 0 Address: 0x394edb680
  Set: 1792 Way: 0 Address: 0xdf85c000
  Set: 1819 Way: 0 Address: 0x12c6fc6f8
  Set: 1819 Way: 1 Address: 0x38e35c6fc
  Set: 1820 Way: 0 Address: 0x12c6fc738
  Set: 1820 Way: 1 Address: 0x38e35c704
  Set: 1842 Way: 0 Address: 0x12c6fccb8
  Set: 1843 Way: 0 Address: 0x38e35ccd8
  Set: 1847 Way: 0 Address: 0x12c6fcdc0
  Set: 1853 Way: 0 Address: 0x12c6fcf68
  Set: 1854 Way: 0 Address: 0x38e35cfb0
  Set: 1858 Way: 0 Address: 0x23755d0a0
  Set: 1866 Way: 0 Address: 0x23755d298
  Set: 1906 Way: 0 Address: 0x1addcb8
  Set: 1913 Way: 0 Address: 0xe51bde78
  Set: 1920 Way: 0 Address: 0x28b67e000
  Set: 1920 Way: 1 Address: 0x1f919e000
  Set: 1920 Way: 2 Address: 0x2db79e003
  Set: 1921 Way: 0 Address: 0x2db79e040
  Set: 1922 Way: 0 Address: 0x2db79e084
  Set: 1923 Way: 0 Address: 0x2db79e0c0
  Set: 1927 Way: 0 Address: 0x2db79e1d3
  Set: 1928 Way: 0 Address: 0x2db79e200
  Set: 1929 Way: 0 Address: 0x2db79e270
  Set: 1930 Way: 0 Address: 0x2db79e2a5
  Set: 1931 Way: 0 Address: 0x2db79e2c2
  Set: 1932 Way: 0 Address: 0x2db79e301
  Set: 1933 Way: 0 Address: 0x2db79e343
  Set: 1951 Way: 0 Address: 0x28b67e7f8
  Set: 1975 Way: 0 Address: 0x20597edc4
  Set: 1977 Way: 0 Address: 0x2c077ee60
  Set: 1982 Way: 0 Address: 0x2c077ef90
EndCache
