Cache: cpu0_STLB
  Set: 11 Way: 0 Address: 0x2a0bbe2
  Set: 12 Way: 0 Address: 0x2a0c9a6
  Set: 13 Way: 0 Address: 0x2a0d07e
  Set: 14 Way: 0 Address: 0x2a0e0fe
  Set: 48 Way: 0 Address: 0x730650
  Set: 53 Way: 0 Address: 0x7fff6ec35ffc
  Set: 54 Way: 0 Address: 0x7fff6ec36148
  Set: 55 Way: 0 Address: 0x1fb78e0
  Set: 56 Way: 0 Address: 0x1fb8f40
  Set: 57 Way: 0 Address: 0x1fb9000
  Set: 58 Way: 0 Address: 0x1fba050
  Set: 59 Way: 0 Address: 0x1fbb160
  Set: 60 Way: 0 Address: 0x1fbc270
  Set: 61 Way: 0 Address: 0x1fbd380
  Set: 62 Way: 0 Address: 0x1fbe490
  Set: 63 Way: 0 Address: 0x1fbf5a0
  Set: 64 Way: 0 Address: 0x1fc06ac
  Set: 65 Way: 0 Address: 0x441489
  Set: 65 Way: 1 Address: 0x1fc17bc
  Set: 66 Way: 0 Address: 0x1fc28cc
  Set: 67 Way: 0 Address: 0x1fc39dc
  Set: 68 Way: 0 Address: 0x1fc4aec
  Set: 69 Way: 0 Address: 0x1fc5bfc
  Set: 70 Way: 0 Address: 0x1fc6d0c
  Set: 71 Way: 0 Address: 0x1fc7e1c
  Set: 96 Way: 0 Address: 0x4608a0
  Set: 97 Way: 0 Address: 0x7618c8
  Set: 109 Way: 0 Address: 0x1d6d850
  Set: 110 Way: 0 Address: 0x1d6e960
  Set: 112 Way: 0 Address: 0x1d70a24
EndCache
Cache: cpu0_L2C
  Set: 43 Way: 0 Address: 0x6e620aec
  Set: 44 Way: 0 Address: 0x6e620b00
  Set: 45 Way: 0 Address: 0x6e620b40
  Set: 46 Way: 0 Address: 0x6e620b80
  Set: 47 Way: 0 Address: 0x2177f0bfc
  Set: 47 Way: 1 Address: 0x6e620bc0
  Set: 48 Way: 0 Address: 0x2177f0c00
  Set: 48 Way: 1 Address: 0x6e620c00
  Set: 49 Way: 0 Address: 0x2177f0c40
  Set: 49 Way: 1 Address: 0x6e620c40
  Set: 50 Way: 0 Address: 0x2177f0c80
  Set: 50 Way: 1 Address: 0x6e620c80
  Set: 51 Way: 0 Address: 0x2177f0cc0
  Set: 52 Way: 0 Address: 0x14bb10d0c
  Set: 52 Way: 1 Address: 0x2177f0d00
  Set: 53 Way: 0 Address: 0x14bb10d40
  Set: 53 Way: 1 Address: 0x2177f0d40
  Set: 54 Way: 0 Address: 0x14bb10d80
  Set: 54 Way: 1 Address: 0x2177f0d80
  Set: 55 Way: 0 Address: 0x342b40df8
  Set: 55 Way: 1 Address: 0x14bb10dc0
  Set: 55 Way: 2 Address: 0x2177f0dc0
  Set: 56 Way: 0 Address: 0x14bb10e00
  Set: 57 Way: 0 Address: 0x14bb10e40
  Set: 58 Way: 0 Address: 0x14bb10e80
  Set: 59 Way: 0 Address: 0x14bb10ec0
  Set: 65 Way: 0 Address: 0x181c81058
  Set: 72 Way: 0 Address: 0x113201208
  Set: 76 Way: 0 Address: 0x113201300
  Set: 98 Way: 0 Address: 0x2a48418a0
  Set: 99 Way: 0 Address: 0x2a48418c0
  Set: 102 Way: 0 Address: 0xf6e81980
  Set: 128 Way: 0 Address: 0x9cff2018
  Set: 129 Way: 0 Address: 0x9cff2078
  Set: 130 Way: 0 Address: 0x9cff20a8
  Set: 160 Way: 0 Address: 0x1c84e2838
  Set: 161 Way: 0 Address: 0x1c84e287c
  Set: 162 Way: 0 Address: 0x1c84e28a4
  Set: 163 Way: 0 Address: 0x1c84e28c8
  Set: 163 Way: 1 Address: 0x1995f28c8
  Set: 164 Way: 0 Address: 0x1c84e2900
  Set: 164 Way: 1 Address: 0x1995f2900
  Set: 165 Way: 0 Address: 0x1c84e2964
  Set: 166 Way: 0 Address: 0x1c84e2980
  Set: 167 Way: 0 Address: 0x1c84e29c8
  Set: 168 Way: 0 Address: 0x1c84e2a24
  Set: 169 Way: 0 Address: 0x1c84e2a44
  Set: 170 Way: 0 Address: 0x1c84e2a80
  Set: 171 Way: 0 Address: 0x1c84e2ac0
  Set: 172 Way: 0 Address: 0x1c84e2b2c
  Set: 173 Way: 0 Address: 0x1c84e2b40
  Set: 174 Way: 0 Address: 0x1c84e2b80
  Set: 175 Way: 0 Address: 0x1c84e2bc8
  Set: 176 Way: 0 Address: 0x1c84e2c00
  Set: 183 Way: 0 Address: 0x1064c2df0
  Set: 184 Way: 0 Address: 0x133c92e30
  Set: 189 Way: 0 Address: 0x6d0c2f58
  Set: 190 Way: 0 Address: 0x6d0c2fa4
  Set: 191 Way: 0 Address: 0x6d0c2ffc
  Set: 192 Way: 0 Address: 0x6d0c3000
  Set: 193 Way: 0 Address: 0x3b0803070
  Set: 201 Way: 0 Address: 0x257713270
  Set: 202 Way: 0 Address: 0x257713280
  Set: 203 Way: 0 Address: 0x2577132c0
  Set: 204 Way: 0 Address: 0x263c13300
  Set: 204 Way: 1 Address: 0x257713300
  Set: 205 Way: 0 Address: 0x257713340
  Set: 206 Way: 0 Address: 0x257713380
  Set: 207 Way: 0 Address: 0x2577133c0
  Set: 208 Way: 0 Address: 0x257713400
  Set: 222 Way: 0 Address: 0x2b2e937bc
  Set: 223 Way: 0 Address: 0x2b2e937c0
  Set: 224 Way: 0 Address: 0x2b2e93800
  Set: 225 Way: 0 Address: 0x2b2e93840
  Set: 226 Way: 0 Address: 0x2b2e93880
  Set: 227 Way: 0 Address: 0x2b2e938c0
  Set: 228 Way: 0 Address: 0x2b2e93900
  Set: 229 Way: 0 Address: 0x2b2e93940
  Set: 230 Way: 0 Address: 0x2b2e93980
  Set: 237 Way: 0 Address: 0x3c56b3b70
  Set: 238 Way: 0 Address: 0x3c56b3b80
  Set: 247 Way: 0 Address: 0x3232f3de0
  Set: 257 Way: 0 Address: 0x3de4d4070
  Set: 257 Way: 1 Address: 0x397bb4060
  Set: 301 Way: 0 Address: 0x3c1074b70
  Set: 312 Way: 0 Address: 0x1ab44e28
  Set: 320 Way: 0 Address: 0x195f15010
  Set: 321 Way: 0 Address: 0x195f15070
  Set: 322 Way: 0 Address: 0x195f150a8
  Set: 355 Way: 0 Address: 0x354d358cc
  Set: 356 Way: 0 Address: 0x354d35900
  Set: 357 Way: 0 Address: 0x354d35940
  Set: 358 Way: 0 Address: 0x354d35980
  Set: 359 Way: 0 Address: 0x354d359c0
  Set: 360 Way: 0 Address: 0x354d35a00
  Set: 361 Way: 0 Address: 0x354d35a40
  Set: 362 Way: 0 Address: 0x354d35a80
  Set: 381 Way: 0 Address: 0x1b0f15f40
  Set: 382 Way: 0 Address: 0x1b0f15f80
  Set: 383 Way: 0 Address: 0x1b0f15fc0
  Set: 384 Way: 0 Address: 0x43736018
  Set: 398 Way: 0 Address: 0x27d4c6380
  Set: 399 Way: 0 Address: 0x27d4c63c0
  Set: 400 Way: 0 Address: 0x27d4c6400
  Set: 401 Way: 0 Address: 0x27d4c6440
  Set: 402 Way: 0 Address: 0x27d4c6480
  Set: 403 Way: 0 Address: 0x27d4c64c0
  Set: 404 Way: 0 Address: 0x27d4c6500
  Set: 405 Way: 0 Address: 0x27d4c6540
  Set: 406 Way: 0 Address: 0x3d87a65a0
  Set: 407 Way: 0 Address: 0x3d87a65c0
  Set: 408 Way: 0 Address: 0x3d87a6600
  Set: 409 Way: 0 Address: 0x3d87a6640
  Set: 410 Way: 0 Address: 0x3d87a6680
  Set: 411 Way: 0 Address: 0x3d87a66c0
  Set: 412 Way: 0 Address: 0x3d87a6700
  Set: 413 Way: 0 Address: 0x3d87a6740
  Set: 417 Way: 0 Address: 0x84896850
  Set: 418 Way: 0 Address: 0x84896880
  Set: 419 Way: 0 Address: 0x848968c0
  Set: 420 Way: 0 Address: 0x84896900
  Set: 421 Way: 0 Address: 0x211d16960
  Set: 421 Way: 1 Address: 0x84896940
  Set: 422 Way: 0 Address: 0x211d16980
  Set: 422 Way: 1 Address: 0x84896980
  Set: 423 Way: 0 Address: 0x211d169c0
  Set: 423 Way: 1 Address: 0x848969c0
  Set: 424 Way: 0 Address: 0x211d16a00
  Set: 424 Way: 1 Address: 0x84896a00
  Set: 425 Way: 0 Address: 0x211d16a40
  Set: 425 Way: 1 Address: 0x84896a40
  Set: 426 Way: 0 Address: 0x211d16a80
  Set: 427 Way: 0 Address: 0x211d16ac0
  Set: 428 Way: 0 Address: 0x211d16b00
  Set: 429 Way: 0 Address: 0x211d16b40
  Set: 440 Way: 0 Address: 0x3dae66e00
  Set: 474 Way: 0 Address: 0x276ff76ac
  Set: 475 Way: 0 Address: 0x276ff76c0
  Set: 476 Way: 0 Address: 0x276ff7700
  Set: 477 Way: 0 Address: 0x276ff7740
  Set: 478 Way: 0 Address: 0x276ff7780
  Set: 479 Way: 0 Address: 0x276ff77c0
  Set: 480 Way: 0 Address: 0x276ff7800
  Set: 481 Way: 0 Address: 0x276ff7840
  Set: 492 Way: 0 Address: 0x309887b08
  Set: 503 Way: 0 Address: 0xbeea7dd8
  Set: 512 Way: 0 Address: 0x201598000
  Set: 513 Way: 0 Address: 0x3bdd78050
  Set: 513 Way: 1 Address: 0x201598040
  Set: 514 Way: 0 Address: 0x3bdd78080
  Set: 515 Way: 0 Address: 0x3bdd780c0
  Set: 516 Way: 0 Address: 0x20159813e
  Set: 516 Way: 1 Address: 0x3bdd78100
  Set: 517 Way: 0 Address: 0x2c9898160
  Set: 517 Way: 1 Address: 0x201598160
  Set: 517 Way: 2 Address: 0x3bdd78140
  Set: 518 Way: 0 Address: 0x1aafb81b0
  Set: 518 Way: 1 Address: 0xc70781a8
  Set: 518 Way: 2 Address: 0x201598180
  Set: 518 Way: 3 Address: 0x2c9898180
  Set: 518 Way: 4 Address: 0x3bdd78180
  Set: 519 Way: 0 Address: 0x2015981c0
  Set: 519 Way: 1 Address: 0x2c98981c0
  Set: 519 Way: 2 Address: 0x3bdd781c0
  Set: 520 Way: 0 Address: 0x2c9898200
  Set: 520 Way: 1 Address: 0x3bdd78200
  Set: 521 Way: 0 Address: 0x2c9898240
  Set: 522 Way: 0 Address: 0x20159829e
  Set: 522 Way: 1 Address: 0x2c9898280
  Set: 523 Way: 0 Address: 0x2015982c0
  Set: 523 Way: 1 Address: 0x2c98982c0
  Set: 524 Way: 0 Address: 0x201598300
  Set: 524 Way: 1 Address: 0x2c9898300
  Set: 527 Way: 0 Address: 0x2015983fe
  Set: 528 Way: 0 Address: 0x201598420
  Set: 529 Way: 0 Address: 0x201598440
  Set: 530 Way: 0 Address: 0x201598480
  Set: 533 Way: 0 Address: 0x20159855e
  Set: 534 Way: 0 Address: 0x201598580
  Set: 535 Way: 0 Address: 0x2015985c0
  Set: 538 Way: 0 Address: 0x2015986be
  Set: 539 Way: 0 Address: 0x2015986e0
  Set: 540 Way: 0 Address: 0x201598700
  Set: 541 Way: 0 Address: 0x201598740
  Set: 544 Way: 0 Address: 0x20159881e
  Set: 545 Way: 0 Address: 0x201598840
  Set: 546 Way: 0 Address: 0x201598880
  Set: 549 Way: 0 Address: 0x20159897e
  Set: 550 Way: 0 Address: 0x2015989a6
  Set: 551 Way: 0 Address: 0x2015989c0
  Set: 552 Way: 0 Address: 0x201598a00
  Set: 555 Way: 0 Address: 0x201598afe
  Set: 556 Way: 0 Address: 0x201598b00
  Set: 557 Way: 0 Address: 0x201598b40
  Set: 560 Way: 0 Address: 0x201598c3e
  Set: 561 Way: 0 Address: 0x201598c5e
  Set: 562 Way: 0 Address: 0x201598c80
  Set: 563 Way: 0 Address: 0x201598cc0
  Set: 566 Way: 0 Address: 0x201598dbe
  Set: 567 Way: 0 Address: 0x201598dc0
  Set: 568 Way: 0 Address: 0x201598e00
  Set: 571 Way: 0 Address: 0x201598efe
  Set: 572 Way: 0 Address: 0x201598f1e
  Set: 573 Way: 0 Address: 0x201598f40
  Set: 574 Way: 0 Address: 0x201598f80
  Set: 576 Way: 0 Address: 0x292959000
  Set: 576 Way: 1 Address: 0x2c8749000
  Set: 577 Way: 0 Address: 0x2ee369068
  Set: 577 Way: 1 Address: 0x292959040
  Set: 577 Way: 2 Address: 0x2c8749040
  Set: 578 Way: 0 Address: 0x292959080
  Set: 578 Way: 1 Address: 0x2c8749080
  Set: 579 Way: 0 Address: 0x2929590c0
  Set: 579 Way: 1 Address: 0x3120990fe
  Set: 579 Way: 2 Address: 0x2c87490c0
  Set: 580 Way: 0 Address: 0x292959100
  Set: 580 Way: 1 Address: 0x312099100
  Set: 580 Way: 2 Address: 0x2c8749100
  Set: 581 Way: 0 Address: 0x292959148
  Set: 581 Way: 1 Address: 0x312099140
  Set: 582 Way: 0 Address: 0x292959180
  Set: 583 Way: 0 Address: 0x2929591c0
  Set: 584 Way: 0 Address: 0x292959200
  Set: 584 Way: 1 Address: 0x31209923e
  Set: 585 Way: 0 Address: 0x31209925e
  Set: 586 Way: 0 Address: 0x312099280
  Set: 587 Way: 0 Address: 0x3120992c0
  Set: 590 Way: 0 Address: 0x3120993be
  Set: 591 Way: 0 Address: 0x3120993c0
  Set: 592 Way: 0 Address: 0x312099400
  Set: 595 Way: 0 Address: 0x3120994fe
  Set: 596 Way: 0 Address: 0x31209951e
  Set: 597 Way: 0 Address: 0x312099540
  Set: 598 Way: 0 Address: 0x312099580
  Set: 601 Way: 0 Address: 0x31209967e
  Set: 602 Way: 0 Address: 0x312099680
  Set: 603 Way: 0 Address: 0x3120996c0
  Set: 606 Way: 0 Address: 0x3120997be
  Set: 607 Way: 0 Address: 0x3120997e2
  Set: 608 Way: 0 Address: 0x312099800
  Set: 609 Way: 0 Address: 0x312099840
  Set: 612 Way: 0 Address: 0x31209993e
  Set: 613 Way: 0 Address: 0x312099942
  Set: 614 Way: 0 Address: 0x312099980
  Set: 617 Way: 0 Address: 0x312099a7e
  Set: 618 Way: 0 Address: 0x312099a82
  Set: 619 Way: 0 Address: 0x312099ac0
  Set: 620 Way: 0 Address: 0x312099b00
  Set: 640 Way: 0 Address: 0x229b9a000
  Set: 671 Way: 0 Address: 0x1d89da7f8
  Set: 703 Way: 0 Address: 0x223edafe8
  Set: 745 Way: 0 Address: 0xcf83ba60
  Set: 746 Way: 0 Address: 0xcf83ba80
  Set: 747 Way: 0 Address: 0xcf83bac0
  Set: 749 Way: 0 Address: 0x394edbb68
  Set: 750 Way: 0 Address: 0xcf83bbbe
  Set: 751 Way: 0 Address: 0xcf83bbe2
  Set: 752 Way: 0 Address: 0xcf83bc00
  Set: 753 Way: 0 Address: 0xcf83bc40
  Set: 756 Way: 0 Address: 0xcf83bd1e
  Set: 757 Way: 0 Address: 0xcf83bd40
  Set: 758 Way: 0 Address: 0xcf83bd80
  Set: 759 Way: 0 Address: 0x3b377bdd0
  Set: 759 Way: 1 Address: 0xc0d9bde8
  Set: 761 Way: 0 Address: 0xcf83be7e
  Set: 762 Way: 0 Address: 0xcf83bea0
  Set: 763 Way: 0 Address: 0xcf83bec0
  Set: 764 Way: 0 Address: 0xcf83bf00
  Set: 767 Way: 0 Address: 0xcf83bfde
  Set: 768 Way: 0 Address: 0xdf85c000
  Set: 768 Way: 1 Address: 0xcf83c000
  Set: 769 Way: 0 Address: 0x38e35c07e
  Set: 770 Way: 0 Address: 0x38e35c080
  Set: 771 Way: 0 Address: 0x38e35c0c0
  Set: 774 Way: 0 Address: 0x38e35c1be
  Set: 775 Way: 0 Address: 0x38e35c1c2
  Set: 776 Way: 0 Address: 0x38e35c200
  Set: 777 Way: 0 Address: 0x38e35c240
  Set: 780 Way: 0 Address: 0x38e35c31e
  Set: 781 Way: 0 Address: 0x38e35c340
  Set: 782 Way: 0 Address: 0x38e35c380
  Set: 785 Way: 0 Address: 0x38e35c47e
  Set: 786 Way: 0 Address: 0x38e35c49e
  Set: 787 Way: 0 Address: 0x38e35c4c0
  Set: 788 Way: 0 Address: 0x38e35c500
  Set: 791 Way: 0 Address: 0x38e35c5fe
  Set: 792 Way: 0 Address: 0x38e35c600
  Set: 793 Way: 0 Address: 0x12c6fc650
  Set: 793 Way: 1 Address: 0x38e35c640
  Set: 794 Way: 0 Address: 0x12c6fc680
  Set: 796 Way: 0 Address: 0x38e35c73e
  Set: 797 Way: 0 Address: 0x38e35c75e
  Set: 798 Way: 0 Address: 0x38e35c780
  Set: 799 Way: 0 Address: 0x38e35c7c0
  Set: 802 Way: 0 Address: 0x38e35c8be
  Set: 803 Way: 0 Address: 0x38e35c8c0
  Set: 804 Way: 0 Address: 0x38e35c900
  Set: 807 Way: 0 Address: 0x38e35c9fe
  Set: 808 Way: 0 Address: 0x38e35ca1e
  Set: 809 Way: 0 Address: 0x38e35ca40
  Set: 810 Way: 0 Address: 0x38e35ca80
  Set: 813 Way: 0 Address: 0x38e35cb7e
  Set: 814 Way: 0 Address: 0x29484cbb0
  Set: 814 Way: 1 Address: 0x38e35cb80
  Set: 815 Way: 0 Address: 0x38e35cbc0
  Set: 818 Way: 0 Address: 0x38e35ccbe
  Set: 819 Way: 0 Address: 0x38e35ccde
  Set: 820 Way: 0 Address: 0x38e35cd00
  Set: 821 Way: 0 Address: 0x38e35cd40
  Set: 824 Way: 0 Address: 0x38e35ce3e
  Set: 825 Way: 0 Address: 0x38e35ce40
  Set: 826 Way: 0 Address: 0x38e35ce80
  Set: 829 Way: 0 Address: 0x38e35cf7e
  Set: 830 Way: 0 Address: 0x38e35cf9e
  Set: 831 Way: 0 Address: 0x38e35cfc0
  Set: 832 Way: 0 Address: 0x38e35d000
  Set: 866 Way: 0 Address: 0x23755d8a0
  Set: 867 Way: 0 Address: 0x23755d8e0
  Set: 868 Way: 0 Address: 0x23755d900
  Set: 869 Way: 0 Address: 0x23755d940
  Set: 871 Way: 0 Address: 0x1add9dc
  Set: 872 Way: 0 Address: 0x1adda00
  Set: 873 Way: 0 Address: 0x1adda40
  Set: 874 Way: 0 Address: 0x1adda80
  Set: 875 Way: 0 Address: 0x1addac0
  Set: 876 Way: 0 Address: 0x1addb00
  Set: 877 Way: 0 Address: 0x1addb40
  Set: 878 Way: 0 Address: 0x1addb80
  Set: 888 Way: 0 Address: 0x5588de20
  Set: 888 Way: 1 Address: 0x23755de30
  Set: 889 Way: 0 Address: 0x23755de40
  Set: 890 Way: 0 Address: 0x23755de80
  Set: 891 Way: 0 Address: 0x23755dec0
  Set: 892 Way: 0 Address: 0x23755df00
  Set: 893 Way: 0 Address: 0x23755df40
  Set: 894 Way: 0 Address: 0x23755df80
  Set: 895 Way: 0 Address: 0x23755dfc0
  Set: 896 Way: 0 Address: 0x28b67e000
  Set: 897 Way: 0 Address: 0x3734ee078
  Set: 910 Way: 0 Address: 0x1f919e390
  Set: 911 Way: 0 Address: 0x1f919e3c0
  Set: 912 Way: 0 Address: 0x1f919e42a
  Set: 913 Way: 0 Address: 0x1f919e446
  Set: 914 Way: 0 Address: 0x1f919e489
  Set: 915 Way: 0 Address: 0x1f919e4c1
  Set: 916 Way: 0 Address: 0x1f919e501
  Set: 917 Way: 0 Address: 0x1f919e543
  Set: 918 Way: 0 Address: 0x1f919e580
  Set: 919 Way: 0 Address: 0x1f919e5c8
  Set: 920 Way: 0 Address: 0x1f919e600
  Set: 921 Way: 0 Address: 0x1f919e640
  Set: 922 Way: 0 Address: 0x1f919e680
  Set: 927 Way: 0 Address: 0x28b67e7f8
  Set: 951 Way: 0 Address: 0x1c084edc0
  Set: 951 Way: 1 Address: 0x2db79edc0
  Set: 951 Way: 2 Address: 0x20597edc8
  Set: 952 Way: 0 Address: 0x2f5d8ee08
  Set: 952 Way: 1 Address: 0x1c084ee38
  Set: 978 Way: 0 Address: 0x23756f490
  Set: 979 Way: 0 Address: 0x23756f4c0
  Set: 980 Way: 0 Address: 0x23756f500
  Set: 981 Way: 0 Address: 0x23756f540
  Set: 982 Way: 0 Address: 0x23756f580
  Set: 983 Way: 0 Address: 0x23756f5c0
  Set: 984 Way: 0 Address: 0x23756f600
  Set: 985 Way: 0 Address: 0x23756f640
  Set: 1014 Way: 0 Address: 0x16390fdb8
  Set: 1016 Way: 0 Address: 0x16390fe00
  Set: 1016 Way: 1 Address: 0xee86fe10
  Set: 1016 Way: 2 Address: 0x143efe18
  Set: 1016 Way: 3 Address: 0x22272fe1c
  Set: 1017 Way: 0 Address: 0x22272fe40
  Set: 1018 Way: 0 Address: 0x22272fe80
  Set: 1019 Way: 0 Address: 0x22272fec0
  Set: 1020 Way: 0 Address: 0x22272ff00
  Set: 1021 Way: 0 Address: 0x22272ff40
  Set: 1022 Way: 0 Address: 0x22272ff80
  Set: 1023 Way: 0 Address: 0x22272ffc0
EndCache
Cache: cpu0_L1I
  Set: 14 Way: 0 Address: 0x1f919e390
  Set: 15 Way: 0 Address: 0x1f919e3f5
  Set: 16 Way: 0 Address: 0x1f919e42a
  Set: 17 Way: 0 Address: 0x1f919e472
  Set: 18 Way: 0 Address: 0x1f919e4b0
  Set: 19 Way: 0 Address: 0x1f919e4d9
  Set: 20 Way: 0 Address: 0x1f919e52a
  Set: 21 Way: 0 Address: 0x1f919e560
  Set: 23 Way: 0 Address: 0x1f919e5f8
  Set: 24 Way: 0 Address: 0x1f919e600
  Set: 25 Way: 0 Address: 0x1f919e645
  Set: 34 Way: 0 Address: 0x2a48418a0
EndCache
Cache: cpu0_L1D
  Set: 0 Way: 0 Address: 0xdf85c000
  Set: 0 Way: 1 Address: 0x28b67e000
  Set: 0 Way: 2 Address: 0x229b9a000
  Set: 0 Way: 3 Address: 0x195f15010
  Set: 0 Way: 4 Address: 0x9cff2018
  Set: 0 Way: 5 Address: 0x43736018
  Set: 0 Way: 6 Address: 0x29295901a
  Set: 0 Way: 7 Address: 0x20159801a
  Set: 0 Way: 8 Address: 0x2c8749004
  Set: 1 Way: 0 Address: 0x195f15070
  Set: 1 Way: 1 Address: 0x3de4d4070
  Set: 1 Way: 2 Address: 0x397bb4060
  Set: 1 Way: 3 Address: 0x9cff2078
  Set: 1 Way: 4 Address: 0x3734ee078
  Set: 1 Way: 5 Address: 0x2ee369068
  Set: 1 Way: 6 Address: 0x38e35c07e
  Set: 1 Way: 7 Address: 0x292959042
  Set: 1 Way: 8 Address: 0x3bdd78050
  Set: 1 Way: 9 Address: 0x3b0803070
  Set: 1 Way: 10 Address: 0x181c81058
  Set: 1 Way: 11 Address: 0x2c8749040
  Set: 2 Way: 0 Address: 0x195f150a8
  Set: 2 Way: 1 Address: 0x9cff20a8
  Set: 2 Way: 2 Address: 0x38e35c092
  Set: 2 Way: 3 Address: 0x29295908e
  Set: 2 Way: 4 Address: 0x3bdd78080
  Set: 2 Way: 5 Address: 0x2c8749080
  Set: 3 Way: 0 Address: 0x2929590c2
  Set: 3 Way: 1 Address: 0x3120990fe
  Set: 3 Way: 2 Address: 0x3bdd780c0
  Set: 3 Way: 3 Address: 0x2c87490c0
  Set: 4 Way: 0 Address: 0x292959110
  Set: 4 Way: 1 Address: 0x31209911c
  Set: 4 Way: 2 Address: 0x20159813e
  Set: 4 Way: 3 Address: 0x3bdd78100
  Set: 4 Way: 4 Address: 0x2c8749100
  Set: 5 Way: 0 Address: 0x29295915c
  Set: 5 Way: 1 Address: 0x2c9898160
  Set: 5 Way: 2 Address: 0x201598166
  Set: 5 Way: 3 Address: 0x3bdd78140
  Set: 6 Way: 0 Address: 0x1aafb81b0
  Set: 6 Way: 1 Address: 0xc70781a8
  Set: 6 Way: 2 Address: 0x2929591a0
  Set: 6 Way: 3 Address: 0x201598180
  Set: 6 Way: 4 Address: 0x38e35c1be
  Set: 6 Way: 5 Address: 0x2c9898180
  Set: 6 Way: 6 Address: 0x3bdd78180
  Set: 7 Way: 0 Address: 0x2929591c0
  Set: 7 Way: 1 Address: 0x38e35c1d8
  Set: 7 Way: 2 Address: 0x2c98981c0
  Set: 7 Way: 3 Address: 0x3bdd781c0
  Set: 8 Way: 0 Address: 0x113201208
  Set: 8 Way: 1 Address: 0x38e35c200
  Set: 8 Way: 2 Address: 0x31209923e
  Set: 8 Way: 3 Address: 0x2c9898200
  Set: 8 Way: 4 Address: 0x3bdd78200
  Set: 9 Way: 0 Address: 0x257713270
  Set: 9 Way: 1 Address: 0x312099270
  Set: 9 Way: 2 Address: 0x2c9898240
  Set: 10 Way: 0 Address: 0x2015982b4
  Set: 10 Way: 1 Address: 0x257713280
  Set: 10 Way: 2 Address: 0x312099280
  Set: 10 Way: 3 Address: 0x2c9898280
  Set: 11 Way: 0 Address: 0x2015982d8
  Set: 11 Way: 1 Address: 0x2577132c0
  Set: 11 Way: 2 Address: 0x2c98982c0
  Set: 12 Way: 0 Address: 0x113201300
  Set: 12 Way: 1 Address: 0x263c13300
  Set: 12 Way: 2 Address: 0x38e35c336
  Set: 12 Way: 3 Address: 0x257713300
  Set: 12 Way: 4 Address: 0x2c9898300
  Set: 13 Way: 0 Address: 0x38e35c34e
  Set: 13 Way: 1 Address: 0x257713340
  Set: 14 Way: 0 Address: 0x27d4c6380
  Set: 14 Way: 1 Address: 0x3120993be
  Set: 14 Way: 2 Address: 0x257713380
  Set: 15 Way: 0 Address: 0x3120993d8
  Set: 15 Way: 1 Address: 0x2015983fe
  Set: 15 Way: 2 Address: 0x27d4c63c0
  Set: 15 Way: 3 Address: 0x2577133c0
  Set: 16 Way: 0 Address: 0x201598438
  Set: 16 Way: 1 Address: 0x27d4c6400
  Set: 16 Way: 2 Address: 0x257713400
  Set: 17 Way: 0 Address: 0x201598440
  Set: 17 Way: 1 Address: 0x38e35c47e
  Set: 17 Way: 2 Address: 0x27d4c6440
  Set: 18 Way: 0 Address: 0x38e35c4b8
  Set: 18 Way: 1 Address: 0x23756f490
  Set: 18 Way: 2 Address: 0x27d4c6480
  Set: 19 Way: 0 Address: 0x38e35c4c0
  Set: 19 Way: 1 Address: 0x23756f4c0
  Set: 19 Way: 2 Address: 0x3120994fe
  Set: 19 Way: 3 Address: 0x27d4c64c0
  Set: 20 Way: 0 Address: 0x31209953a
  Set: 20 Way: 1 Address: 0x23756f500
  Set: 20 Way: 2 Address: 0x27d4c6500
  Set: 21 Way: 0 Address: 0x201598576
  Set: 21 Way: 1 Address: 0x312099540
  Set: 21 Way: 2 Address: 0x23756f540
  Set: 21 Way: 3 Address: 0x27d4c6540
  Set: 22 Way: 0 Address: 0x3d87a65a0
  Set: 22 Way: 1 Address: 0x20159859a
  Set: 22 Way: 2 Address: 0x23756f580
  Set: 23 Way: 0 Address: 0x38e35c5fe
  Set: 23 Way: 1 Address: 0x3d87a65c0
  Set: 23 Way: 2 Address: 0x23756f5c0
  Set: 24 Way: 0 Address: 0x38e35c61a
  Set: 24 Way: 1 Address: 0x3d87a6600
  Set: 24 Way: 2 Address: 0x23756f600
  Set: 25 Way: 0 Address: 0x12c6fc650
  Set: 25 Way: 1 Address: 0x31209967e
  Set: 25 Way: 2 Address: 0x3d87a6640
  Set: 25 Way: 3 Address: 0x23756f640
  Set: 26 Way: 0 Address: 0x276ff76ac
  Set: 26 Way: 1 Address: 0x312099694
  Set: 26 Way: 2 Address: 0x2015986be
  Set: 26 Way: 3 Address: 0x3d87a6680
  Set: 27 Way: 0 Address: 0x2015986e0
  Set: 27 Way: 1 Address: 0x276ff76c0
  Set: 27 Way: 2 Address: 0x3d87a66c0
  Set: 28 Way: 0 Address: 0x201598700
  Set: 28 Way: 1 Address: 0x38e35c73e
  Set: 28 Way: 2 Address: 0x276ff7700
  Set: 28 Way: 3 Address: 0x3d87a6700
  Set: 29 Way: 0 Address: 0x38e35c778
  Set: 29 Way: 1 Address: 0x276ff7740
  Set: 29 Way: 2 Address: 0x3d87a6740
  Set: 30 Way: 0 Address: 0x2b2e937bc
  Set: 30 Way: 1 Address: 0x38e35c780
  Set: 30 Way: 2 Address: 0x3120997be
  Set: 30 Way: 3 Address: 0x276ff7780
  Set: 31 Way: 0 Address: 0x28b67e7f8
  Set: 31 Way: 1 Address: 0x1d89da7f8
  Set: 31 Way: 2 Address: 0x2b2e937c0
  Set: 31 Way: 3 Address: 0x3120997f8
  Set: 31 Way: 4 Address: 0x276ff77c0
  Set: 32 Way: 0 Address: 0x201598836
  Set: 32 Way: 1 Address: 0x2b2e93800
  Set: 32 Way: 2 Address: 0x1c84e2838
  Set: 32 Way: 3 Address: 0x312099800
  Set: 32 Way: 4 Address: 0x276ff7800
  Set: 33 Way: 0 Address: 0x84896850
  Set: 33 Way: 1 Address: 0x1c84e287c
  Set: 33 Way: 2 Address: 0x20159885a
  Set: 33 Way: 3 Address: 0x2b2e93840
  Set: 33 Way: 4 Address: 0x276ff7840
  Set: 34 Way: 0 Address: 0x1c84e28a4
  Set: 34 Way: 1 Address: 0x38e35c8be
  Set: 34 Way: 2 Address: 0x23755d8b0
  Set: 34 Way: 3 Address: 0x84896880
  Set: 34 Way: 4 Address: 0x2b2e93880
  Set: 35 Way: 0 Address: 0x1c84e28c8
  Set: 35 Way: 1 Address: 0x1995f28c8
  Set: 35 Way: 2 Address: 0x23755d8e0
  Set: 35 Way: 3 Address: 0x354d358cc
  Set: 35 Way: 4 Address: 0x38e35c8dc
  Set: 35 Way: 5 Address: 0x848968c0
  Set: 35 Way: 6 Address: 0x2b2e938c0
  Set: 36 Way: 0 Address: 0x1c84e2918
  Set: 36 Way: 1 Address: 0x23755d910
  Set: 36 Way: 2 Address: 0x31209993e
  Set: 36 Way: 3 Address: 0x354d35900
  Set: 36 Way: 4 Address: 0x84896900
  Set: 36 Way: 5 Address: 0x2b2e93900
  Set: 37 Way: 0 Address: 0x1c84e2964
  Set: 37 Way: 1 Address: 0x211d16960
  Set: 37 Way: 2 Address: 0x312099958
  Set: 37 Way: 3 Address: 0x20159897e
  Set: 37 Way: 4 Address: 0x354d35940
  Set: 37 Way: 5 Address: 0x84896940
  Set: 37 Way: 6 Address: 0x2b2e93940
  Set: 38 Way: 0 Address: 0x2015989b6
  Set: 38 Way: 1 Address: 0xf6e81980
  Set: 38 Way: 2 Address: 0x1c84e2994
  Set: 38 Way: 3 Address: 0x211d16980
  Set: 38 Way: 4 Address: 0x354d35980
  Set: 38 Way: 5 Address: 0x84896980
  Set: 38 Way: 6 Address: 0x2b2e93980
  Set: 39 Way: 0 Address: 0x1c84e29c8
  Set: 39 Way: 1 Address: 0x1add9dc
  Set: 39 Way: 2 Address: 0x2015989c0
  Set: 39 Way: 3 Address: 0x38e35c9fe
  Set: 39 Way: 4 Address: 0x211d169c0
  Set: 39 Way: 5 Address: 0x354d359c0
  Set: 39 Way: 6 Address: 0x848969c0
  Set: 40 Way: 0 Address: 0x1c84e2a34
  Set: 40 Way: 1 Address: 0x38e35ca34
  Set: 40 Way: 2 Address: 0x1adda00
  Set: 40 Way: 3 Address: 0x211d16a00
  Set: 40 Way: 4 Address: 0x354d35a00
  Set: 40 Way: 5 Address: 0x84896a00
  Set: 41 Way: 0 Address: 0x1c84e2a44
  Set: 41 Way: 1 Address: 0x38e35ca40
  Set: 41 Way: 2 Address: 0x1adda40
  Set: 41 Way: 3 Address: 0xcf83ba7c
  Set: 41 Way: 4 Address: 0x312099a7e
  Set: 41 Way: 5 Address: 0x211d16a40
  Set: 41 Way: 6 Address: 0x354d35a40
  Set: 42 Way: 0 Address: 0x1c84e2a88
  Set: 42 Way: 1 Address: 0x1adda80
  Set: 42 Way: 2 Address: 0x312099a98
  Set: 42 Way: 3 Address: 0xcf83ba80
  Set: 42 Way: 4 Address: 0x211d16a80
  Set: 42 Way: 5 Address: 0x354d35a80
  Set: 43 Way: 0 Address: 0x201598afe
  Set: 43 Way: 1 Address: 0x1c84e2ae4
  Set: 43 Way: 2 Address: 0x6e620aec
  Set: 43 Way: 3 Address: 0x1addac0
  Set: 43 Way: 4 Address: 0x312099ac0
  Set: 43 Way: 5 Address: 0x211d16ac0
  Set: 44 Way: 0 Address: 0x1c84e2b2c
  Set: 44 Way: 1 Address: 0x201598b00
  Set: 44 Way: 2 Address: 0x309887b08
  Set: 44 Way: 3 Address: 0x6e620b00
  Set: 44 Way: 4 Address: 0x1addb00
  Set: 44 Way: 5 Address: 0x211d16b00
  Set: 45 Way: 0 Address: 0x1c84e2b68
  Set: 45 Way: 1 Address: 0x3c56b3b68
  Set: 45 Way: 2 Address: 0x394edbb68
  Set: 45 Way: 3 Address: 0x3c1074b70
  Set: 45 Way: 4 Address: 0x38e35cb7e
  Set: 45 Way: 5 Address: 0x6e620b40
  Set: 45 Way: 6 Address: 0x1addb40
  Set: 46 Way: 0 Address: 0x3c56b3b80
  Set: 46 Way: 1 Address: 0x29484cbb0
  Set: 46 Way: 2 Address: 0x1c84e2b94
  Set: 46 Way: 3 Address: 0x38e35cb96
  Set: 46 Way: 4 Address: 0xcf83bbbe
  Set: 46 Way: 5 Address: 0x6e620b80
  Set: 46 Way: 6 Address: 0x1addb80
  Set: 47 Way: 0 Address: 0x1c84e2bc8
  Set: 47 Way: 1 Address: 0x2177f0bfc
  Set: 47 Way: 2 Address: 0xcf83bbf6
  Set: 47 Way: 3 Address: 0x6e620bc0
  Set: 48 Way: 0 Address: 0x2177f0c00
  Set: 48 Way: 1 Address: 0x201598c3e
  Set: 48 Way: 2 Address: 0xcf83bc00
  Set: 48 Way: 3 Address: 0x6e620c00
  Set: 49 Way: 0 Address: 0x201598c5e
  Set: 49 Way: 1 Address: 0x2177f0c40
  Set: 49 Way: 2 Address: 0x6e620c40
  Set: 50 Way: 0 Address: 0x201598c80
  Set: 50 Way: 1 Address: 0x38e35ccbe
  Set: 50 Way: 2 Address: 0x2177f0c80
  Set: 50 Way: 3 Address: 0x6e620c80
  Set: 51 Way: 0 Address: 0x38e35ccf6
  Set: 51 Way: 1 Address: 0x2177f0cc0
  Set: 52 Way: 0 Address: 0x14bb10d0c
  Set: 52 Way: 1 Address: 0xcf83bd36
  Set: 52 Way: 2 Address: 0x38e35cd00
  Set: 52 Way: 3 Address: 0x2177f0d00
  Set: 53 Way: 0 Address: 0xcf83bd5a
  Set: 53 Way: 1 Address: 0x14bb10d40
  Set: 53 Way: 2 Address: 0x2177f0d40
  Set: 54 Way: 0 Address: 0x201598dbe
  Set: 54 Way: 1 Address: 0x16390fdb8
  Set: 54 Way: 2 Address: 0x14bb10d80
  Set: 54 Way: 3 Address: 0x2177f0d80
  Set: 55 Way: 0 Address: 0x201598dc0
  Set: 55 Way: 1 Address: 0x1c084edd8
  Set: 55 Way: 2 Address: 0x3b377bdd0
  Set: 55 Way: 3 Address: 0x2db79edc0
  Set: 55 Way: 4 Address: 0xbeea7dd8
  Set: 55 Way: 5 Address: 0x1064c2df0
  Set: 55 Way: 6 Address: 0xc0d9bde8
  Set: 55 Way: 7 Address: 0x3232f3de0
  Set: 55 Way: 8 Address: 0x342b40df8
  Set: 55 Way: 9 Address: 0x14bb10dc0
  Set: 55 Way: 10 Address: 0x20597edc8
  Set: 55 Way: 11 Address: 0x2177f0dc0
  Set: 56 Way: 0 Address: 0x14bb10e00
  Set: 56 Way: 1 Address: 0xee86fe10
  Set: 56 Way: 2 Address: 0x2f5d8ee08
  Set: 56 Way: 3 Address: 0x3dae66e00
  Set: 56 Way: 4 Address: 0x143efe18
  Set: 56 Way: 5 Address: 0x5588de20
  Set: 56 Way: 6 Address: 0x133c92e30
  Set: 56 Way: 7 Address: 0x1c084ee38
  Set: 56 Way: 8 Address: 0x1ab44e28
  Set: 56 Way: 9 Address: 0x22272fe1c
  Set: 56 Way: 10 Address: 0x23755de30
  Set: 56 Way: 11 Address: 0x38e35ce3e
  Set: 57 Way: 0 Address: 0x38e35ce58
  Set: 57 Way: 1 Address: 0xcf83be7e
  Set: 57 Way: 2 Address: 0x23755de40
  Set: 57 Way: 3 Address: 0x22272fe40
  Set: 57 Way: 4 Address: 0x14bb10e40
  Set: 58 Way: 0 Address: 0xcf83beb2
  Set: 58 Way: 1 Address: 0x23755de80
  Set: 58 Way: 2 Address: 0x22272fe80
  Set: 58 Way: 3 Address: 0x14bb10e80
  Set: 59 Way: 0 Address: 0x201598efe
  Set: 59 Way: 1 Address: 0xcf83bec0
  Set: 59 Way: 2 Address: 0x23755dec0
  Set: 59 Way: 3 Address: 0x22272fec0
  Set: 59 Way: 4 Address: 0x14bb10ec0
  Set: 60 Way: 0 Address: 0x201598f1e
  Set: 60 Way: 1 Address: 0x23755df00
  Set: 60 Way: 2 Address: 0x22272ff00
  Set: 61 Way: 0 Address: 0x6d0c2f58
  Set: 61 Way: 1 Address: 0x1b0f15f40
  Set: 61 Way: 2 Address: 0x201598f40
  Set: 61 Way: 3 Address: 0x38e35cf7e
  Set: 61 Way: 4 Address: 0x23755df40
  Set: 61 Way: 5 Address: 0x22272ff40
  Set: 62 Way: 0 Address: 0x6d0c2fa4
  Set: 62 Way: 1 Address: 0x38e35cfba
  Set: 62 Way: 2 Address: 0x1b0f15f80
  Set: 62 Way: 3 Address: 0x23755df80
  Set: 62 Way: 4 Address: 0x22272ff80
  Set: 63 Way: 0 Address: 0x223edafe8
  Set: 63 Way: 1 Address: 0x6d0c2fc8
  Set: 63 Way: 2 Address: 0xcf83bff6
  Set: 63 Way: 3 Address: 0x38e35cfc0
  Set: 63 Way: 4 Address: 0x1b0f15fc0
  Set: 63 Way: 5 Address: 0x23755dfc0
  Set: 63 Way: 6 Address: 0x22272ffc0
EndCache
Cache: cpu0_ITLB
  Set: 0 Way: 0 Address: 0x4608a0
  Set: 1 Way: 0 Address: 0x441543
EndCache
Cache: cpu0_DTLB
  Set: 0 Way: 0 Address: 0x1d708a4
  Set: 0 Way: 1 Address: 0x730650
  Set: 0 Way: 2 Address: 0x1fc06ac
  Set: 1 Way: 0 Address: 0x7618c8
  Set: 1 Way: 1 Address: 0x1fc17bc
  Set: 2 Way: 0 Address: 0x1fc28cc
  Set: 3 Way: 0 Address: 0x1fc39dc
  Set: 4 Way: 0 Address: 0x1fc4aec
  Set: 5 Way: 0 Address: 0x7fff6ec35fc8
  Set: 5 Way: 1 Address: 0x1fc5bfc
  Set: 6 Way: 0 Address: 0x7fff6ec361a0
  Set: 6 Way: 1 Address: 0x1fc6d0c
  Set: 7 Way: 0 Address: 0x1fb78e0
  Set: 7 Way: 1 Address: 0x1fc7e1c
  Set: 8 Way: 0 Address: 0x1fb8f40
  Set: 9 Way: 0 Address: 0x1fb9000
  Set: 10 Way: 0 Address: 0x1fba050
  Set: 11 Way: 0 Address: 0x1fbb160
  Set: 11 Way: 1 Address: 0x2a0bbf6
  Set: 12 Way: 0 Address: 0x2a0c9b2
  Set: 12 Way: 1 Address: 0x1fbc270
  Set: 13 Way: 0 Address: 0x2a0d092
  Set: 13 Way: 1 Address: 0x1d6d850
  Set: 13 Way: 2 Address: 0x1fbd380
  Set: 14 Way: 0 Address: 0x1d6e960
  Set: 14 Way: 1 Address: 0x1fbe490
  Set: 14 Way: 2 Address: 0x2a0e11c
  Set: 15 Way: 0 Address: 0x1fbf5a0
EndCache
Cache: LLC
  Set: 43 Way: 0 Address: 0x6e620aec
  Set: 44 Way: 0 Address: 0x6e620b00
  Set: 45 Way: 0 Address: 0x6e620b40
  Set: 46 Way: 0 Address: 0x6e620b80
  Set: 47 Way: 0 Address: 0x6e620bc0
  Set: 48 Way: 0 Address: 0x6e620c00
  Set: 49 Way: 0 Address: 0x6e620c40
  Set: 50 Way: 0 Address: 0x6e620c80
  Set: 55 Way: 0 Address: 0x342b40df8
  Set: 65 Way: 0 Address: 0x181c81058
  Set: 72 Way: 0 Address: 0x113201208
  Set: 76 Way: 0 Address: 0x113201300
  Set: 98 Way: 0 Address: 0x2a48418a0
  Set: 99 Way: 0 Address: 0x2a48418c0
  Set: 102 Way: 0 Address: 0xf6e81980
  Set: 160 Way: 0 Address: 0x1c84e2838
  Set: 161 Way: 0 Address: 0x1c84e287c
  Set: 162 Way: 0 Address: 0x1c84e28a4
  Set: 163 Way: 0 Address: 0x1c84e28c8
  Set: 164 Way: 0 Address: 0x1c84e2900
  Set: 165 Way: 0 Address: 0x1c84e2964
  Set: 166 Way: 0 Address: 0x1c84e2980
  Set: 167 Way: 0 Address: 0x1c84e29c8
  Set: 168 Way: 0 Address: 0x1c84e2a24
  Set: 169 Way: 0 Address: 0x1c84e2a44
  Set: 170 Way: 0 Address: 0x1c84e2a80
  Set: 171 Way: 0 Address: 0x1c84e2ac0
  Set: 172 Way: 0 Address: 0x1c84e2b2c
  Set: 173 Way: 0 Address: 0x1c84e2b40
  Set: 174 Way: 0 Address: 0x1c84e2b80
  Set: 175 Way: 0 Address: 0x1c84e2bc8
  Set: 176 Way: 0 Address: 0x1c84e2c00
  Set: 183 Way: 0 Address: 0x1064c2df0
  Set: 189 Way: 0 Address: 0x6d0c2f58
  Set: 190 Way: 0 Address: 0x6d0c2fa4
  Set: 191 Way: 0 Address: 0x6d0c2ffc
  Set: 192 Way: 0 Address: 0x6d0c3000
  Set: 193 Way: 0 Address: 0x3b0803070
  Set: 312 Way: 0 Address: 0x1ab44e28
  Set: 398 Way: 0 Address: 0x27d4c6380
  Set: 399 Way: 0 Address: 0x27d4c63c0
  Set: 400 Way: 0 Address: 0x27d4c6400
  Set: 401 Way: 0 Address: 0x27d4c6440
  Set: 402 Way: 0 Address: 0x27d4c6480
  Set: 403 Way: 0 Address: 0x27d4c64c0
  Set: 404 Way: 0 Address: 0x27d4c6500
  Set: 405 Way: 0 Address: 0x27d4c6540
  Set: 406 Way: 0 Address: 0x3d87a65a0
  Set: 407 Way: 0 Address: 0x3d87a65c0
  Set: 408 Way: 0 Address: 0x3d87a6600
  Set: 409 Way: 0 Address: 0x3d87a6640
  Set: 410 Way: 0 Address: 0x3d87a6680
  Set: 411 Way: 0 Address: 0x3d87a66c0
  Set: 412 Way: 0 Address: 0x3d87a6700
  Set: 413 Way: 0 Address: 0x3d87a6740
  Set: 440 Way: 0 Address: 0x3dae66e00
  Set: 492 Way: 0 Address: 0x309887b08
  Set: 503 Way: 0 Address: 0xbeea7dd8
  Set: 576 Way: 0 Address: 0x2c8749000
  Set: 577 Way: 0 Address: 0x2ee369068
  Set: 577 Way: 1 Address: 0x2c8749040
  Set: 578 Way: 0 Address: 0x2c8749080
  Set: 579 Way: 0 Address: 0x2c87490c0
  Set: 580 Way: 0 Address: 0x2c8749100
  Set: 814 Way: 0 Address: 0x29484cbb0
  Set: 888 Way: 0 Address: 0x5588de20
  Set: 897 Way: 0 Address: 0x3734ee078
  Set: 951 Way: 0 Address: 0x1c084edc0
  Set: 952 Way: 0 Address: 0x2f5d8ee08
  Set: 952 Way: 1 Address: 0x1c084ee38
  Set: 978 Way: 0 Address: 0x23756f490
  Set: 979 Way: 0 Address: 0x23756f4c0
  Set: 980 Way: 0 Address: 0x23756f500
  Set: 981 Way: 0 Address: 0x23756f540
  Set: 982 Way: 0 Address: 0x23756f580
  Set: 983 Way: 0 Address: 0x23756f5c0
  Set: 984 Way: 0 Address: 0x23756f600
  Set: 985 Way: 0 Address: 0x23756f640
  Set: 1014 Way: 0 Address: 0x16390fdb8
  Set: 1016 Way: 0 Address: 0x16390fe00
  Set: 1016 Way: 1 Address: 0xee86fe10
  Set: 1016 Way: 2 Address: 0x143efe18
  Set: 1016 Way: 3 Address: 0x22272fe1c
  Set: 1017 Way: 0 Address: 0x22272fe40
  Set: 1018 Way: 0 Address: 0x22272fe80
  Set: 1019 Way: 0 Address: 0x22272fec0
  Set: 1020 Way: 0 Address: 0x22272ff00
  Set: 1021 Way: 0 Address: 0x22272ff40
  Set: 1022 Way: 0 Address: 0x22272ff80
  Set: 1023 Way: 0 Address: 0x22272ffc0
  Set: 1071 Way: 0 Address: 0x2177f0bfc
  Set: 1072 Way: 0 Address: 0x2177f0c00
  Set: 1073 Way: 0 Address: 0x2177f0c40
  Set: 1074 Way: 0 Address: 0x2177f0c80
  Set: 1075 Way: 0 Address: 0x2177f0cc0
  Set: 1076 Way: 0 Address: 0x14bb10d0c
  Set: 1076 Way: 1 Address: 0x2177f0d00
  Set: 1077 Way: 0 Address: 0x14bb10d40
  Set: 1077 Way: 1 Address: 0x2177f0d40
  Set: 1078 Way: 0 Address: 0x14bb10d80
  Set: 1078 Way: 1 Address: 0x2177f0d80
  Set: 1079 Way: 0 Address: 0x14bb10dc0
  Set: 1079 Way: 1 Address: 0x2177f0dc0
  Set: 1080 Way: 0 Address: 0x14bb10e00
  Set: 1081 Way: 0 Address: 0x14bb10e40
  Set: 1082 Way: 0 Address: 0x14bb10e80
  Set: 1083 Way: 0 Address: 0x14bb10ec0
  Set: 1152 Way: 0 Address: 0x9cff2018
  Set: 1153 Way: 0 Address: 0x9cff2078
  Set: 1154 Way: 0 Address: 0x9cff20a8
  Set: 1187 Way: 0 Address: 0x1995f28c8
  Set: 1188 Way: 0 Address: 0x1995f2900
  Set: 1208 Way: 0 Address: 0x133c92e30
  Set: 1225 Way: 0 Address: 0x257713270
  Set: 1226 Way: 0 Address: 0x257713280
  Set: 1227 Way: 0 Address: 0x2577132c0
  Set: 1228 Way: 0 Address: 0x263c13300
  Set: 1228 Way: 1 Address: 0x257713300
  Set: 1229 Way: 0 Address: 0x257713340
  Set: 1230 Way: 0 Address: 0x257713380
  Set: 1231 Way: 0 Address: 0x2577133c0
  Set: 1232 Way: 0 Address: 0x257713400
  Set: 1246 Way: 0 Address: 0x2b2e937bc
  Set: 1247 Way: 0 Address: 0x2b2e937c0
  Set: 1248 Way: 0 Address: 0x2b2e93800
  Set: 1249 Way: 0 Address: 0x2b2e93840
  Set: 1250 Way: 0 Address: 0x2b2e93880
  Set: 1251 Way: 0 Address: 0x2b2e938c0
  Set: 1252 Way: 0 Address: 0x2b2e93900
  Set: 1253 Way: 0 Address: 0x2b2e93940
  Set: 1254 Way: 0 Address: 0x2b2e93980
  Set: 1261 Way: 0 Address: 0x3c56b3b70
  Set: 1262 Way: 0 Address: 0x3c56b3b80
  Set: 1271 Way: 0 Address: 0x3232f3de0
  Set: 1281 Way: 0 Address: 0x3de4d4070
  Set: 1281 Way: 1 Address: 0x397bb4060
  Set: 1325 Way: 0 Address: 0x3c1074b70
  Set: 1344 Way: 0 Address: 0x195f15010
  Set: 1345 Way: 0 Address: 0x195f15070
  Set: 1346 Way: 0 Address: 0x195f150a8
  Set: 1379 Way: 0 Address: 0x354d358cc
  Set: 1380 Way: 0 Address: 0x354d35900
  Set: 1381 Way: 0 Address: 0x354d35940
  Set: 1382 Way: 0 Address: 0x354d35980
  Set: 1383 Way: 0 Address: 0x354d359c0
  Set: 1384 Way: 0 Address: 0x354d35a00
  Set: 1385 Way: 0 Address: 0x354d35a40
  Set: 1386 Way: 0 Address: 0x354d35a80
  Set: 1405 Way: 0 Address: 0x1b0f15f40
  Set: 1406 Way: 0 Address: 0x1b0f15f80
  Set: 1407 Way: 0 Address: 0x1b0f15fc0
  Set: 1408 Way: 0 Address: 0x43736018
  Set: 1441 Way: 0 Address: 0x84896850
  Set: 1442 Way: 0 Address: 0x84896880
  Set: 1443 Way: 0 Address: 0x848968c0
  Set: 1444 Way: 0 Address: 0x84896900
  Set: 1445 Way: 0 Address: 0x211d16960
  Set: 1445 Way: 1 Address: 0x84896940
  Set: 1446 Way: 0 Address: 0x211d16980
  Set: 1446 Way: 1 Address: 0x84896980
  Set: 1447 Way: 0 Address: 0x211d169c0
  Set: 1447 Way: 1 Address: 0x848969c0
  Set: 1448 Way: 0 Address: 0x211d16a00
  Set: 1448 Way: 1 Address: 0x84896a00
  Set: 1449 Way: 0 Address: 0x211d16a40
  Set: 1449 Way: 1 Address: 0x84896a40
  Set: 1450 Way: 0 Address: 0x211d16a80
  Set: 1451 Way: 0 Address: 0x211d16ac0
  Set: 1452 Way: 0 Address: 0x211d16b00
  Set: 1453 Way: 0 Address: 0x211d16b40
  Set: 1498 Way: 0 Address: 0x276ff76ac
  Set: 1499 Way: 0 Address: 0x276ff76c0
  Set: 1500 Way: 0 Address: 0x276ff7700
  Set: 1501 Way: 0 Address: 0x276ff7740
  Set: 1502 Way: 0 Address: 0x276ff7780
  Set: 1503 Way: 0 Address: 0x276ff77c0
  Set: 1504 Way: 0 Address: 0x276ff7800
  Set: 1505 Way: 0 Address: 0x276ff7840
  Set: 1536 Way: 0 Address: 0x201598000
  Set: 1537 Way: 0 Address: 0x3bdd78050
  Set: 1537 Way: 1 Address: 0x201598040
  Set: 1538 Way: 0 Address: 0x3bdd78080
  Set: 1539 Way: 0 Address: 0x3bdd780c0
  Set: 1540 Way: 0 Address: 0x20159813e
  Set: 1540 Way: 1 Address: 0x3bdd78100
  Set: 1541 Way: 0 Address: 0x2c9898160
  Set: 1541 Way: 1 Address: 0x201598160
  Set: 1541 Way: 2 Address: 0x3bdd78140
  Set: 1542 Way: 0 Address: 0x1aafb81b0
  Set: 1542 Way: 1 Address: 0xc70781a8
  Set: 1542 Way: 2 Address: 0x201598180
  Set: 1542 Way: 3 Address: 0x2c9898180
  Set: 1542 Way: 4 Address: 0x3bdd78180
  Set: 1543 Way: 0 Address: 0x2015981c0
  Set: 1543 Way: 1 Address: 0x2c98981c0
  Set: 1543 Way: 2 Address: 0x3bdd781c0
  Set: 1544 Way: 0 Address: 0x2c9898200
  Set: 1544 Way: 1 Address: 0x3bdd78200
  Set: 1545 Way: 0 Address: 0x2c9898240
  Set: 1546 Way: 0 Address: 0x20159829e
  Set: 1546 Way: 1 Address: 0x2c9898280
  Set: 1547 Way: 0 Address: 0x2015982c0
  Set: 1547 Way: 1 Address: 0x2c98982c0
  Set: 1548 Way: 0 Address: 0x201598300
  Set: 1548 Way: 1 Address: 0x2c9898300
  Set: 1551 Way: 0 Address: 0x2015983fe
  Set: 1552 Way: 0 Address: 0x201598420
  Set: 1553 Way: 0 Address: 0x201598440
  Set: 1554 Way: 0 Address: 0x201598480
  Set: 1557 Way: 0 Address: 0x20159855e
  Set: 1558 Way: 0 Address: 0x201598580
  Set: 1559 Way: 0 Address: 0x2015985c0
  Set: 1562 Way: 0 Address: 0x2015986be
  Set: 1563 Way: 0 Address: 0x2015986e0
  Set: 1564 Way: 0 Address: 0x201598700
  Set: 1565 Way: 0 Address: 0x201598740
  Set: 1568 Way: 0 Address: 0x20159881e
  Set: 1569 Way: 0 Address: 0x201598840
  Set: 1570 Way: 0 Address: 0x201598880
  Set: 1573 Way: 0 Address: 0x20159897e
  Set: 1574 Way: 0 Address: 0x2015989a6
  Set: 1575 Way: 0 Address: 0x2015989c0
  Set: 1576 Way: 0 Address: 0x201598a00
  Set: 1579 Way: 0 Address: 0x201598afe
  Set: 1580 Way: 0 Address: 0x201598b00
  Set: 1581 Way: 0 Address: 0x201598b40
  Set: 1584 Way: 0 Address: 0x201598c3e
  Set: 1585 Way: 0 Address: 0x201598c5e
  Set: 1586 Way: 0 Address: 0x201598c80
  Set: 1587 Way: 0 Address: 0x201598cc0
  Set: 1590 Way: 0 Address: 0x201598dbe
  Set: 1591 Way: 0 Address: 0x201598dc0
  Set: 1592 Way: 0 Address: 0x201598e00
  Set: 1595 Way: 0 Address: 0x201598efe
  Set: 1596 Way: 0 Address: 0x201598f1e
  Set: 1597 Way: 0 Address: 0x201598f40
  Set: 1598 Way: 0 Address: 0x201598f80
  Set: 1600 Way: 0 Address: 0x292959000
  Set: 1601 Way: 0 Address: 0x292959040
  Set: 1602 Way: 0 Address: 0x292959080
  Set: 1603 Way: 0 Address: 0x2929590c0
  Set: 1603 Way: 1 Address: 0x3120990fe
  Set: 1604 Way: 0 Address: 0x292959100
  Set: 1604 Way: 1 Address: 0x312099100
  Set: 1605 Way: 0 Address: 0x292959148
  Set: 1605 Way: 1 Address: 0x312099140
  Set: 1606 Way: 0 Address: 0x292959180
  Set: 1607 Way: 0 Address: 0x2929591c0
  Set: 1608 Way: 0 Address: 0x292959200
  Set: 1608 Way: 1 Address: 0x31209923e
  Set: 1609 Way: 0 Address: 0x31209925e
  Set: 1610 Way: 0 Address: 0x312099280
  Set: 1611 Way: 0 Address: 0x3120992c0
  Set: 1614 Way: 0 Address: 0x3120993be
  Set: 1615 Way: 0 Address: 0x3120993c0
  Set: 1616 Way: 0 Address: 0x312099400
  Set: 1619 Way: 0 Address: 0x3120994fe
  Set: 1620 Way: 0 Address: 0x31209951e
  Set: 1621 Way: 0 Address: 0x312099540
  Set: 1622 Way: 0 Address: 0x312099580
  Set: 1625 Way: 0 Address: 0x31209967e
  Set: 1626 Way: 0 Address: 0x312099680
  Set: 1627 Way: 0 Address: 0x3120996c0
  Set: 1630 Way: 0 Address: 0x3120997be
  Set: 1631 Way: 0 Address: 0x3120997e2
  Set: 1632 Way: 0 Address: 0x312099800
  Set: 1633 Way: 0 Address: 0x312099840
  Set: 1636 Way: 0 Address: 0x31209993e
  Set: 1637 Way: 0 Address: 0x312099942
  Set: 1638 Way: 0 Address: 0x312099980
  Set: 1641 Way: 0 Address: 0x312099a7e
  Set: 1642 Way: 0 Address: 0x312099a82
  Set: 1643 Way: 0 Address: 0x312099ac0
  Set: 1644 Way: 0 Address: 0x312099b00
  Set: 1664 Way: 0 Address: 0x229b9a000
  Set: 1695 Way: 0 Address: 0x1d89da7f8
  Set: 1727 Way: 0 Address: 0x223edafe8
  Set: 1769 Way: 0 Address: 0xcf83ba60
  Set: 1770 Way: 0 Address: 0xcf83ba80
  Set: 1771 Way: 0 Address: 0xcf83bac0
  Set: 1773 Way: 0 Address: 0x394edbb68
  Set: 1774 Way: 0 Address: 0xcf83bbbe
  Set: 1775 Way: 0 Address: 0xcf83bbe2
  Set: 1776 Way: 0 Address: 0xcf83bc00
  Set: 1777 Way: 0 Address: 0xcf83bc40
  Set: 1780 Way: 0 Address: 0xcf83bd1e
  Set: 1781 Way: 0 Address: 0xcf83bd40
  Set: 1782 Way: 0 Address: 0xcf83bd80
  Set: 1783 Way: 0 Address: 0x3b377bdd0
  Set: 1783 Way: 1 Address: 0xc0d9bde8
  Set: 1785 Way: 0 Address: 0xcf83be7e
  Set: 1786 Way: 0 Address: 0xcf83bea0
  Set: 1787 Way: 0 Address: 0xcf83bec0
  Set: 1788 Way: 0 Address: 0xcf83bf00
  Set: 1791 Way: 0 Address: 0xcf83bfde
  Set: 1792 Way: 0 Address: 0xdf85c000
  Set: 1792 Way: 1 Address: 0xcf83c000
  Set: 1793 Way: 0 Address: 0x38e35c07e
  Set: 1794 Way: 0 Address: 0x38e35c080
  Set: 1795 Way: 0 Address: 0x38e35c0c0
  Set: 1798 Way: 0 Address: 0x38e35c1be
  Set: 1799 Way: 0 Address: 0x38e35c1c2
  Set: 1800 Way: 0 Address: 0x38e35c200
  Set: 1801 Way: 0 Address: 0x38e35c240
  Set: 1804 Way: 0 Address: 0x38e35c31e
  Set: 1805 Way: 0 Address: 0x38e35c340
  Set: 1806 Way: 0 Address: 0x38e35c380
  Set: 1809 Way: 0 Address: 0x38e35c47e
  Set: 1810 Way: 0 Address: 0x38e35c49e
  Set: 1811 Way: 0 Address: 0x38e35c4c0
  Set: 1812 Way: 0 Address: 0x38e35c500
  Set: 1815 Way: 0 Address: 0x38e35c5fe
  Set: 1816 Way: 0 Address: 0x38e35c600
  Set: 1817 Way: 0 Address: 0x12c6fc650
  Set: 1817 Way: 1 Address: 0x38e35c640
  Set: 1818 Way: 0 Address: 0x12c6fc680
  Set: 1820 Way: 0 Address: 0x38e35c73e
  Set: 1821 Way: 0 Address: 0x38e35c75e
  Set: 1822 Way: 0 Address: 0x38e35c780
  Set: 1823 Way: 0 Address: 0x38e35c7c0
  Set: 1826 Way: 0 Address: 0x38e35c8be
  Set: 1827 Way: 0 Address: 0x38e35c8c0
  Set: 1828 Way: 0 Address: 0x38e35c900
  Set: 1831 Way: 0 Address: 0x38e35c9fe
  Set: 1832 Way: 0 Address: 0x38e35ca1e
  Set: 1833 Way: 0 Address: 0x38e35ca40
  Set: 1834 Way: 0 Address: 0x38e35ca80
  Set: 1837 Way: 0 Address: 0x38e35cb7e
  Set: 1838 Way: 0 Address: 0x38e35cb80
  Set: 1839 Way: 0 Address: 0x38e35cbc0
  Set: 1842 Way: 0 Address: 0x38e35ccbe
  Set: 1843 Way: 0 Address: 0x38e35ccde
  Set: 1844 Way: 0 Address: 0x38e35cd00
  Set: 1845 Way: 0 Address: 0x38e35cd40
  Set: 1848 Way: 0 Address: 0x38e35ce3e
  Set: 1849 Way: 0 Address: 0x38e35ce40
  Set: 1850 Way: 0 Address: 0x38e35ce80
  Set: 1853 Way: 0 Address: 0x38e35cf7e
  Set: 1854 Way: 0 Address: 0x38e35cf9e
  Set: 1855 Way: 0 Address: 0x38e35cfc0
  Set: 1856 Way: 0 Address: 0x38e35d000
  Set: 1890 Way: 0 Address: 0x23755d8a0
  Set: 1891 Way: 0 Address: 0x23755d8e0
  Set: 1892 Way: 0 Address: 0x23755d900
  Set: 1893 Way: 0 Address: 0x23755d940
  Set: 1895 Way: 0 Address: 0x1add9dc
  Set: 1896 Way: 0 Address: 0x1adda00
  Set: 1897 Way: 0 Address: 0x1adda40
  Set: 1898 Way: 0 Address: 0x1adda80
  Set: 1899 Way: 0 Address: 0x1addac0
  Set: 1900 Way: 0 Address: 0x1addb00
  Set: 1901 Way: 0 Address: 0x1addb40
  Set: 1902 Way: 0 Address: 0x1addb80
  Set: 1912 Way: 0 Address: 0x23755de30
  Set: 1913 Way: 0 Address: 0x23755de40
  Set: 1914 Way: 0 Address: 0x23755de80
  Set: 1915 Way: 0 Address: 0x23755dec0
  Set: 1916 Way: 0 Address: 0x23755df00
  Set: 1917 Way: 0 Address: 0x23755df40
  Set: 1918 Way: 0 Address: 0x23755df80
  Set: 1919 Way: 0 Address: 0x23755dfc0
  Set: 1920 Way: 0 Address: 0x28b67e000
  Set: 1934 Way: 0 Address: 0x1f919e390
  Set: 1935 Way: 0 Address: 0x1f919e3c0
  Set: 1936 Way: 0 Address: 0x1f919e42a
  Set: 1937 Way: 0 Address: 0x1f919e446
  Set: 1938 Way: 0 Address: 0x1f919e489
  Set: 1939 Way: 0 Address: 0x1f919e4c1
  Set: 1940 Way: 0 Address: 0x1f919e501
  Set: 1941 Way: 0 Address: 0x1f919e543
  Set: 1942 Way: 0 Address: 0x1f919e580
  Set: 1943 Way: 0 Address: 0x1f919e5c8
  Set: 1944 Way: 0 Address: 0x1f919e600
  Set: 1945 Way: 0 Address: 0x1f919e640
  Set: 1946 Way: 0 Address: 0x1f919e680
  Set: 1951 Way: 0 Address: 0x28b67e7f8
  Set: 1975 Way: 0 Address: 0x2db79edc0
  Set: 1975 Way: 1 Address: 0x20597edc8
EndCache
