Cache: cpu0_STLB
  Set: 14 Way: 0 Address: 0x220e140
  Set: 15 Way: 0 Address: 0x220f864
  Set: 16 Way: 0 Address: 0x2210974
  Set: 17 Way: 0 Address: 0x2211a84
  Set: 18 Way: 0 Address: 0x2212b94
  Set: 19 Way: 0 Address: 0x2213ca4
  Set: 20 Way: 0 Address: 0x2214db4
  Set: 21 Way: 0 Address: 0x2215ec4
  Set: 22 Way: 0 Address: 0x2216fd4
  Set: 23 Way: 0 Address: 0x2217000
  Set: 24 Way: 0 Address: 0x22180e4
  Set: 25 Way: 0 Address: 0x22191f4
  Set: 26 Way: 0 Address: 0x221a304
  Set: 27 Way: 0 Address: 0x221b410
  Set: 28 Way: 0 Address: 0x221c520
  Set: 29 Way: 0 Address: 0x221d630
  Set: 30 Way: 0 Address: 0x221e740
  Set: 48 Way: 0 Address: 0x730650
  Set: 53 Way: 0 Address: 0x7fff6ec35fe0
  Set: 54 Way: 0 Address: 0x7fff6ec361e8
  Set: 65 Way: 0 Address: 0x441489
  Set: 95 Way: 0 Address: 0x285fc2e
  Set: 96 Way: 0 Address: 0x4608a0
  Set: 96 Way: 1 Address: 0x286004e
  Set: 97 Way: 0 Address: 0x7618d0
  Set: 97 Way: 1 Address: 0x28610ce
  Set: 98 Way: 0 Address: 0x2862c54
  Set: 109 Way: 0 Address: 0x1d6d934
  Set: 110 Way: 0 Address: 0x1d6ea44
  Set: 112 Way: 0 Address: 0x1d709dc
EndCache
Cache: cpu0_L2C
  Set: 2 Way: 0 Address: 0x2177f0090
  Set: 3 Way: 0 Address: 0x342b400c8
  Set: 33 Way: 0 Address: 0x14bb10864
  Set: 34 Way: 0 Address: 0x14bb10880
  Set: 35 Way: 0 Address: 0x14bb108c0
  Set: 36 Way: 0 Address: 0x14bb10900
  Set: 37 Way: 0 Address: 0x14bb10940
  Set: 38 Way: 0 Address: 0x14bb10980
  Set: 39 Way: 0 Address: 0x14bb109c0
  Set: 40 Way: 0 Address: 0x14bb10a00
  Set: 42 Way: 0 Address: 0x6e620a84
  Set: 43 Way: 0 Address: 0x6e620ac0
  Set: 44 Way: 0 Address: 0x6e620b00
  Set: 45 Way: 0 Address: 0x6e620b40
  Set: 46 Way: 0 Address: 0x6e620b80
  Set: 47 Way: 0 Address: 0x6e620bc0
  Set: 48 Way: 0 Address: 0x6e620c00
  Set: 49 Way: 0 Address: 0x6e620c40
  Set: 66 Way: 0 Address: 0x181c810bc
  Set: 67 Way: 0 Address: 0x181c810ce
  Set: 68 Way: 0 Address: 0x181c81100
  Set: 69 Way: 0 Address: 0x181c81140
  Set: 70 Way: 0 Address: 0xf6e811a8
  Set: 72 Way: 0 Address: 0x113201208
  Set: 72 Way: 1 Address: 0x181c8121c
  Set: 73 Way: 0 Address: 0x181c81240
  Set: 74 Way: 0 Address: 0x181c81280
  Set: 76 Way: 0 Address: 0x113201300
  Set: 77 Way: 0 Address: 0x181c8137c
  Set: 78 Way: 0 Address: 0x181c81384
  Set: 79 Way: 0 Address: 0x181c813c0
  Set: 80 Way: 0 Address: 0x181c81400
  Set: 83 Way: 0 Address: 0x181c814dc
  Set: 84 Way: 0 Address: 0x181c81500
  Set: 85 Way: 0 Address: 0x181c81540
  Set: 88 Way: 0 Address: 0x181c8163c
  Set: 89 Way: 0 Address: 0x181c81642
  Set: 90 Way: 0 Address: 0x181c81680
  Set: 91 Way: 0 Address: 0x181c816c0
  Set: 94 Way: 0 Address: 0x181c817ae
  Set: 95 Way: 0 Address: 0x181c817c0
  Set: 96 Way: 0 Address: 0x181c81800
  Set: 99 Way: 0 Address: 0x181c818fc
  Set: 100 Way: 0 Address: 0x181c81914
  Set: 101 Way: 0 Address: 0x181c81940
  Set: 102 Way: 0 Address: 0x181c81980
  Set: 105 Way: 0 Address: 0x181c81a6e
  Set: 106 Way: 0 Address: 0x181c81a80
  Set: 107 Way: 0 Address: 0x181c81ac0
  Set: 110 Way: 0 Address: 0x181c81bbc
  Set: 111 Way: 0 Address: 0x181c81bce
  Set: 112 Way: 0 Address: 0x181c81c00
  Set: 113 Way: 0 Address: 0x181c81c40
  Set: 116 Way: 0 Address: 0x181c81d2e
  Set: 117 Way: 0 Address: 0x181c81d40
  Set: 118 Way: 0 Address: 0x181c81d80
  Set: 121 Way: 0 Address: 0x181c81e7c
  Set: 122 Way: 0 Address: 0x181c81e8e
  Set: 123 Way: 0 Address: 0x181c81ec0
  Set: 124 Way: 0 Address: 0x181c81f00
  Set: 127 Way: 0 Address: 0x2a4841fe8
  Set: 127 Way: 1 Address: 0x181c81fee
  Set: 128 Way: 0 Address: 0x181c82000
  Set: 130 Way: 0 Address: 0x133c92080
  Set: 131 Way: 0 Address: 0x1064c20c0
  Set: 140 Way: 0 Address: 0x9cff2300
  Set: 160 Way: 0 Address: 0x1c84e2838
  Set: 161 Way: 0 Address: 0x1c84e2878
  Set: 162 Way: 0 Address: 0x1c84e2884
  Set: 163 Way: 0 Address: 0x1c84e28ec
  Set: 164 Way: 0 Address: 0x1c84e2900
  Set: 165 Way: 0 Address: 0x1c84e2940
  Set: 166 Way: 0 Address: 0x1c84e29b0
  Set: 166 Way: 1 Address: 0x1995f2980
  Set: 167 Way: 0 Address: 0x1c84e29dc
  Set: 168 Way: 0 Address: 0x1c84e2a18
  Set: 169 Way: 0 Address: 0x1c84e2a40
  Set: 169 Way: 1 Address: 0x6d0c2a44
  Set: 170 Way: 0 Address: 0x1c84e2a80
  Set: 170 Way: 1 Address: 0x6d0c2a80
  Set: 171 Way: 0 Address: 0x1c84e2ac0
  Set: 171 Way: 1 Address: 0x6d0c2ac0
  Set: 172 Way: 0 Address: 0x1995f2b08
  Set: 172 Way: 1 Address: 0x1c84e2b24
  Set: 172 Way: 2 Address: 0x6d0c2b00
  Set: 173 Way: 0 Address: 0x1c84e2b40
  Set: 173 Way: 1 Address: 0x6d0c2b40
  Set: 174 Way: 0 Address: 0x1c84e2b80
  Set: 174 Way: 1 Address: 0x6d0c2b80
  Set: 175 Way: 0 Address: 0x1c84e2bc4
  Set: 175 Way: 1 Address: 0x6d0c2bc0
  Set: 176 Way: 0 Address: 0x1c84e2c00
  Set: 176 Way: 1 Address: 0x6d0c2c00
  Set: 177 Way: 0 Address: 0x6d0c2c40
  Set: 194 Way: 0 Address: 0x3b08030b8
  Set: 195 Way: 0 Address: 0x3b08030d0
  Set: 203 Way: 0 Address: 0x3c56b32f8
  Set: 204 Way: 0 Address: 0x3c56b3310
  Set: 204 Way: 1 Address: 0x257713304
  Set: 205 Way: 0 Address: 0x257713340
  Set: 206 Way: 0 Address: 0x257713380
  Set: 207 Way: 0 Address: 0x2577133c0
  Set: 208 Way: 0 Address: 0x257713400
  Set: 209 Way: 0 Address: 0x257713440
  Set: 210 Way: 0 Address: 0x257713480
  Set: 211 Way: 0 Address: 0x2577134c0
  Set: 212 Way: 0 Address: 0x2b2e93520
  Set: 213 Way: 0 Address: 0x2b2e93540
  Set: 214 Way: 0 Address: 0x2b2e93580
  Set: 215 Way: 0 Address: 0x2b2e935c0
  Set: 216 Way: 0 Address: 0x2b2e93600
  Set: 217 Way: 0 Address: 0x2b2e93640
  Set: 218 Way: 0 Address: 0x2b2e93680
  Set: 219 Way: 0 Address: 0x2b2e936c0
  Set: 223 Way: 0 Address: 0x263c137f8
  Set: 246 Way: 0 Address: 0x3232f3db4
  Set: 247 Way: 0 Address: 0x3232f3dc0
  Set: 248 Way: 0 Address: 0x3232f3e00
  Set: 249 Way: 0 Address: 0x3232f3e40
  Set: 250 Way: 0 Address: 0x3232f3e80
  Set: 251 Way: 0 Address: 0x3232f3ec0
  Set: 252 Way: 0 Address: 0x3232f3f00
  Set: 253 Way: 0 Address: 0x3232f3f40
  Set: 254 Way: 0 Address: 0x3232f3f80
  Set: 256 Way: 0 Address: 0x3de4d4018
  Set: 257 Way: 0 Address: 0x3c1074078
  Set: 258 Way: 0 Address: 0x3de4d40a0
  Set: 258 Way: 1 Address: 0x3c1074080
  Set: 258 Way: 2 Address: 0x1ab44088
  Set: 259 Way: 0 Address: 0x3c10740f0
  Set: 290 Way: 0 Address: 0x397bb48a0
  Set: 291 Way: 0 Address: 0x397bb48c0
  Set: 301 Way: 0 Address: 0xb8004b70
  Set: 320 Way: 0 Address: 0x195f15010
  Set: 321 Way: 0 Address: 0x195f15070
  Set: 322 Way: 0 Address: 0x195f150a0
  Set: 358 Way: 0 Address: 0x354d35980
  Set: 366 Way: 0 Address: 0x1b0f15b94
  Set: 367 Way: 0 Address: 0x1b0f15bc0
  Set: 368 Way: 0 Address: 0x1b0f15c00
  Set: 369 Way: 0 Address: 0x1b0f15c40
  Set: 370 Way: 0 Address: 0x1b0f15c80
  Set: 371 Way: 0 Address: 0x1b0f15cc0
  Set: 372 Way: 0 Address: 0x1b0f15d00
  Set: 373 Way: 0 Address: 0x1b0f15d40
  Set: 384 Way: 0 Address: 0x211d1603c
  Set: 385 Way: 0 Address: 0x211d1604e
  Set: 386 Way: 0 Address: 0x43736088
  Set: 386 Way: 1 Address: 0x211d16080
  Set: 387 Way: 0 Address: 0x3dae660e0
  Set: 387 Way: 1 Address: 0x27d4c60e4
  Set: 387 Way: 2 Address: 0x211d160c0
  Set: 388 Way: 0 Address: 0x27d4c6100
  Set: 389 Way: 0 Address: 0x27d4c6140
  Set: 390 Way: 0 Address: 0x211d161ae
  Set: 390 Way: 1 Address: 0x27d4c6180
  Set: 391 Way: 0 Address: 0x211d161c0
  Set: 391 Way: 1 Address: 0x3d87a61f4
  Set: 391 Way: 2 Address: 0x27d4c61c0
  Set: 392 Way: 0 Address: 0x211d16200
  Set: 392 Way: 1 Address: 0x3d87a6200
  Set: 392 Way: 2 Address: 0x27d4c6200
  Set: 393 Way: 0 Address: 0x3d87a6240
  Set: 393 Way: 1 Address: 0x27d4c6240
  Set: 394 Way: 0 Address: 0x3d87a6280
  Set: 394 Way: 1 Address: 0x27d4c6280
  Set: 395 Way: 0 Address: 0x211d162fc
  Set: 395 Way: 1 Address: 0x3d87a62c0
  Set: 396 Way: 0 Address: 0x211d1630e
  Set: 396 Way: 1 Address: 0x3d87a6300
  Set: 397 Way: 0 Address: 0x211d16340
  Set: 397 Way: 1 Address: 0x3d87a6340
  Set: 398 Way: 0 Address: 0x211d16380
  Set: 398 Way: 1 Address: 0x3d87a6380
  Set: 399 Way: 0 Address: 0x3d87a63c0
  Set: 401 Way: 0 Address: 0x211d1646e
  Set: 402 Way: 0 Address: 0x211d16480
  Set: 403 Way: 0 Address: 0x211d164c0
  Set: 406 Way: 0 Address: 0x211d165bc
  Set: 407 Way: 0 Address: 0x211d165ce
  Set: 408 Way: 0 Address: 0x211d16600
  Set: 409 Way: 0 Address: 0x211d16640
  Set: 412 Way: 0 Address: 0x211d16734
  Set: 413 Way: 0 Address: 0x84896740
  Set: 413 Way: 1 Address: 0x211d16740
  Set: 414 Way: 0 Address: 0x211d16780
  Set: 414 Way: 1 Address: 0x84896780
  Set: 415 Way: 0 Address: 0x848967c0
  Set: 416 Way: 0 Address: 0x84896800
  Set: 417 Way: 0 Address: 0x211d1687c
  Set: 417 Way: 1 Address: 0x84896840
  Set: 418 Way: 0 Address: 0x211d1688e
  Set: 418 Way: 1 Address: 0x84896880
  Set: 419 Way: 0 Address: 0x211d168c0
  Set: 419 Way: 1 Address: 0x848968c0
  Set: 420 Way: 0 Address: 0x211d16900
  Set: 420 Way: 1 Address: 0x84896900
  Set: 423 Way: 0 Address: 0x211d169ee
  Set: 424 Way: 0 Address: 0x211d16a00
  Set: 425 Way: 0 Address: 0x211d16a40
  Set: 428 Way: 0 Address: 0x211d16b3c
  Set: 429 Way: 0 Address: 0x211d16b4e
  Set: 430 Way: 0 Address: 0x211d16b80
  Set: 431 Way: 0 Address: 0x211d16bc0
  Set: 434 Way: 0 Address: 0x211d16cae
  Set: 435 Way: 0 Address: 0x211d16cc0
  Set: 436 Way: 0 Address: 0x211d16d00
  Set: 439 Way: 0 Address: 0x211d16dfc
  Set: 440 Way: 0 Address: 0x211d16e0e
  Set: 441 Way: 0 Address: 0x211d16e40
  Set: 442 Way: 0 Address: 0x211d16e80
  Set: 445 Way: 0 Address: 0x211d16f6e
  Set: 446 Way: 0 Address: 0x211d16f80
  Set: 447 Way: 0 Address: 0x211d16fc0
  Set: 448 Way: 0 Address: 0x309887000
  Set: 449 Way: 0 Address: 0x309887040
  Set: 450 Way: 0 Address: 0x309887080
  Set: 450 Way: 1 Address: 0xbeea70a8
  Set: 451 Way: 0 Address: 0x3098870c0
  Set: 451 Way: 1 Address: 0xbeea70c0
  Set: 452 Way: 0 Address: 0x309887100
  Set: 453 Way: 0 Address: 0x309887140
  Set: 454 Way: 0 Address: 0x309887180
  Set: 455 Way: 0 Address: 0x3098871e8
  Set: 456 Way: 0 Address: 0x309887200
  Set: 464 Way: 0 Address: 0x276ff7410
  Set: 465 Way: 0 Address: 0x276ff7440
  Set: 466 Way: 0 Address: 0x276ff7480
  Set: 467 Way: 0 Address: 0x276ff74c0
  Set: 468 Way: 0 Address: 0x276ff7500
  Set: 469 Way: 0 Address: 0x276ff7540
  Set: 470 Way: 0 Address: 0x276ff7580
  Set: 471 Way: 0 Address: 0x276ff75c0
  Set: 512 Way: 0 Address: 0xc7078018
  Set: 512 Way: 1 Address: 0x201598002
  Set: 513 Way: 0 Address: 0x201598040
  Set: 516 Way: 0 Address: 0x20159813c
  Set: 517 Way: 0 Address: 0x20159814e
  Set: 518 Way: 0 Address: 0x1aafb81b0
  Set: 518 Way: 1 Address: 0x201598180
  Set: 519 Way: 0 Address: 0x2015981c0
  Set: 522 Way: 0 Address: 0x2015982ae
  Set: 523 Way: 0 Address: 0x2015982c0
  Set: 524 Way: 0 Address: 0x201598300
  Set: 527 Way: 0 Address: 0x2015983fc
  Set: 528 Way: 0 Address: 0x20159840e
  Set: 529 Way: 0 Address: 0x201598440
  Set: 530 Way: 0 Address: 0x201598480
  Set: 533 Way: 0 Address: 0x20159856e
  Set: 534 Way: 0 Address: 0x201598580
  Set: 535 Way: 0 Address: 0x2015985c0
  Set: 538 Way: 0 Address: 0x2015986bc
  Set: 539 Way: 0 Address: 0x2015986ce
  Set: 540 Way: 0 Address: 0x201598700
  Set: 541 Way: 0 Address: 0x201598740
  Set: 544 Way: 0 Address: 0x20159882e
  Set: 545 Way: 0 Address: 0x201598842
  Set: 546 Way: 0 Address: 0x201598880
  Set: 549 Way: 0 Address: 0x20159897c
  Set: 550 Way: 0 Address: 0x20159898e
  Set: 551 Way: 0 Address: 0x2015989c0
  Set: 552 Way: 0 Address: 0x201598a00
  Set: 555 Way: 0 Address: 0x201598aee
  Set: 556 Way: 0 Address: 0x201598b00
  Set: 557 Way: 0 Address: 0x201598b40
  Set: 560 Way: 0 Address: 0x201598c3c
  Set: 561 Way: 0 Address: 0x201598c54
  Set: 562 Way: 0 Address: 0x201598c80
  Set: 562 Way: 1 Address: 0x3bdd78ca4
  Set: 563 Way: 0 Address: 0x3bdd78cc0
  Set: 563 Way: 1 Address: 0x201598cc0
  Set: 564 Way: 0 Address: 0x3bdd78d00
  Set: 565 Way: 0 Address: 0x3bdd78d40
  Set: 566 Way: 0 Address: 0x3bdd78d80
  Set: 566 Way: 1 Address: 0x201598d9c
  Set: 567 Way: 0 Address: 0x201598dc0
  Set: 567 Way: 1 Address: 0x3bdd78dc0
  Set: 568 Way: 0 Address: 0x201598e00
  Set: 568 Way: 1 Address: 0x3bdd78e00
  Set: 569 Way: 0 Address: 0x3bdd78e40
  Set: 571 Way: 0 Address: 0x2c9898ec4
  Set: 572 Way: 0 Address: 0x2c9898f00
  Set: 573 Way: 0 Address: 0x2c9898f40
  Set: 574 Way: 0 Address: 0x2c9898f80
  Set: 575 Way: 0 Address: 0x2c9898fc0
  Set: 587 Way: 0 Address: 0x2929592f8
  Set: 588 Way: 0 Address: 0x292959300
  Set: 588 Way: 1 Address: 0x312099308
  Set: 637 Way: 0 Address: 0x2ee369f58
  Set: 638 Way: 0 Address: 0x2ee369fbc
  Set: 639 Way: 0 Address: 0x2ee369fe0
  Set: 640 Way: 0 Address: 0x229b9a000
  Set: 640 Way: 1 Address: 0x2ee36a000
  Set: 641 Way: 0 Address: 0x1d89da070
  Set: 685 Way: 0 Address: 0x223edab70
  Set: 686 Way: 0 Address: 0x223edab80
  Set: 706 Way: 0 Address: 0x3b377b0a0
  Set: 706 Way: 1 Address: 0xc0d9b0b0
  Set: 706 Way: 2 Address: 0xcf83b0b8
  Set: 716 Way: 0 Address: 0x394edb300
  Set: 768 Way: 0 Address: 0xdf85c000
  Set: 771 Way: 0 Address: 0x38e35c0e8
  Set: 804 Way: 0 Address: 0x12c6fc934
  Set: 805 Way: 0 Address: 0x12c6fc940
  Set: 806 Way: 0 Address: 0x12c6fc980
  Set: 807 Way: 0 Address: 0x12c6fc9c0
  Set: 808 Way: 0 Address: 0x12c6fca00
  Set: 809 Way: 0 Address: 0x12c6fca40
  Set: 810 Way: 0 Address: 0x12c6fca80
  Set: 811 Way: 0 Address: 0x12c6fcac0
  Set: 812 Way: 0 Address: 0x12c6fcb00
  Set: 813 Way: 0 Address: 0x12c6fcb40
  Set: 814 Way: 0 Address: 0x29484cbb0
  Set: 856 Way: 0 Address: 0x1add630
  Set: 857 Way: 0 Address: 0x5588d650
  Set: 857 Way: 1 Address: 0x1add640
  Set: 858 Way: 0 Address: 0x1add680
  Set: 859 Way: 0 Address: 0x1add6c0
  Set: 860 Way: 0 Address: 0x1add700
  Set: 861 Way: 0 Address: 0x1add740
  Set: 862 Way: 0 Address: 0x1add780
  Set: 863 Way: 0 Address: 0x1add7c0
  Set: 874 Way: 0 Address: 0x23755dabe
  Set: 875 Way: 0 Address: 0x23755dac2
  Set: 876 Way: 0 Address: 0x23755db00
  Set: 877 Way: 0 Address: 0x23755db40
  Set: 880 Way: 0 Address: 0x23755dc2e
  Set: 881 Way: 0 Address: 0x23755dc40
  Set: 882 Way: 0 Address: 0x23755dc80
  Set: 885 Way: 0 Address: 0x23755dd7c
  Set: 886 Way: 0 Address: 0x23755dd8e
  Set: 887 Way: 0 Address: 0x23755ddc0
  Set: 888 Way: 0 Address: 0x23755de00
  Set: 891 Way: 0 Address: 0x23755deee
  Set: 892 Way: 0 Address: 0x23755df02
  Set: 893 Way: 0 Address: 0x23755df40
  Set: 896 Way: 0 Address: 0x28b67e000
  Set: 896 Way: 1 Address: 0x20597e000
  Set: 897 Way: 0 Address: 0x1c084e078
  Set: 897 Way: 1 Address: 0x20597e040
  Set: 898 Way: 0 Address: 0x1c084e090
  Set: 898 Way: 1 Address: 0x2db79e098
  Set: 898 Way: 2 Address: 0x20597e080
  Set: 899 Way: 0 Address: 0x2f5d8e0e0
  Set: 899 Way: 1 Address: 0x20597e0c0
  Set: 900 Way: 0 Address: 0x2f5d8e100
  Set: 900 Way: 1 Address: 0x20597e100
  Set: 901 Way: 0 Address: 0x2f5d8e140
  Set: 901 Way: 1 Address: 0x20597e140
  Set: 902 Way: 0 Address: 0x2f5d8e180
  Set: 902 Way: 1 Address: 0x20597e180
  Set: 910 Way: 0 Address: 0x1f919e390
  Set: 911 Way: 0 Address: 0x1f919e3c0
  Set: 912 Way: 0 Address: 0x1f919e405
  Set: 913 Way: 0 Address: 0x1f919e446
  Set: 914 Way: 0 Address: 0x1f919e489
  Set: 915 Way: 0 Address: 0x1f919e4c1
  Set: 916 Way: 0 Address: 0x1f919e501
  Set: 917 Way: 0 Address: 0x1f919e543
  Set: 918 Way: 0 Address: 0x1f919e580
  Set: 919 Way: 0 Address: 0x1f919e5c8
  Set: 920 Way: 0 Address: 0x1f919e600
  Set: 921 Way: 0 Address: 0x1f919e645
  Set: 922 Way: 0 Address: 0x1f919e680
  Set: 925 Way: 0 Address: 0x2f5d8e754
  Set: 926 Way: 0 Address: 0x2f5d8e780
  Set: 927 Way: 0 Address: 0x28b67e7f8
  Set: 927 Way: 1 Address: 0x2f5d8e7c0
  Set: 928 Way: 0 Address: 0x2f5d8e800
  Set: 929 Way: 0 Address: 0x2f5d8e840
  Set: 930 Way: 0 Address: 0x2f5d8e880
  Set: 931 Way: 0 Address: 0x2f5d8e8c0
  Set: 932 Way: 0 Address: 0x2f5d8e900
  Set: 941 Way: 0 Address: 0x3734eeb68
  Set: 960 Way: 0 Address: 0x23756f000
  Set: 961 Way: 0 Address: 0x16390f070
  Set: 961 Way: 1 Address: 0x23756f040
  Set: 962 Way: 0 Address: 0x23756f080
  Set: 963 Way: 0 Address: 0x16390f0d8
  Set: 963 Way: 1 Address: 0x143ef0d8
  Set: 995 Way: 0 Address: 0xee86f8d0
  Set: 996 Way: 0 Address: 0xee86f900
  Set: 997 Way: 0 Address: 0x22272f974
  Set: 998 Way: 0 Address: 0x22272f980
  Set: 999 Way: 0 Address: 0x22272f9c0
  Set: 1000 Way: 0 Address: 0x22272fa00
  Set: 1001 Way: 0 Address: 0x22272fa40
  Set: 1002 Way: 0 Address: 0x22272fa80
  Set: 1003 Way: 0 Address: 0x22272fac0
  Set: 1004 Way: 0 Address: 0x22272fb00
  Set: 1005 Way: 0 Address: 0x22272fb40
  Set: 1023 Way: 0 Address: 0x23756ffd4
EndCache
Cache: cpu0_L1I
  Set: 14 Way: 0 Address: 0x1f919e390
  Set: 15 Way: 0 Address: 0x1f919e3da
  Set: 16 Way: 0 Address: 0x1f919e431
  Set: 17 Way: 0 Address: 0x1f919e465
  Set: 18 Way: 0 Address: 0x1f919e4b0
  Set: 19 Way: 0 Address: 0x1f919e4d9
  Set: 20 Way: 0 Address: 0x1f919e52a
  Set: 21 Way: 0 Address: 0x1f919e560
  Set: 23 Way: 0 Address: 0x1f919e5f8
  Set: 24 Way: 0 Address: 0x1f919e63b
  Set: 25 Way: 0 Address: 0x1f919e645
  Set: 34 Way: 0 Address: 0x397bb48a0
EndCache
Cache: cpu0_L1D
  Set: 0 Way: 0 Address: 0xdf85c000
  Set: 0 Way: 1 Address: 0x28b67e000
  Set: 0 Way: 2 Address: 0x229b9a000
  Set: 0 Way: 3 Address: 0x195f15010
  Set: 0 Way: 4 Address: 0x3de4d4018
  Set: 0 Way: 5 Address: 0xc7078018
  Set: 0 Way: 6 Address: 0x309887036
  Set: 0 Way: 7 Address: 0x201598006
  Set: 0 Way: 8 Address: 0x20597e004
  Set: 0 Way: 9 Address: 0x211d1603c
  Set: 0 Way: 10 Address: 0x23756f000
  Set: 1 Way: 0 Address: 0x195f15070
  Set: 1 Way: 1 Address: 0x1d89da070
  Set: 1 Way: 2 Address: 0x309887040
  Set: 1 Way: 3 Address: 0x16390f070
  Set: 1 Way: 4 Address: 0x211d1606a
  Set: 1 Way: 5 Address: 0x3c1074078
  Set: 1 Way: 6 Address: 0x1c084e078
  Set: 1 Way: 7 Address: 0x20597e040
  Set: 1 Way: 8 Address: 0x23756f040
  Set: 2 Way: 0 Address: 0xc0d9b0b0
  Set: 2 Way: 1 Address: 0x3b08030b8
  Set: 2 Way: 2 Address: 0xcf83b0b8
  Set: 2 Way: 3 Address: 0x30988709a
  Set: 2 Way: 4 Address: 0x211d16080
  Set: 2 Way: 5 Address: 0x181c810be
  Set: 2 Way: 6 Address: 0x20597e080
  Set: 2 Way: 7 Address: 0x23756f080
  Set: 2 Way: 8 Address: 0x2db79e098
  Set: 2 Way: 9 Address: 0x2177f0090
  Set: 2 Way: 10 Address: 0xbeea70a8
  Set: 2 Way: 11 Address: 0x3b377b0a0
  Set: 3 Way: 0 Address: 0x181c810e8
  Set: 3 Way: 1 Address: 0x2f5d8e0e0
  Set: 3 Way: 2 Address: 0x20597e0c0
  Set: 3 Way: 3 Address: 0x143ef0d8
  Set: 3 Way: 4 Address: 0x38e35c0e8
  Set: 3 Way: 5 Address: 0x3c10740f0
  Set: 3 Way: 6 Address: 0x3098870c6
  Set: 3 Way: 7 Address: 0xbeea70c0
  Set: 3 Way: 8 Address: 0x1064c20c0
  Set: 3 Way: 9 Address: 0x3b08030d0
  Set: 3 Way: 10 Address: 0x342b400c8
  Set: 3 Way: 11 Address: 0x27d4c60e4
  Set: 4 Way: 0 Address: 0x2f5d8e110
  Set: 4 Way: 1 Address: 0x309887106
  Set: 4 Way: 2 Address: 0x27d4c6100
  Set: 4 Way: 3 Address: 0x181c81100
  Set: 4 Way: 4 Address: 0x20159813e
  Set: 4 Way: 5 Address: 0x20597e100
  Set: 5 Way: 0 Address: 0x2f5d8e140
  Set: 5 Way: 1 Address: 0x30988714c
  Set: 5 Way: 2 Address: 0x201598168
  Set: 5 Way: 3 Address: 0x27d4c6140
  Set: 5 Way: 4 Address: 0x20597e140
  Set: 6 Way: 0 Address: 0x1aafb81b0
  Set: 6 Way: 1 Address: 0xf6e811a8
  Set: 6 Way: 2 Address: 0x211d161bc
  Set: 6 Way: 3 Address: 0x309887192
  Set: 6 Way: 4 Address: 0x201598180
  Set: 6 Way: 5 Address: 0x27d4c6180
  Set: 6 Way: 6 Address: 0x20597e180
  Set: 7 Way: 0 Address: 0x3098871fc
  Set: 7 Way: 1 Address: 0x211d161c2
  Set: 7 Way: 2 Address: 0x3d87a61f4
  Set: 7 Way: 3 Address: 0x27d4c61c0
  Set: 8 Way: 0 Address: 0x113201208
  Set: 8 Way: 1 Address: 0x3d87a6200
  Set: 8 Way: 2 Address: 0x181c81236
  Set: 8 Way: 3 Address: 0x27d4c6200
  Set: 9 Way: 0 Address: 0x3d87a6240
  Set: 9 Way: 1 Address: 0x181c81248
  Set: 9 Way: 2 Address: 0x27d4c6240
  Set: 10 Way: 0 Address: 0x2015982b4
  Set: 10 Way: 1 Address: 0x3d87a6280
  Set: 10 Way: 2 Address: 0x27d4c6280
  Set: 11 Way: 0 Address: 0x3c56b32f8
  Set: 11 Way: 1 Address: 0x2929592f8
  Set: 11 Way: 2 Address: 0x2015982c0
  Set: 11 Way: 3 Address: 0x211d162fc
  Set: 11 Way: 4 Address: 0x3d87a62c0
  Set: 12 Way: 0 Address: 0x113201300
  Set: 12 Way: 1 Address: 0x9cff2300
  Set: 12 Way: 2 Address: 0x3c56b3310
  Set: 12 Way: 3 Address: 0x292959300
  Set: 12 Way: 4 Address: 0x394edb300
  Set: 12 Way: 5 Address: 0x211d1630e
  Set: 12 Way: 6 Address: 0x257713304
  Set: 12 Way: 7 Address: 0x312099308
  Set: 12 Way: 8 Address: 0x3d87a6300
  Set: 13 Way: 0 Address: 0x257713340
  Set: 13 Way: 1 Address: 0x211d16340
  Set: 13 Way: 2 Address: 0x181c8137e
  Set: 13 Way: 3 Address: 0x3d87a6340
  Set: 14 Way: 0 Address: 0x181c81398
  Set: 14 Way: 1 Address: 0x257713380
  Set: 14 Way: 2 Address: 0x3d87a6380
  Set: 15 Way: 0 Address: 0x181c813c0
  Set: 15 Way: 1 Address: 0x2577133c0
  Set: 15 Way: 2 Address: 0x2015983fe
  Set: 15 Way: 3 Address: 0x3d87a63c0
  Set: 16 Way: 0 Address: 0x276ff7410
  Set: 16 Way: 1 Address: 0x201598426
  Set: 16 Way: 2 Address: 0x257713400
  Set: 17 Way: 0 Address: 0x211d1647c
  Set: 17 Way: 1 Address: 0x276ff7440
  Set: 17 Way: 2 Address: 0x201598440
  Set: 17 Way: 3 Address: 0x257713440
  Set: 18 Way: 0 Address: 0x211d16488
  Set: 18 Way: 1 Address: 0x276ff7480
  Set: 18 Way: 2 Address: 0x257713480
  Set: 19 Way: 0 Address: 0x181c814f6
  Set: 19 Way: 1 Address: 0x276ff74c0
  Set: 19 Way: 2 Address: 0x2577134c0
  Set: 20 Way: 0 Address: 0x2b2e93520
  Set: 20 Way: 1 Address: 0x181c81512
  Set: 20 Way: 2 Address: 0x276ff7500
  Set: 21 Way: 0 Address: 0x20159857e
  Set: 21 Way: 1 Address: 0x2b2e93540
  Set: 21 Way: 2 Address: 0x276ff7540
  Set: 22 Way: 0 Address: 0x201598588
  Set: 22 Way: 1 Address: 0x211d165bc
  Set: 22 Way: 2 Address: 0x2b2e93580
  Set: 22 Way: 3 Address: 0x276ff7580
  Set: 23 Way: 0 Address: 0x211d165e8
  Set: 23 Way: 1 Address: 0x2b2e935c0
  Set: 23 Way: 2 Address: 0x276ff75c0
  Set: 24 Way: 0 Address: 0x1add630
  Set: 24 Way: 1 Address: 0x211d16600
  Set: 24 Way: 2 Address: 0x181c8163c
  Set: 24 Way: 3 Address: 0x2b2e93600
  Set: 25 Way: 0 Address: 0x5588d650
  Set: 25 Way: 1 Address: 0x1add640
  Set: 25 Way: 2 Address: 0x181c81658
  Set: 25 Way: 3 Address: 0x2b2e93640
  Set: 26 Way: 0 Address: 0x1add680
  Set: 26 Way: 1 Address: 0x181c81680
  Set: 26 Way: 2 Address: 0x2015986be
  Set: 26 Way: 3 Address: 0x2b2e93680
  Set: 27 Way: 0 Address: 0x2015986e6
  Set: 27 Way: 1 Address: 0x1add6c0
  Set: 27 Way: 2 Address: 0x2b2e936c0
  Set: 28 Way: 0 Address: 0x211d16734
  Set: 28 Way: 1 Address: 0x201598700
  Set: 28 Way: 2 Address: 0x1add700
  Set: 29 Way: 0 Address: 0x84896740
  Set: 29 Way: 1 Address: 0x2f5d8e754
  Set: 29 Way: 2 Address: 0x211d1674a
  Set: 29 Way: 3 Address: 0x1add740
  Set: 30 Way: 0 Address: 0x181c817b8
  Set: 30 Way: 1 Address: 0x2f5d8e780
  Set: 30 Way: 2 Address: 0x84896780
  Set: 30 Way: 3 Address: 0x1add780
  Set: 31 Way: 0 Address: 0x28b67e7f8
  Set: 31 Way: 1 Address: 0x263c137f8
  Set: 31 Way: 2 Address: 0x181c817cc
  Set: 31 Way: 3 Address: 0x2f5d8e7c0
  Set: 31 Way: 4 Address: 0x848967c0
  Set: 31 Way: 5 Address: 0x1add7c0
  Set: 32 Way: 0 Address: 0x1c84e2838
  Set: 32 Way: 1 Address: 0x20159882e
  Set: 32 Way: 2 Address: 0x2f5d8e800
  Set: 32 Way: 3 Address: 0x84896800
  Set: 33 Way: 0 Address: 0x1c84e2854
  Set: 33 Way: 1 Address: 0x14bb10864
  Set: 33 Way: 2 Address: 0x201598842
  Set: 33 Way: 3 Address: 0x211d1687c
  Set: 33 Way: 4 Address: 0x2f5d8e840
  Set: 33 Way: 5 Address: 0x84896840
  Set: 34 Way: 0 Address: 0x1c84e2884
  Set: 34 Way: 1 Address: 0x211d168a4
  Set: 34 Way: 2 Address: 0x14bb10880
  Set: 34 Way: 3 Address: 0x2f5d8e880
  Set: 34 Way: 4 Address: 0x84896880
  Set: 35 Way: 0 Address: 0x1c84e28ec
  Set: 35 Way: 1 Address: 0xee86f8c8
  Set: 35 Way: 2 Address: 0x211d168c0
  Set: 35 Way: 3 Address: 0x14bb108c0
  Set: 35 Way: 4 Address: 0x181c818fe
  Set: 35 Way: 5 Address: 0x2f5d8e8c0
  Set: 35 Way: 6 Address: 0x848968c0
  Set: 36 Way: 0 Address: 0x1c84e293c
  Set: 36 Way: 1 Address: 0x12c6fc934
  Set: 36 Way: 2 Address: 0x181c81926
  Set: 36 Way: 3 Address: 0x14bb10900
  Set: 36 Way: 4 Address: 0x2f5d8e900
  Set: 36 Way: 5 Address: 0x84896900
  Set: 37 Way: 0 Address: 0x1c84e2970
  Set: 37 Way: 1 Address: 0x22272f974
  Set: 37 Way: 2 Address: 0x12c6fc940
  Set: 37 Way: 3 Address: 0x181c81940
  Set: 37 Way: 4 Address: 0x14bb10940
  Set: 37 Way: 5 Address: 0x20159897e
  Set: 38 Way: 0 Address: 0x1c84e29b0
  Set: 38 Way: 1 Address: 0x1995f2980
  Set: 38 Way: 2 Address: 0x354d35980
  Set: 38 Way: 3 Address: 0x2015989a6
  Set: 38 Way: 4 Address: 0x22272f980
  Set: 38 Way: 5 Address: 0x12c6fc980
  Set: 38 Way: 6 Address: 0x14bb10980
  Set: 39 Way: 0 Address: 0x1c84e29dc
  Set: 39 Way: 1 Address: 0x211d169fe
  Set: 39 Way: 2 Address: 0x22272f9c0
  Set: 39 Way: 3 Address: 0x2015989c0
  Set: 39 Way: 4 Address: 0x12c6fc9c0
  Set: 39 Way: 5 Address: 0x14bb109c0
  Set: 40 Way: 0 Address: 0x1c84e2a18
  Set: 40 Way: 1 Address: 0x211d16a06
  Set: 40 Way: 2 Address: 0x22272fa00
  Set: 40 Way: 3 Address: 0x12c6fca00
  Set: 40 Way: 4 Address: 0x14bb10a00
  Set: 41 Way: 0 Address: 0x1c84e2a58
  Set: 41 Way: 1 Address: 0x6d0c2a44
  Set: 41 Way: 2 Address: 0x181c81a7c
  Set: 41 Way: 3 Address: 0x22272fa40
  Set: 41 Way: 4 Address: 0x12c6fca40
  Set: 42 Way: 0 Address: 0x6e620a84
  Set: 42 Way: 1 Address: 0x1c84e2ab0
  Set: 42 Way: 2 Address: 0x181c81a88
  Set: 42 Way: 3 Address: 0x6d0c2a80
  Set: 42 Way: 4 Address: 0x23755dabe
  Set: 42 Way: 5 Address: 0x22272fa80
  Set: 42 Way: 6 Address: 0x12c6fca80
  Set: 43 Way: 0 Address: 0x1c84e2ae8
  Set: 43 Way: 1 Address: 0x201598afc
  Set: 43 Way: 2 Address: 0x6e620ac0
  Set: 43 Way: 3 Address: 0x6d0c2ac0
  Set: 43 Way: 4 Address: 0x23755dad8
  Set: 43 Way: 5 Address: 0x22272fac0
  Set: 43 Way: 6 Address: 0x12c6fcac0
  Set: 44 Way: 0 Address: 0x1995f2b08
  Set: 44 Way: 1 Address: 0x1c84e2b24
  Set: 44 Way: 2 Address: 0x201598b08
  Set: 44 Way: 3 Address: 0x211d16b3c
  Set: 44 Way: 4 Address: 0x6e620b00
  Set: 44 Way: 5 Address: 0x6d0c2b00
  Set: 44 Way: 6 Address: 0x22272fb00
  Set: 44 Way: 7 Address: 0x23755db00
  Set: 44 Way: 8 Address: 0x12c6fcb00
  Set: 45 Way: 0 Address: 0x223edab68
  Set: 45 Way: 1 Address: 0xb8004b70
  Set: 45 Way: 2 Address: 0x3734eeb68
  Set: 45 Way: 3 Address: 0x211d16b58
  Set: 45 Way: 4 Address: 0x1c84e2b6c
  Set: 45 Way: 5 Address: 0x6e620b40
  Set: 45 Way: 6 Address: 0x6d0c2b40
  Set: 45 Way: 7 Address: 0x22272fb40
  Set: 46 Way: 0 Address: 0x223edab80
  Set: 46 Way: 1 Address: 0x29484cbb0
  Set: 46 Way: 2 Address: 0x1b0f15b94
  Set: 46 Way: 3 Address: 0x1c84e2b8c
  Set: 46 Way: 4 Address: 0x211d16b80
  Set: 46 Way: 5 Address: 0x181c81bbc
  Set: 46 Way: 6 Address: 0x6e620b80
  Set: 46 Way: 7 Address: 0x6d0c2b80
  Set: 47 Way: 0 Address: 0x1c84e2bc4
  Set: 47 Way: 1 Address: 0x181c81be6
  Set: 47 Way: 2 Address: 0x1b0f15bc0
  Set: 47 Way: 3 Address: 0x6e620bc0
  Set: 47 Way: 4 Address: 0x6d0c2bc0
  Set: 48 Way: 0 Address: 0x23755dc2e
  Set: 48 Way: 1 Address: 0x181c81c00
  Set: 48 Way: 2 Address: 0x1b0f15c00
  Set: 48 Way: 3 Address: 0x201598c3c
  Set: 48 Way: 4 Address: 0x6e620c00
  Set: 48 Way: 5 Address: 0x6d0c2c00
  Set: 49 Way: 0 Address: 0x201598c66
  Set: 49 Way: 1 Address: 0x23755dc40
  Set: 49 Way: 2 Address: 0x1b0f15c40
  Set: 49 Way: 3 Address: 0x6e620c40
  Set: 50 Way: 0 Address: 0x3bdd78ca4
  Set: 50 Way: 1 Address: 0x211d16cae
  Set: 50 Way: 2 Address: 0x201598c80
  Set: 50 Way: 3 Address: 0x1b0f15c80
  Set: 51 Way: 0 Address: 0x211d16cc0
  Set: 51 Way: 1 Address: 0x3bdd78cc0
  Set: 51 Way: 2 Address: 0x1b0f15cc0
  Set: 52 Way: 0 Address: 0x181c81d2e
  Set: 52 Way: 1 Address: 0x3bdd78d00
  Set: 52 Way: 2 Address: 0x1b0f15d00
  Set: 53 Way: 0 Address: 0x181c81d40
  Set: 53 Way: 1 Address: 0x23755dd7e
  Set: 53 Way: 2 Address: 0x3bdd78d40
  Set: 53 Way: 3 Address: 0x1b0f15d40
  Set: 54 Way: 0 Address: 0x23755dd8e
  Set: 54 Way: 1 Address: 0x3232f3db4
  Set: 54 Way: 2 Address: 0x3bdd78d80
  Set: 54 Way: 3 Address: 0x201598db4
  Set: 55 Way: 0 Address: 0x3232f3dc0
  Set: 55 Way: 1 Address: 0x23755ddc0
  Set: 55 Way: 2 Address: 0x211d16dfc
  Set: 55 Way: 3 Address: 0x3bdd78dc0
  Set: 55 Way: 4 Address: 0x201598dc0
  Set: 56 Way: 0 Address: 0x211d16e28
  Set: 56 Way: 1 Address: 0x3232f3e00
  Set: 56 Way: 2 Address: 0x3bdd78e00
  Set: 57 Way: 0 Address: 0x211d16e40
  Set: 57 Way: 1 Address: 0x3232f3e40
  Set: 57 Way: 2 Address: 0x181c81e7e
  Set: 57 Way: 3 Address: 0x3bdd78e40
  Set: 58 Way: 0 Address: 0x181c81ea6
  Set: 58 Way: 1 Address: 0x3232f3e80
  Set: 59 Way: 0 Address: 0x23755defc
  Set: 59 Way: 1 Address: 0x2c9898ec4
  Set: 59 Way: 2 Address: 0x181c81ec0
  Set: 59 Way: 3 Address: 0x3232f3ec0
  Set: 60 Way: 0 Address: 0x23755df0a
  Set: 60 Way: 1 Address: 0x2c9898f00
  Set: 60 Way: 2 Address: 0x3232f3f00
  Set: 61 Way: 0 Address: 0x2ee369f58
  Set: 61 Way: 1 Address: 0x211d16f7c
  Set: 61 Way: 2 Address: 0x2c9898f40
  Set: 61 Way: 3 Address: 0x3232f3f40
  Set: 62 Way: 0 Address: 0x2ee369fa4
  Set: 62 Way: 1 Address: 0x211d16f88
  Set: 62 Way: 2 Address: 0x2c9898f80
  Set: 62 Way: 3 Address: 0x3232f3f80
  Set: 63 Way: 0 Address: 0x2a4841fe8
  Set: 63 Way: 1 Address: 0x2ee369fc8
  Set: 63 Way: 2 Address: 0x23756ffd4
  Set: 63 Way: 3 Address: 0x181c81ffc
  Set: 63 Way: 4 Address: 0x2c9898fc0
EndCache
Cache: cpu0_ITLB
  Set: 0 Way: 0 Address: 0x4608a0
  Set: 1 Way: 0 Address: 0x441543
EndCache
Cache: cpu0_DTLB
  Set: 0 Way: 0 Address: 0x1d7085c
  Set: 0 Way: 1 Address: 0x286030e
  Set: 0 Way: 2 Address: 0x730650
  Set: 0 Way: 3 Address: 0x2210974
  Set: 1 Way: 0 Address: 0x7618c8
  Set: 1 Way: 1 Address: 0x2211a84
  Set: 1 Way: 2 Address: 0x28610e8
  Set: 2 Way: 0 Address: 0x2862c62
  Set: 2 Way: 1 Address: 0x2212b94
  Set: 3 Way: 0 Address: 0x2213ca4
  Set: 4 Way: 0 Address: 0x2214db4
  Set: 5 Way: 0 Address: 0x7fff6ec35fc8
  Set: 5 Way: 1 Address: 0x2215ec4
  Set: 6 Way: 0 Address: 0x7fff6ec36000
  Set: 6 Way: 1 Address: 0x2216fd4
  Set: 7 Way: 0 Address: 0x2217004
  Set: 8 Way: 0 Address: 0x22180e4
  Set: 9 Way: 0 Address: 0x22191f4
  Set: 10 Way: 0 Address: 0x221a304
  Set: 11 Way: 0 Address: 0x221b410
  Set: 12 Way: 0 Address: 0x221c520
  Set: 13 Way: 0 Address: 0x1d6d934
  Set: 13 Way: 1 Address: 0x221d630
  Set: 14 Way: 0 Address: 0x1d6ea44
  Set: 14 Way: 1 Address: 0x220e140
  Set: 14 Way: 2 Address: 0x221e740
  Set: 15 Way: 0 Address: 0x285fefc
  Set: 15 Way: 1 Address: 0x220f864
EndCache
Cache: LLC
  Set: 3 Way: 0 Address: 0x342b400c8
  Set: 42 Way: 0 Address: 0x6e620a84
  Set: 43 Way: 0 Address: 0x6e620ac0
  Set: 44 Way: 0 Address: 0x6e620b00
  Set: 45 Way: 0 Address: 0x6e620b40
  Set: 46 Way: 0 Address: 0x6e620b80
  Set: 47 Way: 0 Address: 0x6e620bc0
  Set: 48 Way: 0 Address: 0x6e620c00
  Set: 49 Way: 0 Address: 0x6e620c40
  Set: 66 Way: 0 Address: 0x181c810bc
  Set: 67 Way: 0 Address: 0x181c810ce
  Set: 68 Way: 0 Address: 0x181c81100
  Set: 69 Way: 0 Address: 0x181c81140
  Set: 70 Way: 0 Address: 0xf6e811a8
  Set: 72 Way: 0 Address: 0x113201208
  Set: 72 Way: 1 Address: 0x181c8121c
  Set: 73 Way: 0 Address: 0x181c81240
  Set: 74 Way: 0 Address: 0x181c81280
  Set: 76 Way: 0 Address: 0x113201300
  Set: 77 Way: 0 Address: 0x181c8137c
  Set: 78 Way: 0 Address: 0x181c81384
  Set: 79 Way: 0 Address: 0x181c813c0
  Set: 80 Way: 0 Address: 0x181c81400
  Set: 83 Way: 0 Address: 0x181c814dc
  Set: 84 Way: 0 Address: 0x181c81500
  Set: 85 Way: 0 Address: 0x181c81540
  Set: 88 Way: 0 Address: 0x181c8163c
  Set: 89 Way: 0 Address: 0x181c81642
  Set: 90 Way: 0 Address: 0x181c81680
  Set: 91 Way: 0 Address: 0x181c816c0
  Set: 94 Way: 0 Address: 0x181c817ae
  Set: 95 Way: 0 Address: 0x181c817c0
  Set: 96 Way: 0 Address: 0x181c81800
  Set: 99 Way: 0 Address: 0x181c818fc
  Set: 100 Way: 0 Address: 0x181c81914
  Set: 101 Way: 0 Address: 0x181c81940
  Set: 102 Way: 0 Address: 0x181c81980
  Set: 105 Way: 0 Address: 0x181c81a6e
  Set: 106 Way: 0 Address: 0x181c81a80
  Set: 107 Way: 0 Address: 0x181c81ac0
  Set: 110 Way: 0 Address: 0x181c81bbc
  Set: 111 Way: 0 Address: 0x181c81bce
  Set: 112 Way: 0 Address: 0x181c81c00
  Set: 113 Way: 0 Address: 0x181c81c40
  Set: 116 Way: 0 Address: 0x181c81d2e
  Set: 117 Way: 0 Address: 0x181c81d40
  Set: 118 Way: 0 Address: 0x181c81d80
  Set: 121 Way: 0 Address: 0x181c81e7c
  Set: 122 Way: 0 Address: 0x181c81e8e
  Set: 123 Way: 0 Address: 0x181c81ec0
  Set: 124 Way: 0 Address: 0x181c81f00
  Set: 127 Way: 0 Address: 0x2a4841fe8
  Set: 127 Way: 1 Address: 0x181c81fee
  Set: 128 Way: 0 Address: 0x181c82000
  Set: 131 Way: 0 Address: 0x1064c20c0
  Set: 160 Way: 0 Address: 0x1c84e2838
  Set: 161 Way: 0 Address: 0x1c84e2878
  Set: 162 Way: 0 Address: 0x1c84e2884
  Set: 163 Way: 0 Address: 0x1c84e28ec
  Set: 164 Way: 0 Address: 0x1c84e2900
  Set: 165 Way: 0 Address: 0x1c84e2940
  Set: 166 Way: 0 Address: 0x1c84e29b0
  Set: 167 Way: 0 Address: 0x1c84e29dc
  Set: 168 Way: 0 Address: 0x1c84e2a18
  Set: 169 Way: 0 Address: 0x1c84e2a40
  Set: 169 Way: 1 Address: 0x6d0c2a44
  Set: 170 Way: 0 Address: 0x1c84e2a80
  Set: 170 Way: 1 Address: 0x6d0c2a80
  Set: 171 Way: 0 Address: 0x1c84e2ac0
  Set: 171 Way: 1 Address: 0x6d0c2ac0
  Set: 172 Way: 0 Address: 0x1c84e2b24
  Set: 172 Way: 1 Address: 0x6d0c2b00
  Set: 173 Way: 0 Address: 0x1c84e2b40
  Set: 173 Way: 1 Address: 0x6d0c2b40
  Set: 174 Way: 0 Address: 0x1c84e2b80
  Set: 174 Way: 1 Address: 0x6d0c2b80
  Set: 175 Way: 0 Address: 0x1c84e2bc4
  Set: 175 Way: 1 Address: 0x6d0c2bc0
  Set: 176 Way: 0 Address: 0x1c84e2c00
  Set: 176 Way: 1 Address: 0x6d0c2c00
  Set: 177 Way: 0 Address: 0x6d0c2c40
  Set: 194 Way: 0 Address: 0x3b08030b8
  Set: 195 Way: 0 Address: 0x3b08030d0
  Set: 258 Way: 0 Address: 0x1ab44088
  Set: 301 Way: 0 Address: 0xb8004b70
  Set: 387 Way: 0 Address: 0x3dae660e0
  Set: 387 Way: 1 Address: 0x27d4c60e4
  Set: 388 Way: 0 Address: 0x27d4c6100
  Set: 389 Way: 0 Address: 0x27d4c6140
  Set: 390 Way: 0 Address: 0x27d4c6180
  Set: 391 Way: 0 Address: 0x3d87a61f4
  Set: 391 Way: 1 Address: 0x27d4c61c0
  Set: 392 Way: 0 Address: 0x3d87a6200
  Set: 392 Way: 1 Address: 0x27d4c6200
  Set: 393 Way: 0 Address: 0x3d87a6240
  Set: 393 Way: 1 Address: 0x27d4c6240
  Set: 394 Way: 0 Address: 0x3d87a6280
  Set: 394 Way: 1 Address: 0x27d4c6280
  Set: 395 Way: 0 Address: 0x3d87a62c0
  Set: 396 Way: 0 Address: 0x3d87a6300
  Set: 397 Way: 0 Address: 0x3d87a6340
  Set: 398 Way: 0 Address: 0x3d87a6380
  Set: 399 Way: 0 Address: 0x3d87a63c0
  Set: 448 Way: 0 Address: 0x309887000
  Set: 449 Way: 0 Address: 0x309887040
  Set: 450 Way: 0 Address: 0x309887080
  Set: 450 Way: 1 Address: 0xbeea70a8
  Set: 451 Way: 0 Address: 0x3098870c0
  Set: 451 Way: 1 Address: 0xbeea70c0
  Set: 452 Way: 0 Address: 0x309887100
  Set: 453 Way: 0 Address: 0x309887140
  Set: 454 Way: 0 Address: 0x309887180
  Set: 455 Way: 0 Address: 0x3098871e8
  Set: 456 Way: 0 Address: 0x309887200
  Set: 637 Way: 0 Address: 0x2ee369f58
  Set: 638 Way: 0 Address: 0x2ee369fbc
  Set: 639 Way: 0 Address: 0x2ee369fe0
  Set: 640 Way: 0 Address: 0x2ee36a000
  Set: 814 Way: 0 Address: 0x29484cbb0
  Set: 857 Way: 0 Address: 0x5588d650
  Set: 897 Way: 0 Address: 0x1c084e078
  Set: 898 Way: 0 Address: 0x1c084e090
  Set: 899 Way: 0 Address: 0x2f5d8e0e0
  Set: 900 Way: 0 Address: 0x2f5d8e100
  Set: 901 Way: 0 Address: 0x2f5d8e140
  Set: 902 Way: 0 Address: 0x2f5d8e180
  Set: 925 Way: 0 Address: 0x2f5d8e754
  Set: 926 Way: 0 Address: 0x2f5d8e780
  Set: 927 Way: 0 Address: 0x2f5d8e7c0
  Set: 928 Way: 0 Address: 0x2f5d8e800
  Set: 929 Way: 0 Address: 0x2f5d8e840
  Set: 930 Way: 0 Address: 0x2f5d8e880
  Set: 931 Way: 0 Address: 0x2f5d8e8c0
  Set: 932 Way: 0 Address: 0x2f5d8e900
  Set: 941 Way: 0 Address: 0x3734eeb68
  Set: 960 Way: 0 Address: 0x23756f000
  Set: 961 Way: 0 Address: 0x16390f070
  Set: 961 Way: 1 Address: 0x23756f040
  Set: 962 Way: 0 Address: 0x23756f080
  Set: 963 Way: 0 Address: 0x16390f0d8
  Set: 963 Way: 1 Address: 0x143ef0d8
  Set: 995 Way: 0 Address: 0xee86f8d0
  Set: 996 Way: 0 Address: 0xee86f900
  Set: 997 Way: 0 Address: 0x22272f974
  Set: 998 Way: 0 Address: 0x22272f980
  Set: 999 Way: 0 Address: 0x22272f9c0
  Set: 1000 Way: 0 Address: 0x22272fa00
  Set: 1001 Way: 0 Address: 0x22272fa40
  Set: 1002 Way: 0 Address: 0x22272fa80
  Set: 1003 Way: 0 Address: 0x22272fac0
  Set: 1004 Way: 0 Address: 0x22272fb00
  Set: 1005 Way: 0 Address: 0x22272fb40
  Set: 1023 Way: 0 Address: 0x23756ffd4
  Set: 1026 Way: 0 Address: 0x2177f0090
  Set: 1057 Way: 0 Address: 0x14bb10864
  Set: 1058 Way: 0 Address: 0x14bb10880
  Set: 1059 Way: 0 Address: 0x14bb108c0
  Set: 1060 Way: 0 Address: 0x14bb10900
  Set: 1061 Way: 0 Address: 0x14bb10940
  Set: 1062 Way: 0 Address: 0x14bb10980
  Set: 1063 Way: 0 Address: 0x14bb109c0
  Set: 1064 Way: 0 Address: 0x14bb10a00
  Set: 1154 Way: 0 Address: 0x133c92080
  Set: 1164 Way: 0 Address: 0x9cff2300
  Set: 1190 Way: 0 Address: 0x1995f2980
  Set: 1196 Way: 0 Address: 0x1995f2b08
  Set: 1227 Way: 0 Address: 0x3c56b32f8
  Set: 1228 Way: 0 Address: 0x3c56b3310
  Set: 1228 Way: 1 Address: 0x257713304
  Set: 1229 Way: 0 Address: 0x257713340
  Set: 1230 Way: 0 Address: 0x257713380
  Set: 1231 Way: 0 Address: 0x2577133c0
  Set: 1232 Way: 0 Address: 0x257713400
  Set: 1233 Way: 0 Address: 0x257713440
  Set: 1234 Way: 0 Address: 0x257713480
  Set: 1235 Way: 0 Address: 0x2577134c0
  Set: 1236 Way: 0 Address: 0x2b2e93520
  Set: 1237 Way: 0 Address: 0x2b2e93540
  Set: 1238 Way: 0 Address: 0x2b2e93580
  Set: 1239 Way: 0 Address: 0x2b2e935c0
  Set: 1240 Way: 0 Address: 0x2b2e93600
  Set: 1241 Way: 0 Address: 0x2b2e93640
  Set: 1242 Way: 0 Address: 0x2b2e93680
  Set: 1243 Way: 0 Address: 0x2b2e936c0
  Set: 1247 Way: 0 Address: 0x263c137f8
  Set: 1270 Way: 0 Address: 0x3232f3db4
  Set: 1271 Way: 0 Address: 0x3232f3dc0
  Set: 1272 Way: 0 Address: 0x3232f3e00
  Set: 1273 Way: 0 Address: 0x3232f3e40
  Set: 1274 Way: 0 Address: 0x3232f3e80
  Set: 1275 Way: 0 Address: 0x3232f3ec0
  Set: 1276 Way: 0 Address: 0x3232f3f00
  Set: 1277 Way: 0 Address: 0x3232f3f40
  Set: 1278 Way: 0 Address: 0x3232f3f80
  Set: 1280 Way: 0 Address: 0x3de4d4018
  Set: 1281 Way: 0 Address: 0x3c1074078
  Set: 1282 Way: 0 Address: 0x3de4d40a0
  Set: 1282 Way: 1 Address: 0x3c1074080
  Set: 1283 Way: 0 Address: 0x3c10740f0
  Set: 1314 Way: 0 Address: 0x397bb48a0
  Set: 1315 Way: 0 Address: 0x397bb48c0
  Set: 1344 Way: 0 Address: 0x195f15010
  Set: 1345 Way: 0 Address: 0x195f15070
  Set: 1346 Way: 0 Address: 0x195f150a0
  Set: 1382 Way: 0 Address: 0x354d35980
  Set: 1390 Way: 0 Address: 0x1b0f15b94
  Set: 1391 Way: 0 Address: 0x1b0f15bc0
  Set: 1392 Way: 0 Address: 0x1b0f15c00
  Set: 1393 Way: 0 Address: 0x1b0f15c40
  Set: 1394 Way: 0 Address: 0x1b0f15c80
  Set: 1395 Way: 0 Address: 0x1b0f15cc0
  Set: 1396 Way: 0 Address: 0x1b0f15d00
  Set: 1397 Way: 0 Address: 0x1b0f15d40
  Set: 1408 Way: 0 Address: 0x211d1603c
  Set: 1409 Way: 0 Address: 0x211d1604e
  Set: 1410 Way: 0 Address: 0x43736088
  Set: 1410 Way: 1 Address: 0x211d16080
  Set: 1411 Way: 0 Address: 0x211d160c0
  Set: 1414 Way: 0 Address: 0x211d161ae
  Set: 1415 Way: 0 Address: 0x211d161c0
  Set: 1416 Way: 0 Address: 0x211d16200
  Set: 1419 Way: 0 Address: 0x211d162fc
  Set: 1420 Way: 0 Address: 0x211d1630e
  Set: 1421 Way: 0 Address: 0x211d16340
  Set: 1422 Way: 0 Address: 0x211d16380
  Set: 1425 Way: 0 Address: 0x211d1646e
  Set: 1426 Way: 0 Address: 0x211d16480
  Set: 1427 Way: 0 Address: 0x211d164c0
  Set: 1430 Way: 0 Address: 0x211d165bc
  Set: 1431 Way: 0 Address: 0x211d165ce
  Set: 1432 Way: 0 Address: 0x211d16600
  Set: 1433 Way: 0 Address: 0x211d16640
  Set: 1436 Way: 0 Address: 0x211d16734
  Set: 1437 Way: 0 Address: 0x84896740
  Set: 1437 Way: 1 Address: 0x211d16740
  Set: 1438 Way: 0 Address: 0x211d16780
  Set: 1438 Way: 1 Address: 0x84896780
  Set: 1439 Way: 0 Address: 0x848967c0
  Set: 1440 Way: 0 Address: 0x84896800
  Set: 1441 Way: 0 Address: 0x211d1687c
  Set: 1441 Way: 1 Address: 0x84896840
  Set: 1442 Way: 0 Address: 0x211d1688e
  Set: 1442 Way: 1 Address: 0x84896880
  Set: 1443 Way: 0 Address: 0x211d168c0
  Set: 1443 Way: 1 Address: 0x848968c0
  Set: 1444 Way: 0 Address: 0x211d16900
  Set: 1444 Way: 1 Address: 0x84896900
  Set: 1447 Way: 0 Address: 0x211d169ee
  Set: 1448 Way: 0 Address: 0x211d16a00
  Set: 1449 Way: 0 Address: 0x211d16a40
  Set: 1452 Way: 0 Address: 0x211d16b3c
  Set: 1453 Way: 0 Address: 0x211d16b4e
  Set: 1454 Way: 0 Address: 0x211d16b80
  Set: 1455 Way: 0 Address: 0x211d16bc0
  Set: 1458 Way: 0 Address: 0x211d16cae
  Set: 1459 Way: 0 Address: 0x211d16cc0
  Set: 1460 Way: 0 Address: 0x211d16d00
  Set: 1463 Way: 0 Address: 0x211d16dfc
  Set: 1464 Way: 0 Address: 0x211d16e0e
  Set: 1465 Way: 0 Address: 0x211d16e40
  Set: 1466 Way: 0 Address: 0x211d16e80
  Set: 1469 Way: 0 Address: 0x211d16f6e
  Set: 1470 Way: 0 Address: 0x211d16f80
  Set: 1471 Way: 0 Address: 0x211d16fc0
  Set: 1488 Way: 0 Address: 0x276ff7410
  Set: 1489 Way: 0 Address: 0x276ff7440
  Set: 1490 Way: 0 Address: 0x276ff7480
  Set: 1491 Way: 0 Address: 0x276ff74c0
  Set: 1492 Way: 0 Address: 0x276ff7500
  Set: 1493 Way: 0 Address: 0x276ff7540
  Set: 1494 Way: 0 Address: 0x276ff7580
  Set: 1495 Way: 0 Address: 0x276ff75c0
  Set: 1536 Way: 0 Address: 0xc7078018
  Set: 1536 Way: 1 Address: 0x201598002
  Set: 1537 Way: 0 Address: 0x201598040
  Set: 1540 Way: 0 Address: 0x20159813c
  Set: 1541 Way: 0 Address: 0x20159814e
  Set: 1542 Way: 0 Address: 0x1aafb81b0
  Set: 1542 Way: 1 Address: 0x201598180
  Set: 1543 Way: 0 Address: 0x2015981c0
  Set: 1546 Way: 0 Address: 0x2015982ae
  Set: 1547 Way: 0 Address: 0x2015982c0
  Set: 1548 Way: 0 Address: 0x201598300
  Set: 1551 Way: 0 Address: 0x2015983fc
  Set: 1552 Way: 0 Address: 0x20159840e
  Set: 1553 Way: 0 Address: 0x201598440
  Set: 1554 Way: 0 Address: 0x201598480
  Set: 1557 Way: 0 Address: 0x20159856e
  Set: 1558 Way: 0 Address: 0x201598580
  Set: 1559 Way: 0 Address: 0x2015985c0
  Set: 1562 Way: 0 Address: 0x2015986bc
  Set: 1563 Way: 0 Address: 0x2015986ce
  Set: 1564 Way: 0 Address: 0x201598700
  Set: 1565 Way: 0 Address: 0x201598740
  Set: 1568 Way: 0 Address: 0x20159882e
  Set: 1569 Way: 0 Address: 0x201598842
  Set: 1570 Way: 0 Address: 0x201598880
  Set: 1573 Way: 0 Address: 0x20159897c
  Set: 1574 Way: 0 Address: 0x20159898e
  Set: 1575 Way: 0 Address: 0x2015989c0
  Set: 1576 Way: 0 Address: 0x201598a00
  Set: 1579 Way: 0 Address: 0x201598aee
  Set: 1580 Way: 0 Address: 0x201598b00
  Set: 1581 Way: 0 Address: 0x201598b40
  Set: 1584 Way: 0 Address: 0x201598c3c
  Set: 1585 Way: 0 Address: 0x201598c54
  Set: 1586 Way: 0 Address: 0x201598c80
  Set: 1586 Way: 1 Address: 0x3bdd78ca4
  Set: 1587 Way: 0 Address: 0x3bdd78cc0
  Set: 1587 Way: 1 Address: 0x201598cc0
  Set: 1588 Way: 0 Address: 0x3bdd78d00
  Set: 1589 Way: 0 Address: 0x3bdd78d40
  Set: 1590 Way: 0 Address: 0x3bdd78d80
  Set: 1590 Way: 1 Address: 0x201598d9c
  Set: 1591 Way: 0 Address: 0x201598dc0
  Set: 1591 Way: 1 Address: 0x3bdd78dc0
  Set: 1592 Way: 0 Address: 0x201598e00
  Set: 1592 Way: 1 Address: 0x3bdd78e00
  Set: 1593 Way: 0 Address: 0x3bdd78e40
  Set: 1595 Way: 0 Address: 0x2c9898ec4
  Set: 1596 Way: 0 Address: 0x2c9898f00
  Set: 1597 Way: 0 Address: 0x2c9898f40
  Set: 1598 Way: 0 Address: 0x2c9898f80
  Set: 1599 Way: 0 Address: 0x2c9898fc0
  Set: 1611 Way: 0 Address: 0x2929592f8
  Set: 1612 Way: 0 Address: 0x292959300
  Set: 1612 Way: 1 Address: 0x312099308
  Set: 1664 Way: 0 Address: 0x229b9a000
  Set: 1665 Way: 0 Address: 0x1d89da070
  Set: 1709 Way: 0 Address: 0x223edab70
  Set: 1710 Way: 0 Address: 0x223edab80
  Set: 1730 Way: 0 Address: 0x3b377b0a0
  Set: 1730 Way: 1 Address: 0xc0d9b0b0
  Set: 1730 Way: 2 Address: 0xcf83b0b8
  Set: 1740 Way: 0 Address: 0x394edb300
  Set: 1792 Way: 0 Address: 0xdf85c000
  Set: 1795 Way: 0 Address: 0x38e35c0e8
  Set: 1828 Way: 0 Address: 0x12c6fc934
  Set: 1829 Way: 0 Address: 0x12c6fc940
  Set: 1830 Way: 0 Address: 0x12c6fc980
  Set: 1831 Way: 0 Address: 0x12c6fc9c0
  Set: 1832 Way: 0 Address: 0x12c6fca00
  Set: 1833 Way: 0 Address: 0x12c6fca40
  Set: 1834 Way: 0 Address: 0x12c6fca80
  Set: 1835 Way: 0 Address: 0x12c6fcac0
  Set: 1836 Way: 0 Address: 0x12c6fcb00
  Set: 1837 Way: 0 Address: 0x12c6fcb40
  Set: 1880 Way: 0 Address: 0x1add630
  Set: 1881 Way: 0 Address: 0x1add640
  Set: 1882 Way: 0 Address: 0x1add680
  Set: 1883 Way: 0 Address: 0x1add6c0
  Set: 1884 Way: 0 Address: 0x1add700
  Set: 1885 Way: 0 Address: 0x1add740
  Set: 1886 Way: 0 Address: 0x1add780
  Set: 1887 Way: 0 Address: 0x1add7c0
  Set: 1898 Way: 0 Address: 0x23755dabe
  Set: 1899 Way: 0 Address: 0x23755dac2
  Set: 1900 Way: 0 Address: 0x23755db00
  Set: 1901 Way: 0 Address: 0x23755db40
  Set: 1904 Way: 0 Address: 0x23755dc2e
  Set: 1905 Way: 0 Address: 0x23755dc40
  Set: 1906 Way: 0 Address: 0x23755dc80
  Set: 1909 Way: 0 Address: 0x23755dd7c
  Set: 1910 Way: 0 Address: 0x23755dd8e
  Set: 1911 Way: 0 Address: 0x23755ddc0
  Set: 1912 Way: 0 Address: 0x23755de00
  Set: 1915 Way: 0 Address: 0x23755deee
  Set: 1916 Way: 0 Address: 0x23755df02
  Set: 1917 Way: 0 Address: 0x23755df40
  Set: 1920 Way: 0 Address: 0x28b67e000
  Set: 1920 Way: 1 Address: 0x20597e000
  Set: 1921 Way: 0 Address: 0x20597e040
  Set: 1922 Way: 0 Address: 0x2db79e098
  Set: 1922 Way: 1 Address: 0x20597e080
  Set: 1923 Way: 0 Address: 0x20597e0c0
  Set: 1924 Way: 0 Address: 0x20597e100
  Set: 1925 Way: 0 Address: 0x20597e140
  Set: 1926 Way: 0 Address: 0x20597e180
  Set: 1934 Way: 0 Address: 0x1f919e390
  Set: 1935 Way: 0 Address: 0x1f919e3c0
  Set: 1936 Way: 0 Address: 0x1f919e405
  Set: 1937 Way: 0 Address: 0x1f919e446
  Set: 1938 Way: 0 Address: 0x1f919e489
  Set: 1939 Way: 0 Address: 0x1f919e4c1
  Set: 1940 Way: 0 Address: 0x1f919e501
  Set: 1941 Way: 0 Address: 0x1f919e543
  Set: 1942 Way: 0 Address: 0x1f919e580
  Set: 1943 Way: 0 Address: 0x1f919e5c8
  Set: 1944 Way: 0 Address: 0x1f919e600
  Set: 1945 Way: 0 Address: 0x1f919e645
  Set: 1946 Way: 0 Address: 0x1f919e680
  Set: 1951 Way: 0 Address: 0x28b67e7f8
EndCache
