Cache: cpu0_STLB
  Set: 18 Way: 0 Address: 0x612a20
  Set: 19 Way: 0 Address: 0x6137d0
  Set: 19 Way: 1 Address: 0x793208
  Set: 22 Way: 0 Address: 0x616dc0
  Set: 23 Way: 0 Address: 0x617e80
  Set: 24 Way: 0 Address: 0x618003
  Set: 29 Way: 0 Address: 0x79d4b8
  Set: 30 Way: 0 Address: 0x79e020
  Set: 31 Way: 0 Address: 0x69f190
  Set: 32 Way: 0 Address: 0x6a0200
  Set: 38 Way: 0 Address: 0x25a6c3c
  Set: 38 Way: 1 Address: 0x5a6fe0
  Set: 38 Way: 2 Address: 0x626760
  Set: 39 Way: 0 Address: 0x25a74c0
  Set: 39 Way: 1 Address: 0x7a74c8
  Set: 39 Way: 2 Address: 0x5a7050
  Set: 40 Way: 0 Address: 0x25a8e78
  Set: 41 Way: 0 Address: 0x25a9de0
  Set: 42 Way: 0 Address: 0x25aaf20
  Set: 43 Way: 0 Address: 0x262bcb0
  Set: 43 Way: 1 Address: 0x25abc50
  Set: 44 Way: 0 Address: 0x25ac174
  Set: 44 Way: 1 Address: 0x262c5b0
  Set: 45 Way: 0 Address: 0x7adb70
  Set: 45 Way: 1 Address: 0x262d000
  Set: 46 Way: 0 Address: 0x262e510
  Set: 46 Way: 1 Address: 0x7aea68
  Set: 47 Way: 0 Address: 0x25af320
  Set: 47 Way: 1 Address: 0x262f380
  Set: 48 Way: 0 Address: 0x2630b50
  Set: 49 Way: 0 Address: 0x2631920
  Set: 50 Way: 0 Address: 0x26320b8
  Set: 53 Way: 0 Address: 0x2635dc8
  Set: 53 Way: 1 Address: 0x4b5a70
  Set: 54 Way: 0 Address: 0x7ffdabcb6b08
  Set: 55 Way: 0 Address: 0x7ffdabcb7ce0
  Set: 55 Way: 1 Address: 0x737c38
  Set: 56 Way: 0 Address: 0x7ffdabcb8140
  Set: 61 Way: 0 Address: 0x263da28
  Set: 61 Way: 1 Address: 0x73dc50
  Set: 62 Way: 0 Address: 0x263e064
  Set: 63 Way: 0 Address: 0x73f940
  Set: 65 Way: 0 Address: 0x7418c8
  Set: 68 Way: 0 Address: 0x2644c80
  Set: 69 Way: 0 Address: 0x2645230
  Set: 71 Way: 0 Address: 0x25c79a0
  Set: 74 Way: 0 Address: 0x5cada0
  Set: 77 Way: 0 Address: 0x54d9f0
  Set: 78 Way: 0 Address: 0x5cefe8
  Set: 79 Way: 0 Address: 0x5cf0f4
  Set: 80 Way: 0 Address: 0x5506d0
  Set: 81 Way: 0 Address: 0x551890
  Set: 82 Way: 0 Address: 0x5527d0
  Set: 86 Way: 0 Address: 0x25d6f68
  Set: 87 Way: 0 Address: 0x25d7110
  Set: 88 Way: 0 Address: 0x25d8d40
  Set: 90 Way: 0 Address: 0x25da000
  Set: 91 Way: 0 Address: 0x25dbc50
  Set: 92 Way: 0 Address: 0x25dc860
  Set: 102 Way: 0 Address: 0x466110
  Set: 123 Way: 0 Address: 0x4fb600
  Set: 124 Way: 0 Address: 0x47c670
  Set: 126 Way: 0 Address: 0xa7e3e8
EndCache
Cache: cpu0_L2C
  Set: 2 Way: 0 Address: 0x6e620098
  Set: 2 Way: 1 Address: 0x2177f0090
  Set: 4 Way: 0 Address: 0x168ef0110
  Set: 5 Way: 0 Address: 0x168ef0140
  Set: 6 Way: 0 Address: 0x168ef01a0
  Set: 7 Way: 0 Address: 0x28a9401f0
  Set: 7 Way: 1 Address: 0x168ef01c0
  Set: 8 Way: 0 Address: 0x28a940228
  Set: 48 Way: 0 Address: 0x1f8ce0c08
  Set: 51 Way: 0 Address: 0x14bb10ce0
  Set: 52 Way: 0 Address: 0x14bb10d00
  Set: 53 Way: 0 Address: 0x6e620d68
  Set: 53 Way: 1 Address: 0x342b40d60
  Set: 53 Way: 2 Address: 0x1f8ce0d58
  Set: 55 Way: 0 Address: 0x1f8ce0de8
  Set: 61 Way: 0 Address: 0x1f8ce0f68
  Set: 69 Way: 0 Address: 0x19c791160
  Set: 71 Way: 0 Address: 0x19c7911f0
  Set: 104 Way: 0 Address: 0x116e01a08
  Set: 116 Way: 0 Address: 0xf6e81d38
  Set: 119 Way: 0 Address: 0x181c81dc8
  Set: 120 Way: 0 Address: 0xf6e81e38
  Set: 120 Way: 1 Address: 0x181c81e08
  Set: 120 Way: 2 Address: 0x2a4841e09
  Set: 121 Way: 0 Address: 0x2a4841e44
  Set: 123 Way: 0 Address: 0xf6e81ec0
  Set: 123 Way: 1 Address: 0x260091ee0
  Set: 126 Way: 0 Address: 0x2a4841fb9
  Set: 127 Way: 0 Address: 0x2a4841fe8
  Set: 128 Way: 0 Address: 0x9cff2000
  Set: 128 Way: 1 Address: 0x348de2038
  Set: 128 Way: 2 Address: 0x1995f2000
  Set: 129 Way: 0 Address: 0x9cff2041
  Set: 129 Way: 1 Address: 0x348de2040
  Set: 129 Way: 2 Address: 0x1995f2040
  Set: 130 Way: 0 Address: 0x9cff2080
  Set: 130 Way: 1 Address: 0x1995f2080
  Set: 131 Way: 0 Address: 0x9cff20f4
  Set: 131 Way: 1 Address: 0x1064c20e0
  Set: 131 Way: 2 Address: 0x1995f20c0
  Set: 132 Way: 0 Address: 0x9cff2104
  Set: 132 Way: 1 Address: 0x1064c213c
  Set: 132 Way: 2 Address: 0x348de2110
  Set: 132 Way: 3 Address: 0x1995f2100
  Set: 133 Way: 0 Address: 0x2ea382178
  Set: 133 Way: 1 Address: 0x1995f2140
  Set: 134 Way: 0 Address: 0x1995f2180
  Set: 135 Way: 0 Address: 0x9cff21c0
  Set: 135 Way: 1 Address: 0x1995f21c0
  Set: 136 Way: 0 Address: 0x9cff2203
  Set: 136 Way: 1 Address: 0x348de2208
  Set: 136 Way: 2 Address: 0x1995f2200
  Set: 137 Way: 0 Address: 0x9cff2240
  Set: 137 Way: 1 Address: 0x348de2278
  Set: 137 Way: 2 Address: 0x1995f2240
  Set: 138 Way: 0 Address: 0x9cff2284
  Set: 138 Way: 1 Address: 0x348de2280
  Set: 138 Way: 2 Address: 0x1995f2280
  Set: 139 Way: 0 Address: 0x9cff22c0
  Set: 139 Way: 1 Address: 0x1995f22c0
  Set: 140 Way: 0 Address: 0x1995f2300
  Set: 141 Way: 0 Address: 0x1995f2340
  Set: 142 Way: 0 Address: 0x1995f2380
  Set: 143 Way: 0 Address: 0x1995f23c0
  Set: 144 Way: 0 Address: 0x1995f2400
  Set: 145 Way: 0 Address: 0x1995f2440
  Set: 146 Way: 0 Address: 0x1995f2480
  Set: 147 Way: 0 Address: 0x1995f24c0
  Set: 148 Way: 0 Address: 0x1995f2500
  Set: 149 Way: 0 Address: 0x1995f2540
  Set: 150 Way: 0 Address: 0x1995f2580
  Set: 151 Way: 0 Address: 0x1995f25c0
  Set: 152 Way: 0 Address: 0x1995f2600
  Set: 153 Way: 0 Address: 0x1995f2640
  Set: 154 Way: 0 Address: 0x1995f2680
  Set: 155 Way: 0 Address: 0x1995f26c0
  Set: 156 Way: 0 Address: 0x1995f2700
  Set: 157 Way: 0 Address: 0x1995f2740
  Set: 158 Way: 0 Address: 0x1995f2780
  Set: 159 Way: 0 Address: 0x1995f27f0
  Set: 159 Way: 1 Address: 0x1c65327d0
  Set: 160 Way: 0 Address: 0x1995f2800
  Set: 160 Way: 1 Address: 0x1c6532804
  Set: 161 Way: 0 Address: 0x1995f2840
  Set: 161 Way: 1 Address: 0x31be12860
  Set: 161 Way: 2 Address: 0x1c6532844
  Set: 162 Way: 0 Address: 0x1995f2880
  Set: 162 Way: 1 Address: 0x1c6532882
  Set: 163 Way: 0 Address: 0x1995f28c8
  Set: 163 Way: 1 Address: 0x1c65328c1
  Set: 164 Way: 0 Address: 0x1995f2900
  Set: 164 Way: 1 Address: 0x1c6532900
  Set: 165 Way: 0 Address: 0x1995f2940
  Set: 165 Way: 1 Address: 0x1c6532940
  Set: 166 Way: 0 Address: 0x1995f29a0
  Set: 167 Way: 0 Address: 0x1995f29c0
  Set: 167 Way: 1 Address: 0x23a6129e8
  Set: 168 Way: 0 Address: 0x1995f2a00
  Set: 169 Way: 0 Address: 0x1995f2a78
  Set: 170 Way: 0 Address: 0x1995f2a80
  Set: 170 Way: 1 Address: 0xa3a52a88
  Set: 171 Way: 0 Address: 0x1995f2ac0
  Set: 172 Way: 0 Address: 0x1995f2b00
  Set: 173 Way: 0 Address: 0x1995f2b50
  Set: 174 Way: 0 Address: 0x6d0c2b80
  Set: 174 Way: 1 Address: 0x1995f2b80
  Set: 175 Way: 0 Address: 0x6d0c2bc0
  Set: 175 Way: 1 Address: 0x1995f2bc0
  Set: 176 Way: 0 Address: 0x1995f2c28
  Set: 176 Way: 1 Address: 0x6d0c2c00
  Set: 177 Way: 0 Address: 0x6d0c2c40
  Set: 177 Way: 1 Address: 0x1995f2c40
  Set: 177 Way: 2 Address: 0x1064c2c50
  Set: 177 Way: 3 Address: 0x1fd412c50
  Set: 178 Way: 0 Address: 0x6d0c2cb0
  Set: 178 Way: 1 Address: 0x1995f2c80
  Set: 179 Way: 0 Address: 0x6d0c2cc0
  Set: 179 Way: 1 Address: 0x1995f2cc0
  Set: 179 Way: 2 Address: 0x3bdb2cf0
  Set: 180 Way: 0 Address: 0x1995f2d00
  Set: 180 Way: 1 Address: 0x6d0c2d00
  Set: 180 Way: 2 Address: 0x62d12d30
  Set: 180 Way: 3 Address: 0xa3a52d30
  Set: 181 Way: 0 Address: 0x6d0c2d40
  Set: 181 Way: 1 Address: 0x1995f2d40
  Set: 182 Way: 0 Address: 0x1995f2d80
  Set: 183 Way: 0 Address: 0x1995f2dd8
  Set: 184 Way: 0 Address: 0x1995f2e00
  Set: 184 Way: 1 Address: 0x2b2e92e00
  Set: 185 Way: 0 Address: 0x1995f2e40
  Set: 185 Way: 1 Address: 0x2b2e92e40
  Set: 186 Way: 0 Address: 0x1995f2e80
  Set: 186 Way: 1 Address: 0x133c92e80
  Set: 186 Way: 2 Address: 0x34e4a2eb8
  Set: 187 Way: 0 Address: 0x133c92ec0
  Set: 187 Way: 1 Address: 0x34e4a2ed0
  Set: 187 Way: 2 Address: 0x1995f2ec0
  Set: 188 Way: 0 Address: 0x1995f2f00
  Set: 188 Way: 1 Address: 0x133c92f00
  Set: 189 Way: 0 Address: 0x1995f2f40
  Set: 190 Way: 0 Address: 0x1995f2f80
  Set: 190 Way: 1 Address: 0x133c92fb0
  Set: 191 Way: 0 Address: 0x1995f2fc0
  Set: 191 Way: 1 Address: 0x133c92fc2
  Set: 192 Way: 0 Address: 0x1995f3000
  Set: 192 Way: 1 Address: 0x2b2e93000
  Set: 192 Way: 2 Address: 0x190973020
  Set: 193 Way: 0 Address: 0x2b2e93040
  Set: 193 Way: 1 Address: 0x1995f3040
  Set: 193 Way: 2 Address: 0x3b0803064
  Set: 194 Way: 0 Address: 0x2b2e930b8
  Set: 194 Way: 1 Address: 0x3b08030a0
  Set: 195 Way: 0 Address: 0x2b2e930c0
  Set: 195 Way: 1 Address: 0x3b08030fc
  Set: 196 Way: 0 Address: 0x2b2e93110
  Set: 196 Way: 1 Address: 0x3b0803114
  Set: 197 Way: 0 Address: 0x2b2e93140
  Set: 197 Way: 1 Address: 0x3b0803174
  Set: 198 Way: 0 Address: 0x2b2e93188
  Set: 199 Way: 0 Address: 0x2b2e931c0
  Set: 200 Way: 0 Address: 0x2b2e93200
  Set: 201 Way: 0 Address: 0x2b2e93240
  Set: 202 Way: 0 Address: 0x2b2e93280
  Set: 203 Way: 0 Address: 0x2b2e932c0
  Set: 204 Way: 0 Address: 0x2b2e93300
  Set: 204 Way: 1 Address: 0x257713330
  Set: 205 Way: 0 Address: 0x2b2e93340
  Set: 213 Way: 0 Address: 0x2b2e93540
  Set: 214 Way: 0 Address: 0x2b2e93580
  Set: 215 Way: 0 Address: 0x2b2e935c0
  Set: 222 Way: 0 Address: 0x2b2e93780
  Set: 223 Way: 0 Address: 0x3c56b37f8
  Set: 223 Way: 1 Address: 0x2b2e937c0
  Set: 224 Way: 0 Address: 0x2b2e93800
  Set: 232 Way: 0 Address: 0x34a873a28
  Set: 233 Way: 0 Address: 0x34a873a50
  Set: 240 Way: 0 Address: 0xd78d3c38
  Set: 242 Way: 0 Address: 0x34a873cbc
  Set: 243 Way: 0 Address: 0x34a873cd4
  Set: 244 Way: 0 Address: 0x3232f3d30
  Set: 244 Way: 1 Address: 0x34a873d04
  Set: 245 Way: 0 Address: 0x34a873d78
  Set: 246 Way: 0 Address: 0x34a873db0
  Set: 246 Way: 1 Address: 0x3232f3db0
  Set: 247 Way: 0 Address: 0x3232f3de0
  Set: 248 Way: 0 Address: 0x34a873e28
  Set: 249 Way: 0 Address: 0x257713e50
  Set: 249 Way: 1 Address: 0x34a873e54
  Set: 250 Way: 0 Address: 0x3232f3e90
  Set: 251 Way: 0 Address: 0x3232f3ec0
  Set: 253 Way: 0 Address: 0x3232f3f40
  Set: 260 Way: 0 Address: 0x17e364130
  Set: 262 Way: 0 Address: 0x6b744190
  Set: 263 Way: 0 Address: 0x6b7441c0
  Set: 264 Way: 0 Address: 0x6b744201
  Set: 265 Way: 0 Address: 0x6b744243
  Set: 268 Way: 0 Address: 0x1ab44320
  Set: 269 Way: 0 Address: 0x1ab44348
  Set: 280 Way: 0 Address: 0x129934600
  Set: 283 Way: 0 Address: 0x1299346c0
  Set: 284 Way: 0 Address: 0x129934704
  Set: 285 Way: 0 Address: 0x129934741
  Set: 287 Way: 0 Address: 0x3de4d47d8
  Set: 291 Way: 0 Address: 0x3c10748f0
  Set: 292 Way: 0 Address: 0x3c1074900
  Set: 294 Way: 0 Address: 0x3c10749a0
  Set: 295 Way: 0 Address: 0x3c10749c0
  Set: 296 Way: 0 Address: 0x3c1074a00
  Set: 297 Way: 0 Address: 0x3c1074a40
  Set: 303 Way: 0 Address: 0x3c1074bf0
  Set: 304 Way: 0 Address: 0x3c1074c00
  Set: 305 Way: 0 Address: 0x3c1074c40
  Set: 306 Way: 0 Address: 0x3c1074c80
  Set: 307 Way: 0 Address: 0x3c1074cc0
  Set: 308 Way: 0 Address: 0x3c1074d00
  Set: 309 Way: 0 Address: 0x17e364d70
  Set: 313 Way: 0 Address: 0x3de4d4e70
  Set: 320 Way: 0 Address: 0x195f15000
  Set: 320 Way: 1 Address: 0x57be5028
  Set: 326 Way: 0 Address: 0x354d35190
  Set: 332 Way: 0 Address: 0x34a0e5330
  Set: 361 Way: 0 Address: 0x34a0e5a68
  Set: 365 Way: 0 Address: 0x1b0f15b70
  Set: 371 Way: 0 Address: 0x272585ce8
  Set: 372 Way: 0 Address: 0x272585d38
  Set: 384 Way: 0 Address: 0x84896018
  Set: 384 Way: 1 Address: 0x101c26003
  Set: 385 Way: 0 Address: 0x1b7ae6050
  Set: 389 Way: 0 Address: 0x192bc6168
  Set: 392 Way: 0 Address: 0x696d6208
  Set: 399 Way: 0 Address: 0x2470063f0
  Set: 405 Way: 0 Address: 0x3dae66578
  Set: 406 Way: 0 Address: 0x3dae665b8
  Set: 407 Way: 0 Address: 0x3dae665f8
  Set: 408 Way: 0 Address: 0x3dae66638
  Set: 409 Way: 0 Address: 0x3dae66674
  Set: 410 Way: 0 Address: 0x3dae6669c
  Set: 411 Way: 0 Address: 0x3dae666f0
  Set: 412 Way: 0 Address: 0x3dae66738
  Set: 413 Way: 0 Address: 0x3dae66778
  Set: 413 Way: 1 Address: 0x1aa7b6760
  Set: 414 Way: 0 Address: 0x3dae667a8
  Set: 414 Way: 1 Address: 0x1aa7b6783
  Set: 415 Way: 0 Address: 0x3dae667f8
  Set: 415 Way: 1 Address: 0x1aa7b67c0
  Set: 416 Way: 0 Address: 0x3dae66838
  Set: 416 Way: 1 Address: 0x1aa7b6830
  Set: 417 Way: 0 Address: 0x3dae66868
  Set: 418 Way: 0 Address: 0x3dae66898
  Set: 418 Way: 1 Address: 0x1aa7b68a0
  Set: 419 Way: 0 Address: 0x3dae668d0
  Set: 419 Way: 1 Address: 0x27d4c68f0
  Set: 419 Way: 2 Address: 0x1aa7b68c2
  Set: 420 Way: 0 Address: 0x27d4c6914
  Set: 421 Way: 0 Address: 0x3dae66978
  Set: 421 Way: 1 Address: 0x27d4c6978
  Set: 422 Way: 0 Address: 0x3dae66980
  Set: 422 Way: 1 Address: 0x27d4c6988
  Set: 423 Way: 0 Address: 0x3dae669e0
  Set: 425 Way: 0 Address: 0x27d4c6a74
  Set: 425 Way: 1 Address: 0x37f426a70
  Set: 426 Way: 0 Address: 0x37f426a82
  Set: 428 Way: 0 Address: 0x3dae66b08
  Set: 429 Way: 0 Address: 0x3dae66b60
  Set: 430 Way: 0 Address: 0x3dae66b80
  Set: 433 Way: 0 Address: 0x37f426c62
  Set: 437 Way: 0 Address: 0x211d16d78
  Set: 438 Way: 0 Address: 0x3d87a6da0
  Set: 438 Way: 1 Address: 0x3dae66db8
  Set: 439 Way: 0 Address: 0x3dae66dd8
  Set: 439 Way: 1 Address: 0x3d87a6dc6
  Set: 440 Way: 0 Address: 0x3d87a6e38
  Set: 441 Way: 0 Address: 0x3d87a6e41
  Set: 442 Way: 0 Address: 0x3dae66eb8
  Set: 442 Way: 1 Address: 0x3d87a6eb0
  Set: 443 Way: 0 Address: 0x3dae66ed0
  Set: 444 Way: 0 Address: 0x27d4c6f20
  Set: 446 Way: 0 Address: 0x43736fb0
  Set: 451 Way: 0 Address: 0x3704c70c0
  Set: 453 Way: 0 Address: 0x12c077170
  Set: 463 Way: 0 Address: 0x276ff73e0
  Set: 475 Way: 0 Address: 0x358da76d0
  Set: 476 Way: 0 Address: 0x358da7703
  Set: 477 Way: 0 Address: 0x358da7740
  Set: 478 Way: 0 Address: 0x358da7788
  Set: 482 Way: 0 Address: 0x112417890
  Set: 483 Way: 0 Address: 0x1124178c2
  Set: 484 Way: 0 Address: 0x112417900
  Set: 485 Way: 0 Address: 0x112417942
  Set: 486 Way: 0 Address: 0x112417981
  Set: 487 Way: 0 Address: 0x3704c79f8
  Set: 487 Way: 1 Address: 0x1124179c4
  Set: 488 Way: 0 Address: 0xbeea7a20
  Set: 488 Way: 1 Address: 0x112417a04
  Set: 489 Way: 0 Address: 0xbeea7a41
  Set: 489 Way: 1 Address: 0x112417a40
  Set: 490 Way: 0 Address: 0x2fbe97a88
  Set: 490 Way: 1 Address: 0x112417a80
  Set: 491 Way: 0 Address: 0x309887af0
  Set: 491 Way: 1 Address: 0x112417ac3
  Set: 492 Way: 0 Address: 0x112417b00
  Set: 493 Way: 0 Address: 0x112417b42
  Set: 494 Way: 0 Address: 0x112417b84
  Set: 495 Way: 0 Address: 0x112417bc3
  Set: 496 Way: 0 Address: 0x112417c05
  Set: 497 Way: 0 Address: 0x112417c42
  Set: 498 Way: 0 Address: 0x112417c83
  Set: 499 Way: 0 Address: 0xbeea7cd0
  Set: 499 Way: 1 Address: 0x3704c7cf0
  Set: 499 Way: 2 Address: 0x112417cc0
  Set: 500 Way: 0 Address: 0xbeea7d10
  Set: 500 Way: 1 Address: 0x112417d01
  Set: 501 Way: 0 Address: 0x112417d40
  Set: 502 Way: 0 Address: 0x112417d81
  Set: 503 Way: 0 Address: 0x112417dc4
  Set: 504 Way: 0 Address: 0x112417e03
  Set: 505 Way: 0 Address: 0x276ff7e50
  Set: 505 Way: 1 Address: 0x112417e7c
  Set: 506 Way: 0 Address: 0x112417e80
  Set: 514 Way: 0 Address: 0x201598090
  Set: 514 Way: 1 Address: 0x166680b0
  Set: 518 Way: 0 Address: 0xc7078188
  Set: 519 Way: 0 Address: 0x3bdd781f8
  Set: 526 Way: 0 Address: 0x3bdd78390
  Set: 543 Way: 0 Address: 0x3bdd787fc
  Set: 547 Way: 0 Address: 0x3bdd788fc
  Set: 548 Way: 0 Address: 0x3bdd78928
  Set: 550 Way: 0 Address: 0x3bdd7899c
  Set: 551 Way: 0 Address: 0x166689f8
  Set: 555 Way: 0 Address: 0x3bdd78ac4
  Set: 556 Way: 0 Address: 0x3bdd78b20
  Set: 559 Way: 0 Address: 0x3bdd78bf8
  Set: 560 Way: 0 Address: 0x3bdd78c04
  Set: 561 Way: 0 Address: 0x3fe58c50
  Set: 562 Way: 0 Address: 0x3bdd78ca8
  Set: 562 Way: 1 Address: 0x3fe58c80
  Set: 563 Way: 0 Address: 0x3bdd78ccc
  Set: 563 Way: 1 Address: 0x3fe58cc0
  Set: 564 Way: 0 Address: 0x3fe58d00
  Set: 565 Way: 0 Address: 0x2c9898d48
  Set: 565 Way: 1 Address: 0x3fe58d40
  Set: 566 Way: 0 Address: 0x3fe58d80
  Set: 566 Way: 1 Address: 0x2db378db0
  Set: 567 Way: 0 Address: 0x3fe58dc0
  Set: 568 Way: 0 Address: 0x3fe58e00
  Set: 569 Way: 0 Address: 0x3bdd78e78
  Set: 569 Way: 1 Address: 0x3fe58e40
  Set: 570 Way: 0 Address: 0x3fe58e80
  Set: 571 Way: 0 Address: 0x3fe58ec0
  Set: 575 Way: 0 Address: 0x2db378fe0
  Set: 578 Way: 0 Address: 0x8a5790b0
  Set: 582 Way: 0 Address: 0x292959180
  Set: 582 Way: 1 Address: 0x3120991a8
  Set: 583 Way: 0 Address: 0x2c87491e8
  Set: 584 Way: 0 Address: 0x312099220
  Set: 584 Way: 1 Address: 0x2c8749228
  Set: 595 Way: 0 Address: 0x2fa0c94c8
  Set: 595 Way: 1 Address: 0xb84a94f8
  Set: 596 Way: 0 Address: 0x8a579500
  Set: 598 Way: 0 Address: 0x2ee3695b0
  Set: 598 Way: 1 Address: 0x5d6e95a8
  Set: 614 Way: 0 Address: 0x7b4799b8
  Set: 618 Way: 0 Address: 0x379d39a90
  Set: 618 Way: 1 Address: 0x5d6e9a80
  Set: 626 Way: 0 Address: 0x7b479c98
  Set: 627 Way: 0 Address: 0xb84a9ce8
  Set: 628 Way: 0 Address: 0x379d39d38
  Set: 631 Way: 0 Address: 0x16a859dc0
  Set: 632 Way: 0 Address: 0x16a859e37
  Set: 633 Way: 0 Address: 0x16a859e42
  Set: 634 Way: 0 Address: 0x16a859e80
  Set: 640 Way: 0 Address: 0x8754a000
  Set: 641 Way: 0 Address: 0x8754a040
  Set: 642 Way: 0 Address: 0x8754a080
  Set: 643 Way: 0 Address: 0x8754a0c0
  Set: 644 Way: 0 Address: 0x8754a100
  Set: 645 Way: 0 Address: 0x8754a140
  Set: 646 Way: 0 Address: 0x8754a180
  Set: 647 Way: 0 Address: 0x8754a1c0
  Set: 648 Way: 0 Address: 0xc67da230
  Set: 648 Way: 1 Address: 0x8754a200
  Set: 649 Way: 0 Address: 0xc67da250
  Set: 649 Way: 1 Address: 0x8754a240
  Set: 650 Way: 0 Address: 0xc67da280
  Set: 650 Way: 1 Address: 0x8754a280
  Set: 651 Way: 0 Address: 0x8754a2c0
  Set: 652 Way: 0 Address: 0x8754a300
  Set: 653 Way: 0 Address: 0x8754a340
  Set: 654 Way: 0 Address: 0xc67da3a8
  Set: 654 Way: 1 Address: 0x8754a380
  Set: 655 Way: 0 Address: 0x223eda3e0
  Set: 655 Way: 1 Address: 0xc67da3c8
  Set: 655 Way: 2 Address: 0x1132fa3e8
  Set: 655 Way: 3 Address: 0x8754a3c0
  Set: 656 Way: 0 Address: 0x8754a400
  Set: 657 Way: 0 Address: 0x8754a440
  Set: 658 Way: 0 Address: 0x8754a480
  Set: 659 Way: 0 Address: 0xc67da4e0
  Set: 659 Way: 1 Address: 0x8754a4c0
  Set: 660 Way: 0 Address: 0xc67da508
  Set: 660 Way: 1 Address: 0x8754a510
  Set: 661 Way: 0 Address: 0xc67da540
  Set: 661 Way: 1 Address: 0x8754a540
  Set: 662 Way: 0 Address: 0x8754a580
  Set: 663 Way: 0 Address: 0x8754a5c0
  Set: 664 Way: 0 Address: 0x8754a600
  Set: 665 Way: 0 Address: 0x8754a640
  Set: 666 Way: 0 Address: 0x8754a680
  Set: 667 Way: 0 Address: 0x8754a6c0
  Set: 668 Way: 0 Address: 0x8754a700
  Set: 669 Way: 0 Address: 0x8754a740
  Set: 670 Way: 0 Address: 0x8754a780
  Set: 671 Way: 0 Address: 0x223eda7d8
  Set: 671 Way: 1 Address: 0x8754a7c0
  Set: 672 Way: 0 Address: 0x8754a800
  Set: 673 Way: 0 Address: 0x8754a840
  Set: 674 Way: 0 Address: 0x8754a880
  Set: 675 Way: 0 Address: 0x8754a8c0
  Set: 676 Way: 0 Address: 0xc67da928
  Set: 676 Way: 1 Address: 0x8754a900
  Set: 677 Way: 0 Address: 0xc67da940
  Set: 677 Way: 1 Address: 0x8754a940
  Set: 678 Way: 0 Address: 0xc67da998
  Set: 678 Way: 1 Address: 0x8754a980
  Set: 679 Way: 0 Address: 0x8754a9c0
  Set: 680 Way: 0 Address: 0x8754aa00
  Set: 680 Way: 1 Address: 0x18db7aa08
  Set: 681 Way: 0 Address: 0x8754aa40
  Set: 682 Way: 0 Address: 0x8754aa80
  Set: 683 Way: 0 Address: 0x8754aac0
  Set: 684 Way: 0 Address: 0x8754ab00
  Set: 685 Way: 0 Address: 0x8754ab40
  Set: 686 Way: 0 Address: 0x8754ab80
  Set: 687 Way: 0 Address: 0x8754abc0
  Set: 688 Way: 0 Address: 0x8754ac00
  Set: 689 Way: 0 Address: 0xc67dac60
  Set: 689 Way: 1 Address: 0x8754ac40
  Set: 690 Way: 0 Address: 0xc67dac88
  Set: 690 Way: 1 Address: 0x8754ac80
  Set: 692 Way: 0 Address: 0x1e561ad38
  Set: 693 Way: 0 Address: 0xc67dad50
  Set: 693 Way: 1 Address: 0x18db7ad70
  Set: 694 Way: 0 Address: 0xc67dad80
  Set: 695 Way: 0 Address: 0xc67dadc0
  Set: 696 Way: 0 Address: 0xc67dae28
  Set: 697 Way: 0 Address: 0x1d89dae78
  Set: 697 Way: 1 Address: 0xc67dae40
  Set: 698 Way: 0 Address: 0xc67dae80
  Set: 709 Way: 0 Address: 0x28420b160
  Set: 711 Way: 0 Address: 0xcf83b1e8
  Set: 712 Way: 0 Address: 0xcf83b220
  Set: 745 Way: 0 Address: 0x157daba68
  Set: 750 Way: 0 Address: 0x157dabba0
  Set: 756 Way: 0 Address: 0x3b377bd38
  Set: 756 Way: 1 Address: 0x394edbd20
  Set: 757 Way: 0 Address: 0x394edbd40
  Set: 757 Way: 1 Address: 0x3b377bd68
  Set: 757 Way: 2 Address: 0xc0d9bd58
  Set: 758 Way: 0 Address: 0x394edbd80
  Set: 759 Way: 0 Address: 0x394edbdc0
  Set: 762 Way: 0 Address: 0x36889beb8
  Set: 763 Way: 0 Address: 0x36889bed8
  Set: 768 Way: 0 Address: 0xdf85c000
  Set: 768 Way: 1 Address: 0x12c6fc000
  Set: 768 Way: 2 Address: 0x29484c018
  Set: 768 Way: 3 Address: 0x32f48c030
  Set: 768 Way: 4 Address: 0x267bcc000
  Set: 769 Way: 0 Address: 0x12c6fc040
  Set: 769 Way: 1 Address: 0x32f48c064
  Set: 769 Way: 2 Address: 0x267bcc040
  Set: 770 Way: 0 Address: 0x29484c098
  Set: 770 Way: 1 Address: 0x12c6fc080
  Set: 770 Way: 2 Address: 0x32f48c080
  Set: 770 Way: 3 Address: 0x267bcc080
  Set: 771 Way: 0 Address: 0x12c6fc0c0
  Set: 771 Way: 1 Address: 0x28f0cc0c0
  Set: 772 Way: 0 Address: 0x12c6fc100
  Set: 773 Way: 0 Address: 0x38e35c140
  Set: 773 Way: 1 Address: 0x12c6fc140
  Set: 774 Way: 0 Address: 0x12c6fc188
  Set: 775 Way: 0 Address: 0x12c6fc1c0
  Set: 775 Way: 1 Address: 0x32f48c1e0
  Set: 776 Way: 0 Address: 0x12c6fc200
  Set: 776 Way: 1 Address: 0x32f48c200
  Set: 777 Way: 0 Address: 0x12c6fc240
  Set: 777 Way: 1 Address: 0x32f48c274
  Set: 778 Way: 0 Address: 0x12c6fc280
  Set: 778 Way: 1 Address: 0x32f48c2bc
  Set: 779 Way: 0 Address: 0x12c6fc2c0
  Set: 779 Way: 1 Address: 0x32f48c2f4
  Set: 780 Way: 0 Address: 0x12c6fc300
  Set: 781 Way: 0 Address: 0x12c6fc340
  Set: 782 Way: 0 Address: 0x12c6fc380
  Set: 783 Way: 0 Address: 0x12c6fc3c0
  Set: 784 Way: 0 Address: 0x12c6fc410
  Set: 785 Way: 0 Address: 0x12c6fc440
  Set: 786 Way: 0 Address: 0x12c6fc480
  Set: 787 Way: 0 Address: 0x12c6fc4c0
  Set: 788 Way: 0 Address: 0x12c6fc500
  Set: 789 Way: 0 Address: 0x12c6fc540
  Set: 790 Way: 0 Address: 0x12c6fc580
  Set: 790 Way: 1 Address: 0x4dd9c5a8
  Set: 791 Way: 0 Address: 0x12c6fc5c0
  Set: 792 Way: 0 Address: 0x12c6fc600
  Set: 793 Way: 0 Address: 0x12c6fc640
  Set: 794 Way: 0 Address: 0x12c6fc698
  Set: 795 Way: 0 Address: 0x12c6fc6c0
  Set: 796 Way: 0 Address: 0x12c6fc700
  Set: 797 Way: 0 Address: 0x12c6fc750
  Set: 798 Way: 0 Address: 0x12c6fc780
  Set: 799 Way: 0 Address: 0x12c6fc7c0
  Set: 800 Way: 0 Address: 0x12c6fc800
  Set: 801 Way: 0 Address: 0x12c6fc840
  Set: 802 Way: 0 Address: 0x12c6fc880
  Set: 803 Way: 0 Address: 0x12c6fc8c0
  Set: 804 Way: 0 Address: 0x12c6fc920
  Set: 804 Way: 1 Address: 0x267bcc930
  Set: 805 Way: 0 Address: 0x12c6fc940
  Set: 805 Way: 1 Address: 0x267bcc940
  Set: 806 Way: 0 Address: 0x12c6fc980
  Set: 806 Way: 1 Address: 0x267bcc980
  Set: 806 Way: 2 Address: 0x28f0cc9b8
  Set: 807 Way: 0 Address: 0x12c6fc9c0
  Set: 807 Way: 1 Address: 0x267bcc9c0
  Set: 807 Way: 2 Address: 0x28f0cc9e8
  Set: 808 Way: 0 Address: 0x12c6fca08
  Set: 808 Way: 1 Address: 0x267bcca00
  Set: 809 Way: 0 Address: 0x12c6fca40
  Set: 809 Way: 1 Address: 0x32502ca68
  Set: 809 Way: 2 Address: 0x267bcca40
  Set: 810 Way: 0 Address: 0x12c6fca80
  Set: 810 Way: 1 Address: 0x32502ca90
  Set: 810 Way: 2 Address: 0x267bcca80
  Set: 811 Way: 0 Address: 0x12c6fcac0
  Set: 811 Way: 1 Address: 0x267bccac0
  Set: 812 Way: 0 Address: 0x12c6fcb00
  Set: 812 Way: 1 Address: 0x267bccb00
  Set: 813 Way: 0 Address: 0x12c6fcb40
  Set: 813 Way: 1 Address: 0x267bccb40
  Set: 814 Way: 0 Address: 0x12c6fcba8
  Set: 814 Way: 1 Address: 0x267bccb80
  Set: 815 Way: 0 Address: 0x12c6fcbc0
  Set: 815 Way: 1 Address: 0x267bccbc0
  Set: 816 Way: 0 Address: 0x12c6fcc00
  Set: 816 Way: 1 Address: 0x1ae2ccc3c
  Set: 816 Way: 2 Address: 0x267bccc00
  Set: 817 Way: 0 Address: 0x12c6fcc40
  Set: 817 Way: 1 Address: 0x267bccc40
  Set: 818 Way: 0 Address: 0x12c6fcc88
  Set: 818 Way: 1 Address: 0x267bccc80
  Set: 819 Way: 0 Address: 0x12c6fccc0
  Set: 819 Way: 1 Address: 0x267bcccc0
  Set: 820 Way: 0 Address: 0x12c6fcd00
  Set: 820 Way: 1 Address: 0x267bccd00
  Set: 821 Way: 0 Address: 0x12c6fcd40
  Set: 821 Way: 1 Address: 0x267bccd40
  Set: 822 Way: 0 Address: 0x12c6fcd80
  Set: 822 Way: 1 Address: 0x267bccd80
  Set: 823 Way: 0 Address: 0x12c6fcdc0
  Set: 823 Way: 1 Address: 0x267bccdc0
  Set: 824 Way: 0 Address: 0x12c6fce30
  Set: 824 Way: 1 Address: 0x267bcce00
  Set: 825 Way: 0 Address: 0x12c6fce40
  Set: 825 Way: 1 Address: 0x267bcce40
  Set: 826 Way: 0 Address: 0x12c6fce80
  Set: 826 Way: 1 Address: 0x2cd70ceb0
  Set: 826 Way: 2 Address: 0x267bcce80
  Set: 827 Way: 0 Address: 0x12c6fced0
  Set: 827 Way: 1 Address: 0xb77aced0
  Set: 827 Way: 2 Address: 0x267bccec0
  Set: 828 Way: 0 Address: 0x12c6fcf00
  Set: 828 Way: 1 Address: 0x267bccf00
  Set: 829 Way: 0 Address: 0x12c6fcf40
  Set: 829 Way: 1 Address: 0x267bccf40
  Set: 830 Way: 0 Address: 0x12c6fcf80
  Set: 830 Way: 1 Address: 0x267bccf80
  Set: 831 Way: 0 Address: 0x12c6fcfc0
  Set: 831 Way: 1 Address: 0x267bccfc0
  Set: 832 Way: 0 Address: 0x12c6fd000
  Set: 832 Way: 1 Address: 0x267bcd000
  Set: 832 Way: 2 Address: 0x3bcc0d000
  Set: 833 Way: 0 Address: 0x12c6fd040
  Set: 833 Way: 1 Address: 0x267bcd040
  Set: 833 Way: 2 Address: 0x3bcc0d040
  Set: 834 Way: 0 Address: 0x12c6fd080
  Set: 834 Way: 1 Address: 0x5588d0b8
  Set: 834 Way: 2 Address: 0x267bcd080
  Set: 834 Way: 3 Address: 0x3bcc0d080
  Set: 835 Way: 0 Address: 0x12c6fd0c0
  Set: 835 Way: 1 Address: 0x267bcd0c0
  Set: 835 Way: 2 Address: 0x3bcc0d0c0
  Set: 836 Way: 0 Address: 0x267bcd100
  Set: 836 Way: 1 Address: 0x3bcc0d100
  Set: 837 Way: 0 Address: 0x267bcd140
  Set: 837 Way: 1 Address: 0x3bcc0d140
  Set: 838 Way: 0 Address: 0x267bcd180
  Set: 838 Way: 1 Address: 0x3bcc0d180
  Set: 839 Way: 0 Address: 0x267bcd1c0
  Set: 839 Way: 1 Address: 0x3bcc0d1c0
  Set: 840 Way: 0 Address: 0xdb22d200
  Set: 840 Way: 1 Address: 0x3bcc0d200
  Set: 841 Way: 0 Address: 0xdb22d242
  Set: 841 Way: 1 Address: 0x3bcc0d240
  Set: 842 Way: 0 Address: 0x12c6fd280
  Set: 842 Way: 1 Address: 0x3bcc0d280
  Set: 843 Way: 0 Address: 0x12c6fd2c0
  Set: 843 Way: 1 Address: 0x3bcc0d2c0
  Set: 844 Way: 0 Address: 0x12c6fd300
  Set: 844 Way: 1 Address: 0x3bcc0d300
  Set: 845 Way: 0 Address: 0x3bcc0d340
  Set: 846 Way: 0 Address: 0x3bcc0d380
  Set: 847 Way: 0 Address: 0x3bcc0d3c0
  Set: 848 Way: 0 Address: 0x3bcc0d400
  Set: 849 Way: 0 Address: 0x3bcc0d440
  Set: 850 Way: 0 Address: 0x3bcc0d480
  Set: 851 Way: 0 Address: 0x23755d4c0
  Set: 851 Way: 1 Address: 0xe51bd4f8
  Set: 851 Way: 2 Address: 0x3bcc0d4c0
  Set: 852 Way: 0 Address: 0x23755d500
  Set: 852 Way: 1 Address: 0x12c6fd500
  Set: 852 Way: 2 Address: 0xe51bd500
  Set: 852 Way: 3 Address: 0x3bcc0d500
  Set: 853 Way: 0 Address: 0x23755d540
  Set: 853 Way: 1 Address: 0x3bcc0d540
  Set: 854 Way: 0 Address: 0x15164d5b0
  Set: 854 Way: 1 Address: 0x3bcc0d580
  Set: 855 Way: 0 Address: 0x3bcc0d5c0
  Set: 856 Way: 0 Address: 0x3bcc0d600
  Set: 857 Way: 0 Address: 0x1add670
  Set: 857 Way: 1 Address: 0x3bcc0d640
  Set: 858 Way: 0 Address: 0x1add682
  Set: 858 Way: 1 Address: 0x3bcc0d680
  Set: 859 Way: 0 Address: 0x1add6c3
  Set: 859 Way: 1 Address: 0x15164d6e8
  Set: 859 Way: 2 Address: 0x3bcc0d6c0
  Set: 860 Way: 0 Address: 0x1add700
  Set: 860 Way: 1 Address: 0x15164d714
  Set: 860 Way: 2 Address: 0x3bcc0d700
  Set: 861 Way: 0 Address: 0x1add740
  Set: 861 Way: 1 Address: 0x15164d768
  Set: 861 Way: 2 Address: 0x3bcc0d740
  Set: 862 Way: 0 Address: 0x3bcc0d780
  Set: 863 Way: 0 Address: 0x15164d7e0
  Set: 863 Way: 1 Address: 0x3bcc0d7c0
  Set: 864 Way: 0 Address: 0x1add81a
  Set: 864 Way: 1 Address: 0x15164d800
  Set: 864 Way: 2 Address: 0x3bcc0d800
  Set: 865 Way: 0 Address: 0x1add840
  Set: 865 Way: 1 Address: 0x3bcc0d840
  Set: 866 Way: 0 Address: 0x1add8bb
  Set: 866 Way: 1 Address: 0x3bcc0d880
  Set: 867 Way: 0 Address: 0x1add8c3
  Set: 867 Way: 1 Address: 0x23755d8f0
  Set: 867 Way: 2 Address: 0x3bcc0d8c0
  Set: 867 Way: 3 Address: 0x3d747d8c8
  Set: 868 Way: 0 Address: 0x1add918
  Set: 868 Way: 1 Address: 0x23755d927
  Set: 868 Way: 2 Address: 0x15164d920
  Set: 868 Way: 3 Address: 0x3bcc0d900
  Set: 869 Way: 0 Address: 0x23755d94a
  Set: 869 Way: 1 Address: 0x15164d940
  Set: 869 Way: 2 Address: 0x3bcc0d940
  Set: 870 Way: 0 Address: 0x23755d989
  Set: 870 Way: 1 Address: 0x15164d980
  Set: 870 Way: 2 Address: 0x3bcc0d980
  Set: 871 Way: 0 Address: 0x15164d9c0
  Set: 871 Way: 1 Address: 0x3bcc0d9c0
  Set: 872 Way: 0 Address: 0x15164da00
  Set: 872 Way: 1 Address: 0x3bcc0da00
  Set: 873 Way: 0 Address: 0x15164da40
  Set: 873 Way: 1 Address: 0x3bcc0da40
  Set: 874 Way: 0 Address: 0x15164da80
  Set: 874 Way: 1 Address: 0x3bcc0da80
  Set: 875 Way: 0 Address: 0x15164dac0
  Set: 875 Way: 1 Address: 0x3bcc0dac0
  Set: 876 Way: 0 Address: 0x15164db00
  Set: 876 Way: 1 Address: 0x3bcc0db00
  Set: 877 Way: 0 Address: 0x15164db40
  Set: 877 Way: 1 Address: 0x3bcc0db40
  Set: 878 Way: 0 Address: 0x15164db80
  Set: 878 Way: 1 Address: 0x3bcc0db80
  Set: 879 Way: 0 Address: 0x15164dbc0
  Set: 879 Way: 1 Address: 0x3bcc0dbc0
  Set: 880 Way: 0 Address: 0x15164dc00
  Set: 880 Way: 1 Address: 0x3bcc0dc00
  Set: 881 Way: 0 Address: 0x15164dc40
  Set: 881 Way: 1 Address: 0x3bcc0dc40
  Set: 882 Way: 0 Address: 0x15164dc80
  Set: 882 Way: 1 Address: 0x3bcc0dc80
  Set: 883 Way: 0 Address: 0x15164dcc0
  Set: 883 Way: 1 Address: 0x3bcc0dcc0
  Set: 884 Way: 0 Address: 0x15164dd00
  Set: 884 Way: 1 Address: 0x3bcc0dd00
  Set: 885 Way: 0 Address: 0x15164dd40
  Set: 885 Way: 1 Address: 0x3bcc0dd40
  Set: 886 Way: 0 Address: 0x15164dd80
  Set: 886 Way: 1 Address: 0x3bcc0dd80
  Set: 887 Way: 0 Address: 0x15164ddc0
  Set: 887 Way: 1 Address: 0x3bcc0ddc0
  Set: 888 Way: 0 Address: 0x15164de00
  Set: 888 Way: 1 Address: 0x3bcc0de00
  Set: 889 Way: 0 Address: 0x15164de40
  Set: 889 Way: 1 Address: 0x3bcc0de40
  Set: 890 Way: 0 Address: 0x15164de80
  Set: 890 Way: 1 Address: 0x3bcc0de80
  Set: 891 Way: 0 Address: 0x15164dec0
  Set: 891 Way: 1 Address: 0x3bcc0dec0
  Set: 892 Way: 0 Address: 0x15164df00
  Set: 892 Way: 1 Address: 0x3bcc0df00
  Set: 893 Way: 0 Address: 0x15164df40
  Set: 893 Way: 1 Address: 0x3bcc0df40
  Set: 894 Way: 0 Address: 0x15164df80
  Set: 894 Way: 1 Address: 0x3bcc0df80
  Set: 895 Way: 0 Address: 0x15164dfc0
  Set: 895 Way: 1 Address: 0x3bcc0dfc0
  Set: 896 Way: 0 Address: 0x28b67e000
  Set: 896 Way: 1 Address: 0x1f919e010
  Set: 896 Way: 2 Address: 0x15164e000
  Set: 897 Way: 0 Address: 0x15164e040
  Set: 898 Way: 0 Address: 0x1f919e098
  Set: 898 Way: 1 Address: 0x15164e080
  Set: 899 Way: 0 Address: 0x15164e0c0
  Set: 900 Way: 0 Address: 0x15164e100
  Set: 900 Way: 1 Address: 0x108ede130
  Set: 901 Way: 0 Address: 0x3734ee158
  Set: 901 Way: 1 Address: 0x15164e140
  Set: 902 Way: 0 Address: 0x15164e180
  Set: 903 Way: 0 Address: 0x15164e1c0
  Set: 910 Way: 0 Address: 0x2dee5e380
  Set: 911 Way: 0 Address: 0x2dee5e3c0
  Set: 912 Way: 0 Address: 0x2c077e408
  Set: 912 Way: 1 Address: 0x2dee5e400
  Set: 913 Way: 0 Address: 0x2c077e470
  Set: 913 Way: 1 Address: 0x2dee5e440
  Set: 914 Way: 0 Address: 0x2c077e4b8
  Set: 914 Way: 1 Address: 0x2dee5e480
  Set: 915 Way: 0 Address: 0x2c077e4d8
  Set: 915 Way: 1 Address: 0x2dee5e4c0
  Set: 916 Way: 0 Address: 0x2dee5e500
  Set: 917 Way: 0 Address: 0x2dee5e540
  Set: 918 Way: 0 Address: 0x2f5d8e5b8
  Set: 918 Way: 1 Address: 0x1c084e5b8
  Set: 918 Way: 2 Address: 0x2c077e580
  Set: 918 Way: 3 Address: 0x2dee5e580
  Set: 919 Way: 0 Address: 0x2f5d8e5c0
  Set: 919 Way: 1 Address: 0x2dee5e5c0
  Set: 920 Way: 0 Address: 0x2c077e608
  Set: 920 Way: 1 Address: 0x2dee5e600
  Set: 921 Way: 0 Address: 0x2dee5e640
  Set: 922 Way: 0 Address: 0x2dee5e680
  Set: 923 Way: 0 Address: 0x2dee5e6c0
  Set: 924 Way: 0 Address: 0x2dee5e700
  Set: 925 Way: 0 Address: 0x2dee5e740
  Set: 926 Way: 0 Address: 0x7d0ee7a0
  Set: 926 Way: 1 Address: 0x2dee5e780
  Set: 927 Way: 0 Address: 0x28b67e7f8
  Set: 927 Way: 1 Address: 0x7d0ee7c3
  Set: 927 Way: 2 Address: 0x2dee5e7c0
  Set: 928 Way: 0 Address: 0x7d0ee800
  Set: 928 Way: 1 Address: 0x2dee5e800
  Set: 929 Way: 0 Address: 0x7d0ee841
  Set: 929 Way: 1 Address: 0x2dee5e840
  Set: 930 Way: 0 Address: 0x7d0ee885
  Set: 930 Way: 1 Address: 0x2dee5e880
  Set: 931 Way: 0 Address: 0x2dee5e8c0
  Set: 932 Way: 0 Address: 0x2dee5e900
  Set: 933 Way: 0 Address: 0x2dee5e940
  Set: 934 Way: 0 Address: 0x2dee5e980
  Set: 935 Way: 0 Address: 0x7d0ee9f0
  Set: 935 Way: 1 Address: 0x2dee5e9c0
  Set: 936 Way: 0 Address: 0x7d0eea02
  Set: 936 Way: 1 Address: 0x2dee5ea00
  Set: 937 Way: 0 Address: 0x7d0eea41
  Set: 937 Way: 1 Address: 0x2dee5ea40
  Set: 938 Way: 0 Address: 0x7d0eea84
  Set: 938 Way: 1 Address: 0x2dee5ea80
  Set: 939 Way: 0 Address: 0x2dee5eac0
  Set: 940 Way: 0 Address: 0x2dee5eb00
  Set: 941 Way: 0 Address: 0x2dee5eb40
  Set: 942 Way: 0 Address: 0x2dee5eb80
  Set: 943 Way: 0 Address: 0x2dee5ebc0
  Set: 944 Way: 0 Address: 0x2dee5ec00
  Set: 945 Way: 0 Address: 0x2dee5ec40
  Set: 946 Way: 0 Address: 0x20597ec80
  Set: 946 Way: 1 Address: 0x108edec98
  Set: 946 Way: 2 Address: 0x2dee5ec80
  Set: 947 Way: 0 Address: 0x20597ecd8
  Set: 947 Way: 1 Address: 0x2dee5ecc0
  Set: 948 Way: 0 Address: 0x20597ed10
  Set: 948 Way: 1 Address: 0x2dee5ed00
  Set: 949 Way: 0 Address: 0x2db79ed40
  Set: 949 Way: 1 Address: 0x20597ed40
  Set: 949 Way: 2 Address: 0x2dee5ed40
  Set: 950 Way: 0 Address: 0x2dee5ed80
  Set: 951 Way: 0 Address: 0x2dee5edc0
  Set: 952 Way: 0 Address: 0x2dee5ee00
  Set: 953 Way: 0 Address: 0x2dee5ee40
  Set: 954 Way: 0 Address: 0x2dee5ee80
  Set: 955 Way: 0 Address: 0x2dee5eec0
  Set: 956 Way: 0 Address: 0x2dee5ef00
  Set: 957 Way: 0 Address: 0x2dee5ef40
  Set: 958 Way: 0 Address: 0x2dee5ef80
  Set: 959 Way: 0 Address: 0x2dee5efc0
  Set: 960 Way: 0 Address: 0x2dee5f000
  Set: 961 Way: 0 Address: 0x2dee5f040
  Set: 962 Way: 0 Address: 0x2dee5f080
  Set: 963 Way: 0 Address: 0x2dee5f0c0
  Set: 964 Way: 0 Address: 0x2dee5f100
  Set: 965 Way: 0 Address: 0x2dee5f140
  Set: 966 Way: 0 Address: 0x2dee5f180
  Set: 967 Way: 0 Address: 0x2dee5f1c0
  Set: 968 Way: 0 Address: 0x2dee5f200
  Set: 969 Way: 0 Address: 0x2dee5f240
  Set: 971 Way: 0 Address: 0x2dee5f2c0
  Set: 991 Way: 0 Address: 0x22272f7d0
  Set: 992 Way: 0 Address: 0x22272f804
  Set: 997 Way: 0 Address: 0x3567df940
  Set: 998 Way: 0 Address: 0x3567df980
  Set: 999 Way: 0 Address: 0x3567df9c4
  Set: 1012 Way: 0 Address: 0x23756fd30
  Set: 1013 Way: 0 Address: 0x143efd78
  Set: 1013 Way: 1 Address: 0x23756fd50
  Set: 1016 Way: 0 Address: 0xee86fe38
  Set: 1019 Way: 0 Address: 0x143efec0
  Set: 1019 Way: 1 Address: 0x23756fee0
EndCache
Cache: cpu0_L1I
  Set: 0 Way: 0 Address: 0x9cff202e
  Set: 0 Way: 1 Address: 0x101c26003
  Set: 1 Way: 0 Address: 0x9cff206a
  Set: 1 Way: 1 Address: 0x1b7ae6050
  Set: 2 Way: 0 Address: 0x9cff20b8
  Set: 3 Way: 0 Address: 0x9cff20f4
  Set: 4 Way: 0 Address: 0x9cff2104
  Set: 4 Way: 1 Address: 0x168ef0139
  Set: 5 Way: 0 Address: 0x168ef0140
  Set: 6 Way: 0 Address: 0x168ef01a0
  Set: 6 Way: 1 Address: 0x6b7441bd
  Set: 7 Way: 0 Address: 0x9cff21c0
  Set: 7 Way: 1 Address: 0x168ef01df
  Set: 7 Way: 2 Address: 0x6b7441c0
  Set: 8 Way: 0 Address: 0x9cff2238
  Set: 8 Way: 1 Address: 0x6b744201
  Set: 8 Way: 2 Address: 0xdb22d200
  Set: 9 Way: 0 Address: 0x9cff2240
  Set: 9 Way: 1 Address: 0xdb22d242
  Set: 9 Way: 2 Address: 0x6b744243
  Set: 10 Way: 0 Address: 0x9cff2284
  Set: 11 Way: 0 Address: 0x9cff22c0
  Set: 24 Way: 0 Address: 0x129934600
  Set: 25 Way: 0 Address: 0x1add670
  Set: 26 Way: 0 Address: 0x1add6a5
  Set: 27 Way: 0 Address: 0x1add6c3
  Set: 27 Way: 1 Address: 0x1299346f0
  Set: 27 Way: 2 Address: 0x358da76d0
  Set: 28 Way: 0 Address: 0x1add700
  Set: 28 Way: 1 Address: 0x129934704
  Set: 28 Way: 2 Address: 0x358da7703
  Set: 29 Way: 0 Address: 0x1add740
  Set: 29 Way: 1 Address: 0x358da7740
  Set: 29 Way: 2 Address: 0x129934741
  Set: 29 Way: 3 Address: 0x1aa7b677e
  Set: 30 Way: 0 Address: 0x358da7788
  Set: 30 Way: 1 Address: 0x1aa7b6783
  Set: 30 Way: 2 Address: 0x7d0ee7be
  Set: 31 Way: 0 Address: 0x22272f7fd
  Set: 31 Way: 1 Address: 0x1c65327eb
  Set: 31 Way: 2 Address: 0x1aa7b67e4
  Set: 31 Way: 3 Address: 0x7d0ee7c3
  Set: 32 Way: 0 Address: 0x22272f804
  Set: 32 Way: 1 Address: 0x1add81a
  Set: 32 Way: 2 Address: 0x1c6532804
  Set: 32 Way: 3 Address: 0x1aa7b6830
  Set: 32 Way: 4 Address: 0x7d0ee831
  Set: 33 Way: 0 Address: 0x1add840
  Set: 33 Way: 1 Address: 0x1c6532877
  Set: 33 Way: 2 Address: 0x7d0ee841
  Set: 34 Way: 0 Address: 0x1add8bb
  Set: 34 Way: 1 Address: 0x1124178b4
  Set: 34 Way: 2 Address: 0x1c65328ad
  Set: 34 Way: 3 Address: 0x1aa7b68a0
  Set: 34 Way: 4 Address: 0x7d0ee885
  Set: 35 Way: 0 Address: 0x1add8c3
  Set: 35 Way: 1 Address: 0x1124178e7
  Set: 35 Way: 2 Address: 0x1c65328e2
  Set: 35 Way: 3 Address: 0x1aa7b68c2
  Set: 36 Way: 0 Address: 0x1add918
  Set: 36 Way: 1 Address: 0x11241793c
  Set: 36 Way: 2 Address: 0x1c6532900
  Set: 37 Way: 0 Address: 0x11241796e
  Set: 38 Way: 0 Address: 0x112417981
  Set: 39 Way: 0 Address: 0x7d0ee9f0
  Set: 39 Way: 1 Address: 0x1124179c4
  Set: 40 Way: 0 Address: 0xbeea7a20
  Set: 40 Way: 1 Address: 0x7d0eea25
  Set: 40 Way: 2 Address: 0x112417a30
  Set: 41 Way: 0 Address: 0xbeea7a41
  Set: 41 Way: 1 Address: 0x7d0eea41
  Set: 41 Way: 2 Address: 0x37f426a70
  Set: 41 Way: 3 Address: 0x112417a40
  Set: 42 Way: 0 Address: 0x7d0eea84
  Set: 42 Way: 1 Address: 0x37f426a82
  Set: 42 Way: 2 Address: 0x112417aa8
  Set: 43 Way: 0 Address: 0x112417ac3
  Set: 44 Way: 0 Address: 0x112417b26
  Set: 45 Way: 0 Address: 0x112417b72
  Set: 46 Way: 0 Address: 0x112417bb0
  Set: 47 Way: 0 Address: 0x112417bc3
  Set: 48 Way: 0 Address: 0x112417c35
  Set: 49 Way: 0 Address: 0x37f426c62
  Set: 49 Way: 1 Address: 0x112417c42
  Set: 50 Way: 0 Address: 0x112417cac
  Set: 51 Way: 0 Address: 0xbeea7cd0
  Set: 51 Way: 1 Address: 0x112417ce6
  Set: 52 Way: 0 Address: 0xbeea7d10
  Set: 52 Way: 1 Address: 0x112417d34
  Set: 53 Way: 0 Address: 0x112417d6d
  Set: 54 Way: 0 Address: 0x3d87a6da0
  Set: 54 Way: 1 Address: 0x112417db1
  Set: 54 Way: 2 Address: 0x2db378db0
  Set: 55 Way: 0 Address: 0x3d87a6dc6
  Set: 55 Way: 1 Address: 0x16a859dc0
  Set: 55 Way: 2 Address: 0x112417ded
  Set: 56 Way: 0 Address: 0x3d87a6e38
  Set: 56 Way: 1 Address: 0x2a4841e09
  Set: 56 Way: 2 Address: 0x16a859e37
  Set: 56 Way: 3 Address: 0x112417e2a
  Set: 57 Way: 0 Address: 0x3d87a6e41
  Set: 57 Way: 1 Address: 0x2a4841e44
  Set: 57 Way: 2 Address: 0x16a859e5f
  Set: 57 Way: 3 Address: 0x112417e7c
  Set: 58 Way: 0 Address: 0x133c92ea8
  Set: 58 Way: 1 Address: 0x3d87a6eb0
  Set: 58 Way: 2 Address: 0x16a859e80
  Set: 58 Way: 3 Address: 0x112417e80
  Set: 59 Way: 0 Address: 0x133c92ec0
  Set: 60 Way: 0 Address: 0x133c92f2c
  Set: 62 Way: 0 Address: 0x2a4841fb9
  Set: 62 Way: 1 Address: 0x133c92fb0
  Set: 63 Way: 0 Address: 0x2a4841fe8
  Set: 63 Way: 1 Address: 0x133c92fc2
  Set: 63 Way: 2 Address: 0x2db378fe0
EndCache
Cache: cpu0_L1D
  Set: 0 Way: 0 Address: 0x1995f2018
  Set: 0 Way: 1 Address: 0x267bcd000
  Set: 0 Way: 2 Address: 0x15164e000
  Set: 0 Way: 3 Address: 0x3bcc0d000
  Set: 0 Way: 4 Address: 0x12c6fc000
  Set: 0 Way: 5 Address: 0x2b2e93000
  Set: 0 Way: 6 Address: 0x8754a038
  Set: 0 Way: 7 Address: 0x84896018
  Set: 0 Way: 8 Address: 0x32f48c034
  Set: 0 Way: 9 Address: 0x2dee5f000
  Set: 0 Way: 10 Address: 0x190973020
  Set: 0 Way: 11 Address: 0x267bcc028
  Set: 1 Way: 0 Address: 0x12c6fc040
  Set: 1 Way: 1 Address: 0x2b2e93048
  Set: 1 Way: 2 Address: 0x3b0803064
  Set: 1 Way: 3 Address: 0x32f48c048
  Set: 1 Way: 4 Address: 0x267bcc040
  Set: 1 Way: 5 Address: 0x348de2048
  Set: 1 Way: 6 Address: 0x267bcd040
  Set: 1 Way: 7 Address: 0x15164e040
  Set: 1 Way: 8 Address: 0x3bcc0d040
  Set: 1 Way: 9 Address: 0x8754a078
  Set: 1 Way: 10 Address: 0x2dee5f040
  Set: 1 Way: 11 Address: 0x1995f2060
  Set: 2 Way: 0 Address: 0x8754a0b8
  Set: 2 Way: 1 Address: 0x2dee5f080
  Set: 2 Way: 2 Address: 0x267bcc088
  Set: 2 Way: 3 Address: 0x1995f2080
  Set: 2 Way: 4 Address: 0x12c6fc080
  Set: 2 Way: 5 Address: 0x2b2e93088
  Set: 2 Way: 6 Address: 0x6e620098
  Set: 2 Way: 7 Address: 0x267bcd080
  Set: 2 Way: 8 Address: 0x3b08030a0
  Set: 2 Way: 9 Address: 0x32f48c080
  Set: 2 Way: 10 Address: 0x15164e080
  Set: 2 Way: 11 Address: 0x3bcc0d080
  Set: 3 Way: 0 Address: 0x2b2e930c0
  Set: 3 Way: 1 Address: 0x12c6fc0c0
  Set: 3 Way: 2 Address: 0x1064c20e0
  Set: 3 Way: 3 Address: 0x3b08030fc
  Set: 3 Way: 4 Address: 0x3704c70c0
  Set: 3 Way: 5 Address: 0x28f0cc0c0
  Set: 3 Way: 6 Address: 0x267bcd0c0
  Set: 3 Way: 7 Address: 0x15164e0c0
  Set: 3 Way: 8 Address: 0x3bcc0d0c0
  Set: 3 Way: 9 Address: 0x8754a0f8
  Set: 3 Way: 10 Address: 0x2dee5f0c0
  Set: 3 Way: 11 Address: 0x1995f20c0
  Set: 4 Way: 0 Address: 0x2b2e93108
  Set: 4 Way: 1 Address: 0x12c6fc100
  Set: 4 Way: 2 Address: 0x1995f2110
  Set: 4 Way: 3 Address: 0x1064c2134
  Set: 4 Way: 4 Address: 0x348de2120
  Set: 4 Way: 5 Address: 0x267bcd100
  Set: 4 Way: 6 Address: 0x15164e100
  Set: 4 Way: 7 Address: 0x3bcc0d100
  Set: 4 Way: 8 Address: 0x8754a138
  Set: 4 Way: 9 Address: 0x108ede130
  Set: 4 Way: 10 Address: 0x17e364130
  Set: 4 Way: 11 Address: 0x2dee5f100
  Set: 5 Way: 0 Address: 0x2dee5f140
  Set: 5 Way: 1 Address: 0x38e35c140
  Set: 5 Way: 2 Address: 0x2b2e93140
  Set: 5 Way: 3 Address: 0x3b0803174
  Set: 5 Way: 4 Address: 0x1995f2148
  Set: 5 Way: 5 Address: 0x28420b160
  Set: 5 Way: 6 Address: 0x12c077170
  Set: 5 Way: 7 Address: 0x192bc6168
  Set: 5 Way: 8 Address: 0x3bcc0d140
  Set: 5 Way: 9 Address: 0x8754a178
  Set: 5 Way: 10 Address: 0x2ea382178
  Set: 5 Way: 11 Address: 0x12c6fc148
  Set: 6 Way: 0 Address: 0xc7078188
  Set: 6 Way: 1 Address: 0x292959180
  Set: 6 Way: 2 Address: 0x12c6fc188
  Set: 6 Way: 3 Address: 0x354d35190
  Set: 6 Way: 4 Address: 0x2b2e93188
  Set: 6 Way: 5 Address: 0x3120991a8
  Set: 6 Way: 6 Address: 0x3bcc0d180
  Set: 6 Way: 7 Address: 0x8754a1b8
  Set: 6 Way: 8 Address: 0x1995f2180
  Set: 7 Way: 0 Address: 0x12c6fc1c8
  Set: 7 Way: 1 Address: 0x2b2e931c8
  Set: 7 Way: 2 Address: 0x3bdd781f8
  Set: 7 Way: 3 Address: 0xcf83b1e8
  Set: 7 Way: 4 Address: 0x2c87491e8
  Set: 7 Way: 5 Address: 0x28a9401f0
  Set: 7 Way: 6 Address: 0x19c7911f0
  Set: 7 Way: 7 Address: 0x32f48c1c8
  Set: 7 Way: 8 Address: 0x3bcc0d1c0
  Set: 7 Way: 9 Address: 0x8754a1f8
  Set: 7 Way: 10 Address: 0x1995f21c0
  Set: 8 Way: 0 Address: 0x12c6fc208
  Set: 8 Way: 1 Address: 0x2b2e93200
  Set: 8 Way: 2 Address: 0x1995f2200
  Set: 8 Way: 3 Address: 0xcf83b220
  Set: 8 Way: 4 Address: 0x2c8749228
  Set: 8 Way: 5 Address: 0x28a940228
  Set: 8 Way: 6 Address: 0xc67da230
  Set: 8 Way: 7 Address: 0x32f48c200
  Set: 8 Way: 8 Address: 0x348de2210
  Set: 8 Way: 9 Address: 0x3bcc0d200
  Set: 8 Way: 10 Address: 0x8754a238
  Set: 8 Way: 11 Address: 0x696d6208
  Set: 9 Way: 0 Address: 0x12c6fc240
  Set: 9 Way: 1 Address: 0x2b2e93248
  Set: 9 Way: 2 Address: 0xc67da250
  Set: 9 Way: 3 Address: 0x32f48c240
  Set: 9 Way: 4 Address: 0x348de2278
  Set: 9 Way: 5 Address: 0x3bcc0d240
  Set: 9 Way: 6 Address: 0x8754a278
  Set: 9 Way: 7 Address: 0x1995f2240
  Set: 10 Way: 0 Address: 0x12c6fc288
  Set: 10 Way: 1 Address: 0x2b2e93288
  Set: 10 Way: 2 Address: 0xc67da280
  Set: 10 Way: 3 Address: 0x32f48c2ac
  Set: 10 Way: 4 Address: 0x348de2288
  Set: 10 Way: 5 Address: 0x3bcc0d280
  Set: 10 Way: 6 Address: 0x8754a2b8
  Set: 10 Way: 7 Address: 0x1995f2280
  Set: 11 Way: 0 Address: 0x12c6fc2c8
  Set: 11 Way: 1 Address: 0x2b2e932c0
  Set: 11 Way: 2 Address: 0x32f48c2d0
  Set: 11 Way: 3 Address: 0x3bcc0d2c0
  Set: 11 Way: 4 Address: 0x8754a2f8
  Set: 11 Way: 5 Address: 0x1995f22c0
  Set: 12 Way: 0 Address: 0x12c6fc300
  Set: 12 Way: 1 Address: 0x1ab44320
  Set: 12 Way: 2 Address: 0x257713330
  Set: 12 Way: 3 Address: 0x34a0e5330
  Set: 12 Way: 4 Address: 0x3bcc0d300
  Set: 12 Way: 5 Address: 0x8754a338
  Set: 12 Way: 6 Address: 0x1995f2300
  Set: 13 Way: 0 Address: 0x12c6fc348
  Set: 13 Way: 1 Address: 0x1ab44348
  Set: 13 Way: 2 Address: 0x3bcc0d340
  Set: 13 Way: 3 Address: 0x8754a378
  Set: 13 Way: 4 Address: 0x1995f2340
  Set: 14 Way: 0 Address: 0x12c6fc380
  Set: 14 Way: 1 Address: 0xc67da3a8
  Set: 14 Way: 2 Address: 0x3bdd78390
  Set: 14 Way: 3 Address: 0x3bcc0d380
  Set: 14 Way: 4 Address: 0x8754a3b8
  Set: 14 Way: 5 Address: 0x2dee5e3a0
  Set: 14 Way: 6 Address: 0x1995f2380
  Set: 15 Way: 0 Address: 0x223eda3e0
  Set: 15 Way: 1 Address: 0x276ff73e0
  Set: 15 Way: 2 Address: 0xc67da3c8
  Set: 15 Way: 3 Address: 0x2470063f0
  Set: 15 Way: 4 Address: 0x1132fa3e8
  Set: 15 Way: 5 Address: 0x3bcc0d3c0
  Set: 15 Way: 6 Address: 0x8754a3f8
  Set: 15 Way: 7 Address: 0x2dee5e3c8
  Set: 15 Way: 8 Address: 0x12c6fc3c0
  Set: 15 Way: 9 Address: 0x1995f23c0
  Set: 16 Way: 0 Address: 0x12c6fc410
  Set: 16 Way: 1 Address: 0x2c077e408
  Set: 16 Way: 2 Address: 0x3bcc0d400
  Set: 16 Way: 3 Address: 0x8754a438
  Set: 16 Way: 4 Address: 0x2dee5e408
  Set: 16 Way: 5 Address: 0x1995f2400
  Set: 17 Way: 0 Address: 0x12c6fc450
  Set: 17 Way: 1 Address: 0x3bcc0d440
  Set: 17 Way: 2 Address: 0x8754a478
  Set: 17 Way: 3 Address: 0x2c077e470
  Set: 17 Way: 4 Address: 0x2dee5e458
  Set: 17 Way: 5 Address: 0x1995f2440
  Set: 18 Way: 0 Address: 0x12c6fc480
  Set: 18 Way: 1 Address: 0x2c077e4b8
  Set: 18 Way: 2 Address: 0x3bcc0d480
  Set: 18 Way: 3 Address: 0x8754a4b8
  Set: 18 Way: 4 Address: 0x2dee5e488
  Set: 18 Way: 5 Address: 0x1995f2480
  Set: 19 Way: 0 Address: 0x23755d4c0
  Set: 19 Way: 1 Address: 0x12c6fc4c0
  Set: 19 Way: 2 Address: 0x2fa0c94c8
  Set: 19 Way: 3 Address: 0xc67da4e0
  Set: 19 Way: 4 Address: 0xb84a94f8
  Set: 19 Way: 5 Address: 0xe51bd4f8
  Set: 19 Way: 6 Address: 0x2c077e4d8
  Set: 19 Way: 7 Address: 0x3bcc0d4c0
  Set: 19 Way: 8 Address: 0x8754a4f8
  Set: 19 Way: 9 Address: 0x2dee5e4c0
  Set: 19 Way: 10 Address: 0x1995f24c0
  Set: 20 Way: 0 Address: 0x23755d500
  Set: 20 Way: 1 Address: 0x12c6fc500
  Set: 20 Way: 2 Address: 0xc67da508
  Set: 20 Way: 3 Address: 0xe51bd500
  Set: 20 Way: 4 Address: 0x8a579500
  Set: 20 Way: 5 Address: 0x8754a538
  Set: 20 Way: 6 Address: 0x3bcc0d500
  Set: 20 Way: 7 Address: 0x2dee5e500
  Set: 20 Way: 8 Address: 0x1995f2500
  Set: 21 Way: 0 Address: 0x12c6fc540
  Set: 21 Way: 1 Address: 0x23755d540
  Set: 21 Way: 2 Address: 0xc67da540
  Set: 21 Way: 3 Address: 0x8754a578
  Set: 21 Way: 4 Address: 0x3dae66578
  Set: 21 Way: 5 Address: 0x3bcc0d540
  Set: 21 Way: 6 Address: 0x2dee5e540
  Set: 21 Way: 7 Address: 0x1995f2540
  Set: 22 Way: 0 Address: 0x1995f2580
  Set: 22 Way: 1 Address: 0x12c6fc580
  Set: 22 Way: 2 Address: 0x2f5d8e5b8
  Set: 22 Way: 3 Address: 0x1c084e5b8
  Set: 22 Way: 4 Address: 0x15164d5b0
  Set: 22 Way: 5 Address: 0x2c077e580
  Set: 22 Way: 6 Address: 0x8754a5b8
  Set: 22 Way: 7 Address: 0x3dae665a8
  Set: 22 Way: 8 Address: 0x5d6e95a8
  Set: 22 Way: 9 Address: 0x4dd9c5a8
  Set: 22 Way: 10 Address: 0x3bcc0d580
  Set: 22 Way: 11 Address: 0x2dee5e588
  Set: 23 Way: 0 Address: 0x2f5d8e5c0
  Set: 23 Way: 1 Address: 0x12c6fc5c8
  Set: 23 Way: 2 Address: 0x8754a5f8
  Set: 23 Way: 3 Address: 0x3dae665c4
  Set: 23 Way: 4 Address: 0x3bcc0d5c0
  Set: 23 Way: 5 Address: 0x2dee5e5c8
  Set: 23 Way: 6 Address: 0x1995f25c0
  Set: 24 Way: 0 Address: 0x12c6fc600
  Set: 24 Way: 1 Address: 0x2c077e608
  Set: 24 Way: 2 Address: 0x8754a638
  Set: 24 Way: 3 Address: 0x3dae66628
  Set: 24 Way: 4 Address: 0x3bcc0d600
  Set: 24 Way: 5 Address: 0x2dee5e600
  Set: 24 Way: 6 Address: 0x1995f2600
  Set: 25 Way: 0 Address: 0x3dae66674
  Set: 25 Way: 1 Address: 0x8754a678
  Set: 25 Way: 2 Address: 0x3bcc0d640
  Set: 25 Way: 3 Address: 0x2dee5e658
  Set: 25 Way: 4 Address: 0x12c6fc648
  Set: 25 Way: 5 Address: 0x1995f2640
  Set: 26 Way: 0 Address: 0x12c6fc698
  Set: 26 Way: 1 Address: 0x3dae66684
  Set: 26 Way: 2 Address: 0x8754a6b8
  Set: 26 Way: 3 Address: 0x3bcc0d680
  Set: 26 Way: 4 Address: 0x2dee5e6a8
  Set: 26 Way: 5 Address: 0x1995f2680
  Set: 27 Way: 0 Address: 0x12c6fc6c0
  Set: 27 Way: 1 Address: 0x15164d6e8
  Set: 27 Way: 2 Address: 0x3dae666f8
  Set: 27 Way: 3 Address: 0x8754a6f8
  Set: 27 Way: 4 Address: 0x3bcc0d6c0
  Set: 27 Way: 5 Address: 0x2dee5e6d8
  Set: 27 Way: 6 Address: 0x1995f26c0
  Set: 28 Way: 0 Address: 0x12c6fc700
  Set: 28 Way: 1 Address: 0x3dae66738
  Set: 28 Way: 2 Address: 0x15164d708
  Set: 28 Way: 3 Address: 0x8754a738
  Set: 28 Way: 4 Address: 0x3bcc0d700
  Set: 28 Way: 5 Address: 0x2dee5e708
  Set: 28 Way: 6 Address: 0x1995f2700
  Set: 29 Way: 0 Address: 0x12c6fc750
  Set: 29 Way: 1 Address: 0x3dae66774
  Set: 29 Way: 2 Address: 0x15164d760
  Set: 29 Way: 3 Address: 0x8754a778
  Set: 29 Way: 4 Address: 0x3bcc0d740
  Set: 29 Way: 5 Address: 0x2dee5e750
  Set: 29 Way: 6 Address: 0x1995f2740
  Set: 30 Way: 0 Address: 0x12c6fc780
  Set: 30 Way: 1 Address: 0x3dae66788
  Set: 30 Way: 2 Address: 0x8754a7b8
  Set: 30 Way: 3 Address: 0x3bcc0d780
  Set: 30 Way: 4 Address: 0x2dee5e780
  Set: 30 Way: 5 Address: 0x1995f2780
  Set: 31 Way: 0 Address: 0x3de4d47d8
  Set: 31 Way: 1 Address: 0x28b67e7f8
  Set: 31 Way: 2 Address: 0x223eda7d8
  Set: 31 Way: 3 Address: 0x3c56b37f8
  Set: 31 Way: 4 Address: 0x1995f27f0
  Set: 31 Way: 5 Address: 0x3dae667f8
  Set: 31 Way: 6 Address: 0x12c6fc7c0
  Set: 31 Way: 7 Address: 0x3bdd787fc
  Set: 31 Way: 8 Address: 0x8754a7f8
  Set: 31 Way: 9 Address: 0x15164d7e0
  Set: 31 Way: 10 Address: 0x3bcc0d7c0
  Set: 31 Way: 11 Address: 0x2dee5e7c0
  Set: 32 Way: 0 Address: 0x3dae66838
  Set: 32 Way: 1 Address: 0x1995f2800
  Set: 32 Way: 2 Address: 0x12c6fc808
  Set: 32 Way: 3 Address: 0x8754a838
  Set: 32 Way: 4 Address: 0x15164d800
  Set: 32 Way: 5 Address: 0x3bcc0d800
  Set: 32 Way: 6 Address: 0x2dee5e810
  Set: 33 Way: 0 Address: 0x3dae66868
  Set: 33 Way: 1 Address: 0x1995f2840
  Set: 33 Way: 2 Address: 0x12c6fc840
  Set: 33 Way: 3 Address: 0x31be12860
  Set: 33 Way: 4 Address: 0x8754a878
  Set: 33 Way: 5 Address: 0x3bcc0d840
  Set: 33 Way: 6 Address: 0x2dee5e848
  Set: 34 Way: 0 Address: 0x3dae66898
  Set: 34 Way: 1 Address: 0x1995f2880
  Set: 34 Way: 2 Address: 0x12c6fc888
  Set: 34 Way: 3 Address: 0x8754a8b8
  Set: 34 Way: 4 Address: 0x3bcc0d880
  Set: 34 Way: 5 Address: 0x2dee5e888
  Set: 35 Way: 0 Address: 0x3dae668d0
  Set: 35 Way: 1 Address: 0x1995f28c8
  Set: 35 Way: 2 Address: 0x3c10748f0
  Set: 35 Way: 3 Address: 0x23755d8f0
  Set: 35 Way: 4 Address: 0x8754a8f8
  Set: 35 Way: 5 Address: 0x3bdd788fc
  Set: 35 Way: 6 Address: 0x3bcc0d8c0
  Set: 35 Way: 7 Address: 0x27d4c68f0
  Set: 35 Way: 8 Address: 0x3d747d8c8
  Set: 35 Way: 9 Address: 0x2dee5e8d8
  Set: 35 Way: 10 Address: 0x12c6fc8d0
  Set: 36 Way: 0 Address: 0x12c6fc928
  Set: 36 Way: 1 Address: 0x1995f2900
  Set: 36 Way: 2 Address: 0x3c1074900
  Set: 36 Way: 3 Address: 0x3bdd78928
  Set: 36 Way: 4 Address: 0xc67da928
  Set: 36 Way: 5 Address: 0x23755d927
  Set: 36 Way: 6 Address: 0x8754a938
  Set: 36 Way: 7 Address: 0x267bcc930
  Set: 36 Way: 8 Address: 0x15164d920
  Set: 36 Way: 9 Address: 0x3bcc0d900
  Set: 36 Way: 10 Address: 0x27d4c6914
  Set: 36 Way: 11 Address: 0x2dee5e900
  Set: 37 Way: 0 Address: 0x3dae66978
  Set: 37 Way: 1 Address: 0x12c6fc940
  Set: 37 Way: 2 Address: 0x1995f2940
  Set: 37 Way: 3 Address: 0xc67da940
  Set: 37 Way: 4 Address: 0x3567df944
  Set: 37 Way: 5 Address: 0x23755d94a
  Set: 37 Way: 6 Address: 0x8754a978
  Set: 37 Way: 7 Address: 0x267bcc940
  Set: 37 Way: 8 Address: 0x15164d940
  Set: 37 Way: 9 Address: 0x3bcc0d940
  Set: 37 Way: 10 Address: 0x27d4c6978
  Set: 37 Way: 11 Address: 0x2dee5e940
  Set: 38 Way: 0 Address: 0x28f0cc9b8
  Set: 38 Way: 1 Address: 0x7b4799b8
  Set: 38 Way: 2 Address: 0x27d4c6988
  Set: 38 Way: 3 Address: 0x2dee5e980
  Set: 38 Way: 4 Address: 0x12c6fc980
  Set: 38 Way: 5 Address: 0x3dae66980
  Set: 38 Way: 6 Address: 0x23755d98b
  Set: 38 Way: 7 Address: 0x3567df988
  Set: 38 Way: 8 Address: 0x8754a9b8
  Set: 38 Way: 9 Address: 0x267bcc980
  Set: 38 Way: 10 Address: 0x15164d980
  Set: 38 Way: 11 Address: 0x3bcc0d980
  Set: 39 Way: 0 Address: 0x3c10749c0
  Set: 39 Way: 1 Address: 0x1995f29c0
  Set: 39 Way: 2 Address: 0x12c6fc9c0
  Set: 39 Way: 3 Address: 0x3dae669e0
  Set: 39 Way: 4 Address: 0x23a6129e8
  Set: 39 Way: 5 Address: 0x2dee5e9c0
  Set: 39 Way: 6 Address: 0x3567df9c8
  Set: 39 Way: 7 Address: 0x8754a9f8
  Set: 39 Way: 8 Address: 0x267bcc9c0
  Set: 39 Way: 9 Address: 0x15164d9c0
  Set: 39 Way: 10 Address: 0x3bcc0d9c0
  Set: 39 Way: 11 Address: 0x28f0cc9e8
  Set: 40 Way: 0 Address: 0x12c6fca00
  Set: 40 Way: 1 Address: 0x3c1074a00
  Set: 40 Way: 2 Address: 0x1995f2a00
  Set: 40 Way: 3 Address: 0x34a873a00
  Set: 40 Way: 4 Address: 0x8754aa38
  Set: 40 Way: 5 Address: 0x267bcca00
  Set: 40 Way: 6 Address: 0x15164da00
  Set: 40 Way: 7 Address: 0x3bcc0da00
  Set: 40 Way: 8 Address: 0x18db7aa08
  Set: 40 Way: 9 Address: 0x116e01a08
  Set: 40 Way: 10 Address: 0x2dee5ea00
  Set: 41 Way: 0 Address: 0x1995f2a78
  Set: 41 Way: 1 Address: 0x12c6fca50
  Set: 41 Way: 2 Address: 0x3c1074a40
  Set: 41 Way: 3 Address: 0x34a873a50
  Set: 41 Way: 4 Address: 0x2dee5ea68
  Set: 41 Way: 5 Address: 0x32502ca68
  Set: 41 Way: 6 Address: 0x27d4c6a7c
  Set: 41 Way: 7 Address: 0x8754aa78
  Set: 41 Way: 8 Address: 0x267bcca40
  Set: 41 Way: 9 Address: 0x15164da40
  Set: 41 Way: 10 Address: 0x3bcc0da40
  Set: 41 Way: 11 Address: 0x157daba68
  Set: 42 Way: 0 Address: 0x1995f2a80
  Set: 42 Way: 1 Address: 0x12c6fca80
  Set: 42 Way: 2 Address: 0x32502ca90
  Set: 42 Way: 3 Address: 0x379d39a90
  Set: 42 Way: 4 Address: 0xa3a52a88
  Set: 42 Way: 5 Address: 0x2fbe97a88
  Set: 42 Way: 6 Address: 0x8754aab8
  Set: 42 Way: 7 Address: 0x5d6e9a80
  Set: 42 Way: 8 Address: 0x267bcca80
  Set: 42 Way: 9 Address: 0x15164da80
  Set: 42 Way: 10 Address: 0x3bcc0da80
  Set: 42 Way: 11 Address: 0x2dee5ea88
  Set: 43 Way: 0 Address: 0x309887af0
  Set: 43 Way: 1 Address: 0x1995f2ac0
  Set: 43 Way: 2 Address: 0x12c6fcac0
  Set: 43 Way: 3 Address: 0x8754aaf8
  Set: 43 Way: 4 Address: 0x3bdd78ac4
  Set: 43 Way: 5 Address: 0x267bccac0
  Set: 43 Way: 6 Address: 0x15164dac0
  Set: 43 Way: 7 Address: 0x3bcc0dac0
  Set: 43 Way: 8 Address: 0x2dee5eac0
  Set: 44 Way: 0 Address: 0x3dae66b08
  Set: 44 Way: 1 Address: 0x1995f2b00
  Set: 44 Way: 2 Address: 0x12c6fcb08
  Set: 44 Way: 3 Address: 0x3bdd78b20
  Set: 44 Way: 4 Address: 0x8754ab38
  Set: 44 Way: 5 Address: 0x267bccb00
  Set: 44 Way: 6 Address: 0x15164db00
  Set: 44 Way: 7 Address: 0x3bcc0db00
  Set: 44 Way: 8 Address: 0x2dee5eb00
  Set: 45 Way: 0 Address: 0x1995f2b50
  Set: 45 Way: 1 Address: 0x3dae66b40
  Set: 45 Way: 2 Address: 0x12c6fcb40
  Set: 45 Way: 3 Address: 0x1b0f15b70
  Set: 45 Way: 4 Address: 0x8754ab78
  Set: 45 Way: 5 Address: 0x267bccb40
  Set: 45 Way: 6 Address: 0x15164db40
  Set: 45 Way: 7 Address: 0x3bcc0db40
  Set: 45 Way: 8 Address: 0x2dee5eb40
  Set: 46 Way: 0 Address: 0x12c6fcba8
  Set: 46 Way: 1 Address: 0x6d0c2b88
  Set: 46 Way: 2 Address: 0x1995f2b80
  Set: 46 Way: 3 Address: 0x3dae66b80
  Set: 46 Way: 4 Address: 0x8754abb8
  Set: 46 Way: 5 Address: 0x267bccb80
  Set: 46 Way: 6 Address: 0x15164db80
  Set: 46 Way: 7 Address: 0x3bcc0db80
  Set: 46 Way: 8 Address: 0x157dabba0
  Set: 46 Way: 9 Address: 0x2dee5eb90
  Set: 47 Way: 0 Address: 0x12c6fcbc0
  Set: 47 Way: 1 Address: 0x6d0c2bc8
  Set: 47 Way: 2 Address: 0x1995f2bc0
  Set: 47 Way: 3 Address: 0x3bdd78bf8
  Set: 47 Way: 4 Address: 0x8754abf8
  Set: 47 Way: 5 Address: 0x267bccbc0
  Set: 47 Way: 6 Address: 0x15164dbc0
  Set: 47 Way: 7 Address: 0x3bcc0dbc0
  Set: 47 Way: 8 Address: 0x3c1074bf8
  Set: 47 Way: 9 Address: 0x2dee5ebc0
  Set: 48 Way: 0 Address: 0x1995f2c28
  Set: 48 Way: 1 Address: 0x6d0c2c08
  Set: 48 Way: 2 Address: 0x12c6fcc00
  Set: 48 Way: 3 Address: 0x3bdd78c04
  Set: 48 Way: 4 Address: 0x2dee5ec00
  Set: 48 Way: 5 Address: 0x8754ac38
  Set: 48 Way: 6 Address: 0x1f8ce0c10
  Set: 48 Way: 7 Address: 0x267bccc00
  Set: 48 Way: 8 Address: 0x15164dc00
  Set: 48 Way: 9 Address: 0x3bcc0dc00
  Set: 48 Way: 10 Address: 0xd78d3c38
  Set: 48 Way: 11 Address: 0x3c1074c08
  Set: 49 Way: 0 Address: 0x6d0c2c48
  Set: 49 Way: 1 Address: 0x1995f2c40
  Set: 49 Way: 2 Address: 0x12c6fcc40
  Set: 49 Way: 3 Address: 0x1064c2c50
  Set: 49 Way: 4 Address: 0xc67dac60
  Set: 49 Way: 5 Address: 0x3fe58c78
  Set: 49 Way: 6 Address: 0x8754ac78
  Set: 49 Way: 7 Address: 0x267bccc40
  Set: 49 Way: 8 Address: 0x15164dc40
  Set: 49 Way: 9 Address: 0x3bcc0dc40
  Set: 49 Way: 10 Address: 0x2dee5ec48
  Set: 49 Way: 11 Address: 0x3c1074c48
  Set: 50 Way: 0 Address: 0x3c1074c88
  Set: 50 Way: 1 Address: 0x7b479c98
  Set: 50 Way: 2 Address: 0x108edec98
  Set: 50 Way: 3 Address: 0x2dee5ec90
  Set: 50 Way: 4 Address: 0x12c6fcc90
  Set: 50 Way: 5 Address: 0x34a873cbc
  Set: 50 Way: 6 Address: 0xc67dac88
  Set: 50 Way: 7 Address: 0x3fe58cb8
  Set: 50 Way: 8 Address: 0x8754aca0
  Set: 50 Way: 9 Address: 0x267bccc80
  Set: 50 Way: 10 Address: 0x15164dc80
  Set: 50 Way: 11 Address: 0x3bcc0dc80
  Set: 51 Way: 0 Address: 0x6d0c2cc0
  Set: 51 Way: 1 Address: 0x12c6fccc0
  Set: 51 Way: 2 Address: 0x1995f2cc0
  Set: 51 Way: 3 Address: 0x14bb10cdc
  Set: 51 Way: 4 Address: 0x3bdd78ccc
  Set: 51 Way: 5 Address: 0x20597ecd8
  Set: 51 Way: 6 Address: 0x34a873cd4
  Set: 51 Way: 7 Address: 0x267bcccc0
  Set: 51 Way: 8 Address: 0x15164dcc0
  Set: 51 Way: 9 Address: 0x3fe58cf8
  Set: 51 Way: 10 Address: 0x3bcc0dcc0
  Set: 51 Way: 11 Address: 0x2dee5ecd0
  Set: 52 Way: 0 Address: 0x1e561ad38
  Set: 52 Way: 1 Address: 0x14bb10d00
  Set: 52 Way: 2 Address: 0x2dee5ed00
  Set: 52 Way: 3 Address: 0x12c6fcd08
  Set: 52 Way: 4 Address: 0x3232f3d30
  Set: 52 Way: 5 Address: 0x394edbd38
  Set: 52 Way: 6 Address: 0x3fe58d38
  Set: 52 Way: 7 Address: 0x20597ed10
  Set: 52 Way: 8 Address: 0x34a873d04
  Set: 52 Way: 9 Address: 0x267bccd00
  Set: 52 Way: 10 Address: 0x15164dd00
  Set: 52 Way: 11 Address: 0x3bcc0dd00
  Set: 53 Way: 0 Address: 0x3fe58d78
  Set: 53 Way: 1 Address: 0x6d0c2d48
  Set: 53 Way: 2 Address: 0x2dee5ed50
  Set: 53 Way: 3 Address: 0x267bccd40
  Set: 53 Way: 4 Address: 0xc67dad50
  Set: 53 Way: 5 Address: 0x15164dd40
  Set: 53 Way: 6 Address: 0x12c6fcd50
  Set: 53 Way: 7 Address: 0x3bcc0dd40
  Set: 53 Way: 8 Address: 0x34a873d6c
  Set: 53 Way: 9 Address: 0x394edbd40
  Set: 53 Way: 10 Address: 0x17e364d70
  Set: 53 Way: 11 Address: 0x18db7ad70
  Set: 54 Way: 0 Address: 0x394edbd80
  Set: 54 Way: 1 Address: 0x1995f2d80
  Set: 54 Way: 2 Address: 0x12c6fcd80
  Set: 54 Way: 3 Address: 0x3dae66db8
  Set: 54 Way: 4 Address: 0x34a873d8c
  Set: 54 Way: 5 Address: 0xc67dad80
  Set: 54 Way: 6 Address: 0x3232f3db0
  Set: 54 Way: 7 Address: 0x3fe58db8
  Set: 54 Way: 8 Address: 0x267bccd80
  Set: 54 Way: 9 Address: 0x15164dd80
  Set: 54 Way: 10 Address: 0x3bcc0dd80
  Set: 54 Way: 11 Address: 0x2dee5ed80
  Set: 55 Way: 0 Address: 0x1995f2dd8
  Set: 55 Way: 1 Address: 0x394edbdc0
  Set: 55 Way: 2 Address: 0x12c6fcdc8
  Set: 55 Way: 3 Address: 0x3232f3de0
  Set: 55 Way: 4 Address: 0x3dae66dd8
  Set: 55 Way: 5 Address: 0x181c81dc8
  Set: 55 Way: 6 Address: 0x3fe58df8
  Set: 55 Way: 7 Address: 0x1f8ce0df0
  Set: 55 Way: 8 Address: 0x267bccdc0
  Set: 55 Way: 9 Address: 0x15164ddc0
  Set: 55 Way: 10 Address: 0x3bcc0ddc0
  Set: 55 Way: 11 Address: 0x2dee5edc0
  Set: 56 Way: 0 Address: 0x12c6fce30
  Set: 56 Way: 1 Address: 0xf6e81e38
  Set: 56 Way: 2 Address: 0xee86fe38
  Set: 56 Way: 3 Address: 0x1995f2e00
  Set: 56 Way: 4 Address: 0x34a873e00
  Set: 56 Way: 5 Address: 0x181c81e08
  Set: 56 Way: 6 Address: 0xc67dae28
  Set: 56 Way: 7 Address: 0x3fe58e38
  Set: 56 Way: 8 Address: 0x267bcce00
  Set: 56 Way: 9 Address: 0x15164de00
  Set: 56 Way: 10 Address: 0x3bcc0de00
  Set: 56 Way: 11 Address: 0x2dee5ee00
  Set: 57 Way: 0 Address: 0x3bcc0de40
  Set: 57 Way: 1 Address: 0x2dee5ee40
  Set: 57 Way: 2 Address: 0x12c6fce40
  Set: 57 Way: 3 Address: 0x1995f2e40
  Set: 57 Way: 4 Address: 0x3bdd78e78
  Set: 57 Way: 5 Address: 0x276ff7e50
  Set: 57 Way: 6 Address: 0x257713e50
  Set: 57 Way: 7 Address: 0x34a873e54
  Set: 57 Way: 8 Address: 0xc67dae40
  Set: 57 Way: 9 Address: 0x3fe58e78
  Set: 57 Way: 10 Address: 0x267bcce40
  Set: 57 Way: 11 Address: 0x15164de40
  Set: 58 Way: 0 Address: 0x12c6fce80
  Set: 58 Way: 1 Address: 0x1995f2e80
  Set: 58 Way: 2 Address: 0x3dae66eb8
  Set: 58 Way: 3 Address: 0x3232f3e90
  Set: 58 Way: 4 Address: 0x3fe58eb8
  Set: 58 Way: 5 Address: 0x36889beb8
  Set: 58 Way: 6 Address: 0x34e4a2eb8
  Set: 58 Way: 7 Address: 0x2cd70ceb0
  Set: 58 Way: 8 Address: 0x267bcce80
  Set: 58 Way: 9 Address: 0x15164de80
  Set: 58 Way: 10 Address: 0x3bcc0de80
  Set: 58 Way: 11 Address: 0x2dee5ee80
  Set: 59 Way: 0 Address: 0x15164dec0
  Set: 59 Way: 1 Address: 0x3bcc0dec0
  Set: 59 Way: 2 Address: 0x12c6fced0
  Set: 59 Way: 3 Address: 0x1995f2ee0
  Set: 59 Way: 4 Address: 0x2dee5eec0
  Set: 59 Way: 5 Address: 0x260091ee0
  Set: 59 Way: 6 Address: 0x36889bed8
  Set: 59 Way: 7 Address: 0x3fe58ed0
  Set: 59 Way: 8 Address: 0x3dae66ed0
  Set: 59 Way: 9 Address: 0x34e4a2ed0
  Set: 59 Way: 10 Address: 0xb77aced0
  Set: 59 Way: 11 Address: 0x267bccec0
  Set: 60 Way: 0 Address: 0x1995f2f00
  Set: 60 Way: 1 Address: 0x12c6fcf00
  Set: 60 Way: 2 Address: 0x27d4c6f20
  Set: 60 Way: 3 Address: 0x267bccf00
  Set: 60 Way: 4 Address: 0x15164df00
  Set: 60 Way: 5 Address: 0x3bcc0df00
  Set: 60 Way: 6 Address: 0x2dee5ef00
  Set: 61 Way: 0 Address: 0x1995f2f40
  Set: 61 Way: 1 Address: 0x12c6fcf40
  Set: 61 Way: 2 Address: 0x3232f3f40
  Set: 61 Way: 3 Address: 0x1f8ce0f70
  Set: 61 Way: 4 Address: 0x267bccf40
  Set: 61 Way: 5 Address: 0x15164df40
  Set: 61 Way: 6 Address: 0x3bcc0df40
  Set: 61 Way: 7 Address: 0x2dee5ef40
  Set: 62 Way: 0 Address: 0x43736fb0
  Set: 62 Way: 1 Address: 0x1995f2f80
  Set: 62 Way: 2 Address: 0x12c6fcf90
  Set: 62 Way: 3 Address: 0x267bccf80
  Set: 62 Way: 4 Address: 0x15164df80
  Set: 62 Way: 5 Address: 0x3bcc0dfa8
  Set: 62 Way: 6 Address: 0x2dee5ef80
  Set: 63 Way: 0 Address: 0x1995f2fd0
  Set: 63 Way: 1 Address: 0x12c6fcfc0
  Set: 63 Way: 2 Address: 0x267bccfc0
  Set: 63 Way: 3 Address: 0x15164dfc0
  Set: 63 Way: 4 Address: 0x3bcc0dff0
  Set: 63 Way: 5 Address: 0x2dee5efc0
EndCache
Cache: cpu0_ITLB
  Set: 0 Way: 0 Address: 0x6a0200
  Set: 0 Way: 1 Address: 0x5506d0
  Set: 1 Way: 0 Address: 0x5518e7
  Set: 2 Way: 0 Address: 0x612a41
  Set: 2 Way: 1 Address: 0x552804
  Set: 3 Way: 0 Address: 0x6137fd
  Set: 5 Way: 0 Address: 0x4b5a82
  Set: 6 Way: 0 Address: 0x466139
  Set: 6 Way: 1 Address: 0x616dc0
  Set: 6 Way: 2 Address: 0x5a6fe0
  Set: 6 Way: 3 Address: 0x62677e
  Set: 7 Way: 0 Address: 0x617ec0
  Set: 7 Way: 1 Address: 0x5a7050
  Set: 8 Way: 0 Address: 0x618003
  Set: 10 Way: 0 Address: 0x5cada0
  Set: 11 Way: 0 Address: 0x4fb600
  Set: 12 Way: 0 Address: 0x47c6c3
  Set: 13 Way: 0 Address: 0x54da25
  Set: 14 Way: 0 Address: 0x5cefe8
  Set: 15 Way: 0 Address: 0x5cf080
  Set: 15 Way: 1 Address: 0x69f201
EndCache
Cache: cpu0_DTLB
  Set: 0 Way: 0 Address: 0x2630d00
  Set: 1 Way: 0 Address: 0x2631e40
  Set: 1 Way: 1 Address: 0x7418c8
  Set: 2 Way: 0 Address: 0x26320c0
  Set: 3 Way: 0 Address: 0x793208
  Set: 4 Way: 0 Address: 0x2644c80
  Set: 5 Way: 0 Address: 0x2635dc8
  Set: 5 Way: 1 Address: 0x2645230
  Set: 6 Way: 0 Address: 0x7ffdabcb6898
  Set: 6 Way: 1 Address: 0x25a6c3c
  Set: 6 Way: 2 Address: 0x25d6f70
  Set: 7 Way: 0 Address: 0x7ffdabcb7cc0
  Set: 7 Way: 1 Address: 0x25c79a0
  Set: 7 Way: 2 Address: 0x25d7120
  Set: 7 Way: 3 Address: 0x737c38
  Set: 8 Way: 0 Address: 0x7ffdabcb8140
  Set: 8 Way: 1 Address: 0x25d8d40
  Set: 8 Way: 2 Address: 0x25a8e78
  Set: 9 Way: 0 Address: 0x25a9e90
  Set: 10 Way: 0 Address: 0x25aaf20
  Set: 10 Way: 1 Address: 0x25da028
  Set: 11 Way: 0 Address: 0x262bcb0
  Set: 11 Way: 1 Address: 0x25abc50
  Set: 11 Way: 2 Address: 0x25dbcd0
  Set: 12 Way: 0 Address: 0x25ac174
  Set: 12 Way: 1 Address: 0x25dc860
  Set: 12 Way: 2 Address: 0x262c5b0
  Set: 13 Way: 0 Address: 0x7adb70
  Set: 13 Way: 1 Address: 0x73dc50
  Set: 13 Way: 2 Address: 0x79d4b8
  Set: 13 Way: 3 Address: 0x262d000
  Set: 14 Way: 0 Address: 0x7aea68
  Set: 14 Way: 1 Address: 0xa7e3e8
  Set: 14 Way: 2 Address: 0x262e598
  Set: 14 Way: 3 Address: 0x79e020
  Set: 15 Way: 0 Address: 0x25af320
  Set: 15 Way: 1 Address: 0x73f944
  Set: 15 Way: 2 Address: 0x262f3a0
EndCache
Cache: LLC
  Set: 2 Way: 0 Address: 0x6e620098
  Set: 7 Way: 0 Address: 0x28a9401f0
  Set: 8 Way: 0 Address: 0x28a940228
  Set: 48 Way: 0 Address: 0x1f8ce0c08
  Set: 53 Way: 0 Address: 0x6e620d68
  Set: 53 Way: 1 Address: 0x342b40d60
  Set: 53 Way: 2 Address: 0x1f8ce0d58
  Set: 55 Way: 0 Address: 0x1f8ce0de8
  Set: 61 Way: 0 Address: 0x1f8ce0f68
  Set: 104 Way: 0 Address: 0x116e01a08
  Set: 116 Way: 0 Address: 0xf6e81d38
  Set: 119 Way: 0 Address: 0x181c81dc8
  Set: 120 Way: 0 Address: 0xf6e81e38
  Set: 120 Way: 1 Address: 0x181c81e08
  Set: 120 Way: 2 Address: 0x2a4841e09
  Set: 121 Way: 0 Address: 0x181c81e40
  Set: 121 Way: 1 Address: 0x2a4841e44
  Set: 123 Way: 0 Address: 0xf6e81ec0
  Set: 126 Way: 0 Address: 0x2a4841fb9
  Set: 127 Way: 0 Address: 0x2a4841fe8
  Set: 128 Way: 0 Address: 0x348de2038
  Set: 129 Way: 0 Address: 0x348de2040
  Set: 131 Way: 0 Address: 0x1064c20e0
  Set: 132 Way: 0 Address: 0x1064c213c
  Set: 132 Way: 1 Address: 0x348de2110
  Set: 133 Way: 0 Address: 0x2ea382178
  Set: 136 Way: 0 Address: 0x348de2208
  Set: 137 Way: 0 Address: 0x348de2278
  Set: 138 Way: 0 Address: 0x348de2280
  Set: 174 Way: 0 Address: 0x6d0c2b80
  Set: 175 Way: 0 Address: 0x6d0c2bc0
  Set: 176 Way: 0 Address: 0x6d0c2c00
  Set: 177 Way: 0 Address: 0x6d0c2c40
  Set: 177 Way: 1 Address: 0x1064c2c50
  Set: 178 Way: 0 Address: 0x6d0c2cb0
  Set: 179 Way: 0 Address: 0x6d0c2cc0
  Set: 180 Way: 0 Address: 0x6d0c2d00
  Set: 181 Way: 0 Address: 0x6d0c2d40
  Set: 186 Way: 0 Address: 0x34e4a2eb8
  Set: 187 Way: 0 Address: 0x34e4a2ed0
  Set: 193 Way: 0 Address: 0x3b0803064
  Set: 194 Way: 0 Address: 0x3b08030a0
  Set: 195 Way: 0 Address: 0x3b08030fc
  Set: 196 Way: 0 Address: 0x3b0803114
  Set: 197 Way: 0 Address: 0x3b0803174
  Set: 214 Way: 0 Address: 0x3b0803580
  Set: 260 Way: 0 Address: 0x17e364130
  Set: 262 Way: 0 Address: 0x6b744190
  Set: 263 Way: 0 Address: 0x6b7441c0
  Set: 264 Way: 0 Address: 0x6b744201
  Set: 265 Way: 0 Address: 0x6b744240
  Set: 268 Way: 0 Address: 0x1ab44320
  Set: 269 Way: 0 Address: 0x1ab44348
  Set: 270 Way: 0 Address: 0x1ab44380
  Set: 309 Way: 0 Address: 0x17e364d70
  Set: 320 Way: 0 Address: 0x57be5028
  Set: 332 Way: 0 Address: 0x34a0e5330
  Set: 361 Way: 0 Address: 0x34a0e5a68
  Set: 371 Way: 0 Address: 0x272585ce8
  Set: 372 Way: 0 Address: 0x272585d38
  Set: 384 Way: 0 Address: 0x101c26003
  Set: 385 Way: 0 Address: 0x1b7ae6050
  Set: 389 Way: 0 Address: 0x192bc6168
  Set: 394 Way: 0 Address: 0x101c26280
  Set: 399 Way: 0 Address: 0x2470063f0
  Set: 405 Way: 0 Address: 0x3dae66578
  Set: 406 Way: 0 Address: 0x3dae665b8
  Set: 407 Way: 0 Address: 0x3dae665f8
  Set: 408 Way: 0 Address: 0x3dae66638
  Set: 409 Way: 0 Address: 0x3dae66674
  Set: 410 Way: 0 Address: 0x3dae6669c
  Set: 411 Way: 0 Address: 0x3dae666f0
  Set: 412 Way: 0 Address: 0x3dae66738
  Set: 413 Way: 0 Address: 0x3dae66778
  Set: 414 Way: 0 Address: 0x3dae667a8
  Set: 415 Way: 0 Address: 0x3dae667f8
  Set: 416 Way: 0 Address: 0x3dae66838
  Set: 417 Way: 0 Address: 0x3dae66868
  Set: 418 Way: 0 Address: 0x3dae66898
  Set: 419 Way: 0 Address: 0x3dae668d0
  Set: 419 Way: 1 Address: 0x27d4c68f0
  Set: 420 Way: 0 Address: 0x27d4c6914
  Set: 421 Way: 0 Address: 0x3dae66978
  Set: 421 Way: 1 Address: 0x27d4c6978
  Set: 422 Way: 0 Address: 0x3dae66980
  Set: 422 Way: 1 Address: 0x27d4c6988
  Set: 423 Way: 0 Address: 0x3dae669e0
  Set: 425 Way: 0 Address: 0x27d4c6a74
  Set: 425 Way: 1 Address: 0x37f426a70
  Set: 426 Way: 0 Address: 0x37f426a82
  Set: 427 Way: 0 Address: 0x37f426ac0
  Set: 428 Way: 0 Address: 0x3dae66b08
  Set: 429 Way: 0 Address: 0x3dae66b60
  Set: 430 Way: 0 Address: 0x3dae66b80
  Set: 430 Way: 1 Address: 0x3d87a6b80
  Set: 433 Way: 0 Address: 0x3dae66c40
  Set: 433 Way: 1 Address: 0x37f426c62
  Set: 438 Way: 0 Address: 0x3d87a6da0
  Set: 438 Way: 1 Address: 0x3dae66db8
  Set: 439 Way: 0 Address: 0x3dae66dd8
  Set: 439 Way: 1 Address: 0x3d87a6dc6
  Set: 440 Way: 0 Address: 0x3d87a6e38
  Set: 441 Way: 0 Address: 0x3d87a6e41
  Set: 442 Way: 0 Address: 0x3dae66eb8
  Set: 442 Way: 1 Address: 0x3d87a6eb0
  Set: 443 Way: 0 Address: 0x3dae66ed0
  Set: 444 Way: 0 Address: 0x27d4c6f20
  Set: 451 Way: 0 Address: 0x3704c70c0
  Set: 475 Way: 0 Address: 0x358da76d0
  Set: 476 Way: 0 Address: 0x358da7703
  Set: 477 Way: 0 Address: 0x358da7740
  Set: 478 Way: 0 Address: 0x358da7788
  Set: 487 Way: 0 Address: 0x3704c79f8
  Set: 488 Way: 0 Address: 0xbeea7a20
  Set: 489 Way: 0 Address: 0xbeea7a41
  Set: 490 Way: 0 Address: 0xbeea7a80
  Set: 491 Way: 0 Address: 0x309887af0
  Set: 499 Way: 0 Address: 0xbeea7cd0
  Set: 499 Way: 1 Address: 0x3704c7cf0
  Set: 500 Way: 0 Address: 0xbeea7d10
  Set: 514 Way: 0 Address: 0x166680b0
  Set: 551 Way: 0 Address: 0x166689f8
  Set: 583 Way: 0 Address: 0x2c87491e8
  Set: 584 Way: 0 Address: 0x2c8749228
  Set: 595 Way: 0 Address: 0x2fa0c94c8
  Set: 595 Way: 1 Address: 0xb84a94f8
  Set: 598 Way: 0 Address: 0x2ee3695b0
  Set: 598 Way: 1 Address: 0x5d6e95a8
  Set: 618 Way: 0 Address: 0x5d6e9a80
  Set: 627 Way: 0 Address: 0xb84a9ce8
  Set: 640 Way: 0 Address: 0x8754a000
  Set: 641 Way: 0 Address: 0x8754a040
  Set: 642 Way: 0 Address: 0x8754a080
  Set: 643 Way: 0 Address: 0x8754a0c0
  Set: 644 Way: 0 Address: 0x8754a100
  Set: 645 Way: 0 Address: 0x8754a140
  Set: 646 Way: 0 Address: 0x8754a180
  Set: 647 Way: 0 Address: 0x8754a1c0
  Set: 648 Way: 0 Address: 0x8754a200
  Set: 649 Way: 0 Address: 0x8754a240
  Set: 650 Way: 0 Address: 0x8754a280
  Set: 651 Way: 0 Address: 0x8754a2c0
  Set: 652 Way: 0 Address: 0x8754a300
  Set: 653 Way: 0 Address: 0x8754a340
  Set: 654 Way: 0 Address: 0x8754a380
  Set: 655 Way: 0 Address: 0x8754a3c0
  Set: 656 Way: 0 Address: 0x8754a400
  Set: 657 Way: 0 Address: 0x8754a440
  Set: 658 Way: 0 Address: 0x8754a480
  Set: 659 Way: 0 Address: 0x8754a4c0
  Set: 660 Way: 0 Address: 0x8754a510
  Set: 661 Way: 0 Address: 0x8754a540
  Set: 662 Way: 0 Address: 0x8754a580
  Set: 663 Way: 0 Address: 0x8754a5c0
  Set: 664 Way: 0 Address: 0x8754a600
  Set: 665 Way: 0 Address: 0x8754a640
  Set: 666 Way: 0 Address: 0x8754a680
  Set: 667 Way: 0 Address: 0x8754a6c0
  Set: 668 Way: 0 Address: 0x8754a700
  Set: 669 Way: 0 Address: 0x8754a740
  Set: 670 Way: 0 Address: 0x8754a780
  Set: 671 Way: 0 Address: 0x8754a7c0
  Set: 672 Way: 0 Address: 0x8754a800
  Set: 673 Way: 0 Address: 0x8754a840
  Set: 674 Way: 0 Address: 0x8754a880
  Set: 675 Way: 0 Address: 0x8754a8c0
  Set: 676 Way: 0 Address: 0x8754a900
  Set: 677 Way: 0 Address: 0x8754a940
  Set: 678 Way: 0 Address: 0x8754a980
  Set: 679 Way: 0 Address: 0x8754a9c0
  Set: 680 Way: 0 Address: 0x8754aa00
  Set: 681 Way: 0 Address: 0x8754aa40
  Set: 682 Way: 0 Address: 0x8754aa80
  Set: 683 Way: 0 Address: 0x8754aac0
  Set: 684 Way: 0 Address: 0x8754ab00
  Set: 685 Way: 0 Address: 0x8754ab40
  Set: 686 Way: 0 Address: 0x8754ab80
  Set: 687 Way: 0 Address: 0x8754abc0
  Set: 688 Way: 0 Address: 0x8754ac00
  Set: 689 Way: 0 Address: 0x8754ac40
  Set: 690 Way: 0 Address: 0x8754ac80
  Set: 709 Way: 0 Address: 0x28420b160
  Set: 745 Way: 0 Address: 0x157daba68
  Set: 750 Way: 0 Address: 0x157dabba0
  Set: 768 Way: 0 Address: 0x29484c018
  Set: 768 Way: 1 Address: 0x32f48c030
  Set: 768 Way: 2 Address: 0x267bcc000
  Set: 769 Way: 0 Address: 0x32f48c064
  Set: 769 Way: 1 Address: 0x267bcc040
  Set: 770 Way: 0 Address: 0x29484c098
  Set: 770 Way: 1 Address: 0x32f48c080
  Set: 770 Way: 2 Address: 0x267bcc080
  Set: 771 Way: 0 Address: 0x28f0cc0c0
  Set: 775 Way: 0 Address: 0x32f48c1e0
  Set: 776 Way: 0 Address: 0x32f48c200
  Set: 777 Way: 0 Address: 0x32f48c274
  Set: 778 Way: 0 Address: 0x32f48c2bc
  Set: 779 Way: 0 Address: 0x32f48c2f4
  Set: 804 Way: 0 Address: 0x267bcc930
  Set: 805 Way: 0 Address: 0x267bcc940
  Set: 806 Way: 0 Address: 0x267bcc980
  Set: 806 Way: 1 Address: 0x28f0cc9b8
  Set: 807 Way: 0 Address: 0x267bcc9c0
  Set: 807 Way: 1 Address: 0x28f0cc9e8
  Set: 808 Way: 0 Address: 0x267bcca00
  Set: 809 Way: 0 Address: 0x32502ca68
  Set: 809 Way: 1 Address: 0x267bcca40
  Set: 810 Way: 0 Address: 0x32502ca90
  Set: 810 Way: 1 Address: 0x267bcca80
  Set: 811 Way: 0 Address: 0x267bccac0
  Set: 812 Way: 0 Address: 0x267bccb00
  Set: 813 Way: 0 Address: 0x267bccb40
  Set: 814 Way: 0 Address: 0x267bccb80
  Set: 815 Way: 0 Address: 0x267bccbc0
  Set: 816 Way: 0 Address: 0x1ae2ccc3c
  Set: 816 Way: 1 Address: 0x267bccc00
  Set: 817 Way: 0 Address: 0x267bccc40
  Set: 818 Way: 0 Address: 0x267bccc80
  Set: 819 Way: 0 Address: 0x267bcccc0
  Set: 820 Way: 0 Address: 0x267bccd00
  Set: 821 Way: 0 Address: 0x267bccd40
  Set: 822 Way: 0 Address: 0x267bccd80
  Set: 823 Way: 0 Address: 0x267bccdc0
  Set: 824 Way: 0 Address: 0x267bcce00
  Set: 825 Way: 0 Address: 0x267bcce40
  Set: 826 Way: 0 Address: 0x2cd70ceb0
  Set: 826 Way: 1 Address: 0x267bcce80
  Set: 827 Way: 0 Address: 0xb77aced0
  Set: 827 Way: 1 Address: 0x267bccec0
  Set: 828 Way: 0 Address: 0x267bccf00
  Set: 829 Way: 0 Address: 0x267bccf40
  Set: 830 Way: 0 Address: 0x267bccf80
  Set: 831 Way: 0 Address: 0x267bccfc0
  Set: 832 Way: 0 Address: 0x267bcd000
  Set: 832 Way: 1 Address: 0x3bcc0d000
  Set: 833 Way: 0 Address: 0x267bcd040
  Set: 833 Way: 1 Address: 0x3bcc0d040
  Set: 834 Way: 0 Address: 0x5588d0b8
  Set: 834 Way: 1 Address: 0x267bcd080
  Set: 834 Way: 2 Address: 0x3bcc0d080
  Set: 835 Way: 0 Address: 0x267bcd0c0
  Set: 835 Way: 1 Address: 0x3bcc0d0c0
  Set: 836 Way: 0 Address: 0x267bcd100
  Set: 836 Way: 1 Address: 0x3bcc0d100
  Set: 837 Way: 0 Address: 0x267bcd140
  Set: 837 Way: 1 Address: 0x3bcc0d140
  Set: 838 Way: 0 Address: 0x267bcd180
  Set: 838 Way: 1 Address: 0x3bcc0d180
  Set: 839 Way: 0 Address: 0x267bcd1c0
  Set: 839 Way: 1 Address: 0x3bcc0d1c0
  Set: 840 Way: 0 Address: 0xdb22d200
  Set: 840 Way: 1 Address: 0x3bcc0d200
  Set: 841 Way: 0 Address: 0xdb22d242
  Set: 841 Way: 1 Address: 0x3bcc0d240
  Set: 842 Way: 0 Address: 0xdb22d280
  Set: 842 Way: 1 Address: 0x3bcc0d280
  Set: 843 Way: 0 Address: 0x15164d2c0
  Set: 843 Way: 1 Address: 0x3bcc0d2c0
  Set: 844 Way: 0 Address: 0x3bcc0d300
  Set: 845 Way: 0 Address: 0x3bcc0d340
  Set: 846 Way: 0 Address: 0x3bcc0d380
  Set: 847 Way: 0 Address: 0x3bcc0d3c0
  Set: 848 Way: 0 Address: 0x3bcc0d400
  Set: 849 Way: 0 Address: 0x3bcc0d440
  Set: 850 Way: 0 Address: 0x3bcc0d480
  Set: 851 Way: 0 Address: 0x3bcc0d4c0
  Set: 852 Way: 0 Address: 0x3bcc0d500
  Set: 853 Way: 0 Address: 0x3bcc0d540
  Set: 854 Way: 0 Address: 0x15164d5b0
  Set: 854 Way: 1 Address: 0x3bcc0d580
  Set: 855 Way: 0 Address: 0x3bcc0d5c0
  Set: 856 Way: 0 Address: 0x3bcc0d600
  Set: 857 Way: 0 Address: 0x3bcc0d640
  Set: 858 Way: 0 Address: 0x3bcc0d680
  Set: 859 Way: 0 Address: 0x15164d6e8
  Set: 859 Way: 1 Address: 0x3bcc0d6c0
  Set: 860 Way: 0 Address: 0x15164d714
  Set: 860 Way: 1 Address: 0x3bcc0d700
  Set: 861 Way: 0 Address: 0x15164d768
  Set: 861 Way: 1 Address: 0x3bcc0d740
  Set: 862 Way: 0 Address: 0x3bcc0d780
  Set: 863 Way: 0 Address: 0x15164d7e0
  Set: 863 Way: 1 Address: 0x3bcc0d7c0
  Set: 864 Way: 0 Address: 0x15164d800
  Set: 864 Way: 1 Address: 0x3bcc0d800
  Set: 865 Way: 0 Address: 0x3bcc0d840
  Set: 866 Way: 0 Address: 0x3bcc0d880
  Set: 867 Way: 0 Address: 0x3bcc0d8c0
  Set: 868 Way: 0 Address: 0x15164d920
  Set: 868 Way: 1 Address: 0x3bcc0d900
  Set: 869 Way: 0 Address: 0x15164d940
  Set: 869 Way: 1 Address: 0x3bcc0d940
  Set: 870 Way: 0 Address: 0x15164d980
  Set: 870 Way: 1 Address: 0x3bcc0d980
  Set: 871 Way: 0 Address: 0x15164d9c0
  Set: 871 Way: 1 Address: 0x3bcc0d9c0
  Set: 872 Way: 0 Address: 0x15164da00
  Set: 872 Way: 1 Address: 0x3bcc0da00
  Set: 873 Way: 0 Address: 0x15164da40
  Set: 873 Way: 1 Address: 0x3bcc0da40
  Set: 874 Way: 0 Address: 0x15164da80
  Set: 874 Way: 1 Address: 0x3bcc0da80
  Set: 875 Way: 0 Address: 0x15164dac0
  Set: 875 Way: 1 Address: 0x3bcc0dac0
  Set: 876 Way: 0 Address: 0x15164db00
  Set: 876 Way: 1 Address: 0x3bcc0db00
  Set: 877 Way: 0 Address: 0x15164db40
  Set: 877 Way: 1 Address: 0x3bcc0db40
  Set: 878 Way: 0 Address: 0x15164db80
  Set: 878 Way: 1 Address: 0x3bcc0db80
  Set: 879 Way: 0 Address: 0x15164dbc0
  Set: 879 Way: 1 Address: 0x3bcc0dbc0
  Set: 880 Way: 0 Address: 0x15164dc00
  Set: 880 Way: 1 Address: 0x3bcc0dc00
  Set: 881 Way: 0 Address: 0x15164dc40
  Set: 881 Way: 1 Address: 0x3bcc0dc40
  Set: 882 Way: 0 Address: 0x15164dc80
  Set: 882 Way: 1 Address: 0x3bcc0dc80
  Set: 883 Way: 0 Address: 0x15164dcc0
  Set: 883 Way: 1 Address: 0x3bcc0dcc0
  Set: 884 Way: 0 Address: 0x15164dd00
  Set: 884 Way: 1 Address: 0x3bcc0dd00
  Set: 885 Way: 0 Address: 0x15164dd40
  Set: 885 Way: 1 Address: 0x3bcc0dd40
  Set: 886 Way: 0 Address: 0x15164dd80
  Set: 886 Way: 1 Address: 0x3bcc0dd80
  Set: 887 Way: 0 Address: 0x15164ddc0
  Set: 887 Way: 1 Address: 0x3bcc0ddc0
  Set: 888 Way: 0 Address: 0x15164de00
  Set: 888 Way: 1 Address: 0x3bcc0de00
  Set: 889 Way: 0 Address: 0x15164de40
  Set: 889 Way: 1 Address: 0x3bcc0de40
  Set: 890 Way: 0 Address: 0x15164de80
  Set: 890 Way: 1 Address: 0x3bcc0de80
  Set: 891 Way: 0 Address: 0x15164dec0
  Set: 891 Way: 1 Address: 0x3bcc0dec0
  Set: 892 Way: 0 Address: 0x15164df00
  Set: 892 Way: 1 Address: 0x3bcc0df00
  Set: 893 Way: 0 Address: 0x15164df40
  Set: 893 Way: 1 Address: 0x3bcc0df40
  Set: 894 Way: 0 Address: 0x15164df80
  Set: 894 Way: 1 Address: 0x3bcc0df80
  Set: 895 Way: 0 Address: 0x15164dfc0
  Set: 895 Way: 1 Address: 0x3bcc0dfc0
  Set: 896 Way: 0 Address: 0x15164e000
  Set: 897 Way: 0 Address: 0x15164e040
  Set: 898 Way: 0 Address: 0x15164e080
  Set: 899 Way: 0 Address: 0x15164e0c0
  Set: 900 Way: 0 Address: 0x15164e100
  Set: 901 Way: 0 Address: 0x3734ee158
  Set: 901 Way: 1 Address: 0x15164e140
  Set: 902 Way: 0 Address: 0x15164e180
  Set: 903 Way: 0 Address: 0x15164e1c0
  Set: 918 Way: 0 Address: 0x2f5d8e5b8
  Set: 918 Way: 1 Address: 0x1c084e5b8
  Set: 919 Way: 0 Address: 0x2f5d8e5c0
  Set: 926 Way: 0 Address: 0x7d0ee7a0
  Set: 927 Way: 0 Address: 0x7d0ee7c3
  Set: 928 Way: 0 Address: 0x7d0ee800
  Set: 929 Way: 0 Address: 0x7d0ee841
  Set: 930 Way: 0 Address: 0x7d0ee885
  Set: 935 Way: 0 Address: 0x7d0ee9f0
  Set: 936 Way: 0 Address: 0x7d0eea02
  Set: 937 Way: 0 Address: 0x7d0eea40
  Set: 938 Way: 0 Address: 0x7d0eea80
  Set: 991 Way: 0 Address: 0x22272f7d0
  Set: 992 Way: 0 Address: 0x22272f804
  Set: 993 Way: 0 Address: 0x22272f840
  Set: 1012 Way: 0 Address: 0x23756fd30
  Set: 1013 Way: 0 Address: 0x143efd78
  Set: 1013 Way: 1 Address: 0x23756fd50
  Set: 1016 Way: 0 Address: 0xee86fe38
  Set: 1019 Way: 0 Address: 0x143efec0
  Set: 1019 Way: 1 Address: 0x23756fee0
  Set: 1026 Way: 0 Address: 0x2177f0090
  Set: 1028 Way: 0 Address: 0x168ef0110
  Set: 1029 Way: 0 Address: 0x168ef0140
  Set: 1030 Way: 0 Address: 0x168ef01a0
  Set: 1031 Way: 0 Address: 0x168ef01c0
  Set: 1075 Way: 0 Address: 0x14bb10ce0
  Set: 1076 Way: 0 Address: 0x14bb10d00
  Set: 1077 Way: 0 Address: 0x14bb10d40
  Set: 1078 Way: 0 Address: 0x14bb10d80
  Set: 1093 Way: 0 Address: 0x19c791160
  Set: 1095 Way: 0 Address: 0x19c7911f0
  Set: 1147 Way: 0 Address: 0x260091ee0
  Set: 1152 Way: 0 Address: 0x9cff2000
  Set: 1152 Way: 1 Address: 0x1995f2000
  Set: 1153 Way: 0 Address: 0x9cff2041
  Set: 1153 Way: 1 Address: 0x1995f2040
  Set: 1154 Way: 0 Address: 0x9cff2080
  Set: 1154 Way: 1 Address: 0x1995f2080
  Set: 1155 Way: 0 Address: 0x9cff20f4
  Set: 1155 Way: 1 Address: 0x1995f20c0
  Set: 1156 Way: 0 Address: 0x9cff2104
  Set: 1156 Way: 1 Address: 0x1995f2100
  Set: 1157 Way: 0 Address: 0x1995f2140
  Set: 1158 Way: 0 Address: 0x1995f2180
  Set: 1159 Way: 0 Address: 0x9cff21c0
  Set: 1159 Way: 1 Address: 0x1995f21c0
  Set: 1160 Way: 0 Address: 0x9cff2203
  Set: 1160 Way: 1 Address: 0x1995f2200
  Set: 1161 Way: 0 Address: 0x9cff2240
  Set: 1161 Way: 1 Address: 0x1995f2240
  Set: 1162 Way: 0 Address: 0x9cff2284
  Set: 1162 Way: 1 Address: 0x1995f2280
  Set: 1163 Way: 0 Address: 0x9cff22c0
  Set: 1163 Way: 1 Address: 0x1995f22c0
  Set: 1164 Way: 0 Address: 0x9cff2300
  Set: 1164 Way: 1 Address: 0x1995f2300
  Set: 1165 Way: 0 Address: 0x1995f2340
  Set: 1166 Way: 0 Address: 0x1995f2380
  Set: 1167 Way: 0 Address: 0x1995f23c0
  Set: 1168 Way: 0 Address: 0x1995f2400
  Set: 1169 Way: 0 Address: 0x1995f2440
  Set: 1170 Way: 0 Address: 0x1995f2480
  Set: 1171 Way: 0 Address: 0x1995f24c0
  Set: 1172 Way: 0 Address: 0x1995f2500
  Set: 1173 Way: 0 Address: 0x1995f2540
  Set: 1174 Way: 0 Address: 0x1995f2580
  Set: 1175 Way: 0 Address: 0x1995f25c0
  Set: 1176 Way: 0 Address: 0x1995f2600
  Set: 1177 Way: 0 Address: 0x1995f2640
  Set: 1178 Way: 0 Address: 0x1995f2680
  Set: 1179 Way: 0 Address: 0x1995f26c0
  Set: 1180 Way: 0 Address: 0x1995f2700
  Set: 1181 Way: 0 Address: 0x1995f2740
  Set: 1182 Way: 0 Address: 0x1995f2780
  Set: 1183 Way: 0 Address: 0x1995f27f0
  Set: 1183 Way: 1 Address: 0x1c65327d0
  Set: 1184 Way: 0 Address: 0x1995f2800
  Set: 1184 Way: 1 Address: 0x1c6532804
  Set: 1185 Way: 0 Address: 0x1995f2840
  Set: 1185 Way: 1 Address: 0x31be12860
  Set: 1185 Way: 2 Address: 0x1c6532840
  Set: 1186 Way: 0 Address: 0x1995f2880
  Set: 1186 Way: 1 Address: 0x1c6532882
  Set: 1187 Way: 0 Address: 0x1995f28c8
  Set: 1187 Way: 1 Address: 0x1c65328c1
  Set: 1188 Way: 0 Address: 0x1995f2900
  Set: 1188 Way: 1 Address: 0x1c6532900
  Set: 1189 Way: 0 Address: 0x1995f2940
  Set: 1189 Way: 1 Address: 0x1c6532940
  Set: 1190 Way: 0 Address: 0x1995f29a0
  Set: 1190 Way: 1 Address: 0x1c6532980
  Set: 1191 Way: 0 Address: 0x1995f29c0
  Set: 1191 Way: 1 Address: 0x23a6129e8
  Set: 1192 Way: 0 Address: 0x1995f2a00
  Set: 1193 Way: 0 Address: 0x1995f2a78
  Set: 1194 Way: 0 Address: 0x1995f2a80
  Set: 1194 Way: 1 Address: 0xa3a52a88
  Set: 1195 Way: 0 Address: 0x1995f2ac0
  Set: 1196 Way: 0 Address: 0x1995f2b00
  Set: 1197 Way: 0 Address: 0x1995f2b50
  Set: 1198 Way: 0 Address: 0x1995f2b80
  Set: 1199 Way: 0 Address: 0x1995f2bc0
  Set: 1200 Way: 0 Address: 0x1995f2c28
  Set: 1201 Way: 0 Address: 0x1995f2c40
  Set: 1201 Way: 1 Address: 0x1fd412c50
  Set: 1202 Way: 0 Address: 0x1995f2c80
  Set: 1203 Way: 0 Address: 0x1995f2cc0
  Set: 1203 Way: 1 Address: 0x3bdb2cf0
  Set: 1204 Way: 0 Address: 0x1995f2d00
  Set: 1204 Way: 1 Address: 0x62d12d30
  Set: 1204 Way: 2 Address: 0xa3a52d30
  Set: 1205 Way: 0 Address: 0x1995f2d40
  Set: 1206 Way: 0 Address: 0x1995f2d80
  Set: 1207 Way: 0 Address: 0x1995f2dd8
  Set: 1208 Way: 0 Address: 0x1995f2e00
  Set: 1208 Way: 1 Address: 0x2b2e92e00
  Set: 1209 Way: 0 Address: 0x1995f2e40
  Set: 1209 Way: 1 Address: 0x2b2e92e40
  Set: 1210 Way: 0 Address: 0x1995f2e80
  Set: 1210 Way: 1 Address: 0x133c92e80
  Set: 1211 Way: 0 Address: 0x133c92ec0
  Set: 1211 Way: 1 Address: 0x1995f2ec0
  Set: 1212 Way: 0 Address: 0x1995f2f00
  Set: 1212 Way: 1 Address: 0x133c92f00
  Set: 1213 Way: 0 Address: 0x1995f2f40
  Set: 1213 Way: 1 Address: 0x133c92f40
  Set: 1214 Way: 0 Address: 0x1995f2f80
  Set: 1214 Way: 1 Address: 0x133c92fb0
  Set: 1215 Way: 0 Address: 0x1995f2fc0
  Set: 1215 Way: 1 Address: 0x133c92fc2
  Set: 1216 Way: 0 Address: 0x1995f3000
  Set: 1216 Way: 1 Address: 0x2b2e93000
  Set: 1216 Way: 2 Address: 0x190973020
  Set: 1217 Way: 0 Address: 0x2b2e93040
  Set: 1217 Way: 1 Address: 0x1995f3040
  Set: 1218 Way: 0 Address: 0x2b2e930b8
  Set: 1218 Way: 1 Address: 0x1995f3080
  Set: 1219 Way: 0 Address: 0x2b2e930c0
  Set: 1220 Way: 0 Address: 0x2b2e93110
  Set: 1221 Way: 0 Address: 0x2b2e93140
  Set: 1222 Way: 0 Address: 0x2b2e93188
  Set: 1223 Way: 0 Address: 0x2b2e931c0
  Set: 1224 Way: 0 Address: 0x2b2e93200
  Set: 1225 Way: 0 Address: 0x2b2e93240
  Set: 1226 Way: 0 Address: 0x2b2e93280
  Set: 1226 Way: 1 Address: 0x190973280
  Set: 1227 Way: 0 Address: 0x2b2e932c0
  Set: 1228 Way: 0 Address: 0x2b2e93300
  Set: 1228 Way: 1 Address: 0x257713330
  Set: 1229 Way: 0 Address: 0x2b2e93340
  Set: 1230 Way: 0 Address: 0x2b2e93380
  Set: 1237 Way: 0 Address: 0x2b2e93540
  Set: 1238 Way: 0 Address: 0x2b2e93580
  Set: 1239 Way: 0 Address: 0x2b2e935c0
  Set: 1246 Way: 0 Address: 0x2b2e93780
  Set: 1247 Way: 0 Address: 0x3c56b37f8
  Set: 1247 Way: 1 Address: 0x2b2e937c0
  Set: 1248 Way: 0 Address: 0x2b2e93800
  Set: 1249 Way: 0 Address: 0x2b2e93840
  Set: 1256 Way: 0 Address: 0x34a873a28
  Set: 1257 Way: 0 Address: 0x34a873a50
  Set: 1258 Way: 0 Address: 0x34a873a80
  Set: 1260 Way: 0 Address: 0x3232f3b00
  Set: 1261 Way: 0 Address: 0x34a873b40
  Set: 1261 Way: 1 Address: 0x3232f3b40
  Set: 1264 Way: 0 Address: 0xd78d3c38
  Set: 1266 Way: 0 Address: 0x34a873cbc
  Set: 1267 Way: 0 Address: 0x34a873cd4
  Set: 1268 Way: 0 Address: 0x3232f3d30
  Set: 1268 Way: 1 Address: 0x34a873d04
  Set: 1269 Way: 0 Address: 0x34a873d78
  Set: 1270 Way: 0 Address: 0x34a873db0
  Set: 1270 Way: 1 Address: 0x3232f3db0
  Set: 1271 Way: 0 Address: 0x3232f3de0
  Set: 1272 Way: 0 Address: 0x34a873e28
  Set: 1273 Way: 0 Address: 0x257713e50
  Set: 1273 Way: 1 Address: 0x34a873e54
  Set: 1274 Way: 0 Address: 0x3232f3e90
  Set: 1275 Way: 0 Address: 0x3232f3ec0
  Set: 1276 Way: 0 Address: 0x34a873f00
  Set: 1277 Way: 0 Address: 0x3232f3f40
  Set: 1304 Way: 0 Address: 0x129934600
  Set: 1307 Way: 0 Address: 0x1299346c0
  Set: 1308 Way: 0 Address: 0x129934704
  Set: 1309 Way: 0 Address: 0x129934741
  Set: 1311 Way: 0 Address: 0x3de4d47d8
  Set: 1315 Way: 0 Address: 0x3c10748f0
  Set: 1316 Way: 0 Address: 0x3c1074900
  Set: 1318 Way: 0 Address: 0x3c10749a0
  Set: 1319 Way: 0 Address: 0x3c10749c0
  Set: 1320 Way: 0 Address: 0x3c1074a00
  Set: 1321 Way: 0 Address: 0x3c1074a40
  Set: 1327 Way: 0 Address: 0x3c1074bf0
  Set: 1328 Way: 0 Address: 0x3c1074c00
  Set: 1329 Way: 0 Address: 0x3c1074c40
  Set: 1330 Way: 0 Address: 0x3c1074c80
  Set: 1331 Way: 0 Address: 0x3c1074cc0
  Set: 1332 Way: 0 Address: 0x3c1074d00
  Set: 1333 Way: 0 Address: 0x3c1074d40
  Set: 1334 Way: 0 Address: 0x3c1074d80
  Set: 1335 Way: 0 Address: 0x3c1074dc0
  Set: 1336 Way: 0 Address: 0x3c1074e00
  Set: 1337 Way: 0 Address: 0x3de4d4e70
  Set: 1337 Way: 1 Address: 0x3c1074e40
  Set: 1338 Way: 0 Address: 0x3c1074e80
  Set: 1339 Way: 0 Address: 0x3c1074ec0
  Set: 1340 Way: 0 Address: 0x3c1074f00
  Set: 1344 Way: 0 Address: 0x195f15000
  Set: 1350 Way: 0 Address: 0x354d35190
  Set: 1389 Way: 0 Address: 0x1b0f15b70
  Set: 1408 Way: 0 Address: 0x84896018
  Set: 1416 Way: 0 Address: 0x696d6208
  Set: 1437 Way: 0 Address: 0x1aa7b6760
  Set: 1438 Way: 0 Address: 0x1aa7b6783
  Set: 1439 Way: 0 Address: 0x1aa7b67c0
  Set: 1440 Way: 0 Address: 0x1aa7b6800
  Set: 1442 Way: 0 Address: 0x1aa7b68a0
  Set: 1443 Way: 0 Address: 0x1aa7b68c2
  Set: 1461 Way: 0 Address: 0x211d16d78
  Set: 1470 Way: 0 Address: 0x43736fb0
  Set: 1477 Way: 0 Address: 0x12c077170
  Set: 1487 Way: 0 Address: 0x276ff73e0
  Set: 1506 Way: 0 Address: 0x112417890
  Set: 1507 Way: 0 Address: 0x1124178c2
  Set: 1508 Way: 0 Address: 0x112417900
  Set: 1509 Way: 0 Address: 0x112417940
  Set: 1510 Way: 0 Address: 0x112417981
  Set: 1511 Way: 0 Address: 0x1124179c0
  Set: 1512 Way: 0 Address: 0x112417a04
  Set: 1513 Way: 0 Address: 0x112417a40
  Set: 1514 Way: 0 Address: 0x2fbe97a88
  Set: 1514 Way: 1 Address: 0x112417a80
  Set: 1515 Way: 0 Address: 0x112417ac0
  Set: 1516 Way: 0 Address: 0x112417b00
  Set: 1517 Way: 0 Address: 0x112417b42
  Set: 1518 Way: 0 Address: 0x112417b80
  Set: 1519 Way: 0 Address: 0x112417bc0
  Set: 1520 Way: 0 Address: 0x112417c00
  Set: 1521 Way: 0 Address: 0x112417c40
  Set: 1522 Way: 0 Address: 0x112417c83
  Set: 1523 Way: 0 Address: 0x112417cc0
  Set: 1524 Way: 0 Address: 0x112417d01
  Set: 1525 Way: 0 Address: 0x112417d40
  Set: 1526 Way: 0 Address: 0x112417d81
  Set: 1527 Way: 0 Address: 0x112417dc4
  Set: 1528 Way: 0 Address: 0x112417e03
  Set: 1529 Way: 0 Address: 0x276ff7e50
  Set: 1529 Way: 1 Address: 0x112417e7c
  Set: 1530 Way: 0 Address: 0x112417e80
  Set: 1531 Way: 0 Address: 0x112417ec0
  Set: 1532 Way: 0 Address: 0x112417f00
  Set: 1533 Way: 0 Address: 0x112417f40
  Set: 1534 Way: 0 Address: 0x112417f80
  Set: 1535 Way: 0 Address: 0x112417fc0
  Set: 1538 Way: 0 Address: 0x201598090
  Set: 1542 Way: 0 Address: 0xc7078188
  Set: 1543 Way: 0 Address: 0x3bdd781f8
  Set: 1550 Way: 0 Address: 0x3bdd78380
  Set: 1567 Way: 0 Address: 0x3bdd787fc
  Set: 1569 Way: 0 Address: 0x3bdd78840
  Set: 1571 Way: 0 Address: 0x3bdd788fc
  Set: 1572 Way: 0 Address: 0x3bdd78928
  Set: 1574 Way: 0 Address: 0x3bdd7899c
  Set: 1579 Way: 0 Address: 0x3bdd78ac4
  Set: 1580 Way: 0 Address: 0x3bdd78b20
  Set: 1583 Way: 0 Address: 0x3bdd78bf8
  Set: 1584 Way: 0 Address: 0x3bdd78c04
  Set: 1585 Way: 0 Address: 0x3fe58c50
  Set: 1586 Way: 0 Address: 0x3bdd78ca8
  Set: 1586 Way: 1 Address: 0x3fe58c80
  Set: 1587 Way: 0 Address: 0x3bdd78ccc
  Set: 1587 Way: 1 Address: 0x3fe58cc0
  Set: 1588 Way: 0 Address: 0x3fe58d00
  Set: 1589 Way: 0 Address: 0x2c9898d48
  Set: 1589 Way: 1 Address: 0x3fe58d40
  Set: 1589 Way: 2 Address: 0x2db378d40
  Set: 1590 Way: 0 Address: 0x3fe58d80
  Set: 1590 Way: 1 Address: 0x2db378db0
  Set: 1591 Way: 0 Address: 0x3bdd78dc0
  Set: 1591 Way: 1 Address: 0x3fe58dc0
  Set: 1592 Way: 0 Address: 0x3fe58e00
  Set: 1593 Way: 0 Address: 0x3bdd78e78
  Set: 1593 Way: 1 Address: 0x3fe58e40
  Set: 1594 Way: 0 Address: 0x3fe58e80
  Set: 1595 Way: 0 Address: 0x3fe58ec0
  Set: 1599 Way: 0 Address: 0x2db378fe0
  Set: 1602 Way: 0 Address: 0x8a5790b0
  Set: 1606 Way: 0 Address: 0x292959180
  Set: 1606 Way: 1 Address: 0x3120991a8
  Set: 1608 Way: 0 Address: 0x312099220
  Set: 1620 Way: 0 Address: 0x8a579500
  Set: 1638 Way: 0 Address: 0x7b4799b8
  Set: 1642 Way: 0 Address: 0x379d39a90
  Set: 1650 Way: 0 Address: 0x7b479c98
  Set: 1652 Way: 0 Address: 0x379d39d38
  Set: 1655 Way: 0 Address: 0x16a859dc0
  Set: 1656 Way: 0 Address: 0x16a859e37
  Set: 1657 Way: 0 Address: 0x16a859e42
  Set: 1658 Way: 0 Address: 0x16a859e80
  Set: 1672 Way: 0 Address: 0xc67da230
  Set: 1673 Way: 0 Address: 0xc67da250
  Set: 1674 Way: 0 Address: 0xc67da280
  Set: 1675 Way: 0 Address: 0xc67da2c0
  Set: 1678 Way: 0 Address: 0xc67da3a8
  Set: 1679 Way: 0 Address: 0x223eda3e0
  Set: 1679 Way: 1 Address: 0xc67da3c8
  Set: 1679 Way: 2 Address: 0x1132fa3e8
  Set: 1683 Way: 0 Address: 0xc67da4e0
  Set: 1684 Way: 0 Address: 0xc67da508
  Set: 1685 Way: 0 Address: 0xc67da540
  Set: 1695 Way: 0 Address: 0x223eda7d8
  Set: 1700 Way: 0 Address: 0xc67da928
  Set: 1701 Way: 0 Address: 0xc67da940
  Set: 1702 Way: 0 Address: 0xc67da998
  Set: 1704 Way: 0 Address: 0x18db7aa08
  Set: 1713 Way: 0 Address: 0xc67dac60
  Set: 1714 Way: 0 Address: 0xc67dac88
  Set: 1716 Way: 0 Address: 0x1e561ad38
  Set: 1717 Way: 0 Address: 0xc67dad50
  Set: 1717 Way: 1 Address: 0x18db7ad70
  Set: 1718 Way: 0 Address: 0xc67dad80
  Set: 1719 Way: 0 Address: 0xc67dadc0
  Set: 1720 Way: 0 Address: 0xc67dae28
  Set: 1721 Way: 0 Address: 0x1d89dae78
  Set: 1721 Way: 1 Address: 0xc67dae40
  Set: 1722 Way: 0 Address: 0xc67dae80
  Set: 1723 Way: 0 Address: 0xc67daec0
  Set: 1735 Way: 0 Address: 0xcf83b1e8
  Set: 1736 Way: 0 Address: 0xcf83b220
  Set: 1780 Way: 0 Address: 0x3b377bd38
  Set: 1780 Way: 1 Address: 0x394edbd20
  Set: 1781 Way: 0 Address: 0x394edbd40
  Set: 1781 Way: 1 Address: 0x3b377bd68
  Set: 1781 Way: 2 Address: 0xc0d9bd58
  Set: 1782 Way: 0 Address: 0x394edbd80
  Set: 1783 Way: 0 Address: 0x394edbdc0
  Set: 1784 Way: 0 Address: 0x394edbe00
  Set: 1786 Way: 0 Address: 0x36889beb8
  Set: 1787 Way: 0 Address: 0x36889bed8
  Set: 1792 Way: 0 Address: 0xdf85c000
  Set: 1792 Way: 1 Address: 0x12c6fc000
  Set: 1793 Way: 0 Address: 0x12c6fc040
  Set: 1794 Way: 0 Address: 0x12c6fc080
  Set: 1795 Way: 0 Address: 0x12c6fc0c0
  Set: 1796 Way: 0 Address: 0x12c6fc100
  Set: 1797 Way: 0 Address: 0x38e35c140
  Set: 1797 Way: 1 Address: 0x12c6fc140
  Set: 1798 Way: 0 Address: 0x12c6fc188
  Set: 1799 Way: 0 Address: 0x12c6fc1c0
  Set: 1800 Way: 0 Address: 0x12c6fc200
  Set: 1801 Way: 0 Address: 0x12c6fc240
  Set: 1802 Way: 0 Address: 0x12c6fc280
  Set: 1803 Way: 0 Address: 0x12c6fc2c0
  Set: 1804 Way: 0 Address: 0x12c6fc300
  Set: 1805 Way: 0 Address: 0x12c6fc340
  Set: 1806 Way: 0 Address: 0x12c6fc380
  Set: 1807 Way: 0 Address: 0x12c6fc3c0
  Set: 1808 Way: 0 Address: 0x12c6fc410
  Set: 1809 Way: 0 Address: 0x12c6fc440
  Set: 1810 Way: 0 Address: 0x12c6fc480
  Set: 1811 Way: 0 Address: 0x12c6fc4c0
  Set: 1812 Way: 0 Address: 0x12c6fc500
  Set: 1813 Way: 0 Address: 0x12c6fc540
  Set: 1814 Way: 0 Address: 0x12c6fc580
  Set: 1814 Way: 1 Address: 0x4dd9c5a8
  Set: 1815 Way: 0 Address: 0x12c6fc5c0
  Set: 1816 Way: 0 Address: 0x12c6fc600
  Set: 1817 Way: 0 Address: 0x12c6fc640
  Set: 1818 Way: 0 Address: 0x12c6fc698
  Set: 1819 Way: 0 Address: 0x12c6fc6c0
  Set: 1820 Way: 0 Address: 0x12c6fc700
  Set: 1821 Way: 0 Address: 0x12c6fc750
  Set: 1822 Way: 0 Address: 0x12c6fc780
  Set: 1823 Way: 0 Address: 0x12c6fc7c0
  Set: 1824 Way: 0 Address: 0x12c6fc800
  Set: 1825 Way: 0 Address: 0x12c6fc840
  Set: 1826 Way: 0 Address: 0x12c6fc880
  Set: 1827 Way: 0 Address: 0x12c6fc8c0
  Set: 1828 Way: 0 Address: 0x12c6fc920
  Set: 1829 Way: 0 Address: 0x12c6fc940
  Set: 1830 Way: 0 Address: 0x12c6fc980
  Set: 1831 Way: 0 Address: 0x12c6fc9c0
  Set: 1832 Way: 0 Address: 0x12c6fca08
  Set: 1833 Way: 0 Address: 0x12c6fca40
  Set: 1834 Way: 0 Address: 0x12c6fca80
  Set: 1835 Way: 0 Address: 0x12c6fcac0
  Set: 1836 Way: 0 Address: 0x12c6fcb00
  Set: 1837 Way: 0 Address: 0x12c6fcb40
  Set: 1838 Way: 0 Address: 0x12c6fcba8
  Set: 1839 Way: 0 Address: 0x12c6fcbc0
  Set: 1840 Way: 0 Address: 0x12c6fcc00
  Set: 1841 Way: 0 Address: 0x12c6fcc40
  Set: 1842 Way: 0 Address: 0x12c6fcc88
  Set: 1843 Way: 0 Address: 0x12c6fccc0
  Set: 1844 Way: 0 Address: 0x12c6fcd00
  Set: 1845 Way: 0 Address: 0x12c6fcd40
  Set: 1846 Way: 0 Address: 0x12c6fcd80
  Set: 1847 Way: 0 Address: 0x12c6fcdc0
  Set: 1848 Way: 0 Address: 0x12c6fce30
  Set: 1849 Way: 0 Address: 0x12c6fce40
  Set: 1850 Way: 0 Address: 0x12c6fce80
  Set: 1851 Way: 0 Address: 0x12c6fced0
  Set: 1852 Way: 0 Address: 0x12c6fcf00
  Set: 1853 Way: 0 Address: 0x12c6fcf40
  Set: 1854 Way: 0 Address: 0x12c6fcf80
  Set: 1855 Way: 0 Address: 0x12c6fcfc0
  Set: 1856 Way: 0 Address: 0x12c6fd000
  Set: 1857 Way: 0 Address: 0x12c6fd040
  Set: 1858 Way: 0 Address: 0x12c6fd080
  Set: 1859 Way: 0 Address: 0x12c6fd0c0
  Set: 1866 Way: 0 Address: 0x12c6fd280
  Set: 1867 Way: 0 Address: 0x12c6fd2c0
  Set: 1868 Way: 0 Address: 0x12c6fd300
  Set: 1869 Way: 0 Address: 0x12c6fd340
  Set: 1875 Way: 0 Address: 0x23755d4c0
  Set: 1875 Way: 1 Address: 0xe51bd4f8
  Set: 1876 Way: 0 Address: 0x23755d500
  Set: 1876 Way: 1 Address: 0x12c6fd500
  Set: 1876 Way: 2 Address: 0xe51bd500
  Set: 1877 Way: 0 Address: 0x23755d540
  Set: 1878 Way: 0 Address: 0x23755d580
  Set: 1881 Way: 0 Address: 0x1add670
  Set: 1882 Way: 0 Address: 0x1add682
  Set: 1883 Way: 0 Address: 0x1add6c3
  Set: 1884 Way: 0 Address: 0x1add700
  Set: 1885 Way: 0 Address: 0x1add740
  Set: 1886 Way: 0 Address: 0x1add780
  Set: 1888 Way: 0 Address: 0x1add81a
  Set: 1889 Way: 0 Address: 0x1add840
  Set: 1890 Way: 0 Address: 0x1add8bb
  Set: 1891 Way: 0 Address: 0x1add8c3
  Set: 1891 Way: 1 Address: 0x23755d8f0
  Set: 1891 Way: 2 Address: 0x3d747d8c8
  Set: 1892 Way: 0 Address: 0x1add918
  Set: 1892 Way: 1 Address: 0x23755d927
  Set: 1893 Way: 0 Address: 0x1add940
  Set: 1893 Way: 1 Address: 0x23755d94a
  Set: 1894 Way: 0 Address: 0x23755d989
  Set: 1920 Way: 0 Address: 0x28b67e000
  Set: 1920 Way: 1 Address: 0x1f919e010
  Set: 1922 Way: 0 Address: 0x1f919e098
  Set: 1924 Way: 0 Address: 0x108ede130
  Set: 1930 Way: 0 Address: 0x2dee5e280
  Set: 1931 Way: 0 Address: 0x2dee5e2c0
  Set: 1934 Way: 0 Address: 0x2dee5e380
  Set: 1935 Way: 0 Address: 0x2dee5e3c0
  Set: 1936 Way: 0 Address: 0x2c077e408
  Set: 1936 Way: 1 Address: 0x2dee5e400
  Set: 1937 Way: 0 Address: 0x2c077e470
  Set: 1937 Way: 1 Address: 0x2dee5e440
  Set: 1938 Way: 0 Address: 0x2c077e4b8
  Set: 1938 Way: 1 Address: 0x2dee5e480
  Set: 1939 Way: 0 Address: 0x2c077e4d8
  Set: 1939 Way: 1 Address: 0x2dee5e4c0
  Set: 1940 Way: 0 Address: 0x2dee5e500
  Set: 1941 Way: 0 Address: 0x2dee5e540
  Set: 1942 Way: 0 Address: 0x2c077e580
  Set: 1942 Way: 1 Address: 0x2dee5e580
  Set: 1943 Way: 0 Address: 0x2dee5e5c0
  Set: 1944 Way: 0 Address: 0x2c077e608
  Set: 1944 Way: 1 Address: 0x2dee5e600
  Set: 1945 Way: 0 Address: 0x2dee5e640
  Set: 1946 Way: 0 Address: 0x2dee5e680
  Set: 1947 Way: 0 Address: 0x2dee5e6c0
  Set: 1948 Way: 0 Address: 0x2dee5e700
  Set: 1949 Way: 0 Address: 0x2dee5e740
  Set: 1950 Way: 0 Address: 0x2dee5e780
  Set: 1951 Way: 0 Address: 0x28b67e7f8
  Set: 1951 Way: 1 Address: 0x2dee5e7c0
  Set: 1952 Way: 0 Address: 0x2dee5e800
  Set: 1953 Way: 0 Address: 0x2dee5e840
  Set: 1954 Way: 0 Address: 0x2dee5e880
  Set: 1955 Way: 0 Address: 0x2dee5e8c0
  Set: 1956 Way: 0 Address: 0x2dee5e900
  Set: 1957 Way: 0 Address: 0x2dee5e940
  Set: 1958 Way: 0 Address: 0x2dee5e980
  Set: 1959 Way: 0 Address: 0x2dee5e9c0
  Set: 1960 Way: 0 Address: 0x2dee5ea00
  Set: 1961 Way: 0 Address: 0x2dee5ea40
  Set: 1962 Way: 0 Address: 0x2dee5ea80
  Set: 1963 Way: 0 Address: 0x2dee5eac0
  Set: 1964 Way: 0 Address: 0x2dee5eb00
  Set: 1965 Way: 0 Address: 0x2dee5eb40
  Set: 1966 Way: 0 Address: 0x2dee5eb80
  Set: 1967 Way: 0 Address: 0x2dee5ebc0
  Set: 1968 Way: 0 Address: 0x2dee5ec00
  Set: 1969 Way: 0 Address: 0x2dee5ec40
  Set: 1970 Way: 0 Address: 0x20597ec80
  Set: 1970 Way: 1 Address: 0x108edec98
  Set: 1970 Way: 2 Address: 0x2dee5ec80
  Set: 1971 Way: 0 Address: 0x20597ecd8
  Set: 1971 Way: 1 Address: 0x2dee5ecc0
  Set: 1972 Way: 0 Address: 0x20597ed00
  Set: 1972 Way: 1 Address: 0x2dee5ed00
  Set: 1973 Way: 0 Address: 0x2db79ed40
  Set: 1973 Way: 1 Address: 0x20597ed40
  Set: 1973 Way: 2 Address: 0x2dee5ed40
  Set: 1974 Way: 0 Address: 0x2dee5ed80
  Set: 1975 Way: 0 Address: 0x2dee5edc0
  Set: 1976 Way: 0 Address: 0x2dee5ee00
  Set: 1977 Way: 0 Address: 0x2dee5ee40
  Set: 1978 Way: 0 Address: 0x2dee5ee80
  Set: 1979 Way: 0 Address: 0x2dee5eec0
  Set: 1980 Way: 0 Address: 0x2dee5ef00
  Set: 1981 Way: 0 Address: 0x2dee5ef40
  Set: 1982 Way: 0 Address: 0x2dee5ef80
  Set: 1983 Way: 0 Address: 0x2dee5efc0
  Set: 1984 Way: 0 Address: 0x2dee5f000
  Set: 1985 Way: 0 Address: 0x2dee5f040
  Set: 1986 Way: 0 Address: 0x2dee5f080
  Set: 1987 Way: 0 Address: 0x2dee5f0c0
  Set: 1988 Way: 0 Address: 0x2dee5f100
  Set: 1989 Way: 0 Address: 0x2dee5f140
  Set: 1990 Way: 0 Address: 0x2dee5f180
  Set: 1991 Way: 0 Address: 0x2dee5f1c0
  Set: 1992 Way: 0 Address: 0x2dee5f200
  Set: 1993 Way: 0 Address: 0x2dee5f240
  Set: 1995 Way: 0 Address: 0x2dee5f2c0
  Set: 2021 Way: 0 Address: 0x3567df940
  Set: 2022 Way: 0 Address: 0x3567df980
  Set: 2023 Way: 0 Address: 0x3567df9c0
  Set: 2024 Way: 0 Address: 0x3567dfa00
EndCache
