Cache: cpu0_STLB
  Set: 38 Way: 0 Address: 0x20a6f80
  Set: 39 Way: 0 Address: 0x20a70a4
  Set: 40 Way: 0 Address: 0x20a81b4
  Set: 41 Way: 0 Address: 0x20a92c4
  Set: 42 Way: 0 Address: 0x20aa3d4
  Set: 43 Way: 0 Address: 0x20ab4e4
  Set: 44 Way: 0 Address: 0x20ac5f4
  Set: 45 Way: 0 Address: 0x20ad704
  Set: 46 Way: 0 Address: 0x20ae814
  Set: 47 Way: 0 Address: 0x20af924
  Set: 48 Way: 0 Address: 0x730650
  Set: 48 Way: 1 Address: 0x20b0a34
  Set: 49 Way: 0 Address: 0x20b1b44
  Set: 50 Way: 0 Address: 0x20b2c54
  Set: 51 Way: 0 Address: 0x20b3d60
  Set: 52 Way: 0 Address: 0x20b4e70
  Set: 53 Way: 0 Address: 0x7fff6ec35f58
  Set: 53 Way: 1 Address: 0x20b5f80
  Set: 54 Way: 0 Address: 0x7fff6ec361c0
  Set: 54 Way: 1 Address: 0x20b6000
  Set: 55 Way: 0 Address: 0x20b7090
  Set: 65 Way: 0 Address: 0x441446
  Set: 96 Way: 0 Address: 0x4608a0
  Set: 96 Way: 1 Address: 0x2960eca
  Set: 97 Way: 0 Address: 0x7618c8
  Set: 97 Way: 1 Address: 0x2961036
  Set: 98 Way: 0 Address: 0x2962e74
  Set: 99 Way: 0 Address: 0x296312a
  Set: 109 Way: 0 Address: 0x1d6d444
  Set: 110 Way: 0 Address: 0x1d6e554
  Set: 112 Way: 0 Address: 0x1d709a0
EndCache
Cache: cpu0_L2C
  Set: 0 Way: 0 Address: 0x14bb10000
  Set: 2 Way: 0 Address: 0x2177f00a4
  Set: 3 Way: 0 Address: 0x2177f00c0
  Set: 4 Way: 0 Address: 0x2177f0100
  Set: 5 Way: 0 Address: 0x2177f0140
  Set: 6 Way: 0 Address: 0x2177f0180
  Set: 7 Way: 0 Address: 0x2177f01c0
  Set: 8 Way: 0 Address: 0x2177f0200
  Set: 9 Way: 0 Address: 0x2177f0240
  Set: 19 Way: 0 Address: 0x342b404e4
  Set: 20 Way: 0 Address: 0x342b40500
  Set: 21 Way: 0 Address: 0x342b40540
  Set: 22 Way: 0 Address: 0x28a9405b0
  Set: 22 Way: 1 Address: 0x342b40580
  Set: 23 Way: 0 Address: 0x342b405c0
  Set: 24 Way: 0 Address: 0x342b40600
  Set: 25 Way: 0 Address: 0x342b40640
  Set: 26 Way: 0 Address: 0x342b40680
  Set: 53 Way: 0 Address: 0x6e620d60
  Set: 54 Way: 0 Address: 0x6e620d80
  Set: 55 Way: 0 Address: 0x6e620dc0
  Set: 56 Way: 0 Address: 0x6e620e00
  Set: 57 Way: 0 Address: 0x6e620e40
  Set: 58 Way: 0 Address: 0x6e620e80
  Set: 59 Way: 0 Address: 0x6e620ec0
  Set: 60 Way: 0 Address: 0x6e620f00
  Set: 62 Way: 0 Address: 0x14bb10f80
  Set: 63 Way: 0 Address: 0x14bb10fc0
  Set: 66 Way: 0 Address: 0xf6e810bc
  Set: 67 Way: 0 Address: 0xf6e810c0
  Set: 72 Way: 0 Address: 0xf6e81216
  Set: 77 Way: 0 Address: 0xf6e81376
  Set: 78 Way: 0 Address: 0xf6e81380
  Set: 83 Way: 0 Address: 0xf6e814d6
  Set: 88 Way: 0 Address: 0xf6e81638
  Set: 89 Way: 0 Address: 0xf6e81642
  Set: 92 Way: 0 Address: 0xf6e81700
  Set: 94 Way: 0 Address: 0xf6e81796
  Set: 97 Way: 0 Address: 0xf6e81840
  Set: 98 Way: 0 Address: 0x2a48418a0
  Set: 99 Way: 0 Address: 0xf6e818fc
  Set: 100 Way: 0 Address: 0xf6e81900
  Set: 102 Way: 0 Address: 0xf6e81980
  Set: 105 Way: 0 Address: 0xf6e81a5a
  Set: 107 Way: 0 Address: 0xf6e81ac0
  Set: 109 Way: 0 Address: 0x181c81b44
  Set: 110 Way: 0 Address: 0xf6e81bba
  Set: 110 Way: 1 Address: 0x181c81b80
  Set: 111 Way: 0 Address: 0xf6e81bc4
  Set: 111 Way: 1 Address: 0x181c81bc0
  Set: 112 Way: 0 Address: 0x181c81c00
  Set: 113 Way: 0 Address: 0x181c81c40
  Set: 114 Way: 0 Address: 0x181c81c80
  Set: 115 Way: 0 Address: 0x181c81cc0
  Set: 116 Way: 0 Address: 0xf6e81d16
  Set: 116 Way: 1 Address: 0x181c81d00
  Set: 121 Way: 0 Address: 0xf6e81e74
  Set: 122 Way: 0 Address: 0xf6e81e80
  Set: 125 Way: 0 Address: 0xf6e81f40
  Set: 127 Way: 0 Address: 0xf6e81fd4
  Set: 129 Way: 0 Address: 0x1c84e2070
  Set: 130 Way: 0 Address: 0x1c84e2080
  Set: 142 Way: 0 Address: 0x9cff2390
  Set: 143 Way: 0 Address: 0x9cff23c0
  Set: 144 Way: 0 Address: 0x9cff242a
  Set: 145 Way: 0 Address: 0x9cff2446
  Set: 146 Way: 0 Address: 0x9cff2482
  Set: 147 Way: 0 Address: 0x9cff24c1
  Set: 148 Way: 0 Address: 0x9cff2501
  Set: 149 Way: 0 Address: 0x9cff2543
  Set: 149 Way: 1 Address: 0x133c92550
  Set: 151 Way: 0 Address: 0x9cff25c8
  Set: 151 Way: 1 Address: 0x1064c25f4
  Set: 152 Way: 0 Address: 0x9cff2600
  Set: 152 Way: 1 Address: 0x1064c2600
  Set: 153 Way: 0 Address: 0x9cff2645
  Set: 153 Way: 1 Address: 0x1064c2640
  Set: 154 Way: 0 Address: 0x1064c2680
  Set: 155 Way: 0 Address: 0x1064c26c0
  Set: 156 Way: 0 Address: 0x1064c2700
  Set: 157 Way: 0 Address: 0x1064c2740
  Set: 158 Way: 0 Address: 0x1064c2780
  Set: 159 Way: 0 Address: 0x1064c27c0
  Set: 172 Way: 0 Address: 0x1995f2b08
  Set: 213 Way: 0 Address: 0x3232f3570
  Set: 214 Way: 0 Address: 0x2b2e93598
  Set: 214 Way: 1 Address: 0x3232f3580
  Set: 214 Way: 2 Address: 0x257713588
  Set: 224 Way: 0 Address: 0x3b0803814
  Set: 225 Way: 0 Address: 0x3b0803840
  Set: 226 Way: 0 Address: 0x3b0803880
  Set: 227 Way: 0 Address: 0x3b08038c0
  Set: 228 Way: 0 Address: 0x3b0803900
  Set: 229 Way: 0 Address: 0x3b0803940
  Set: 230 Way: 0 Address: 0x3b0803980
  Set: 231 Way: 0 Address: 0x3b08039c0
  Set: 240 Way: 0 Address: 0x34a873c06
  Set: 245 Way: 0 Address: 0x34a873d6a
  Set: 246 Way: 0 Address: 0x34a873d80
  Set: 251 Way: 0 Address: 0x34a873eca
  Set: 268 Way: 0 Address: 0x3de4d4300
  Set: 277 Way: 0 Address: 0x3c1074554
  Set: 277 Way: 1 Address: 0x1ab44548
  Set: 278 Way: 0 Address: 0x3c1074580
  Set: 279 Way: 0 Address: 0x3c10745c0
  Set: 280 Way: 0 Address: 0x3c1074600
  Set: 281 Way: 0 Address: 0x3c1074640
  Set: 282 Way: 0 Address: 0x3c1074680
  Set: 283 Way: 0 Address: 0x3c10746c0
  Set: 284 Way: 0 Address: 0x3c1074700
  Set: 285 Way: 0 Address: 0x3c1074740
  Set: 286 Way: 0 Address: 0x3c1074780
  Set: 287 Way: 0 Address: 0x397bb47f8
  Set: 287 Way: 1 Address: 0x3c10747c0
  Set: 288 Way: 0 Address: 0x3c1074800
  Set: 301 Way: 0 Address: 0xb8004b70
  Set: 302 Way: 0 Address: 0xb8004b80
  Set: 319 Way: 0 Address: 0x129934fe8
  Set: 320 Way: 0 Address: 0x195f15000
  Set: 341 Way: 0 Address: 0x1b0f15560
  Set: 364 Way: 0 Address: 0x272585b18
  Set: 380 Way: 0 Address: 0x354d35f20
  Set: 381 Way: 0 Address: 0x354d35f40
  Set: 382 Way: 0 Address: 0x354d35f80
  Set: 384 Way: 0 Address: 0x3dae66036
  Set: 385 Way: 0 Address: 0x3dae66044
  Set: 390 Way: 0 Address: 0x3dae66196
  Set: 395 Way: 0 Address: 0x3dae662f6
  Set: 396 Way: 0 Address: 0x3dae66300
  Set: 401 Way: 0 Address: 0x3dae66456
  Set: 404 Way: 0 Address: 0x211d16538
  Set: 406 Way: 0 Address: 0x3dae665b6
  Set: 406 Way: 1 Address: 0x848965b8
  Set: 406 Way: 2 Address: 0x27d4c6580
  Set: 406 Way: 3 Address: 0x3d87a6590
  Set: 407 Way: 0 Address: 0x3dae665c0
  Set: 410 Way: 0 Address: 0x3dae66680
  Set: 412 Way: 0 Address: 0x3dae66716
  Set: 415 Way: 0 Address: 0x3dae667c0
  Set: 417 Way: 0 Address: 0x3dae66876
  Set: 418 Way: 0 Address: 0x3dae66880
  Set: 420 Way: 0 Address: 0x3dae66900
  Set: 421 Way: 0 Address: 0x3dae66940
  Set: 423 Way: 0 Address: 0x3dae669d6
  Set: 425 Way: 0 Address: 0x3dae66a40
  Set: 426 Way: 0 Address: 0x3dae66a80
  Set: 428 Way: 0 Address: 0x43736b10
  Set: 428 Way: 1 Address: 0x3dae66b36
  Set: 429 Way: 0 Address: 0x3dae66b42
  Set: 431 Way: 0 Address: 0x3dae66bc0
  Set: 432 Way: 0 Address: 0x3dae66c00
  Set: 434 Way: 0 Address: 0x3dae66c96
  Set: 436 Way: 0 Address: 0x3dae66d00
  Set: 437 Way: 0 Address: 0x3dae66d40
  Set: 439 Way: 0 Address: 0x3dae66dfc
  Set: 440 Way: 0 Address: 0x3dae66e00
  Set: 442 Way: 0 Address: 0x3dae66e80
  Set: 443 Way: 0 Address: 0x3dae66ec0
  Set: 445 Way: 0 Address: 0x3dae66f58
  Set: 447 Way: 0 Address: 0x3dae66fc0
  Set: 463 Way: 0 Address: 0xbeea73d4
  Set: 464 Way: 0 Address: 0xbeea7400
  Set: 465 Way: 0 Address: 0xbeea7440
  Set: 466 Way: 0 Address: 0xbeea7480
  Set: 467 Way: 0 Address: 0xbeea74c0
  Set: 468 Way: 0 Address: 0xbeea7500
  Set: 469 Way: 0 Address: 0xbeea7540
  Set: 470 Way: 0 Address: 0x276ff75a0
  Set: 470 Way: 1 Address: 0xbeea7580
  Set: 480 Way: 0 Address: 0x30988783c
  Set: 481 Way: 0 Address: 0x309887878
  Set: 482 Way: 0 Address: 0x309887894
  Set: 483 Way: 0 Address: 0x3098878d4
  Set: 484 Way: 0 Address: 0x309887910
  Set: 485 Way: 0 Address: 0x309887948
  Set: 486 Way: 0 Address: 0x3098879a0
  Set: 487 Way: 0 Address: 0x3098879c0
  Set: 488 Way: 0 Address: 0x309887a2c
  Set: 489 Way: 0 Address: 0x309887a40
  Set: 490 Way: 0 Address: 0x309887a88
  Set: 491 Way: 0 Address: 0x309887ac0
  Set: 492 Way: 0 Address: 0x309887b00
  Set: 493 Way: 0 Address: 0x309887b40
  Set: 494 Way: 0 Address: 0x309887b80
  Set: 495 Way: 0 Address: 0x309887bc4
  Set: 533 Way: 0 Address: 0x2c9898568
  Set: 533 Way: 1 Address: 0x3bdd78558
  Set: 547 Way: 0 Address: 0xc70788c8
  Set: 550 Way: 0 Address: 0x201598980
  Set: 556 Way: 0 Address: 0x1aafb8b08
  Set: 580 Way: 0 Address: 0x2fa0c912a
  Set: 581 Way: 0 Address: 0x2fa0c9140
  Set: 586 Way: 0 Address: 0x2fa0c9286
  Set: 591 Way: 0 Address: 0x2fa0c93e6
  Set: 592 Way: 0 Address: 0x2fa0c9402
  Set: 606 Way: 0 Address: 0x2fa0c9780
  Set: 611 Way: 0 Address: 0x2fa0c98c0
  Set: 612 Way: 0 Address: 0x312099924
  Set: 613 Way: 0 Address: 0x312099940
  Set: 614 Way: 0 Address: 0x312099980
  Set: 615 Way: 0 Address: 0x3120999c0
  Set: 616 Way: 0 Address: 0x312099a00
  Set: 616 Way: 1 Address: 0x2fa0c9a00
  Set: 617 Way: 0 Address: 0x312099a40
  Set: 618 Way: 0 Address: 0x312099a80
  Set: 619 Way: 0 Address: 0x312099ac0
  Set: 620 Way: 0 Address: 0x2c8749b00
  Set: 621 Way: 0 Address: 0x2ee369b70
  Set: 621 Way: 1 Address: 0x2fa0c9b40
  Set: 622 Way: 0 Address: 0x292959bb0
  Set: 640 Way: 0 Address: 0x223eda018
  Set: 640 Way: 1 Address: 0xc67da000
  Set: 641 Way: 0 Address: 0xc67da040
  Set: 642 Way: 0 Address: 0xc67da080
  Set: 643 Way: 0 Address: 0xc67da0c0
  Set: 644 Way: 0 Address: 0xc67da100
  Set: 645 Way: 0 Address: 0xc67da140
  Set: 648 Way: 0 Address: 0x1d89da208
  Set: 710 Way: 0 Address: 0x3b377b1b4
  Set: 711 Way: 0 Address: 0x3b377b1c0
  Set: 712 Way: 0 Address: 0x3b377b200
  Set: 713 Way: 0 Address: 0x3b377b240
  Set: 714 Way: 0 Address: 0x3b377b280
  Set: 715 Way: 0 Address: 0x3b377b2c0
  Set: 716 Way: 0 Address: 0x3b377b300
  Set: 717 Way: 0 Address: 0x3b377b340
  Set: 718 Way: 0 Address: 0x3b377b380
  Set: 732 Way: 0 Address: 0xc0d9b704
  Set: 733 Way: 0 Address: 0xc0d9b740
  Set: 734 Way: 0 Address: 0xc0d9b780
  Set: 735 Way: 0 Address: 0xc0d9b7c0
  Set: 736 Way: 0 Address: 0xc0d9b800
  Set: 737 Way: 0 Address: 0xc0d9b840
  Set: 738 Way: 0 Address: 0xc0d9b880
  Set: 739 Way: 0 Address: 0xc0d9b8c0
  Set: 744 Way: 0 Address: 0xcf83ba34
  Set: 745 Way: 0 Address: 0xcf83ba40
  Set: 746 Way: 0 Address: 0xcf83ba80
  Set: 747 Way: 0 Address: 0xcf83bac0
  Set: 748 Way: 0 Address: 0xcf83bb00
  Set: 749 Way: 0 Address: 0xcf83bb40
  Set: 750 Way: 0 Address: 0xcf83bb80
  Set: 751 Way: 0 Address: 0xcf83bbc0
  Set: 765 Way: 0 Address: 0x394edbf58
  Set: 766 Way: 0 Address: 0x394edbfa4
  Set: 767 Way: 0 Address: 0x394edbffc
  Set: 768 Way: 0 Address: 0xdf85c000
  Set: 770 Way: 0 Address: 0x29484c0a0
  Set: 770 Way: 1 Address: 0x12c6fc080
  Set: 785 Way: 0 Address: 0x38e35c444
  Set: 786 Way: 0 Address: 0x38e35c480
  Set: 787 Way: 0 Address: 0x38e35c4c0
  Set: 788 Way: 0 Address: 0x38e35c500
  Set: 789 Way: 0 Address: 0x38e35c540
  Set: 790 Way: 0 Address: 0x38e35c580
  Set: 791 Way: 0 Address: 0x38e35c5c0
  Set: 792 Way: 0 Address: 0x38e35c600
  Set: 793 Way: 0 Address: 0x38e35c640
  Set: 794 Way: 0 Address: 0x38e35c680
  Set: 795 Way: 0 Address: 0x38e35c6c0
  Set: 796 Way: 0 Address: 0x38e35c700
  Set: 853 Way: 0 Address: 0x5588d540
  Set: 854 Way: 0 Address: 0x1add5a8
  Set: 877 Way: 0 Address: 0x23755db68
  Set: 896 Way: 0 Address: 0x28b67e000
  Set: 896 Way: 1 Address: 0x1f919e010
  Set: 897 Way: 0 Address: 0x1f919e070
  Set: 898 Way: 0 Address: 0x1f919e0a0
  Set: 902 Way: 0 Address: 0x2f5d8e1a8
  Set: 907 Way: 0 Address: 0x2db79e2c4
  Set: 908 Way: 0 Address: 0x2db79e300
  Set: 909 Way: 0 Address: 0x2db79e340
  Set: 910 Way: 0 Address: 0x2db79e380
  Set: 911 Way: 0 Address: 0x2db79e3c0
  Set: 912 Way: 0 Address: 0x2db79e400
  Set: 913 Way: 0 Address: 0x2db79e440
  Set: 914 Way: 0 Address: 0x2db79e480
  Set: 921 Way: 0 Address: 0x3734ee650
  Set: 927 Way: 0 Address: 0x28b67e7f8
  Set: 945 Way: 0 Address: 0x20597ec54
  Set: 946 Way: 0 Address: 0x20597ec80
  Set: 947 Way: 0 Address: 0x20597ecc0
  Set: 948 Way: 0 Address: 0x20597ed00
  Set: 949 Way: 0 Address: 0x20597ed40
  Set: 950 Way: 0 Address: 0x20597ed80
  Set: 951 Way: 0 Address: 0x20597edc0
  Set: 952 Way: 0 Address: 0x20597ee00
  Set: 953 Way: 0 Address: 0x1c084ee70
  Set: 954 Way: 0 Address: 0x1c084ee80
  Set: 955 Way: 0 Address: 0x1c084eec0
  Set: 956 Way: 0 Address: 0x1c084ef00
  Set: 957 Way: 0 Address: 0x1c084ef40
  Set: 958 Way: 0 Address: 0x1c084ef80
  Set: 959 Way: 0 Address: 0x1c084efc0
  Set: 960 Way: 0 Address: 0xee86f000
  Set: 961 Way: 0 Address: 0xee86f040
  Set: 962 Way: 0 Address: 0xee86f080
  Set: 962 Way: 1 Address: 0x22272f090
  Set: 963 Way: 0 Address: 0xee86f0c0
  Set: 963 Way: 1 Address: 0x22272f0c0
  Set: 964 Way: 0 Address: 0xee86f100
  Set: 964 Way: 1 Address: 0x22272f100
  Set: 965 Way: 0 Address: 0xee86f140
  Set: 965 Way: 1 Address: 0x22272f140
  Set: 966 Way: 0 Address: 0x16390f1b0
  Set: 966 Way: 1 Address: 0xee86f180
  Set: 966 Way: 2 Address: 0x22272f180
  Set: 967 Way: 0 Address: 0xee86f1c0
  Set: 967 Way: 1 Address: 0x22272f1c0
  Set: 968 Way: 0 Address: 0xee86f200
  Set: 968 Way: 1 Address: 0x22272f200
  Set: 969 Way: 0 Address: 0xee86f240
  Set: 969 Way: 1 Address: 0x22272f240
  Set: 970 Way: 0 Address: 0xee86f280
  Set: 971 Way: 0 Address: 0xee86f2c0
  Set: 980 Way: 0 Address: 0x143ef530
  Set: 981 Way: 0 Address: 0x143ef540
  Set: 981 Way: 1 Address: 0x23756f578
  Set: 982 Way: 0 Address: 0x143ef598
EndCache
Cache: cpu0_L1I
  Set: 14 Way: 0 Address: 0x9cff2390
  Set: 15 Way: 0 Address: 0x9cff23da
  Set: 16 Way: 0 Address: 0x9cff242a
  Set: 17 Way: 0 Address: 0x9cff2472
  Set: 18 Way: 0 Address: 0x9cff2499
  Set: 19 Way: 0 Address: 0x9cff24ea
  Set: 20 Way: 0 Address: 0x9cff250c
  Set: 21 Way: 0 Address: 0x9cff2558
  Set: 23 Way: 0 Address: 0x9cff25f4
  Set: 24 Way: 0 Address: 0x9cff263b
  Set: 25 Way: 0 Address: 0x9cff2645
  Set: 34 Way: 0 Address: 0x2a48418a0
EndCache
Cache: cpu0_L1D
  Set: 0 Way: 0 Address: 0xdf85c000
  Set: 0 Way: 1 Address: 0x28b67e000
  Set: 0 Way: 2 Address: 0x195f15000
  Set: 0 Way: 3 Address: 0x1f919e010
  Set: 0 Way: 4 Address: 0x223eda018
  Set: 0 Way: 5 Address: 0xee86f018
  Set: 0 Way: 6 Address: 0x3dae66036
  Set: 0 Way: 7 Address: 0xc67da004
  Set: 0 Way: 8 Address: 0x14bb10000
  Set: 1 Way: 0 Address: 0x1f919e070
  Set: 1 Way: 1 Address: 0x1c84e2070
  Set: 1 Way: 2 Address: 0x3dae66052
  Set: 1 Way: 3 Address: 0xee86f05e
  Set: 1 Way: 4 Address: 0xc67da040
  Set: 2 Way: 0 Address: 0x1f919e0a0
  Set: 2 Way: 1 Address: 0x29484c0a0
  Set: 2 Way: 2 Address: 0x1c84e2080
  Set: 2 Way: 3 Address: 0x12c6fc080
  Set: 2 Way: 4 Address: 0xee86f092
  Set: 2 Way: 5 Address: 0x22272f090
  Set: 2 Way: 6 Address: 0x2177f00a4
  Set: 2 Way: 7 Address: 0xf6e810be
  Set: 2 Way: 8 Address: 0xc67da080
  Set: 3 Way: 0 Address: 0xee86f0de
  Set: 3 Way: 1 Address: 0xf6e810d2
  Set: 3 Way: 2 Address: 0x2177f00c0
  Set: 3 Way: 3 Address: 0x22272f0c0
  Set: 3 Way: 4 Address: 0xc67da0c0
  Set: 4 Way: 0 Address: 0xee86f114
  Set: 4 Way: 1 Address: 0x2fa0c913c
  Set: 4 Way: 2 Address: 0x2177f0100
  Set: 4 Way: 3 Address: 0x22272f100
  Set: 4 Way: 4 Address: 0xc67da100
  Set: 5 Way: 0 Address: 0xee86f140
  Set: 5 Way: 1 Address: 0x2fa0c9140
  Set: 5 Way: 2 Address: 0x2177f0140
  Set: 5 Way: 3 Address: 0x22272f140
  Set: 5 Way: 4 Address: 0xc67da140
  Set: 6 Way: 0 Address: 0x16390f1b0
  Set: 6 Way: 1 Address: 0x2f5d8e1a8
  Set: 6 Way: 2 Address: 0x3dae6619e
  Set: 6 Way: 3 Address: 0xee86f180
  Set: 6 Way: 4 Address: 0x3b377b1b4
  Set: 6 Way: 5 Address: 0x2177f0180
  Set: 6 Way: 6 Address: 0x22272f180
  Set: 7 Way: 0 Address: 0xee86f1d2
  Set: 7 Way: 1 Address: 0x3b377b1c0
  Set: 7 Way: 2 Address: 0x2177f01c0
  Set: 7 Way: 3 Address: 0x22272f1c0
  Set: 8 Way: 0 Address: 0x1d89da208
  Set: 8 Way: 1 Address: 0xee86f200
  Set: 8 Way: 2 Address: 0xf6e81232
  Set: 8 Way: 3 Address: 0x3b377b200
  Set: 8 Way: 4 Address: 0x2177f0200
  Set: 8 Way: 5 Address: 0x22272f200
  Set: 9 Way: 0 Address: 0xee86f240
  Set: 9 Way: 1 Address: 0x3b377b240
  Set: 9 Way: 2 Address: 0x2177f0240
  Set: 9 Way: 3 Address: 0x22272f240
  Set: 10 Way: 0 Address: 0xee86f280
  Set: 10 Way: 1 Address: 0x3b377b280
  Set: 10 Way: 2 Address: 0x2fa0c929e
  Set: 11 Way: 0 Address: 0x3dae662fe
  Set: 11 Way: 1 Address: 0x2db79e2c4
  Set: 11 Way: 2 Address: 0xee86f2c0
  Set: 11 Way: 3 Address: 0x3b377b2c0
  Set: 12 Way: 0 Address: 0x3de4d4300
  Set: 12 Way: 1 Address: 0x3dae66312
  Set: 12 Way: 2 Address: 0x2db79e300
  Set: 12 Way: 3 Address: 0x3b377b300
  Set: 13 Way: 0 Address: 0xf6e8137e
  Set: 13 Way: 1 Address: 0x2db79e340
  Set: 13 Way: 2 Address: 0x3b377b340
  Set: 14 Way: 0 Address: 0xf6e81390
  Set: 14 Way: 1 Address: 0x2db79e380
  Set: 14 Way: 2 Address: 0x3b377b380
  Set: 15 Way: 0 Address: 0xbeea73d4
  Set: 15 Way: 1 Address: 0x2db79e3c0
  Set: 15 Way: 2 Address: 0x2fa0c93fc
  Set: 16 Way: 0 Address: 0xbeea7400
  Set: 16 Way: 1 Address: 0x2db79e400
  Set: 16 Way: 2 Address: 0x2fa0c9402
  Set: 17 Way: 0 Address: 0x38e35c444
  Set: 17 Way: 1 Address: 0x3dae66474
  Set: 17 Way: 2 Address: 0xbeea7440
  Set: 17 Way: 3 Address: 0x2db79e440
  Set: 18 Way: 0 Address: 0x38e35c480
  Set: 18 Way: 1 Address: 0xbeea7480
  Set: 18 Way: 2 Address: 0x2db79e480
  Set: 19 Way: 0 Address: 0x342b404e4
  Set: 19 Way: 1 Address: 0xf6e814f0
  Set: 19 Way: 2 Address: 0x38e35c4c0
  Set: 19 Way: 3 Address: 0xbeea74c0
  Set: 20 Way: 0 Address: 0x143ef530
  Set: 20 Way: 1 Address: 0x211d16538
  Set: 20 Way: 2 Address: 0x342b40500
  Set: 20 Way: 3 Address: 0x38e35c500
  Set: 20 Way: 4 Address: 0xbeea7500
  Set: 21 Way: 0 Address: 0x3c1074554
  Set: 21 Way: 1 Address: 0xbeea7540
  Set: 21 Way: 2 Address: 0x1ab44548
  Set: 21 Way: 3 Address: 0x5588d540
  Set: 21 Way: 4 Address: 0x133c92550
  Set: 21 Way: 5 Address: 0x2c9898568
  Set: 21 Way: 6 Address: 0x1b0f15560
  Set: 21 Way: 7 Address: 0x3bdd78558
  Set: 21 Way: 8 Address: 0x3232f3570
  Set: 21 Way: 9 Address: 0x23756f578
  Set: 21 Way: 10 Address: 0x342b40540
  Set: 21 Way: 11 Address: 0x38e35c540
  Set: 22 Way: 0 Address: 0x28a9405b0
  Set: 22 Way: 1 Address: 0x3dae665be
  Set: 22 Way: 2 Address: 0x342b40580
  Set: 22 Way: 3 Address: 0xbeea7580
  Set: 22 Way: 4 Address: 0x1add5a8
  Set: 22 Way: 5 Address: 0x848965b8
  Set: 22 Way: 6 Address: 0x3232f3580
  Set: 22 Way: 7 Address: 0x257713588
  Set: 22 Way: 8 Address: 0x27d4c6580
  Set: 22 Way: 9 Address: 0x3d87a6590
  Set: 22 Way: 10 Address: 0x3c1074580
  Set: 22 Way: 11 Address: 0x38e35c580
  Set: 23 Way: 0 Address: 0x3dae665d2
  Set: 23 Way: 1 Address: 0x1064c25f4
  Set: 23 Way: 2 Address: 0x3c10745c0
  Set: 23 Way: 3 Address: 0x38e35c5c0
  Set: 23 Way: 4 Address: 0x342b405c0
  Set: 24 Way: 0 Address: 0xf6e81636
  Set: 24 Way: 1 Address: 0x1064c2600
  Set: 24 Way: 2 Address: 0x38e35c600
  Set: 24 Way: 3 Address: 0x3c1074600
  Set: 24 Way: 4 Address: 0x342b40600
  Set: 25 Way: 0 Address: 0x3734ee650
  Set: 25 Way: 1 Address: 0xf6e81642
  Set: 25 Way: 2 Address: 0x1064c2640
  Set: 25 Way: 3 Address: 0x38e35c640
  Set: 25 Way: 4 Address: 0x3c1074640
  Set: 25 Way: 5 Address: 0x342b40640
  Set: 26 Way: 0 Address: 0x3dae66680
  Set: 26 Way: 1 Address: 0x3c1074680
  Set: 26 Way: 2 Address: 0x1064c2680
  Set: 26 Way: 3 Address: 0x38e35c680
  Set: 26 Way: 4 Address: 0x342b40680
  Set: 27 Way: 0 Address: 0x3c10746c0
  Set: 27 Way: 1 Address: 0x1064c26c0
  Set: 27 Way: 2 Address: 0x38e35c6c0
  Set: 28 Way: 0 Address: 0x3dae6672a
  Set: 28 Way: 1 Address: 0xc0d9b704
  Set: 28 Way: 2 Address: 0xf6e81700
  Set: 28 Way: 3 Address: 0x3c1074700
  Set: 28 Way: 4 Address: 0x1064c2700
  Set: 28 Way: 5 Address: 0x38e35c700
  Set: 29 Way: 0 Address: 0xc0d9b740
  Set: 29 Way: 1 Address: 0x3c1074740
  Set: 29 Way: 2 Address: 0x1064c2740
  Set: 30 Way: 0 Address: 0xf6e817ae
  Set: 30 Way: 1 Address: 0xc0d9b780
  Set: 30 Way: 2 Address: 0x3c1074780
  Set: 30 Way: 3 Address: 0x1064c2780
  Set: 30 Way: 4 Address: 0x2fa0c9780
  Set: 31 Way: 0 Address: 0x28b67e7f8
  Set: 31 Way: 1 Address: 0x397bb47f8
  Set: 31 Way: 2 Address: 0x3dae667c0
  Set: 31 Way: 3 Address: 0xc0d9b7c0
  Set: 31 Way: 4 Address: 0x3c10747c0
  Set: 31 Way: 5 Address: 0x1064c27c0
  Set: 32 Way: 0 Address: 0x3b0803814
  Set: 32 Way: 1 Address: 0xc0d9b800
  Set: 32 Way: 2 Address: 0x3c1074800
  Set: 32 Way: 3 Address: 0x30988783c
  Set: 33 Way: 0 Address: 0x309887878
  Set: 33 Way: 1 Address: 0x3dae6687e
  Set: 33 Way: 2 Address: 0xf6e81840
  Set: 33 Way: 3 Address: 0x3b0803840
  Set: 33 Way: 4 Address: 0xc0d9b840
  Set: 34 Way: 0 Address: 0x309887894
  Set: 34 Way: 1 Address: 0x3dae66890
  Set: 34 Way: 2 Address: 0x3b0803880
  Set: 34 Way: 3 Address: 0xc0d9b880
  Set: 35 Way: 0 Address: 0xc70788c8
  Set: 35 Way: 1 Address: 0x3098878d4
  Set: 35 Way: 2 Address: 0xf6e818f6
  Set: 35 Way: 3 Address: 0x3b08038c0
  Set: 35 Way: 4 Address: 0x2fa0c98c0
  Set: 35 Way: 5 Address: 0xc0d9b8c0
  Set: 36 Way: 0 Address: 0x309887910
  Set: 36 Way: 1 Address: 0x3dae66900
  Set: 36 Way: 2 Address: 0x312099924
  Set: 36 Way: 3 Address: 0xf6e81910
  Set: 36 Way: 4 Address: 0x3b0803900
  Set: 37 Way: 0 Address: 0x309887948
  Set: 37 Way: 1 Address: 0x3dae66940
  Set: 37 Way: 2 Address: 0x312099940
  Set: 37 Way: 3 Address: 0x3b0803940
  Set: 38 Way: 0 Address: 0x201598980
  Set: 38 Way: 1 Address: 0x309887988
  Set: 38 Way: 2 Address: 0xf6e81980
  Set: 38 Way: 3 Address: 0x312099980
  Set: 38 Way: 4 Address: 0x3b0803980
  Set: 39 Way: 0 Address: 0x3098879c8
  Set: 39 Way: 1 Address: 0x3dae669f0
  Set: 39 Way: 2 Address: 0x3120999c0
  Set: 39 Way: 3 Address: 0x3b08039c0
  Set: 40 Way: 0 Address: 0x309887a08
  Set: 40 Way: 1 Address: 0xcf83ba34
  Set: 40 Way: 2 Address: 0x312099a00
  Set: 40 Way: 3 Address: 0x2fa0c9a00
  Set: 41 Way: 0 Address: 0x309887a40
  Set: 41 Way: 1 Address: 0x3dae66a40
  Set: 41 Way: 2 Address: 0xf6e81a70
  Set: 41 Way: 3 Address: 0xcf83ba40
  Set: 41 Way: 4 Address: 0x312099a40
  Set: 42 Way: 0 Address: 0x3dae66a80
  Set: 42 Way: 1 Address: 0x309887aa4
  Set: 42 Way: 2 Address: 0xcf83ba80
  Set: 42 Way: 3 Address: 0x312099a80
  Set: 43 Way: 0 Address: 0x309887ac0
  Set: 43 Way: 1 Address: 0xf6e81ac0
  Set: 43 Way: 2 Address: 0xcf83bac0
  Set: 43 Way: 3 Address: 0x312099ac0
  Set: 44 Way: 0 Address: 0x1aafb8b08
  Set: 44 Way: 1 Address: 0x43736b10
  Set: 44 Way: 2 Address: 0x309887b00
  Set: 44 Way: 3 Address: 0x1995f2b08
  Set: 44 Way: 4 Address: 0x3dae66b3a
  Set: 44 Way: 5 Address: 0x2c8749b00
  Set: 44 Way: 6 Address: 0x272585b18
  Set: 44 Way: 7 Address: 0xcf83bb00
  Set: 45 Way: 0 Address: 0x309887b40
  Set: 45 Way: 1 Address: 0xb8004b68
  Set: 45 Way: 2 Address: 0x23755db68
  Set: 45 Way: 3 Address: 0x2ee369b70
  Set: 45 Way: 4 Address: 0x3dae66b4a
  Set: 45 Way: 5 Address: 0x181c81b44
  Set: 45 Way: 6 Address: 0xcf83bb40
  Set: 45 Way: 7 Address: 0x2fa0c9b40
  Set: 46 Way: 0 Address: 0xb8004b80
  Set: 46 Way: 1 Address: 0x292959bb0
  Set: 46 Way: 2 Address: 0x309887b80
  Set: 46 Way: 3 Address: 0xf6e81bbe
  Set: 46 Way: 4 Address: 0x181c81b80
  Set: 46 Way: 5 Address: 0xcf83bb80
  Set: 47 Way: 0 Address: 0x3dae66bc0
  Set: 47 Way: 1 Address: 0x309887bc4
  Set: 47 Way: 2 Address: 0xf6e81bc4
  Set: 47 Way: 3 Address: 0x181c81bc0
  Set: 47 Way: 4 Address: 0xcf83bbc0
  Set: 48 Way: 0 Address: 0x3dae66c00
  Set: 48 Way: 1 Address: 0x181c81c00
  Set: 48 Way: 2 Address: 0x34a873c1a
  Set: 49 Way: 0 Address: 0x20597ec54
  Set: 49 Way: 1 Address: 0x181c81c40
  Set: 50 Way: 0 Address: 0x3dae66cb0
  Set: 50 Way: 1 Address: 0x20597ec80
  Set: 50 Way: 2 Address: 0x181c81c80
  Set: 51 Way: 0 Address: 0x20597ecc0
  Set: 51 Way: 1 Address: 0x181c81cc0
  Set: 52 Way: 0 Address: 0x3dae66d00
  Set: 52 Way: 1 Address: 0xf6e81d30
  Set: 52 Way: 2 Address: 0x20597ed00
  Set: 52 Way: 3 Address: 0x181c81d00
  Set: 53 Way: 0 Address: 0x3dae66d40
  Set: 53 Way: 1 Address: 0x6e620d60
  Set: 53 Way: 2 Address: 0x20597ed40
  Set: 53 Way: 3 Address: 0x34a873d78
  Set: 54 Way: 0 Address: 0x6e620d80
  Set: 54 Way: 1 Address: 0x34a873d80
  Set: 54 Way: 2 Address: 0x20597ed80
  Set: 55 Way: 0 Address: 0x3dae66df8
  Set: 55 Way: 1 Address: 0x6e620dc0
  Set: 55 Way: 2 Address: 0x20597edc0
  Set: 56 Way: 0 Address: 0x3dae66e10
  Set: 56 Way: 1 Address: 0x6e620e00
  Set: 56 Way: 2 Address: 0x20597ee00
  Set: 57 Way: 0 Address: 0xf6e81e7c
  Set: 57 Way: 1 Address: 0x1c084ee70
  Set: 57 Way: 2 Address: 0x6e620e40
  Set: 58 Way: 0 Address: 0xf6e81e80
  Set: 58 Way: 1 Address: 0x3dae66e80
  Set: 58 Way: 2 Address: 0x1c084ee80
  Set: 58 Way: 3 Address: 0x6e620e80
  Set: 59 Way: 0 Address: 0x3dae66ec0
  Set: 59 Way: 1 Address: 0x1c084eec0
  Set: 59 Way: 2 Address: 0x34a873ee6
  Set: 59 Way: 3 Address: 0x6e620ec0
  Set: 60 Way: 0 Address: 0x354d35f30
  Set: 60 Way: 1 Address: 0x1c084ef00
  Set: 60 Way: 2 Address: 0x6e620f00
  Set: 61 Way: 0 Address: 0x394edbf58
  Set: 61 Way: 1 Address: 0x354d35f50
  Set: 61 Way: 2 Address: 0x3dae66f70
  Set: 61 Way: 3 Address: 0xf6e81f40
  Set: 61 Way: 4 Address: 0x1c084ef40
  Set: 62 Way: 0 Address: 0x394edbfa4
  Set: 62 Way: 1 Address: 0x354d35f80
  Set: 62 Way: 2 Address: 0x14bb10f80
  Set: 62 Way: 3 Address: 0x1c084ef80
  Set: 63 Way: 0 Address: 0x129934fe8
  Set: 63 Way: 1 Address: 0xf6e81fd4
  Set: 63 Way: 2 Address: 0x394edbfc8
  Set: 63 Way: 3 Address: 0x3dae66fc0
  Set: 63 Way: 4 Address: 0x14bb10fc0
  Set: 63 Way: 5 Address: 0x1c084efc0
EndCache
Cache: cpu0_ITLB
  Set: 0 Way: 0 Address: 0x4608a0
  Set: 1 Way: 0 Address: 0x4414ea
EndCache
Cache: cpu0_DTLB
  Set: 0 Way: 0 Address: 0x730650
  Set: 0 Way: 1 Address: 0x1d709c8
  Set: 0 Way: 2 Address: 0x20b0a34
  Set: 0 Way: 3 Address: 0x2960ee6
  Set: 1 Way: 0 Address: 0x7618c8
  Set: 1 Way: 1 Address: 0x296119e
  Set: 1 Way: 2 Address: 0x20b1b44
  Set: 2 Way: 0 Address: 0x2962e80
  Set: 2 Way: 1 Address: 0x20b2c54
  Set: 3 Way: 0 Address: 0x20b3d60
  Set: 3 Way: 1 Address: 0x2963140
  Set: 4 Way: 0 Address: 0x20b4e70
  Set: 5 Way: 0 Address: 0x7fff6ec35fc8
  Set: 5 Way: 1 Address: 0x20b5f80
  Set: 6 Way: 0 Address: 0x7fff6ec36018
  Set: 6 Way: 1 Address: 0x20a6f80
  Set: 6 Way: 2 Address: 0x20b6000
  Set: 7 Way: 0 Address: 0x20b7090
  Set: 7 Way: 1 Address: 0x20a70a4
  Set: 8 Way: 0 Address: 0x20a81b4
  Set: 9 Way: 0 Address: 0x20a92c4
  Set: 10 Way: 0 Address: 0x20aa3d4
  Set: 11 Way: 0 Address: 0x20ab4e4
  Set: 12 Way: 0 Address: 0x20ac5f4
  Set: 13 Way: 0 Address: 0x1d6d444
  Set: 13 Way: 1 Address: 0x20ad704
  Set: 14 Way: 0 Address: 0x1d6e554
  Set: 14 Way: 1 Address: 0x20ae814
  Set: 15 Way: 0 Address: 0x20af924
EndCache
Cache: LLC
  Set: 19 Way: 0 Address: 0x342b404e4
  Set: 20 Way: 0 Address: 0x342b40500
  Set: 21 Way: 0 Address: 0x342b40540
  Set: 22 Way: 0 Address: 0x28a9405b0
  Set: 22 Way: 1 Address: 0x342b40580
  Set: 23 Way: 0 Address: 0x342b405c0
  Set: 24 Way: 0 Address: 0x342b40600
  Set: 25 Way: 0 Address: 0x342b40640
  Set: 26 Way: 0 Address: 0x342b40680
  Set: 53 Way: 0 Address: 0x6e620d60
  Set: 54 Way: 0 Address: 0x6e620d80
  Set: 55 Way: 0 Address: 0x6e620dc0
  Set: 56 Way: 0 Address: 0x6e620e00
  Set: 57 Way: 0 Address: 0x6e620e40
  Set: 58 Way: 0 Address: 0x6e620e80
  Set: 59 Way: 0 Address: 0x6e620ec0
  Set: 60 Way: 0 Address: 0x6e620f00
  Set: 66 Way: 0 Address: 0xf6e810bc
  Set: 67 Way: 0 Address: 0xf6e810c0
  Set: 72 Way: 0 Address: 0xf6e81216
  Set: 73 Way: 0 Address: 0xf6e81240
  Set: 77 Way: 0 Address: 0xf6e81376
  Set: 78 Way: 0 Address: 0xf6e81380
  Set: 83 Way: 0 Address: 0xf6e814d6
  Set: 88 Way: 0 Address: 0xf6e81638
  Set: 89 Way: 0 Address: 0xf6e81642
  Set: 92 Way: 0 Address: 0xf6e81700
  Set: 94 Way: 0 Address: 0xf6e81796
  Set: 97 Way: 0 Address: 0xf6e81840
  Set: 98 Way: 0 Address: 0x2a48418a0
  Set: 99 Way: 0 Address: 0xf6e818fc
  Set: 100 Way: 0 Address: 0xf6e81900
  Set: 102 Way: 0 Address: 0xf6e81980
  Set: 105 Way: 0 Address: 0xf6e81a5a
  Set: 107 Way: 0 Address: 0xf6e81ac0
  Set: 109 Way: 0 Address: 0x181c81b44
  Set: 110 Way: 0 Address: 0xf6e81bba
  Set: 110 Way: 1 Address: 0x181c81b80
  Set: 111 Way: 0 Address: 0xf6e81bc4
  Set: 111 Way: 1 Address: 0x181c81bc0
  Set: 112 Way: 0 Address: 0x181c81c00
  Set: 113 Way: 0 Address: 0x181c81c40
  Set: 114 Way: 0 Address: 0x181c81c80
  Set: 115 Way: 0 Address: 0x181c81cc0
  Set: 116 Way: 0 Address: 0xf6e81d16
  Set: 116 Way: 1 Address: 0x181c81d00
  Set: 121 Way: 0 Address: 0xf6e81e74
  Set: 122 Way: 0 Address: 0xf6e81e80
  Set: 125 Way: 0 Address: 0xf6e81f40
  Set: 127 Way: 0 Address: 0xf6e81fd4
  Set: 129 Way: 0 Address: 0x1c84e2070
  Set: 130 Way: 0 Address: 0x1c84e2080
  Set: 151 Way: 0 Address: 0x1064c25f4
  Set: 152 Way: 0 Address: 0x1064c2600
  Set: 153 Way: 0 Address: 0x1064c2640
  Set: 154 Way: 0 Address: 0x1064c2680
  Set: 155 Way: 0 Address: 0x1064c26c0
  Set: 156 Way: 0 Address: 0x1064c2700
  Set: 157 Way: 0 Address: 0x1064c2740
  Set: 158 Way: 0 Address: 0x1064c2780
  Set: 159 Way: 0 Address: 0x1064c27c0
  Set: 224 Way: 0 Address: 0x3b0803814
  Set: 225 Way: 0 Address: 0x3b0803840
  Set: 226 Way: 0 Address: 0x3b0803880
  Set: 227 Way: 0 Address: 0x3b08038c0
  Set: 228 Way: 0 Address: 0x3b0803900
  Set: 229 Way: 0 Address: 0x3b0803940
  Set: 230 Way: 0 Address: 0x3b0803980
  Set: 231 Way: 0 Address: 0x3b08039c0
  Set: 277 Way: 0 Address: 0x1ab44548
  Set: 301 Way: 0 Address: 0xb8004b70
  Set: 302 Way: 0 Address: 0xb8004b80
  Set: 364 Way: 0 Address: 0x272585b18
  Set: 384 Way: 0 Address: 0x3dae66036
  Set: 385 Way: 0 Address: 0x3dae66044
  Set: 386 Way: 0 Address: 0x3dae66080
  Set: 390 Way: 0 Address: 0x3dae66196
  Set: 395 Way: 0 Address: 0x3dae662f6
  Set: 396 Way: 0 Address: 0x3dae66300
  Set: 401 Way: 0 Address: 0x3dae66456
  Set: 406 Way: 0 Address: 0x3dae665b6
  Set: 406 Way: 1 Address: 0x27d4c6580
  Set: 406 Way: 2 Address: 0x3d87a6590
  Set: 407 Way: 0 Address: 0x3dae665c0
  Set: 410 Way: 0 Address: 0x3dae66680
  Set: 412 Way: 0 Address: 0x3dae66716
  Set: 415 Way: 0 Address: 0x3dae667c0
  Set: 417 Way: 0 Address: 0x3dae66876
  Set: 418 Way: 0 Address: 0x3dae66880
  Set: 420 Way: 0 Address: 0x3dae66900
  Set: 421 Way: 0 Address: 0x3dae66940
  Set: 423 Way: 0 Address: 0x3dae669d6
  Set: 425 Way: 0 Address: 0x3dae66a40
  Set: 426 Way: 0 Address: 0x3dae66a80
  Set: 428 Way: 0 Address: 0x3dae66b36
  Set: 429 Way: 0 Address: 0x3dae66b42
  Set: 431 Way: 0 Address: 0x3dae66bc0
  Set: 432 Way: 0 Address: 0x3dae66c00
  Set: 434 Way: 0 Address: 0x3dae66c96
  Set: 436 Way: 0 Address: 0x3dae66d00
  Set: 437 Way: 0 Address: 0x3dae66d40
  Set: 439 Way: 0 Address: 0x3dae66dfc
  Set: 440 Way: 0 Address: 0x3dae66e00
  Set: 441 Way: 0 Address: 0x3dae66e40
  Set: 442 Way: 0 Address: 0x3dae66e80
  Set: 443 Way: 0 Address: 0x3dae66ec0
  Set: 445 Way: 0 Address: 0x3dae66f58
  Set: 447 Way: 0 Address: 0x3dae66fc0
  Set: 463 Way: 0 Address: 0xbeea73d4
  Set: 464 Way: 0 Address: 0xbeea7400
  Set: 465 Way: 0 Address: 0xbeea7440
  Set: 466 Way: 0 Address: 0xbeea7480
  Set: 467 Way: 0 Address: 0xbeea74c0
  Set: 468 Way: 0 Address: 0xbeea7500
  Set: 469 Way: 0 Address: 0xbeea7540
  Set: 470 Way: 0 Address: 0xbeea7580
  Set: 480 Way: 0 Address: 0x30988783c
  Set: 481 Way: 0 Address: 0x309887878
  Set: 482 Way: 0 Address: 0x309887894
  Set: 483 Way: 0 Address: 0x3098878d4
  Set: 484 Way: 0 Address: 0x309887910
  Set: 485 Way: 0 Address: 0x309887948
  Set: 486 Way: 0 Address: 0x3098879a0
  Set: 487 Way: 0 Address: 0x3098879c0
  Set: 488 Way: 0 Address: 0x309887a2c
  Set: 489 Way: 0 Address: 0x309887a40
  Set: 490 Way: 0 Address: 0x309887a88
  Set: 491 Way: 0 Address: 0x309887ac0
  Set: 492 Way: 0 Address: 0x309887b00
  Set: 493 Way: 0 Address: 0x309887b40
  Set: 494 Way: 0 Address: 0x309887b80
  Set: 495 Way: 0 Address: 0x309887bc4
  Set: 580 Way: 0 Address: 0x2fa0c912a
  Set: 581 Way: 0 Address: 0x2fa0c9140
  Set: 582 Way: 0 Address: 0x2fa0c9180
  Set: 586 Way: 0 Address: 0x2fa0c9280
  Set: 591 Way: 0 Address: 0x2fa0c93e6
  Set: 592 Way: 0 Address: 0x2fa0c9402
  Set: 606 Way: 0 Address: 0x2fa0c9780
  Set: 611 Way: 0 Address: 0x2fa0c98c0
  Set: 616 Way: 0 Address: 0x2fa0c9a00
  Set: 620 Way: 0 Address: 0x2c8749b00
  Set: 621 Way: 0 Address: 0x2ee369b70
  Set: 621 Way: 1 Address: 0x2fa0c9b40
  Set: 770 Way: 0 Address: 0x29484c0a0
  Set: 853 Way: 0 Address: 0x5588d540
  Set: 902 Way: 0 Address: 0x2f5d8e1a8
  Set: 921 Way: 0 Address: 0x3734ee650
  Set: 953 Way: 0 Address: 0x1c084ee70
  Set: 954 Way: 0 Address: 0x1c084ee80
  Set: 955 Way: 0 Address: 0x1c084eec0
  Set: 956 Way: 0 Address: 0x1c084ef00
  Set: 957 Way: 0 Address: 0x1c084ef40
  Set: 958 Way: 0 Address: 0x1c084ef80
  Set: 959 Way: 0 Address: 0x1c084efc0
  Set: 960 Way: 0 Address: 0xee86f000
  Set: 961 Way: 0 Address: 0xee86f040
  Set: 962 Way: 0 Address: 0xee86f080
  Set: 962 Way: 1 Address: 0x22272f090
  Set: 963 Way: 0 Address: 0xee86f0c0
  Set: 963 Way: 1 Address: 0x22272f0c0
  Set: 964 Way: 0 Address: 0xee86f100
  Set: 964 Way: 1 Address: 0x22272f100
  Set: 965 Way: 0 Address: 0xee86f140
  Set: 965 Way: 1 Address: 0x22272f140
  Set: 966 Way: 0 Address: 0x16390f1b0
  Set: 966 Way: 1 Address: 0xee86f180
  Set: 966 Way: 2 Address: 0x22272f180
  Set: 967 Way: 0 Address: 0xee86f1c0
  Set: 967 Way: 1 Address: 0x22272f1c0
  Set: 968 Way: 0 Address: 0xee86f200
  Set: 968 Way: 1 Address: 0x22272f200
  Set: 969 Way: 0 Address: 0xee86f240
  Set: 969 Way: 1 Address: 0x22272f240
  Set: 970 Way: 0 Address: 0xee86f280
  Set: 971 Way: 0 Address: 0xee86f2c0
  Set: 980 Way: 0 Address: 0x143ef530
  Set: 981 Way: 0 Address: 0x143ef540
  Set: 981 Way: 1 Address: 0x23756f578
  Set: 982 Way: 0 Address: 0x143ef598
  Set: 1024 Way: 0 Address: 0x14bb10000
  Set: 1026 Way: 0 Address: 0x2177f00a4
  Set: 1027 Way: 0 Address: 0x2177f00c0
  Set: 1028 Way: 0 Address: 0x2177f0100
  Set: 1029 Way: 0 Address: 0x2177f0140
  Set: 1030 Way: 0 Address: 0x2177f0180
  Set: 1031 Way: 0 Address: 0x2177f01c0
  Set: 1032 Way: 0 Address: 0x2177f0200
  Set: 1033 Way: 0 Address: 0x2177f0240
  Set: 1086 Way: 0 Address: 0x14bb10f80
  Set: 1087 Way: 0 Address: 0x14bb10fc0
  Set: 1166 Way: 0 Address: 0x9cff2390
  Set: 1167 Way: 0 Address: 0x9cff23c0
  Set: 1168 Way: 0 Address: 0x9cff242a
  Set: 1169 Way: 0 Address: 0x9cff2446
  Set: 1170 Way: 0 Address: 0x9cff2482
  Set: 1171 Way: 0 Address: 0x9cff24c1
  Set: 1172 Way: 0 Address: 0x9cff2501
  Set: 1173 Way: 0 Address: 0x9cff2543
  Set: 1173 Way: 1 Address: 0x133c92550
  Set: 1175 Way: 0 Address: 0x9cff25c8
  Set: 1176 Way: 0 Address: 0x9cff2600
  Set: 1177 Way: 0 Address: 0x9cff2645
  Set: 1196 Way: 0 Address: 0x1995f2b08
  Set: 1237 Way: 0 Address: 0x3232f3570
  Set: 1238 Way: 0 Address: 0x2b2e93598
  Set: 1238 Way: 1 Address: 0x3232f3580
  Set: 1238 Way: 2 Address: 0x257713588
  Set: 1264 Way: 0 Address: 0x34a873c06
  Set: 1269 Way: 0 Address: 0x34a873d6a
  Set: 1270 Way: 0 Address: 0x34a873d80
  Set: 1275 Way: 0 Address: 0x34a873eca
  Set: 1292 Way: 0 Address: 0x3de4d4300
  Set: 1301 Way: 0 Address: 0x3c1074554
  Set: 1302 Way: 0 Address: 0x3c1074580
  Set: 1303 Way: 0 Address: 0x3c10745c0
  Set: 1304 Way: 0 Address: 0x3c1074600
  Set: 1305 Way: 0 Address: 0x3c1074640
  Set: 1306 Way: 0 Address: 0x3c1074680
  Set: 1307 Way: 0 Address: 0x3c10746c0
  Set: 1308 Way: 0 Address: 0x3c1074700
  Set: 1309 Way: 0 Address: 0x3c1074740
  Set: 1310 Way: 0 Address: 0x3c1074780
  Set: 1311 Way: 0 Address: 0x397bb47f8
  Set: 1311 Way: 1 Address: 0x3c10747c0
  Set: 1312 Way: 0 Address: 0x3c1074800
  Set: 1343 Way: 0 Address: 0x129934fe8
  Set: 1344 Way: 0 Address: 0x195f15000
  Set: 1365 Way: 0 Address: 0x1b0f15560
  Set: 1404 Way: 0 Address: 0x354d35f20
  Set: 1405 Way: 0 Address: 0x354d35f40
  Set: 1406 Way: 0 Address: 0x354d35f80
  Set: 1428 Way: 0 Address: 0x211d16538
  Set: 1430 Way: 0 Address: 0x848965b8
  Set: 1452 Way: 0 Address: 0x43736b10
  Set: 1494 Way: 0 Address: 0x276ff75a0
  Set: 1557 Way: 0 Address: 0x2c9898568
  Set: 1557 Way: 1 Address: 0x3bdd78558
  Set: 1571 Way: 0 Address: 0xc70788c8
  Set: 1574 Way: 0 Address: 0x201598980
  Set: 1580 Way: 0 Address: 0x1aafb8b08
  Set: 1636 Way: 0 Address: 0x312099924
  Set: 1637 Way: 0 Address: 0x312099940
  Set: 1638 Way: 0 Address: 0x312099980
  Set: 1639 Way: 0 Address: 0x3120999c0
  Set: 1640 Way: 0 Address: 0x312099a00
  Set: 1641 Way: 0 Address: 0x312099a40
  Set: 1642 Way: 0 Address: 0x312099a80
  Set: 1643 Way: 0 Address: 0x312099ac0
  Set: 1646 Way: 0 Address: 0x292959bb0
  Set: 1664 Way: 0 Address: 0x223eda018
  Set: 1664 Way: 1 Address: 0xc67da000
  Set: 1665 Way: 0 Address: 0xc67da040
  Set: 1666 Way: 0 Address: 0xc67da080
  Set: 1667 Way: 0 Address: 0xc67da0c0
  Set: 1668 Way: 0 Address: 0xc67da100
  Set: 1669 Way: 0 Address: 0xc67da140
  Set: 1672 Way: 0 Address: 0x1d89da208
  Set: 1734 Way: 0 Address: 0x3b377b1b4
  Set: 1735 Way: 0 Address: 0x3b377b1c0
  Set: 1736 Way: 0 Address: 0x3b377b200
  Set: 1737 Way: 0 Address: 0x3b377b240
  Set: 1738 Way: 0 Address: 0x3b377b280
  Set: 1739 Way: 0 Address: 0x3b377b2c0
  Set: 1740 Way: 0 Address: 0x3b377b300
  Set: 1741 Way: 0 Address: 0x3b377b340
  Set: 1742 Way: 0 Address: 0x3b377b380
  Set: 1756 Way: 0 Address: 0xc0d9b704
  Set: 1757 Way: 0 Address: 0xc0d9b740
  Set: 1758 Way: 0 Address: 0xc0d9b780
  Set: 1759 Way: 0 Address: 0xc0d9b7c0
  Set: 1760 Way: 0 Address: 0xc0d9b800
  Set: 1761 Way: 0 Address: 0xc0d9b840
  Set: 1762 Way: 0 Address: 0xc0d9b880
  Set: 1763 Way: 0 Address: 0xc0d9b8c0
  Set: 1768 Way: 0 Address: 0xcf83ba34
  Set: 1769 Way: 0 Address: 0xcf83ba40
  Set: 1770 Way: 0 Address: 0xcf83ba80
  Set: 1771 Way: 0 Address: 0xcf83bac0
  Set: 1772 Way: 0 Address: 0xcf83bb00
  Set: 1773 Way: 0 Address: 0xcf83bb40
  Set: 1774 Way: 0 Address: 0xcf83bb80
  Set: 1775 Way: 0 Address: 0xcf83bbc0
  Set: 1789 Way: 0 Address: 0x394edbf58
  Set: 1790 Way: 0 Address: 0x394edbfa4
  Set: 1791 Way: 0 Address: 0x394edbffc
  Set: 1792 Way: 0 Address: 0xdf85c000
  Set: 1794 Way: 0 Address: 0x12c6fc080
  Set: 1809 Way: 0 Address: 0x38e35c444
  Set: 1810 Way: 0 Address: 0x38e35c480
  Set: 1811 Way: 0 Address: 0x38e35c4c0
  Set: 1812 Way: 0 Address: 0x38e35c500
  Set: 1813 Way: 0 Address: 0x38e35c540
  Set: 1814 Way: 0 Address: 0x38e35c580
  Set: 1815 Way: 0 Address: 0x38e35c5c0
  Set: 1816 Way: 0 Address: 0x38e35c600
  Set: 1817 Way: 0 Address: 0x38e35c640
  Set: 1818 Way: 0 Address: 0x38e35c680
  Set: 1819 Way: 0 Address: 0x38e35c6c0
  Set: 1820 Way: 0 Address: 0x38e35c700
  Set: 1878 Way: 0 Address: 0x1add5a8
  Set: 1901 Way: 0 Address: 0x23755db68
  Set: 1920 Way: 0 Address: 0x28b67e000
  Set: 1920 Way: 1 Address: 0x1f919e010
  Set: 1921 Way: 0 Address: 0x1f919e070
  Set: 1922 Way: 0 Address: 0x1f919e0a0
  Set: 1931 Way: 0 Address: 0x2db79e2c4
  Set: 1932 Way: 0 Address: 0x2db79e300
  Set: 1933 Way: 0 Address: 0x2db79e340
  Set: 1934 Way: 0 Address: 0x2db79e380
  Set: 1935 Way: 0 Address: 0x2db79e3c0
  Set: 1936 Way: 0 Address: 0x2db79e400
  Set: 1937 Way: 0 Address: 0x2db79e440
  Set: 1938 Way: 0 Address: 0x2db79e480
  Set: 1951 Way: 0 Address: 0x28b67e7f8
  Set: 1969 Way: 0 Address: 0x20597ec54
  Set: 1970 Way: 0 Address: 0x20597ec80
  Set: 1971 Way: 0 Address: 0x20597ecc0
  Set: 1972 Way: 0 Address: 0x20597ed00
  Set: 1973 Way: 0 Address: 0x20597ed40
  Set: 1974 Way: 0 Address: 0x20597ed80
  Set: 1975 Way: 0 Address: 0x20597edc0
  Set: 1976 Way: 0 Address: 0x20597ee00
EndCache
