Cache: cpu0_STLB
  Set: 14 Way: 0 Address: 0x220e0f0
  Set: 15 Way: 0 Address: 0x220fc04
  Set: 16 Way: 0 Address: 0x2210d14
  Set: 17 Way: 0 Address: 0x2211e24
  Set: 18 Way: 0 Address: 0x2212f34
  Set: 19 Way: 0 Address: 0x2213000
  Set: 20 Way: 0 Address: 0x2214044
  Set: 21 Way: 0 Address: 0x2215154
  Set: 22 Way: 0 Address: 0x2216264
  Set: 23 Way: 0 Address: 0x2217374
  Set: 24 Way: 0 Address: 0x2218484
  Set: 25 Way: 0 Address: 0x2219594
  Set: 26 Way: 0 Address: 0x221a6a4
  Set: 27 Way: 0 Address: 0x221b7b4
  Set: 28 Way: 0 Address: 0x221c8c4
  Set: 29 Way: 0 Address: 0x221d9d4
  Set: 30 Way: 0 Address: 0x221eae4
  Set: 48 Way: 0 Address: 0x730650
  Set: 53 Way: 0 Address: 0x7fff6ec35ffc
  Set: 54 Way: 0 Address: 0x7fff6ec36020
  Set: 65 Way: 0 Address: 0x44143f
  Set: 95 Way: 0 Address: 0x285f7f8
  Set: 96 Way: 0 Address: 0x4608a0
  Set: 96 Way: 1 Address: 0x2860038
  Set: 97 Way: 0 Address: 0x7618c8
  Set: 97 Way: 1 Address: 0x2861218
  Set: 98 Way: 0 Address: 0x2862138
  Set: 99 Way: 0 Address: 0x2863058
  Set: 109 Way: 0 Address: 0x1d6dcd8
  Set: 110 Way: 0 Address: 0x1d6ede8
  Set: 112 Way: 0 Address: 0x1d708a0
EndCache
Cache: cpu0_L2C
  Set: 1 Way: 0 Address: 0x6e620044
  Set: 2 Way: 0 Address: 0x14bb100b8
  Set: 2 Way: 1 Address: 0x6e620080
  Set: 3 Way: 0 Address: 0x2177f00c8
  Set: 3 Way: 1 Address: 0x342b400e8
  Set: 3 Way: 2 Address: 0x6e6200c0
  Set: 4 Way: 0 Address: 0x6e620100
  Set: 5 Way: 0 Address: 0x6e620140
  Set: 6 Way: 0 Address: 0x6e620180
  Set: 7 Way: 0 Address: 0x6e6201c0
  Set: 8 Way: 0 Address: 0x6e620200
  Set: 12 Way: 0 Address: 0x28a940318
  Set: 66 Way: 0 Address: 0x19c791098
  Set: 98 Way: 0 Address: 0x2a48418a0
  Set: 99 Way: 0 Address: 0xf6e818c8
  Set: 107 Way: 0 Address: 0x181c81ae4
  Set: 108 Way: 0 Address: 0x181c81b00
  Set: 109 Way: 0 Address: 0x181c81b40
  Set: 110 Way: 0 Address: 0x181c81b80
  Set: 111 Way: 0 Address: 0x181c81bc0
  Set: 112 Way: 0 Address: 0x181c81c00
  Set: 113 Way: 0 Address: 0x181c81c40
  Set: 114 Way: 0 Address: 0x181c81c80
  Set: 130 Way: 0 Address: 0x1c84e20a0
  Set: 130 Way: 1 Address: 0x6d0c20b6
  Set: 131 Way: 0 Address: 0x1064c20e0
  Set: 131 Way: 1 Address: 0x6d0c20e8
  Set: 132 Way: 0 Address: 0x6d0c2100
  Set: 134 Way: 0 Address: 0x1995f21b0
  Set: 136 Way: 0 Address: 0x6d0c2218
  Set: 137 Way: 0 Address: 0x133c92264
  Set: 137 Way: 1 Address: 0x6d0c2248
  Set: 138 Way: 0 Address: 0x133c92280
  Set: 139 Way: 0 Address: 0x133c922c0
  Set: 140 Way: 0 Address: 0x133c92300
  Set: 141 Way: 0 Address: 0x6d0c2378
  Set: 141 Way: 1 Address: 0x133c92340
  Set: 142 Way: 0 Address: 0x6d0c2380
  Set: 142 Way: 1 Address: 0x9cff2390
  Set: 142 Way: 2 Address: 0x133c92380
  Set: 143 Way: 0 Address: 0x9cff23c0
  Set: 143 Way: 1 Address: 0x6d0c23c0
  Set: 143 Way: 2 Address: 0x133c923c0
  Set: 144 Way: 0 Address: 0x9cff243f
  Set: 144 Way: 1 Address: 0x133c92400
  Set: 145 Way: 0 Address: 0x9cff2446
  Set: 146 Way: 0 Address: 0x9cff2482
  Set: 147 Way: 0 Address: 0x9cff24c1
  Set: 147 Way: 1 Address: 0x6d0c24d8
  Set: 148 Way: 0 Address: 0x9cff2501
  Set: 148 Way: 1 Address: 0x6d0c2508
  Set: 149 Way: 0 Address: 0x9cff2543
  Set: 151 Way: 0 Address: 0x9cff25c8
  Set: 152 Way: 0 Address: 0x9cff2600
  Set: 152 Way: 1 Address: 0x6d0c2638
  Set: 153 Way: 0 Address: 0x6d0c2640
  Set: 153 Way: 1 Address: 0x9cff2645
  Set: 154 Way: 0 Address: 0x6d0c2680
  Set: 158 Way: 0 Address: 0x6d0c2798
  Set: 159 Way: 0 Address: 0x6d0c27c8
  Set: 163 Way: 0 Address: 0x6d0c28f8
  Set: 164 Way: 0 Address: 0x6d0c2904
  Set: 165 Way: 0 Address: 0x6d0c2940
  Set: 169 Way: 0 Address: 0x6d0c2a5e
  Set: 170 Way: 0 Address: 0x6d0c2a8a
  Set: 174 Way: 0 Address: 0x6d0c2bb8
  Set: 175 Way: 0 Address: 0x6d0c2bc0
  Set: 176 Way: 0 Address: 0x6d0c2c00
  Set: 180 Way: 0 Address: 0x6d0c2d18
  Set: 181 Way: 0 Address: 0x6d0c2d4c
  Set: 185 Way: 0 Address: 0x6d0c2e78
  Set: 186 Way: 0 Address: 0x6d0c2e80
  Set: 187 Way: 0 Address: 0x6d0c2ec0
  Set: 191 Way: 0 Address: 0x6d0c2fd8
  Set: 194 Way: 0 Address: 0x2b2e93090
  Set: 194 Way: 1 Address: 0x3b0803098
  Set: 195 Way: 0 Address: 0x3b08030f0
  Set: 218 Way: 0 Address: 0x3232f36a4
  Set: 219 Way: 0 Address: 0x3232f36c0
  Set: 220 Way: 0 Address: 0x3232f3700
  Set: 221 Way: 0 Address: 0x3232f3740
  Set: 222 Way: 0 Address: 0x2577137b4
  Set: 222 Way: 1 Address: 0x3232f3780
  Set: 223 Way: 0 Address: 0x3c56b37f8
  Set: 223 Way: 1 Address: 0x2577137c0
  Set: 223 Way: 2 Address: 0x34a8737f8
  Set: 223 Way: 3 Address: 0x3232f37c0
  Set: 224 Way: 0 Address: 0x34a873802
  Set: 224 Way: 1 Address: 0x257713800
  Set: 224 Way: 2 Address: 0x3232f3800
  Set: 225 Way: 0 Address: 0x257713840
  Set: 225 Way: 1 Address: 0x34a873840
  Set: 225 Way: 2 Address: 0x3232f3840
  Set: 226 Way: 0 Address: 0x257713880
  Set: 227 Way: 0 Address: 0x2577138c0
  Set: 228 Way: 0 Address: 0x257713900
  Set: 229 Way: 0 Address: 0x34a873958
  Set: 229 Way: 1 Address: 0x257713940
  Set: 230 Way: 0 Address: 0x34a873980
  Set: 234 Way: 0 Address: 0x34a873abc
  Set: 235 Way: 0 Address: 0x34a873ac4
  Set: 236 Way: 0 Address: 0x34a873b00
  Set: 240 Way: 0 Address: 0x34a873c18
  Set: 241 Way: 0 Address: 0x34a873c40
  Set: 245 Way: 0 Address: 0x34a873d78
  Set: 246 Way: 0 Address: 0x34a873d80
  Set: 247 Way: 0 Address: 0x34a873dc0
  Set: 251 Way: 0 Address: 0x34a873ed8
  Set: 252 Way: 0 Address: 0x34a873f00
  Set: 258 Way: 0 Address: 0x3c1074080
  Set: 268 Way: 0 Address: 0x3de4d4300
  Set: 300 Way: 0 Address: 0x129934b08
  Set: 316 Way: 0 Address: 0x1ab44f34
  Set: 317 Way: 0 Address: 0x1ab44f40
  Set: 318 Way: 0 Address: 0x1ab44f80
  Set: 319 Way: 0 Address: 0x1ab44fc0
  Set: 320 Way: 0 Address: 0x195f15000
  Set: 332 Way: 0 Address: 0x272585300
  Set: 342 Way: 0 Address: 0x1b0f15594
  Set: 343 Way: 0 Address: 0x1b0f155c0
  Set: 344 Way: 0 Address: 0x1b0f15600
  Set: 345 Way: 0 Address: 0x1b0f15640
  Set: 346 Way: 0 Address: 0x1b0f15680
  Set: 347 Way: 0 Address: 0x1b0f156c0
  Set: 348 Way: 0 Address: 0x1b0f15700
  Set: 349 Way: 0 Address: 0x1b0f15740
  Set: 368 Way: 0 Address: 0x354d35c04
  Set: 369 Way: 0 Address: 0x354d35c40
  Set: 370 Way: 0 Address: 0x354d35c80
  Set: 371 Way: 0 Address: 0x354d35cc0
  Set: 372 Way: 0 Address: 0x354d35d00
  Set: 373 Way: 0 Address: 0x354d35d40
  Set: 374 Way: 0 Address: 0x354d35d80
  Set: 375 Way: 0 Address: 0x354d35dc0
  Set: 386 Way: 0 Address: 0x848960b0
  Set: 387 Way: 0 Address: 0x3dae660f0
  Set: 387 Way: 1 Address: 0x848960c0
  Set: 388 Way: 0 Address: 0x3dae66108
  Set: 389 Way: 0 Address: 0x3dae66140
  Set: 423 Way: 0 Address: 0x27d4c69d4
  Set: 424 Way: 0 Address: 0x27d4c6a00
  Set: 425 Way: 0 Address: 0x27d4c6a40
  Set: 426 Way: 0 Address: 0x27d4c6a80
  Set: 427 Way: 0 Address: 0x3dae66af4
  Set: 427 Way: 1 Address: 0x27d4c6ac0
  Set: 428 Way: 0 Address: 0x3dae66b00
  Set: 428 Way: 1 Address: 0x27d4c6b00
  Set: 429 Way: 0 Address: 0x3d87a6b68
  Set: 429 Way: 1 Address: 0x3dae66b40
  Set: 429 Way: 2 Address: 0x27d4c6b40
  Set: 430 Way: 0 Address: 0x3dae66b80
  Set: 430 Way: 1 Address: 0x27d4c6b80
  Set: 431 Way: 0 Address: 0x3dae66bc0
  Set: 432 Way: 0 Address: 0x3dae66c00
  Set: 433 Way: 0 Address: 0x3dae66c40
  Set: 434 Way: 0 Address: 0x3dae66c80
  Set: 435 Way: 0 Address: 0x3dae66cc0
  Set: 440 Way: 0 Address: 0x211d16e24
  Set: 441 Way: 0 Address: 0x211d16e40
  Set: 442 Way: 0 Address: 0x211d16e80
  Set: 443 Way: 0 Address: 0x211d16ec0
  Set: 444 Way: 0 Address: 0x211d16f00
  Set: 445 Way: 0 Address: 0x211d16f40
  Set: 446 Way: 0 Address: 0x211d16f80
  Set: 447 Way: 0 Address: 0x43736fe8
  Set: 447 Way: 1 Address: 0x211d16fc0
  Set: 450 Way: 0 Address: 0x276ff70a0
  Set: 461 Way: 0 Address: 0xbeea7374
  Set: 462 Way: 0 Address: 0xbeea7380
  Set: 463 Way: 0 Address: 0xbeea73c0
  Set: 464 Way: 0 Address: 0xbeea7400
  Set: 465 Way: 0 Address: 0xbeea7440
  Set: 466 Way: 0 Address: 0xbeea7480
  Set: 467 Way: 0 Address: 0xbeea74c0
  Set: 468 Way: 0 Address: 0xbeea7500
  Set: 469 Way: 0 Address: 0xbeea7540
  Set: 494 Way: 0 Address: 0x309887bb0
  Set: 512 Way: 0 Address: 0x3bdd78008
  Set: 513 Way: 0 Address: 0x201598070
  Set: 514 Way: 0 Address: 0x201598088
  Set: 516 Way: 0 Address: 0x3bdd78138
  Set: 517 Way: 0 Address: 0x3bdd78142
  Set: 518 Way: 0 Address: 0x3bdd78180
  Set: 522 Way: 0 Address: 0x3bdd78298
  Set: 523 Way: 0 Address: 0x3bdd782c8
  Set: 527 Way: 0 Address: 0x3bdd783f8
  Set: 528 Way: 0 Address: 0x3bdd78400
  Set: 529 Way: 0 Address: 0x3bdd78440
  Set: 530 Way: 0 Address: 0x2c9898484
  Set: 531 Way: 0 Address: 0x2c98984c0
  Set: 532 Way: 0 Address: 0x2c9898500
  Set: 533 Way: 0 Address: 0x3bdd7855a
  Set: 533 Way: 1 Address: 0x2c9898540
  Set: 534 Way: 0 Address: 0x3bdd78588
  Set: 534 Way: 1 Address: 0x2c9898580
  Set: 535 Way: 0 Address: 0x2c98985c0
  Set: 536 Way: 0 Address: 0x2c9898600
  Set: 537 Way: 0 Address: 0x2c9898640
  Set: 538 Way: 0 Address: 0x3bdd786b8
  Set: 539 Way: 0 Address: 0x3bdd786c0
  Set: 540 Way: 0 Address: 0x3bdd78700
  Set: 544 Way: 0 Address: 0x3bdd78818
  Set: 545 Way: 0 Address: 0x3bdd78848
  Set: 549 Way: 0 Address: 0x3bdd78978
  Set: 550 Way: 0 Address: 0x1aafb8980
  Set: 550 Way: 1 Address: 0x3bdd78980
  Set: 551 Way: 0 Address: 0x3bdd789c0
  Set: 555 Way: 0 Address: 0x3bdd78ad8
  Set: 556 Way: 0 Address: 0x3bdd78b08
  Set: 557 Way: 0 Address: 0xc7078b70
  Set: 558 Way: 0 Address: 0xc7078b80
  Set: 560 Way: 0 Address: 0x3bdd78c38
  Set: 561 Way: 0 Address: 0x3bdd78c42
  Set: 562 Way: 0 Address: 0x3bdd78c80
  Set: 566 Way: 0 Address: 0x3bdd78d98
  Set: 567 Way: 0 Address: 0x3bdd78dca
  Set: 571 Way: 0 Address: 0x3bdd78ef8
  Set: 572 Way: 0 Address: 0x3bdd78f00
  Set: 573 Way: 0 Address: 0x3bdd78f40
  Set: 576 Way: 0 Address: 0x2fa0c9038
  Set: 577 Way: 0 Address: 0x2fa0c9040
  Set: 578 Way: 0 Address: 0x2ee369088
  Set: 578 Way: 1 Address: 0x2fa0c9080
  Set: 582 Way: 0 Address: 0x2fa0c9198
  Set: 583 Way: 0 Address: 0x2fa0c91c0
  Set: 587 Way: 0 Address: 0x2c87492f8
  Set: 587 Way: 1 Address: 0x2fa0c92f8
  Set: 588 Way: 0 Address: 0x2c8749300
  Set: 588 Way: 1 Address: 0x2fa0c9300
  Set: 589 Way: 0 Address: 0x2fa0c9340
  Set: 593 Way: 0 Address: 0x2fa0c9458
  Set: 594 Way: 0 Address: 0x2fa0c9480
  Set: 598 Way: 0 Address: 0x2fa0c95b8
  Set: 599 Way: 0 Address: 0x2fa0c95c0
  Set: 600 Way: 0 Address: 0x2fa0c9600
  Set: 601 Way: 0 Address: 0x292959650
  Set: 604 Way: 0 Address: 0x2fa0c9718
  Set: 605 Way: 0 Address: 0x2fa0c9740
  Set: 609 Way: 0 Address: 0x2fa0c9878
  Set: 610 Way: 0 Address: 0x2fa0c9880
  Set: 611 Way: 0 Address: 0x2fa0c98c0
  Set: 615 Way: 0 Address: 0x2fa0c99d8
  Set: 616 Way: 0 Address: 0x2fa0c9a00
  Set: 620 Way: 0 Address: 0x2fa0c9b38
  Set: 621 Way: 0 Address: 0x312099b70
  Set: 621 Way: 1 Address: 0x2fa0c9b40
  Set: 622 Way: 0 Address: 0x2fa0c9b80
  Set: 626 Way: 0 Address: 0x2fa0c9c98
  Set: 627 Way: 0 Address: 0x2fa0c9cc0
  Set: 631 Way: 0 Address: 0x2fa0c9df6
  Set: 632 Way: 0 Address: 0x2fa0c9e00
  Set: 633 Way: 0 Address: 0x2fa0c9e40
  Set: 637 Way: 0 Address: 0x2fa0c9f56
  Set: 638 Way: 0 Address: 0x2fa0c9f90
  Set: 640 Way: 0 Address: 0x223eda018
  Set: 641 Way: 0 Address: 0xc67da058
  Set: 642 Way: 0 Address: 0xc67da080
  Set: 648 Way: 0 Address: 0x1d89da208
  Set: 706 Way: 0 Address: 0x394edb088
  Set: 707 Way: 0 Address: 0x3b377b0c0
  Set: 707 Way: 1 Address: 0xc0d9b0d8
  Set: 755 Way: 0 Address: 0xcf83bcd8
  Set: 756 Way: 0 Address: 0xcf83bd00
  Set: 757 Way: 0 Address: 0xcf83bd40
  Set: 758 Way: 0 Address: 0xcf83bd80
  Set: 759 Way: 0 Address: 0xcf83bdc0
  Set: 760 Way: 0 Address: 0xcf83be00
  Set: 761 Way: 0 Address: 0xcf83be40
  Set: 762 Way: 0 Address: 0xcf83be80
  Set: 768 Way: 0 Address: 0xdf85c000
  Set: 768 Way: 1 Address: 0x32f48c000
  Set: 769 Way: 0 Address: 0x38e35c078
  Set: 769 Way: 1 Address: 0x32f48c040
  Set: 770 Way: 0 Address: 0x38e35c090
  Set: 770 Way: 1 Address: 0x32f48c080
  Set: 771 Way: 0 Address: 0x32f48c0c0
  Set: 772 Way: 0 Address: 0x32f48c100
  Set: 800 Way: 0 Address: 0x12c6fc834
  Set: 801 Way: 0 Address: 0x12c6fc860
  Set: 802 Way: 0 Address: 0x12c6fc8a0
  Set: 803 Way: 0 Address: 0x12c6fc8e0
  Set: 804 Way: 0 Address: 0x12c6fc914
  Set: 805 Way: 0 Address: 0x12c6fc940
  Set: 806 Way: 0 Address: 0x12c6fc9a4
  Set: 807 Way: 0 Address: 0x12c6fc9e8
  Set: 808 Way: 0 Address: 0x12c6fca00
  Set: 809 Way: 0 Address: 0x12c6fca40
  Set: 810 Way: 0 Address: 0x12c6fcaa4
  Set: 811 Way: 0 Address: 0x12c6fcadc
  Set: 812 Way: 0 Address: 0x12c6fcb00
  Set: 813 Way: 0 Address: 0x12c6fcb58
  Set: 814 Way: 0 Address: 0x12c6fcba4
  Set: 815 Way: 0 Address: 0x12c6fcbc0
  Set: 834 Way: 0 Address: 0x1add0a8
  Set: 838 Way: 0 Address: 0x23755d1a8
  Set: 884 Way: 0 Address: 0x5588dd14
  Set: 885 Way: 0 Address: 0x5588dd40
  Set: 886 Way: 0 Address: 0x5588dd80
  Set: 887 Way: 0 Address: 0x5588ddc0
  Set: 888 Way: 0 Address: 0x5588de00
  Set: 889 Way: 0 Address: 0x5588de40
  Set: 890 Way: 0 Address: 0x5588de80
  Set: 891 Way: 0 Address: 0x5588dec0
  Set: 896 Way: 0 Address: 0x28b67e000
  Set: 896 Way: 1 Address: 0x1f919e010
  Set: 896 Way: 2 Address: 0x2f5d8e020
  Set: 897 Way: 0 Address: 0x1f919e070
  Set: 897 Way: 1 Address: 0x2f5d8e040
  Set: 898 Way: 0 Address: 0x1f919e0a0
  Set: 898 Way: 1 Address: 0x2f5d8e080
  Set: 899 Way: 0 Address: 0x2f5d8e0c0
  Set: 899 Way: 1 Address: 0x2db79e0d0
  Set: 900 Way: 0 Address: 0x2f5d8e106
  Set: 901 Way: 0 Address: 0x2f5d8e140
  Set: 901 Way: 1 Address: 0x1c084e154
  Set: 902 Way: 0 Address: 0x2f5d8e180
  Set: 902 Way: 1 Address: 0x1c084e180
  Set: 903 Way: 0 Address: 0x2f5d8e1c0
  Set: 903 Way: 1 Address: 0x1c084e1c0
  Set: 904 Way: 0 Address: 0x1c084e200
  Set: 905 Way: 0 Address: 0x1c084e240
  Set: 906 Way: 0 Address: 0x1c084e280
  Set: 907 Way: 0 Address: 0x1c084e2c0
  Set: 908 Way: 0 Address: 0x3734ee308
  Set: 908 Way: 1 Address: 0x1c084e300
  Set: 927 Way: 0 Address: 0x28b67e7f8
  Set: 951 Way: 0 Address: 0x20597ede8
  Set: 952 Way: 0 Address: 0x20597ee00
  Set: 953 Way: 0 Address: 0x20597ee40
  Set: 954 Way: 0 Address: 0x20597ee80
  Set: 955 Way: 0 Address: 0x20597eec0
  Set: 956 Way: 0 Address: 0x20597ef00
  Set: 957 Way: 0 Address: 0x20597ef40
  Set: 958 Way: 0 Address: 0x20597ef80
  Set: 961 Way: 0 Address: 0x143ef070
  Set: 962 Way: 0 Address: 0x143ef080
  Set: 971 Way: 0 Address: 0x22272f2f8
  Set: 972 Way: 0 Address: 0x22272f310
  Set: 995 Way: 0 Address: 0x23756f8c4
  Set: 996 Way: 0 Address: 0x23756f900
  Set: 997 Way: 0 Address: 0x23756f940
  Set: 998 Way: 0 Address: 0x23756f980
  Set: 999 Way: 0 Address: 0x23756f9c0
  Set: 1000 Way: 0 Address: 0x23756fa00
  Set: 1001 Way: 0 Address: 0x23756fa40
  Set: 1002 Way: 0 Address: 0x23756fa80
  Set: 1021 Way: 0 Address: 0xee86ff58
  Set: 1022 Way: 0 Address: 0xee86ffa4
  Set: 1023 Way: 0 Address: 0xee86fffc
EndCache
Cache: cpu0_L1I
  Set: 14 Way: 0 Address: 0x9cff2390
  Set: 15 Way: 0 Address: 0x9cff23f5
  Set: 16 Way: 0 Address: 0x9cff243f
  Set: 17 Way: 0 Address: 0x9cff246f
  Set: 18 Way: 0 Address: 0x9cff24aa
  Set: 19 Way: 0 Address: 0x9cff24e6
  Set: 20 Way: 0 Address: 0x9cff2508
  Set: 21 Way: 0 Address: 0x9cff255c
  Set: 23 Way: 0 Address: 0x9cff25fc
  Set: 24 Way: 0 Address: 0x9cff2600
  Set: 25 Way: 0 Address: 0x9cff2645
  Set: 34 Way: 0 Address: 0x2a48418a0
EndCache
Cache: cpu0_L1D
  Set: 0 Way: 0 Address: 0xdf85c000
  Set: 0 Way: 1 Address: 0x28b67e000
  Set: 0 Way: 2 Address: 0x195f15000
  Set: 0 Way: 3 Address: 0x1f919e010
  Set: 0 Way: 4 Address: 0x223eda018
  Set: 0 Way: 5 Address: 0x2f5d8e034
  Set: 0 Way: 6 Address: 0x3bdd78018
  Set: 0 Way: 7 Address: 0x2fa0c9038
  Set: 0 Way: 8 Address: 0x32f48c004
  Set: 1 Way: 0 Address: 0x1f919e070
  Set: 1 Way: 1 Address: 0x201598070
  Set: 1 Way: 2 Address: 0x2f5d8e078
  Set: 1 Way: 3 Address: 0x143ef070
  Set: 1 Way: 4 Address: 0x38e35c078
  Set: 1 Way: 5 Address: 0x6e620044
  Set: 1 Way: 6 Address: 0x2fa0c904c
  Set: 1 Way: 7 Address: 0xc67da06a
  Set: 1 Way: 8 Address: 0x32f48c040
  Set: 2 Way: 0 Address: 0x276ff70a0
  Set: 2 Way: 1 Address: 0x14bb100b8
  Set: 2 Way: 2 Address: 0x6e620080
  Set: 2 Way: 3 Address: 0xc67da080
  Set: 2 Way: 4 Address: 0x2f5d8e080
  Set: 2 Way: 5 Address: 0x3b0803098
  Set: 2 Way: 6 Address: 0x19c791098
  Set: 2 Way: 7 Address: 0x2fa0c9080
  Set: 2 Way: 8 Address: 0x6d0c20be
  Set: 2 Way: 9 Address: 0x32f48c080
  Set: 2 Way: 10 Address: 0x848960b0
  Set: 2 Way: 11 Address: 0x1add0a8
  Set: 3 Way: 0 Address: 0x2f5d8e0e0
  Set: 3 Way: 1 Address: 0x3dae660f0
  Set: 3 Way: 2 Address: 0x32f48c0c0
  Set: 3 Way: 3 Address: 0x2177f00c8
  Set: 3 Way: 4 Address: 0x3b377b0c0
  Set: 3 Way: 5 Address: 0x2db79e0d0
  Set: 3 Way: 6 Address: 0x1064c20e0
  Set: 3 Way: 7 Address: 0x342b400e8
  Set: 3 Way: 8 Address: 0xc0d9b0d8
  Set: 3 Way: 9 Address: 0x3b08030f0
  Set: 3 Way: 10 Address: 0x6d0c20fe
  Set: 3 Way: 11 Address: 0x6e6200c0
  Set: 4 Way: 0 Address: 0x3dae66108
  Set: 4 Way: 1 Address: 0x2f5d8e116
  Set: 4 Way: 2 Address: 0x3bdd78138
  Set: 4 Way: 3 Address: 0x6d0c2104
  Set: 4 Way: 4 Address: 0x6e620100
  Set: 4 Way: 5 Address: 0x32f48c100
  Set: 5 Way: 0 Address: 0x2f5d8e15e
  Set: 5 Way: 1 Address: 0x1c084e154
  Set: 5 Way: 2 Address: 0x3bdd78154
  Set: 5 Way: 3 Address: 0x3dae66150
  Set: 5 Way: 4 Address: 0x6e620140
  Set: 6 Way: 0 Address: 0x1995f21b0
  Set: 6 Way: 1 Address: 0x23755d1a8
  Set: 6 Way: 2 Address: 0x2f5d8e196
  Set: 6 Way: 3 Address: 0x3bdd78180
  Set: 6 Way: 4 Address: 0x1c084e180
  Set: 6 Way: 5 Address: 0x2fa0c91b2
  Set: 6 Way: 6 Address: 0x6e620180
  Set: 7 Way: 0 Address: 0x2f5d8e1dc
  Set: 7 Way: 1 Address: 0x2fa0c91c0
  Set: 7 Way: 2 Address: 0x1c084e1c0
  Set: 7 Way: 3 Address: 0x6e6201c0
  Set: 8 Way: 0 Address: 0x1d89da208
  Set: 8 Way: 1 Address: 0x6d0c2228
  Set: 8 Way: 2 Address: 0x1c084e200
  Set: 8 Way: 3 Address: 0x6e620200
  Set: 9 Way: 0 Address: 0x133c92264
  Set: 9 Way: 1 Address: 0x6d0c2262
  Set: 9 Way: 2 Address: 0x1c084e240
  Set: 10 Way: 0 Address: 0x3bdd782b2
  Set: 10 Way: 1 Address: 0x133c92280
  Set: 10 Way: 2 Address: 0x1c084e280
  Set: 11 Way: 0 Address: 0x3bdd782e0
  Set: 11 Way: 1 Address: 0x22272f2f8
  Set: 11 Way: 2 Address: 0x2c87492f8
  Set: 11 Way: 3 Address: 0x2fa0c92fc
  Set: 11 Way: 4 Address: 0x133c922c0
  Set: 11 Way: 5 Address: 0x1c084e2c0
  Set: 12 Way: 0 Address: 0x3de4d4300
  Set: 12 Way: 1 Address: 0x3734ee308
  Set: 12 Way: 2 Address: 0x22272f310
  Set: 12 Way: 3 Address: 0x2c8749300
  Set: 12 Way: 4 Address: 0x272585300
  Set: 12 Way: 5 Address: 0x2fa0c9302
  Set: 12 Way: 6 Address: 0x28a940318
  Set: 12 Way: 7 Address: 0x133c92300
  Set: 12 Way: 8 Address: 0x1c084e300
  Set: 13 Way: 0 Address: 0x6d0c2378
  Set: 13 Way: 1 Address: 0xbeea7374
  Set: 13 Way: 2 Address: 0x133c92340
  Set: 13 Way: 3 Address: 0x2fa0c9340
  Set: 14 Way: 0 Address: 0x6d0c2380
  Set: 14 Way: 1 Address: 0xbeea7380
  Set: 14 Way: 2 Address: 0x133c92380
  Set: 15 Way: 0 Address: 0x3bdd783fa
  Set: 15 Way: 1 Address: 0x6d0c23c2
  Set: 15 Way: 2 Address: 0xbeea73c0
  Set: 15 Way: 3 Address: 0x133c923c0
  Set: 16 Way: 0 Address: 0x3bdd78412
  Set: 16 Way: 1 Address: 0xbeea7400
  Set: 16 Way: 2 Address: 0x133c92400
  Set: 17 Way: 0 Address: 0x3bdd78440
  Set: 17 Way: 1 Address: 0x2fa0c9470
  Set: 17 Way: 2 Address: 0xbeea7440
  Set: 18 Way: 0 Address: 0x2c9898484
  Set: 18 Way: 1 Address: 0x2fa0c9480
  Set: 18 Way: 2 Address: 0xbeea7480
  Set: 19 Way: 0 Address: 0x6d0c24d8
  Set: 19 Way: 1 Address: 0x2c98984c0
  Set: 19 Way: 2 Address: 0xbeea74c0
  Set: 20 Way: 0 Address: 0x6d0c2516
  Set: 20 Way: 1 Address: 0x2c9898500
  Set: 20 Way: 2 Address: 0xbeea7500
  Set: 21 Way: 0 Address: 0x3bdd78572
  Set: 21 Way: 1 Address: 0x2c9898540
  Set: 21 Way: 2 Address: 0xbeea7540
  Set: 22 Way: 0 Address: 0x1b0f15594
  Set: 22 Way: 1 Address: 0x3bdd7859a
  Set: 22 Way: 2 Address: 0x2fa0c95b8
  Set: 22 Way: 3 Address: 0x2c9898580
  Set: 23 Way: 0 Address: 0x1b0f155c0
  Set: 23 Way: 1 Address: 0x2fa0c95ca
  Set: 23 Way: 2 Address: 0x2c98985c0
  Set: 24 Way: 0 Address: 0x6d0c2638
  Set: 24 Way: 1 Address: 0x1b0f15600
  Set: 24 Way: 2 Address: 0x2fa0c9600
  Set: 24 Way: 3 Address: 0x2c9898600
  Set: 25 Way: 0 Address: 0x292959650
  Set: 25 Way: 1 Address: 0x6d0c2640
  Set: 25 Way: 2 Address: 0x1b0f15640
  Set: 25 Way: 3 Address: 0x2c9898640
  Set: 26 Way: 0 Address: 0x3232f36a4
  Set: 26 Way: 1 Address: 0x6d0c2680
  Set: 26 Way: 2 Address: 0x3bdd786be
  Set: 26 Way: 3 Address: 0x1b0f15680
  Set: 27 Way: 0 Address: 0x3bdd786d2
  Set: 27 Way: 1 Address: 0x3232f36c0
  Set: 27 Way: 2 Address: 0x1b0f156c0
  Set: 28 Way: 0 Address: 0x3bdd78700
  Set: 28 Way: 1 Address: 0x2fa0c9732
  Set: 28 Way: 2 Address: 0x3232f3700
  Set: 28 Way: 3 Address: 0x1b0f15700
  Set: 29 Way: 0 Address: 0x2fa0c9740
  Set: 29 Way: 1 Address: 0x3232f3740
  Set: 29 Way: 2 Address: 0x1b0f15740
  Set: 30 Way: 0 Address: 0x6d0c27b6
  Set: 30 Way: 1 Address: 0x2577137b4
  Set: 30 Way: 2 Address: 0x3232f3780
  Set: 31 Way: 0 Address: 0x28b67e7f8
  Set: 31 Way: 1 Address: 0x3c56b37f8
  Set: 31 Way: 2 Address: 0x6d0c27de
  Set: 31 Way: 3 Address: 0x2577137c0
  Set: 31 Way: 4 Address: 0x34a8737fc
  Set: 31 Way: 5 Address: 0x3232f37c0
  Set: 32 Way: 0 Address: 0x12c6fc834
  Set: 32 Way: 1 Address: 0x3bdd78832
  Set: 32 Way: 2 Address: 0x34a873812
  Set: 32 Way: 3 Address: 0x257713800
  Set: 32 Way: 4 Address: 0x3232f3800
  Set: 33 Way: 0 Address: 0x12c6fc860
  Set: 33 Way: 1 Address: 0x3bdd78864
  Set: 33 Way: 2 Address: 0x2fa0c9878
  Set: 33 Way: 3 Address: 0x257713840
  Set: 33 Way: 4 Address: 0x34a873840
  Set: 33 Way: 5 Address: 0x3232f3840
  Set: 34 Way: 0 Address: 0x12c6fc8a0
  Set: 34 Way: 1 Address: 0x2fa0c9880
  Set: 34 Way: 2 Address: 0x257713880
  Set: 35 Way: 0 Address: 0xf6e818c8
  Set: 35 Way: 1 Address: 0x12c6fc8e0
  Set: 35 Way: 2 Address: 0x6d0c28fc
  Set: 35 Way: 3 Address: 0x23756f8c4
  Set: 35 Way: 4 Address: 0x2fa0c98c0
  Set: 35 Way: 5 Address: 0x2577138c0
  Set: 36 Way: 0 Address: 0x12c6fc914
  Set: 36 Way: 1 Address: 0x6d0c2914
  Set: 36 Way: 2 Address: 0x23756f900
  Set: 36 Way: 3 Address: 0x257713900
  Set: 37 Way: 0 Address: 0x12c6fc940
  Set: 37 Way: 1 Address: 0x6d0c2944
  Set: 37 Way: 2 Address: 0x3bdd7897a
  Set: 37 Way: 3 Address: 0x34a873972
  Set: 37 Way: 4 Address: 0x23756f940
  Set: 37 Way: 5 Address: 0x257713940
  Set: 38 Way: 0 Address: 0x1aafb8980
  Set: 38 Way: 1 Address: 0x12c6fc9a4
  Set: 38 Way: 2 Address: 0x3bdd78996
  Set: 38 Way: 3 Address: 0x34a873980
  Set: 38 Way: 4 Address: 0x23756f980
  Set: 39 Way: 0 Address: 0x12c6fc9e8
  Set: 39 Way: 1 Address: 0x27d4c69d4
  Set: 39 Way: 2 Address: 0x3bdd789c0
  Set: 39 Way: 3 Address: 0x2fa0c99f2
  Set: 39 Way: 4 Address: 0x23756f9c0
  Set: 40 Way: 0 Address: 0x12c6fca00
  Set: 40 Way: 1 Address: 0x27d4c6a00
  Set: 40 Way: 2 Address: 0x2fa0c9a00
  Set: 40 Way: 3 Address: 0x23756fa00
  Set: 41 Way: 0 Address: 0x6d0c2a5a
  Set: 41 Way: 1 Address: 0x12c6fca40
  Set: 41 Way: 2 Address: 0x27d4c6a40
  Set: 41 Way: 3 Address: 0x23756fa40
  Set: 42 Way: 0 Address: 0x6d0c2a9a
  Set: 42 Way: 1 Address: 0x12c6fcaa4
  Set: 42 Way: 2 Address: 0x34a873ab8
  Set: 42 Way: 3 Address: 0x27d4c6a80
  Set: 42 Way: 4 Address: 0x23756fa80
  Set: 43 Way: 0 Address: 0x3dae66af4
  Set: 43 Way: 1 Address: 0x181c81ae4
  Set: 43 Way: 2 Address: 0x12c6fcadc
  Set: 43 Way: 3 Address: 0x3bdd78af2
  Set: 43 Way: 4 Address: 0x34a873ad2
  Set: 43 Way: 5 Address: 0x27d4c6ac0
  Set: 44 Way: 0 Address: 0x129934b08
  Set: 44 Way: 1 Address: 0x12c6fcb00
  Set: 44 Way: 2 Address: 0x3dae66b00
  Set: 44 Way: 3 Address: 0x181c81b00
  Set: 44 Way: 4 Address: 0x3bdd78b10
  Set: 44 Way: 5 Address: 0x2fa0c9b3a
  Set: 44 Way: 6 Address: 0x34a873b00
  Set: 44 Way: 7 Address: 0x27d4c6b00
  Set: 45 Way: 0 Address: 0xc7078b68
  Set: 45 Way: 1 Address: 0x3d87a6b68
  Set: 45 Way: 2 Address: 0x312099b70
  Set: 45 Way: 3 Address: 0x12c6fcb58
  Set: 45 Way: 4 Address: 0x2fa0c9b50
  Set: 45 Way: 5 Address: 0x3dae66b40
  Set: 45 Way: 6 Address: 0x181c81b40
  Set: 45 Way: 7 Address: 0x27d4c6b40
  Set: 46 Way: 0 Address: 0xc7078b80
  Set: 46 Way: 1 Address: 0x309887bb0
  Set: 46 Way: 2 Address: 0x6d0c2bbc
  Set: 46 Way: 3 Address: 0x12c6fcba4
  Set: 46 Way: 4 Address: 0x3dae66b80
  Set: 46 Way: 5 Address: 0x181c81b80
  Set: 46 Way: 6 Address: 0x2fa0c9b80
  Set: 46 Way: 7 Address: 0x27d4c6b80
  Set: 47 Way: 0 Address: 0x6d0c2bce
  Set: 47 Way: 1 Address: 0x12c6fcbc0
  Set: 47 Way: 2 Address: 0x3dae66bc0
  Set: 47 Way: 3 Address: 0x181c81bc0
  Set: 48 Way: 0 Address: 0x354d35c04
  Set: 48 Way: 1 Address: 0x6d0c2c00
  Set: 48 Way: 2 Address: 0x3bdd78c3a
  Set: 48 Way: 3 Address: 0x34a873c30
  Set: 48 Way: 4 Address: 0x3dae66c00
  Set: 48 Way: 5 Address: 0x181c81c00
  Set: 49 Way: 0 Address: 0x3bdd78c4e
  Set: 49 Way: 1 Address: 0x354d35c40
  Set: 49 Way: 2 Address: 0x34a873c40
  Set: 49 Way: 3 Address: 0x3dae66c40
  Set: 49 Way: 4 Address: 0x181c81c40
  Set: 50 Way: 0 Address: 0x3bdd78c80
  Set: 50 Way: 1 Address: 0x2fa0c9cb2
  Set: 50 Way: 2 Address: 0x354d35c80
  Set: 50 Way: 3 Address: 0x3dae66c80
  Set: 50 Way: 4 Address: 0x181c81c80
  Set: 51 Way: 0 Address: 0xcf83bcd8
  Set: 51 Way: 1 Address: 0x2fa0c9cc0
  Set: 51 Way: 2 Address: 0x354d35cc0
  Set: 51 Way: 3 Address: 0x3dae66cc0
  Set: 52 Way: 0 Address: 0x6d0c2d32
  Set: 52 Way: 1 Address: 0x5588dd14
  Set: 52 Way: 2 Address: 0xcf83bd00
  Set: 52 Way: 3 Address: 0x354d35d00
  Set: 53 Way: 0 Address: 0x6d0c2d5e
  Set: 53 Way: 1 Address: 0x5588dd40
  Set: 53 Way: 2 Address: 0x34a873d7c
  Set: 53 Way: 3 Address: 0xcf83bd40
  Set: 53 Way: 4 Address: 0x354d35d40
  Set: 54 Way: 0 Address: 0x3bdd78db2
  Set: 54 Way: 1 Address: 0x34a873d82
  Set: 54 Way: 2 Address: 0x5588dd80
  Set: 54 Way: 3 Address: 0xcf83bd80
  Set: 54 Way: 4 Address: 0x354d35d80
  Set: 55 Way: 0 Address: 0x20597ede8
  Set: 55 Way: 1 Address: 0x3bdd78de0
  Set: 55 Way: 2 Address: 0x5588ddc0
  Set: 55 Way: 3 Address: 0x34a873dc0
  Set: 55 Way: 4 Address: 0xcf83bdc0
  Set: 55 Way: 5 Address: 0x2fa0c9dfe
  Set: 55 Way: 6 Address: 0x354d35dc0
  Set: 56 Way: 0 Address: 0x211d16e24
  Set: 56 Way: 1 Address: 0x20597ee00
  Set: 56 Way: 2 Address: 0x5588de00
  Set: 56 Way: 3 Address: 0x2fa0c9e10
  Set: 56 Way: 4 Address: 0xcf83be00
  Set: 57 Way: 0 Address: 0x6d0c2e7c
  Set: 57 Way: 1 Address: 0x211d16e40
  Set: 57 Way: 2 Address: 0x20597ee40
  Set: 57 Way: 3 Address: 0x2fa0c9e48
  Set: 57 Way: 4 Address: 0x5588de40
  Set: 57 Way: 5 Address: 0xcf83be40
  Set: 58 Way: 0 Address: 0x6d0c2e92
  Set: 58 Way: 1 Address: 0x211d16e80
  Set: 58 Way: 2 Address: 0x20597ee80
  Set: 58 Way: 3 Address: 0x5588de80
  Set: 58 Way: 4 Address: 0xcf83be80
  Set: 59 Way: 0 Address: 0x6d0c2ec0
  Set: 59 Way: 1 Address: 0x3bdd78efe
  Set: 59 Way: 2 Address: 0x34a873ef0
  Set: 59 Way: 3 Address: 0x211d16ec0
  Set: 59 Way: 4 Address: 0x20597eec0
  Set: 59 Way: 5 Address: 0x5588dec0
  Set: 60 Way: 0 Address: 0x1ab44f34
  Set: 60 Way: 1 Address: 0x3bdd78f12
  Set: 60 Way: 2 Address: 0x34a873f00
  Set: 60 Way: 3 Address: 0x211d16f00
  Set: 60 Way: 4 Address: 0x20597ef00
  Set: 61 Way: 0 Address: 0xee86ff58
  Set: 61 Way: 1 Address: 0x1ab44f40
  Set: 61 Way: 2 Address: 0x3bdd78f40
  Set: 61 Way: 3 Address: 0x2fa0c9f6e
  Set: 61 Way: 4 Address: 0x211d16f40
  Set: 61 Way: 5 Address: 0x20597ef40
  Set: 62 Way: 0 Address: 0xee86ffa4
  Set: 62 Way: 1 Address: 0x1ab44f80
  Set: 62 Way: 2 Address: 0x2fa0c9fa4
  Set: 62 Way: 3 Address: 0x211d16f80
  Set: 62 Way: 4 Address: 0x20597ef80
  Set: 63 Way: 0 Address: 0x43736fe8
  Set: 63 Way: 1 Address: 0xee86ffc8
  Set: 63 Way: 2 Address: 0x6d0c2ff2
  Set: 63 Way: 3 Address: 0x1ab44fc0
  Set: 63 Way: 4 Address: 0x211d16fc0
EndCache
Cache: cpu0_ITLB
  Set: 0 Way: 0 Address: 0x4608a0
  Set: 1 Way: 0 Address: 0x4414c1
EndCache
Cache: cpu0_DTLB
  Set: 0 Way: 0 Address: 0x730650
  Set: 0 Way: 1 Address: 0x1d709e8
  Set: 0 Way: 2 Address: 0x2210d14
  Set: 0 Way: 3 Address: 0x286004c
  Set: 1 Way: 0 Address: 0x7618c8
  Set: 1 Way: 1 Address: 0x2861228
  Set: 1 Way: 2 Address: 0x2211e24
  Set: 2 Way: 0 Address: 0x2212f34
  Set: 2 Way: 1 Address: 0x2862154
  Set: 3 Way: 0 Address: 0x286306a
  Set: 3 Way: 1 Address: 0x2213004
  Set: 4 Way: 0 Address: 0x2214044
  Set: 5 Way: 0 Address: 0x7fff6ec35fa4
  Set: 5 Way: 1 Address: 0x2215154
  Set: 6 Way: 0 Address: 0x7fff6ec36078
  Set: 6 Way: 1 Address: 0x2216264
  Set: 7 Way: 0 Address: 0x2217374
  Set: 8 Way: 0 Address: 0x2218484
  Set: 9 Way: 0 Address: 0x2219594
  Set: 10 Way: 0 Address: 0x221a6a4
  Set: 11 Way: 0 Address: 0x221b7b4
  Set: 12 Way: 0 Address: 0x221c8c4
  Set: 13 Way: 0 Address: 0x221d9d4
  Set: 13 Way: 1 Address: 0x1d6dcd8
  Set: 14 Way: 0 Address: 0x220e0f0
  Set: 14 Way: 1 Address: 0x221eae4
  Set: 14 Way: 2 Address: 0x1d6ede8
  Set: 15 Way: 0 Address: 0x220fc04
  Set: 15 Way: 1 Address: 0x285f812
EndCache
Cache: LLC
  Set: 1 Way: 0 Address: 0x6e620044
  Set: 2 Way: 0 Address: 0x6e620080
  Set: 3 Way: 0 Address: 0x342b400e8
  Set: 3 Way: 1 Address: 0x6e6200c0
  Set: 4 Way: 0 Address: 0x6e620100
  Set: 5 Way: 0 Address: 0x6e620140
  Set: 6 Way: 0 Address: 0x6e620180
  Set: 7 Way: 0 Address: 0x6e6201c0
  Set: 8 Way: 0 Address: 0x6e620200
  Set: 12 Way: 0 Address: 0x28a940318
  Set: 98 Way: 0 Address: 0x2a48418a0
  Set: 99 Way: 0 Address: 0xf6e818c8
  Set: 107 Way: 0 Address: 0x181c81ae4
  Set: 108 Way: 0 Address: 0x181c81b00
  Set: 109 Way: 0 Address: 0x181c81b40
  Set: 110 Way: 0 Address: 0x181c81b80
  Set: 111 Way: 0 Address: 0x181c81bc0
  Set: 112 Way: 0 Address: 0x181c81c00
  Set: 113 Way: 0 Address: 0x181c81c40
  Set: 114 Way: 0 Address: 0x181c81c80
  Set: 130 Way: 0 Address: 0x1c84e20a0
  Set: 130 Way: 1 Address: 0x6d0c20b6
  Set: 131 Way: 0 Address: 0x1064c20e0
  Set: 131 Way: 1 Address: 0x6d0c20e8
  Set: 132 Way: 0 Address: 0x6d0c2100
  Set: 136 Way: 0 Address: 0x6d0c2218
  Set: 137 Way: 0 Address: 0x6d0c2248
  Set: 141 Way: 0 Address: 0x6d0c2378
  Set: 142 Way: 0 Address: 0x6d0c2380
  Set: 143 Way: 0 Address: 0x6d0c23c0
  Set: 147 Way: 0 Address: 0x6d0c24d8
  Set: 148 Way: 0 Address: 0x6d0c2508
  Set: 152 Way: 0 Address: 0x6d0c2638
  Set: 153 Way: 0 Address: 0x6d0c2640
  Set: 154 Way: 0 Address: 0x6d0c2680
  Set: 158 Way: 0 Address: 0x6d0c2798
  Set: 159 Way: 0 Address: 0x6d0c27c8
  Set: 163 Way: 0 Address: 0x6d0c28f8
  Set: 164 Way: 0 Address: 0x6d0c2904
  Set: 165 Way: 0 Address: 0x6d0c2940
  Set: 169 Way: 0 Address: 0x6d0c2a5e
  Set: 170 Way: 0 Address: 0x6d0c2a8a
  Set: 174 Way: 0 Address: 0x6d0c2bb8
  Set: 175 Way: 0 Address: 0x6d0c2bc0
  Set: 176 Way: 0 Address: 0x6d0c2c00
  Set: 180 Way: 0 Address: 0x6d0c2d18
  Set: 181 Way: 0 Address: 0x6d0c2d4c
  Set: 185 Way: 0 Address: 0x6d0c2e78
  Set: 186 Way: 0 Address: 0x6d0c2e80
  Set: 187 Way: 0 Address: 0x6d0c2ec0
  Set: 191 Way: 0 Address: 0x6d0c2fd8
  Set: 194 Way: 0 Address: 0x3b0803098
  Set: 195 Way: 0 Address: 0x3b08030f0
  Set: 316 Way: 0 Address: 0x1ab44f34
  Set: 317 Way: 0 Address: 0x1ab44f40
  Set: 318 Way: 0 Address: 0x1ab44f80
  Set: 319 Way: 0 Address: 0x1ab44fc0
  Set: 332 Way: 0 Address: 0x272585300
  Set: 387 Way: 0 Address: 0x3dae660f0
  Set: 388 Way: 0 Address: 0x3dae66108
  Set: 389 Way: 0 Address: 0x3dae66140
  Set: 423 Way: 0 Address: 0x27d4c69d4
  Set: 424 Way: 0 Address: 0x27d4c6a00
  Set: 425 Way: 0 Address: 0x27d4c6a40
  Set: 426 Way: 0 Address: 0x27d4c6a80
  Set: 427 Way: 0 Address: 0x3dae66af4
  Set: 427 Way: 1 Address: 0x27d4c6ac0
  Set: 428 Way: 0 Address: 0x3dae66b00
  Set: 428 Way: 1 Address: 0x27d4c6b00
  Set: 429 Way: 0 Address: 0x3d87a6b68
  Set: 429 Way: 1 Address: 0x3dae66b40
  Set: 429 Way: 2 Address: 0x27d4c6b40
  Set: 430 Way: 0 Address: 0x3dae66b80
  Set: 430 Way: 1 Address: 0x27d4c6b80
  Set: 431 Way: 0 Address: 0x3dae66bc0
  Set: 432 Way: 0 Address: 0x3dae66c00
  Set: 433 Way: 0 Address: 0x3dae66c40
  Set: 434 Way: 0 Address: 0x3dae66c80
  Set: 435 Way: 0 Address: 0x3dae66cc0
  Set: 461 Way: 0 Address: 0xbeea7374
  Set: 462 Way: 0 Address: 0xbeea7380
  Set: 463 Way: 0 Address: 0xbeea73c0
  Set: 464 Way: 0 Address: 0xbeea7400
  Set: 465 Way: 0 Address: 0xbeea7440
  Set: 466 Way: 0 Address: 0xbeea7480
  Set: 467 Way: 0 Address: 0xbeea74c0
  Set: 468 Way: 0 Address: 0xbeea7500
  Set: 469 Way: 0 Address: 0xbeea7540
  Set: 494 Way: 0 Address: 0x309887bb0
  Set: 576 Way: 0 Address: 0x2fa0c9038
  Set: 577 Way: 0 Address: 0x2fa0c9040
  Set: 578 Way: 0 Address: 0x2ee369088
  Set: 578 Way: 1 Address: 0x2fa0c9080
  Set: 582 Way: 0 Address: 0x2fa0c9198
  Set: 583 Way: 0 Address: 0x2fa0c91c0
  Set: 587 Way: 0 Address: 0x2c87492f8
  Set: 587 Way: 1 Address: 0x2fa0c92f8
  Set: 588 Way: 0 Address: 0x2c8749300
  Set: 588 Way: 1 Address: 0x2fa0c9300
  Set: 589 Way: 0 Address: 0x2fa0c9340
  Set: 593 Way: 0 Address: 0x2fa0c9458
  Set: 594 Way: 0 Address: 0x2fa0c9480
  Set: 598 Way: 0 Address: 0x2fa0c95b8
  Set: 599 Way: 0 Address: 0x2fa0c95c0
  Set: 600 Way: 0 Address: 0x2fa0c9600
  Set: 604 Way: 0 Address: 0x2fa0c9718
  Set: 605 Way: 0 Address: 0x2fa0c9740
  Set: 609 Way: 0 Address: 0x2fa0c9878
  Set: 610 Way: 0 Address: 0x2fa0c9880
  Set: 611 Way: 0 Address: 0x2fa0c98c0
  Set: 615 Way: 0 Address: 0x2fa0c99d8
  Set: 616 Way: 0 Address: 0x2fa0c9a00
  Set: 620 Way: 0 Address: 0x2fa0c9b38
  Set: 621 Way: 0 Address: 0x2fa0c9b40
  Set: 622 Way: 0 Address: 0x2fa0c9b80
  Set: 626 Way: 0 Address: 0x2fa0c9c98
  Set: 627 Way: 0 Address: 0x2fa0c9cc0
  Set: 631 Way: 0 Address: 0x2fa0c9df6
  Set: 632 Way: 0 Address: 0x2fa0c9e00
  Set: 633 Way: 0 Address: 0x2fa0c9e40
  Set: 637 Way: 0 Address: 0x2fa0c9f56
  Set: 638 Way: 0 Address: 0x2fa0c9f90
  Set: 768 Way: 0 Address: 0x32f48c000
  Set: 769 Way: 0 Address: 0x32f48c040
  Set: 770 Way: 0 Address: 0x32f48c080
  Set: 771 Way: 0 Address: 0x32f48c0c0
  Set: 772 Way: 0 Address: 0x32f48c100
  Set: 884 Way: 0 Address: 0x5588dd14
  Set: 885 Way: 0 Address: 0x5588dd40
  Set: 886 Way: 0 Address: 0x5588dd80
  Set: 887 Way: 0 Address: 0x5588ddc0
  Set: 888 Way: 0 Address: 0x5588de00
  Set: 889 Way: 0 Address: 0x5588de40
  Set: 890 Way: 0 Address: 0x5588de80
  Set: 891 Way: 0 Address: 0x5588dec0
  Set: 896 Way: 0 Address: 0x2f5d8e020
  Set: 897 Way: 0 Address: 0x2f5d8e040
  Set: 898 Way: 0 Address: 0x2f5d8e080
  Set: 899 Way: 0 Address: 0x2f5d8e0c0
  Set: 900 Way: 0 Address: 0x2f5d8e106
  Set: 901 Way: 0 Address: 0x2f5d8e140
  Set: 901 Way: 1 Address: 0x1c084e154
  Set: 902 Way: 0 Address: 0x2f5d8e180
  Set: 902 Way: 1 Address: 0x1c084e180
  Set: 903 Way: 0 Address: 0x2f5d8e1c0
  Set: 903 Way: 1 Address: 0x1c084e1c0
  Set: 904 Way: 0 Address: 0x1c084e200
  Set: 905 Way: 0 Address: 0x1c084e240
  Set: 906 Way: 0 Address: 0x1c084e280
  Set: 907 Way: 0 Address: 0x1c084e2c0
  Set: 908 Way: 0 Address: 0x3734ee308
  Set: 908 Way: 1 Address: 0x1c084e300
  Set: 961 Way: 0 Address: 0x143ef070
  Set: 962 Way: 0 Address: 0x143ef080
  Set: 971 Way: 0 Address: 0x22272f2f8
  Set: 972 Way: 0 Address: 0x22272f310
  Set: 995 Way: 0 Address: 0x23756f8c4
  Set: 996 Way: 0 Address: 0x23756f900
  Set: 997 Way: 0 Address: 0x23756f940
  Set: 998 Way: 0 Address: 0x23756f980
  Set: 999 Way: 0 Address: 0x23756f9c0
  Set: 1000 Way: 0 Address: 0x23756fa00
  Set: 1001 Way: 0 Address: 0x23756fa40
  Set: 1002 Way: 0 Address: 0x23756fa80
  Set: 1021 Way: 0 Address: 0xee86ff58
  Set: 1022 Way: 0 Address: 0xee86ffa4
  Set: 1023 Way: 0 Address: 0xee86fffc
  Set: 1026 Way: 0 Address: 0x14bb100b8
  Set: 1027 Way: 0 Address: 0x2177f00c8
  Set: 1090 Way: 0 Address: 0x19c791098
  Set: 1158 Way: 0 Address: 0x1995f21b0
  Set: 1161 Way: 0 Address: 0x133c92264
  Set: 1162 Way: 0 Address: 0x133c92280
  Set: 1163 Way: 0 Address: 0x133c922c0
  Set: 1164 Way: 0 Address: 0x133c92300
  Set: 1165 Way: 0 Address: 0x133c92340
  Set: 1166 Way: 0 Address: 0x9cff2390
  Set: 1166 Way: 1 Address: 0x133c92380
  Set: 1167 Way: 0 Address: 0x9cff23c0
  Set: 1167 Way: 1 Address: 0x133c923c0
  Set: 1168 Way: 0 Address: 0x9cff243f
  Set: 1168 Way: 1 Address: 0x133c92400
  Set: 1169 Way: 0 Address: 0x9cff2446
  Set: 1170 Way: 0 Address: 0x9cff2482
  Set: 1171 Way: 0 Address: 0x9cff24c1
  Set: 1172 Way: 0 Address: 0x9cff2501
  Set: 1173 Way: 0 Address: 0x9cff2543
  Set: 1175 Way: 0 Address: 0x9cff25c8
  Set: 1176 Way: 0 Address: 0x9cff2600
  Set: 1177 Way: 0 Address: 0x9cff2645
  Set: 1218 Way: 0 Address: 0x2b2e93090
  Set: 1242 Way: 0 Address: 0x3232f36a4
  Set: 1243 Way: 0 Address: 0x3232f36c0
  Set: 1244 Way: 0 Address: 0x3232f3700
  Set: 1245 Way: 0 Address: 0x3232f3740
  Set: 1246 Way: 0 Address: 0x2577137b4
  Set: 1246 Way: 1 Address: 0x3232f3780
  Set: 1247 Way: 0 Address: 0x3c56b37f8
  Set: 1247 Way: 1 Address: 0x2577137c0
  Set: 1247 Way: 2 Address: 0x34a8737f8
  Set: 1247 Way: 3 Address: 0x3232f37c0
  Set: 1248 Way: 0 Address: 0x34a873802
  Set: 1248 Way: 1 Address: 0x257713800
  Set: 1248 Way: 2 Address: 0x3232f3800
  Set: 1249 Way: 0 Address: 0x257713840
  Set: 1249 Way: 1 Address: 0x34a873840
  Set: 1249 Way: 2 Address: 0x3232f3840
  Set: 1250 Way: 0 Address: 0x257713880
  Set: 1251 Way: 0 Address: 0x2577138c0
  Set: 1252 Way: 0 Address: 0x257713900
  Set: 1253 Way: 0 Address: 0x34a873958
  Set: 1253 Way: 1 Address: 0x257713940
  Set: 1254 Way: 0 Address: 0x34a873980
  Set: 1258 Way: 0 Address: 0x34a873abc
  Set: 1259 Way: 0 Address: 0x34a873ac4
  Set: 1260 Way: 0 Address: 0x34a873b00
  Set: 1264 Way: 0 Address: 0x34a873c18
  Set: 1265 Way: 0 Address: 0x34a873c40
  Set: 1269 Way: 0 Address: 0x34a873d78
  Set: 1270 Way: 0 Address: 0x34a873d80
  Set: 1271 Way: 0 Address: 0x34a873dc0
  Set: 1275 Way: 0 Address: 0x34a873ed8
  Set: 1276 Way: 0 Address: 0x34a873f00
  Set: 1282 Way: 0 Address: 0x3c1074080
  Set: 1292 Way: 0 Address: 0x3de4d4300
  Set: 1324 Way: 0 Address: 0x129934b08
  Set: 1344 Way: 0 Address: 0x195f15000
  Set: 1366 Way: 0 Address: 0x1b0f15594
  Set: 1367 Way: 0 Address: 0x1b0f155c0
  Set: 1368 Way: 0 Address: 0x1b0f15600
  Set: 1369 Way: 0 Address: 0x1b0f15640
  Set: 1370 Way: 0 Address: 0x1b0f15680
  Set: 1371 Way: 0 Address: 0x1b0f156c0
  Set: 1372 Way: 0 Address: 0x1b0f15700
  Set: 1373 Way: 0 Address: 0x1b0f15740
  Set: 1392 Way: 0 Address: 0x354d35c04
  Set: 1393 Way: 0 Address: 0x354d35c40
  Set: 1394 Way: 0 Address: 0x354d35c80
  Set: 1395 Way: 0 Address: 0x354d35cc0
  Set: 1396 Way: 0 Address: 0x354d35d00
  Set: 1397 Way: 0 Address: 0x354d35d40
  Set: 1398 Way: 0 Address: 0x354d35d80
  Set: 1399 Way: 0 Address: 0x354d35dc0
  Set: 1410 Way: 0 Address: 0x848960b0
  Set: 1411 Way: 0 Address: 0x848960c0
  Set: 1464 Way: 0 Address: 0x211d16e24
  Set: 1465 Way: 0 Address: 0x211d16e40
  Set: 1466 Way: 0 Address: 0x211d16e80
  Set: 1467 Way: 0 Address: 0x211d16ec0
  Set: 1468 Way: 0 Address: 0x211d16f00
  Set: 1469 Way: 0 Address: 0x211d16f40
  Set: 1470 Way: 0 Address: 0x211d16f80
  Set: 1471 Way: 0 Address: 0x43736fe8
  Set: 1471 Way: 1 Address: 0x211d16fc0
  Set: 1474 Way: 0 Address: 0x276ff70a0
  Set: 1536 Way: 0 Address: 0x3bdd78008
  Set: 1537 Way: 0 Address: 0x201598070
  Set: 1538 Way: 0 Address: 0x201598088
  Set: 1540 Way: 0 Address: 0x3bdd78138
  Set: 1541 Way: 0 Address: 0x3bdd78142
  Set: 1542 Way: 0 Address: 0x3bdd78180
  Set: 1546 Way: 0 Address: 0x3bdd78298
  Set: 1547 Way: 0 Address: 0x3bdd782c8
  Set: 1551 Way: 0 Address: 0x3bdd783f8
  Set: 1552 Way: 0 Address: 0x3bdd78400
  Set: 1553 Way: 0 Address: 0x3bdd78440
  Set: 1554 Way: 0 Address: 0x2c9898484
  Set: 1555 Way: 0 Address: 0x2c98984c0
  Set: 1556 Way: 0 Address: 0x2c9898500
  Set: 1557 Way: 0 Address: 0x3bdd7855a
  Set: 1557 Way: 1 Address: 0x2c9898540
  Set: 1558 Way: 0 Address: 0x3bdd78588
  Set: 1558 Way: 1 Address: 0x2c9898580
  Set: 1559 Way: 0 Address: 0x2c98985c0
  Set: 1560 Way: 0 Address: 0x2c9898600
  Set: 1561 Way: 0 Address: 0x2c9898640
  Set: 1562 Way: 0 Address: 0x3bdd786b8
  Set: 1563 Way: 0 Address: 0x3bdd786c0
  Set: 1564 Way: 0 Address: 0x3bdd78700
  Set: 1568 Way: 0 Address: 0x3bdd78818
  Set: 1569 Way: 0 Address: 0x3bdd78848
  Set: 1573 Way: 0 Address: 0x3bdd78978
  Set: 1574 Way: 0 Address: 0x1aafb8980
  Set: 1574 Way: 1 Address: 0x3bdd78980
  Set: 1575 Way: 0 Address: 0x3bdd789c0
  Set: 1579 Way: 0 Address: 0x3bdd78ad8
  Set: 1580 Way: 0 Address: 0x3bdd78b08
  Set: 1581 Way: 0 Address: 0xc7078b70
  Set: 1582 Way: 0 Address: 0xc7078b80
  Set: 1584 Way: 0 Address: 0x3bdd78c38
  Set: 1585 Way: 0 Address: 0x3bdd78c42
  Set: 1586 Way: 0 Address: 0x3bdd78c80
  Set: 1590 Way: 0 Address: 0x3bdd78d98
  Set: 1591 Way: 0 Address: 0x3bdd78dca
  Set: 1595 Way: 0 Address: 0x3bdd78ef8
  Set: 1596 Way: 0 Address: 0x3bdd78f00
  Set: 1597 Way: 0 Address: 0x3bdd78f40
  Set: 1625 Way: 0 Address: 0x292959650
  Set: 1645 Way: 0 Address: 0x312099b70
  Set: 1664 Way: 0 Address: 0x223eda018
  Set: 1665 Way: 0 Address: 0xc67da058
  Set: 1666 Way: 0 Address: 0xc67da080
  Set: 1672 Way: 0 Address: 0x1d89da208
  Set: 1730 Way: 0 Address: 0x394edb088
  Set: 1731 Way: 0 Address: 0x3b377b0c0
  Set: 1731 Way: 1 Address: 0xc0d9b0d8
  Set: 1779 Way: 0 Address: 0xcf83bcd8
  Set: 1780 Way: 0 Address: 0xcf83bd00
  Set: 1781 Way: 0 Address: 0xcf83bd40
  Set: 1782 Way: 0 Address: 0xcf83bd80
  Set: 1783 Way: 0 Address: 0xcf83bdc0
  Set: 1784 Way: 0 Address: 0xcf83be00
  Set: 1785 Way: 0 Address: 0xcf83be40
  Set: 1786 Way: 0 Address: 0xcf83be80
  Set: 1792 Way: 0 Address: 0xdf85c000
  Set: 1793 Way: 0 Address: 0x38e35c078
  Set: 1794 Way: 0 Address: 0x38e35c090
  Set: 1824 Way: 0 Address: 0x12c6fc834
  Set: 1825 Way: 0 Address: 0x12c6fc860
  Set: 1826 Way: 0 Address: 0x12c6fc8a0
  Set: 1827 Way: 0 Address: 0x12c6fc8e0
  Set: 1828 Way: 0 Address: 0x12c6fc914
  Set: 1829 Way: 0 Address: 0x12c6fc940
  Set: 1830 Way: 0 Address: 0x12c6fc9a4
  Set: 1831 Way: 0 Address: 0x12c6fc9e8
  Set: 1832 Way: 0 Address: 0x12c6fca00
  Set: 1833 Way: 0 Address: 0x12c6fca40
  Set: 1834 Way: 0 Address: 0x12c6fcaa4
  Set: 1835 Way: 0 Address: 0x12c6fcadc
  Set: 1836 Way: 0 Address: 0x12c6fcb00
  Set: 1837 Way: 0 Address: 0x12c6fcb58
  Set: 1838 Way: 0 Address: 0x12c6fcba4
  Set: 1839 Way: 0 Address: 0x12c6fcbc0
  Set: 1858 Way: 0 Address: 0x1add0a8
  Set: 1862 Way: 0 Address: 0x23755d1a8
  Set: 1920 Way: 0 Address: 0x28b67e000
  Set: 1920 Way: 1 Address: 0x1f919e010
  Set: 1921 Way: 0 Address: 0x1f919e070
  Set: 1922 Way: 0 Address: 0x1f919e0a0
  Set: 1923 Way: 0 Address: 0x2db79e0d0
  Set: 1951 Way: 0 Address: 0x28b67e7f8
  Set: 1975 Way: 0 Address: 0x20597ede8
  Set: 1976 Way: 0 Address: 0x20597ee00
  Set: 1977 Way: 0 Address: 0x20597ee40
  Set: 1978 Way: 0 Address: 0x20597ee80
  Set: 1979 Way: 0 Address: 0x20597eec0
  Set: 1980 Way: 0 Address: 0x20597ef00
  Set: 1981 Way: 0 Address: 0x20597ef40
  Set: 1982 Way: 0 Address: 0x20597ef80
EndCache
