Cache: cpu0_STLB
  Set: 0 Way: 0 Address: 0x400330
  Set: 40 Way: 0 Address: 0x728028
  Set: 41 Way: 0 Address: 0x7294b0
  Set: 44 Way: 0 Address: 0x42cf00
  Set: 45 Way: 0 Address: 0x42d051
  Set: 46 Way: 0 Address: 0x42e190
  Set: 47 Way: 0 Address: 0x42f220
  Set: 48 Way: 0 Address: 0x430df0
  Set: 49 Way: 0 Address: 0x431190
  Set: 50 Way: 0 Address: 0x43233a
  Set: 51 Way: 0 Address: 0x7fff425b3fc8
  Set: 52 Way: 0 Address: 0x7fff425b4350
  Set: 80 Way: 0 Address: 0x4d0088
  Set: 97 Way: 0 Address: 0x461c74
  Set: 107 Way: 0 Address: 0x4ebda0
  Set: 111 Way: 0 Address: 0x4ef868
  Set: 113 Way: 0 Address: 0x4711d0
  Set: 114 Way: 0 Address: 0x472030
  Set: 115 Way: 0 Address: 0x4f33e0
  Set: 126 Way: 0 Address: 0x4fe6b0
EndCache
Cache: cpu0_L2C
  Set: 5 Way: 0 Address: 0x2177f0178
  Set: 14 Way: 0 Address: 0x14bb10390
  Set: 14 Way: 1 Address: 0x2177f0390
  Set: 18 Way: 0 Address: 0x6e6204b0
  Set: 19 Way: 0 Address: 0x6e6204f0
  Set: 31 Way: 0 Address: 0x14bb107f0
  Set: 117 Way: 0 Address: 0xf6e81d70
  Set: 118 Way: 0 Address: 0xf6e81d8b
  Set: 119 Way: 0 Address: 0xf6e81df0
  Set: 120 Way: 0 Address: 0xf6e81e00
  Set: 121 Way: 0 Address: 0xf6e81e41
  Set: 122 Way: 0 Address: 0xf6e81e80
  Set: 123 Way: 0 Address: 0xf6e81ec2
  Set: 124 Way: 0 Address: 0xf6e81f01
  Set: 125 Way: 0 Address: 0xf6e81f44
  Set: 126 Way: 0 Address: 0xf6e81f80
  Set: 127 Way: 0 Address: 0xf6e81fd8
  Set: 128 Way: 0 Address: 0x9cff2010
  Set: 128 Way: 1 Address: 0x133c92028
  Set: 130 Way: 0 Address: 0x6d0c2090
  Set: 134 Way: 0 Address: 0x1c84e2188
  Set: 182 Way: 0 Address: 0x1995f2da0
  Set: 207 Way: 0 Address: 0x2b2e933e0
  Set: 244 Way: 0 Address: 0x3232f3d00
  Set: 246 Way: 0 Address: 0x3232f3da0
  Set: 256 Way: 0 Address: 0x129934030
  Set: 257 Way: 0 Address: 0x129934051
  Set: 258 Way: 0 Address: 0x129934080
  Set: 259 Way: 0 Address: 0x1299340c1
  Set: 260 Way: 0 Address: 0x129934101
  Set: 261 Way: 0 Address: 0x129934140
  Set: 262 Way: 0 Address: 0xb8004190
  Set: 262 Way: 1 Address: 0x3c1074190
  Set: 262 Way: 2 Address: 0x129934190
  Set: 263 Way: 0 Address: 0xb80041f0
  Set: 263 Way: 1 Address: 0x1ab441d0
  Set: 264 Way: 0 Address: 0xb8004220
  Set: 264 Way: 1 Address: 0x1ab44210
  Set: 265 Way: 0 Address: 0xb8004242
  Set: 265 Way: 1 Address: 0x1ab44242
  Set: 266 Way: 0 Address: 0xb8004282
  Set: 267 Way: 0 Address: 0xb80042c3
  Set: 268 Way: 0 Address: 0x397bb4308
  Set: 268 Way: 1 Address: 0xb8004301
  Set: 269 Way: 0 Address: 0xb8004340
  Set: 273 Way: 0 Address: 0xb8004459
  Set: 274 Way: 0 Address: 0xb8004481
  Set: 286 Way: 0 Address: 0x3c1074798
  Set: 320 Way: 0 Address: 0x354d35000
  Set: 350 Way: 0 Address: 0x354d35798
  Set: 380 Way: 0 Address: 0x1b0f15f00
  Set: 381 Way: 0 Address: 0x1b0f15f41
  Set: 382 Way: 0 Address: 0x1b0f15f80
  Set: 383 Way: 0 Address: 0x1b0f15fc4
  Set: 384 Way: 0 Address: 0x4373600d
  Set: 384 Way: 1 Address: 0x84896018
  Set: 385 Way: 0 Address: 0x43736040
  Set: 386 Way: 0 Address: 0x43736085
  Set: 387 Way: 0 Address: 0x437360c1
  Set: 388 Way: 0 Address: 0x43736102
  Set: 389 Way: 0 Address: 0x43736150
  Set: 390 Way: 0 Address: 0x43736190
  Set: 390 Way: 1 Address: 0x3dae66190
  Set: 391 Way: 0 Address: 0x437361c1
  Set: 395 Way: 0 Address: 0x437362fa
  Set: 396 Way: 0 Address: 0x43736302
  Set: 398 Way: 0 Address: 0x211d16388
  Set: 400 Way: 0 Address: 0x43736421
  Set: 401 Way: 0 Address: 0x43736445
  Set: 402 Way: 0 Address: 0x43736490
  Set: 403 Way: 0 Address: 0x437364c1
  Set: 407 Way: 0 Address: 0x437365e0
  Set: 410 Way: 0 Address: 0x3dae66680
  Set: 412 Way: 0 Address: 0x43736731
  Set: 413 Way: 0 Address: 0x4373676e
  Set: 414 Way: 0 Address: 0x437367b0
  Set: 415 Way: 0 Address: 0x437367c1
  Set: 415 Way: 1 Address: 0x211d167f0
  Set: 416 Way: 0 Address: 0x43736802
  Set: 417 Way: 0 Address: 0x43736841
  Set: 418 Way: 0 Address: 0x43736887
  Set: 419 Way: 0 Address: 0x437368c3
  Set: 420 Way: 0 Address: 0x43736901
  Set: 421 Way: 0 Address: 0x43736940
  Set: 422 Way: 0 Address: 0x43736980
  Set: 423 Way: 0 Address: 0x437369cf
  Set: 424 Way: 0 Address: 0x43736a05
  Set: 425 Way: 0 Address: 0x43736a41
  Set: 426 Way: 0 Address: 0x43736a81
  Set: 427 Way: 0 Address: 0x43736ae7
  Set: 428 Way: 0 Address: 0x43736b14
  Set: 429 Way: 0 Address: 0x43736b40
  Set: 430 Way: 0 Address: 0x43736b9e
  Set: 431 Way: 0 Address: 0x43736bc0
  Set: 439 Way: 0 Address: 0x43736df0
  Set: 440 Way: 0 Address: 0x43736e01
  Set: 441 Way: 0 Address: 0x43736e40
  Set: 442 Way: 0 Address: 0x43736e81
  Set: 443 Way: 0 Address: 0x43736ee7
  Set: 444 Way: 0 Address: 0x43736f02
  Set: 445 Way: 0 Address: 0x43736f40
  Set: 446 Way: 0 Address: 0x43736f86
  Set: 447 Way: 0 Address: 0x43736fc7
  Set: 448 Way: 0 Address: 0x276ff7000
  Set: 456 Way: 0 Address: 0xbeea7220
  Set: 457 Way: 0 Address: 0xbeea7241
  Set: 458 Way: 0 Address: 0xbeea72a0
  Set: 459 Way: 0 Address: 0xbeea72d7
  Set: 460 Way: 0 Address: 0xbeea7303
  Set: 461 Way: 0 Address: 0xbeea7340
  Set: 462 Way: 0 Address: 0x276ff7388
  Set: 462 Way: 1 Address: 0xbeea7383
  Set: 463 Way: 0 Address: 0xbeea73c3
  Set: 511 Way: 0 Address: 0x309887fe8
  Set: 517 Way: 0 Address: 0x201598170
  Set: 517 Way: 1 Address: 0x3bdd78160
  Set: 518 Way: 0 Address: 0x201598180
  Set: 541 Way: 0 Address: 0x3bdd78758
  Set: 541 Way: 1 Address: 0x2c9898758
  Set: 543 Way: 0 Address: 0xc70787f8
  Set: 559 Way: 0 Address: 0x1aafb8bf0
  Set: 560 Way: 0 Address: 0x1aafb8c02
  Set: 561 Way: 0 Address: 0x1aafb8c74
  Set: 562 Way: 0 Address: 0x1aafb8c82
  Set: 576 Way: 0 Address: 0x2ee369038
  Set: 577 Way: 0 Address: 0x2ee369078
  Set: 578 Way: 0 Address: 0x2ee3690b8
  Set: 579 Way: 0 Address: 0x2ee3690f0
  Set: 580 Way: 0 Address: 0x2ee369138
  Set: 581 Way: 0 Address: 0x2ee369140
  Set: 582 Way: 0 Address: 0x2ee369180
  Set: 583 Way: 0 Address: 0x2ee3691c0
  Set: 584 Way: 0 Address: 0x2ee369238
  Set: 585 Way: 0 Address: 0x2ee369240
  Set: 586 Way: 0 Address: 0x2ee369288
  Set: 587 Way: 0 Address: 0x2ee3692c0
  Set: 588 Way: 0 Address: 0x2ee369300
  Set: 589 Way: 0 Address: 0x2ee369350
  Set: 590 Way: 0 Address: 0x2ee369388
  Set: 591 Way: 0 Address: 0x2ee3693d8
  Set: 592 Way: 0 Address: 0x2ee369438
  Set: 593 Way: 0 Address: 0x2ee369478
  Set: 594 Way: 0 Address: 0x2ee3694b8
  Set: 595 Way: 0 Address: 0x2ee3694c0
  Set: 596 Way: 0 Address: 0x2ee369528
  Set: 597 Way: 0 Address: 0x2ee369540
  Set: 598 Way: 0 Address: 0x2ee3695b8
  Set: 599 Way: 0 Address: 0x2ee3695f8
  Set: 600 Way: 0 Address: 0x2ee369638
  Set: 601 Way: 0 Address: 0x2ee369678
  Set: 602 Way: 0 Address: 0x2ee3696b0
  Set: 603 Way: 0 Address: 0x2ee3696c0
  Set: 604 Way: 0 Address: 0x2ee369700
  Set: 605 Way: 0 Address: 0x2ee369740
  Set: 606 Way: 0 Address: 0x2ee369780
  Set: 607 Way: 0 Address: 0x2ee3697c0
  Set: 608 Way: 0 Address: 0x2ee369800
  Set: 609 Way: 0 Address: 0x2ee369840
  Set: 610 Way: 0 Address: 0x2ee369898
  Set: 611 Way: 0 Address: 0x2ee3698f8
  Set: 612 Way: 0 Address: 0x2ee369938
  Set: 613 Way: 0 Address: 0x2ee369978
  Set: 614 Way: 0 Address: 0x2ee369998
  Set: 616 Way: 0 Address: 0x2ee369a00
  Set: 617 Way: 0 Address: 0x2ee369a40
  Set: 618 Way: 0 Address: 0x2ee369a80
  Set: 619 Way: 0 Address: 0x2ee369ac0
  Set: 620 Way: 0 Address: 0x2ee369b38
  Set: 621 Way: 0 Address: 0x2ee369b78
  Set: 622 Way: 0 Address: 0x2ee369bb8
  Set: 623 Way: 0 Address: 0x2ee369bf8
  Set: 624 Way: 0 Address: 0x2ee369c38
  Set: 708 Way: 0 Address: 0x394edb10d
  Set: 709 Way: 0 Address: 0x394edb144
  Set: 709 Way: 1 Address: 0x3b377b178
  Set: 710 Way: 0 Address: 0x394edb190
  Set: 716 Way: 0 Address: 0x394edb33a
  Set: 717 Way: 0 Address: 0x394edb358
  Set: 718 Way: 0 Address: 0x394edb390
  Set: 768 Way: 0 Address: 0xdf85c000
  Set: 770 Way: 0 Address: 0x38e35c088
  Set: 773 Way: 0 Address: 0x29484c168
  Set: 844 Way: 0 Address: 0x1add330
  Set: 869 Way: 0 Address: 0x5588d940
  Set: 886 Way: 0 Address: 0x23755dd98
  Set: 896 Way: 0 Address: 0x28b67e000
  Set: 896 Way: 1 Address: 0x1f919e000
  Set: 896 Way: 2 Address: 0x2db79e030
  Set: 897 Way: 0 Address: 0x2db79e047
  Set: 898 Way: 0 Address: 0x2db79e083
  Set: 899 Way: 0 Address: 0x2db79e0c2
  Set: 902 Way: 0 Address: 0x3734ee180
  Set: 925 Way: 0 Address: 0x3734ee778
  Set: 927 Way: 0 Address: 0x28b67e7f8
  Set: 928 Way: 0 Address: 0x2f5d8e800
  Set: 929 Way: 0 Address: 0x2f5d8e840
  Set: 930 Way: 0 Address: 0x2f5d8e880
  Set: 931 Way: 0 Address: 0x2f5d8e8c0
  Set: 933 Way: 0 Address: 0x1c084e948
  Set: 934 Way: 0 Address: 0x2f5d8e9a8
  Set: 935 Way: 0 Address: 0x2f5d8e9e8
  Set: 936 Way: 0 Address: 0x2f5d8ea38
  Set: 937 Way: 0 Address: 0x2f5d8ea78
  Set: 938 Way: 0 Address: 0x2f5d8ea88
  Set: 939 Way: 0 Address: 0x2f5d8eaf8
  Set: 940 Way: 0 Address: 0x2f5d8eb38
  Set: 941 Way: 0 Address: 0x2f5d8eb40
  Set: 941 Way: 1 Address: 0x2db79eb70
  Set: 942 Way: 0 Address: 0x2f5d8eb88
  Set: 942 Way: 1 Address: 0x2db79eb80
  Set: 943 Way: 0 Address: 0x2f5d8ebc0
  Set: 944 Way: 0 Address: 0x2f5d8ec00
  Set: 945 Way: 0 Address: 0x2f5d8ec70
  Set: 946 Way: 0 Address: 0x2f5d8ec80
  Set: 947 Way: 0 Address: 0x2f5d8ece0
  Set: 948 Way: 0 Address: 0x2f5d8ed00
  Set: 949 Way: 0 Address: 0x2f5d8ed40
  Set: 950 Way: 0 Address: 0x2f5d8ed80
  Set: 951 Way: 0 Address: 0x2f5d8edc0
  Set: 952 Way: 0 Address: 0x2f5d8ee30
  Set: 953 Way: 0 Address: 0x2f5d8ee48
  Set: 954 Way: 0 Address: 0x2f5d8ee80
  Set: 955 Way: 0 Address: 0x2f5d8eec0
  Set: 956 Way: 0 Address: 0x2f5d8ef00
  Set: 957 Way: 0 Address: 0x2f5d8ef78
  Set: 958 Way: 0 Address: 0x2f5d8efb8
  Set: 959 Way: 0 Address: 0x2f5d8efc8
  Set: 978 Way: 0 Address: 0x143ef480
  Set: 979 Way: 0 Address: 0x143ef4c0
  Set: 980 Way: 0 Address: 0x143ef500
  Set: 981 Way: 0 Address: 0x143ef540
  Set: 982 Way: 0 Address: 0x143ef5a0
  Set: 983 Way: 0 Address: 0x143ef5f8
  Set: 984 Way: 0 Address: 0x22272f610
  Set: 984 Way: 1 Address: 0x143ef638
  Set: 985 Way: 0 Address: 0x143ef678
  Set: 986 Way: 0 Address: 0xee86f680
  Set: 986 Way: 1 Address: 0x22272f6b0
  Set: 986 Way: 2 Address: 0x143ef6a8
  Set: 987 Way: 0 Address: 0x143ef6c0
  Set: 988 Way: 0 Address: 0x143ef708
  Set: 989 Way: 0 Address: 0xee86f778
  Set: 989 Way: 1 Address: 0x143ef778
  Set: 990 Way: 0 Address: 0x143ef7b8
  Set: 991 Way: 0 Address: 0x143ef7f8
  Set: 992 Way: 0 Address: 0x143ef808
  Set: 993 Way: 0 Address: 0x143ef868
EndCache
Cache: cpu0_L1I
  Set: 0 Way: 0 Address: 0x43736020
  Set: 0 Way: 1 Address: 0x129934030
  Set: 0 Way: 2 Address: 0x2db79e030
  Set: 1 Way: 0 Address: 0x129934051
  Set: 1 Way: 1 Address: 0x43736040
  Set: 1 Way: 2 Address: 0x2db79e047
  Set: 2 Way: 0 Address: 0x129934080
  Set: 2 Way: 1 Address: 0x43736085
  Set: 2 Way: 2 Address: 0x2db79e0a4
  Set: 3 Way: 0 Address: 0x437360c1
  Set: 3 Way: 1 Address: 0x2db79e0c2
  Set: 3 Way: 2 Address: 0x1299340c1
  Set: 4 Way: 0 Address: 0x43736102
  Set: 4 Way: 1 Address: 0x394edb10d
  Set: 4 Way: 2 Address: 0x129934101
  Set: 5 Way: 0 Address: 0x43736150
  Set: 5 Way: 1 Address: 0x394edb144
  Set: 5 Way: 2 Address: 0x129934140
  Set: 6 Way: 0 Address: 0x437361ab
  Set: 6 Way: 1 Address: 0xb8004190
  Set: 6 Way: 2 Address: 0x394edb190
  Set: 6 Way: 3 Address: 0x129934190
  Set: 7 Way: 0 Address: 0x437361c9
  Set: 7 Way: 1 Address: 0xb80041f0
  Set: 7 Way: 2 Address: 0x1ab441d0
  Set: 8 Way: 0 Address: 0xb8004220
  Set: 8 Way: 1 Address: 0x1ab4423e
  Set: 8 Way: 2 Address: 0xbeea7220
  Set: 9 Way: 0 Address: 0xb8004242
  Set: 9 Way: 1 Address: 0x1ab44242
  Set: 9 Way: 2 Address: 0xbeea7241
  Set: 10 Way: 0 Address: 0xb8004282
  Set: 10 Way: 1 Address: 0xbeea72a0
  Set: 11 Way: 0 Address: 0xb80042ee
  Set: 11 Way: 1 Address: 0x437362fa
  Set: 11 Way: 2 Address: 0xbeea72d7
  Set: 12 Way: 0 Address: 0xb8004329
  Set: 12 Way: 1 Address: 0x394edb33a
  Set: 12 Way: 2 Address: 0x1add330
  Set: 12 Way: 3 Address: 0x43736302
  Set: 12 Way: 4 Address: 0xbeea7303
  Set: 13 Way: 0 Address: 0xb8004340
  Set: 13 Way: 1 Address: 0x394edb358
  Set: 13 Way: 2 Address: 0xbeea735c
  Set: 14 Way: 0 Address: 0x394edb390
  Set: 14 Way: 1 Address: 0xbeea7383
  Set: 15 Way: 0 Address: 0xbeea73c3
  Set: 16 Way: 0 Address: 0x43736421
  Set: 17 Way: 0 Address: 0x43736445
  Set: 17 Way: 1 Address: 0xb8004459
  Set: 18 Way: 0 Address: 0xb8004481
  Set: 18 Way: 1 Address: 0x437364b1
  Set: 19 Way: 0 Address: 0x437364c1
  Set: 23 Way: 0 Address: 0x437365e0
  Set: 28 Way: 0 Address: 0x43736731
  Set: 29 Way: 0 Address: 0x4373676e
  Set: 30 Way: 0 Address: 0x437367b0
  Set: 31 Way: 0 Address: 0x437367fc
  Set: 32 Way: 0 Address: 0x43736802
  Set: 33 Way: 0 Address: 0x43736841
  Set: 34 Way: 0 Address: 0x437368bd
  Set: 35 Way: 0 Address: 0x437368c3
  Set: 36 Way: 0 Address: 0x4373692e
  Set: 37 Way: 0 Address: 0x43736940
  Set: 38 Way: 0 Address: 0x43736980
  Set: 39 Way: 0 Address: 0x437369cf
  Set: 40 Way: 0 Address: 0x43736a33
  Set: 41 Way: 0 Address: 0x43736a41
  Set: 42 Way: 0 Address: 0x43736aa8
  Set: 43 Way: 0 Address: 0x43736ae7
  Set: 44 Way: 0 Address: 0x43736b14
  Set: 45 Way: 0 Address: 0x43736b5f
  Set: 45 Way: 1 Address: 0x2db79eb70
  Set: 46 Way: 0 Address: 0x43736b9e
  Set: 46 Way: 1 Address: 0x2db79eba0
  Set: 47 Way: 0 Address: 0x1aafb8bf0
  Set: 47 Way: 1 Address: 0x43736bc0
  Set: 48 Way: 0 Address: 0x1aafb8c02
  Set: 49 Way: 0 Address: 0x1aafb8c74
  Set: 50 Way: 0 Address: 0x1aafb8c90
  Set: 53 Way: 0 Address: 0xf6e81d70
  Set: 54 Way: 0 Address: 0xf6e81d8b
  Set: 55 Way: 0 Address: 0xf6e81df0
  Set: 55 Way: 1 Address: 0x43736df0
  Set: 56 Way: 0 Address: 0xf6e81e25
  Set: 56 Way: 1 Address: 0x43736e01
  Set: 57 Way: 0 Address: 0xf6e81e70
  Set: 57 Way: 1 Address: 0x43736e40
  Set: 58 Way: 0 Address: 0xf6e81e80
  Set: 58 Way: 1 Address: 0x43736e81
  Set: 59 Way: 0 Address: 0xf6e81ec2
  Set: 59 Way: 1 Address: 0x43736ee7
  Set: 60 Way: 0 Address: 0xf6e81f21
  Set: 60 Way: 1 Address: 0x43736f31
  Set: 60 Way: 2 Address: 0x1b0f15f20
  Set: 61 Way: 0 Address: 0x43736f40
  Set: 61 Way: 1 Address: 0xf6e81f44
  Set: 61 Way: 2 Address: 0x1b0f15f41
  Set: 62 Way: 0 Address: 0x43736fb2
  Set: 62 Way: 1 Address: 0xf6e81f80
  Set: 62 Way: 2 Address: 0x1b0f15f80
  Set: 63 Way: 0 Address: 0xf6e81fd8
  Set: 63 Way: 1 Address: 0x43736fc7
  Set: 63 Way: 2 Address: 0x1b0f15fc4
EndCache
Cache: cpu0_L1D
  Set: 0 Way: 0 Address: 0xdf85c000
  Set: 0 Way: 1 Address: 0x28b67e000
  Set: 0 Way: 2 Address: 0x1f919e000
  Set: 0 Way: 3 Address: 0x9cff2010
  Set: 0 Way: 4 Address: 0x2ee369038
  Set: 0 Way: 5 Address: 0x354d35000
  Set: 0 Way: 6 Address: 0x276ff7000
  Set: 0 Way: 7 Address: 0x84896018
  Set: 0 Way: 8 Address: 0x133c92028
  Set: 1 Way: 0 Address: 0x2ee369078
  Set: 2 Way: 0 Address: 0x6d0c2090
  Set: 2 Way: 1 Address: 0x2ee369088
  Set: 2 Way: 2 Address: 0x38e35c088
  Set: 3 Way: 0 Address: 0x2ee3690f0
  Set: 4 Way: 0 Address: 0x2ee369138
  Set: 5 Way: 0 Address: 0x29484c168
  Set: 5 Way: 1 Address: 0x201598170
  Set: 5 Way: 2 Address: 0x2ee369178
  Set: 5 Way: 3 Address: 0x2177f0178
  Set: 5 Way: 4 Address: 0x3b377b178
  Set: 5 Way: 5 Address: 0x3bdd78160
  Set: 6 Way: 0 Address: 0x1c84e2188
  Set: 6 Way: 1 Address: 0x201598180
  Set: 6 Way: 2 Address: 0x3734ee180
  Set: 6 Way: 3 Address: 0x2ee3691b0
  Set: 6 Way: 4 Address: 0x3dae66190
  Set: 6 Way: 5 Address: 0x3c1074190
  Set: 7 Way: 0 Address: 0x2ee3691c0
  Set: 8 Way: 0 Address: 0x2ee369238
  Set: 9 Way: 0 Address: 0x2ee369240
  Set: 10 Way: 0 Address: 0x2ee369288
  Set: 11 Way: 0 Address: 0x2ee3692f0
  Set: 12 Way: 0 Address: 0x397bb4308
  Set: 12 Way: 1 Address: 0x2ee369330
  Set: 13 Way: 0 Address: 0x2ee369350
  Set: 14 Way: 0 Address: 0x2ee369388
  Set: 14 Way: 1 Address: 0x276ff7388
  Set: 14 Way: 2 Address: 0x211d16388
  Set: 14 Way: 3 Address: 0x14bb10390
  Set: 14 Way: 4 Address: 0x2177f0390
  Set: 15 Way: 0 Address: 0x2ee3693d8
  Set: 15 Way: 1 Address: 0x2b2e933e0
  Set: 16 Way: 0 Address: 0x2ee369438
  Set: 17 Way: 0 Address: 0x2ee369478
  Set: 18 Way: 0 Address: 0x2ee3694b8
  Set: 18 Way: 1 Address: 0x6e6204b0
  Set: 18 Way: 2 Address: 0x143ef480
  Set: 19 Way: 0 Address: 0x2ee3694c0
  Set: 19 Way: 1 Address: 0x6e6204f0
  Set: 19 Way: 2 Address: 0x143ef4c0
  Set: 20 Way: 0 Address: 0x143ef500
  Set: 20 Way: 1 Address: 0x2ee369528
  Set: 21 Way: 0 Address: 0x143ef540
  Set: 21 Way: 1 Address: 0x2ee369550
  Set: 22 Way: 0 Address: 0x143ef5a0
  Set: 22 Way: 1 Address: 0x2ee3695b0
  Set: 23 Way: 0 Address: 0x143ef5f8
  Set: 23 Way: 1 Address: 0x2ee3695c8
  Set: 24 Way: 0 Address: 0x22272f610
  Set: 24 Way: 1 Address: 0x143ef638
  Set: 24 Way: 2 Address: 0x2ee369618
  Set: 25 Way: 0 Address: 0x143ef678
  Set: 25 Way: 1 Address: 0x2ee369660
  Set: 26 Way: 0 Address: 0xee86f680
  Set: 26 Way: 1 Address: 0x3dae66680
  Set: 26 Way: 2 Address: 0x22272f6b0
  Set: 26 Way: 3 Address: 0x143ef6a8
  Set: 26 Way: 4 Address: 0x2ee3696b8
  Set: 27 Way: 0 Address: 0x143ef6c0
  Set: 27 Way: 1 Address: 0x2ee3696f8
  Set: 28 Way: 0 Address: 0x143ef700
  Set: 28 Way: 1 Address: 0x2ee369738
  Set: 29 Way: 0 Address: 0x3734ee778
  Set: 29 Way: 1 Address: 0xee86f778
  Set: 29 Way: 2 Address: 0x143ef778
  Set: 29 Way: 3 Address: 0x2ee369778
  Set: 29 Way: 4 Address: 0x3bdd78758
  Set: 29 Way: 5 Address: 0x2c9898758
  Set: 30 Way: 0 Address: 0x3c1074798
  Set: 30 Way: 1 Address: 0x354d35798
  Set: 30 Way: 2 Address: 0x143ef7b8
  Set: 30 Way: 3 Address: 0x2ee3697b8
  Set: 31 Way: 0 Address: 0x28b67e7f8
  Set: 31 Way: 1 Address: 0xc70787f8
  Set: 31 Way: 2 Address: 0x211d167f0
  Set: 31 Way: 3 Address: 0x14bb107f0
  Set: 31 Way: 4 Address: 0x143ef7f8
  Set: 31 Way: 5 Address: 0x2ee3697c0
  Set: 32 Way: 0 Address: 0x2f5d8e800
  Set: 32 Way: 1 Address: 0x143ef808
  Set: 32 Way: 2 Address: 0x2ee369800
  Set: 33 Way: 0 Address: 0x143ef848
  Set: 33 Way: 1 Address: 0x2f5d8e840
  Set: 33 Way: 2 Address: 0x2ee369840
  Set: 34 Way: 0 Address: 0x2f5d8e880
  Set: 34 Way: 1 Address: 0x2ee369898
  Set: 35 Way: 0 Address: 0x2f5d8e8c0
  Set: 35 Way: 1 Address: 0x2ee3698c8
  Set: 36 Way: 0 Address: 0x2ee369900
  Set: 37 Way: 0 Address: 0x5588d940
  Set: 37 Way: 1 Address: 0x1c084e948
  Set: 37 Way: 2 Address: 0x2ee369940
  Set: 38 Way: 0 Address: 0x2f5d8e9b8
  Set: 38 Way: 1 Address: 0x2ee369998
  Set: 39 Way: 0 Address: 0x2f5d8e9e8
  Set: 40 Way: 0 Address: 0x2f5d8ea38
  Set: 40 Way: 1 Address: 0x2ee369a00
  Set: 41 Way: 0 Address: 0x2f5d8ea78
  Set: 41 Way: 1 Address: 0x2ee369a40
  Set: 42 Way: 0 Address: 0x2f5d8eaa0
  Set: 42 Way: 1 Address: 0x2ee369a80
  Set: 43 Way: 0 Address: 0x2f5d8eaf8
  Set: 43 Way: 1 Address: 0x2ee369ac0
  Set: 44 Way: 0 Address: 0x2f5d8eb28
  Set: 44 Way: 1 Address: 0x2ee369b30
  Set: 45 Way: 0 Address: 0x2f5d8eb58
  Set: 45 Way: 1 Address: 0x2ee369b78
  Set: 46 Way: 0 Address: 0x2f5d8eb88
  Set: 46 Way: 1 Address: 0x2ee369bb8
  Set: 47 Way: 0 Address: 0x2f5d8ebf0
  Set: 47 Way: 1 Address: 0x2ee369bf8
  Set: 48 Way: 0 Address: 0x2f5d8ec30
  Set: 48 Way: 1 Address: 0x2ee369c38
  Set: 49 Way: 0 Address: 0x2f5d8ec70
  Set: 50 Way: 0 Address: 0x2f5d8ec80
  Set: 51 Way: 0 Address: 0x2f5d8ecf0
  Set: 52 Way: 0 Address: 0x2f5d8ed00
  Set: 52 Way: 1 Address: 0x3232f3d00
  Set: 53 Way: 0 Address: 0x2f5d8ed40
  Set: 54 Way: 0 Address: 0x1995f2da0
  Set: 54 Way: 1 Address: 0x23755dd98
  Set: 54 Way: 2 Address: 0x2f5d8ed80
  Set: 54 Way: 3 Address: 0x3232f3da0
  Set: 55 Way: 0 Address: 0x2f5d8edc0
  Set: 56 Way: 0 Address: 0x2f5d8ee38
  Set: 57 Way: 0 Address: 0x2f5d8ee78
  Set: 58 Way: 0 Address: 0x2f5d8eeb8
  Set: 59 Way: 0 Address: 0x2f5d8eef8
  Set: 60 Way: 0 Address: 0x2f5d8ef30
  Set: 61 Way: 0 Address: 0x2f5d8ef70
  Set: 62 Way: 0 Address: 0x2f5d8efb0
  Set: 63 Way: 0 Address: 0x309887fe8
  Set: 63 Way: 1 Address: 0x2f5d8efc8
EndCache
Cache: cpu0_ITLB
  Set: 0 Way: 0 Address: 0x430e9b
  Set: 0 Way: 1 Address: 0x400330
  Set: 1 Way: 0 Address: 0x461c90
  Set: 1 Way: 1 Address: 0x4311c1
  Set: 1 Way: 2 Address: 0x4711d0
  Set: 2 Way: 0 Address: 0x43233a
  Set: 2 Way: 1 Address: 0x472030
  Set: 12 Way: 0 Address: 0x42cf41
  Set: 13 Way: 0 Address: 0x42d051
  Set: 14 Way: 0 Address: 0x42e1f0
  Set: 15 Way: 0 Address: 0x42f241
EndCache
Cache: cpu0_DTLB
  Set: 0 Way: 0 Address: 0x4d0088
  Set: 3 Way: 0 Address: 0x7fff425b3fc8
  Set: 3 Way: 1 Address: 0x4f33e0
  Set: 4 Way: 0 Address: 0x7fff425b4340
  Set: 8 Way: 0 Address: 0x728028
  Set: 9 Way: 0 Address: 0x7294b0
  Set: 11 Way: 0 Address: 0x4ebd00
  Set: 14 Way: 0 Address: 0x4fe6b0
  Set: 15 Way: 0 Address: 0x4ef848
EndCache
Cache: LLC
  Set: 18 Way: 0 Address: 0x6e6204b0
  Set: 19 Way: 0 Address: 0x6e6204f0
  Set: 117 Way: 0 Address: 0xf6e81d70
  Set: 118 Way: 0 Address: 0xf6e81d8b
  Set: 119 Way: 0 Address: 0xf6e81df0
  Set: 120 Way: 0 Address: 0xf6e81e00
  Set: 121 Way: 0 Address: 0xf6e81e41
  Set: 122 Way: 0 Address: 0xf6e81e80
  Set: 123 Way: 0 Address: 0xf6e81ec2
  Set: 124 Way: 0 Address: 0xf6e81f01
  Set: 125 Way: 0 Address: 0xf6e81f44
  Set: 126 Way: 0 Address: 0xf6e81f80
  Set: 127 Way: 0 Address: 0xf6e81fd8
  Set: 130 Way: 0 Address: 0x6d0c2090
  Set: 134 Way: 0 Address: 0x1c84e2188
  Set: 262 Way: 0 Address: 0xb8004190
  Set: 263 Way: 0 Address: 0xb80041f0
  Set: 263 Way: 1 Address: 0x1ab441d0
  Set: 264 Way: 0 Address: 0xb8004220
  Set: 264 Way: 1 Address: 0x1ab44210
  Set: 265 Way: 0 Address: 0xb8004242
  Set: 265 Way: 1 Address: 0x1ab44242
  Set: 266 Way: 0 Address: 0xb8004282
  Set: 266 Way: 1 Address: 0x1ab44280
  Set: 267 Way: 0 Address: 0xb80042c3
  Set: 268 Way: 0 Address: 0xb8004301
  Set: 269 Way: 0 Address: 0xb8004340
  Set: 270 Way: 0 Address: 0xb8004380
  Set: 273 Way: 0 Address: 0xb8004459
  Set: 274 Way: 0 Address: 0xb8004481
  Set: 390 Way: 0 Address: 0x3dae66190
  Set: 410 Way: 0 Address: 0x3dae66680
  Set: 456 Way: 0 Address: 0xbeea7220
  Set: 457 Way: 0 Address: 0xbeea7241
  Set: 458 Way: 0 Address: 0xbeea72a0
  Set: 459 Way: 0 Address: 0xbeea72c0
  Set: 460 Way: 0 Address: 0xbeea7303
  Set: 461 Way: 0 Address: 0xbeea7340
  Set: 462 Way: 0 Address: 0xbeea7383
  Set: 463 Way: 0 Address: 0xbeea73c0
  Set: 464 Way: 0 Address: 0xbeea7400
  Set: 511 Way: 0 Address: 0x309887fe8
  Set: 576 Way: 0 Address: 0x2ee369038
  Set: 577 Way: 0 Address: 0x2ee369078
  Set: 578 Way: 0 Address: 0x2ee3690b8
  Set: 579 Way: 0 Address: 0x2ee3690f0
  Set: 580 Way: 0 Address: 0x2ee369138
  Set: 581 Way: 0 Address: 0x2ee369140
  Set: 582 Way: 0 Address: 0x2ee369180
  Set: 583 Way: 0 Address: 0x2ee3691c0
  Set: 584 Way: 0 Address: 0x2ee369238
  Set: 585 Way: 0 Address: 0x2ee369240
  Set: 586 Way: 0 Address: 0x2ee369288
  Set: 587 Way: 0 Address: 0x2ee3692c0
  Set: 588 Way: 0 Address: 0x2ee369300
  Set: 589 Way: 0 Address: 0x2ee369350
  Set: 590 Way: 0 Address: 0x2ee369388
  Set: 591 Way: 0 Address: 0x2ee3693d8
  Set: 592 Way: 0 Address: 0x2ee369438
  Set: 593 Way: 0 Address: 0x2ee369478
  Set: 594 Way: 0 Address: 0x2ee3694b8
  Set: 595 Way: 0 Address: 0x2ee3694c0
  Set: 596 Way: 0 Address: 0x2ee369528
  Set: 597 Way: 0 Address: 0x2ee369540
  Set: 598 Way: 0 Address: 0x2ee3695b8
  Set: 599 Way: 0 Address: 0x2ee3695f8
  Set: 600 Way: 0 Address: 0x2ee369638
  Set: 601 Way: 0 Address: 0x2ee369678
  Set: 602 Way: 0 Address: 0x2ee3696b0
  Set: 603 Way: 0 Address: 0x2ee3696c0
  Set: 604 Way: 0 Address: 0x2ee369700
  Set: 605 Way: 0 Address: 0x2ee369740
  Set: 606 Way: 0 Address: 0x2ee369780
  Set: 607 Way: 0 Address: 0x2ee3697c0
  Set: 608 Way: 0 Address: 0x2ee369800
  Set: 609 Way: 0 Address: 0x2ee369840
  Set: 610 Way: 0 Address: 0x2ee369898
  Set: 611 Way: 0 Address: 0x2ee3698f8
  Set: 612 Way: 0 Address: 0x2ee369938
  Set: 613 Way: 0 Address: 0x2ee369978
  Set: 614 Way: 0 Address: 0x2ee369998
  Set: 616 Way: 0 Address: 0x2ee369a00
  Set: 617 Way: 0 Address: 0x2ee369a40
  Set: 618 Way: 0 Address: 0x2ee369a80
  Set: 619 Way: 0 Address: 0x2ee369ac0
  Set: 620 Way: 0 Address: 0x2ee369b38
  Set: 621 Way: 0 Address: 0x2ee369b78
  Set: 622 Way: 0 Address: 0x2ee369bb8
  Set: 623 Way: 0 Address: 0x2ee369bf8
  Set: 624 Way: 0 Address: 0x2ee369c38
  Set: 773 Way: 0 Address: 0x29484c168
  Set: 869 Way: 0 Address: 0x5588d940
  Set: 902 Way: 0 Address: 0x3734ee180
  Set: 925 Way: 0 Address: 0x3734ee778
  Set: 928 Way: 0 Address: 0x2f5d8e800
  Set: 929 Way: 0 Address: 0x2f5d8e840
  Set: 930 Way: 0 Address: 0x2f5d8e880
  Set: 931 Way: 0 Address: 0x2f5d8e8c0
  Set: 933 Way: 0 Address: 0x1c084e948
  Set: 934 Way: 0 Address: 0x2f5d8e9a8
  Set: 935 Way: 0 Address: 0x2f5d8e9e8
  Set: 936 Way: 0 Address: 0x2f5d8ea38
  Set: 937 Way: 0 Address: 0x2f5d8ea78
  Set: 938 Way: 0 Address: 0x2f5d8ea88
  Set: 939 Way: 0 Address: 0x2f5d8eaf8
  Set: 940 Way: 0 Address: 0x2f5d8eb38
  Set: 941 Way: 0 Address: 0x2f5d8eb40
  Set: 942 Way: 0 Address: 0x2f5d8eb88
  Set: 943 Way: 0 Address: 0x2f5d8ebc0
  Set: 944 Way: 0 Address: 0x2f5d8ec00
  Set: 945 Way: 0 Address: 0x2f5d8ec70
  Set: 946 Way: 0 Address: 0x2f5d8ec80
  Set: 947 Way: 0 Address: 0x2f5d8ece0
  Set: 948 Way: 0 Address: 0x2f5d8ed00
  Set: 949 Way: 0 Address: 0x2f5d8ed40
  Set: 950 Way: 0 Address: 0x2f5d8ed80
  Set: 951 Way: 0 Address: 0x2f5d8edc0
  Set: 952 Way: 0 Address: 0x2f5d8ee30
  Set: 953 Way: 0 Address: 0x2f5d8ee48
  Set: 954 Way: 0 Address: 0x2f5d8ee80
  Set: 955 Way: 0 Address: 0x2f5d8eec0
  Set: 956 Way: 0 Address: 0x2f5d8ef00
  Set: 957 Way: 0 Address: 0x2f5d8ef78
  Set: 958 Way: 0 Address: 0x2f5d8efb8
  Set: 959 Way: 0 Address: 0x2f5d8efc8
  Set: 978 Way: 0 Address: 0x143ef480
  Set: 979 Way: 0 Address: 0x143ef4c0
  Set: 980 Way: 0 Address: 0x143ef500
  Set: 981 Way: 0 Address: 0x143ef540
  Set: 982 Way: 0 Address: 0x143ef5a0
  Set: 983 Way: 0 Address: 0x143ef5c0
  Set: 984 Way: 0 Address: 0x22272f610
  Set: 984 Way: 1 Address: 0x143ef638
  Set: 985 Way: 0 Address: 0x143ef678
  Set: 986 Way: 0 Address: 0xee86f680
  Set: 986 Way: 1 Address: 0x22272f6b0
  Set: 986 Way: 2 Address: 0x143ef6a8
  Set: 987 Way: 0 Address: 0x143ef6c0
  Set: 988 Way: 0 Address: 0x143ef708
  Set: 989 Way: 0 Address: 0xee86f778
  Set: 989 Way: 1 Address: 0x143ef778
  Set: 990 Way: 0 Address: 0x143ef7b8
  Set: 991 Way: 0 Address: 0x143ef7f8
  Set: 992 Way: 0 Address: 0x143ef808
  Set: 993 Way: 0 Address: 0x143ef868
  Set: 1029 Way: 0 Address: 0x2177f0178
  Set: 1038 Way: 0 Address: 0x14bb10390
  Set: 1038 Way: 1 Address: 0x2177f0390
  Set: 1055 Way: 0 Address: 0x14bb107f0
  Set: 1152 Way: 0 Address: 0x9cff2010
  Set: 1152 Way: 1 Address: 0x133c92028
  Set: 1153 Way: 0 Address: 0x133c92040
  Set: 1206 Way: 0 Address: 0x1995f2da0
  Set: 1231 Way: 0 Address: 0x2b2e933e0
  Set: 1268 Way: 0 Address: 0x3232f3d00
  Set: 1270 Way: 0 Address: 0x3232f3da0
  Set: 1280 Way: 0 Address: 0x129934030
  Set: 1281 Way: 0 Address: 0x129934051
  Set: 1282 Way: 0 Address: 0x129934080
  Set: 1283 Way: 0 Address: 0x1299340c1
  Set: 1284 Way: 0 Address: 0x129934101
  Set: 1285 Way: 0 Address: 0x129934140
  Set: 1286 Way: 0 Address: 0x3c1074190
  Set: 1286 Way: 1 Address: 0x129934190
  Set: 1292 Way: 0 Address: 0x397bb4308
  Set: 1310 Way: 0 Address: 0x3c1074798
  Set: 1344 Way: 0 Address: 0x354d35000
  Set: 1374 Way: 0 Address: 0x354d35798
  Set: 1404 Way: 0 Address: 0x1b0f15f00
  Set: 1405 Way: 0 Address: 0x1b0f15f41
  Set: 1406 Way: 0 Address: 0x1b0f15f80
  Set: 1407 Way: 0 Address: 0x1b0f15fc0
  Set: 1408 Way: 0 Address: 0x4373600d
  Set: 1408 Way: 1 Address: 0x84896018
  Set: 1409 Way: 0 Address: 0x43736040
  Set: 1410 Way: 0 Address: 0x43736085
  Set: 1411 Way: 0 Address: 0x437360c1
  Set: 1412 Way: 0 Address: 0x43736102
  Set: 1413 Way: 0 Address: 0x43736150
  Set: 1414 Way: 0 Address: 0x43736190
  Set: 1415 Way: 0 Address: 0x437361c1
  Set: 1419 Way: 0 Address: 0x437362fa
  Set: 1420 Way: 0 Address: 0x43736302
  Set: 1422 Way: 0 Address: 0x211d16388
  Set: 1424 Way: 0 Address: 0x43736421
  Set: 1425 Way: 0 Address: 0x43736445
  Set: 1426 Way: 0 Address: 0x43736490
  Set: 1427 Way: 0 Address: 0x437364c1
  Set: 1431 Way: 0 Address: 0x437365e0
  Set: 1436 Way: 0 Address: 0x43736731
  Set: 1437 Way: 0 Address: 0x4373676e
  Set: 1438 Way: 0 Address: 0x437367b0
  Set: 1439 Way: 0 Address: 0x437367c1
  Set: 1439 Way: 1 Address: 0x211d167f0
  Set: 1440 Way: 0 Address: 0x43736802
  Set: 1441 Way: 0 Address: 0x43736841
  Set: 1442 Way: 0 Address: 0x43736887
  Set: 1443 Way: 0 Address: 0x437368c3
  Set: 1444 Way: 0 Address: 0x43736901
  Set: 1445 Way: 0 Address: 0x43736940
  Set: 1446 Way: 0 Address: 0x43736980
  Set: 1447 Way: 0 Address: 0x437369cf
  Set: 1448 Way: 0 Address: 0x43736a05
  Set: 1449 Way: 0 Address: 0x43736a41
  Set: 1450 Way: 0 Address: 0x43736a81
  Set: 1451 Way: 0 Address: 0x43736ae7
  Set: 1452 Way: 0 Address: 0x43736b14
  Set: 1453 Way: 0 Address: 0x43736b40
  Set: 1454 Way: 0 Address: 0x43736b9e
  Set: 1455 Way: 0 Address: 0x43736bc0
  Set: 1463 Way: 0 Address: 0x43736df0
  Set: 1464 Way: 0 Address: 0x43736e01
  Set: 1465 Way: 0 Address: 0x43736e40
  Set: 1466 Way: 0 Address: 0x43736e81
  Set: 1467 Way: 0 Address: 0x43736ee7
  Set: 1468 Way: 0 Address: 0x43736f02
  Set: 1469 Way: 0 Address: 0x43736f40
  Set: 1470 Way: 0 Address: 0x43736f86
  Set: 1471 Way: 0 Address: 0x43736fc0
  Set: 1472 Way: 0 Address: 0x276ff7000
  Set: 1486 Way: 0 Address: 0x276ff7388
  Set: 1541 Way: 0 Address: 0x201598170
  Set: 1541 Way: 1 Address: 0x3bdd78160
  Set: 1542 Way: 0 Address: 0x201598180
  Set: 1565 Way: 0 Address: 0x3bdd78758
  Set: 1565 Way: 1 Address: 0x2c9898758
  Set: 1567 Way: 0 Address: 0xc70787f8
  Set: 1583 Way: 0 Address: 0x1aafb8bf0
  Set: 1584 Way: 0 Address: 0x1aafb8c02
  Set: 1585 Way: 0 Address: 0x1aafb8c74
  Set: 1586 Way: 0 Address: 0x1aafb8c82
  Set: 1732 Way: 0 Address: 0x394edb10d
  Set: 1733 Way: 0 Address: 0x394edb144
  Set: 1733 Way: 1 Address: 0x3b377b178
  Set: 1734 Way: 0 Address: 0x394edb190
  Set: 1740 Way: 0 Address: 0x394edb33a
  Set: 1741 Way: 0 Address: 0x394edb358
  Set: 1742 Way: 0 Address: 0x394edb390
  Set: 1792 Way: 0 Address: 0xdf85c000
  Set: 1794 Way: 0 Address: 0x38e35c088
  Set: 1868 Way: 0 Address: 0x1add330
  Set: 1910 Way: 0 Address: 0x23755dd98
  Set: 1920 Way: 0 Address: 0x28b67e000
  Set: 1920 Way: 1 Address: 0x1f919e000
  Set: 1920 Way: 2 Address: 0x2db79e030
  Set: 1921 Way: 0 Address: 0x2db79e040
  Set: 1922 Way: 0 Address: 0x2db79e083
  Set: 1923 Way: 0 Address: 0x2db79e0c0
  Set: 1924 Way: 0 Address: 0x2db79e100
  Set: 1951 Way: 0 Address: 0x28b67e7f8
  Set: 1965 Way: 0 Address: 0x2db79eb70
  Set: 1966 Way: 0 Address: 0x2db79eb80
EndCache
