Cache: cpu0_STLB
  Set: 0 Way: 0 Address: 0x4003f0
  Set: 3 Way: 0 Address: 0x883240
  Set: 4 Way: 0 Address: 0x3f04288
  Set: 5 Way: 0 Address: 0x3f05000
  Set: 8 Way: 0 Address: 0x508fe0
  Set: 9 Way: 0 Address: 0x509003
  Set: 32 Way: 0 Address: 0x620ca0
  Set: 47 Way: 0 Address: 0x62f8e0
  Set: 48 Way: 0 Address: 0x6306c8
  Set: 49 Way: 0 Address: 0x6312f8
  Set: 53 Way: 0 Address: 0x535480
  Set: 69 Way: 0 Address: 0x445415
  Set: 81 Way: 0 Address: 0x36d1d48
  Set: 82 Way: 0 Address: 0x36d2000
  Set: 83 Way: 0 Address: 0x36d3000
  Set: 88 Way: 0 Address: 0x7f86f8a58d00
  Set: 89 Way: 0 Address: 0x7f86f8a59000
  Set: 89 Way: 1 Address: 0x5d9c48
  Set: 90 Way: 0 Address: 0x7f86f8a5a8cc
  Set: 91 Way: 0 Address: 0x405bac0
  Set: 91 Way: 1 Address: 0x7f86f8a5b000
  Set: 92 Way: 0 Address: 0x405cb00
  Set: 93 Way: 0 Address: 0x405db40
  Set: 93 Way: 1 Address: 0x5dd528
  Set: 94 Way: 0 Address: 0x405e000
  Set: 95 Way: 0 Address: 0x1edf4d0
  Set: 114 Way: 0 Address: 0x7ffe74df2580
  Set: 120 Way: 0 Address: 0x5f8e20
EndCache
Cache: cpu0_L2C
  Set: 0 Way: 0 Address: 0x2177f0003
  Set: 32 Way: 0 Address: 0x342b40828
  Set: 35 Way: 0 Address: 0x6e6208e0
  Set: 43 Way: 0 Address: 0x6e620ad0
  Set: 50 Way: 0 Address: 0x14bb10ca0
  Set: 51 Way: 0 Address: 0x14bb10cc8
  Set: 64 Way: 0 Address: 0xf6e81000
  Set: 64 Way: 1 Address: 0x2a4841038
  Set: 65 Way: 0 Address: 0xf6e81040
  Set: 66 Way: 0 Address: 0xf6e81080
  Set: 67 Way: 0 Address: 0xf6e810c0
  Set: 68 Way: 0 Address: 0xf6e81100
  Set: 69 Way: 0 Address: 0xf6e81140
  Set: 70 Way: 0 Address: 0x2a48411a0
  Set: 70 Way: 1 Address: 0xf6e81180
  Set: 71 Way: 0 Address: 0xf6e811c0
  Set: 72 Way: 0 Address: 0x113201228
  Set: 72 Way: 1 Address: 0x2a4841200
  Set: 72 Way: 2 Address: 0xf6e81200
  Set: 73 Way: 0 Address: 0x2a4841240
  Set: 73 Way: 1 Address: 0xf6e81240
  Set: 74 Way: 0 Address: 0xf6e81280
  Set: 75 Way: 0 Address: 0xf6e812c0
  Set: 75 Way: 1 Address: 0x181c812d0
  Set: 76 Way: 0 Address: 0xf6e81300
  Set: 77 Way: 0 Address: 0xf6e81340
  Set: 78 Way: 0 Address: 0xf6e81380
  Set: 97 Way: 0 Address: 0x113201840
  Set: 128 Way: 0 Address: 0x1064c2000
  Set: 129 Way: 0 Address: 0x1064c2040
  Set: 130 Way: 0 Address: 0x1064c2080
  Set: 131 Way: 0 Address: 0x9cff20d8
  Set: 131 Way: 1 Address: 0x1064c20c0
  Set: 132 Way: 0 Address: 0x1064c2100
  Set: 133 Way: 0 Address: 0x1064c2140
  Set: 134 Way: 0 Address: 0x1064c2180
  Set: 135 Way: 0 Address: 0x1064c21c0
  Set: 136 Way: 0 Address: 0x1064c2200
  Set: 137 Way: 0 Address: 0x1064c2240
  Set: 138 Way: 0 Address: 0x1064c2280
  Set: 139 Way: 0 Address: 0x1064c22c0
  Set: 140 Way: 0 Address: 0x1064c2300
  Set: 141 Way: 0 Address: 0x1064c2340
  Set: 142 Way: 0 Address: 0x1064c2380
  Set: 143 Way: 0 Address: 0x1064c23c0
  Set: 144 Way: 0 Address: 0x1064c2400
  Set: 145 Way: 0 Address: 0x1064c2440
  Set: 146 Way: 0 Address: 0x1064c2480
  Set: 147 Way: 0 Address: 0x1064c24c0
  Set: 148 Way: 0 Address: 0x1064c2500
  Set: 149 Way: 0 Address: 0x1064c2540
  Set: 150 Way: 0 Address: 0x1064c2580
  Set: 151 Way: 0 Address: 0x1064c25c0
  Set: 152 Way: 0 Address: 0x1064c2600
  Set: 153 Way: 0 Address: 0x1064c2640
  Set: 154 Way: 0 Address: 0x1064c2680
  Set: 155 Way: 0 Address: 0x1064c26c0
  Set: 156 Way: 0 Address: 0x1064c2700
  Set: 157 Way: 0 Address: 0x1064c2740
  Set: 158 Way: 0 Address: 0x1064c2780
  Set: 159 Way: 0 Address: 0x1064c27c0
  Set: 160 Way: 0 Address: 0x1064c2800
  Set: 161 Way: 0 Address: 0x1064c2840
  Set: 162 Way: 0 Address: 0x1064c2880
  Set: 163 Way: 0 Address: 0x1064c28c0
  Set: 164 Way: 0 Address: 0x1064c2900
  Set: 165 Way: 0 Address: 0x1064c2940
  Set: 166 Way: 0 Address: 0x1064c2980
  Set: 167 Way: 0 Address: 0x1064c29c0
  Set: 168 Way: 0 Address: 0x1064c2a00
  Set: 169 Way: 0 Address: 0x1064c2a40
  Set: 170 Way: 0 Address: 0x1064c2a80
  Set: 171 Way: 0 Address: 0x1064c2ac0
  Set: 172 Way: 0 Address: 0x1064c2b00
  Set: 173 Way: 0 Address: 0x1064c2b40
  Set: 174 Way: 0 Address: 0x1064c2b80
  Set: 175 Way: 0 Address: 0x1064c2bc0
  Set: 176 Way: 0 Address: 0x1064c2c00
  Set: 177 Way: 0 Address: 0x1064c2c40
  Set: 178 Way: 0 Address: 0x1064c2c80
  Set: 179 Way: 0 Address: 0x1064c2cc0
  Set: 180 Way: 0 Address: 0x1995f2d30
  Set: 180 Way: 1 Address: 0x1064c2d00
  Set: 181 Way: 0 Address: 0x1064c2d40
  Set: 182 Way: 0 Address: 0x1064c2d80
  Set: 183 Way: 0 Address: 0x1064c2dc0
  Set: 184 Way: 0 Address: 0x133c92e20
  Set: 184 Way: 1 Address: 0x1064c2e00
  Set: 185 Way: 0 Address: 0x1064c2e40
  Set: 186 Way: 0 Address: 0x1064c2e80
  Set: 187 Way: 0 Address: 0x1064c2ec0
  Set: 188 Way: 0 Address: 0x1064c2f00
  Set: 189 Way: 0 Address: 0x1064c2f40
  Set: 190 Way: 0 Address: 0x1064c2f80
  Set: 191 Way: 0 Address: 0x9cff2fc8
  Set: 191 Way: 1 Address: 0x6d0c2fc8
  Set: 191 Way: 2 Address: 0x1064c2fc0
  Set: 192 Way: 0 Address: 0x263c13020
  Set: 192 Way: 1 Address: 0x2b2e93018
  Set: 192 Way: 2 Address: 0x3b0803000
  Set: 193 Way: 0 Address: 0x3b0803040
  Set: 194 Way: 0 Address: 0x3b0803080
  Set: 195 Way: 0 Address: 0x2b2e930d8
  Set: 195 Way: 1 Address: 0x3b08030c0
  Set: 196 Way: 0 Address: 0x263c13100
  Set: 196 Way: 1 Address: 0x3b0803100
  Set: 197 Way: 0 Address: 0x3b0803140
  Set: 198 Way: 0 Address: 0x3b0803180
  Set: 199 Way: 0 Address: 0x3b08031c0
  Set: 200 Way: 0 Address: 0x3b0803200
  Set: 201 Way: 0 Address: 0x3b0803240
  Set: 202 Way: 0 Address: 0x3b0803280
  Set: 203 Way: 0 Address: 0x3c56b32c0
  Set: 203 Way: 1 Address: 0x3b08032c0
  Set: 204 Way: 0 Address: 0x3b0803300
  Set: 205 Way: 0 Address: 0x3b0803340
  Set: 206 Way: 0 Address: 0x3b0803380
  Set: 207 Way: 0 Address: 0x3b08033c0
  Set: 208 Way: 0 Address: 0x3b0803400
  Set: 209 Way: 0 Address: 0x3b0803440
  Set: 210 Way: 0 Address: 0x3b0803480
  Set: 211 Way: 0 Address: 0x3b08034c0
  Set: 212 Way: 0 Address: 0x3b0803500
  Set: 213 Way: 0 Address: 0x3b0803540
  Set: 214 Way: 0 Address: 0x3b0803580
  Set: 215 Way: 0 Address: 0x3b08035c0
  Set: 216 Way: 0 Address: 0x3b0803600
  Set: 217 Way: 0 Address: 0x3b0803640
  Set: 218 Way: 0 Address: 0x3b0803680
  Set: 218 Way: 1 Address: 0x34a873698
  Set: 219 Way: 0 Address: 0x2577136f8
  Set: 219 Way: 1 Address: 0x3b08036c0
  Set: 220 Way: 0 Address: 0x3b0803700
  Set: 221 Way: 0 Address: 0x3b0803740
  Set: 222 Way: 0 Address: 0x3b0803780
  Set: 223 Way: 0 Address: 0x3b08037c0
  Set: 224 Way: 0 Address: 0x3b0803800
  Set: 225 Way: 0 Address: 0x3b0803840
  Set: 226 Way: 0 Address: 0x3b0803880
  Set: 227 Way: 0 Address: 0x3b08038c0
  Set: 228 Way: 0 Address: 0x3b0803900
  Set: 229 Way: 0 Address: 0x3b0803940
  Set: 230 Way: 0 Address: 0x3b0803980
  Set: 231 Way: 0 Address: 0x3b08039c0
  Set: 232 Way: 0 Address: 0x3b0803a00
  Set: 233 Way: 0 Address: 0x3b0803a40
  Set: 234 Way: 0 Address: 0x3b0803a80
  Set: 235 Way: 0 Address: 0x3b0803ac0
  Set: 236 Way: 0 Address: 0x3b0803b00
  Set: 237 Way: 0 Address: 0x3b0803b40
  Set: 238 Way: 0 Address: 0x3b0803b80
  Set: 239 Way: 0 Address: 0x3b0803bc0
  Set: 240 Way: 0 Address: 0x3b0803c00
  Set: 241 Way: 0 Address: 0x3b0803c40
  Set: 242 Way: 0 Address: 0x3b0803c80
  Set: 243 Way: 0 Address: 0x3b0803cc0
  Set: 244 Way: 0 Address: 0x3b0803d00
  Set: 245 Way: 0 Address: 0x3232f3d48
  Set: 245 Way: 1 Address: 0x3b0803d40
  Set: 246 Way: 0 Address: 0x3232f3d80
  Set: 246 Way: 1 Address: 0x3b0803d80
  Set: 247 Way: 0 Address: 0x3232f3dc0
  Set: 247 Way: 1 Address: 0x3b0803dc0
  Set: 248 Way: 0 Address: 0x3232f3e00
  Set: 248 Way: 1 Address: 0x3b0803e00
  Set: 249 Way: 0 Address: 0x3232f3e40
  Set: 250 Way: 0 Address: 0x3232f3e80
  Set: 251 Way: 0 Address: 0x3232f3ec0
  Set: 252 Way: 0 Address: 0x3232f3f00
  Set: 253 Way: 0 Address: 0x3232f3f40
  Set: 254 Way: 0 Address: 0x3232f3f80
  Set: 255 Way: 0 Address: 0x3232f3fc0
  Set: 256 Way: 0 Address: 0xb8004000
  Set: 257 Way: 0 Address: 0xb8004040
  Set: 258 Way: 0 Address: 0xb8004080
  Set: 259 Way: 0 Address: 0xb80040c0
  Set: 260 Way: 0 Address: 0xb8004100
  Set: 260 Way: 1 Address: 0x1ab44100
  Set: 261 Way: 0 Address: 0xb8004140
  Set: 262 Way: 0 Address: 0xb8004180
  Set: 262 Way: 1 Address: 0x1ab44180
  Set: 263 Way: 0 Address: 0xb80041c0
  Set: 264 Way: 0 Address: 0xb8004200
  Set: 265 Way: 0 Address: 0xb8004268
  Set: 266 Way: 0 Address: 0xb8004280
  Set: 267 Way: 0 Address: 0x1299342e0
  Set: 267 Way: 1 Address: 0xb80042c0
  Set: 268 Way: 0 Address: 0xb8004300
  Set: 269 Way: 0 Address: 0xb8004340
  Set: 270 Way: 0 Address: 0xb8004380
  Set: 271 Way: 0 Address: 0xb80043c0
  Set: 272 Way: 0 Address: 0x3de4d4418
  Set: 272 Way: 1 Address: 0xb8004400
  Set: 273 Way: 0 Address: 0xb8004440
  Set: 274 Way: 0 Address: 0xb8004480
  Set: 275 Way: 0 Address: 0xb80044c0
  Set: 276 Way: 0 Address: 0xb8004500
  Set: 277 Way: 0 Address: 0xb8004540
  Set: 278 Way: 0 Address: 0xb8004580
  Set: 279 Way: 0 Address: 0xb80045c0
  Set: 280 Way: 0 Address: 0xb8004600
  Set: 281 Way: 0 Address: 0xb8004640
  Set: 282 Way: 0 Address: 0xb8004680
  Set: 283 Way: 0 Address: 0xb80046c0
  Set: 284 Way: 0 Address: 0xb8004700
  Set: 285 Way: 0 Address: 0xb8004740
  Set: 286 Way: 0 Address: 0xb8004780
  Set: 287 Way: 0 Address: 0xb80047c0
  Set: 288 Way: 0 Address: 0x3c1074820
  Set: 288 Way: 1 Address: 0xb8004800
  Set: 289 Way: 0 Address: 0xb8004840
  Set: 290 Way: 0 Address: 0xb8004880
  Set: 291 Way: 0 Address: 0xb80048c0
  Set: 292 Way: 0 Address: 0xb8004900
  Set: 293 Way: 0 Address: 0xb8004940
  Set: 294 Way: 0 Address: 0xb8004980
  Set: 295 Way: 0 Address: 0xb80049c0
  Set: 296 Way: 0 Address: 0xb8004a00
  Set: 297 Way: 0 Address: 0xb8004a40
  Set: 298 Way: 0 Address: 0xb8004a80
  Set: 299 Way: 0 Address: 0xb8004ac0
  Set: 300 Way: 0 Address: 0xb8004b00
  Set: 301 Way: 0 Address: 0xb8004b40
  Set: 302 Way: 0 Address: 0xb8004b80
  Set: 303 Way: 0 Address: 0xb8004bc0
  Set: 304 Way: 0 Address: 0xb8004c00
  Set: 305 Way: 0 Address: 0xb8004c40
  Set: 306 Way: 0 Address: 0xb8004c80
  Set: 307 Way: 0 Address: 0xb8004cc0
  Set: 308 Way: 0 Address: 0x397bb4d00
  Set: 308 Way: 1 Address: 0xb8004d00
  Set: 309 Way: 0 Address: 0x397bb4d40
  Set: 309 Way: 1 Address: 0xb8004d40
  Set: 310 Way: 0 Address: 0x397bb4d80
  Set: 310 Way: 1 Address: 0xb8004d80
  Set: 311 Way: 0 Address: 0x397bb4dc0
  Set: 311 Way: 1 Address: 0xb8004dc0
  Set: 312 Way: 0 Address: 0x397bb4e00
  Set: 312 Way: 1 Address: 0xb8004e00
  Set: 313 Way: 0 Address: 0x397bb4e40
  Set: 313 Way: 1 Address: 0xb8004e40
  Set: 314 Way: 0 Address: 0x397bb4e80
  Set: 314 Way: 1 Address: 0xb8004e80
  Set: 315 Way: 0 Address: 0x397bb4ec0
  Set: 315 Way: 1 Address: 0xb8004ec0
  Set: 316 Way: 0 Address: 0x397bb4f00
  Set: 316 Way: 1 Address: 0xb8004f00
  Set: 317 Way: 0 Address: 0xb8004f40
  Set: 317 Way: 1 Address: 0x397bb4f44
  Set: 318 Way: 0 Address: 0x397bb4f80
  Set: 318 Way: 1 Address: 0xb8004f80
  Set: 319 Way: 0 Address: 0x397bb4fc0
  Set: 319 Way: 1 Address: 0xb8004fc0
  Set: 320 Way: 0 Address: 0x195f15010
  Set: 320 Way: 1 Address: 0x272585000
  Set: 321 Way: 0 Address: 0x1b0f15078
  Set: 321 Way: 1 Address: 0x272585040
  Set: 322 Way: 0 Address: 0x272585080
  Set: 323 Way: 0 Address: 0x1b0f150d8
  Set: 323 Way: 1 Address: 0x2725850c0
  Set: 324 Way: 0 Address: 0x272585100
  Set: 325 Way: 0 Address: 0x272585140
  Set: 326 Way: 0 Address: 0x272585180
  Set: 327 Way: 0 Address: 0x2725851c0
  Set: 328 Way: 0 Address: 0x272585200
  Set: 329 Way: 0 Address: 0x272585240
  Set: 330 Way: 0 Address: 0x354d35288
  Set: 330 Way: 1 Address: 0x272585280
  Set: 331 Way: 0 Address: 0x354d352c0
  Set: 331 Way: 1 Address: 0x2725852c0
  Set: 332 Way: 0 Address: 0x354d35300
  Set: 332 Way: 1 Address: 0x272585300
  Set: 333 Way: 0 Address: 0x354d35340
  Set: 333 Way: 1 Address: 0x272585340
  Set: 334 Way: 0 Address: 0x354d35380
  Set: 334 Way: 1 Address: 0x272585380
  Set: 335 Way: 0 Address: 0x354d353c0
  Set: 335 Way: 1 Address: 0x2725853c0
  Set: 336 Way: 0 Address: 0x354d35400
  Set: 336 Way: 1 Address: 0x272585400
  Set: 337 Way: 0 Address: 0x354d35440
  Set: 337 Way: 1 Address: 0x272585440
  Set: 338 Way: 0 Address: 0x354d35480
  Set: 338 Way: 1 Address: 0x272585480
  Set: 339 Way: 0 Address: 0x354d354c0
  Set: 339 Way: 1 Address: 0x2725854c0
  Set: 340 Way: 0 Address: 0x354d35500
  Set: 340 Way: 1 Address: 0x272585500
  Set: 341 Way: 0 Address: 0x354d35540
  Set: 341 Way: 1 Address: 0x272585540
  Set: 342 Way: 0 Address: 0x354d35580
  Set: 342 Way: 1 Address: 0x272585580
  Set: 343 Way: 0 Address: 0x354d355c0
  Set: 343 Way: 1 Address: 0x2725855c0
  Set: 344 Way: 0 Address: 0x354d35600
  Set: 344 Way: 1 Address: 0x272585600
  Set: 345 Way: 0 Address: 0x354d35640
  Set: 345 Way: 1 Address: 0x272585640
  Set: 346 Way: 0 Address: 0x354d35680
  Set: 346 Way: 1 Address: 0x272585680
  Set: 347 Way: 0 Address: 0x354d356c0
  Set: 347 Way: 1 Address: 0x2725856c0
  Set: 348 Way: 0 Address: 0x354d35700
  Set: 348 Way: 1 Address: 0x272585700
  Set: 349 Way: 0 Address: 0x354d35740
  Set: 349 Way: 1 Address: 0x272585740
  Set: 350 Way: 0 Address: 0x354d35780
  Set: 350 Way: 1 Address: 0x272585780
  Set: 351 Way: 0 Address: 0x354d357c0
  Set: 352 Way: 0 Address: 0x354d35800
  Set: 353 Way: 0 Address: 0x354d35840
  Set: 354 Way: 0 Address: 0x354d35880
  Set: 355 Way: 0 Address: 0x354d358c0
  Set: 356 Way: 0 Address: 0x354d35900
  Set: 357 Way: 0 Address: 0x354d35940
  Set: 358 Way: 0 Address: 0x354d35980
  Set: 359 Way: 0 Address: 0x354d359c0
  Set: 360 Way: 0 Address: 0x354d35a00
  Set: 361 Way: 0 Address: 0x354d35a40
  Set: 362 Way: 0 Address: 0x354d35a80
  Set: 363 Way: 0 Address: 0x354d35ac0
  Set: 364 Way: 0 Address: 0x354d35b00
  Set: 365 Way: 0 Address: 0x354d35b40
  Set: 366 Way: 0 Address: 0x354d35b80
  Set: 367 Way: 0 Address: 0x354d35bc0
  Set: 368 Way: 0 Address: 0x354d35c00
  Set: 369 Way: 0 Address: 0x354d35c40
  Set: 370 Way: 0 Address: 0x354d35c80
  Set: 371 Way: 0 Address: 0x354d35cc0
  Set: 372 Way: 0 Address: 0x354d35d00
  Set: 373 Way: 0 Address: 0x354d35d40
  Set: 374 Way: 0 Address: 0x354d35d80
  Set: 375 Way: 0 Address: 0x354d35dc0
  Set: 376 Way: 0 Address: 0x354d35e00
  Set: 377 Way: 0 Address: 0x354d35e40
  Set: 378 Way: 0 Address: 0x354d35e80
  Set: 379 Way: 0 Address: 0x354d35ec0
  Set: 380 Way: 0 Address: 0x354d35f00
  Set: 381 Way: 0 Address: 0x354d35f40
  Set: 382 Way: 0 Address: 0x354d35f80
  Set: 383 Way: 0 Address: 0x354d35fc0
  Set: 384 Way: 0 Address: 0x3dae66018
  Set: 387 Way: 0 Address: 0x3dae660f8
  Set: 389 Way: 0 Address: 0x211d16178
  Set: 395 Way: 0 Address: 0x437362e8
  Set: 404 Way: 0 Address: 0x3d87a6528
  Set: 417 Way: 0 Address: 0x84896848
  Set: 443 Way: 0 Address: 0x27d4c6ee8
  Set: 447 Way: 0 Address: 0x84896fc0
  Set: 454 Way: 0 Address: 0xbeea7180
  Set: 459 Way: 0 Address: 0x3098872c8
  Set: 512 Way: 0 Address: 0xc7078000
  Set: 513 Way: 0 Address: 0xc7078040
  Set: 514 Way: 0 Address: 0xc7078080
  Set: 515 Way: 0 Address: 0xc70780c0
  Set: 516 Way: 0 Address: 0xc7078100
  Set: 517 Way: 0 Address: 0xc7078140
  Set: 518 Way: 0 Address: 0xc7078180
  Set: 519 Way: 0 Address: 0xc70781c0
  Set: 520 Way: 0 Address: 0xc7078200
  Set: 521 Way: 0 Address: 0xc7078240
  Set: 522 Way: 0 Address: 0xc70782a8
  Set: 523 Way: 0 Address: 0x1aafb82d8
  Set: 523 Way: 1 Address: 0xc70782c0
  Set: 524 Way: 0 Address: 0xc7078300
  Set: 525 Way: 0 Address: 0xc7078340
  Set: 526 Way: 0 Address: 0xc7078380
  Set: 527 Way: 0 Address: 0xc70783c0
  Set: 528 Way: 0 Address: 0xc7078400
  Set: 529 Way: 0 Address: 0xc7078440
  Set: 530 Way: 0 Address: 0xc7078480
  Set: 531 Way: 0 Address: 0xc70784c0
  Set: 532 Way: 0 Address: 0xc7078500
  Set: 533 Way: 0 Address: 0xc7078540
  Set: 534 Way: 0 Address: 0xc7078580
  Set: 535 Way: 0 Address: 0xc70785c0
  Set: 536 Way: 0 Address: 0xc7078600
  Set: 537 Way: 0 Address: 0xc7078640
  Set: 538 Way: 0 Address: 0x2c9898688
  Set: 538 Way: 1 Address: 0xc7078680
  Set: 539 Way: 0 Address: 0x3bdd786c8
  Set: 539 Way: 1 Address: 0xc70786c0
  Set: 540 Way: 0 Address: 0xc7078700
  Set: 541 Way: 0 Address: 0xc7078740
  Set: 542 Way: 0 Address: 0xc7078780
  Set: 543 Way: 0 Address: 0xc70787c0
  Set: 544 Way: 0 Address: 0xc7078800
  Set: 545 Way: 0 Address: 0xc7078840
  Set: 546 Way: 0 Address: 0xc7078880
  Set: 547 Way: 0 Address: 0xc70788c0
  Set: 548 Way: 0 Address: 0xc7078900
  Set: 549 Way: 0 Address: 0xc7078940
  Set: 550 Way: 0 Address: 0xc7078980
  Set: 551 Way: 0 Address: 0xc70789c0
  Set: 552 Way: 0 Address: 0xc7078a00
  Set: 553 Way: 0 Address: 0xc7078a40
  Set: 554 Way: 0 Address: 0xc7078a80
  Set: 555 Way: 0 Address: 0xc7078ac0
  Set: 556 Way: 0 Address: 0xc7078b00
  Set: 557 Way: 0 Address: 0xc7078b78
  Set: 558 Way: 0 Address: 0xc7078b80
  Set: 559 Way: 0 Address: 0xc7078bc0
  Set: 560 Way: 0 Address: 0xc7078c00
  Set: 561 Way: 0 Address: 0xc7078c40
  Set: 562 Way: 0 Address: 0xc7078c80
  Set: 563 Way: 0 Address: 0xc7078cc0
  Set: 564 Way: 0 Address: 0xc7078d00
  Set: 565 Way: 0 Address: 0xc7078d40
  Set: 566 Way: 0 Address: 0xc7078d80
  Set: 567 Way: 0 Address: 0xc7078dc0
  Set: 568 Way: 0 Address: 0xc7078e00
  Set: 569 Way: 0 Address: 0xc7078e40
  Set: 570 Way: 0 Address: 0xc7078e80
  Set: 571 Way: 0 Address: 0xc7078ec0
  Set: 572 Way: 0 Address: 0xc7078f00
  Set: 573 Way: 0 Address: 0xc7078f40
  Set: 574 Way: 0 Address: 0xc7078f80
  Set: 575 Way: 0 Address: 0xc7078fc0
  Set: 576 Way: 0 Address: 0x2c8749000
  Set: 577 Way: 0 Address: 0x2c8749040
  Set: 578 Way: 0 Address: 0x2c8749080
  Set: 579 Way: 0 Address: 0x2c87490c0
  Set: 581 Way: 0 Address: 0x2c8749140
  Set: 582 Way: 0 Address: 0x2c8749180
  Set: 583 Way: 0 Address: 0x2c87491c0
  Set: 584 Way: 0 Address: 0x2c8749200
  Set: 587 Way: 0 Address: 0x2929592f0
  Set: 594 Way: 0 Address: 0x3120994b8
  Set: 595 Way: 0 Address: 0x3120994d0
  Set: 638 Way: 0 Address: 0x2ee369f90
  Set: 640 Way: 0 Address: 0x229b9a000
  Set: 671 Way: 0 Address: 0x1d89da7f8
  Set: 696 Way: 0 Address: 0x223edae28
  Set: 722 Way: 0 Address: 0x394edb480
  Set: 723 Way: 0 Address: 0x394edb4c3
  Set: 724 Way: 0 Address: 0x394edb501
  Set: 725 Way: 0 Address: 0x394edb544
  Set: 726 Way: 0 Address: 0x394edb584
  Set: 727 Way: 0 Address: 0x394edb5c5
  Set: 728 Way: 0 Address: 0x394edb600
  Set: 730 Way: 0 Address: 0xc0d9b690
  Set: 736 Way: 0 Address: 0x3b377b800
  Set: 739 Way: 0 Address: 0xcf83b8cc
  Set: 740 Way: 0 Address: 0xcf83b900
  Set: 741 Way: 0 Address: 0xcf83b940
  Set: 742 Way: 0 Address: 0xcf83b980
  Set: 743 Way: 0 Address: 0xcf83b9c0
  Set: 744 Way: 0 Address: 0xcf83ba00
  Set: 745 Way: 0 Address: 0xcf83ba40
  Set: 746 Way: 0 Address: 0xcf83ba80
  Set: 747 Way: 0 Address: 0xcf83bac0
  Set: 748 Way: 0 Address: 0xcf83bb00
  Set: 749 Way: 0 Address: 0xcf83bb40
  Set: 750 Way: 0 Address: 0xcf83bb80
  Set: 751 Way: 0 Address: 0xcf83bbc0
  Set: 752 Way: 0 Address: 0xcf83bc00
  Set: 753 Way: 0 Address: 0x3b377bc48
  Set: 753 Way: 1 Address: 0xcf83bc40
  Set: 754 Way: 0 Address: 0xcf83bc80
  Set: 755 Way: 0 Address: 0xcf83bcc0
  Set: 756 Way: 0 Address: 0xcf83bd00
  Set: 757 Way: 0 Address: 0xcf83bd40
  Set: 758 Way: 0 Address: 0xcf83bd80
  Set: 759 Way: 0 Address: 0xcf83bdc0
  Set: 760 Way: 0 Address: 0xcf83be00
  Set: 761 Way: 0 Address: 0xcf83be40
  Set: 762 Way: 0 Address: 0xcf83be80
  Set: 763 Way: 0 Address: 0xcf83bec0
  Set: 764 Way: 0 Address: 0xcf83bf00
  Set: 765 Way: 0 Address: 0xcf83bf40
  Set: 766 Way: 0 Address: 0xcf83bf80
  Set: 767 Way: 0 Address: 0xcf83bfc0
  Set: 768 Way: 0 Address: 0xdf85c000
  Set: 768 Way: 1 Address: 0x12c6fc000
  Set: 771 Way: 0 Address: 0x29484c0f8
  Set: 772 Way: 0 Address: 0x29484c100
  Set: 801 Way: 0 Address: 0x12c6fc840
  Set: 806 Way: 0 Address: 0x38e35c9a8
  Set: 831 Way: 0 Address: 0x38e35cfc0
  Set: 838 Way: 0 Address: 0x5588d188
  Set: 895 Way: 0 Address: 0x23755dfe0
  Set: 896 Way: 0 Address: 0x28b67e000
  Set: 896 Way: 1 Address: 0x2f5d8e000
  Set: 904 Way: 0 Address: 0x3734ee228
  Set: 905 Way: 0 Address: 0x3734ee240
  Set: 906 Way: 0 Address: 0x3734ee280
  Set: 907 Way: 0 Address: 0x1c084e2f8
  Set: 907 Way: 1 Address: 0x3734ee2c0
  Set: 907 Way: 2 Address: 0x20597e2d8
  Set: 908 Way: 0 Address: 0x3734ee300
  Set: 909 Way: 0 Address: 0x3734ee340
  Set: 910 Way: 0 Address: 0x3734ee380
  Set: 910 Way: 1 Address: 0x1f919e390
  Set: 911 Way: 0 Address: 0x1f919e3e0
  Set: 911 Way: 1 Address: 0x3734ee3c0
  Set: 912 Way: 0 Address: 0x1f919e415
  Set: 912 Way: 1 Address: 0x3734ee400
  Set: 913 Way: 0 Address: 0x1f919e440
  Set: 913 Way: 1 Address: 0x3734ee440
  Set: 914 Way: 0 Address: 0x1f919e486
  Set: 914 Way: 1 Address: 0x3734ee480
  Set: 915 Way: 0 Address: 0x1f919e4c3
  Set: 915 Way: 1 Address: 0x3734ee4c0
  Set: 916 Way: 0 Address: 0x3734ee500
  Set: 916 Way: 1 Address: 0x1f919e504
  Set: 917 Way: 0 Address: 0x3734ee540
  Set: 918 Way: 0 Address: 0x3734ee580
  Set: 919 Way: 0 Address: 0x3734ee5c0
  Set: 920 Way: 0 Address: 0x3734ee600
  Set: 921 Way: 0 Address: 0x3734ee640
  Set: 922 Way: 0 Address: 0x3734ee680
  Set: 923 Way: 0 Address: 0x3734ee6c0
  Set: 924 Way: 0 Address: 0x3734ee700
  Set: 925 Way: 0 Address: 0x3734ee740
  Set: 926 Way: 0 Address: 0x3734ee780
  Set: 927 Way: 0 Address: 0x28b67e7f8
  Set: 927 Way: 1 Address: 0x3734ee7c0
  Set: 928 Way: 0 Address: 0x3734ee800
  Set: 929 Way: 0 Address: 0x3734ee840
  Set: 930 Way: 0 Address: 0x3734ee880
  Set: 931 Way: 0 Address: 0x3734ee8c0
  Set: 932 Way: 0 Address: 0x3734ee900
  Set: 933 Way: 0 Address: 0x3734ee940
  Set: 934 Way: 0 Address: 0x2f5d8e9a8
  Set: 934 Way: 1 Address: 0x3734ee980
  Set: 935 Way: 0 Address: 0x3734ee9c0
  Set: 936 Way: 0 Address: 0x3734eea00
  Set: 937 Way: 0 Address: 0x3734eea40
  Set: 938 Way: 0 Address: 0x3734eea80
  Set: 939 Way: 0 Address: 0x3734eeac0
  Set: 940 Way: 0 Address: 0x3734eeb00
  Set: 941 Way: 0 Address: 0x3734eeb40
  Set: 942 Way: 0 Address: 0x3734eeb80
  Set: 943 Way: 0 Address: 0x3734eebc0
  Set: 944 Way: 0 Address: 0x3734eec00
  Set: 945 Way: 0 Address: 0x3734eec40
  Set: 946 Way: 0 Address: 0x3734eec80
  Set: 947 Way: 0 Address: 0x3734eecc0
  Set: 948 Way: 0 Address: 0x3734eed00
  Set: 949 Way: 0 Address: 0x3734eed40
  Set: 950 Way: 0 Address: 0x3734eed80
  Set: 951 Way: 0 Address: 0x3734eedc0
  Set: 952 Way: 0 Address: 0x3734eee00
  Set: 953 Way: 0 Address: 0x3734eee40
  Set: 954 Way: 0 Address: 0x3734eee80
  Set: 955 Way: 0 Address: 0x3734eeec0
  Set: 955 Way: 1 Address: 0x2db79eec8
  Set: 956 Way: 0 Address: 0x3734eef00
  Set: 957 Way: 0 Address: 0x3734eef40
  Set: 958 Way: 0 Address: 0x3734eef80
  Set: 959 Way: 0 Address: 0x3734eefc0
  Set: 960 Way: 0 Address: 0x16390f000
  Set: 961 Way: 0 Address: 0x16390f040
  Set: 961 Way: 1 Address: 0x23756f078
  Set: 962 Way: 0 Address: 0x16390f080
  Set: 965 Way: 0 Address: 0x16390f140
  Set: 966 Way: 0 Address: 0x16390f180
  Set: 967 Way: 0 Address: 0x16390f1c0
  Set: 968 Way: 0 Address: 0x16390f200
  Set: 975 Way: 0 Address: 0x143ef3f0
  Set: 978 Way: 0 Address: 0xee86f4b8
  Set: 979 Way: 0 Address: 0xee86f4e8
  Set: 980 Way: 0 Address: 0xee86f538
  Set: 981 Way: 0 Address: 0xee86f550
  Set: 982 Way: 0 Address: 0xee86f580
  Set: 983 Way: 0 Address: 0xee86f5e0
  Set: 993 Way: 0 Address: 0x22272f848
  Set: 1019 Way: 0 Address: 0x22272fec8
EndCache
Cache: cpu0_L1I
  Set: 0 Way: 0 Address: 0x2177f0003
  Set: 14 Way: 0 Address: 0x1f919e390
  Set: 15 Way: 0 Address: 0x1f919e3e0
  Set: 15 Way: 1 Address: 0x143ef3f0
  Set: 16 Way: 0 Address: 0x1f919e401
  Set: 17 Way: 0 Address: 0x1f919e440
  Set: 18 Way: 0 Address: 0x394edb4a4
  Set: 18 Way: 1 Address: 0x1f919e486
  Set: 19 Way: 0 Address: 0x394edb4c3
  Set: 19 Way: 1 Address: 0x1f919e4c3
  Set: 20 Way: 0 Address: 0x394edb528
  Set: 20 Way: 1 Address: 0x1f919e504
  Set: 21 Way: 0 Address: 0x394edb57a
  Set: 22 Way: 0 Address: 0x394edb5b9
  Set: 23 Way: 0 Address: 0x394edb5fa
  Set: 24 Way: 0 Address: 0x394edb600
  Set: 63 Way: 0 Address: 0x23755dfe0
EndCache
Cache: cpu0_L1D
  Set: 0 Way: 0 Address: 0x2a4841038
  Set: 0 Way: 1 Address: 0x2b2e93018
  Set: 0 Way: 2 Address: 0x1064c2020
  Set: 0 Way: 3 Address: 0x195f15010
  Set: 0 Way: 4 Address: 0x3b0803000
  Set: 0 Way: 5 Address: 0xc7078038
  Set: 0 Way: 6 Address: 0xb8004000
  Set: 0 Way: 7 Address: 0xf6e81038
  Set: 0 Way: 8 Address: 0x16390f01c
  Set: 0 Way: 9 Address: 0x2c8749018
  Set: 0 Way: 10 Address: 0x272585018
  Set: 0 Way: 11 Address: 0x3dae66018
  Set: 1 Way: 0 Address: 0xc7078040
  Set: 1 Way: 1 Address: 0xf6e81078
  Set: 1 Way: 2 Address: 0xb8004078
  Set: 1 Way: 3 Address: 0x16390f058
  Set: 1 Way: 4 Address: 0x1064c2050
  Set: 1 Way: 5 Address: 0x3b0803040
  Set: 1 Way: 6 Address: 0x1b0f15078
  Set: 1 Way: 7 Address: 0x23756f078
  Set: 1 Way: 8 Address: 0x2c8749040
  Set: 1 Way: 9 Address: 0x272585040
  Set: 2 Way: 0 Address: 0xf6e810b8
  Set: 2 Way: 1 Address: 0xc70780b8
  Set: 2 Way: 2 Address: 0xb80040b8
  Set: 2 Way: 3 Address: 0x16390f094
  Set: 2 Way: 4 Address: 0x1064c2080
  Set: 2 Way: 5 Address: 0x3b0803080
  Set: 2 Way: 6 Address: 0x2c8749094
  Set: 2 Way: 7 Address: 0x272585080
  Set: 3 Way: 0 Address: 0x9cff20d8
  Set: 3 Way: 1 Address: 0xf6e810f8
  Set: 3 Way: 2 Address: 0xc70780f8
  Set: 3 Way: 3 Address: 0xb80040f8
  Set: 3 Way: 4 Address: 0x29484c0f8
  Set: 3 Way: 5 Address: 0x3dae660f8
  Set: 3 Way: 6 Address: 0x2b2e930d8
  Set: 3 Way: 7 Address: 0x1b0f150d8
  Set: 3 Way: 8 Address: 0x1064c20c0
  Set: 3 Way: 9 Address: 0x3b08030c0
  Set: 3 Way: 10 Address: 0x2c87490c0
  Set: 3 Way: 11 Address: 0x2725850c0
  Set: 4 Way: 0 Address: 0x263c13100
  Set: 4 Way: 1 Address: 0x29484c100
  Set: 4 Way: 2 Address: 0xf6e81138
  Set: 4 Way: 3 Address: 0xc7078138
  Set: 4 Way: 4 Address: 0xb8004138
  Set: 4 Way: 5 Address: 0x1ab44100
  Set: 4 Way: 6 Address: 0x1064c2108
  Set: 4 Way: 7 Address: 0x3b0803100
  Set: 4 Way: 8 Address: 0x272585108
  Set: 5 Way: 0 Address: 0xf6e81178
  Set: 5 Way: 1 Address: 0xc7078178
  Set: 5 Way: 2 Address: 0xb8004178
  Set: 5 Way: 3 Address: 0x16390f140
  Set: 5 Way: 4 Address: 0x211d16178
  Set: 5 Way: 5 Address: 0x1064c2148
  Set: 5 Way: 6 Address: 0x3b0803140
  Set: 5 Way: 7 Address: 0x2c8749140
  Set: 5 Way: 8 Address: 0x272585140
  Set: 6 Way: 0 Address: 0x2a48411a0
  Set: 6 Way: 1 Address: 0xf6e811b8
  Set: 6 Way: 2 Address: 0xc70781b8
  Set: 6 Way: 3 Address: 0xb80041b8
  Set: 6 Way: 4 Address: 0x16390f180
  Set: 6 Way: 5 Address: 0x5588d188
  Set: 6 Way: 6 Address: 0x1ab44180
  Set: 6 Way: 7 Address: 0xbeea7180
  Set: 6 Way: 8 Address: 0x1064c2188
  Set: 6 Way: 9 Address: 0x3b0803180
  Set: 6 Way: 10 Address: 0x2c8749180
  Set: 6 Way: 11 Address: 0x272585188
  Set: 7 Way: 0 Address: 0xf6e811f8
  Set: 7 Way: 1 Address: 0xc70781f8
  Set: 7 Way: 2 Address: 0x16390f1c0
  Set: 7 Way: 3 Address: 0xb80041f8
  Set: 7 Way: 4 Address: 0x1064c21c8
  Set: 7 Way: 5 Address: 0x3b08031c0
  Set: 7 Way: 6 Address: 0x2c87491c0
  Set: 7 Way: 7 Address: 0x2725851c8
  Set: 8 Way: 0 Address: 0x113201228
  Set: 8 Way: 1 Address: 0x2a4841200
  Set: 8 Way: 2 Address: 0xf6e81238
  Set: 8 Way: 3 Address: 0x16390f200
  Set: 8 Way: 4 Address: 0xc7078238
  Set: 8 Way: 5 Address: 0xb8004220
  Set: 8 Way: 6 Address: 0x3734ee228
  Set: 8 Way: 7 Address: 0x1064c2208
  Set: 8 Way: 8 Address: 0x3b0803200
  Set: 8 Way: 9 Address: 0x2c8749200
  Set: 8 Way: 10 Address: 0x272585208
  Set: 9 Way: 0 Address: 0x2a4841240
  Set: 9 Way: 1 Address: 0xf6e81278
  Set: 9 Way: 2 Address: 0xc7078260
  Set: 9 Way: 3 Address: 0xb8004268
  Set: 9 Way: 4 Address: 0x3734ee240
  Set: 9 Way: 5 Address: 0x1064c2250
  Set: 9 Way: 6 Address: 0x3b0803240
  Set: 9 Way: 7 Address: 0x272585248
  Set: 10 Way: 0 Address: 0xf6e812a0
  Set: 10 Way: 1 Address: 0x354d35288
  Set: 10 Way: 2 Address: 0xc70782a8
  Set: 10 Way: 3 Address: 0xb8004280
  Set: 10 Way: 4 Address: 0x3734ee280
  Set: 10 Way: 5 Address: 0x1064c2280
  Set: 10 Way: 6 Address: 0x3b0803280
  Set: 10 Way: 7 Address: 0x272585280
  Set: 11 Way: 0 Address: 0x20597e2d8
  Set: 11 Way: 1 Address: 0xf6e812c0
  Set: 11 Way: 2 Address: 0x3b08032c0
  Set: 11 Way: 3 Address: 0x2725852c0
  Set: 11 Way: 4 Address: 0x181c812d0
  Set: 11 Way: 5 Address: 0x3098872c8
  Set: 11 Way: 6 Address: 0x1c084e2f8
  Set: 11 Way: 7 Address: 0xc70782c0
  Set: 11 Way: 8 Address: 0x354d352c0
  Set: 11 Way: 9 Address: 0xb80042c0
  Set: 11 Way: 10 Address: 0x3734ee2c0
  Set: 11 Way: 11 Address: 0x1064c22c0
  Set: 12 Way: 0 Address: 0xc7078300
  Set: 12 Way: 1 Address: 0x354d35300
  Set: 12 Way: 2 Address: 0xb8004300
  Set: 12 Way: 3 Address: 0x3734ee300
  Set: 12 Way: 4 Address: 0x1064c2308
  Set: 12 Way: 5 Address: 0xf6e81300
  Set: 12 Way: 6 Address: 0x3b0803300
  Set: 12 Way: 7 Address: 0x272585318
  Set: 13 Way: 0 Address: 0x3734ee340
  Set: 13 Way: 1 Address: 0xc7078340
  Set: 13 Way: 2 Address: 0x354d35340
  Set: 13 Way: 3 Address: 0xb8004340
  Set: 13 Way: 4 Address: 0x1064c2348
  Set: 13 Way: 5 Address: 0xf6e81340
  Set: 13 Way: 6 Address: 0x3b0803340
  Set: 13 Way: 7 Address: 0x272585340
  Set: 14 Way: 0 Address: 0x3734ee380
  Set: 14 Way: 1 Address: 0xb8004380
  Set: 14 Way: 2 Address: 0xc7078380
  Set: 14 Way: 3 Address: 0x354d35380
  Set: 14 Way: 4 Address: 0x1064c2388
  Set: 14 Way: 5 Address: 0xf6e81380
  Set: 14 Way: 6 Address: 0x3b0803380
  Set: 14 Way: 7 Address: 0x272585380
  Set: 15 Way: 0 Address: 0x3734ee3c0
  Set: 15 Way: 1 Address: 0xb80043c0
  Set: 15 Way: 2 Address: 0xc70783c0
  Set: 15 Way: 3 Address: 0x354d353c0
  Set: 15 Way: 4 Address: 0x1064c23c8
  Set: 15 Way: 5 Address: 0x3b08033c0
  Set: 15 Way: 6 Address: 0x2725853c0
  Set: 16 Way: 0 Address: 0x3de4d4418
  Set: 16 Way: 1 Address: 0x3734ee400
  Set: 16 Way: 2 Address: 0xb8004400
  Set: 16 Way: 3 Address: 0xc7078400
  Set: 16 Way: 4 Address: 0x354d35400
  Set: 16 Way: 5 Address: 0x1064c2400
  Set: 16 Way: 6 Address: 0x3b0803400
  Set: 16 Way: 7 Address: 0x272585400
  Set: 17 Way: 0 Address: 0xc7078440
  Set: 17 Way: 1 Address: 0xb8004440
  Set: 17 Way: 2 Address: 0x354d35440
  Set: 17 Way: 3 Address: 0x3734ee440
  Set: 17 Way: 4 Address: 0x1064c2448
  Set: 17 Way: 5 Address: 0x3b0803440
  Set: 17 Way: 6 Address: 0x272585440
  Set: 18 Way: 0 Address: 0xee86f488
  Set: 18 Way: 1 Address: 0xc7078480
  Set: 18 Way: 2 Address: 0x354d35480
  Set: 18 Way: 3 Address: 0x3734ee480
  Set: 18 Way: 4 Address: 0xb8004480
  Set: 18 Way: 5 Address: 0x1064c2488
  Set: 18 Way: 6 Address: 0x3120994b8
  Set: 18 Way: 7 Address: 0x3b0803480
  Set: 18 Way: 8 Address: 0x272585480
  Set: 19 Way: 0 Address: 0xee86f4c0
  Set: 19 Way: 1 Address: 0x3734ee4c0
  Set: 19 Way: 2 Address: 0xb80044c0
  Set: 19 Way: 3 Address: 0xc70784c0
  Set: 19 Way: 4 Address: 0x354d354c0
  Set: 19 Way: 5 Address: 0x1064c24c0
  Set: 19 Way: 6 Address: 0x3120994d0
  Set: 19 Way: 7 Address: 0x3b08034c0
  Set: 19 Way: 8 Address: 0x2725854c0
  Set: 20 Way: 0 Address: 0xc7078500
  Set: 20 Way: 1 Address: 0xb8004500
  Set: 20 Way: 2 Address: 0x354d35500
  Set: 20 Way: 3 Address: 0x3734ee500
  Set: 20 Way: 4 Address: 0x1064c2508
  Set: 20 Way: 5 Address: 0xee86f538
  Set: 20 Way: 6 Address: 0x3d87a6528
  Set: 20 Way: 7 Address: 0x3b0803500
  Set: 20 Way: 8 Address: 0x272585510
  Set: 21 Way: 0 Address: 0xee86f558
  Set: 21 Way: 1 Address: 0xc7078540
  Set: 21 Way: 2 Address: 0x354d35540
  Set: 21 Way: 3 Address: 0x3734ee540
  Set: 21 Way: 4 Address: 0xb8004540
  Set: 21 Way: 5 Address: 0x1064c2548
  Set: 21 Way: 6 Address: 0x3b0803540
  Set: 21 Way: 7 Address: 0x272585540
  Set: 22 Way: 0 Address: 0xee86f580
  Set: 22 Way: 1 Address: 0x3734ee580
  Set: 22 Way: 2 Address: 0xb8004580
  Set: 22 Way: 3 Address: 0xc7078580
  Set: 22 Way: 4 Address: 0x354d35580
  Set: 22 Way: 5 Address: 0x1064c2580
  Set: 22 Way: 6 Address: 0x3b0803580
  Set: 22 Way: 7 Address: 0x272585588
  Set: 23 Way: 0 Address: 0xb80045c0
  Set: 23 Way: 1 Address: 0xc70785c0
  Set: 23 Way: 2 Address: 0x354d355c0
  Set: 23 Way: 3 Address: 0x3734ee5c0
  Set: 23 Way: 4 Address: 0x1064c25c0
  Set: 23 Way: 5 Address: 0xee86f5e0
  Set: 23 Way: 6 Address: 0x3b08035c0
  Set: 23 Way: 7 Address: 0x2725855c8
  Set: 24 Way: 0 Address: 0xc7078600
  Set: 24 Way: 1 Address: 0x354d35600
  Set: 24 Way: 2 Address: 0xb8004600
  Set: 24 Way: 3 Address: 0x3734ee600
  Set: 24 Way: 4 Address: 0x1064c2600
  Set: 24 Way: 5 Address: 0x3b0803600
  Set: 24 Way: 6 Address: 0x272585608
  Set: 25 Way: 0 Address: 0xc7078640
  Set: 25 Way: 1 Address: 0x3734ee640
  Set: 25 Way: 2 Address: 0xb8004640
  Set: 25 Way: 3 Address: 0x354d35640
  Set: 25 Way: 4 Address: 0x1064c2640
  Set: 25 Way: 5 Address: 0x3b0803640
  Set: 25 Way: 6 Address: 0x272585648
  Set: 26 Way: 0 Address: 0x2c9898688
  Set: 26 Way: 1 Address: 0xb8004680
  Set: 26 Way: 2 Address: 0xc7078680
  Set: 26 Way: 3 Address: 0x354d35680
  Set: 26 Way: 4 Address: 0xc0d9b690
  Set: 26 Way: 5 Address: 0x3734ee680
  Set: 26 Way: 6 Address: 0x1064c2680
  Set: 26 Way: 7 Address: 0x3b0803680
  Set: 26 Way: 8 Address: 0x34a873698
  Set: 26 Way: 9 Address: 0x272585688
  Set: 27 Way: 0 Address: 0x3bdd786c0
  Set: 27 Way: 1 Address: 0xc70786c0
  Set: 27 Way: 2 Address: 0x354d356c0
  Set: 27 Way: 3 Address: 0xb80046c0
  Set: 27 Way: 4 Address: 0x3734ee6c0
  Set: 27 Way: 5 Address: 0x1064c26c8
  Set: 27 Way: 6 Address: 0x2577136f8
  Set: 27 Way: 7 Address: 0x3b08036c0
  Set: 27 Way: 8 Address: 0x2725856c0
  Set: 28 Way: 0 Address: 0xc7078700
  Set: 28 Way: 1 Address: 0xb8004700
  Set: 28 Way: 2 Address: 0x3734ee700
  Set: 28 Way: 3 Address: 0x354d35700
  Set: 28 Way: 4 Address: 0x1064c2700
  Set: 28 Way: 5 Address: 0x3b0803700
  Set: 28 Way: 6 Address: 0x272585708
  Set: 29 Way: 0 Address: 0xc7078740
  Set: 29 Way: 1 Address: 0xb8004740
  Set: 29 Way: 2 Address: 0x354d35740
  Set: 29 Way: 3 Address: 0x3734ee740
  Set: 29 Way: 4 Address: 0x1064c2748
  Set: 29 Way: 5 Address: 0x3b0803740
  Set: 29 Way: 6 Address: 0x272585740
  Set: 30 Way: 0 Address: 0xc7078780
  Set: 30 Way: 1 Address: 0x354d35780
  Set: 30 Way: 2 Address: 0x3734ee780
  Set: 30 Way: 3 Address: 0xb8004780
  Set: 30 Way: 4 Address: 0x1064c2780
  Set: 30 Way: 5 Address: 0x3b0803780
  Set: 30 Way: 6 Address: 0x272585780
  Set: 31 Way: 0 Address: 0x28b67e7f8
  Set: 31 Way: 1 Address: 0x1d89da7f8
  Set: 31 Way: 2 Address: 0xc70787c0
  Set: 31 Way: 3 Address: 0xb80047c0
  Set: 31 Way: 4 Address: 0x3734ee7c0
  Set: 31 Way: 5 Address: 0x354d357c0
  Set: 31 Way: 6 Address: 0x1064c27c0
  Set: 31 Way: 7 Address: 0x3b08037c0
  Set: 32 Way: 0 Address: 0x3c1074820
  Set: 32 Way: 1 Address: 0x3b377b800
  Set: 32 Way: 2 Address: 0xc7078800
  Set: 32 Way: 3 Address: 0xb8004800
  Set: 32 Way: 4 Address: 0x354d35800
  Set: 32 Way: 5 Address: 0x3734ee800
  Set: 32 Way: 6 Address: 0x1064c2800
  Set: 32 Way: 7 Address: 0x342b40828
  Set: 32 Way: 8 Address: 0x3b0803800
  Set: 33 Way: 0 Address: 0x113201840
  Set: 33 Way: 1 Address: 0x12c6fc840
  Set: 33 Way: 2 Address: 0x84896848
  Set: 33 Way: 3 Address: 0x22272f848
  Set: 33 Way: 4 Address: 0xc7078840
  Set: 33 Way: 5 Address: 0x354d35840
  Set: 33 Way: 6 Address: 0x3734ee840
  Set: 33 Way: 7 Address: 0xb8004840
  Set: 33 Way: 8 Address: 0x1064c2840
  Set: 33 Way: 9 Address: 0x3b0803840
  Set: 34 Way: 0 Address: 0x3734ee880
  Set: 34 Way: 1 Address: 0xc7078880
  Set: 34 Way: 2 Address: 0xb8004880
  Set: 34 Way: 3 Address: 0x354d35880
  Set: 34 Way: 4 Address: 0x1064c2880
  Set: 34 Way: 5 Address: 0x3b0803880
  Set: 35 Way: 0 Address: 0x6e6208e8
  Set: 35 Way: 1 Address: 0xc70788c0
  Set: 35 Way: 2 Address: 0xb80048c0
  Set: 35 Way: 3 Address: 0x354d358c0
  Set: 35 Way: 4 Address: 0x3734ee8c0
  Set: 35 Way: 5 Address: 0x1064c28c0
  Set: 35 Way: 6 Address: 0xcf83b8e4
  Set: 35 Way: 7 Address: 0x3b08038c0
  Set: 36 Way: 0 Address: 0xc7078900
  Set: 36 Way: 1 Address: 0x354d35900
  Set: 36 Way: 2 Address: 0x3734ee900
  Set: 36 Way: 3 Address: 0xb8004900
  Set: 36 Way: 4 Address: 0x1064c2900
  Set: 36 Way: 5 Address: 0xcf83b918
  Set: 36 Way: 6 Address: 0x3b0803900
  Set: 37 Way: 0 Address: 0x3734ee940
  Set: 37 Way: 1 Address: 0xc7078940
  Set: 37 Way: 2 Address: 0xb8004940
  Set: 37 Way: 3 Address: 0x354d35940
  Set: 37 Way: 4 Address: 0x1064c2940
  Set: 37 Way: 5 Address: 0xcf83b954
  Set: 37 Way: 6 Address: 0x3b0803940
  Set: 38 Way: 0 Address: 0x2f5d8e9a8
  Set: 38 Way: 1 Address: 0x38e35c9a8
  Set: 38 Way: 2 Address: 0xc7078980
  Set: 38 Way: 3 Address: 0xb8004980
  Set: 38 Way: 4 Address: 0x354d35980
  Set: 38 Way: 5 Address: 0x3734ee980
  Set: 38 Way: 6 Address: 0x1064c2980
  Set: 38 Way: 7 Address: 0xcf83b994
  Set: 38 Way: 8 Address: 0x3b0803980
  Set: 39 Way: 0 Address: 0xc70789c0
  Set: 39 Way: 1 Address: 0x354d359c0
  Set: 39 Way: 2 Address: 0x3734ee9c0
  Set: 39 Way: 3 Address: 0xb80049c0
  Set: 39 Way: 4 Address: 0x1064c29c0
  Set: 39 Way: 5 Address: 0xcf83b9d8
  Set: 39 Way: 6 Address: 0x3b08039c0
  Set: 40 Way: 0 Address: 0x3734eea00
  Set: 40 Way: 1 Address: 0xc7078a00
  Set: 40 Way: 2 Address: 0xb8004a00
  Set: 40 Way: 3 Address: 0x354d35a00
  Set: 40 Way: 4 Address: 0x1064c2a00
  Set: 40 Way: 5 Address: 0xcf83ba00
  Set: 40 Way: 6 Address: 0x3b0803a00
  Set: 41 Way: 0 Address: 0xc7078a40
  Set: 41 Way: 1 Address: 0xb8004a40
  Set: 41 Way: 2 Address: 0x354d35a40
  Set: 41 Way: 3 Address: 0x3734eea40
  Set: 41 Way: 4 Address: 0x1064c2a40
  Set: 41 Way: 5 Address: 0xcf83ba40
  Set: 41 Way: 6 Address: 0x3b0803a40
  Set: 42 Way: 0 Address: 0xc7078a80
  Set: 42 Way: 1 Address: 0x354d35a80
  Set: 42 Way: 2 Address: 0x3734eea80
  Set: 42 Way: 3 Address: 0xb8004a80
  Set: 42 Way: 4 Address: 0x1064c2a80
  Set: 42 Way: 5 Address: 0xcf83ba80
  Set: 42 Way: 6 Address: 0x3b0803a80
  Set: 43 Way: 0 Address: 0x3734eeaf8
  Set: 43 Way: 1 Address: 0x6e620ad8
  Set: 43 Way: 2 Address: 0xc7078ac0
  Set: 43 Way: 3 Address: 0xb8004ac0
  Set: 43 Way: 4 Address: 0x354d35ac0
  Set: 43 Way: 5 Address: 0x1064c2ac0
  Set: 43 Way: 6 Address: 0xcf83bac0
  Set: 43 Way: 7 Address: 0x3b0803ac0
  Set: 44 Way: 0 Address: 0xb8004b38
  Set: 44 Way: 1 Address: 0x3734eeb38
  Set: 44 Way: 2 Address: 0xc7078b00
  Set: 44 Way: 3 Address: 0x354d35b00
  Set: 44 Way: 4 Address: 0x1064c2b00
  Set: 44 Way: 5 Address: 0xcf83bb00
  Set: 44 Way: 6 Address: 0x3b0803b00
  Set: 45 Way: 0 Address: 0xb8004b78
  Set: 45 Way: 1 Address: 0xc7078b70
  Set: 45 Way: 2 Address: 0x3734eeb78
  Set: 45 Way: 3 Address: 0x354d35b40
  Set: 45 Way: 4 Address: 0x1064c2b40
  Set: 45 Way: 5 Address: 0xcf83bb58
  Set: 45 Way: 6 Address: 0x3b0803b40
  Set: 46 Way: 0 Address: 0xc7078bb8
  Set: 46 Way: 1 Address: 0xb8004bb8
  Set: 46 Way: 2 Address: 0x3734eebb8
  Set: 46 Way: 3 Address: 0x354d35b80
  Set: 46 Way: 4 Address: 0x1064c2b80
  Set: 46 Way: 5 Address: 0xcf83bb80
  Set: 46 Way: 6 Address: 0x3b0803b80
  Set: 47 Way: 0 Address: 0xc7078bf8
  Set: 47 Way: 1 Address: 0xb8004bf8
  Set: 47 Way: 2 Address: 0x3734eebf8
  Set: 47 Way: 3 Address: 0x354d35bc0
  Set: 47 Way: 4 Address: 0x1064c2bc0
  Set: 47 Way: 5 Address: 0xcf83bbc0
  Set: 47 Way: 6 Address: 0x3b0803bc0
  Set: 48 Way: 0 Address: 0xc7078c38
  Set: 48 Way: 1 Address: 0xb8004c38
  Set: 48 Way: 2 Address: 0x3734eec38
  Set: 48 Way: 3 Address: 0x354d35c00
  Set: 48 Way: 4 Address: 0x1064c2c08
  Set: 48 Way: 5 Address: 0xcf83bc00
  Set: 48 Way: 6 Address: 0x3b0803c00
  Set: 49 Way: 0 Address: 0xc7078c78
  Set: 49 Way: 1 Address: 0xb8004c78
  Set: 49 Way: 2 Address: 0x3734eec78
  Set: 49 Way: 3 Address: 0x3b377bc48
  Set: 49 Way: 4 Address: 0x354d35c40
  Set: 49 Way: 5 Address: 0x1064c2c40
  Set: 49 Way: 6 Address: 0xcf83bc40
  Set: 49 Way: 7 Address: 0x3b0803c40
  Set: 50 Way: 0 Address: 0xc7078cb8
  Set: 50 Way: 1 Address: 0xb8004cb8
  Set: 50 Way: 2 Address: 0x3734eecb8
  Set: 50 Way: 3 Address: 0x14bb10cb8
  Set: 50 Way: 4 Address: 0x354d35c80
  Set: 50 Way: 5 Address: 0x1064c2c80
  Set: 50 Way: 6 Address: 0xcf83bc80
  Set: 50 Way: 7 Address: 0x3b0803c80
  Set: 51 Way: 0 Address: 0xc7078cf8
  Set: 51 Way: 1 Address: 0xb8004cf8
  Set: 51 Way: 2 Address: 0x3734eecf8
  Set: 51 Way: 3 Address: 0x14bb10cc8
  Set: 51 Way: 4 Address: 0x354d35cc0
  Set: 51 Way: 5 Address: 0x1064c2cc0
  Set: 51 Way: 6 Address: 0xcf83bcc0
  Set: 51 Way: 7 Address: 0x3b0803cc0
  Set: 52 Way: 0 Address: 0x397bb4d10
  Set: 52 Way: 1 Address: 0xc7078d38
  Set: 52 Way: 2 Address: 0xb8004d38
  Set: 52 Way: 3 Address: 0x3734eed38
  Set: 52 Way: 4 Address: 0x1995f2d30
  Set: 52 Way: 5 Address: 0x354d35d00
  Set: 52 Way: 6 Address: 0x1064c2d00
  Set: 52 Way: 7 Address: 0xcf83bd00
  Set: 52 Way: 8 Address: 0x3b0803d00
  Set: 53 Way: 0 Address: 0x397bb4d40
  Set: 53 Way: 1 Address: 0xc7078d78
  Set: 53 Way: 2 Address: 0xb8004d78
  Set: 53 Way: 3 Address: 0x3734eed78
  Set: 53 Way: 4 Address: 0x3232f3d68
  Set: 53 Way: 5 Address: 0x354d35d40
  Set: 53 Way: 6 Address: 0x1064c2d40
  Set: 53 Way: 7 Address: 0xcf83bd40
  Set: 53 Way: 8 Address: 0x3b0803d40
  Set: 54 Way: 0 Address: 0x397bb4d80
  Set: 54 Way: 1 Address: 0xc7078db8
  Set: 54 Way: 2 Address: 0xb8004db8
  Set: 54 Way: 3 Address: 0x3734eedb8
  Set: 54 Way: 4 Address: 0x3232f3d88
  Set: 54 Way: 5 Address: 0x354d35d80
  Set: 54 Way: 6 Address: 0xcf83bd80
  Set: 54 Way: 7 Address: 0x1064c2d80
  Set: 54 Way: 8 Address: 0x3b0803d80
  Set: 55 Way: 0 Address: 0x397bb4de0
  Set: 55 Way: 1 Address: 0xc7078df8
  Set: 55 Way: 2 Address: 0xb8004df8
  Set: 55 Way: 3 Address: 0x3734eedf8
  Set: 55 Way: 4 Address: 0x3232f3dc8
  Set: 55 Way: 5 Address: 0x354d35dc0
  Set: 55 Way: 6 Address: 0xcf83bdc0
  Set: 55 Way: 7 Address: 0x1064c2dc0
  Set: 55 Way: 8 Address: 0x3b0803dc0
  Set: 56 Way: 0 Address: 0x223edae28
  Set: 56 Way: 1 Address: 0x397bb4e1c
  Set: 56 Way: 2 Address: 0xc7078e38
  Set: 56 Way: 3 Address: 0xb8004e38
  Set: 56 Way: 4 Address: 0x3734eee38
  Set: 56 Way: 5 Address: 0x133c92e20
  Set: 56 Way: 6 Address: 0x3232f3e08
  Set: 56 Way: 7 Address: 0x354d35e00
  Set: 56 Way: 8 Address: 0xcf83be00
  Set: 56 Way: 9 Address: 0x1064c2e00
  Set: 56 Way: 10 Address: 0x3b0803e00
  Set: 57 Way: 0 Address: 0x397bb4e40
  Set: 57 Way: 1 Address: 0xc7078e78
  Set: 57 Way: 2 Address: 0xb8004e78
  Set: 57 Way: 3 Address: 0x3734eee78
  Set: 57 Way: 4 Address: 0x3232f3e48
  Set: 57 Way: 5 Address: 0x354d35e40
  Set: 57 Way: 6 Address: 0xcf83be40
  Set: 57 Way: 7 Address: 0x1064c2e40
  Set: 58 Way: 0 Address: 0x397bb4e80
  Set: 58 Way: 1 Address: 0xc7078eb8
  Set: 58 Way: 2 Address: 0xb8004eb8
  Set: 58 Way: 3 Address: 0x3734eeeb8
  Set: 58 Way: 4 Address: 0x3232f3e80
  Set: 58 Way: 5 Address: 0x354d35e80
  Set: 58 Way: 6 Address: 0xcf83be80
  Set: 58 Way: 7 Address: 0x1064c2e80
  Set: 59 Way: 0 Address: 0x397bb4ec0
  Set: 59 Way: 1 Address: 0xc7078ef8
  Set: 59 Way: 2 Address: 0xb8004ef8
  Set: 59 Way: 3 Address: 0x3734eeef8
  Set: 59 Way: 4 Address: 0x22272fec8
  Set: 59 Way: 5 Address: 0x2db79eec8
  Set: 59 Way: 6 Address: 0x3232f3ec0
  Set: 59 Way: 7 Address: 0x354d35ec0
  Set: 59 Way: 8 Address: 0x27d4c6ee8
  Set: 59 Way: 9 Address: 0xcf83bec0
  Set: 59 Way: 10 Address: 0x1064c2ec0
  Set: 60 Way: 0 Address: 0x397bb4f00
  Set: 60 Way: 1 Address: 0xc7078f38
  Set: 60 Way: 2 Address: 0xb8004f38
  Set: 60 Way: 3 Address: 0x3734eef38
  Set: 60 Way: 4 Address: 0x3232f3f00
  Set: 60 Way: 5 Address: 0x354d35f00
  Set: 60 Way: 6 Address: 0xcf83bf18
  Set: 60 Way: 7 Address: 0x1064c2f00
  Set: 61 Way: 0 Address: 0xc7078f78
  Set: 61 Way: 1 Address: 0xb8004f78
  Set: 61 Way: 2 Address: 0x397bb4f60
  Set: 61 Way: 3 Address: 0x3734eef78
  Set: 61 Way: 4 Address: 0x3232f3f48
  Set: 61 Way: 5 Address: 0x354d35f40
  Set: 61 Way: 6 Address: 0xcf83bf40
  Set: 61 Way: 7 Address: 0x1064c2f40
  Set: 62 Way: 0 Address: 0xc7078fb8
  Set: 62 Way: 1 Address: 0x397bb4f98
  Set: 62 Way: 2 Address: 0xb8004fb8
  Set: 62 Way: 3 Address: 0x3734eefb8
  Set: 62 Way: 4 Address: 0x2ee369f90
  Set: 62 Way: 5 Address: 0x3232f3f80
  Set: 62 Way: 6 Address: 0x354d35f80
  Set: 62 Way: 7 Address: 0xcf83bf80
  Set: 62 Way: 8 Address: 0x1064c2f80
  Set: 63 Way: 0 Address: 0x397bb4fc0
  Set: 63 Way: 1 Address: 0xc7078ff8
  Set: 63 Way: 2 Address: 0xb8004ff8
  Set: 63 Way: 3 Address: 0x3734eeff8
  Set: 63 Way: 4 Address: 0x9cff2fc8
  Set: 63 Way: 5 Address: 0x6d0c2fc8
  Set: 63 Way: 6 Address: 0x38e35cfc0
  Set: 63 Way: 7 Address: 0x84896fc0
  Set: 63 Way: 8 Address: 0x3232f3fc0
  Set: 63 Way: 9 Address: 0x354d35fc0
  Set: 63 Way: 10 Address: 0xcf83bfc0
  Set: 63 Way: 11 Address: 0x1064c2fc0
EndCache
Cache: cpu0_ITLB
  Set: 0 Way: 0 Address: 0x4003f0
  Set: 5 Way: 0 Address: 0x445401
  Set: 5 Way: 1 Address: 0x53557a
  Set: 8 Way: 0 Address: 0x508fe0
  Set: 9 Way: 0 Address: 0x509003
EndCache
Cache: cpu0_DTLB
  Set: 0 Way: 0 Address: 0x620ca0
  Set: 0 Way: 1 Address: 0x6306c0
  Set: 1 Way: 0 Address: 0x6312f8
  Set: 1 Way: 1 Address: 0x36d1d60
  Set: 2 Way: 0 Address: 0x7ffe74df2558
  Set: 2 Way: 1 Address: 0x36d2018
  Set: 3 Way: 0 Address: 0x8831a0
  Set: 3 Way: 1 Address: 0x36d3018
  Set: 4 Way: 0 Address: 0x3f04288
  Set: 5 Way: 0 Address: 0x3f05000
  Set: 8 Way: 0 Address: 0x7f86f8a58d40
  Set: 8 Way: 1 Address: 0x5f8e20
  Set: 9 Way: 0 Address: 0x7f86f8a5901c
  Set: 9 Way: 1 Address: 0x5d9c48
  Set: 10 Way: 0 Address: 0x7f86f8a5a8e4
  Set: 11 Way: 0 Address: 0x405baf0
  Set: 11 Way: 1 Address: 0x7f86f8a5b018
  Set: 12 Way: 0 Address: 0x405cb20
  Set: 13 Way: 0 Address: 0x405db70
  Set: 13 Way: 1 Address: 0x5dd528
  Set: 14 Way: 0 Address: 0x405e078
  Set: 15 Way: 0 Address: 0x62f8e8
  Set: 15 Way: 1 Address: 0x1edf4b8
EndCache
Cache: LLC
  Set: 32 Way: 0 Address: 0x342b40828
  Set: 35 Way: 0 Address: 0x6e6208e0
  Set: 43 Way: 0 Address: 0x6e620ad0
  Set: 64 Way: 0 Address: 0xf6e81000
  Set: 64 Way: 1 Address: 0x2a4841038
  Set: 65 Way: 0 Address: 0xf6e81040
  Set: 66 Way: 0 Address: 0xf6e81080
  Set: 67 Way: 0 Address: 0xf6e810c0
  Set: 68 Way: 0 Address: 0xf6e81100
  Set: 69 Way: 0 Address: 0xf6e81140
  Set: 70 Way: 0 Address: 0x2a48411a0
  Set: 70 Way: 1 Address: 0xf6e81180
  Set: 71 Way: 0 Address: 0xf6e811c0
  Set: 72 Way: 0 Address: 0x113201228
  Set: 72 Way: 1 Address: 0x2a4841200
  Set: 72 Way: 2 Address: 0xf6e81200
  Set: 73 Way: 0 Address: 0x2a4841240
  Set: 73 Way: 1 Address: 0xf6e81240
  Set: 74 Way: 0 Address: 0xf6e81280
  Set: 75 Way: 0 Address: 0xf6e812c0
  Set: 75 Way: 1 Address: 0x181c812d0
  Set: 76 Way: 0 Address: 0xf6e81300
  Set: 77 Way: 0 Address: 0xf6e81340
  Set: 78 Way: 0 Address: 0xf6e81380
  Set: 80 Way: 0 Address: 0xf6e81400
  Set: 81 Way: 0 Address: 0xf6e81440
  Set: 82 Way: 0 Address: 0xf6e81480
  Set: 83 Way: 0 Address: 0xf6e814c0
  Set: 97 Way: 0 Address: 0x113201840
  Set: 128 Way: 0 Address: 0x1064c2000
  Set: 129 Way: 0 Address: 0x1064c2040
  Set: 130 Way: 0 Address: 0x1064c2080
  Set: 131 Way: 0 Address: 0x1064c20c0
  Set: 132 Way: 0 Address: 0x1064c2100
  Set: 133 Way: 0 Address: 0x1064c2140
  Set: 134 Way: 0 Address: 0x1064c2180
  Set: 135 Way: 0 Address: 0x1064c21c0
  Set: 136 Way: 0 Address: 0x1064c2200
  Set: 137 Way: 0 Address: 0x1064c2240
  Set: 138 Way: 0 Address: 0x1064c2280
  Set: 139 Way: 0 Address: 0x1064c22c0
  Set: 140 Way: 0 Address: 0x1064c2300
  Set: 141 Way: 0 Address: 0x1064c2340
  Set: 142 Way: 0 Address: 0x1064c2380
  Set: 143 Way: 0 Address: 0x1064c23c0
  Set: 144 Way: 0 Address: 0x1064c2400
  Set: 145 Way: 0 Address: 0x1064c2440
  Set: 146 Way: 0 Address: 0x1064c2480
  Set: 147 Way: 0 Address: 0x1064c24c0
  Set: 148 Way: 0 Address: 0x1064c2500
  Set: 149 Way: 0 Address: 0x1064c2540
  Set: 150 Way: 0 Address: 0x1064c2580
  Set: 151 Way: 0 Address: 0x1064c25c0
  Set: 152 Way: 0 Address: 0x1064c2600
  Set: 153 Way: 0 Address: 0x1064c2640
  Set: 154 Way: 0 Address: 0x1064c2680
  Set: 155 Way: 0 Address: 0x1064c26c0
  Set: 156 Way: 0 Address: 0x1064c2700
  Set: 157 Way: 0 Address: 0x1064c2740
  Set: 158 Way: 0 Address: 0x1064c2780
  Set: 159 Way: 0 Address: 0x1064c27c0
  Set: 160 Way: 0 Address: 0x1064c2800
  Set: 161 Way: 0 Address: 0x1064c2840
  Set: 162 Way: 0 Address: 0x1064c2880
  Set: 163 Way: 0 Address: 0x1064c28c0
  Set: 164 Way: 0 Address: 0x1064c2900
  Set: 165 Way: 0 Address: 0x1064c2940
  Set: 166 Way: 0 Address: 0x1064c2980
  Set: 167 Way: 0 Address: 0x1064c29c0
  Set: 168 Way: 0 Address: 0x1064c2a00
  Set: 169 Way: 0 Address: 0x1064c2a40
  Set: 170 Way: 0 Address: 0x1064c2a80
  Set: 171 Way: 0 Address: 0x1064c2ac0
  Set: 172 Way: 0 Address: 0x1064c2b00
  Set: 173 Way: 0 Address: 0x1064c2b40
  Set: 174 Way: 0 Address: 0x1064c2b80
  Set: 175 Way: 0 Address: 0x1064c2bc0
  Set: 176 Way: 0 Address: 0x1064c2c00
  Set: 177 Way: 0 Address: 0x1064c2c40
  Set: 178 Way: 0 Address: 0x1064c2c80
  Set: 179 Way: 0 Address: 0x1064c2cc0
  Set: 180 Way: 0 Address: 0x1064c2d00
  Set: 181 Way: 0 Address: 0x1064c2d40
  Set: 182 Way: 0 Address: 0x1064c2d80
  Set: 183 Way: 0 Address: 0x1064c2dc0
  Set: 184 Way: 0 Address: 0x1064c2e00
  Set: 185 Way: 0 Address: 0x1064c2e40
  Set: 186 Way: 0 Address: 0x1064c2e80
  Set: 187 Way: 0 Address: 0x1064c2ec0
  Set: 188 Way: 0 Address: 0x1064c2f00
  Set: 189 Way: 0 Address: 0x1064c2f40
  Set: 190 Way: 0 Address: 0x1064c2f80
  Set: 191 Way: 0 Address: 0x6d0c2fc8
  Set: 191 Way: 1 Address: 0x1064c2fc0
  Set: 192 Way: 0 Address: 0x3b0803000
  Set: 193 Way: 0 Address: 0x3b0803040
  Set: 194 Way: 0 Address: 0x3b0803080
  Set: 195 Way: 0 Address: 0x3b08030c0
  Set: 196 Way: 0 Address: 0x3b0803100
  Set: 197 Way: 0 Address: 0x3b0803140
  Set: 198 Way: 0 Address: 0x3b0803180
  Set: 199 Way: 0 Address: 0x3b08031c0
  Set: 200 Way: 0 Address: 0x3b0803200
  Set: 201 Way: 0 Address: 0x3b0803240
  Set: 202 Way: 0 Address: 0x3b0803280
  Set: 203 Way: 0 Address: 0x3b08032c0
  Set: 204 Way: 0 Address: 0x3b0803300
  Set: 205 Way: 0 Address: 0x3b0803340
  Set: 206 Way: 0 Address: 0x3b0803380
  Set: 207 Way: 0 Address: 0x3b08033c0
  Set: 208 Way: 0 Address: 0x3b0803400
  Set: 209 Way: 0 Address: 0x3b0803440
  Set: 210 Way: 0 Address: 0x3b0803480
  Set: 211 Way: 0 Address: 0x3b08034c0
  Set: 212 Way: 0 Address: 0x3b0803500
  Set: 213 Way: 0 Address: 0x3b0803540
  Set: 214 Way: 0 Address: 0x3b0803580
  Set: 215 Way: 0 Address: 0x3b08035c0
  Set: 216 Way: 0 Address: 0x3b0803600
  Set: 217 Way: 0 Address: 0x3b0803640
  Set: 218 Way: 0 Address: 0x3b0803680
  Set: 219 Way: 0 Address: 0x3b08036c0
  Set: 220 Way: 0 Address: 0x3b0803700
  Set: 221 Way: 0 Address: 0x3b0803740
  Set: 222 Way: 0 Address: 0x3b0803780
  Set: 223 Way: 0 Address: 0x3b08037c0
  Set: 224 Way: 0 Address: 0x3b0803800
  Set: 225 Way: 0 Address: 0x3b0803840
  Set: 226 Way: 0 Address: 0x3b0803880
  Set: 227 Way: 0 Address: 0x3b08038c0
  Set: 228 Way: 0 Address: 0x3b0803900
  Set: 229 Way: 0 Address: 0x3b0803940
  Set: 230 Way: 0 Address: 0x3b0803980
  Set: 231 Way: 0 Address: 0x3b08039c0
  Set: 232 Way: 0 Address: 0x3b0803a00
  Set: 233 Way: 0 Address: 0x3b0803a40
  Set: 234 Way: 0 Address: 0x3b0803a80
  Set: 235 Way: 0 Address: 0x3b0803ac0
  Set: 236 Way: 0 Address: 0x3b0803b00
  Set: 237 Way: 0 Address: 0x3b0803b40
  Set: 238 Way: 0 Address: 0x3b0803b80
  Set: 239 Way: 0 Address: 0x3b0803bc0
  Set: 240 Way: 0 Address: 0x3b0803c00
  Set: 241 Way: 0 Address: 0x3b0803c40
  Set: 242 Way: 0 Address: 0x3b0803c80
  Set: 243 Way: 0 Address: 0x3b0803cc0
  Set: 244 Way: 0 Address: 0x3b0803d00
  Set: 245 Way: 0 Address: 0x3b0803d40
  Set: 246 Way: 0 Address: 0x3b0803d80
  Set: 247 Way: 0 Address: 0x3b0803dc0
  Set: 248 Way: 0 Address: 0x3b0803e00
  Set: 249 Way: 0 Address: 0x3b0803e40
  Set: 250 Way: 0 Address: 0x3b0803e80
  Set: 251 Way: 0 Address: 0x3b0803ec0
  Set: 252 Way: 0 Address: 0x3b0803f00
  Set: 253 Way: 0 Address: 0x3b0803f40
  Set: 254 Way: 0 Address: 0x3b0803f80
  Set: 255 Way: 0 Address: 0x3b0803fc0
  Set: 256 Way: 0 Address: 0xb8004000
  Set: 257 Way: 0 Address: 0xb8004040
  Set: 258 Way: 0 Address: 0xb8004080
  Set: 259 Way: 0 Address: 0xb80040c0
  Set: 260 Way: 0 Address: 0xb8004100
  Set: 260 Way: 1 Address: 0x1ab44100
  Set: 261 Way: 0 Address: 0xb8004140
  Set: 262 Way: 0 Address: 0xb8004180
  Set: 262 Way: 1 Address: 0x1ab44180
  Set: 263 Way: 0 Address: 0xb80041c0
  Set: 264 Way: 0 Address: 0xb8004200
  Set: 265 Way: 0 Address: 0xb8004268
  Set: 266 Way: 0 Address: 0xb8004280
  Set: 267 Way: 0 Address: 0xb80042c0
  Set: 268 Way: 0 Address: 0xb8004300
  Set: 269 Way: 0 Address: 0xb8004340
  Set: 270 Way: 0 Address: 0xb8004380
  Set: 271 Way: 0 Address: 0xb80043c0
  Set: 272 Way: 0 Address: 0xb8004400
  Set: 273 Way: 0 Address: 0xb8004440
  Set: 274 Way: 0 Address: 0xb8004480
  Set: 275 Way: 0 Address: 0xb80044c0
  Set: 276 Way: 0 Address: 0xb8004500
  Set: 277 Way: 0 Address: 0xb8004540
  Set: 278 Way: 0 Address: 0xb8004580
  Set: 279 Way: 0 Address: 0xb80045c0
  Set: 280 Way: 0 Address: 0xb8004600
  Set: 281 Way: 0 Address: 0xb8004640
  Set: 282 Way: 0 Address: 0xb8004680
  Set: 283 Way: 0 Address: 0xb80046c0
  Set: 284 Way: 0 Address: 0xb8004700
  Set: 285 Way: 0 Address: 0xb8004740
  Set: 286 Way: 0 Address: 0xb8004780
  Set: 287 Way: 0 Address: 0xb80047c0
  Set: 288 Way: 0 Address: 0xb8004800
  Set: 289 Way: 0 Address: 0xb8004840
  Set: 290 Way: 0 Address: 0xb8004880
  Set: 291 Way: 0 Address: 0xb80048c0
  Set: 292 Way: 0 Address: 0xb8004900
  Set: 293 Way: 0 Address: 0xb8004940
  Set: 294 Way: 0 Address: 0xb8004980
  Set: 295 Way: 0 Address: 0xb80049c0
  Set: 296 Way: 0 Address: 0xb8004a00
  Set: 297 Way: 0 Address: 0xb8004a40
  Set: 298 Way: 0 Address: 0xb8004a80
  Set: 299 Way: 0 Address: 0xb8004ac0
  Set: 300 Way: 0 Address: 0xb8004b00
  Set: 301 Way: 0 Address: 0xb8004b40
  Set: 302 Way: 0 Address: 0xb8004b80
  Set: 303 Way: 0 Address: 0xb8004bc0
  Set: 304 Way: 0 Address: 0xb8004c00
  Set: 305 Way: 0 Address: 0xb8004c40
  Set: 306 Way: 0 Address: 0xb8004c80
  Set: 307 Way: 0 Address: 0xb8004cc0
  Set: 308 Way: 0 Address: 0xb8004d00
  Set: 309 Way: 0 Address: 0xb8004d40
  Set: 310 Way: 0 Address: 0xb8004d80
  Set: 311 Way: 0 Address: 0xb8004dc0
  Set: 312 Way: 0 Address: 0xb8004e00
  Set: 313 Way: 0 Address: 0xb8004e40
  Set: 314 Way: 0 Address: 0xb8004e80
  Set: 315 Way: 0 Address: 0xb8004ec0
  Set: 316 Way: 0 Address: 0xb8004f00
  Set: 317 Way: 0 Address: 0xb8004f40
  Set: 318 Way: 0 Address: 0xb8004f80
  Set: 319 Way: 0 Address: 0xb8004fc0
  Set: 320 Way: 0 Address: 0x272585000
  Set: 321 Way: 0 Address: 0x272585040
  Set: 322 Way: 0 Address: 0x272585080
  Set: 323 Way: 0 Address: 0x2725850c0
  Set: 324 Way: 0 Address: 0x272585100
  Set: 325 Way: 0 Address: 0x272585140
  Set: 326 Way: 0 Address: 0x272585180
  Set: 327 Way: 0 Address: 0x2725851c0
  Set: 328 Way: 0 Address: 0x272585200
  Set: 329 Way: 0 Address: 0x272585240
  Set: 330 Way: 0 Address: 0x272585280
  Set: 331 Way: 0 Address: 0x2725852c0
  Set: 332 Way: 0 Address: 0x272585300
  Set: 333 Way: 0 Address: 0x272585340
  Set: 334 Way: 0 Address: 0x272585380
  Set: 335 Way: 0 Address: 0x2725853c0
  Set: 336 Way: 0 Address: 0x272585400
  Set: 337 Way: 0 Address: 0x272585440
  Set: 338 Way: 0 Address: 0x272585480
  Set: 339 Way: 0 Address: 0x2725854c0
  Set: 340 Way: 0 Address: 0x272585500
  Set: 341 Way: 0 Address: 0x272585540
  Set: 342 Way: 0 Address: 0x272585580
  Set: 343 Way: 0 Address: 0x2725855c0
  Set: 344 Way: 0 Address: 0x272585600
  Set: 345 Way: 0 Address: 0x272585640
  Set: 346 Way: 0 Address: 0x272585680
  Set: 347 Way: 0 Address: 0x2725856c0
  Set: 348 Way: 0 Address: 0x272585700
  Set: 349 Way: 0 Address: 0x272585740
  Set: 350 Way: 0 Address: 0x272585780
  Set: 384 Way: 0 Address: 0x3dae66018
  Set: 387 Way: 0 Address: 0x3dae660f8
  Set: 404 Way: 0 Address: 0x3d87a6528
  Set: 443 Way: 0 Address: 0x27d4c6ee8
  Set: 454 Way: 0 Address: 0xbeea7180
  Set: 459 Way: 0 Address: 0x3098872c8
  Set: 576 Way: 0 Address: 0x2c8749000
  Set: 577 Way: 0 Address: 0x2c8749040
  Set: 578 Way: 0 Address: 0x2c8749080
  Set: 579 Way: 0 Address: 0x2c87490c0
  Set: 580 Way: 0 Address: 0x2c8749100
  Set: 581 Way: 0 Address: 0x2c8749140
  Set: 582 Way: 0 Address: 0x2c8749180
  Set: 583 Way: 0 Address: 0x2c87491c0
  Set: 584 Way: 0 Address: 0x2c8749200
  Set: 585 Way: 0 Address: 0x2c8749240
  Set: 586 Way: 0 Address: 0x2c8749280
  Set: 587 Way: 0 Address: 0x2c87492c0
  Set: 588 Way: 0 Address: 0x2c8749300
  Set: 589 Way: 0 Address: 0x2c8749340
  Set: 638 Way: 0 Address: 0x2ee369f90
  Set: 771 Way: 0 Address: 0x29484c0f8
  Set: 772 Way: 0 Address: 0x29484c100
  Set: 838 Way: 0 Address: 0x5588d188
  Set: 896 Way: 0 Address: 0x2f5d8e000
  Set: 904 Way: 0 Address: 0x3734ee228
  Set: 905 Way: 0 Address: 0x3734ee240
  Set: 906 Way: 0 Address: 0x3734ee280
  Set: 907 Way: 0 Address: 0x1c084e2f8
  Set: 907 Way: 1 Address: 0x3734ee2c0
  Set: 908 Way: 0 Address: 0x3734ee300
  Set: 909 Way: 0 Address: 0x3734ee340
  Set: 910 Way: 0 Address: 0x3734ee380
  Set: 911 Way: 0 Address: 0x3734ee3c0
  Set: 912 Way: 0 Address: 0x3734ee400
  Set: 913 Way: 0 Address: 0x3734ee440
  Set: 914 Way: 0 Address: 0x3734ee480
  Set: 915 Way: 0 Address: 0x3734ee4c0
  Set: 916 Way: 0 Address: 0x3734ee500
  Set: 917 Way: 0 Address: 0x3734ee540
  Set: 918 Way: 0 Address: 0x3734ee580
  Set: 919 Way: 0 Address: 0x3734ee5c0
  Set: 920 Way: 0 Address: 0x3734ee600
  Set: 921 Way: 0 Address: 0x3734ee640
  Set: 922 Way: 0 Address: 0x3734ee680
  Set: 923 Way: 0 Address: 0x3734ee6c0
  Set: 924 Way: 0 Address: 0x3734ee700
  Set: 925 Way: 0 Address: 0x3734ee740
  Set: 926 Way: 0 Address: 0x3734ee780
  Set: 927 Way: 0 Address: 0x3734ee7c0
  Set: 928 Way: 0 Address: 0x3734ee800
  Set: 929 Way: 0 Address: 0x3734ee840
  Set: 930 Way: 0 Address: 0x3734ee880
  Set: 931 Way: 0 Address: 0x3734ee8c0
  Set: 932 Way: 0 Address: 0x3734ee900
  Set: 933 Way: 0 Address: 0x3734ee940
  Set: 934 Way: 0 Address: 0x2f5d8e9a8
  Set: 934 Way: 1 Address: 0x3734ee980
  Set: 935 Way: 0 Address: 0x3734ee9c0
  Set: 936 Way: 0 Address: 0x3734eea00
  Set: 937 Way: 0 Address: 0x3734eea40
  Set: 938 Way: 0 Address: 0x3734eea80
  Set: 939 Way: 0 Address: 0x3734eeac0
  Set: 940 Way: 0 Address: 0x3734eeb00
  Set: 941 Way: 0 Address: 0x3734eeb40
  Set: 942 Way: 0 Address: 0x3734eeb80
  Set: 943 Way: 0 Address: 0x3734eebc0
  Set: 944 Way: 0 Address: 0x3734eec00
  Set: 945 Way: 0 Address: 0x3734eec40
  Set: 946 Way: 0 Address: 0x3734eec80
  Set: 947 Way: 0 Address: 0x3734eecc0
  Set: 948 Way: 0 Address: 0x3734eed00
  Set: 949 Way: 0 Address: 0x3734eed40
  Set: 950 Way: 0 Address: 0x3734eed80
  Set: 951 Way: 0 Address: 0x3734eedc0
  Set: 952 Way: 0 Address: 0x3734eee00
  Set: 953 Way: 0 Address: 0x3734eee40
  Set: 954 Way: 0 Address: 0x3734eee80
  Set: 955 Way: 0 Address: 0x3734eeec0
  Set: 956 Way: 0 Address: 0x3734eef00
  Set: 957 Way: 0 Address: 0x3734eef40
  Set: 958 Way: 0 Address: 0x3734eef80
  Set: 959 Way: 0 Address: 0x3734eefc0
  Set: 960 Way: 0 Address: 0x16390f000
  Set: 961 Way: 0 Address: 0x16390f040
  Set: 961 Way: 1 Address: 0x23756f078
  Set: 962 Way: 0 Address: 0x16390f080
  Set: 965 Way: 0 Address: 0x16390f140
  Set: 966 Way: 0 Address: 0x16390f180
  Set: 967 Way: 0 Address: 0x16390f1c0
  Set: 968 Way: 0 Address: 0x16390f200
  Set: 975 Way: 0 Address: 0x143ef3f0
  Set: 978 Way: 0 Address: 0xee86f4b8
  Set: 979 Way: 0 Address: 0xee86f4e8
  Set: 980 Way: 0 Address: 0xee86f538
  Set: 981 Way: 0 Address: 0xee86f550
  Set: 982 Way: 0 Address: 0xee86f580
  Set: 983 Way: 0 Address: 0xee86f5e0
  Set: 993 Way: 0 Address: 0x22272f848
  Set: 1019 Way: 0 Address: 0x22272fec8
  Set: 1024 Way: 0 Address: 0x2177f0003
  Set: 1074 Way: 0 Address: 0x14bb10ca0
  Set: 1075 Way: 0 Address: 0x14bb10cc8
  Set: 1076 Way: 0 Address: 0x14bb10d00
  Set: 1155 Way: 0 Address: 0x9cff20d8
  Set: 1204 Way: 0 Address: 0x1995f2d30
  Set: 1208 Way: 0 Address: 0x133c92e20
  Set: 1215 Way: 0 Address: 0x9cff2fc8
  Set: 1216 Way: 0 Address: 0x263c13020
  Set: 1216 Way: 1 Address: 0x2b2e93018
  Set: 1219 Way: 0 Address: 0x2b2e930d8
  Set: 1220 Way: 0 Address: 0x263c13100
  Set: 1227 Way: 0 Address: 0x3c56b32c0
  Set: 1242 Way: 0 Address: 0x34a873698
  Set: 1243 Way: 0 Address: 0x2577136f8
  Set: 1269 Way: 0 Address: 0x3232f3d48
  Set: 1270 Way: 0 Address: 0x3232f3d80
  Set: 1271 Way: 0 Address: 0x3232f3dc0
  Set: 1272 Way: 0 Address: 0x3232f3e00
  Set: 1273 Way: 0 Address: 0x3232f3e40
  Set: 1274 Way: 0 Address: 0x3232f3e80
  Set: 1275 Way: 0 Address: 0x3232f3ec0
  Set: 1276 Way: 0 Address: 0x3232f3f00
  Set: 1277 Way: 0 Address: 0x3232f3f40
  Set: 1278 Way: 0 Address: 0x3232f3f80
  Set: 1279 Way: 0 Address: 0x3232f3fc0
  Set: 1291 Way: 0 Address: 0x1299342e0
  Set: 1296 Way: 0 Address: 0x3de4d4418
  Set: 1312 Way: 0 Address: 0x3c1074820
  Set: 1332 Way: 0 Address: 0x397bb4d00
  Set: 1333 Way: 0 Address: 0x397bb4d40
  Set: 1334 Way: 0 Address: 0x397bb4d80
  Set: 1335 Way: 0 Address: 0x397bb4dc0
  Set: 1336 Way: 0 Address: 0x397bb4e00
  Set: 1337 Way: 0 Address: 0x397bb4e40
  Set: 1338 Way: 0 Address: 0x397bb4e80
  Set: 1339 Way: 0 Address: 0x397bb4ec0
  Set: 1340 Way: 0 Address: 0x397bb4f00
  Set: 1341 Way: 0 Address: 0x397bb4f44
  Set: 1342 Way: 0 Address: 0x397bb4f80
  Set: 1343 Way: 0 Address: 0x397bb4fc0
  Set: 1344 Way: 0 Address: 0x195f15010
  Set: 1345 Way: 0 Address: 0x1b0f15078
  Set: 1347 Way: 0 Address: 0x1b0f150d8
  Set: 1354 Way: 0 Address: 0x354d35288
  Set: 1355 Way: 0 Address: 0x354d352c0
  Set: 1356 Way: 0 Address: 0x354d35300
  Set: 1357 Way: 0 Address: 0x354d35340
  Set: 1358 Way: 0 Address: 0x354d35380
  Set: 1359 Way: 0 Address: 0x354d353c0
  Set: 1360 Way: 0 Address: 0x354d35400
  Set: 1361 Way: 0 Address: 0x354d35440
  Set: 1362 Way: 0 Address: 0x354d35480
  Set: 1363 Way: 0 Address: 0x354d354c0
  Set: 1364 Way: 0 Address: 0x354d35500
  Set: 1365 Way: 0 Address: 0x354d35540
  Set: 1366 Way: 0 Address: 0x354d35580
  Set: 1367 Way: 0 Address: 0x354d355c0
  Set: 1368 Way: 0 Address: 0x354d35600
  Set: 1369 Way: 0 Address: 0x354d35640
  Set: 1370 Way: 0 Address: 0x354d35680
  Set: 1371 Way: 0 Address: 0x354d356c0
  Set: 1372 Way: 0 Address: 0x354d35700
  Set: 1373 Way: 0 Address: 0x354d35740
  Set: 1374 Way: 0 Address: 0x354d35780
  Set: 1375 Way: 0 Address: 0x354d357c0
  Set: 1376 Way: 0 Address: 0x354d35800
  Set: 1377 Way: 0 Address: 0x354d35840
  Set: 1378 Way: 0 Address: 0x354d35880
  Set: 1379 Way: 0 Address: 0x354d358c0
  Set: 1380 Way: 0 Address: 0x354d35900
  Set: 1381 Way: 0 Address: 0x354d35940
  Set: 1382 Way: 0 Address: 0x354d35980
  Set: 1383 Way: 0 Address: 0x354d359c0
  Set: 1384 Way: 0 Address: 0x354d35a00
  Set: 1385 Way: 0 Address: 0x354d35a40
  Set: 1386 Way: 0 Address: 0x354d35a80
  Set: 1387 Way: 0 Address: 0x354d35ac0
  Set: 1388 Way: 0 Address: 0x354d35b00
  Set: 1389 Way: 0 Address: 0x354d35b40
  Set: 1390 Way: 0 Address: 0x354d35b80
  Set: 1391 Way: 0 Address: 0x354d35bc0
  Set: 1392 Way: 0 Address: 0x354d35c00
  Set: 1393 Way: 0 Address: 0x354d35c40
  Set: 1394 Way: 0 Address: 0x354d35c80
  Set: 1395 Way: 0 Address: 0x354d35cc0
  Set: 1396 Way: 0 Address: 0x354d35d00
  Set: 1397 Way: 0 Address: 0x354d35d40
  Set: 1398 Way: 0 Address: 0x354d35d80
  Set: 1399 Way: 0 Address: 0x354d35dc0
  Set: 1400 Way: 0 Address: 0x354d35e00
  Set: 1401 Way: 0 Address: 0x354d35e40
  Set: 1402 Way: 0 Address: 0x354d35e80
  Set: 1403 Way: 0 Address: 0x354d35ec0
  Set: 1404 Way: 0 Address: 0x354d35f00
  Set: 1405 Way: 0 Address: 0x354d35f40
  Set: 1406 Way: 0 Address: 0x354d35f80
  Set: 1407 Way: 0 Address: 0x354d35fc0
  Set: 1413 Way: 0 Address: 0x211d16178
  Set: 1419 Way: 0 Address: 0x437362e8
  Set: 1441 Way: 0 Address: 0x84896848
  Set: 1471 Way: 0 Address: 0x84896fc0
  Set: 1536 Way: 0 Address: 0xc7078000
  Set: 1537 Way: 0 Address: 0xc7078040
  Set: 1538 Way: 0 Address: 0xc7078080
  Set: 1539 Way: 0 Address: 0xc70780c0
  Set: 1540 Way: 0 Address: 0xc7078100
  Set: 1541 Way: 0 Address: 0xc7078140
  Set: 1542 Way: 0 Address: 0xc7078180
  Set: 1543 Way: 0 Address: 0xc70781c0
  Set: 1544 Way: 0 Address: 0xc7078200
  Set: 1545 Way: 0 Address: 0xc7078240
  Set: 1546 Way: 0 Address: 0xc70782a8
  Set: 1547 Way: 0 Address: 0x1aafb82d8
  Set: 1547 Way: 1 Address: 0xc70782c0
  Set: 1548 Way: 0 Address: 0xc7078300
  Set: 1549 Way: 0 Address: 0xc7078340
  Set: 1550 Way: 0 Address: 0xc7078380
  Set: 1551 Way: 0 Address: 0xc70783c0
  Set: 1552 Way: 0 Address: 0xc7078400
  Set: 1553 Way: 0 Address: 0xc7078440
  Set: 1554 Way: 0 Address: 0xc7078480
  Set: 1555 Way: 0 Address: 0xc70784c0
  Set: 1556 Way: 0 Address: 0xc7078500
  Set: 1557 Way: 0 Address: 0xc7078540
  Set: 1558 Way: 0 Address: 0xc7078580
  Set: 1559 Way: 0 Address: 0xc70785c0
  Set: 1560 Way: 0 Address: 0xc7078600
  Set: 1561 Way: 0 Address: 0xc7078640
  Set: 1562 Way: 0 Address: 0x2c9898688
  Set: 1562 Way: 1 Address: 0xc7078680
  Set: 1563 Way: 0 Address: 0x3bdd786c8
  Set: 1563 Way: 1 Address: 0xc70786c0
  Set: 1564 Way: 0 Address: 0xc7078700
  Set: 1565 Way: 0 Address: 0xc7078740
  Set: 1566 Way: 0 Address: 0xc7078780
  Set: 1567 Way: 0 Address: 0xc70787c0
  Set: 1568 Way: 0 Address: 0xc7078800
  Set: 1569 Way: 0 Address: 0xc7078840
  Set: 1570 Way: 0 Address: 0xc7078880
  Set: 1571 Way: 0 Address: 0xc70788c0
  Set: 1572 Way: 0 Address: 0xc7078900
  Set: 1573 Way: 0 Address: 0xc7078940
  Set: 1574 Way: 0 Address: 0xc7078980
  Set: 1575 Way: 0 Address: 0xc70789c0
  Set: 1576 Way: 0 Address: 0xc7078a00
  Set: 1577 Way: 0 Address: 0xc7078a40
  Set: 1578 Way: 0 Address: 0xc7078a80
  Set: 1579 Way: 0 Address: 0xc7078ac0
  Set: 1580 Way: 0 Address: 0xc7078b00
  Set: 1581 Way: 0 Address: 0xc7078b78
  Set: 1582 Way: 0 Address: 0xc7078b80
  Set: 1583 Way: 0 Address: 0xc7078bc0
  Set: 1584 Way: 0 Address: 0xc7078c00
  Set: 1585 Way: 0 Address: 0xc7078c40
  Set: 1586 Way: 0 Address: 0xc7078c80
  Set: 1587 Way: 0 Address: 0xc7078cc0
  Set: 1588 Way: 0 Address: 0xc7078d00
  Set: 1589 Way: 0 Address: 0xc7078d40
  Set: 1590 Way: 0 Address: 0xc7078d80
  Set: 1591 Way: 0 Address: 0xc7078dc0
  Set: 1592 Way: 0 Address: 0xc7078e00
  Set: 1593 Way: 0 Address: 0xc7078e40
  Set: 1594 Way: 0 Address: 0xc7078e80
  Set: 1595 Way: 0 Address: 0xc7078ec0
  Set: 1596 Way: 0 Address: 0xc7078f00
  Set: 1597 Way: 0 Address: 0xc7078f40
  Set: 1598 Way: 0 Address: 0xc7078f80
  Set: 1599 Way: 0 Address: 0xc7078fc0
  Set: 1611 Way: 0 Address: 0x2929592f0
  Set: 1618 Way: 0 Address: 0x3120994b8
  Set: 1619 Way: 0 Address: 0x3120994d0
  Set: 1664 Way: 0 Address: 0x229b9a000
  Set: 1695 Way: 0 Address: 0x1d89da7f8
  Set: 1720 Way: 0 Address: 0x223edae28
  Set: 1746 Way: 0 Address: 0x394edb480
  Set: 1747 Way: 0 Address: 0x394edb4c3
  Set: 1748 Way: 0 Address: 0x394edb501
  Set: 1749 Way: 0 Address: 0x394edb544
  Set: 1750 Way: 0 Address: 0x394edb584
  Set: 1751 Way: 0 Address: 0x394edb5c5
  Set: 1752 Way: 0 Address: 0x394edb600
  Set: 1753 Way: 0 Address: 0x394edb640
  Set: 1754 Way: 0 Address: 0xc0d9b690
  Set: 1760 Way: 0 Address: 0x3b377b800
  Set: 1763 Way: 0 Address: 0xcf83b8cc
  Set: 1764 Way: 0 Address: 0xcf83b900
  Set: 1765 Way: 0 Address: 0xcf83b940
  Set: 1766 Way: 0 Address: 0xcf83b980
  Set: 1767 Way: 0 Address: 0xcf83b9c0
  Set: 1768 Way: 0 Address: 0xcf83ba00
  Set: 1769 Way: 0 Address: 0xcf83ba40
  Set: 1770 Way: 0 Address: 0xcf83ba80
  Set: 1771 Way: 0 Address: 0xcf83bac0
  Set: 1772 Way: 0 Address: 0xcf83bb00
  Set: 1773 Way: 0 Address: 0xcf83bb40
  Set: 1774 Way: 0 Address: 0xcf83bb80
  Set: 1775 Way: 0 Address: 0xcf83bbc0
  Set: 1776 Way: 0 Address: 0xcf83bc00
  Set: 1777 Way: 0 Address: 0x3b377bc48
  Set: 1777 Way: 1 Address: 0xcf83bc40
  Set: 1778 Way: 0 Address: 0xcf83bc80
  Set: 1779 Way: 0 Address: 0xcf83bcc0
  Set: 1780 Way: 0 Address: 0xcf83bd00
  Set: 1781 Way: 0 Address: 0xcf83bd40
  Set: 1782 Way: 0 Address: 0xcf83bd80
  Set: 1783 Way: 0 Address: 0xcf83bdc0
  Set: 1784 Way: 0 Address: 0xcf83be00
  Set: 1785 Way: 0 Address: 0xcf83be40
  Set: 1786 Way: 0 Address: 0xcf83be80
  Set: 1787 Way: 0 Address: 0xcf83bec0
  Set: 1788 Way: 0 Address: 0xcf83bf00
  Set: 1789 Way: 0 Address: 0xcf83bf40
  Set: 1790 Way: 0 Address: 0xcf83bf80
  Set: 1791 Way: 0 Address: 0xcf83bfc0
  Set: 1792 Way: 0 Address: 0xdf85c000
  Set: 1792 Way: 1 Address: 0x12c6fc000
  Set: 1825 Way: 0 Address: 0x12c6fc840
  Set: 1830 Way: 0 Address: 0x38e35c9a8
  Set: 1855 Way: 0 Address: 0x38e35cfc0
  Set: 1919 Way: 0 Address: 0x23755dfe0
  Set: 1920 Way: 0 Address: 0x28b67e000
  Set: 1931 Way: 0 Address: 0x20597e2d8
  Set: 1934 Way: 0 Address: 0x1f919e390
  Set: 1935 Way: 0 Address: 0x1f919e3e0
  Set: 1936 Way: 0 Address: 0x1f919e415
  Set: 1937 Way: 0 Address: 0x1f919e440
  Set: 1938 Way: 0 Address: 0x1f919e486
  Set: 1939 Way: 0 Address: 0x1f919e4c3
  Set: 1940 Way: 0 Address: 0x1f919e504
  Set: 1951 Way: 0 Address: 0x28b67e7f8
  Set: 1979 Way: 0 Address: 0x2db79eec8
EndCache
