Cache: cpu0_STLB
  Set: 12 Way: 0 Address: 0x2b0c096
  Set: 13 Way: 0 Address: 0x2b0d536
  Set: 14 Way: 0 Address: 0x2b0e036
  Set: 15 Way: 0 Address: 0x2b0f0b6
  Set: 48 Way: 0 Address: 0x730650
  Set: 53 Way: 0 Address: 0x7fff6ec35fe0
  Set: 54 Way: 0 Address: 0x7fff6ec361fe
  Set: 65 Way: 0 Address: 0x441547
  Set: 80 Way: 0 Address: 0x1e50740
  Set: 81 Way: 0 Address: 0x1e5126c
  Set: 82 Way: 0 Address: 0x1e5237c
  Set: 83 Way: 0 Address: 0x1e5348c
  Set: 84 Way: 0 Address: 0x1e5459c
  Set: 85 Way: 0 Address: 0x1e556ac
  Set: 86 Way: 0 Address: 0x1e567bc
  Set: 87 Way: 0 Address: 0x1e578cc
  Set: 88 Way: 0 Address: 0x1e589dc
  Set: 89 Way: 0 Address: 0x1e59aec
  Set: 90 Way: 0 Address: 0x1e5abfc
  Set: 91 Way: 0 Address: 0x1e5bd0c
  Set: 92 Way: 0 Address: 0x1e5ce1c
  Set: 93 Way: 0 Address: 0x1e5df28
  Set: 94 Way: 0 Address: 0x1e5e000
  Set: 95 Way: 0 Address: 0x1e5f038
  Set: 96 Way: 0 Address: 0x4608a0
  Set: 96 Way: 1 Address: 0x1e60148
  Set: 97 Way: 0 Address: 0x7618d0
  Set: 97 Way: 1 Address: 0x1e61258
  Set: 109 Way: 0 Address: 0x1d6de4c
  Set: 110 Way: 0 Address: 0x1d6ef5c
  Set: 111 Way: 0 Address: 0x1d6f000
  Set: 112 Way: 0 Address: 0x1d70a2c
EndCache
Cache: cpu0_L2C
  Set: 9 Way: 0 Address: 0x2177f026c
  Set: 10 Way: 0 Address: 0x6e6202a0
  Set: 10 Way: 1 Address: 0x2177f0280
  Set: 11 Way: 0 Address: 0x6e6202c0
  Set: 11 Way: 1 Address: 0x2177f02c0
  Set: 12 Way: 0 Address: 0x2177f0300
  Set: 13 Way: 0 Address: 0x14bb1037c
  Set: 13 Way: 1 Address: 0x2177f0340
  Set: 14 Way: 0 Address: 0x14bb10380
  Set: 14 Way: 1 Address: 0x2177f0380
  Set: 15 Way: 0 Address: 0x14bb103c0
  Set: 15 Way: 1 Address: 0x2177f03c0
  Set: 16 Way: 0 Address: 0x14bb10400
  Set: 16 Way: 1 Address: 0x2177f0400
  Set: 17 Way: 0 Address: 0x14bb10440
  Set: 18 Way: 0 Address: 0x14bb10480
  Set: 19 Way: 0 Address: 0x14bb104c0
  Set: 20 Way: 0 Address: 0x14bb10500
  Set: 21 Way: 0 Address: 0x14bb10540
  Set: 30 Way: 0 Address: 0x342b407bc
  Set: 31 Way: 0 Address: 0x342b407c0
  Set: 32 Way: 0 Address: 0x342b40800
  Set: 33 Way: 0 Address: 0x342b40840
  Set: 34 Way: 0 Address: 0x342b40880
  Set: 35 Way: 0 Address: 0x342b408c0
  Set: 36 Way: 0 Address: 0x342b40900
  Set: 37 Way: 0 Address: 0x342b40940
  Set: 38 Way: 0 Address: 0x342b40980
  Set: 45 Way: 0 Address: 0x28a940b78
  Set: 72 Way: 0 Address: 0x113201208
  Set: 75 Way: 0 Address: 0x19c7912f0
  Set: 76 Way: 0 Address: 0x113201300
  Set: 76 Way: 1 Address: 0x2a4841300
  Set: 110 Way: 0 Address: 0xf6e81bb0
  Set: 111 Way: 0 Address: 0x181c81bfc
  Set: 112 Way: 0 Address: 0x181c81c00
  Set: 113 Way: 0 Address: 0x181c81c40
  Set: 114 Way: 0 Address: 0x181c81c80
  Set: 115 Way: 0 Address: 0x181c81cc0
  Set: 116 Way: 0 Address: 0x181c81d00
  Set: 117 Way: 0 Address: 0x181c81d40
  Set: 118 Way: 0 Address: 0x181c81d80
  Set: 119 Way: 0 Address: 0x181c81dc0
  Set: 129 Way: 0 Address: 0x9cff2078
  Set: 134 Way: 0 Address: 0x1995f21a8
  Set: 138 Way: 0 Address: 0x133c92290
  Set: 154 Way: 0 Address: 0x1064c26ac
  Set: 155 Way: 0 Address: 0x6d0c26e0
  Set: 155 Way: 1 Address: 0x1064c26c0
  Set: 156 Way: 0 Address: 0x6d0c2700
  Set: 156 Way: 1 Address: 0x1064c2700
  Set: 157 Way: 0 Address: 0x6d0c2740
  Set: 157 Way: 1 Address: 0x1064c2740
  Set: 158 Way: 0 Address: 0x1064c2780
  Set: 159 Way: 0 Address: 0x1064c27c0
  Set: 160 Way: 0 Address: 0x1064c2800
  Set: 161 Way: 0 Address: 0x1064c2840
  Set: 173 Way: 0 Address: 0x1c84e2b68
  Set: 193 Way: 0 Address: 0x263c13070
  Set: 194 Way: 0 Address: 0x263c130a8
  Set: 194 Way: 1 Address: 0x34a8730b6
  Set: 195 Way: 0 Address: 0x34a8730c0
  Set: 196 Way: 0 Address: 0x34a873100
  Set: 200 Way: 0 Address: 0x34a873216
  Set: 201 Way: 0 Address: 0x34a87324a
  Set: 203 Way: 0 Address: 0x3232f32c0
  Set: 203 Way: 1 Address: 0x2577132d8
  Set: 205 Way: 0 Address: 0x34a873376
  Set: 206 Way: 0 Address: 0x34a873380
  Set: 207 Way: 0 Address: 0x34a8733c0
  Set: 211 Way: 0 Address: 0x34a8734d8
  Set: 212 Way: 0 Address: 0x34a87350a
  Set: 216 Way: 0 Address: 0x34a873636
  Set: 217 Way: 0 Address: 0x34a873642
  Set: 218 Way: 0 Address: 0x34a873684
  Set: 222 Way: 0 Address: 0x34a873796
  Set: 223 Way: 0 Address: 0x34a8737ca
  Set: 227 Way: 0 Address: 0x34a8738f8
  Set: 228 Way: 0 Address: 0x34a873900
  Set: 229 Way: 0 Address: 0x34a873940
  Set: 230 Way: 0 Address: 0x2b2e93980
  Set: 231 Way: 0 Address: 0x3b08039dc
  Set: 232 Way: 0 Address: 0x3b0803a00
  Set: 233 Way: 0 Address: 0x34a873a56
  Set: 233 Way: 1 Address: 0x3b0803a40
  Set: 234 Way: 0 Address: 0x34a873a8c
  Set: 234 Way: 1 Address: 0x3b0803a80
  Set: 235 Way: 0 Address: 0x3b0803ac0
  Set: 236 Way: 0 Address: 0x3b0803b00
  Set: 237 Way: 0 Address: 0x3b0803b40
  Set: 238 Way: 0 Address: 0x34a873bb6
  Set: 238 Way: 1 Address: 0x3b0803b80
  Set: 239 Way: 0 Address: 0x34a873bc2
  Set: 240 Way: 0 Address: 0x34a873c00
  Set: 266 Way: 0 Address: 0x1ab44288
  Set: 267 Way: 0 Address: 0x3c10742f8
  Set: 290 Way: 0 Address: 0xb80048a0
  Set: 301 Way: 0 Address: 0x129934b70
  Set: 320 Way: 0 Address: 0x195f15010
  Set: 321 Way: 0 Address: 0x195f15070
  Set: 330 Way: 0 Address: 0x354d35288
  Set: 330 Way: 1 Address: 0x1b0f152b8
  Set: 332 Way: 0 Address: 0x354d35308
  Set: 353 Way: 0 Address: 0x272585860
  Set: 384 Way: 0 Address: 0x84896038
  Set: 384 Way: 1 Address: 0x3dae66000
  Set: 385 Way: 0 Address: 0x84896040
  Set: 386 Way: 0 Address: 0x84896080
  Set: 387 Way: 0 Address: 0x848960c0
  Set: 388 Way: 0 Address: 0x3dae66116
  Set: 388 Way: 1 Address: 0x84896100
  Set: 389 Way: 0 Address: 0x3dae66140
  Set: 389 Way: 1 Address: 0x84896140
  Set: 390 Way: 0 Address: 0x84896180
  Set: 391 Way: 0 Address: 0x848961c0
  Set: 392 Way: 0 Address: 0x84896200
  Set: 393 Way: 0 Address: 0x211d16258
  Set: 393 Way: 1 Address: 0x3dae6627c
  Set: 394 Way: 0 Address: 0x43736280
  Set: 394 Way: 1 Address: 0x211d16280
  Set: 394 Way: 2 Address: 0x3dae66280
  Set: 395 Way: 0 Address: 0x437362e8
  Set: 395 Way: 1 Address: 0x3d87a62e0
  Set: 395 Way: 2 Address: 0x27d4c62d0
  Set: 395 Way: 3 Address: 0x211d162c0
  Set: 395 Way: 4 Address: 0x3dae662c0
  Set: 396 Way: 0 Address: 0x43736300
  Set: 396 Way: 1 Address: 0x211d16300
  Set: 397 Way: 0 Address: 0x211d16340
  Set: 398 Way: 0 Address: 0x211d16380
  Set: 399 Way: 0 Address: 0x3dae663d6
  Set: 399 Way: 1 Address: 0x211d163c0
  Set: 400 Way: 0 Address: 0x3dae66400
  Set: 400 Way: 1 Address: 0x211d16400
  Set: 404 Way: 0 Address: 0x3dae66536
  Set: 405 Way: 0 Address: 0x3dae66540
  Set: 406 Way: 0 Address: 0x3dae66582
  Set: 410 Way: 0 Address: 0x3dae66696
  Set: 411 Way: 0 Address: 0x3dae666ca
  Set: 415 Way: 0 Address: 0x3dae667f6
  Set: 416 Way: 0 Address: 0x3dae66800
  Set: 417 Way: 0 Address: 0x3dae66840
  Set: 421 Way: 0 Address: 0x3dae66956
  Set: 422 Way: 0 Address: 0x3dae6698a
  Set: 426 Way: 0 Address: 0x3dae66ab6
  Set: 427 Way: 0 Address: 0x3dae66ac0
  Set: 428 Way: 0 Address: 0x3dae66b00
  Set: 432 Way: 0 Address: 0x3dae66c16
  Set: 433 Way: 0 Address: 0x3dae66c4a
  Set: 437 Way: 0 Address: 0x3dae66d76
  Set: 438 Way: 0 Address: 0x3dae66d80
  Set: 439 Way: 0 Address: 0x3dae66dc0
  Set: 443 Way: 0 Address: 0x3dae66ed6
  Set: 444 Way: 0 Address: 0x3dae66f0a
  Set: 458 Way: 0 Address: 0xbeea72b0
  Set: 508 Way: 0 Address: 0x276ff7f28
  Set: 509 Way: 0 Address: 0x276ff7f40
  Set: 510 Way: 0 Address: 0x276ff7f80
  Set: 511 Way: 0 Address: 0x276ff7fc0
  Set: 512 Way: 0 Address: 0x2c9898036
  Set: 513 Way: 0 Address: 0x2c9898040
  Set: 514 Way: 0 Address: 0x2c9898086
  Set: 518 Way: 0 Address: 0x2c9898196
  Set: 519 Way: 0 Address: 0x2c98981d0
  Set: 522 Way: 0 Address: 0x3bdd782a8
  Set: 523 Way: 0 Address: 0x2c98982f6
  Set: 524 Way: 0 Address: 0x2c9898300
  Set: 525 Way: 0 Address: 0x2c9898344
  Set: 529 Way: 0 Address: 0x2c9898458
  Set: 530 Way: 0 Address: 0x2c989848a
  Set: 534 Way: 0 Address: 0x2c98985b6
  Set: 535 Way: 0 Address: 0x2c98985c2
  Set: 536 Way: 0 Address: 0x2c9898600
  Set: 540 Way: 0 Address: 0x2c9898716
  Set: 541 Way: 0 Address: 0x2c989874a
  Set: 542 Way: 0 Address: 0xc70787b0
  Set: 543 Way: 0 Address: 0xc70787c0
  Set: 544 Way: 0 Address: 0xc707883c
  Set: 545 Way: 0 Address: 0xc707887c
  Set: 545 Way: 1 Address: 0x2c9898876
  Set: 546 Way: 0 Address: 0xc70788b8
  Set: 546 Way: 1 Address: 0x2c9898880
  Set: 547 Way: 0 Address: 0xc70788c0
  Set: 547 Way: 1 Address: 0x2c98988c0
  Set: 548 Way: 0 Address: 0xc707891c
  Set: 549 Way: 0 Address: 0xc7078968
  Set: 550 Way: 0 Address: 0xc7078984
  Set: 551 Way: 0 Address: 0xc70789f0
  Set: 551 Way: 1 Address: 0x2c98989d8
  Set: 552 Way: 0 Address: 0xc7078a2c
  Set: 552 Way: 1 Address: 0x2c9898a0a
  Set: 553 Way: 0 Address: 0xc7078a70
  Set: 554 Way: 0 Address: 0xc7078aa8
  Set: 555 Way: 0 Address: 0xc7078ae4
  Set: 556 Way: 0 Address: 0xc7078b24
  Set: 556 Way: 1 Address: 0x2c9898b38
  Set: 557 Way: 0 Address: 0xc7078b5c
  Set: 557 Way: 1 Address: 0x2c9898b40
  Set: 558 Way: 0 Address: 0xc7078bac
  Set: 558 Way: 1 Address: 0x2c9898b80
  Set: 559 Way: 0 Address: 0xc7078bcc
  Set: 562 Way: 0 Address: 0x2c9898c96
  Set: 563 Way: 0 Address: 0x2c9898cca
  Set: 567 Way: 0 Address: 0x2c9898df6
  Set: 568 Way: 0 Address: 0x2c9898e00
  Set: 569 Way: 0 Address: 0x2c9898e44
  Set: 573 Way: 0 Address: 0x2c9898f56
  Set: 574 Way: 0 Address: 0x2c9898f8a
  Set: 575 Way: 0 Address: 0x201598fe8
  Set: 578 Way: 0 Address: 0x2ee3690a8
  Set: 578 Way: 1 Address: 0x2fa0c9096
  Set: 579 Way: 0 Address: 0x2fa0c90c0
  Set: 583 Way: 0 Address: 0x2fa0c91f6
  Set: 584 Way: 0 Address: 0x2fa0c9200
  Set: 585 Way: 0 Address: 0x2fa0c9240
  Set: 589 Way: 0 Address: 0x2fa0c9356
  Set: 590 Way: 0 Address: 0x2fa0c9380
  Set: 594 Way: 0 Address: 0x2fa0c94b6
  Set: 595 Way: 0 Address: 0x2fa0c94c0
  Set: 596 Way: 0 Address: 0x2fa0c9500
  Set: 600 Way: 0 Address: 0x2fa0c9616
  Set: 601 Way: 0 Address: 0x2fa0c9640
  Set: 605 Way: 0 Address: 0x2fa0c9776
  Set: 606 Way: 0 Address: 0x2fa0c9780
  Set: 607 Way: 0 Address: 0x2fa0c97c0
  Set: 609 Way: 0 Address: 0x2c8749878
  Set: 611 Way: 0 Address: 0x2fa0c98d6
  Set: 612 Way: 0 Address: 0x2fa0c9900
  Set: 616 Way: 0 Address: 0x2fa0c9a36
  Set: 617 Way: 0 Address: 0x2fa0c9a40
  Set: 618 Way: 0 Address: 0x2fa0c9a80
  Set: 622 Way: 0 Address: 0x2fa0c9b96
  Set: 623 Way: 0 Address: 0x2fa0c9bc0
  Set: 627 Way: 0 Address: 0x2fa0c9cf6
  Set: 628 Way: 0 Address: 0x2fa0c9d00
  Set: 629 Way: 0 Address: 0x2fa0c9d40
  Set: 632 Way: 0 Address: 0x312099e1c
  Set: 633 Way: 0 Address: 0x292959e4c
  Set: 633 Way: 1 Address: 0x312099e40
  Set: 633 Way: 2 Address: 0x2fa0c9e56
  Set: 634 Way: 0 Address: 0x292959e80
  Set: 634 Way: 1 Address: 0x312099e80
  Set: 634 Way: 2 Address: 0x2fa0c9e80
  Set: 635 Way: 0 Address: 0x292959ec0
  Set: 635 Way: 1 Address: 0x312099ec0
  Set: 636 Way: 0 Address: 0x292959f00
  Set: 636 Way: 1 Address: 0x312099f00
  Set: 637 Way: 0 Address: 0x292959f40
  Set: 637 Way: 1 Address: 0x312099f40
  Set: 638 Way: 0 Address: 0x2fa0c9fb6
  Set: 638 Way: 1 Address: 0x292959f80
  Set: 638 Way: 2 Address: 0x312099f80
  Set: 639 Way: 0 Address: 0x2fa0c9fc0
  Set: 639 Way: 1 Address: 0x292959fc0
  Set: 639 Way: 2 Address: 0x312099fc0
  Set: 640 Way: 0 Address: 0x229b9a000
  Set: 640 Way: 1 Address: 0x223eda018
  Set: 640 Way: 2 Address: 0xc67da000
  Set: 641 Way: 0 Address: 0xc67da040
  Set: 642 Way: 0 Address: 0xc67da080
  Set: 643 Way: 0 Address: 0xc67da0c0
  Set: 644 Way: 0 Address: 0xc67da100
  Set: 671 Way: 0 Address: 0x1d89da7f8
  Set: 716 Way: 0 Address: 0x394edb300
  Set: 737 Way: 0 Address: 0x3b377b870
  Set: 739 Way: 0 Address: 0xc0d9b8cc
  Set: 740 Way: 0 Address: 0xc0d9b900
  Set: 741 Way: 0 Address: 0xc0d9b940
  Set: 742 Way: 0 Address: 0xc0d9b980
  Set: 743 Way: 0 Address: 0xc0d9b9c0
  Set: 744 Way: 0 Address: 0xc0d9ba00
  Set: 745 Way: 0 Address: 0xc0d9ba40
  Set: 746 Way: 0 Address: 0xc0d9ba80
  Set: 747 Way: 0 Address: 0xcf83baec
  Set: 748 Way: 0 Address: 0xcf83bb00
  Set: 749 Way: 0 Address: 0xcf83bb40
  Set: 750 Way: 0 Address: 0xcf83bb80
  Set: 751 Way: 0 Address: 0xcf83bbc0
  Set: 752 Way: 0 Address: 0xcf83bc00
  Set: 753 Way: 0 Address: 0xcf83bc40
  Set: 754 Way: 0 Address: 0xcf83bc80
  Set: 768 Way: 0 Address: 0xdf85c000
  Set: 768 Way: 1 Address: 0x32f48c000
  Set: 769 Way: 0 Address: 0x32f48c040
  Set: 770 Way: 0 Address: 0x32f48c080
  Set: 771 Way: 0 Address: 0x32f48c0c0
  Set: 779 Way: 0 Address: 0x38e35c2e8
  Set: 803 Way: 0 Address: 0x12c6fc8d0
  Set: 814 Way: 0 Address: 0x29484cb80
  Set: 837 Way: 0 Address: 0x1add148
  Set: 838 Way: 0 Address: 0x23755d1b0
  Set: 838 Way: 1 Address: 0x1add180
  Set: 839 Way: 0 Address: 0x1add1c0
  Set: 840 Way: 0 Address: 0x1add200
  Set: 841 Way: 0 Address: 0x1add240
  Set: 842 Way: 0 Address: 0x1add280
  Set: 843 Way: 0 Address: 0x1add2c0
  Set: 844 Way: 0 Address: 0x1add300
  Set: 857 Way: 0 Address: 0x5588d650
  Set: 896 Way: 0 Address: 0x28b67e000
  Set: 906 Way: 0 Address: 0x1c084e298
  Set: 910 Way: 0 Address: 0x1f919e390
  Set: 911 Way: 0 Address: 0x1f919e3c0
  Set: 912 Way: 0 Address: 0x1f919e405
  Set: 913 Way: 0 Address: 0x1f919e446
  Set: 914 Way: 0 Address: 0x1f919e482
  Set: 915 Way: 0 Address: 0x1f919e4c1
  Set: 916 Way: 0 Address: 0x1f919e501
  Set: 917 Way: 0 Address: 0x1f919e547
  Set: 918 Way: 0 Address: 0x2db79e59c
  Set: 919 Way: 0 Address: 0x1f919e5c8
  Set: 919 Way: 1 Address: 0x2db79e5c0
  Set: 920 Way: 0 Address: 0x1f919e600
  Set: 920 Way: 1 Address: 0x2db79e600
  Set: 921 Way: 0 Address: 0x1f919e645
  Set: 921 Way: 1 Address: 0x2db79e640
  Set: 922 Way: 0 Address: 0x2db79e680
  Set: 923 Way: 0 Address: 0x2db79e6c0
  Set: 924 Way: 0 Address: 0x2db79e700
  Set: 925 Way: 0 Address: 0x2db79e740
  Set: 927 Way: 0 Address: 0x28b67e7f8
  Set: 934 Way: 0 Address: 0x3734ee980
  Set: 940 Way: 0 Address: 0x3734eeb08
  Set: 948 Way: 0 Address: 0x20597ed0c
  Set: 949 Way: 0 Address: 0x20597ed40
  Set: 950 Way: 0 Address: 0x20597ed80
  Set: 951 Way: 0 Address: 0x20597edc0
  Set: 952 Way: 0 Address: 0x20597ee00
  Set: 953 Way: 0 Address: 0x20597ee40
  Set: 954 Way: 0 Address: 0x20597ee80
  Set: 955 Way: 0 Address: 0x20597eec0
  Set: 957 Way: 0 Address: 0x2f5d8ef58
  Set: 958 Way: 0 Address: 0x2f5d8efbc
  Set: 959 Way: 0 Address: 0x2f5d8efe0
  Set: 960 Way: 0 Address: 0xee86f000
  Set: 960 Way: 1 Address: 0x16390f000
  Set: 961 Way: 0 Address: 0xee86f040
  Set: 962 Way: 0 Address: 0xee86f080
  Set: 963 Way: 0 Address: 0xee86f0c2
  Set: 964 Way: 0 Address: 0xee86f100
  Set: 965 Way: 0 Address: 0xee86f140
  Set: 966 Way: 0 Address: 0xee86f180
  Set: 967 Way: 0 Address: 0xee86f1fe
  Set: 971 Way: 0 Address: 0x23756f2c8
  Set: 978 Way: 0 Address: 0x22272f48c
  Set: 979 Way: 0 Address: 0x22272f4c0
  Set: 980 Way: 0 Address: 0x22272f500
  Set: 981 Way: 0 Address: 0x22272f540
  Set: 982 Way: 0 Address: 0x22272f580
  Set: 983 Way: 0 Address: 0x22272f5c0
  Set: 984 Way: 0 Address: 0x22272f600
  Set: 985 Way: 0 Address: 0x22272f640
  Set: 993 Way: 0 Address: 0x143ef868
  Set: 1021 Way: 0 Address: 0x16390ff5c
  Set: 1022 Way: 0 Address: 0x16390ff80
  Set: 1023 Way: 0 Address: 0x16390ffc0
EndCache
Cache: cpu0_L1I
  Set: 14 Way: 0 Address: 0x1f919e390
  Set: 15 Way: 0 Address: 0x1f919e3f5
  Set: 16 Way: 0 Address: 0x1f919e43a
  Set: 17 Way: 0 Address: 0x1f919e44c
  Set: 18 Way: 0 Address: 0x1f919e4a6
  Set: 19 Way: 0 Address: 0x1f919e4e3
  Set: 20 Way: 0 Address: 0x1f919e501
  Set: 21 Way: 0 Address: 0x1f919e547
  Set: 23 Way: 0 Address: 0x1f919e5f0
  Set: 24 Way: 0 Address: 0x1f919e634
  Set: 25 Way: 0 Address: 0x1f919e645
  Set: 34 Way: 0 Address: 0xb80048a0
EndCache
Cache: cpu0_L1D
  Set: 0 Way: 0 Address: 0xdf85c000
  Set: 0 Way: 1 Address: 0x28b67e000
  Set: 0 Way: 2 Address: 0x229b9a000
  Set: 0 Way: 3 Address: 0x195f15010
  Set: 0 Way: 4 Address: 0x223eda018
  Set: 0 Way: 5 Address: 0xee86f000
  Set: 0 Way: 6 Address: 0x84896038
  Set: 0 Way: 7 Address: 0x2c989803c
  Set: 0 Way: 8 Address: 0xc67da000
  Set: 0 Way: 9 Address: 0x32f48c004
  Set: 0 Way: 10 Address: 0x3dae66000
  Set: 0 Way: 11 Address: 0x16390f000
  Set: 1 Way: 0 Address: 0x195f15070
  Set: 1 Way: 1 Address: 0x263c13070
  Set: 1 Way: 2 Address: 0x9cff2078
  Set: 1 Way: 3 Address: 0xee86f040
  Set: 1 Way: 4 Address: 0x2c989804c
  Set: 1 Way: 5 Address: 0x84896040
  Set: 1 Way: 6 Address: 0xc67da040
  Set: 1 Way: 7 Address: 0x32f48c040
  Set: 2 Way: 0 Address: 0x263c130a8
  Set: 2 Way: 1 Address: 0x2ee3690a8
  Set: 2 Way: 2 Address: 0xee86f0b8
  Set: 2 Way: 3 Address: 0x2c9898086
  Set: 2 Way: 4 Address: 0x34a8730bc
  Set: 2 Way: 5 Address: 0x84896080
  Set: 2 Way: 6 Address: 0x2fa0c90b4
  Set: 2 Way: 7 Address: 0xc67da080
  Set: 2 Way: 8 Address: 0x32f48c080
  Set: 3 Way: 0 Address: 0xee86f0de
  Set: 3 Way: 1 Address: 0x34a8730ce
  Set: 3 Way: 2 Address: 0x848960c0
  Set: 3 Way: 3 Address: 0x2fa0c90c0
  Set: 3 Way: 4 Address: 0xc67da0c0
  Set: 3 Way: 5 Address: 0x32f48c0c0
  Set: 4 Way: 0 Address: 0xee86f116
  Set: 4 Way: 1 Address: 0x34a873108
  Set: 4 Way: 2 Address: 0x3dae66126
  Set: 4 Way: 3 Address: 0x84896100
  Set: 4 Way: 4 Address: 0xc67da100
  Set: 5 Way: 0 Address: 0x1add148
  Set: 5 Way: 1 Address: 0xee86f15c
  Set: 5 Way: 2 Address: 0x3dae66140
  Set: 5 Way: 3 Address: 0x84896140
  Set: 6 Way: 0 Address: 0x1995f21a8
  Set: 6 Way: 1 Address: 0x23755d1b0
  Set: 6 Way: 2 Address: 0x2c98981b0
  Set: 6 Way: 3 Address: 0xee86f19e
  Set: 6 Way: 4 Address: 0x1add180
  Set: 6 Way: 5 Address: 0x84896180
  Set: 7 Way: 0 Address: 0xee86f1fe
  Set: 7 Way: 1 Address: 0x2c98981e0
  Set: 7 Way: 2 Address: 0x2fa0c91fe
  Set: 7 Way: 3 Address: 0x1add1c0
  Set: 7 Way: 4 Address: 0x848961c0
  Set: 8 Way: 0 Address: 0x113201208
  Set: 8 Way: 1 Address: 0x34a873230
  Set: 8 Way: 2 Address: 0x2fa0c9212
  Set: 8 Way: 3 Address: 0x1add200
  Set: 8 Way: 4 Address: 0x84896200
  Set: 9 Way: 0 Address: 0x211d16258
  Set: 9 Way: 1 Address: 0x2177f026c
  Set: 9 Way: 2 Address: 0x34a873264
  Set: 9 Way: 3 Address: 0x3dae66278
  Set: 9 Way: 4 Address: 0x1add240
  Set: 9 Way: 5 Address: 0x2fa0c9240
  Set: 10 Way: 0 Address: 0x1add280
  Set: 10 Way: 1 Address: 0x354d352a0
  Set: 10 Way: 2 Address: 0x133c92290
  Set: 10 Way: 3 Address: 0x1c084e298
  Set: 10 Way: 4 Address: 0x1ab44288
  Set: 10 Way: 5 Address: 0x6e6202a0
  Set: 10 Way: 6 Address: 0x1b0f152b8
  Set: 10 Way: 7 Address: 0x3bdd782a8
  Set: 10 Way: 8 Address: 0xbeea72b0
  Set: 10 Way: 9 Address: 0x2177f0280
  Set: 10 Way: 10 Address: 0x211d16280
  Set: 10 Way: 11 Address: 0x3dae6628e
  Set: 11 Way: 0 Address: 0x19c7912f0
  Set: 11 Way: 1 Address: 0x3dae662c0
  Set: 11 Way: 2 Address: 0x1add2c0
  Set: 11 Way: 3 Address: 0x6e6202c0
  Set: 11 Way: 4 Address: 0x3232f32c0
  Set: 11 Way: 5 Address: 0x2c98982fe
  Set: 11 Way: 6 Address: 0x3d87a62e0
  Set: 11 Way: 7 Address: 0x27d4c62d0
  Set: 11 Way: 8 Address: 0x23756f2c8
  Set: 11 Way: 9 Address: 0x2577132d8
  Set: 11 Way: 10 Address: 0x2177f02c0
  Set: 11 Way: 11 Address: 0x211d162c0
  Set: 12 Way: 0 Address: 0x113201300
  Set: 12 Way: 1 Address: 0x2a4841300
  Set: 12 Way: 2 Address: 0x43736308
  Set: 12 Way: 3 Address: 0x394edb300
  Set: 12 Way: 4 Address: 0x354d35308
  Set: 12 Way: 5 Address: 0x2c989830e
  Set: 12 Way: 6 Address: 0x2177f0300
  Set: 12 Way: 7 Address: 0x211d16300
  Set: 12 Way: 8 Address: 0x1add300
  Set: 13 Way: 0 Address: 0x14bb1037c
  Set: 13 Way: 1 Address: 0x2c9898346
  Set: 13 Way: 2 Address: 0x34a87337e
  Set: 13 Way: 3 Address: 0x2fa0c936e
  Set: 13 Way: 4 Address: 0x2177f0340
  Set: 13 Way: 5 Address: 0x211d16340
  Set: 14 Way: 0 Address: 0x14bb10380
  Set: 14 Way: 1 Address: 0x34a87338c
  Set: 14 Way: 2 Address: 0x2fa0c9380
  Set: 14 Way: 3 Address: 0x2177f0380
  Set: 14 Way: 4 Address: 0x211d16380
  Set: 15 Way: 0 Address: 0x34a8733c6
  Set: 15 Way: 1 Address: 0x14bb103c0
  Set: 15 Way: 2 Address: 0x3dae663f0
  Set: 15 Way: 3 Address: 0x2177f03c0
  Set: 15 Way: 4 Address: 0x211d163c0
  Set: 16 Way: 0 Address: 0x14bb10400
  Set: 16 Way: 1 Address: 0x3dae66400
  Set: 16 Way: 2 Address: 0x2177f0400
  Set: 16 Way: 3 Address: 0x211d16400
  Set: 17 Way: 0 Address: 0x2c9898470
  Set: 17 Way: 1 Address: 0x14bb10440
  Set: 18 Way: 0 Address: 0x22272f48c
  Set: 18 Way: 1 Address: 0x2c989849e
  Set: 18 Way: 2 Address: 0x2fa0c94bc
  Set: 18 Way: 3 Address: 0x14bb10480
  Set: 19 Way: 0 Address: 0x22272f4c0
  Set: 19 Way: 1 Address: 0x34a8734f0
  Set: 19 Way: 2 Address: 0x2fa0c94d0
  Set: 19 Way: 3 Address: 0x14bb104c0
  Set: 20 Way: 0 Address: 0x3dae66536
  Set: 20 Way: 1 Address: 0x34a873524
  Set: 20 Way: 2 Address: 0x22272f500
  Set: 20 Way: 3 Address: 0x2fa0c9500
  Set: 20 Way: 4 Address: 0x14bb10500
  Set: 21 Way: 0 Address: 0x3dae66540
  Set: 21 Way: 1 Address: 0x22272f540
  Set: 21 Way: 2 Address: 0x14bb10540
  Set: 22 Way: 0 Address: 0x2db79e59c
  Set: 22 Way: 1 Address: 0x2c98985b6
  Set: 22 Way: 2 Address: 0x3dae66580
  Set: 22 Way: 3 Address: 0x22272f580
  Set: 23 Way: 0 Address: 0x2c98985d2
  Set: 23 Way: 1 Address: 0x2db79e5c0
  Set: 23 Way: 2 Address: 0x22272f5c0
  Set: 24 Way: 0 Address: 0x2c9898600
  Set: 24 Way: 1 Address: 0x34a87363e
  Set: 24 Way: 2 Address: 0x2db79e600
  Set: 24 Way: 3 Address: 0x2fa0c9628
  Set: 24 Way: 4 Address: 0x22272f600
  Set: 25 Way: 0 Address: 0x5588d650
  Set: 25 Way: 1 Address: 0x34a87364a
  Set: 25 Way: 2 Address: 0x2fa0c9640
  Set: 25 Way: 3 Address: 0x2db79e640
  Set: 25 Way: 4 Address: 0x22272f640
  Set: 26 Way: 0 Address: 0x3dae66696
  Set: 26 Way: 1 Address: 0x1064c26ac
  Set: 26 Way: 2 Address: 0x34a873682
  Set: 26 Way: 3 Address: 0x2db79e680
  Set: 27 Way: 0 Address: 0x6d0c26e0
  Set: 27 Way: 1 Address: 0x3dae666e0
  Set: 27 Way: 2 Address: 0x1064c26c0
  Set: 27 Way: 3 Address: 0x2db79e6c0
  Set: 28 Way: 0 Address: 0x6d0c2700
  Set: 28 Way: 1 Address: 0x2c989872e
  Set: 28 Way: 2 Address: 0x1064c2700
  Set: 28 Way: 3 Address: 0x2db79e700
  Set: 29 Way: 0 Address: 0x6d0c2740
  Set: 29 Way: 1 Address: 0x2c9898762
  Set: 29 Way: 2 Address: 0x2fa0c977e
  Set: 29 Way: 3 Address: 0x1064c2740
  Set: 29 Way: 4 Address: 0x2db79e740
  Set: 30 Way: 0 Address: 0x342b407bc
  Set: 30 Way: 1 Address: 0x34a8737b0
  Set: 30 Way: 2 Address: 0x2fa0c9790
  Set: 30 Way: 3 Address: 0x1064c2780
  Set: 30 Way: 4 Address: 0xc70787b0
  Set: 31 Way: 0 Address: 0x28b67e7f8
  Set: 31 Way: 1 Address: 0x1d89da7f8
  Set: 31 Way: 2 Address: 0x3dae667f6
  Set: 31 Way: 3 Address: 0x342b407c0
  Set: 31 Way: 4 Address: 0x34a8737e2
  Set: 31 Way: 5 Address: 0xc70787c0
  Set: 31 Way: 6 Address: 0x1064c27c0
  Set: 31 Way: 7 Address: 0x2fa0c97c0
  Set: 32 Way: 0 Address: 0x3dae66800
  Set: 32 Way: 1 Address: 0xc707883c
  Set: 32 Way: 2 Address: 0x342b40800
  Set: 32 Way: 3 Address: 0x1064c2800
  Set: 33 Way: 0 Address: 0x143ef868
  Set: 33 Way: 1 Address: 0xc707887c
  Set: 33 Way: 2 Address: 0x3b377b870
  Set: 33 Way: 3 Address: 0x2c989887e
  Set: 33 Way: 4 Address: 0x3dae66848
  Set: 33 Way: 5 Address: 0x2c8749878
  Set: 33 Way: 6 Address: 0x272585860
  Set: 33 Way: 7 Address: 0x342b40840
  Set: 33 Way: 8 Address: 0x1064c2840
  Set: 34 Way: 0 Address: 0xc70788b8
  Set: 34 Way: 1 Address: 0x2c9898890
  Set: 34 Way: 2 Address: 0x342b40880
  Set: 35 Way: 0 Address: 0x12c6fc8c8
  Set: 35 Way: 1 Address: 0xc70788c0
  Set: 35 Way: 2 Address: 0xc0d9b8cc
  Set: 35 Way: 3 Address: 0x2c98988c0
  Set: 35 Way: 4 Address: 0x34a8738fc
  Set: 35 Way: 5 Address: 0x2fa0c98ee
  Set: 35 Way: 6 Address: 0x342b408c0
  Set: 36 Way: 0 Address: 0xc707891c
  Set: 36 Way: 1 Address: 0xc0d9b900
  Set: 36 Way: 2 Address: 0x34a873910
  Set: 36 Way: 3 Address: 0x2fa0c9900
  Set: 36 Way: 4 Address: 0x342b40900
  Set: 37 Way: 0 Address: 0xc7078968
  Set: 37 Way: 1 Address: 0x3dae6696c
  Set: 37 Way: 2 Address: 0x34a873946
  Set: 37 Way: 3 Address: 0xc0d9b940
  Set: 37 Way: 4 Address: 0x342b40940
  Set: 38 Way: 0 Address: 0xc7078984
  Set: 38 Way: 1 Address: 0x3734ee980
  Set: 38 Way: 2 Address: 0x2b2e93980
  Set: 38 Way: 3 Address: 0x3dae669a0
  Set: 38 Way: 4 Address: 0xc0d9b980
  Set: 38 Way: 5 Address: 0x342b40980
  Set: 39 Way: 0 Address: 0xc70789f0
  Set: 39 Way: 1 Address: 0x3b08039dc
  Set: 39 Way: 2 Address: 0x2c98989f0
  Set: 39 Way: 3 Address: 0xc0d9b9c0
  Set: 40 Way: 0 Address: 0xc7078a20
  Set: 40 Way: 1 Address: 0x2c9898a24
  Set: 40 Way: 2 Address: 0x3b0803a00
  Set: 40 Way: 3 Address: 0x2fa0c9a3e
  Set: 40 Way: 4 Address: 0xc0d9ba00
  Set: 41 Way: 0 Address: 0xc7078a70
  Set: 41 Way: 1 Address: 0x34a873a72
  Set: 41 Way: 2 Address: 0x3b0803a40
  Set: 41 Way: 3 Address: 0x2fa0c9a50
  Set: 41 Way: 4 Address: 0xc0d9ba40
  Set: 42 Way: 0 Address: 0x3dae66abc
  Set: 42 Way: 1 Address: 0xc7078aa8
  Set: 42 Way: 2 Address: 0x34a873aa2
  Set: 42 Way: 3 Address: 0x3b0803a80
  Set: 42 Way: 4 Address: 0x2fa0c9a80
  Set: 42 Way: 5 Address: 0xc0d9ba80
  Set: 43 Way: 0 Address: 0x3dae66ad4
  Set: 43 Way: 1 Address: 0xcf83baec
  Set: 43 Way: 2 Address: 0xc7078ae4
  Set: 43 Way: 3 Address: 0x3b0803ac0
  Set: 44 Way: 0 Address: 0x3734eeb08
  Set: 44 Way: 1 Address: 0x3dae66b00
  Set: 44 Way: 2 Address: 0xc7078b24
  Set: 44 Way: 3 Address: 0x2c9898b3e
  Set: 44 Way: 4 Address: 0xcf83bb00
  Set: 44 Way: 5 Address: 0x3b0803b00
  Set: 45 Way: 0 Address: 0x1c84e2b68
  Set: 45 Way: 1 Address: 0x129934b70
  Set: 45 Way: 2 Address: 0xc7078b5c
  Set: 45 Way: 3 Address: 0x2c9898b4e
  Set: 45 Way: 4 Address: 0xcf83bb40
  Set: 45 Way: 5 Address: 0x28a940b78
  Set: 45 Way: 6 Address: 0x3b0803b40
  Set: 46 Way: 0 Address: 0x29484cb80
  Set: 46 Way: 1 Address: 0xf6e81bb0
  Set: 46 Way: 2 Address: 0xc7078bac
  Set: 46 Way: 3 Address: 0x2c9898b82
  Set: 46 Way: 4 Address: 0x2fa0c9ba8
  Set: 46 Way: 5 Address: 0x34a873bba
  Set: 46 Way: 6 Address: 0xcf83bb80
  Set: 46 Way: 7 Address: 0x3b0803b80
  Set: 47 Way: 0 Address: 0x181c81bfc
  Set: 47 Way: 1 Address: 0xc7078bcc
  Set: 47 Way: 2 Address: 0x34a873bd0
  Set: 47 Way: 3 Address: 0x2fa0c9bc0
  Set: 47 Way: 4 Address: 0xcf83bbc0
  Set: 48 Way: 0 Address: 0x3dae66c2a
  Set: 48 Way: 1 Address: 0x181c81c00
  Set: 48 Way: 2 Address: 0xcf83bc00
  Set: 48 Way: 3 Address: 0x34a873c00
  Set: 49 Way: 0 Address: 0x3dae66c64
  Set: 49 Way: 1 Address: 0x181c81c40
  Set: 49 Way: 2 Address: 0xcf83bc40
  Set: 50 Way: 0 Address: 0x2c9898cac
  Set: 50 Way: 1 Address: 0x181c81c80
  Set: 50 Way: 2 Address: 0xcf83bc80
  Set: 51 Way: 0 Address: 0x2c9898ce4
  Set: 51 Way: 1 Address: 0x2fa0c9cfe
  Set: 51 Way: 2 Address: 0x181c81cc0
  Set: 52 Way: 0 Address: 0x20597ed0c
  Set: 52 Way: 1 Address: 0x2fa0c9d0e
  Set: 52 Way: 2 Address: 0x181c81d00
  Set: 53 Way: 0 Address: 0x3dae66d7e
  Set: 53 Way: 1 Address: 0x20597ed40
  Set: 53 Way: 2 Address: 0x2fa0c9d40
  Set: 53 Way: 3 Address: 0x181c81d40
  Set: 54 Way: 0 Address: 0x3dae66d90
  Set: 54 Way: 1 Address: 0x20597ed80
  Set: 54 Way: 2 Address: 0x181c81d80
  Set: 55 Way: 0 Address: 0x3dae66dc6
  Set: 55 Way: 1 Address: 0x2c9898dfe
  Set: 55 Way: 2 Address: 0x20597edc0
  Set: 55 Way: 3 Address: 0x181c81dc0
  Set: 56 Way: 0 Address: 0x312099e1c
  Set: 56 Way: 1 Address: 0x2c9898e10
  Set: 56 Way: 2 Address: 0x20597ee00
  Set: 57 Way: 0 Address: 0x292959e4c
  Set: 57 Way: 1 Address: 0x2c9898e44
  Set: 57 Way: 2 Address: 0x312099e40
  Set: 57 Way: 3 Address: 0x2fa0c9e70
  Set: 57 Way: 4 Address: 0x20597ee40
  Set: 58 Way: 0 Address: 0x292959e80
  Set: 58 Way: 1 Address: 0x312099e80
  Set: 58 Way: 2 Address: 0x2fa0c9e80
  Set: 58 Way: 3 Address: 0x20597ee80
  Set: 59 Way: 0 Address: 0x3dae66ef2
  Set: 59 Way: 1 Address: 0x292959ec0
  Set: 59 Way: 2 Address: 0x312099ec0
  Set: 59 Way: 3 Address: 0x20597eec0
  Set: 60 Way: 0 Address: 0x276ff7f28
  Set: 60 Way: 1 Address: 0x3dae66f24
  Set: 60 Way: 2 Address: 0x292959f00
  Set: 60 Way: 3 Address: 0x312099f00
  Set: 61 Way: 0 Address: 0x16390ff5c
  Set: 61 Way: 1 Address: 0x2f5d8ef58
  Set: 61 Way: 2 Address: 0x276ff7f40
  Set: 61 Way: 3 Address: 0x2c9898f70
  Set: 61 Way: 4 Address: 0x292959f40
  Set: 61 Way: 5 Address: 0x312099f40
  Set: 62 Way: 0 Address: 0x2f5d8efa4
  Set: 62 Way: 1 Address: 0x16390ff80
  Set: 62 Way: 2 Address: 0x2c9898fa6
  Set: 62 Way: 3 Address: 0x276ff7f80
  Set: 62 Way: 4 Address: 0x2fa0c9fba
  Set: 62 Way: 5 Address: 0x292959f80
  Set: 62 Way: 6 Address: 0x312099f80
  Set: 63 Way: 0 Address: 0x201598fe8
  Set: 63 Way: 1 Address: 0x2f5d8eff8
  Set: 63 Way: 2 Address: 0x16390ffc0
  Set: 63 Way: 3 Address: 0x2fa0c9fd2
  Set: 63 Way: 4 Address: 0x276ff7fc0
  Set: 63 Way: 5 Address: 0x292959fc0
  Set: 63 Way: 6 Address: 0x312099fc0
EndCache
Cache: cpu0_ITLB
  Set: 0 Way: 0 Address: 0x4608a0
  Set: 1 Way: 0 Address: 0x4413c0
EndCache
Cache: cpu0_DTLB
  Set: 0 Way: 0 Address: 0x1d70a20
  Set: 0 Way: 1 Address: 0x1e50740
  Set: 0 Way: 2 Address: 0x1e60148
  Set: 0 Way: 3 Address: 0x730650
  Set: 1 Way: 0 Address: 0x7618d0
  Set: 1 Way: 1 Address: 0x1e61258
  Set: 1 Way: 2 Address: 0x1e5126c
  Set: 2 Way: 0 Address: 0x1e5237c
  Set: 3 Way: 0 Address: 0x1e5348c
  Set: 4 Way: 0 Address: 0x1e5459c
  Set: 5 Way: 0 Address: 0x7fff6ec35fc8
  Set: 5 Way: 1 Address: 0x1e556ac
  Set: 6 Way: 0 Address: 0x7fff6ec36000
  Set: 6 Way: 1 Address: 0x1e567bc
  Set: 7 Way: 0 Address: 0x1e578cc
  Set: 8 Way: 0 Address: 0x1e589dc
  Set: 9 Way: 0 Address: 0x1e59aec
  Set: 10 Way: 0 Address: 0x1e5abfc
  Set: 11 Way: 0 Address: 0x1e5bd0c
  Set: 12 Way: 0 Address: 0x1e5ce1c
  Set: 12 Way: 1 Address: 0x2b0c0b4
  Set: 13 Way: 0 Address: 0x1d6de4c
  Set: 13 Way: 1 Address: 0x2b0d96a
  Set: 13 Way: 2 Address: 0x1e5df28
  Set: 14 Way: 0 Address: 0x1d6ef5c
  Set: 14 Way: 1 Address: 0x2b0e04c
  Set: 14 Way: 2 Address: 0x1e5e000
  Set: 15 Way: 0 Address: 0x1e5f038
  Set: 15 Way: 1 Address: 0x2b0f0ce
  Set: 15 Way: 2 Address: 0x1d6f000
EndCache
Cache: LLC
  Set: 10 Way: 0 Address: 0x6e6202a0
  Set: 11 Way: 0 Address: 0x6e6202c0
  Set: 30 Way: 0 Address: 0x342b407bc
  Set: 31 Way: 0 Address: 0x342b407c0
  Set: 32 Way: 0 Address: 0x342b40800
  Set: 33 Way: 0 Address: 0x342b40840
  Set: 34 Way: 0 Address: 0x342b40880
  Set: 35 Way: 0 Address: 0x342b408c0
  Set: 36 Way: 0 Address: 0x342b40900
  Set: 37 Way: 0 Address: 0x342b40940
  Set: 38 Way: 0 Address: 0x342b40980
  Set: 45 Way: 0 Address: 0x28a940b78
  Set: 72 Way: 0 Address: 0x113201208
  Set: 76 Way: 0 Address: 0x113201300
  Set: 76 Way: 1 Address: 0x2a4841300
  Set: 110 Way: 0 Address: 0xf6e81bb0
  Set: 111 Way: 0 Address: 0x181c81bfc
  Set: 112 Way: 0 Address: 0x181c81c00
  Set: 113 Way: 0 Address: 0x181c81c40
  Set: 114 Way: 0 Address: 0x181c81c80
  Set: 115 Way: 0 Address: 0x181c81cc0
  Set: 116 Way: 0 Address: 0x181c81d00
  Set: 117 Way: 0 Address: 0x181c81d40
  Set: 118 Way: 0 Address: 0x181c81d80
  Set: 119 Way: 0 Address: 0x181c81dc0
  Set: 154 Way: 0 Address: 0x1064c26ac
  Set: 155 Way: 0 Address: 0x6d0c26e0
  Set: 155 Way: 1 Address: 0x1064c26c0
  Set: 156 Way: 0 Address: 0x6d0c2700
  Set: 156 Way: 1 Address: 0x1064c2700
  Set: 157 Way: 0 Address: 0x6d0c2740
  Set: 157 Way: 1 Address: 0x1064c2740
  Set: 158 Way: 0 Address: 0x1064c2780
  Set: 159 Way: 0 Address: 0x1064c27c0
  Set: 160 Way: 0 Address: 0x1064c2800
  Set: 161 Way: 0 Address: 0x1064c2840
  Set: 173 Way: 0 Address: 0x1c84e2b68
  Set: 231 Way: 0 Address: 0x3b08039dc
  Set: 232 Way: 0 Address: 0x3b0803a00
  Set: 233 Way: 0 Address: 0x3b0803a40
  Set: 234 Way: 0 Address: 0x3b0803a80
  Set: 235 Way: 0 Address: 0x3b0803ac0
  Set: 236 Way: 0 Address: 0x3b0803b00
  Set: 237 Way: 0 Address: 0x3b0803b40
  Set: 238 Way: 0 Address: 0x3b0803b80
  Set: 266 Way: 0 Address: 0x1ab44288
  Set: 290 Way: 0 Address: 0xb80048a0
  Set: 353 Way: 0 Address: 0x272585860
  Set: 384 Way: 0 Address: 0x3dae66000
  Set: 388 Way: 0 Address: 0x3dae66116
  Set: 389 Way: 0 Address: 0x3dae66140
  Set: 393 Way: 0 Address: 0x3dae6627c
  Set: 394 Way: 0 Address: 0x3dae66280
  Set: 395 Way: 0 Address: 0x3d87a62e0
  Set: 395 Way: 1 Address: 0x27d4c62d0
  Set: 395 Way: 2 Address: 0x3dae662c0
  Set: 399 Way: 0 Address: 0x3dae663d6
  Set: 400 Way: 0 Address: 0x3dae66400
  Set: 404 Way: 0 Address: 0x3dae66536
  Set: 405 Way: 0 Address: 0x3dae66540
  Set: 406 Way: 0 Address: 0x3dae66582
  Set: 410 Way: 0 Address: 0x3dae66696
  Set: 411 Way: 0 Address: 0x3dae666ca
  Set: 415 Way: 0 Address: 0x3dae667f6
  Set: 416 Way: 0 Address: 0x3dae66800
  Set: 417 Way: 0 Address: 0x3dae66840
  Set: 421 Way: 0 Address: 0x3dae66956
  Set: 422 Way: 0 Address: 0x3dae6698a
  Set: 426 Way: 0 Address: 0x3dae66ab6
  Set: 427 Way: 0 Address: 0x3dae66ac0
  Set: 428 Way: 0 Address: 0x3dae66b00
  Set: 432 Way: 0 Address: 0x3dae66c16
  Set: 433 Way: 0 Address: 0x3dae66c4a
  Set: 437 Way: 0 Address: 0x3dae66d76
  Set: 438 Way: 0 Address: 0x3dae66d80
  Set: 439 Way: 0 Address: 0x3dae66dc0
  Set: 443 Way: 0 Address: 0x3dae66ed6
  Set: 444 Way: 0 Address: 0x3dae66f0a
  Set: 458 Way: 0 Address: 0xbeea72b0
  Set: 578 Way: 0 Address: 0x2ee3690a8
  Set: 578 Way: 1 Address: 0x2fa0c9096
  Set: 579 Way: 0 Address: 0x2fa0c90c0
  Set: 583 Way: 0 Address: 0x2fa0c91f6
  Set: 584 Way: 0 Address: 0x2fa0c9200
  Set: 585 Way: 0 Address: 0x2fa0c9240
  Set: 589 Way: 0 Address: 0x2fa0c9356
  Set: 590 Way: 0 Address: 0x2fa0c9380
  Set: 594 Way: 0 Address: 0x2fa0c94b6
  Set: 595 Way: 0 Address: 0x2fa0c94c0
  Set: 596 Way: 0 Address: 0x2fa0c9500
  Set: 600 Way: 0 Address: 0x2fa0c9616
  Set: 601 Way: 0 Address: 0x2fa0c9640
  Set: 605 Way: 0 Address: 0x2fa0c9776
  Set: 606 Way: 0 Address: 0x2fa0c9780
  Set: 607 Way: 0 Address: 0x2fa0c97c0
  Set: 609 Way: 0 Address: 0x2c8749878
  Set: 611 Way: 0 Address: 0x2fa0c98d6
  Set: 612 Way: 0 Address: 0x2fa0c9900
  Set: 616 Way: 0 Address: 0x2fa0c9a36
  Set: 617 Way: 0 Address: 0x2fa0c9a40
  Set: 618 Way: 0 Address: 0x2fa0c9a80
  Set: 622 Way: 0 Address: 0x2fa0c9b96
  Set: 623 Way: 0 Address: 0x2fa0c9bc0
  Set: 627 Way: 0 Address: 0x2fa0c9cf6
  Set: 628 Way: 0 Address: 0x2fa0c9d00
  Set: 629 Way: 0 Address: 0x2fa0c9d40
  Set: 633 Way: 0 Address: 0x2fa0c9e56
  Set: 634 Way: 0 Address: 0x2fa0c9e80
  Set: 638 Way: 0 Address: 0x2fa0c9fb6
  Set: 639 Way: 0 Address: 0x2fa0c9fc0
  Set: 768 Way: 0 Address: 0x32f48c000
  Set: 769 Way: 0 Address: 0x32f48c040
  Set: 770 Way: 0 Address: 0x32f48c080
  Set: 771 Way: 0 Address: 0x32f48c0c0
  Set: 814 Way: 0 Address: 0x29484cb80
  Set: 857 Way: 0 Address: 0x5588d650
  Set: 906 Way: 0 Address: 0x1c084e298
  Set: 934 Way: 0 Address: 0x3734ee980
  Set: 940 Way: 0 Address: 0x3734eeb08
  Set: 957 Way: 0 Address: 0x2f5d8ef58
  Set: 958 Way: 0 Address: 0x2f5d8efbc
  Set: 959 Way: 0 Address: 0x2f5d8efe0
  Set: 960 Way: 0 Address: 0xee86f000
  Set: 960 Way: 1 Address: 0x16390f000
  Set: 961 Way: 0 Address: 0xee86f040
  Set: 962 Way: 0 Address: 0xee86f080
  Set: 963 Way: 0 Address: 0xee86f0c2
  Set: 964 Way: 0 Address: 0xee86f100
  Set: 965 Way: 0 Address: 0xee86f140
  Set: 966 Way: 0 Address: 0xee86f180
  Set: 967 Way: 0 Address: 0xee86f1fe
  Set: 971 Way: 0 Address: 0x23756f2c8
  Set: 978 Way: 0 Address: 0x22272f48c
  Set: 979 Way: 0 Address: 0x22272f4c0
  Set: 980 Way: 0 Address: 0x22272f500
  Set: 981 Way: 0 Address: 0x22272f540
  Set: 982 Way: 0 Address: 0x22272f580
  Set: 983 Way: 0 Address: 0x22272f5c0
  Set: 984 Way: 0 Address: 0x22272f600
  Set: 985 Way: 0 Address: 0x22272f640
  Set: 993 Way: 0 Address: 0x143ef868
  Set: 1021 Way: 0 Address: 0x16390ff5c
  Set: 1022 Way: 0 Address: 0x16390ff80
  Set: 1023 Way: 0 Address: 0x16390ffc0
  Set: 1033 Way: 0 Address: 0x2177f026c
  Set: 1034 Way: 0 Address: 0x2177f0280
  Set: 1035 Way: 0 Address: 0x2177f02c0
  Set: 1036 Way: 0 Address: 0x2177f0300
  Set: 1037 Way: 0 Address: 0x14bb1037c
  Set: 1037 Way: 1 Address: 0x2177f0340
  Set: 1038 Way: 0 Address: 0x14bb10380
  Set: 1038 Way: 1 Address: 0x2177f0380
  Set: 1039 Way: 0 Address: 0x14bb103c0
  Set: 1039 Way: 1 Address: 0x2177f03c0
  Set: 1040 Way: 0 Address: 0x14bb10400
  Set: 1040 Way: 1 Address: 0x2177f0400
  Set: 1041 Way: 0 Address: 0x14bb10440
  Set: 1042 Way: 0 Address: 0x14bb10480
  Set: 1043 Way: 0 Address: 0x14bb104c0
  Set: 1044 Way: 0 Address: 0x14bb10500
  Set: 1045 Way: 0 Address: 0x14bb10540
  Set: 1099 Way: 0 Address: 0x19c7912f0
  Set: 1153 Way: 0 Address: 0x9cff2078
  Set: 1158 Way: 0 Address: 0x1995f21a8
  Set: 1162 Way: 0 Address: 0x133c92290
  Set: 1217 Way: 0 Address: 0x263c13070
  Set: 1218 Way: 0 Address: 0x263c130a8
  Set: 1218 Way: 1 Address: 0x34a8730b6
  Set: 1219 Way: 0 Address: 0x34a8730c0
  Set: 1220 Way: 0 Address: 0x34a873100
  Set: 1224 Way: 0 Address: 0x34a873216
  Set: 1225 Way: 0 Address: 0x34a87324a
  Set: 1227 Way: 0 Address: 0x3232f32c0
  Set: 1227 Way: 1 Address: 0x2577132d8
  Set: 1229 Way: 0 Address: 0x34a873376
  Set: 1230 Way: 0 Address: 0x34a873380
  Set: 1231 Way: 0 Address: 0x34a8733c0
  Set: 1235 Way: 0 Address: 0x34a8734d8
  Set: 1236 Way: 0 Address: 0x34a87350a
  Set: 1240 Way: 0 Address: 0x34a873636
  Set: 1241 Way: 0 Address: 0x34a873642
  Set: 1242 Way: 0 Address: 0x34a873684
  Set: 1246 Way: 0 Address: 0x34a873796
  Set: 1247 Way: 0 Address: 0x34a8737ca
  Set: 1251 Way: 0 Address: 0x34a8738f8
  Set: 1252 Way: 0 Address: 0x34a873900
  Set: 1253 Way: 0 Address: 0x34a873940
  Set: 1254 Way: 0 Address: 0x2b2e93980
  Set: 1257 Way: 0 Address: 0x34a873a56
  Set: 1258 Way: 0 Address: 0x34a873a8c
  Set: 1262 Way: 0 Address: 0x34a873bb6
  Set: 1263 Way: 0 Address: 0x34a873bc2
  Set: 1264 Way: 0 Address: 0x34a873c00
  Set: 1291 Way: 0 Address: 0x3c10742f8
  Set: 1325 Way: 0 Address: 0x129934b70
  Set: 1344 Way: 0 Address: 0x195f15010
  Set: 1345 Way: 0 Address: 0x195f15070
  Set: 1354 Way: 0 Address: 0x354d35288
  Set: 1354 Way: 1 Address: 0x1b0f152b8
  Set: 1356 Way: 0 Address: 0x354d35308
  Set: 1408 Way: 0 Address: 0x84896038
  Set: 1409 Way: 0 Address: 0x84896040
  Set: 1410 Way: 0 Address: 0x84896080
  Set: 1411 Way: 0 Address: 0x848960c0
  Set: 1412 Way: 0 Address: 0x84896100
  Set: 1413 Way: 0 Address: 0x84896140
  Set: 1414 Way: 0 Address: 0x84896180
  Set: 1415 Way: 0 Address: 0x848961c0
  Set: 1416 Way: 0 Address: 0x84896200
  Set: 1417 Way: 0 Address: 0x211d16258
  Set: 1418 Way: 0 Address: 0x43736280
  Set: 1418 Way: 1 Address: 0x211d16280
  Set: 1419 Way: 0 Address: 0x437362e8
  Set: 1419 Way: 1 Address: 0x211d162c0
  Set: 1420 Way: 0 Address: 0x43736300
  Set: 1420 Way: 1 Address: 0x211d16300
  Set: 1421 Way: 0 Address: 0x211d16340
  Set: 1422 Way: 0 Address: 0x211d16380
  Set: 1423 Way: 0 Address: 0x211d163c0
  Set: 1424 Way: 0 Address: 0x211d16400
  Set: 1532 Way: 0 Address: 0x276ff7f28
  Set: 1533 Way: 0 Address: 0x276ff7f40
  Set: 1534 Way: 0 Address: 0x276ff7f80
  Set: 1535 Way: 0 Address: 0x276ff7fc0
  Set: 1536 Way: 0 Address: 0x2c9898036
  Set: 1537 Way: 0 Address: 0x2c9898040
  Set: 1538 Way: 0 Address: 0x2c9898086
  Set: 1542 Way: 0 Address: 0x2c9898196
  Set: 1543 Way: 0 Address: 0x2c98981d0
  Set: 1546 Way: 0 Address: 0x3bdd782a8
  Set: 1547 Way: 0 Address: 0x2c98982f6
  Set: 1548 Way: 0 Address: 0x2c9898300
  Set: 1549 Way: 0 Address: 0x2c9898344
  Set: 1553 Way: 0 Address: 0x2c9898458
  Set: 1554 Way: 0 Address: 0x2c989848a
  Set: 1558 Way: 0 Address: 0x2c98985b6
  Set: 1559 Way: 0 Address: 0x2c98985c2
  Set: 1560 Way: 0 Address: 0x2c9898600
  Set: 1564 Way: 0 Address: 0x2c9898716
  Set: 1565 Way: 0 Address: 0x2c989874a
  Set: 1566 Way: 0 Address: 0xc70787b0
  Set: 1567 Way: 0 Address: 0xc70787c0
  Set: 1568 Way: 0 Address: 0xc707883c
  Set: 1569 Way: 0 Address: 0xc707887c
  Set: 1569 Way: 1 Address: 0x2c9898876
  Set: 1570 Way: 0 Address: 0xc70788b8
  Set: 1570 Way: 1 Address: 0x2c9898880
  Set: 1571 Way: 0 Address: 0xc70788c0
  Set: 1571 Way: 1 Address: 0x2c98988c0
  Set: 1572 Way: 0 Address: 0xc707891c
  Set: 1573 Way: 0 Address: 0xc7078968
  Set: 1574 Way: 0 Address: 0xc7078984
  Set: 1575 Way: 0 Address: 0xc70789f0
  Set: 1575 Way: 1 Address: 0x2c98989d8
  Set: 1576 Way: 0 Address: 0xc7078a2c
  Set: 1576 Way: 1 Address: 0x2c9898a0a
  Set: 1577 Way: 0 Address: 0xc7078a70
  Set: 1578 Way: 0 Address: 0xc7078aa8
  Set: 1579 Way: 0 Address: 0xc7078ae4
  Set: 1580 Way: 0 Address: 0xc7078b24
  Set: 1580 Way: 1 Address: 0x2c9898b38
  Set: 1581 Way: 0 Address: 0xc7078b5c
  Set: 1581 Way: 1 Address: 0x2c9898b40
  Set: 1582 Way: 0 Address: 0xc7078bac
  Set: 1582 Way: 1 Address: 0x2c9898b80
  Set: 1583 Way: 0 Address: 0xc7078bcc
  Set: 1586 Way: 0 Address: 0x2c9898c96
  Set: 1587 Way: 0 Address: 0x2c9898cca
  Set: 1591 Way: 0 Address: 0x2c9898df6
  Set: 1592 Way: 0 Address: 0x2c9898e00
  Set: 1593 Way: 0 Address: 0x2c9898e44
  Set: 1597 Way: 0 Address: 0x2c9898f56
  Set: 1598 Way: 0 Address: 0x2c9898f8a
  Set: 1599 Way: 0 Address: 0x201598fe8
  Set: 1656 Way: 0 Address: 0x312099e1c
  Set: 1657 Way: 0 Address: 0x292959e4c
  Set: 1657 Way: 1 Address: 0x312099e40
  Set: 1658 Way: 0 Address: 0x292959e80
  Set: 1658 Way: 1 Address: 0x312099e80
  Set: 1659 Way: 0 Address: 0x292959ec0
  Set: 1659 Way: 1 Address: 0x312099ec0
  Set: 1660 Way: 0 Address: 0x292959f00
  Set: 1660 Way: 1 Address: 0x312099f00
  Set: 1661 Way: 0 Address: 0x292959f40
  Set: 1661 Way: 1 Address: 0x312099f40
  Set: 1662 Way: 0 Address: 0x292959f80
  Set: 1662 Way: 1 Address: 0x312099f80
  Set: 1663 Way: 0 Address: 0x292959fc0
  Set: 1663 Way: 1 Address: 0x312099fc0
  Set: 1664 Way: 0 Address: 0x229b9a000
  Set: 1664 Way: 1 Address: 0x223eda018
  Set: 1664 Way: 2 Address: 0xc67da000
  Set: 1665 Way: 0 Address: 0xc67da040
  Set: 1666 Way: 0 Address: 0xc67da080
  Set: 1667 Way: 0 Address: 0xc67da0c0
  Set: 1668 Way: 0 Address: 0xc67da100
  Set: 1695 Way: 0 Address: 0x1d89da7f8
  Set: 1740 Way: 0 Address: 0x394edb300
  Set: 1761 Way: 0 Address: 0x3b377b870
  Set: 1763 Way: 0 Address: 0xc0d9b8cc
  Set: 1764 Way: 0 Address: 0xc0d9b900
  Set: 1765 Way: 0 Address: 0xc0d9b940
  Set: 1766 Way: 0 Address: 0xc0d9b980
  Set: 1767 Way: 0 Address: 0xc0d9b9c0
  Set: 1768 Way: 0 Address: 0xc0d9ba00
  Set: 1769 Way: 0 Address: 0xc0d9ba40
  Set: 1770 Way: 0 Address: 0xc0d9ba80
  Set: 1771 Way: 0 Address: 0xcf83baec
  Set: 1772 Way: 0 Address: 0xcf83bb00
  Set: 1773 Way: 0 Address: 0xcf83bb40
  Set: 1774 Way: 0 Address: 0xcf83bb80
  Set: 1775 Way: 0 Address: 0xcf83bbc0
  Set: 1776 Way: 0 Address: 0xcf83bc00
  Set: 1777 Way: 0 Address: 0xcf83bc40
  Set: 1778 Way: 0 Address: 0xcf83bc80
  Set: 1792 Way: 0 Address: 0xdf85c000
  Set: 1803 Way: 0 Address: 0x38e35c2e8
  Set: 1827 Way: 0 Address: 0x12c6fc8d0
  Set: 1861 Way: 0 Address: 0x1add148
  Set: 1862 Way: 0 Address: 0x23755d1b0
  Set: 1862 Way: 1 Address: 0x1add180
  Set: 1863 Way: 0 Address: 0x1add1c0
  Set: 1864 Way: 0 Address: 0x1add200
  Set: 1865 Way: 0 Address: 0x1add240
  Set: 1866 Way: 0 Address: 0x1add280
  Set: 1867 Way: 0 Address: 0x1add2c0
  Set: 1868 Way: 0 Address: 0x1add300
  Set: 1920 Way: 0 Address: 0x28b67e000
  Set: 1934 Way: 0 Address: 0x1f919e390
  Set: 1935 Way: 0 Address: 0x1f919e3c0
  Set: 1936 Way: 0 Address: 0x1f919e405
  Set: 1937 Way: 0 Address: 0x1f919e446
  Set: 1938 Way: 0 Address: 0x1f919e482
  Set: 1939 Way: 0 Address: 0x1f919e4c1
  Set: 1940 Way: 0 Address: 0x1f919e501
  Set: 1941 Way: 0 Address: 0x1f919e547
  Set: 1942 Way: 0 Address: 0x2db79e59c
  Set: 1943 Way: 0 Address: 0x1f919e5c8
  Set: 1943 Way: 1 Address: 0x2db79e5c0
  Set: 1944 Way: 0 Address: 0x1f919e600
  Set: 1944 Way: 1 Address: 0x2db79e600
  Set: 1945 Way: 0 Address: 0x1f919e645
  Set: 1945 Way: 1 Address: 0x2db79e640
  Set: 1946 Way: 0 Address: 0x2db79e680
  Set: 1947 Way: 0 Address: 0x2db79e6c0
  Set: 1948 Way: 0 Address: 0x2db79e700
  Set: 1949 Way: 0 Address: 0x2db79e740
  Set: 1951 Way: 0 Address: 0x28b67e7f8
  Set: 1972 Way: 0 Address: 0x20597ed0c
  Set: 1973 Way: 0 Address: 0x20597ed40
  Set: 1974 Way: 0 Address: 0x20597ed80
  Set: 1975 Way: 0 Address: 0x20597edc0
  Set: 1976 Way: 0 Address: 0x20597ee00
  Set: 1977 Way: 0 Address: 0x20597ee40
  Set: 1978 Way: 0 Address: 0x20597ee80
  Set: 1979 Way: 0 Address: 0x20597eec0
EndCache
