Cache: cpu0_STLB
  Set: 20 Way: 0 Address: 0x1814394
  Set: 22 Way: 0 Address: 0x1796c04
  Set: 23 Way: 0 Address: 0x17974b8
  Set: 25 Way: 0 Address: 0x1799a5c
  Set: 31 Way: 0 Address: 0x499ff40
  Set: 37 Way: 0 Address: 0x1625eb0
  Set: 38 Way: 0 Address: 0x162676c
  Set: 42 Way: 0 Address: 0x4caa5f0
  Set: 43 Way: 0 Address: 0x13abb30
  Set: 44 Way: 0 Address: 0x13ac155
  Set: 45 Way: 0 Address: 0x49ad8a0
  Set: 46 Way: 0 Address: 0x4d2efc0
  Set: 47 Way: 0 Address: 0x4d2f80c
  Set: 48 Way: 0 Address: 0x4d302bc
  Set: 48 Way: 1 Address: 0x13b0e6c
  Set: 49 Way: 0 Address: 0x13b1008
  Set: 50 Way: 0 Address: 0x13b2095
  Set: 56 Way: 0 Address: 0x17b88fc
  Set: 59 Way: 0 Address: 0x4cbbdb4
  Set: 79 Way: 0 Address: 0x49cf814
  Set: 80 Way: 0 Address: 0x4a509a0
  Set: 83 Way: 0 Address: 0x1853ad8
  Set: 90 Way: 0 Address: 0x17da304
  Set: 90 Way: 1 Address: 0x705ad50
  Set: 93 Way: 0 Address: 0x16dd704
  Set: 93 Way: 1 Address: 0x49dd170
  Set: 95 Way: 0 Address: 0x16dfa54
  Set: 97 Way: 0 Address: 0x17e1800
  Set: 99 Way: 0 Address: 0x16e38f0
  Set: 102 Way: 0 Address: 0x176698c
  Set: 103 Way: 0 Address: 0x16e77b4
  Set: 103 Way: 1 Address: 0x17674c0
  Set: 106 Way: 0 Address: 0x4cea7b0
  Set: 109 Way: 0 Address: 0x17ed51c
  Set: 112 Way: 0 Address: 0x4cf04f0
  Set: 114 Way: 0 Address: 0x15f2450
  Set: 115 Way: 0 Address: 0x15f3c9b
  Set: 115 Way: 1 Address: 0x7ffe2a6734f0
EndCache
Cache: cpu0_L2C
  Set: 4 Way: 0 Address: 0x2177f0120
  Set: 19 Way: 0 Address: 0x28a9404f0
  Set: 48 Way: 0 Address: 0x6e620c04
  Set: 53 Way: 0 Address: 0x14bb10d58
  Set: 54 Way: 0 Address: 0x14bb10d80
  Set: 56 Way: 0 Address: 0x342b40e24
  Set: 57 Way: 0 Address: 0x342b40e6c
  Set: 58 Way: 0 Address: 0x342b40e82
  Set: 59 Way: 0 Address: 0x168ef0ee8
  Set: 59 Way: 1 Address: 0x342b40ec7
  Set: 60 Way: 0 Address: 0x342b40f07
  Set: 61 Way: 0 Address: 0x342b40f42
  Set: 62 Way: 0 Address: 0x342b40f80
  Set: 63 Way: 0 Address: 0x342b40fc3
  Set: 64 Way: 0 Address: 0x113201000
  Set: 68 Way: 0 Address: 0x2a4841130
  Set: 69 Way: 0 Address: 0x260091170
  Set: 87 Way: 0 Address: 0x19c7915d8
  Set: 91 Way: 0 Address: 0x2a48416e8
  Set: 92 Way: 0 Address: 0x2a4841738
  Set: 94 Way: 0 Address: 0xf6e817b4
  Set: 95 Way: 0 Address: 0xf6e817c8
  Set: 101 Way: 0 Address: 0x19c791978
  Set: 124 Way: 0 Address: 0x2a4841f08
  Set: 125 Way: 0 Address: 0x181c81f40
  Set: 128 Way: 0 Address: 0x1c84e2003
  Set: 129 Way: 0 Address: 0x9cff2048
  Set: 129 Way: 1 Address: 0x1c84e2044
  Set: 130 Way: 0 Address: 0x1c84e20ba
  Set: 131 Way: 0 Address: 0x1c84e20c2
  Set: 132 Way: 0 Address: 0x1c84e2101
  Set: 133 Way: 0 Address: 0x1c84e2155
  Set: 134 Way: 0 Address: 0x1c84e2183
  Set: 135 Way: 0 Address: 0x1c84e21c7
  Set: 136 Way: 0 Address: 0x1c84e2200
  Set: 137 Way: 0 Address: 0x1c84e2270
  Set: 138 Way: 0 Address: 0x1c84e2280
  Set: 139 Way: 0 Address: 0x1c84e22c2
  Set: 140 Way: 0 Address: 0x1c84e2301
  Set: 141 Way: 0 Address: 0x1c84e2343
  Set: 162 Way: 0 Address: 0x1995f288c
  Set: 163 Way: 0 Address: 0x1995f28f0
  Set: 169 Way: 0 Address: 0x6d0c2a54
  Set: 178 Way: 0 Address: 0x133c92cb0
  Set: 179 Way: 0 Address: 0x133c92cc8
  Set: 179 Way: 1 Address: 0x31be12cc8
  Set: 182 Way: 0 Address: 0x1064c2d80
  Set: 185 Way: 0 Address: 0x62d12e78
  Set: 192 Way: 0 Address: 0x257713008
  Set: 193 Way: 0 Address: 0x257713040
  Set: 194 Way: 0 Address: 0x257713080
  Set: 195 Way: 0 Address: 0x2577130c0
  Set: 196 Way: 0 Address: 0x3b0803128
  Set: 196 Way: 1 Address: 0x257713100
  Set: 197 Way: 0 Address: 0x257713140
  Set: 198 Way: 0 Address: 0x257713180
  Set: 199 Way: 0 Address: 0x3b08031c0
  Set: 199 Way: 1 Address: 0x2577131c0
  Set: 200 Way: 0 Address: 0x257713204
  Set: 201 Way: 0 Address: 0x257713242
  Set: 202 Way: 0 Address: 0x3232f32bc
  Set: 202 Way: 1 Address: 0x34a873280
  Set: 202 Way: 2 Address: 0x257713280
  Set: 203 Way: 0 Address: 0x3232f32c0
  Set: 203 Way: 1 Address: 0x2577132c0
  Set: 204 Way: 0 Address: 0x257713300
  Set: 205 Way: 0 Address: 0x257713340
  Set: 206 Way: 0 Address: 0x257713382
  Set: 207 Way: 0 Address: 0x2577133c1
  Set: 208 Way: 0 Address: 0x257713407
  Set: 209 Way: 0 Address: 0x257713444
  Set: 210 Way: 0 Address: 0x2b2e934b8
  Set: 210 Way: 1 Address: 0x257713480
  Set: 211 Way: 0 Address: 0x2577134c0
  Set: 212 Way: 0 Address: 0x257713504
  Set: 213 Way: 0 Address: 0x257713540
  Set: 214 Way: 0 Address: 0x257713580
  Set: 215 Way: 0 Address: 0x2577135c0
  Set: 216 Way: 0 Address: 0x257713601
  Set: 217 Way: 0 Address: 0x257713642
  Set: 218 Way: 0 Address: 0x257713680
  Set: 219 Way: 0 Address: 0x2577136c0
  Set: 220 Way: 0 Address: 0x257713700
  Set: 221 Way: 0 Address: 0x257713740
  Set: 222 Way: 0 Address: 0x257713780
  Set: 223 Way: 0 Address: 0x2577137c1
  Set: 224 Way: 0 Address: 0x257713807
  Set: 225 Way: 0 Address: 0x257713842
  Set: 226 Way: 0 Address: 0x257713880
  Set: 227 Way: 0 Address: 0x2577138c0
  Set: 228 Way: 0 Address: 0x257713902
  Set: 229 Way: 0 Address: 0x257713941
  Set: 230 Way: 0 Address: 0x257713980
  Set: 231 Way: 0 Address: 0x2577139c0
  Set: 232 Way: 0 Address: 0x257713a03
  Set: 233 Way: 0 Address: 0x257713a42
  Set: 234 Way: 0 Address: 0x257713a81
  Set: 235 Way: 0 Address: 0x257713ac0
  Set: 236 Way: 0 Address: 0x257713b00
  Set: 237 Way: 0 Address: 0x257713b40
  Set: 238 Way: 0 Address: 0x257713b80
  Set: 239 Way: 0 Address: 0x257713bc2
  Set: 240 Way: 0 Address: 0x257713c08
  Set: 241 Way: 0 Address: 0x257713c45
  Set: 242 Way: 0 Address: 0x257713c80
  Set: 243 Way: 0 Address: 0x257713cc0
  Set: 244 Way: 0 Address: 0x257713d02
  Set: 245 Way: 0 Address: 0x3c56b3d60
  Set: 245 Way: 1 Address: 0x257713d41
  Set: 246 Way: 0 Address: 0x257713d80
  Set: 247 Way: 0 Address: 0x257713dc0
  Set: 248 Way: 0 Address: 0x257713e01
  Set: 249 Way: 0 Address: 0x257713e42
  Set: 250 Way: 0 Address: 0x257713e81
  Set: 251 Way: 0 Address: 0x257713ec0
  Set: 252 Way: 0 Address: 0x257713f00
  Set: 253 Way: 0 Address: 0x257713f40
  Set: 254 Way: 0 Address: 0x257713f80
  Set: 255 Way: 0 Address: 0x257713fc3
  Set: 256 Way: 0 Address: 0x397bb4000
  Set: 257 Way: 0 Address: 0x3de4d4050
  Set: 259 Way: 0 Address: 0x397bb40c8
  Set: 260 Way: 0 Address: 0x397bb4100
  Set: 264 Way: 0 Address: 0x397bb4220
  Set: 265 Way: 0 Address: 0x397bb4242
  Set: 266 Way: 0 Address: 0x397bb4281
  Set: 267 Way: 0 Address: 0x397bb42c2
  Set: 268 Way: 0 Address: 0x397bb4301
  Set: 269 Way: 0 Address: 0x397bb4370
  Set: 270 Way: 0 Address: 0x397bb43a0
  Set: 272 Way: 0 Address: 0x397bb4435
  Set: 273 Way: 0 Address: 0x397bb4447
  Set: 274 Way: 0 Address: 0x397bb4481
  Set: 275 Way: 0 Address: 0x397bb44c1
  Set: 276 Way: 0 Address: 0x397bb4507
  Set: 277 Way: 0 Address: 0x397bb4541
  Set: 278 Way: 0 Address: 0x397bb4582
  Set: 279 Way: 0 Address: 0x397bb45c0
  Set: 280 Way: 0 Address: 0x397bb4603
  Set: 281 Way: 0 Address: 0x397bb4641
  Set: 282 Way: 0 Address: 0x397bb4681
  Set: 283 Way: 0 Address: 0x397bb46c4
  Set: 283 Way: 1 Address: 0x1299346e8
  Set: 284 Way: 0 Address: 0x397bb4703
  Set: 285 Way: 0 Address: 0x397bb476c
  Set: 286 Way: 0 Address: 0x397bb4780
  Set: 287 Way: 0 Address: 0x397bb47c1
  Set: 288 Way: 0 Address: 0x397bb4800
  Set: 293 Way: 0 Address: 0x6b744970
  Set: 298 Way: 0 Address: 0x3c1074aa8
  Set: 299 Way: 0 Address: 0x3c1074ad8
  Set: 300 Way: 0 Address: 0x3c1074b00
  Set: 315 Way: 0 Address: 0x1ab44ed0
  Set: 316 Way: 0 Address: 0xb8004f08
  Set: 323 Way: 0 Address: 0x34a0e50ec
  Set: 328 Way: 0 Address: 0x34a0e521c
  Set: 333 Way: 0 Address: 0x34a0e534c
  Set: 342 Way: 0 Address: 0x34a0e55ac
  Set: 347 Way: 0 Address: 0x34a0e56dc
  Set: 352 Way: 0 Address: 0x34a0e580c
  Set: 357 Way: 0 Address: 0x354d35950
  Set: 358 Way: 0 Address: 0x354d3598c
  Set: 358 Way: 1 Address: 0x2725859a0
  Set: 371 Way: 0 Address: 0x1b0f15cf8
  Set: 373 Way: 0 Address: 0x1b0f15d68
  Set: 374 Way: 0 Address: 0x57be5db4
  Set: 395 Way: 0 Address: 0x27d4c62d0
  Set: 403 Way: 0 Address: 0x211d164f0
  Set: 404 Way: 0 Address: 0x211d16500
  Set: 405 Way: 0 Address: 0x211d1655c
  Set: 406 Way: 0 Address: 0x211d1658c
  Set: 407 Way: 0 Address: 0x211d165c0
  Set: 408 Way: 0 Address: 0x211d16600
  Set: 409 Way: 0 Address: 0x211d16640
  Set: 410 Way: 0 Address: 0x211d16680
  Set: 411 Way: 0 Address: 0x437366f8
  Set: 411 Way: 1 Address: 0x211d166c0
  Set: 412 Way: 0 Address: 0x211d16720
  Set: 413 Way: 0 Address: 0x211d16750
  Set: 414 Way: 0 Address: 0x211d167b8
  Set: 415 Way: 0 Address: 0x211d167f0
  Set: 416 Way: 0 Address: 0x211d16810
  Set: 417 Way: 0 Address: 0x211d16870
  Set: 418 Way: 0 Address: 0x211d16890
  Set: 423 Way: 0 Address: 0x211d169c0
  Set: 425 Way: 0 Address: 0x211d16a40
  Set: 427 Way: 0 Address: 0x211d16ac0
  Set: 428 Way: 0 Address: 0x84896b38
  Set: 429 Way: 0 Address: 0x211d16b40
  Set: 434 Way: 0 Address: 0x84896cb0
  Set: 435 Way: 0 Address: 0x3d87a6cf8
  Set: 441 Way: 0 Address: 0x3d87a6e78
  Set: 443 Way: 0 Address: 0x84896ed0
  Set: 443 Way: 1 Address: 0x3d87a6ee8
  Set: 445 Way: 0 Address: 0x3dae66f68
  Set: 468 Way: 0 Address: 0x276ff751c
  Set: 469 Way: 0 Address: 0xbeea7550
  Set: 511 Way: 0 Address: 0x309887fc0
  Set: 513 Way: 0 Address: 0xc7078060
  Set: 516 Way: 0 Address: 0xc7078120
  Set: 535 Way: 0 Address: 0x2c98985f0
  Set: 540 Way: 0 Address: 0x201598738
  Set: 542 Way: 0 Address: 0x3bdd78780
  Set: 543 Way: 0 Address: 0x1aafb87f8
  Set: 550 Way: 0 Address: 0x3bdd78980
  Set: 580 Way: 0 Address: 0x292959128
  Set: 580 Way: 1 Address: 0x2c8749128
  Set: 605 Way: 0 Address: 0x2fa0c9750
  Set: 606 Way: 0 Address: 0x2fa0c9780
  Set: 613 Way: 0 Address: 0x2fa0c9978
  Set: 617 Way: 0 Address: 0xb84a9a5c
  Set: 620 Way: 0 Address: 0x292959b30
  Set: 626 Way: 0 Address: 0x292959cb8
  Set: 629 Way: 0 Address: 0x312099d50
  Set: 631 Way: 0 Address: 0x292959dc0
  Set: 634 Way: 0 Address: 0x2ee369eb0
  Set: 635 Way: 0 Address: 0x2ee369ee8
  Set: 636 Way: 0 Address: 0x2ee369f01
  Set: 637 Way: 0 Address: 0x292959f68
  Set: 637 Way: 1 Address: 0x2ee369f60
  Set: 638 Way: 0 Address: 0x2ee369f82
  Set: 639 Way: 0 Address: 0x2ee369fc0
  Set: 641 Way: 0 Address: 0x1d89da058
  Set: 669 Way: 0 Address: 0xc67da750
  Set: 702 Way: 0 Address: 0x223edaf98
  Set: 718 Way: 0 Address: 0x394edb398
  Set: 727 Way: 0 Address: 0x28420b5d8
  Set: 738 Way: 0 Address: 0xc0d9b8a0
  Set: 758 Way: 0 Address: 0xcf83bd90
  Set: 768 Way: 0 Address: 0xdf85c000
  Set: 785 Way: 0 Address: 0x32502c450
  Set: 786 Way: 0 Address: 0x32502c490
  Set: 787 Way: 0 Address: 0x32502c4c2
  Set: 788 Way: 0 Address: 0x32502c502
  Set: 789 Way: 0 Address: 0x32502c578
  Set: 790 Way: 0 Address: 0x32502c580
  Set: 791 Way: 0 Address: 0x32502c5e8
  Set: 792 Way: 0 Address: 0x32502c603
  Set: 793 Way: 0 Address: 0x32502c650
  Set: 794 Way: 0 Address: 0x32502c680
  Set: 798 Way: 0 Address: 0x32f48c7b0
  Set: 800 Way: 0 Address: 0x12c6fc800
  Set: 800 Way: 1 Address: 0x1ae2cc814
  Set: 812 Way: 0 Address: 0x38e35cb38
  Set: 815 Way: 0 Address: 0x29484cbe0
  Set: 818 Way: 0 Address: 0x29484cc9b
  Set: 819 Way: 0 Address: 0x29484ccfe
  Set: 823 Way: 0 Address: 0x38e35cdc0
  Set: 834 Way: 0 Address: 0x23755d0a0
  Set: 836 Way: 0 Address: 0x5588d104
  Set: 842 Way: 0 Address: 0x23755d298
  Set: 845 Way: 0 Address: 0xe51bd37c
  Set: 846 Way: 0 Address: 0xe51bd394
  Set: 850 Way: 0 Address: 0x5588d4b0
  Set: 851 Way: 0 Address: 0x5588d4c0
  Set: 858 Way: 0 Address: 0x5588d694
  Set: 862 Way: 0 Address: 0x5588d780
  Set: 867 Way: 0 Address: 0x1add8fc
  Set: 881 Way: 0 Address: 0x5588dc58
  Set: 890 Way: 0 Address: 0x15164de90
  Set: 895 Way: 0 Address: 0x15164dfc0
  Set: 896 Way: 0 Address: 0x28b67e000
  Set: 896 Way: 1 Address: 0x20597e005
  Set: 897 Way: 0 Address: 0x20597e040
  Set: 898 Way: 0 Address: 0x20597e095
  Set: 898 Way: 1 Address: 0x7d0ee0a0
  Set: 899 Way: 0 Address: 0x20597e0c2
  Set: 900 Way: 0 Address: 0x2db79e130
  Set: 900 Way: 1 Address: 0x20597e102
  Set: 901 Way: 0 Address: 0x20597e140
  Set: 902 Way: 0 Address: 0x20597e180
  Set: 903 Way: 0 Address: 0x2db79e1c0
  Set: 903 Way: 1 Address: 0x20597e1c8
  Set: 904 Way: 0 Address: 0x20597e201
  Set: 905 Way: 0 Address: 0x20597e242
  Set: 906 Way: 0 Address: 0x20597e280
  Set: 907 Way: 0 Address: 0x20597e2c1
  Set: 908 Way: 0 Address: 0x1c084e304
  Set: 908 Way: 1 Address: 0x20597e302
  Set: 909 Way: 0 Address: 0x20597e341
  Set: 910 Way: 0 Address: 0x20597e382
  Set: 911 Way: 0 Address: 0x20597e3c3
  Set: 912 Way: 0 Address: 0x20597e404
  Set: 913 Way: 0 Address: 0x20597e443
  Set: 914 Way: 0 Address: 0x20597e484
  Set: 916 Way: 0 Address: 0x20597e53b
  Set: 917 Way: 0 Address: 0x20597e543
  Set: 924 Way: 0 Address: 0x3734ee718
  Set: 927 Way: 0 Address: 0x28b67e7f8
  Set: 938 Way: 0 Address: 0x2f5d8ea98
  Set: 958 Way: 0 Address: 0x2c077ef90
  Set: 987 Way: 0 Address: 0x16390f6fc
  Set: 988 Way: 0 Address: 0x16390f704
  Set: 1004 Way: 0 Address: 0xee86fb30
  Set: 1004 Way: 1 Address: 0x22272fb30
  Set: 1005 Way: 0 Address: 0x22272fb41
  Set: 1006 Way: 0 Address: 0x22272fb82
  Set: 1007 Way: 0 Address: 0x22272fbc2
  Set: 1008 Way: 0 Address: 0x22272fc02
  Set: 1009 Way: 0 Address: 0x22272fc42
  Set: 1010 Way: 0 Address: 0x143efcb8
  Set: 1010 Way: 1 Address: 0x22272fc82
  Set: 1011 Way: 0 Address: 0x16390fcd8
  Set: 1011 Way: 1 Address: 0x22272fcc4
  Set: 1012 Way: 0 Address: 0x22272fd02
  Set: 1013 Way: 0 Address: 0x22272fd46
  Set: 1014 Way: 0 Address: 0x23756fd88
  Set: 1014 Way: 1 Address: 0x22272fd84
  Set: 1015 Way: 0 Address: 0x22272fdc1
  Set: 1016 Way: 0 Address: 0x22272fe00
  Set: 1017 Way: 0 Address: 0x22272fe45
  Set: 1018 Way: 0 Address: 0x22272fe81
  Set: 1019 Way: 0 Address: 0x22272fec2
  Set: 1020 Way: 0 Address: 0x22272ff00
  Set: 1021 Way: 0 Address: 0x22272ff40
  Set: 1022 Way: 0 Address: 0x16390ffb0
  Set: 1022 Way: 1 Address: 0x22272ff80
  Set: 1023 Way: 0 Address: 0x22272ffc1
EndCache
Cache: cpu0_L1I
  Set: 0 Way: 0 Address: 0x397bb4000
  Set: 0 Way: 1 Address: 0x257713008
  Set: 0 Way: 2 Address: 0x1c84e2003
  Set: 0 Way: 3 Address: 0x20597e03a
  Set: 1 Way: 0 Address: 0x1c84e2044
  Set: 1 Way: 1 Address: 0x257713040
  Set: 1 Way: 2 Address: 0x20597e070
  Set: 2 Way: 0 Address: 0x1c84e20ba
  Set: 2 Way: 1 Address: 0x20597e095
  Set: 2 Way: 2 Address: 0x257713080
  Set: 3 Way: 0 Address: 0x397bb40f6
  Set: 3 Way: 1 Address: 0x1c84e20c2
  Set: 3 Way: 2 Address: 0x20597e0c2
  Set: 3 Way: 3 Address: 0x2577130c5
  Set: 4 Way: 0 Address: 0x397bb4100
  Set: 4 Way: 1 Address: 0x1c84e2101
  Set: 4 Way: 2 Address: 0x20597e102
  Set: 4 Way: 3 Address: 0x257713102
  Set: 5 Way: 0 Address: 0x1c84e2155
  Set: 5 Way: 1 Address: 0x20597e140
  Set: 5 Way: 2 Address: 0x257713143
  Set: 6 Way: 0 Address: 0x1c84e2183
  Set: 6 Way: 1 Address: 0x20597e180
  Set: 6 Way: 2 Address: 0x257713181
  Set: 7 Way: 0 Address: 0x1c84e21f2
  Set: 7 Way: 1 Address: 0x20597e1c8
  Set: 7 Way: 2 Address: 0x2577131c3
  Set: 8 Way: 0 Address: 0x397bb4220
  Set: 8 Way: 1 Address: 0x20597e201
  Set: 8 Way: 2 Address: 0x1c84e221d
  Set: 8 Way: 3 Address: 0x257713204
  Set: 9 Way: 0 Address: 0x397bb4242
  Set: 9 Way: 1 Address: 0x1c84e2270
  Set: 9 Way: 2 Address: 0x20597e242
  Set: 9 Way: 3 Address: 0x257713242
  Set: 10 Way: 0 Address: 0x397bb4296
  Set: 10 Way: 1 Address: 0x1c84e2280
  Set: 10 Way: 2 Address: 0x20597e280
  Set: 10 Way: 3 Address: 0x257713283
  Set: 11 Way: 0 Address: 0x397bb42ef
  Set: 11 Way: 1 Address: 0x1c84e22c2
  Set: 11 Way: 2 Address: 0x20597e2c1
  Set: 11 Way: 3 Address: 0x2577132c5
  Set: 12 Way: 0 Address: 0x397bb4319
  Set: 12 Way: 1 Address: 0x1c84e2336
  Set: 12 Way: 2 Address: 0x20597e302
  Set: 12 Way: 3 Address: 0x257713302
  Set: 13 Way: 0 Address: 0x397bb4370
  Set: 13 Way: 1 Address: 0x1c84e2343
  Set: 13 Way: 2 Address: 0x20597e341
  Set: 13 Way: 3 Address: 0x257713342
  Set: 14 Way: 0 Address: 0x397bb43a0
  Set: 14 Way: 1 Address: 0x20597e382
  Set: 14 Way: 2 Address: 0x257713382
  Set: 15 Way: 0 Address: 0x20597e3c3
  Set: 15 Way: 1 Address: 0x2577133c1
  Set: 16 Way: 0 Address: 0x397bb4435
  Set: 16 Way: 1 Address: 0x20597e404
  Set: 16 Way: 2 Address: 0x257713407
  Set: 17 Way: 0 Address: 0x397bb446f
  Set: 17 Way: 1 Address: 0x20597e443
  Set: 17 Way: 2 Address: 0x32502c450
  Set: 17 Way: 3 Address: 0x257713444
  Set: 18 Way: 0 Address: 0x397bb44ae
  Set: 18 Way: 1 Address: 0x20597e484
  Set: 18 Way: 2 Address: 0x32502c490
  Set: 18 Way: 3 Address: 0x257713483
  Set: 19 Way: 0 Address: 0x397bb44dc
  Set: 19 Way: 1 Address: 0x32502c4ea
  Set: 19 Way: 2 Address: 0x2577134fd
  Set: 20 Way: 0 Address: 0x397bb4530
  Set: 20 Way: 1 Address: 0x20597e53b
  Set: 20 Way: 2 Address: 0x32502c532
  Set: 20 Way: 3 Address: 0x257713504
  Set: 21 Way: 0 Address: 0x397bb4564
  Set: 21 Way: 1 Address: 0x20597e543
  Set: 21 Way: 2 Address: 0x32502c578
  Set: 21 Way: 3 Address: 0x257713543
  Set: 22 Way: 0 Address: 0x397bb4582
  Set: 22 Way: 1 Address: 0x32502c580
  Set: 22 Way: 2 Address: 0x257713581
  Set: 23 Way: 0 Address: 0x397bb45fc
  Set: 23 Way: 1 Address: 0x32502c5e8
  Set: 23 Way: 2 Address: 0x2577135c2
  Set: 24 Way: 0 Address: 0x397bb4603
  Set: 24 Way: 1 Address: 0x32502c603
  Set: 24 Way: 2 Address: 0x25771363f
  Set: 25 Way: 0 Address: 0x397bb4641
  Set: 25 Way: 1 Address: 0x32502c650
  Set: 25 Way: 2 Address: 0x257713642
  Set: 26 Way: 0 Address: 0x397bb46b6
  Set: 26 Way: 1 Address: 0x32502c680
  Set: 26 Way: 2 Address: 0x257713683
  Set: 27 Way: 0 Address: 0x397bb46ec
  Set: 27 Way: 1 Address: 0x2577136c8
  Set: 28 Way: 0 Address: 0x397bb471b
  Set: 28 Way: 1 Address: 0x257713700
  Set: 29 Way: 0 Address: 0x397bb476c
  Set: 29 Way: 1 Address: 0x257713742
  Set: 30 Way: 0 Address: 0x397bb47a1
  Set: 30 Way: 1 Address: 0x257713786
  Set: 31 Way: 0 Address: 0x397bb47c1
  Set: 31 Way: 1 Address: 0x2577137ee
  Set: 32 Way: 0 Address: 0x397bb4800
  Set: 32 Way: 1 Address: 0x257713807
  Set: 33 Way: 0 Address: 0x257713842
  Set: 34 Way: 0 Address: 0x257713884
  Set: 35 Way: 0 Address: 0x2577138c6
  Set: 36 Way: 0 Address: 0x257713939
  Set: 37 Way: 0 Address: 0x257713941
  Set: 38 Way: 0 Address: 0x257713987
  Set: 39 Way: 0 Address: 0x2577139c4
  Set: 40 Way: 0 Address: 0x257713a03
  Set: 41 Way: 0 Address: 0x257713a79
  Set: 42 Way: 0 Address: 0x257713ab7
  Set: 43 Way: 0 Address: 0x257713ac5
  Set: 44 Way: 0 Address: 0x22272fb30
  Set: 44 Way: 1 Address: 0x257713b03
  Set: 45 Way: 0 Address: 0x22272fb79
  Set: 45 Way: 1 Address: 0x257713b46
  Set: 46 Way: 0 Address: 0x22272fb82
  Set: 46 Way: 1 Address: 0x257713b80
  Set: 47 Way: 0 Address: 0x29484cbe0
  Set: 47 Way: 1 Address: 0x22272fbc2
  Set: 47 Way: 2 Address: 0x257713bc2
  Set: 48 Way: 0 Address: 0x22272fc02
  Set: 48 Way: 1 Address: 0x257713c08
  Set: 49 Way: 0 Address: 0x22272fc42
  Set: 49 Way: 1 Address: 0x257713c45
  Set: 50 Way: 0 Address: 0x29484cc80
  Set: 50 Way: 1 Address: 0x22272fc82
  Set: 50 Way: 2 Address: 0x257713c80
  Set: 51 Way: 0 Address: 0x29484ccc3
  Set: 51 Way: 1 Address: 0x22272fcc4
  Set: 51 Way: 2 Address: 0x257713cfc
  Set: 52 Way: 0 Address: 0x22272fd02
  Set: 52 Way: 1 Address: 0x257713d3d
  Set: 53 Way: 0 Address: 0x22272fd46
  Set: 53 Way: 1 Address: 0x257713d41
  Set: 54 Way: 0 Address: 0x22272fd84
  Set: 54 Way: 1 Address: 0x257713d81
  Set: 55 Way: 0 Address: 0x22272fdc1
  Set: 55 Way: 1 Address: 0x257713dc4
  Set: 56 Way: 0 Address: 0x342b40e24
  Set: 56 Way: 1 Address: 0x22272fe00
  Set: 56 Way: 2 Address: 0x257713e2f
  Set: 57 Way: 0 Address: 0x342b40e6c
  Set: 57 Way: 1 Address: 0x22272fe6a
  Set: 57 Way: 2 Address: 0x257713e72
  Set: 58 Way: 0 Address: 0x2ee369eb0
  Set: 58 Way: 1 Address: 0x342b40e82
  Set: 58 Way: 2 Address: 0x22272fea6
  Set: 58 Way: 3 Address: 0x257713e81
  Set: 59 Way: 0 Address: 0x2ee369ee8
  Set: 59 Way: 1 Address: 0x342b40ec7
  Set: 59 Way: 2 Address: 0x22272fec2
  Set: 59 Way: 3 Address: 0x257713ec1
  Set: 60 Way: 0 Address: 0x2ee369f26
  Set: 60 Way: 1 Address: 0x342b40f07
  Set: 60 Way: 2 Address: 0x22272ff01
  Set: 60 Way: 3 Address: 0x257713f04
  Set: 61 Way: 0 Address: 0x2ee369f60
  Set: 61 Way: 1 Address: 0x342b40f66
  Set: 61 Way: 2 Address: 0x22272ff42
  Set: 61 Way: 3 Address: 0x257713f6f
  Set: 62 Way: 0 Address: 0x2ee369f9c
  Set: 62 Way: 1 Address: 0x342b40fa8
  Set: 62 Way: 2 Address: 0x22272ffae
  Set: 62 Way: 3 Address: 0x257713fb0
  Set: 63 Way: 0 Address: 0x2ee369fc0
  Set: 63 Way: 1 Address: 0x342b40fef
  Set: 63 Way: 2 Address: 0x22272ffc1
  Set: 63 Way: 3 Address: 0x257713fe3
EndCache
Cache: cpu0_L1D
  Set: 0 Way: 0 Address: 0xdf85c000
  Set: 0 Way: 1 Address: 0x28b67e000
  Set: 0 Way: 2 Address: 0x113201000
  Set: 1 Way: 0 Address: 0x1d89da058
  Set: 1 Way: 1 Address: 0x3de4d4050
  Set: 1 Way: 2 Address: 0x9cff2048
  Set: 1 Way: 3 Address: 0xc7078060
  Set: 2 Way: 0 Address: 0x23755d0a0
  Set: 2 Way: 1 Address: 0x7d0ee0a0
  Set: 3 Way: 0 Address: 0x34a0e50ec
  Set: 4 Way: 0 Address: 0x2a4841130
  Set: 4 Way: 1 Address: 0x292959128
  Set: 4 Way: 2 Address: 0xc7078130
  Set: 4 Way: 3 Address: 0x2db79e130
  Set: 4 Way: 4 Address: 0x2177f0120
  Set: 4 Way: 5 Address: 0x5588d104
  Set: 4 Way: 6 Address: 0x3b0803128
  Set: 4 Way: 7 Address: 0x2c8749128
  Set: 5 Way: 0 Address: 0x260091170
  Set: 7 Way: 0 Address: 0x2db79e1c0
  Set: 7 Way: 1 Address: 0x3b08031c0
  Set: 8 Way: 0 Address: 0x34a0e521c
  Set: 10 Way: 0 Address: 0x23755d298
  Set: 10 Way: 1 Address: 0x3232f32bc
  Set: 10 Way: 2 Address: 0x34a873280
  Set: 11 Way: 0 Address: 0x27d4c62d0
  Set: 11 Way: 1 Address: 0x3232f32c0
  Set: 12 Way: 0 Address: 0x1c084e304
  Set: 13 Way: 0 Address: 0x34a0e534c
  Set: 13 Way: 1 Address: 0xe51bd37c
  Set: 14 Way: 0 Address: 0x394edb398
  Set: 14 Way: 1 Address: 0xe51bd38c
  Set: 18 Way: 0 Address: 0x2b2e934b8
  Set: 18 Way: 1 Address: 0x5588d4b0
  Set: 19 Way: 0 Address: 0x211d164f0
  Set: 19 Way: 1 Address: 0x5588d4c0
  Set: 19 Way: 2 Address: 0x28a9404f0
  Set: 20 Way: 0 Address: 0x276ff751c
  Set: 20 Way: 1 Address: 0x211d16528
  Set: 21 Way: 0 Address: 0x211d1655c
  Set: 21 Way: 1 Address: 0xbeea7550
  Set: 22 Way: 0 Address: 0x211d16598
  Set: 22 Way: 1 Address: 0x34a0e55ac
  Set: 23 Way: 0 Address: 0x2c98985f0
  Set: 23 Way: 1 Address: 0x211d165d0
  Set: 23 Way: 2 Address: 0x19c7915d8
  Set: 23 Way: 3 Address: 0x28420b5d8
  Set: 24 Way: 0 Address: 0x211d16600
  Set: 25 Way: 0 Address: 0x211d16640
  Set: 26 Way: 0 Address: 0x211d16680
  Set: 26 Way: 1 Address: 0x5588d694
  Set: 27 Way: 0 Address: 0x2a48416e8
  Set: 27 Way: 1 Address: 0x1299346e8
  Set: 27 Way: 2 Address: 0x437366f8
  Set: 27 Way: 3 Address: 0x211d166c0
  Set: 27 Way: 4 Address: 0x16390f6fc
  Set: 27 Way: 5 Address: 0x34a0e56dc
  Set: 28 Way: 0 Address: 0x2a4841738
  Set: 28 Way: 1 Address: 0x201598738
  Set: 28 Way: 2 Address: 0x3734ee718
  Set: 28 Way: 3 Address: 0x16390f704
  Set: 28 Way: 4 Address: 0x211d16720
  Set: 29 Way: 0 Address: 0x211d16750
  Set: 29 Way: 1 Address: 0x2fa0c9750
  Set: 29 Way: 2 Address: 0xc67da750
  Set: 30 Way: 0 Address: 0xf6e817b8
  Set: 30 Way: 1 Address: 0x211d167b8
  Set: 30 Way: 2 Address: 0x3bdd78780
  Set: 30 Way: 3 Address: 0x2fa0c9780
  Set: 30 Way: 4 Address: 0x32f48c7b0
  Set: 30 Way: 5 Address: 0x5588d780
  Set: 31 Way: 0 Address: 0x28b67e7f8
  Set: 31 Way: 1 Address: 0x1aafb87f8
  Set: 31 Way: 2 Address: 0xf6e817c8
  Set: 31 Way: 3 Address: 0x211d167f0
  Set: 32 Way: 0 Address: 0x12c6fc800
  Set: 32 Way: 1 Address: 0x211d16810
  Set: 32 Way: 2 Address: 0x34a0e580c
  Set: 32 Way: 3 Address: 0x1ae2cc814
  Set: 33 Way: 0 Address: 0x211d16868
  Set: 34 Way: 0 Address: 0x1995f288c
  Set: 34 Way: 1 Address: 0xc0d9b8a0
  Set: 34 Way: 2 Address: 0x211d16890
  Set: 35 Way: 0 Address: 0x1995f28f0
  Set: 35 Way: 1 Address: 0x1add8fc
  Set: 37 Way: 0 Address: 0x354d35950
  Set: 37 Way: 1 Address: 0x2fa0c9978
  Set: 37 Way: 2 Address: 0x19c791978
  Set: 37 Way: 3 Address: 0x6b744970
  Set: 38 Way: 0 Address: 0x354d3598c
  Set: 38 Way: 1 Address: 0x3bdd78980
  Set: 38 Way: 2 Address: 0x2725859a0
  Set: 39 Way: 0 Address: 0x211d169c0
  Set: 41 Way: 0 Address: 0x6d0c2a54
  Set: 41 Way: 1 Address: 0x211d16a40
  Set: 41 Way: 2 Address: 0xb84a9a5c
  Set: 42 Way: 0 Address: 0x2f5d8ea98
  Set: 42 Way: 1 Address: 0x3c1074ab0
  Set: 43 Way: 0 Address: 0x3c1074afc
  Set: 43 Way: 1 Address: 0x211d16ac0
  Set: 44 Way: 0 Address: 0x292959b30
  Set: 44 Way: 1 Address: 0xee86fb30
  Set: 44 Way: 2 Address: 0x3c1074b00
  Set: 44 Way: 3 Address: 0x38e35cb38
  Set: 44 Way: 4 Address: 0x84896b38
  Set: 45 Way: 0 Address: 0x211d16b40
  Set: 48 Way: 0 Address: 0x6e620c04
  Set: 49 Way: 0 Address: 0x5588dc58
  Set: 50 Way: 0 Address: 0x292959cb8
  Set: 50 Way: 1 Address: 0x143efcb8
  Set: 50 Way: 2 Address: 0x84896cb0
  Set: 50 Way: 3 Address: 0x133c92cb0
  Set: 51 Way: 0 Address: 0x1b0f15cf8
  Set: 51 Way: 1 Address: 0x3d87a6cf8
  Set: 51 Way: 2 Address: 0x133c92cc8
  Set: 51 Way: 3 Address: 0x31be12cc8
  Set: 51 Way: 4 Address: 0x16390fcd8
  Set: 53 Way: 0 Address: 0x3c56b3d60
  Set: 53 Way: 1 Address: 0x14bb10d58
  Set: 53 Way: 2 Address: 0x1b0f15d68
  Set: 53 Way: 3 Address: 0x312099d50
  Set: 54 Way: 0 Address: 0x14bb10d80
  Set: 54 Way: 1 Address: 0x1064c2d80
  Set: 54 Way: 2 Address: 0x23756fd88
  Set: 54 Way: 3 Address: 0xcf83bd90
  Set: 54 Way: 4 Address: 0x57be5db4
  Set: 55 Way: 0 Address: 0x292959dc0
  Set: 55 Way: 1 Address: 0x38e35cdc0
  Set: 57 Way: 0 Address: 0x3d87a6e78
  Set: 57 Way: 1 Address: 0x62d12e78
  Set: 58 Way: 0 Address: 0x15164de90
  Set: 59 Way: 0 Address: 0x84896ed0
  Set: 59 Way: 1 Address: 0x1ab44ed0
  Set: 59 Way: 2 Address: 0x3d87a6ee8
  Set: 59 Way: 3 Address: 0x168ef0ee8
  Set: 60 Way: 0 Address: 0x2a4841f08
  Set: 60 Way: 1 Address: 0xb8004f08
  Set: 61 Way: 0 Address: 0x292959f68
  Set: 61 Way: 1 Address: 0x3dae66f68
  Set: 61 Way: 2 Address: 0x181c81f40
  Set: 62 Way: 0 Address: 0x223edaf98
  Set: 62 Way: 1 Address: 0x16390ffb0
  Set: 62 Way: 2 Address: 0x2c077ef90
  Set: 63 Way: 0 Address: 0x309887fc0
  Set: 63 Way: 1 Address: 0x15164dfc0
EndCache
Cache: cpu0_ITLB
  Set: 0 Way: 0 Address: 0x13b0e6c
  Set: 1 Way: 0 Address: 0x13b1008
  Set: 2 Way: 0 Address: 0x13b2095
  Set: 2 Way: 1 Address: 0x15f2450
  Set: 3 Way: 0 Address: 0x15f3cc3
  Set: 5 Way: 0 Address: 0x1625fc0
  Set: 6 Way: 0 Address: 0x16267a1
  Set: 11 Way: 0 Address: 0x13abb79
  Set: 12 Way: 0 Address: 0x13ac155
EndCache
Cache: cpu0_DTLB
  Set: 0 Way: 0 Address: 0x4d302bc
  Set: 0 Way: 1 Address: 0x4a509a0
  Set: 0 Way: 2 Address: 0x4cf04f0
  Set: 1 Way: 0 Address: 0x17e1800
  Set: 3 Way: 0 Address: 0x16e388c
  Set: 3 Way: 1 Address: 0x1853aa8
  Set: 3 Way: 2 Address: 0x7ffe2a67355c
  Set: 4 Way: 0 Address: 0x181438c
  Set: 6 Way: 0 Address: 0x1766950
  Set: 6 Way: 1 Address: 0x1796c04
  Set: 7 Way: 0 Address: 0x16e77b8
  Set: 7 Way: 1 Address: 0x17974b8
  Set: 7 Way: 2 Address: 0x17674c0
  Set: 8 Way: 0 Address: 0x17b88fc
  Set: 9 Way: 0 Address: 0x1799a5c
  Set: 10 Way: 0 Address: 0x17da304
  Set: 10 Way: 1 Address: 0x4caa5f0
  Set: 10 Way: 2 Address: 0x705ad50
  Set: 10 Way: 3 Address: 0x4cea7b0
  Set: 11 Way: 0 Address: 0x4cbbdb4
  Set: 13 Way: 0 Address: 0x16dd704
  Set: 13 Way: 1 Address: 0x17ed51c
  Set: 13 Way: 2 Address: 0x49ad8a0
  Set: 13 Way: 3 Address: 0x49dd170
  Set: 14 Way: 0 Address: 0x4d2ee90
  Set: 15 Way: 0 Address: 0x16dfa54
  Set: 15 Way: 1 Address: 0x499ff40
  Set: 15 Way: 2 Address: 0x4d2f5ac
  Set: 15 Way: 3 Address: 0x49cf814
EndCache
Cache: LLC
  Set: 19 Way: 0 Address: 0x28a9404f0
  Set: 48 Way: 0 Address: 0x6e620c04
  Set: 56 Way: 0 Address: 0x342b40e24
  Set: 57 Way: 0 Address: 0x342b40e6c
  Set: 58 Way: 0 Address: 0x342b40e82
  Set: 59 Way: 0 Address: 0x342b40ec0
  Set: 60 Way: 0 Address: 0x342b40f07
  Set: 61 Way: 0 Address: 0x342b40f42
  Set: 62 Way: 0 Address: 0x342b40f80
  Set: 63 Way: 0 Address: 0x342b40fc3
  Set: 64 Way: 0 Address: 0x113201000
  Set: 68 Way: 0 Address: 0x2a4841130
  Set: 91 Way: 0 Address: 0x2a48416e8
  Set: 92 Way: 0 Address: 0x2a4841738
  Set: 94 Way: 0 Address: 0xf6e817b4
  Set: 95 Way: 0 Address: 0xf6e817c8
  Set: 124 Way: 0 Address: 0x2a4841f08
  Set: 125 Way: 0 Address: 0x181c81f40
  Set: 128 Way: 0 Address: 0x1c84e2003
  Set: 129 Way: 0 Address: 0x1c84e2044
  Set: 130 Way: 0 Address: 0x1c84e20ba
  Set: 131 Way: 0 Address: 0x1c84e20c2
  Set: 132 Way: 0 Address: 0x1c84e2101
  Set: 133 Way: 0 Address: 0x1c84e2155
  Set: 134 Way: 0 Address: 0x1c84e2183
  Set: 135 Way: 0 Address: 0x1c84e21c7
  Set: 136 Way: 0 Address: 0x1c84e2200
  Set: 137 Way: 0 Address: 0x1c84e2270
  Set: 138 Way: 0 Address: 0x1c84e2280
  Set: 139 Way: 0 Address: 0x1c84e22c2
  Set: 140 Way: 0 Address: 0x1c84e2301
  Set: 141 Way: 0 Address: 0x1c84e2343
  Set: 169 Way: 0 Address: 0x6d0c2a54
  Set: 182 Way: 0 Address: 0x1064c2d80
  Set: 196 Way: 0 Address: 0x3b0803128
  Set: 199 Way: 0 Address: 0x3b08031c0
  Set: 293 Way: 0 Address: 0x6b744970
  Set: 315 Way: 0 Address: 0x1ab44ed0
  Set: 316 Way: 0 Address: 0xb8004f08
  Set: 323 Way: 0 Address: 0x34a0e50ec
  Set: 328 Way: 0 Address: 0x34a0e521c
  Set: 333 Way: 0 Address: 0x34a0e534c
  Set: 342 Way: 0 Address: 0x34a0e55ac
  Set: 347 Way: 0 Address: 0x34a0e56dc
  Set: 352 Way: 0 Address: 0x34a0e580c
  Set: 358 Way: 0 Address: 0x2725859a0
  Set: 374 Way: 0 Address: 0x57be5db4
  Set: 395 Way: 0 Address: 0x27d4c62d0
  Set: 435 Way: 0 Address: 0x3d87a6cf8
  Set: 441 Way: 0 Address: 0x3d87a6e78
  Set: 443 Way: 0 Address: 0x3d87a6ee8
  Set: 445 Way: 0 Address: 0x3dae66f68
  Set: 469 Way: 0 Address: 0xbeea7550
  Set: 511 Way: 0 Address: 0x309887fc0
  Set: 580 Way: 0 Address: 0x2c8749128
  Set: 605 Way: 0 Address: 0x2fa0c9750
  Set: 606 Way: 0 Address: 0x2fa0c9780
  Set: 613 Way: 0 Address: 0x2fa0c9978
  Set: 617 Way: 0 Address: 0xb84a9a5c
  Set: 634 Way: 0 Address: 0x2ee369eb0
  Set: 635 Way: 0 Address: 0x2ee369ee8
  Set: 636 Way: 0 Address: 0x2ee369f01
  Set: 637 Way: 0 Address: 0x2ee369f60
  Set: 638 Way: 0 Address: 0x2ee369f82
  Set: 639 Way: 0 Address: 0x2ee369fc0
  Set: 727 Way: 0 Address: 0x28420b5d8
  Set: 785 Way: 0 Address: 0x32502c450
  Set: 786 Way: 0 Address: 0x32502c490
  Set: 787 Way: 0 Address: 0x32502c4c0
  Set: 788 Way: 0 Address: 0x32502c502
  Set: 789 Way: 0 Address: 0x32502c578
  Set: 790 Way: 0 Address: 0x32502c580
  Set: 791 Way: 0 Address: 0x32502c5e8
  Set: 792 Way: 0 Address: 0x32502c600
  Set: 793 Way: 0 Address: 0x32502c650
  Set: 794 Way: 0 Address: 0x32502c680
  Set: 798 Way: 0 Address: 0x32f48c7b0
  Set: 800 Way: 0 Address: 0x1ae2cc814
  Set: 815 Way: 0 Address: 0x29484cbe0
  Set: 818 Way: 0 Address: 0x29484cc9b
  Set: 819 Way: 0 Address: 0x29484ccfe
  Set: 836 Way: 0 Address: 0x5588d104
  Set: 850 Way: 0 Address: 0x5588d4b0
  Set: 851 Way: 0 Address: 0x5588d4c0
  Set: 858 Way: 0 Address: 0x5588d694
  Set: 862 Way: 0 Address: 0x5588d780
  Set: 881 Way: 0 Address: 0x5588dc58
  Set: 890 Way: 0 Address: 0x15164de90
  Set: 895 Way: 0 Address: 0x15164dfc0
  Set: 898 Way: 0 Address: 0x7d0ee0a0
  Set: 908 Way: 0 Address: 0x1c084e304
  Set: 924 Way: 0 Address: 0x3734ee718
  Set: 938 Way: 0 Address: 0x2f5d8ea98
  Set: 987 Way: 0 Address: 0x16390f6fc
  Set: 988 Way: 0 Address: 0x16390f704
  Set: 1004 Way: 0 Address: 0xee86fb30
  Set: 1004 Way: 1 Address: 0x22272fb30
  Set: 1005 Way: 0 Address: 0x22272fb41
  Set: 1006 Way: 0 Address: 0x22272fb82
  Set: 1007 Way: 0 Address: 0x22272fbc2
  Set: 1008 Way: 0 Address: 0x22272fc00
  Set: 1009 Way: 0 Address: 0x22272fc40
  Set: 1010 Way: 0 Address: 0x143efcb8
  Set: 1010 Way: 1 Address: 0x22272fc80
  Set: 1011 Way: 0 Address: 0x16390fcd8
  Set: 1011 Way: 1 Address: 0x22272fcc0
  Set: 1012 Way: 0 Address: 0x22272fd02
  Set: 1013 Way: 0 Address: 0x22272fd40
  Set: 1014 Way: 0 Address: 0x23756fd88
  Set: 1014 Way: 1 Address: 0x22272fd84
  Set: 1015 Way: 0 Address: 0x22272fdc1
  Set: 1016 Way: 0 Address: 0x22272fe00
  Set: 1017 Way: 0 Address: 0x22272fe40
  Set: 1018 Way: 0 Address: 0x22272fe81
  Set: 1019 Way: 0 Address: 0x22272fec2
  Set: 1020 Way: 0 Address: 0x22272ff00
  Set: 1021 Way: 0 Address: 0x22272ff40
  Set: 1022 Way: 0 Address: 0x16390ffb0
  Set: 1022 Way: 1 Address: 0x22272ff80
  Set: 1023 Way: 0 Address: 0x22272ffc1
  Set: 1028 Way: 0 Address: 0x2177f0120
  Set: 1077 Way: 0 Address: 0x14bb10d58
  Set: 1078 Way: 0 Address: 0x14bb10d80
  Set: 1083 Way: 0 Address: 0x168ef0ee8
  Set: 1093 Way: 0 Address: 0x260091170
  Set: 1111 Way: 0 Address: 0x19c7915d8
  Set: 1125 Way: 0 Address: 0x19c791978
  Set: 1153 Way: 0 Address: 0x9cff2048
  Set: 1186 Way: 0 Address: 0x1995f288c
  Set: 1187 Way: 0 Address: 0x1995f28f0
  Set: 1202 Way: 0 Address: 0x133c92cb0
  Set: 1203 Way: 0 Address: 0x133c92cc8
  Set: 1203 Way: 1 Address: 0x31be12cc8
  Set: 1209 Way: 0 Address: 0x62d12e78
  Set: 1216 Way: 0 Address: 0x257713008
  Set: 1217 Way: 0 Address: 0x257713040
  Set: 1218 Way: 0 Address: 0x257713080
  Set: 1219 Way: 0 Address: 0x2577130c0
  Set: 1220 Way: 0 Address: 0x257713100
  Set: 1221 Way: 0 Address: 0x257713140
  Set: 1222 Way: 0 Address: 0x257713180
  Set: 1223 Way: 0 Address: 0x2577131c0
  Set: 1224 Way: 0 Address: 0x257713200
  Set: 1225 Way: 0 Address: 0x257713240
  Set: 1226 Way: 0 Address: 0x3232f32bc
  Set: 1226 Way: 1 Address: 0x34a873280
  Set: 1226 Way: 2 Address: 0x257713280
  Set: 1227 Way: 0 Address: 0x3232f32c0
  Set: 1227 Way: 1 Address: 0x2577132c0
  Set: 1228 Way: 0 Address: 0x3232f3300
  Set: 1228 Way: 1 Address: 0x257713300
  Set: 1229 Way: 0 Address: 0x257713340
  Set: 1230 Way: 0 Address: 0x257713380
  Set: 1231 Way: 0 Address: 0x2577133c0
  Set: 1232 Way: 0 Address: 0x257713400
  Set: 1233 Way: 0 Address: 0x257713440
  Set: 1234 Way: 0 Address: 0x2b2e934b8
  Set: 1234 Way: 1 Address: 0x257713480
  Set: 1235 Way: 0 Address: 0x2577134c0
  Set: 1236 Way: 0 Address: 0x257713500
  Set: 1237 Way: 0 Address: 0x257713540
  Set: 1238 Way: 0 Address: 0x257713580
  Set: 1239 Way: 0 Address: 0x2577135c0
  Set: 1240 Way: 0 Address: 0x257713600
  Set: 1241 Way: 0 Address: 0x257713640
  Set: 1242 Way: 0 Address: 0x257713680
  Set: 1243 Way: 0 Address: 0x2577136c0
  Set: 1244 Way: 0 Address: 0x257713700
  Set: 1245 Way: 0 Address: 0x257713740
  Set: 1246 Way: 0 Address: 0x257713780
  Set: 1247 Way: 0 Address: 0x2577137c0
  Set: 1248 Way: 0 Address: 0x257713800
  Set: 1249 Way: 0 Address: 0x257713840
  Set: 1250 Way: 0 Address: 0x257713880
  Set: 1251 Way: 0 Address: 0x2577138c0
  Set: 1252 Way: 0 Address: 0x257713900
  Set: 1253 Way: 0 Address: 0x257713940
  Set: 1254 Way: 0 Address: 0x257713980
  Set: 1255 Way: 0 Address: 0x2577139c0
  Set: 1256 Way: 0 Address: 0x257713a00
  Set: 1257 Way: 0 Address: 0x257713a40
  Set: 1258 Way: 0 Address: 0x257713a80
  Set: 1259 Way: 0 Address: 0x257713ac0
  Set: 1260 Way: 0 Address: 0x257713b00
  Set: 1261 Way: 0 Address: 0x257713b40
  Set: 1262 Way: 0 Address: 0x257713b80
  Set: 1263 Way: 0 Address: 0x257713bc0
  Set: 1264 Way: 0 Address: 0x257713c00
  Set: 1265 Way: 0 Address: 0x257713c40
  Set: 1266 Way: 0 Address: 0x257713c80
  Set: 1267 Way: 0 Address: 0x257713cc0
  Set: 1268 Way: 0 Address: 0x257713d00
  Set: 1269 Way: 0 Address: 0x3c56b3d60
  Set: 1269 Way: 1 Address: 0x257713d40
  Set: 1270 Way: 0 Address: 0x257713d80
  Set: 1271 Way: 0 Address: 0x257713dc0
  Set: 1272 Way: 0 Address: 0x257713e00
  Set: 1273 Way: 0 Address: 0x257713e40
  Set: 1274 Way: 0 Address: 0x257713e80
  Set: 1275 Way: 0 Address: 0x257713ec0
  Set: 1276 Way: 0 Address: 0x257713f00
  Set: 1277 Way: 0 Address: 0x257713f40
  Set: 1278 Way: 0 Address: 0x257713f80
  Set: 1279 Way: 0 Address: 0x257713fc0
  Set: 1280 Way: 0 Address: 0x397bb4000
  Set: 1281 Way: 0 Address: 0x3de4d4050
  Set: 1283 Way: 0 Address: 0x397bb40c8
  Set: 1284 Way: 0 Address: 0x397bb4100
  Set: 1288 Way: 0 Address: 0x397bb4220
  Set: 1289 Way: 0 Address: 0x397bb4242
  Set: 1290 Way: 0 Address: 0x397bb4281
  Set: 1291 Way: 0 Address: 0x397bb42c2
  Set: 1292 Way: 0 Address: 0x397bb4301
  Set: 1293 Way: 0 Address: 0x397bb4370
  Set: 1294 Way: 0 Address: 0x397bb43a0
  Set: 1296 Way: 0 Address: 0x397bb4435
  Set: 1297 Way: 0 Address: 0x397bb4447
  Set: 1298 Way: 0 Address: 0x397bb4481
  Set: 1299 Way: 0 Address: 0x397bb44c1
  Set: 1300 Way: 0 Address: 0x397bb4507
  Set: 1301 Way: 0 Address: 0x397bb4541
  Set: 1302 Way: 0 Address: 0x397bb4582
  Set: 1303 Way: 0 Address: 0x397bb45c0
  Set: 1304 Way: 0 Address: 0x397bb4600
  Set: 1305 Way: 0 Address: 0x397bb4641
  Set: 1306 Way: 0 Address: 0x397bb4681
  Set: 1307 Way: 0 Address: 0x397bb46c4
  Set: 1307 Way: 1 Address: 0x1299346e8
  Set: 1308 Way: 0 Address: 0x397bb4703
  Set: 1309 Way: 0 Address: 0x397bb476c
  Set: 1310 Way: 0 Address: 0x397bb4780
  Set: 1311 Way: 0 Address: 0x397bb47c1
  Set: 1312 Way: 0 Address: 0x397bb4800
  Set: 1322 Way: 0 Address: 0x3c1074aa8
  Set: 1323 Way: 0 Address: 0x3c1074ad8
  Set: 1324 Way: 0 Address: 0x3c1074b00
  Set: 1381 Way: 0 Address: 0x354d35950
  Set: 1382 Way: 0 Address: 0x354d3598c
  Set: 1395 Way: 0 Address: 0x1b0f15cf8
  Set: 1397 Way: 0 Address: 0x1b0f15d68
  Set: 1427 Way: 0 Address: 0x211d164f0
  Set: 1428 Way: 0 Address: 0x211d16500
  Set: 1429 Way: 0 Address: 0x211d1655c
  Set: 1430 Way: 0 Address: 0x211d1658c
  Set: 1431 Way: 0 Address: 0x211d165c0
  Set: 1432 Way: 0 Address: 0x211d16600
  Set: 1433 Way: 0 Address: 0x211d16640
  Set: 1434 Way: 0 Address: 0x211d16680
  Set: 1435 Way: 0 Address: 0x437366f8
  Set: 1435 Way: 1 Address: 0x211d166c0
  Set: 1436 Way: 0 Address: 0x211d16720
  Set: 1437 Way: 0 Address: 0x211d16750
  Set: 1438 Way: 0 Address: 0x211d167b8
  Set: 1439 Way: 0 Address: 0x211d167f0
  Set: 1440 Way: 0 Address: 0x211d16810
  Set: 1441 Way: 0 Address: 0x211d16870
  Set: 1442 Way: 0 Address: 0x211d16890
  Set: 1447 Way: 0 Address: 0x211d169c0
  Set: 1449 Way: 0 Address: 0x211d16a40
  Set: 1451 Way: 0 Address: 0x211d16ac0
  Set: 1452 Way: 0 Address: 0x84896b38
  Set: 1453 Way: 0 Address: 0x211d16b40
  Set: 1458 Way: 0 Address: 0x84896cb0
  Set: 1467 Way: 0 Address: 0x84896ed0
  Set: 1492 Way: 0 Address: 0x276ff751c
  Set: 1537 Way: 0 Address: 0xc7078060
  Set: 1540 Way: 0 Address: 0xc7078120
  Set: 1559 Way: 0 Address: 0x2c98985f0
  Set: 1564 Way: 0 Address: 0x201598738
  Set: 1566 Way: 0 Address: 0x3bdd78780
  Set: 1567 Way: 0 Address: 0x1aafb87f8
  Set: 1574 Way: 0 Address: 0x3bdd78980
  Set: 1604 Way: 0 Address: 0x292959128
  Set: 1644 Way: 0 Address: 0x292959b30
  Set: 1650 Way: 0 Address: 0x292959cb8
  Set: 1653 Way: 0 Address: 0x312099d50
  Set: 1655 Way: 0 Address: 0x292959dc0
  Set: 1661 Way: 0 Address: 0x292959f68
  Set: 1665 Way: 0 Address: 0x1d89da058
  Set: 1693 Way: 0 Address: 0xc67da750
  Set: 1726 Way: 0 Address: 0x223edaf98
  Set: 1742 Way: 0 Address: 0x394edb398
  Set: 1762 Way: 0 Address: 0xc0d9b8a0
  Set: 1782 Way: 0 Address: 0xcf83bd90
  Set: 1792 Way: 0 Address: 0xdf85c000
  Set: 1824 Way: 0 Address: 0x12c6fc800
  Set: 1836 Way: 0 Address: 0x38e35cb38
  Set: 1847 Way: 0 Address: 0x38e35cdc0
  Set: 1858 Way: 0 Address: 0x23755d0a0
  Set: 1866 Way: 0 Address: 0x23755d298
  Set: 1869 Way: 0 Address: 0xe51bd37c
  Set: 1870 Way: 0 Address: 0xe51bd394
  Set: 1891 Way: 0 Address: 0x1add8fc
  Set: 1920 Way: 0 Address: 0x28b67e000
  Set: 1920 Way: 1 Address: 0x20597e005
  Set: 1921 Way: 0 Address: 0x20597e040
  Set: 1922 Way: 0 Address: 0x20597e095
  Set: 1923 Way: 0 Address: 0x20597e0c2
  Set: 1924 Way: 0 Address: 0x2db79e130
  Set: 1924 Way: 1 Address: 0x20597e100
  Set: 1925 Way: 0 Address: 0x20597e140
  Set: 1926 Way: 0 Address: 0x20597e180
  Set: 1927 Way: 0 Address: 0x2db79e1c0
  Set: 1927 Way: 1 Address: 0x20597e1c0
  Set: 1928 Way: 0 Address: 0x20597e200
  Set: 1929 Way: 0 Address: 0x20597e240
  Set: 1930 Way: 0 Address: 0x20597e280
  Set: 1931 Way: 0 Address: 0x20597e2c0
  Set: 1932 Way: 0 Address: 0x20597e302
  Set: 1933 Way: 0 Address: 0x20597e340
  Set: 1934 Way: 0 Address: 0x20597e380
  Set: 1935 Way: 0 Address: 0x20597e3c0
  Set: 1936 Way: 0 Address: 0x20597e404
  Set: 1937 Way: 0 Address: 0x20597e440
  Set: 1938 Way: 0 Address: 0x20597e480
  Set: 1939 Way: 0 Address: 0x20597e4c0
  Set: 1940 Way: 0 Address: 0x20597e53b
  Set: 1941 Way: 0 Address: 0x20597e543
  Set: 1951 Way: 0 Address: 0x28b67e7f8
  Set: 1982 Way: 0 Address: 0x2c077ef90
EndCache
