Cache: cpu0_STLB
  Set: 0 Way: 0 Address: 0x7806e8
  Set: 0 Way: 1 Address: 0x400320
  Set: 2 Way: 0 Address: 0x402c78
  Set: 8 Way: 0 Address: 0x408f00
  Set: 9 Way: 0 Address: 0x409700
  Set: 11 Way: 0 Address: 0x40bd90
  Set: 12 Way: 0 Address: 0x40cf20
  Set: 13 Way: 0 Address: 0x40d178
  Set: 14 Way: 0 Address: 0x40ef30
  Set: 15 Way: 0 Address: 0x40f6b0
  Set: 17 Way: 0 Address: 0x411350
  Set: 18 Way: 0 Address: 0x4122c0
  Set: 21 Way: 0 Address: 0x415f60
  Set: 21 Way: 1 Address: 0x795b00
  Set: 22 Way: 0 Address: 0x41647f
  Set: 22 Way: 1 Address: 0x796e94
  Set: 29 Way: 0 Address: 0x41deb0
  Set: 30 Way: 0 Address: 0x7fda9759ea34
  Set: 31 Way: 0 Address: 0x51ff20
  Set: 31 Way: 1 Address: 0x7fda9759fde7
  Set: 31 Way: 2 Address: 0x7fda9769f2b8
  Set: 31 Way: 3 Address: 0x7fda9761f165
  Set: 32 Way: 0 Address: 0x520004
  Set: 32 Way: 1 Address: 0x7fda975a0432
  Set: 32 Way: 2 Address: 0x7fda976a08cf
  Set: 32 Way: 3 Address: 0x420950
  Set: 32 Way: 4 Address: 0x7fda97720015
  Set: 33 Way: 0 Address: 0x7fda976a1cfb
  Set: 33 Way: 1 Address: 0x421a90
  Set: 34 Way: 0 Address: 0x7fda975a2a76
  Set: 34 Way: 1 Address: 0x7fda97622470
  Set: 35 Way: 0 Address: 0x7fda975a3058
  Set: 35 Way: 1 Address: 0x7fda976a32ba
  Set: 35 Way: 2 Address: 0x7fda97723412
  Set: 36 Way: 0 Address: 0x7fda975a4955
  Set: 36 Way: 1 Address: 0x7fda976a4058
  Set: 36 Way: 2 Address: 0x4a4750
  Set: 37 Way: 0 Address: 0x4a5c10
  Set: 37 Way: 1 Address: 0x7fda976a5511
  Set: 38 Way: 0 Address: 0x7fda975a6211
  Set: 39 Way: 0 Address: 0x7fda975a795a
  Set: 39 Way: 1 Address: 0x4a7d60
  Set: 39 Way: 2 Address: 0x7fda976a7136
  Set: 40 Way: 0 Address: 0x7fda975a8136
  Set: 40 Way: 1 Address: 0x4a83e0
  Set: 40 Way: 2 Address: 0x7fda976a8279
  Set: 41 Way: 0 Address: 0x7fda976a9136
  Set: 42 Way: 0 Address: 0x7fda975aa7c2
  Set: 43 Way: 0 Address: 0x7fda976ab7c2
  Set: 43 Way: 1 Address: 0x7fda975ab381
  Set: 43 Way: 2 Address: 0x7fda9762b389
  Set: 43 Way: 3 Address: 0x7fda9772b748
  Set: 44 Way: 0 Address: 0x7fda975acbca
  Set: 44 Way: 1 Address: 0x7fda9772c3c9
  Set: 44 Way: 2 Address: 0x7fda976ac3c8
  Set: 45 Way: 0 Address: 0x52dd48
  Set: 45 Way: 1 Address: 0x7fda975adfca
  Set: 45 Way: 2 Address: 0x7fda976ad34a
  Set: 46 Way: 0 Address: 0x7fda976aec55
  Set: 47 Way: 0 Address: 0x7fda976af421
  Set: 48 Way: 0 Address: 0x7fda976b0824
  Set: 49 Way: 0 Address: 0x7fda976b1cd7
  Set: 51 Way: 0 Address: 0x1933620
  Set: 61 Way: 0 Address: 0x7fda975bdf84
  Set: 62 Way: 0 Address: 0x7fda975be250
  Set: 66 Way: 0 Address: 0x7fda97642450
  Set: 66 Way: 1 Address: 0x7fda975c2050
  Set: 67 Way: 0 Address: 0x7fda976c3414
  Set: 68 Way: 0 Address: 0x4c4a90
  Set: 68 Way: 1 Address: 0x7fda976c4621
  Set: 70 Way: 0 Address: 0x4c6c80
  Set: 70 Way: 1 Address: 0x7fda975c6060
  Set: 71 Way: 0 Address: 0x7fffd6147250
  Set: 71 Way: 1 Address: 0x7fda976c7060
  Set: 72 Way: 0 Address: 0x7fffd6148098
  Set: 73 Way: 0 Address: 0x7fffd6149628
  Set: 78 Way: 0 Address: 0x7fda976ced54
  Set: 87 Way: 0 Address: 0x7fda975d7155
  Set: 88 Way: 0 Address: 0x7fda976d8155
  Set: 94 Way: 0 Address: 0x7fda976dee14
  Set: 94 Way: 1 Address: 0x7fda975de190
  Set: 95 Way: 0 Address: 0x7fda975df560
  Set: 95 Way: 1 Address: 0x7fda976df921
  Set: 96 Way: 0 Address: 0x7fda975e0190
  Set: 96 Way: 1 Address: 0x7fda976e0560
  Set: 97 Way: 0 Address: 0x7fda976e1190
  Set: 99 Way: 0 Address: 0x19636f0
  Set: 99 Way: 1 Address: 0x7fda975e3425
  Set: 99 Way: 2 Address: 0x7fda97763421
  Set: 99 Way: 3 Address: 0x7fda9766314f
  Set: 100 Way: 0 Address: 0x7fda976e4465
  Set: 100 Way: 1 Address: 0x7fda977641cf
  Set: 109 Way: 0 Address: 0x7fda975edc20
  Set: 110 Way: 0 Address: 0x7fda976eed21
  Set: 118 Way: 0 Address: 0x18f6870
  Set: 118 Way: 1 Address: 0x776038
  Set: 120 Way: 0 Address: 0x7783a0
  Set: 121 Way: 0 Address: 0x18f91f8
  Set: 121 Way: 1 Address: 0x779778
  Set: 126 Way: 0 Address: 0x18fe690
  Set: 127 Way: 0 Address: 0x197fc48
EndCache
Cache: cpu0_L2C
  Set: 1 Way: 0 Address: 0x14bb10058
  Set: 1 Way: 1 Address: 0x168ef0058
  Set: 2 Way: 0 Address: 0x2177f0088
  Set: 4 Way: 0 Address: 0x29ab70110
  Set: 4 Way: 1 Address: 0x2cc960124
  Set: 5 Way: 0 Address: 0x2cc960165
  Set: 7 Way: 0 Address: 0x168ef01cf
  Set: 9 Way: 0 Address: 0x2cc960256
  Set: 13 Way: 0 Address: 0x13ed034a
  Set: 14 Way: 0 Address: 0xad430381
  Set: 15 Way: 0 Address: 0x13ed03cf
  Set: 16 Way: 0 Address: 0x168ef0414
  Set: 19 Way: 0 Address: 0x6e6204cf
  Set: 19 Way: 1 Address: 0x23cb404f8
  Set: 20 Way: 0 Address: 0x6e620510
  Set: 20 Way: 1 Address: 0x1f8ce0520
  Set: 20 Way: 2 Address: 0x23cb40538
  Set: 21 Way: 0 Address: 0x168ef0570
  Set: 27 Way: 0 Address: 0x342b406e8
  Set: 27 Way: 1 Address: 0x3c79b06c0
  Set: 28 Way: 0 Address: 0x3c79b0708
  Set: 29 Way: 0 Address: 0x13ed0748
  Set: 30 Way: 0 Address: 0x13ed0788
  Set: 31 Way: 0 Address: 0x13ed07ca
  Set: 36 Way: 0 Address: 0x2177f0900
  Set: 37 Way: 0 Address: 0x6e620955
  Set: 37 Way: 1 Address: 0x168ef0950
  Set: 44 Way: 0 Address: 0x29ab70b18
  Set: 46 Way: 0 Address: 0x13ed0b89
  Set: 47 Way: 0 Address: 0x13ed0bc9
  Set: 51 Way: 0 Address: 0x3442d0cd7
  Set: 53 Way: 0 Address: 0x3b57e0d58
  Set: 55 Way: 0 Address: 0x168ef0deb
  Set: 60 Way: 0 Address: 0x28a940f30
  Set: 61 Way: 0 Address: 0x28a940f41
  Set: 61 Way: 1 Address: 0x3b57e0f68
  Set: 62 Way: 0 Address: 0x28a940f83
  Set: 63 Way: 0 Address: 0x28a940fc0
  Set: 64 Way: 0 Address: 0x181c81010
  Set: 65 Way: 0 Address: 0x116e01060
  Set: 66 Way: 0 Address: 0x181c810a8
  Set: 66 Way: 1 Address: 0x260091090
  Set: 72 Way: 0 Address: 0x260091236
  Set: 74 Way: 0 Address: 0x2600912ba
  Set: 80 Way: 0 Address: 0x260091434
  Set: 80 Way: 1 Address: 0x116e01431
  Set: 85 Way: 0 Address: 0x106e61560
  Set: 89 Way: 0 Address: 0x260091665
  Set: 89 Way: 1 Address: 0xa601670
  Set: 90 Way: 0 Address: 0x26009168f
  Set: 93 Way: 0 Address: 0x19c791778
  Set: 98 Way: 0 Address: 0x260091890
  Set: 100 Way: 0 Address: 0xa601918
  Set: 101 Way: 0 Address: 0x260091976
  Set: 112 Way: 0 Address: 0x2ff2a1c38
  Set: 113 Way: 0 Address: 0x2ff2a1c55
  Set: 115 Way: 0 Address: 0x2ff2a1cd7
  Set: 120 Way: 0 Address: 0x2ff2a1e39
  Set: 127 Way: 0 Address: 0x2ff2a1fca
  Set: 128 Way: 0 Address: 0x9cff2010
  Set: 129 Way: 0 Address: 0x9cff2060
  Set: 129 Way: 1 Address: 0x1fd412078
  Set: 130 Way: 0 Address: 0x1c84e2090
  Set: 131 Way: 0 Address: 0x6d0c20e8
  Set: 131 Way: 1 Address: 0x133c920c8
  Set: 132 Way: 0 Address: 0x348de2108
  Set: 133 Way: 0 Address: 0x133c92178
  Set: 134 Way: 0 Address: 0x133c921b8
  Set: 134 Way: 1 Address: 0x2ea382190
  Set: 135 Way: 0 Address: 0x133c921e8
  Set: 136 Way: 0 Address: 0x133c92238
  Set: 136 Way: 1 Address: 0x3a4272210
  Set: 136 Way: 2 Address: 0x9712210
  Set: 137 Way: 0 Address: 0x133c92250
  Set: 137 Way: 1 Address: 0x1fd412250
  Set: 138 Way: 0 Address: 0x133c9229c
  Set: 139 Way: 0 Address: 0x133c922c0
  Set: 148 Way: 0 Address: 0x62d12518
  Set: 149 Way: 0 Address: 0x62d12570
  Set: 149 Way: 1 Address: 0x348de2540
  Set: 149 Way: 2 Address: 0x23a612560
  Set: 150 Way: 0 Address: 0x3a4272588
  Set: 155 Way: 0 Address: 0x97126c0
  Set: 156 Way: 0 Address: 0x133c92722
  Set: 156 Way: 1 Address: 0x1a1482708
  Set: 157 Way: 0 Address: 0x133c92778
  Set: 158 Way: 0 Address: 0x133c927a6
  Set: 159 Way: 0 Address: 0x133c927f2
  Set: 163 Way: 0 Address: 0x6d0c28f8
  Set: 170 Way: 0 Address: 0x3bdb2a90
  Set: 170 Way: 1 Address: 0x133c92ab0
  Set: 171 Way: 0 Address: 0x133c92ac0
  Set: 171 Way: 1 Address: 0x3bdb2ac0
  Set: 172 Way: 0 Address: 0x133c92b38
  Set: 172 Way: 1 Address: 0x1a1482b20
  Set: 173 Way: 0 Address: 0x133c92b58
  Set: 174 Way: 0 Address: 0x133c92b98
  Set: 175 Way: 0 Address: 0x133c92be4
  Set: 176 Way: 0 Address: 0xa3a52c10
  Set: 176 Way: 1 Address: 0x133c92c3e
  Set: 176 Way: 2 Address: 0x31be12c34
  Set: 177 Way: 0 Address: 0x31be12c55
  Set: 177 Way: 1 Address: 0x133c92c74
  Set: 177 Way: 2 Address: 0xa3a52c42
  Set: 178 Way: 0 Address: 0x1c6532cb0
  Set: 178 Way: 1 Address: 0x34e4a2c80
  Set: 178 Way: 2 Address: 0x133c92c88
  Set: 178 Way: 3 Address: 0x31be12c92
  Set: 179 Way: 0 Address: 0x133c92cec
  Set: 179 Way: 1 Address: 0xa3a52cc9
  Set: 180 Way: 0 Address: 0x1064c2d18
  Set: 180 Way: 1 Address: 0xa3a52d04
  Set: 180 Way: 2 Address: 0x133c92d26
  Set: 181 Way: 0 Address: 0x133c92d5c
  Set: 181 Way: 1 Address: 0xa3a52d41
  Set: 181 Way: 2 Address: 0x37ba22d50
  Set: 182 Way: 0 Address: 0x133c92db6
  Set: 183 Way: 0 Address: 0x133c92df4
  Set: 184 Way: 0 Address: 0x133c92e1c
  Set: 184 Way: 1 Address: 0x31be12e38
  Set: 184 Way: 2 Address: 0x37ba22e30
  Set: 185 Way: 0 Address: 0x133c92e74
  Set: 186 Way: 0 Address: 0x133c92e84
  Set: 187 Way: 0 Address: 0x133c92ec4
  Set: 188 Way: 0 Address: 0x133c92f14
  Set: 189 Way: 0 Address: 0x133c92f68
  Set: 190 Way: 0 Address: 0x133c92fbc
  Set: 191 Way: 0 Address: 0x1995f2ff8
  Set: 191 Way: 1 Address: 0x133c92fec
  Set: 193 Way: 0 Address: 0x34a873040
  Set: 193 Way: 1 Address: 0xc2e83060
  Set: 196 Way: 0 Address: 0x190973108
  Set: 197 Way: 0 Address: 0x28ca63155
  Set: 199 Way: 0 Address: 0x2b2e931f8
  Set: 200 Way: 0 Address: 0x257713238
  Set: 205 Way: 0 Address: 0x3b0803350
  Set: 206 Way: 0 Address: 0x3b0803385
  Set: 207 Way: 0 Address: 0x3b08033c1
  Set: 207 Way: 1 Address: 0xbba933c8
  Set: 208 Way: 0 Address: 0x3b0803401
  Set: 208 Way: 1 Address: 0x257713432
  Set: 209 Way: 0 Address: 0x3b0803444
  Set: 209 Way: 1 Address: 0x16aa03450
  Set: 210 Way: 0 Address: 0x3b0803486
  Set: 212 Way: 0 Address: 0x2113538
  Set: 213 Way: 0 Address: 0x2113548
  Set: 213 Way: 1 Address: 0x3112a3540
  Set: 215 Way: 0 Address: 0x3b08035d0
  Set: 216 Way: 0 Address: 0x3b0803626
  Set: 216 Way: 1 Address: 0x190973630
  Set: 216 Way: 2 Address: 0x257713610
  Set: 217 Way: 0 Address: 0x3b0803640
  Set: 217 Way: 1 Address: 0x257713656
  Set: 218 Way: 0 Address: 0x3b0803680
  Set: 218 Way: 1 Address: 0x257713690
  Set: 219 Way: 0 Address: 0x3b08036c2
  Set: 220 Way: 0 Address: 0x3b0803700
  Set: 221 Way: 0 Address: 0xbba9374a
  Set: 222 Way: 0 Address: 0xbba93781
  Set: 228 Way: 0 Address: 0x3112a3918
  Set: 232 Way: 0 Address: 0x257713a10
  Set: 234 Way: 0 Address: 0x257713a90
  Set: 237 Way: 0 Address: 0xbba93b44
  Set: 238 Way: 0 Address: 0xbba93b89
  Set: 239 Way: 0 Address: 0x3232f3bc8
  Set: 239 Way: 1 Address: 0xbba93bca
  Set: 240 Way: 0 Address: 0x3232f3c00
  Set: 243 Way: 0 Address: 0x3b0803cd0
  Set: 243 Way: 1 Address: 0xd78d3cf0
  Set: 244 Way: 0 Address: 0x3b0803d03
  Set: 245 Way: 0 Address: 0x2f0403d54
  Set: 245 Way: 1 Address: 0x23e6a3d50
  Set: 247 Way: 0 Address: 0x23e6a3de8
  Set: 247 Way: 1 Address: 0x279bf3de8
  Set: 248 Way: 0 Address: 0x43113e10
  Set: 250 Way: 0 Address: 0x279bf3eb8
  Set: 251 Way: 0 Address: 0x257713ed3
  Set: 252 Way: 0 Address: 0xd78d3f00
  Set: 256 Way: 0 Address: 0x12993403f
  Set: 256 Way: 1 Address: 0x1ab4403c
  Set: 256 Way: 2 Address: 0xb8004012
  Set: 256 Way: 3 Address: 0x34fc64021
  Set: 257 Way: 0 Address: 0x397bb4068
  Set: 257 Way: 1 Address: 0x129934044
  Set: 257 Way: 2 Address: 0x1ab44044
  Set: 257 Way: 3 Address: 0xb8004044
  Set: 258 Way: 0 Address: 0x1ab44098
  Set: 258 Way: 1 Address: 0x129934082
  Set: 258 Way: 2 Address: 0xb8004080
  Set: 258 Way: 3 Address: 0x34fc640b0
  Set: 259 Way: 0 Address: 0x1299340c6
  Set: 259 Way: 1 Address: 0xb80040f0
  Set: 259 Way: 2 Address: 0x1ab440f4
  Set: 259 Way: 3 Address: 0x34fc640cf
  Set: 260 Way: 0 Address: 0x129934101
  Set: 260 Way: 1 Address: 0xb8004101
  Set: 260 Way: 2 Address: 0x1ab4413c
  Set: 260 Way: 3 Address: 0x34fc64136
  Set: 260 Way: 4 Address: 0x3317f4135
  Set: 261 Way: 0 Address: 0x129934141
  Set: 261 Way: 1 Address: 0xb8004162
  Set: 261 Way: 2 Address: 0x1ab44140
  Set: 262 Way: 0 Address: 0x129934180
  Set: 262 Way: 1 Address: 0x1ab4419c
  Set: 262 Way: 2 Address: 0xb8004180
  Set: 262 Way: 3 Address: 0x34fc641b9
  Set: 262 Way: 4 Address: 0x3317f41a5
  Set: 262 Way: 5 Address: 0xbd624190
  Set: 263 Way: 0 Address: 0x1299341c2
  Set: 263 Way: 1 Address: 0x1ab441f4
  Set: 263 Way: 2 Address: 0xb80041c0
  Set: 263 Way: 3 Address: 0x3317f41cf
  Set: 264 Way: 0 Address: 0x129934201
  Set: 264 Way: 1 Address: 0x1ab4422c
  Set: 264 Way: 2 Address: 0xb8004212
  Set: 264 Way: 3 Address: 0xcf09423a
  Set: 264 Way: 4 Address: 0x34fc64211
  Set: 265 Way: 0 Address: 0x1ab4427c
  Set: 265 Way: 1 Address: 0x129934240
  Set: 265 Way: 2 Address: 0xb8004242
  Set: 265 Way: 3 Address: 0x3317f425a
  Set: 266 Way: 0 Address: 0x1ab442a0
  Set: 266 Way: 1 Address: 0x129934284
  Set: 267 Way: 0 Address: 0x1ab442f4
  Set: 267 Way: 1 Address: 0x1299342fb
  Set: 268 Way: 0 Address: 0x1ab44324
  Set: 268 Way: 1 Address: 0x129934301
  Set: 269 Way: 0 Address: 0x1ab44348
  Set: 270 Way: 0 Address: 0x1299343a4
  Set: 270 Way: 1 Address: 0x1ab4439c
  Set: 271 Way: 0 Address: 0x1ab443dc
  Set: 272 Way: 0 Address: 0x1ab44428
  Set: 272 Way: 1 Address: 0x129934400
  Set: 272 Way: 2 Address: 0x214524421
  Set: 273 Way: 0 Address: 0x12993447f
  Set: 273 Way: 1 Address: 0x1ab4447c
  Set: 273 Way: 2 Address: 0x6b744465
  Set: 273 Way: 3 Address: 0x3317f4475
  Set: 274 Way: 0 Address: 0x129934482
  Set: 274 Way: 1 Address: 0x1ab44484
  Set: 275 Way: 0 Address: 0x1299344c0
  Set: 275 Way: 1 Address: 0x1ab444d0
  Set: 276 Way: 0 Address: 0x129934503
  Set: 276 Way: 1 Address: 0x1ab4451c
  Set: 276 Way: 2 Address: 0x34fc64520
  Set: 277 Way: 0 Address: 0x129934548
  Set: 277 Way: 1 Address: 0x1ab44570
  Set: 278 Way: 0 Address: 0x1299345ae
  Set: 278 Way: 1 Address: 0x1ab4459c
  Set: 278 Way: 2 Address: 0x3317f45a9
  Set: 279 Way: 0 Address: 0x1299345c0
  Set: 279 Way: 1 Address: 0x1ab445e6
  Set: 280 Way: 0 Address: 0x129934606
  Set: 280 Way: 1 Address: 0x1ab4460e
  Set: 280 Way: 2 Address: 0x3735d4621
  Set: 281 Way: 0 Address: 0x1ab44678
  Set: 281 Way: 1 Address: 0xcf094665
  Set: 282 Way: 0 Address: 0xb80046b0
  Set: 282 Way: 1 Address: 0x1ab446b8
  Set: 282 Way: 2 Address: 0xcf09468f
  Set: 283 Way: 0 Address: 0xb80046c3
  Set: 283 Way: 1 Address: 0x1ab446ca
  Set: 284 Way: 0 Address: 0xb8004704
  Set: 284 Way: 1 Address: 0x1ab4470e
  Set: 285 Way: 0 Address: 0xb8004740
  Set: 285 Way: 1 Address: 0x1ab4474e
  Set: 286 Way: 0 Address: 0xb8004781
  Set: 286 Way: 1 Address: 0x1ab44788
  Set: 287 Way: 0 Address: 0x1ab447f8
  Set: 288 Way: 0 Address: 0x129934810
  Set: 288 Way: 1 Address: 0x1ab44824
  Set: 288 Way: 2 Address: 0x6b744824
  Set: 288 Way: 3 Address: 0x34fc64821
  Set: 289 Way: 0 Address: 0x129934841
  Set: 289 Way: 1 Address: 0x1ab44872
  Set: 290 Way: 0 Address: 0x129934880
  Set: 290 Way: 1 Address: 0x1ab4489a
  Set: 290 Way: 2 Address: 0xcf094890
  Set: 291 Way: 0 Address: 0x1ab448e4
  Set: 291 Way: 1 Address: 0x1299348f5
  Set: 292 Way: 0 Address: 0x1ab4490c
  Set: 292 Way: 1 Address: 0x34fc64930
  Set: 292 Way: 2 Address: 0x129934902
  Set: 293 Way: 0 Address: 0x1ab4494e
  Set: 293 Way: 1 Address: 0x34fc64951
  Set: 293 Way: 2 Address: 0x129934942
  Set: 293 Way: 3 Address: 0xcf09494f
  Set: 294 Way: 0 Address: 0x1ab449a2
  Set: 294 Way: 1 Address: 0x1299349ad
  Set: 295 Way: 0 Address: 0x1299349c0
  Set: 295 Way: 1 Address: 0x1ab449f8
  Set: 296 Way: 0 Address: 0x1ab44a20
  Set: 296 Way: 1 Address: 0x129934a02
  Set: 297 Way: 0 Address: 0x1ab44a6e
  Set: 297 Way: 1 Address: 0xcf094a76
  Set: 297 Way: 2 Address: 0x129934a7f
  Set: 298 Way: 0 Address: 0x1ab44aaa
  Set: 298 Way: 1 Address: 0x129934a82
  Set: 299 Way: 0 Address: 0x1ab44ad2
  Set: 299 Way: 1 Address: 0x129934ac0
  Set: 300 Way: 0 Address: 0x129934b2d
  Set: 300 Way: 1 Address: 0x1ab44b3c
  Set: 301 Way: 0 Address: 0x1ab44b64
  Set: 302 Way: 0 Address: 0x1ab44b90
  Set: 303 Way: 0 Address: 0x1ab44bc2
  Set: 304 Way: 0 Address: 0x1ab44c0e
  Set: 304 Way: 1 Address: 0x17e364c20
  Set: 305 Way: 0 Address: 0x1ab44c56
  Set: 306 Way: 0 Address: 0x1ab44c86
  Set: 306 Way: 1 Address: 0x129934c80
  Set: 307 Way: 0 Address: 0x1ab44ce6
  Set: 308 Way: 0 Address: 0x1ab44d18
  Set: 308 Way: 1 Address: 0x17e364d21
  Set: 309 Way: 0 Address: 0x1ab44d40
  Set: 310 Way: 0 Address: 0x1ab44da4
  Set: 311 Way: 0 Address: 0x129934de0
  Set: 311 Way: 1 Address: 0x3317f4de7
  Set: 311 Way: 2 Address: 0x1ab44df6
  Set: 312 Way: 0 Address: 0x1ab44e34
  Set: 312 Way: 1 Address: 0x129934e00
  Set: 312 Way: 2 Address: 0x168f84e10
  Set: 313 Way: 0 Address: 0x1ab44e4a
  Set: 314 Way: 0 Address: 0x1ab44e9c
  Set: 315 Way: 0 Address: 0x1ab44ee0
  Set: 315 Way: 1 Address: 0x168f84ef0
  Set: 316 Way: 0 Address: 0x1ab44f3e
  Set: 317 Way: 0 Address: 0x1ab44f6e
  Set: 318 Way: 0 Address: 0x1ab44fa4
  Set: 319 Way: 0 Address: 0x1ab44ff6
  Set: 320 Way: 0 Address: 0x1b0f15004
  Set: 321 Way: 0 Address: 0x354d35058
  Set: 323 Way: 0 Address: 0x354d350e8
  Set: 323 Way: 1 Address: 0x2d1a250f8
  Set: 324 Way: 0 Address: 0x1d68a5136
  Set: 324 Way: 1 Address: 0x99c75110
  Set: 325 Way: 0 Address: 0x1b3925155
  Set: 325 Way: 1 Address: 0xf3715158
  Set: 328 Way: 0 Address: 0x1d68a5212
  Set: 336 Way: 0 Address: 0x299395421
  Set: 340 Way: 0 Address: 0x34a0e5520
  Set: 341 Way: 0 Address: 0x99c75560
  Set: 344 Way: 0 Address: 0x1d68a5620
  Set: 344 Way: 1 Address: 0x2d1a25620
  Set: 350 Way: 0 Address: 0x57be57b0
  Set: 356 Way: 0 Address: 0x354d35900
  Set: 357 Way: 0 Address: 0xf3715958
  Set: 358 Way: 0 Address: 0x57be5998
  Set: 372 Way: 0 Address: 0x3ab465d30
  Set: 380 Way: 0 Address: 0x272585f00
  Set: 384 Way: 0 Address: 0x1b7ae6000
  Set: 384 Way: 1 Address: 0x37f426038
  Set: 395 Way: 0 Address: 0x437362c0
  Set: 400 Way: 0 Address: 0x3d6456412
  Set: 404 Way: 0 Address: 0x1b7ae6528
  Set: 405 Way: 0 Address: 0x183ea6558
  Set: 406 Way: 0 Address: 0x3dae66580
  Set: 406 Way: 1 Address: 0x696d6580
  Set: 406 Way: 2 Address: 0x1aa7b6580
  Set: 406 Way: 3 Address: 0x5e456588
  Set: 408 Way: 0 Address: 0x247006620
  Set: 408 Way: 1 Address: 0x1aa7b6638
  Set: 408 Way: 2 Address: 0x5e456620
  Set: 409 Way: 0 Address: 0x3d6456670
  Set: 412 Way: 0 Address: 0x24f776700
  Set: 413 Way: 0 Address: 0x192bc6750
  Set: 413 Way: 1 Address: 0x696d6770
  Set: 414 Way: 0 Address: 0x192bc6783
  Set: 415 Way: 0 Address: 0x192bc67c1
  Set: 416 Way: 0 Address: 0x192bc6804
  Set: 417 Way: 0 Address: 0x192bc6843
  Set: 420 Way: 0 Address: 0x183ea6900
  Set: 421 Way: 0 Address: 0x24f776958
  Set: 425 Way: 0 Address: 0x84896a48
  Set: 436 Way: 0 Address: 0x211d16d20
  Set: 436 Way: 1 Address: 0x27d4c6d00
  Set: 436 Way: 2 Address: 0x3d87a6d38
  Set: 437 Way: 0 Address: 0x27d4c6d40
  Set: 437 Way: 1 Address: 0x3d87a6d40
  Set: 437 Way: 2 Address: 0x101c26d48
  Set: 464 Way: 0 Address: 0x27ae47421
  Set: 465 Way: 0 Address: 0x27ae47470
  Set: 471 Way: 0 Address: 0xbeea75c0
  Set: 472 Way: 0 Address: 0xbeea7604
  Set: 473 Way: 0 Address: 0xbeea7642
  Set: 474 Way: 0 Address: 0xbeea7680
  Set: 475 Way: 0 Address: 0xbeea76c1
  Set: 475 Way: 1 Address: 0x12c0776f0
  Set: 476 Way: 0 Address: 0xbeea7721
  Set: 477 Way: 0 Address: 0xbeea7740
  Set: 478 Way: 0 Address: 0xbeea7781
  Set: 478 Way: 1 Address: 0x3704c77b0
  Set: 479 Way: 0 Address: 0xbeea77c0
  Set: 480 Way: 0 Address: 0xbeea7806
  Set: 481 Way: 0 Address: 0xbeea7845
  Set: 483 Way: 0 Address: 0xbeea78c3
  Set: 484 Way: 0 Address: 0xbeea7908
  Set: 485 Way: 0 Address: 0xbeea7951
  Set: 486 Way: 0 Address: 0xbeea7980
  Set: 487 Way: 0 Address: 0x2fbe979d0
  Set: 487 Way: 1 Address: 0xbeea79e1
  Set: 488 Way: 0 Address: 0xbeea7a0a
  Set: 489 Way: 0 Address: 0x276ff7a40
  Set: 489 Way: 1 Address: 0xbeea7a40
  Set: 490 Way: 0 Address: 0xbeea7a81
  Set: 491 Way: 0 Address: 0xbeea7ae0
  Set: 491 Way: 1 Address: 0x2fbe97af0
  Set: 492 Way: 0 Address: 0xbeea7b01
  Set: 492 Way: 1 Address: 0x2fbe97b00
  Set: 492 Way: 2 Address: 0x112417b18
  Set: 493 Way: 0 Address: 0xbeea7b43
  Set: 494 Way: 0 Address: 0xbeea7b82
  Set: 494 Way: 1 Address: 0x358da7bb0
  Set: 495 Way: 0 Address: 0xbeea7bc5
  Set: 495 Way: 1 Address: 0x3704c7bf8
  Set: 495 Way: 2 Address: 0x112417bf8
  Set: 496 Way: 0 Address: 0xbeea7c08
  Set: 497 Way: 0 Address: 0xbeea7c70
  Set: 498 Way: 0 Address: 0xbeea7cb0
  Set: 499 Way: 0 Address: 0xbeea7cc4
  Set: 500 Way: 0 Address: 0xbeea7d00
  Set: 501 Way: 0 Address: 0xbeea7d7a
  Set: 502 Way: 0 Address: 0xbeea7d90
  Set: 503 Way: 0 Address: 0xbeea7dc1
  Set: 504 Way: 0 Address: 0xbeea7e20
  Set: 512 Way: 0 Address: 0x1aafb8004
  Set: 513 Way: 0 Address: 0x201598078
  Set: 514 Way: 0 Address: 0x1aafb80b0
  Set: 515 Way: 0 Address: 0x1aafb80c1
  Set: 516 Way: 0 Address: 0x1aafb8103
  Set: 517 Way: 0 Address: 0x1aafb8178
  Set: 518 Way: 0 Address: 0x1aafb8182
  Set: 528 Way: 0 Address: 0x3bdd78400
  Set: 529 Way: 0 Address: 0x3bdd78440
  Set: 530 Way: 0 Address: 0x3bdd78486
  Set: 531 Way: 0 Address: 0x3bdd784c2
  Set: 532 Way: 0 Address: 0x3bdd78513
  Set: 533 Way: 0 Address: 0x3bdd78540
  Set: 534 Way: 0 Address: 0x3bdd78585
  Set: 535 Way: 0 Address: 0x3bdd785c2
  Set: 536 Way: 0 Address: 0x3bdd78615
  Set: 537 Way: 0 Address: 0x3bdd78640
  Set: 538 Way: 0 Address: 0x2c9898690
  Set: 538 Way: 1 Address: 0x3bdd78683
  Set: 539 Way: 0 Address: 0x3bdd786c6
  Set: 540 Way: 0 Address: 0x3bdd78700
  Set: 541 Way: 0 Address: 0x3bdd78746
  Set: 542 Way: 0 Address: 0x3bdd7878d
  Set: 543 Way: 0 Address: 0xc70787f8
  Set: 547 Way: 0 Address: 0x2015988f8
  Set: 548 Way: 0 Address: 0x2760e8900
  Set: 549 Way: 0 Address: 0x2760e8960
  Set: 556 Way: 0 Address: 0x3fe58b18
  Set: 558 Way: 0 Address: 0x2db378bb0
  Set: 562 Way: 0 Address: 0x2db378ca8
  Set: 564 Way: 0 Address: 0x1bdd18d30
  Set: 565 Way: 0 Address: 0x16668d60
  Set: 565 Way: 1 Address: 0x1bdd18d68
  Set: 565 Way: 2 Address: 0x1b2ef8d58
  Set: 566 Way: 0 Address: 0x16668d80
  Set: 567 Way: 0 Address: 0x3bdd78df0
  Set: 567 Way: 1 Address: 0x16668dc0
  Set: 568 Way: 0 Address: 0x3bdd78e01
  Set: 568 Way: 1 Address: 0x16668e02
  Set: 572 Way: 0 Address: 0x1b2ef8f18
  Set: 576 Way: 0 Address: 0x312099031
  Set: 577 Way: 0 Address: 0x2fa0c9070
  Set: 580 Way: 0 Address: 0x312099136
  Set: 580 Way: 1 Address: 0x2fa0c9100
  Set: 584 Way: 0 Address: 0x312099231
  Set: 586 Way: 0 Address: 0x3120992b4
  Set: 588 Way: 0 Address: 0x5d6e9320
  Set: 588 Way: 1 Address: 0x365e79318
  Set: 590 Way: 0 Address: 0x3f4019389
  Set: 591 Way: 0 Address: 0x3f40193c9
  Set: 592 Way: 0 Address: 0x321ff9425
  Set: 593 Way: 0 Address: 0x321ff9465
  Set: 594 Way: 0 Address: 0x3120994b0
  Set: 596 Way: 0 Address: 0xb84a9500
  Set: 597 Way: 0 Address: 0x1b87f9568
  Set: 604 Way: 0 Address: 0xb84a9720
  Set: 608 Way: 0 Address: 0x321ff9824
  Set: 609 Way: 0 Address: 0x379d39870
  Set: 610 Way: 0 Address: 0x379d39898
  Set: 613 Way: 0 Address: 0x8a579950
  Set: 614 Way: 0 Address: 0x8a579998
  Set: 616 Way: 0 Address: 0x312099a20
  Set: 618 Way: 0 Address: 0x312099ab4
  Set: 621 Way: 0 Address: 0x2ee369b50
  Set: 623 Way: 0 Address: 0x16a859bc0
  Set: 626 Way: 0 Address: 0x16a859cb0
  Set: 627 Way: 0 Address: 0x7b479cf0
  Set: 631 Way: 0 Address: 0x7b479df0
  Set: 637 Way: 0 Address: 0x2c8749f60
  Set: 638 Way: 0 Address: 0x2c8749f81
  Set: 639 Way: 0 Address: 0x2c8749fc1
  Set: 640 Way: 0 Address: 0x8754a000
  Set: 641 Way: 0 Address: 0x24243a050
  Set: 641 Way: 1 Address: 0x29e0da050
  Set: 644 Way: 0 Address: 0x1132fa100
  Set: 644 Way: 1 Address: 0x26c17a112
  Set: 645 Way: 0 Address: 0x14f54a158
  Set: 645 Way: 1 Address: 0x26c17a14f
  Set: 656 Way: 0 Address: 0x24243a414
  Set: 660 Way: 0 Address: 0x1132fa538
  Set: 664 Way: 0 Address: 0x8754a620
  Set: 667 Way: 0 Address: 0x14f54a6f0
  Set: 672 Way: 0 Address: 0x18db7a824
  Set: 676 Way: 0 Address: 0x26c17a921
  Set: 687 Way: 0 Address: 0xc67dabc8
  Set: 692 Way: 0 Address: 0x24e60ad10
  Set: 698 Way: 0 Address: 0x1e561ae94
  Set: 701 Way: 0 Address: 0x24e60af68
  Set: 704 Way: 0 Address: 0x3b377b018
  Set: 704 Way: 1 Address: 0xc0d9b010
  Set: 704 Way: 2 Address: 0xed70b015
  Set: 706 Way: 0 Address: 0xc0d9b088
  Set: 708 Way: 0 Address: 0xed70b124
  Set: 723 Way: 0 Address: 0x1e568b4f8
  Set: 724 Way: 0 Address: 0x28420b508
  Set: 725 Way: 0 Address: 0x157dab568
  Set: 725 Way: 1 Address: 0x1e568b558
  Set: 727 Way: 0 Address: 0x394edb5d0
  Set: 728 Way: 0 Address: 0x157dab638
  Set: 728 Way: 1 Address: 0xed70b610
  Set: 733 Way: 0 Address: 0x28420b770
  Set: 733 Way: 1 Address: 0x39f53b748
  Set: 752 Way: 0 Address: 0x36889bc38
  Set: 753 Way: 0 Address: 0xcf83bc78
  Set: 753 Way: 1 Address: 0x36889bc48
  Set: 755 Way: 0 Address: 0xcf83bce0
  Set: 756 Way: 0 Address: 0xcf83bd02
  Set: 760 Way: 0 Address: 0x38a88be14
  Set: 766 Way: 0 Address: 0x38a88bf84
  Set: 768 Way: 0 Address: 0xdf85c000
  Set: 769 Way: 0 Address: 0x12c6fc040
  Set: 770 Way: 0 Address: 0x29484c0b0
  Set: 783 Way: 0 Address: 0x267bcc3e0
  Set: 784 Way: 0 Address: 0x267bcc401
  Set: 788 Way: 0 Address: 0x1ae2cc500
  Set: 788 Way: 1 Address: 0x2cd70c520
  Set: 789 Way: 0 Address: 0x1ae2cc570
  Set: 789 Way: 1 Address: 0x2cd70c540
  Set: 789 Way: 2 Address: 0x2f8e1c540
  Set: 791 Way: 0 Address: 0x32f48c5d8
  Set: 792 Way: 0 Address: 0x4dd9c620
  Set: 792 Way: 1 Address: 0x28f0cc630
  Set: 795 Way: 0 Address: 0x1d0f3c6f0
  Set: 804 Way: 0 Address: 0x12c6fc900
  Set: 805 Way: 0 Address: 0x12c6fc940
  Set: 805 Way: 1 Address: 0x4dd9c968
  Set: 805 Way: 2 Address: 0x28f0cc968
  Set: 805 Way: 3 Address: 0x2f8e1c960
  Set: 806 Way: 0 Address: 0x12c6fc988
  Set: 808 Way: 0 Address: 0x12c6fca34
  Set: 809 Way: 0 Address: 0x12c6fca40
  Set: 810 Way: 0 Address: 0xb77aca90
  Set: 810 Way: 1 Address: 0x12c6fcaac
  Set: 811 Way: 0 Address: 0x12c6fcad0
  Set: 812 Way: 0 Address: 0x1d0f3cb20
  Set: 816 Way: 0 Address: 0x12c6fcc10
  Set: 817 Way: 0 Address: 0x12c6fcc48
  Set: 818 Way: 0 Address: 0x12c6fcc80
  Set: 819 Way: 0 Address: 0x12c6fccf0
  Set: 820 Way: 0 Address: 0x12c6fcd05
  Set: 820 Way: 1 Address: 0x32502cd38
  Set: 821 Way: 0 Address: 0x12c6fcd41
  Set: 821 Way: 1 Address: 0x2aa42cd60
  Set: 822 Way: 0 Address: 0x12c6fcd80
  Set: 823 Way: 0 Address: 0x12c6fcdc0
  Set: 824 Way: 0 Address: 0x12c6fce00
  Set: 825 Way: 0 Address: 0x12c6fce5c
  Set: 826 Way: 0 Address: 0x12c6fce95
  Set: 827 Way: 0 Address: 0x12c6fcee5
  Set: 827 Way: 1 Address: 0x32502cef8
  Set: 828 Way: 0 Address: 0x12c6fcf20
  Set: 829 Way: 0 Address: 0x12c6fcf40
  Set: 830 Way: 0 Address: 0x12c6fcf80
  Set: 831 Way: 0 Address: 0x12c6fcfc0
  Set: 838 Way: 0 Address: 0x28957d190
  Set: 840 Way: 0 Address: 0x15164d238
  Set: 852 Way: 0 Address: 0xe51bd508
  Set: 852 Way: 1 Address: 0xdb22d538
  Set: 852 Way: 2 Address: 0x1954d528
  Set: 852 Way: 3 Address: 0x2efecd528
  Set: 852 Way: 4 Address: 0x2cc9bd511
  Set: 853 Way: 0 Address: 0x187c8d560
  Set: 856 Way: 0 Address: 0x2efecd618
  Set: 856 Way: 1 Address: 0x15164d610
  Set: 857 Way: 0 Address: 0x187c8d670
  Set: 858 Way: 0 Address: 0x15164d690
  Set: 860 Way: 0 Address: 0xe51bd720
  Set: 866 Way: 0 Address: 0x15164d8b8
  Set: 872 Way: 0 Address: 0x1adda38
  Set: 876 Way: 0 Address: 0x1954db18
  Set: 883 Way: 0 Address: 0x15164dcfb
  Set: 883 Way: 1 Address: 0x3d747dcf8
  Set: 887 Way: 0 Address: 0x3bcc0ddf0
  Set: 887 Way: 1 Address: 0x2cc9bddf7
  Set: 890 Way: 0 Address: 0x5588deb0
  Set: 891 Way: 0 Address: 0x5588dee2
  Set: 891 Way: 1 Address: 0x3bcc0def8
  Set: 891 Way: 2 Address: 0x15164ded3
  Set: 892 Way: 0 Address: 0x3d747df00
  Set: 893 Way: 0 Address: 0x5588df70
  Set: 894 Way: 0 Address: 0x5588df83
  Set: 894 Way: 1 Address: 0x238eddf84
  Set: 895 Way: 0 Address: 0x5588dfc1
  Set: 896 Way: 0 Address: 0x28b67e000
  Set: 896 Way: 1 Address: 0x1f919e000
  Set: 896 Way: 2 Address: 0x1c084e00c
  Set: 897 Way: 0 Address: 0x3734ee060
  Set: 897 Way: 1 Address: 0x20597e040
  Set: 897 Way: 2 Address: 0x1c084e042
  Set: 898 Way: 0 Address: 0x20597e0a8
  Set: 898 Way: 1 Address: 0x7d0ee0b9
  Set: 898 Way: 2 Address: 0x1c084e09e
  Set: 898 Way: 3 Address: 0x108ede0a0
  Set: 898 Way: 4 Address: 0x1fe66e0b0
  Set: 899 Way: 0 Address: 0x1c084e0d4
  Set: 899 Way: 1 Address: 0x1fe66e0cf
  Set: 900 Way: 0 Address: 0x1c084e114
  Set: 900 Way: 1 Address: 0x1fe66e134
  Set: 900 Way: 2 Address: 0x108ede126
  Set: 900 Way: 3 Address: 0x2c077e135
  Set: 901 Way: 0 Address: 0x1c084e16a
  Set: 901 Way: 1 Address: 0x3d73ee14f
  Set: 902 Way: 0 Address: 0x1c084e1aa
  Set: 902 Way: 1 Address: 0x23730e1a5
  Set: 903 Way: 0 Address: 0x1c084e1e4
  Set: 904 Way: 0 Address: 0x1fe66e211
  Set: 904 Way: 1 Address: 0x1c084e210
  Set: 904 Way: 2 Address: 0x108ede212
  Set: 904 Way: 3 Address: 0x23730e212
  Set: 905 Way: 0 Address: 0x1c084e254
  Set: 905 Way: 1 Address: 0x7d0ee271
  Set: 905 Way: 2 Address: 0x108ede271
  Set: 905 Way: 3 Address: 0x23730e279
  Set: 906 Way: 0 Address: 0x1c084e280
  Set: 907 Way: 0 Address: 0x1c084e2ed
  Set: 907 Way: 1 Address: 0x1fe66e2cf
  Set: 908 Way: 0 Address: 0x1c084e317
  Set: 909 Way: 0 Address: 0x1c084e36a
  Set: 910 Way: 0 Address: 0x1c084e394
  Set: 911 Way: 0 Address: 0x1c084e3f8
  Set: 912 Way: 0 Address: 0x1c084e41c
  Set: 913 Way: 0 Address: 0x1c084e45a
  Set: 913 Way: 1 Address: 0x2c077e475
  Set: 913 Way: 2 Address: 0x108ede455
  Set: 914 Way: 0 Address: 0x1c084e488
  Set: 915 Way: 0 Address: 0x1c084e4f4
  Set: 916 Way: 0 Address: 0x1c084e530
  Set: 917 Way: 0 Address: 0x1c084e548
  Set: 917 Way: 1 Address: 0x108ede568
  Set: 918 Way: 0 Address: 0x1c084e5aa
  Set: 919 Way: 0 Address: 0x1c084e5c2
  Set: 920 Way: 0 Address: 0x1c084e628
  Set: 920 Way: 1 Address: 0x3857be618
  Set: 921 Way: 0 Address: 0x1c084e640
  Set: 922 Way: 0 Address: 0x1c084e6ac
  Set: 923 Way: 0 Address: 0x1c084e6c0
  Set: 923 Way: 1 Address: 0x3857be6f8
  Set: 924 Way: 0 Address: 0x1c084e714
  Set: 925 Way: 0 Address: 0xd209e742
  Set: 926 Way: 0 Address: 0xd209e781
  Set: 927 Way: 0 Address: 0x28b67e7f8
  Set: 927 Way: 1 Address: 0x2db79e7f0
  Set: 927 Way: 2 Address: 0xd209e7c2
  Set: 928 Way: 0 Address: 0x108ede834
  Set: 929 Way: 0 Address: 0x108ede878
  Set: 930 Way: 0 Address: 0x108ede8b0
  Set: 930 Way: 1 Address: 0x1fe66e890
  Set: 931 Way: 0 Address: 0x2c077e8cf
  Set: 932 Way: 0 Address: 0x1fe66e930
  Set: 933 Way: 0 Address: 0x7d0ee95a
  Set: 933 Way: 1 Address: 0x1fe66e951
  Set: 933 Way: 2 Address: 0x23730e950
  Set: 934 Way: 0 Address: 0x2db79e998
  Set: 934 Way: 1 Address: 0x1fe66e991
  Set: 936 Way: 0 Address: 0x108edea34
  Set: 937 Way: 0 Address: 0x2c077ea5a
  Set: 938 Way: 0 Address: 0x108edea90
  Set: 941 Way: 0 Address: 0xd209eb44
  Set: 944 Way: 0 Address: 0x21962ec20
  Set: 947 Way: 0 Address: 0x2dee5ecf8
  Set: 947 Way: 1 Address: 0x108edecdb
  Set: 949 Way: 0 Address: 0x2dee5ed60
  Set: 952 Way: 0 Address: 0x2d95ee30
  Set: 956 Way: 0 Address: 0x2d95ef18
  Set: 960 Way: 0 Address: 0x16390f018
  Set: 961 Way: 0 Address: 0x16390f060
  Set: 961 Way: 1 Address: 0x22272f048
  Set: 961 Way: 2 Address: 0x23756f058
  Set: 963 Way: 0 Address: 0x338c5f0f8
  Set: 964 Way: 0 Address: 0x6637f126
  Set: 967 Way: 0 Address: 0x23756f1cf
  Set: 967 Way: 1 Address: 0x3533df1cf
  Set: 969 Way: 0 Address: 0x6637f278
  Set: 970 Way: 0 Address: 0x6637f2b8
  Set: 972 Way: 0 Address: 0x36f08f318
  Set: 973 Way: 0 Address: 0x1635ef34a
  Set: 974 Way: 0 Address: 0x3567df3a0
  Set: 974 Way: 1 Address: 0x1609ff381
  Set: 974 Way: 2 Address: 0x1b7ddf389
  Set: 975 Way: 0 Address: 0x1609ff3c8
  Set: 976 Way: 0 Address: 0x3567df420
  Set: 976 Way: 1 Address: 0x23756f414
  Set: 976 Way: 2 Address: 0x6637f431
  Set: 977 Way: 0 Address: 0x6637f471
  Set: 978 Way: 0 Address: 0x3567df4a0
  Set: 978 Way: 1 Address: 0x6637f4b0
  Set: 981 Way: 0 Address: 0x6637f560
  Set: 981 Way: 1 Address: 0x23756f570
  Set: 981 Way: 2 Address: 0xe981f578
  Set: 981 Way: 3 Address: 0x36f08f578
  Set: 982 Way: 0 Address: 0x23756f5a5
  Set: 984 Way: 0 Address: 0x6637f610
  Set: 985 Way: 0 Address: 0x23756f665
  Set: 987 Way: 0 Address: 0x338c5f6f8
  Set: 988 Way: 0 Address: 0xe981f700
  Set: 990 Way: 0 Address: 0x1635ef781
  Set: 991 Way: 0 Address: 0xee86f7c8
  Set: 991 Way: 1 Address: 0x1635ef7c2
  Set: 992 Way: 0 Address: 0x23756f814
  Set: 992 Way: 1 Address: 0x6637f814
  Set: 993 Way: 0 Address: 0x6637f866
  Set: 994 Way: 0 Address: 0x6637f8b0
  Set: 997 Way: 0 Address: 0x23756f950
  Set: 1001 Way: 0 Address: 0x6637fa50
  Set: 1002 Way: 0 Address: 0x6637fa90
  Set: 1010 Way: 0 Address: 0x3567dfc98
  Set: 1011 Way: 0 Address: 0x6637fcdb
  Set: 1015 Way: 0 Address: 0x23756fdeb
  Set: 1018 Way: 0 Address: 0x3eb0dfeb8
  Set: 1019 Way: 0 Address: 0x23756fef7
  Set: 1019 Way: 1 Address: 0x3eb0dfef0
  Set: 1020 Way: 0 Address: 0x143eff20
  Set: 1021 Way: 0 Address: 0x143eff40
  Set: 1023 Way: 0 Address: 0x143effc8
EndCache
Cache: cpu0_L1I
  Set: 0 Way: 0 Address: 0x12993403f
  Set: 0 Way: 1 Address: 0x1aafb8004
  Set: 0 Way: 2 Address: 0xb8004012
  Set: 1 Way: 0 Address: 0x129934044
  Set: 1 Way: 1 Address: 0x12c6fc050
  Set: 1 Way: 2 Address: 0xb8004044
  Set: 2 Way: 0 Address: 0x1aafb80b0
  Set: 2 Way: 1 Address: 0x129934091
  Set: 2 Way: 2 Address: 0xb8004080
  Set: 3 Way: 0 Address: 0x1aafb80c1
  Set: 3 Way: 1 Address: 0x1299340c6
  Set: 3 Way: 2 Address: 0xb80040f0
  Set: 4 Way: 0 Address: 0x1aafb8103
  Set: 4 Way: 1 Address: 0x129934101
  Set: 4 Way: 2 Address: 0xb8004101
  Set: 5 Way: 0 Address: 0x1aafb8178
  Set: 5 Way: 1 Address: 0x129934141
  Set: 5 Way: 2 Address: 0xb8004162
  Set: 6 Way: 0 Address: 0x1aafb819d
  Set: 6 Way: 1 Address: 0x129934180
  Set: 6 Way: 2 Address: 0xb80041b1
  Set: 7 Way: 0 Address: 0x1299341c2
  Set: 7 Way: 1 Address: 0xb80041c0
  Set: 8 Way: 0 Address: 0x129934201
  Set: 8 Way: 1 Address: 0xb8004212
  Set: 9 Way: 0 Address: 0x129934266
  Set: 9 Way: 1 Address: 0xb8004271
  Set: 10 Way: 0 Address: 0x129934284
  Set: 11 Way: 0 Address: 0x437362c0
  Set: 11 Way: 1 Address: 0x1299342fb
  Set: 12 Way: 0 Address: 0x129934301
  Set: 12 Way: 1 Address: 0x5d6e9320
  Set: 13 Way: 0 Address: 0x3b0803350
  Set: 14 Way: 0 Address: 0x3b0803385
  Set: 14 Way: 1 Address: 0x1299343a4
  Set: 15 Way: 0 Address: 0x3b08033c1
  Set: 15 Way: 1 Address: 0x267bcc3e0
  Set: 16 Way: 0 Address: 0x3b080341c
  Set: 16 Way: 1 Address: 0x3bdd78400
  Set: 16 Way: 2 Address: 0x129934400
  Set: 16 Way: 3 Address: 0x267bcc401
  Set: 17 Way: 0 Address: 0x12993447f
  Set: 17 Way: 1 Address: 0x3b0803444
  Set: 17 Way: 2 Address: 0x3bdd78440
  Set: 18 Way: 0 Address: 0x12993448f
  Set: 18 Way: 1 Address: 0x3b0803486
  Set: 18 Way: 2 Address: 0x3bdd784af
  Set: 19 Way: 0 Address: 0x1299344e1
  Set: 19 Way: 1 Address: 0x3bdd784e9
  Set: 20 Way: 0 Address: 0x129934503
  Set: 20 Way: 1 Address: 0x3bdd78513
  Set: 21 Way: 0 Address: 0x129934548
  Set: 21 Way: 1 Address: 0x3bdd78540
  Set: 22 Way: 0 Address: 0x1299345ae
  Set: 22 Way: 1 Address: 0x3bdd785b2
  Set: 23 Way: 0 Address: 0x1299345c0
  Set: 23 Way: 1 Address: 0xbeea75f6
  Set: 23 Way: 2 Address: 0x3b08035ec
  Set: 23 Way: 3 Address: 0x3bdd785c2
  Set: 24 Way: 0 Address: 0xbeea7604
  Set: 24 Way: 1 Address: 0x129934606
  Set: 24 Way: 2 Address: 0x3b0803626
  Set: 24 Way: 3 Address: 0x3bdd78615
  Set: 25 Way: 0 Address: 0xbeea7642
  Set: 25 Way: 1 Address: 0x3b080366d
  Set: 25 Way: 2 Address: 0x3bdd78640
  Set: 26 Way: 0 Address: 0xb80046b0
  Set: 26 Way: 1 Address: 0xbeea76a1
  Set: 26 Way: 2 Address: 0x3b08036a1
  Set: 26 Way: 3 Address: 0x3bdd786b9
  Set: 27 Way: 0 Address: 0xb80046c3
  Set: 27 Way: 1 Address: 0xbeea76c1
  Set: 27 Way: 2 Address: 0x3b08036c2
  Set: 27 Way: 3 Address: 0x3bdd786c6
  Set: 28 Way: 0 Address: 0xb800473a
  Set: 28 Way: 1 Address: 0x3bdd78700
  Set: 28 Way: 2 Address: 0xbeea7721
  Set: 28 Way: 3 Address: 0x3b0803700
  Set: 29 Way: 0 Address: 0xb800474a
  Set: 29 Way: 1 Address: 0x3bdd78775
  Set: 29 Way: 2 Address: 0x192bc6770
  Set: 29 Way: 3 Address: 0xbeea7761
  Set: 30 Way: 0 Address: 0xb8004781
  Set: 30 Way: 1 Address: 0x3bdd7878d
  Set: 30 Way: 2 Address: 0xbeea7781
  Set: 30 Way: 3 Address: 0x192bc67a5
  Set: 31 Way: 0 Address: 0xbeea77c0
  Set: 31 Way: 1 Address: 0x192bc67e9
  Set: 32 Way: 0 Address: 0x129934817
  Set: 32 Way: 1 Address: 0x192bc6804
  Set: 32 Way: 2 Address: 0xbeea7806
  Set: 33 Way: 0 Address: 0x129934866
  Set: 33 Way: 1 Address: 0x192bc6843
  Set: 33 Way: 2 Address: 0xbeea7845
  Set: 34 Way: 0 Address: 0x129934880
  Set: 35 Way: 0 Address: 0xbeea78c3
  Set: 35 Way: 1 Address: 0x1299348f5
  Set: 36 Way: 0 Address: 0x12c6fc924
  Set: 36 Way: 1 Address: 0xbeea7908
  Set: 36 Way: 2 Address: 0x129934924
  Set: 37 Way: 0 Address: 0x12c6fc940
  Set: 37 Way: 1 Address: 0x8a579950
  Set: 37 Way: 2 Address: 0xbeea7951
  Set: 37 Way: 3 Address: 0x129934942
  Set: 38 Way: 0 Address: 0x1299349ad
  Set: 38 Way: 1 Address: 0x12c6fc988
  Set: 38 Way: 2 Address: 0x8a579998
  Set: 38 Way: 3 Address: 0xbeea7980
  Set: 39 Way: 0 Address: 0x1299349c0
  Set: 39 Way: 1 Address: 0xbeea79e1
  Set: 40 Way: 0 Address: 0x129934a02
  Set: 40 Way: 1 Address: 0x12c6fca34
  Set: 40 Way: 2 Address: 0xbeea7a0a
  Set: 41 Way: 0 Address: 0x12c6fca68
  Set: 41 Way: 1 Address: 0xbeea7a40
  Set: 41 Way: 2 Address: 0x129934a7f
  Set: 42 Way: 0 Address: 0x3bdb2a90
  Set: 42 Way: 1 Address: 0xb77aca90
  Set: 42 Way: 2 Address: 0x12c6fcaac
  Set: 42 Way: 3 Address: 0xbeea7aaa
  Set: 42 Way: 4 Address: 0x129934ab4
  Set: 43 Way: 0 Address: 0xbeea7ae0
  Set: 43 Way: 1 Address: 0x12c6fcad0
  Set: 43 Way: 2 Address: 0x3bdb2ac0
  Set: 43 Way: 3 Address: 0x129934ac0
  Set: 44 Way: 0 Address: 0x129934b2d
  Set: 44 Way: 1 Address: 0xbeea7b01
  Set: 45 Way: 0 Address: 0xbeea7b70
  Set: 46 Way: 0 Address: 0xbeea7b82
  Set: 47 Way: 0 Address: 0xbeea7bc5
  Set: 48 Way: 0 Address: 0x12c6fcc2a
  Set: 48 Way: 1 Address: 0xa3a52c38
  Set: 48 Way: 2 Address: 0xbeea7c08
  Set: 49 Way: 0 Address: 0x12c6fcc48
  Set: 49 Way: 1 Address: 0xbeea7c70
  Set: 49 Way: 2 Address: 0xcf83bc78
  Set: 49 Way: 3 Address: 0xa3a52c65
  Set: 50 Way: 0 Address: 0x12c6fccb2
  Set: 50 Way: 1 Address: 0xbeea7cb0
  Set: 50 Way: 2 Address: 0x129934c80
  Set: 50 Way: 3 Address: 0x34e4a2c80
  Set: 51 Way: 0 Address: 0x12c6fccf0
  Set: 51 Way: 1 Address: 0xbeea7cc4
  Set: 51 Way: 2 Address: 0xcf83bce0
  Set: 51 Way: 3 Address: 0x3b0803cd0
  Set: 51 Way: 4 Address: 0xa3a52cfa
  Set: 52 Way: 0 Address: 0x12c6fcd05
  Set: 52 Way: 1 Address: 0xbeea7d00
  Set: 52 Way: 2 Address: 0xcf83bd02
  Set: 52 Way: 3 Address: 0x3b0803d03
  Set: 52 Way: 4 Address: 0xa3a52d04
  Set: 53 Way: 0 Address: 0x12c6fcd41
  Set: 53 Way: 1 Address: 0xbeea7d7a
  Set: 53 Way: 2 Address: 0x16668d60
  Set: 53 Way: 3 Address: 0xa3a52d41
  Set: 54 Way: 0 Address: 0xbeea7d90
  Set: 54 Way: 1 Address: 0x12c6fcda2
  Set: 54 Way: 2 Address: 0x16668d80
  Set: 55 Way: 0 Address: 0x129934de0
  Set: 55 Way: 1 Address: 0x3bdd78df0
  Set: 55 Way: 2 Address: 0x12c6fcdc0
  Set: 55 Way: 3 Address: 0xbeea7de0
  Set: 55 Way: 4 Address: 0x16668dc0
  Set: 56 Way: 0 Address: 0xbeea7e20
  Set: 56 Way: 1 Address: 0x129934e00
  Set: 56 Way: 2 Address: 0x3bdd78e01
  Set: 56 Way: 3 Address: 0x12c6fce00
  Set: 56 Way: 4 Address: 0x16668e02
  Set: 57 Way: 0 Address: 0x12c6fce5c
  Set: 58 Way: 0 Address: 0x5588deb0
  Set: 58 Way: 1 Address: 0x12c6fce95
  Set: 59 Way: 0 Address: 0x5588dee2
  Set: 59 Way: 1 Address: 0x12c6fcee5
  Set: 60 Way: 0 Address: 0x12c6fcf20
  Set: 60 Way: 1 Address: 0x272585f00
  Set: 60 Way: 2 Address: 0x28a940f30
  Set: 61 Way: 0 Address: 0x5588df70
  Set: 61 Way: 1 Address: 0x12c6fcf77
  Set: 61 Way: 2 Address: 0x2c8749f60
  Set: 61 Way: 3 Address: 0x28a940f41
  Set: 62 Way: 0 Address: 0x5588df83
  Set: 62 Way: 1 Address: 0x12c6fcfb8
  Set: 62 Way: 2 Address: 0x2c8749f81
  Set: 62 Way: 3 Address: 0x28a940f83
  Set: 63 Way: 0 Address: 0x5588dfc1
  Set: 63 Way: 1 Address: 0x12c6fcffd
  Set: 63 Way: 2 Address: 0x2c8749fc1
  Set: 63 Way: 3 Address: 0x28a940fc0
EndCache
Cache: cpu0_L1D
  Set: 0 Way: 0 Address: 0xdf85c000
  Set: 0 Way: 1 Address: 0x37f426038
  Set: 0 Way: 2 Address: 0x1c084e00c
  Set: 0 Way: 3 Address: 0xed70b015
  Set: 0 Way: 4 Address: 0x1ab4403c
  Set: 0 Way: 5 Address: 0x312099031
  Set: 0 Way: 6 Address: 0x34fc64021
  Set: 0 Way: 7 Address: 0x1b0f15004
  Set: 0 Way: 8 Address: 0xc0d9b010
  Set: 0 Way: 9 Address: 0x181c81010
  Set: 0 Way: 10 Address: 0x1b7ae6000
  Set: 0 Way: 11 Address: 0x8754a000
  Set: 1 Way: 0 Address: 0x29e0da050
  Set: 1 Way: 1 Address: 0x201598078
  Set: 1 Way: 2 Address: 0x168ef0058
  Set: 1 Way: 3 Address: 0x116e01060
  Set: 1 Way: 4 Address: 0x1c084e042
  Set: 1 Way: 5 Address: 0x354d35058
  Set: 1 Way: 6 Address: 0x1ab44044
  Set: 1 Way: 7 Address: 0xc2e83060
  Set: 1 Way: 8 Address: 0x24243a050
  Set: 1 Way: 9 Address: 0x23756f058
  Set: 1 Way: 10 Address: 0x1fd412078
  Set: 1 Way: 11 Address: 0x34a873040
  Set: 2 Way: 0 Address: 0x260091090
  Set: 2 Way: 1 Address: 0x1c84e2090
  Set: 2 Way: 2 Address: 0x1ab44098
  Set: 2 Way: 3 Address: 0x2177f0088
  Set: 2 Way: 4 Address: 0xc0d9b088
  Set: 2 Way: 5 Address: 0x181c810a8
  Set: 2 Way: 6 Address: 0x20597e0a8
  Set: 2 Way: 7 Address: 0x7d0ee0b9
  Set: 2 Way: 8 Address: 0x1c084e09e
  Set: 2 Way: 9 Address: 0x108ede0a0
  Set: 2 Way: 10 Address: 0x1fe66e0b0
  Set: 2 Way: 11 Address: 0x34fc640b0
  Set: 3 Way: 0 Address: 0x6d0c20e8
  Set: 3 Way: 1 Address: 0x354d350e8
  Set: 3 Way: 2 Address: 0x1ab440fc
  Set: 3 Way: 3 Address: 0x133c920c8
  Set: 3 Way: 4 Address: 0x1c084e0d4
  Set: 3 Way: 5 Address: 0x34fc640cf
  Set: 3 Way: 6 Address: 0x1fe66e0cf
  Set: 3 Way: 7 Address: 0x338c5f0f8
  Set: 3 Way: 8 Address: 0x2d1a250f8
  Set: 4 Way: 0 Address: 0x99c75110
  Set: 4 Way: 1 Address: 0x1ab4413c
  Set: 4 Way: 2 Address: 0x29ab70110
  Set: 4 Way: 3 Address: 0x2c077e135
  Set: 4 Way: 4 Address: 0xed70b124
  Set: 4 Way: 5 Address: 0x2cc960124
  Set: 4 Way: 6 Address: 0x1c084e114
  Set: 4 Way: 7 Address: 0x26c17a112
  Set: 4 Way: 8 Address: 0x34fc64136
  Set: 4 Way: 9 Address: 0x6637f126
  Set: 4 Way: 10 Address: 0x108ede126
  Set: 4 Way: 11 Address: 0x3317f4135
  Set: 5 Way: 0 Address: 0x1ab44140
  Set: 5 Way: 1 Address: 0x133c92168
  Set: 5 Way: 2 Address: 0x1c084e16a
  Set: 5 Way: 3 Address: 0x2cc960165
  Set: 5 Way: 4 Address: 0x28ca63155
  Set: 5 Way: 5 Address: 0x1b3925155
  Set: 5 Way: 6 Address: 0x14f54a158
  Set: 5 Way: 7 Address: 0xf3715158
  Set: 5 Way: 8 Address: 0x26c17a14f
  Set: 5 Way: 9 Address: 0x3d73ee14f
  Set: 6 Way: 0 Address: 0x1c084e1aa
  Set: 6 Way: 1 Address: 0x1ab441a4
  Set: 6 Way: 2 Address: 0x133c921b8
  Set: 6 Way: 3 Address: 0x2ea382190
  Set: 6 Way: 4 Address: 0x34fc641b9
  Set: 6 Way: 5 Address: 0x23730e1a5
  Set: 6 Way: 6 Address: 0x3317f41a5
  Set: 6 Way: 7 Address: 0xbd624190
  Set: 6 Way: 8 Address: 0x28957d190
  Set: 7 Way: 0 Address: 0x2b2e931f8
  Set: 7 Way: 1 Address: 0x133c921e8
  Set: 7 Way: 2 Address: 0x1ab441fc
  Set: 7 Way: 3 Address: 0x1c084e1e4
  Set: 7 Way: 4 Address: 0x168ef01cf
  Set: 7 Way: 5 Address: 0x23756f1cf
  Set: 7 Way: 6 Address: 0x3317f41cf
  Set: 7 Way: 7 Address: 0x3533df1cf
  Set: 8 Way: 0 Address: 0x133c92228
  Set: 8 Way: 1 Address: 0x1ab4422c
  Set: 8 Way: 2 Address: 0x3a4272210
  Set: 8 Way: 3 Address: 0x9712210
  Set: 8 Way: 4 Address: 0x1c084e210
  Set: 8 Way: 5 Address: 0xcf09423a
  Set: 8 Way: 6 Address: 0x34fc64211
  Set: 8 Way: 7 Address: 0x108ede212
  Set: 8 Way: 8 Address: 0x257713238
  Set: 8 Way: 9 Address: 0x1d68a5212
  Set: 8 Way: 10 Address: 0x15164d238
  Set: 8 Way: 11 Address: 0x23730e212
  Set: 9 Way: 0 Address: 0x133c92268
  Set: 9 Way: 1 Address: 0x1ab4427c
  Set: 9 Way: 2 Address: 0x1c084e254
  Set: 9 Way: 3 Address: 0x1fd412250
  Set: 9 Way: 4 Address: 0x7d0ee271
  Set: 9 Way: 5 Address: 0x108ede271
  Set: 9 Way: 6 Address: 0x6637f278
  Set: 9 Way: 7 Address: 0x23730e279
  Set: 9 Way: 8 Address: 0x3317f425a
  Set: 9 Way: 9 Address: 0x2cc960256
  Set: 10 Way: 0 Address: 0x133c9229c
  Set: 10 Way: 1 Address: 0x1ab442a0
  Set: 10 Way: 2 Address: 0x2600912ba
  Set: 10 Way: 3 Address: 0x1c084e280
  Set: 10 Way: 4 Address: 0x6637f2b8
  Set: 10 Way: 5 Address: 0x3120992b4
  Set: 11 Way: 0 Address: 0x1c084e2ed
  Set: 11 Way: 1 Address: 0x1ab442f4
  Set: 11 Way: 2 Address: 0x133c922e8
  Set: 11 Way: 3 Address: 0x1fe66e2cf
  Set: 12 Way: 0 Address: 0x1c084e317
  Set: 12 Way: 1 Address: 0x1ab44324
  Set: 12 Way: 2 Address: 0x36f08f318
  Set: 12 Way: 3 Address: 0x365e79318
  Set: 13 Way: 0 Address: 0x1c084e36a
  Set: 13 Way: 1 Address: 0x1ab44348
  Set: 13 Way: 2 Address: 0x13ed034a
  Set: 13 Way: 3 Address: 0x1635ef34a
  Set: 14 Way: 0 Address: 0x1c084e394
  Set: 14 Way: 1 Address: 0x3567df3a0
  Set: 14 Way: 2 Address: 0x1ab4439c
  Set: 14 Way: 3 Address: 0xad430381
  Set: 14 Way: 4 Address: 0x1609ff381
  Set: 14 Way: 5 Address: 0x3f4019389
  Set: 14 Way: 6 Address: 0x1b7ddf389
  Set: 15 Way: 0 Address: 0x1ab443dc
  Set: 15 Way: 1 Address: 0x1c084e3f8
  Set: 15 Way: 2 Address: 0x3f40193c9
  Set: 15 Way: 3 Address: 0xbba933c8
  Set: 15 Way: 4 Address: 0x1609ff3c8
  Set: 15 Way: 5 Address: 0x13ed03cf
  Set: 16 Way: 0 Address: 0x24243a414
  Set: 16 Way: 1 Address: 0x1ab44428
  Set: 16 Way: 2 Address: 0x3567df420
  Set: 16 Way: 3 Address: 0x1c084e41c
  Set: 16 Way: 4 Address: 0x3d6456412
  Set: 16 Way: 5 Address: 0x6637f431
  Set: 16 Way: 6 Address: 0x168ef0414
  Set: 16 Way: 7 Address: 0x214524421
  Set: 16 Way: 8 Address: 0x116e01431
  Set: 16 Way: 9 Address: 0x321ff9425
  Set: 16 Way: 10 Address: 0x299395421
  Set: 16 Way: 11 Address: 0x23756f414
  Set: 17 Way: 0 Address: 0x1ab4447c
  Set: 17 Way: 1 Address: 0x1c084e45a
  Set: 17 Way: 2 Address: 0x6b744465
  Set: 17 Way: 3 Address: 0x2c077e475
  Set: 17 Way: 4 Address: 0x6637f471
  Set: 17 Way: 5 Address: 0x27ae47470
  Set: 17 Way: 6 Address: 0x16aa03450
  Set: 17 Way: 7 Address: 0x108ede455
  Set: 17 Way: 8 Address: 0x321ff9465
  Set: 17 Way: 9 Address: 0x3317f4475
  Set: 18 Way: 0 Address: 0x1ab44484
  Set: 18 Way: 1 Address: 0x3567df4a0
  Set: 18 Way: 2 Address: 0x1c084e488
  Set: 18 Way: 3 Address: 0x3120994b0
  Set: 18 Way: 4 Address: 0x6637f4b0
  Set: 19 Way: 0 Address: 0x1c084e4f4
  Set: 19 Way: 1 Address: 0x1ab444d0
  Set: 19 Way: 2 Address: 0x6e6204cf
  Set: 19 Way: 3 Address: 0x23cb404f8
  Set: 19 Way: 4 Address: 0x1e568b4f8
  Set: 20 Way: 0 Address: 0x1ab4451c
  Set: 20 Way: 1 Address: 0x1c084e530
  Set: 20 Way: 2 Address: 0x2cd70c520
  Set: 20 Way: 3 Address: 0x34a0e5520
  Set: 20 Way: 4 Address: 0x1f8ce0520
  Set: 20 Way: 5 Address: 0x2113538
  Set: 20 Way: 6 Address: 0x23cb40538
  Set: 20 Way: 7 Address: 0x34fc64520
  Set: 20 Way: 8 Address: 0x1954d528
  Set: 20 Way: 9 Address: 0x2efecd528
  Set: 20 Way: 10 Address: 0xdb22d538
  Set: 20 Way: 11 Address: 0x2cc9bd511
  Set: 21 Way: 0 Address: 0x1ab44570
  Set: 21 Way: 1 Address: 0x1c084e548
  Set: 21 Way: 2 Address: 0x23756f570
  Set: 21 Way: 3 Address: 0x106e61560
  Set: 21 Way: 4 Address: 0xe981f578
  Set: 21 Way: 5 Address: 0x36f08f578
  Set: 21 Way: 6 Address: 0x99c75560
  Set: 21 Way: 7 Address: 0x23a612560
  Set: 21 Way: 8 Address: 0x1b87f9568
  Set: 21 Way: 9 Address: 0x168ef0570
  Set: 21 Way: 10 Address: 0x108ede568
  Set: 21 Way: 11 Address: 0x6637f560
  Set: 22 Way: 0 Address: 0x3dae66580
  Set: 22 Way: 1 Address: 0x1ab4459c
  Set: 22 Way: 2 Address: 0x696d6580
  Set: 22 Way: 3 Address: 0x1aa7b6580
  Set: 22 Way: 4 Address: 0x1c084e5aa
  Set: 22 Way: 5 Address: 0x3317f45a9
  Set: 22 Way: 6 Address: 0x5e456588
  Set: 22 Way: 7 Address: 0x3a4272588
  Set: 22 Way: 8 Address: 0x23756f5a5
  Set: 23 Way: 0 Address: 0x394edb5d0
  Set: 23 Way: 1 Address: 0x1c084e5c2
  Set: 23 Way: 2 Address: 0x32f48c5d8
  Set: 23 Way: 3 Address: 0x1ab445e6
  Set: 24 Way: 0 Address: 0x1c084e62c
  Set: 24 Way: 1 Address: 0x247006620
  Set: 24 Way: 2 Address: 0x2d1a25620
  Set: 24 Way: 3 Address: 0x5e456620
  Set: 24 Way: 4 Address: 0x3735d4621
  Set: 24 Way: 5 Address: 0x6637f610
  Set: 24 Way: 6 Address: 0x257713610
  Set: 24 Way: 7 Address: 0x15164d610
  Set: 24 Way: 8 Address: 0x1ab4460e
  Set: 24 Way: 9 Address: 0xed70b610
  Set: 24 Way: 10 Address: 0x2efecd618
  Set: 24 Way: 11 Address: 0x3857be618
  Set: 25 Way: 0 Address: 0x1c084e640
  Set: 25 Way: 1 Address: 0x1ab44678
  Set: 25 Way: 2 Address: 0x260091665
  Set: 25 Way: 3 Address: 0x257713656
  Set: 25 Way: 4 Address: 0xa601670
  Set: 25 Way: 5 Address: 0x187c8d670
  Set: 25 Way: 6 Address: 0x3d6456670
  Set: 25 Way: 7 Address: 0xcf094665
  Set: 25 Way: 8 Address: 0x23756f665
  Set: 26 Way: 0 Address: 0x1c084e6ac
  Set: 26 Way: 1 Address: 0x2c9898690
  Set: 26 Way: 2 Address: 0x1ab446b8
  Set: 26 Way: 3 Address: 0x26009168f
  Set: 26 Way: 4 Address: 0x15164d690
  Set: 26 Way: 5 Address: 0x257713690
  Set: 26 Way: 6 Address: 0xcf09468f
  Set: 27 Way: 0 Address: 0x342b406e8
  Set: 27 Way: 1 Address: 0x12c0776f0
  Set: 27 Way: 2 Address: 0x1c084e6c0
  Set: 27 Way: 3 Address: 0x1ab446ca
  Set: 27 Way: 4 Address: 0x3857be6f8
  Set: 27 Way: 5 Address: 0x338c5f6f8
  Set: 27 Way: 6 Address: 0x97126c0
  Set: 27 Way: 7 Address: 0x3c79b06c0
  Set: 27 Way: 8 Address: 0x1d0f3c6f0
  Set: 27 Way: 9 Address: 0x14f54a6f0
  Set: 28 Way: 0 Address: 0x1c084e714
  Set: 28 Way: 1 Address: 0x133c92722
  Set: 28 Way: 2 Address: 0xb84a9720
  Set: 28 Way: 3 Address: 0xe51bd720
  Set: 28 Way: 4 Address: 0x1ab4470e
  Set: 28 Way: 5 Address: 0x3c79b0708
  Set: 28 Way: 6 Address: 0x1a1482708
  Set: 28 Way: 7 Address: 0x24f776700
  Set: 28 Way: 8 Address: 0xe981f700
  Set: 29 Way: 0 Address: 0x133c92778
  Set: 29 Way: 1 Address: 0x1ab4474e
  Set: 29 Way: 2 Address: 0x19c791778
  Set: 29 Way: 3 Address: 0x28420b770
  Set: 29 Way: 4 Address: 0x696d6770
  Set: 29 Way: 5 Address: 0x13ed0748
  Set: 29 Way: 6 Address: 0xbba9374a
  Set: 29 Way: 7 Address: 0xd209e742
  Set: 29 Way: 8 Address: 0x39f53b748
  Set: 30 Way: 0 Address: 0x133c927a6
  Set: 30 Way: 1 Address: 0x57be57b0
  Set: 30 Way: 2 Address: 0x3704c77b0
  Set: 30 Way: 3 Address: 0x1ab44788
  Set: 30 Way: 4 Address: 0x13ed0788
  Set: 30 Way: 5 Address: 0xd209e781
  Set: 30 Way: 6 Address: 0xbba93781
  Set: 30 Way: 7 Address: 0x1635ef781
  Set: 31 Way: 0 Address: 0x28b67e7f8
  Set: 31 Way: 1 Address: 0xc70787f8
  Set: 31 Way: 2 Address: 0xee86f7c8
  Set: 31 Way: 3 Address: 0x2db79e7f0
  Set: 31 Way: 4 Address: 0x133c927f2
  Set: 31 Way: 5 Address: 0x1ab447f8
  Set: 31 Way: 6 Address: 0xd209e7c2
  Set: 31 Way: 7 Address: 0x13ed07ca
  Set: 31 Way: 8 Address: 0x1635ef7c2
  Set: 32 Way: 0 Address: 0x1ab44824
  Set: 32 Way: 1 Address: 0x18db7a824
  Set: 32 Way: 2 Address: 0x6b744824
  Set: 32 Way: 3 Address: 0x108ede834
  Set: 32 Way: 4 Address: 0x34fc64821
  Set: 32 Way: 5 Address: 0x23756f814
  Set: 32 Way: 6 Address: 0x6637f814
  Set: 32 Way: 7 Address: 0x321ff9824
  Set: 33 Way: 0 Address: 0x1ab44872
  Set: 33 Way: 1 Address: 0x379d39870
  Set: 33 Way: 2 Address: 0x6637f866
  Set: 33 Way: 3 Address: 0x108ede878
  Set: 34 Way: 0 Address: 0x1ab4489e
  Set: 34 Way: 1 Address: 0x379d39898
  Set: 34 Way: 2 Address: 0x6637f8b0
  Set: 34 Way: 3 Address: 0x260091890
  Set: 34 Way: 4 Address: 0xcf094890
  Set: 34 Way: 5 Address: 0x15164d8b8
  Set: 34 Way: 6 Address: 0x108ede8b0
  Set: 34 Way: 7 Address: 0x1fe66e890
  Set: 35 Way: 0 Address: 0x2015988f8
  Set: 35 Way: 1 Address: 0x6d0c28f8
  Set: 35 Way: 2 Address: 0x1ab448e4
  Set: 35 Way: 3 Address: 0x2c077e8cf
  Set: 36 Way: 0 Address: 0x354d35900
  Set: 36 Way: 1 Address: 0x2177f0900
  Set: 36 Way: 2 Address: 0x1ab44938
  Set: 36 Way: 3 Address: 0x183ea6900
  Set: 36 Way: 4 Address: 0x2760e8900
  Set: 36 Way: 5 Address: 0x34fc64930
  Set: 36 Way: 6 Address: 0x3112a3918
  Set: 36 Way: 7 Address: 0xa601918
  Set: 36 Way: 8 Address: 0x1fe66e930
  Set: 36 Way: 9 Address: 0x26c17a921
  Set: 37 Way: 0 Address: 0x1ab4494e
  Set: 37 Way: 1 Address: 0x6e620955
  Set: 37 Way: 2 Address: 0xf3715958
  Set: 37 Way: 3 Address: 0x24f776958
  Set: 37 Way: 4 Address: 0x23756f950
  Set: 37 Way: 5 Address: 0x260091976
  Set: 37 Way: 6 Address: 0xcf09494f
  Set: 37 Way: 7 Address: 0x2f8e1c960
  Set: 37 Way: 8 Address: 0x34fc64951
  Set: 37 Way: 9 Address: 0x1fe66e951
  Set: 37 Way: 10 Address: 0x23730e950
  Set: 37 Way: 11 Address: 0x168ef0950
  Set: 38 Way: 0 Address: 0x1ab449a2
  Set: 38 Way: 1 Address: 0x2db79e998
  Set: 38 Way: 2 Address: 0x57be5998
  Set: 38 Way: 3 Address: 0x1fe66e991
  Set: 39 Way: 0 Address: 0x1ab449f8
  Set: 39 Way: 1 Address: 0x2fbe979d0
  Set: 40 Way: 0 Address: 0x1adda38
  Set: 40 Way: 1 Address: 0x1ab44a24
  Set: 40 Way: 2 Address: 0x108edea34
  Set: 40 Way: 3 Address: 0x312099a20
  Set: 40 Way: 4 Address: 0x257713a10
  Set: 41 Way: 0 Address: 0x276ff7a40
  Set: 41 Way: 1 Address: 0x84896a48
  Set: 41 Way: 2 Address: 0x1ab44a6e
  Set: 41 Way: 3 Address: 0xcf094a76
  Set: 41 Way: 4 Address: 0x2c077ea5a
  Set: 41 Way: 5 Address: 0x6637fa50
  Set: 42 Way: 0 Address: 0x1ab44aaa
  Set: 42 Way: 1 Address: 0x312099ab4
  Set: 42 Way: 2 Address: 0x108edea90
  Set: 42 Way: 3 Address: 0x133c92ab0
  Set: 42 Way: 4 Address: 0x6637fa90
  Set: 42 Way: 5 Address: 0x257713a90
  Set: 43 Way: 0 Address: 0x1ab44afe
  Set: 43 Way: 1 Address: 0x133c92ac0
  Set: 43 Way: 2 Address: 0x2fbe97af0
  Set: 44 Way: 0 Address: 0x1ab44b3c
  Set: 44 Way: 1 Address: 0x133c92b38
  Set: 44 Way: 2 Address: 0x2fbe97b00
  Set: 44 Way: 3 Address: 0x112417b18
  Set: 44 Way: 4 Address: 0x3fe58b18
  Set: 44 Way: 5 Address: 0x29ab70b18
  Set: 44 Way: 6 Address: 0x1954db18
  Set: 44 Way: 7 Address: 0x1a1482b20
  Set: 44 Way: 8 Address: 0x1d0f3cb20
  Set: 45 Way: 0 Address: 0x2ee369b50
  Set: 45 Way: 1 Address: 0x1ab44b68
  Set: 45 Way: 2 Address: 0x133c92b58
  Set: 45 Way: 3 Address: 0xbba93b44
  Set: 45 Way: 4 Address: 0xd209eb44
  Set: 46 Way: 0 Address: 0x1ab44b90
  Set: 46 Way: 1 Address: 0x133c92b98
  Set: 46 Way: 2 Address: 0x2db378bb0
  Set: 46 Way: 3 Address: 0x358da7bb0
  Set: 46 Way: 4 Address: 0x13ed0b89
  Set: 46 Way: 5 Address: 0xbba93b89
  Set: 47 Way: 0 Address: 0x3232f3bc8
  Set: 47 Way: 1 Address: 0xc67dabc8
  Set: 47 Way: 2 Address: 0x1ab44bc2
  Set: 47 Way: 3 Address: 0x16a859bc0
  Set: 47 Way: 4 Address: 0x3704c7bf8
  Set: 47 Way: 5 Address: 0x112417bf8
  Set: 47 Way: 6 Address: 0xbba93bca
  Set: 47 Way: 7 Address: 0x133c92be4
  Set: 47 Way: 8 Address: 0x13ed0bc9
  Set: 48 Way: 0 Address: 0x3232f3c00
  Set: 48 Way: 1 Address: 0x1ab44c0e
  Set: 48 Way: 2 Address: 0x36889bc38
  Set: 48 Way: 3 Address: 0x133c92c3e
  Set: 48 Way: 4 Address: 0x21962ec20
  Set: 48 Way: 5 Address: 0x2ff2a1c38
  Set: 48 Way: 6 Address: 0x31be12c34
  Set: 48 Way: 7 Address: 0x17e364c20
  Set: 49 Way: 0 Address: 0x1ab44c56
  Set: 49 Way: 1 Address: 0x31be12c55
  Set: 49 Way: 2 Address: 0x133c92c74
  Set: 49 Way: 3 Address: 0x36889bc48
  Set: 49 Way: 4 Address: 0x2ff2a1c55
  Set: 50 Way: 0 Address: 0x1ab44c86
  Set: 50 Way: 1 Address: 0x16a859cb0
  Set: 50 Way: 2 Address: 0x1c6532cb0
  Set: 50 Way: 3 Address: 0x2db378ca8
  Set: 50 Way: 4 Address: 0x3567dfc98
  Set: 50 Way: 5 Address: 0x133c92c88
  Set: 50 Way: 6 Address: 0x31be12c92
  Set: 51 Way: 0 Address: 0x1ab44ce6
  Set: 51 Way: 1 Address: 0x133c92cec
  Set: 51 Way: 2 Address: 0x15164dcfb
  Set: 51 Way: 3 Address: 0x7b479cf0
  Set: 51 Way: 4 Address: 0xd78d3cf0
  Set: 51 Way: 5 Address: 0x3d747dcf8
  Set: 51 Way: 6 Address: 0x2dee5ecf8
  Set: 51 Way: 7 Address: 0x6637fcdb
  Set: 51 Way: 8 Address: 0x2ff2a1cd7
  Set: 51 Way: 9 Address: 0x108edecdb
  Set: 51 Way: 10 Address: 0x3442d0cd7
  Set: 52 Way: 0 Address: 0x211d16d20
  Set: 52 Way: 1 Address: 0x1ab44d18
  Set: 52 Way: 2 Address: 0x1064c2d18
  Set: 52 Way: 3 Address: 0x27d4c6d00
  Set: 52 Way: 4 Address: 0x3d87a6d38
  Set: 52 Way: 5 Address: 0x32502cd38
  Set: 52 Way: 6 Address: 0x17e364d21
  Set: 52 Way: 7 Address: 0x1bdd18d30
  Set: 52 Way: 8 Address: 0x3ab465d30
  Set: 52 Way: 9 Address: 0x133c92d26
  Set: 52 Way: 10 Address: 0x24e60ad10
  Set: 53 Way: 0 Address: 0x23e6a3d50
  Set: 53 Way: 1 Address: 0x3d87a6d40
  Set: 53 Way: 2 Address: 0x133c92d5c
  Set: 53 Way: 3 Address: 0x1ab44d40
  Set: 53 Way: 4 Address: 0x101c26d48
  Set: 53 Way: 5 Address: 0x2dee5ed60
  Set: 53 Way: 6 Address: 0x2aa42cd60
  Set: 53 Way: 7 Address: 0x1bdd18d68
  Set: 53 Way: 8 Address: 0x2f0403d54
  Set: 53 Way: 9 Address: 0x3b57e0d58
  Set: 53 Way: 10 Address: 0x1b2ef8d58
  Set: 53 Way: 11 Address: 0x37ba22d50
  Set: 54 Way: 0 Address: 0x1ab44da4
  Set: 54 Way: 1 Address: 0x133c92db6
  Set: 55 Way: 0 Address: 0x133c92df4
  Set: 55 Way: 1 Address: 0x3bcc0ddf0
  Set: 55 Way: 2 Address: 0x7b479df0
  Set: 55 Way: 3 Address: 0x3317f4de7
  Set: 55 Way: 4 Address: 0x168ef0deb
  Set: 55 Way: 5 Address: 0x1ab44df6
  Set: 55 Way: 6 Address: 0x23756fdeb
  Set: 55 Way: 7 Address: 0x23e6a3de8
  Set: 55 Way: 8 Address: 0x279bf3de8
  Set: 55 Way: 9 Address: 0x2cc9bddf7
  Set: 56 Way: 0 Address: 0x133c92e1c
  Set: 56 Way: 1 Address: 0x1ab44e34
  Set: 56 Way: 2 Address: 0x31be12e38
  Set: 56 Way: 3 Address: 0x2ff2a1e39
  Set: 56 Way: 4 Address: 0x2d95ee30
  Set: 56 Way: 5 Address: 0x37ba22e30
  Set: 56 Way: 6 Address: 0x38a88be14
  Set: 56 Way: 7 Address: 0x168f84e10
  Set: 56 Way: 8 Address: 0x43113e10
  Set: 57 Way: 0 Address: 0x133c92e74
  Set: 57 Way: 1 Address: 0x1ab44e46
  Set: 58 Way: 0 Address: 0x1ab44e9c
  Set: 58 Way: 1 Address: 0x133c92e84
  Set: 58 Way: 2 Address: 0x1e561ae94
  Set: 58 Way: 3 Address: 0x279bf3eb8
  Set: 58 Way: 4 Address: 0x3eb0dfeb8
  Set: 59 Way: 0 Address: 0x133c92ec4
  Set: 59 Way: 1 Address: 0x1ab44ee0
  Set: 59 Way: 2 Address: 0x32502cef8
  Set: 59 Way: 3 Address: 0x3bcc0def8
  Set: 59 Way: 4 Address: 0x15164ded3
  Set: 59 Way: 5 Address: 0x257713ed3
  Set: 59 Way: 6 Address: 0x23756fef7
  Set: 59 Way: 7 Address: 0x3eb0dfef0
  Set: 59 Way: 8 Address: 0x168f84ef0
  Set: 60 Way: 0 Address: 0x143eff20
  Set: 60 Way: 1 Address: 0x1ab44f3e
  Set: 60 Way: 2 Address: 0x133c92f18
  Set: 60 Way: 3 Address: 0xd78d3f00
  Set: 60 Way: 4 Address: 0x3d747df00
  Set: 60 Way: 5 Address: 0x1b2ef8f18
  Set: 60 Way: 6 Address: 0x2d95ef18
  Set: 61 Way: 0 Address: 0x143eff40
  Set: 61 Way: 1 Address: 0x133c92f68
  Set: 61 Way: 2 Address: 0x1ab44f6e
  Set: 61 Way: 3 Address: 0x24e60af68
  Set: 61 Way: 4 Address: 0x3b57e0f68
  Set: 62 Way: 0 Address: 0x133c92fbc
  Set: 62 Way: 1 Address: 0x1ab44fa4
  Set: 62 Way: 2 Address: 0x238eddf84
  Set: 62 Way: 3 Address: 0x38a88bf84
  Set: 63 Way: 0 Address: 0x1995f2ff8
  Set: 63 Way: 1 Address: 0x133c92fec
  Set: 63 Way: 2 Address: 0x143effc8
  Set: 63 Way: 3 Address: 0x1ab44ff6
  Set: 63 Way: 4 Address: 0x2ff2a1fca
EndCache
Cache: cpu0_ITLB
  Set: 0 Way: 0 Address: 0x420950
  Set: 0 Way: 1 Address: 0x400320
  Set: 1 Way: 0 Address: 0x411444
  Set: 1 Way: 1 Address: 0x421a90
  Set: 2 Way: 0 Address: 0x4122c0
  Set: 2 Way: 1 Address: 0x402c78
  Set: 4 Way: 0 Address: 0x4c4a90
  Set: 4 Way: 1 Address: 0x4a47a5
  Set: 5 Way: 0 Address: 0x415f60
  Set: 5 Way: 1 Address: 0x4a5c65
  Set: 6 Way: 0 Address: 0x41648f
  Set: 6 Way: 1 Address: 0x4c6c80
  Set: 7 Way: 0 Address: 0x4a7d80
  Set: 8 Way: 0 Address: 0x408f00
  Set: 8 Way: 1 Address: 0x4a8401
  Set: 9 Way: 0 Address: 0x40978d
  Set: 11 Way: 0 Address: 0x40be20
  Set: 12 Way: 0 Address: 0x40cf20
  Set: 13 Way: 0 Address: 0x40d19d
  Set: 13 Way: 1 Address: 0x41dee2
  Set: 14 Way: 0 Address: 0x40ef41
  Set: 15 Way: 0 Address: 0x40f6b0
EndCache
Cache: cpu0_DTLB
  Set: 0 Way: 0 Address: 0x7fda97720610
  Set: 0 Way: 1 Address: 0x7806e8
  Set: 0 Way: 2 Address: 0x7fda975a0690
  Set: 0 Way: 3 Address: 0x520004
  Set: 1 Way: 0 Address: 0x7fda976a1cfb
  Set: 1 Way: 1 Address: 0x7fda976b1cd7
  Set: 1 Way: 2 Address: 0x7fda976e1190
  Set: 2 Way: 0 Address: 0x7fda975a2a76
  Set: 2 Way: 1 Address: 0x7fda97622470
  Set: 2 Way: 2 Address: 0x7fda97642450
  Set: 2 Way: 3 Address: 0x7fda975c2050
  Set: 3 Way: 0 Address: 0x7fda975a3058
  Set: 3 Way: 1 Address: 0x7fda9766314f
  Set: 3 Way: 2 Address: 0x7fda976c3414
  Set: 3 Way: 3 Address: 0x7fda976a394f
  Set: 4 Way: 0 Address: 0x7fda975a4955
  Set: 4 Way: 1 Address: 0x7fda976a4058
  Set: 4 Way: 2 Address: 0x7fda976e4465
  Set: 4 Way: 3 Address: 0x7fda977641cf
  Set: 5 Way: 0 Address: 0x795b00
  Set: 5 Way: 1 Address: 0x7fda976a5511
  Set: 6 Way: 0 Address: 0x18f6870
  Set: 6 Way: 1 Address: 0x7fda975c6060
  Set: 6 Way: 2 Address: 0x776038
  Set: 6 Way: 3 Address: 0x7fda975a6211
  Set: 7 Way: 0 Address: 0x7fffd6147268
  Set: 7 Way: 1 Address: 0x7fda975d7155
  Set: 7 Way: 2 Address: 0x7fda976c7060
  Set: 7 Way: 3 Address: 0x7fda976a7136
  Set: 8 Way: 0 Address: 0x7fffd61489a2
  Set: 8 Way: 1 Address: 0x7fda975a8136
  Set: 8 Way: 2 Address: 0x7fda976d8155
  Set: 8 Way: 3 Address: 0x7fda976a8279
  Set: 9 Way: 0 Address: 0x18f91f8
  Set: 9 Way: 1 Address: 0x7fffd614962c
  Set: 9 Way: 2 Address: 0x779778
  Set: 9 Way: 3 Address: 0x7fda976a9136
  Set: 10 Way: 0 Address: 0x7fda975aa7c2
  Set: 11 Way: 0 Address: 0x7fda976ab7c2
  Set: 11 Way: 1 Address: 0x7fda975ab381
  Set: 11 Way: 2 Address: 0x7fda9762b389
  Set: 11 Way: 3 Address: 0x7fda9772b748
  Set: 12 Way: 0 Address: 0x7fda975acbca
  Set: 12 Way: 1 Address: 0x7fda9772c3c9
  Set: 12 Way: 2 Address: 0x7fda976ac3c8
  Set: 13 Way: 0 Address: 0x7fda975bdf84
  Set: 13 Way: 1 Address: 0x7fda975adfca
  Set: 13 Way: 2 Address: 0x7fda976ad34a
  Set: 13 Way: 3 Address: 0x7fda975edc20
  Set: 14 Way: 0 Address: 0x18fe690
  Set: 14 Way: 1 Address: 0x7fda975be078
  Set: 14 Way: 2 Address: 0x7fda976aec34
  Set: 14 Way: 3 Address: 0x7fda9759ea34
  Set: 15 Way: 0 Address: 0x51ff20
  Set: 15 Way: 1 Address: 0x197fc40
  Set: 15 Way: 2 Address: 0x7fda9759f455
  Set: 15 Way: 3 Address: 0x7fda9769f471
EndCache
Cache: LLC
  Set: 4 Way: 0 Address: 0x2cc960124
  Set: 5 Way: 0 Address: 0x2cc960165
  Set: 9 Way: 0 Address: 0x2cc960256
  Set: 19 Way: 0 Address: 0x6e6204cf
  Set: 19 Way: 1 Address: 0x23cb404f8
  Set: 20 Way: 0 Address: 0x6e620510
  Set: 20 Way: 1 Address: 0x1f8ce0520
  Set: 20 Way: 2 Address: 0x23cb40538
  Set: 27 Way: 0 Address: 0x342b406e8
  Set: 37 Way: 0 Address: 0x6e620955
  Set: 53 Way: 0 Address: 0x3b57e0d58
  Set: 60 Way: 0 Address: 0x28a940f30
  Set: 61 Way: 0 Address: 0x28a940f41
  Set: 61 Way: 1 Address: 0x3b57e0f68
  Set: 62 Way: 0 Address: 0x28a940f83
  Set: 63 Way: 0 Address: 0x28a940fc0
  Set: 64 Way: 0 Address: 0x181c81010
  Set: 65 Way: 0 Address: 0x116e01060
  Set: 66 Way: 0 Address: 0x181c810a8
  Set: 80 Way: 0 Address: 0x116e01431
  Set: 85 Way: 0 Address: 0x106e61560
  Set: 89 Way: 0 Address: 0xa601670
  Set: 100 Way: 0 Address: 0xa601918
  Set: 112 Way: 0 Address: 0x2ff2a1c38
  Set: 113 Way: 0 Address: 0x2ff2a1c55
  Set: 115 Way: 0 Address: 0x2ff2a1cd7
  Set: 120 Way: 0 Address: 0x2ff2a1e39
  Set: 127 Way: 0 Address: 0x2ff2a1fca
  Set: 130 Way: 0 Address: 0x1c84e2090
  Set: 131 Way: 0 Address: 0x6d0c20e8
  Set: 132 Way: 0 Address: 0x348de2108
  Set: 134 Way: 0 Address: 0x2ea382190
  Set: 149 Way: 0 Address: 0x348de2540
  Set: 156 Way: 0 Address: 0x1a1482708
  Set: 163 Way: 0 Address: 0x6d0c28f8
  Set: 172 Way: 0 Address: 0x1a1482b20
  Set: 178 Way: 0 Address: 0x34e4a2c80
  Set: 180 Way: 0 Address: 0x1064c2d18
  Set: 181 Way: 0 Address: 0x37ba22d50
  Set: 184 Way: 0 Address: 0x37ba22e30
  Set: 193 Way: 0 Address: 0xc2e83060
  Set: 197 Way: 0 Address: 0x28ca63155
  Set: 205 Way: 0 Address: 0x3b0803350
  Set: 206 Way: 0 Address: 0x3b0803385
  Set: 207 Way: 0 Address: 0x3b08033c1
  Set: 208 Way: 0 Address: 0x3b0803401
  Set: 209 Way: 0 Address: 0x3b0803444
  Set: 209 Way: 1 Address: 0x16aa03450
  Set: 210 Way: 0 Address: 0x3b0803486
  Set: 213 Way: 0 Address: 0x3112a3540
  Set: 215 Way: 0 Address: 0x3b08035d0
  Set: 216 Way: 0 Address: 0x3b0803626
  Set: 217 Way: 0 Address: 0x3b0803640
  Set: 218 Way: 0 Address: 0x3b0803680
  Set: 219 Way: 0 Address: 0x3b08036c0
  Set: 220 Way: 0 Address: 0x3b0803700
  Set: 221 Way: 0 Address: 0x3b0803740
  Set: 228 Way: 0 Address: 0x3112a3918
  Set: 243 Way: 0 Address: 0x3b0803cd0
  Set: 244 Way: 0 Address: 0x3b0803d00
  Set: 245 Way: 0 Address: 0x2f0403d54
  Set: 245 Way: 1 Address: 0x23e6a3d50
  Set: 247 Way: 0 Address: 0x23e6a3de8
  Set: 256 Way: 0 Address: 0x1ab4403c
  Set: 256 Way: 1 Address: 0xb8004012
  Set: 256 Way: 2 Address: 0x34fc64021
  Set: 257 Way: 0 Address: 0x1ab44044
  Set: 257 Way: 1 Address: 0xb8004044
  Set: 258 Way: 0 Address: 0x1ab44098
  Set: 258 Way: 1 Address: 0xb8004080
  Set: 258 Way: 2 Address: 0x34fc640b0
  Set: 259 Way: 0 Address: 0xb80040f0
  Set: 259 Way: 1 Address: 0x1ab440f4
  Set: 259 Way: 2 Address: 0x34fc640cf
  Set: 260 Way: 0 Address: 0xb8004101
  Set: 260 Way: 1 Address: 0x1ab4413c
  Set: 260 Way: 2 Address: 0x34fc64136
  Set: 261 Way: 0 Address: 0xb8004162
  Set: 261 Way: 1 Address: 0x1ab44140
  Set: 262 Way: 0 Address: 0x1ab4419c
  Set: 262 Way: 1 Address: 0xb8004180
  Set: 262 Way: 2 Address: 0x34fc641b9
  Set: 262 Way: 3 Address: 0xbd624190
  Set: 263 Way: 0 Address: 0x1ab441f4
  Set: 263 Way: 1 Address: 0xb80041c0
  Set: 264 Way: 0 Address: 0x1ab4422c
  Set: 264 Way: 1 Address: 0xb8004200
  Set: 264 Way: 2 Address: 0x34fc64211
  Set: 265 Way: 0 Address: 0x1ab4427c
  Set: 265 Way: 1 Address: 0xb8004242
  Set: 266 Way: 0 Address: 0x1ab442a0
  Set: 267 Way: 0 Address: 0x1ab442f4
  Set: 268 Way: 0 Address: 0x1ab44324
  Set: 269 Way: 0 Address: 0x1ab44348
  Set: 270 Way: 0 Address: 0x1ab4439c
  Set: 271 Way: 0 Address: 0x1ab443dc
  Set: 272 Way: 0 Address: 0x1ab44428
  Set: 272 Way: 1 Address: 0x214524421
  Set: 273 Way: 0 Address: 0x1ab4447c
  Set: 273 Way: 1 Address: 0x6b744465
  Set: 274 Way: 0 Address: 0x1ab44484
  Set: 275 Way: 0 Address: 0x1ab444d0
  Set: 276 Way: 0 Address: 0x1ab4451c
  Set: 276 Way: 1 Address: 0x34fc64520
  Set: 277 Way: 0 Address: 0x1ab44570
  Set: 278 Way: 0 Address: 0x1ab4459c
  Set: 279 Way: 0 Address: 0x1ab445e6
  Set: 280 Way: 0 Address: 0x1ab4460e
  Set: 281 Way: 0 Address: 0x1ab44678
  Set: 282 Way: 0 Address: 0xb80046b0
  Set: 282 Way: 1 Address: 0x1ab446b8
  Set: 283 Way: 0 Address: 0xb80046c3
  Set: 283 Way: 1 Address: 0x1ab446ca
  Set: 284 Way: 0 Address: 0xb8004704
  Set: 284 Way: 1 Address: 0x1ab4470e
  Set: 285 Way: 0 Address: 0xb8004740
  Set: 285 Way: 1 Address: 0x1ab4474e
  Set: 286 Way: 0 Address: 0xb8004781
  Set: 286 Way: 1 Address: 0x1ab44788
  Set: 287 Way: 0 Address: 0x1ab447f8
  Set: 288 Way: 0 Address: 0x1ab44824
  Set: 288 Way: 1 Address: 0x6b744824
  Set: 288 Way: 2 Address: 0x34fc64821
  Set: 289 Way: 0 Address: 0x1ab44872
  Set: 290 Way: 0 Address: 0x1ab4489a
  Set: 291 Way: 0 Address: 0x1ab448e4
  Set: 292 Way: 0 Address: 0x1ab4490c
  Set: 292 Way: 1 Address: 0x34fc64930
  Set: 293 Way: 0 Address: 0x1ab4494e
  Set: 293 Way: 1 Address: 0x34fc64951
  Set: 294 Way: 0 Address: 0x1ab449a2
  Set: 295 Way: 0 Address: 0x1ab449f8
  Set: 296 Way: 0 Address: 0x1ab44a20
  Set: 297 Way: 0 Address: 0x1ab44a6e
  Set: 298 Way: 0 Address: 0x1ab44aaa
  Set: 299 Way: 0 Address: 0x1ab44ad2
  Set: 300 Way: 0 Address: 0x1ab44b3c
  Set: 301 Way: 0 Address: 0x1ab44b64
  Set: 302 Way: 0 Address: 0x1ab44b90
  Set: 303 Way: 0 Address: 0x1ab44bc2
  Set: 304 Way: 0 Address: 0x1ab44c0e
  Set: 304 Way: 1 Address: 0x17e364c20
  Set: 305 Way: 0 Address: 0x1ab44c56
  Set: 306 Way: 0 Address: 0x1ab44c86
  Set: 307 Way: 0 Address: 0x1ab44ce6
  Set: 308 Way: 0 Address: 0x1ab44d18
  Set: 308 Way: 1 Address: 0x17e364d21
  Set: 309 Way: 0 Address: 0x1ab44d40
  Set: 310 Way: 0 Address: 0x1ab44da4
  Set: 311 Way: 0 Address: 0x1ab44df6
  Set: 312 Way: 0 Address: 0x1ab44e34
  Set: 312 Way: 1 Address: 0x168f84e10
  Set: 313 Way: 0 Address: 0x1ab44e4a
  Set: 314 Way: 0 Address: 0x1ab44e9c
  Set: 315 Way: 0 Address: 0x1ab44ee0
  Set: 315 Way: 1 Address: 0x168f84ef0
  Set: 316 Way: 0 Address: 0x1ab44f3e
  Set: 317 Way: 0 Address: 0x1ab44f6e
  Set: 318 Way: 0 Address: 0x1ab44fa4
  Set: 319 Way: 0 Address: 0x1ab44ff6
  Set: 323 Way: 0 Address: 0x2d1a250f8
  Set: 324 Way: 0 Address: 0x1d68a5136
  Set: 325 Way: 0 Address: 0x1b3925155
  Set: 328 Way: 0 Address: 0x1d68a5212
  Set: 340 Way: 0 Address: 0x34a0e5520
  Set: 344 Way: 0 Address: 0x1d68a5620
  Set: 344 Way: 1 Address: 0x2d1a25620
  Set: 350 Way: 0 Address: 0x57be57b0
  Set: 358 Way: 0 Address: 0x57be5998
  Set: 372 Way: 0 Address: 0x3ab465d30
  Set: 380 Way: 0 Address: 0x272585f00
  Set: 384 Way: 0 Address: 0x1b7ae6000
  Set: 384 Way: 1 Address: 0x37f426038
  Set: 385 Way: 0 Address: 0x37f426040
  Set: 404 Way: 0 Address: 0x1b7ae6528
  Set: 405 Way: 0 Address: 0x183ea6558
  Set: 406 Way: 0 Address: 0x3dae66580
  Set: 408 Way: 0 Address: 0x247006620
  Set: 413 Way: 0 Address: 0x192bc6750
  Set: 414 Way: 0 Address: 0x192bc6783
  Set: 415 Way: 0 Address: 0x192bc67c0
  Set: 416 Way: 0 Address: 0x192bc6800
  Set: 417 Way: 0 Address: 0x192bc6843
  Set: 418 Way: 0 Address: 0x192bc6880
  Set: 420 Way: 0 Address: 0x183ea6900
  Set: 436 Way: 0 Address: 0x27d4c6d00
  Set: 436 Way: 1 Address: 0x3d87a6d38
  Set: 437 Way: 0 Address: 0x27d4c6d40
  Set: 437 Way: 1 Address: 0x3d87a6d40
  Set: 437 Way: 2 Address: 0x101c26d48
  Set: 464 Way: 0 Address: 0x27ae47421
  Set: 465 Way: 0 Address: 0x27ae47470
  Set: 471 Way: 0 Address: 0xbeea75c0
  Set: 472 Way: 0 Address: 0xbeea7604
  Set: 473 Way: 0 Address: 0xbeea7642
  Set: 474 Way: 0 Address: 0xbeea7680
  Set: 475 Way: 0 Address: 0xbeea76c1
  Set: 476 Way: 0 Address: 0xbeea7721
  Set: 477 Way: 0 Address: 0xbeea7740
  Set: 478 Way: 0 Address: 0xbeea7781
  Set: 478 Way: 1 Address: 0x3704c77b0
  Set: 479 Way: 0 Address: 0xbeea77c0
  Set: 480 Way: 0 Address: 0xbeea7806
  Set: 481 Way: 0 Address: 0xbeea7845
  Set: 483 Way: 0 Address: 0xbeea78c3
  Set: 484 Way: 0 Address: 0xbeea7908
  Set: 485 Way: 0 Address: 0xbeea7951
  Set: 486 Way: 0 Address: 0xbeea7980
  Set: 487 Way: 0 Address: 0xbeea79e1
  Set: 488 Way: 0 Address: 0xbeea7a0a
  Set: 489 Way: 0 Address: 0xbeea7a40
  Set: 490 Way: 0 Address: 0xbeea7a81
  Set: 491 Way: 0 Address: 0xbeea7ae0
  Set: 492 Way: 0 Address: 0xbeea7b01
  Set: 493 Way: 0 Address: 0xbeea7b43
  Set: 494 Way: 0 Address: 0xbeea7b82
  Set: 494 Way: 1 Address: 0x358da7bb0
  Set: 495 Way: 0 Address: 0xbeea7bc5
  Set: 495 Way: 1 Address: 0x3704c7bf8
  Set: 496 Way: 0 Address: 0xbeea7c08
  Set: 497 Way: 0 Address: 0xbeea7c70
  Set: 498 Way: 0 Address: 0xbeea7cb0
  Set: 499 Way: 0 Address: 0xbeea7cc4
  Set: 500 Way: 0 Address: 0xbeea7d00
  Set: 501 Way: 0 Address: 0xbeea7d7a
  Set: 502 Way: 0 Address: 0xbeea7d90
  Set: 503 Way: 0 Address: 0xbeea7dc1
  Set: 504 Way: 0 Address: 0xbeea7e20
  Set: 548 Way: 0 Address: 0x2760e8900
  Set: 549 Way: 0 Address: 0x2760e8960
  Set: 565 Way: 0 Address: 0x16668d60
  Set: 566 Way: 0 Address: 0x16668d80
  Set: 567 Way: 0 Address: 0x16668dc0
  Set: 568 Way: 0 Address: 0x16668e02
  Set: 569 Way: 0 Address: 0x16668e40
  Set: 577 Way: 0 Address: 0x2fa0c9070
  Set: 580 Way: 0 Address: 0x2fa0c9100
  Set: 588 Way: 0 Address: 0x5d6e9320
  Set: 596 Way: 0 Address: 0xb84a9500
  Set: 604 Way: 0 Address: 0xb84a9720
  Set: 621 Way: 0 Address: 0x2ee369b50
  Set: 637 Way: 0 Address: 0x2c8749f60
  Set: 638 Way: 0 Address: 0x2c8749f81
  Set: 639 Way: 0 Address: 0x2c8749fc0
  Set: 640 Way: 0 Address: 0x8754a000
  Set: 645 Way: 0 Address: 0x14f54a158
  Set: 664 Way: 0 Address: 0x8754a620
  Set: 667 Way: 0 Address: 0x14f54a6f0
  Set: 692 Way: 0 Address: 0x24e60ad10
  Set: 701 Way: 0 Address: 0x24e60af68
  Set: 704 Way: 0 Address: 0xed70b015
  Set: 705 Way: 0 Address: 0xed70b040
  Set: 708 Way: 0 Address: 0xed70b124
  Set: 723 Way: 0 Address: 0x1e568b4f8
  Set: 724 Way: 0 Address: 0x28420b508
  Set: 725 Way: 0 Address: 0x157dab568
  Set: 725 Way: 1 Address: 0x1e568b558
  Set: 728 Way: 0 Address: 0x157dab638
  Set: 728 Way: 1 Address: 0xed70b610
  Set: 733 Way: 0 Address: 0x28420b770
  Set: 760 Way: 0 Address: 0x38a88be14
  Set: 766 Way: 0 Address: 0x38a88bf84
  Set: 770 Way: 0 Address: 0x29484c0b0
  Set: 783 Way: 0 Address: 0x267bcc3e0
  Set: 784 Way: 0 Address: 0x267bcc401
  Set: 785 Way: 0 Address: 0x267bcc440
  Set: 788 Way: 0 Address: 0x1ae2cc500
  Set: 788 Way: 1 Address: 0x2cd70c520
  Set: 789 Way: 0 Address: 0x1ae2cc570
  Set: 789 Way: 1 Address: 0x2cd70c540
  Set: 791 Way: 0 Address: 0x32f48c5d8
  Set: 792 Way: 0 Address: 0x28f0cc630
  Set: 805 Way: 0 Address: 0x28f0cc968
  Set: 810 Way: 0 Address: 0xb77aca90
  Set: 820 Way: 0 Address: 0x32502cd38
  Set: 821 Way: 0 Address: 0x2aa42cd60
  Set: 827 Way: 0 Address: 0x32502cef8
  Set: 840 Way: 0 Address: 0x15164d238
  Set: 852 Way: 0 Address: 0xdb22d538
  Set: 852 Way: 1 Address: 0x1954d528
  Set: 852 Way: 2 Address: 0x2efecd528
  Set: 853 Way: 0 Address: 0x187c8d560
  Set: 856 Way: 0 Address: 0x2efecd618
  Set: 856 Way: 1 Address: 0x15164d610
  Set: 857 Way: 0 Address: 0x187c8d670
  Set: 858 Way: 0 Address: 0x15164d690
  Set: 866 Way: 0 Address: 0x15164d8b8
  Set: 876 Way: 0 Address: 0x1954db18
  Set: 883 Way: 0 Address: 0x15164dcfb
  Set: 887 Way: 0 Address: 0x3bcc0ddf0
  Set: 890 Way: 0 Address: 0x5588deb0
  Set: 891 Way: 0 Address: 0x5588dee2
  Set: 891 Way: 1 Address: 0x3bcc0def8
  Set: 891 Way: 2 Address: 0x15164ded3
  Set: 892 Way: 0 Address: 0x5588df00
  Set: 893 Way: 0 Address: 0x5588df70
  Set: 894 Way: 0 Address: 0x5588df83
  Set: 895 Way: 0 Address: 0x5588dfc1
  Set: 896 Way: 0 Address: 0x1c084e00c
  Set: 897 Way: 0 Address: 0x3734ee060
  Set: 897 Way: 1 Address: 0x1c084e042
  Set: 898 Way: 0 Address: 0x7d0ee0b9
  Set: 898 Way: 1 Address: 0x1c084e09e
  Set: 898 Way: 2 Address: 0x1fe66e0b0
  Set: 899 Way: 0 Address: 0x1c084e0d4
  Set: 899 Way: 1 Address: 0x1fe66e0cf
  Set: 900 Way: 0 Address: 0x1c084e114
  Set: 900 Way: 1 Address: 0x1fe66e134
  Set: 901 Way: 0 Address: 0x1c084e16a
  Set: 901 Way: 1 Address: 0x3d73ee14f
  Set: 902 Way: 0 Address: 0x1c084e1aa
  Set: 902 Way: 1 Address: 0x23730e1a5
  Set: 903 Way: 0 Address: 0x1c084e1e4
  Set: 904 Way: 0 Address: 0x1fe66e211
  Set: 904 Way: 1 Address: 0x1c084e210
  Set: 904 Way: 2 Address: 0x23730e212
  Set: 905 Way: 0 Address: 0x1c084e254
  Set: 905 Way: 1 Address: 0x7d0ee271
  Set: 905 Way: 2 Address: 0x23730e279
  Set: 906 Way: 0 Address: 0x1c084e280
  Set: 907 Way: 0 Address: 0x1c084e2ed
  Set: 907 Way: 1 Address: 0x1fe66e2cf
  Set: 908 Way: 0 Address: 0x1c084e317
  Set: 909 Way: 0 Address: 0x1c084e36a
  Set: 910 Way: 0 Address: 0x1c084e394
  Set: 911 Way: 0 Address: 0x1c084e3f8
  Set: 912 Way: 0 Address: 0x1c084e41c
  Set: 913 Way: 0 Address: 0x1c084e45a
  Set: 914 Way: 0 Address: 0x1c084e488
  Set: 915 Way: 0 Address: 0x1c084e4f4
  Set: 916 Way: 0 Address: 0x1c084e530
  Set: 917 Way: 0 Address: 0x1c084e548
  Set: 918 Way: 0 Address: 0x1c084e5aa
  Set: 919 Way: 0 Address: 0x1c084e5c2
  Set: 920 Way: 0 Address: 0x1c084e628
  Set: 921 Way: 0 Address: 0x1c084e640
  Set: 922 Way: 0 Address: 0x1c084e6ac
  Set: 923 Way: 0 Address: 0x1c084e6c0
  Set: 924 Way: 0 Address: 0x1c084e714
  Set: 930 Way: 0 Address: 0x1fe66e890
  Set: 932 Way: 0 Address: 0x1fe66e930
  Set: 933 Way: 0 Address: 0x7d0ee95a
  Set: 933 Way: 1 Address: 0x1fe66e951
  Set: 933 Way: 2 Address: 0x23730e950
  Set: 934 Way: 0 Address: 0x1fe66e991
  Set: 944 Way: 0 Address: 0x21962ec20
  Set: 960 Way: 0 Address: 0x16390f018
  Set: 961 Way: 0 Address: 0x16390f060
  Set: 961 Way: 1 Address: 0x22272f048
  Set: 961 Way: 2 Address: 0x23756f058
  Set: 967 Way: 0 Address: 0x23756f1cf
  Set: 972 Way: 0 Address: 0x36f08f318
  Set: 973 Way: 0 Address: 0x1635ef34a
  Set: 976 Way: 0 Address: 0x23756f414
  Set: 981 Way: 0 Address: 0x23756f570
  Set: 981 Way: 1 Address: 0x36f08f578
  Set: 982 Way: 0 Address: 0x23756f5a5
  Set: 985 Way: 0 Address: 0x23756f665
  Set: 990 Way: 0 Address: 0x1635ef781
  Set: 991 Way: 0 Address: 0xee86f7c8
  Set: 991 Way: 1 Address: 0x1635ef7c2
  Set: 992 Way: 0 Address: 0x23756f814
  Set: 997 Way: 0 Address: 0x23756f950
  Set: 1015 Way: 0 Address: 0x23756fdeb
  Set: 1019 Way: 0 Address: 0x23756fef7
  Set: 1020 Way: 0 Address: 0x143eff20
  Set: 1021 Way: 0 Address: 0x143eff40
  Set: 1023 Way: 0 Address: 0x143effc8
  Set: 1025 Way: 0 Address: 0x14bb10058
  Set: 1025 Way: 1 Address: 0x168ef0058
  Set: 1026 Way: 0 Address: 0x2177f0088
  Set: 1028 Way: 0 Address: 0x29ab70110
  Set: 1031 Way: 0 Address: 0x168ef01cf
  Set: 1037 Way: 0 Address: 0x13ed034a
  Set: 1038 Way: 0 Address: 0xad430381
  Set: 1039 Way: 0 Address: 0x13ed03cf
  Set: 1040 Way: 0 Address: 0x168ef0414
  Set: 1045 Way: 0 Address: 0x168ef0570
  Set: 1051 Way: 0 Address: 0x3c79b06c0
  Set: 1052 Way: 0 Address: 0x3c79b0708
  Set: 1053 Way: 0 Address: 0x13ed0748
  Set: 1054 Way: 0 Address: 0x13ed0788
  Set: 1055 Way: 0 Address: 0x13ed07ca
  Set: 1060 Way: 0 Address: 0x2177f0900
  Set: 1061 Way: 0 Address: 0x168ef0950
  Set: 1068 Way: 0 Address: 0x29ab70b18
  Set: 1070 Way: 0 Address: 0x13ed0b89
  Set: 1071 Way: 0 Address: 0x13ed0bc9
  Set: 1075 Way: 0 Address: 0x3442d0cd7
  Set: 1079 Way: 0 Address: 0x168ef0deb
  Set: 1090 Way: 0 Address: 0x260091090
  Set: 1096 Way: 0 Address: 0x260091236
  Set: 1098 Way: 0 Address: 0x2600912ba
  Set: 1104 Way: 0 Address: 0x260091434
  Set: 1113 Way: 0 Address: 0x260091665
  Set: 1114 Way: 0 Address: 0x26009168f
  Set: 1117 Way: 0 Address: 0x19c791778
  Set: 1122 Way: 0 Address: 0x260091890
  Set: 1125 Way: 0 Address: 0x260091976
  Set: 1152 Way: 0 Address: 0x9cff2010
  Set: 1153 Way: 0 Address: 0x9cff2060
  Set: 1153 Way: 1 Address: 0x1fd412078
  Set: 1155 Way: 0 Address: 0x133c920c8
  Set: 1157 Way: 0 Address: 0x133c92178
  Set: 1158 Way: 0 Address: 0x133c921b8
  Set: 1159 Way: 0 Address: 0x133c921e8
  Set: 1160 Way: 0 Address: 0x133c92238
  Set: 1160 Way: 1 Address: 0x3a4272210
  Set: 1160 Way: 2 Address: 0x9712210
  Set: 1161 Way: 0 Address: 0x133c92250
  Set: 1161 Way: 1 Address: 0x1fd412250
  Set: 1162 Way: 0 Address: 0x133c9229c
  Set: 1163 Way: 0 Address: 0x133c922c0
  Set: 1172 Way: 0 Address: 0x62d12518
  Set: 1173 Way: 0 Address: 0x62d12570
  Set: 1173 Way: 1 Address: 0x23a612560
  Set: 1174 Way: 0 Address: 0x3a4272588
  Set: 1179 Way: 0 Address: 0x97126c0
  Set: 1180 Way: 0 Address: 0x133c92722
  Set: 1181 Way: 0 Address: 0x133c92778
  Set: 1182 Way: 0 Address: 0x133c927a6
  Set: 1183 Way: 0 Address: 0x133c927f2
  Set: 1194 Way: 0 Address: 0x3bdb2a90
  Set: 1194 Way: 1 Address: 0x133c92ab0
  Set: 1195 Way: 0 Address: 0x133c92ac0
  Set: 1195 Way: 1 Address: 0x3bdb2ac0
  Set: 1196 Way: 0 Address: 0x133c92b38
  Set: 1196 Way: 1 Address: 0x3bdb2b00
  Set: 1197 Way: 0 Address: 0x133c92b58
  Set: 1198 Way: 0 Address: 0x133c92b98
  Set: 1199 Way: 0 Address: 0x133c92be4
  Set: 1200 Way: 0 Address: 0xa3a52c10
  Set: 1200 Way: 1 Address: 0x133c92c3e
  Set: 1200 Way: 2 Address: 0x31be12c34
  Set: 1201 Way: 0 Address: 0x31be12c55
  Set: 1201 Way: 1 Address: 0x133c92c74
  Set: 1201 Way: 2 Address: 0xa3a52c42
  Set: 1202 Way: 0 Address: 0x1c6532cb0
  Set: 1202 Way: 1 Address: 0xa3a52c80
  Set: 1202 Way: 2 Address: 0x133c92c88
  Set: 1202 Way: 3 Address: 0x31be12c92
  Set: 1203 Way: 0 Address: 0x133c92cec
  Set: 1203 Way: 1 Address: 0xa3a52cc9
  Set: 1204 Way: 0 Address: 0x133c92d00
  Set: 1204 Way: 1 Address: 0xa3a52d04
  Set: 1205 Way: 0 Address: 0x133c92d5c
  Set: 1205 Way: 1 Address: 0xa3a52d41
  Set: 1206 Way: 0 Address: 0x133c92db6
  Set: 1207 Way: 0 Address: 0x133c92df4
  Set: 1208 Way: 0 Address: 0x133c92e1c
  Set: 1208 Way: 1 Address: 0x31be12e38
  Set: 1209 Way: 0 Address: 0x133c92e74
  Set: 1210 Way: 0 Address: 0x133c92e84
  Set: 1211 Way: 0 Address: 0x133c92ec4
  Set: 1212 Way: 0 Address: 0x133c92f14
  Set: 1213 Way: 0 Address: 0x133c92f68
  Set: 1214 Way: 0 Address: 0x133c92fbc
  Set: 1215 Way: 0 Address: 0x1995f2ff8
  Set: 1215 Way: 1 Address: 0x133c92fec
  Set: 1217 Way: 0 Address: 0x34a873040
  Set: 1220 Way: 0 Address: 0x190973108
  Set: 1223 Way: 0 Address: 0x2b2e931f8
  Set: 1224 Way: 0 Address: 0x257713238
  Set: 1231 Way: 0 Address: 0xbba933c8
  Set: 1232 Way: 0 Address: 0x257713432
  Set: 1236 Way: 0 Address: 0x2113538
  Set: 1237 Way: 0 Address: 0x2113548
  Set: 1240 Way: 0 Address: 0x190973630
  Set: 1240 Way: 1 Address: 0x257713610
  Set: 1241 Way: 0 Address: 0x257713656
  Set: 1242 Way: 0 Address: 0x257713690
  Set: 1245 Way: 0 Address: 0xbba9374a
  Set: 1246 Way: 0 Address: 0xbba93781
  Set: 1256 Way: 0 Address: 0x257713a10
  Set: 1258 Way: 0 Address: 0x257713a90
  Set: 1261 Way: 0 Address: 0xbba93b44
  Set: 1262 Way: 0 Address: 0xbba93b89
  Set: 1263 Way: 0 Address: 0x3232f3bc8
  Set: 1263 Way: 1 Address: 0xbba93bca
  Set: 1264 Way: 0 Address: 0x3232f3c00
  Set: 1267 Way: 0 Address: 0xd78d3cf0
  Set: 1271 Way: 0 Address: 0x279bf3de8
  Set: 1272 Way: 0 Address: 0x43113e10
  Set: 1274 Way: 0 Address: 0x279bf3eb8
  Set: 1275 Way: 0 Address: 0x257713ed3
  Set: 1276 Way: 0 Address: 0xd78d3f00
  Set: 1280 Way: 0 Address: 0x12993403f
  Set: 1281 Way: 0 Address: 0x397bb4068
  Set: 1281 Way: 1 Address: 0x129934044
  Set: 1282 Way: 0 Address: 0x129934082
  Set: 1283 Way: 0 Address: 0x1299340c6
  Set: 1284 Way: 0 Address: 0x129934101
  Set: 1284 Way: 1 Address: 0x3317f4135
  Set: 1285 Way: 0 Address: 0x129934141
  Set: 1286 Way: 0 Address: 0x129934180
  Set: 1286 Way: 1 Address: 0x3317f41a5
  Set: 1287 Way: 0 Address: 0x1299341c2
  Set: 1287 Way: 1 Address: 0x3317f41c0
  Set: 1288 Way: 0 Address: 0x129934201
  Set: 1288 Way: 1 Address: 0xcf09423a
  Set: 1289 Way: 0 Address: 0x129934240
  Set: 1289 Way: 1 Address: 0x3317f425a
  Set: 1290 Way: 0 Address: 0x129934284
  Set: 1291 Way: 0 Address: 0x1299342c0
  Set: 1292 Way: 0 Address: 0x129934301
  Set: 1294 Way: 0 Address: 0x1299343a4
  Set: 1296 Way: 0 Address: 0x129934400
  Set: 1297 Way: 0 Address: 0x12993447f
  Set: 1297 Way: 1 Address: 0x3317f4475
  Set: 1298 Way: 0 Address: 0x129934482
  Set: 1299 Way: 0 Address: 0x1299344c0
  Set: 1300 Way: 0 Address: 0x129934503
  Set: 1301 Way: 0 Address: 0x129934548
  Set: 1302 Way: 0 Address: 0x1299345ae
  Set: 1302 Way: 1 Address: 0x3317f45a9
  Set: 1303 Way: 0 Address: 0x1299345c0
  Set: 1304 Way: 0 Address: 0x129934606
  Set: 1304 Way: 1 Address: 0x3735d4621
  Set: 1305 Way: 0 Address: 0xcf094665
  Set: 1306 Way: 0 Address: 0xcf09468f
  Set: 1312 Way: 0 Address: 0x129934810
  Set: 1313 Way: 0 Address: 0x129934841
  Set: 1314 Way: 0 Address: 0x129934880
  Set: 1314 Way: 1 Address: 0xcf094890
  Set: 1315 Way: 0 Address: 0x1299348f5
  Set: 1316 Way: 0 Address: 0x129934902
  Set: 1317 Way: 0 Address: 0x129934940
  Set: 1317 Way: 1 Address: 0xcf09494f
  Set: 1318 Way: 0 Address: 0x1299349ad
  Set: 1319 Way: 0 Address: 0x1299349c0
  Set: 1320 Way: 0 Address: 0x129934a02
  Set: 1321 Way: 0 Address: 0xcf094a76
  Set: 1321 Way: 1 Address: 0x129934a7f
  Set: 1322 Way: 0 Address: 0x129934a82
  Set: 1323 Way: 0 Address: 0x129934ac0
  Set: 1324 Way: 0 Address: 0x129934b2d
  Set: 1330 Way: 0 Address: 0x129934c80
  Set: 1335 Way: 0 Address: 0x129934de0
  Set: 1335 Way: 1 Address: 0x3317f4de7
  Set: 1336 Way: 0 Address: 0x129934e00
  Set: 1344 Way: 0 Address: 0x1b0f15004
  Set: 1345 Way: 0 Address: 0x354d35058
  Set: 1347 Way: 0 Address: 0x354d350e8
  Set: 1348 Way: 0 Address: 0x99c75110
  Set: 1349 Way: 0 Address: 0xf3715158
  Set: 1360 Way: 0 Address: 0x299395421
  Set: 1365 Way: 0 Address: 0x99c75560
  Set: 1380 Way: 0 Address: 0x354d35900
  Set: 1381 Way: 0 Address: 0xf3715958
  Set: 1419 Way: 0 Address: 0x437362c0
  Set: 1424 Way: 0 Address: 0x3d6456412
  Set: 1430 Way: 0 Address: 0x696d6580
  Set: 1430 Way: 1 Address: 0x1aa7b6580
  Set: 1430 Way: 2 Address: 0x5e456588
  Set: 1432 Way: 0 Address: 0x1aa7b6638
  Set: 1432 Way: 1 Address: 0x5e456620
  Set: 1433 Way: 0 Address: 0x3d6456670
  Set: 1434 Way: 0 Address: 0x3d6456680
  Set: 1436 Way: 0 Address: 0x24f776700
  Set: 1437 Way: 0 Address: 0x696d6770
  Set: 1445 Way: 0 Address: 0x24f776958
  Set: 1449 Way: 0 Address: 0x84896a48
  Set: 1460 Way: 0 Address: 0x211d16d20
  Set: 1499 Way: 0 Address: 0x12c0776f0
  Set: 1508 Way: 0 Address: 0x2fbe97900
  Set: 1511 Way: 0 Address: 0x2fbe979d0
  Set: 1513 Way: 0 Address: 0x276ff7a40
  Set: 1515 Way: 0 Address: 0x2fbe97af0
  Set: 1516 Way: 0 Address: 0x2fbe97b00
  Set: 1516 Way: 1 Address: 0x112417b18
  Set: 1519 Way: 0 Address: 0x112417bf8
  Set: 1536 Way: 0 Address: 0x1aafb8004
  Set: 1537 Way: 0 Address: 0x201598078
  Set: 1538 Way: 0 Address: 0x1aafb80b0
  Set: 1539 Way: 0 Address: 0x1aafb80c1
  Set: 1540 Way: 0 Address: 0x1aafb8103
  Set: 1541 Way: 0 Address: 0x1aafb8178
  Set: 1542 Way: 0 Address: 0x1aafb8182
  Set: 1552 Way: 0 Address: 0x3bdd78400
  Set: 1553 Way: 0 Address: 0x3bdd78440
  Set: 1554 Way: 0 Address: 0x3bdd78486
  Set: 1555 Way: 0 Address: 0x3bdd784c2
  Set: 1556 Way: 0 Address: 0x3bdd78513
  Set: 1557 Way: 0 Address: 0x3bdd78540
  Set: 1558 Way: 0 Address: 0x3bdd78580
  Set: 1559 Way: 0 Address: 0x3bdd785c2
  Set: 1560 Way: 0 Address: 0x3bdd78615
  Set: 1561 Way: 0 Address: 0x3bdd78640
  Set: 1562 Way: 0 Address: 0x2c9898690
  Set: 1562 Way: 1 Address: 0x3bdd78683
  Set: 1563 Way: 0 Address: 0x3bdd786c0
  Set: 1564 Way: 0 Address: 0x3bdd78700
  Set: 1565 Way: 0 Address: 0x3bdd78746
  Set: 1566 Way: 0 Address: 0x3bdd7878d
  Set: 1567 Way: 0 Address: 0xc70787f8
  Set: 1571 Way: 0 Address: 0x2015988f8
  Set: 1580 Way: 0 Address: 0x3fe58b18
  Set: 1582 Way: 0 Address: 0x2db378bb0
  Set: 1586 Way: 0 Address: 0x2db378ca8
  Set: 1588 Way: 0 Address: 0x1bdd18d30
  Set: 1589 Way: 0 Address: 0x1bdd18d68
  Set: 1589 Way: 1 Address: 0x1b2ef8d58
  Set: 1591 Way: 0 Address: 0x3bdd78df0
  Set: 1592 Way: 0 Address: 0x3bdd78e01
  Set: 1596 Way: 0 Address: 0x1b2ef8f18
  Set: 1600 Way: 0 Address: 0x312099031
  Set: 1604 Way: 0 Address: 0x312099136
  Set: 1608 Way: 0 Address: 0x312099231
  Set: 1610 Way: 0 Address: 0x3120992b4
  Set: 1612 Way: 0 Address: 0x365e79318
  Set: 1614 Way: 0 Address: 0x3f4019389
  Set: 1615 Way: 0 Address: 0x3f40193c9
  Set: 1616 Way: 0 Address: 0x321ff9425
  Set: 1617 Way: 0 Address: 0x321ff9465
  Set: 1618 Way: 0 Address: 0x3120994b0
  Set: 1618 Way: 1 Address: 0x321ff9480
  Set: 1621 Way: 0 Address: 0x1b87f9568
  Set: 1632 Way: 0 Address: 0x321ff9824
  Set: 1633 Way: 0 Address: 0x379d39870
  Set: 1634 Way: 0 Address: 0x379d39898
  Set: 1635 Way: 0 Address: 0x379d398c0
  Set: 1637 Way: 0 Address: 0x8a579950
  Set: 1638 Way: 0 Address: 0x8a579998
  Set: 1639 Way: 0 Address: 0x8a5799c0
  Set: 1640 Way: 0 Address: 0x312099a20
  Set: 1642 Way: 0 Address: 0x312099ab4
  Set: 1647 Way: 0 Address: 0x16a859bc0
  Set: 1650 Way: 0 Address: 0x16a859cb0
  Set: 1651 Way: 0 Address: 0x7b479cf0
  Set: 1655 Way: 0 Address: 0x7b479df0
  Set: 1665 Way: 0 Address: 0x24243a050
  Set: 1665 Way: 1 Address: 0x29e0da050
  Set: 1668 Way: 0 Address: 0x1132fa100
  Set: 1668 Way: 1 Address: 0x26c17a112
  Set: 1669 Way: 0 Address: 0x26c17a14f
  Set: 1680 Way: 0 Address: 0x24243a414
  Set: 1684 Way: 0 Address: 0x1132fa538
  Set: 1696 Way: 0 Address: 0x18db7a824
  Set: 1700 Way: 0 Address: 0x26c17a921
  Set: 1711 Way: 0 Address: 0xc67dabc8
  Set: 1722 Way: 0 Address: 0x1e561ae94
  Set: 1728 Way: 0 Address: 0x3b377b018
  Set: 1728 Way: 1 Address: 0xc0d9b010
  Set: 1730 Way: 0 Address: 0xc0d9b088
  Set: 1751 Way: 0 Address: 0x394edb5d0
  Set: 1757 Way: 0 Address: 0x39f53b748
  Set: 1776 Way: 0 Address: 0x36889bc38
  Set: 1777 Way: 0 Address: 0xcf83bc78
  Set: 1777 Way: 1 Address: 0x36889bc48
  Set: 1778 Way: 0 Address: 0xcf83bc80
  Set: 1779 Way: 0 Address: 0xcf83bce0
  Set: 1780 Way: 0 Address: 0xcf83bd02
  Set: 1792 Way: 0 Address: 0xdf85c000
  Set: 1793 Way: 0 Address: 0x12c6fc040
  Set: 1813 Way: 0 Address: 0x2f8e1c540
  Set: 1816 Way: 0 Address: 0x4dd9c620
  Set: 1819 Way: 0 Address: 0x1d0f3c6f0
  Set: 1828 Way: 0 Address: 0x12c6fc900
  Set: 1829 Way: 0 Address: 0x12c6fc940
  Set: 1829 Way: 1 Address: 0x4dd9c968
  Set: 1829 Way: 2 Address: 0x2f8e1c960
  Set: 1830 Way: 0 Address: 0x12c6fc988
  Set: 1832 Way: 0 Address: 0x12c6fca34
  Set: 1833 Way: 0 Address: 0x12c6fca40
  Set: 1834 Way: 0 Address: 0x12c6fcaac
  Set: 1835 Way: 0 Address: 0x12c6fcad0
  Set: 1836 Way: 0 Address: 0x1d0f3cb20
  Set: 1840 Way: 0 Address: 0x12c6fcc10
  Set: 1841 Way: 0 Address: 0x12c6fcc48
  Set: 1842 Way: 0 Address: 0x12c6fcc80
  Set: 1843 Way: 0 Address: 0x12c6fccf0
  Set: 1844 Way: 0 Address: 0x12c6fcd05
  Set: 1845 Way: 0 Address: 0x12c6fcd41
  Set: 1846 Way: 0 Address: 0x12c6fcd80
  Set: 1847 Way: 0 Address: 0x12c6fcdc0
  Set: 1848 Way: 0 Address: 0x12c6fce00
  Set: 1849 Way: 0 Address: 0x12c6fce5c
  Set: 1850 Way: 0 Address: 0x12c6fce95
  Set: 1851 Way: 0 Address: 0x12c6fcee5
  Set: 1852 Way: 0 Address: 0x12c6fcf20
  Set: 1853 Way: 0 Address: 0x12c6fcf40
  Set: 1854 Way: 0 Address: 0x12c6fcf80
  Set: 1855 Way: 0 Address: 0x12c6fcfc0
  Set: 1862 Way: 0 Address: 0x28957d190
  Set: 1876 Way: 0 Address: 0xe51bd508
  Set: 1876 Way: 1 Address: 0x2cc9bd511
  Set: 1884 Way: 0 Address: 0xe51bd720
  Set: 1896 Way: 0 Address: 0x1adda38
  Set: 1907 Way: 0 Address: 0x3d747dcf8
  Set: 1911 Way: 0 Address: 0x2cc9bddf7
  Set: 1912 Way: 0 Address: 0x2cc9bde00
  Set: 1916 Way: 0 Address: 0x3d747df00
  Set: 1918 Way: 0 Address: 0x238eddf84
  Set: 1920 Way: 0 Address: 0x28b67e000
  Set: 1920 Way: 1 Address: 0x1f919e000
  Set: 1921 Way: 0 Address: 0x20597e040
  Set: 1922 Way: 0 Address: 0x20597e0a8
  Set: 1922 Way: 1 Address: 0x108ede0a0
  Set: 1924 Way: 0 Address: 0x108ede126
  Set: 1924 Way: 1 Address: 0x2c077e135
  Set: 1928 Way: 0 Address: 0x108ede212
  Set: 1929 Way: 0 Address: 0x108ede271
  Set: 1937 Way: 0 Address: 0x2c077e475
  Set: 1937 Way: 1 Address: 0x108ede455
  Set: 1941 Way: 0 Address: 0x108ede568
  Set: 1944 Way: 0 Address: 0x3857be618
  Set: 1947 Way: 0 Address: 0x3857be6f8
  Set: 1949 Way: 0 Address: 0xd209e742
  Set: 1950 Way: 0 Address: 0xd209e781
  Set: 1951 Way: 0 Address: 0x28b67e7f8
  Set: 1951 Way: 1 Address: 0x2db79e7f0
  Set: 1951 Way: 2 Address: 0xd209e7c2
  Set: 1952 Way: 0 Address: 0x108ede834
  Set: 1953 Way: 0 Address: 0x108ede878
  Set: 1954 Way: 0 Address: 0x108ede8b0
  Set: 1955 Way: 0 Address: 0x2c077e8cf
  Set: 1958 Way: 0 Address: 0x2db79e998
  Set: 1960 Way: 0 Address: 0x108edea34
  Set: 1961 Way: 0 Address: 0x2c077ea5a
  Set: 1962 Way: 0 Address: 0x108edea90
  Set: 1965 Way: 0 Address: 0xd209eb44
  Set: 1971 Way: 0 Address: 0x2dee5ecf8
  Set: 1971 Way: 1 Address: 0x108edecdb
  Set: 1973 Way: 0 Address: 0x2dee5ed60
  Set: 1976 Way: 0 Address: 0x2d95ee30
  Set: 1980 Way: 0 Address: 0x2d95ef18
  Set: 1987 Way: 0 Address: 0x338c5f0f8
  Set: 1988 Way: 0 Address: 0x6637f126
  Set: 1991 Way: 0 Address: 0x3533df1cf
  Set: 1993 Way: 0 Address: 0x6637f278
  Set: 1994 Way: 0 Address: 0x6637f2b8
  Set: 1998 Way: 0 Address: 0x3567df3a0
  Set: 1998 Way: 1 Address: 0x1609ff381
  Set: 1998 Way: 2 Address: 0x1b7ddf389
  Set: 1999 Way: 0 Address: 0x3567df3c0
  Set: 1999 Way: 1 Address: 0x1609ff3c8
  Set: 2000 Way: 0 Address: 0x3567df420
  Set: 2000 Way: 1 Address: 0x6637f431
  Set: 2001 Way: 0 Address: 0x6637f471
  Set: 2002 Way: 0 Address: 0x3567df4a0
  Set: 2002 Way: 1 Address: 0x6637f4b0
  Set: 2005 Way: 0 Address: 0x6637f560
  Set: 2005 Way: 1 Address: 0xe981f578
  Set: 2008 Way: 0 Address: 0x6637f610
  Set: 2009 Way: 0 Address: 0x6637f640
  Set: 2011 Way: 0 Address: 0x338c5f6f8
  Set: 2012 Way: 0 Address: 0xe981f700
  Set: 2016 Way: 0 Address: 0x6637f814
  Set: 2017 Way: 0 Address: 0x6637f866
  Set: 2018 Way: 0 Address: 0x6637f8b0
  Set: 2025 Way: 0 Address: 0x6637fa50
  Set: 2026 Way: 0 Address: 0x6637fa90
  Set: 2034 Way: 0 Address: 0x3567dfc98
  Set: 2035 Way: 0 Address: 0x6637fcdb
  Set: 2042 Way: 0 Address: 0x3eb0dfeb8
  Set: 2043 Way: 0 Address: 0x3eb0dfef0
EndCache
