Cache: cpu0_STLB
  Set: 20 Way: 0 Address: 0x1814394
  Set: 23 Way: 0 Address: 0x17974b8
  Set: 25 Way: 0 Address: 0x1799a5c
  Set: 31 Way: 0 Address: 0x499fe30
  Set: 37 Way: 0 Address: 0x1625eb0
  Set: 38 Way: 0 Address: 0x1626560
  Set: 42 Way: 0 Address: 0x4caa4e0
  Set: 43 Way: 0 Address: 0x13abb30
  Set: 44 Way: 0 Address: 0x13ac200
  Set: 45 Way: 0 Address: 0x49ad790
  Set: 46 Way: 0 Address: 0x4d2eff8
  Set: 47 Way: 0 Address: 0x4d2f388
  Set: 48 Way: 0 Address: 0x13b0e24
  Set: 48 Way: 1 Address: 0x4d302f8
  Set: 49 Way: 0 Address: 0x13b1d81
  Set: 50 Way: 0 Address: 0x13b2005
  Set: 56 Way: 0 Address: 0x17b88fc
  Set: 59 Way: 0 Address: 0x4cbbc9c
  Set: 79 Way: 0 Address: 0x49cf700
  Set: 80 Way: 0 Address: 0x4a50890
  Set: 83 Way: 0 Address: 0x1853b04
  Set: 90 Way: 0 Address: 0x705ac3c
  Set: 93 Way: 0 Address: 0x16dd704
  Set: 93 Way: 1 Address: 0x49dd05c
  Set: 95 Way: 0 Address: 0x16dfa54
  Set: 97 Way: 0 Address: 0x17e180c
  Set: 99 Way: 0 Address: 0x16e388c
  Set: 102 Way: 0 Address: 0x1766950
  Set: 103 Way: 0 Address: 0x16e77c8
  Set: 103 Way: 1 Address: 0x17674c0
  Set: 106 Way: 0 Address: 0x4cea69c
  Set: 109 Way: 0 Address: 0x17ed51c
  Set: 112 Way: 0 Address: 0x4cf03dc
  Set: 114 Way: 0 Address: 0x15f2450
  Set: 115 Way: 0 Address: 0x15f3c9b
  Set: 115 Way: 1 Address: 0x7ffe2a6735a0
EndCache
Cache: cpu0_L2C
  Set: 0 Way: 0 Address: 0x163910000
  Set: 0 Way: 1 Address: 0x14bb10005
  Set: 0 Way: 2 Address: 0x28a940003
  Set: 1 Way: 0 Address: 0x14bb10040
  Set: 1 Way: 1 Address: 0x28a940040
  Set: 2 Way: 0 Address: 0x14bb10083
  Set: 2 Way: 1 Address: 0x28a940084
  Set: 3 Way: 0 Address: 0x14bb100c0
  Set: 3 Way: 1 Address: 0x28a9400c0
  Set: 7 Way: 0 Address: 0x28a9401d3
  Set: 8 Way: 0 Address: 0x28a940200
  Set: 9 Way: 0 Address: 0x28a940241
  Set: 10 Way: 0 Address: 0x28a940280
  Set: 11 Way: 0 Address: 0x28a9402c0
  Set: 12 Way: 0 Address: 0x28a940300
  Set: 13 Way: 0 Address: 0x28a940340
  Set: 14 Way: 0 Address: 0x28a940380
  Set: 20 Way: 0 Address: 0x14bb1053b
  Set: 21 Way: 0 Address: 0x14bb10543
  Set: 22 Way: 0 Address: 0x14bb10580
  Set: 30 Way: 0 Address: 0x2177f0780
  Set: 48 Way: 0 Address: 0x342b40c3c
  Set: 49 Way: 0 Address: 0x342b40c40
  Set: 51 Way: 0 Address: 0x168ef0cf8
  Set: 54 Way: 0 Address: 0x6e620d90
  Set: 65 Way: 0 Address: 0x2a4841048
  Set: 68 Way: 0 Address: 0x113201130
  Set: 68 Way: 1 Address: 0x2a4841130
  Set: 68 Way: 2 Address: 0x260091128
  Set: 92 Way: 0 Address: 0x113201738
  Set: 106 Way: 0 Address: 0xf6e81aa8
  Set: 107 Way: 0 Address: 0xf6e81ad0
  Set: 108 Way: 0 Address: 0xf6e81b04
  Set: 108 Way: 1 Address: 0x19c791b30
  Set: 109 Way: 0 Address: 0xf6e81b40
  Set: 109 Way: 1 Address: 0x19c791b41
  Set: 110 Way: 0 Address: 0x19c791b80
  Set: 111 Way: 0 Address: 0x19c791bc2
  Set: 112 Way: 0 Address: 0x19c791c00
  Set: 113 Way: 0 Address: 0x19c791c42
  Set: 114 Way: 0 Address: 0x113201cb8
  Set: 114 Way: 1 Address: 0x19c791c80
  Set: 115 Way: 0 Address: 0x19c791cc4
  Set: 116 Way: 0 Address: 0x19c791d02
  Set: 117 Way: 0 Address: 0x19c791d40
  Set: 118 Way: 0 Address: 0x19c791d84
  Set: 119 Way: 0 Address: 0x113201dc0
  Set: 119 Way: 1 Address: 0x19c791dc1
  Set: 120 Way: 0 Address: 0x19c791e00
  Set: 121 Way: 0 Address: 0x181c81e78
  Set: 121 Way: 1 Address: 0x19c791e45
  Set: 122 Way: 0 Address: 0x19c791e81
  Set: 123 Way: 0 Address: 0x181c81ee8
  Set: 123 Way: 1 Address: 0x19c791ec2
  Set: 124 Way: 0 Address: 0x19c791f00
  Set: 125 Way: 0 Address: 0x113201f68
  Set: 125 Way: 1 Address: 0x19c791f42
  Set: 126 Way: 0 Address: 0x19c791f80
  Set: 127 Way: 0 Address: 0x19c791fc1
  Set: 128 Way: 0 Address: 0x19c792000
  Set: 130 Way: 0 Address: 0x1c84e20a0
  Set: 138 Way: 0 Address: 0x1c84e2298
  Set: 151 Way: 0 Address: 0x133c925d8
  Set: 156 Way: 0 Address: 0x1995f2718
  Set: 157 Way: 0 Address: 0x133c92750
  Set: 158 Way: 0 Address: 0x133c92780
  Set: 162 Way: 0 Address: 0x31be12890
  Set: 165 Way: 0 Address: 0x133c92978
  Set: 170 Way: 0 Address: 0x6d0c2a98
  Set: 181 Way: 0 Address: 0x1064c2d60
  Set: 182 Way: 0 Address: 0x1064c2d80
  Set: 184 Way: 0 Address: 0x62d12e30
  Set: 185 Way: 0 Address: 0x62d12e40
  Set: 189 Way: 0 Address: 0x9cff2f68
  Set: 193 Way: 0 Address: 0x263c13060
  Set: 213 Way: 0 Address: 0x257713550
  Set: 229 Way: 0 Address: 0x2b2e93950
  Set: 230 Way: 0 Address: 0x2b2e93980
  Set: 231 Way: 0 Address: 0x2b2e939c0
  Set: 243 Way: 0 Address: 0x34a873cc8
  Set: 247 Way: 0 Address: 0x3c56b3dc0
  Set: 248 Way: 0 Address: 0x3b0803e24
  Set: 249 Way: 0 Address: 0x3b0803e40
  Set: 250 Way: 0 Address: 0x3b0803e82
  Set: 251 Way: 0 Address: 0x3232f3ec8
  Set: 251 Way: 1 Address: 0x3b0803ec0
  Set: 252 Way: 0 Address: 0x3232f3f00
  Set: 252 Way: 1 Address: 0x3b0803f00
  Set: 253 Way: 0 Address: 0x3b0803f42
  Set: 254 Way: 0 Address: 0x3b0803f80
  Set: 255 Way: 0 Address: 0x3232f3ff8
  Set: 255 Way: 1 Address: 0x3b0803fc0
  Set: 256 Way: 0 Address: 0x3232f4000
  Set: 256 Way: 1 Address: 0x3b0804000
  Set: 260 Way: 0 Address: 0x1ab44130
  Set: 263 Way: 0 Address: 0x1ab441c0
  Set: 275 Way: 0 Address: 0x3c10744f8
  Set: 276 Way: 0 Address: 0x12993451c
  Set: 276 Way: 1 Address: 0x3c1074528
  Set: 277 Way: 0 Address: 0x129934540
  Set: 277 Way: 1 Address: 0x3c1074578
  Set: 278 Way: 0 Address: 0x3c10745a0
  Set: 279 Way: 0 Address: 0x3c10745c8
  Set: 280 Way: 0 Address: 0x3c1074600
  Set: 283 Way: 0 Address: 0x397bb46e8
  Set: 284 Way: 0 Address: 0x397bb4738
  Set: 284 Way: 1 Address: 0x3c1074718
  Set: 285 Way: 0 Address: 0x3c1074740
  Set: 286 Way: 0 Address: 0x3c1074780
  Set: 287 Way: 0 Address: 0x3c10747f8
  Set: 288 Way: 0 Address: 0x3c1074800
  Set: 289 Way: 0 Address: 0x3c1074870
  Set: 290 Way: 0 Address: 0x3c1074880
  Set: 291 Way: 0 Address: 0x3c10748c0
  Set: 300 Way: 0 Address: 0x397bb4b38
  Set: 306 Way: 0 Address: 0x3de4d4cb8
  Set: 314 Way: 0 Address: 0xb8004eb0
  Set: 315 Way: 0 Address: 0xb8004ee8
  Set: 316 Way: 0 Address: 0xb8004f01
  Set: 316 Way: 1 Address: 0x397bb4f08
  Set: 317 Way: 0 Address: 0xb8004f60
  Set: 318 Way: 0 Address: 0xb8004f82
  Set: 319 Way: 0 Address: 0xb8004fc0
  Set: 320 Way: 0 Address: 0xb8005000
  Set: 321 Way: 0 Address: 0x195f15058
  Set: 350 Way: 0 Address: 0x34a0e5790
  Set: 351 Way: 0 Address: 0x34a0e57c0
  Set: 352 Way: 0 Address: 0x354d3580c
  Set: 353 Way: 0 Address: 0x354d35840
  Set: 357 Way: 0 Address: 0x1b0f15970
  Set: 358 Way: 0 Address: 0x1b0f15980
  Set: 361 Way: 0 Address: 0x272585a5c
  Set: 362 Way: 0 Address: 0x272585a80
  Set: 395 Way: 0 Address: 0x27d4c62f8
  Set: 396 Way: 0 Address: 0x27d4c6300
  Set: 397 Way: 0 Address: 0x211d1637c
  Set: 397 Way: 1 Address: 0x27d4c6340
  Set: 398 Way: 0 Address: 0x211d16394
  Set: 399 Way: 0 Address: 0x211d163c0
  Set: 403 Way: 0 Address: 0x3d87a64e0
  Set: 404 Way: 0 Address: 0x3d87a6500
  Set: 411 Way: 0 Address: 0x848966f8
  Set: 428 Way: 0 Address: 0x3dae66b30
  Set: 435 Way: 0 Address: 0x84896cc8
  Set: 438 Way: 0 Address: 0x43736d88
  Set: 452 Way: 0 Address: 0x276ff711c
  Set: 453 Way: 0 Address: 0x276ff7140
  Set: 466 Way: 0 Address: 0x276ff74b0
  Set: 467 Way: 0 Address: 0x276ff74c0
  Set: 468 Way: 0 Address: 0x276ff7500
  Set: 474 Way: 0 Address: 0x276ff7694
  Set: 475 Way: 0 Address: 0x276ff76c0
  Set: 478 Way: 0 Address: 0x276ff7780
  Set: 479 Way: 0 Address: 0x276ff77c0
  Set: 495 Way: 0 Address: 0x309887be0
  Set: 496 Way: 0 Address: 0x309887c00
  Set: 497 Way: 0 Address: 0x276ff7c58
  Set: 498 Way: 0 Address: 0x309887c9b
  Set: 498 Way: 1 Address: 0x276ff7c80
  Set: 498 Way: 2 Address: 0xbeea7c9c
  Set: 499 Way: 0 Address: 0x309887cfe
  Set: 499 Way: 1 Address: 0xbeea7cc0
  Set: 500 Way: 0 Address: 0x309887d00
  Set: 516 Way: 0 Address: 0x2c9898120
  Set: 519 Way: 0 Address: 0x2c98981c0
  Set: 527 Way: 0 Address: 0x3bdd783dc
  Set: 528 Way: 0 Address: 0x3bdd78400
  Set: 530 Way: 0 Address: 0x1aafb84b8
  Set: 531 Way: 0 Address: 0x1aafb84c0
  Set: 542 Way: 0 Address: 0xc70787b4
  Set: 543 Way: 0 Address: 0xc70787c8
  Set: 544 Way: 0 Address: 0xc7078800
  Set: 574 Way: 0 Address: 0x201598f98
  Set: 580 Way: 0 Address: 0x312099120
  Set: 590 Way: 0 Address: 0x2ee369398
  Set: 604 Way: 0 Address: 0x2c8749700
  Set: 605 Way: 0 Address: 0x2c8749740
  Set: 629 Way: 0 Address: 0x2fa0c9d60
  Set: 639 Way: 0 Address: 0x292959fc0
  Set: 640 Way: 0 Address: 0x229b9a000
  Set: 641 Way: 0 Address: 0x1d89da050
  Set: 644 Way: 0 Address: 0x223eda128
  Set: 693 Way: 0 Address: 0xc67dad58
  Set: 705 Way: 0 Address: 0xcf83b05c
  Set: 715 Way: 0 Address: 0xc0d9b2d0
  Set: 730 Way: 0 Address: 0x3b377b69c
  Set: 731 Way: 0 Address: 0x394edb6fc
  Set: 731 Way: 1 Address: 0x3b377b6c0
  Set: 732 Way: 0 Address: 0x394edb704
  Set: 733 Way: 0 Address: 0x394edb740
  Set: 755 Way: 0 Address: 0x394edbcd8
  Set: 756 Way: 0 Address: 0x394edbd00
  Set: 766 Way: 0 Address: 0x394edbfb0
  Set: 767 Way: 0 Address: 0x394edbfc0
  Set: 768 Way: 0 Address: 0xdf85c000
  Set: 778 Way: 0 Address: 0x1ae2cc280
  Set: 795 Way: 0 Address: 0x38e35c6f8
  Set: 799 Way: 0 Address: 0x29484c7f8
  Set: 812 Way: 0 Address: 0x38e35cb38
  Set: 819 Way: 0 Address: 0x32f48ccf8
  Set: 821 Way: 0 Address: 0x32f48cd68
  Set: 830 Way: 0 Address: 0x12c6fcf90
  Set: 834 Way: 0 Address: 0x1add0a0
  Set: 859 Way: 0 Address: 0x23755d6e8
  Set: 873 Way: 0 Address: 0x5588da54
  Set: 874 Way: 0 Address: 0x5588da80
  Set: 896 Way: 0 Address: 0x28b67e000
  Set: 899 Way: 0 Address: 0x1f919e0c8
  Set: 900 Way: 0 Address: 0x1f919e100
  Set: 900 Way: 1 Address: 0x1c084e12c
  Set: 901 Way: 0 Address: 0x1f919e140
  Set: 904 Way: 0 Address: 0x1f919e220
  Set: 905 Way: 0 Address: 0x1f919e242
  Set: 905 Way: 1 Address: 0x1c084e258
  Set: 906 Way: 0 Address: 0x1f919e280
  Set: 907 Way: 0 Address: 0x1f919e2c2
  Set: 908 Way: 0 Address: 0x1f919e301
  Set: 909 Way: 0 Address: 0x1f919e370
  Set: 910 Way: 0 Address: 0x1f919e380
  Set: 910 Way: 1 Address: 0x1c084e388
  Set: 911 Way: 0 Address: 0x1f919e3c0
  Set: 912 Way: 0 Address: 0x1f919e435
  Set: 913 Way: 0 Address: 0x1f919e447
  Set: 914 Way: 0 Address: 0x1f919e481
  Set: 915 Way: 0 Address: 0x1f919e4c1
  Set: 916 Way: 0 Address: 0x1f919e507
  Set: 917 Way: 0 Address: 0x1f919e560
  Set: 918 Way: 0 Address: 0x1f919e582
  Set: 919 Way: 0 Address: 0x1f919e5c0
  Set: 919 Way: 1 Address: 0x2db79e5d8
  Set: 919 Way: 2 Address: 0x1c084e5e8
  Set: 920 Way: 0 Address: 0x1f919e603
  Set: 920 Way: 1 Address: 0x1c084e600
  Set: 921 Way: 0 Address: 0x1f919e641
  Set: 922 Way: 0 Address: 0x1f919e681
  Set: 923 Way: 0 Address: 0x1f919e6c1
  Set: 924 Way: 0 Address: 0x1f919e703
  Set: 924 Way: 1 Address: 0x1c084e718
  Set: 925 Way: 0 Address: 0x1f919e742
  Set: 925 Way: 1 Address: 0x1c084e740
  Set: 926 Way: 0 Address: 0x1f919e7b0
  Set: 927 Way: 0 Address: 0x1f919e7c1
  Set: 927 Way: 1 Address: 0x28b67e7f8
  Set: 928 Way: 0 Address: 0x1f919e800
  Set: 929 Way: 0 Address: 0x1c084e848
  Set: 929 Way: 1 Address: 0x1f919e840
  Set: 930 Way: 0 Address: 0x1c084e880
  Set: 931 Way: 0 Address: 0x3734ee8fc
  Set: 932 Way: 0 Address: 0x3734ee900
  Set: 933 Way: 0 Address: 0x2db79e970
  Set: 949 Way: 0 Address: 0x20597ed68
  Set: 953 Way: 0 Address: 0x20597ee78
  Set: 956 Way: 0 Address: 0x2f5d8ef08
  Set: 960 Way: 0 Address: 0x16390f008
  Set: 961 Way: 0 Address: 0x16390f040
  Set: 962 Way: 0 Address: 0x16390f080
  Set: 963 Way: 0 Address: 0x16390f0c5
  Set: 964 Way: 0 Address: 0x16390f102
  Set: 965 Way: 0 Address: 0x16390f140
  Set: 966 Way: 0 Address: 0x16390f181
  Set: 967 Way: 0 Address: 0x16390f1c3
  Set: 968 Way: 0 Address: 0x16390f204
  Set: 969 Way: 0 Address: 0x16390f240
  Set: 970 Way: 0 Address: 0x16390f283
  Set: 971 Way: 0 Address: 0x16390f2c5
  Set: 972 Way: 0 Address: 0x16390f300
  Set: 973 Way: 0 Address: 0x16390f342
  Set: 974 Way: 0 Address: 0x16390f382
  Set: 975 Way: 0 Address: 0x16390f3c1
  Set: 976 Way: 0 Address: 0x16390f400
  Set: 977 Way: 0 Address: 0xee86f450
  Set: 977 Way: 1 Address: 0x16390f444
  Set: 978 Way: 0 Address: 0xee86f490
  Set: 978 Way: 1 Address: 0x16390f483
  Set: 979 Way: 0 Address: 0xee86f4c0
  Set: 979 Way: 1 Address: 0x16390f4c2
  Set: 980 Way: 0 Address: 0xee86f502
  Set: 980 Way: 1 Address: 0x16390f504
  Set: 981 Way: 0 Address: 0xee86f578
  Set: 981 Way: 1 Address: 0x23756f550
  Set: 981 Way: 2 Address: 0x16390f540
  Set: 982 Way: 0 Address: 0xee86f580
  Set: 982 Way: 1 Address: 0x16390f580
  Set: 983 Way: 0 Address: 0xee86f5c0
  Set: 983 Way: 1 Address: 0x16390f5c2
  Set: 984 Way: 0 Address: 0xee86f600
  Set: 984 Way: 1 Address: 0x16390f601
  Set: 985 Way: 0 Address: 0xee86f650
  Set: 985 Way: 1 Address: 0x16390f642
  Set: 986 Way: 0 Address: 0xee86f680
  Set: 986 Way: 1 Address: 0x16390f680
  Set: 987 Way: 0 Address: 0xee86f6c0
  Set: 987 Way: 1 Address: 0x16390f6c8
  Set: 988 Way: 0 Address: 0x16390f700
  Set: 989 Way: 0 Address: 0x22272f750
  Set: 989 Way: 1 Address: 0x16390f740
  Set: 990 Way: 0 Address: 0x16390f786
  Set: 991 Way: 0 Address: 0x16390f7c1
  Set: 992 Way: 0 Address: 0x16390f807
  Set: 993 Way: 0 Address: 0x16390f840
  Set: 994 Way: 0 Address: 0x143ef88c
  Set: 994 Way: 1 Address: 0x16390f880
  Set: 995 Way: 0 Address: 0x143ef8f0
  Set: 995 Way: 1 Address: 0x16390f8c6
  Set: 996 Way: 0 Address: 0x143ef900
  Set: 996 Way: 1 Address: 0x16390f902
  Set: 997 Way: 0 Address: 0x16390f941
  Set: 998 Way: 0 Address: 0x23756f980
  Set: 998 Way: 1 Address: 0x16390f980
  Set: 999 Way: 0 Address: 0x16390f9c0
  Set: 1000 Way: 0 Address: 0x16390fa03
  Set: 1001 Way: 0 Address: 0x16390fa42
  Set: 1002 Way: 0 Address: 0x16390fa81
  Set: 1003 Way: 0 Address: 0x16390fac0
  Set: 1004 Way: 0 Address: 0x16390fb00
  Set: 1005 Way: 0 Address: 0x16390fb46
  Set: 1006 Way: 0 Address: 0x16390fb80
  Set: 1007 Way: 0 Address: 0x16390fbc2
  Set: 1008 Way: 0 Address: 0x16390fc00
  Set: 1009 Way: 0 Address: 0x16390fc40
  Set: 1010 Way: 0 Address: 0x16390fc80
  Set: 1011 Way: 0 Address: 0x16390fcc6
  Set: 1012 Way: 0 Address: 0x16390fd02
  Set: 1013 Way: 0 Address: 0x16390fd41
  Set: 1014 Way: 0 Address: 0x16390fd81
  Set: 1015 Way: 0 Address: 0x16390fdc0
  Set: 1016 Way: 0 Address: 0x16390fe00
  Set: 1017 Way: 0 Address: 0x16390fe42
  Set: 1018 Way: 0 Address: 0x16390fe81
  Set: 1019 Way: 0 Address: 0x16390fec0
  Set: 1020 Way: 0 Address: 0x16390ff04
  Set: 1021 Way: 0 Address: 0x16390ff40
  Set: 1022 Way: 0 Address: 0x16390ff80
  Set: 1023 Way: 0 Address: 0x16390ffc3
EndCache
Cache: cpu0_L1I
  Set: 0 Way: 0 Address: 0x14bb1003a
  Set: 0 Way: 1 Address: 0x28a940003
  Set: 0 Way: 2 Address: 0x16390f02f
  Set: 1 Way: 0 Address: 0x14bb10070
  Set: 1 Way: 1 Address: 0x28a940044
  Set: 1 Way: 2 Address: 0x16390f040
  Set: 2 Way: 0 Address: 0x14bb10083
  Set: 2 Way: 1 Address: 0x28a9400ac
  Set: 2 Way: 2 Address: 0x16390f080
  Set: 3 Way: 0 Address: 0x1f919e0ee
  Set: 3 Way: 1 Address: 0x16390f0c5
  Set: 4 Way: 0 Address: 0x1f919e100
  Set: 4 Way: 1 Address: 0x16390f102
  Set: 5 Way: 0 Address: 0x16390f143
  Set: 6 Way: 0 Address: 0x16390f181
  Set: 7 Way: 0 Address: 0x28a9401d3
  Set: 7 Way: 1 Address: 0x16390f1c3
  Set: 8 Way: 0 Address: 0x1f919e220
  Set: 8 Way: 1 Address: 0x28a94021d
  Set: 8 Way: 2 Address: 0x16390f204
  Set: 9 Way: 0 Address: 0x1f919e242
  Set: 9 Way: 1 Address: 0x28a940241
  Set: 9 Way: 2 Address: 0x16390f242
  Set: 10 Way: 0 Address: 0x1f919e281
  Set: 10 Way: 1 Address: 0x28a940280
  Set: 10 Way: 2 Address: 0x16390f283
  Set: 11 Way: 0 Address: 0x1f919e2f5
  Set: 11 Way: 1 Address: 0x28a9402c2
  Set: 11 Way: 2 Address: 0x16390f2c5
  Set: 12 Way: 0 Address: 0x1f919e301
  Set: 12 Way: 1 Address: 0x28a940336
  Set: 12 Way: 2 Address: 0x16390f302
  Set: 13 Way: 0 Address: 0x1f919e370
  Set: 13 Way: 1 Address: 0x28a940343
  Set: 13 Way: 2 Address: 0x16390f342
  Set: 14 Way: 0 Address: 0x1f919e3a0
  Set: 14 Way: 1 Address: 0x16390f382
  Set: 15 Way: 0 Address: 0x16390f3c1
  Set: 16 Way: 0 Address: 0x1f919e435
  Set: 16 Way: 1 Address: 0x16390f407
  Set: 17 Way: 0 Address: 0xee86f450
  Set: 17 Way: 1 Address: 0x1f919e46c
  Set: 17 Way: 2 Address: 0x16390f444
  Set: 18 Way: 0 Address: 0xee86f490
  Set: 18 Way: 1 Address: 0x1f919e4aa
  Set: 18 Way: 2 Address: 0x16390f483
  Set: 19 Way: 0 Address: 0xee86f4ea
  Set: 19 Way: 1 Address: 0x1f919e4ff
  Set: 19 Way: 2 Address: 0x16390f4fd
  Set: 20 Way: 0 Address: 0xee86f532
  Set: 20 Way: 1 Address: 0x1f919e534
  Set: 20 Way: 2 Address: 0x14bb1053b
  Set: 20 Way: 3 Address: 0x16390f504
  Set: 21 Way: 0 Address: 0x1f919e560
  Set: 21 Way: 1 Address: 0xee86f578
  Set: 21 Way: 2 Address: 0x14bb10543
  Set: 21 Way: 3 Address: 0x16390f543
  Set: 22 Way: 0 Address: 0x1f919e5bb
  Set: 22 Way: 1 Address: 0xee86f580
  Set: 22 Way: 2 Address: 0x16390f581
  Set: 23 Way: 0 Address: 0x1f919e5fc
  Set: 23 Way: 1 Address: 0xee86f5e8
  Set: 23 Way: 2 Address: 0x16390f5c2
  Set: 24 Way: 0 Address: 0x1f919e63f
  Set: 24 Way: 1 Address: 0xee86f603
  Set: 24 Way: 2 Address: 0x16390f63f
  Set: 25 Way: 0 Address: 0x1f919e641
  Set: 25 Way: 1 Address: 0xee86f650
  Set: 25 Way: 2 Address: 0x16390f642
  Set: 26 Way: 0 Address: 0x1f919e69a
  Set: 26 Way: 1 Address: 0xee86f680
  Set: 26 Way: 2 Address: 0x16390f683
  Set: 27 Way: 0 Address: 0x1f919e6f4
  Set: 27 Way: 1 Address: 0x16390f6c8
  Set: 28 Way: 0 Address: 0x1f919e71b
  Set: 28 Way: 1 Address: 0x16390f700
  Set: 29 Way: 0 Address: 0x1f919e774
  Set: 29 Way: 1 Address: 0x16390f742
  Set: 30 Way: 0 Address: 0x1f919e7b0
  Set: 30 Way: 1 Address: 0x16390f786
  Set: 31 Way: 0 Address: 0x1f919e7c1
  Set: 31 Way: 1 Address: 0x16390f7ee
  Set: 32 Way: 0 Address: 0x1f919e800
  Set: 32 Way: 1 Address: 0x16390f807
  Set: 33 Way: 0 Address: 0x16390f842
  Set: 34 Way: 0 Address: 0x16390f884
  Set: 35 Way: 0 Address: 0x16390f8c6
  Set: 36 Way: 0 Address: 0x16390f939
  Set: 37 Way: 0 Address: 0x16390f941
  Set: 38 Way: 0 Address: 0x16390f987
  Set: 39 Way: 0 Address: 0x16390f9c4
  Set: 40 Way: 0 Address: 0x16390fa03
  Set: 41 Way: 0 Address: 0x16390fa79
  Set: 42 Way: 0 Address: 0x16390fab7
  Set: 43 Way: 0 Address: 0x16390fac5
  Set: 44 Way: 0 Address: 0x19c791b30
  Set: 44 Way: 1 Address: 0x16390fb03
  Set: 45 Way: 0 Address: 0x19c791b79
  Set: 45 Way: 1 Address: 0x16390fb46
  Set: 46 Way: 0 Address: 0x19c791b82
  Set: 46 Way: 1 Address: 0x16390fb80
  Set: 47 Way: 0 Address: 0x309887be0
  Set: 47 Way: 1 Address: 0x19c791bc2
  Set: 47 Way: 2 Address: 0x16390fbc2
  Set: 48 Way: 0 Address: 0x19c791c02
  Set: 48 Way: 1 Address: 0x16390fc08
  Set: 49 Way: 0 Address: 0x19c791c42
  Set: 49 Way: 1 Address: 0x16390fc45
  Set: 50 Way: 0 Address: 0x309887cbf
  Set: 50 Way: 1 Address: 0x19c791c82
  Set: 50 Way: 2 Address: 0x16390fc80
  Set: 51 Way: 0 Address: 0x309887cc3
  Set: 51 Way: 1 Address: 0x19c791cc4
  Set: 51 Way: 2 Address: 0x16390fcfc
  Set: 52 Way: 0 Address: 0x19c791d02
  Set: 52 Way: 1 Address: 0x16390fd3d
  Set: 53 Way: 0 Address: 0x19c791d46
  Set: 53 Way: 1 Address: 0x16390fd41
  Set: 54 Way: 0 Address: 0x16390fd81
  Set: 54 Way: 1 Address: 0x19c791d84
  Set: 55 Way: 0 Address: 0x16390fdc4
  Set: 55 Way: 1 Address: 0x19c791dc1
  Set: 56 Way: 0 Address: 0x16390fe2f
  Set: 56 Way: 1 Address: 0x3b0803e24
  Set: 56 Way: 2 Address: 0x19c791e00
  Set: 57 Way: 0 Address: 0x16390fe72
  Set: 57 Way: 1 Address: 0x3b0803e7f
  Set: 57 Way: 2 Address: 0x19c791e6a
  Set: 58 Way: 0 Address: 0xb8004eb0
  Set: 58 Way: 1 Address: 0x16390fe81
  Set: 58 Way: 2 Address: 0x3b0803e82
  Set: 58 Way: 3 Address: 0x19c791ea6
  Set: 59 Way: 0 Address: 0xb8004ee8
  Set: 59 Way: 1 Address: 0x16390fec1
  Set: 59 Way: 2 Address: 0x3b0803ec7
  Set: 59 Way: 3 Address: 0x19c791ec2
  Set: 60 Way: 0 Address: 0xb8004f01
  Set: 60 Way: 1 Address: 0x16390ff04
  Set: 60 Way: 2 Address: 0x19c791f01
  Set: 60 Way: 3 Address: 0x3b0803f35
  Set: 61 Way: 0 Address: 0xb8004f60
  Set: 61 Way: 1 Address: 0x16390ff6f
  Set: 61 Way: 2 Address: 0x19c791f42
  Set: 61 Way: 3 Address: 0x3b0803f73
  Set: 62 Way: 0 Address: 0xb8004f82
  Set: 62 Way: 1 Address: 0x16390ffb0
  Set: 62 Way: 2 Address: 0x19c791fae
  Set: 62 Way: 3 Address: 0x3b0803f80
  Set: 63 Way: 0 Address: 0xb8004fc0
  Set: 63 Way: 1 Address: 0x16390ffe3
  Set: 63 Way: 2 Address: 0x19c791fc1
  Set: 63 Way: 3 Address: 0x3b0803fc3
EndCache
Cache: cpu0_L1D
  Set: 0 Way: 0 Address: 0xdf85c000
  Set: 0 Way: 1 Address: 0x28b67e000
  Set: 0 Way: 2 Address: 0x229b9a000
  Set: 1 Way: 0 Address: 0x195f15058
  Set: 1 Way: 1 Address: 0x263c13060
  Set: 1 Way: 2 Address: 0x1d89da050
  Set: 1 Way: 3 Address: 0x2a4841048
  Set: 1 Way: 4 Address: 0xcf83b05c
  Set: 2 Way: 0 Address: 0x1c84e20a0
  Set: 2 Way: 1 Address: 0x1add0a0
  Set: 4 Way: 0 Address: 0x113201130
  Set: 4 Way: 1 Address: 0x223eda128
  Set: 4 Way: 2 Address: 0x2a4841130
  Set: 4 Way: 3 Address: 0x1ab44130
  Set: 4 Way: 4 Address: 0x2c9898120
  Set: 4 Way: 5 Address: 0x312099120
  Set: 4 Way: 6 Address: 0x276ff711c
  Set: 4 Way: 7 Address: 0x260091128
  Set: 4 Way: 8 Address: 0x1c084e12c
  Set: 7 Way: 0 Address: 0x1ab441c0
  Set: 7 Way: 1 Address: 0x2c98981c0
  Set: 9 Way: 0 Address: 0x1c084e258
  Set: 10 Way: 0 Address: 0x1c84e2298
  Set: 10 Way: 1 Address: 0x1ae2cc280
  Set: 11 Way: 0 Address: 0xc0d9b2d0
  Set: 11 Way: 1 Address: 0x27d4c62f8
  Set: 12 Way: 0 Address: 0x27d4c6300
  Set: 13 Way: 0 Address: 0x211d1637c
  Set: 14 Way: 0 Address: 0x2ee369398
  Set: 14 Way: 1 Address: 0x211d1638c
  Set: 14 Way: 2 Address: 0x1c084e388
  Set: 15 Way: 0 Address: 0x3bdd783dc
  Set: 18 Way: 0 Address: 0x1aafb84b8
  Set: 18 Way: 1 Address: 0x276ff74b0
  Set: 19 Way: 0 Address: 0x276ff74c0
  Set: 19 Way: 1 Address: 0x3d87a64e0
  Set: 19 Way: 2 Address: 0x3c10744f0
  Set: 20 Way: 0 Address: 0x12993451c
  Set: 20 Way: 1 Address: 0x3c1074528
  Set: 21 Way: 0 Address: 0x23756f550
  Set: 21 Way: 1 Address: 0x257713550
  Set: 21 Way: 2 Address: 0x3c1074578
  Set: 22 Way: 0 Address: 0x3c10745b8
  Set: 23 Way: 0 Address: 0x3c10745d8
  Set: 23 Way: 1 Address: 0x133c925d8
  Set: 23 Way: 2 Address: 0x2db79e5d8
  Set: 23 Way: 3 Address: 0x1c084e5e8
  Set: 26 Way: 0 Address: 0x276ff7694
  Set: 26 Way: 1 Address: 0x3b377b69c
  Set: 27 Way: 0 Address: 0x397bb46e8
  Set: 27 Way: 1 Address: 0x23755d6e8
  Set: 27 Way: 2 Address: 0x38e35c6f8
  Set: 27 Way: 3 Address: 0x848966f8
  Set: 27 Way: 4 Address: 0x394edb6fc
  Set: 28 Way: 0 Address: 0x113201738
  Set: 28 Way: 1 Address: 0x397bb4738
  Set: 28 Way: 2 Address: 0x1995f2718
  Set: 28 Way: 3 Address: 0x394edb704
  Set: 28 Way: 4 Address: 0x1c084e718
  Set: 28 Way: 5 Address: 0x3c1074718
  Set: 28 Way: 6 Address: 0x2c8749700
  Set: 29 Way: 0 Address: 0x133c92750
  Set: 29 Way: 1 Address: 0x22272f750
  Set: 29 Way: 2 Address: 0x3c1074750
  Set: 30 Way: 0 Address: 0xc70787b4
  Set: 30 Way: 1 Address: 0x276ff7780
  Set: 30 Way: 2 Address: 0x133c92780
  Set: 30 Way: 3 Address: 0x2177f0780
  Set: 30 Way: 4 Address: 0x34a0e5790
  Set: 30 Way: 5 Address: 0x3c10747a4
  Set: 31 Way: 0 Address: 0x28b67e7f8
  Set: 31 Way: 1 Address: 0x29484c7f8
  Set: 31 Way: 2 Address: 0xc70787c8
  Set: 31 Way: 3 Address: 0x3c10747d8
  Set: 32 Way: 0 Address: 0x354d3580c
  Set: 32 Way: 1 Address: 0x3c1074830
  Set: 33 Way: 0 Address: 0x3c1074870
  Set: 33 Way: 1 Address: 0x1c084e848
  Set: 34 Way: 0 Address: 0x143ef8a4
  Set: 34 Way: 1 Address: 0x3c1074880
  Set: 34 Way: 2 Address: 0x31be12890
  Set: 35 Way: 0 Address: 0x3734ee8fc
  Set: 35 Way: 1 Address: 0x143ef8f0
  Set: 37 Way: 0 Address: 0x2b2e93950
  Set: 37 Way: 1 Address: 0x133c92978
  Set: 37 Way: 2 Address: 0x2db79e970
  Set: 37 Way: 3 Address: 0x1b0f15970
  Set: 38 Way: 0 Address: 0x2b2e9398c
  Set: 38 Way: 1 Address: 0x1b0f15980
  Set: 38 Way: 2 Address: 0x23756f980
  Set: 41 Way: 0 Address: 0x5588da54
  Set: 41 Way: 1 Address: 0x272585a5c
  Set: 42 Way: 0 Address: 0x6d0c2a98
  Set: 42 Way: 1 Address: 0xf6e81aa4
  Set: 43 Way: 0 Address: 0xf6e81ac8
  Set: 44 Way: 0 Address: 0xf6e81b14
  Set: 44 Way: 1 Address: 0x397bb4b30
  Set: 44 Way: 2 Address: 0x3dae66b30
  Set: 44 Way: 3 Address: 0x38e35cb38
  Set: 48 Way: 0 Address: 0x342b40c3c
  Set: 49 Way: 0 Address: 0x276ff7c58
  Set: 49 Way: 1 Address: 0x342b40c40
  Set: 50 Way: 0 Address: 0x113201cb8
  Set: 50 Way: 1 Address: 0x3de4d4cb8
  Set: 50 Way: 2 Address: 0xbeea7c9c
  Set: 51 Way: 0 Address: 0x84896cc8
  Set: 51 Way: 1 Address: 0x34a873cc8
  Set: 51 Way: 2 Address: 0x394edbcd8
  Set: 51 Way: 3 Address: 0x32f48ccf8
  Set: 51 Way: 4 Address: 0x168ef0cf8
  Set: 53 Way: 0 Address: 0x1064c2d60
  Set: 53 Way: 1 Address: 0x2fa0c9d60
  Set: 53 Way: 2 Address: 0xc67dad58
  Set: 53 Way: 3 Address: 0x20597ed68
  Set: 53 Way: 4 Address: 0x32f48cd68
  Set: 54 Way: 0 Address: 0x43736d88
  Set: 54 Way: 1 Address: 0x6e620d90
  Set: 54 Way: 2 Address: 0x1064c2d80
  Set: 55 Way: 0 Address: 0x113201dc0
  Set: 55 Way: 1 Address: 0x3c56b3dc0
  Set: 56 Way: 0 Address: 0x62d12e30
  Set: 57 Way: 0 Address: 0x181c81e78
  Set: 57 Way: 1 Address: 0x20597ee78
  Set: 59 Way: 0 Address: 0x3232f3ec8
  Set: 59 Way: 1 Address: 0x181c81ee8
  Set: 60 Way: 0 Address: 0x397bb4f08
  Set: 60 Way: 1 Address: 0x2f5d8ef08
  Set: 61 Way: 0 Address: 0x113201f68
  Set: 61 Way: 1 Address: 0x9cff2f68
  Set: 62 Way: 0 Address: 0x201598f98
  Set: 62 Way: 1 Address: 0x12c6fcf90
  Set: 62 Way: 2 Address: 0x394edbfb0
  Set: 63 Way: 0 Address: 0x292959fc0
  Set: 63 Way: 1 Address: 0x3232f3ff8
EndCache
Cache: cpu0_ITLB
  Set: 0 Way: 0 Address: 0x13b0e24
  Set: 1 Way: 0 Address: 0x13b1d81
  Set: 2 Way: 0 Address: 0x15f2580
  Set: 2 Way: 1 Address: 0x13b2083
  Set: 3 Way: 0 Address: 0x15f3be0
  Set: 5 Way: 0 Address: 0x1625eb0
  Set: 6 Way: 0 Address: 0x1626603
  Set: 11 Way: 0 Address: 0x13abb79
  Set: 12 Way: 0 Address: 0x13ac280
EndCache
Cache: cpu0_DTLB
  Set: 0 Way: 0 Address: 0x4cf03dc
  Set: 0 Way: 1 Address: 0x4d302f8
  Set: 0 Way: 2 Address: 0x4a50890
  Set: 1 Way: 0 Address: 0x17e180c
  Set: 3 Way: 0 Address: 0x1853b24
  Set: 3 Way: 1 Address: 0x16e38a4
  Set: 3 Way: 2 Address: 0x7ffe2a6735d8
  Set: 4 Way: 0 Address: 0x181438c
  Set: 6 Way: 0 Address: 0x1766950
  Set: 7 Way: 0 Address: 0x17974b8
  Set: 7 Way: 1 Address: 0x16e77b4
  Set: 7 Way: 2 Address: 0x1767c58
  Set: 8 Way: 0 Address: 0x17b88fc
  Set: 9 Way: 0 Address: 0x1799a5c
  Set: 10 Way: 0 Address: 0x4cea69c
  Set: 10 Way: 1 Address: 0x705ac3c
  Set: 10 Way: 2 Address: 0x4caa4e0
  Set: 11 Way: 0 Address: 0x4cbbc9c
  Set: 13 Way: 0 Address: 0x17ed51c
  Set: 13 Way: 1 Address: 0x16dd704
  Set: 13 Way: 2 Address: 0x49dd05c
  Set: 13 Way: 3 Address: 0x49ad790
  Set: 14 Way: 0 Address: 0x4d2eec8
  Set: 15 Way: 0 Address: 0x16dfa54
  Set: 15 Way: 1 Address: 0x4d2f388
  Set: 15 Way: 2 Address: 0x49cf700
  Set: 15 Way: 3 Address: 0x499fe30
EndCache
Cache: LLC
  Set: 0 Way: 0 Address: 0x28a940003
  Set: 1 Way: 0 Address: 0x28a940040
  Set: 2 Way: 0 Address: 0x28a940080
  Set: 3 Way: 0 Address: 0x28a9400c0
  Set: 7 Way: 0 Address: 0x28a9401d3
  Set: 8 Way: 0 Address: 0x28a940200
  Set: 9 Way: 0 Address: 0x28a940241
  Set: 10 Way: 0 Address: 0x28a940280
  Set: 11 Way: 0 Address: 0x28a9402c0
  Set: 12 Way: 0 Address: 0x28a940300
  Set: 13 Way: 0 Address: 0x28a940340
  Set: 14 Way: 0 Address: 0x28a940380
  Set: 48 Way: 0 Address: 0x342b40c3c
  Set: 49 Way: 0 Address: 0x342b40c40
  Set: 54 Way: 0 Address: 0x6e620d90
  Set: 65 Way: 0 Address: 0x2a4841048
  Set: 68 Way: 0 Address: 0x113201130
  Set: 68 Way: 1 Address: 0x2a4841130
  Set: 92 Way: 0 Address: 0x113201738
  Set: 106 Way: 0 Address: 0xf6e81aa8
  Set: 107 Way: 0 Address: 0xf6e81ad0
  Set: 108 Way: 0 Address: 0xf6e81b04
  Set: 109 Way: 0 Address: 0xf6e81b40
  Set: 114 Way: 0 Address: 0x113201cb8
  Set: 119 Way: 0 Address: 0x113201dc0
  Set: 121 Way: 0 Address: 0x181c81e78
  Set: 123 Way: 0 Address: 0x181c81ee8
  Set: 125 Way: 0 Address: 0x113201f68
  Set: 130 Way: 0 Address: 0x1c84e20a0
  Set: 138 Way: 0 Address: 0x1c84e2298
  Set: 170 Way: 0 Address: 0x6d0c2a98
  Set: 181 Way: 0 Address: 0x1064c2d60
  Set: 182 Way: 0 Address: 0x1064c2d80
  Set: 248 Way: 0 Address: 0x3b0803e24
  Set: 249 Way: 0 Address: 0x3b0803e40
  Set: 250 Way: 0 Address: 0x3b0803e82
  Set: 251 Way: 0 Address: 0x3b0803ec0
  Set: 252 Way: 0 Address: 0x3b0803f00
  Set: 253 Way: 0 Address: 0x3b0803f42
  Set: 254 Way: 0 Address: 0x3b0803f80
  Set: 255 Way: 0 Address: 0x3b0803fc0
  Set: 256 Way: 0 Address: 0x3b0804000
  Set: 260 Way: 0 Address: 0x1ab44130
  Set: 263 Way: 0 Address: 0x1ab441c0
  Set: 314 Way: 0 Address: 0xb8004eb0
  Set: 315 Way: 0 Address: 0xb8004ee8
  Set: 316 Way: 0 Address: 0xb8004f01
  Set: 317 Way: 0 Address: 0xb8004f60
  Set: 318 Way: 0 Address: 0xb8004f82
  Set: 319 Way: 0 Address: 0xb8004fc0
  Set: 320 Way: 0 Address: 0xb8005000
  Set: 350 Way: 0 Address: 0x34a0e5790
  Set: 351 Way: 0 Address: 0x34a0e57c0
  Set: 361 Way: 0 Address: 0x272585a5c
  Set: 362 Way: 0 Address: 0x272585a80
  Set: 395 Way: 0 Address: 0x27d4c62f8
  Set: 396 Way: 0 Address: 0x27d4c6300
  Set: 397 Way: 0 Address: 0x27d4c6340
  Set: 403 Way: 0 Address: 0x3d87a64e0
  Set: 404 Way: 0 Address: 0x3d87a6500
  Set: 428 Way: 0 Address: 0x3dae66b30
  Set: 495 Way: 0 Address: 0x309887be0
  Set: 496 Way: 0 Address: 0x309887c00
  Set: 498 Way: 0 Address: 0x309887c9b
  Set: 498 Way: 1 Address: 0xbeea7c9c
  Set: 499 Way: 0 Address: 0x309887cfe
  Set: 499 Way: 1 Address: 0xbeea7cc0
  Set: 500 Way: 0 Address: 0x309887d00
  Set: 590 Way: 0 Address: 0x2ee369398
  Set: 604 Way: 0 Address: 0x2c8749700
  Set: 605 Way: 0 Address: 0x2c8749740
  Set: 629 Way: 0 Address: 0x2fa0c9d60
  Set: 778 Way: 0 Address: 0x1ae2cc280
  Set: 799 Way: 0 Address: 0x29484c7f8
  Set: 819 Way: 0 Address: 0x32f48ccf8
  Set: 821 Way: 0 Address: 0x32f48cd68
  Set: 873 Way: 0 Address: 0x5588da54
  Set: 874 Way: 0 Address: 0x5588da80
  Set: 900 Way: 0 Address: 0x1c084e12c
  Set: 905 Way: 0 Address: 0x1c084e258
  Set: 910 Way: 0 Address: 0x1c084e388
  Set: 919 Way: 0 Address: 0x1c084e5e8
  Set: 920 Way: 0 Address: 0x1c084e600
  Set: 924 Way: 0 Address: 0x1c084e718
  Set: 925 Way: 0 Address: 0x1c084e740
  Set: 929 Way: 0 Address: 0x1c084e848
  Set: 930 Way: 0 Address: 0x1c084e880
  Set: 931 Way: 0 Address: 0x3734ee8fc
  Set: 932 Way: 0 Address: 0x3734ee900
  Set: 956 Way: 0 Address: 0x2f5d8ef08
  Set: 960 Way: 0 Address: 0x16390f008
  Set: 961 Way: 0 Address: 0x16390f040
  Set: 962 Way: 0 Address: 0x16390f080
  Set: 963 Way: 0 Address: 0x16390f0c0
  Set: 964 Way: 0 Address: 0x16390f100
  Set: 965 Way: 0 Address: 0x16390f140
  Set: 966 Way: 0 Address: 0x16390f180
  Set: 967 Way: 0 Address: 0x16390f1c0
  Set: 968 Way: 0 Address: 0x16390f204
  Set: 969 Way: 0 Address: 0x16390f240
  Set: 970 Way: 0 Address: 0x16390f280
  Set: 971 Way: 0 Address: 0x16390f2c0
  Set: 972 Way: 0 Address: 0x16390f300
  Set: 973 Way: 0 Address: 0x16390f340
  Set: 974 Way: 0 Address: 0x16390f382
  Set: 975 Way: 0 Address: 0x16390f3c1
  Set: 976 Way: 0 Address: 0x16390f400
  Set: 977 Way: 0 Address: 0xee86f450
  Set: 977 Way: 1 Address: 0x16390f440
  Set: 978 Way: 0 Address: 0xee86f490
  Set: 978 Way: 1 Address: 0x16390f480
  Set: 979 Way: 0 Address: 0xee86f4c0
  Set: 979 Way: 1 Address: 0x16390f4c0
  Set: 980 Way: 0 Address: 0xee86f502
  Set: 980 Way: 1 Address: 0x16390f504
  Set: 981 Way: 0 Address: 0xee86f578
  Set: 981 Way: 1 Address: 0x23756f550
  Set: 981 Way: 2 Address: 0x16390f540
  Set: 982 Way: 0 Address: 0xee86f580
  Set: 982 Way: 1 Address: 0x16390f580
  Set: 983 Way: 0 Address: 0xee86f5c0
  Set: 983 Way: 1 Address: 0x16390f5c0
  Set: 984 Way: 0 Address: 0xee86f600
  Set: 984 Way: 1 Address: 0x16390f601
  Set: 985 Way: 0 Address: 0xee86f650
  Set: 985 Way: 1 Address: 0x16390f642
  Set: 986 Way: 0 Address: 0xee86f680
  Set: 986 Way: 1 Address: 0x16390f680
  Set: 987 Way: 0 Address: 0xee86f6c0
  Set: 987 Way: 1 Address: 0x16390f6c0
  Set: 988 Way: 0 Address: 0x16390f700
  Set: 989 Way: 0 Address: 0x22272f750
  Set: 989 Way: 1 Address: 0x16390f740
  Set: 990 Way: 0 Address: 0x16390f780
  Set: 991 Way: 0 Address: 0x16390f7c1
  Set: 992 Way: 0 Address: 0x16390f807
  Set: 993 Way: 0 Address: 0x16390f840
  Set: 994 Way: 0 Address: 0x143ef88c
  Set: 994 Way: 1 Address: 0x16390f880
  Set: 995 Way: 0 Address: 0x143ef8c0
  Set: 995 Way: 1 Address: 0x16390f8c0
  Set: 996 Way: 0 Address: 0x143ef900
  Set: 996 Way: 1 Address: 0x16390f902
  Set: 997 Way: 0 Address: 0x16390f941
  Set: 998 Way: 0 Address: 0x23756f980
  Set: 998 Way: 1 Address: 0x16390f980
  Set: 999 Way: 0 Address: 0x16390f9c0
  Set: 1000 Way: 0 Address: 0x16390fa00
  Set: 1001 Way: 0 Address: 0x16390fa42
  Set: 1002 Way: 0 Address: 0x16390fa81
  Set: 1003 Way: 0 Address: 0x16390fac0
  Set: 1004 Way: 0 Address: 0x16390fb00
  Set: 1005 Way: 0 Address: 0x16390fb40
  Set: 1006 Way: 0 Address: 0x16390fb80
  Set: 1007 Way: 0 Address: 0x16390fbc2
  Set: 1008 Way: 0 Address: 0x16390fc00
  Set: 1009 Way: 0 Address: 0x16390fc40
  Set: 1010 Way: 0 Address: 0x16390fc80
  Set: 1011 Way: 0 Address: 0x16390fcc0
  Set: 1012 Way: 0 Address: 0x16390fd02
  Set: 1013 Way: 0 Address: 0x16390fd41
  Set: 1014 Way: 0 Address: 0x16390fd81
  Set: 1015 Way: 0 Address: 0x16390fdc0
  Set: 1016 Way: 0 Address: 0x16390fe00
  Set: 1017 Way: 0 Address: 0x16390fe42
  Set: 1018 Way: 0 Address: 0x16390fe81
  Set: 1019 Way: 0 Address: 0x16390fec0
  Set: 1020 Way: 0 Address: 0x16390ff00
  Set: 1021 Way: 0 Address: 0x16390ff40
  Set: 1022 Way: 0 Address: 0x16390ff80
  Set: 1023 Way: 0 Address: 0x16390ffc3
  Set: 1024 Way: 0 Address: 0x163910000
  Set: 1024 Way: 1 Address: 0x14bb10005
  Set: 1025 Way: 0 Address: 0x14bb10040
  Set: 1026 Way: 0 Address: 0x14bb10083
  Set: 1027 Way: 0 Address: 0x14bb100c0
  Set: 1044 Way: 0 Address: 0x14bb1053b
  Set: 1045 Way: 0 Address: 0x14bb10543
  Set: 1046 Way: 0 Address: 0x14bb10580
  Set: 1054 Way: 0 Address: 0x2177f0780
  Set: 1075 Way: 0 Address: 0x168ef0cf8
  Set: 1092 Way: 0 Address: 0x260091128
  Set: 1132 Way: 0 Address: 0x19c791b30
  Set: 1133 Way: 0 Address: 0x19c791b41
  Set: 1134 Way: 0 Address: 0x19c791b80
  Set: 1135 Way: 0 Address: 0x19c791bc2
  Set: 1136 Way: 0 Address: 0x19c791c00
  Set: 1137 Way: 0 Address: 0x19c791c40
  Set: 1138 Way: 0 Address: 0x19c791c80
  Set: 1139 Way: 0 Address: 0x19c791cc0
  Set: 1140 Way: 0 Address: 0x19c791d02
  Set: 1141 Way: 0 Address: 0x19c791d40
  Set: 1142 Way: 0 Address: 0x19c791d80
  Set: 1143 Way: 0 Address: 0x19c791dc0
  Set: 1144 Way: 0 Address: 0x19c791e00
  Set: 1145 Way: 0 Address: 0x19c791e40
  Set: 1146 Way: 0 Address: 0x19c791e81
  Set: 1147 Way: 0 Address: 0x19c791ec2
  Set: 1148 Way: 0 Address: 0x19c791f00
  Set: 1149 Way: 0 Address: 0x19c791f40
  Set: 1150 Way: 0 Address: 0x19c791f80
  Set: 1151 Way: 0 Address: 0x19c791fc1
  Set: 1152 Way: 0 Address: 0x19c792000
  Set: 1175 Way: 0 Address: 0x133c925d8
  Set: 1180 Way: 0 Address: 0x1995f2718
  Set: 1181 Way: 0 Address: 0x133c92750
  Set: 1182 Way: 0 Address: 0x133c92780
  Set: 1186 Way: 0 Address: 0x31be12890
  Set: 1189 Way: 0 Address: 0x133c92978
  Set: 1208 Way: 0 Address: 0x62d12e30
  Set: 1209 Way: 0 Address: 0x62d12e40
  Set: 1213 Way: 0 Address: 0x9cff2f68
  Set: 1217 Way: 0 Address: 0x263c13060
  Set: 1237 Way: 0 Address: 0x257713550
  Set: 1253 Way: 0 Address: 0x2b2e93950
  Set: 1254 Way: 0 Address: 0x2b2e93980
  Set: 1255 Way: 0 Address: 0x2b2e939c0
  Set: 1267 Way: 0 Address: 0x34a873cc8
  Set: 1271 Way: 0 Address: 0x3c56b3dc0
  Set: 1275 Way: 0 Address: 0x3232f3ec8
  Set: 1276 Way: 0 Address: 0x3232f3f00
  Set: 1279 Way: 0 Address: 0x3232f3ff8
  Set: 1280 Way: 0 Address: 0x3232f4000
  Set: 1299 Way: 0 Address: 0x3c10744f8
  Set: 1300 Way: 0 Address: 0x12993451c
  Set: 1300 Way: 1 Address: 0x3c1074528
  Set: 1301 Way: 0 Address: 0x129934540
  Set: 1301 Way: 1 Address: 0x3c1074578
  Set: 1302 Way: 0 Address: 0x3c10745a0
  Set: 1303 Way: 0 Address: 0x3c10745c8
  Set: 1304 Way: 0 Address: 0x3c1074600
  Set: 1307 Way: 0 Address: 0x397bb46e8
  Set: 1308 Way: 0 Address: 0x397bb4738
  Set: 1308 Way: 1 Address: 0x3c1074718
  Set: 1309 Way: 0 Address: 0x3c1074740
  Set: 1310 Way: 0 Address: 0x3c1074780
  Set: 1311 Way: 0 Address: 0x3c10747f8
  Set: 1312 Way: 0 Address: 0x3c1074800
  Set: 1313 Way: 0 Address: 0x3c1074870
  Set: 1314 Way: 0 Address: 0x3c1074880
  Set: 1315 Way: 0 Address: 0x3c10748c0
  Set: 1324 Way: 0 Address: 0x397bb4b38
  Set: 1330 Way: 0 Address: 0x3de4d4cb8
  Set: 1340 Way: 0 Address: 0x397bb4f08
  Set: 1345 Way: 0 Address: 0x195f15058
  Set: 1376 Way: 0 Address: 0x354d3580c
  Set: 1377 Way: 0 Address: 0x354d35840
  Set: 1381 Way: 0 Address: 0x1b0f15970
  Set: 1382 Way: 0 Address: 0x1b0f15980
  Set: 1421 Way: 0 Address: 0x211d1637c
  Set: 1422 Way: 0 Address: 0x211d16394
  Set: 1423 Way: 0 Address: 0x211d163c0
  Set: 1435 Way: 0 Address: 0x848966f8
  Set: 1459 Way: 0 Address: 0x84896cc8
  Set: 1462 Way: 0 Address: 0x43736d88
  Set: 1476 Way: 0 Address: 0x276ff711c
  Set: 1477 Way: 0 Address: 0x276ff7140
  Set: 1490 Way: 0 Address: 0x276ff74b0
  Set: 1491 Way: 0 Address: 0x276ff74c0
  Set: 1492 Way: 0 Address: 0x276ff7500
  Set: 1498 Way: 0 Address: 0x276ff7694
  Set: 1499 Way: 0 Address: 0x276ff76c0
  Set: 1502 Way: 0 Address: 0x276ff7780
  Set: 1503 Way: 0 Address: 0x276ff77c0
  Set: 1521 Way: 0 Address: 0x276ff7c58
  Set: 1522 Way: 0 Address: 0x276ff7c80
  Set: 1540 Way: 0 Address: 0x2c9898120
  Set: 1543 Way: 0 Address: 0x2c98981c0
  Set: 1551 Way: 0 Address: 0x3bdd783dc
  Set: 1552 Way: 0 Address: 0x3bdd78400
  Set: 1554 Way: 0 Address: 0x1aafb84b8
  Set: 1555 Way: 0 Address: 0x1aafb84c0
  Set: 1566 Way: 0 Address: 0xc70787b4
  Set: 1567 Way: 0 Address: 0xc70787c8
  Set: 1568 Way: 0 Address: 0xc7078800
  Set: 1598 Way: 0 Address: 0x201598f98
  Set: 1604 Way: 0 Address: 0x312099120
  Set: 1663 Way: 0 Address: 0x292959fc0
  Set: 1664 Way: 0 Address: 0x229b9a000
  Set: 1665 Way: 0 Address: 0x1d89da050
  Set: 1668 Way: 0 Address: 0x223eda128
  Set: 1717 Way: 0 Address: 0xc67dad58
  Set: 1729 Way: 0 Address: 0xcf83b05c
  Set: 1739 Way: 0 Address: 0xc0d9b2d0
  Set: 1754 Way: 0 Address: 0x3b377b69c
  Set: 1755 Way: 0 Address: 0x394edb6fc
  Set: 1755 Way: 1 Address: 0x3b377b6c0
  Set: 1756 Way: 0 Address: 0x394edb704
  Set: 1757 Way: 0 Address: 0x394edb740
  Set: 1779 Way: 0 Address: 0x394edbcd8
  Set: 1780 Way: 0 Address: 0x394edbd00
  Set: 1790 Way: 0 Address: 0x394edbfb0
  Set: 1791 Way: 0 Address: 0x394edbfc0
  Set: 1792 Way: 0 Address: 0xdf85c000
  Set: 1819 Way: 0 Address: 0x38e35c6f8
  Set: 1836 Way: 0 Address: 0x38e35cb38
  Set: 1854 Way: 0 Address: 0x12c6fcf90
  Set: 1858 Way: 0 Address: 0x1add0a0
  Set: 1883 Way: 0 Address: 0x23755d6e8
  Set: 1920 Way: 0 Address: 0x28b67e000
  Set: 1923 Way: 0 Address: 0x1f919e0c8
  Set: 1924 Way: 0 Address: 0x1f919e100
  Set: 1925 Way: 0 Address: 0x1f919e140
  Set: 1928 Way: 0 Address: 0x1f919e220
  Set: 1929 Way: 0 Address: 0x1f919e242
  Set: 1930 Way: 0 Address: 0x1f919e280
  Set: 1931 Way: 0 Address: 0x1f919e2c2
  Set: 1932 Way: 0 Address: 0x1f919e301
  Set: 1933 Way: 0 Address: 0x1f919e370
  Set: 1934 Way: 0 Address: 0x1f919e380
  Set: 1935 Way: 0 Address: 0x1f919e3c0
  Set: 1936 Way: 0 Address: 0x1f919e435
  Set: 1937 Way: 0 Address: 0x1f919e447
  Set: 1938 Way: 0 Address: 0x1f919e481
  Set: 1939 Way: 0 Address: 0x1f919e4c1
  Set: 1940 Way: 0 Address: 0x1f919e507
  Set: 1941 Way: 0 Address: 0x1f919e560
  Set: 1942 Way: 0 Address: 0x1f919e582
  Set: 1943 Way: 0 Address: 0x1f919e5c0
  Set: 1943 Way: 1 Address: 0x2db79e5d8
  Set: 1944 Way: 0 Address: 0x1f919e603
  Set: 1945 Way: 0 Address: 0x1f919e641
  Set: 1946 Way: 0 Address: 0x1f919e681
  Set: 1947 Way: 0 Address: 0x1f919e6c1
  Set: 1948 Way: 0 Address: 0x1f919e703
  Set: 1949 Way: 0 Address: 0x1f919e742
  Set: 1950 Way: 0 Address: 0x1f919e7b0
  Set: 1951 Way: 0 Address: 0x1f919e7c1
  Set: 1951 Way: 1 Address: 0x28b67e7f8
  Set: 1952 Way: 0 Address: 0x1f919e800
  Set: 1953 Way: 0 Address: 0x1f919e840
  Set: 1957 Way: 0 Address: 0x2db79e970
  Set: 1973 Way: 0 Address: 0x20597ed68
  Set: 1977 Way: 0 Address: 0x20597ee78
EndCache
