Cache: cpu0_STLB
  Set: 20 Way: 0 Address: 0x1814394
  Set: 22 Way: 0 Address: 0x1796c04
  Set: 23 Way: 0 Address: 0x17974b8
  Set: 25 Way: 0 Address: 0x1799a5c
  Set: 32 Way: 0 Address: 0x49a0010
  Set: 37 Way: 0 Address: 0x1625eb0
  Set: 38 Way: 0 Address: 0x16265d7
  Set: 42 Way: 0 Address: 0x4caa6c0
  Set: 43 Way: 0 Address: 0x13abb30
  Set: 44 Way: 0 Address: 0x13ac196
  Set: 45 Way: 0 Address: 0x49ad970
  Set: 46 Way: 0 Address: 0x4d2ef40
  Set: 47 Way: 0 Address: 0x4d2f78c
  Set: 48 Way: 0 Address: 0x4d3023c
  Set: 48 Way: 1 Address: 0x13b0e6c
  Set: 49 Way: 0 Address: 0x13b1008
  Set: 50 Way: 0 Address: 0x13b2095
  Set: 56 Way: 0 Address: 0x17b88fc
  Set: 59 Way: 0 Address: 0x4cbbe84
  Set: 68 Way: 0 Address: 0x1b44e58
  Set: 79 Way: 0 Address: 0x49cf8e4
  Set: 80 Way: 0 Address: 0x4a50a70
  Set: 83 Way: 0 Address: 0x1853b10
  Set: 90 Way: 0 Address: 0x17da304
  Set: 90 Way: 1 Address: 0x705ae20
  Set: 93 Way: 0 Address: 0x16dd704
  Set: 93 Way: 1 Address: 0x49dd240
  Set: 95 Way: 0 Address: 0x16dfa54
  Set: 97 Way: 0 Address: 0x17e1800
  Set: 99 Way: 0 Address: 0x16e38f0
  Set: 102 Way: 0 Address: 0x176698c
  Set: 103 Way: 0 Address: 0x16e77c8
  Set: 103 Way: 1 Address: 0x17674c0
  Set: 106 Way: 0 Address: 0x4cea880
  Set: 109 Way: 0 Address: 0x17ed51c
  Set: 112 Way: 0 Address: 0x4cf05c0
  Set: 114 Way: 0 Address: 0x15f2450
  Set: 115 Way: 0 Address: 0x15f3c9b
  Set: 115 Way: 1 Address: 0x7ffe2a6734f0
EndCache
Cache: cpu0_L2C
  Set: 0 Way: 0 Address: 0x237570000
  Set: 8 Way: 0 Address: 0x2177f023c
  Set: 9 Way: 0 Address: 0x2177f0240
  Set: 10 Way: 0 Address: 0x2177f0280
  Set: 21 Way: 0 Address: 0x6e620550
  Set: 29 Way: 0 Address: 0x28a940750
  Set: 30 Way: 0 Address: 0x14bb10780
  Set: 37 Way: 0 Address: 0x28a940978
  Set: 38 Way: 0 Address: 0x14bb10980
  Set: 54 Way: 0 Address: 0x342b40d88
  Set: 57 Way: 0 Address: 0x168ef0e78
  Set: 65 Way: 0 Address: 0x2a4841060
  Set: 68 Way: 0 Address: 0x113201130
  Set: 68 Way: 1 Address: 0x2a4841120
  Set: 87 Way: 0 Address: 0x19c7915d8
  Set: 92 Way: 0 Address: 0x113201738
  Set: 99 Way: 0 Address: 0x2600918e4
  Set: 100 Way: 0 Address: 0x260091900
  Set: 101 Way: 0 Address: 0x19c791978
  Set: 106 Way: 0 Address: 0xf6e81aa8
  Set: 107 Way: 0 Address: 0xf6e81ad4
  Set: 108 Way: 0 Address: 0xf6e81b10
  Set: 109 Way: 0 Address: 0xf6e81b40
  Set: 114 Way: 0 Address: 0x113201cb8
  Set: 118 Way: 0 Address: 0x181c81d90
  Set: 119 Way: 0 Address: 0x113201dc0
  Set: 125 Way: 0 Address: 0x113201f68
  Set: 129 Way: 0 Address: 0x9cff2048
  Set: 129 Way: 1 Address: 0x133c92068
  Set: 132 Way: 0 Address: 0x133c92130
  Set: 137 Way: 0 Address: 0x62d12240
  Set: 155 Way: 0 Address: 0x6d0c26f8
  Set: 169 Way: 0 Address: 0x31be12a5c
  Set: 170 Way: 0 Address: 0x31be12a80
  Set: 184 Way: 0 Address: 0x1064c2e24
  Set: 185 Way: 0 Address: 0x1064c2e6c
  Set: 186 Way: 0 Address: 0x1064c2e82
  Set: 187 Way: 0 Address: 0x1064c2ec0
  Set: 188 Way: 0 Address: 0x1995f2f08
  Set: 188 Way: 1 Address: 0x1064c2f07
  Set: 189 Way: 0 Address: 0x1064c2f42
  Set: 190 Way: 0 Address: 0x1c84e2f98
  Set: 190 Way: 1 Address: 0x1064c2f80
  Set: 191 Way: 0 Address: 0x1064c2fc3
  Set: 192 Way: 0 Address: 0x1064c3000
  Set: 196 Way: 0 Address: 0x3b0803128
  Set: 199 Way: 0 Address: 0x3b08031c0
  Set: 219 Way: 0 Address: 0x3c56b36e8
  Set: 220 Way: 0 Address: 0x3c56b3738
  Set: 221 Way: 0 Address: 0x34a873750
  Set: 222 Way: 0 Address: 0x34a873780
  Set: 236 Way: 0 Address: 0x3c56b3b30
  Set: 236 Way: 1 Address: 0x2b2e93b38
  Set: 240 Way: 0 Address: 0x3232f3c04
  Set: 241 Way: 0 Address: 0x3232f3c40
  Set: 242 Way: 0 Address: 0x263c13cb8
  Set: 244 Way: 0 Address: 0x257713d00
  Set: 249 Way: 0 Address: 0x257713e78
  Set: 251 Way: 0 Address: 0x2b2e93ed0
  Set: 251 Way: 1 Address: 0x257713ee8
  Set: 252 Way: 0 Address: 0x3c56b3f08
  Set: 258 Way: 0 Address: 0x1299340a0
  Set: 260 Way: 0 Address: 0x1ab44120
  Set: 266 Way: 0 Address: 0x129934298
  Set: 279 Way: 0 Address: 0x6b7445d8
  Set: 286 Way: 0 Address: 0xb80047b4
  Set: 287 Way: 0 Address: 0x397bb47f8
  Set: 287 Way: 1 Address: 0xb80047c8
  Set: 288 Way: 0 Address: 0xb8004800
  Set: 293 Way: 0 Address: 0x3c1074950
  Set: 294 Way: 0 Address: 0x3c107498c
  Set: 295 Way: 0 Address: 0x3c10749c0
  Set: 317 Way: 0 Address: 0x3de4d4f68
  Set: 321 Way: 0 Address: 0x195f15058
  Set: 361 Way: 0 Address: 0x272585a70
  Set: 377 Way: 0 Address: 0x1b0f15e58
  Set: 378 Way: 0 Address: 0x354d35eb0
  Set: 378 Way: 1 Address: 0x1b0f15e80
  Set: 379 Way: 0 Address: 0x354d35ec0
  Set: 379 Way: 1 Address: 0x34a0e5ee8
  Set: 380 Way: 0 Address: 0x354d35f01
  Set: 381 Way: 0 Address: 0x354d35f40
  Set: 382 Way: 0 Address: 0x354d35f82
  Set: 383 Way: 0 Address: 0x354d35fc0
  Set: 384 Way: 0 Address: 0x354d36000
  Set: 395 Way: 0 Address: 0x27d4c62d0
  Set: 396 Way: 0 Address: 0x84896304
  Set: 397 Way: 0 Address: 0x84896340
  Set: 416 Way: 0 Address: 0x3dae66800
  Set: 417 Way: 0 Address: 0x3dae66840
  Set: 419 Way: 0 Address: 0x437368fc
  Set: 420 Way: 0 Address: 0x43736900
  Set: 437 Way: 0 Address: 0x211d16d58
  Set: 438 Way: 0 Address: 0x211d16d80
  Set: 440 Way: 0 Address: 0x3d87a6e20
  Set: 449 Way: 0 Address: 0xbeea7068
  Set: 452 Way: 0 Address: 0x276ff7104
  Set: 453 Way: 0 Address: 0x276ff7140
  Set: 455 Way: 0 Address: 0xbeea71c0
  Set: 466 Way: 0 Address: 0x276ff74b0
  Set: 467 Way: 0 Address: 0x276ff74c0
  Set: 468 Way: 0 Address: 0x276ff7500
  Set: 474 Way: 0 Address: 0x276ff7694
  Set: 475 Way: 0 Address: 0x276ff76c0
  Set: 478 Way: 0 Address: 0x276ff7780
  Set: 479 Way: 0 Address: 0x276ff77c0
  Set: 490 Way: 0 Address: 0x309887a98
  Set: 497 Way: 0 Address: 0x276ff7c58
  Set: 498 Way: 0 Address: 0x276ff7c80
  Set: 532 Way: 0 Address: 0x20159851c
  Set: 533 Way: 0 Address: 0x201598540
  Set: 552 Way: 0 Address: 0x3bdd78a20
  Set: 559 Way: 0 Address: 0xc7078be0
  Set: 560 Way: 0 Address: 0xc7078c00
  Set: 562 Way: 0 Address: 0xc7078c9b
  Set: 562 Way: 1 Address: 0x2c9898cb0
  Set: 563 Way: 0 Address: 0xc7078cfe
  Set: 563 Way: 1 Address: 0x2c9898cc8
  Set: 564 Way: 0 Address: 0xc7078d00
  Set: 565 Way: 0 Address: 0x1aafb8d60
  Set: 565 Way: 1 Address: 0xc7078d40
  Set: 576 Way: 0 Address: 0x312099010
  Set: 576 Way: 1 Address: 0x292959003
  Set: 577 Way: 0 Address: 0x312099040
  Set: 577 Way: 1 Address: 0x292959040
  Set: 578 Way: 0 Address: 0x2929590ba
  Set: 579 Way: 0 Address: 0x2929590c2
  Set: 580 Way: 0 Address: 0x2ee369128
  Set: 580 Way: 1 Address: 0x292959100
  Set: 581 Way: 0 Address: 0x292959142
  Set: 582 Way: 0 Address: 0x292959196
  Set: 583 Way: 0 Address: 0x2929591c0
  Set: 584 Way: 0 Address: 0x292959200
  Set: 585 Way: 0 Address: 0x292959270
  Set: 586 Way: 0 Address: 0x2929592bc
  Set: 586 Way: 1 Address: 0x2c8749280
  Set: 587 Way: 0 Address: 0x2929592c2
  Set: 588 Way: 0 Address: 0x292959300
  Set: 589 Way: 0 Address: 0x292959340
  Set: 590 Way: 0 Address: 0x292959380
  Set: 599 Way: 0 Address: 0x2fa0c95c0
  Set: 620 Way: 0 Address: 0x2ee369b30
  Set: 638 Way: 0 Address: 0xb84a9f90
  Set: 640 Way: 0 Address: 0x229b9a000
  Set: 641 Way: 0 Address: 0x1d89da050
  Set: 674 Way: 0 Address: 0xc67da880
  Set: 695 Way: 0 Address: 0x223edadc0
  Set: 704 Way: 0 Address: 0xcf83b005
  Set: 705 Way: 0 Address: 0xcf83b040
  Set: 706 Way: 0 Address: 0xcf83b095
  Set: 707 Way: 0 Address: 0xcf83b0c0
  Set: 708 Way: 0 Address: 0x394edb128
  Set: 708 Way: 1 Address: 0xcf83b100
  Set: 709 Way: 0 Address: 0xcf83b140
  Set: 710 Way: 0 Address: 0xcf83b180
  Set: 711 Way: 0 Address: 0xcf83b1c0
  Set: 712 Way: 0 Address: 0xcf83b200
  Set: 713 Way: 0 Address: 0xcf83b240
  Set: 714 Way: 0 Address: 0xcf83b280
  Set: 715 Way: 0 Address: 0xcf83b2c0
  Set: 716 Way: 0 Address: 0xcf83b302
  Set: 717 Way: 0 Address: 0xcf83b340
  Set: 718 Way: 0 Address: 0xcf83b380
  Set: 719 Way: 0 Address: 0xcf83b3c0
  Set: 720 Way: 0 Address: 0xcf83b400
  Set: 721 Way: 0 Address: 0xcf83b440
  Set: 722 Way: 0 Address: 0xcf83b480
  Set: 723 Way: 0 Address: 0xcf83b4c0
  Set: 724 Way: 0 Address: 0xcf83b53b
  Set: 725 Way: 0 Address: 0xcf83b543
  Set: 726 Way: 0 Address: 0xcf83b580
  Set: 741 Way: 0 Address: 0x3b377b970
  Set: 742 Way: 0 Address: 0x3b377b980
  Set: 748 Way: 0 Address: 0x394edbb38
  Set: 758 Way: 0 Address: 0xc0d9bd80
  Set: 760 Way: 0 Address: 0x28420be10
  Set: 761 Way: 0 Address: 0x28420be40
  Set: 765 Way: 0 Address: 0x28420bf40
  Set: 766 Way: 0 Address: 0x28420bf80
  Set: 768 Way: 0 Address: 0xdf85c000
  Set: 769 Way: 0 Address: 0x32f48c06c
  Set: 770 Way: 0 Address: 0x32502c0a0
  Set: 774 Way: 0 Address: 0x32f48c19c
  Set: 779 Way: 0 Address: 0x32f48c2cc
  Set: 786 Way: 0 Address: 0x29484c4b8
  Set: 787 Way: 0 Address: 0x29484c4c0
  Set: 787 Way: 1 Address: 0x38e35c4f0
  Set: 788 Way: 0 Address: 0x38e35c500
  Set: 788 Way: 1 Address: 0x32f48c52c
  Set: 789 Way: 0 Address: 0x38e35c540
  Set: 790 Way: 0 Address: 0x38e35c580
  Set: 791 Way: 0 Address: 0x38e35c5c0
  Set: 792 Way: 0 Address: 0x38e35c600
  Set: 793 Way: 0 Address: 0x32f48c65c
  Set: 796 Way: 0 Address: 0x12c6fc718
  Set: 796 Way: 1 Address: 0x38e35c720
  Set: 797 Way: 0 Address: 0x38e35c750
  Set: 798 Way: 0 Address: 0x38e35c780
  Set: 798 Way: 1 Address: 0x32f48c78c
  Set: 799 Way: 0 Address: 0x38e35c7f0
  Set: 800 Way: 0 Address: 0x38e35c810
  Set: 801 Way: 0 Address: 0x38e35c840
  Set: 802 Way: 0 Address: 0x38e35c890
  Set: 803 Way: 0 Address: 0x38e35c8c0
  Set: 819 Way: 0 Address: 0x1ae2cccc8
  Set: 846 Way: 0 Address: 0x23755d398
  Set: 869 Way: 0 Address: 0xe51bd970
  Set: 876 Way: 0 Address: 0x5588db30
  Set: 877 Way: 0 Address: 0x5588db41
  Set: 878 Way: 0 Address: 0x5588db80
  Set: 879 Way: 0 Address: 0x5588dbc0
  Set: 880 Way: 0 Address: 0x5588dc00
  Set: 881 Way: 0 Address: 0x5588dc40
  Set: 882 Way: 0 Address: 0x1addcb0
  Set: 882 Way: 1 Address: 0x5588dc80
  Set: 883 Way: 0 Address: 0x5588dcc0
  Set: 884 Way: 0 Address: 0x5588dd02
  Set: 885 Way: 0 Address: 0x5588dd40
  Set: 886 Way: 0 Address: 0x5588dd80
  Set: 887 Way: 0 Address: 0x5588ddc1
  Set: 888 Way: 0 Address: 0x5588de00
  Set: 889 Way: 0 Address: 0x5588de45
  Set: 890 Way: 0 Address: 0x5588de81
  Set: 890 Way: 1 Address: 0x15164de84
  Set: 891 Way: 0 Address: 0x1added0
  Set: 891 Way: 1 Address: 0x5588dec2
  Set: 891 Way: 2 Address: 0x15164dec0
  Set: 892 Way: 0 Address: 0x5588df00
  Set: 893 Way: 0 Address: 0x5588df42
  Set: 894 Way: 0 Address: 0x5588df80
  Set: 895 Way: 0 Address: 0x5588dfc1
  Set: 896 Way: 0 Address: 0x28b67e000
  Set: 896 Way: 1 Address: 0x5588e000
  Set: 896 Way: 2 Address: 0x1f919e000
  Set: 897 Way: 0 Address: 0x1f919e040
  Set: 898 Way: 0 Address: 0x1f919e080
  Set: 899 Way: 0 Address: 0x1f919e0c8
  Set: 900 Way: 0 Address: 0x1f919e100
  Set: 900 Way: 1 Address: 0x20597e128
  Set: 901 Way: 0 Address: 0x1f919e140
  Set: 904 Way: 0 Address: 0x1f919e220
  Set: 905 Way: 0 Address: 0x1f919e242
  Set: 906 Way: 0 Address: 0x1f919e281
  Set: 907 Way: 0 Address: 0x1f919e2c2
  Set: 908 Way: 0 Address: 0x1f919e300
  Set: 909 Way: 0 Address: 0x1f919e370
  Set: 909 Way: 1 Address: 0x7d0ee37c
  Set: 910 Way: 0 Address: 0x1f919e3a0
  Set: 910 Way: 1 Address: 0x7d0ee394
  Set: 911 Way: 0 Address: 0x1f919e3c0
  Set: 911 Way: 1 Address: 0x7d0ee3c0
  Set: 912 Way: 0 Address: 0x1f919e430
  Set: 913 Way: 0 Address: 0x1f919e447
  Set: 913 Way: 1 Address: 0x2c077e450
  Set: 914 Way: 0 Address: 0x1f919e481
  Set: 914 Way: 1 Address: 0x2c077e480
  Set: 915 Way: 0 Address: 0x1f919e4c1
  Set: 915 Way: 1 Address: 0x2c077e4c0
  Set: 916 Way: 0 Address: 0x1f919e507
  Set: 916 Way: 1 Address: 0x2c077e502
  Set: 917 Way: 0 Address: 0x1f919e541
  Set: 917 Way: 1 Address: 0x2c077e578
  Set: 918 Way: 0 Address: 0x1f919e582
  Set: 918 Way: 1 Address: 0x2c077e580
  Set: 919 Way: 0 Address: 0x1f919e5d7
  Set: 919 Way: 1 Address: 0x2c077e5c0
  Set: 920 Way: 0 Address: 0x1f919e603
  Set: 920 Way: 1 Address: 0x2c077e600
  Set: 921 Way: 0 Address: 0x1f919e641
  Set: 921 Way: 1 Address: 0x2c077e650
  Set: 922 Way: 0 Address: 0x1f919e681
  Set: 922 Way: 1 Address: 0x2c077e680
  Set: 923 Way: 0 Address: 0x1f919e6c1
  Set: 923 Way: 1 Address: 0x2f5d8e6fc
  Set: 923 Way: 2 Address: 0x2db79e6c0
  Set: 923 Way: 3 Address: 0x2c077e6c0
  Set: 924 Way: 0 Address: 0x1f919e703
  Set: 924 Way: 1 Address: 0x2f5d8e704
  Set: 924 Way: 2 Address: 0x2db79e700
  Set: 925 Way: 0 Address: 0x1f919e742
  Set: 925 Way: 1 Address: 0x2f5d8e740
  Set: 926 Way: 0 Address: 0x1f919e7b0
  Set: 927 Way: 0 Address: 0x1f919e7c1
  Set: 927 Way: 1 Address: 0x28b67e7f8
  Set: 928 Way: 0 Address: 0x1f919e800
  Set: 929 Way: 0 Address: 0x1f919e849
  Set: 930 Way: 0 Address: 0x1f919e880
  Set: 947 Way: 0 Address: 0x2f5d8ecd8
  Set: 948 Way: 0 Address: 0x2f5d8ed00
  Set: 958 Way: 0 Address: 0x2f5d8efb0
  Set: 959 Way: 0 Address: 0x3734eefc0
  Set: 959 Way: 1 Address: 0x2f5d8efc0
  Set: 960 Way: 0 Address: 0x23756f008
  Set: 961 Way: 0 Address: 0x23756f040
  Set: 962 Way: 0 Address: 0x23756f080
  Set: 963 Way: 0 Address: 0x23756f0c5
  Set: 964 Way: 0 Address: 0x23756f102
  Set: 965 Way: 0 Address: 0x23756f140
  Set: 966 Way: 0 Address: 0x23756f181
  Set: 967 Way: 0 Address: 0x23756f1c3
  Set: 968 Way: 0 Address: 0x23756f204
  Set: 969 Way: 0 Address: 0x23756f240
  Set: 970 Way: 0 Address: 0x23756f283
  Set: 971 Way: 0 Address: 0x23756f2c5
  Set: 972 Way: 0 Address: 0x23756f300
  Set: 973 Way: 0 Address: 0x23756f342
  Set: 974 Way: 0 Address: 0x23756f382
  Set: 975 Way: 0 Address: 0x23756f3c1
  Set: 976 Way: 0 Address: 0x23756f400
  Set: 977 Way: 0 Address: 0x23756f440
  Set: 978 Way: 0 Address: 0x23756f483
  Set: 979 Way: 0 Address: 0x23756f4c2
  Set: 980 Way: 0 Address: 0x23756f504
  Set: 981 Way: 0 Address: 0x23756f540
  Set: 982 Way: 0 Address: 0x23756f580
  Set: 983 Way: 0 Address: 0x23756f5c2
  Set: 984 Way: 0 Address: 0x23756f601
  Set: 985 Way: 0 Address: 0x23756f642
  Set: 986 Way: 0 Address: 0x23756f680
  Set: 987 Way: 0 Address: 0x16390f6e8
  Set: 987 Way: 1 Address: 0x23756f6c8
  Set: 988 Way: 0 Address: 0x23756f700
  Set: 989 Way: 0 Address: 0x23756f740
  Set: 990 Way: 0 Address: 0x23756f786
  Set: 991 Way: 0 Address: 0x23756f7c1
  Set: 992 Way: 0 Address: 0x23756f807
  Set: 993 Way: 0 Address: 0x23756f840
  Set: 994 Way: 0 Address: 0x143ef88c
  Set: 994 Way: 1 Address: 0x23756f880
  Set: 995 Way: 0 Address: 0x143ef8f0
  Set: 995 Way: 1 Address: 0x23756f8c6
  Set: 996 Way: 0 Address: 0x143ef900
  Set: 996 Way: 1 Address: 0x23756f902
  Set: 997 Way: 0 Address: 0x23756f941
  Set: 998 Way: 0 Address: 0x23756f980
  Set: 999 Way: 0 Address: 0x23756f9c4
  Set: 1000 Way: 0 Address: 0x23756fa03
  Set: 1001 Way: 0 Address: 0xee86fa54
  Set: 1001 Way: 1 Address: 0x23756fa42
  Set: 1002 Way: 0 Address: 0xee86fa80
  Set: 1002 Way: 1 Address: 0x23756fa81
  Set: 1003 Way: 0 Address: 0x23756fac0
  Set: 1004 Way: 0 Address: 0x23756fb00
  Set: 1005 Way: 0 Address: 0x23756fb46
  Set: 1006 Way: 0 Address: 0x23756fb80
  Set: 1007 Way: 0 Address: 0x23756fbc2
  Set: 1008 Way: 0 Address: 0x23756fc00
  Set: 1009 Way: 0 Address: 0x23756fc40
  Set: 1010 Way: 0 Address: 0x23756fc80
  Set: 1011 Way: 0 Address: 0x23756fcc6
  Set: 1012 Way: 0 Address: 0x22272fd00
  Set: 1012 Way: 1 Address: 0x23756fd02
  Set: 1013 Way: 0 Address: 0x22272fd68
  Set: 1013 Way: 1 Address: 0x23756fd41
  Set: 1014 Way: 0 Address: 0x23756fd80
  Set: 1015 Way: 0 Address: 0x23756fdc0
  Set: 1016 Way: 0 Address: 0x23756fe01
  Set: 1017 Way: 0 Address: 0x23756fe42
  Set: 1018 Way: 0 Address: 0x23756fe81
  Set: 1019 Way: 0 Address: 0x23756fec0
  Set: 1020 Way: 0 Address: 0x23756ff04
  Set: 1021 Way: 0 Address: 0x23756ff41
  Set: 1022 Way: 0 Address: 0x23756ff80
  Set: 1023 Way: 0 Address: 0x23756ffc3
EndCache
Cache: cpu0_L1I
  Set: 0 Way: 0 Address: 0x23756f008
  Set: 0 Way: 1 Address: 0x292959003
  Set: 0 Way: 2 Address: 0x1f919e000
  Set: 0 Way: 3 Address: 0xcf83b03a
  Set: 1 Way: 0 Address: 0x292959044
  Set: 1 Way: 1 Address: 0x1f919e050
  Set: 1 Way: 2 Address: 0x23756f040
  Set: 1 Way: 3 Address: 0xcf83b070
  Set: 2 Way: 0 Address: 0x2929590ba
  Set: 2 Way: 1 Address: 0xcf83b095
  Set: 2 Way: 2 Address: 0x23756f080
  Set: 3 Way: 0 Address: 0x1f919e0c8
  Set: 3 Way: 1 Address: 0x2929590c2
  Set: 3 Way: 2 Address: 0xcf83b0c2
  Set: 3 Way: 3 Address: 0x23756f0c5
  Set: 4 Way: 0 Address: 0x1f919e100
  Set: 4 Way: 1 Address: 0x292959101
  Set: 4 Way: 2 Address: 0xcf83b102
  Set: 4 Way: 3 Address: 0x23756f102
  Set: 5 Way: 0 Address: 0x292959142
  Set: 5 Way: 1 Address: 0xcf83b140
  Set: 5 Way: 2 Address: 0x23756f143
  Set: 6 Way: 0 Address: 0x292959196
  Set: 6 Way: 1 Address: 0xcf83b180
  Set: 6 Way: 2 Address: 0x23756f181
  Set: 7 Way: 0 Address: 0x2929591f2
  Set: 7 Way: 1 Address: 0xcf83b1c8
  Set: 7 Way: 2 Address: 0x23756f1c3
  Set: 8 Way: 0 Address: 0x1f919e220
  Set: 8 Way: 1 Address: 0xcf83b201
  Set: 8 Way: 2 Address: 0x29295921d
  Set: 8 Way: 3 Address: 0x23756f204
  Set: 9 Way: 0 Address: 0x1f919e25a
  Set: 9 Way: 1 Address: 0x292959270
  Set: 9 Way: 2 Address: 0xcf83b242
  Set: 9 Way: 3 Address: 0x23756f242
  Set: 10 Way: 0 Address: 0x1f919e281
  Set: 10 Way: 1 Address: 0x2929592bc
  Set: 10 Way: 2 Address: 0xcf83b280
  Set: 10 Way: 3 Address: 0x23756f283
  Set: 11 Way: 0 Address: 0x1f919e2c2
  Set: 11 Way: 1 Address: 0x2929592c2
  Set: 11 Way: 2 Address: 0xcf83b2c1
  Set: 11 Way: 3 Address: 0x23756f2c5
  Set: 12 Way: 0 Address: 0x1f919e301
  Set: 12 Way: 1 Address: 0x292959328
  Set: 12 Way: 2 Address: 0xcf83b302
  Set: 12 Way: 3 Address: 0x23756f302
  Set: 13 Way: 0 Address: 0x1f919e370
  Set: 13 Way: 1 Address: 0x292959343
  Set: 13 Way: 2 Address: 0xcf83b341
  Set: 13 Way: 3 Address: 0x23756f342
  Set: 14 Way: 0 Address: 0x1f919e3a0
  Set: 14 Way: 1 Address: 0xcf83b382
  Set: 14 Way: 2 Address: 0x23756f382
  Set: 15 Way: 0 Address: 0xcf83b3c3
  Set: 15 Way: 1 Address: 0x23756f3c1
  Set: 16 Way: 0 Address: 0x1f919e430
  Set: 16 Way: 1 Address: 0xcf83b404
  Set: 16 Way: 2 Address: 0x23756f407
  Set: 17 Way: 0 Address: 0x1f919e473
  Set: 17 Way: 1 Address: 0xcf83b443
  Set: 17 Way: 2 Address: 0x2c077e450
  Set: 17 Way: 3 Address: 0x23756f444
  Set: 18 Way: 0 Address: 0x1f919e4b2
  Set: 18 Way: 1 Address: 0xcf83b484
  Set: 18 Way: 2 Address: 0x2c077e490
  Set: 18 Way: 3 Address: 0x23756f483
  Set: 19 Way: 0 Address: 0x1f919e4ec
  Set: 19 Way: 1 Address: 0x2c077e4ea
  Set: 19 Way: 2 Address: 0x23756f4fd
  Set: 20 Way: 0 Address: 0x1f919e522
  Set: 20 Way: 1 Address: 0xcf83b53b
  Set: 20 Way: 2 Address: 0x2c077e532
  Set: 20 Way: 3 Address: 0x23756f504
  Set: 21 Way: 0 Address: 0x1f919e576
  Set: 21 Way: 1 Address: 0xcf83b543
  Set: 21 Way: 2 Address: 0x2c077e578
  Set: 21 Way: 3 Address: 0x23756f543
  Set: 22 Way: 0 Address: 0x1f919e5b3
  Set: 22 Way: 1 Address: 0x2c077e580
  Set: 22 Way: 2 Address: 0x23756f581
  Set: 23 Way: 0 Address: 0x1f919e5fc
  Set: 23 Way: 1 Address: 0x2c077e5e8
  Set: 23 Way: 2 Address: 0x23756f5c2
  Set: 24 Way: 0 Address: 0x1f919e603
  Set: 24 Way: 1 Address: 0x2c077e603
  Set: 24 Way: 2 Address: 0x23756f63f
  Set: 25 Way: 0 Address: 0x1f919e67d
  Set: 25 Way: 1 Address: 0x2c077e650
  Set: 25 Way: 2 Address: 0x23756f642
  Set: 26 Way: 0 Address: 0x1f919e6a2
  Set: 26 Way: 1 Address: 0x2c077e680
  Set: 26 Way: 2 Address: 0x23756f683
  Set: 27 Way: 0 Address: 0x1f919e6ec
  Set: 27 Way: 1 Address: 0x23756f6c8
  Set: 28 Way: 0 Address: 0x1f919e71b
  Set: 28 Way: 1 Address: 0x23756f700
  Set: 29 Way: 0 Address: 0x1f919e774
  Set: 29 Way: 1 Address: 0x23756f742
  Set: 30 Way: 0 Address: 0x1f919e7b0
  Set: 30 Way: 1 Address: 0x23756f786
  Set: 31 Way: 0 Address: 0x1f919e7c1
  Set: 31 Way: 1 Address: 0x23756f7ee
  Set: 32 Way: 0 Address: 0x1f919e800
  Set: 32 Way: 1 Address: 0x23756f807
  Set: 33 Way: 0 Address: 0x1f919e849
  Set: 33 Way: 1 Address: 0x23756f842
  Set: 34 Way: 0 Address: 0x23756f884
  Set: 35 Way: 0 Address: 0x23756f8c6
  Set: 36 Way: 0 Address: 0x23756f939
  Set: 37 Way: 0 Address: 0x23756f941
  Set: 38 Way: 0 Address: 0x23756f987
  Set: 39 Way: 0 Address: 0x23756f9c4
  Set: 40 Way: 0 Address: 0x23756fa03
  Set: 41 Way: 0 Address: 0x23756fa79
  Set: 42 Way: 0 Address: 0x23756fab7
  Set: 43 Way: 0 Address: 0x23756fac5
  Set: 44 Way: 0 Address: 0x5588db30
  Set: 44 Way: 1 Address: 0x23756fb03
  Set: 45 Way: 0 Address: 0x5588db79
  Set: 45 Way: 1 Address: 0x23756fb46
  Set: 46 Way: 0 Address: 0x5588db82
  Set: 46 Way: 1 Address: 0x23756fb80
  Set: 47 Way: 0 Address: 0xc7078be0
  Set: 47 Way: 1 Address: 0x5588dbc2
  Set: 47 Way: 2 Address: 0x23756fbc2
  Set: 48 Way: 0 Address: 0x5588dc02
  Set: 48 Way: 1 Address: 0x23756fc08
  Set: 49 Way: 0 Address: 0x5588dc42
  Set: 49 Way: 1 Address: 0x23756fc45
  Set: 50 Way: 0 Address: 0xc7078c80
  Set: 50 Way: 1 Address: 0x5588dc82
  Set: 50 Way: 2 Address: 0x23756fc80
  Set: 51 Way: 0 Address: 0xc7078cc3
  Set: 51 Way: 1 Address: 0x5588dcc4
  Set: 51 Way: 2 Address: 0x23756fcfc
  Set: 52 Way: 0 Address: 0xc7078d2e
  Set: 52 Way: 1 Address: 0x5588dd02
  Set: 52 Way: 2 Address: 0x23756fd3d
  Set: 53 Way: 0 Address: 0x5588dd46
  Set: 53 Way: 1 Address: 0x23756fd41
  Set: 54 Way: 0 Address: 0x5588dd84
  Set: 54 Way: 1 Address: 0x23756fd81
  Set: 55 Way: 0 Address: 0x5588ddc1
  Set: 55 Way: 1 Address: 0x23756fdc4
  Set: 56 Way: 0 Address: 0x1064c2e24
  Set: 56 Way: 1 Address: 0x5588de00
  Set: 56 Way: 2 Address: 0x23756fe2f
  Set: 57 Way: 0 Address: 0x1064c2e6c
  Set: 57 Way: 1 Address: 0x5588de6a
  Set: 57 Way: 2 Address: 0x23756fe72
  Set: 58 Way: 0 Address: 0x354d35eb0
  Set: 58 Way: 1 Address: 0x1064c2e82
  Set: 58 Way: 2 Address: 0x5588dea6
  Set: 58 Way: 3 Address: 0x23756fe81
  Set: 59 Way: 0 Address: 0x354d35ee8
  Set: 59 Way: 1 Address: 0x1064c2ec7
  Set: 59 Way: 2 Address: 0x5588dec2
  Set: 59 Way: 3 Address: 0x23756fec1
  Set: 60 Way: 0 Address: 0x354d35f34
  Set: 60 Way: 1 Address: 0x1064c2f07
  Set: 60 Way: 2 Address: 0x5588df01
  Set: 60 Way: 3 Address: 0x23756ff04
  Set: 61 Way: 0 Address: 0x354d35f60
  Set: 61 Way: 1 Address: 0x1064c2f66
  Set: 61 Way: 2 Address: 0x5588df42
  Set: 61 Way: 3 Address: 0x23756ff6f
  Set: 62 Way: 0 Address: 0x354d35fb4
  Set: 62 Way: 1 Address: 0x1064c2fa8
  Set: 62 Way: 2 Address: 0x5588dfae
  Set: 62 Way: 3 Address: 0x23756ffb0
  Set: 63 Way: 0 Address: 0x354d35fc0
  Set: 63 Way: 1 Address: 0x1064c2fef
  Set: 63 Way: 2 Address: 0x5588dfc1
  Set: 63 Way: 3 Address: 0x23756ffe3
EndCache
Cache: cpu0_L1D
  Set: 0 Way: 0 Address: 0xdf85c000
  Set: 0 Way: 1 Address: 0x28b67e000
  Set: 0 Way: 2 Address: 0x229b9a000
  Set: 0 Way: 3 Address: 0x312099010
  Set: 1 Way: 0 Address: 0x195f15058
  Set: 1 Way: 1 Address: 0x1d89da050
  Set: 1 Way: 2 Address: 0x9cff2048
  Set: 1 Way: 3 Address: 0x2a4841060
  Set: 1 Way: 4 Address: 0x133c92068
  Set: 1 Way: 5 Address: 0xbeea7068
  Set: 1 Way: 6 Address: 0x32f48c06c
  Set: 2 Way: 0 Address: 0x1299340a0
  Set: 2 Way: 1 Address: 0x32502c0a0
  Set: 4 Way: 0 Address: 0x113201130
  Set: 4 Way: 1 Address: 0x2ee369128
  Set: 4 Way: 2 Address: 0x394edb128
  Set: 4 Way: 3 Address: 0x2a4841130
  Set: 4 Way: 4 Address: 0x133c92130
  Set: 4 Way: 5 Address: 0x1ab44120
  Set: 4 Way: 6 Address: 0x276ff7104
  Set: 4 Way: 7 Address: 0x3b0803128
  Set: 4 Way: 8 Address: 0x20597e128
  Set: 6 Way: 0 Address: 0x32f48c19c
  Set: 7 Way: 0 Address: 0xbeea71c0
  Set: 7 Way: 1 Address: 0x3b08031c0
  Set: 8 Way: 0 Address: 0x2177f023c
  Set: 9 Way: 0 Address: 0x62d12240
  Set: 9 Way: 1 Address: 0x2177f0240
  Set: 10 Way: 0 Address: 0x129934298
  Set: 10 Way: 1 Address: 0x2c8749280
  Set: 11 Way: 0 Address: 0x27d4c62d0
  Set: 11 Way: 1 Address: 0x32f48c2cc
  Set: 12 Way: 0 Address: 0x84896304
  Set: 13 Way: 0 Address: 0x7d0ee37c
  Set: 14 Way: 0 Address: 0x23755d398
  Set: 14 Way: 1 Address: 0x7d0ee38c
  Set: 18 Way: 0 Address: 0x29484c4b8
  Set: 18 Way: 1 Address: 0x276ff74b0
  Set: 19 Way: 0 Address: 0x38e35c4f0
  Set: 19 Way: 1 Address: 0x276ff74c0
  Set: 20 Way: 0 Address: 0x20159851c
  Set: 20 Way: 1 Address: 0x38e35c528
  Set: 20 Way: 2 Address: 0x32f48c52c
  Set: 21 Way: 0 Address: 0x38e35c564
  Set: 21 Way: 1 Address: 0x6e620550
  Set: 22 Way: 0 Address: 0x38e35c598
  Set: 23 Way: 0 Address: 0x38e35c5d0
  Set: 23 Way: 1 Address: 0x2fa0c95c0
  Set: 23 Way: 2 Address: 0x19c7915d8
  Set: 23 Way: 3 Address: 0x6b7445d8
  Set: 25 Way: 0 Address: 0x32f48c65c
  Set: 26 Way: 0 Address: 0x276ff7694
  Set: 27 Way: 0 Address: 0x3c56b36e8
  Set: 27 Way: 1 Address: 0x16390f6e8
  Set: 27 Way: 2 Address: 0x6d0c26f8
  Set: 27 Way: 3 Address: 0x2f5d8e6fc
  Set: 27 Way: 4 Address: 0x2db79e6c0
  Set: 28 Way: 0 Address: 0x113201738
  Set: 28 Way: 1 Address: 0x3c56b3738
  Set: 28 Way: 2 Address: 0x12c6fc718
  Set: 28 Way: 3 Address: 0x2f5d8e704
  Set: 28 Way: 4 Address: 0x38e35c720
  Set: 29 Way: 0 Address: 0x38e35c750
  Set: 29 Way: 1 Address: 0x34a873750
  Set: 29 Way: 2 Address: 0x28a940750
  Set: 30 Way: 0 Address: 0xb80047b4
  Set: 30 Way: 1 Address: 0x38e35c7b8
  Set: 30 Way: 2 Address: 0x14bb10780
  Set: 30 Way: 3 Address: 0x34a873780
  Set: 30 Way: 4 Address: 0x32f48c78c
  Set: 30 Way: 5 Address: 0x276ff7780
  Set: 31 Way: 0 Address: 0x28b67e7f8
  Set: 31 Way: 1 Address: 0x397bb47f8
  Set: 31 Way: 2 Address: 0xb80047c8
  Set: 31 Way: 3 Address: 0x38e35c7f0
  Set: 32 Way: 0 Address: 0x3dae66800
  Set: 32 Way: 1 Address: 0x38e35c810
  Set: 33 Way: 0 Address: 0x38e35c870
  Set: 34 Way: 0 Address: 0x143ef88c
  Set: 34 Way: 1 Address: 0x38e35c890
  Set: 34 Way: 2 Address: 0xc67da880
  Set: 35 Way: 0 Address: 0x437368fc
  Set: 35 Way: 1 Address: 0x143ef8f0
  Set: 35 Way: 2 Address: 0x2600918e4
  Set: 37 Way: 0 Address: 0x3c1074950
  Set: 37 Way: 1 Address: 0x3b377b970
  Set: 37 Way: 2 Address: 0x28a940978
  Set: 37 Way: 3 Address: 0x19c791978
  Set: 37 Way: 4 Address: 0xe51bd970
  Set: 38 Way: 0 Address: 0x3c107498c
  Set: 38 Way: 1 Address: 0x14bb10980
  Set: 40 Way: 0 Address: 0x3bdd78a20
  Set: 41 Way: 0 Address: 0xee86fa54
  Set: 41 Way: 1 Address: 0x272585a70
  Set: 41 Way: 2 Address: 0x31be12a5c
  Set: 42 Way: 0 Address: 0x309887a98
  Set: 42 Way: 1 Address: 0xf6e81ab0
  Set: 43 Way: 0 Address: 0xf6e81ac4
  Set: 44 Way: 0 Address: 0xf6e81b20
  Set: 44 Way: 1 Address: 0x3c56b3b30
  Set: 44 Way: 2 Address: 0x2ee369b30
  Set: 44 Way: 3 Address: 0x394edbb38
  Set: 44 Way: 4 Address: 0x2b2e93b38
  Set: 48 Way: 0 Address: 0x3232f3c04
  Set: 49 Way: 0 Address: 0x276ff7c58
  Set: 50 Way: 0 Address: 0x113201cb8
  Set: 50 Way: 1 Address: 0x263c13cb8
  Set: 50 Way: 2 Address: 0x1addcb0
  Set: 50 Way: 3 Address: 0x2c9898cb0
  Set: 51 Way: 0 Address: 0x2c9898cc8
  Set: 51 Way: 1 Address: 0x1ae2cccc8
  Set: 51 Way: 2 Address: 0x2f5d8ecd8
  Set: 52 Way: 0 Address: 0x22272fd00
  Set: 52 Way: 1 Address: 0x257713d00
  Set: 53 Way: 0 Address: 0x1aafb8d60
  Set: 53 Way: 1 Address: 0x211d16d58
  Set: 53 Way: 2 Address: 0x22272fd68
  Set: 54 Way: 0 Address: 0x211d16d80
  Set: 54 Way: 1 Address: 0xc0d9bd80
  Set: 54 Way: 2 Address: 0x342b40d88
  Set: 54 Way: 3 Address: 0x181c81d90
  Set: 55 Way: 0 Address: 0x113201dc0
  Set: 55 Way: 1 Address: 0x223edadc0
  Set: 56 Way: 0 Address: 0x3d87a6e20
  Set: 56 Way: 1 Address: 0x28420be10
  Set: 57 Way: 0 Address: 0x1b0f15e58
  Set: 57 Way: 1 Address: 0x257713e78
  Set: 57 Way: 2 Address: 0x168ef0e78
  Set: 58 Way: 0 Address: 0x15164de84
  Set: 59 Way: 0 Address: 0x2b2e93ed0
  Set: 59 Way: 1 Address: 0x1added0
  Set: 59 Way: 2 Address: 0x257713ee8
  Set: 59 Way: 3 Address: 0x34a0e5ee8
  Set: 60 Way: 0 Address: 0x3c56b3f08
  Set: 60 Way: 1 Address: 0x1995f2f08
  Set: 61 Way: 0 Address: 0x113201f68
  Set: 61 Way: 1 Address: 0x3de4d4f68
  Set: 61 Way: 2 Address: 0x28420bf40
  Set: 62 Way: 0 Address: 0x1c84e2f98
  Set: 62 Way: 1 Address: 0x2f5d8efb0
  Set: 62 Way: 2 Address: 0xb84a9f90
  Set: 63 Way: 0 Address: 0x3734eefc0
EndCache
Cache: cpu0_ITLB
  Set: 0 Way: 0 Address: 0x13b0e6c
  Set: 1 Way: 0 Address: 0x13b1008
  Set: 2 Way: 0 Address: 0x13b2095
  Set: 2 Way: 1 Address: 0x15f2450
  Set: 3 Way: 0 Address: 0x15f3c80
  Set: 5 Way: 0 Address: 0x1625eb0
  Set: 6 Way: 0 Address: 0x162667d
  Set: 11 Way: 0 Address: 0x13abb79
  Set: 12 Way: 0 Address: 0x13ac196
EndCache
Cache: cpu0_DTLB
  Set: 0 Way: 0 Address: 0x4d3023c
  Set: 0 Way: 1 Address: 0x49a0010
  Set: 0 Way: 2 Address: 0x4a50a70
  Set: 0 Way: 3 Address: 0x4cf05c0
  Set: 1 Way: 0 Address: 0x17e1800
  Set: 3 Way: 0 Address: 0x1853b20
  Set: 3 Way: 1 Address: 0x16e388c
  Set: 3 Way: 2 Address: 0x7ffe2a673528
  Set: 4 Way: 0 Address: 0x1b44e58
  Set: 4 Way: 1 Address: 0x181438c
  Set: 6 Way: 0 Address: 0x176698c
  Set: 6 Way: 1 Address: 0x1796c04
  Set: 7 Way: 0 Address: 0x17974b8
  Set: 7 Way: 1 Address: 0x16e77b4
  Set: 7 Way: 2 Address: 0x17674c0
  Set: 8 Way: 0 Address: 0x17b88fc
  Set: 9 Way: 0 Address: 0x1799a5c
  Set: 10 Way: 0 Address: 0x17da304
  Set: 10 Way: 1 Address: 0x4caa6c0
  Set: 10 Way: 2 Address: 0x705ae20
  Set: 10 Way: 3 Address: 0x4cea880
  Set: 11 Way: 0 Address: 0x4cbbe84
  Set: 13 Way: 0 Address: 0x17ed51c
  Set: 13 Way: 1 Address: 0x16dd704
  Set: 13 Way: 2 Address: 0x49ad970
  Set: 13 Way: 3 Address: 0x49dd240
  Set: 14 Way: 0 Address: 0x4d2ee10
  Set: 15 Way: 0 Address: 0x16dfa54
  Set: 15 Way: 1 Address: 0x4d2f52c
  Set: 15 Way: 2 Address: 0x49cf8e4
EndCache
Cache: LLC
  Set: 21 Way: 0 Address: 0x6e620550
  Set: 29 Way: 0 Address: 0x28a940750
  Set: 37 Way: 0 Address: 0x28a940978
  Set: 54 Way: 0 Address: 0x342b40d88
  Set: 65 Way: 0 Address: 0x2a4841060
  Set: 68 Way: 0 Address: 0x113201130
  Set: 68 Way: 1 Address: 0x2a4841120
  Set: 92 Way: 0 Address: 0x113201738
  Set: 106 Way: 0 Address: 0xf6e81aa8
  Set: 107 Way: 0 Address: 0xf6e81ad4
  Set: 108 Way: 0 Address: 0xf6e81b10
  Set: 109 Way: 0 Address: 0xf6e81b40
  Set: 114 Way: 0 Address: 0x113201cb8
  Set: 118 Way: 0 Address: 0x181c81d90
  Set: 119 Way: 0 Address: 0x113201dc0
  Set: 125 Way: 0 Address: 0x113201f68
  Set: 155 Way: 0 Address: 0x6d0c26f8
  Set: 184 Way: 0 Address: 0x1064c2e24
  Set: 185 Way: 0 Address: 0x1064c2e6c
  Set: 186 Way: 0 Address: 0x1064c2e82
  Set: 187 Way: 0 Address: 0x1064c2ec0
  Set: 188 Way: 0 Address: 0x1064c2f07
  Set: 189 Way: 0 Address: 0x1064c2f42
  Set: 190 Way: 0 Address: 0x1c84e2f98
  Set: 190 Way: 1 Address: 0x1064c2f80
  Set: 191 Way: 0 Address: 0x1064c2fc3
  Set: 192 Way: 0 Address: 0x1064c3000
  Set: 196 Way: 0 Address: 0x3b0803128
  Set: 199 Way: 0 Address: 0x3b08031c0
  Set: 260 Way: 0 Address: 0x1ab44120
  Set: 279 Way: 0 Address: 0x6b7445d8
  Set: 286 Way: 0 Address: 0xb80047b4
  Set: 287 Way: 0 Address: 0xb80047c8
  Set: 288 Way: 0 Address: 0xb8004800
  Set: 361 Way: 0 Address: 0x272585a70
  Set: 379 Way: 0 Address: 0x34a0e5ee8
  Set: 395 Way: 0 Address: 0x27d4c62d0
  Set: 416 Way: 0 Address: 0x3dae66800
  Set: 417 Way: 0 Address: 0x3dae66840
  Set: 440 Way: 0 Address: 0x3d87a6e20
  Set: 449 Way: 0 Address: 0xbeea7068
  Set: 455 Way: 0 Address: 0xbeea71c0
  Set: 490 Way: 0 Address: 0x309887a98
  Set: 580 Way: 0 Address: 0x2ee369128
  Set: 586 Way: 0 Address: 0x2c8749280
  Set: 599 Way: 0 Address: 0x2fa0c95c0
  Set: 620 Way: 0 Address: 0x2ee369b30
  Set: 638 Way: 0 Address: 0xb84a9f90
  Set: 760 Way: 0 Address: 0x28420be10
  Set: 761 Way: 0 Address: 0x28420be40
  Set: 765 Way: 0 Address: 0x28420bf40
  Set: 766 Way: 0 Address: 0x28420bf80
  Set: 769 Way: 0 Address: 0x32f48c06c
  Set: 770 Way: 0 Address: 0x32502c0a0
  Set: 774 Way: 0 Address: 0x32f48c19c
  Set: 779 Way: 0 Address: 0x32f48c2cc
  Set: 786 Way: 0 Address: 0x29484c4b8
  Set: 787 Way: 0 Address: 0x29484c4c0
  Set: 788 Way: 0 Address: 0x32f48c52c
  Set: 793 Way: 0 Address: 0x32f48c65c
  Set: 798 Way: 0 Address: 0x32f48c78c
  Set: 819 Way: 0 Address: 0x1ae2cccc8
  Set: 876 Way: 0 Address: 0x5588db30
  Set: 877 Way: 0 Address: 0x5588db41
  Set: 878 Way: 0 Address: 0x5588db80
  Set: 879 Way: 0 Address: 0x5588dbc0
  Set: 880 Way: 0 Address: 0x5588dc00
  Set: 881 Way: 0 Address: 0x5588dc40
  Set: 882 Way: 0 Address: 0x5588dc80
  Set: 883 Way: 0 Address: 0x5588dcc0
  Set: 884 Way: 0 Address: 0x5588dd02
  Set: 885 Way: 0 Address: 0x5588dd40
  Set: 886 Way: 0 Address: 0x5588dd80
  Set: 887 Way: 0 Address: 0x5588ddc0
  Set: 888 Way: 0 Address: 0x5588de00
  Set: 889 Way: 0 Address: 0x5588de40
  Set: 890 Way: 0 Address: 0x5588de81
  Set: 890 Way: 1 Address: 0x15164de84
  Set: 891 Way: 0 Address: 0x5588dec2
  Set: 891 Way: 1 Address: 0x15164dec0
  Set: 892 Way: 0 Address: 0x5588df00
  Set: 893 Way: 0 Address: 0x5588df40
  Set: 894 Way: 0 Address: 0x5588df80
  Set: 895 Way: 0 Address: 0x5588dfc1
  Set: 896 Way: 0 Address: 0x5588e000
  Set: 909 Way: 0 Address: 0x7d0ee37c
  Set: 910 Way: 0 Address: 0x7d0ee394
  Set: 911 Way: 0 Address: 0x7d0ee3c0
  Set: 923 Way: 0 Address: 0x2f5d8e6fc
  Set: 924 Way: 0 Address: 0x2f5d8e704
  Set: 925 Way: 0 Address: 0x2f5d8e740
  Set: 947 Way: 0 Address: 0x2f5d8ecd8
  Set: 948 Way: 0 Address: 0x2f5d8ed00
  Set: 958 Way: 0 Address: 0x2f5d8efb0
  Set: 959 Way: 0 Address: 0x3734eefc0
  Set: 959 Way: 1 Address: 0x2f5d8efc0
  Set: 960 Way: 0 Address: 0x23756f008
  Set: 961 Way: 0 Address: 0x23756f040
  Set: 962 Way: 0 Address: 0x23756f080
  Set: 963 Way: 0 Address: 0x23756f0c0
  Set: 964 Way: 0 Address: 0x23756f100
  Set: 965 Way: 0 Address: 0x23756f140
  Set: 966 Way: 0 Address: 0x23756f180
  Set: 967 Way: 0 Address: 0x23756f1c0
  Set: 968 Way: 0 Address: 0x23756f204
  Set: 969 Way: 0 Address: 0x23756f240
  Set: 970 Way: 0 Address: 0x23756f280
  Set: 971 Way: 0 Address: 0x23756f2c0
  Set: 972 Way: 0 Address: 0x23756f300
  Set: 973 Way: 0 Address: 0x23756f340
  Set: 974 Way: 0 Address: 0x23756f382
  Set: 975 Way: 0 Address: 0x23756f3c1
  Set: 976 Way: 0 Address: 0x23756f400
  Set: 977 Way: 0 Address: 0x23756f440
  Set: 978 Way: 0 Address: 0x23756f480
  Set: 979 Way: 0 Address: 0x23756f4c0
  Set: 980 Way: 0 Address: 0x23756f504
  Set: 981 Way: 0 Address: 0x23756f540
  Set: 982 Way: 0 Address: 0x23756f580
  Set: 983 Way: 0 Address: 0x23756f5c0
  Set: 984 Way: 0 Address: 0x23756f601
  Set: 985 Way: 0 Address: 0x23756f642
  Set: 986 Way: 0 Address: 0x23756f680
  Set: 987 Way: 0 Address: 0x16390f6e8
  Set: 987 Way: 1 Address: 0x23756f6c0
  Set: 988 Way: 0 Address: 0x23756f700
  Set: 989 Way: 0 Address: 0x23756f740
  Set: 990 Way: 0 Address: 0x23756f780
  Set: 991 Way: 0 Address: 0x23756f7c1
  Set: 992 Way: 0 Address: 0x23756f807
  Set: 993 Way: 0 Address: 0x23756f840
  Set: 994 Way: 0 Address: 0x143ef88c
  Set: 994 Way: 1 Address: 0x23756f880
  Set: 995 Way: 0 Address: 0x143ef8f0
  Set: 995 Way: 1 Address: 0x23756f8c0
  Set: 996 Way: 0 Address: 0x143ef900
  Set: 996 Way: 1 Address: 0x23756f902
  Set: 997 Way: 0 Address: 0x23756f941
  Set: 998 Way: 0 Address: 0x23756f980
  Set: 999 Way: 0 Address: 0x23756f9c0
  Set: 1000 Way: 0 Address: 0x23756fa00
  Set: 1001 Way: 0 Address: 0xee86fa54
  Set: 1001 Way: 1 Address: 0x23756fa42
  Set: 1002 Way: 0 Address: 0xee86fa80
  Set: 1002 Way: 1 Address: 0x23756fa81
  Set: 1003 Way: 0 Address: 0x23756fac0
  Set: 1004 Way: 0 Address: 0x23756fb00
  Set: 1005 Way: 0 Address: 0x23756fb40
  Set: 1006 Way: 0 Address: 0x23756fb80
  Set: 1007 Way: 0 Address: 0x23756fbc2
  Set: 1008 Way: 0 Address: 0x23756fc00
  Set: 1009 Way: 0 Address: 0x23756fc40
  Set: 1010 Way: 0 Address: 0x23756fc80
  Set: 1011 Way: 0 Address: 0x23756fcc0
  Set: 1012 Way: 0 Address: 0x22272fd00
  Set: 1012 Way: 1 Address: 0x23756fd02
  Set: 1013 Way: 0 Address: 0x22272fd68
  Set: 1013 Way: 1 Address: 0x23756fd41
  Set: 1014 Way: 0 Address: 0x23756fd80
  Set: 1015 Way: 0 Address: 0x23756fdc0
  Set: 1016 Way: 0 Address: 0x23756fe00
  Set: 1017 Way: 0 Address: 0x23756fe42
  Set: 1018 Way: 0 Address: 0x23756fe81
  Set: 1019 Way: 0 Address: 0x23756fec0
  Set: 1020 Way: 0 Address: 0x23756ff00
  Set: 1021 Way: 0 Address: 0x23756ff40
  Set: 1022 Way: 0 Address: 0x23756ff80
  Set: 1023 Way: 0 Address: 0x23756ffc3
  Set: 1024 Way: 0 Address: 0x237570000
  Set: 1032 Way: 0 Address: 0x2177f023c
  Set: 1033 Way: 0 Address: 0x2177f0240
  Set: 1034 Way: 0 Address: 0x2177f0280
  Set: 1054 Way: 0 Address: 0x14bb10780
  Set: 1062 Way: 0 Address: 0x14bb10980
  Set: 1081 Way: 0 Address: 0x168ef0e78
  Set: 1111 Way: 0 Address: 0x19c7915d8
  Set: 1123 Way: 0 Address: 0x2600918e4
  Set: 1124 Way: 0 Address: 0x260091900
  Set: 1125 Way: 0 Address: 0x19c791978
  Set: 1153 Way: 0 Address: 0x9cff2048
  Set: 1153 Way: 1 Address: 0x133c92068
  Set: 1156 Way: 0 Address: 0x133c92130
  Set: 1161 Way: 0 Address: 0x62d12240
  Set: 1193 Way: 0 Address: 0x31be12a5c
  Set: 1194 Way: 0 Address: 0x31be12a80
  Set: 1212 Way: 0 Address: 0x1995f2f08
  Set: 1243 Way: 0 Address: 0x3c56b36e8
  Set: 1244 Way: 0 Address: 0x3c56b3738
  Set: 1245 Way: 0 Address: 0x34a873750
  Set: 1246 Way: 0 Address: 0x34a873780
  Set: 1260 Way: 0 Address: 0x3c56b3b30
  Set: 1260 Way: 1 Address: 0x2b2e93b38
  Set: 1264 Way: 0 Address: 0x3232f3c04
  Set: 1265 Way: 0 Address: 0x3232f3c40
  Set: 1266 Way: 0 Address: 0x263c13cb8
  Set: 1268 Way: 0 Address: 0x257713d00
  Set: 1273 Way: 0 Address: 0x257713e78
  Set: 1275 Way: 0 Address: 0x2b2e93ed0
  Set: 1275 Way: 1 Address: 0x257713ee8
  Set: 1276 Way: 0 Address: 0x3c56b3f08
  Set: 1282 Way: 0 Address: 0x1299340a0
  Set: 1290 Way: 0 Address: 0x129934298
  Set: 1311 Way: 0 Address: 0x397bb47f8
  Set: 1317 Way: 0 Address: 0x3c1074950
  Set: 1318 Way: 0 Address: 0x3c107498c
  Set: 1319 Way: 0 Address: 0x3c10749c0
  Set: 1341 Way: 0 Address: 0x3de4d4f68
  Set: 1345 Way: 0 Address: 0x195f15058
  Set: 1401 Way: 0 Address: 0x1b0f15e58
  Set: 1402 Way: 0 Address: 0x354d35eb0
  Set: 1402 Way: 1 Address: 0x1b0f15e80
  Set: 1403 Way: 0 Address: 0x354d35ec0
  Set: 1404 Way: 0 Address: 0x354d35f01
  Set: 1405 Way: 0 Address: 0x354d35f40
  Set: 1406 Way: 0 Address: 0x354d35f82
  Set: 1407 Way: 0 Address: 0x354d35fc0
  Set: 1408 Way: 0 Address: 0x354d36000
  Set: 1420 Way: 0 Address: 0x84896304
  Set: 1421 Way: 0 Address: 0x84896340
  Set: 1443 Way: 0 Address: 0x437368fc
  Set: 1444 Way: 0 Address: 0x43736900
  Set: 1461 Way: 0 Address: 0x211d16d58
  Set: 1462 Way: 0 Address: 0x211d16d80
  Set: 1476 Way: 0 Address: 0x276ff7104
  Set: 1477 Way: 0 Address: 0x276ff7140
  Set: 1490 Way: 0 Address: 0x276ff74b0
  Set: 1491 Way: 0 Address: 0x276ff74c0
  Set: 1492 Way: 0 Address: 0x276ff7500
  Set: 1498 Way: 0 Address: 0x276ff7694
  Set: 1499 Way: 0 Address: 0x276ff76c0
  Set: 1502 Way: 0 Address: 0x276ff7780
  Set: 1503 Way: 0 Address: 0x276ff77c0
  Set: 1521 Way: 0 Address: 0x276ff7c58
  Set: 1522 Way: 0 Address: 0x276ff7c80
  Set: 1556 Way: 0 Address: 0x20159851c
  Set: 1557 Way: 0 Address: 0x201598540
  Set: 1576 Way: 0 Address: 0x3bdd78a20
  Set: 1583 Way: 0 Address: 0xc7078be0
  Set: 1584 Way: 0 Address: 0xc7078c00
  Set: 1586 Way: 0 Address: 0xc7078c9b
  Set: 1586 Way: 1 Address: 0x2c9898cb0
  Set: 1587 Way: 0 Address: 0xc7078cfe
  Set: 1587 Way: 1 Address: 0x2c9898cc8
  Set: 1588 Way: 0 Address: 0xc7078d00
  Set: 1589 Way: 0 Address: 0x1aafb8d60
  Set: 1589 Way: 1 Address: 0xc7078d40
  Set: 1600 Way: 0 Address: 0x312099010
  Set: 1600 Way: 1 Address: 0x292959003
  Set: 1601 Way: 0 Address: 0x312099040
  Set: 1601 Way: 1 Address: 0x292959040
  Set: 1602 Way: 0 Address: 0x2929590ba
  Set: 1603 Way: 0 Address: 0x2929590c2
  Set: 1604 Way: 0 Address: 0x292959100
  Set: 1605 Way: 0 Address: 0x292959140
  Set: 1606 Way: 0 Address: 0x292959196
  Set: 1607 Way: 0 Address: 0x2929591c0
  Set: 1608 Way: 0 Address: 0x292959200
  Set: 1609 Way: 0 Address: 0x292959270
  Set: 1610 Way: 0 Address: 0x2929592bc
  Set: 1611 Way: 0 Address: 0x2929592c2
  Set: 1612 Way: 0 Address: 0x292959300
  Set: 1613 Way: 0 Address: 0x292959340
  Set: 1614 Way: 0 Address: 0x292959380
  Set: 1664 Way: 0 Address: 0x229b9a000
  Set: 1665 Way: 0 Address: 0x1d89da050
  Set: 1698 Way: 0 Address: 0xc67da880
  Set: 1719 Way: 0 Address: 0x223edadc0
  Set: 1728 Way: 0 Address: 0xcf83b005
  Set: 1729 Way: 0 Address: 0xcf83b040
  Set: 1730 Way: 0 Address: 0xcf83b095
  Set: 1731 Way: 0 Address: 0xcf83b0c0
  Set: 1732 Way: 0 Address: 0x394edb128
  Set: 1732 Way: 1 Address: 0xcf83b100
  Set: 1733 Way: 0 Address: 0xcf83b140
  Set: 1734 Way: 0 Address: 0xcf83b180
  Set: 1735 Way: 0 Address: 0xcf83b1c0
  Set: 1736 Way: 0 Address: 0xcf83b200
  Set: 1737 Way: 0 Address: 0xcf83b240
  Set: 1738 Way: 0 Address: 0xcf83b280
  Set: 1739 Way: 0 Address: 0xcf83b2c0
  Set: 1740 Way: 0 Address: 0xcf83b300
  Set: 1741 Way: 0 Address: 0xcf83b340
  Set: 1742 Way: 0 Address: 0xcf83b380
  Set: 1743 Way: 0 Address: 0xcf83b3c0
  Set: 1744 Way: 0 Address: 0xcf83b400
  Set: 1745 Way: 0 Address: 0xcf83b440
  Set: 1746 Way: 0 Address: 0xcf83b480
  Set: 1747 Way: 0 Address: 0xcf83b4c0
  Set: 1748 Way: 0 Address: 0xcf83b53b
  Set: 1749 Way: 0 Address: 0xcf83b543
  Set: 1750 Way: 0 Address: 0xcf83b580
  Set: 1765 Way: 0 Address: 0x3b377b970
  Set: 1766 Way: 0 Address: 0x3b377b980
  Set: 1772 Way: 0 Address: 0x394edbb38
  Set: 1782 Way: 0 Address: 0xc0d9bd80
  Set: 1792 Way: 0 Address: 0xdf85c000
  Set: 1811 Way: 0 Address: 0x38e35c4f0
  Set: 1812 Way: 0 Address: 0x38e35c500
  Set: 1813 Way: 0 Address: 0x38e35c540
  Set: 1814 Way: 0 Address: 0x38e35c580
  Set: 1815 Way: 0 Address: 0x38e35c5c0
  Set: 1816 Way: 0 Address: 0x38e35c600
  Set: 1820 Way: 0 Address: 0x12c6fc718
  Set: 1820 Way: 1 Address: 0x38e35c720
  Set: 1821 Way: 0 Address: 0x38e35c750
  Set: 1822 Way: 0 Address: 0x38e35c780
  Set: 1823 Way: 0 Address: 0x38e35c7f0
  Set: 1824 Way: 0 Address: 0x38e35c810
  Set: 1825 Way: 0 Address: 0x38e35c840
  Set: 1826 Way: 0 Address: 0x38e35c890
  Set: 1827 Way: 0 Address: 0x38e35c8c0
  Set: 1870 Way: 0 Address: 0x23755d398
  Set: 1893 Way: 0 Address: 0xe51bd970
  Set: 1906 Way: 0 Address: 0x1addcb0
  Set: 1915 Way: 0 Address: 0x1added0
  Set: 1920 Way: 0 Address: 0x28b67e000
  Set: 1920 Way: 1 Address: 0x1f919e000
  Set: 1921 Way: 0 Address: 0x1f919e040
  Set: 1922 Way: 0 Address: 0x1f919e080
  Set: 1923 Way: 0 Address: 0x1f919e0c8
  Set: 1924 Way: 0 Address: 0x1f919e100
  Set: 1924 Way: 1 Address: 0x20597e128
  Set: 1925 Way: 0 Address: 0x1f919e140
  Set: 1928 Way: 0 Address: 0x1f919e220
  Set: 1929 Way: 0 Address: 0x1f919e242
  Set: 1930 Way: 0 Address: 0x1f919e280
  Set: 1931 Way: 0 Address: 0x1f919e2c2
  Set: 1932 Way: 0 Address: 0x1f919e300
  Set: 1933 Way: 0 Address: 0x1f919e370
  Set: 1934 Way: 0 Address: 0x1f919e3a0
  Set: 1935 Way: 0 Address: 0x1f919e3c0
  Set: 1936 Way: 0 Address: 0x1f919e430
  Set: 1937 Way: 0 Address: 0x1f919e447
  Set: 1937 Way: 1 Address: 0x2c077e450
  Set: 1938 Way: 0 Address: 0x1f919e481
  Set: 1938 Way: 1 Address: 0x2c077e480
  Set: 1939 Way: 0 Address: 0x1f919e4c1
  Set: 1939 Way: 1 Address: 0x2c077e4c0
  Set: 1940 Way: 0 Address: 0x1f919e507
  Set: 1940 Way: 1 Address: 0x2c077e502
  Set: 1941 Way: 0 Address: 0x1f919e541
  Set: 1941 Way: 1 Address: 0x2c077e578
  Set: 1942 Way: 0 Address: 0x1f919e582
  Set: 1942 Way: 1 Address: 0x2c077e580
  Set: 1943 Way: 0 Address: 0x1f919e5d7
  Set: 1943 Way: 1 Address: 0x2c077e5c0
  Set: 1944 Way: 0 Address: 0x1f919e603
  Set: 1944 Way: 1 Address: 0x2c077e600
  Set: 1945 Way: 0 Address: 0x1f919e641
  Set: 1945 Way: 1 Address: 0x2c077e650
  Set: 1946 Way: 0 Address: 0x1f919e681
  Set: 1946 Way: 1 Address: 0x2c077e680
  Set: 1947 Way: 0 Address: 0x1f919e6c1
  Set: 1947 Way: 1 Address: 0x2db79e6c0
  Set: 1947 Way: 2 Address: 0x2c077e6c0
  Set: 1948 Way: 0 Address: 0x1f919e703
  Set: 1948 Way: 1 Address: 0x2db79e700
  Set: 1949 Way: 0 Address: 0x1f919e742
  Set: 1950 Way: 0 Address: 0x1f919e7b0
  Set: 1951 Way: 0 Address: 0x1f919e7c1
  Set: 1951 Way: 1 Address: 0x28b67e7f8
  Set: 1952 Way: 0 Address: 0x1f919e800
  Set: 1953 Way: 0 Address: 0x1f919e849
  Set: 1954 Way: 0 Address: 0x1f919e880
EndCache
