Cache: cpu0_STLB
  Set: 10 Way: 0 Address: 0x290a664
  Set: 11 Way: 0 Address: 0x290b008
  Set: 12 Way: 0 Address: 0x290c070
  Set: 13 Way: 0 Address: 0x290d264
  Set: 13 Way: 1 Address: 0x210d8d0
  Set: 14 Way: 0 Address: 0x290e702
  Set: 30 Way: 0 Address: 0x211eac0
  Set: 31 Way: 0 Address: 0x211fa3c
  Set: 32 Way: 0 Address: 0x2120b4c
  Set: 33 Way: 0 Address: 0x2121c5c
  Set: 34 Way: 0 Address: 0x2122d6c
  Set: 35 Way: 0 Address: 0x2123e7c
  Set: 36 Way: 0 Address: 0x2124f8c
  Set: 37 Way: 0 Address: 0x2125000
  Set: 38 Way: 0 Address: 0x212609c
  Set: 39 Way: 0 Address: 0x21271ac
  Set: 40 Way: 0 Address: 0x21282bc
  Set: 41 Way: 0 Address: 0x21293cc
  Set: 42 Way: 0 Address: 0x212a4dc
  Set: 43 Way: 0 Address: 0x212b5ec
  Set: 44 Way: 0 Address: 0x212c6f8
  Set: 45 Way: 0 Address: 0x212d808
  Set: 46 Way: 0 Address: 0x212e918
  Set: 47 Way: 0 Address: 0x212fa28
  Set: 48 Way: 0 Address: 0x730650
  Set: 53 Way: 0 Address: 0x7fff6ec35ffc
  Set: 54 Way: 0 Address: 0x7fff6ec361e0
  Set: 56 Way: 0 Address: 0x438560
  Set: 56 Way: 1 Address: 0x20b80e8
  Set: 65 Way: 0 Address: 0x441558
  Set: 96 Way: 0 Address: 0x4608a0
  Set: 97 Way: 0 Address: 0x7618c8
  Set: 110 Way: 0 Address: 0x1d6e29c
  Set: 111 Way: 0 Address: 0x1d6f3ac
  Set: 112 Way: 0 Address: 0x1d70818
  Set: 114 Way: 0 Address: 0x1d72170
EndCache
Cache: cpu0_L2C
  Set: 1 Way: 0 Address: 0x168ef0070
  Set: 2 Way: 0 Address: 0x168ef0080
  Set: 3 Way: 0 Address: 0x168ef00c0
  Set: 7 Way: 0 Address: 0x168ef01d0
  Set: 8 Way: 0 Address: 0x168ef0212
  Set: 12 Way: 0 Address: 0x168ef0332
  Set: 13 Way: 0 Address: 0x168ef0340
  Set: 14 Way: 0 Address: 0x168ef0380
  Set: 18 Way: 0 Address: 0x168ef0490
  Set: 19 Way: 0 Address: 0x168ef04d0
  Set: 23 Way: 0 Address: 0x168ef05f0
  Set: 24 Way: 0 Address: 0x168ef0600
  Set: 25 Way: 0 Address: 0x168ef0640
  Set: 29 Way: 0 Address: 0x168ef0750
  Set: 30 Way: 0 Address: 0x168ef0790
  Set: 32 Way: 0 Address: 0x14bb10808
  Set: 33 Way: 0 Address: 0x28a940868
  Set: 33 Way: 1 Address: 0x14bb10840
  Set: 34 Way: 0 Address: 0x14bb10880
  Set: 34 Way: 1 Address: 0x168ef08b0
  Set: 35 Way: 0 Address: 0x14bb108c0
  Set: 35 Way: 1 Address: 0x168ef08c0
  Set: 36 Way: 0 Address: 0x6e620910
  Set: 36 Way: 1 Address: 0x342b40930
  Set: 36 Way: 2 Address: 0x14bb10900
  Set: 36 Way: 3 Address: 0x168ef0900
  Set: 37 Way: 0 Address: 0x14bb10940
  Set: 38 Way: 0 Address: 0x14bb10980
  Set: 39 Way: 0 Address: 0x14bb109c0
  Set: 40 Way: 0 Address: 0x2177f0a28
  Set: 40 Way: 1 Address: 0x168ef0a10
  Set: 41 Way: 0 Address: 0x2177f0a40
  Set: 41 Way: 1 Address: 0x168ef0a52
  Set: 42 Way: 0 Address: 0x2177f0a80
  Set: 43 Way: 0 Address: 0x2177f0ac0
  Set: 44 Way: 0 Address: 0x2177f0b00
  Set: 45 Way: 0 Address: 0x168ef0b70
  Set: 45 Way: 1 Address: 0x2177f0b40
  Set: 46 Way: 0 Address: 0x168ef0b80
  Set: 46 Way: 1 Address: 0x2177f0b80
  Set: 47 Way: 0 Address: 0x168ef0bc0
  Set: 47 Way: 1 Address: 0x2177f0bc0
  Set: 51 Way: 0 Address: 0x168ef0cd2
  Set: 52 Way: 0 Address: 0x168ef0d12
  Set: 56 Way: 0 Address: 0x168ef0e30
  Set: 57 Way: 0 Address: 0x168ef0e40
  Set: 58 Way: 0 Address: 0x168ef0e80
  Set: 62 Way: 0 Address: 0x168ef0f92
  Set: 63 Way: 0 Address: 0x168ef0fd0
  Set: 85 Way: 0 Address: 0x260091560
  Set: 86 Way: 0 Address: 0x260091580
  Set: 87 Way: 0 Address: 0x2600915c2
  Set: 87 Way: 1 Address: 0x19c7915c0
  Set: 98 Way: 0 Address: 0x2a48418a0
  Set: 99 Way: 0 Address: 0x2a48418c0
  Set: 100 Way: 0 Address: 0x19c791928
  Set: 101 Way: 0 Address: 0x181c81948
  Set: 101 Way: 1 Address: 0x2a4841975
  Set: 102 Way: 0 Address: 0x2a4841980
  Set: 110 Way: 0 Address: 0xf6e81bb0
  Set: 133 Way: 0 Address: 0x31be12170
  Set: 134 Way: 0 Address: 0x1995f21a8
  Set: 135 Way: 0 Address: 0x62d121c0
  Set: 135 Way: 1 Address: 0x31be121c8
  Set: 142 Way: 0 Address: 0x9cff2390
  Set: 143 Way: 0 Address: 0x9cff23c0
  Set: 144 Way: 0 Address: 0x9cff242a
  Set: 145 Way: 0 Address: 0x9cff2446
  Set: 146 Way: 0 Address: 0x9cff2482
  Set: 147 Way: 0 Address: 0x9cff24c1
  Set: 148 Way: 0 Address: 0x9cff2501
  Set: 149 Way: 0 Address: 0x9cff2558
  Set: 150 Way: 0 Address: 0x9cff2584
  Set: 151 Way: 0 Address: 0x9cff25c8
  Set: 152 Way: 0 Address: 0x9cff2600
  Set: 153 Way: 0 Address: 0x9cff2645
  Set: 163 Way: 0 Address: 0x6d0c28c8
  Set: 164 Way: 0 Address: 0x133c92900
  Set: 164 Way: 1 Address: 0x1064c2920
  Set: 192 Way: 0 Address: 0x3232f3008
  Set: 193 Way: 0 Address: 0x3232f3040
  Set: 194 Way: 0 Address: 0x25771309c
  Set: 195 Way: 0 Address: 0x2577130c0
  Set: 196 Way: 0 Address: 0x257713100
  Set: 197 Way: 0 Address: 0x3232f316a
  Set: 197 Way: 1 Address: 0x257713140
  Set: 198 Way: 0 Address: 0x3232f3180
  Set: 198 Way: 1 Address: 0x257713180
  Set: 199 Way: 0 Address: 0x2577131c0
  Set: 200 Way: 0 Address: 0x257713200
  Set: 201 Way: 0 Address: 0x257713240
  Set: 202 Way: 0 Address: 0x34a8732bc
  Set: 202 Way: 1 Address: 0x3232f32b0
  Set: 203 Way: 0 Address: 0x3232f32c4
  Set: 203 Way: 1 Address: 0x34a8732c0
  Set: 204 Way: 0 Address: 0x34a873300
  Set: 204 Way: 1 Address: 0x3232f3300
  Set: 205 Way: 0 Address: 0x34a873340
  Set: 206 Way: 0 Address: 0x2b2e933ac
  Set: 206 Way: 1 Address: 0x34a873380
  Set: 207 Way: 0 Address: 0x2b2e933c0
  Set: 207 Way: 1 Address: 0x34a8733c0
  Set: 208 Way: 0 Address: 0x3232f342a
  Set: 208 Way: 1 Address: 0x2b2e93400
  Set: 208 Way: 2 Address: 0x34a873400
  Set: 209 Way: 0 Address: 0x3232f3440
  Set: 209 Way: 1 Address: 0x2b2e93440
  Set: 209 Way: 2 Address: 0x34a873440
  Set: 210 Way: 0 Address: 0x2b2e93480
  Set: 211 Way: 0 Address: 0x2b2e934c0
  Set: 212 Way: 0 Address: 0x2b2e93500
  Set: 213 Way: 0 Address: 0x3232f3570
  Set: 213 Way: 1 Address: 0x2b2e93540
  Set: 214 Way: 0 Address: 0x3232f3588
  Set: 215 Way: 0 Address: 0x3232f35c0
  Set: 219 Way: 0 Address: 0x3232f36e4
  Set: 220 Way: 0 Address: 0x3232f3700
  Set: 223 Way: 0 Address: 0x3c56b37f8
  Set: 224 Way: 0 Address: 0x3232f3830
  Set: 225 Way: 0 Address: 0x3232f3844
  Set: 226 Way: 0 Address: 0x3232f3880
  Set: 228 Way: 0 Address: 0x3b0803938
  Set: 229 Way: 0 Address: 0x3b0803940
  Set: 230 Way: 0 Address: 0x3232f39a4
  Set: 231 Way: 0 Address: 0x3232f39c0
  Set: 235 Way: 0 Address: 0x3232f3af2
  Set: 236 Way: 0 Address: 0x3232f3b04
  Set: 237 Way: 0 Address: 0x3232f3b40
  Set: 241 Way: 0 Address: 0x3232f3c50
  Set: 242 Way: 0 Address: 0x3232f3c90
  Set: 246 Way: 0 Address: 0x3232f3db2
  Set: 247 Way: 0 Address: 0x3232f3dc0
  Set: 248 Way: 0 Address: 0x3232f3e00
  Set: 252 Way: 0 Address: 0x3232f3f10
  Set: 253 Way: 0 Address: 0x3232f3f50
  Set: 256 Way: 0 Address: 0x397bb4018
  Set: 263 Way: 0 Address: 0x3de4d41c0
  Set: 268 Way: 0 Address: 0x3de4d4300
  Set: 291 Way: 0 Address: 0x3c10748f0
  Set: 291 Way: 1 Address: 0x1ab448f8
  Set: 292 Way: 0 Address: 0x3c1074900
  Set: 293 Way: 0 Address: 0x3c1074960
  Set: 294 Way: 0 Address: 0xb8004980
  Set: 319 Way: 0 Address: 0x129934fe8
  Set: 320 Way: 0 Address: 0x195f15000
  Set: 330 Way: 0 Address: 0x354d3529c
  Set: 331 Way: 0 Address: 0x354d352c0
  Set: 332 Way: 0 Address: 0x354d35300
  Set: 333 Way: 0 Address: 0x354d35340
  Set: 334 Way: 0 Address: 0x354d35380
  Set: 335 Way: 0 Address: 0x354d353c0
  Set: 336 Way: 0 Address: 0x354d35400
  Set: 337 Way: 0 Address: 0x354d35440
  Set: 343 Way: 0 Address: 0x2725855ec
  Set: 344 Way: 0 Address: 0x272585600
  Set: 345 Way: 0 Address: 0x272585640
  Set: 346 Way: 0 Address: 0x272585680
  Set: 347 Way: 0 Address: 0x2725856c0
  Set: 348 Way: 0 Address: 0x272585700
  Set: 349 Way: 0 Address: 0x272585740
  Set: 350 Way: 0 Address: 0x272585780
  Set: 353 Way: 0 Address: 0x34a0e5860
  Set: 373 Way: 0 Address: 0x1b0f15d6c
  Set: 374 Way: 0 Address: 0x1b0f15d80
  Set: 375 Way: 0 Address: 0x1b0f15dc0
  Set: 376 Way: 0 Address: 0x1b0f15e00
  Set: 377 Way: 0 Address: 0x1b0f15e40
  Set: 378 Way: 0 Address: 0x1b0f15e80
  Set: 379 Way: 0 Address: 0x1b0f15ec0
  Set: 380 Way: 0 Address: 0x1b0f15f00
  Set: 381 Way: 0 Address: 0x1b0f15f40
  Set: 382 Way: 0 Address: 0x1b0f15f80
  Set: 383 Way: 0 Address: 0x1b0f15fc0
  Set: 384 Way: 0 Address: 0x27d4c6000
  Set: 385 Way: 0 Address: 0x27d4c6040
  Set: 386 Way: 0 Address: 0x27d4c6080
  Set: 387 Way: 0 Address: 0x27d4c60c0
  Set: 388 Way: 0 Address: 0x27d4c6100
  Set: 389 Way: 0 Address: 0x27d4c6140
  Set: 390 Way: 0 Address: 0x3d87a61ac
  Set: 391 Way: 0 Address: 0x3d87a61c0
  Set: 392 Way: 0 Address: 0x3d87a6200
  Set: 393 Way: 0 Address: 0x3d87a6240
  Set: 394 Way: 0 Address: 0x3d87a6280
  Set: 395 Way: 0 Address: 0x3d87a62c0
  Set: 396 Way: 0 Address: 0x3d87a6300
  Set: 397 Way: 0 Address: 0x3d87a6340
  Set: 421 Way: 0 Address: 0x84896968
  Set: 421 Way: 1 Address: 0x211d16970
  Set: 441 Way: 0 Address: 0x27d4c6e7c
  Set: 442 Way: 0 Address: 0x27d4c6e80
  Set: 443 Way: 0 Address: 0x27d4c6ec0
  Set: 444 Way: 0 Address: 0x27d4c6f00
  Set: 444 Way: 1 Address: 0x3dae66f38
  Set: 445 Way: 0 Address: 0x3dae66f58
  Set: 445 Way: 1 Address: 0x27d4c6f40
  Set: 446 Way: 0 Address: 0x3dae66fa4
  Set: 446 Way: 1 Address: 0x27d4c6f80
  Set: 447 Way: 0 Address: 0x3dae66ffc
  Set: 447 Way: 1 Address: 0x27d4c6fc0
  Set: 489 Way: 0 Address: 0x276ff7a70
  Set: 490 Way: 0 Address: 0x276ff7a80
  Set: 491 Way: 0 Address: 0x276ff7ac0
  Set: 492 Way: 0 Address: 0x276ff7b00
  Set: 493 Way: 0 Address: 0xbeea7b4c
  Set: 493 Way: 1 Address: 0x276ff7b40
  Set: 494 Way: 0 Address: 0xbeea7b80
  Set: 494 Way: 1 Address: 0x276ff7b80
  Set: 495 Way: 0 Address: 0xbeea7bc0
  Set: 495 Way: 1 Address: 0x276ff7bc0
  Set: 496 Way: 0 Address: 0xbeea7c00
  Set: 496 Way: 1 Address: 0x276ff7c00
  Set: 497 Way: 0 Address: 0xbeea7c40
  Set: 497 Way: 1 Address: 0x276ff7c40
  Set: 498 Way: 0 Address: 0xbeea7c80
  Set: 498 Way: 1 Address: 0x276ff7c80
  Set: 499 Way: 0 Address: 0xbeea7cc0
  Set: 499 Way: 1 Address: 0x276ff7cc0
  Set: 500 Way: 0 Address: 0xbeea7d00
  Set: 500 Way: 1 Address: 0x276ff7d00
  Set: 514 Way: 0 Address: 0x2015980a0
  Set: 545 Way: 0 Address: 0xc7078870
  Set: 545 Way: 1 Address: 0x2c9898858
  Set: 552 Way: 0 Address: 0x3bdd78a3c
  Set: 553 Way: 0 Address: 0x3bdd78a40
  Set: 554 Way: 0 Address: 0x3bdd78a80
  Set: 555 Way: 0 Address: 0x3bdd78ac0
  Set: 556 Way: 0 Address: 0x3bdd78b00
  Set: 557 Way: 0 Address: 0x1aafb8b78
  Set: 557 Way: 1 Address: 0x3bdd78b40
  Set: 558 Way: 0 Address: 0x1aafb8b80
  Set: 558 Way: 1 Address: 0x3bdd78b80
  Set: 559 Way: 0 Address: 0x3bdd78bc0
  Set: 578 Way: 0 Address: 0x2ee369080
  Set: 591 Way: 0 Address: 0x2c87493cc
  Set: 592 Way: 0 Address: 0x2c8749400
  Set: 593 Way: 0 Address: 0x2c8749440
  Set: 594 Way: 0 Address: 0x2c8749480
  Set: 595 Way: 0 Address: 0x2fa0c94dc
  Set: 595 Way: 1 Address: 0x2c87494c0
  Set: 596 Way: 0 Address: 0x2fa0c9500
  Set: 596 Way: 1 Address: 0x2c8749500
  Set: 597 Way: 0 Address: 0x2fa0c9540
  Set: 597 Way: 1 Address: 0x2c8749540
  Set: 598 Way: 0 Address: 0x2fa0c9580
  Set: 598 Way: 1 Address: 0x2c8749580
  Set: 599 Way: 0 Address: 0x2fa0c95c0
  Set: 599 Way: 1 Address: 0xb84a95c0
  Set: 600 Way: 0 Address: 0x2fa0c9600
  Set: 601 Way: 0 Address: 0x2fa0c9640
  Set: 602 Way: 0 Address: 0x2fa0c9680
  Set: 608 Way: 0 Address: 0x292959818
  Set: 609 Way: 0 Address: 0x292959844
  Set: 609 Way: 1 Address: 0xb84a9868
  Set: 610 Way: 0 Address: 0x2929598bc
  Set: 611 Way: 0 Address: 0x2929598d4
  Set: 612 Way: 0 Address: 0x292959934
  Set: 613 Way: 0 Address: 0x29295995c
  Set: 613 Way: 1 Address: 0x312099940
  Set: 614 Way: 0 Address: 0x2929599a0
  Set: 615 Way: 0 Address: 0x2929599d8
  Set: 616 Way: 0 Address: 0x292959a18
  Set: 617 Way: 0 Address: 0x292959a48
  Set: 618 Way: 0 Address: 0x292959a8c
  Set: 619 Way: 0 Address: 0x292959ae8
  Set: 620 Way: 0 Address: 0x292959b24
  Set: 621 Way: 0 Address: 0x292959b6c
  Set: 622 Way: 0 Address: 0x292959b94
  Set: 623 Way: 0 Address: 0x292959bc8
  Set: 624 Way: 0 Address: 0x292959c00
  Set: 641 Way: 0 Address: 0x223eda070
  Set: 643 Way: 0 Address: 0xc67da0f2
  Set: 644 Way: 0 Address: 0xc67da100
  Set: 645 Way: 0 Address: 0xc67da140
  Set: 648 Way: 0 Address: 0x1d89da208
  Set: 649 Way: 0 Address: 0xc67da264
  Set: 650 Way: 0 Address: 0xc67da280
  Set: 654 Way: 0 Address: 0xc67da3b0
  Set: 655 Way: 0 Address: 0xc67da3c4
  Set: 656 Way: 0 Address: 0xc67da400
  Set: 660 Way: 0 Address: 0xc67da524
  Set: 661 Way: 0 Address: 0xc67da540
  Set: 665 Way: 0 Address: 0xc67da672
  Set: 666 Way: 0 Address: 0xc67da684
  Set: 667 Way: 0 Address: 0xc67da6c0
  Set: 671 Way: 0 Address: 0xc67da7e4
  Set: 672 Way: 0 Address: 0xc67da800
  Set: 676 Way: 0 Address: 0xc67da930
  Set: 677 Way: 0 Address: 0xc67da944
  Set: 678 Way: 0 Address: 0xc67da980
  Set: 682 Way: 0 Address: 0xc67daaa4
  Set: 683 Way: 0 Address: 0xc67daac0
  Set: 687 Way: 0 Address: 0xc67dabf0
  Set: 688 Way: 0 Address: 0xc67dac08
  Set: 689 Way: 0 Address: 0xc67dac40
  Set: 693 Way: 0 Address: 0xc67dad64
  Set: 694 Way: 0 Address: 0xc67dad80
  Set: 698 Way: 0 Address: 0xc67daeb0
  Set: 699 Way: 0 Address: 0xc67daec4
  Set: 700 Way: 0 Address: 0xc67daf00
  Set: 729 Way: 0 Address: 0x394edb664
  Set: 730 Way: 0 Address: 0x394edb680
  Set: 734 Way: 0 Address: 0x394edb7b4
  Set: 735 Way: 0 Address: 0x394edb7c4
  Set: 736 Way: 0 Address: 0x394edb800
  Set: 740 Way: 0 Address: 0x394edb924
  Set: 740 Way: 1 Address: 0xc0d9b918
  Set: 741 Way: 0 Address: 0x394edb940
  Set: 741 Way: 1 Address: 0xcf83b950
  Set: 745 Way: 0 Address: 0x394edba70
  Set: 746 Way: 0 Address: 0x394edba84
  Set: 747 Way: 0 Address: 0x394edbac0
  Set: 751 Way: 0 Address: 0x394edbbe4
  Set: 752 Way: 0 Address: 0x394edbc00
  Set: 753 Way: 0 Address: 0x3b377bc5c
  Set: 754 Way: 0 Address: 0x3b377bc80
  Set: 755 Way: 0 Address: 0x3b377bcc0
  Set: 756 Way: 0 Address: 0x3b377bd00
  Set: 756 Way: 1 Address: 0x394edbd30
  Set: 757 Way: 0 Address: 0x394edbd44
  Set: 757 Way: 1 Address: 0x3b377bd40
  Set: 758 Way: 0 Address: 0x394edbd80
  Set: 758 Way: 1 Address: 0x3b377bd80
  Set: 759 Way: 0 Address: 0x3b377bdc0
  Set: 760 Way: 0 Address: 0x3b377be00
  Set: 762 Way: 0 Address: 0x394edbea4
  Set: 763 Way: 0 Address: 0x394edbec0
  Set: 767 Way: 0 Address: 0x394edbff0
  Set: 768 Way: 0 Address: 0xdf85c000
  Set: 768 Way: 1 Address: 0x38e35c000
  Set: 768 Way: 2 Address: 0x12c6fc024
  Set: 768 Way: 3 Address: 0x32f48c000
  Set: 769 Way: 0 Address: 0x38e35c040
  Set: 769 Way: 1 Address: 0x12c6fc040
  Set: 769 Way: 2 Address: 0x32f48c040
  Set: 770 Way: 0 Address: 0x38e35c080
  Set: 770 Way: 1 Address: 0x32f48c080
  Set: 771 Way: 0 Address: 0x38e35c0c0
  Set: 771 Way: 1 Address: 0x32f48c0c0
  Set: 772 Way: 0 Address: 0x38e35c100
  Set: 772 Way: 1 Address: 0x32f48c100
  Set: 773 Way: 0 Address: 0x38e35c140
  Set: 773 Way: 1 Address: 0x12c6fc170
  Set: 773 Way: 2 Address: 0x32f48c140
  Set: 774 Way: 0 Address: 0x38e35c180
  Set: 774 Way: 1 Address: 0x12c6fc186
  Set: 775 Way: 0 Address: 0x38e35c1e0
  Set: 775 Way: 1 Address: 0x12c6fc1c0
  Set: 779 Way: 0 Address: 0x12c6fc2e4
  Set: 780 Way: 0 Address: 0x12c6fc300
  Set: 784 Way: 0 Address: 0x12c6fc430
  Set: 785 Way: 0 Address: 0x12c6fc444
  Set: 786 Way: 0 Address: 0x12c6fc480
  Set: 790 Way: 0 Address: 0x12c6fc5a4
  Set: 791 Way: 0 Address: 0x12c6fc5c0
  Set: 795 Way: 0 Address: 0x12c6fc6f0
  Set: 796 Way: 0 Address: 0x12c6fc702
  Set: 797 Way: 0 Address: 0x12c6fc740
  Set: 801 Way: 0 Address: 0x32502c868
  Set: 814 Way: 0 Address: 0x1ae2ccb90
  Set: 838 Way: 0 Address: 0x23755d1b0
  Set: 869 Way: 0 Address: 0x1add960
  Set: 869 Way: 1 Address: 0x5588d978
  Set: 896 Way: 0 Address: 0x28b67e000
  Set: 896 Way: 1 Address: 0x1f919e010
  Set: 897 Way: 0 Address: 0x1f919e070
  Set: 898 Way: 0 Address: 0x1f919e0a0
  Set: 899 Way: 0 Address: 0x2c077e0e8
  Set: 927 Way: 0 Address: 0x28b67e7f8
  Set: 929 Way: 0 Address: 0x2f5d8e850
  Set: 931 Way: 0 Address: 0x7d0ee8d0
  Set: 932 Way: 0 Address: 0x1c084e908
  Set: 932 Way: 1 Address: 0x2db79e918
  Set: 932 Way: 2 Address: 0x20597e928
  Set: 933 Way: 0 Address: 0x20597e958
  Set: 933 Way: 1 Address: 0x2db79e940
  Set: 933 Way: 2 Address: 0x7d0ee960
  Set: 934 Way: 0 Address: 0x2db79e980
  Set: 934 Way: 1 Address: 0x7d0ee980
  Set: 935 Way: 0 Address: 0x2db79e9c0
  Set: 935 Way: 1 Address: 0x7d0ee9c0
  Set: 936 Way: 0 Address: 0x2db79ea00
  Set: 936 Way: 1 Address: 0x7d0eea00
  Set: 937 Way: 0 Address: 0x2db79ea40
  Set: 937 Way: 1 Address: 0x7d0eea40
  Set: 938 Way: 0 Address: 0x2db79ea80
  Set: 938 Way: 1 Address: 0x7d0eea80
  Set: 939 Way: 0 Address: 0x2db79eac0
  Set: 939 Way: 1 Address: 0x7d0eeac0
  Set: 940 Way: 0 Address: 0x3734eeb08
  Set: 940 Way: 1 Address: 0x7d0eeb00
  Set: 941 Way: 0 Address: 0x7d0eeb40
  Set: 960 Way: 0 Address: 0x23756f000
  Set: 985 Way: 0 Address: 0x16390f650
  Set: 987 Way: 0 Address: 0x22272f6f8
  Set: 988 Way: 0 Address: 0x22272f700
  Set: 989 Way: 0 Address: 0x22272f740
  Set: 990 Way: 0 Address: 0x22272f780
  Set: 991 Way: 0 Address: 0x22272f7c0
  Set: 992 Way: 0 Address: 0x22272f800
  Set: 993 Way: 0 Address: 0x22272f840
  Set: 994 Way: 0 Address: 0x22272f880
  Set: 1005 Way: 0 Address: 0xee86fb70
  Set: 1005 Way: 1 Address: 0x143efb78
  Set: 1006 Way: 0 Address: 0x143efb90
  Set: 1022 Way: 0 Address: 0x23756ff8c
  Set: 1023 Way: 0 Address: 0x23756ffc0
EndCache
Cache: cpu0_L1I
  Set: 14 Way: 0 Address: 0x9cff2390
  Set: 15 Way: 0 Address: 0x9cff23dc
  Set: 16 Way: 0 Address: 0x9cff242a
  Set: 17 Way: 0 Address: 0x9cff246f
  Set: 18 Way: 0 Address: 0x9cff24aa
  Set: 19 Way: 0 Address: 0x9cff24df
  Set: 20 Way: 0 Address: 0x9cff2501
  Set: 21 Way: 0 Address: 0x9cff2558
  Set: 21 Way: 1 Address: 0x260091560
  Set: 22 Way: 0 Address: 0x9cff2584
  Set: 22 Way: 1 Address: 0x26009159c
  Set: 23 Way: 0 Address: 0x9cff25f8
  Set: 23 Way: 1 Address: 0x2600915c2
  Set: 24 Way: 0 Address: 0x9cff263f
  Set: 25 Way: 0 Address: 0x9cff2645
  Set: 34 Way: 0 Address: 0x2a48418a0
  Set: 35 Way: 0 Address: 0x2a48418c0
  Set: 37 Way: 0 Address: 0x2a4841975
  Set: 38 Way: 0 Address: 0x2a4841980
EndCache
Cache: cpu0_L1D
  Set: 0 Way: 0 Address: 0xdf85c000
  Set: 0 Way: 1 Address: 0x28b67e000
  Set: 0 Way: 2 Address: 0x195f15000
  Set: 0 Way: 3 Address: 0x1f919e010
  Set: 0 Way: 4 Address: 0x397bb4018
  Set: 0 Way: 5 Address: 0x38e35c02a
  Set: 0 Way: 6 Address: 0x3232f301a
  Set: 0 Way: 7 Address: 0x12c6fc038
  Set: 0 Way: 8 Address: 0x32f48c000
  Set: 0 Way: 9 Address: 0x23756f000
  Set: 0 Way: 10 Address: 0x27d4c6020
  Set: 1 Way: 0 Address: 0x1f919e070
  Set: 1 Way: 1 Address: 0x223eda070
  Set: 1 Way: 2 Address: 0x38e35c05c
  Set: 1 Way: 3 Address: 0x12c6fc040
  Set: 1 Way: 4 Address: 0x3232f3040
  Set: 1 Way: 5 Address: 0x32f48c040
  Set: 1 Way: 6 Address: 0x168ef007c
  Set: 1 Way: 7 Address: 0x27d4c6060
  Set: 2 Way: 0 Address: 0x1f919e0a0
  Set: 2 Way: 1 Address: 0x2015980a0
  Set: 2 Way: 2 Address: 0x2ee369080
  Set: 2 Way: 3 Address: 0x38e35c094
  Set: 2 Way: 4 Address: 0x25771309c
  Set: 2 Way: 5 Address: 0x168ef008c
  Set: 2 Way: 6 Address: 0x32f48c080
  Set: 2 Way: 7 Address: 0x27d4c60a0
  Set: 3 Way: 0 Address: 0x38e35c0de
  Set: 3 Way: 1 Address: 0x2577130c0
  Set: 3 Way: 2 Address: 0x168ef00cc
  Set: 3 Way: 3 Address: 0xc67da0fe
  Set: 3 Way: 4 Address: 0x32f48c0c0
  Set: 3 Way: 5 Address: 0x2c077e0e8
  Set: 3 Way: 6 Address: 0x27d4c60e0
  Set: 4 Way: 0 Address: 0x38e35c114
  Set: 4 Way: 1 Address: 0x257713100
  Set: 4 Way: 2 Address: 0xc67da104
  Set: 4 Way: 3 Address: 0x32f48c100
  Set: 4 Way: 4 Address: 0x27d4c6120
  Set: 5 Way: 0 Address: 0x3232f317a
  Set: 5 Way: 1 Address: 0x38e35c15e
  Set: 5 Way: 2 Address: 0x257713140
  Set: 5 Way: 3 Address: 0xc67da148
  Set: 5 Way: 4 Address: 0x12c6fc17c
  Set: 5 Way: 5 Address: 0x32f48c140
  Set: 5 Way: 6 Address: 0x31be12170
  Set: 5 Way: 7 Address: 0x27d4c6160
  Set: 6 Way: 0 Address: 0x1995f21a8
  Set: 6 Way: 1 Address: 0x23755d1b0
  Set: 6 Way: 2 Address: 0x3232f3180
  Set: 6 Way: 3 Address: 0x3d87a61ac
  Set: 6 Way: 4 Address: 0x38e35c19c
  Set: 6 Way: 5 Address: 0x12c6fc19e
  Set: 6 Way: 6 Address: 0x257713180
  Set: 7 Way: 0 Address: 0x38e35c1ec
  Set: 7 Way: 1 Address: 0x3d87a61c0
  Set: 7 Way: 2 Address: 0x12c6fc1c0
  Set: 7 Way: 3 Address: 0x168ef01ee
  Set: 7 Way: 4 Address: 0x2577131c0
  Set: 7 Way: 5 Address: 0x3de4d41c0
  Set: 7 Way: 6 Address: 0x62d121c0
  Set: 7 Way: 7 Address: 0x31be121c8
  Set: 8 Way: 0 Address: 0x1d89da208
  Set: 8 Way: 1 Address: 0x3d87a6200
  Set: 8 Way: 2 Address: 0x168ef022e
  Set: 8 Way: 3 Address: 0x257713200
  Set: 9 Way: 0 Address: 0xc67da27a
  Set: 9 Way: 1 Address: 0x3d87a6240
  Set: 9 Way: 2 Address: 0x257713240
  Set: 10 Way: 0 Address: 0x354d3529c
  Set: 10 Way: 1 Address: 0x34a8732bc
  Set: 10 Way: 2 Address: 0xc67da282
  Set: 10 Way: 3 Address: 0x3232f32be
  Set: 10 Way: 4 Address: 0x3d87a6280
  Set: 11 Way: 0 Address: 0x3232f32d6
  Set: 11 Way: 1 Address: 0x34a8732c0
  Set: 11 Way: 2 Address: 0x12c6fc2e4
  Set: 11 Way: 3 Address: 0x354d352c0
  Set: 11 Way: 4 Address: 0x3d87a62c0
  Set: 12 Way: 0 Address: 0x3de4d4300
  Set: 12 Way: 1 Address: 0x12c6fc300
  Set: 12 Way: 2 Address: 0x34a873300
  Set: 12 Way: 3 Address: 0x354d35300
  Set: 12 Way: 4 Address: 0x3232f3300
  Set: 12 Way: 5 Address: 0x168ef033e
  Set: 12 Way: 6 Address: 0x3d87a6300
  Set: 13 Way: 0 Address: 0x34a873340
  Set: 13 Way: 1 Address: 0x354d35340
  Set: 13 Way: 2 Address: 0x168ef0348
  Set: 13 Way: 3 Address: 0x3d87a6340
  Set: 14 Way: 0 Address: 0x2b2e933ac
  Set: 14 Way: 1 Address: 0x34a873380
  Set: 14 Way: 2 Address: 0x354d35380
  Set: 14 Way: 3 Address: 0x168ef038e
  Set: 14 Way: 4 Address: 0xc67da3be
  Set: 15 Way: 0 Address: 0x2c87493cc
  Set: 15 Way: 1 Address: 0xc67da3dc
  Set: 15 Way: 2 Address: 0x2b2e933c0
  Set: 15 Way: 3 Address: 0x34a8733c0
  Set: 15 Way: 4 Address: 0x354d353c0
  Set: 16 Way: 0 Address: 0x3232f343e
  Set: 16 Way: 1 Address: 0x2c8749400
  Set: 16 Way: 2 Address: 0x2b2e93400
  Set: 16 Way: 3 Address: 0xc67da400
  Set: 16 Way: 4 Address: 0x34a873400
  Set: 16 Way: 5 Address: 0x354d35400
  Set: 16 Way: 6 Address: 0x12c6fc438
  Set: 17 Way: 0 Address: 0x3232f3440
  Set: 17 Way: 1 Address: 0x12c6fc45c
  Set: 17 Way: 2 Address: 0x2c8749440
  Set: 17 Way: 3 Address: 0x2b2e93440
  Set: 17 Way: 4 Address: 0x34a873440
  Set: 17 Way: 5 Address: 0x354d35440
  Set: 18 Way: 0 Address: 0x12c6fc480
  Set: 18 Way: 1 Address: 0x2c8749480
  Set: 18 Way: 2 Address: 0x2b2e93480
  Set: 18 Way: 3 Address: 0x168ef04aa
  Set: 19 Way: 0 Address: 0x2fa0c94dc
  Set: 19 Way: 1 Address: 0x168ef04ea
  Set: 19 Way: 2 Address: 0x2c87494c0
  Set: 19 Way: 3 Address: 0x2b2e934c0
  Set: 20 Way: 0 Address: 0xc67da538
  Set: 20 Way: 1 Address: 0x2fa0c9500
  Set: 20 Way: 2 Address: 0x2c8749500
  Set: 20 Way: 3 Address: 0x2b2e93500
  Set: 21 Way: 0 Address: 0xc67da540
  Set: 21 Way: 1 Address: 0x2fa0c9540
  Set: 21 Way: 2 Address: 0x3232f357e
  Set: 21 Way: 3 Address: 0x2c8749540
  Set: 21 Way: 4 Address: 0x2b2e93540
  Set: 22 Way: 0 Address: 0x3232f35a2
  Set: 22 Way: 1 Address: 0x12c6fc5b8
  Set: 22 Way: 2 Address: 0x2fa0c9580
  Set: 22 Way: 3 Address: 0x2c8749580
  Set: 23 Way: 0 Address: 0x2725855ec
  Set: 23 Way: 1 Address: 0x12c6fc5c0
  Set: 23 Way: 2 Address: 0x3232f35c0
  Set: 23 Way: 3 Address: 0x2fa0c95c0
  Set: 23 Way: 4 Address: 0x168ef05fc
  Set: 23 Way: 5 Address: 0x19c7915c0
  Set: 23 Way: 6 Address: 0xb84a95c0
  Set: 24 Way: 0 Address: 0x272585600
  Set: 24 Way: 1 Address: 0x168ef0608
  Set: 24 Way: 2 Address: 0x2fa0c9600
  Set: 25 Way: 0 Address: 0x16390f650
  Set: 25 Way: 1 Address: 0x394edb664
  Set: 25 Way: 2 Address: 0x272585640
  Set: 25 Way: 3 Address: 0x168ef064a
  Set: 25 Way: 4 Address: 0xc67da678
  Set: 25 Way: 5 Address: 0x2fa0c9640
  Set: 26 Way: 0 Address: 0x394edb680
  Set: 26 Way: 1 Address: 0xc67da69e
  Set: 26 Way: 2 Address: 0x272585680
  Set: 26 Way: 3 Address: 0x2fa0c9680
  Set: 27 Way: 0 Address: 0x22272f6f8
  Set: 27 Way: 1 Address: 0x3232f36f6
  Set: 27 Way: 2 Address: 0xc67da6c0
  Set: 27 Way: 3 Address: 0x2725856c0
  Set: 27 Way: 4 Address: 0x12c6fc6fc
  Set: 28 Way: 0 Address: 0x12c6fc70e
  Set: 28 Way: 1 Address: 0x3232f3700
  Set: 28 Way: 2 Address: 0x22272f700
  Set: 28 Way: 3 Address: 0x272585700
  Set: 29 Way: 0 Address: 0x22272f740
  Set: 29 Way: 1 Address: 0x12c6fc740
  Set: 29 Way: 2 Address: 0x168ef076a
  Set: 29 Way: 3 Address: 0x272585740
  Set: 30 Way: 0 Address: 0x22272f780
  Set: 30 Way: 1 Address: 0x394edb7be
  Set: 30 Way: 2 Address: 0x168ef07aa
  Set: 30 Way: 3 Address: 0x272585780
  Set: 31 Way: 0 Address: 0x28b67e7f8
  Set: 31 Way: 1 Address: 0x3c56b37f8
  Set: 31 Way: 2 Address: 0x394edb7c4
  Set: 31 Way: 3 Address: 0xc67da7f6
  Set: 31 Way: 4 Address: 0x22272f7c0
  Set: 32 Way: 0 Address: 0x292959818
  Set: 32 Way: 1 Address: 0x14bb10808
  Set: 32 Way: 2 Address: 0xc67da800
  Set: 32 Way: 3 Address: 0x394edb800
  Set: 32 Way: 4 Address: 0x3232f383e
  Set: 32 Way: 5 Address: 0x22272f800
  Set: 33 Way: 0 Address: 0xc7078870
  Set: 33 Way: 1 Address: 0x292959844
  Set: 33 Way: 2 Address: 0x2f5d8e850
  Set: 33 Way: 3 Address: 0x2c9898858
  Set: 33 Way: 4 Address: 0x3232f385c
  Set: 33 Way: 5 Address: 0x28a940868
  Set: 33 Way: 6 Address: 0x14bb10840
  Set: 33 Way: 7 Address: 0x34a0e5860
  Set: 33 Way: 8 Address: 0x22272f840
  Set: 33 Way: 9 Address: 0xb84a9868
  Set: 33 Way: 10 Address: 0x32502c868
  Set: 34 Way: 0 Address: 0x2929598bc
  Set: 34 Way: 1 Address: 0x14bb10880
  Set: 34 Way: 2 Address: 0x3232f3880
  Set: 34 Way: 3 Address: 0x168ef08b2
  Set: 34 Way: 4 Address: 0x22272f880
  Set: 35 Way: 0 Address: 0x6d0c28c8
  Set: 35 Way: 1 Address: 0x2929598d4
  Set: 35 Way: 2 Address: 0x3c10748f0
  Set: 35 Way: 3 Address: 0x1ab448f8
  Set: 35 Way: 4 Address: 0x14bb108c0
  Set: 35 Way: 5 Address: 0x168ef08c8
  Set: 35 Way: 6 Address: 0x7d0ee8d0
  Set: 36 Way: 0 Address: 0x292959934
  Set: 36 Way: 1 Address: 0x394edb93c
  Set: 36 Way: 2 Address: 0x19c791928
  Set: 36 Way: 3 Address: 0x14bb10900
  Set: 36 Way: 4 Address: 0x168ef0908
  Set: 36 Way: 5 Address: 0x6e620910
  Set: 36 Way: 6 Address: 0xc67da938
  Set: 36 Way: 7 Address: 0x1064c2920
  Set: 36 Way: 8 Address: 0xc0d9b918
  Set: 36 Way: 9 Address: 0x342b40930
  Set: 36 Way: 10 Address: 0x3b0803938
  Set: 36 Way: 11 Address: 0x20597e928
  Set: 37 Way: 0 Address: 0x29295995c
  Set: 37 Way: 1 Address: 0xc67da95e
  Set: 37 Way: 2 Address: 0x394edb940
  Set: 37 Way: 3 Address: 0x2db79e940
  Set: 37 Way: 4 Address: 0x14bb10940
  Set: 37 Way: 5 Address: 0x7d0ee97c
  Set: 37 Way: 6 Address: 0x211d16970
  Set: 37 Way: 7 Address: 0x3b0803950
  Set: 37 Way: 8 Address: 0x181c81948
  Set: 37 Way: 9 Address: 0x312099940
  Set: 37 Way: 10 Address: 0x20597e958
  Set: 37 Way: 11 Address: 0xcf83b950
  Set: 38 Way: 0 Address: 0xb8004980
  Set: 38 Way: 1 Address: 0x292959984
  Set: 38 Way: 2 Address: 0x3232f39a4
  Set: 38 Way: 3 Address: 0x2db79e980
  Set: 38 Way: 4 Address: 0xc67da980
  Set: 38 Way: 5 Address: 0x14bb10980
  Set: 38 Way: 6 Address: 0x7d0ee9ac
  Set: 39 Way: 0 Address: 0x2929599f0
  Set: 39 Way: 1 Address: 0x3232f39c0
  Set: 39 Way: 2 Address: 0x2db79e9c0
  Set: 39 Way: 3 Address: 0x14bb109c0
  Set: 39 Way: 4 Address: 0x7d0ee9ec
  Set: 40 Way: 0 Address: 0x292959a18
  Set: 40 Way: 1 Address: 0x2177f0a28
  Set: 40 Way: 2 Address: 0x3bdd78a3c
  Set: 40 Way: 3 Address: 0x2db79ea00
  Set: 40 Way: 4 Address: 0x168ef0a28
  Set: 40 Way: 5 Address: 0x7d0eea2c
  Set: 41 Way: 0 Address: 0x292959a48
  Set: 41 Way: 1 Address: 0x276ff7a70
  Set: 41 Way: 2 Address: 0x3bdd78a40
  Set: 41 Way: 3 Address: 0x2177f0a40
  Set: 41 Way: 4 Address: 0x394edba7c
  Set: 41 Way: 5 Address: 0x168ef0a6c
  Set: 41 Way: 6 Address: 0x2db79ea40
  Set: 41 Way: 7 Address: 0x7d0eea6c
  Set: 42 Way: 0 Address: 0x394edbaa2
  Set: 42 Way: 1 Address: 0x276ff7a90
  Set: 42 Way: 2 Address: 0x292959a8c
  Set: 42 Way: 3 Address: 0xc67daabe
  Set: 42 Way: 4 Address: 0x3bdd78a80
  Set: 42 Way: 5 Address: 0x2177f0a80
  Set: 42 Way: 6 Address: 0x2db79ea80
  Set: 42 Way: 7 Address: 0x7d0eeaac
  Set: 43 Way: 0 Address: 0x276ff7ac0
  Set: 43 Way: 1 Address: 0x292959ae8
  Set: 43 Way: 2 Address: 0xc67daac0
  Set: 43 Way: 3 Address: 0x394edbac0
  Set: 43 Way: 4 Address: 0x3bdd78ac0
  Set: 43 Way: 5 Address: 0x2177f0ac0
  Set: 43 Way: 6 Address: 0x3232f3afc
  Set: 43 Way: 7 Address: 0x2db79eac0
  Set: 43 Way: 8 Address: 0x7d0eeaec
  Set: 44 Way: 0 Address: 0x3734eeb08
  Set: 44 Way: 1 Address: 0x292959b24
  Set: 44 Way: 2 Address: 0x3232f3b1c
  Set: 44 Way: 3 Address: 0x3bdd78b00
  Set: 44 Way: 4 Address: 0x2177f0b00
  Set: 44 Way: 5 Address: 0x276ff7b20
  Set: 44 Way: 6 Address: 0x7d0eeb2c
  Set: 45 Way: 0 Address: 0x1aafb8b70
  Set: 45 Way: 1 Address: 0xee86fb70
  Set: 45 Way: 2 Address: 0x143efb78
  Set: 45 Way: 3 Address: 0xbeea7b4c
  Set: 45 Way: 4 Address: 0x292959b6c
  Set: 45 Way: 5 Address: 0x3232f3b40
  Set: 45 Way: 6 Address: 0x3bdd78b40
  Set: 45 Way: 7 Address: 0x168ef0b7c
  Set: 45 Way: 8 Address: 0x2177f0b40
  Set: 45 Way: 9 Address: 0x276ff7b70
  Set: 45 Way: 10 Address: 0x7d0eeb6c
  Set: 46 Way: 0 Address: 0x1aafb8b80
  Set: 46 Way: 1 Address: 0xf6e81bb0
  Set: 46 Way: 2 Address: 0x292959b94
  Set: 46 Way: 3 Address: 0xbeea7b80
  Set: 46 Way: 4 Address: 0x168ef0b88
  Set: 46 Way: 5 Address: 0x3bdd78b80
  Set: 46 Way: 6 Address: 0x2177f0b80
  Set: 46 Way: 7 Address: 0x143efb90
  Set: 46 Way: 8 Address: 0x1ae2ccb90
  Set: 46 Way: 9 Address: 0x276ff7bb0
  Set: 47 Way: 0 Address: 0x394edbbfe
  Set: 47 Way: 1 Address: 0x292959bc8
  Set: 47 Way: 2 Address: 0xbeea7bc0
  Set: 47 Way: 3 Address: 0x168ef0bca
  Set: 47 Way: 4 Address: 0xc67dabf4
  Set: 47 Way: 5 Address: 0x3bdd78bc0
  Set: 47 Way: 6 Address: 0x2177f0bc0
  Set: 47 Way: 7 Address: 0x276ff7bcc
  Set: 48 Way: 0 Address: 0x394edbc00
  Set: 48 Way: 1 Address: 0xc67dac1e
  Set: 48 Way: 2 Address: 0xbeea7c00
  Set: 48 Way: 3 Address: 0x292959c00
  Set: 48 Way: 4 Address: 0x276ff7c30
  Set: 49 Way: 0 Address: 0x3b377bc5c
  Set: 49 Way: 1 Address: 0xc67dac40
  Set: 49 Way: 2 Address: 0x3232f3c68
  Set: 49 Way: 3 Address: 0xbeea7c40
  Set: 49 Way: 4 Address: 0x276ff7c70
  Set: 50 Way: 0 Address: 0x3b377bc80
  Set: 50 Way: 1 Address: 0x3232f3cae
  Set: 50 Way: 2 Address: 0xbeea7c80
  Set: 50 Way: 3 Address: 0x276ff7ca4
  Set: 51 Way: 0 Address: 0x3b377bcc0
  Set: 51 Way: 1 Address: 0x168ef0ce6
  Set: 51 Way: 2 Address: 0xbeea7cc0
  Set: 51 Way: 3 Address: 0x276ff7ce4
  Set: 52 Way: 0 Address: 0x3b377bd00
  Set: 52 Way: 1 Address: 0x394edbd3e
  Set: 52 Way: 2 Address: 0x168ef0d2a
  Set: 52 Way: 3 Address: 0xbeea7d00
  Set: 52 Way: 4 Address: 0x276ff7d30
  Set: 53 Way: 0 Address: 0x394edbd56
  Set: 53 Way: 1 Address: 0x1b0f15d6c
  Set: 53 Way: 2 Address: 0xc67dad7e
  Set: 53 Way: 3 Address: 0x3b377bd40
  Set: 54 Way: 0 Address: 0xc67dad80
  Set: 54 Way: 1 Address: 0x1b0f15d80
  Set: 54 Way: 2 Address: 0x394edbd80
  Set: 54 Way: 3 Address: 0x3232f3db8
  Set: 54 Way: 4 Address: 0x3b377bd80
  Set: 55 Way: 0 Address: 0x1b0f15dc0
  Set: 55 Way: 1 Address: 0x3232f3dc2
  Set: 55 Way: 2 Address: 0x3b377bdc0
  Set: 56 Way: 0 Address: 0x1b0f15e00
  Set: 56 Way: 1 Address: 0x3232f3e0c
  Set: 56 Way: 2 Address: 0x168ef0e38
  Set: 56 Way: 3 Address: 0x3b377be00
  Set: 57 Way: 0 Address: 0x27d4c6e7c
  Set: 57 Way: 1 Address: 0x1b0f15e40
  Set: 57 Way: 2 Address: 0x168ef0e4e
  Set: 58 Way: 0 Address: 0x394edbebe
  Set: 58 Way: 1 Address: 0x27d4c6e80
  Set: 58 Way: 2 Address: 0x1b0f15e80
  Set: 58 Way: 3 Address: 0x168ef0e8a
  Set: 58 Way: 4 Address: 0xc67daebc
  Set: 59 Way: 0 Address: 0x394edbec0
  Set: 59 Way: 1 Address: 0xc67daede
  Set: 59 Way: 2 Address: 0x27d4c6ec0
  Set: 59 Way: 3 Address: 0x1b0f15ec0
  Set: 60 Way: 0 Address: 0xc67daf00
  Set: 60 Way: 1 Address: 0x27d4c6f00
  Set: 60 Way: 2 Address: 0x3232f3f2a
  Set: 60 Way: 3 Address: 0x1b0f15f00
  Set: 60 Way: 4 Address: 0x3dae66f20
  Set: 61 Way: 0 Address: 0x3dae66f58
  Set: 61 Way: 1 Address: 0x27d4c6f40
  Set: 61 Way: 2 Address: 0x3232f3f6a
  Set: 61 Way: 3 Address: 0x1b0f15f60
  Set: 62 Way: 0 Address: 0x3dae66fbc
  Set: 62 Way: 1 Address: 0x23756ff8c
  Set: 62 Way: 2 Address: 0x27d4c6f80
  Set: 62 Way: 3 Address: 0x168ef0fae
  Set: 62 Way: 4 Address: 0x1b0f15fb4
  Set: 63 Way: 0 Address: 0x129934fe8
  Set: 63 Way: 1 Address: 0x3dae66fe0
  Set: 63 Way: 2 Address: 0x23756ffc0
  Set: 63 Way: 3 Address: 0x394edbffe
  Set: 63 Way: 4 Address: 0x168ef0fea
  Set: 63 Way: 5 Address: 0x27d4c6fc0
  Set: 63 Way: 6 Address: 0x1b0f15fe0
EndCache
Cache: cpu0_ITLB
  Set: 0 Way: 0 Address: 0x4608a0
  Set: 1 Way: 0 Address: 0x4414aa
  Set: 8 Way: 0 Address: 0x4385c2
EndCache
Cache: cpu0_DTLB
  Set: 0 Way: 0 Address: 0x1d709f0
  Set: 0 Way: 1 Address: 0x730650
  Set: 0 Way: 2 Address: 0x2120b4c
  Set: 1 Way: 0 Address: 0x7618c8
  Set: 1 Way: 1 Address: 0x2121c5c
  Set: 2 Way: 0 Address: 0x2122d6c
  Set: 2 Way: 1 Address: 0x1d72170
  Set: 3 Way: 0 Address: 0x2123e7c
  Set: 4 Way: 0 Address: 0x2124f8c
  Set: 5 Way: 0 Address: 0x7fff6ec35fbc
  Set: 5 Way: 1 Address: 0x2125000
  Set: 6 Way: 0 Address: 0x7fff6ec36000
  Set: 6 Way: 1 Address: 0x212609c
  Set: 7 Way: 0 Address: 0x21271ac
  Set: 8 Way: 0 Address: 0x21282bc
  Set: 8 Way: 1 Address: 0x20b80e8
  Set: 9 Way: 0 Address: 0x21293cc
  Set: 10 Way: 0 Address: 0x290a7c4
  Set: 10 Way: 1 Address: 0x212a4dc
  Set: 11 Way: 0 Address: 0x290b01a
  Set: 11 Way: 1 Address: 0x212b5ec
  Set: 12 Way: 0 Address: 0x212c6f8
  Set: 12 Way: 1 Address: 0x290c08c
  Set: 13 Way: 0 Address: 0x212d808
  Set: 13 Way: 1 Address: 0x290d282
  Set: 13 Way: 2 Address: 0x210d8d0
  Set: 14 Way: 0 Address: 0x290e70e
  Set: 14 Way: 1 Address: 0x1d6e29c
  Set: 14 Way: 2 Address: 0x211eac0
  Set: 14 Way: 3 Address: 0x212e918
  Set: 15 Way: 0 Address: 0x1d6f3ac
  Set: 15 Way: 1 Address: 0x212fa28
  Set: 15 Way: 2 Address: 0x211fa3c
EndCache
Cache: LLC
  Set: 33 Way: 0 Address: 0x28a940868
  Set: 36 Way: 0 Address: 0x6e620910
  Set: 36 Way: 1 Address: 0x342b40930
  Set: 98 Way: 0 Address: 0x2a48418a0
  Set: 99 Way: 0 Address: 0x2a48418c0
  Set: 101 Way: 0 Address: 0x181c81948
  Set: 101 Way: 1 Address: 0x2a4841975
  Set: 102 Way: 0 Address: 0x2a4841980
  Set: 110 Way: 0 Address: 0xf6e81bb0
  Set: 163 Way: 0 Address: 0x6d0c28c8
  Set: 164 Way: 0 Address: 0x1064c2920
  Set: 228 Way: 0 Address: 0x3b0803938
  Set: 229 Way: 0 Address: 0x3b0803940
  Set: 291 Way: 0 Address: 0x1ab448f8
  Set: 294 Way: 0 Address: 0xb8004980
  Set: 343 Way: 0 Address: 0x2725855ec
  Set: 344 Way: 0 Address: 0x272585600
  Set: 345 Way: 0 Address: 0x272585640
  Set: 346 Way: 0 Address: 0x272585680
  Set: 347 Way: 0 Address: 0x2725856c0
  Set: 348 Way: 0 Address: 0x272585700
  Set: 349 Way: 0 Address: 0x272585740
  Set: 350 Way: 0 Address: 0x272585780
  Set: 353 Way: 0 Address: 0x34a0e5860
  Set: 384 Way: 0 Address: 0x27d4c6000
  Set: 385 Way: 0 Address: 0x27d4c6040
  Set: 386 Way: 0 Address: 0x27d4c6080
  Set: 387 Way: 0 Address: 0x27d4c60c0
  Set: 388 Way: 0 Address: 0x27d4c6100
  Set: 389 Way: 0 Address: 0x27d4c6140
  Set: 390 Way: 0 Address: 0x3d87a61ac
  Set: 391 Way: 0 Address: 0x3d87a61c0
  Set: 392 Way: 0 Address: 0x3d87a6200
  Set: 393 Way: 0 Address: 0x3d87a6240
  Set: 394 Way: 0 Address: 0x3d87a6280
  Set: 395 Way: 0 Address: 0x3d87a62c0
  Set: 396 Way: 0 Address: 0x3d87a6300
  Set: 397 Way: 0 Address: 0x3d87a6340
  Set: 441 Way: 0 Address: 0x27d4c6e7c
  Set: 442 Way: 0 Address: 0x27d4c6e80
  Set: 443 Way: 0 Address: 0x27d4c6ec0
  Set: 444 Way: 0 Address: 0x27d4c6f00
  Set: 444 Way: 1 Address: 0x3dae66f38
  Set: 445 Way: 0 Address: 0x3dae66f58
  Set: 445 Way: 1 Address: 0x27d4c6f40
  Set: 446 Way: 0 Address: 0x3dae66fa4
  Set: 446 Way: 1 Address: 0x27d4c6f80
  Set: 447 Way: 0 Address: 0x3dae66ffc
  Set: 447 Way: 1 Address: 0x27d4c6fc0
  Set: 493 Way: 0 Address: 0xbeea7b4c
  Set: 494 Way: 0 Address: 0xbeea7b80
  Set: 495 Way: 0 Address: 0xbeea7bc0
  Set: 496 Way: 0 Address: 0xbeea7c00
  Set: 497 Way: 0 Address: 0xbeea7c40
  Set: 498 Way: 0 Address: 0xbeea7c80
  Set: 499 Way: 0 Address: 0xbeea7cc0
  Set: 500 Way: 0 Address: 0xbeea7d00
  Set: 578 Way: 0 Address: 0x2ee369080
  Set: 591 Way: 0 Address: 0x2c87493cc
  Set: 592 Way: 0 Address: 0x2c8749400
  Set: 593 Way: 0 Address: 0x2c8749440
  Set: 594 Way: 0 Address: 0x2c8749480
  Set: 595 Way: 0 Address: 0x2fa0c94dc
  Set: 595 Way: 1 Address: 0x2c87494c0
  Set: 596 Way: 0 Address: 0x2fa0c9500
  Set: 596 Way: 1 Address: 0x2c8749500
  Set: 597 Way: 0 Address: 0x2fa0c9540
  Set: 597 Way: 1 Address: 0x2c8749540
  Set: 598 Way: 0 Address: 0x2fa0c9580
  Set: 598 Way: 1 Address: 0x2c8749580
  Set: 599 Way: 0 Address: 0x2fa0c95c0
  Set: 599 Way: 1 Address: 0xb84a95c0
  Set: 600 Way: 0 Address: 0x2fa0c9600
  Set: 601 Way: 0 Address: 0x2fa0c9640
  Set: 602 Way: 0 Address: 0x2fa0c9680
  Set: 609 Way: 0 Address: 0xb84a9868
  Set: 768 Way: 0 Address: 0x32f48c000
  Set: 769 Way: 0 Address: 0x32f48c040
  Set: 770 Way: 0 Address: 0x32f48c080
  Set: 771 Way: 0 Address: 0x32f48c0c0
  Set: 772 Way: 0 Address: 0x32f48c100
  Set: 773 Way: 0 Address: 0x32f48c140
  Set: 801 Way: 0 Address: 0x32502c868
  Set: 814 Way: 0 Address: 0x1ae2ccb90
  Set: 869 Way: 0 Address: 0x5588d978
  Set: 929 Way: 0 Address: 0x2f5d8e850
  Set: 931 Way: 0 Address: 0x7d0ee8d0
  Set: 932 Way: 0 Address: 0x1c084e908
  Set: 933 Way: 0 Address: 0x7d0ee960
  Set: 934 Way: 0 Address: 0x7d0ee980
  Set: 935 Way: 0 Address: 0x7d0ee9c0
  Set: 936 Way: 0 Address: 0x7d0eea00
  Set: 937 Way: 0 Address: 0x7d0eea40
  Set: 938 Way: 0 Address: 0x7d0eea80
  Set: 939 Way: 0 Address: 0x7d0eeac0
  Set: 940 Way: 0 Address: 0x3734eeb08
  Set: 940 Way: 1 Address: 0x7d0eeb00
  Set: 941 Way: 0 Address: 0x7d0eeb40
  Set: 960 Way: 0 Address: 0x23756f000
  Set: 985 Way: 0 Address: 0x16390f650
  Set: 987 Way: 0 Address: 0x22272f6f8
  Set: 988 Way: 0 Address: 0x22272f700
  Set: 989 Way: 0 Address: 0x22272f740
  Set: 990 Way: 0 Address: 0x22272f780
  Set: 991 Way: 0 Address: 0x22272f7c0
  Set: 992 Way: 0 Address: 0x22272f800
  Set: 993 Way: 0 Address: 0x22272f840
  Set: 994 Way: 0 Address: 0x22272f880
  Set: 1005 Way: 0 Address: 0xee86fb70
  Set: 1005 Way: 1 Address: 0x143efb78
  Set: 1006 Way: 0 Address: 0x143efb90
  Set: 1022 Way: 0 Address: 0x23756ff8c
  Set: 1023 Way: 0 Address: 0x23756ffc0
  Set: 1025 Way: 0 Address: 0x168ef0070
  Set: 1026 Way: 0 Address: 0x168ef0080
  Set: 1027 Way: 0 Address: 0x168ef00c0
  Set: 1031 Way: 0 Address: 0x168ef01d0
  Set: 1032 Way: 0 Address: 0x168ef0212
  Set: 1036 Way: 0 Address: 0x168ef0332
  Set: 1037 Way: 0 Address: 0x168ef0340
  Set: 1038 Way: 0 Address: 0x168ef0380
  Set: 1042 Way: 0 Address: 0x168ef0490
  Set: 1043 Way: 0 Address: 0x168ef04d0
  Set: 1047 Way: 0 Address: 0x168ef05f0
  Set: 1048 Way: 0 Address: 0x168ef0600
  Set: 1049 Way: 0 Address: 0x168ef0640
  Set: 1053 Way: 0 Address: 0x168ef0750
  Set: 1054 Way: 0 Address: 0x168ef0790
  Set: 1056 Way: 0 Address: 0x14bb10808
  Set: 1057 Way: 0 Address: 0x14bb10840
  Set: 1058 Way: 0 Address: 0x14bb10880
  Set: 1058 Way: 1 Address: 0x168ef08b0
  Set: 1059 Way: 0 Address: 0x14bb108c0
  Set: 1059 Way: 1 Address: 0x168ef08c0
  Set: 1060 Way: 0 Address: 0x14bb10900
  Set: 1060 Way: 1 Address: 0x168ef0900
  Set: 1061 Way: 0 Address: 0x14bb10940
  Set: 1062 Way: 0 Address: 0x14bb10980
  Set: 1063 Way: 0 Address: 0x14bb109c0
  Set: 1064 Way: 0 Address: 0x2177f0a28
  Set: 1064 Way: 1 Address: 0x168ef0a10
  Set: 1065 Way: 0 Address: 0x2177f0a40
  Set: 1065 Way: 1 Address: 0x168ef0a52
  Set: 1066 Way: 0 Address: 0x2177f0a80
  Set: 1067 Way: 0 Address: 0x2177f0ac0
  Set: 1068 Way: 0 Address: 0x2177f0b00
  Set: 1069 Way: 0 Address: 0x168ef0b70
  Set: 1069 Way: 1 Address: 0x2177f0b40
  Set: 1070 Way: 0 Address: 0x168ef0b80
  Set: 1070 Way: 1 Address: 0x2177f0b80
  Set: 1071 Way: 0 Address: 0x168ef0bc0
  Set: 1071 Way: 1 Address: 0x2177f0bc0
  Set: 1075 Way: 0 Address: 0x168ef0cd2
  Set: 1076 Way: 0 Address: 0x168ef0d12
  Set: 1080 Way: 0 Address: 0x168ef0e30
  Set: 1081 Way: 0 Address: 0x168ef0e40
  Set: 1082 Way: 0 Address: 0x168ef0e80
  Set: 1086 Way: 0 Address: 0x168ef0f92
  Set: 1087 Way: 0 Address: 0x168ef0fd0
  Set: 1109 Way: 0 Address: 0x260091560
  Set: 1110 Way: 0 Address: 0x260091580
  Set: 1111 Way: 0 Address: 0x2600915c2
  Set: 1111 Way: 1 Address: 0x19c7915c0
  Set: 1124 Way: 0 Address: 0x19c791928
  Set: 1157 Way: 0 Address: 0x31be12170
  Set: 1158 Way: 0 Address: 0x1995f21a8
  Set: 1159 Way: 0 Address: 0x62d121c0
  Set: 1159 Way: 1 Address: 0x31be121c8
  Set: 1166 Way: 0 Address: 0x9cff2390
  Set: 1167 Way: 0 Address: 0x9cff23c0
  Set: 1168 Way: 0 Address: 0x9cff242a
  Set: 1169 Way: 0 Address: 0x9cff2446
  Set: 1170 Way: 0 Address: 0x9cff2482
  Set: 1171 Way: 0 Address: 0x9cff24c1
  Set: 1172 Way: 0 Address: 0x9cff2501
  Set: 1173 Way: 0 Address: 0x9cff2558
  Set: 1174 Way: 0 Address: 0x9cff2584
  Set: 1175 Way: 0 Address: 0x9cff25c8
  Set: 1176 Way: 0 Address: 0x9cff2600
  Set: 1177 Way: 0 Address: 0x9cff2645
  Set: 1188 Way: 0 Address: 0x133c92900
  Set: 1216 Way: 0 Address: 0x3232f3008
  Set: 1217 Way: 0 Address: 0x3232f3040
  Set: 1218 Way: 0 Address: 0x25771309c
  Set: 1219 Way: 0 Address: 0x2577130c0
  Set: 1220 Way: 0 Address: 0x257713100
  Set: 1221 Way: 0 Address: 0x3232f316a
  Set: 1221 Way: 1 Address: 0x257713140
  Set: 1222 Way: 0 Address: 0x3232f3180
  Set: 1222 Way: 1 Address: 0x257713180
  Set: 1223 Way: 0 Address: 0x2577131c0
  Set: 1224 Way: 0 Address: 0x257713200
  Set: 1225 Way: 0 Address: 0x257713240
  Set: 1226 Way: 0 Address: 0x34a8732bc
  Set: 1226 Way: 1 Address: 0x3232f32b0
  Set: 1227 Way: 0 Address: 0x3232f32c4
  Set: 1227 Way: 1 Address: 0x34a8732c0
  Set: 1228 Way: 0 Address: 0x34a873300
  Set: 1228 Way: 1 Address: 0x3232f3300
  Set: 1229 Way: 0 Address: 0x34a873340
  Set: 1230 Way: 0 Address: 0x2b2e933ac
  Set: 1230 Way: 1 Address: 0x34a873380
  Set: 1231 Way: 0 Address: 0x2b2e933c0
  Set: 1231 Way: 1 Address: 0x34a8733c0
  Set: 1232 Way: 0 Address: 0x3232f342a
  Set: 1232 Way: 1 Address: 0x2b2e93400
  Set: 1232 Way: 2 Address: 0x34a873400
  Set: 1233 Way: 0 Address: 0x3232f3440
  Set: 1233 Way: 1 Address: 0x2b2e93440
  Set: 1233 Way: 2 Address: 0x34a873440
  Set: 1234 Way: 0 Address: 0x2b2e93480
  Set: 1235 Way: 0 Address: 0x2b2e934c0
  Set: 1236 Way: 0 Address: 0x2b2e93500
  Set: 1237 Way: 0 Address: 0x3232f3570
  Set: 1237 Way: 1 Address: 0x2b2e93540
  Set: 1238 Way: 0 Address: 0x3232f3588
  Set: 1239 Way: 0 Address: 0x3232f35c0
  Set: 1243 Way: 0 Address: 0x3232f36e4
  Set: 1244 Way: 0 Address: 0x3232f3700
  Set: 1247 Way: 0 Address: 0x3c56b37f8
  Set: 1248 Way: 0 Address: 0x3232f3830
  Set: 1249 Way: 0 Address: 0x3232f3844
  Set: 1250 Way: 0 Address: 0x3232f3880
  Set: 1254 Way: 0 Address: 0x3232f39a4
  Set: 1255 Way: 0 Address: 0x3232f39c0
  Set: 1259 Way: 0 Address: 0x3232f3af2
  Set: 1260 Way: 0 Address: 0x3232f3b04
  Set: 1261 Way: 0 Address: 0x3232f3b40
  Set: 1265 Way: 0 Address: 0x3232f3c50
  Set: 1266 Way: 0 Address: 0x3232f3c90
  Set: 1270 Way: 0 Address: 0x3232f3db2
  Set: 1271 Way: 0 Address: 0x3232f3dc0
  Set: 1272 Way: 0 Address: 0x3232f3e00
  Set: 1276 Way: 0 Address: 0x3232f3f10
  Set: 1277 Way: 0 Address: 0x3232f3f50
  Set: 1280 Way: 0 Address: 0x397bb4018
  Set: 1287 Way: 0 Address: 0x3de4d41c0
  Set: 1292 Way: 0 Address: 0x3de4d4300
  Set: 1315 Way: 0 Address: 0x3c10748f0
  Set: 1316 Way: 0 Address: 0x3c1074900
  Set: 1317 Way: 0 Address: 0x3c1074960
  Set: 1343 Way: 0 Address: 0x129934fe8
  Set: 1344 Way: 0 Address: 0x195f15000
  Set: 1354 Way: 0 Address: 0x354d3529c
  Set: 1355 Way: 0 Address: 0x354d352c0
  Set: 1356 Way: 0 Address: 0x354d35300
  Set: 1357 Way: 0 Address: 0x354d35340
  Set: 1358 Way: 0 Address: 0x354d35380
  Set: 1359 Way: 0 Address: 0x354d353c0
  Set: 1360 Way: 0 Address: 0x354d35400
  Set: 1361 Way: 0 Address: 0x354d35440
  Set: 1397 Way: 0 Address: 0x1b0f15d6c
  Set: 1398 Way: 0 Address: 0x1b0f15d80
  Set: 1399 Way: 0 Address: 0x1b0f15dc0
  Set: 1400 Way: 0 Address: 0x1b0f15e00
  Set: 1401 Way: 0 Address: 0x1b0f15e40
  Set: 1402 Way: 0 Address: 0x1b0f15e80
  Set: 1403 Way: 0 Address: 0x1b0f15ec0
  Set: 1404 Way: 0 Address: 0x1b0f15f00
  Set: 1405 Way: 0 Address: 0x1b0f15f40
  Set: 1406 Way: 0 Address: 0x1b0f15f80
  Set: 1407 Way: 0 Address: 0x1b0f15fc0
  Set: 1445 Way: 0 Address: 0x84896968
  Set: 1445 Way: 1 Address: 0x211d16970
  Set: 1513 Way: 0 Address: 0x276ff7a70
  Set: 1514 Way: 0 Address: 0x276ff7a80
  Set: 1515 Way: 0 Address: 0x276ff7ac0
  Set: 1516 Way: 0 Address: 0x276ff7b00
  Set: 1517 Way: 0 Address: 0x276ff7b40
  Set: 1518 Way: 0 Address: 0x276ff7b80
  Set: 1519 Way: 0 Address: 0x276ff7bc0
  Set: 1520 Way: 0 Address: 0x276ff7c00
  Set: 1521 Way: 0 Address: 0x276ff7c40
  Set: 1522 Way: 0 Address: 0x276ff7c80
  Set: 1523 Way: 0 Address: 0x276ff7cc0
  Set: 1524 Way: 0 Address: 0x276ff7d00
  Set: 1538 Way: 0 Address: 0x2015980a0
  Set: 1569 Way: 0 Address: 0xc7078870
  Set: 1569 Way: 1 Address: 0x2c9898858
  Set: 1576 Way: 0 Address: 0x3bdd78a3c
  Set: 1577 Way: 0 Address: 0x3bdd78a40
  Set: 1578 Way: 0 Address: 0x3bdd78a80
  Set: 1579 Way: 0 Address: 0x3bdd78ac0
  Set: 1580 Way: 0 Address: 0x3bdd78b00
  Set: 1581 Way: 0 Address: 0x1aafb8b78
  Set: 1581 Way: 1 Address: 0x3bdd78b40
  Set: 1582 Way: 0 Address: 0x1aafb8b80
  Set: 1582 Way: 1 Address: 0x3bdd78b80
  Set: 1583 Way: 0 Address: 0x3bdd78bc0
  Set: 1632 Way: 0 Address: 0x292959818
  Set: 1633 Way: 0 Address: 0x292959844
  Set: 1634 Way: 0 Address: 0x2929598bc
  Set: 1635 Way: 0 Address: 0x2929598d4
  Set: 1636 Way: 0 Address: 0x292959934
  Set: 1637 Way: 0 Address: 0x29295995c
  Set: 1637 Way: 1 Address: 0x312099940
  Set: 1638 Way: 0 Address: 0x2929599a0
  Set: 1639 Way: 0 Address: 0x2929599d8
  Set: 1640 Way: 0 Address: 0x292959a18
  Set: 1641 Way: 0 Address: 0x292959a48
  Set: 1642 Way: 0 Address: 0x292959a8c
  Set: 1643 Way: 0 Address: 0x292959ae8
  Set: 1644 Way: 0 Address: 0x292959b24
  Set: 1645 Way: 0 Address: 0x292959b6c
  Set: 1646 Way: 0 Address: 0x292959b94
  Set: 1647 Way: 0 Address: 0x292959bc8
  Set: 1648 Way: 0 Address: 0x292959c00
  Set: 1665 Way: 0 Address: 0x223eda070
  Set: 1667 Way: 0 Address: 0xc67da0f2
  Set: 1668 Way: 0 Address: 0xc67da100
  Set: 1669 Way: 0 Address: 0xc67da140
  Set: 1672 Way: 0 Address: 0x1d89da208
  Set: 1673 Way: 0 Address: 0xc67da264
  Set: 1674 Way: 0 Address: 0xc67da280
  Set: 1678 Way: 0 Address: 0xc67da3b0
  Set: 1679 Way: 0 Address: 0xc67da3c4
  Set: 1680 Way: 0 Address: 0xc67da400
  Set: 1684 Way: 0 Address: 0xc67da524
  Set: 1685 Way: 0 Address: 0xc67da540
  Set: 1689 Way: 0 Address: 0xc67da672
  Set: 1690 Way: 0 Address: 0xc67da684
  Set: 1691 Way: 0 Address: 0xc67da6c0
  Set: 1695 Way: 0 Address: 0xc67da7e4
  Set: 1696 Way: 0 Address: 0xc67da800
  Set: 1700 Way: 0 Address: 0xc67da930
  Set: 1701 Way: 0 Address: 0xc67da944
  Set: 1702 Way: 0 Address: 0xc67da980
  Set: 1706 Way: 0 Address: 0xc67daaa4
  Set: 1707 Way: 0 Address: 0xc67daac0
  Set: 1711 Way: 0 Address: 0xc67dabf0
  Set: 1712 Way: 0 Address: 0xc67dac08
  Set: 1713 Way: 0 Address: 0xc67dac40
  Set: 1717 Way: 0 Address: 0xc67dad64
  Set: 1718 Way: 0 Address: 0xc67dad80
  Set: 1722 Way: 0 Address: 0xc67daeb0
  Set: 1723 Way: 0 Address: 0xc67daec4
  Set: 1724 Way: 0 Address: 0xc67daf00
  Set: 1753 Way: 0 Address: 0x394edb664
  Set: 1754 Way: 0 Address: 0x394edb680
  Set: 1758 Way: 0 Address: 0x394edb7b4
  Set: 1759 Way: 0 Address: 0x394edb7c4
  Set: 1760 Way: 0 Address: 0x394edb800
  Set: 1764 Way: 0 Address: 0x394edb924
  Set: 1764 Way: 1 Address: 0xc0d9b918
  Set: 1765 Way: 0 Address: 0x394edb940
  Set: 1765 Way: 1 Address: 0xcf83b950
  Set: 1769 Way: 0 Address: 0x394edba70
  Set: 1770 Way: 0 Address: 0x394edba84
  Set: 1771 Way: 0 Address: 0x394edbac0
  Set: 1775 Way: 0 Address: 0x394edbbe4
  Set: 1776 Way: 0 Address: 0x394edbc00
  Set: 1777 Way: 0 Address: 0x3b377bc5c
  Set: 1778 Way: 0 Address: 0x3b377bc80
  Set: 1779 Way: 0 Address: 0x3b377bcc0
  Set: 1780 Way: 0 Address: 0x3b377bd00
  Set: 1780 Way: 1 Address: 0x394edbd30
  Set: 1781 Way: 0 Address: 0x394edbd44
  Set: 1781 Way: 1 Address: 0x3b377bd40
  Set: 1782 Way: 0 Address: 0x394edbd80
  Set: 1782 Way: 1 Address: 0x3b377bd80
  Set: 1783 Way: 0 Address: 0x3b377bdc0
  Set: 1784 Way: 0 Address: 0x3b377be00
  Set: 1786 Way: 0 Address: 0x394edbea4
  Set: 1787 Way: 0 Address: 0x394edbec0
  Set: 1791 Way: 0 Address: 0x394edbff0
  Set: 1792 Way: 0 Address: 0xdf85c000
  Set: 1792 Way: 1 Address: 0x38e35c000
  Set: 1792 Way: 2 Address: 0x12c6fc024
  Set: 1793 Way: 0 Address: 0x38e35c040
  Set: 1793 Way: 1 Address: 0x12c6fc040
  Set: 1794 Way: 0 Address: 0x38e35c080
  Set: 1795 Way: 0 Address: 0x38e35c0c0
  Set: 1796 Way: 0 Address: 0x38e35c100
  Set: 1797 Way: 0 Address: 0x38e35c140
  Set: 1797 Way: 1 Address: 0x12c6fc170
  Set: 1798 Way: 0 Address: 0x38e35c180
  Set: 1798 Way: 1 Address: 0x12c6fc186
  Set: 1799 Way: 0 Address: 0x38e35c1e0
  Set: 1799 Way: 1 Address: 0x12c6fc1c0
  Set: 1803 Way: 0 Address: 0x12c6fc2e4
  Set: 1804 Way: 0 Address: 0x12c6fc300
  Set: 1808 Way: 0 Address: 0x12c6fc430
  Set: 1809 Way: 0 Address: 0x12c6fc444
  Set: 1810 Way: 0 Address: 0x12c6fc480
  Set: 1814 Way: 0 Address: 0x12c6fc5a4
  Set: 1815 Way: 0 Address: 0x12c6fc5c0
  Set: 1819 Way: 0 Address: 0x12c6fc6f0
  Set: 1820 Way: 0 Address: 0x12c6fc702
  Set: 1821 Way: 0 Address: 0x12c6fc740
  Set: 1862 Way: 0 Address: 0x23755d1b0
  Set: 1893 Way: 0 Address: 0x1add960
  Set: 1920 Way: 0 Address: 0x28b67e000
  Set: 1920 Way: 1 Address: 0x1f919e010
  Set: 1921 Way: 0 Address: 0x1f919e070
  Set: 1922 Way: 0 Address: 0x1f919e0a0
  Set: 1923 Way: 0 Address: 0x2c077e0e8
  Set: 1951 Way: 0 Address: 0x28b67e7f8
  Set: 1956 Way: 0 Address: 0x2db79e918
  Set: 1956 Way: 1 Address: 0x20597e928
  Set: 1957 Way: 0 Address: 0x20597e958
  Set: 1957 Way: 1 Address: 0x2db79e940
  Set: 1958 Way: 0 Address: 0x2db79e980
  Set: 1959 Way: 0 Address: 0x2db79e9c0
  Set: 1960 Way: 0 Address: 0x2db79ea00
  Set: 1961 Way: 0 Address: 0x2db79ea40
  Set: 1962 Way: 0 Address: 0x2db79ea80
  Set: 1963 Way: 0 Address: 0x2db79eac0
EndCache
