Cache: cpu0_STLB
  Set: 0 Way: 0 Address: 0x400330
  Set: 40 Way: 0 Address: 0x728028
  Set: 41 Way: 0 Address: 0x7294b0
  Set: 44 Way: 0 Address: 0x42cf00
  Set: 45 Way: 0 Address: 0x42d0e4
  Set: 46 Way: 0 Address: 0x42e220
  Set: 47 Way: 0 Address: 0x42f386
  Set: 48 Way: 0 Address: 0x430d8b
  Set: 49 Way: 0 Address: 0x4317b0
  Set: 50 Way: 0 Address: 0x43233a
  Set: 51 Way: 0 Address: 0x7fff425b3ff0
  Set: 52 Way: 0 Address: 0x7fff425b4000
  Set: 80 Way: 0 Address: 0x4d0088
  Set: 97 Way: 0 Address: 0x461bf0
  Set: 107 Way: 0 Address: 0x4ebda0
  Set: 111 Way: 0 Address: 0x4ef708
  Set: 113 Way: 0 Address: 0x4711d0
  Set: 114 Way: 0 Address: 0x472030
  Set: 115 Way: 0 Address: 0x4f33e0
  Set: 126 Way: 0 Address: 0x4fe6b0
EndCache
Cache: cpu0_L2C
  Set: 15 Way: 0 Address: 0x14bb103e0
  Set: 30 Way: 0 Address: 0x6e620798
  Set: 64 Way: 0 Address: 0xf6e81000
  Set: 69 Way: 0 Address: 0x113201178
  Set: 78 Way: 0 Address: 0xf6e81388
  Set: 134 Way: 0 Address: 0x133c92190
  Set: 135 Way: 0 Address: 0x1995f21d0
  Set: 136 Way: 0 Address: 0x1995f2210
  Set: 137 Way: 0 Address: 0x1995f2242
  Set: 142 Way: 0 Address: 0x6d0c2388
  Set: 158 Way: 0 Address: 0x133c92798
  Set: 159 Way: 0 Address: 0x6d0c27f0
  Set: 182 Way: 0 Address: 0x1c84e2d98
  Set: 191 Way: 0 Address: 0x9cff2fe8
  Set: 194 Way: 0 Address: 0x3c56b3090
  Set: 223 Way: 0 Address: 0x263c137f8
  Set: 239 Way: 0 Address: 0x2b2e93bf0
  Set: 240 Way: 0 Address: 0x2b2e93c02
  Set: 241 Way: 0 Address: 0x2b2e93c40
  Set: 242 Way: 0 Address: 0x2b2e93c82
  Set: 258 Way: 0 Address: 0x1ab44088
  Set: 261 Way: 0 Address: 0x3de4d4168
  Set: 261 Way: 1 Address: 0x129934170
  Set: 262 Way: 0 Address: 0x129934180
  Set: 262 Way: 1 Address: 0xb8004180
  Set: 268 Way: 0 Address: 0x3c1074308
  Set: 285 Way: 0 Address: 0x3c1074778
  Set: 320 Way: 0 Address: 0x195f15010
  Set: 325 Way: 0 Address: 0x354d35160
  Set: 332 Way: 0 Address: 0x354d35308
  Set: 390 Way: 0 Address: 0x43736190
  Set: 391 Way: 0 Address: 0x437361f0
  Set: 392 Way: 0 Address: 0x43736220
  Set: 393 Way: 0 Address: 0x43736242
  Set: 394 Way: 0 Address: 0x43736282
  Set: 395 Way: 0 Address: 0x437362c3
  Set: 396 Way: 0 Address: 0x43736301
  Set: 397 Way: 0 Address: 0x43736340
  Set: 398 Way: 0 Address: 0x3dae66390
  Set: 401 Way: 0 Address: 0x43736459
  Set: 402 Way: 0 Address: 0x43736481
  Set: 410 Way: 0 Address: 0x84896680
  Set: 413 Way: 0 Address: 0x3dae66778
  Set: 413 Way: 1 Address: 0x84896758
  Set: 436 Way: 0 Address: 0x211d16d00
  Set: 438 Way: 0 Address: 0x211d16da0
  Set: 453 Way: 0 Address: 0x276ff7160
  Set: 460 Way: 0 Address: 0x309887330
  Set: 477 Way: 0 Address: 0x276ff7758
  Set: 512 Way: 0 Address: 0x201598000
  Set: 512 Way: 1 Address: 0xc7078000
  Set: 513 Way: 0 Address: 0x201598078
  Set: 514 Way: 0 Address: 0x2015980b8
  Set: 515 Way: 0 Address: 0x2015980f8
  Set: 516 Way: 0 Address: 0x201598100
  Set: 517 Way: 0 Address: 0x201598178
  Set: 518 Way: 0 Address: 0xc7078188
  Set: 518 Way: 1 Address: 0x2015981b8
  Set: 519 Way: 0 Address: 0x2015981f8
  Set: 520 Way: 0 Address: 0x201598238
  Set: 521 Way: 0 Address: 0x201598240
  Set: 522 Way: 0 Address: 0x201598280
  Set: 523 Way: 0 Address: 0x2015982c0
  Set: 524 Way: 0 Address: 0x201598300
  Set: 525 Way: 0 Address: 0x201598370
  Set: 526 Way: 0 Address: 0x2015983a8
  Set: 527 Way: 0 Address: 0x2015983f8
  Set: 528 Way: 0 Address: 0x201598430
  Set: 529 Way: 0 Address: 0x201598440
  Set: 530 Way: 0 Address: 0x2015984b8
  Set: 531 Way: 0 Address: 0x2015984d8
  Set: 532 Way: 0 Address: 0x201598528
  Set: 533 Way: 0 Address: 0x201598540
  Set: 534 Way: 0 Address: 0x2015985b8
  Set: 535 Way: 0 Address: 0x2015985f8
  Set: 536 Way: 0 Address: 0x201598638
  Set: 537 Way: 0 Address: 0x201598678
  Set: 538 Way: 0 Address: 0x2015986b0
  Set: 539 Way: 0 Address: 0x2015986c0
  Set: 540 Way: 0 Address: 0x201598700
  Set: 541 Way: 0 Address: 0x201598740
  Set: 542 Way: 0 Address: 0x201598780
  Set: 543 Way: 0 Address: 0x2015987c0
  Set: 544 Way: 0 Address: 0x201598800
  Set: 545 Way: 0 Address: 0x201598840
  Set: 545 Way: 1 Address: 0x1aafb8840
  Set: 546 Way: 0 Address: 0x201598898
  Set: 546 Way: 1 Address: 0x1aafb8880
  Set: 547 Way: 0 Address: 0x2015988f8
  Set: 547 Way: 1 Address: 0x1aafb88c0
  Set: 548 Way: 0 Address: 0x201598938
  Set: 548 Way: 1 Address: 0x1aafb8900
  Set: 549 Way: 0 Address: 0x201598978
  Set: 550 Way: 0 Address: 0x201598998
  Set: 550 Way: 1 Address: 0x1aafb89a8
  Set: 551 Way: 0 Address: 0x1aafb89e8
  Set: 552 Way: 0 Address: 0x201598a00
  Set: 552 Way: 1 Address: 0x1aafb8a38
  Set: 553 Way: 0 Address: 0x201598a40
  Set: 553 Way: 1 Address: 0x1aafb8a78
  Set: 554 Way: 0 Address: 0x201598a80
  Set: 554 Way: 1 Address: 0x1aafb8a88
  Set: 555 Way: 0 Address: 0x201598ac0
  Set: 555 Way: 1 Address: 0x1aafb8af8
  Set: 556 Way: 0 Address: 0x201598b38
  Set: 556 Way: 1 Address: 0x1aafb8b38
  Set: 557 Way: 0 Address: 0x201598b78
  Set: 557 Way: 1 Address: 0x1aafb8b40
  Set: 558 Way: 0 Address: 0x201598bb8
  Set: 558 Way: 1 Address: 0x1aafb8b88
  Set: 559 Way: 0 Address: 0x201598bf8
  Set: 559 Way: 1 Address: 0x1aafb8bc0
  Set: 560 Way: 0 Address: 0x201598c38
  Set: 560 Way: 1 Address: 0x1aafb8c00
  Set: 561 Way: 0 Address: 0x1aafb8c70
  Set: 562 Way: 0 Address: 0x1aafb8c80
  Set: 563 Way: 0 Address: 0x1aafb8ce0
  Set: 564 Way: 0 Address: 0x1aafb8d00
  Set: 565 Way: 0 Address: 0x1aafb8d40
  Set: 566 Way: 0 Address: 0x1aafb8d80
  Set: 567 Way: 0 Address: 0x1aafb8dc0
  Set: 568 Way: 0 Address: 0x1aafb8e00
  Set: 569 Way: 0 Address: 0x1aafb8e40
  Set: 570 Way: 0 Address: 0x1aafb8e80
  Set: 571 Way: 0 Address: 0x1aafb8ec0
  Set: 572 Way: 0 Address: 0x1aafb8f00
  Set: 573 Way: 0 Address: 0x1aafb8f78
  Set: 574 Way: 0 Address: 0x1aafb8fa8
  Set: 575 Way: 0 Address: 0x1aafb8ff0
  Set: 576 Way: 0 Address: 0x292959008
  Set: 577 Way: 0 Address: 0x292959040
  Set: 578 Way: 0 Address: 0x292959085
  Set: 579 Way: 0 Address: 0x2929590c1
  Set: 580 Way: 0 Address: 0x292959102
  Set: 581 Way: 0 Address: 0x292959150
  Set: 582 Way: 0 Address: 0x292959190
  Set: 583 Way: 0 Address: 0x2929591c1
  Set: 587 Way: 0 Address: 0x2929592fa
  Set: 588 Way: 0 Address: 0x292959302
  Set: 592 Way: 0 Address: 0x29295942f
  Set: 593 Way: 0 Address: 0x292959440
  Set: 594 Way: 0 Address: 0x292959490
  Set: 595 Way: 0 Address: 0x2929594c1
  Set: 599 Way: 0 Address: 0x2929595e0
  Set: 604 Way: 0 Address: 0x292959731
  Set: 605 Way: 0 Address: 0x29295976e
  Set: 606 Way: 0 Address: 0x2929597b0
  Set: 607 Way: 0 Address: 0x2929597c1
  Set: 608 Way: 0 Address: 0x292959802
  Set: 609 Way: 0 Address: 0x292959841
  Set: 610 Way: 0 Address: 0x292959887
  Set: 611 Way: 0 Address: 0x2929598c3
  Set: 612 Way: 0 Address: 0x292959901
  Set: 613 Way: 0 Address: 0x292959964
  Set: 613 Way: 1 Address: 0x2ee369948
  Set: 614 Way: 0 Address: 0x292959980
  Set: 615 Way: 0 Address: 0x2929599c2
  Set: 616 Way: 0 Address: 0x292959a05
  Set: 617 Way: 0 Address: 0x292959a41
  Set: 618 Way: 0 Address: 0x292959a81
  Set: 619 Way: 0 Address: 0x292959ae7
  Set: 620 Way: 0 Address: 0x292959b14
  Set: 621 Way: 0 Address: 0x292959b40
  Set: 622 Way: 0 Address: 0x292959b96
  Set: 623 Way: 0 Address: 0x292959bc0
  Set: 631 Way: 0 Address: 0x292959df0
  Set: 632 Way: 0 Address: 0x292959e01
  Set: 633 Way: 0 Address: 0x292959e40
  Set: 634 Way: 0 Address: 0x292959e81
  Set: 635 Way: 0 Address: 0x292959ee7
  Set: 636 Way: 0 Address: 0x292959f02
  Set: 637 Way: 0 Address: 0x292959f40
  Set: 638 Way: 0 Address: 0x292959f86
  Set: 639 Way: 0 Address: 0x292959fc7
  Set: 640 Way: 0 Address: 0x229b9a000
  Set: 640 Way: 1 Address: 0x223eda007
  Set: 641 Way: 0 Address: 0x223eda042
  Set: 642 Way: 0 Address: 0x223eda080
  Set: 643 Way: 0 Address: 0x223eda0e4
  Set: 644 Way: 0 Address: 0x223eda101
  Set: 645 Way: 0 Address: 0x223eda140
  Set: 646 Way: 0 Address: 0x223eda190
  Set: 722 Way: 0 Address: 0x394edb480
  Set: 723 Way: 0 Address: 0x394edb4c0
  Set: 724 Way: 0 Address: 0x394edb500
  Set: 725 Way: 0 Address: 0x394edb540
  Set: 726 Way: 0 Address: 0x394edb5a0
  Set: 727 Way: 0 Address: 0x394edb5f8
  Set: 728 Way: 0 Address: 0x394edb600
  Set: 729 Way: 0 Address: 0x394edb640
  Set: 730 Way: 0 Address: 0x394edb680
  Set: 731 Way: 0 Address: 0x394edb6c0
  Set: 732 Way: 0 Address: 0x394edb708
  Set: 733 Way: 0 Address: 0x394edb778
  Set: 734 Way: 0 Address: 0x394edb7b8
  Set: 735 Way: 0 Address: 0x394edb7f8
  Set: 736 Way: 0 Address: 0x394edb808
  Set: 737 Way: 0 Address: 0x394edb868
  Set: 768 Way: 0 Address: 0xdf85c000
  Set: 768 Way: 1 Address: 0x38e35c030
  Set: 769 Way: 0 Address: 0x38e35c047
  Set: 770 Way: 0 Address: 0x38e35c083
  Set: 771 Way: 0 Address: 0x38e35c0c2
  Set: 805 Way: 0 Address: 0x12c6fc940
  Set: 813 Way: 0 Address: 0x38e35cb70
  Set: 814 Way: 0 Address: 0x38e35cb80
  Set: 822 Way: 0 Address: 0x29484cda0
  Set: 832 Way: 0 Address: 0x23755d028
  Set: 838 Way: 0 Address: 0x5588d190
  Set: 858 Way: 0 Address: 0x5588d680
  Set: 892 Way: 0 Address: 0x1addf00
  Set: 893 Way: 0 Address: 0x1addf41
  Set: 894 Way: 0 Address: 0x1addf80
  Set: 895 Way: 0 Address: 0x1addfc4
  Set: 896 Way: 0 Address: 0x28b67e000
  Set: 900 Way: 0 Address: 0x1c084e10d
  Set: 901 Way: 0 Address: 0x1c084e144
  Set: 902 Way: 0 Address: 0x1c084e190
  Set: 904 Way: 0 Address: 0x1f919e220
  Set: 905 Way: 0 Address: 0x1f919e241
  Set: 906 Way: 0 Address: 0x1f919e2a0
  Set: 907 Way: 0 Address: 0x1f919e2d7
  Set: 908 Way: 0 Address: 0x1f919e303
  Set: 908 Way: 1 Address: 0x1c084e33a
  Set: 909 Way: 0 Address: 0x1f919e370
  Set: 909 Way: 1 Address: 0x1c084e358
  Set: 910 Way: 0 Address: 0x1f919e386
  Set: 910 Way: 1 Address: 0x1c084e390
  Set: 911 Way: 0 Address: 0x1f919e3c3
  Set: 914 Way: 0 Address: 0x2f5d8e4b0
  Set: 915 Way: 0 Address: 0x2f5d8e4f0
  Set: 927 Way: 0 Address: 0x28b67e7f8
  Set: 949 Way: 0 Address: 0x3734eed70
  Set: 950 Way: 0 Address: 0x3734eed8b
  Set: 951 Way: 0 Address: 0x3734eedf0
  Set: 952 Way: 0 Address: 0x3734eee00
  Set: 953 Way: 0 Address: 0x3734eee41
  Set: 954 Way: 0 Address: 0x3734eee80
  Set: 955 Way: 0 Address: 0x3734eeec2
  Set: 956 Way: 0 Address: 0x3734eef01
  Set: 957 Way: 0 Address: 0x3734eef44
  Set: 958 Way: 0 Address: 0x3734eef80
  Set: 959 Way: 0 Address: 0x3734eefd8
  Set: 960 Way: 0 Address: 0x16390f018
  Set: 974 Way: 0 Address: 0xee86f390
  Set: 984 Way: 0 Address: 0x143ef610
  Set: 986 Way: 0 Address: 0x143ef6b0
  Set: 991 Way: 0 Address: 0xee86f7f0
EndCache
Cache: cpu0_L1I
  Set: 0 Way: 0 Address: 0x38e35c030
  Set: 0 Way: 1 Address: 0x292959008
  Set: 0 Way: 2 Address: 0x223eda007
  Set: 1 Way: 0 Address: 0x38e35c047
  Set: 1 Way: 1 Address: 0x292959040
  Set: 1 Way: 2 Address: 0x223eda042
  Set: 2 Way: 0 Address: 0x38e35c0a4
  Set: 2 Way: 1 Address: 0x292959085
  Set: 2 Way: 2 Address: 0x223eda080
  Set: 3 Way: 0 Address: 0x223eda0e4
  Set: 3 Way: 1 Address: 0x38e35c0c2
  Set: 3 Way: 2 Address: 0x2929590c1
  Set: 4 Way: 0 Address: 0x223eda101
  Set: 4 Way: 1 Address: 0x292959102
  Set: 4 Way: 2 Address: 0x1c084e10d
  Set: 5 Way: 0 Address: 0x223eda140
  Set: 5 Way: 1 Address: 0x292959150
  Set: 5 Way: 2 Address: 0x1c084e144
  Set: 6 Way: 0 Address: 0x43736190
  Set: 6 Way: 1 Address: 0x2929591ad
  Set: 6 Way: 2 Address: 0x223eda190
  Set: 6 Way: 3 Address: 0x1c084e190
  Set: 7 Way: 0 Address: 0x1995f21d0
  Set: 7 Way: 1 Address: 0x437361f0
  Set: 7 Way: 2 Address: 0x2929591c1
  Set: 8 Way: 0 Address: 0x1f919e23b
  Set: 8 Way: 1 Address: 0x43736220
  Set: 8 Way: 2 Address: 0x1995f223e
  Set: 9 Way: 0 Address: 0x1f919e270
  Set: 9 Way: 1 Address: 0x43736242
  Set: 9 Way: 2 Address: 0x1995f2242
  Set: 10 Way: 0 Address: 0x1f919e2a0
  Set: 10 Way: 1 Address: 0x43736282
  Set: 11 Way: 0 Address: 0x1f919e2f0
  Set: 11 Way: 1 Address: 0x2929592fa
  Set: 11 Way: 2 Address: 0x437362ee
  Set: 12 Way: 0 Address: 0x1f919e303
  Set: 12 Way: 1 Address: 0x309887330
  Set: 12 Way: 2 Address: 0x292959302
  Set: 12 Way: 3 Address: 0x43736329
  Set: 12 Way: 4 Address: 0x1c084e33a
  Set: 13 Way: 0 Address: 0x1f919e365
  Set: 13 Way: 1 Address: 0x43736340
  Set: 13 Way: 2 Address: 0x1c084e358
  Set: 14 Way: 0 Address: 0x1f919e383
  Set: 14 Way: 1 Address: 0x1c084e390
  Set: 15 Way: 0 Address: 0x1f919e3d7
  Set: 16 Way: 0 Address: 0x29295942f
  Set: 17 Way: 0 Address: 0x292959440
  Set: 17 Way: 1 Address: 0x43736459
  Set: 18 Way: 0 Address: 0x2929594b1
  Set: 18 Way: 1 Address: 0x43736481
  Set: 19 Way: 0 Address: 0x2929594c1
  Set: 23 Way: 0 Address: 0x2929595e0
  Set: 28 Way: 0 Address: 0x292959731
  Set: 29 Way: 0 Address: 0x29295976e
  Set: 30 Way: 0 Address: 0x2929597b0
  Set: 31 Way: 0 Address: 0x2929597fc
  Set: 32 Way: 0 Address: 0x292959802
  Set: 33 Way: 0 Address: 0x292959841
  Set: 34 Way: 0 Address: 0x2929598bd
  Set: 35 Way: 0 Address: 0x2929598c3
  Set: 36 Way: 0 Address: 0x29295992e
  Set: 37 Way: 0 Address: 0x292959964
  Set: 38 Way: 0 Address: 0x292959980
  Set: 39 Way: 0 Address: 0x2929599e0
  Set: 40 Way: 0 Address: 0x292959a33
  Set: 41 Way: 0 Address: 0x292959a41
  Set: 42 Way: 0 Address: 0x292959aa8
  Set: 43 Way: 0 Address: 0x292959ae7
  Set: 44 Way: 0 Address: 0x292959b14
  Set: 45 Way: 0 Address: 0x292959b40
  Set: 45 Way: 1 Address: 0x38e35cb70
  Set: 46 Way: 0 Address: 0x292959b96
  Set: 46 Way: 1 Address: 0x38e35cba0
  Set: 47 Way: 0 Address: 0x292959bc0
  Set: 47 Way: 1 Address: 0x2b2e93bf0
  Set: 48 Way: 0 Address: 0x2b2e93c02
  Set: 49 Way: 0 Address: 0x2b2e93c40
  Set: 50 Way: 0 Address: 0x2b2e93c82
  Set: 53 Way: 0 Address: 0x3734eed70
  Set: 54 Way: 0 Address: 0x3734eed8b
  Set: 55 Way: 0 Address: 0x3734eedf0
  Set: 55 Way: 1 Address: 0x292959df0
  Set: 56 Way: 0 Address: 0x3734eee22
  Set: 56 Way: 1 Address: 0x292959e01
  Set: 57 Way: 0 Address: 0x3734eee41
  Set: 57 Way: 1 Address: 0x292959e40
  Set: 58 Way: 0 Address: 0x3734eee80
  Set: 58 Way: 1 Address: 0x292959e81
  Set: 59 Way: 0 Address: 0x3734eeee2
  Set: 59 Way: 1 Address: 0x292959ee7
  Set: 60 Way: 0 Address: 0x3734eef25
  Set: 60 Way: 1 Address: 0x1addf20
  Set: 60 Way: 2 Address: 0x292959f31
  Set: 61 Way: 0 Address: 0x3734eef71
  Set: 61 Way: 1 Address: 0x1addf41
  Set: 61 Way: 2 Address: 0x292959f40
  Set: 62 Way: 0 Address: 0x3734eef80
  Set: 62 Way: 1 Address: 0x1addf80
  Set: 62 Way: 2 Address: 0x292959fb2
  Set: 63 Way: 0 Address: 0x3734eeffe
  Set: 63 Way: 1 Address: 0x1addfc4
  Set: 63 Way: 2 Address: 0x292959fc7
EndCache
Cache: cpu0_L1D
  Set: 0 Way: 0 Address: 0xdf85c000
  Set: 0 Way: 1 Address: 0x28b67e000
  Set: 0 Way: 2 Address: 0x229b9a000
  Set: 0 Way: 3 Address: 0x195f15010
  Set: 0 Way: 4 Address: 0x201598010
  Set: 0 Way: 5 Address: 0xc7078000
  Set: 0 Way: 6 Address: 0xf6e81000
  Set: 0 Way: 7 Address: 0x16390f018
  Set: 0 Way: 8 Address: 0x23755d028
  Set: 1 Way: 0 Address: 0x201598040
  Set: 2 Way: 0 Address: 0x3c56b3090
  Set: 2 Way: 1 Address: 0x2015980a0
  Set: 2 Way: 2 Address: 0x1ab44088
  Set: 3 Way: 0 Address: 0x2015980e8
  Set: 4 Way: 0 Address: 0x201598100
  Set: 5 Way: 0 Address: 0x113201178
  Set: 5 Way: 1 Address: 0x3de4d4168
  Set: 5 Way: 2 Address: 0x129934170
  Set: 5 Way: 3 Address: 0x354d35160
  Set: 5 Way: 4 Address: 0x276ff7160
  Set: 5 Way: 5 Address: 0x201598140
  Set: 6 Way: 0 Address: 0x129934180
  Set: 6 Way: 1 Address: 0xb8004180
  Set: 6 Way: 2 Address: 0xc7078188
  Set: 6 Way: 3 Address: 0x201598188
  Set: 6 Way: 4 Address: 0x5588d190
  Set: 6 Way: 5 Address: 0x133c92190
  Set: 7 Way: 0 Address: 0x2015981d8
  Set: 8 Way: 0 Address: 0x201598230
  Set: 9 Way: 0 Address: 0x201598248
  Set: 10 Way: 0 Address: 0x201598280
  Set: 11 Way: 0 Address: 0x2015982c0
  Set: 12 Way: 0 Address: 0x3c1074308
  Set: 12 Way: 1 Address: 0x354d35308
  Set: 12 Way: 2 Address: 0x201598300
  Set: 13 Way: 0 Address: 0x201598370
  Set: 14 Way: 0 Address: 0x2015983a8
  Set: 14 Way: 1 Address: 0xf6e81388
  Set: 14 Way: 2 Address: 0x6d0c2388
  Set: 14 Way: 3 Address: 0xee86f390
  Set: 14 Way: 4 Address: 0x3dae66390
  Set: 15 Way: 0 Address: 0x2015983e8
  Set: 15 Way: 1 Address: 0x14bb103e0
  Set: 16 Way: 0 Address: 0x201598430
  Set: 17 Way: 0 Address: 0x201598458
  Set: 18 Way: 0 Address: 0x201598488
  Set: 18 Way: 1 Address: 0x2f5d8e4b0
  Set: 18 Way: 2 Address: 0x394edb480
  Set: 19 Way: 0 Address: 0x2015984d8
  Set: 19 Way: 1 Address: 0x2f5d8e4f0
  Set: 19 Way: 2 Address: 0x394edb4c0
  Set: 20 Way: 0 Address: 0x201598528
  Set: 20 Way: 1 Address: 0x394edb500
  Set: 21 Way: 0 Address: 0x201598550
  Set: 21 Way: 1 Address: 0x394edb540
  Set: 22 Way: 0 Address: 0x201598580
  Set: 22 Way: 1 Address: 0x394edb5a0
  Set: 23 Way: 0 Address: 0x2015985c0
  Set: 23 Way: 1 Address: 0x394edb5f8
  Set: 24 Way: 0 Address: 0x201598618
  Set: 24 Way: 1 Address: 0x143ef610
  Set: 24 Way: 2 Address: 0x394edb600
  Set: 25 Way: 0 Address: 0x201598670
  Set: 25 Way: 1 Address: 0x394edb640
  Set: 26 Way: 0 Address: 0x2015986b8
  Set: 26 Way: 1 Address: 0x143ef6b0
  Set: 26 Way: 2 Address: 0x394edb680
  Set: 26 Way: 3 Address: 0x84896680
  Set: 26 Way: 4 Address: 0x5588d680
  Set: 27 Way: 0 Address: 0x2015986f8
  Set: 27 Way: 1 Address: 0x394edb6c0
  Set: 28 Way: 0 Address: 0x201598738
  Set: 28 Way: 1 Address: 0x394edb708
  Set: 29 Way: 0 Address: 0x201598778
  Set: 29 Way: 1 Address: 0x3dae66778
  Set: 29 Way: 2 Address: 0x3c1074778
  Set: 29 Way: 3 Address: 0x394edb778
  Set: 29 Way: 4 Address: 0x276ff7758
  Set: 29 Way: 5 Address: 0x84896758
  Set: 30 Way: 0 Address: 0x2015987b8
  Set: 30 Way: 1 Address: 0x394edb7b8
  Set: 30 Way: 2 Address: 0x133c92798
  Set: 30 Way: 3 Address: 0x6e620798
  Set: 31 Way: 0 Address: 0x28b67e7f8
  Set: 31 Way: 1 Address: 0x263c137f8
  Set: 31 Way: 2 Address: 0x2015987c0
  Set: 31 Way: 3 Address: 0x6d0c27f0
  Set: 31 Way: 4 Address: 0xee86f7f0
  Set: 31 Way: 5 Address: 0x394edb7f8
  Set: 32 Way: 0 Address: 0x201598800
  Set: 32 Way: 1 Address: 0x394edb808
  Set: 33 Way: 0 Address: 0x201598840
  Set: 33 Way: 1 Address: 0x394edb848
  Set: 33 Way: 2 Address: 0x1aafb8840
  Set: 34 Way: 0 Address: 0x201598898
  Set: 34 Way: 1 Address: 0x1aafb8880
  Set: 35 Way: 0 Address: 0x2015988c0
  Set: 35 Way: 1 Address: 0x1aafb88c0
  Set: 36 Way: 0 Address: 0x201598900
  Set: 36 Way: 1 Address: 0x1aafb8900
  Set: 37 Way: 0 Address: 0x201598940
  Set: 37 Way: 1 Address: 0x12c6fc940
  Set: 37 Way: 2 Address: 0x2ee369948
  Set: 38 Way: 0 Address: 0x201598998
  Set: 38 Way: 1 Address: 0x1aafb89b8
  Set: 39 Way: 0 Address: 0x1aafb89e8
  Set: 40 Way: 0 Address: 0x201598a00
  Set: 40 Way: 1 Address: 0x1aafb8a38
  Set: 41 Way: 0 Address: 0x201598a40
  Set: 41 Way: 1 Address: 0x1aafb8a78
  Set: 42 Way: 0 Address: 0x201598a80
  Set: 42 Way: 1 Address: 0x1aafb8aa0
  Set: 43 Way: 0 Address: 0x201598ac0
  Set: 43 Way: 1 Address: 0x1aafb8af8
  Set: 44 Way: 0 Address: 0x201598b30
  Set: 44 Way: 1 Address: 0x1aafb8b38
  Set: 45 Way: 0 Address: 0x201598b78
  Set: 45 Way: 1 Address: 0x1aafb8b58
  Set: 46 Way: 0 Address: 0x201598bb8
  Set: 46 Way: 1 Address: 0x1aafb8b88
  Set: 47 Way: 0 Address: 0x201598bf8
  Set: 47 Way: 1 Address: 0x1aafb8bf0
  Set: 48 Way: 0 Address: 0x201598c38
  Set: 48 Way: 1 Address: 0x1aafb8c30
  Set: 49 Way: 0 Address: 0x1aafb8c70
  Set: 50 Way: 0 Address: 0x1aafb8c80
  Set: 51 Way: 0 Address: 0x1aafb8cf0
  Set: 52 Way: 0 Address: 0x211d16d00
  Set: 52 Way: 1 Address: 0x1aafb8d00
  Set: 53 Way: 0 Address: 0x1aafb8d40
  Set: 54 Way: 0 Address: 0x29484cda0
  Set: 54 Way: 1 Address: 0x1c84e2d98
  Set: 54 Way: 2 Address: 0x211d16da0
  Set: 54 Way: 3 Address: 0x1aafb8d80
  Set: 55 Way: 0 Address: 0x1aafb8dc0
  Set: 56 Way: 0 Address: 0x1aafb8e00
  Set: 57 Way: 0 Address: 0x1aafb8e40
  Set: 58 Way: 0 Address: 0x1aafb8e80
  Set: 59 Way: 0 Address: 0x1aafb8ee0
  Set: 60 Way: 0 Address: 0x1aafb8f20
  Set: 61 Way: 0 Address: 0x1aafb8f68
  Set: 62 Way: 0 Address: 0x1aafb8fa8
  Set: 63 Way: 0 Address: 0x9cff2fe8
  Set: 63 Way: 1 Address: 0x1aafb8ff0
EndCache
Cache: cpu0_ITLB
  Set: 0 Way: 0 Address: 0x430d8b
  Set: 0 Way: 1 Address: 0x400330
  Set: 1 Way: 0 Address: 0x4317fc
  Set: 1 Way: 1 Address: 0x4711d0
  Set: 1 Way: 2 Address: 0x461bf0
  Set: 2 Way: 0 Address: 0x472030
  Set: 2 Way: 1 Address: 0x43233a
  Set: 12 Way: 0 Address: 0x42cf41
  Set: 13 Way: 0 Address: 0x42d0e4
  Set: 14 Way: 0 Address: 0x42e242
  Set: 15 Way: 0 Address: 0x42f3a0
EndCache
Cache: cpu0_DTLB
  Set: 0 Way: 0 Address: 0x4d0088
  Set: 3 Way: 0 Address: 0x7fff425b3ff8
  Set: 3 Way: 1 Address: 0x4f33e0
  Set: 4 Way: 0 Address: 0x7fff425b4028
  Set: 8 Way: 0 Address: 0x728028
  Set: 9 Way: 0 Address: 0x7294b0
  Set: 11 Way: 0 Address: 0x4ebd00
  Set: 14 Way: 0 Address: 0x4fe6b0
  Set: 15 Way: 0 Address: 0x4ef708
EndCache
Cache: LLC
  Set: 30 Way: 0 Address: 0x6e620798
  Set: 64 Way: 0 Address: 0xf6e81000
  Set: 69 Way: 0 Address: 0x113201178
  Set: 78 Way: 0 Address: 0xf6e81388
  Set: 142 Way: 0 Address: 0x6d0c2388
  Set: 159 Way: 0 Address: 0x6d0c27f0
  Set: 182 Way: 0 Address: 0x1c84e2d98
  Set: 258 Way: 0 Address: 0x1ab44088
  Set: 262 Way: 0 Address: 0xb8004180
  Set: 398 Way: 0 Address: 0x3dae66390
  Set: 413 Way: 0 Address: 0x3dae66778
  Set: 460 Way: 0 Address: 0x309887330
  Set: 613 Way: 0 Address: 0x2ee369948
  Set: 822 Way: 0 Address: 0x29484cda0
  Set: 838 Way: 0 Address: 0x5588d190
  Set: 858 Way: 0 Address: 0x5588d680
  Set: 900 Way: 0 Address: 0x1c084e10d
  Set: 901 Way: 0 Address: 0x1c084e144
  Set: 902 Way: 0 Address: 0x1c084e190
  Set: 908 Way: 0 Address: 0x1c084e33a
  Set: 909 Way: 0 Address: 0x1c084e358
  Set: 910 Way: 0 Address: 0x1c084e390
  Set: 914 Way: 0 Address: 0x2f5d8e4b0
  Set: 915 Way: 0 Address: 0x2f5d8e4f0
  Set: 916 Way: 0 Address: 0x2f5d8e500
  Set: 949 Way: 0 Address: 0x3734eed70
  Set: 950 Way: 0 Address: 0x3734eed8b
  Set: 951 Way: 0 Address: 0x3734eedf0
  Set: 952 Way: 0 Address: 0x3734eee00
  Set: 953 Way: 0 Address: 0x3734eee41
  Set: 954 Way: 0 Address: 0x3734eee80
  Set: 955 Way: 0 Address: 0x3734eeec0
  Set: 956 Way: 0 Address: 0x3734eef01
  Set: 957 Way: 0 Address: 0x3734eef44
  Set: 958 Way: 0 Address: 0x3734eef80
  Set: 959 Way: 0 Address: 0x3734eefc0
  Set: 960 Way: 0 Address: 0x16390f018
  Set: 974 Way: 0 Address: 0xee86f390
  Set: 984 Way: 0 Address: 0x143ef610
  Set: 986 Way: 0 Address: 0x143ef6b0
  Set: 991 Way: 0 Address: 0xee86f7f0
  Set: 1039 Way: 0 Address: 0x14bb103e0
  Set: 1158 Way: 0 Address: 0x133c92190
  Set: 1159 Way: 0 Address: 0x1995f21d0
  Set: 1160 Way: 0 Address: 0x1995f2210
  Set: 1161 Way: 0 Address: 0x1995f2242
  Set: 1182 Way: 0 Address: 0x133c92798
  Set: 1215 Way: 0 Address: 0x9cff2fe8
  Set: 1218 Way: 0 Address: 0x3c56b3090
  Set: 1247 Way: 0 Address: 0x263c137f8
  Set: 1263 Way: 0 Address: 0x2b2e93bf0
  Set: 1264 Way: 0 Address: 0x2b2e93c02
  Set: 1265 Way: 0 Address: 0x2b2e93c40
  Set: 1266 Way: 0 Address: 0x2b2e93c82
  Set: 1285 Way: 0 Address: 0x3de4d4168
  Set: 1285 Way: 1 Address: 0x129934170
  Set: 1286 Way: 0 Address: 0x129934180
  Set: 1292 Way: 0 Address: 0x3c1074308
  Set: 1309 Way: 0 Address: 0x3c1074778
  Set: 1344 Way: 0 Address: 0x195f15010
  Set: 1349 Way: 0 Address: 0x354d35160
  Set: 1356 Way: 0 Address: 0x354d35308
  Set: 1414 Way: 0 Address: 0x43736190
  Set: 1415 Way: 0 Address: 0x437361f0
  Set: 1416 Way: 0 Address: 0x43736220
  Set: 1417 Way: 0 Address: 0x43736242
  Set: 1418 Way: 0 Address: 0x43736282
  Set: 1419 Way: 0 Address: 0x437362c3
  Set: 1420 Way: 0 Address: 0x43736301
  Set: 1421 Way: 0 Address: 0x43736340
  Set: 1425 Way: 0 Address: 0x43736459
  Set: 1426 Way: 0 Address: 0x43736481
  Set: 1434 Way: 0 Address: 0x84896680
  Set: 1437 Way: 0 Address: 0x84896758
  Set: 1460 Way: 0 Address: 0x211d16d00
  Set: 1462 Way: 0 Address: 0x211d16da0
  Set: 1477 Way: 0 Address: 0x276ff7160
  Set: 1501 Way: 0 Address: 0x276ff7758
  Set: 1536 Way: 0 Address: 0x201598000
  Set: 1536 Way: 1 Address: 0xc7078000
  Set: 1537 Way: 0 Address: 0x201598078
  Set: 1538 Way: 0 Address: 0x2015980b8
  Set: 1539 Way: 0 Address: 0x2015980f8
  Set: 1540 Way: 0 Address: 0x201598100
  Set: 1541 Way: 0 Address: 0x201598178
  Set: 1542 Way: 0 Address: 0xc7078188
  Set: 1542 Way: 1 Address: 0x2015981b8
  Set: 1543 Way: 0 Address: 0x2015981f8
  Set: 1544 Way: 0 Address: 0x201598238
  Set: 1545 Way: 0 Address: 0x201598240
  Set: 1546 Way: 0 Address: 0x201598280
  Set: 1547 Way: 0 Address: 0x2015982c0
  Set: 1548 Way: 0 Address: 0x201598300
  Set: 1549 Way: 0 Address: 0x201598370
  Set: 1550 Way: 0 Address: 0x2015983a8
  Set: 1551 Way: 0 Address: 0x2015983f8
  Set: 1552 Way: 0 Address: 0x201598430
  Set: 1553 Way: 0 Address: 0x201598440
  Set: 1554 Way: 0 Address: 0x2015984b8
  Set: 1555 Way: 0 Address: 0x2015984d8
  Set: 1556 Way: 0 Address: 0x201598528
  Set: 1557 Way: 0 Address: 0x201598540
  Set: 1558 Way: 0 Address: 0x2015985b8
  Set: 1559 Way: 0 Address: 0x2015985f8
  Set: 1560 Way: 0 Address: 0x201598638
  Set: 1561 Way: 0 Address: 0x201598678
  Set: 1562 Way: 0 Address: 0x2015986b0
  Set: 1563 Way: 0 Address: 0x2015986c0
  Set: 1564 Way: 0 Address: 0x201598700
  Set: 1565 Way: 0 Address: 0x201598740
  Set: 1566 Way: 0 Address: 0x201598780
  Set: 1567 Way: 0 Address: 0x2015987c0
  Set: 1568 Way: 0 Address: 0x201598800
  Set: 1569 Way: 0 Address: 0x201598840
  Set: 1569 Way: 1 Address: 0x1aafb8840
  Set: 1570 Way: 0 Address: 0x201598898
  Set: 1570 Way: 1 Address: 0x1aafb8880
  Set: 1571 Way: 0 Address: 0x2015988f8
  Set: 1571 Way: 1 Address: 0x1aafb88c0
  Set: 1572 Way: 0 Address: 0x201598938
  Set: 1572 Way: 1 Address: 0x1aafb8900
  Set: 1573 Way: 0 Address: 0x201598978
  Set: 1574 Way: 0 Address: 0x201598998
  Set: 1574 Way: 1 Address: 0x1aafb89a8
  Set: 1575 Way: 0 Address: 0x1aafb89e8
  Set: 1576 Way: 0 Address: 0x201598a00
  Set: 1576 Way: 1 Address: 0x1aafb8a38
  Set: 1577 Way: 0 Address: 0x201598a40
  Set: 1577 Way: 1 Address: 0x1aafb8a78
  Set: 1578 Way: 0 Address: 0x201598a80
  Set: 1578 Way: 1 Address: 0x1aafb8a88
  Set: 1579 Way: 0 Address: 0x201598ac0
  Set: 1579 Way: 1 Address: 0x1aafb8af8
  Set: 1580 Way: 0 Address: 0x201598b38
  Set: 1580 Way: 1 Address: 0x1aafb8b38
  Set: 1581 Way: 0 Address: 0x201598b78
  Set: 1581 Way: 1 Address: 0x1aafb8b40
  Set: 1582 Way: 0 Address: 0x201598bb8
  Set: 1582 Way: 1 Address: 0x1aafb8b88
  Set: 1583 Way: 0 Address: 0x201598bf8
  Set: 1583 Way: 1 Address: 0x1aafb8bc0
  Set: 1584 Way: 0 Address: 0x201598c38
  Set: 1584 Way: 1 Address: 0x1aafb8c00
  Set: 1585 Way: 0 Address: 0x1aafb8c70
  Set: 1586 Way: 0 Address: 0x1aafb8c80
  Set: 1587 Way: 0 Address: 0x1aafb8ce0
  Set: 1588 Way: 0 Address: 0x1aafb8d00
  Set: 1589 Way: 0 Address: 0x1aafb8d40
  Set: 1590 Way: 0 Address: 0x1aafb8d80
  Set: 1591 Way: 0 Address: 0x1aafb8dc0
  Set: 1592 Way: 0 Address: 0x1aafb8e00
  Set: 1593 Way: 0 Address: 0x1aafb8e40
  Set: 1594 Way: 0 Address: 0x1aafb8e80
  Set: 1595 Way: 0 Address: 0x1aafb8ec0
  Set: 1596 Way: 0 Address: 0x1aafb8f00
  Set: 1597 Way: 0 Address: 0x1aafb8f78
  Set: 1598 Way: 0 Address: 0x1aafb8fa8
  Set: 1599 Way: 0 Address: 0x1aafb8ff0
  Set: 1600 Way: 0 Address: 0x292959008
  Set: 1601 Way: 0 Address: 0x292959040
  Set: 1602 Way: 0 Address: 0x292959085
  Set: 1603 Way: 0 Address: 0x2929590c1
  Set: 1604 Way: 0 Address: 0x292959102
  Set: 1605 Way: 0 Address: 0x292959150
  Set: 1606 Way: 0 Address: 0x292959190
  Set: 1607 Way: 0 Address: 0x2929591c1
  Set: 1611 Way: 0 Address: 0x2929592fa
  Set: 1612 Way: 0 Address: 0x292959302
  Set: 1616 Way: 0 Address: 0x29295942f
  Set: 1617 Way: 0 Address: 0x292959440
  Set: 1618 Way: 0 Address: 0x292959490
  Set: 1619 Way: 0 Address: 0x2929594c1
  Set: 1623 Way: 0 Address: 0x2929595e0
  Set: 1628 Way: 0 Address: 0x292959731
  Set: 1629 Way: 0 Address: 0x29295976e
  Set: 1630 Way: 0 Address: 0x2929597b0
  Set: 1631 Way: 0 Address: 0x2929597c1
  Set: 1632 Way: 0 Address: 0x292959802
  Set: 1633 Way: 0 Address: 0x292959841
  Set: 1634 Way: 0 Address: 0x292959887
  Set: 1635 Way: 0 Address: 0x2929598c3
  Set: 1636 Way: 0 Address: 0x292959901
  Set: 1637 Way: 0 Address: 0x292959964
  Set: 1638 Way: 0 Address: 0x292959980
  Set: 1639 Way: 0 Address: 0x2929599c2
  Set: 1640 Way: 0 Address: 0x292959a05
  Set: 1641 Way: 0 Address: 0x292959a41
  Set: 1642 Way: 0 Address: 0x292959a81
  Set: 1643 Way: 0 Address: 0x292959ae7
  Set: 1644 Way: 0 Address: 0x292959b14
  Set: 1645 Way: 0 Address: 0x292959b40
  Set: 1646 Way: 0 Address: 0x292959b96
  Set: 1647 Way: 0 Address: 0x292959bc0
  Set: 1655 Way: 0 Address: 0x292959df0
  Set: 1656 Way: 0 Address: 0x292959e01
  Set: 1657 Way: 0 Address: 0x292959e40
  Set: 1658 Way: 0 Address: 0x292959e81
  Set: 1659 Way: 0 Address: 0x292959ee7
  Set: 1660 Way: 0 Address: 0x292959f02
  Set: 1661 Way: 0 Address: 0x292959f40
  Set: 1662 Way: 0 Address: 0x292959f86
  Set: 1663 Way: 0 Address: 0x292959fc0
  Set: 1664 Way: 0 Address: 0x229b9a000
  Set: 1664 Way: 1 Address: 0x223eda007
  Set: 1665 Way: 0 Address: 0x223eda042
  Set: 1666 Way: 0 Address: 0x223eda080
  Set: 1667 Way: 0 Address: 0x223eda0e4
  Set: 1668 Way: 0 Address: 0x223eda101
  Set: 1669 Way: 0 Address: 0x223eda140
  Set: 1670 Way: 0 Address: 0x223eda190
  Set: 1746 Way: 0 Address: 0x394edb480
  Set: 1747 Way: 0 Address: 0x394edb4c0
  Set: 1748 Way: 0 Address: 0x394edb500
  Set: 1749 Way: 0 Address: 0x394edb540
  Set: 1750 Way: 0 Address: 0x394edb5a0
  Set: 1751 Way: 0 Address: 0x394edb5f8
  Set: 1752 Way: 0 Address: 0x394edb600
  Set: 1753 Way: 0 Address: 0x394edb640
  Set: 1754 Way: 0 Address: 0x394edb680
  Set: 1755 Way: 0 Address: 0x394edb6c0
  Set: 1756 Way: 0 Address: 0x394edb708
  Set: 1757 Way: 0 Address: 0x394edb778
  Set: 1758 Way: 0 Address: 0x394edb7b8
  Set: 1759 Way: 0 Address: 0x394edb7f8
  Set: 1760 Way: 0 Address: 0x394edb808
  Set: 1761 Way: 0 Address: 0x394edb868
  Set: 1792 Way: 0 Address: 0xdf85c000
  Set: 1792 Way: 1 Address: 0x38e35c030
  Set: 1793 Way: 0 Address: 0x38e35c047
  Set: 1794 Way: 0 Address: 0x38e35c080
  Set: 1795 Way: 0 Address: 0x38e35c0c2
  Set: 1829 Way: 0 Address: 0x12c6fc940
  Set: 1837 Way: 0 Address: 0x38e35cb70
  Set: 1838 Way: 0 Address: 0x38e35cb80
  Set: 1856 Way: 0 Address: 0x23755d028
  Set: 1916 Way: 0 Address: 0x1addf00
  Set: 1917 Way: 0 Address: 0x1addf41
  Set: 1918 Way: 0 Address: 0x1addf80
  Set: 1919 Way: 0 Address: 0x1addfc0
  Set: 1920 Way: 0 Address: 0x28b67e000
  Set: 1928 Way: 0 Address: 0x1f919e220
  Set: 1929 Way: 0 Address: 0x1f919e241
  Set: 1930 Way: 0 Address: 0x1f919e2a0
  Set: 1931 Way: 0 Address: 0x1f919e2d7
  Set: 1932 Way: 0 Address: 0x1f919e303
  Set: 1933 Way: 0 Address: 0x1f919e370
  Set: 1934 Way: 0 Address: 0x1f919e386
  Set: 1935 Way: 0 Address: 0x1f919e3c3
  Set: 1951 Way: 0 Address: 0x28b67e7f8
EndCache
