Cache: cpu0_STLB
  Set: 0 Way: 0 Address: 0x400330
  Set: 40 Way: 0 Address: 0x728028
  Set: 41 Way: 0 Address: 0x7294b0
  Set: 44 Way: 0 Address: 0x42cf00
  Set: 45 Way: 0 Address: 0x42d0e4
  Set: 46 Way: 0 Address: 0x42e220
  Set: 47 Way: 0 Address: 0x42f383
  Set: 48 Way: 0 Address: 0x430d8b
  Set: 49 Way: 0 Address: 0x4317b0
  Set: 50 Way: 0 Address: 0x43233a
  Set: 51 Way: 0 Address: 0x7fff425b3ff0
  Set: 52 Way: 0 Address: 0x7fff425b4010
  Set: 80 Way: 0 Address: 0x4d0088
  Set: 97 Way: 0 Address: 0x461bf0
  Set: 107 Way: 0 Address: 0x4ebda0
  Set: 111 Way: 0 Address: 0x4ef708
  Set: 113 Way: 0 Address: 0x4711d0
  Set: 114 Way: 0 Address: 0x472030
  Set: 115 Way: 0 Address: 0x4f33e0
  Set: 126 Way: 0 Address: 0x4fe6b0
EndCache
Cache: cpu0_L2C
  Set: 4 Way: 0 Address: 0x6e62010d
  Set: 5 Way: 0 Address: 0x6e620144
  Set: 6 Way: 0 Address: 0x6e620190
  Set: 12 Way: 0 Address: 0x6e62033a
  Set: 13 Way: 0 Address: 0x6e620358
  Set: 14 Way: 0 Address: 0x6e620390
  Set: 30 Way: 0 Address: 0x14bb10798
  Set: 64 Way: 0 Address: 0x113201000
  Set: 69 Way: 0 Address: 0x113201178
  Set: 69 Way: 1 Address: 0x2a4841168
  Set: 69 Way: 2 Address: 0xf6e81168
  Set: 78 Way: 0 Address: 0x113201388
  Set: 78 Way: 1 Address: 0x2a4841390
  Set: 95 Way: 0 Address: 0x2a48417f0
  Set: 128 Way: 0 Address: 0x1c84e2030
  Set: 129 Way: 0 Address: 0x1c84e2047
  Set: 130 Way: 0 Address: 0x1c84e2083
  Set: 130 Way: 1 Address: 0x133c92088
  Set: 131 Way: 0 Address: 0x1c84e20c2
  Set: 142 Way: 0 Address: 0x9cff2388
  Set: 152 Way: 0 Address: 0x1995f2610
  Set: 154 Way: 0 Address: 0x1995f26b0
  Set: 165 Way: 0 Address: 0x6d0c2948
  Set: 173 Way: 0 Address: 0x1c84e2b70
  Set: 174 Way: 0 Address: 0x1c84e2b80
  Set: 197 Way: 0 Address: 0x2b2e93160
  Set: 204 Way: 0 Address: 0x2b2e93308
  Set: 223 Way: 0 Address: 0x263c137f8
  Set: 256 Way: 0 Address: 0x3de4d4000
  Set: 256 Way: 1 Address: 0xb8004010
  Set: 256 Way: 2 Address: 0x3c1074008
  Set: 257 Way: 0 Address: 0xb8004040
  Set: 257 Way: 1 Address: 0x3c1074040
  Set: 258 Way: 0 Address: 0xb80040b8
  Set: 258 Way: 1 Address: 0x3c1074085
  Set: 259 Way: 0 Address: 0xb80040f8
  Set: 259 Way: 1 Address: 0x3c10740c1
  Set: 260 Way: 0 Address: 0xb8004100
  Set: 260 Way: 1 Address: 0x3c1074102
  Set: 261 Way: 0 Address: 0xb8004178
  Set: 261 Way: 1 Address: 0x3c1074150
  Set: 262 Way: 0 Address: 0x3c1074190
  Set: 262 Way: 1 Address: 0xb80041b8
  Set: 262 Way: 2 Address: 0x1ab44190
  Set: 263 Way: 0 Address: 0x3c10741c1
  Set: 263 Way: 1 Address: 0xb80041f8
  Set: 264 Way: 0 Address: 0xb8004238
  Set: 264 Way: 1 Address: 0x3c1074208
  Set: 265 Way: 0 Address: 0xb8004248
  Set: 265 Way: 1 Address: 0x3c1074240
  Set: 266 Way: 0 Address: 0xb8004280
  Set: 266 Way: 1 Address: 0x3c1074283
  Set: 267 Way: 0 Address: 0x3c10742fa
  Set: 267 Way: 1 Address: 0xb80042c0
  Set: 268 Way: 0 Address: 0x397bb4330
  Set: 268 Way: 1 Address: 0x3c1074302
  Set: 268 Way: 2 Address: 0xb8004300
  Set: 269 Way: 0 Address: 0xb8004370
  Set: 269 Way: 1 Address: 0x3c1074341
  Set: 270 Way: 0 Address: 0xb8004380
  Set: 270 Way: 1 Address: 0x3c1074380
  Set: 271 Way: 0 Address: 0xb80043f8
  Set: 271 Way: 1 Address: 0x3c10743c2
  Set: 272 Way: 0 Address: 0xb8004438
  Set: 272 Way: 1 Address: 0x3c107442f
  Set: 273 Way: 0 Address: 0xb8004440
  Set: 273 Way: 1 Address: 0x3c1074440
  Set: 274 Way: 0 Address: 0xb8004480
  Set: 274 Way: 1 Address: 0x3c1074490
  Set: 275 Way: 0 Address: 0xb80044c0
  Set: 275 Way: 1 Address: 0x3c10744c1
  Set: 276 Way: 0 Address: 0xb8004528
  Set: 277 Way: 0 Address: 0xb8004540
  Set: 278 Way: 0 Address: 0xb8004580
  Set: 279 Way: 0 Address: 0xb80045c0
  Set: 279 Way: 1 Address: 0x3c10745e0
  Set: 280 Way: 0 Address: 0xb8004600
  Set: 280 Way: 1 Address: 0x3c1074620
  Set: 281 Way: 0 Address: 0xb8004640
  Set: 282 Way: 0 Address: 0xb80046b0
  Set: 282 Way: 1 Address: 0x1ab44680
  Set: 283 Way: 0 Address: 0xb80046c0
  Set: 284 Way: 0 Address: 0xb8004700
  Set: 284 Way: 1 Address: 0x3c1074731
  Set: 285 Way: 0 Address: 0xb8004740
  Set: 285 Way: 1 Address: 0x3c1074758
  Set: 286 Way: 0 Address: 0xb8004780
  Set: 286 Way: 1 Address: 0x3c10747b0
  Set: 287 Way: 0 Address: 0x3c10747c1
  Set: 287 Way: 1 Address: 0xb80047c0
  Set: 288 Way: 0 Address: 0x3c1074802
  Set: 288 Way: 1 Address: 0xb8004800
  Set: 289 Way: 0 Address: 0x3c1074841
  Set: 289 Way: 1 Address: 0xb8004840
  Set: 290 Way: 0 Address: 0xb8004898
  Set: 290 Way: 1 Address: 0x3c1074887
  Set: 291 Way: 0 Address: 0xb80048f8
  Set: 291 Way: 1 Address: 0x3c10748c3
  Set: 292 Way: 0 Address: 0xb8004938
  Set: 292 Way: 1 Address: 0x3c1074901
  Set: 293 Way: 0 Address: 0xb8004978
  Set: 293 Way: 1 Address: 0x3c1074969
  Set: 294 Way: 0 Address: 0xb8004998
  Set: 294 Way: 1 Address: 0x3c1074980
  Set: 295 Way: 0 Address: 0x3c10749c2
  Set: 296 Way: 0 Address: 0x3c1074a05
  Set: 296 Way: 1 Address: 0xb8004a00
  Set: 297 Way: 0 Address: 0x3c1074a41
  Set: 297 Way: 1 Address: 0xb8004a40
  Set: 298 Way: 0 Address: 0x3c1074a81
  Set: 298 Way: 1 Address: 0xb8004a80
  Set: 299 Way: 0 Address: 0x3c1074ae7
  Set: 299 Way: 1 Address: 0xb8004ac0
  Set: 300 Way: 0 Address: 0x3c1074b14
  Set: 300 Way: 1 Address: 0xb8004b38
  Set: 301 Way: 0 Address: 0x3c1074b40
  Set: 301 Way: 1 Address: 0xb8004b78
  Set: 302 Way: 0 Address: 0xb8004bb8
  Set: 302 Way: 1 Address: 0x3c1074b86
  Set: 303 Way: 0 Address: 0xb8004bf8
  Set: 303 Way: 1 Address: 0x3c1074bc0
  Set: 304 Way: 0 Address: 0xb8004c38
  Set: 310 Way: 0 Address: 0x129934da0
  Set: 311 Way: 0 Address: 0x3c1074df0
  Set: 312 Way: 0 Address: 0x3c1074e01
  Set: 313 Way: 0 Address: 0x3c1074e40
  Set: 314 Way: 0 Address: 0x3c1074e81
  Set: 315 Way: 0 Address: 0x3c1074ee7
  Set: 316 Way: 0 Address: 0x3c1074f02
  Set: 317 Way: 0 Address: 0x3c1074f40
  Set: 318 Way: 0 Address: 0x3c1074f86
  Set: 319 Way: 0 Address: 0x3c1074fc7
  Set: 320 Way: 0 Address: 0x195f15010
  Set: 338 Way: 0 Address: 0x354d35480
  Set: 339 Way: 0 Address: 0x354d354c0
  Set: 340 Way: 0 Address: 0x354d35500
  Set: 341 Way: 0 Address: 0x354d35540
  Set: 342 Way: 0 Address: 0x354d355a0
  Set: 343 Way: 0 Address: 0x354d355f8
  Set: 344 Way: 0 Address: 0x354d35600
  Set: 345 Way: 0 Address: 0x354d35640
  Set: 346 Way: 0 Address: 0x354d35680
  Set: 347 Way: 0 Address: 0x354d356c0
  Set: 348 Way: 0 Address: 0x354d35708
  Set: 349 Way: 0 Address: 0x354d35778
  Set: 350 Way: 0 Address: 0x354d357b8
  Set: 351 Way: 0 Address: 0x354d357f8
  Set: 352 Way: 0 Address: 0x354d35808
  Set: 353 Way: 0 Address: 0x354d35868
  Set: 410 Way: 0 Address: 0x211d16680
  Set: 413 Way: 0 Address: 0x211d16758
  Set: 437 Way: 0 Address: 0x3dae66d70
  Set: 438 Way: 0 Address: 0x43736d98
  Set: 438 Way: 1 Address: 0x3dae66d8b
  Set: 439 Way: 0 Address: 0x3dae66df0
  Set: 440 Way: 0 Address: 0x3dae66e00
  Set: 441 Way: 0 Address: 0x3dae66e50
  Set: 442 Way: 0 Address: 0x3dae66e80
  Set: 443 Way: 0 Address: 0x3dae66ed8
  Set: 444 Way: 0 Address: 0x3dae66f01
  Set: 444 Way: 1 Address: 0x84896f00
  Set: 445 Way: 0 Address: 0x3dae66f44
  Set: 445 Way: 1 Address: 0x84896f41
  Set: 446 Way: 0 Address: 0x3dae66f80
  Set: 446 Way: 1 Address: 0x84896f80
  Set: 447 Way: 0 Address: 0x3dae66fd8
  Set: 447 Way: 1 Address: 0x84896fc4
  Set: 453 Way: 0 Address: 0x309887170
  Set: 479 Way: 0 Address: 0x3098877f0
  Set: 495 Way: 0 Address: 0x276ff7bf0
  Set: 496 Way: 0 Address: 0x276ff7c02
  Set: 497 Way: 0 Address: 0x276ff7c40
  Set: 498 Way: 0 Address: 0x276ff7c82
  Set: 512 Way: 0 Address: 0xc7078018
  Set: 514 Way: 0 Address: 0x201598090
  Set: 576 Way: 0 Address: 0x2ee369028
  Set: 640 Way: 0 Address: 0x229b9a000
  Set: 703 Way: 0 Address: 0x223edafe8
  Set: 716 Way: 0 Address: 0x394edb308
  Set: 733 Way: 0 Address: 0x394edb778
  Set: 768 Way: 0 Address: 0xdf85c000
  Set: 774 Way: 0 Address: 0x38e35c188
  Set: 775 Way: 0 Address: 0x29484c1d0
  Set: 776 Way: 0 Address: 0x29484c210
  Set: 777 Way: 0 Address: 0x29484c242
  Set: 797 Way: 0 Address: 0x38e35c778
  Set: 805 Way: 0 Address: 0x12c6fc940
  Set: 837 Way: 0 Address: 0x1add160
  Set: 850 Way: 0 Address: 0x23755d4b0
  Set: 851 Way: 0 Address: 0x23755d4f0
  Set: 861 Way: 0 Address: 0x1add758
  Set: 884 Way: 0 Address: 0x5588dd00
  Set: 886 Way: 0 Address: 0x5588dda0
  Set: 896 Way: 0 Address: 0x28b67e000
  Set: 901 Way: 0 Address: 0x2f5d8e170
  Set: 902 Way: 0 Address: 0x2f5d8e180
  Set: 902 Way: 1 Address: 0x1c084e190
  Set: 904 Way: 0 Address: 0x1f919e220
  Set: 905 Way: 0 Address: 0x1f919e241
  Set: 906 Way: 0 Address: 0x1f919e2a0
  Set: 907 Way: 0 Address: 0x1f919e2d7
  Set: 908 Way: 0 Address: 0x1f919e303
  Set: 909 Way: 0 Address: 0x1f919e370
  Set: 910 Way: 0 Address: 0x1f919e383
  Set: 911 Way: 0 Address: 0x1f919e3c3
  Set: 912 Way: 0 Address: 0x1f919e408
  Set: 926 Way: 0 Address: 0x1c084e798
  Set: 927 Way: 0 Address: 0x28b67e7f8
  Set: 929 Way: 0 Address: 0x3734ee840
  Set: 930 Way: 0 Address: 0x3734ee880
  Set: 931 Way: 0 Address: 0x3734ee8c0
  Set: 932 Way: 0 Address: 0x3734ee900
  Set: 934 Way: 0 Address: 0x3734ee9a8
  Set: 935 Way: 0 Address: 0x3734ee9e8
  Set: 936 Way: 0 Address: 0x3734eea38
  Set: 937 Way: 0 Address: 0x3734eea78
  Set: 938 Way: 0 Address: 0x3734eea88
  Set: 939 Way: 0 Address: 0x3734eeaf8
  Set: 940 Way: 0 Address: 0x3734eeb38
  Set: 941 Way: 0 Address: 0x3734eeb40
  Set: 942 Way: 0 Address: 0x3734eeb88
  Set: 943 Way: 0 Address: 0x3734eebc0
  Set: 944 Way: 0 Address: 0x3734eec00
  Set: 945 Way: 0 Address: 0x3734eec70
  Set: 946 Way: 0 Address: 0x3734eec80
  Set: 947 Way: 0 Address: 0x3734eece0
  Set: 948 Way: 0 Address: 0x3734eed00
  Set: 949 Way: 0 Address: 0x3734eed40
  Set: 950 Way: 0 Address: 0x3734eed80
  Set: 951 Way: 0 Address: 0x3734eedc0
  Set: 952 Way: 0 Address: 0x3734eee00
  Set: 953 Way: 0 Address: 0x3734eee40
  Set: 954 Way: 0 Address: 0x3734eee80
  Set: 955 Way: 0 Address: 0x3734eeec0
  Set: 956 Way: 0 Address: 0x3734eef00
  Set: 957 Way: 0 Address: 0x3734eef78
  Set: 958 Way: 0 Address: 0x3734eefa8
  Set: 959 Way: 0 Address: 0x3734eeff0
  Set: 960 Way: 0 Address: 0x16390f007
  Set: 961 Way: 0 Address: 0x16390f042
  Set: 962 Way: 0 Address: 0x16390f080
  Set: 963 Way: 0 Address: 0x16390f0e4
  Set: 964 Way: 0 Address: 0x16390f101
  Set: 965 Way: 0 Address: 0x16390f140
  Set: 966 Way: 0 Address: 0x143ef180
  Set: 966 Way: 1 Address: 0xee86f190
  Set: 966 Way: 2 Address: 0x16390f182
  Set: 967 Way: 0 Address: 0xee86f1c1
  Set: 968 Way: 0 Address: 0xee86f220
  Set: 969 Way: 0 Address: 0xee86f242
  Set: 970 Way: 0 Address: 0xee86f282
  Set: 971 Way: 0 Address: 0xee86f2c3
  Set: 972 Way: 0 Address: 0xee86f301
  Set: 973 Way: 0 Address: 0xee86f340
  Set: 975 Way: 0 Address: 0x22272f3e0
  Set: 977 Way: 0 Address: 0xee86f459
  Set: 978 Way: 0 Address: 0xee86f481
EndCache
Cache: cpu0_L1I
  Set: 0 Way: 0 Address: 0x1c84e2030
  Set: 0 Way: 1 Address: 0x3c1074008
  Set: 0 Way: 2 Address: 0x16390f007
  Set: 1 Way: 0 Address: 0x1c84e2077
  Set: 1 Way: 1 Address: 0x3c1074040
  Set: 1 Way: 2 Address: 0x16390f042
  Set: 2 Way: 0 Address: 0x1c84e2083
  Set: 2 Way: 1 Address: 0x3c1074085
  Set: 2 Way: 2 Address: 0x16390f080
  Set: 3 Way: 0 Address: 0x1c84e20c2
  Set: 3 Way: 1 Address: 0x16390f0e4
  Set: 3 Way: 2 Address: 0x3c10740c1
  Set: 4 Way: 0 Address: 0x16390f101
  Set: 4 Way: 1 Address: 0x3c1074102
  Set: 4 Way: 2 Address: 0x6e62010d
  Set: 5 Way: 0 Address: 0x16390f140
  Set: 5 Way: 1 Address: 0x3c1074150
  Set: 5 Way: 2 Address: 0x6e620144
  Set: 6 Way: 0 Address: 0xee86f190
  Set: 6 Way: 1 Address: 0x3c10741ad
  Set: 6 Way: 2 Address: 0x16390f182
  Set: 6 Way: 3 Address: 0x6e620190
  Set: 7 Way: 0 Address: 0x29484c1d0
  Set: 7 Way: 1 Address: 0xee86f1c1
  Set: 7 Way: 2 Address: 0x3c10741c1
  Set: 8 Way: 0 Address: 0x29484c232
  Set: 8 Way: 1 Address: 0x1f919e23b
  Set: 8 Way: 2 Address: 0xee86f220
  Set: 8 Way: 3 Address: 0x3c1074208
  Set: 9 Way: 0 Address: 0x29484c242
  Set: 9 Way: 1 Address: 0x1f919e26a
  Set: 9 Way: 2 Address: 0xee86f242
  Set: 9 Way: 3 Address: 0x3c1074258
  Set: 10 Way: 0 Address: 0x1f919e2a0
  Set: 10 Way: 1 Address: 0xee86f282
  Set: 10 Way: 2 Address: 0x3c1074283
  Set: 11 Way: 0 Address: 0x1f919e2d7
  Set: 11 Way: 1 Address: 0x3c10742fa
  Set: 11 Way: 2 Address: 0xee86f2ee
  Set: 12 Way: 0 Address: 0x397bb4330
  Set: 12 Way: 1 Address: 0x1f919e303
  Set: 12 Way: 2 Address: 0x3c1074302
  Set: 12 Way: 3 Address: 0xee86f329
  Set: 12 Way: 4 Address: 0x6e62033a
  Set: 13 Way: 0 Address: 0x1f919e370
  Set: 13 Way: 1 Address: 0x3c1074369
  Set: 13 Way: 2 Address: 0xee86f340
  Set: 13 Way: 3 Address: 0x6e620358
  Set: 14 Way: 0 Address: 0x1f919e3a0
  Set: 14 Way: 1 Address: 0x3c1074380
  Set: 14 Way: 2 Address: 0x6e620390
  Set: 15 Way: 0 Address: 0x1f919e3c3
  Set: 15 Way: 1 Address: 0x3c10743e2
  Set: 16 Way: 0 Address: 0x1f919e408
  Set: 16 Way: 1 Address: 0x3c107442f
  Set: 17 Way: 0 Address: 0x3c1074440
  Set: 17 Way: 1 Address: 0xee86f459
  Set: 18 Way: 0 Address: 0x3c10744b1
  Set: 18 Way: 1 Address: 0xee86f481
  Set: 19 Way: 0 Address: 0x3c10744c1
  Set: 23 Way: 0 Address: 0x3c10745e0
  Set: 24 Way: 0 Address: 0x3c1074620
  Set: 28 Way: 0 Address: 0x3c1074731
  Set: 29 Way: 0 Address: 0x3c1074758
  Set: 30 Way: 0 Address: 0x3c10747b0
  Set: 31 Way: 0 Address: 0x3c10747fc
  Set: 32 Way: 0 Address: 0x3c1074802
  Set: 33 Way: 0 Address: 0x3c1074841
  Set: 34 Way: 0 Address: 0x3c10748bd
  Set: 35 Way: 0 Address: 0x3c10748c3
  Set: 36 Way: 0 Address: 0x3c1074901
  Set: 37 Way: 0 Address: 0x3c1074969
  Set: 38 Way: 0 Address: 0x3c1074980
  Set: 39 Way: 0 Address: 0x3c10749e0
  Set: 40 Way: 0 Address: 0x3c1074a33
  Set: 41 Way: 0 Address: 0x3c1074a41
  Set: 42 Way: 0 Address: 0x3c1074aa8
  Set: 43 Way: 0 Address: 0x3c1074ae7
  Set: 44 Way: 0 Address: 0x3c1074b14
  Set: 45 Way: 0 Address: 0x1c84e2b70
  Set: 45 Way: 1 Address: 0x3c1074b5f
  Set: 46 Way: 0 Address: 0x1c84e2ba0
  Set: 46 Way: 1 Address: 0x3c1074b86
  Set: 47 Way: 0 Address: 0x276ff7bf0
  Set: 47 Way: 1 Address: 0x3c1074bc0
  Set: 48 Way: 0 Address: 0x276ff7c28
  Set: 49 Way: 0 Address: 0x276ff7c40
  Set: 50 Way: 0 Address: 0x276ff7c82
  Set: 53 Way: 0 Address: 0x3dae66d70
  Set: 54 Way: 0 Address: 0x3dae66d8b
  Set: 55 Way: 0 Address: 0x3dae66df0
  Set: 55 Way: 1 Address: 0x3c1074df0
  Set: 56 Way: 0 Address: 0x3dae66e22
  Set: 56 Way: 1 Address: 0x3c1074e01
  Set: 57 Way: 0 Address: 0x3dae66e50
  Set: 57 Way: 1 Address: 0x3c1074e40
  Set: 58 Way: 0 Address: 0x3dae66e80
  Set: 58 Way: 1 Address: 0x3c1074e81
  Set: 59 Way: 0 Address: 0x3dae66ed8
  Set: 59 Way: 1 Address: 0x3c1074ee7
  Set: 60 Way: 0 Address: 0x3dae66f25
  Set: 60 Way: 1 Address: 0x84896f20
  Set: 60 Way: 2 Address: 0x3c1074f31
  Set: 61 Way: 0 Address: 0x3dae66f71
  Set: 61 Way: 1 Address: 0x84896f41
  Set: 61 Way: 2 Address: 0x3c1074f40
  Set: 62 Way: 0 Address: 0x3dae66f80
  Set: 62 Way: 1 Address: 0x84896f91
  Set: 62 Way: 2 Address: 0x3c1074fb2
  Set: 63 Way: 0 Address: 0x3dae66ffe
  Set: 63 Way: 1 Address: 0x84896fc4
  Set: 63 Way: 2 Address: 0x3c1074fc7
EndCache
Cache: cpu0_L1D
  Set: 0 Way: 0 Address: 0xdf85c000
  Set: 0 Way: 1 Address: 0x28b67e000
  Set: 0 Way: 2 Address: 0x229b9a000
  Set: 0 Way: 3 Address: 0x195f15010
  Set: 0 Way: 4 Address: 0x113201000
  Set: 0 Way: 5 Address: 0x3de4d4000
  Set: 0 Way: 6 Address: 0xb8004038
  Set: 0 Way: 7 Address: 0xc7078018
  Set: 0 Way: 8 Address: 0x2ee369028
  Set: 1 Way: 0 Address: 0xb8004040
  Set: 2 Way: 0 Address: 0x201598090
  Set: 2 Way: 1 Address: 0xb80040b8
  Set: 2 Way: 2 Address: 0x133c92088
  Set: 3 Way: 0 Address: 0xb80040e8
  Set: 4 Way: 0 Address: 0xb8004100
  Set: 5 Way: 0 Address: 0x113201178
  Set: 5 Way: 1 Address: 0x2a4841168
  Set: 5 Way: 2 Address: 0xf6e81168
  Set: 5 Way: 3 Address: 0x309887170
  Set: 5 Way: 4 Address: 0x2f5d8e170
  Set: 5 Way: 5 Address: 0x2b2e93160
  Set: 5 Way: 6 Address: 0x1add160
  Set: 5 Way: 7 Address: 0xb8004140
  Set: 6 Way: 0 Address: 0x2f5d8e180
  Set: 6 Way: 1 Address: 0x143ef180
  Set: 6 Way: 2 Address: 0x38e35c188
  Set: 6 Way: 3 Address: 0xb8004188
  Set: 6 Way: 4 Address: 0x1ab44190
  Set: 6 Way: 5 Address: 0x1c084e190
  Set: 7 Way: 0 Address: 0xb80041c0
  Set: 8 Way: 0 Address: 0xb8004238
  Set: 9 Way: 0 Address: 0xb8004248
  Set: 10 Way: 0 Address: 0xb8004280
  Set: 11 Way: 0 Address: 0xb80042c0
  Set: 12 Way: 0 Address: 0x394edb308
  Set: 12 Way: 1 Address: 0x2b2e93308
  Set: 12 Way: 2 Address: 0xb8004300
  Set: 13 Way: 0 Address: 0xb8004370
  Set: 14 Way: 0 Address: 0x113201390
  Set: 14 Way: 1 Address: 0x9cff2388
  Set: 14 Way: 2 Address: 0x2a4841390
  Set: 14 Way: 3 Address: 0xb8004380
  Set: 15 Way: 0 Address: 0xb80043d8
  Set: 15 Way: 1 Address: 0x22272f3e0
  Set: 16 Way: 0 Address: 0xb8004438
  Set: 17 Way: 0 Address: 0xb8004440
  Set: 18 Way: 0 Address: 0xb80044b8
  Set: 18 Way: 1 Address: 0x23755d4b0
  Set: 18 Way: 2 Address: 0x354d35480
  Set: 19 Way: 0 Address: 0xb80044e0
  Set: 19 Way: 1 Address: 0x23755d4f0
  Set: 19 Way: 2 Address: 0x354d354c0
  Set: 20 Way: 0 Address: 0xb8004530
  Set: 20 Way: 1 Address: 0x354d35500
  Set: 21 Way: 0 Address: 0xb8004550
  Set: 21 Way: 1 Address: 0x354d35540
  Set: 22 Way: 0 Address: 0xb8004580
  Set: 22 Way: 1 Address: 0x354d355a0
  Set: 23 Way: 0 Address: 0xb80045c0
  Set: 23 Way: 1 Address: 0x354d355f8
  Set: 24 Way: 0 Address: 0xb8004600
  Set: 24 Way: 1 Address: 0x1995f2610
  Set: 24 Way: 2 Address: 0x354d35600
  Set: 25 Way: 0 Address: 0xb8004640
  Set: 25 Way: 1 Address: 0x354d35640
  Set: 26 Way: 0 Address: 0x1995f26b0
  Set: 26 Way: 1 Address: 0xb80046b8
  Set: 26 Way: 2 Address: 0x354d35680
  Set: 26 Way: 3 Address: 0x211d16680
  Set: 26 Way: 4 Address: 0x1ab44680
  Set: 27 Way: 0 Address: 0xb80046f8
  Set: 27 Way: 1 Address: 0x354d356c0
  Set: 28 Way: 0 Address: 0xb8004738
  Set: 28 Way: 1 Address: 0x354d35708
  Set: 29 Way: 0 Address: 0xb8004778
  Set: 29 Way: 1 Address: 0x38e35c778
  Set: 29 Way: 2 Address: 0x394edb778
  Set: 29 Way: 3 Address: 0x354d35778
  Set: 29 Way: 4 Address: 0x1add758
  Set: 29 Way: 5 Address: 0x211d16758
  Set: 30 Way: 0 Address: 0xb80047b8
  Set: 30 Way: 1 Address: 0x354d357b8
  Set: 30 Way: 2 Address: 0x1c084e798
  Set: 30 Way: 3 Address: 0x14bb10798
  Set: 31 Way: 0 Address: 0x28b67e7f8
  Set: 31 Way: 1 Address: 0x263c137f8
  Set: 31 Way: 2 Address: 0x2a48417f0
  Set: 31 Way: 3 Address: 0x3098877f0
  Set: 31 Way: 4 Address: 0xb80047c0
  Set: 31 Way: 5 Address: 0x354d357f8
  Set: 32 Way: 0 Address: 0xb8004800
  Set: 32 Way: 1 Address: 0x354d35808
  Set: 33 Way: 0 Address: 0xb8004840
  Set: 33 Way: 1 Address: 0x354d35868
  Set: 33 Way: 2 Address: 0x3734ee840
  Set: 34 Way: 0 Address: 0xb8004898
  Set: 34 Way: 1 Address: 0x3734ee880
  Set: 35 Way: 0 Address: 0xb80048c0
  Set: 35 Way: 1 Address: 0x3734ee8c0
  Set: 36 Way: 0 Address: 0xb8004900
  Set: 36 Way: 1 Address: 0x3734ee900
  Set: 37 Way: 0 Address: 0x6d0c2948
  Set: 37 Way: 1 Address: 0x12c6fc940
  Set: 37 Way: 2 Address: 0xb8004940
  Set: 38 Way: 0 Address: 0xb8004998
  Set: 38 Way: 1 Address: 0x3734ee9b8
  Set: 39 Way: 0 Address: 0x3734ee9e8
  Set: 40 Way: 0 Address: 0xb8004a00
  Set: 40 Way: 1 Address: 0x3734eea38
  Set: 41 Way: 0 Address: 0xb8004a40
  Set: 41 Way: 1 Address: 0x3734eea78
  Set: 42 Way: 0 Address: 0xb8004a80
  Set: 42 Way: 1 Address: 0x3734eeaa0
  Set: 43 Way: 0 Address: 0xb8004ac0
  Set: 43 Way: 1 Address: 0x3734eeaf8
  Set: 44 Way: 0 Address: 0xb8004b30
  Set: 44 Way: 1 Address: 0x3734eeb38
  Set: 45 Way: 0 Address: 0xb8004b78
  Set: 45 Way: 1 Address: 0x3734eeb58
  Set: 46 Way: 0 Address: 0xb8004bb8
  Set: 46 Way: 1 Address: 0x3734eeb88
  Set: 47 Way: 0 Address: 0xb8004bf8
  Set: 47 Way: 1 Address: 0x3734eebf0
  Set: 48 Way: 0 Address: 0xb8004c38
  Set: 48 Way: 1 Address: 0x3734eec30
  Set: 49 Way: 0 Address: 0x3734eec70
  Set: 50 Way: 0 Address: 0x3734eec80
  Set: 51 Way: 0 Address: 0x3734eecf0
  Set: 52 Way: 0 Address: 0x5588dd00
  Set: 52 Way: 1 Address: 0x3734eed00
  Set: 53 Way: 0 Address: 0x3734eed40
  Set: 54 Way: 0 Address: 0x129934da0
  Set: 54 Way: 1 Address: 0x43736d98
  Set: 54 Way: 2 Address: 0x5588dda0
  Set: 54 Way: 3 Address: 0x3734eed80
  Set: 55 Way: 0 Address: 0x3734eedc0
  Set: 56 Way: 0 Address: 0x3734eee00
  Set: 57 Way: 0 Address: 0x3734eee40
  Set: 58 Way: 0 Address: 0x3734eee80
  Set: 59 Way: 0 Address: 0x3734eeee0
  Set: 60 Way: 0 Address: 0x3734eef20
  Set: 61 Way: 0 Address: 0x3734eef68
  Set: 62 Way: 0 Address: 0x3734eef98
  Set: 63 Way: 0 Address: 0x223edafe8
  Set: 63 Way: 1 Address: 0x3734eeff8
EndCache
Cache: cpu0_ITLB
  Set: 0 Way: 0 Address: 0x400330
  Set: 0 Way: 1 Address: 0x430d8b
  Set: 1 Way: 0 Address: 0x471232
  Set: 1 Way: 1 Address: 0x4317fc
  Set: 1 Way: 2 Address: 0x461c28
  Set: 2 Way: 0 Address: 0x472077
  Set: 2 Way: 1 Address: 0x43233a
  Set: 12 Way: 0 Address: 0x42cf41
  Set: 13 Way: 0 Address: 0x42d0e4
  Set: 14 Way: 0 Address: 0x42e242
  Set: 15 Way: 0 Address: 0x42f365
EndCache
Cache: cpu0_DTLB
  Set: 0 Way: 0 Address: 0x4d0088
  Set: 3 Way: 0 Address: 0x7fff425b3ff8
  Set: 3 Way: 1 Address: 0x4f33e0
  Set: 4 Way: 0 Address: 0x7fff425b4038
  Set: 8 Way: 0 Address: 0x728028
  Set: 9 Way: 0 Address: 0x7294f0
  Set: 11 Way: 0 Address: 0x4ebd00
  Set: 14 Way: 0 Address: 0x4fe610
  Set: 15 Way: 0 Address: 0x4ef708
EndCache
Cache: LLC
  Set: 4 Way: 0 Address: 0x6e62010d
  Set: 5 Way: 0 Address: 0x6e620144
  Set: 6 Way: 0 Address: 0x6e620190
  Set: 12 Way: 0 Address: 0x6e62033a
  Set: 13 Way: 0 Address: 0x6e620358
  Set: 14 Way: 0 Address: 0x6e620390
  Set: 64 Way: 0 Address: 0x113201000
  Set: 69 Way: 0 Address: 0x113201178
  Set: 69 Way: 1 Address: 0x2a4841168
  Set: 69 Way: 2 Address: 0xf6e81168
  Set: 78 Way: 0 Address: 0x113201388
  Set: 78 Way: 1 Address: 0x2a4841390
  Set: 95 Way: 0 Address: 0x2a48417f0
  Set: 128 Way: 0 Address: 0x1c84e2030
  Set: 129 Way: 0 Address: 0x1c84e2047
  Set: 130 Way: 0 Address: 0x1c84e2083
  Set: 131 Way: 0 Address: 0x1c84e20c2
  Set: 165 Way: 0 Address: 0x6d0c2948
  Set: 173 Way: 0 Address: 0x1c84e2b70
  Set: 174 Way: 0 Address: 0x1c84e2b80
  Set: 256 Way: 0 Address: 0xb8004010
  Set: 257 Way: 0 Address: 0xb8004040
  Set: 258 Way: 0 Address: 0xb8004080
  Set: 259 Way: 0 Address: 0xb80040f8
  Set: 260 Way: 0 Address: 0xb8004100
  Set: 261 Way: 0 Address: 0xb8004178
  Set: 262 Way: 0 Address: 0xb80041b8
  Set: 262 Way: 1 Address: 0x1ab44190
  Set: 263 Way: 0 Address: 0xb80041f8
  Set: 264 Way: 0 Address: 0xb8004238
  Set: 265 Way: 0 Address: 0xb8004248
  Set: 266 Way: 0 Address: 0xb8004280
  Set: 267 Way: 0 Address: 0xb80042c0
  Set: 268 Way: 0 Address: 0xb8004300
  Set: 269 Way: 0 Address: 0xb8004370
  Set: 270 Way: 0 Address: 0xb8004380
  Set: 271 Way: 0 Address: 0xb80043f8
  Set: 272 Way: 0 Address: 0xb8004438
  Set: 273 Way: 0 Address: 0xb8004440
  Set: 274 Way: 0 Address: 0xb8004480
  Set: 275 Way: 0 Address: 0xb80044c0
  Set: 276 Way: 0 Address: 0xb8004528
  Set: 277 Way: 0 Address: 0xb8004540
  Set: 278 Way: 0 Address: 0xb8004580
  Set: 279 Way: 0 Address: 0xb80045c0
  Set: 280 Way: 0 Address: 0xb8004600
  Set: 281 Way: 0 Address: 0xb8004640
  Set: 282 Way: 0 Address: 0xb80046b0
  Set: 282 Way: 1 Address: 0x1ab44680
  Set: 283 Way: 0 Address: 0xb80046c0
  Set: 284 Way: 0 Address: 0xb8004700
  Set: 285 Way: 0 Address: 0xb8004740
  Set: 286 Way: 0 Address: 0xb8004780
  Set: 287 Way: 0 Address: 0xb80047c0
  Set: 288 Way: 0 Address: 0xb8004800
  Set: 289 Way: 0 Address: 0xb8004840
  Set: 290 Way: 0 Address: 0xb8004898
  Set: 291 Way: 0 Address: 0xb80048f8
  Set: 292 Way: 0 Address: 0xb8004938
  Set: 293 Way: 0 Address: 0xb8004978
  Set: 294 Way: 0 Address: 0xb8004998
  Set: 296 Way: 0 Address: 0xb8004a00
  Set: 297 Way: 0 Address: 0xb8004a40
  Set: 298 Way: 0 Address: 0xb8004a80
  Set: 299 Way: 0 Address: 0xb8004ac0
  Set: 300 Way: 0 Address: 0xb8004b38
  Set: 301 Way: 0 Address: 0xb8004b78
  Set: 302 Way: 0 Address: 0xb8004bb8
  Set: 303 Way: 0 Address: 0xb8004bf8
  Set: 304 Way: 0 Address: 0xb8004c38
  Set: 437 Way: 0 Address: 0x3dae66d70
  Set: 438 Way: 0 Address: 0x3dae66d8b
  Set: 439 Way: 0 Address: 0x3dae66df0
  Set: 440 Way: 0 Address: 0x3dae66e00
  Set: 441 Way: 0 Address: 0x3dae66e50
  Set: 442 Way: 0 Address: 0x3dae66e80
  Set: 443 Way: 0 Address: 0x3dae66ec0
  Set: 444 Way: 0 Address: 0x3dae66f01
  Set: 445 Way: 0 Address: 0x3dae66f44
  Set: 446 Way: 0 Address: 0x3dae66f80
  Set: 447 Way: 0 Address: 0x3dae66fc0
  Set: 453 Way: 0 Address: 0x309887170
  Set: 479 Way: 0 Address: 0x3098877f0
  Set: 576 Way: 0 Address: 0x2ee369028
  Set: 775 Way: 0 Address: 0x29484c1d0
  Set: 776 Way: 0 Address: 0x29484c210
  Set: 777 Way: 0 Address: 0x29484c242
  Set: 884 Way: 0 Address: 0x5588dd00
  Set: 886 Way: 0 Address: 0x5588dda0
  Set: 901 Way: 0 Address: 0x2f5d8e170
  Set: 902 Way: 0 Address: 0x2f5d8e180
  Set: 902 Way: 1 Address: 0x1c084e190
  Set: 926 Way: 0 Address: 0x1c084e798
  Set: 929 Way: 0 Address: 0x3734ee840
  Set: 930 Way: 0 Address: 0x3734ee880
  Set: 931 Way: 0 Address: 0x3734ee8c0
  Set: 932 Way: 0 Address: 0x3734ee900
  Set: 934 Way: 0 Address: 0x3734ee9a8
  Set: 935 Way: 0 Address: 0x3734ee9e8
  Set: 936 Way: 0 Address: 0x3734eea38
  Set: 937 Way: 0 Address: 0x3734eea78
  Set: 938 Way: 0 Address: 0x3734eea88
  Set: 939 Way: 0 Address: 0x3734eeaf8
  Set: 940 Way: 0 Address: 0x3734eeb38
  Set: 941 Way: 0 Address: 0x3734eeb40
  Set: 942 Way: 0 Address: 0x3734eeb88
  Set: 943 Way: 0 Address: 0x3734eebc0
  Set: 944 Way: 0 Address: 0x3734eec00
  Set: 945 Way: 0 Address: 0x3734eec70
  Set: 946 Way: 0 Address: 0x3734eec80
  Set: 947 Way: 0 Address: 0x3734eece0
  Set: 948 Way: 0 Address: 0x3734eed00
  Set: 949 Way: 0 Address: 0x3734eed40
  Set: 950 Way: 0 Address: 0x3734eed80
  Set: 951 Way: 0 Address: 0x3734eedc0
  Set: 952 Way: 0 Address: 0x3734eee00
  Set: 953 Way: 0 Address: 0x3734eee40
  Set: 954 Way: 0 Address: 0x3734eee80
  Set: 955 Way: 0 Address: 0x3734eeec0
  Set: 956 Way: 0 Address: 0x3734eef00
  Set: 957 Way: 0 Address: 0x3734eef78
  Set: 958 Way: 0 Address: 0x3734eefa8
  Set: 959 Way: 0 Address: 0x3734eeff0
  Set: 960 Way: 0 Address: 0x16390f007
  Set: 961 Way: 0 Address: 0x16390f042
  Set: 962 Way: 0 Address: 0x16390f080
  Set: 963 Way: 0 Address: 0x16390f0e4
  Set: 964 Way: 0 Address: 0x16390f101
  Set: 965 Way: 0 Address: 0x16390f140
  Set: 966 Way: 0 Address: 0x16390f180
  Set: 966 Way: 1 Address: 0x143ef180
  Set: 966 Way: 2 Address: 0xee86f190
  Set: 967 Way: 0 Address: 0xee86f1c1
  Set: 967 Way: 1 Address: 0x16390f1c0
  Set: 968 Way: 0 Address: 0xee86f220
  Set: 969 Way: 0 Address: 0xee86f242
  Set: 970 Way: 0 Address: 0xee86f280
  Set: 971 Way: 0 Address: 0xee86f2c3
  Set: 972 Way: 0 Address: 0xee86f301
  Set: 973 Way: 0 Address: 0xee86f340
  Set: 975 Way: 0 Address: 0x22272f3e0
  Set: 977 Way: 0 Address: 0xee86f459
  Set: 978 Way: 0 Address: 0xee86f481
  Set: 1054 Way: 0 Address: 0x14bb10798
  Set: 1154 Way: 0 Address: 0x133c92088
  Set: 1166 Way: 0 Address: 0x9cff2388
  Set: 1176 Way: 0 Address: 0x1995f2610
  Set: 1178 Way: 0 Address: 0x1995f26b0
  Set: 1221 Way: 0 Address: 0x2b2e93160
  Set: 1228 Way: 0 Address: 0x2b2e93308
  Set: 1247 Way: 0 Address: 0x263c137f8
  Set: 1280 Way: 0 Address: 0x3de4d4000
  Set: 1280 Way: 1 Address: 0x3c1074008
  Set: 1281 Way: 0 Address: 0x3c1074040
  Set: 1282 Way: 0 Address: 0x3c1074085
  Set: 1283 Way: 0 Address: 0x3c10740c1
  Set: 1284 Way: 0 Address: 0x3c1074102
  Set: 1285 Way: 0 Address: 0x3c1074150
  Set: 1286 Way: 0 Address: 0x3c1074190
  Set: 1287 Way: 0 Address: 0x3c10741c1
  Set: 1288 Way: 0 Address: 0x3c1074208
  Set: 1289 Way: 0 Address: 0x3c1074240
  Set: 1290 Way: 0 Address: 0x3c1074283
  Set: 1291 Way: 0 Address: 0x3c10742fa
  Set: 1292 Way: 0 Address: 0x397bb4330
  Set: 1292 Way: 1 Address: 0x3c1074302
  Set: 1293 Way: 0 Address: 0x3c1074341
  Set: 1294 Way: 0 Address: 0x3c1074380
  Set: 1295 Way: 0 Address: 0x3c10743c2
  Set: 1296 Way: 0 Address: 0x3c107442f
  Set: 1297 Way: 0 Address: 0x3c1074440
  Set: 1298 Way: 0 Address: 0x3c1074490
  Set: 1299 Way: 0 Address: 0x3c10744c1
  Set: 1303 Way: 0 Address: 0x3c10745e0
  Set: 1304 Way: 0 Address: 0x3c1074620
  Set: 1308 Way: 0 Address: 0x3c1074731
  Set: 1309 Way: 0 Address: 0x3c1074758
  Set: 1310 Way: 0 Address: 0x3c10747b0
  Set: 1311 Way: 0 Address: 0x3c10747c1
  Set: 1312 Way: 0 Address: 0x3c1074802
  Set: 1313 Way: 0 Address: 0x3c1074840
  Set: 1314 Way: 0 Address: 0x3c1074887
  Set: 1315 Way: 0 Address: 0x3c10748c3
  Set: 1316 Way: 0 Address: 0x3c1074901
  Set: 1317 Way: 0 Address: 0x3c1074969
  Set: 1318 Way: 0 Address: 0x3c1074980
  Set: 1319 Way: 0 Address: 0x3c10749c2
  Set: 1320 Way: 0 Address: 0x3c1074a00
  Set: 1321 Way: 0 Address: 0x3c1074a41
  Set: 1322 Way: 0 Address: 0x3c1074a80
  Set: 1323 Way: 0 Address: 0x3c1074ae7
  Set: 1324 Way: 0 Address: 0x3c1074b14
  Set: 1325 Way: 0 Address: 0x3c1074b40
  Set: 1326 Way: 0 Address: 0x3c1074b86
  Set: 1327 Way: 0 Address: 0x3c1074bc0
  Set: 1334 Way: 0 Address: 0x129934da0
  Set: 1335 Way: 0 Address: 0x3c1074df0
  Set: 1336 Way: 0 Address: 0x3c1074e01
  Set: 1337 Way: 0 Address: 0x3c1074e40
  Set: 1338 Way: 0 Address: 0x3c1074e81
  Set: 1339 Way: 0 Address: 0x3c1074ec0
  Set: 1340 Way: 0 Address: 0x3c1074f02
  Set: 1341 Way: 0 Address: 0x3c1074f40
  Set: 1342 Way: 0 Address: 0x3c1074f86
  Set: 1343 Way: 0 Address: 0x3c1074fc0
  Set: 1344 Way: 0 Address: 0x195f15010
  Set: 1362 Way: 0 Address: 0x354d35480
  Set: 1363 Way: 0 Address: 0x354d354c0
  Set: 1364 Way: 0 Address: 0x354d35500
  Set: 1365 Way: 0 Address: 0x354d35540
  Set: 1366 Way: 0 Address: 0x354d355a0
  Set: 1367 Way: 0 Address: 0x354d355f8
  Set: 1368 Way: 0 Address: 0x354d35600
  Set: 1369 Way: 0 Address: 0x354d35640
  Set: 1370 Way: 0 Address: 0x354d35680
  Set: 1371 Way: 0 Address: 0x354d356c0
  Set: 1372 Way: 0 Address: 0x354d35708
  Set: 1373 Way: 0 Address: 0x354d35778
  Set: 1374 Way: 0 Address: 0x354d357b8
  Set: 1375 Way: 0 Address: 0x354d357f8
  Set: 1376 Way: 0 Address: 0x354d35808
  Set: 1377 Way: 0 Address: 0x354d35868
  Set: 1434 Way: 0 Address: 0x211d16680
  Set: 1437 Way: 0 Address: 0x211d16758
  Set: 1462 Way: 0 Address: 0x43736d98
  Set: 1468 Way: 0 Address: 0x84896f00
  Set: 1469 Way: 0 Address: 0x84896f41
  Set: 1470 Way: 0 Address: 0x84896f80
  Set: 1471 Way: 0 Address: 0x84896fc0
  Set: 1519 Way: 0 Address: 0x276ff7bf0
  Set: 1520 Way: 0 Address: 0x276ff7c02
  Set: 1521 Way: 0 Address: 0x276ff7c40
  Set: 1522 Way: 0 Address: 0x276ff7c82
  Set: 1523 Way: 0 Address: 0x276ff7cc0
  Set: 1536 Way: 0 Address: 0xc7078018
  Set: 1538 Way: 0 Address: 0x201598090
  Set: 1664 Way: 0 Address: 0x229b9a000
  Set: 1727 Way: 0 Address: 0x223edafe8
  Set: 1740 Way: 0 Address: 0x394edb308
  Set: 1757 Way: 0 Address: 0x394edb778
  Set: 1792 Way: 0 Address: 0xdf85c000
  Set: 1798 Way: 0 Address: 0x38e35c188
  Set: 1821 Way: 0 Address: 0x38e35c778
  Set: 1829 Way: 0 Address: 0x12c6fc940
  Set: 1861 Way: 0 Address: 0x1add160
  Set: 1874 Way: 0 Address: 0x23755d4b0
  Set: 1875 Way: 0 Address: 0x23755d4f0
  Set: 1876 Way: 0 Address: 0x23755d500
  Set: 1885 Way: 0 Address: 0x1add758
  Set: 1920 Way: 0 Address: 0x28b67e000
  Set: 1928 Way: 0 Address: 0x1f919e220
  Set: 1929 Way: 0 Address: 0x1f919e241
  Set: 1930 Way: 0 Address: 0x1f919e2a0
  Set: 1931 Way: 0 Address: 0x1f919e2d7
  Set: 1932 Way: 0 Address: 0x1f919e303
  Set: 1933 Way: 0 Address: 0x1f919e370
  Set: 1934 Way: 0 Address: 0x1f919e383
  Set: 1935 Way: 0 Address: 0x1f919e3c3
  Set: 1936 Way: 0 Address: 0x1f919e408
  Set: 1951 Way: 0 Address: 0x28b67e7f8
EndCache
