Cache: cpu0_STLB
  Set: 34 Way: 0 Address: 0x7ffcd4322cb0
  Set: 35 Way: 0 Address: 0x7ffcd4323600
  Set: 36 Way: 0 Address: 0x7ffcd4324500
  Set: 46 Way: 0 Address: 0x7ffcd432ee18
  Set: 47 Way: 0 Address: 0x7ffcd432f1d0
  Set: 49 Way: 0 Address: 0x431f64
  Set: 50 Way: 0 Address: 0x43236f
  Set: 51 Way: 0 Address: 0x7ffcd4333820
EndCache
Cache: cpu0_L2C
  Set: 70 Way: 0 Address: 0x113201190
  Set: 120 Way: 0 Address: 0xf6e81e18
  Set: 121 Way: 0 Address: 0xf6e81e40
  Set: 122 Way: 0 Address: 0xf6e81e80
  Set: 123 Way: 0 Address: 0xf6e81ec0
  Set: 127 Way: 0 Address: 0xf6e81ff8
  Set: 134 Way: 0 Address: 0x6d0c2188
  Set: 164 Way: 0 Address: 0x1c84e2918
  Set: 190 Way: 0 Address: 0x9cff2f98
  Set: 212 Way: 0 Address: 0x3c56b3508
  Set: 223 Way: 0 Address: 0x263c137f8
  Set: 271 Way: 0 Address: 0x1299343d8
  Set: 272 Way: 0 Address: 0x129934420
  Set: 273 Way: 0 Address: 0x129934468
  Set: 274 Way: 0 Address: 0x1299344b0
  Set: 275 Way: 0 Address: 0xb80044d8
  Set: 275 Way: 1 Address: 0x1299344f8
  Set: 276 Way: 0 Address: 0xb8004500
  Set: 276 Way: 1 Address: 0x129934500
  Set: 277 Way: 0 Address: 0x129934570
  Set: 277 Way: 1 Address: 0xb8004548
  Set: 278 Way: 0 Address: 0x1299345b8
  Set: 279 Way: 0 Address: 0x1299345c0
  Set: 280 Way: 0 Address: 0x129934600
  Set: 281 Way: 0 Address: 0x129934640
  Set: 282 Way: 0 Address: 0x1299346b0
  Set: 283 Way: 0 Address: 0x1299346c0
  Set: 284 Way: 0 Address: 0xb8004700
  Set: 284 Way: 1 Address: 0x129934700
  Set: 285 Way: 0 Address: 0x129934770
  Set: 286 Way: 0 Address: 0xb800479c
  Set: 286 Way: 1 Address: 0x129934780
  Set: 288 Way: 0 Address: 0xb8004808
  Set: 293 Way: 0 Address: 0xb8004968
  Set: 320 Way: 0 Address: 0x195f15010
  Set: 434 Way: 0 Address: 0x43736cb0
  Set: 435 Way: 0 Address: 0x43736cc0
  Set: 436 Way: 0 Address: 0x43736d3c
  Set: 437 Way: 0 Address: 0x43736d40
  Set: 438 Way: 0 Address: 0x43736da8
  Set: 439 Way: 0 Address: 0x43736dd8
  Set: 440 Way: 0 Address: 0x43736e30
  Set: 441 Way: 0 Address: 0x43736e40
  Set: 442 Way: 0 Address: 0x43736e88
  Set: 486 Way: 0 Address: 0x309887998
  Set: 548 Way: 0 Address: 0x201598910
  Set: 548 Way: 1 Address: 0x1aafb8920
  Set: 549 Way: 0 Address: 0x1aafb8978
  Set: 549 Way: 1 Address: 0xc7078970
  Set: 550 Way: 0 Address: 0xc7078998
  Set: 576 Way: 0 Address: 0x292959000
  Set: 577 Way: 0 Address: 0x292959040
  Set: 578 Way: 0 Address: 0x292959080
  Set: 583 Way: 0 Address: 0x2929591d0
  Set: 584 Way: 0 Address: 0x292959200
  Set: 585 Way: 0 Address: 0x292959240
  Set: 586 Way: 0 Address: 0x292959280
  Set: 590 Way: 0 Address: 0x292959380
  Set: 591 Way: 0 Address: 0x2929593c0
  Set: 592 Way: 0 Address: 0x292959400
  Set: 593 Way: 0 Address: 0x292959440
  Set: 597 Way: 0 Address: 0x292959560
  Set: 598 Way: 0 Address: 0x292959580
  Set: 599 Way: 0 Address: 0x2929595c0
  Set: 600 Way: 0 Address: 0x292959600
  Set: 605 Way: 0 Address: 0x292959740
  Set: 606 Way: 0 Address: 0x292959780
  Set: 607 Way: 0 Address: 0x2929597c0
  Set: 608 Way: 0 Address: 0x292959800
  Set: 640 Way: 0 Address: 0x229b9a000
  Set: 768 Way: 0 Address: 0xdf85c000
  Set: 828 Way: 0 Address: 0x12c6fcf09
  Set: 829 Way: 0 Address: 0x12c6fcf64
  Set: 830 Way: 0 Address: 0x12c6fcf82
  Set: 831 Way: 0 Address: 0x12c6fcfc1
  Set: 896 Way: 0 Address: 0x28b67e000
  Set: 896 Way: 1 Address: 0x1f919e02d
  Set: 897 Way: 0 Address: 0x1f919e043
  Set: 898 Way: 0 Address: 0x1f919e085
  Set: 899 Way: 0 Address: 0x1f919e0c7
  Set: 900 Way: 0 Address: 0x1f919e12d
  Set: 901 Way: 0 Address: 0x1f919e16b
  Set: 902 Way: 0 Address: 0x1f919e181
  Set: 903 Way: 0 Address: 0x1f919e1c5
  Set: 904 Way: 0 Address: 0x1f919e202
  Set: 909 Way: 0 Address: 0x1f919e36f
  Set: 910 Way: 0 Address: 0x1f919e383
  Set: 911 Way: 0 Address: 0x1f919e3c6
  Set: 912 Way: 0 Address: 0x1f919e404
  Set: 913 Way: 0 Address: 0x1f919e441
  Set: 914 Way: 0 Address: 0x1f919e480
  Set: 915 Way: 0 Address: 0x1f919e4c2
  Set: 916 Way: 0 Address: 0x1f919e500
  Set: 917 Way: 0 Address: 0x1f919e546
  Set: 923 Way: 0 Address: 0x1f919e6dc
  Set: 924 Way: 0 Address: 0x1f919e703
  Set: 927 Way: 0 Address: 0x28b67e7f8
  Set: 933 Way: 0 Address: 0x3734ee978
  Set: 992 Way: 0 Address: 0x16390f820
EndCache
Cache: cpu0_L1I
  Set: 0 Way: 0 Address: 0x1f919e02d
  Set: 1 Way: 0 Address: 0x1f919e043
  Set: 2 Way: 0 Address: 0x1f919e085
  Set: 3 Way: 0 Address: 0x1f919e0c7
  Set: 4 Way: 0 Address: 0x1f919e12d
  Set: 5 Way: 0 Address: 0x1f919e16b
  Set: 6 Way: 0 Address: 0x1f919e1ad
  Set: 7 Way: 0 Address: 0x1f919e1ed
  Set: 8 Way: 0 Address: 0x1f919e220
  Set: 13 Way: 0 Address: 0x1f919e36f
  Set: 14 Way: 0 Address: 0x1f919e383
  Set: 15 Way: 0 Address: 0x1f919e3c6
  Set: 16 Way: 0 Address: 0x1f919e404
  Set: 17 Way: 0 Address: 0x1f919e475
  Set: 18 Way: 0 Address: 0x1f919e480
  Set: 19 Way: 0 Address: 0x1f919e4f7
  Set: 20 Way: 0 Address: 0x1f919e536
  Set: 21 Way: 0 Address: 0x1f919e546
  Set: 27 Way: 0 Address: 0x1f919e6dc
  Set: 28 Way: 0 Address: 0x1f919e703
  Set: 60 Way: 0 Address: 0x12c6fcf09
  Set: 61 Way: 0 Address: 0x12c6fcf64
  Set: 62 Way: 0 Address: 0x12c6fcfa2
  Set: 63 Way: 0 Address: 0x12c6fcfc1
EndCache
Cache: cpu0_L1D
  Set: 0 Way: 0 Address: 0xdf85c000
  Set: 0 Way: 1 Address: 0x28b67e000
  Set: 0 Way: 2 Address: 0x229b9a000
  Set: 0 Way: 3 Address: 0x195f15010
  Set: 0 Way: 4 Address: 0x292959000
  Set: 1 Way: 0 Address: 0x292959040
  Set: 2 Way: 0 Address: 0x292959080
  Set: 6 Way: 0 Address: 0x113201190
  Set: 6 Way: 1 Address: 0x6d0c2188
  Set: 7 Way: 0 Address: 0x2929591d0
  Set: 8 Way: 0 Address: 0x292959200
  Set: 9 Way: 0 Address: 0x292959240
  Set: 10 Way: 0 Address: 0x292959280
  Set: 14 Way: 0 Address: 0x292959380
  Set: 15 Way: 0 Address: 0x1299343d8
  Set: 15 Way: 1 Address: 0x2929593c0
  Set: 16 Way: 0 Address: 0x129934420
  Set: 16 Way: 1 Address: 0x292959400
  Set: 17 Way: 0 Address: 0x129934468
  Set: 18 Way: 0 Address: 0x1299344b0
  Set: 19 Way: 0 Address: 0xb80044d8
  Set: 19 Way: 1 Address: 0x1299344c0
  Set: 20 Way: 0 Address: 0x3c56b3508
  Set: 20 Way: 1 Address: 0xb8004500
  Set: 20 Way: 2 Address: 0x129934508
  Set: 21 Way: 0 Address: 0x129934570
  Set: 21 Way: 1 Address: 0xb8004548
  Set: 21 Way: 2 Address: 0x292959560
  Set: 22 Way: 0 Address: 0x1299345b8
  Set: 22 Way: 1 Address: 0x292959580
  Set: 23 Way: 0 Address: 0x1299345c0
  Set: 23 Way: 1 Address: 0x2929595c0
  Set: 24 Way: 0 Address: 0x129934600
  Set: 25 Way: 0 Address: 0x129934640
  Set: 26 Way: 0 Address: 0x1299346b8
  Set: 27 Way: 0 Address: 0x1299346c0
  Set: 28 Way: 0 Address: 0xb8004700
  Set: 28 Way: 1 Address: 0x129934700
  Set: 29 Way: 0 Address: 0x129934770
  Set: 29 Way: 1 Address: 0x292959740
  Set: 30 Way: 0 Address: 0xb800479c
  Set: 30 Way: 1 Address: 0x129934780
  Set: 30 Way: 2 Address: 0x292959780
  Set: 31 Way: 0 Address: 0x28b67e7f8
  Set: 31 Way: 1 Address: 0x263c137f8
  Set: 31 Way: 2 Address: 0x2929597c0
  Set: 32 Way: 0 Address: 0xb8004808
  Set: 32 Way: 1 Address: 0x16390f820
  Set: 36 Way: 0 Address: 0x1c84e2918
  Set: 36 Way: 1 Address: 0x201598910
  Set: 36 Way: 2 Address: 0x1aafb8920
  Set: 37 Way: 0 Address: 0x1aafb8978
  Set: 37 Way: 1 Address: 0x3734ee978
  Set: 37 Way: 2 Address: 0xc7078970
  Set: 37 Way: 3 Address: 0xb8004968
  Set: 38 Way: 0 Address: 0xc7078998
  Set: 38 Way: 1 Address: 0x309887998
  Set: 50 Way: 0 Address: 0x43736cb0
  Set: 51 Way: 0 Address: 0x43736cc0
  Set: 52 Way: 0 Address: 0x43736d2c
  Set: 53 Way: 0 Address: 0x43736d40
  Set: 54 Way: 0 Address: 0x43736db8
  Set: 55 Way: 0 Address: 0x43736dc8
  Set: 56 Way: 0 Address: 0x43736e30
  Set: 56 Way: 1 Address: 0xf6e81e18
  Set: 57 Way: 0 Address: 0x43736e70
  Set: 57 Way: 1 Address: 0xf6e81e40
  Set: 58 Way: 0 Address: 0x43736e88
  Set: 58 Way: 1 Address: 0xf6e81e80
  Set: 59 Way: 0 Address: 0xf6e81ec0
  Set: 62 Way: 0 Address: 0x9cff2f98
  Set: 63 Way: 0 Address: 0xf6e81ff8
EndCache
Cache: cpu0_ITLB
  Set: 1 Way: 0 Address: 0x431fa2
  Set: 2 Way: 0 Address: 0x432202
EndCache
Cache: cpu0_DTLB
  Set: 2 Way: 0 Address: 0x7ffcd4322cc0
  Set: 3 Way: 0 Address: 0x7ffcd4323600
  Set: 3 Way: 1 Address: 0x7ffcd4333820
  Set: 4 Way: 0 Address: 0x7ffcd4324560
  Set: 14 Way: 0 Address: 0x7ffcd432ee18
  Set: 15 Way: 0 Address: 0x7ffcd432f1d0
EndCache
Cache: LLC
  Set: 70 Way: 0 Address: 0x113201190
  Set: 120 Way: 0 Address: 0xf6e81e18
  Set: 121 Way: 0 Address: 0xf6e81e40
  Set: 122 Way: 0 Address: 0xf6e81e80
  Set: 123 Way: 0 Address: 0xf6e81ec0
  Set: 127 Way: 0 Address: 0xf6e81ff8
  Set: 134 Way: 0 Address: 0x6d0c2188
  Set: 164 Way: 0 Address: 0x1c84e2918
  Set: 275 Way: 0 Address: 0xb80044d8
  Set: 276 Way: 0 Address: 0xb8004500
  Set: 277 Way: 0 Address: 0xb8004548
  Set: 284 Way: 0 Address: 0xb8004700
  Set: 286 Way: 0 Address: 0xb800479c
  Set: 288 Way: 0 Address: 0xb8004808
  Set: 293 Way: 0 Address: 0xb8004968
  Set: 486 Way: 0 Address: 0x309887998
  Set: 933 Way: 0 Address: 0x3734ee978
  Set: 992 Way: 0 Address: 0x16390f820
  Set: 1214 Way: 0 Address: 0x9cff2f98
  Set: 1236 Way: 0 Address: 0x3c56b3508
  Set: 1247 Way: 0 Address: 0x263c137f8
  Set: 1295 Way: 0 Address: 0x1299343d8
  Set: 1296 Way: 0 Address: 0x129934420
  Set: 1297 Way: 0 Address: 0x129934468
  Set: 1298 Way: 0 Address: 0x1299344b0
  Set: 1299 Way: 0 Address: 0x1299344f8
  Set: 1300 Way: 0 Address: 0x129934500
  Set: 1301 Way: 0 Address: 0x129934570
  Set: 1302 Way: 0 Address: 0x1299345b8
  Set: 1303 Way: 0 Address: 0x1299345c0
  Set: 1304 Way: 0 Address: 0x129934600
  Set: 1305 Way: 0 Address: 0x129934640
  Set: 1306 Way: 0 Address: 0x1299346b0
  Set: 1307 Way: 0 Address: 0x1299346c0
  Set: 1308 Way: 0 Address: 0x129934700
  Set: 1309 Way: 0 Address: 0x129934770
  Set: 1310 Way: 0 Address: 0x129934780
  Set: 1344 Way: 0 Address: 0x195f15010
  Set: 1458 Way: 0 Address: 0x43736cb0
  Set: 1459 Way: 0 Address: 0x43736cc0
  Set: 1460 Way: 0 Address: 0x43736d3c
  Set: 1461 Way: 0 Address: 0x43736d40
  Set: 1462 Way: 0 Address: 0x43736da8
  Set: 1463 Way: 0 Address: 0x43736dd8
  Set: 1464 Way: 0 Address: 0x43736e30
  Set: 1465 Way: 0 Address: 0x43736e40
  Set: 1466 Way: 0 Address: 0x43736e88
  Set: 1572 Way: 0 Address: 0x201598910
  Set: 1572 Way: 1 Address: 0x1aafb8920
  Set: 1573 Way: 0 Address: 0x1aafb8978
  Set: 1573 Way: 1 Address: 0xc7078970
  Set: 1574 Way: 0 Address: 0xc7078998
  Set: 1600 Way: 0 Address: 0x292959000
  Set: 1601 Way: 0 Address: 0x292959040
  Set: 1602 Way: 0 Address: 0x292959080
  Set: 1607 Way: 0 Address: 0x2929591d0
  Set: 1608 Way: 0 Address: 0x292959200
  Set: 1609 Way: 0 Address: 0x292959240
  Set: 1610 Way: 0 Address: 0x292959280
  Set: 1614 Way: 0 Address: 0x292959380
  Set: 1615 Way: 0 Address: 0x2929593c0
  Set: 1616 Way: 0 Address: 0x292959400
  Set: 1617 Way: 0 Address: 0x292959440
  Set: 1621 Way: 0 Address: 0x292959560
  Set: 1622 Way: 0 Address: 0x292959580
  Set: 1623 Way: 0 Address: 0x2929595c0
  Set: 1624 Way: 0 Address: 0x292959600
  Set: 1629 Way: 0 Address: 0x292959740
  Set: 1630 Way: 0 Address: 0x292959780
  Set: 1631 Way: 0 Address: 0x2929597c0
  Set: 1632 Way: 0 Address: 0x292959800
  Set: 1638 Way: 0 Address: 0x292959980
  Set: 1639 Way: 0 Address: 0x2929599c0
  Set: 1664 Way: 0 Address: 0x229b9a000
  Set: 1792 Way: 0 Address: 0xdf85c000
  Set: 1852 Way: 0 Address: 0x12c6fcf09
  Set: 1853 Way: 0 Address: 0x12c6fcf64
  Set: 1854 Way: 0 Address: 0x12c6fcf82
  Set: 1855 Way: 0 Address: 0x12c6fcfc1
  Set: 1920 Way: 0 Address: 0x28b67e000
  Set: 1920 Way: 1 Address: 0x1f919e02d
  Set: 1921 Way: 0 Address: 0x1f919e043
  Set: 1922 Way: 0 Address: 0x1f919e085
  Set: 1923 Way: 0 Address: 0x1f919e0c7
  Set: 1924 Way: 0 Address: 0x1f919e12d
  Set: 1925 Way: 0 Address: 0x1f919e16b
  Set: 1926 Way: 0 Address: 0x1f919e181
  Set: 1927 Way: 0 Address: 0x1f919e1c5
  Set: 1928 Way: 0 Address: 0x1f919e202
  Set: 1933 Way: 0 Address: 0x1f919e36f
  Set: 1934 Way: 0 Address: 0x1f919e383
  Set: 1935 Way: 0 Address: 0x1f919e3c6
  Set: 1936 Way: 0 Address: 0x1f919e404
  Set: 1937 Way: 0 Address: 0x1f919e441
  Set: 1938 Way: 0 Address: 0x1f919e480
  Set: 1939 Way: 0 Address: 0x1f919e4c2
  Set: 1940 Way: 0 Address: 0x1f919e500
  Set: 1941 Way: 0 Address: 0x1f919e546
  Set: 1947 Way: 0 Address: 0x1f919e6dc
  Set: 1948 Way: 0 Address: 0x1f919e703
  Set: 1951 Way: 0 Address: 0x28b67e7f8
EndCache
