Cache: cpu0_STLB
  Set: 11 Way: 0 Address: 0x40b4f8
  Set: 11 Way: 1 Address: 0x70bc24
  Set: 12 Way: 0 Address: 0x70c498
  Set: 12 Way: 1 Address: 0x40ca97
  Set: 13 Way: 0 Address: 0x70d5c0
  Set: 14 Way: 0 Address: 0x70e000
  Set: 15 Way: 0 Address: 0x70f6d0
  Set: 16 Way: 0 Address: 0x710804
  Set: 26 Way: 0 Address: 0x41aad0
  Set: 37 Way: 0 Address: 0x1a25898
  Set: 48 Way: 0 Address: 0x1a30ec0
  Set: 88 Way: 0 Address: 0x458d30
  Set: 90 Way: 0 Address: 0x7ffec9ada718
  Set: 90 Way: 1 Address: 0x45a1f0
  Set: 91 Way: 0 Address: 0x7ffec9adb060
  Set: 92 Way: 0 Address: 0x45c3db
EndCache
Cache: cpu0_L2C
  Set: 67 Way: 0 Address: 0xf6e810d0
  Set: 75 Way: 0 Address: 0xf6e812c0
  Set: 75 Way: 1 Address: 0x2a48412c4
  Set: 76 Way: 0 Address: 0x2a4841303
  Set: 77 Way: 0 Address: 0x2a4841342
  Set: 78 Way: 0 Address: 0x2a4841380
  Set: 79 Way: 0 Address: 0x2a48413c2
  Set: 80 Way: 0 Address: 0x2a484140a
  Set: 81 Way: 0 Address: 0x2a4841443
  Set: 82 Way: 0 Address: 0x2a4841487
  Set: 83 Way: 0 Address: 0x2a48414f8
  Set: 84 Way: 0 Address: 0x2a4841500
  Set: 85 Way: 0 Address: 0x2a4841543
  Set: 86 Way: 0 Address: 0x2a4841585
  Set: 87 Way: 0 Address: 0x2a48415c6
  Set: 88 Way: 0 Address: 0x2a4841602
  Set: 89 Way: 0 Address: 0x2a4841641
  Set: 90 Way: 0 Address: 0x2a4841680
  Set: 91 Way: 0 Address: 0x2a48416c0
  Set: 92 Way: 0 Address: 0x2a4841704
  Set: 93 Way: 0 Address: 0x2a4841743
  Set: 94 Way: 0 Address: 0x2a4841783
  Set: 95 Way: 0 Address: 0x2a48417c2
  Set: 96 Way: 0 Address: 0x2a4841804
  Set: 97 Way: 0 Address: 0x2a4841841
  Set: 98 Way: 0 Address: 0x2a4841880
  Set: 106 Way: 0 Address: 0x2a4841ab8
  Set: 107 Way: 0 Address: 0x2a4841ac5
  Set: 108 Way: 0 Address: 0x2a4841b01
  Set: 109 Way: 0 Address: 0x2a4841b43
  Set: 110 Way: 0 Address: 0x2a4841b81
  Set: 111 Way: 0 Address: 0x2a4841bc0
  Set: 112 Way: 0 Address: 0x2a4841c02
  Set: 113 Way: 0 Address: 0x2a4841c43
  Set: 114 Way: 0 Address: 0x2a4841c81
  Set: 115 Way: 0 Address: 0x2a4841cc1
  Set: 116 Way: 0 Address: 0x2a4841d06
  Set: 117 Way: 0 Address: 0x2a4841d46
  Set: 118 Way: 0 Address: 0x2a4841d80
  Set: 119 Way: 0 Address: 0x2a4841dc6
  Set: 120 Way: 0 Address: 0x2a4841e06
  Set: 121 Way: 0 Address: 0x2a4841e46
  Set: 122 Way: 0 Address: 0x2a4841e82
  Set: 123 Way: 0 Address: 0x2a4841ec0
  Set: 124 Way: 0 Address: 0x2a4841f04
  Set: 125 Way: 0 Address: 0x2a4841f47
  Set: 126 Way: 0 Address: 0x2a4841f81
  Set: 127 Way: 0 Address: 0x2a4841ff0
  Set: 128 Way: 0 Address: 0x6d0c2000
  Set: 137 Way: 0 Address: 0x1c84e2268
  Set: 141 Way: 0 Address: 0x9cff2340
  Set: 142 Way: 0 Address: 0x9cff2389
  Set: 143 Way: 0 Address: 0x9cff23db
  Set: 160 Way: 0 Address: 0x1995f2804
  Set: 165 Way: 0 Address: 0x6d0c2974
  Set: 167 Way: 0 Address: 0x9cff29c0
  Set: 182 Way: 0 Address: 0x1995f2d80
  Set: 192 Way: 0 Address: 0x3c56b3018
  Set: 193 Way: 0 Address: 0x3c56b3068
  Set: 193 Way: 1 Address: 0x2b2e93060
  Set: 203 Way: 0 Address: 0x2b2e932d0
  Set: 257 Way: 0 Address: 0x3de4d4058
  Set: 257 Way: 1 Address: 0xb8004068
  Set: 259 Way: 0 Address: 0x3de4d40d0
  Set: 279 Way: 0 Address: 0x1299345f0
  Set: 280 Way: 0 Address: 0x129934630
  Set: 281 Way: 0 Address: 0x129934670
  Set: 282 Way: 0 Address: 0x1299346b0
  Set: 283 Way: 0 Address: 0x1299346f8
  Set: 284 Way: 0 Address: 0x129934718
  Set: 285 Way: 0 Address: 0x129934740
  Set: 286 Way: 0 Address: 0x129934780
  Set: 287 Way: 0 Address: 0x1299347c0
  Set: 288 Way: 0 Address: 0x129934800
  Set: 289 Way: 0 Address: 0x3c1074870
  Set: 290 Way: 0 Address: 0x3c1074898
  Set: 290 Way: 1 Address: 0x1299348b8
  Set: 291 Way: 0 Address: 0x1299348f0
  Set: 292 Way: 0 Address: 0x129934918
  Set: 293 Way: 0 Address: 0x129934970
  Set: 294 Way: 0 Address: 0x1299349a0
  Set: 295 Way: 0 Address: 0x1299349c0
  Set: 296 Way: 0 Address: 0x129934a10
  Set: 297 Way: 0 Address: 0x129934a40
  Set: 304 Way: 0 Address: 0x129934c00
  Set: 305 Way: 0 Address: 0x129934c40
  Set: 306 Way: 0 Address: 0x129934c80
  Set: 307 Way: 0 Address: 0x129934cc0
  Set: 308 Way: 0 Address: 0x129934d30
  Set: 309 Way: 0 Address: 0x129934d70
  Set: 310 Way: 0 Address: 0x129934d80
  Set: 311 Way: 0 Address: 0x129934df0
  Set: 312 Way: 0 Address: 0x129934e00
  Set: 313 Way: 0 Address: 0x129934e50
  Set: 314 Way: 0 Address: 0x129934ea0
  Set: 315 Way: 0 Address: 0x129934ed0
  Set: 316 Way: 0 Address: 0x129934f20
  Set: 317 Way: 0 Address: 0x129934f70
  Set: 318 Way: 0 Address: 0x129934fa0
  Set: 319 Way: 0 Address: 0x397bb4fd8
  Set: 319 Way: 1 Address: 0x129934ff0
  Set: 320 Way: 0 Address: 0x195f15000
  Set: 366 Way: 0 Address: 0x354d35ba0
  Set: 368 Way: 0 Address: 0x354d35c24
  Set: 369 Way: 0 Address: 0x354d35c48
  Set: 384 Way: 0 Address: 0x84896005
  Set: 385 Way: 0 Address: 0x84896043
  Set: 386 Way: 0 Address: 0x84896080
  Set: 387 Way: 0 Address: 0x848960c1
  Set: 388 Way: 0 Address: 0x3dae66128
  Set: 388 Way: 1 Address: 0x84896106
  Set: 389 Way: 0 Address: 0x84896141
  Set: 390 Way: 0 Address: 0x84896180
  Set: 391 Way: 0 Address: 0x848961c4
  Set: 392 Way: 0 Address: 0x84896200
  Set: 393 Way: 0 Address: 0x84896243
  Set: 394 Way: 0 Address: 0x84896281
  Set: 395 Way: 0 Address: 0x848962f1
  Set: 396 Way: 0 Address: 0x84896301
  Set: 397 Way: 0 Address: 0x84896340
  Set: 398 Way: 0 Address: 0x84896382
  Set: 399 Way: 0 Address: 0x848963c7
  Set: 400 Way: 0 Address: 0x84896402
  Set: 401 Way: 0 Address: 0x84896442
  Set: 402 Way: 0 Address: 0x84896482
  Set: 403 Way: 0 Address: 0x848964c2
  Set: 404 Way: 0 Address: 0x84896504
  Set: 405 Way: 0 Address: 0x84896540
  Set: 406 Way: 0 Address: 0x84896584
  Set: 407 Way: 0 Address: 0x848965c1
  Set: 408 Way: 0 Address: 0x84896601
  Set: 409 Way: 0 Address: 0x84896640
  Set: 410 Way: 0 Address: 0x84896684
  Set: 411 Way: 0 Address: 0x437366d8
  Set: 411 Way: 1 Address: 0x848966c1
  Set: 412 Way: 0 Address: 0x84896704
  Set: 413 Way: 0 Address: 0x84896745
  Set: 414 Way: 0 Address: 0x84896781
  Set: 415 Way: 0 Address: 0x848967c3
  Set: 416 Way: 0 Address: 0x84896806
  Set: 417 Way: 0 Address: 0x84896842
  Set: 418 Way: 0 Address: 0x84896880
  Set: 419 Way: 0 Address: 0x848968c5
  Set: 420 Way: 0 Address: 0x84896905
  Set: 421 Way: 0 Address: 0x84896940
  Set: 422 Way: 0 Address: 0x84896982
  Set: 424 Way: 0 Address: 0x84896a1e
  Set: 426 Way: 0 Address: 0x84896a97
  Set: 427 Way: 0 Address: 0x84896ac7
  Set: 455 Way: 0 Address: 0x276ff71f0
  Set: 456 Way: 0 Address: 0x276ff7201
  Set: 457 Way: 0 Address: 0x276ff7242
  Set: 460 Way: 0 Address: 0x276ff7301
  Set: 481 Way: 0 Address: 0x309887870
  Set: 481 Way: 1 Address: 0x276ff785f
  Set: 482 Way: 0 Address: 0x309887880
  Set: 516 Way: 0 Address: 0xc7078128
  Set: 518 Way: 0 Address: 0xc7078180
  Set: 525 Way: 0 Address: 0x201598340
  Set: 526 Way: 0 Address: 0x201598388
  Set: 527 Way: 0 Address: 0x2015983d0
  Set: 528 Way: 0 Address: 0x201598418
  Set: 529 Way: 0 Address: 0x201598460
  Set: 530 Way: 0 Address: 0x201598480
  Set: 531 Way: 0 Address: 0x2015984c4
  Set: 532 Way: 0 Address: 0x201598510
  Set: 533 Way: 0 Address: 0x201598554
  Set: 534 Way: 0 Address: 0x201598580
  Set: 535 Way: 0 Address: 0x2015985c0
  Set: 536 Way: 0 Address: 0x201598610
  Set: 537 Way: 0 Address: 0x201598650
  Set: 538 Way: 0 Address: 0x201598698
  Set: 539 Way: 0 Address: 0x1aafb86d0
  Set: 539 Way: 1 Address: 0x2015986c0
  Set: 540 Way: 0 Address: 0x201598704
  Set: 541 Way: 0 Address: 0x20159874c
  Set: 542 Way: 0 Address: 0x201598794
  Set: 543 Way: 0 Address: 0x2015987c0
  Set: 544 Way: 0 Address: 0x201598800
  Set: 545 Way: 0 Address: 0x201598848
  Set: 546 Way: 0 Address: 0x201598890
  Set: 547 Way: 0 Address: 0x2015988d8
  Set: 548 Way: 0 Address: 0x201598900
  Set: 549 Way: 0 Address: 0x201598944
  Set: 550 Way: 0 Address: 0x20159898c
  Set: 551 Way: 0 Address: 0x2015989d4
  Set: 552 Way: 0 Address: 0x201598a00
  Set: 553 Way: 0 Address: 0x201598a40
  Set: 554 Way: 0 Address: 0x201598a8c
  Set: 555 Way: 0 Address: 0x201598ad0
  Set: 556 Way: 0 Address: 0x201598b18
  Set: 557 Way: 0 Address: 0x201598b40
  Set: 558 Way: 0 Address: 0x201598b88
  Set: 559 Way: 0 Address: 0x201598bcc
  Set: 560 Way: 0 Address: 0x201598c00
  Set: 561 Way: 0 Address: 0x201598c5c
  Set: 562 Way: 0 Address: 0x201598c80
  Set: 563 Way: 0 Address: 0x201598cc8
  Set: 564 Way: 0 Address: 0x201598d10
  Set: 565 Way: 0 Address: 0x201598d40
  Set: 566 Way: 0 Address: 0x201598d80
  Set: 567 Way: 0 Address: 0x201598dc4
  Set: 568 Way: 0 Address: 0x201598e00
  Set: 569 Way: 0 Address: 0x201598e40
  Set: 570 Way: 0 Address: 0x201598e80
  Set: 571 Way: 0 Address: 0x201598ec0
  Set: 572 Way: 0 Address: 0x201598f08
  Set: 573 Way: 0 Address: 0x201598f40
  Set: 574 Way: 0 Address: 0x201598f98
  Set: 575 Way: 0 Address: 0x201598fc0
  Set: 603 Way: 0 Address: 0x2ee3696d0
  Set: 607 Way: 0 Address: 0x2ee3697f0
  Set: 608 Way: 0 Address: 0x2ee369800
  Set: 634 Way: 0 Address: 0x292959eb8
  Set: 635 Way: 0 Address: 0x292959ec0
  Set: 636 Way: 0 Address: 0x292959f00
  Set: 639 Way: 0 Address: 0x292959fd0
  Set: 651 Way: 0 Address: 0x1d89da2e0
  Set: 671 Way: 0 Address: 0x223eda7f8
  Set: 737 Way: 0 Address: 0x394edb858
  Set: 768 Way: 0 Address: 0xdf85c000
  Set: 786 Way: 0 Address: 0x38e35c498
  Set: 801 Way: 0 Address: 0x29484c868
  Set: 801 Way: 1 Address: 0x12c6fc878
  Set: 802 Way: 0 Address: 0x12c6fc880
  Set: 833 Way: 0 Address: 0x1add060
  Set: 865 Way: 0 Address: 0x23755d878
  Set: 896 Way: 0 Address: 0x28b67e000
  Set: 896 Way: 1 Address: 0x1f919e010
  Set: 896 Way: 2 Address: 0x3734ee030
  Set: 897 Way: 0 Address: 0x3734ee060
  Set: 898 Way: 0 Address: 0x3734ee090
  Set: 899 Way: 0 Address: 0x3734ee0c0
  Set: 900 Way: 0 Address: 0x3734ee100
  Set: 907 Way: 0 Address: 0x3734ee2e0
  Set: 907 Way: 1 Address: 0x2f5d8e2c0
  Set: 927 Way: 0 Address: 0x28b67e7f8
  Set: 993 Way: 0 Address: 0x143ef860
  Set: 1003 Way: 0 Address: 0x16390fad0
  Set: 1004 Way: 0 Address: 0x16390fb02
  Set: 1005 Way: 0 Address: 0x16390fb42
  Set: 1006 Way: 0 Address: 0x16390fb81
  Set: 1007 Way: 0 Address: 0x16390fbdf
  Set: 1008 Way: 0 Address: 0x16390fc00
  Set: 1009 Way: 0 Address: 0x16390fc43
  Set: 1010 Way: 0 Address: 0x16390fca8
  Set: 1011 Way: 0 Address: 0x16390fcd9
  Set: 1012 Way: 0 Address: 0x16390fd25
  Set: 1012 Way: 1 Address: 0xee86fd30
  Set: 1013 Way: 0 Address: 0x16390fd41
  Set: 1013 Way: 1 Address: 0xee86fd41
  Set: 1014 Way: 0 Address: 0x16390fda8
  Set: 1014 Way: 1 Address: 0xee86fd82
  Set: 1015 Way: 0 Address: 0xee86fdc0
  Set: 1016 Way: 0 Address: 0x16390fe00
  Set: 1016 Way: 1 Address: 0xee86fe0c
  Set: 1017 Way: 0 Address: 0x16390fe7f
  Set: 1017 Way: 1 Address: 0xee86fe4d
  Set: 1018 Way: 0 Address: 0x16390fe84
EndCache
Cache: cpu0_L1I
  Set: 0 Way: 0 Address: 0x84896005
  Set: 1 Way: 0 Address: 0x84896070
  Set: 2 Way: 0 Address: 0x8489609f
  Set: 3 Way: 0 Address: 0x848960c1
  Set: 4 Way: 0 Address: 0x84896106
  Set: 5 Way: 0 Address: 0x84896141
  Set: 6 Way: 0 Address: 0x84896180
  Set: 7 Way: 0 Address: 0x276ff71f0
  Set: 7 Way: 1 Address: 0x848961c4
  Set: 8 Way: 0 Address: 0x276ff722e
  Set: 8 Way: 1 Address: 0x84896200
  Set: 9 Way: 0 Address: 0x276ff725b
  Set: 9 Way: 1 Address: 0x84896275
  Set: 10 Way: 0 Address: 0x84896281
  Set: 11 Way: 0 Address: 0x2a48412c4
  Set: 11 Way: 1 Address: 0x848962f1
  Set: 12 Way: 0 Address: 0x276ff7327
  Set: 12 Way: 1 Address: 0x2a4841303
  Set: 12 Way: 2 Address: 0x84896301
  Set: 13 Way: 0 Address: 0x9cff2340
  Set: 13 Way: 1 Address: 0x2a484137e
  Set: 13 Way: 2 Address: 0x8489637e
  Set: 14 Way: 0 Address: 0x9cff2389
  Set: 14 Way: 1 Address: 0x2a4841380
  Set: 14 Way: 2 Address: 0x848963bb
  Set: 15 Way: 0 Address: 0x9cff23db
  Set: 15 Way: 1 Address: 0x2a48413c2
  Set: 15 Way: 2 Address: 0x848963ec
  Set: 16 Way: 0 Address: 0x2a484140a
  Set: 16 Way: 1 Address: 0x84896402
  Set: 17 Way: 0 Address: 0x2a4841443
  Set: 17 Way: 1 Address: 0x84896442
  Set: 18 Way: 0 Address: 0x2a48414bb
  Set: 18 Way: 1 Address: 0x848964a6
  Set: 19 Way: 0 Address: 0x2a48414f8
  Set: 19 Way: 1 Address: 0x848964c2
  Set: 20 Way: 0 Address: 0x2a4841500
  Set: 20 Way: 1 Address: 0x84896534
  Set: 21 Way: 0 Address: 0x2a484156d
  Set: 21 Way: 1 Address: 0x84896540
  Set: 22 Way: 0 Address: 0x2a4841585
  Set: 22 Way: 1 Address: 0x84896584
  Set: 23 Way: 0 Address: 0x2a48415c6
  Set: 23 Way: 1 Address: 0x848965c1
  Set: 24 Way: 0 Address: 0x2a4841602
  Set: 24 Way: 1 Address: 0x84896601
  Set: 25 Way: 0 Address: 0x2a4841641
  Set: 25 Way: 1 Address: 0x84896640
  Set: 26 Way: 0 Address: 0x2a48416a8
  Set: 26 Way: 1 Address: 0x848966af
  Set: 27 Way: 0 Address: 0x2a48416c0
  Set: 27 Way: 1 Address: 0x848966e6
  Set: 28 Way: 0 Address: 0x2a4841704
  Set: 28 Way: 1 Address: 0x84896704
  Set: 29 Way: 0 Address: 0x2a484176d
  Set: 29 Way: 1 Address: 0x84896745
  Set: 30 Way: 0 Address: 0x2a484179e
  Set: 30 Way: 1 Address: 0x84896781
  Set: 31 Way: 0 Address: 0x2a48417e5
  Set: 31 Way: 1 Address: 0x848967e6
  Set: 32 Way: 0 Address: 0x2a4841804
  Set: 32 Way: 1 Address: 0x84896806
  Set: 33 Way: 0 Address: 0x276ff785f
  Set: 33 Way: 1 Address: 0x2a4841860
  Set: 33 Way: 2 Address: 0x8489686a
  Set: 34 Way: 0 Address: 0x2a4841880
  Set: 34 Way: 1 Address: 0x848968b5
  Set: 35 Way: 0 Address: 0x848968eb
  Set: 36 Way: 0 Address: 0x84896905
  Set: 37 Way: 0 Address: 0x84896941
  Set: 38 Way: 0 Address: 0x84896982
  Set: 39 Way: 0 Address: 0x9cff29c0
  Set: 40 Way: 0 Address: 0x84896a1e
  Set: 42 Way: 0 Address: 0x2a4841ab8
  Set: 42 Way: 1 Address: 0x84896a97
  Set: 43 Way: 0 Address: 0x16390faf6
  Set: 43 Way: 1 Address: 0x2a4841ac5
  Set: 43 Way: 2 Address: 0x84896ac7
  Set: 44 Way: 0 Address: 0x16390fb02
  Set: 44 Way: 1 Address: 0x2a4841b33
  Set: 45 Way: 0 Address: 0x16390fb71
  Set: 45 Way: 1 Address: 0x2a4841b7c
  Set: 46 Way: 0 Address: 0x16390fb81
  Set: 46 Way: 1 Address: 0x2a4841b81
  Set: 47 Way: 0 Address: 0x16390fbdf
  Set: 47 Way: 1 Address: 0x2a4841bf3
  Set: 48 Way: 0 Address: 0x16390fc00
  Set: 48 Way: 1 Address: 0x2a4841c3d
  Set: 49 Way: 0 Address: 0x16390fc43
  Set: 49 Way: 1 Address: 0x2a4841c43
  Set: 50 Way: 0 Address: 0x16390fca8
  Set: 50 Way: 1 Address: 0x2a4841c93
  Set: 51 Way: 0 Address: 0x16390fcd9
  Set: 51 Way: 1 Address: 0x2a4841cce
  Set: 52 Way: 0 Address: 0x16390fd25
  Set: 52 Way: 1 Address: 0xee86fd30
  Set: 52 Way: 2 Address: 0x2a4841d06
  Set: 53 Way: 0 Address: 0x16390fd41
  Set: 53 Way: 1 Address: 0xee86fd69
  Set: 53 Way: 2 Address: 0x2a4841d7d
  Set: 54 Way: 0 Address: 0x16390fda8
  Set: 54 Way: 1 Address: 0xee86fda1
  Set: 54 Way: 2 Address: 0x2a4841daa
  Set: 55 Way: 0 Address: 0xee86fdc0
  Set: 55 Way: 1 Address: 0x2a4841dc6
  Set: 56 Way: 0 Address: 0x16390fe00
  Set: 56 Way: 1 Address: 0xee86fe0c
  Set: 56 Way: 2 Address: 0x2a4841e06
  Set: 57 Way: 0 Address: 0x16390fe7f
  Set: 57 Way: 1 Address: 0xee86fe4d
  Set: 57 Way: 2 Address: 0x2a4841e46
  Set: 58 Way: 0 Address: 0x16390fe84
  Set: 58 Way: 1 Address: 0x2a4841e82
  Set: 59 Way: 0 Address: 0x2a4841ec0
  Set: 60 Way: 0 Address: 0x2a4841f04
  Set: 61 Way: 0 Address: 0x2a4841f71
  Set: 62 Way: 0 Address: 0x2a4841f81
  Set: 63 Way: 0 Address: 0x2a4841ff0
EndCache
Cache: cpu0_L1D
  Set: 0 Way: 0 Address: 0xdf85c000
  Set: 0 Way: 1 Address: 0x28b67e000
  Set: 0 Way: 2 Address: 0x195f15000
  Set: 0 Way: 3 Address: 0x1f919e010
  Set: 0 Way: 4 Address: 0x3c56b3018
  Set: 0 Way: 5 Address: 0x6d0c2000
  Set: 0 Way: 6 Address: 0x3734ee038
  Set: 1 Way: 0 Address: 0x3de4d4058
  Set: 1 Way: 1 Address: 0x3c56b3068
  Set: 1 Way: 2 Address: 0xb8004068
  Set: 1 Way: 3 Address: 0x3734ee068
  Set: 1 Way: 4 Address: 0x2b2e93060
  Set: 1 Way: 5 Address: 0x1add060
  Set: 2 Way: 0 Address: 0x3734ee0b0
  Set: 3 Way: 0 Address: 0x3de4d40d0
  Set: 3 Way: 1 Address: 0xf6e810d0
  Set: 3 Way: 2 Address: 0x3734ee0c0
  Set: 4 Way: 0 Address: 0x3734ee100
  Set: 4 Way: 1 Address: 0xc7078128
  Set: 4 Way: 2 Address: 0x3dae66128
  Set: 6 Way: 0 Address: 0xc7078180
  Set: 9 Way: 0 Address: 0x1c84e2268
  Set: 11 Way: 0 Address: 0x1d89da2e0
  Set: 11 Way: 1 Address: 0x3734ee2e4
  Set: 11 Way: 2 Address: 0xf6e812c0
  Set: 11 Way: 3 Address: 0x2f5d8e2c0
  Set: 11 Way: 4 Address: 0x2b2e932d0
  Set: 13 Way: 0 Address: 0x201598340
  Set: 14 Way: 0 Address: 0x201598388
  Set: 15 Way: 0 Address: 0x2015983fc
  Set: 16 Way: 0 Address: 0x201598420
  Set: 17 Way: 0 Address: 0x201598460
  Set: 18 Way: 0 Address: 0x38e35c498
  Set: 18 Way: 1 Address: 0x201598480
  Set: 19 Way: 0 Address: 0x2015984c8
  Set: 20 Way: 0 Address: 0x20159850c
  Set: 21 Way: 0 Address: 0x20159855c
  Set: 22 Way: 0 Address: 0x201598580
  Set: 23 Way: 0 Address: 0x2015985d4
  Set: 23 Way: 1 Address: 0x1299345e0
  Set: 24 Way: 0 Address: 0x129934630
  Set: 24 Way: 1 Address: 0x20159860c
  Set: 25 Way: 0 Address: 0x129934670
  Set: 25 Way: 1 Address: 0x201598650
  Set: 26 Way: 0 Address: 0x1299346b0
  Set: 26 Way: 1 Address: 0x20159869c
  Set: 27 Way: 0 Address: 0x1aafb86d0
  Set: 27 Way: 1 Address: 0x437366d8
  Set: 27 Way: 2 Address: 0x1299346f8
  Set: 27 Way: 3 Address: 0x2ee3696d0
  Set: 27 Way: 4 Address: 0x2015986c0
  Set: 28 Way: 0 Address: 0x201598708
  Set: 28 Way: 1 Address: 0x129934728
  Set: 29 Way: 0 Address: 0x129934740
  Set: 29 Way: 1 Address: 0x201598754
  Set: 30 Way: 0 Address: 0x129934780
  Set: 30 Way: 1 Address: 0x20159879c
  Set: 31 Way: 0 Address: 0x28b67e7f8
  Set: 31 Way: 1 Address: 0x223eda7f8
  Set: 31 Way: 2 Address: 0x2ee3697f0
  Set: 31 Way: 3 Address: 0x1299347c0
  Set: 31 Way: 4 Address: 0x2015987c0
  Set: 32 Way: 0 Address: 0x1995f2804
  Set: 32 Way: 1 Address: 0x2ee369800
  Set: 32 Way: 2 Address: 0x129934800
  Set: 32 Way: 3 Address: 0x201598808
  Set: 33 Way: 0 Address: 0x29484c868
  Set: 33 Way: 1 Address: 0x201598848
  Set: 33 Way: 2 Address: 0x309887870
  Set: 33 Way: 3 Address: 0x12c6fc878
  Set: 33 Way: 4 Address: 0x23755d878
  Set: 33 Way: 5 Address: 0x143ef860
  Set: 33 Way: 6 Address: 0x394edb858
  Set: 33 Way: 7 Address: 0x3c1074870
  Set: 34 Way: 0 Address: 0x309887880
  Set: 34 Way: 1 Address: 0x12c6fc880
  Set: 34 Way: 2 Address: 0x3c1074898
  Set: 34 Way: 3 Address: 0x1299348b8
  Set: 34 Way: 4 Address: 0x201598898
  Set: 35 Way: 0 Address: 0x1299348f8
  Set: 35 Way: 1 Address: 0x2015988dc
  Set: 36 Way: 0 Address: 0x129934900
  Set: 36 Way: 1 Address: 0x201598900
  Set: 37 Way: 0 Address: 0x6d0c2974
  Set: 37 Way: 1 Address: 0x129934970
  Set: 37 Way: 2 Address: 0x201598948
  Set: 38 Way: 0 Address: 0x20159898c
  Set: 38 Way: 1 Address: 0x1299349b8
  Set: 39 Way: 0 Address: 0x1299349c0
  Set: 39 Way: 1 Address: 0x2015989dc
  Set: 40 Way: 0 Address: 0x129934a08
  Set: 40 Way: 1 Address: 0x201598a00
  Set: 41 Way: 0 Address: 0x129934a40
  Set: 41 Way: 1 Address: 0x201598a40
  Set: 42 Way: 0 Address: 0x201598a88
  Set: 43 Way: 0 Address: 0x201598ad0
  Set: 44 Way: 0 Address: 0x201598b20
  Set: 45 Way: 0 Address: 0x201598b44
  Set: 46 Way: 0 Address: 0x354d35ba0
  Set: 46 Way: 1 Address: 0x201598b88
  Set: 47 Way: 0 Address: 0x201598bcc
  Set: 48 Way: 0 Address: 0x201598c00
  Set: 48 Way: 1 Address: 0x354d35c24
  Set: 48 Way: 2 Address: 0x129934c00
  Set: 49 Way: 0 Address: 0x354d35c48
  Set: 49 Way: 1 Address: 0x201598c64
  Set: 49 Way: 2 Address: 0x129934c40
  Set: 50 Way: 0 Address: 0x201598c80
  Set: 50 Way: 1 Address: 0x129934c80
  Set: 51 Way: 0 Address: 0x129934cc0
  Set: 51 Way: 1 Address: 0x201598cc8
  Set: 52 Way: 0 Address: 0x129934d28
  Set: 52 Way: 1 Address: 0x201598d10
  Set: 53 Way: 0 Address: 0x201598d40
  Set: 53 Way: 1 Address: 0x129934d60
  Set: 54 Way: 0 Address: 0x1995f2d80
  Set: 54 Way: 1 Address: 0x201598da8
  Set: 54 Way: 2 Address: 0x129934da0
  Set: 55 Way: 0 Address: 0x201598dc4
  Set: 55 Way: 1 Address: 0x129934df8
  Set: 56 Way: 0 Address: 0x129934e30
  Set: 56 Way: 1 Address: 0x201598e0c
  Set: 57 Way: 0 Address: 0x129934e48
  Set: 57 Way: 1 Address: 0x201598e54
  Set: 58 Way: 0 Address: 0x201598e80
  Set: 58 Way: 1 Address: 0x292959eb8
  Set: 58 Way: 2 Address: 0x129934e98
  Set: 59 Way: 0 Address: 0x292959eff
  Set: 59 Way: 1 Address: 0x129934ef8
  Set: 59 Way: 2 Address: 0x201598eec
  Set: 60 Way: 0 Address: 0x292959f0f
  Set: 60 Way: 1 Address: 0x129934f00
  Set: 60 Way: 2 Address: 0x201598f08
  Set: 61 Way: 0 Address: 0x129934f40
  Set: 61 Way: 1 Address: 0x201598f58
  Set: 62 Way: 0 Address: 0x129934fb8
  Set: 62 Way: 1 Address: 0x201598f98
  Set: 63 Way: 0 Address: 0x397bb4fd8
  Set: 63 Way: 1 Address: 0x201598fc0
  Set: 63 Way: 2 Address: 0x129934fd0
  Set: 63 Way: 3 Address: 0x292959fd0
EndCache
Cache: cpu0_ITLB
  Set: 8 Way: 0 Address: 0x458dc0
  Set: 10 Way: 0 Address: 0x41aaf6
  Set: 10 Way: 1 Address: 0x45a25b
  Set: 11 Way: 0 Address: 0x40b570
  Set: 12 Way: 0 Address: 0x45c3db
  Set: 12 Way: 1 Address: 0x40ca97
EndCache
Cache: cpu0_DTLB
  Set: 0 Way: 0 Address: 0x1a30ed0
  Set: 0 Way: 1 Address: 0x710804
  Set: 5 Way: 0 Address: 0x1a25898
  Set: 10 Way: 0 Address: 0x7ffec9ada9b8
  Set: 11 Way: 0 Address: 0x7ffec9adb068
  Set: 11 Way: 1 Address: 0x70bc48
  Set: 12 Way: 0 Address: 0x70c498
  Set: 13 Way: 0 Address: 0x70d704
  Set: 14 Way: 0 Address: 0x70e000
  Set: 15 Way: 0 Address: 0x70f6d0
EndCache
Cache: LLC
  Set: 67 Way: 0 Address: 0xf6e810d0
  Set: 75 Way: 0 Address: 0xf6e812c0
  Set: 75 Way: 1 Address: 0x2a48412c4
  Set: 76 Way: 0 Address: 0x2a4841303
  Set: 77 Way: 0 Address: 0x2a4841342
  Set: 78 Way: 0 Address: 0x2a4841380
  Set: 79 Way: 0 Address: 0x2a48413c2
  Set: 80 Way: 0 Address: 0x2a484140a
  Set: 81 Way: 0 Address: 0x2a4841443
  Set: 82 Way: 0 Address: 0x2a4841487
  Set: 83 Way: 0 Address: 0x2a48414f8
  Set: 84 Way: 0 Address: 0x2a4841500
  Set: 85 Way: 0 Address: 0x2a4841543
  Set: 86 Way: 0 Address: 0x2a4841585
  Set: 87 Way: 0 Address: 0x2a48415c6
  Set: 88 Way: 0 Address: 0x2a4841602
  Set: 89 Way: 0 Address: 0x2a4841641
  Set: 90 Way: 0 Address: 0x2a4841680
  Set: 91 Way: 0 Address: 0x2a48416c0
  Set: 92 Way: 0 Address: 0x2a4841704
  Set: 93 Way: 0 Address: 0x2a4841740
  Set: 94 Way: 0 Address: 0x2a4841783
  Set: 95 Way: 0 Address: 0x2a48417c2
  Set: 96 Way: 0 Address: 0x2a4841800
  Set: 97 Way: 0 Address: 0x2a4841840
  Set: 98 Way: 0 Address: 0x2a4841880
  Set: 99 Way: 0 Address: 0x2a48418c0
  Set: 106 Way: 0 Address: 0x2a4841ab8
  Set: 107 Way: 0 Address: 0x2a4841ac5
  Set: 108 Way: 0 Address: 0x2a4841b01
  Set: 109 Way: 0 Address: 0x2a4841b43
  Set: 110 Way: 0 Address: 0x2a4841b81
  Set: 111 Way: 0 Address: 0x2a4841bc0
  Set: 112 Way: 0 Address: 0x2a4841c02
  Set: 113 Way: 0 Address: 0x2a4841c43
  Set: 114 Way: 0 Address: 0x2a4841c81
  Set: 115 Way: 0 Address: 0x2a4841cc1
  Set: 116 Way: 0 Address: 0x2a4841d00
  Set: 117 Way: 0 Address: 0x2a4841d46
  Set: 118 Way: 0 Address: 0x2a4841d80
  Set: 119 Way: 0 Address: 0x2a4841dc0
  Set: 120 Way: 0 Address: 0x2a4841e06
  Set: 121 Way: 0 Address: 0x2a4841e46
  Set: 122 Way: 0 Address: 0x2a4841e82
  Set: 123 Way: 0 Address: 0x2a4841ec0
  Set: 124 Way: 0 Address: 0x2a4841f04
  Set: 125 Way: 0 Address: 0x2a4841f40
  Set: 126 Way: 0 Address: 0x2a4841f81
  Set: 127 Way: 0 Address: 0x2a4841ff0
  Set: 128 Way: 0 Address: 0x6d0c2000
  Set: 137 Way: 0 Address: 0x1c84e2268
  Set: 165 Way: 0 Address: 0x6d0c2974
  Set: 257 Way: 0 Address: 0xb8004068
  Set: 388 Way: 0 Address: 0x3dae66128
  Set: 481 Way: 0 Address: 0x309887870
  Set: 482 Way: 0 Address: 0x309887880
  Set: 603 Way: 0 Address: 0x2ee3696d0
  Set: 607 Way: 0 Address: 0x2ee3697f0
  Set: 608 Way: 0 Address: 0x2ee369800
  Set: 801 Way: 0 Address: 0x29484c868
  Set: 896 Way: 0 Address: 0x3734ee030
  Set: 897 Way: 0 Address: 0x3734ee060
  Set: 898 Way: 0 Address: 0x3734ee090
  Set: 899 Way: 0 Address: 0x3734ee0c0
  Set: 900 Way: 0 Address: 0x3734ee100
  Set: 907 Way: 0 Address: 0x3734ee2e0
  Set: 907 Way: 1 Address: 0x2f5d8e2c0
  Set: 993 Way: 0 Address: 0x143ef860
  Set: 1003 Way: 0 Address: 0x16390fad0
  Set: 1004 Way: 0 Address: 0x16390fb02
  Set: 1005 Way: 0 Address: 0x16390fb42
  Set: 1006 Way: 0 Address: 0x16390fb81
  Set: 1007 Way: 0 Address: 0x16390fbdf
  Set: 1008 Way: 0 Address: 0x16390fc00
  Set: 1009 Way: 0 Address: 0x16390fc43
  Set: 1010 Way: 0 Address: 0x16390fc80
  Set: 1011 Way: 0 Address: 0x16390fcd9
  Set: 1012 Way: 0 Address: 0x16390fd25
  Set: 1012 Way: 1 Address: 0xee86fd30
  Set: 1013 Way: 0 Address: 0x16390fd41
  Set: 1013 Way: 1 Address: 0xee86fd41
  Set: 1014 Way: 0 Address: 0x16390fda8
  Set: 1014 Way: 1 Address: 0xee86fd82
  Set: 1015 Way: 0 Address: 0xee86fdc0
  Set: 1016 Way: 0 Address: 0x16390fe00
  Set: 1016 Way: 1 Address: 0xee86fe0c
  Set: 1017 Way: 0 Address: 0x16390fe7f
  Set: 1017 Way: 1 Address: 0xee86fe40
  Set: 1018 Way: 0 Address: 0x16390fe84
  Set: 1018 Way: 1 Address: 0xee86fe80
  Set: 1165 Way: 0 Address: 0x9cff2340
  Set: 1166 Way: 0 Address: 0x9cff2389
  Set: 1167 Way: 0 Address: 0x9cff23db
  Set: 1184 Way: 0 Address: 0x1995f2804
  Set: 1191 Way: 0 Address: 0x9cff29c0
  Set: 1206 Way: 0 Address: 0x1995f2d80
  Set: 1216 Way: 0 Address: 0x3c56b3018
  Set: 1217 Way: 0 Address: 0x3c56b3068
  Set: 1217 Way: 1 Address: 0x2b2e93060
  Set: 1227 Way: 0 Address: 0x2b2e932d0
  Set: 1281 Way: 0 Address: 0x3de4d4058
  Set: 1283 Way: 0 Address: 0x3de4d40d0
  Set: 1303 Way: 0 Address: 0x1299345f0
  Set: 1304 Way: 0 Address: 0x129934630
  Set: 1305 Way: 0 Address: 0x129934670
  Set: 1306 Way: 0 Address: 0x1299346b0
  Set: 1307 Way: 0 Address: 0x1299346f8
  Set: 1308 Way: 0 Address: 0x129934718
  Set: 1309 Way: 0 Address: 0x129934740
  Set: 1310 Way: 0 Address: 0x129934780
  Set: 1311 Way: 0 Address: 0x1299347c0
  Set: 1312 Way: 0 Address: 0x129934800
  Set: 1313 Way: 0 Address: 0x3c1074870
  Set: 1313 Way: 1 Address: 0x129934840
  Set: 1314 Way: 0 Address: 0x3c1074898
  Set: 1314 Way: 1 Address: 0x1299348b8
  Set: 1315 Way: 0 Address: 0x1299348f0
  Set: 1316 Way: 0 Address: 0x129934918
  Set: 1317 Way: 0 Address: 0x129934970
  Set: 1318 Way: 0 Address: 0x1299349a0
  Set: 1319 Way: 0 Address: 0x1299349c0
  Set: 1320 Way: 0 Address: 0x129934a10
  Set: 1321 Way: 0 Address: 0x129934a40
  Set: 1328 Way: 0 Address: 0x129934c00
  Set: 1329 Way: 0 Address: 0x129934c40
  Set: 1330 Way: 0 Address: 0x129934c80
  Set: 1331 Way: 0 Address: 0x129934cc0
  Set: 1332 Way: 0 Address: 0x129934d30
  Set: 1333 Way: 0 Address: 0x129934d70
  Set: 1334 Way: 0 Address: 0x129934d80
  Set: 1335 Way: 0 Address: 0x129934df0
  Set: 1336 Way: 0 Address: 0x129934e00
  Set: 1337 Way: 0 Address: 0x129934e50
  Set: 1338 Way: 0 Address: 0x129934ea0
  Set: 1339 Way: 0 Address: 0x129934ed0
  Set: 1340 Way: 0 Address: 0x129934f20
  Set: 1341 Way: 0 Address: 0x129934f70
  Set: 1342 Way: 0 Address: 0x129934fa0
  Set: 1343 Way: 0 Address: 0x397bb4fd8
  Set: 1343 Way: 1 Address: 0x129934ff0
  Set: 1344 Way: 0 Address: 0x195f15000
  Set: 1390 Way: 0 Address: 0x354d35ba0
  Set: 1392 Way: 0 Address: 0x354d35c24
  Set: 1393 Way: 0 Address: 0x354d35c48
  Set: 1394 Way: 0 Address: 0x354d35c80
  Set: 1408 Way: 0 Address: 0x84896005
  Set: 1409 Way: 0 Address: 0x84896043
  Set: 1410 Way: 0 Address: 0x84896080
  Set: 1411 Way: 0 Address: 0x848960c1
  Set: 1412 Way: 0 Address: 0x84896106
  Set: 1413 Way: 0 Address: 0x84896141
  Set: 1414 Way: 0 Address: 0x84896180
  Set: 1415 Way: 0 Address: 0x848961c4
  Set: 1416 Way: 0 Address: 0x84896200
  Set: 1417 Way: 0 Address: 0x84896240
  Set: 1418 Way: 0 Address: 0x84896281
  Set: 1419 Way: 0 Address: 0x848962f1
  Set: 1420 Way: 0 Address: 0x84896301
  Set: 1421 Way: 0 Address: 0x84896340
  Set: 1422 Way: 0 Address: 0x84896382
  Set: 1423 Way: 0 Address: 0x848963c7
  Set: 1424 Way: 0 Address: 0x84896402
  Set: 1425 Way: 0 Address: 0x84896442
  Set: 1426 Way: 0 Address: 0x84896482
  Set: 1427 Way: 0 Address: 0x848964c2
  Set: 1428 Way: 0 Address: 0x84896504
  Set: 1429 Way: 0 Address: 0x84896540
  Set: 1430 Way: 0 Address: 0x84896580
  Set: 1431 Way: 0 Address: 0x848965c1
  Set: 1432 Way: 0 Address: 0x84896600
  Set: 1433 Way: 0 Address: 0x84896640
  Set: 1434 Way: 0 Address: 0x84896680
  Set: 1435 Way: 0 Address: 0x437366d8
  Set: 1435 Way: 1 Address: 0x848966c1
  Set: 1436 Way: 0 Address: 0x84896704
  Set: 1437 Way: 0 Address: 0x84896740
  Set: 1438 Way: 0 Address: 0x84896781
  Set: 1439 Way: 0 Address: 0x848967c3
  Set: 1440 Way: 0 Address: 0x84896806
  Set: 1441 Way: 0 Address: 0x84896842
  Set: 1442 Way: 0 Address: 0x84896880
  Set: 1443 Way: 0 Address: 0x848968c0
  Set: 1444 Way: 0 Address: 0x84896900
  Set: 1445 Way: 0 Address: 0x84896940
  Set: 1446 Way: 0 Address: 0x84896980
  Set: 1447 Way: 0 Address: 0x848969c0
  Set: 1448 Way: 0 Address: 0x84896a00
  Set: 1449 Way: 0 Address: 0x84896a40
  Set: 1450 Way: 0 Address: 0x84896a97
  Set: 1451 Way: 0 Address: 0x84896ac0
  Set: 1452 Way: 0 Address: 0x84896b00
  Set: 1453 Way: 0 Address: 0x84896b40
  Set: 1454 Way: 0 Address: 0x84896b80
  Set: 1455 Way: 0 Address: 0x84896bc0
  Set: 1456 Way: 0 Address: 0x84896c00
  Set: 1479 Way: 0 Address: 0x276ff71f0
  Set: 1480 Way: 0 Address: 0x276ff7201
  Set: 1481 Way: 0 Address: 0x276ff7242
  Set: 1482 Way: 0 Address: 0x276ff7280
  Set: 1484 Way: 0 Address: 0x276ff7301
  Set: 1505 Way: 0 Address: 0x276ff785f
  Set: 1540 Way: 0 Address: 0xc7078128
  Set: 1542 Way: 0 Address: 0xc7078180
  Set: 1549 Way: 0 Address: 0x201598340
  Set: 1550 Way: 0 Address: 0x201598388
  Set: 1551 Way: 0 Address: 0x2015983c0
  Set: 1552 Way: 0 Address: 0x201598418
  Set: 1553 Way: 0 Address: 0x201598460
  Set: 1554 Way: 0 Address: 0x201598480
  Set: 1555 Way: 0 Address: 0x2015984c4
  Set: 1556 Way: 0 Address: 0x201598510
  Set: 1557 Way: 0 Address: 0x201598554
  Set: 1558 Way: 0 Address: 0x201598580
  Set: 1559 Way: 0 Address: 0x2015985c0
  Set: 1560 Way: 0 Address: 0x201598610
  Set: 1561 Way: 0 Address: 0x201598650
  Set: 1562 Way: 0 Address: 0x201598698
  Set: 1563 Way: 0 Address: 0x1aafb86d0
  Set: 1563 Way: 1 Address: 0x2015986c0
  Set: 1564 Way: 0 Address: 0x201598704
  Set: 1565 Way: 0 Address: 0x20159874c
  Set: 1566 Way: 0 Address: 0x201598794
  Set: 1567 Way: 0 Address: 0x2015987c0
  Set: 1568 Way: 0 Address: 0x201598800
  Set: 1569 Way: 0 Address: 0x201598848
  Set: 1570 Way: 0 Address: 0x201598890
  Set: 1571 Way: 0 Address: 0x2015988d8
  Set: 1572 Way: 0 Address: 0x201598900
  Set: 1573 Way: 0 Address: 0x201598944
  Set: 1574 Way: 0 Address: 0x20159898c
  Set: 1575 Way: 0 Address: 0x2015989d4
  Set: 1576 Way: 0 Address: 0x201598a00
  Set: 1577 Way: 0 Address: 0x201598a40
  Set: 1578 Way: 0 Address: 0x201598a8c
  Set: 1579 Way: 0 Address: 0x201598ad0
  Set: 1580 Way: 0 Address: 0x201598b18
  Set: 1581 Way: 0 Address: 0x201598b40
  Set: 1582 Way: 0 Address: 0x201598b88
  Set: 1583 Way: 0 Address: 0x201598bcc
  Set: 1584 Way: 0 Address: 0x201598c00
  Set: 1585 Way: 0 Address: 0x201598c5c
  Set: 1586 Way: 0 Address: 0x201598c80
  Set: 1587 Way: 0 Address: 0x201598cc8
  Set: 1588 Way: 0 Address: 0x201598d10
  Set: 1589 Way: 0 Address: 0x201598d40
  Set: 1590 Way: 0 Address: 0x201598d80
  Set: 1591 Way: 0 Address: 0x201598dc4
  Set: 1592 Way: 0 Address: 0x201598e00
  Set: 1593 Way: 0 Address: 0x201598e40
  Set: 1594 Way: 0 Address: 0x201598e80
  Set: 1595 Way: 0 Address: 0x201598ec0
  Set: 1596 Way: 0 Address: 0x201598f08
  Set: 1597 Way: 0 Address: 0x201598f40
  Set: 1598 Way: 0 Address: 0x201598f98
  Set: 1599 Way: 0 Address: 0x201598fc0
  Set: 1658 Way: 0 Address: 0x292959eb8
  Set: 1659 Way: 0 Address: 0x292959ec0
  Set: 1660 Way: 0 Address: 0x292959f00
  Set: 1663 Way: 0 Address: 0x292959fd0
  Set: 1675 Way: 0 Address: 0x1d89da2e0
  Set: 1695 Way: 0 Address: 0x223eda7f8
  Set: 1761 Way: 0 Address: 0x394edb858
  Set: 1792 Way: 0 Address: 0xdf85c000
  Set: 1810 Way: 0 Address: 0x38e35c498
  Set: 1825 Way: 0 Address: 0x12c6fc878
  Set: 1826 Way: 0 Address: 0x12c6fc880
  Set: 1857 Way: 0 Address: 0x1add060
  Set: 1889 Way: 0 Address: 0x23755d878
  Set: 1920 Way: 0 Address: 0x28b67e000
  Set: 1920 Way: 1 Address: 0x1f919e010
  Set: 1951 Way: 0 Address: 0x28b67e7f8
EndCache
