Cache: cpu0_STLB
  Set: 34 Way: 0 Address: 0x7ffcd4322e90
  Set: 35 Way: 0 Address: 0x7ffcd4323450
  Set: 36 Way: 0 Address: 0x7ffcd43244d0
  Set: 49 Way: 0 Address: 0x7ffcd4331408
  Set: 49 Way: 1 Address: 0x431f64
  Set: 50 Way: 0 Address: 0x4320f0
  Set: 51 Way: 0 Address: 0x7ffcd4333820
EndCache
Cache: cpu0_L2C
  Set: 70 Way: 0 Address: 0x113201190
  Set: 79 Way: 0 Address: 0xf6e813c0
  Set: 80 Way: 0 Address: 0xf6e81408
  Set: 81 Way: 0 Address: 0xf6e81450
  Set: 82 Way: 0 Address: 0xf6e81498
  Set: 83 Way: 0 Address: 0xf6e814e0
  Set: 84 Way: 0 Address: 0xf6e81528
  Set: 85 Way: 0 Address: 0xf6e81570
  Set: 86 Way: 0 Address: 0xf6e815b8
  Set: 87 Way: 0 Address: 0xf6e815c0
  Set: 88 Way: 0 Address: 0xf6e81600
  Set: 89 Way: 0 Address: 0xf6e81640
  Set: 90 Way: 0 Address: 0xf6e81680
  Set: 91 Way: 0 Address: 0xf6e816c0
  Set: 92 Way: 0 Address: 0xf6e81700
  Set: 93 Way: 0 Address: 0xf6e81740
  Set: 94 Way: 0 Address: 0xf6e81780
  Set: 95 Way: 0 Address: 0xf6e817c0
  Set: 96 Way: 0 Address: 0xf6e81830
  Set: 97 Way: 0 Address: 0xf6e81840
  Set: 126 Way: 0 Address: 0x2a4841f98
  Set: 160 Way: 0 Address: 0x6d0c2820
  Set: 188 Way: 0 Address: 0x1995f2f09
  Set: 189 Way: 0 Address: 0x1995f2f64
  Set: 190 Way: 0 Address: 0x1995f2f82
  Set: 191 Way: 0 Address: 0x1995f2fc1
  Set: 223 Way: 0 Address: 0x263c137f8
  Set: 292 Way: 0 Address: 0xb8004918
  Set: 294 Way: 0 Address: 0x129934988
  Set: 320 Way: 0 Address: 0x195f15010
  Set: 420 Way: 0 Address: 0x43736910
  Set: 467 Way: 0 Address: 0x3098874d0
  Set: 468 Way: 0 Address: 0x309887530
  Set: 469 Way: 0 Address: 0x309887548
  Set: 476 Way: 0 Address: 0x309887700
  Set: 478 Way: 0 Address: 0x30988779c
  Set: 480 Way: 0 Address: 0x309887808
  Set: 485 Way: 0 Address: 0x309887968
  Set: 513 Way: 0 Address: 0xc7078050
  Set: 514 Way: 0 Address: 0xc7078080
  Set: 515 Way: 0 Address: 0xc70780c0
  Set: 516 Way: 0 Address: 0xc7078100
  Set: 520 Way: 0 Address: 0xc7078230
  Set: 521 Way: 0 Address: 0xc7078240
  Set: 522 Way: 0 Address: 0xc7078280
  Set: 523 Way: 0 Address: 0xc70782c0
  Set: 528 Way: 0 Address: 0xc7078408
  Set: 529 Way: 0 Address: 0xc7078440
  Set: 530 Way: 0 Address: 0xc7078480
  Set: 531 Way: 0 Address: 0xc70784c0
  Set: 533 Way: 0 Address: 0xc7078540
  Set: 534 Way: 0 Address: 0xc7078580
  Set: 540 Way: 0 Address: 0xc7078720
  Set: 541 Way: 0 Address: 0xc7078740
  Set: 542 Way: 0 Address: 0xc7078780
  Set: 548 Way: 0 Address: 0xc7078900
  Set: 549 Way: 0 Address: 0xc7078940
  Set: 626 Way: 0 Address: 0x292959cb0
  Set: 627 Way: 0 Address: 0x292959cc0
  Set: 628 Way: 0 Address: 0x292959d3c
  Set: 629 Way: 0 Address: 0x292959d40
  Set: 630 Way: 0 Address: 0x292959da8
  Set: 631 Way: 0 Address: 0x292959dc0
  Set: 632 Way: 0 Address: 0x292959e30
  Set: 633 Way: 0 Address: 0x292959e40
  Set: 634 Way: 0 Address: 0x292959e90
  Set: 640 Way: 0 Address: 0x229b9a000
  Set: 768 Way: 0 Address: 0xdf85c000
  Set: 774 Way: 0 Address: 0x12c6fc188
  Set: 788 Way: 0 Address: 0x29484c508
  Set: 896 Way: 0 Address: 0x28b67e000
  Set: 896 Way: 1 Address: 0x1f919e02d
  Set: 897 Way: 0 Address: 0x1f919e043
  Set: 898 Way: 0 Address: 0x1f919e085
  Set: 899 Way: 0 Address: 0x1f919e0f0
  Set: 900 Way: 0 Address: 0x1f919e105
  Set: 901 Way: 0 Address: 0x1f919e143
  Set: 902 Way: 0 Address: 0x1f919e181
  Set: 903 Way: 0 Address: 0x1f919e1c5
  Set: 904 Way: 0 Address: 0x1f919e202
  Set: 909 Way: 0 Address: 0x1f919e368
  Set: 910 Way: 0 Address: 0x1f919e383
  Set: 911 Way: 0 Address: 0x1f919e3c6
  Set: 912 Way: 0 Address: 0x1f919e404
  Set: 913 Way: 0 Address: 0x1f919e441
  Set: 914 Way: 0 Address: 0x1f919e480
  Set: 915 Way: 0 Address: 0x1f919e4c2
  Set: 916 Way: 0 Address: 0x1f919e500
  Set: 917 Way: 0 Address: 0x1f919e546
  Set: 923 Way: 0 Address: 0x1f919e6dc
  Set: 924 Way: 0 Address: 0x1f919e703
  Set: 927 Way: 0 Address: 0x28b67e7f8
  Set: 932 Way: 0 Address: 0x3734ee920
  Set: 934 Way: 0 Address: 0x3734ee998
  Set: 998 Way: 0 Address: 0x16390f998
EndCache
Cache: cpu0_L1I
  Set: 0 Way: 0 Address: 0x1f919e02d
  Set: 1 Way: 0 Address: 0x1f919e043
  Set: 2 Way: 0 Address: 0x1f919e085
  Set: 3 Way: 0 Address: 0x1f919e0f0
  Set: 4 Way: 0 Address: 0x1f919e105
  Set: 5 Way: 0 Address: 0x1f919e179
  Set: 6 Way: 0 Address: 0x1f919e181
  Set: 7 Way: 0 Address: 0x1f919e1ed
  Set: 8 Way: 0 Address: 0x1f919e202
  Set: 13 Way: 0 Address: 0x1f919e368
  Set: 14 Way: 0 Address: 0x1f919e383
  Set: 15 Way: 0 Address: 0x1f919e3c6
  Set: 16 Way: 0 Address: 0x1f919e404
  Set: 17 Way: 0 Address: 0x1f919e475
  Set: 18 Way: 0 Address: 0x1f919e480
  Set: 19 Way: 0 Address: 0x1f919e4f7
  Set: 20 Way: 0 Address: 0x1f919e536
  Set: 21 Way: 0 Address: 0x1f919e546
  Set: 27 Way: 0 Address: 0x1f919e6dc
  Set: 28 Way: 0 Address: 0x1f919e703
  Set: 60 Way: 0 Address: 0x1995f2f09
  Set: 61 Way: 0 Address: 0x1995f2f64
  Set: 62 Way: 0 Address: 0x1995f2fa2
  Set: 63 Way: 0 Address: 0x1995f2fc1
EndCache
Cache: cpu0_L1D
  Set: 0 Way: 0 Address: 0xdf85c000
  Set: 0 Way: 1 Address: 0x28b67e000
  Set: 0 Way: 2 Address: 0x229b9a000
  Set: 0 Way: 3 Address: 0x195f15010
  Set: 1 Way: 0 Address: 0xc7078050
  Set: 2 Way: 0 Address: 0xc7078080
  Set: 3 Way: 0 Address: 0xc70780c0
  Set: 4 Way: 0 Address: 0xc7078100
  Set: 6 Way: 0 Address: 0x113201190
  Set: 6 Way: 1 Address: 0x12c6fc188
  Set: 8 Way: 0 Address: 0xc7078230
  Set: 9 Way: 0 Address: 0xc7078240
  Set: 10 Way: 0 Address: 0xc7078280
  Set: 11 Way: 0 Address: 0xc70782c0
  Set: 15 Way: 0 Address: 0xf6e813c0
  Set: 16 Way: 0 Address: 0xc7078408
  Set: 16 Way: 1 Address: 0xf6e81408
  Set: 17 Way: 0 Address: 0xf6e81450
  Set: 17 Way: 1 Address: 0xc7078440
  Set: 18 Way: 0 Address: 0xf6e81498
  Set: 18 Way: 1 Address: 0xc7078480
  Set: 19 Way: 0 Address: 0x3098874d0
  Set: 19 Way: 1 Address: 0xf6e814e0
  Set: 19 Way: 2 Address: 0xc70784c0
  Set: 20 Way: 0 Address: 0x29484c508
  Set: 20 Way: 1 Address: 0x309887520
  Set: 20 Way: 2 Address: 0xf6e81528
  Set: 21 Way: 0 Address: 0x309887548
  Set: 21 Way: 1 Address: 0xf6e81570
  Set: 21 Way: 2 Address: 0xc7078540
  Set: 22 Way: 0 Address: 0xf6e815b8
  Set: 22 Way: 1 Address: 0xc7078580
  Set: 23 Way: 0 Address: 0xf6e815c8
  Set: 24 Way: 0 Address: 0xf6e81600
  Set: 25 Way: 0 Address: 0xf6e81640
  Set: 26 Way: 0 Address: 0xf6e81680
  Set: 27 Way: 0 Address: 0xf6e816c0
  Set: 28 Way: 0 Address: 0x309887700
  Set: 28 Way: 1 Address: 0xf6e81700
  Set: 28 Way: 2 Address: 0xc7078720
  Set: 29 Way: 0 Address: 0xf6e81740
  Set: 29 Way: 1 Address: 0xc7078740
  Set: 30 Way: 0 Address: 0x30988779c
  Set: 30 Way: 1 Address: 0xf6e81780
  Set: 30 Way: 2 Address: 0xc7078780
  Set: 31 Way: 0 Address: 0x28b67e7f8
  Set: 31 Way: 1 Address: 0x263c137f8
  Set: 31 Way: 2 Address: 0xf6e817c0
  Set: 32 Way: 0 Address: 0x309887808
  Set: 32 Way: 1 Address: 0x6d0c2820
  Set: 32 Way: 2 Address: 0xf6e81838
  Set: 33 Way: 0 Address: 0xf6e81840
  Set: 36 Way: 0 Address: 0x43736910
  Set: 36 Way: 1 Address: 0xb8004918
  Set: 36 Way: 2 Address: 0x3734ee920
  Set: 36 Way: 3 Address: 0xc7078900
  Set: 37 Way: 0 Address: 0x309887968
  Set: 37 Way: 1 Address: 0xc7078940
  Set: 38 Way: 0 Address: 0x129934988
  Set: 38 Way: 1 Address: 0x3734ee998
  Set: 38 Way: 2 Address: 0x16390f998
  Set: 50 Way: 0 Address: 0x292959cb0
  Set: 51 Way: 0 Address: 0x292959cc0
  Set: 52 Way: 0 Address: 0x292959d2c
  Set: 53 Way: 0 Address: 0x292959d40
  Set: 54 Way: 0 Address: 0x292959db8
  Set: 55 Way: 0 Address: 0x292959de8
  Set: 56 Way: 0 Address: 0x292959e38
  Set: 57 Way: 0 Address: 0x292959e50
  Set: 58 Way: 0 Address: 0x292959e98
  Set: 62 Way: 0 Address: 0x2a4841f98
EndCache
Cache: cpu0_ITLB
  Set: 1 Way: 0 Address: 0x431fa2
  Set: 2 Way: 0 Address: 0x4321fa
EndCache
Cache: cpu0_DTLB
  Set: 1 Way: 0 Address: 0x7ffcd4331408
  Set: 2 Way: 0 Address: 0x7ffcd4322cb0
  Set: 3 Way: 0 Address: 0x7ffcd43233c0
  Set: 3 Way: 1 Address: 0x7ffcd4333820
  Set: 4 Way: 0 Address: 0x7ffcd43244d0
EndCache
Cache: LLC
  Set: 70 Way: 0 Address: 0x113201190
  Set: 79 Way: 0 Address: 0xf6e813c0
  Set: 80 Way: 0 Address: 0xf6e81408
  Set: 81 Way: 0 Address: 0xf6e81450
  Set: 82 Way: 0 Address: 0xf6e81498
  Set: 83 Way: 0 Address: 0xf6e814e0
  Set: 84 Way: 0 Address: 0xf6e81528
  Set: 85 Way: 0 Address: 0xf6e81570
  Set: 86 Way: 0 Address: 0xf6e815b8
  Set: 87 Way: 0 Address: 0xf6e815c0
  Set: 88 Way: 0 Address: 0xf6e81600
  Set: 89 Way: 0 Address: 0xf6e81640
  Set: 90 Way: 0 Address: 0xf6e81680
  Set: 91 Way: 0 Address: 0xf6e816c0
  Set: 92 Way: 0 Address: 0xf6e81700
  Set: 93 Way: 0 Address: 0xf6e81740
  Set: 94 Way: 0 Address: 0xf6e81780
  Set: 95 Way: 0 Address: 0xf6e817c0
  Set: 96 Way: 0 Address: 0xf6e81830
  Set: 97 Way: 0 Address: 0xf6e81840
  Set: 126 Way: 0 Address: 0x2a4841f98
  Set: 160 Way: 0 Address: 0x6d0c2820
  Set: 292 Way: 0 Address: 0xb8004918
  Set: 467 Way: 0 Address: 0x3098874d0
  Set: 468 Way: 0 Address: 0x309887530
  Set: 469 Way: 0 Address: 0x309887548
  Set: 476 Way: 0 Address: 0x309887700
  Set: 478 Way: 0 Address: 0x30988779c
  Set: 480 Way: 0 Address: 0x309887808
  Set: 485 Way: 0 Address: 0x309887968
  Set: 788 Way: 0 Address: 0x29484c508
  Set: 932 Way: 0 Address: 0x3734ee920
  Set: 934 Way: 0 Address: 0x3734ee998
  Set: 998 Way: 0 Address: 0x16390f998
  Set: 1212 Way: 0 Address: 0x1995f2f09
  Set: 1213 Way: 0 Address: 0x1995f2f64
  Set: 1214 Way: 0 Address: 0x1995f2f82
  Set: 1215 Way: 0 Address: 0x1995f2fc1
  Set: 1247 Way: 0 Address: 0x263c137f8
  Set: 1318 Way: 0 Address: 0x129934988
  Set: 1344 Way: 0 Address: 0x195f15010
  Set: 1444 Way: 0 Address: 0x43736910
  Set: 1537 Way: 0 Address: 0xc7078050
  Set: 1538 Way: 0 Address: 0xc7078080
  Set: 1539 Way: 0 Address: 0xc70780c0
  Set: 1540 Way: 0 Address: 0xc7078100
  Set: 1544 Way: 0 Address: 0xc7078230
  Set: 1545 Way: 0 Address: 0xc7078240
  Set: 1546 Way: 0 Address: 0xc7078280
  Set: 1547 Way: 0 Address: 0xc70782c0
  Set: 1552 Way: 0 Address: 0xc7078408
  Set: 1553 Way: 0 Address: 0xc7078440
  Set: 1554 Way: 0 Address: 0xc7078480
  Set: 1555 Way: 0 Address: 0xc70784c0
  Set: 1557 Way: 0 Address: 0xc7078540
  Set: 1558 Way: 0 Address: 0xc7078580
  Set: 1564 Way: 0 Address: 0xc7078720
  Set: 1565 Way: 0 Address: 0xc7078740
  Set: 1566 Way: 0 Address: 0xc7078780
  Set: 1572 Way: 0 Address: 0xc7078900
  Set: 1573 Way: 0 Address: 0xc7078940
  Set: 1650 Way: 0 Address: 0x292959cb0
  Set: 1651 Way: 0 Address: 0x292959cc0
  Set: 1652 Way: 0 Address: 0x292959d3c
  Set: 1653 Way: 0 Address: 0x292959d40
  Set: 1654 Way: 0 Address: 0x292959da8
  Set: 1655 Way: 0 Address: 0x292959dc0
  Set: 1656 Way: 0 Address: 0x292959e30
  Set: 1657 Way: 0 Address: 0x292959e40
  Set: 1658 Way: 0 Address: 0x292959e90
  Set: 1664 Way: 0 Address: 0x229b9a000
  Set: 1792 Way: 0 Address: 0xdf85c000
  Set: 1798 Way: 0 Address: 0x12c6fc188
  Set: 1920 Way: 0 Address: 0x28b67e000
  Set: 1920 Way: 1 Address: 0x1f919e02d
  Set: 1921 Way: 0 Address: 0x1f919e043
  Set: 1922 Way: 0 Address: 0x1f919e085
  Set: 1923 Way: 0 Address: 0x1f919e0f0
  Set: 1924 Way: 0 Address: 0x1f919e105
  Set: 1925 Way: 0 Address: 0x1f919e143
  Set: 1926 Way: 0 Address: 0x1f919e181
  Set: 1927 Way: 0 Address: 0x1f919e1c5
  Set: 1928 Way: 0 Address: 0x1f919e202
  Set: 1933 Way: 0 Address: 0x1f919e368
  Set: 1934 Way: 0 Address: 0x1f919e383
  Set: 1935 Way: 0 Address: 0x1f919e3c6
  Set: 1936 Way: 0 Address: 0x1f919e404
  Set: 1937 Way: 0 Address: 0x1f919e441
  Set: 1938 Way: 0 Address: 0x1f919e480
  Set: 1939 Way: 0 Address: 0x1f919e4c2
  Set: 1940 Way: 0 Address: 0x1f919e500
  Set: 1941 Way: 0 Address: 0x1f919e546
  Set: 1947 Way: 0 Address: 0x1f919e6dc
  Set: 1948 Way: 0 Address: 0x1f919e703
  Set: 1951 Way: 0 Address: 0x28b67e7f8
EndCache
