Cache: cpu0_STLB
  Set: 9 Way: 0 Address: 0x409fd0
  Set: 9 Way: 1 Address: 0x2289ff8
  Set: 10 Way: 0 Address: 0x40a166
  Set: 10 Way: 1 Address: 0x238af48
  Set: 10 Way: 2 Address: 0x228a328
  Set: 16 Way: 0 Address: 0x2290eb0
  Set: 17 Way: 0 Address: 0x2291780
  Set: 18 Way: 0 Address: 0x22921b8
  Set: 19 Way: 0 Address: 0x2293dc0
  Set: 20 Way: 0 Address: 0x2294a50
  Set: 21 Way: 0 Address: 0x2295020
  Set: 22 Way: 0 Address: 0x2296038
  Set: 22 Way: 1 Address: 0x21696410
  Set: 24 Way: 0 Address: 0x2298418
  Set: 25 Way: 0 Address: 0x2299d60
  Set: 26 Way: 0 Address: 0x229a060
  Set: 32 Way: 0 Address: 0x21820ffc
  Set: 33 Way: 0 Address: 0x218213d8
  Set: 34 Way: 0 Address: 0x21822204
  Set: 41 Way: 0 Address: 0x21629bd4
  Set: 44 Way: 0 Address: 0x216acfe8
  Set: 45 Way: 0 Address: 0x216ad010
  Set: 46 Way: 0 Address: 0x216ae6c0
  Set: 47 Way: 0 Address: 0x216afd78
  Set: 48 Way: 0 Address: 0x216b0d28
  Set: 58 Way: 0 Address: 0x7ffc81bba948
  Set: 59 Way: 0 Address: 0x2163b528
  Set: 109 Way: 0 Address: 0x22ed740
  Set: 110 Way: 0 Address: 0x22ee138
EndCache
Cache: cpu0_L2C
  Set: 0 Way: 0 Address: 0x14bb10020
  Set: 0 Way: 1 Address: 0x2177f0038
  Set: 1 Way: 0 Address: 0x14bb10060
  Set: 2 Way: 0 Address: 0x14bb10080
  Set: 3 Way: 0 Address: 0x14bb100f8
  Set: 4 Way: 0 Address: 0x14bb10108
  Set: 5 Way: 0 Address: 0x14bb10140
  Set: 7 Way: 0 Address: 0x14bb101c0
  Set: 7 Way: 1 Address: 0x342b401d8
  Set: 8 Way: 0 Address: 0x14bb10200
  Set: 9 Way: 0 Address: 0x14bb10240
  Set: 10 Way: 0 Address: 0x14bb10280
  Set: 18 Way: 0 Address: 0x6e6204b0
  Set: 19 Way: 0 Address: 0x6e6204d0
  Set: 65 Way: 0 Address: 0x113201050
  Set: 97 Way: 0 Address: 0xf6e81860
  Set: 128 Way: 0 Address: 0x6d0c2030
  Set: 129 Way: 0 Address: 0x6d0c2048
  Set: 130 Way: 0 Address: 0x9cff2088
  Set: 130 Way: 1 Address: 0x6d0c2090
  Set: 131 Way: 0 Address: 0x6d0c20f0
  Set: 132 Way: 0 Address: 0x6d0c2100
  Set: 133 Way: 0 Address: 0x6d0c2178
  Set: 144 Way: 0 Address: 0x6d0c2438
  Set: 145 Way: 0 Address: 0x1995f2450
  Set: 145 Way: 1 Address: 0x6d0c2448
  Set: 146 Way: 0 Address: 0x1c84e2488
  Set: 146 Way: 1 Address: 0x1995f24a8
  Set: 146 Way: 2 Address: 0x6d0c24b0
  Set: 147 Way: 0 Address: 0x133c924c0
  Set: 147 Way: 1 Address: 0x6d0c24f8
  Set: 148 Way: 0 Address: 0x6d0c2500
  Set: 149 Way: 0 Address: 0x6d0c2570
  Set: 150 Way: 0 Address: 0x6d0c2588
  Set: 151 Way: 0 Address: 0x6d0c25e8
  Set: 154 Way: 0 Address: 0x6d0c2690
  Set: 155 Way: 0 Address: 0x6d0c26f0
  Set: 156 Way: 0 Address: 0x6d0c2738
  Set: 157 Way: 0 Address: 0x6d0c2768
  Set: 157 Way: 1 Address: 0x1064c2770
  Set: 158 Way: 0 Address: 0x6d0c27a0
  Set: 159 Way: 0 Address: 0x6d0c27f8
  Set: 160 Way: 0 Address: 0x6d0c2800
  Set: 161 Way: 0 Address: 0x9cff2860
  Set: 161 Way: 1 Address: 0x6d0c2870
  Set: 162 Way: 0 Address: 0x6d0c28b8
  Set: 163 Way: 0 Address: 0x6d0c28d0
  Set: 164 Way: 0 Address: 0x6d0c2918
  Set: 165 Way: 0 Address: 0x6d0c2968
  Set: 166 Way: 0 Address: 0x6d0c2998
  Set: 167 Way: 0 Address: 0x6d0c29c0
  Set: 168 Way: 0 Address: 0x6d0c2a38
  Set: 169 Way: 0 Address: 0x6d0c2a50
  Set: 170 Way: 0 Address: 0x6d0c2aa0
  Set: 171 Way: 0 Address: 0x6d0c2ae0
  Set: 172 Way: 0 Address: 0x6d0c2b00
  Set: 173 Way: 0 Address: 0x6d0c2b70
  Set: 174 Way: 0 Address: 0x6d0c2b90
  Set: 175 Way: 0 Address: 0x6d0c2bc8
  Set: 176 Way: 0 Address: 0x6d0c2c00
  Set: 177 Way: 0 Address: 0x6d0c2c58
  Set: 178 Way: 0 Address: 0x6d0c2c80
  Set: 179 Way: 0 Address: 0x6d0c2cf8
  Set: 180 Way: 0 Address: 0x6d0c2d00
  Set: 181 Way: 0 Address: 0x6d0c2d60
  Set: 182 Way: 0 Address: 0x6d0c2d98
  Set: 183 Way: 0 Address: 0x6d0c2df8
  Set: 184 Way: 0 Address: 0x6d0c2e30
  Set: 185 Way: 0 Address: 0x6d0c2e70
  Set: 186 Way: 0 Address: 0x6d0c2e88
  Set: 187 Way: 0 Address: 0x6d0c2ec0
  Set: 188 Way: 0 Address: 0x6d0c2f20
  Set: 189 Way: 0 Address: 0x6d0c2f40
  Set: 190 Way: 0 Address: 0x6d0c2fb0
  Set: 191 Way: 0 Address: 0x6d0c2ff8
  Set: 192 Way: 0 Address: 0x25771303c
  Set: 193 Way: 0 Address: 0x263c13048
  Set: 193 Way: 1 Address: 0x25771307c
  Set: 194 Way: 0 Address: 0x2577130bc
  Set: 195 Way: 0 Address: 0x2577130fc
  Set: 196 Way: 0 Address: 0x3b0803138
  Set: 196 Way: 1 Address: 0x257713100
  Set: 197 Way: 0 Address: 0x3b0803140
  Set: 197 Way: 1 Address: 0x257713140
  Set: 198 Way: 0 Address: 0x257713180
  Set: 199 Way: 0 Address: 0x2577131c0
  Set: 200 Way: 0 Address: 0x257713200
  Set: 201 Way: 0 Address: 0x257713240
  Set: 202 Way: 0 Address: 0x257713280
  Set: 203 Way: 0 Address: 0x2577132fc
  Set: 204 Way: 0 Address: 0x25771333c
  Set: 205 Way: 0 Address: 0x25771337c
  Set: 206 Way: 0 Address: 0x2577133bc
  Set: 207 Way: 0 Address: 0x2577133d8
  Set: 208 Way: 0 Address: 0x3232f3410
  Set: 208 Way: 1 Address: 0x257713400
  Set: 209 Way: 0 Address: 0x257713440
  Set: 210 Way: 0 Address: 0x257713480
  Set: 211 Way: 0 Address: 0x2577134c0
  Set: 212 Way: 0 Address: 0x257713500
  Set: 213 Way: 0 Address: 0x257713540
  Set: 214 Way: 0 Address: 0x257713580
  Set: 215 Way: 0 Address: 0x2577135c0
  Set: 216 Way: 0 Address: 0x257713600
  Set: 217 Way: 0 Address: 0x257713640
  Set: 218 Way: 0 Address: 0x257713680
  Set: 219 Way: 0 Address: 0x2577136c0
  Set: 220 Way: 0 Address: 0x257713700
  Set: 221 Way: 0 Address: 0x257713740
  Set: 222 Way: 0 Address: 0x257713780
  Set: 223 Way: 0 Address: 0x2577137c0
  Set: 224 Way: 0 Address: 0x257713800
  Set: 225 Way: 0 Address: 0x257713840
  Set: 226 Way: 0 Address: 0x257713880
  Set: 227 Way: 0 Address: 0x2577138c0
  Set: 228 Way: 0 Address: 0x257713900
  Set: 229 Way: 0 Address: 0x257713940
  Set: 230 Way: 0 Address: 0x257713980
  Set: 231 Way: 0 Address: 0x2577139c0
  Set: 232 Way: 0 Address: 0x257713a00
  Set: 233 Way: 0 Address: 0x257713a40
  Set: 234 Way: 0 Address: 0x257713a80
  Set: 235 Way: 0 Address: 0x257713ac0
  Set: 236 Way: 0 Address: 0x257713b3c
  Set: 237 Way: 0 Address: 0x257713b7c
  Set: 238 Way: 0 Address: 0x257713bbc
  Set: 239 Way: 0 Address: 0x257713bfc
  Set: 240 Way: 0 Address: 0x257713c3c
  Set: 241 Way: 0 Address: 0x257713c7c
  Set: 242 Way: 0 Address: 0x257713cbc
  Set: 243 Way: 0 Address: 0x257713cfc
  Set: 244 Way: 0 Address: 0x257713d3c
  Set: 245 Way: 0 Address: 0x257713d7c
  Set: 246 Way: 0 Address: 0x257713dbc
  Set: 247 Way: 0 Address: 0x257713dfc
  Set: 248 Way: 0 Address: 0x257713e3c
  Set: 249 Way: 0 Address: 0x257713e7c
  Set: 250 Way: 0 Address: 0x257713ebc
  Set: 251 Way: 0 Address: 0x257713efc
  Set: 252 Way: 0 Address: 0x257713f3c
  Set: 253 Way: 0 Address: 0x257713f7c
  Set: 254 Way: 0 Address: 0x3c56b3f90
  Set: 254 Way: 1 Address: 0x257713fbc
  Set: 255 Way: 0 Address: 0x2b2e93fe8
  Set: 255 Way: 1 Address: 0x257713ffc
  Set: 261 Way: 0 Address: 0x397bb4148
  Set: 271 Way: 0 Address: 0x1ab443d8
  Set: 273 Way: 0 Address: 0x3c1074448
  Set: 274 Way: 0 Address: 0x1ab444a8
  Set: 275 Way: 0 Address: 0x3c10744c8
  Set: 275 Way: 1 Address: 0x1ab444f8
  Set: 276 Way: 0 Address: 0x1ab44500
  Set: 277 Way: 0 Address: 0x1ab44550
  Set: 278 Way: 0 Address: 0x397bb4580
  Set: 278 Way: 1 Address: 0x1ab445b0
  Set: 279 Way: 0 Address: 0x1ab445f8
  Set: 280 Way: 0 Address: 0x1ab44608
  Set: 289 Way: 0 Address: 0x3de4d4858
  Set: 293 Way: 0 Address: 0x1ab44978
  Set: 294 Way: 0 Address: 0x1ab44980
  Set: 296 Way: 0 Address: 0x1ab44a18
  Set: 309 Way: 0 Address: 0x1ab44d60
  Set: 311 Way: 0 Address: 0xb8004dd0
  Set: 311 Way: 1 Address: 0x1ab44dd8
  Set: 317 Way: 0 Address: 0x129934f48
  Set: 320 Way: 0 Address: 0x195f15010
  Set: 322 Way: 0 Address: 0x195f15088
  Set: 327 Way: 0 Address: 0x1b0f151d8
  Set: 338 Way: 0 Address: 0x1b0f154b0
  Set: 341 Way: 0 Address: 0x354d35560
  Set: 353 Way: 0 Address: 0x195f15858
  Set: 388 Way: 0 Address: 0x3d87a6100
  Set: 389 Way: 0 Address: 0x43736168
  Set: 390 Way: 0 Address: 0x43736198
  Set: 391 Way: 0 Address: 0x437361f8
  Set: 392 Way: 0 Address: 0x43736228
  Set: 397 Way: 0 Address: 0x43736378
  Set: 398 Way: 0 Address: 0x437363a8
  Set: 399 Way: 0 Address: 0x437363c0
  Set: 401 Way: 0 Address: 0x3dae66448
  Set: 402 Way: 0 Address: 0x3dae66480
  Set: 402 Way: 1 Address: 0x43736480
  Set: 402 Way: 2 Address: 0x848964b0
  Set: 403 Way: 0 Address: 0x437364c0
  Set: 403 Way: 1 Address: 0x211d164c8
  Set: 404 Way: 0 Address: 0x43736500
  Set: 404 Way: 1 Address: 0x27d4c6528
  Set: 405 Way: 0 Address: 0x43736540
  Set: 405 Way: 1 Address: 0x84896570
  Set: 406 Way: 0 Address: 0x43736580
  Set: 407 Way: 0 Address: 0x437365c0
  Set: 408 Way: 0 Address: 0x43736600
  Set: 409 Way: 0 Address: 0x43736640
  Set: 410 Way: 0 Address: 0x43736690
  Set: 412 Way: 0 Address: 0x43736720
  Set: 413 Way: 0 Address: 0x43736770
  Set: 414 Way: 0 Address: 0x43736780
  Set: 415 Way: 0 Address: 0x437367c0
  Set: 432 Way: 0 Address: 0x43736c00
  Set: 435 Way: 0 Address: 0x43736cf0
  Set: 436 Way: 0 Address: 0x43736d38
  Set: 437 Way: 0 Address: 0x43736d40
  Set: 438 Way: 0 Address: 0x43736db8
  Set: 439 Way: 0 Address: 0x43736dc0
  Set: 440 Way: 0 Address: 0x43736e10
  Set: 466 Way: 0 Address: 0x3098874a0
  Set: 466 Way: 1 Address: 0xbeea7498
  Set: 469 Way: 0 Address: 0x276ff7568
  Set: 477 Way: 0 Address: 0xbeea7768
  Set: 512 Way: 0 Address: 0x1aafb8030
  Set: 513 Way: 0 Address: 0x201598068
  Set: 513 Way: 1 Address: 0x1aafb8078
  Set: 514 Way: 0 Address: 0x1aafb8088
  Set: 515 Way: 0 Address: 0x1aafb80f0
  Set: 516 Way: 0 Address: 0x1aafb8138
  Set: 517 Way: 0 Address: 0x1aafb8148
  Set: 518 Way: 0 Address: 0x1aafb81a8
  Set: 519 Way: 0 Address: 0x1aafb81f0
  Set: 520 Way: 0 Address: 0x1aafb8208
  Set: 521 Way: 0 Address: 0x1aafb8250
  Set: 522 Way: 0 Address: 0x1aafb8298
  Set: 523 Way: 0 Address: 0x1aafb82f8
  Set: 524 Way: 0 Address: 0x1aafb8330
  Set: 525 Way: 0 Address: 0x1aafb8340
  Set: 526 Way: 0 Address: 0x1aafb8388
  Set: 527 Way: 0 Address: 0x1aafb83d0
  Set: 528 Way: 0 Address: 0x1aafb8418
  Set: 529 Way: 0 Address: 0x1aafb8478
  Set: 530 Way: 0 Address: 0x1aafb84b8
  Set: 531 Way: 0 Address: 0x1aafb84c0
  Set: 532 Way: 0 Address: 0x1aafb8520
  Set: 533 Way: 0 Address: 0x1aafb8568
  Set: 534 Way: 0 Address: 0x1aafb85b8
  Set: 535 Way: 0 Address: 0x1aafb85c8
  Set: 536 Way: 0 Address: 0x1aafb8610
  Set: 537 Way: 0 Address: 0x1aafb8640
  Set: 537 Way: 1 Address: 0xc7078678
  Set: 538 Way: 0 Address: 0x1aafb8688
  Set: 538 Way: 1 Address: 0xc7078688
  Set: 539 Way: 0 Address: 0x1aafb86d0
  Set: 539 Way: 1 Address: 0xc70786f8
  Set: 540 Way: 0 Address: 0xc7078738
  Set: 540 Way: 1 Address: 0x1aafb8730
  Set: 541 Way: 0 Address: 0x1aafb8778
  Set: 541 Way: 1 Address: 0xc7078778
  Set: 541 Way: 2 Address: 0x2c9898768
  Set: 542 Way: 0 Address: 0xc70787b8
  Set: 542 Way: 1 Address: 0x1aafb8790
  Set: 543 Way: 0 Address: 0xc70787e8
  Set: 543 Way: 1 Address: 0x1aafb87f0
  Set: 544 Way: 0 Address: 0xc7078838
  Set: 544 Way: 1 Address: 0x1aafb8838
  Set: 545 Way: 0 Address: 0xc7078878
  Set: 545 Way: 1 Address: 0x1aafb8850
  Set: 546 Way: 0 Address: 0xc7078898
  Set: 546 Way: 1 Address: 0x1aafb8898
  Set: 547 Way: 0 Address: 0xc70788f8
  Set: 547 Way: 1 Address: 0x1aafb88e8
  Set: 548 Way: 0 Address: 0xc7078938
  Set: 548 Way: 1 Address: 0x1aafb8910
  Set: 549 Way: 0 Address: 0xc7078948
  Set: 549 Way: 1 Address: 0x1aafb8940
  Set: 550 Way: 0 Address: 0xc7078980
  Set: 550 Way: 1 Address: 0x1aafb8988
  Set: 551 Way: 0 Address: 0xc70789c0
  Set: 551 Way: 1 Address: 0x1aafb89d0
  Set: 552 Way: 0 Address: 0xc7078a30
  Set: 552 Way: 1 Address: 0x1aafb8a30
  Set: 553 Way: 0 Address: 0xc7078a78
  Set: 553 Way: 1 Address: 0x1aafb8a78
  Set: 554 Way: 0 Address: 0xc7078a94
  Set: 554 Way: 1 Address: 0x1aafb8a90
  Set: 555 Way: 0 Address: 0xc7078ad0
  Set: 555 Way: 1 Address: 0x1aafb8ad8
  Set: 556 Way: 0 Address: 0xc7078b28
  Set: 556 Way: 1 Address: 0x1aafb8b20
  Set: 556 Way: 2 Address: 0x3bdd78b38
  Set: 557 Way: 0 Address: 0x1aafb8b70
  Set: 557 Way: 1 Address: 0xc7078b44
  Set: 557 Way: 2 Address: 0x3bdd78b48
  Set: 558 Way: 0 Address: 0x1aafb8bb8
  Set: 558 Way: 1 Address: 0xc7078b80
  Set: 558 Way: 2 Address: 0x3bdd78ba0
  Set: 559 Way: 0 Address: 0x1aafb8bc0
  Set: 559 Way: 1 Address: 0xc7078bc0
  Set: 559 Way: 2 Address: 0x3bdd78bc0
  Set: 560 Way: 0 Address: 0x1aafb8c30
  Set: 560 Way: 1 Address: 0xc7078c00
  Set: 561 Way: 0 Address: 0x1aafb8c78
  Set: 561 Way: 1 Address: 0xc7078c40
  Set: 561 Way: 2 Address: 0x3bdd78c70
  Set: 562 Way: 0 Address: 0x1aafb8c88
  Set: 562 Way: 1 Address: 0xc7078c80
  Set: 562 Way: 2 Address: 0x3bdd78ca8
  Set: 563 Way: 0 Address: 0x1aafb8ce8
  Set: 563 Way: 1 Address: 0xc7078cc0
  Set: 564 Way: 0 Address: 0x1aafb8d28
  Set: 564 Way: 1 Address: 0xc7078d00
  Set: 565 Way: 0 Address: 0x1aafb8d48
  Set: 565 Way: 1 Address: 0xc7078d40
  Set: 565 Way: 2 Address: 0x3bdd78d68
  Set: 566 Way: 0 Address: 0x1aafb8d90
  Set: 566 Way: 1 Address: 0xc7078d80
  Set: 567 Way: 0 Address: 0x1aafb8dc0
  Set: 567 Way: 1 Address: 0xc7078dc0
  Set: 567 Way: 2 Address: 0x3bdd78dc0
  Set: 568 Way: 0 Address: 0xc7078e08
  Set: 568 Way: 1 Address: 0x3bdd78e38
  Set: 569 Way: 0 Address: 0x1aafb8e40
  Set: 569 Way: 1 Address: 0x3bdd78e40
  Set: 569 Way: 2 Address: 0xc7078e40
  Set: 570 Way: 0 Address: 0x1aafb8e80
  Set: 570 Way: 1 Address: 0xc7078e80
  Set: 571 Way: 0 Address: 0x1aafb8ec0
  Set: 571 Way: 1 Address: 0xc7078ec0
  Set: 572 Way: 0 Address: 0x1aafb8f00
  Set: 574 Way: 0 Address: 0x3bdd78f90
  Set: 575 Way: 0 Address: 0x3bdd78fd0
  Set: 589 Way: 0 Address: 0x312099340
  Set: 590 Way: 0 Address: 0x312099380
  Set: 591 Way: 0 Address: 0x3120993c0
  Set: 592 Way: 0 Address: 0x312099400
  Set: 593 Way: 0 Address: 0x312099440
  Set: 594 Way: 0 Address: 0x312099480
  Set: 595 Way: 0 Address: 0x3120994c0
  Set: 596 Way: 0 Address: 0x312099500
  Set: 597 Way: 0 Address: 0x2ee369578
  Set: 597 Way: 1 Address: 0x312099540
  Set: 598 Way: 0 Address: 0x312099580
  Set: 599 Way: 0 Address: 0x3120995c0
  Set: 600 Way: 0 Address: 0x312099600
  Set: 601 Way: 0 Address: 0x312099640
  Set: 602 Way: 0 Address: 0x312099680
  Set: 603 Way: 0 Address: 0x3120996c0
  Set: 604 Way: 0 Address: 0x312099700
  Set: 605 Way: 0 Address: 0x312099740
  Set: 606 Way: 0 Address: 0x312099780
  Set: 607 Way: 0 Address: 0x3120997c0
  Set: 608 Way: 0 Address: 0x312099800
  Set: 609 Way: 0 Address: 0x312099840
  Set: 610 Way: 0 Address: 0x312099880
  Set: 611 Way: 0 Address: 0x3120998c0
  Set: 612 Way: 0 Address: 0x312099900
  Set: 613 Way: 0 Address: 0x312099940
  Set: 614 Way: 0 Address: 0x312099980
  Set: 615 Way: 0 Address: 0x3120999c0
  Set: 616 Way: 0 Address: 0x312099a00
  Set: 617 Way: 0 Address: 0x312099a40
  Set: 618 Way: 0 Address: 0x312099a80
  Set: 619 Way: 0 Address: 0x312099ac0
  Set: 620 Way: 0 Address: 0x312099b00
  Set: 621 Way: 0 Address: 0x312099b40
  Set: 622 Way: 0 Address: 0x312099b80
  Set: 623 Way: 0 Address: 0x292959bd4
  Set: 623 Way: 1 Address: 0x312099bc0
  Set: 624 Way: 0 Address: 0x312099c00
  Set: 625 Way: 0 Address: 0x312099c40
  Set: 626 Way: 0 Address: 0x312099c80
  Set: 627 Way: 0 Address: 0x312099cc0
  Set: 628 Way: 0 Address: 0x312099d00
  Set: 629 Way: 0 Address: 0x312099d40
  Set: 630 Way: 0 Address: 0x312099d80
  Set: 631 Way: 0 Address: 0x312099dc0
  Set: 632 Way: 0 Address: 0x312099e00
  Set: 633 Way: 0 Address: 0x312099e40
  Set: 634 Way: 0 Address: 0x312099e80
  Set: 635 Way: 0 Address: 0x312099efc
  Set: 636 Way: 0 Address: 0x312099f3c
  Set: 637 Way: 0 Address: 0x312099f7c
  Set: 638 Way: 0 Address: 0x312099fbc
  Set: 639 Way: 0 Address: 0x312099ffc
  Set: 640 Way: 0 Address: 0x229b9a000
  Set: 666 Way: 0 Address: 0x223eda6a5
  Set: 671 Way: 0 Address: 0x1d89da7f8
  Set: 703 Way: 0 Address: 0x223edafd0
  Set: 706 Way: 0 Address: 0x3b377b080
  Set: 707 Way: 0 Address: 0x3b377b0c0
  Set: 708 Way: 0 Address: 0x3b377b100
  Set: 709 Way: 0 Address: 0x3b377b140
  Set: 710 Way: 0 Address: 0x3b377b1b8
  Set: 711 Way: 0 Address: 0x3b377b1f0
  Set: 712 Way: 0 Address: 0x3b377b200
  Set: 713 Way: 0 Address: 0x3b377b268
  Set: 714 Way: 0 Address: 0x3b377b2a8
  Set: 715 Way: 0 Address: 0x3b377b2c0
  Set: 732 Way: 0 Address: 0xc0d9b730
  Set: 733 Way: 0 Address: 0xc0d9b740
  Set: 767 Way: 0 Address: 0x394edbff8
  Set: 768 Way: 0 Address: 0xdf85c000
  Set: 768 Way: 1 Address: 0x12c6fc000
  Set: 769 Way: 0 Address: 0x12c6fc040
  Set: 770 Way: 0 Address: 0x12c6fc080
  Set: 771 Way: 0 Address: 0x12c6fc0c0
  Set: 772 Way: 0 Address: 0x12c6fc100
  Set: 773 Way: 0 Address: 0x12c6fc140
  Set: 774 Way: 0 Address: 0x12c6fc180
  Set: 775 Way: 0 Address: 0x12c6fc1c0
  Set: 776 Way: 0 Address: 0x12c6fc204
  Set: 777 Way: 0 Address: 0x12c6fc240
  Set: 778 Way: 0 Address: 0x12c6fc280
  Set: 779 Way: 0 Address: 0x12c6fc2c0
  Set: 780 Way: 0 Address: 0x12c6fc300
  Set: 781 Way: 0 Address: 0x12c6fc340
  Set: 817 Way: 0 Address: 0x29484cc50
  Set: 826 Way: 0 Address: 0x38e35ceb0
  Set: 827 Way: 0 Address: 0x38e35cec0
  Set: 832 Way: 0 Address: 0x23755d020
  Set: 832 Way: 1 Address: 0x1add010
  Set: 832 Way: 2 Address: 0x5588d030
  Set: 833 Way: 0 Address: 0x23755d050
  Set: 833 Way: 1 Address: 0x5588d078
  Set: 833 Way: 2 Address: 0x1add040
  Set: 834 Way: 0 Address: 0x5588d090
  Set: 835 Way: 0 Address: 0x5588d0d8
  Set: 836 Way: 0 Address: 0x23755d100
  Set: 836 Way: 1 Address: 0x5588d120
  Set: 837 Way: 0 Address: 0x23755d140
  Set: 837 Way: 1 Address: 0x5588d150
  Set: 838 Way: 0 Address: 0x23755d180
  Set: 838 Way: 1 Address: 0x5588d1b0
  Set: 839 Way: 0 Address: 0x23755d1d0
  Set: 839 Way: 1 Address: 0x5588d1f8
  Set: 840 Way: 0 Address: 0x5588d210
  Set: 840 Way: 1 Address: 0x23755d208
  Set: 841 Way: 0 Address: 0x23755d278
  Set: 841 Way: 1 Address: 0x5588d258
  Set: 842 Way: 0 Address: 0x23755d288
  Set: 842 Way: 1 Address: 0x5588d2a0
  Set: 843 Way: 0 Address: 0x5588d2f0
  Set: 843 Way: 1 Address: 0x23755d2f0
  Set: 844 Way: 0 Address: 0x23755d300
  Set: 844 Way: 1 Address: 0x5588d338
  Set: 844 Way: 2 Address: 0x1add328
  Set: 845 Way: 0 Address: 0x5588d348
  Set: 845 Way: 1 Address: 0x23755d350
  Set: 846 Way: 0 Address: 0x5588d3a8
  Set: 846 Way: 1 Address: 0x23755d3b0
  Set: 847 Way: 0 Address: 0x5588d3f0
  Set: 847 Way: 1 Address: 0x23755d3f8
  Set: 848 Way: 0 Address: 0x5588d408
  Set: 848 Way: 1 Address: 0x23755d428
  Set: 849 Way: 0 Address: 0x5588d468
  Set: 849 Way: 1 Address: 0x23755d460
  Set: 850 Way: 0 Address: 0x5588d4b0
  Set: 850 Way: 1 Address: 0x23755d4b8
  Set: 850 Way: 2 Address: 0x1add490
  Set: 851 Way: 0 Address: 0x5588d4c8
  Set: 851 Way: 1 Address: 0x23755d4c8
  Set: 851 Way: 2 Address: 0x1add4f0
  Set: 852 Way: 0 Address: 0x23755d530
  Set: 852 Way: 1 Address: 0x5588d510
  Set: 852 Way: 2 Address: 0x1add538
  Set: 853 Way: 0 Address: 0x23755d550
  Set: 853 Way: 1 Address: 0x5588d558
  Set: 853 Way: 2 Address: 0x1add550
  Set: 854 Way: 0 Address: 0x23755d598
  Set: 854 Way: 1 Address: 0x5588d588
  Set: 854 Way: 2 Address: 0x1add598
  Set: 855 Way: 0 Address: 0x23755d5f0
  Set: 855 Way: 1 Address: 0x5588d5d0
  Set: 855 Way: 2 Address: 0x1add5e0
  Set: 856 Way: 0 Address: 0x23755d638
  Set: 856 Way: 1 Address: 0x5588d618
  Set: 857 Way: 0 Address: 0x23755d660
  Set: 857 Way: 1 Address: 0x5588d678
  Set: 858 Way: 0 Address: 0x5588d6b0
  Set: 858 Way: 1 Address: 0x23755d6b0
  Set: 859 Way: 0 Address: 0x5588d6c0
  Set: 859 Way: 1 Address: 0x23755d6f8
  Set: 860 Way: 0 Address: 0x23755d718
  Set: 860 Way: 1 Address: 0x5588d700
  Set: 860 Way: 2 Address: 0x1add700
  Set: 861 Way: 0 Address: 0x23755d748
  Set: 862 Way: 0 Address: 0x23755d780
  Set: 862 Way: 1 Address: 0x5588d780
  Set: 862 Way: 2 Address: 0x1add780
  Set: 863 Way: 0 Address: 0x23755d7f0
  Set: 864 Way: 0 Address: 0x23755d820
  Set: 864 Way: 1 Address: 0x5588d800
  Set: 864 Way: 2 Address: 0x1add800
  Set: 865 Way: 0 Address: 0x23755d860
  Set: 866 Way: 0 Address: 0x1add8b0
  Set: 867 Way: 0 Address: 0x23755d8c0
  Set: 870 Way: 0 Address: 0x23755d9b0
  Set: 870 Way: 1 Address: 0x5588d9b0
  Set: 871 Way: 0 Address: 0x23755d9c0
  Set: 871 Way: 1 Address: 0x5588d9c0
  Set: 872 Way: 0 Address: 0x5588da38
  Set: 872 Way: 1 Address: 0x1adda18
  Set: 873 Way: 0 Address: 0x5588da70
  Set: 873 Way: 1 Address: 0x23755da70
  Set: 873 Way: 2 Address: 0x1adda48
  Set: 874 Way: 0 Address: 0x5588da80
  Set: 874 Way: 1 Address: 0x23755daa8
  Set: 874 Way: 2 Address: 0x1adda90
  Set: 875 Way: 0 Address: 0x5588dae0
  Set: 875 Way: 1 Address: 0x1addad8
  Set: 876 Way: 0 Address: 0x23755db28
  Set: 876 Way: 1 Address: 0x5588db28
  Set: 876 Way: 2 Address: 0x1addb38
  Set: 877 Way: 0 Address: 0x23755db68
  Set: 877 Way: 1 Address: 0x5588db40
  Set: 877 Way: 2 Address: 0x1addb70
  Set: 878 Way: 0 Address: 0x23755db88
  Set: 878 Way: 1 Address: 0x5588db88
  Set: 878 Way: 2 Address: 0x1addb80
  Set: 879 Way: 0 Address: 0x23755dbf8
  Set: 879 Way: 1 Address: 0x5588dbd0
  Set: 879 Way: 2 Address: 0x1addbc8
  Set: 880 Way: 0 Address: 0x23755dc00
  Set: 880 Way: 1 Address: 0x5588dc30
  Set: 880 Way: 2 Address: 0x1addc28
  Set: 881 Way: 0 Address: 0x5588dc78
  Set: 881 Way: 1 Address: 0x1addc60
  Set: 882 Way: 0 Address: 0x1addc88
  Set: 883 Way: 0 Address: 0x1addcd0
  Set: 884 Way: 0 Address: 0x23755dd18
  Set: 884 Way: 1 Address: 0x1addd18
  Set: 885 Way: 0 Address: 0x1addd78
  Set: 886 Way: 0 Address: 0x1adddb0
  Set: 887 Way: 0 Address: 0x1adddc0
  Set: 888 Way: 0 Address: 0x1adde20
  Set: 889 Way: 0 Address: 0x1adde68
  Set: 890 Way: 0 Address: 0x1adde80
  Set: 891 Way: 0 Address: 0x1added0
  Set: 892 Way: 0 Address: 0x5588df38
  Set: 892 Way: 1 Address: 0x1addf28
  Set: 893 Way: 0 Address: 0x5588df48
  Set: 893 Way: 1 Address: 0x1addf78
  Set: 894 Way: 0 Address: 0x5588dfb0
  Set: 894 Way: 1 Address: 0x1addf88
  Set: 895 Way: 0 Address: 0x5588dff8
  Set: 895 Way: 1 Address: 0x1addfd0
  Set: 896 Way: 0 Address: 0x28b67e000
  Set: 896 Way: 1 Address: 0x1f919e001
  Set: 896 Way: 2 Address: 0x2f5d8e008
  Set: 897 Way: 0 Address: 0x1f919e060
  Set: 897 Way: 1 Address: 0x2f5d8e068
  Set: 898 Way: 0 Address: 0x1f919e083
  Set: 898 Way: 1 Address: 0x2f5d8e0b0
  Set: 899 Way: 0 Address: 0x1f919e0c3
  Set: 899 Way: 1 Address: 0x2f5d8e0c8
  Set: 900 Way: 0 Address: 0x1f919e103
  Set: 900 Way: 1 Address: 0x2f5d8e128
  Set: 901 Way: 0 Address: 0x1f919e166
  Set: 901 Way: 1 Address: 0x3734ee148
  Set: 901 Way: 2 Address: 0x2f5d8e170
  Set: 902 Way: 0 Address: 0x1f919e190
  Set: 902 Way: 1 Address: 0x2f5d8e188
  Set: 903 Way: 0 Address: 0x1f919e1c3
  Set: 903 Way: 1 Address: 0x2f5d8e1d0
  Set: 904 Way: 0 Address: 0x1f919e210
  Set: 904 Way: 1 Address: 0x2f5d8e218
  Set: 905 Way: 0 Address: 0x1c084e278
  Set: 905 Way: 1 Address: 0x2f5d8e248
  Set: 905 Way: 2 Address: 0x1f919e242
  Set: 906 Way: 0 Address: 0x1c084e280
  Set: 906 Way: 1 Address: 0x2f5d8e2b0
  Set: 906 Way: 2 Address: 0x1f919e289
  Set: 907 Way: 0 Address: 0x2f5d8e2f8
  Set: 907 Way: 1 Address: 0x1f919e2c1
  Set: 908 Way: 0 Address: 0x2f5d8e308
  Set: 908 Way: 1 Address: 0x1f919e300
  Set: 909 Way: 0 Address: 0x2f5d8e368
  Set: 909 Way: 1 Address: 0x1f919e342
  Set: 910 Way: 0 Address: 0x2f5d8e3b0
  Set: 910 Way: 1 Address: 0x1c084e380
  Set: 911 Way: 0 Address: 0x2f5d8e3c8
  Set: 911 Way: 1 Address: 0x1c084e3c0
  Set: 912 Way: 0 Address: 0x1c084e418
  Set: 912 Way: 1 Address: 0x2f5d8e410
  Set: 913 Way: 0 Address: 0x1c084e440
  Set: 913 Way: 1 Address: 0x2f5d8e458
  Set: 914 Way: 0 Address: 0x2f5d8e4b8
  Set: 914 Way: 1 Address: 0x1c084e480
  Set: 914 Way: 2 Address: 0x2db79e490
  Set: 915 Way: 0 Address: 0x2f5d8e4f0
  Set: 915 Way: 1 Address: 0x1c084e4e8
  Set: 916 Way: 0 Address: 0x2f5d8e500
  Set: 916 Way: 1 Address: 0x1c084e518
  Set: 917 Way: 0 Address: 0x3734ee578
  Set: 917 Way: 1 Address: 0x2f5d8e578
  Set: 917 Way: 2 Address: 0x1c084e548
  Set: 918 Way: 0 Address: 0x2f5d8e5b0
  Set: 918 Way: 1 Address: 0x1c084e580
  Set: 919 Way: 0 Address: 0x1c084e5d8
  Set: 919 Way: 1 Address: 0x2f5d8e5c0
  Set: 920 Way: 0 Address: 0x1c084e638
  Set: 920 Way: 1 Address: 0x2f5d8e620
  Set: 921 Way: 0 Address: 0x1c084e650
  Set: 921 Way: 1 Address: 0x2f5d8e668
  Set: 922 Way: 0 Address: 0x1c084e698
  Set: 922 Way: 1 Address: 0x2f5d8e680
  Set: 923 Way: 0 Address: 0x1c084e6c0
  Set: 923 Way: 1 Address: 0x2f5d8e6d0
  Set: 924 Way: 0 Address: 0x2f5d8e728
  Set: 924 Way: 1 Address: 0x1c084e710
  Set: 925 Way: 0 Address: 0x2f5d8e778
  Set: 925 Way: 1 Address: 0x1c084e770
  Set: 926 Way: 0 Address: 0x2f5d8e788
  Set: 926 Way: 1 Address: 0x1c084e7a8
  Set: 927 Way: 0 Address: 0x28b67e7f8
  Set: 927 Way: 1 Address: 0x2f5d8e7d0
  Set: 927 Way: 2 Address: 0x1c084e7c0
  Set: 928 Way: 0 Address: 0x1c084e818
  Set: 929 Way: 0 Address: 0x1c084e878
  Set: 930 Way: 0 Address: 0x1c084e888
  Set: 931 Way: 0 Address: 0x1c084e8f8
  Set: 932 Way: 0 Address: 0x1c084e938
  Set: 933 Way: 0 Address: 0x1c084e940
  Set: 938 Way: 0 Address: 0x2f5d8eaa0
  Set: 938 Way: 1 Address: 0x1c084eab8
  Set: 939 Way: 0 Address: 0x2f5d8ead0
  Set: 939 Way: 1 Address: 0x1c084eae8
  Set: 940 Way: 0 Address: 0x2f5d8eb18
  Set: 940 Way: 1 Address: 0x1c084eb10
  Set: 941 Way: 0 Address: 0x2f5d8eb60
  Set: 942 Way: 0 Address: 0x2f5d8ebb0
  Set: 943 Way: 0 Address: 0x2f5d8ebf8
  Set: 944 Way: 0 Address: 0x2f5d8ec08
  Set: 945 Way: 0 Address: 0x2f5d8ec70
  Set: 946 Way: 0 Address: 0x2f5d8ecb8
  Set: 947 Way: 0 Address: 0x2f5d8ecc8
  Set: 948 Way: 0 Address: 0x2f5d8ed28
  Set: 949 Way: 0 Address: 0x2f5d8ed78
  Set: 950 Way: 0 Address: 0x2f5d8ed80
  Set: 951 Way: 0 Address: 0x2f5d8edd0
  Set: 952 Way: 0 Address: 0x2f5d8ee00
  Set: 953 Way: 0 Address: 0x2f5d8ee48
  Set: 954 Way: 0 Address: 0x2f5d8ee80
  Set: 955 Way: 0 Address: 0x2f5d8eec0
  Set: 956 Way: 0 Address: 0x2f5d8ef00
  Set: 957 Way: 0 Address: 0x2f5d8ef40
  Set: 958 Way: 0 Address: 0x2f5d8ef98
  Set: 959 Way: 0 Address: 0x2f5d8efe0
  Set: 960 Way: 0 Address: 0x143ef010
  Set: 964 Way: 0 Address: 0x16390f110
  Set: 964 Way: 1 Address: 0x143ef130
  Set: 964 Way: 2 Address: 0x23756f108
  Set: 965 Way: 0 Address: 0x143ef150
  Set: 966 Way: 0 Address: 0x143ef180
  Set: 967 Way: 0 Address: 0x143ef1c0
  Set: 968 Way: 0 Address: 0x143ef200
  Set: 969 Way: 0 Address: 0x143ef240
  Set: 970 Way: 0 Address: 0x143ef298
  Set: 971 Way: 0 Address: 0x143ef2c8
  Set: 972 Way: 0 Address: 0x143ef328
  Set: 973 Way: 0 Address: 0x143ef370
  Set: 974 Way: 0 Address: 0x143ef3b8
  Set: 975 Way: 0 Address: 0x143ef3f8
  Set: 976 Way: 0 Address: 0x143ef430
  Set: 977 Way: 0 Address: 0xee86f450
  Set: 977 Way: 1 Address: 0x143ef478
  Set: 978 Way: 0 Address: 0xee86f480
  Set: 978 Way: 1 Address: 0x143ef480
  Set: 978 Way: 2 Address: 0x22272f4b0
  Set: 979 Way: 0 Address: 0x143ef4c0
  Set: 980 Way: 0 Address: 0x143ef500
  Set: 981 Way: 0 Address: 0x143ef540
  Set: 982 Way: 0 Address: 0x143ef5b8
  Set: 983 Way: 0 Address: 0x143ef5f8
  Set: 984 Way: 0 Address: 0x143ef630
  Set: 985 Way: 0 Address: 0x143ef670
  Set: 986 Way: 0 Address: 0x143ef690
  Set: 987 Way: 0 Address: 0x143ef6e0
  Set: 988 Way: 0 Address: 0x143ef700
  Set: 989 Way: 0 Address: 0x143ef768
  Set: 990 Way: 0 Address: 0x143ef780
  Set: 991 Way: 0 Address: 0x143ef7c0
  Set: 992 Way: 0 Address: 0x143ef800
  Set: 993 Way: 0 Address: 0x143ef870
  Set: 994 Way: 0 Address: 0x143ef888
  Set: 998 Way: 0 Address: 0x143ef9a0
EndCache
Cache: cpu0_L1I
  Set: 0 Way: 0 Address: 0x1f919e02a
  Set: 1 Way: 0 Address: 0x1f919e074
  Set: 2 Way: 0 Address: 0x1f919e0a1
  Set: 3 Way: 0 Address: 0x1f919e0c3
  Set: 4 Way: 0 Address: 0x1f919e132
  Set: 5 Way: 0 Address: 0x1f919e166
  Set: 6 Way: 0 Address: 0x1f919e1a9
  Set: 7 Way: 0 Address: 0x1f919e1c3
  Set: 8 Way: 0 Address: 0x1f919e210
  Set: 9 Way: 0 Address: 0x1f919e242
  Set: 10 Way: 0 Address: 0x1f919e289
  Set: 11 Way: 0 Address: 0x1f919e2c1
  Set: 12 Way: 0 Address: 0x1f919e323
  Set: 13 Way: 0 Address: 0x1f919e342
  Set: 26 Way: 0 Address: 0x223eda6a5
  Set: 63 Way: 0 Address: 0x223edaff9
EndCache
Cache: cpu0_L1D
  Set: 0 Way: 0 Address: 0x6d0c2030
  Set: 0 Way: 1 Address: 0x12c6fc000
  Set: 0 Way: 2 Address: 0x257713030
  Set: 0 Way: 3 Address: 0x195f15010
  Set: 0 Way: 4 Address: 0x23755d020
  Set: 0 Way: 5 Address: 0x143ef010
  Set: 0 Way: 6 Address: 0x1aafb8030
  Set: 0 Way: 7 Address: 0x1add000
  Set: 0 Way: 8 Address: 0x14bb10020
  Set: 0 Way: 9 Address: 0x2177f0030
  Set: 0 Way: 10 Address: 0x2f5d8e008
  Set: 0 Way: 11 Address: 0x5588d020
  Set: 1 Way: 0 Address: 0x113201050
  Set: 1 Way: 1 Address: 0x263c13048
  Set: 1 Way: 2 Address: 0x201598068
  Set: 1 Way: 3 Address: 0x1aafb8078
  Set: 1 Way: 4 Address: 0x14bb10060
  Set: 1 Way: 5 Address: 0x2f5d8e068
  Set: 1 Way: 6 Address: 0x23755d050
  Set: 1 Way: 7 Address: 0x5588d078
  Set: 1 Way: 8 Address: 0x1add040
  Set: 1 Way: 9 Address: 0x6d0c2068
  Set: 1 Way: 10 Address: 0x12c6fc040
  Set: 1 Way: 11 Address: 0x257713070
  Set: 2 Way: 0 Address: 0x195f15088
  Set: 2 Way: 1 Address: 0x9cff2088
  Set: 2 Way: 2 Address: 0x1aafb8088
  Set: 2 Way: 3 Address: 0x14bb10080
  Set: 2 Way: 4 Address: 0x2f5d8e0b0
  Set: 2 Way: 5 Address: 0x3b377b080
  Set: 2 Way: 6 Address: 0x5588d080
  Set: 2 Way: 7 Address: 0x6d0c2090
  Set: 2 Way: 8 Address: 0x12c6fc080
  Set: 2 Way: 9 Address: 0x2577130b0
  Set: 3 Way: 0 Address: 0x1aafb80f0
  Set: 3 Way: 1 Address: 0x14bb100f8
  Set: 3 Way: 2 Address: 0x3b377b0c0
  Set: 3 Way: 3 Address: 0x2f5d8e0c8
  Set: 3 Way: 4 Address: 0x5588d0d8
  Set: 3 Way: 5 Address: 0x6d0c20f0
  Set: 3 Way: 6 Address: 0x12c6fc0c0
  Set: 3 Way: 7 Address: 0x2577130f0
  Set: 4 Way: 0 Address: 0x3d87a6100
  Set: 4 Way: 1 Address: 0x143ef130
  Set: 4 Way: 2 Address: 0x1aafb8138
  Set: 4 Way: 3 Address: 0x14bb10108
  Set: 4 Way: 4 Address: 0x3b377b100
  Set: 4 Way: 5 Address: 0x2f5d8e128
  Set: 4 Way: 6 Address: 0x257713100
  Set: 4 Way: 7 Address: 0x5588d120
  Set: 4 Way: 8 Address: 0x6d0c2110
  Set: 4 Way: 9 Address: 0x23756f108
  Set: 4 Way: 10 Address: 0x3b0803138
  Set: 4 Way: 11 Address: 0x12c6fc100
  Set: 5 Way: 0 Address: 0x12c6fc140
  Set: 5 Way: 1 Address: 0x257713140
  Set: 5 Way: 2 Address: 0x143ef150
  Set: 5 Way: 3 Address: 0x1aafb8148
  Set: 5 Way: 4 Address: 0x43736168
  Set: 5 Way: 5 Address: 0x14bb10140
  Set: 5 Way: 6 Address: 0x2f5d8e160
  Set: 5 Way: 7 Address: 0x3b377b140
  Set: 5 Way: 8 Address: 0x23755d140
  Set: 5 Way: 9 Address: 0x5588d150
  Set: 5 Way: 10 Address: 0x6d0c2178
  Set: 5 Way: 11 Address: 0x3b0803140
  Set: 6 Way: 0 Address: 0x1aafb81a8
  Set: 6 Way: 1 Address: 0x143ef180
  Set: 6 Way: 2 Address: 0x43736198
  Set: 6 Way: 3 Address: 0x3b377b1b8
  Set: 6 Way: 4 Address: 0x2f5d8e188
  Set: 6 Way: 5 Address: 0x23755d180
  Set: 6 Way: 6 Address: 0x5588d1b0
  Set: 6 Way: 7 Address: 0x12c6fc180
  Set: 6 Way: 8 Address: 0x257713180
  Set: 7 Way: 0 Address: 0x143ef1c0
  Set: 7 Way: 1 Address: 0x1aafb81f0
  Set: 7 Way: 2 Address: 0x437361f8
  Set: 7 Way: 3 Address: 0x14bb101c0
  Set: 7 Way: 4 Address: 0x2f5d8e1d0
  Set: 7 Way: 5 Address: 0x3b377b1f0
  Set: 7 Way: 6 Address: 0x23755d1d0
  Set: 7 Way: 7 Address: 0x5588d1f8
  Set: 7 Way: 8 Address: 0x1b0f151d8
  Set: 7 Way: 9 Address: 0x342b401d8
  Set: 7 Way: 10 Address: 0x12c6fc1c0
  Set: 7 Way: 11 Address: 0x2577131c0
  Set: 8 Way: 0 Address: 0x12c6fc21c
  Set: 8 Way: 1 Address: 0x143ef200
  Set: 8 Way: 2 Address: 0x1aafb8208
  Set: 8 Way: 3 Address: 0x43736200
  Set: 8 Way: 4 Address: 0x2f5d8e218
  Set: 8 Way: 5 Address: 0x14bb10200
  Set: 8 Way: 6 Address: 0x3b377b200
  Set: 8 Way: 7 Address: 0x5588d210
  Set: 8 Way: 8 Address: 0x23755d208
  Set: 8 Way: 9 Address: 0x257713200
  Set: 9 Way: 0 Address: 0x12c6fc240
  Set: 9 Way: 1 Address: 0x143ef250
  Set: 9 Way: 2 Address: 0x1aafb8250
  Set: 9 Way: 3 Address: 0x14bb10240
  Set: 9 Way: 4 Address: 0x1c084e278
  Set: 9 Way: 5 Address: 0x2f5d8e248
  Set: 9 Way: 6 Address: 0x3b377b268
  Set: 9 Way: 7 Address: 0x23755d278
  Set: 9 Way: 8 Address: 0x5588d258
  Set: 9 Way: 9 Address: 0x257713240
  Set: 10 Way: 0 Address: 0x143ef298
  Set: 10 Way: 1 Address: 0x12c6fc280
  Set: 10 Way: 2 Address: 0x1aafb8298
  Set: 10 Way: 3 Address: 0x23755d288
  Set: 10 Way: 4 Address: 0x14bb10280
  Set: 10 Way: 5 Address: 0x1c084e280
  Set: 10 Way: 6 Address: 0x2f5d8e2b0
  Set: 10 Way: 7 Address: 0x3b377b2b0
  Set: 10 Way: 8 Address: 0x5588d2a0
  Set: 10 Way: 9 Address: 0x257713280
  Set: 11 Way: 0 Address: 0x12c6fc2c8
  Set: 11 Way: 1 Address: 0x143ef2f0
  Set: 11 Way: 2 Address: 0x1aafb82f8
  Set: 11 Way: 3 Address: 0x2f5d8e2f8
  Set: 11 Way: 4 Address: 0x3b377b2d0
  Set: 11 Way: 5 Address: 0x5588d2f0
  Set: 11 Way: 6 Address: 0x23755d2f8
  Set: 11 Way: 7 Address: 0x2577132f0
  Set: 12 Way: 0 Address: 0x1aafb8330
  Set: 12 Way: 1 Address: 0x143ef328
  Set: 12 Way: 2 Address: 0x12c6fc304
  Set: 12 Way: 3 Address: 0x2f5d8e308
  Set: 12 Way: 4 Address: 0x23755d300
  Set: 12 Way: 5 Address: 0x5588d338
  Set: 12 Way: 6 Address: 0x1add328
  Set: 12 Way: 7 Address: 0x257713330
  Set: 13 Way: 0 Address: 0x1aafb8340
  Set: 13 Way: 1 Address: 0x143ef378
  Set: 13 Way: 2 Address: 0x43736378
  Set: 13 Way: 3 Address: 0x2f5d8e368
  Set: 13 Way: 4 Address: 0x12c6fc344
  Set: 13 Way: 5 Address: 0x5588d348
  Set: 13 Way: 6 Address: 0x23755d350
  Set: 13 Way: 7 Address: 0x257713370
  Set: 13 Way: 8 Address: 0x312099340
  Set: 14 Way: 0 Address: 0x143ef3b8
  Set: 14 Way: 1 Address: 0x1aafb8388
  Set: 14 Way: 2 Address: 0x437363b8
  Set: 14 Way: 3 Address: 0x2f5d8e3b0
  Set: 14 Way: 4 Address: 0x1c084e380
  Set: 14 Way: 5 Address: 0x5588d3a8
  Set: 14 Way: 6 Address: 0x23755d3b0
  Set: 14 Way: 7 Address: 0x2577133b0
  Set: 14 Way: 8 Address: 0x312099380
  Set: 15 Way: 0 Address: 0x143ef3f8
  Set: 15 Way: 1 Address: 0x1aafb83d0
  Set: 15 Way: 2 Address: 0x437363c0
  Set: 15 Way: 3 Address: 0x1ab443d8
  Set: 15 Way: 4 Address: 0x2f5d8e3c8
  Set: 15 Way: 5 Address: 0x1c084e3c0
  Set: 15 Way: 6 Address: 0x5588d3f0
  Set: 15 Way: 7 Address: 0x23755d3f8
  Set: 15 Way: 8 Address: 0x2577133d8
  Set: 15 Way: 9 Address: 0x3120993c0
  Set: 16 Way: 0 Address: 0x143ef430
  Set: 16 Way: 1 Address: 0x1aafb8408
  Set: 16 Way: 2 Address: 0x1c084e418
  Set: 16 Way: 3 Address: 0x2f5d8e410
  Set: 16 Way: 4 Address: 0x5588d408
  Set: 16 Way: 5 Address: 0x23755d428
  Set: 16 Way: 6 Address: 0x6d0c2438
  Set: 16 Way: 7 Address: 0x3232f3418
  Set: 16 Way: 8 Address: 0x257713400
  Set: 16 Way: 9 Address: 0x312099400
  Set: 17 Way: 0 Address: 0x312099440
  Set: 17 Way: 1 Address: 0xee86f450
  Set: 17 Way: 2 Address: 0x143ef478
  Set: 17 Way: 3 Address: 0x3dae66448
  Set: 17 Way: 4 Address: 0x3c1074448
  Set: 17 Way: 5 Address: 0x1aafb8478
  Set: 17 Way: 6 Address: 0x1c084e440
  Set: 17 Way: 7 Address: 0x2f5d8e458
  Set: 17 Way: 8 Address: 0x5588d468
  Set: 17 Way: 9 Address: 0x23755d460
  Set: 17 Way: 10 Address: 0x6d0c2448
  Set: 17 Way: 11 Address: 0x257713440
  Set: 18 Way: 0 Address: 0xbeea7498
  Set: 18 Way: 1 Address: 0x1add490
  Set: 18 Way: 2 Address: 0x22272f4b0
  Set: 18 Way: 3 Address: 0x2db79e490
  Set: 18 Way: 4 Address: 0x5588d4a0
  Set: 18 Way: 5 Address: 0x848964b0
  Set: 18 Way: 6 Address: 0x1b0f154b0
  Set: 18 Way: 7 Address: 0x257713480
  Set: 18 Way: 8 Address: 0x23755d4b8
  Set: 18 Way: 9 Address: 0x312099480
  Set: 18 Way: 10 Address: 0x1c084e480
  Set: 18 Way: 11 Address: 0x6d0c24a0
  Set: 19 Way: 0 Address: 0x3120994c0
  Set: 19 Way: 1 Address: 0x1aafb84c0
  Set: 19 Way: 2 Address: 0x437364e8
  Set: 19 Way: 3 Address: 0x6d0c24f8
  Set: 19 Way: 4 Address: 0x211d164c8
  Set: 19 Way: 5 Address: 0x133c924c0
  Set: 19 Way: 6 Address: 0x1add4e0
  Set: 19 Way: 7 Address: 0x1ab444f8
  Set: 19 Way: 8 Address: 0x2f5d8e4f0
  Set: 19 Way: 9 Address: 0x1c084e4f8
  Set: 19 Way: 10 Address: 0x5588d4c8
  Set: 19 Way: 11 Address: 0x2577134c0
  Set: 20 Way: 0 Address: 0x143ef500
  Set: 20 Way: 1 Address: 0x43736500
  Set: 20 Way: 2 Address: 0x1aafb8510
  Set: 20 Way: 3 Address: 0x1ab44500
  Set: 20 Way: 4 Address: 0x2f5d8e500
  Set: 20 Way: 5 Address: 0x312099500
  Set: 20 Way: 6 Address: 0x23755d530
  Set: 20 Way: 7 Address: 0x5588d510
  Set: 20 Way: 8 Address: 0x6d0c2508
  Set: 20 Way: 9 Address: 0x1add538
  Set: 20 Way: 10 Address: 0x27d4c6530
  Set: 20 Way: 11 Address: 0x257713500
  Set: 21 Way: 0 Address: 0x5588d558
  Set: 21 Way: 1 Address: 0x1add550
  Set: 21 Way: 2 Address: 0x257713540
  Set: 21 Way: 3 Address: 0x312099540
  Set: 21 Way: 4 Address: 0x43736540
  Set: 21 Way: 5 Address: 0x354d35560
  Set: 21 Way: 6 Address: 0x276ff7568
  Set: 21 Way: 7 Address: 0x6d0c2570
  Set: 21 Way: 8 Address: 0x1ab44550
  Set: 21 Way: 9 Address: 0x2f5d8e568
  Set: 21 Way: 10 Address: 0x1c084e548
  Set: 21 Way: 11 Address: 0x23755d550
  Set: 22 Way: 0 Address: 0x312099580
  Set: 22 Way: 1 Address: 0x43736580
  Set: 22 Way: 2 Address: 0x1aafb85b8
  Set: 22 Way: 3 Address: 0x143ef5b8
  Set: 22 Way: 4 Address: 0x2f5d8e5b0
  Set: 22 Way: 5 Address: 0x1c084e580
  Set: 22 Way: 6 Address: 0x1ab445b0
  Set: 22 Way: 7 Address: 0x23755d598
  Set: 22 Way: 8 Address: 0x5588d588
  Set: 22 Way: 9 Address: 0x6d0c2588
  Set: 22 Way: 10 Address: 0x1add598
  Set: 22 Way: 11 Address: 0x257713580
  Set: 23 Way: 0 Address: 0x437365c0
  Set: 23 Way: 1 Address: 0x143ef5f8
  Set: 23 Way: 2 Address: 0x1aafb85c8
  Set: 23 Way: 3 Address: 0x6d0c25f8
  Set: 23 Way: 4 Address: 0x1ab445f8
  Set: 23 Way: 5 Address: 0x1c084e5e8
  Set: 23 Way: 6 Address: 0x2f5d8e5c0
  Set: 23 Way: 7 Address: 0x23755d5f0
  Set: 23 Way: 8 Address: 0x5588d5c0
  Set: 23 Way: 9 Address: 0x1add5e0
  Set: 23 Way: 10 Address: 0x2577135c0
  Set: 23 Way: 11 Address: 0x3120995c0
  Set: 24 Way: 0 Address: 0x43736600
  Set: 24 Way: 1 Address: 0x1aafb8610
  Set: 24 Way: 2 Address: 0x143ef630
  Set: 24 Way: 3 Address: 0x1ab44608
  Set: 24 Way: 4 Address: 0x1c084e638
  Set: 24 Way: 5 Address: 0x2f5d8e620
  Set: 24 Way: 6 Address: 0x23755d638
  Set: 24 Way: 7 Address: 0x5588d618
  Set: 24 Way: 8 Address: 0x257713600
  Set: 24 Way: 9 Address: 0x312099600
  Set: 25 Way: 0 Address: 0x43736640
  Set: 25 Way: 1 Address: 0x143ef678
  Set: 25 Way: 2 Address: 0x1aafb8640
  Set: 25 Way: 3 Address: 0xc7078674
  Set: 25 Way: 4 Address: 0x1c084e660
  Set: 25 Way: 5 Address: 0x2f5d8e668
  Set: 25 Way: 6 Address: 0x23755d660
  Set: 25 Way: 7 Address: 0x5588d678
  Set: 25 Way: 8 Address: 0x257713640
  Set: 25 Way: 9 Address: 0x312099640
  Set: 26 Way: 0 Address: 0x437366a0
  Set: 26 Way: 1 Address: 0x143ef690
  Set: 26 Way: 2 Address: 0x1aafb8688
  Set: 26 Way: 3 Address: 0xc70786b0
  Set: 26 Way: 4 Address: 0x1c084e6b8
  Set: 26 Way: 5 Address: 0x2f5d8e680
  Set: 26 Way: 6 Address: 0x5588d6b8
  Set: 26 Way: 7 Address: 0x23755d6b0
  Set: 26 Way: 8 Address: 0x6d0c2690
  Set: 26 Way: 9 Address: 0x257713680
  Set: 26 Way: 10 Address: 0x312099680
  Set: 27 Way: 0 Address: 0x143ef6e0
  Set: 27 Way: 1 Address: 0x1aafb86c0
  Set: 27 Way: 2 Address: 0x5588d6c0
  Set: 27 Way: 3 Address: 0xc70786c0
  Set: 27 Way: 4 Address: 0x1c084e6c0
  Set: 27 Way: 5 Address: 0x2f5d8e6d0
  Set: 27 Way: 6 Address: 0x23755d6f8
  Set: 27 Way: 7 Address: 0x6d0c26f0
  Set: 27 Way: 8 Address: 0x2577136c0
  Set: 27 Way: 9 Address: 0x3120996c0
  Set: 28 Way: 0 Address: 0x312099700
  Set: 28 Way: 1 Address: 0xc7078724
  Set: 28 Way: 2 Address: 0x143ef700
  Set: 28 Way: 3 Address: 0x1aafb8730
  Set: 28 Way: 4 Address: 0x2f5d8e718
  Set: 28 Way: 5 Address: 0x1c084e710
  Set: 28 Way: 6 Address: 0x23755d718
  Set: 28 Way: 7 Address: 0x5588d700
  Set: 28 Way: 8 Address: 0x6d0c2738
  Set: 28 Way: 9 Address: 0x1add700
  Set: 28 Way: 10 Address: 0xc0d9b730
  Set: 28 Way: 11 Address: 0x257713700
  Set: 29 Way: 0 Address: 0x257713740
  Set: 29 Way: 1 Address: 0x6d0c2770
  Set: 29 Way: 2 Address: 0x1aafb8778
  Set: 29 Way: 3 Address: 0xc7078760
  Set: 29 Way: 4 Address: 0x143ef768
  Set: 29 Way: 5 Address: 0x2f5d8e778
  Set: 29 Way: 6 Address: 0x1c084e778
  Set: 29 Way: 7 Address: 0x23755d748
  Set: 29 Way: 8 Address: 0x312099740
  Set: 29 Way: 9 Address: 0x2c9898768
  Set: 29 Way: 10 Address: 0xc0d9b740
  Set: 29 Way: 11 Address: 0x1064c2770
  Set: 30 Way: 0 Address: 0x43736798
  Set: 30 Way: 1 Address: 0x6d0c27a0
  Set: 30 Way: 2 Address: 0x143ef780
  Set: 30 Way: 3 Address: 0xc7078780
  Set: 30 Way: 4 Address: 0x1aafb8790
  Set: 30 Way: 5 Address: 0x2f5d8e788
  Set: 30 Way: 6 Address: 0x1c084e7a8
  Set: 30 Way: 7 Address: 0x23755d798
  Set: 30 Way: 8 Address: 0x5588d780
  Set: 30 Way: 9 Address: 0x1add780
  Set: 30 Way: 10 Address: 0x257713780
  Set: 30 Way: 11 Address: 0x312099780
  Set: 31 Way: 0 Address: 0x28b67e7f8
  Set: 31 Way: 1 Address: 0x1d89da7f8
  Set: 31 Way: 2 Address: 0xc70787d4
  Set: 31 Way: 3 Address: 0x437367c0
  Set: 31 Way: 4 Address: 0x6d0c27f8
  Set: 31 Way: 5 Address: 0x143ef7c0
  Set: 31 Way: 6 Address: 0x1aafb87e0
  Set: 31 Way: 7 Address: 0x2f5d8e7d0
  Set: 31 Way: 8 Address: 0x1c084e7c0
  Set: 31 Way: 9 Address: 0x23755d7f0
  Set: 31 Way: 10 Address: 0x2577137c0
  Set: 31 Way: 11 Address: 0x3120997c0
  Set: 32 Way: 0 Address: 0xc7078810
  Set: 32 Way: 1 Address: 0x6d0c2808
  Set: 32 Way: 2 Address: 0x1aafb8828
  Set: 32 Way: 3 Address: 0x143ef800
  Set: 32 Way: 4 Address: 0x1c084e818
  Set: 32 Way: 5 Address: 0x23755d820
  Set: 32 Way: 6 Address: 0x5588d800
  Set: 32 Way: 7 Address: 0x1add800
  Set: 32 Way: 8 Address: 0x257713800
  Set: 32 Way: 9 Address: 0x312099800
  Set: 33 Way: 0 Address: 0x195f15858
  Set: 33 Way: 1 Address: 0x3de4d4858
  Set: 33 Way: 2 Address: 0x9cff2860
  Set: 33 Way: 3 Address: 0xc7078840
  Set: 33 Way: 4 Address: 0xf6e81860
  Set: 33 Way: 5 Address: 0x6d0c2870
  Set: 33 Way: 6 Address: 0x143ef878
  Set: 33 Way: 7 Address: 0x1aafb8850
  Set: 33 Way: 8 Address: 0x1c084e878
  Set: 33 Way: 9 Address: 0x23755d840
  Set: 33 Way: 10 Address: 0x257713840
  Set: 33 Way: 11 Address: 0x312099840
  Set: 34 Way: 0 Address: 0xc7078884
  Set: 34 Way: 1 Address: 0x6d0c28b8
  Set: 34 Way: 2 Address: 0x1aafb8888
  Set: 34 Way: 3 Address: 0x143ef888
  Set: 34 Way: 4 Address: 0x1c084e888
  Set: 34 Way: 5 Address: 0x1add8b0
  Set: 34 Way: 6 Address: 0x257713880
  Set: 34 Way: 7 Address: 0x312099880
  Set: 35 Way: 0 Address: 0xc70788e8
  Set: 35 Way: 1 Address: 0x1aafb88e8
  Set: 35 Way: 2 Address: 0x6d0c28d0
  Set: 35 Way: 3 Address: 0x1c084e8f8
  Set: 35 Way: 4 Address: 0x23755d8e0
  Set: 35 Way: 5 Address: 0x2577138c0
  Set: 35 Way: 6 Address: 0x3120998c0
  Set: 36 Way: 0 Address: 0xc7078934
  Set: 36 Way: 1 Address: 0x6d0c2918
  Set: 36 Way: 2 Address: 0x1aafb8910
  Set: 36 Way: 3 Address: 0x1c084e938
  Set: 36 Way: 4 Address: 0x257713900
  Set: 36 Way: 5 Address: 0x312099900
  Set: 37 Way: 0 Address: 0xc7078940
  Set: 37 Way: 1 Address: 0x6d0c2968
  Set: 37 Way: 2 Address: 0x1aafb8940
  Set: 37 Way: 3 Address: 0x1c084e948
  Set: 37 Way: 4 Address: 0x1ab44978
  Set: 37 Way: 5 Address: 0x257713940
  Set: 37 Way: 6 Address: 0x312099940
  Set: 38 Way: 0 Address: 0xc7078980
  Set: 38 Way: 1 Address: 0x6d0c2998
  Set: 38 Way: 2 Address: 0x1aafb8988
  Set: 38 Way: 3 Address: 0x143ef9a0
  Set: 38 Way: 4 Address: 0x1ab44980
  Set: 38 Way: 5 Address: 0x23755d9b0
  Set: 38 Way: 6 Address: 0x5588d9b0
  Set: 38 Way: 7 Address: 0x257713980
  Set: 38 Way: 8 Address: 0x312099980
  Set: 39 Way: 0 Address: 0xc70789c8
  Set: 39 Way: 1 Address: 0x6d0c29d0
  Set: 39 Way: 2 Address: 0x1aafb89c0
  Set: 39 Way: 3 Address: 0x23755d9c0
  Set: 39 Way: 4 Address: 0x5588d9c0
  Set: 39 Way: 5 Address: 0x2577139c0
  Set: 39 Way: 6 Address: 0x3120999c0
  Set: 40 Way: 0 Address: 0xc7078a08
  Set: 40 Way: 1 Address: 0x6d0c2a38
  Set: 40 Way: 2 Address: 0x1aafb8a30
  Set: 40 Way: 3 Address: 0x1ab44a18
  Set: 40 Way: 4 Address: 0x5588da28
  Set: 40 Way: 5 Address: 0x1adda18
  Set: 40 Way: 6 Address: 0x257713a00
  Set: 40 Way: 7 Address: 0x312099a00
  Set: 41 Way: 0 Address: 0xc7078a78
  Set: 41 Way: 1 Address: 0x6d0c2a50
  Set: 41 Way: 2 Address: 0x1aafb8a78
  Set: 41 Way: 3 Address: 0x5588da70
  Set: 41 Way: 4 Address: 0x23755da70
  Set: 41 Way: 5 Address: 0x1adda48
  Set: 41 Way: 6 Address: 0x257713a40
  Set: 41 Way: 7 Address: 0x312099a40
  Set: 42 Way: 0 Address: 0x6d0c2aa0
  Set: 42 Way: 1 Address: 0xc7078aa8
  Set: 42 Way: 2 Address: 0x1aafb8a80
  Set: 42 Way: 3 Address: 0x2f5d8eaa0
  Set: 42 Way: 4 Address: 0x1c084eab8
  Set: 42 Way: 5 Address: 0x5588da80
  Set: 42 Way: 6 Address: 0x23755daa8
  Set: 42 Way: 7 Address: 0x1adda80
  Set: 42 Way: 8 Address: 0x257713a80
  Set: 42 Way: 9 Address: 0x312099a80
  Set: 43 Way: 0 Address: 0x6d0c2ae0
  Set: 43 Way: 1 Address: 0xc7078ae0
  Set: 43 Way: 2 Address: 0x1aafb8ad8
  Set: 43 Way: 3 Address: 0x2f5d8eac0
  Set: 43 Way: 4 Address: 0x1c084eaf8
  Set: 43 Way: 5 Address: 0x5588dae0
  Set: 43 Way: 6 Address: 0x1addad8
  Set: 43 Way: 7 Address: 0x257713ac0
  Set: 43 Way: 8 Address: 0x312099ac0
  Set: 44 Way: 0 Address: 0xc7078b28
  Set: 44 Way: 1 Address: 0x1aafb8b20
  Set: 44 Way: 2 Address: 0x2f5d8eb18
  Set: 44 Way: 3 Address: 0x1c084eb10
  Set: 44 Way: 4 Address: 0x23755db28
  Set: 44 Way: 5 Address: 0x5588db28
  Set: 44 Way: 6 Address: 0x6d0c2b00
  Set: 44 Way: 7 Address: 0x1addb38
  Set: 44 Way: 8 Address: 0x3bdd78b38
  Set: 44 Way: 9 Address: 0x257713b24
  Set: 44 Way: 10 Address: 0x312099b00
  Set: 45 Way: 0 Address: 0x1aafb8b70
  Set: 45 Way: 1 Address: 0x6d0c2b70
  Set: 45 Way: 2 Address: 0xc7078b58
  Set: 45 Way: 3 Address: 0x2f5d8eb50
  Set: 45 Way: 4 Address: 0x23755db68
  Set: 45 Way: 5 Address: 0x5588db40
  Set: 45 Way: 6 Address: 0x1addb70
  Set: 45 Way: 7 Address: 0x3bdd78b48
  Set: 45 Way: 8 Address: 0x257713b68
  Set: 45 Way: 9 Address: 0x312099b40
  Set: 46 Way: 0 Address: 0x1aafb8bb8
  Set: 46 Way: 1 Address: 0x6d0c2b90
  Set: 46 Way: 2 Address: 0xc7078b90
  Set: 46 Way: 3 Address: 0x2f5d8ebb0
  Set: 46 Way: 4 Address: 0x23755db80
  Set: 46 Way: 5 Address: 0x5588db88
  Set: 46 Way: 6 Address: 0x1addb80
  Set: 46 Way: 7 Address: 0x3bdd78ba0
  Set: 46 Way: 8 Address: 0x257713ba4
  Set: 46 Way: 9 Address: 0x312099b80
  Set: 47 Way: 0 Address: 0x292959bd4
  Set: 47 Way: 1 Address: 0x1aafb8bc0
  Set: 47 Way: 2 Address: 0xc7078bc0
  Set: 47 Way: 3 Address: 0x6d0c2bc8
  Set: 47 Way: 4 Address: 0x2f5d8ebf8
  Set: 47 Way: 5 Address: 0x23755dbf8
  Set: 47 Way: 6 Address: 0x5588dbd0
  Set: 47 Way: 7 Address: 0x1addbc8
  Set: 47 Way: 8 Address: 0x3bdd78bc0
  Set: 47 Way: 9 Address: 0x257713bf8
  Set: 47 Way: 10 Address: 0x312099bc0
  Set: 48 Way: 0 Address: 0x1aafb8c30
  Set: 48 Way: 1 Address: 0xc7078c00
  Set: 48 Way: 2 Address: 0x2f5d8ec08
  Set: 48 Way: 3 Address: 0x23755dc00
  Set: 48 Way: 4 Address: 0x5588dc30
  Set: 48 Way: 5 Address: 0x43736c00
  Set: 48 Way: 6 Address: 0x6d0c2c00
  Set: 48 Way: 7 Address: 0x1addc18
  Set: 48 Way: 8 Address: 0x257713c28
  Set: 48 Way: 9 Address: 0x312099c00
  Set: 49 Way: 0 Address: 0x29484cc50
  Set: 49 Way: 1 Address: 0x1aafb8c78
  Set: 49 Way: 2 Address: 0xc7078c40
  Set: 49 Way: 3 Address: 0x2f5d8ec70
  Set: 49 Way: 4 Address: 0x5588dc68
  Set: 49 Way: 5 Address: 0x6d0c2c58
  Set: 49 Way: 6 Address: 0x1addc60
  Set: 49 Way: 7 Address: 0x3bdd78c70
  Set: 49 Way: 8 Address: 0x257713c64
  Set: 49 Way: 9 Address: 0x312099c40
  Set: 50 Way: 0 Address: 0x1aafb8c88
  Set: 50 Way: 1 Address: 0xc7078c80
  Set: 50 Way: 2 Address: 0x2f5d8ecb8
  Set: 50 Way: 3 Address: 0x6d0c2c80
  Set: 50 Way: 4 Address: 0x1addc88
  Set: 50 Way: 5 Address: 0x3bdd78ca8
  Set: 50 Way: 6 Address: 0x257713ca8
  Set: 50 Way: 7 Address: 0x312099c80
  Set: 51 Way: 0 Address: 0x1aafb8ce8
  Set: 51 Way: 1 Address: 0x43736cf0
  Set: 51 Way: 2 Address: 0xc7078cc0
  Set: 51 Way: 3 Address: 0x2f5d8ecc8
  Set: 51 Way: 4 Address: 0x6d0c2cf8
  Set: 51 Way: 5 Address: 0x1addcd0
  Set: 51 Way: 6 Address: 0x257713ce4
  Set: 51 Way: 7 Address: 0x312099cc0
  Set: 52 Way: 0 Address: 0x1aafb8d38
  Set: 52 Way: 1 Address: 0x43736d28
  Set: 52 Way: 2 Address: 0xc7078d00
  Set: 52 Way: 3 Address: 0x2f5d8ed28
  Set: 52 Way: 4 Address: 0x23755dd18
  Set: 52 Way: 5 Address: 0x6d0c2d00
  Set: 52 Way: 6 Address: 0x1addd18
  Set: 52 Way: 7 Address: 0x257713d28
  Set: 52 Way: 8 Address: 0x312099d00
  Set: 53 Way: 0 Address: 0x1aafb8d48
  Set: 53 Way: 1 Address: 0x43736d40
  Set: 53 Way: 2 Address: 0x2f5d8ed78
  Set: 53 Way: 3 Address: 0xc7078d40
  Set: 53 Way: 4 Address: 0x1ab44d60
  Set: 53 Way: 5 Address: 0x6d0c2d60
  Set: 53 Way: 6 Address: 0x1addd68
  Set: 53 Way: 7 Address: 0x3bdd78d68
  Set: 53 Way: 8 Address: 0x257713d64
  Set: 53 Way: 9 Address: 0x312099d40
  Set: 54 Way: 0 Address: 0x1aafb8db0
  Set: 54 Way: 1 Address: 0x43736db8
  Set: 54 Way: 2 Address: 0x2f5d8ed80
  Set: 54 Way: 3 Address: 0xc7078d80
  Set: 54 Way: 4 Address: 0x6d0c2d98
  Set: 54 Way: 5 Address: 0x1adddb0
  Set: 54 Way: 6 Address: 0x257713da4
  Set: 54 Way: 7 Address: 0x312099d80
  Set: 55 Way: 0 Address: 0x1aafb8dc0
  Set: 55 Way: 1 Address: 0xb8004dd0
  Set: 55 Way: 2 Address: 0x43736dc0
  Set: 55 Way: 3 Address: 0x2f5d8edc0
  Set: 55 Way: 4 Address: 0xc7078dc0
  Set: 55 Way: 5 Address: 0x1ab44de8
  Set: 55 Way: 6 Address: 0x6d0c2df8
  Set: 55 Way: 7 Address: 0x1adddc0
  Set: 55 Way: 8 Address: 0x3bdd78dc0
  Set: 55 Way: 9 Address: 0x257713de4
  Set: 55 Way: 10 Address: 0x312099dc0
  Set: 56 Way: 0 Address: 0xc7078e08
  Set: 56 Way: 1 Address: 0x2f5d8ee00
  Set: 56 Way: 2 Address: 0x43736e20
  Set: 56 Way: 3 Address: 0x6d0c2e30
  Set: 56 Way: 4 Address: 0x1adde20
  Set: 56 Way: 5 Address: 0x3bdd78e38
  Set: 56 Way: 6 Address: 0x257713e24
  Set: 56 Way: 7 Address: 0x312099e00
  Set: 57 Way: 0 Address: 0x1aafb8e40
  Set: 57 Way: 1 Address: 0x2f5d8ee48
  Set: 57 Way: 2 Address: 0x6d0c2e70
  Set: 57 Way: 3 Address: 0x1adde68
  Set: 57 Way: 4 Address: 0x3bdd78e40
  Set: 57 Way: 5 Address: 0xc7078e40
  Set: 57 Way: 6 Address: 0x257713e64
  Set: 57 Way: 7 Address: 0x312099e40
  Set: 58 Way: 0 Address: 0x1aafb8e80
  Set: 58 Way: 1 Address: 0x38e35ceb0
  Set: 58 Way: 2 Address: 0x2f5d8ee80
  Set: 58 Way: 3 Address: 0x6d0c2e80
  Set: 58 Way: 4 Address: 0x1adde80
  Set: 58 Way: 5 Address: 0xc7078e80
  Set: 58 Way: 6 Address: 0x257713ea4
  Set: 58 Way: 7 Address: 0x312099e80
  Set: 59 Way: 0 Address: 0x1aafb8ec0
  Set: 59 Way: 1 Address: 0x38e35cec0
  Set: 59 Way: 2 Address: 0x2f5d8eec0
  Set: 59 Way: 3 Address: 0x6d0c2ed8
  Set: 59 Way: 4 Address: 0x1added0
  Set: 59 Way: 5 Address: 0xc7078ec0
  Set: 59 Way: 6 Address: 0x257713ee4
  Set: 59 Way: 7 Address: 0x312099efc
  Set: 60 Way: 0 Address: 0x1aafb8f00
  Set: 60 Way: 1 Address: 0x2f5d8ef38
  Set: 60 Way: 2 Address: 0x5588df38
  Set: 60 Way: 3 Address: 0x6d0c2f20
  Set: 60 Way: 4 Address: 0x1addf28
  Set: 60 Way: 5 Address: 0x257713f24
  Set: 60 Way: 6 Address: 0x312099f30
  Set: 61 Way: 0 Address: 0x129934f48
  Set: 61 Way: 1 Address: 0x2f5d8ef40
  Set: 61 Way: 2 Address: 0x5588df48
  Set: 61 Way: 3 Address: 0x6d0c2f40
  Set: 61 Way: 4 Address: 0x1addf78
  Set: 61 Way: 5 Address: 0x257713f64
  Set: 61 Way: 6 Address: 0x312099f70
  Set: 62 Way: 0 Address: 0x3c56b3f90
  Set: 62 Way: 1 Address: 0x2f5d8ef88
  Set: 62 Way: 2 Address: 0x5588dfb0
  Set: 62 Way: 3 Address: 0x6d0c2fb0
  Set: 62 Way: 4 Address: 0x1addf88
  Set: 62 Way: 5 Address: 0x3bdd78f90
  Set: 62 Way: 6 Address: 0x257713fa4
  Set: 62 Way: 7 Address: 0x312099fb0
  Set: 63 Way: 0 Address: 0x394edbff8
  Set: 63 Way: 1 Address: 0x2f5d8efe0
  Set: 63 Way: 2 Address: 0x2b2e93fe8
  Set: 63 Way: 3 Address: 0x5588dff8
  Set: 63 Way: 4 Address: 0x6d0c2ff8
  Set: 63 Way: 5 Address: 0x1addfd0
  Set: 63 Way: 6 Address: 0x3bdd78fd0
  Set: 63 Way: 7 Address: 0x257713fe8
  Set: 63 Way: 8 Address: 0x312099ff0
EndCache
Cache: cpu0_ITLB
  Set: 9 Way: 0 Address: 0x409ff9
  Set: 10 Way: 0 Address: 0x40a074
EndCache
Cache: cpu0_DTLB
  Set: 0 Way: 0 Address: 0x216b0d80
  Set: 0 Way: 1 Address: 0x2290ec0
  Set: 0 Way: 2 Address: 0x21820ff0
  Set: 1 Way: 0 Address: 0x2291770
  Set: 1 Way: 1 Address: 0x218213d8
  Set: 2 Way: 0 Address: 0x2182221c
  Set: 2 Way: 1 Address: 0x22921f0
  Set: 3 Way: 0 Address: 0x2293d68
  Set: 4 Way: 0 Address: 0x2294aa0
  Set: 5 Way: 0 Address: 0x2295020
  Set: 6 Way: 0 Address: 0x2296030
  Set: 6 Way: 1 Address: 0x21696418
  Set: 8 Way: 0 Address: 0x2298418
  Set: 9 Way: 0 Address: 0x21629bd4
  Set: 9 Way: 1 Address: 0x2289ff8
  Set: 9 Way: 2 Address: 0x2299d60
  Set: 10 Way: 0 Address: 0x238af50
  Set: 10 Way: 1 Address: 0x7ffc81bba980
  Set: 10 Way: 2 Address: 0x228a780
  Set: 10 Way: 3 Address: 0x229a020
  Set: 11 Way: 0 Address: 0x2163b530
  Set: 12 Way: 0 Address: 0x216acfe8
  Set: 13 Way: 0 Address: 0x216ad000
  Set: 13 Way: 1 Address: 0x22ed740
  Set: 14 Way: 0 Address: 0x216ae6c0
  Set: 14 Way: 1 Address: 0x22ee138
  Set: 15 Way: 0 Address: 0x216afd78
EndCache
Cache: LLC
  Set: 7 Way: 0 Address: 0x342b401d8
  Set: 18 Way: 0 Address: 0x6e6204b0
  Set: 19 Way: 0 Address: 0x6e6204d0
  Set: 65 Way: 0 Address: 0x113201050
  Set: 97 Way: 0 Address: 0xf6e81860
  Set: 128 Way: 0 Address: 0x6d0c2030
  Set: 129 Way: 0 Address: 0x6d0c2048
  Set: 130 Way: 0 Address: 0x6d0c2090
  Set: 131 Way: 0 Address: 0x6d0c20f0
  Set: 132 Way: 0 Address: 0x6d0c2100
  Set: 133 Way: 0 Address: 0x6d0c2178
  Set: 144 Way: 0 Address: 0x6d0c2438
  Set: 145 Way: 0 Address: 0x6d0c2448
  Set: 146 Way: 0 Address: 0x1c84e2488
  Set: 146 Way: 1 Address: 0x6d0c24b0
  Set: 147 Way: 0 Address: 0x6d0c24f8
  Set: 148 Way: 0 Address: 0x6d0c2500
  Set: 149 Way: 0 Address: 0x6d0c2570
  Set: 150 Way: 0 Address: 0x6d0c2588
  Set: 151 Way: 0 Address: 0x6d0c25e8
  Set: 154 Way: 0 Address: 0x6d0c2690
  Set: 155 Way: 0 Address: 0x6d0c26c0
  Set: 156 Way: 0 Address: 0x6d0c2738
  Set: 157 Way: 0 Address: 0x6d0c2768
  Set: 157 Way: 1 Address: 0x1064c2770
  Set: 158 Way: 0 Address: 0x6d0c27a0
  Set: 159 Way: 0 Address: 0x6d0c27f8
  Set: 160 Way: 0 Address: 0x6d0c2800
  Set: 161 Way: 0 Address: 0x6d0c2870
  Set: 162 Way: 0 Address: 0x6d0c28b8
  Set: 163 Way: 0 Address: 0x6d0c28d0
  Set: 164 Way: 0 Address: 0x6d0c2918
  Set: 165 Way: 0 Address: 0x6d0c2968
  Set: 166 Way: 0 Address: 0x6d0c2998
  Set: 167 Way: 0 Address: 0x6d0c29c0
  Set: 168 Way: 0 Address: 0x6d0c2a38
  Set: 169 Way: 0 Address: 0x6d0c2a50
  Set: 170 Way: 0 Address: 0x6d0c2aa0
  Set: 171 Way: 0 Address: 0x6d0c2ae0
  Set: 172 Way: 0 Address: 0x6d0c2b00
  Set: 173 Way: 0 Address: 0x6d0c2b70
  Set: 174 Way: 0 Address: 0x6d0c2b90
  Set: 175 Way: 0 Address: 0x6d0c2bc8
  Set: 176 Way: 0 Address: 0x6d0c2c00
  Set: 177 Way: 0 Address: 0x6d0c2c58
  Set: 178 Way: 0 Address: 0x6d0c2c80
  Set: 179 Way: 0 Address: 0x6d0c2cf8
  Set: 180 Way: 0 Address: 0x6d0c2d00
  Set: 181 Way: 0 Address: 0x6d0c2d60
  Set: 182 Way: 0 Address: 0x6d0c2d98
  Set: 183 Way: 0 Address: 0x6d0c2df8
  Set: 184 Way: 0 Address: 0x6d0c2e30
  Set: 185 Way: 0 Address: 0x6d0c2e70
  Set: 186 Way: 0 Address: 0x6d0c2e88
  Set: 187 Way: 0 Address: 0x6d0c2ec0
  Set: 188 Way: 0 Address: 0x6d0c2f20
  Set: 189 Way: 0 Address: 0x6d0c2f40
  Set: 190 Way: 0 Address: 0x6d0c2fb0
  Set: 191 Way: 0 Address: 0x6d0c2ff8
  Set: 193 Way: 0 Address: 0x3b0803040
  Set: 196 Way: 0 Address: 0x3b0803138
  Set: 197 Way: 0 Address: 0x3b0803140
  Set: 198 Way: 0 Address: 0x3b0803180
  Set: 271 Way: 0 Address: 0x1ab443d8
  Set: 274 Way: 0 Address: 0x1ab444a8
  Set: 275 Way: 0 Address: 0x1ab444f8
  Set: 276 Way: 0 Address: 0x1ab44500
  Set: 277 Way: 0 Address: 0x1ab44550
  Set: 278 Way: 0 Address: 0x1ab445b0
  Set: 279 Way: 0 Address: 0x1ab445f8
  Set: 280 Way: 0 Address: 0x1ab44608
  Set: 290 Way: 0 Address: 0x1ab44880
  Set: 292 Way: 0 Address: 0x1ab44900
  Set: 293 Way: 0 Address: 0x1ab44978
  Set: 294 Way: 0 Address: 0x1ab44980
  Set: 296 Way: 0 Address: 0x1ab44a18
  Set: 309 Way: 0 Address: 0x1ab44d60
  Set: 311 Way: 0 Address: 0xb8004dd0
  Set: 311 Way: 1 Address: 0x1ab44dd8
  Set: 388 Way: 0 Address: 0x3d87a6100
  Set: 401 Way: 0 Address: 0x3dae66448
  Set: 401 Way: 1 Address: 0x27d4c6440
  Set: 402 Way: 0 Address: 0x3dae66480
  Set: 404 Way: 0 Address: 0x27d4c6528
  Set: 466 Way: 0 Address: 0x3098874a0
  Set: 466 Way: 1 Address: 0xbeea7498
  Set: 477 Way: 0 Address: 0xbeea7768
  Set: 597 Way: 0 Address: 0x2ee369578
  Set: 817 Way: 0 Address: 0x29484cc50
  Set: 832 Way: 0 Address: 0x5588d030
  Set: 833 Way: 0 Address: 0x5588d078
  Set: 834 Way: 0 Address: 0x5588d090
  Set: 835 Way: 0 Address: 0x5588d0d8
  Set: 836 Way: 0 Address: 0x5588d120
  Set: 837 Way: 0 Address: 0x5588d150
  Set: 838 Way: 0 Address: 0x5588d1b0
  Set: 839 Way: 0 Address: 0x5588d1f8
  Set: 840 Way: 0 Address: 0x5588d210
  Set: 841 Way: 0 Address: 0x5588d258
  Set: 842 Way: 0 Address: 0x5588d2a0
  Set: 843 Way: 0 Address: 0x5588d2f0
  Set: 844 Way: 0 Address: 0x5588d338
  Set: 845 Way: 0 Address: 0x5588d348
  Set: 846 Way: 0 Address: 0x5588d3a8
  Set: 847 Way: 0 Address: 0x5588d3f0
  Set: 848 Way: 0 Address: 0x5588d408
  Set: 849 Way: 0 Address: 0x5588d468
  Set: 850 Way: 0 Address: 0x5588d4b0
  Set: 851 Way: 0 Address: 0x5588d4c8
  Set: 852 Way: 0 Address: 0x5588d510
  Set: 853 Way: 0 Address: 0x5588d558
  Set: 854 Way: 0 Address: 0x5588d588
  Set: 855 Way: 0 Address: 0x5588d5d0
  Set: 856 Way: 0 Address: 0x5588d618
  Set: 857 Way: 0 Address: 0x5588d678
  Set: 858 Way: 0 Address: 0x5588d6b0
  Set: 859 Way: 0 Address: 0x5588d6c0
  Set: 860 Way: 0 Address: 0x5588d700
  Set: 862 Way: 0 Address: 0x5588d780
  Set: 864 Way: 0 Address: 0x5588d800
  Set: 870 Way: 0 Address: 0x5588d9b0
  Set: 871 Way: 0 Address: 0x5588d9c0
  Set: 872 Way: 0 Address: 0x5588da00
  Set: 873 Way: 0 Address: 0x5588da70
  Set: 874 Way: 0 Address: 0x5588da80
  Set: 875 Way: 0 Address: 0x5588dae0
  Set: 876 Way: 0 Address: 0x5588db28
  Set: 877 Way: 0 Address: 0x5588db40
  Set: 878 Way: 0 Address: 0x5588db88
  Set: 879 Way: 0 Address: 0x5588dbd0
  Set: 880 Way: 0 Address: 0x5588dc30
  Set: 881 Way: 0 Address: 0x5588dc78
  Set: 892 Way: 0 Address: 0x5588df38
  Set: 893 Way: 0 Address: 0x5588df48
  Set: 894 Way: 0 Address: 0x5588dfb0
  Set: 895 Way: 0 Address: 0x5588dff8
  Set: 896 Way: 0 Address: 0x2f5d8e008
  Set: 897 Way: 0 Address: 0x2f5d8e068
  Set: 898 Way: 0 Address: 0x2f5d8e0b0
  Set: 899 Way: 0 Address: 0x2f5d8e0c8
  Set: 900 Way: 0 Address: 0x2f5d8e128
  Set: 901 Way: 0 Address: 0x3734ee148
  Set: 901 Way: 1 Address: 0x2f5d8e170
  Set: 902 Way: 0 Address: 0x2f5d8e188
  Set: 903 Way: 0 Address: 0x2f5d8e1d0
  Set: 904 Way: 0 Address: 0x2f5d8e218
  Set: 905 Way: 0 Address: 0x1c084e278
  Set: 905 Way: 1 Address: 0x2f5d8e248
  Set: 906 Way: 0 Address: 0x1c084e280
  Set: 906 Way: 1 Address: 0x2f5d8e280
  Set: 907 Way: 0 Address: 0x2f5d8e2f8
  Set: 908 Way: 0 Address: 0x2f5d8e308
  Set: 909 Way: 0 Address: 0x2f5d8e368
  Set: 910 Way: 0 Address: 0x2f5d8e3b0
  Set: 910 Way: 1 Address: 0x1c084e380
  Set: 911 Way: 0 Address: 0x2f5d8e3c8
  Set: 911 Way: 1 Address: 0x1c084e3c0
  Set: 912 Way: 0 Address: 0x1c084e418
  Set: 912 Way: 1 Address: 0x2f5d8e400
  Set: 913 Way: 0 Address: 0x1c084e440
  Set: 913 Way: 1 Address: 0x2f5d8e458
  Set: 914 Way: 0 Address: 0x2f5d8e4b8
  Set: 914 Way: 1 Address: 0x1c084e480
  Set: 915 Way: 0 Address: 0x2f5d8e4f0
  Set: 915 Way: 1 Address: 0x1c084e4e8
  Set: 916 Way: 0 Address: 0x2f5d8e500
  Set: 916 Way: 1 Address: 0x1c084e518
  Set: 917 Way: 0 Address: 0x3734ee578
  Set: 917 Way: 1 Address: 0x2f5d8e578
  Set: 917 Way: 2 Address: 0x1c084e548
  Set: 918 Way: 0 Address: 0x2f5d8e5b0
  Set: 918 Way: 1 Address: 0x1c084e580
  Set: 919 Way: 0 Address: 0x1c084e5d8
  Set: 919 Way: 1 Address: 0x2f5d8e5c0
  Set: 920 Way: 0 Address: 0x1c084e638
  Set: 920 Way: 1 Address: 0x2f5d8e620
  Set: 921 Way: 0 Address: 0x1c084e650
  Set: 921 Way: 1 Address: 0x2f5d8e668
  Set: 922 Way: 0 Address: 0x1c084e698
  Set: 922 Way: 1 Address: 0x2f5d8e680
  Set: 923 Way: 0 Address: 0x1c084e6c0
  Set: 923 Way: 1 Address: 0x2f5d8e6d0
  Set: 924 Way: 0 Address: 0x2f5d8e728
  Set: 924 Way: 1 Address: 0x1c084e710
  Set: 925 Way: 0 Address: 0x2f5d8e778
  Set: 925 Way: 1 Address: 0x1c084e770
  Set: 926 Way: 0 Address: 0x2f5d8e788
  Set: 926 Way: 1 Address: 0x1c084e7a8
  Set: 927 Way: 0 Address: 0x2f5d8e7d0
  Set: 927 Way: 1 Address: 0x1c084e7c0
  Set: 928 Way: 0 Address: 0x1c084e818
  Set: 929 Way: 0 Address: 0x1c084e878
  Set: 930 Way: 0 Address: 0x1c084e888
  Set: 931 Way: 0 Address: 0x1c084e8f8
  Set: 932 Way: 0 Address: 0x1c084e938
  Set: 933 Way: 0 Address: 0x1c084e940
  Set: 938 Way: 0 Address: 0x2f5d8eaa0
  Set: 938 Way: 1 Address: 0x1c084eab8
  Set: 939 Way: 0 Address: 0x2f5d8ead0
  Set: 939 Way: 1 Address: 0x1c084eae8
  Set: 940 Way: 0 Address: 0x2f5d8eb18
  Set: 940 Way: 1 Address: 0x1c084eb10
  Set: 941 Way: 0 Address: 0x2f5d8eb60
  Set: 942 Way: 0 Address: 0x2f5d8ebb0
  Set: 943 Way: 0 Address: 0x2f5d8ebf8
  Set: 944 Way: 0 Address: 0x2f5d8ec08
  Set: 945 Way: 0 Address: 0x2f5d8ec70
  Set: 946 Way: 0 Address: 0x2f5d8ecb8
  Set: 947 Way: 0 Address: 0x2f5d8ecc8
  Set: 948 Way: 0 Address: 0x2f5d8ed28
  Set: 949 Way: 0 Address: 0x2f5d8ed78
  Set: 950 Way: 0 Address: 0x2f5d8ed80
  Set: 951 Way: 0 Address: 0x2f5d8edc0
  Set: 952 Way: 0 Address: 0x2f5d8ee00
  Set: 953 Way: 0 Address: 0x2f5d8ee48
  Set: 954 Way: 0 Address: 0x2f5d8ee80
  Set: 955 Way: 0 Address: 0x2f5d8eec0
  Set: 956 Way: 0 Address: 0x2f5d8ef00
  Set: 957 Way: 0 Address: 0x2f5d8ef40
  Set: 958 Way: 0 Address: 0x2f5d8ef98
  Set: 959 Way: 0 Address: 0x2f5d8efe0
  Set: 960 Way: 0 Address: 0x143ef010
  Set: 964 Way: 0 Address: 0x16390f110
  Set: 964 Way: 1 Address: 0x143ef130
  Set: 964 Way: 2 Address: 0x23756f108
  Set: 965 Way: 0 Address: 0x143ef150
  Set: 966 Way: 0 Address: 0x143ef180
  Set: 967 Way: 0 Address: 0x143ef1c0
  Set: 968 Way: 0 Address: 0x143ef200
  Set: 969 Way: 0 Address: 0x143ef240
  Set: 970 Way: 0 Address: 0x143ef298
  Set: 971 Way: 0 Address: 0x143ef2c8
  Set: 972 Way: 0 Address: 0x143ef328
  Set: 973 Way: 0 Address: 0x143ef370
  Set: 974 Way: 0 Address: 0x143ef3b8
  Set: 975 Way: 0 Address: 0x143ef3f8
  Set: 976 Way: 0 Address: 0x143ef430
  Set: 977 Way: 0 Address: 0xee86f450
  Set: 977 Way: 1 Address: 0x143ef478
  Set: 978 Way: 0 Address: 0xee86f480
  Set: 978 Way: 1 Address: 0x143ef480
  Set: 978 Way: 2 Address: 0x22272f4b0
  Set: 979 Way: 0 Address: 0x143ef4c0
  Set: 980 Way: 0 Address: 0x143ef500
  Set: 981 Way: 0 Address: 0x143ef540
  Set: 982 Way: 0 Address: 0x143ef5b8
  Set: 983 Way: 0 Address: 0x143ef5f8
  Set: 984 Way: 0 Address: 0x143ef630
  Set: 985 Way: 0 Address: 0x143ef670
  Set: 986 Way: 0 Address: 0x143ef690
  Set: 987 Way: 0 Address: 0x143ef6e0
  Set: 988 Way: 0 Address: 0x143ef700
  Set: 989 Way: 0 Address: 0x143ef768
  Set: 990 Way: 0 Address: 0x143ef780
  Set: 991 Way: 0 Address: 0x143ef7c0
  Set: 992 Way: 0 Address: 0x143ef800
  Set: 993 Way: 0 Address: 0x143ef870
  Set: 994 Way: 0 Address: 0x143ef888
  Set: 998 Way: 0 Address: 0x143ef9a0
  Set: 1024 Way: 0 Address: 0x14bb10020
  Set: 1024 Way: 1 Address: 0x2177f0038
  Set: 1025 Way: 0 Address: 0x14bb10060
  Set: 1026 Way: 0 Address: 0x14bb10080
  Set: 1027 Way: 0 Address: 0x14bb100f8
  Set: 1028 Way: 0 Address: 0x14bb10108
  Set: 1029 Way: 0 Address: 0x14bb10140
  Set: 1031 Way: 0 Address: 0x14bb101c0
  Set: 1032 Way: 0 Address: 0x14bb10200
  Set: 1033 Way: 0 Address: 0x14bb10240
  Set: 1034 Way: 0 Address: 0x14bb10280
  Set: 1154 Way: 0 Address: 0x9cff2088
  Set: 1169 Way: 0 Address: 0x1995f2450
  Set: 1170 Way: 0 Address: 0x1995f24a8
  Set: 1171 Way: 0 Address: 0x133c924c0
  Set: 1185 Way: 0 Address: 0x9cff2860
  Set: 1216 Way: 0 Address: 0x25771303c
  Set: 1217 Way: 0 Address: 0x263c13048
  Set: 1217 Way: 1 Address: 0x25771307c
  Set: 1218 Way: 0 Address: 0x2577130bc
  Set: 1219 Way: 0 Address: 0x2577130fc
  Set: 1220 Way: 0 Address: 0x257713100
  Set: 1221 Way: 0 Address: 0x257713140
  Set: 1222 Way: 0 Address: 0x257713180
  Set: 1223 Way: 0 Address: 0x2577131c0
  Set: 1224 Way: 0 Address: 0x257713200
  Set: 1225 Way: 0 Address: 0x257713240
  Set: 1226 Way: 0 Address: 0x257713280
  Set: 1227 Way: 0 Address: 0x2577132fc
  Set: 1228 Way: 0 Address: 0x257713300
  Set: 1229 Way: 0 Address: 0x3232f3340
  Set: 1229 Way: 1 Address: 0x25771337c
  Set: 1230 Way: 0 Address: 0x2577133bc
  Set: 1231 Way: 0 Address: 0x2577133d8
  Set: 1232 Way: 0 Address: 0x3232f3410
  Set: 1232 Way: 1 Address: 0x257713400
  Set: 1233 Way: 0 Address: 0x257713440
  Set: 1234 Way: 0 Address: 0x257713480
  Set: 1235 Way: 0 Address: 0x2577134c0
  Set: 1236 Way: 0 Address: 0x257713500
  Set: 1237 Way: 0 Address: 0x257713540
  Set: 1238 Way: 0 Address: 0x257713580
  Set: 1239 Way: 0 Address: 0x2577135c0
  Set: 1240 Way: 0 Address: 0x257713600
  Set: 1241 Way: 0 Address: 0x257713640
  Set: 1242 Way: 0 Address: 0x257713680
  Set: 1243 Way: 0 Address: 0x2577136c0
  Set: 1244 Way: 0 Address: 0x257713700
  Set: 1245 Way: 0 Address: 0x257713740
  Set: 1246 Way: 0 Address: 0x257713780
  Set: 1247 Way: 0 Address: 0x2577137c0
  Set: 1248 Way: 0 Address: 0x257713800
  Set: 1249 Way: 0 Address: 0x257713840
  Set: 1250 Way: 0 Address: 0x257713880
  Set: 1251 Way: 0 Address: 0x2577138c0
  Set: 1252 Way: 0 Address: 0x257713900
  Set: 1253 Way: 0 Address: 0x257713940
  Set: 1254 Way: 0 Address: 0x257713980
  Set: 1255 Way: 0 Address: 0x2577139c0
  Set: 1256 Way: 0 Address: 0x257713a00
  Set: 1257 Way: 0 Address: 0x257713a40
  Set: 1258 Way: 0 Address: 0x257713a80
  Set: 1259 Way: 0 Address: 0x257713ac0
  Set: 1260 Way: 0 Address: 0x257713b3c
  Set: 1261 Way: 0 Address: 0x257713b7c
  Set: 1262 Way: 0 Address: 0x257713bbc
  Set: 1263 Way: 0 Address: 0x257713bfc
  Set: 1264 Way: 0 Address: 0x257713c3c
  Set: 1265 Way: 0 Address: 0x257713c7c
  Set: 1266 Way: 0 Address: 0x257713cbc
  Set: 1267 Way: 0 Address: 0x257713cfc
  Set: 1268 Way: 0 Address: 0x257713d3c
  Set: 1269 Way: 0 Address: 0x257713d7c
  Set: 1270 Way: 0 Address: 0x257713d80
  Set: 1271 Way: 0 Address: 0x257713dfc
  Set: 1272 Way: 0 Address: 0x257713e00
  Set: 1273 Way: 0 Address: 0x257713e7c
  Set: 1274 Way: 0 Address: 0x257713ebc
  Set: 1275 Way: 0 Address: 0x257713efc
  Set: 1276 Way: 0 Address: 0x257713f3c
  Set: 1277 Way: 0 Address: 0x257713f7c
  Set: 1278 Way: 0 Address: 0x3c56b3f90
  Set: 1278 Way: 1 Address: 0x257713fbc
  Set: 1279 Way: 0 Address: 0x2b2e93fe8
  Set: 1279 Way: 1 Address: 0x257713ffc
  Set: 1285 Way: 0 Address: 0x397bb4148
  Set: 1297 Way: 0 Address: 0x3c1074448
  Set: 1299 Way: 0 Address: 0x3c10744c8
  Set: 1302 Way: 0 Address: 0x397bb4580
  Set: 1313 Way: 0 Address: 0x3de4d4858
  Set: 1341 Way: 0 Address: 0x129934f48
  Set: 1344 Way: 0 Address: 0x195f15010
  Set: 1346 Way: 0 Address: 0x195f15088
  Set: 1351 Way: 0 Address: 0x1b0f151d8
  Set: 1362 Way: 0 Address: 0x1b0f154b0
  Set: 1365 Way: 0 Address: 0x354d35560
  Set: 1377 Way: 0 Address: 0x195f15858
  Set: 1413 Way: 0 Address: 0x43736168
  Set: 1414 Way: 0 Address: 0x43736198
  Set: 1415 Way: 0 Address: 0x437361f8
  Set: 1416 Way: 0 Address: 0x43736228
  Set: 1421 Way: 0 Address: 0x43736378
  Set: 1422 Way: 0 Address: 0x437363a8
  Set: 1423 Way: 0 Address: 0x437363c0
  Set: 1426 Way: 0 Address: 0x43736480
  Set: 1426 Way: 1 Address: 0x848964b0
  Set: 1427 Way: 0 Address: 0x437364c0
  Set: 1427 Way: 1 Address: 0x211d164c8
  Set: 1428 Way: 0 Address: 0x43736500
  Set: 1429 Way: 0 Address: 0x43736540
  Set: 1429 Way: 1 Address: 0x84896570
  Set: 1430 Way: 0 Address: 0x43736580
  Set: 1431 Way: 0 Address: 0x437365c0
  Set: 1432 Way: 0 Address: 0x43736600
  Set: 1433 Way: 0 Address: 0x43736640
  Set: 1434 Way: 0 Address: 0x43736690
  Set: 1436 Way: 0 Address: 0x43736720
  Set: 1437 Way: 0 Address: 0x43736770
  Set: 1438 Way: 0 Address: 0x43736780
  Set: 1439 Way: 0 Address: 0x437367c0
  Set: 1456 Way: 0 Address: 0x43736c00
  Set: 1459 Way: 0 Address: 0x43736cf0
  Set: 1460 Way: 0 Address: 0x43736d38
  Set: 1461 Way: 0 Address: 0x43736d40
  Set: 1462 Way: 0 Address: 0x43736db8
  Set: 1463 Way: 0 Address: 0x43736dc0
  Set: 1464 Way: 0 Address: 0x43736e10
  Set: 1493 Way: 0 Address: 0x276ff7568
  Set: 1536 Way: 0 Address: 0x1aafb8030
  Set: 1537 Way: 0 Address: 0x201598068
  Set: 1537 Way: 1 Address: 0x1aafb8078
  Set: 1538 Way: 0 Address: 0x1aafb8088
  Set: 1539 Way: 0 Address: 0x1aafb80f0
  Set: 1540 Way: 0 Address: 0x1aafb8138
  Set: 1541 Way: 0 Address: 0x1aafb8148
  Set: 1542 Way: 0 Address: 0x1aafb81a8
  Set: 1543 Way: 0 Address: 0x1aafb81f0
  Set: 1544 Way: 0 Address: 0x1aafb8208
  Set: 1545 Way: 0 Address: 0x1aafb8250
  Set: 1546 Way: 0 Address: 0x1aafb8298
  Set: 1547 Way: 0 Address: 0x1aafb82f8
  Set: 1548 Way: 0 Address: 0x1aafb8330
  Set: 1549 Way: 0 Address: 0x1aafb8340
  Set: 1550 Way: 0 Address: 0x1aafb8388
  Set: 1551 Way: 0 Address: 0x1aafb83d0
  Set: 1552 Way: 0 Address: 0x1aafb8418
  Set: 1553 Way: 0 Address: 0x1aafb8478
  Set: 1554 Way: 0 Address: 0x1aafb84b8
  Set: 1555 Way: 0 Address: 0x1aafb84c0
  Set: 1556 Way: 0 Address: 0x1aafb8520
  Set: 1557 Way: 0 Address: 0x1aafb8568
  Set: 1558 Way: 0 Address: 0x1aafb85b8
  Set: 1559 Way: 0 Address: 0x1aafb85c8
  Set: 1560 Way: 0 Address: 0x1aafb8610
  Set: 1561 Way: 0 Address: 0x1aafb8640
  Set: 1561 Way: 1 Address: 0xc7078678
  Set: 1562 Way: 0 Address: 0x1aafb8688
  Set: 1562 Way: 1 Address: 0xc7078688
  Set: 1563 Way: 0 Address: 0x1aafb86d0
  Set: 1563 Way: 1 Address: 0xc70786f8
  Set: 1564 Way: 0 Address: 0xc7078738
  Set: 1564 Way: 1 Address: 0x1aafb8730
  Set: 1565 Way: 0 Address: 0x1aafb8778
  Set: 1565 Way: 1 Address: 0xc7078778
  Set: 1565 Way: 2 Address: 0x2c9898768
  Set: 1566 Way: 0 Address: 0xc70787b8
  Set: 1566 Way: 1 Address: 0x1aafb8790
  Set: 1567 Way: 0 Address: 0xc70787e8
  Set: 1567 Way: 1 Address: 0x1aafb87f0
  Set: 1568 Way: 0 Address: 0xc7078838
  Set: 1568 Way: 1 Address: 0x1aafb8838
  Set: 1569 Way: 0 Address: 0xc7078878
  Set: 1569 Way: 1 Address: 0x1aafb8850
  Set: 1570 Way: 0 Address: 0xc7078898
  Set: 1570 Way: 1 Address: 0x1aafb8898
  Set: 1571 Way: 0 Address: 0xc70788f8
  Set: 1571 Way: 1 Address: 0x1aafb88e8
  Set: 1572 Way: 0 Address: 0xc7078938
  Set: 1572 Way: 1 Address: 0x1aafb8910
  Set: 1573 Way: 0 Address: 0xc7078948
  Set: 1573 Way: 1 Address: 0x1aafb8940
  Set: 1574 Way: 0 Address: 0xc7078980
  Set: 1574 Way: 1 Address: 0x1aafb8988
  Set: 1575 Way: 0 Address: 0xc70789c0
  Set: 1575 Way: 1 Address: 0x1aafb89d0
  Set: 1576 Way: 0 Address: 0xc7078a30
  Set: 1576 Way: 1 Address: 0x1aafb8a30
  Set: 1577 Way: 0 Address: 0xc7078a78
  Set: 1577 Way: 1 Address: 0x1aafb8a78
  Set: 1578 Way: 0 Address: 0xc7078a94
  Set: 1578 Way: 1 Address: 0x1aafb8a90
  Set: 1579 Way: 0 Address: 0xc7078ad0
  Set: 1579 Way: 1 Address: 0x1aafb8ad8
  Set: 1580 Way: 0 Address: 0xc7078b28
  Set: 1580 Way: 1 Address: 0x1aafb8b20
  Set: 1580 Way: 2 Address: 0x3bdd78b38
  Set: 1581 Way: 0 Address: 0x1aafb8b70
  Set: 1581 Way: 1 Address: 0xc7078b44
  Set: 1581 Way: 2 Address: 0x3bdd78b48
  Set: 1582 Way: 0 Address: 0x1aafb8bb8
  Set: 1582 Way: 1 Address: 0xc7078b80
  Set: 1582 Way: 2 Address: 0x3bdd78ba0
  Set: 1583 Way: 0 Address: 0x1aafb8bc0
  Set: 1583 Way: 1 Address: 0xc7078bc0
  Set: 1583 Way: 2 Address: 0x3bdd78bc0
  Set: 1584 Way: 0 Address: 0x1aafb8c30
  Set: 1584 Way: 1 Address: 0xc7078c00
  Set: 1585 Way: 0 Address: 0x1aafb8c78
  Set: 1585 Way: 1 Address: 0xc7078c40
  Set: 1585 Way: 2 Address: 0x3bdd78c70
  Set: 1586 Way: 0 Address: 0x1aafb8c88
  Set: 1586 Way: 1 Address: 0xc7078c80
  Set: 1586 Way: 2 Address: 0x3bdd78ca8
  Set: 1587 Way: 0 Address: 0x1aafb8ce8
  Set: 1587 Way: 1 Address: 0xc7078cc0
  Set: 1588 Way: 0 Address: 0x1aafb8d28
  Set: 1588 Way: 1 Address: 0xc7078d00
  Set: 1588 Way: 2 Address: 0x3bdd78d00
  Set: 1589 Way: 0 Address: 0x1aafb8d48
  Set: 1589 Way: 1 Address: 0xc7078d40
  Set: 1589 Way: 2 Address: 0x3bdd78d68
  Set: 1590 Way: 0 Address: 0x1aafb8d90
  Set: 1590 Way: 1 Address: 0xc7078d80
  Set: 1591 Way: 0 Address: 0x1aafb8dc0
  Set: 1591 Way: 1 Address: 0xc7078dc0
  Set: 1591 Way: 2 Address: 0x3bdd78dc0
  Set: 1592 Way: 0 Address: 0xc7078e08
  Set: 1592 Way: 1 Address: 0x3bdd78e38
  Set: 1593 Way: 0 Address: 0x1aafb8e40
  Set: 1593 Way: 1 Address: 0x3bdd78e40
  Set: 1593 Way: 2 Address: 0xc7078e40
  Set: 1594 Way: 0 Address: 0x1aafb8e80
  Set: 1594 Way: 1 Address: 0xc7078e80
  Set: 1595 Way: 0 Address: 0x1aafb8ec0
  Set: 1595 Way: 1 Address: 0xc7078ec0
  Set: 1596 Way: 0 Address: 0x1aafb8f00
  Set: 1596 Way: 1 Address: 0xc7078f00
  Set: 1598 Way: 0 Address: 0x3bdd78f90
  Set: 1599 Way: 0 Address: 0x3bdd78fd0
  Set: 1607 Way: 0 Address: 0x3120991c0
  Set: 1608 Way: 0 Address: 0x312099200
  Set: 1609 Way: 0 Address: 0x312099240
  Set: 1610 Way: 0 Address: 0x312099280
  Set: 1611 Way: 0 Address: 0x3120992c0
  Set: 1612 Way: 0 Address: 0x312099300
  Set: 1613 Way: 0 Address: 0x312099340
  Set: 1614 Way: 0 Address: 0x312099380
  Set: 1615 Way: 0 Address: 0x3120993c0
  Set: 1616 Way: 0 Address: 0x312099400
  Set: 1617 Way: 0 Address: 0x312099440
  Set: 1618 Way: 0 Address: 0x312099480
  Set: 1619 Way: 0 Address: 0x3120994c0
  Set: 1620 Way: 0 Address: 0x312099500
  Set: 1621 Way: 0 Address: 0x312099540
  Set: 1622 Way: 0 Address: 0x312099580
  Set: 1623 Way: 0 Address: 0x3120995c0
  Set: 1624 Way: 0 Address: 0x312099600
  Set: 1625 Way: 0 Address: 0x312099640
  Set: 1626 Way: 0 Address: 0x312099680
  Set: 1627 Way: 0 Address: 0x3120996c0
  Set: 1628 Way: 0 Address: 0x312099700
  Set: 1629 Way: 0 Address: 0x312099740
  Set: 1630 Way: 0 Address: 0x312099780
  Set: 1631 Way: 0 Address: 0x3120997c0
  Set: 1632 Way: 0 Address: 0x312099800
  Set: 1633 Way: 0 Address: 0x312099840
  Set: 1634 Way: 0 Address: 0x312099880
  Set: 1635 Way: 0 Address: 0x3120998c0
  Set: 1636 Way: 0 Address: 0x312099900
  Set: 1637 Way: 0 Address: 0x312099940
  Set: 1638 Way: 0 Address: 0x312099980
  Set: 1639 Way: 0 Address: 0x3120999c0
  Set: 1640 Way: 0 Address: 0x312099a00
  Set: 1641 Way: 0 Address: 0x312099a40
  Set: 1642 Way: 0 Address: 0x312099a80
  Set: 1643 Way: 0 Address: 0x312099ac0
  Set: 1644 Way: 0 Address: 0x312099b00
  Set: 1645 Way: 0 Address: 0x312099b40
  Set: 1646 Way: 0 Address: 0x312099b80
  Set: 1647 Way: 0 Address: 0x292959bd4
  Set: 1647 Way: 1 Address: 0x312099bc0
  Set: 1648 Way: 0 Address: 0x312099c00
  Set: 1649 Way: 0 Address: 0x312099c40
  Set: 1650 Way: 0 Address: 0x312099c80
  Set: 1651 Way: 0 Address: 0x312099cc0
  Set: 1652 Way: 0 Address: 0x312099d00
  Set: 1653 Way: 0 Address: 0x312099d40
  Set: 1654 Way: 0 Address: 0x312099d80
  Set: 1655 Way: 0 Address: 0x312099dc0
  Set: 1656 Way: 0 Address: 0x312099e00
  Set: 1657 Way: 0 Address: 0x312099e40
  Set: 1658 Way: 0 Address: 0x312099e80
  Set: 1659 Way: 0 Address: 0x312099ec0
  Set: 1660 Way: 0 Address: 0x312099f3c
  Set: 1661 Way: 0 Address: 0x312099f7c
  Set: 1662 Way: 0 Address: 0x312099fbc
  Set: 1663 Way: 0 Address: 0x312099ffc
  Set: 1664 Way: 0 Address: 0x229b9a000
  Set: 1690 Way: 0 Address: 0x223eda6a5
  Set: 1695 Way: 0 Address: 0x1d89da7f8
  Set: 1727 Way: 0 Address: 0x223edafd0
  Set: 1730 Way: 0 Address: 0x3b377b080
  Set: 1731 Way: 0 Address: 0x3b377b0c0
  Set: 1732 Way: 0 Address: 0x3b377b100
  Set: 1733 Way: 0 Address: 0x3b377b140
  Set: 1734 Way: 0 Address: 0x3b377b1b8
  Set: 1735 Way: 0 Address: 0x3b377b1f0
  Set: 1736 Way: 0 Address: 0x3b377b200
  Set: 1737 Way: 0 Address: 0x3b377b268
  Set: 1738 Way: 0 Address: 0x3b377b2a8
  Set: 1739 Way: 0 Address: 0x3b377b2c0
  Set: 1754 Way: 0 Address: 0xc0d9b680
  Set: 1756 Way: 0 Address: 0xc0d9b730
  Set: 1757 Way: 0 Address: 0xc0d9b740
  Set: 1791 Way: 0 Address: 0x394edbff8
  Set: 1792 Way: 0 Address: 0xdf85c000
  Set: 1792 Way: 1 Address: 0x12c6fc000
  Set: 1793 Way: 0 Address: 0x12c6fc040
  Set: 1794 Way: 0 Address: 0x12c6fc080
  Set: 1795 Way: 0 Address: 0x12c6fc0c0
  Set: 1796 Way: 0 Address: 0x12c6fc100
  Set: 1797 Way: 0 Address: 0x12c6fc140
  Set: 1798 Way: 0 Address: 0x12c6fc180
  Set: 1799 Way: 0 Address: 0x12c6fc1c0
  Set: 1800 Way: 0 Address: 0x12c6fc204
  Set: 1801 Way: 0 Address: 0x12c6fc240
  Set: 1802 Way: 0 Address: 0x12c6fc280
  Set: 1803 Way: 0 Address: 0x12c6fc2c0
  Set: 1804 Way: 0 Address: 0x12c6fc300
  Set: 1805 Way: 0 Address: 0x12c6fc340
  Set: 1850 Way: 0 Address: 0x38e35ceb0
  Set: 1851 Way: 0 Address: 0x38e35cec0
  Set: 1852 Way: 0 Address: 0x38e35cf00
  Set: 1856 Way: 0 Address: 0x23755d020
  Set: 1856 Way: 1 Address: 0x1add010
  Set: 1857 Way: 0 Address: 0x23755d050
  Set: 1857 Way: 1 Address: 0x1add040
  Set: 1860 Way: 0 Address: 0x23755d100
  Set: 1861 Way: 0 Address: 0x23755d140
  Set: 1862 Way: 0 Address: 0x23755d180
  Set: 1863 Way: 0 Address: 0x23755d1d0
  Set: 1864 Way: 0 Address: 0x23755d208
  Set: 1865 Way: 0 Address: 0x23755d278
  Set: 1866 Way: 0 Address: 0x23755d288
  Set: 1867 Way: 0 Address: 0x23755d2f0
  Set: 1868 Way: 0 Address: 0x23755d300
  Set: 1868 Way: 1 Address: 0x1add328
  Set: 1869 Way: 0 Address: 0x23755d350
  Set: 1870 Way: 0 Address: 0x23755d3b0
  Set: 1871 Way: 0 Address: 0x23755d3f8
  Set: 1872 Way: 0 Address: 0x23755d428
  Set: 1873 Way: 0 Address: 0x23755d460
  Set: 1874 Way: 0 Address: 0x23755d4b8
  Set: 1874 Way: 1 Address: 0x1add490
  Set: 1875 Way: 0 Address: 0x23755d4c8
  Set: 1875 Way: 1 Address: 0x1add4f0
  Set: 1876 Way: 0 Address: 0x23755d500
  Set: 1876 Way: 1 Address: 0x1add538
  Set: 1877 Way: 0 Address: 0x23755d550
  Set: 1877 Way: 1 Address: 0x1add550
  Set: 1878 Way: 0 Address: 0x23755d598
  Set: 1878 Way: 1 Address: 0x1add598
  Set: 1879 Way: 0 Address: 0x23755d5f0
  Set: 1879 Way: 1 Address: 0x1add5e0
  Set: 1880 Way: 0 Address: 0x23755d638
  Set: 1881 Way: 0 Address: 0x23755d660
  Set: 1882 Way: 0 Address: 0x23755d6b0
  Set: 1883 Way: 0 Address: 0x23755d6f8
  Set: 1884 Way: 0 Address: 0x23755d718
  Set: 1884 Way: 1 Address: 0x1add700
  Set: 1885 Way: 0 Address: 0x23755d748
  Set: 1886 Way: 0 Address: 0x23755d780
  Set: 1886 Way: 1 Address: 0x1add780
  Set: 1887 Way: 0 Address: 0x23755d7f0
  Set: 1888 Way: 0 Address: 0x23755d820
  Set: 1888 Way: 1 Address: 0x1add800
  Set: 1889 Way: 0 Address: 0x23755d860
  Set: 1890 Way: 0 Address: 0x1add8b0
  Set: 1891 Way: 0 Address: 0x23755d8c0
  Set: 1894 Way: 0 Address: 0x23755d9b0
  Set: 1895 Way: 0 Address: 0x23755d9c0
  Set: 1896 Way: 0 Address: 0x1adda18
  Set: 1897 Way: 0 Address: 0x23755da70
  Set: 1897 Way: 1 Address: 0x1adda48
  Set: 1898 Way: 0 Address: 0x23755daa8
  Set: 1898 Way: 1 Address: 0x1adda90
  Set: 1899 Way: 0 Address: 0x1addad8
  Set: 1900 Way: 0 Address: 0x23755db28
  Set: 1900 Way: 1 Address: 0x1addb38
  Set: 1901 Way: 0 Address: 0x23755db68
  Set: 1901 Way: 1 Address: 0x1addb70
  Set: 1902 Way: 0 Address: 0x23755db88
  Set: 1902 Way: 1 Address: 0x1addb80
  Set: 1903 Way: 0 Address: 0x23755dbf8
  Set: 1903 Way: 1 Address: 0x1addbc8
  Set: 1904 Way: 0 Address: 0x23755dc00
  Set: 1904 Way: 1 Address: 0x1addc28
  Set: 1905 Way: 0 Address: 0x1addc60
  Set: 1906 Way: 0 Address: 0x1addc88
  Set: 1907 Way: 0 Address: 0x1addcd0
  Set: 1908 Way: 0 Address: 0x23755dd18
  Set: 1908 Way: 1 Address: 0x1addd18
  Set: 1909 Way: 0 Address: 0x1addd78
  Set: 1910 Way: 0 Address: 0x1addd80
  Set: 1911 Way: 0 Address: 0x1adddc0
  Set: 1912 Way: 0 Address: 0x1adde20
  Set: 1913 Way: 0 Address: 0x1adde68
  Set: 1914 Way: 0 Address: 0x1adde80
  Set: 1915 Way: 0 Address: 0x1added0
  Set: 1916 Way: 0 Address: 0x1addf28
  Set: 1917 Way: 0 Address: 0x1addf78
  Set: 1918 Way: 0 Address: 0x1addf88
  Set: 1919 Way: 0 Address: 0x1addfd0
  Set: 1920 Way: 0 Address: 0x28b67e000
  Set: 1920 Way: 1 Address: 0x1f919e001
  Set: 1921 Way: 0 Address: 0x1f919e060
  Set: 1922 Way: 0 Address: 0x1f919e083
  Set: 1923 Way: 0 Address: 0x1f919e0c3
  Set: 1924 Way: 0 Address: 0x1f919e103
  Set: 1925 Way: 0 Address: 0x1f919e166
  Set: 1926 Way: 0 Address: 0x1f919e190
  Set: 1927 Way: 0 Address: 0x1f919e1c3
  Set: 1928 Way: 0 Address: 0x1f919e210
  Set: 1929 Way: 0 Address: 0x1f919e242
  Set: 1930 Way: 0 Address: 0x1f919e289
  Set: 1931 Way: 0 Address: 0x1f919e2c1
  Set: 1932 Way: 0 Address: 0x1f919e300
  Set: 1933 Way: 0 Address: 0x1f919e342
  Set: 1938 Way: 0 Address: 0x2db79e490
  Set: 1951 Way: 0 Address: 0x28b67e7f8
EndCache
