Cache: cpu0_STLB
  Set: 38 Way: 0 Address: 0x5a6fc0
  Set: 44 Way: 0 Address: 0x262c6cc
  Set: 50 Way: 0 Address: 0x2632cc0
  Set: 51 Way: 0 Address: 0x2633650
  Set: 54 Way: 0 Address: 0x7ffdabcb6650
  Set: 81 Way: 0 Address: 0x551b68
  Set: 90 Way: 0 Address: 0x25da270
  Set: 105 Way: 0 Address: 0x25e9818
  Set: 106 Way: 0 Address: 0x25ea000
  Set: 107 Way: 0 Address: 0x25eb000
  Set: 108 Way: 0 Address: 0x25ec000
  Set: 109 Way: 0 Address: 0x25ed000
EndCache
Cache: cpu0_L2C
  Set: 96 Way: 0 Address: 0xf6e81818
  Set: 97 Way: 0 Address: 0xf6e81840
  Set: 98 Way: 0 Address: 0xf6e81880
  Set: 99 Way: 0 Address: 0xf6e818c0
  Set: 100 Way: 0 Address: 0xf6e81900
  Set: 101 Way: 0 Address: 0xf6e81940
  Set: 102 Way: 0 Address: 0xf6e81980
  Set: 103 Way: 0 Address: 0xf6e819c0
  Set: 104 Way: 0 Address: 0xf6e81a00
  Set: 105 Way: 0 Address: 0xf6e81a40
  Set: 106 Way: 0 Address: 0xf6e81a80
  Set: 107 Way: 0 Address: 0xf6e81ac0
  Set: 108 Way: 0 Address: 0xf6e81b00
  Set: 109 Way: 0 Address: 0xf6e81b40
  Set: 110 Way: 0 Address: 0xf6e81b80
  Set: 111 Way: 0 Address: 0xf6e81bc0
  Set: 112 Way: 0 Address: 0xf6e81c00
  Set: 113 Way: 0 Address: 0xf6e81c40
  Set: 114 Way: 0 Address: 0xf6e81c80
  Set: 115 Way: 0 Address: 0xf6e81cc0
  Set: 116 Way: 0 Address: 0xf6e81d00
  Set: 117 Way: 0 Address: 0xf6e81d40
  Set: 118 Way: 0 Address: 0xf6e81d80
  Set: 119 Way: 0 Address: 0xf6e81dc0
  Set: 120 Way: 0 Address: 0xf6e81e00
  Set: 121 Way: 0 Address: 0xf6e81e40
  Set: 122 Way: 0 Address: 0xf6e81e80
  Set: 123 Way: 0 Address: 0xf6e81ec0
  Set: 124 Way: 0 Address: 0xf6e81f00
  Set: 125 Way: 0 Address: 0xf6e81f40
  Set: 126 Way: 0 Address: 0xf6e81f80
  Set: 127 Way: 0 Address: 0x2a4841fc0
  Set: 127 Way: 1 Address: 0xf6e81fc0
  Set: 153 Way: 0 Address: 0x6d0c2650
  Set: 154 Way: 0 Address: 0x6d0c269c
  Set: 172 Way: 0 Address: 0x9cff2b2b
  Set: 173 Way: 0 Address: 0x9cff2b68
  Set: 174 Way: 0 Address: 0x9cff2b84
  Set: 175 Way: 0 Address: 0x9cff2bc3
  Set: 179 Way: 0 Address: 0x1995f2cc0
  Set: 180 Way: 0 Address: 0x1995f2d00
  Set: 181 Way: 0 Address: 0x1995f2d40
  Set: 182 Way: 0 Address: 0x1995f2d80
  Set: 183 Way: 0 Address: 0x1995f2dc0
  Set: 184 Way: 0 Address: 0x1995f2e00
  Set: 185 Way: 0 Address: 0x1995f2e40
  Set: 186 Way: 0 Address: 0x1995f2e80
  Set: 187 Way: 0 Address: 0x1995f2ec0
  Set: 188 Way: 0 Address: 0x1995f2f00
  Set: 189 Way: 0 Address: 0x1995f2f40
  Set: 190 Way: 0 Address: 0x1995f2f80
  Set: 191 Way: 0 Address: 0x1995f2fc0
  Set: 194 Way: 0 Address: 0x3c56b3098
  Set: 256 Way: 0 Address: 0x3c1074000
  Set: 257 Way: 0 Address: 0x3c1074040
  Set: 258 Way: 0 Address: 0x397bb4090
  Set: 258 Way: 1 Address: 0x3c1074080
  Set: 259 Way: 0 Address: 0x3c10740c0
  Set: 260 Way: 0 Address: 0x3c1074100
  Set: 261 Way: 0 Address: 0x3c1074140
  Set: 262 Way: 0 Address: 0x129934198
  Set: 262 Way: 1 Address: 0x3c1074180
  Set: 263 Way: 0 Address: 0x3c10741c0
  Set: 264 Way: 0 Address: 0x3c1074200
  Set: 265 Way: 0 Address: 0x3c1074240
  Set: 266 Way: 0 Address: 0x3c1074280
  Set: 267 Way: 0 Address: 0x3c10742c0
  Set: 268 Way: 0 Address: 0x3c1074300
  Set: 269 Way: 0 Address: 0x3c1074340
  Set: 270 Way: 0 Address: 0x3c1074380
  Set: 271 Way: 0 Address: 0x3c10743c0
  Set: 272 Way: 0 Address: 0x3c1074400
  Set: 273 Way: 0 Address: 0x3c1074440
  Set: 274 Way: 0 Address: 0x3c1074480
  Set: 275 Way: 0 Address: 0x3c10744c0
  Set: 276 Way: 0 Address: 0x3c1074500
  Set: 277 Way: 0 Address: 0x3c1074540
  Set: 278 Way: 0 Address: 0x3c1074580
  Set: 279 Way: 0 Address: 0x3c10745c0
  Set: 280 Way: 0 Address: 0x3c1074600
  Set: 281 Way: 0 Address: 0x3c1074640
  Set: 282 Way: 0 Address: 0x3c1074680
  Set: 283 Way: 0 Address: 0x3c10746c0
  Set: 284 Way: 0 Address: 0x3c1074700
  Set: 285 Way: 0 Address: 0x3c1074740
  Set: 286 Way: 0 Address: 0x3c1074780
  Set: 287 Way: 0 Address: 0x3c10747c0
  Set: 288 Way: 0 Address: 0x3c1074800
  Set: 289 Way: 0 Address: 0x3c1074840
  Set: 290 Way: 0 Address: 0x3c1074880
  Set: 291 Way: 0 Address: 0x3c10748c0
  Set: 308 Way: 0 Address: 0x3de4d4d30
  Set: 315 Way: 0 Address: 0xb8004ed0
  Set: 317 Way: 0 Address: 0xb8004f50
  Set: 320 Way: 0 Address: 0x195f15000
  Set: 384 Way: 0 Address: 0x3dae66000
  Set: 385 Way: 0 Address: 0x3dae66040
  Set: 386 Way: 0 Address: 0x3dae66080
  Set: 387 Way: 0 Address: 0x3dae660c0
  Set: 388 Way: 0 Address: 0x3dae66100
  Set: 389 Way: 0 Address: 0x3dae66140
  Set: 390 Way: 0 Address: 0x3dae66180
  Set: 391 Way: 0 Address: 0x3dae661c0
  Set: 392 Way: 0 Address: 0x3dae66200
  Set: 393 Way: 0 Address: 0x3dae66240
  Set: 394 Way: 0 Address: 0x3dae66280
  Set: 395 Way: 0 Address: 0x3dae662c0
  Set: 396 Way: 0 Address: 0x3dae66300
  Set: 397 Way: 0 Address: 0x3dae66340
  Set: 398 Way: 0 Address: 0x3dae66380
  Set: 399 Way: 0 Address: 0x3dae663c0
  Set: 400 Way: 0 Address: 0x3dae66400
  Set: 401 Way: 0 Address: 0x3dae66440
  Set: 402 Way: 0 Address: 0x3dae66480
  Set: 403 Way: 0 Address: 0x3dae664c0
  Set: 404 Way: 0 Address: 0x3dae66500
  Set: 405 Way: 0 Address: 0x3dae66540
  Set: 406 Way: 0 Address: 0x3dae66580
  Set: 407 Way: 0 Address: 0x3dae665c0
  Set: 408 Way: 0 Address: 0x3dae66600
  Set: 409 Way: 0 Address: 0x3dae66640
  Set: 410 Way: 0 Address: 0x3dae66680
  Set: 411 Way: 0 Address: 0x3dae666c0
  Set: 412 Way: 0 Address: 0x3dae66700
  Set: 413 Way: 0 Address: 0x3dae66740
  Set: 414 Way: 0 Address: 0x3dae66780
  Set: 415 Way: 0 Address: 0x3dae667c0
  Set: 416 Way: 0 Address: 0x3dae66800
  Set: 417 Way: 0 Address: 0x3dae66840
  Set: 418 Way: 0 Address: 0x3dae66880
  Set: 419 Way: 0 Address: 0x3dae668c0
  Set: 420 Way: 0 Address: 0x3dae66900
  Set: 421 Way: 0 Address: 0x3dae66940
  Set: 422 Way: 0 Address: 0x3dae66980
  Set: 423 Way: 0 Address: 0x3dae669c0
  Set: 424 Way: 0 Address: 0x3dae66a00
  Set: 425 Way: 0 Address: 0x3dae66a40
  Set: 426 Way: 0 Address: 0x3dae66a80
  Set: 427 Way: 0 Address: 0x3dae66ac0
  Set: 428 Way: 0 Address: 0x3dae66b00
  Set: 429 Way: 0 Address: 0x3dae66b40
  Set: 430 Way: 0 Address: 0x3dae66b80
  Set: 431 Way: 0 Address: 0x3dae66bc0
  Set: 432 Way: 0 Address: 0x3dae66c00
  Set: 433 Way: 0 Address: 0x3dae66c40
  Set: 434 Way: 0 Address: 0x3dae66c80
  Set: 435 Way: 0 Address: 0x3dae66cc0
  Set: 436 Way: 0 Address: 0x3dae66d00
  Set: 437 Way: 0 Address: 0x3dae66d40
  Set: 438 Way: 0 Address: 0x3dae66d80
  Set: 439 Way: 0 Address: 0x3dae66dc0
  Set: 440 Way: 0 Address: 0x3dae66e00
  Set: 441 Way: 0 Address: 0x3dae66e40
  Set: 442 Way: 0 Address: 0x3dae66e80
  Set: 443 Way: 0 Address: 0x3dae66ec0
  Set: 444 Way: 0 Address: 0x3dae66f00
  Set: 445 Way: 0 Address: 0x43736f48
  Set: 445 Way: 1 Address: 0x3dae66f40
  Set: 446 Way: 0 Address: 0x3dae66f80
  Set: 447 Way: 0 Address: 0x3dae66fc0
  Set: 457 Way: 0 Address: 0x309887270
  Set: 458 Way: 0 Address: 0x309887280
  Set: 459 Way: 0 Address: 0x3098872c0
  Set: 460 Way: 0 Address: 0x309887300
  Set: 461 Way: 0 Address: 0x309887340
  Set: 462 Way: 0 Address: 0x309887380
  Set: 463 Way: 0 Address: 0x3098873c0
  Set: 464 Way: 0 Address: 0x309887400
  Set: 465 Way: 0 Address: 0x309887440
  Set: 466 Way: 0 Address: 0x309887480
  Set: 467 Way: 0 Address: 0x3098874c0
  Set: 468 Way: 0 Address: 0x309887500
  Set: 469 Way: 0 Address: 0x309887540
  Set: 470 Way: 0 Address: 0x309887580
  Set: 471 Way: 0 Address: 0x3098875c0
  Set: 472 Way: 0 Address: 0x309887600
  Set: 517 Way: 0 Address: 0x1aafb8160
  Set: 535 Way: 0 Address: 0xc70785f0
  Set: 536 Way: 0 Address: 0xc7078620
  Set: 538 Way: 0 Address: 0xc7078698
  Set: 539 Way: 0 Address: 0xc70786cc
  Set: 574 Way: 0 Address: 0x201598fb0
  Set: 576 Way: 0 Address: 0x292959000
  Set: 576 Way: 1 Address: 0x2ee369000
  Set: 577 Way: 0 Address: 0x292959040
  Set: 577 Way: 1 Address: 0x2ee369040
  Set: 578 Way: 0 Address: 0x292959080
  Set: 578 Way: 1 Address: 0x2ee369080
  Set: 579 Way: 0 Address: 0x2929590c0
  Set: 579 Way: 1 Address: 0x2ee3690c0
  Set: 580 Way: 0 Address: 0x292959100
  Set: 580 Way: 1 Address: 0x2ee369100
  Set: 581 Way: 0 Address: 0x292959140
  Set: 581 Way: 1 Address: 0x2ee369140
  Set: 582 Way: 0 Address: 0x292959180
  Set: 582 Way: 1 Address: 0x2ee369180
  Set: 583 Way: 0 Address: 0x2929591c0
  Set: 583 Way: 1 Address: 0x2ee3691c0
  Set: 584 Way: 0 Address: 0x292959200
  Set: 584 Way: 1 Address: 0x2ee369200
  Set: 585 Way: 0 Address: 0x292959240
  Set: 585 Way: 1 Address: 0x2ee369240
  Set: 586 Way: 0 Address: 0x292959280
  Set: 586 Way: 1 Address: 0x2ee369280
  Set: 587 Way: 0 Address: 0x2929592c0
  Set: 587 Way: 1 Address: 0x2ee3692c0
  Set: 588 Way: 0 Address: 0x292959300
  Set: 588 Way: 1 Address: 0x2ee369300
  Set: 589 Way: 0 Address: 0x292959340
  Set: 589 Way: 1 Address: 0x2ee369340
  Set: 590 Way: 0 Address: 0x292959380
  Set: 590 Way: 1 Address: 0x2ee369380
  Set: 591 Way: 0 Address: 0x2929593c0
  Set: 591 Way: 1 Address: 0x2ee3693c0
  Set: 592 Way: 0 Address: 0x292959400
  Set: 592 Way: 1 Address: 0x2ee369400
  Set: 593 Way: 0 Address: 0x292959440
  Set: 593 Way: 1 Address: 0x2ee369440
  Set: 594 Way: 0 Address: 0x292959480
  Set: 594 Way: 1 Address: 0x2ee369480
  Set: 595 Way: 0 Address: 0x2929594c0
  Set: 595 Way: 1 Address: 0x2ee3694c0
  Set: 596 Way: 0 Address: 0x292959500
  Set: 596 Way: 1 Address: 0x2ee369500
  Set: 597 Way: 0 Address: 0x292959540
  Set: 597 Way: 1 Address: 0x2ee369540
  Set: 598 Way: 0 Address: 0x292959580
  Set: 598 Way: 1 Address: 0x2ee369580
  Set: 599 Way: 0 Address: 0x2929595c0
  Set: 599 Way: 1 Address: 0x2ee3695c0
  Set: 600 Way: 0 Address: 0x292959600
  Set: 600 Way: 1 Address: 0x2ee369600
  Set: 601 Way: 0 Address: 0x292959650
  Set: 601 Way: 1 Address: 0x2ee369640
  Set: 602 Way: 0 Address: 0x292959680
  Set: 602 Way: 1 Address: 0x2ee369680
  Set: 603 Way: 0 Address: 0x2929596c0
  Set: 603 Way: 1 Address: 0x2ee3696c0
  Set: 604 Way: 0 Address: 0x292959700
  Set: 604 Way: 1 Address: 0x2ee369700
  Set: 605 Way: 0 Address: 0x292959740
  Set: 605 Way: 1 Address: 0x2ee369740
  Set: 606 Way: 0 Address: 0x292959780
  Set: 606 Way: 1 Address: 0x2ee369780
  Set: 607 Way: 0 Address: 0x2929597c0
  Set: 607 Way: 1 Address: 0x2ee3697c0
  Set: 608 Way: 0 Address: 0x292959800
  Set: 608 Way: 1 Address: 0x2ee369800
  Set: 609 Way: 0 Address: 0x292959840
  Set: 609 Way: 1 Address: 0x2ee369840
  Set: 610 Way: 0 Address: 0x292959880
  Set: 610 Way: 1 Address: 0x2ee369880
  Set: 611 Way: 0 Address: 0x2929598c0
  Set: 611 Way: 1 Address: 0x2ee3698c0
  Set: 612 Way: 0 Address: 0x292959900
  Set: 612 Way: 1 Address: 0x2ee369900
  Set: 613 Way: 0 Address: 0x292959940
  Set: 613 Way: 1 Address: 0x2ee369940
  Set: 614 Way: 0 Address: 0x292959980
  Set: 614 Way: 1 Address: 0x2ee369980
  Set: 615 Way: 0 Address: 0x2929599c0
  Set: 615 Way: 1 Address: 0x2ee3699c0
  Set: 616 Way: 0 Address: 0x2ee369a00
  Set: 617 Way: 0 Address: 0x2ee369a40
  Set: 618 Way: 0 Address: 0x2ee369a80
  Set: 619 Way: 0 Address: 0x2ee369ac0
  Set: 620 Way: 0 Address: 0x2ee369b00
  Set: 621 Way: 0 Address: 0x2ee369b40
  Set: 622 Way: 0 Address: 0x2ee369b80
  Set: 623 Way: 0 Address: 0x2ee369bc0
  Set: 624 Way: 0 Address: 0x2ee369c00
  Set: 625 Way: 0 Address: 0x2ee369c40
  Set: 626 Way: 0 Address: 0x2ee369c80
  Set: 627 Way: 0 Address: 0x2ee369cc0
  Set: 628 Way: 0 Address: 0x2ee369d00
  Set: 629 Way: 0 Address: 0x2ee369d40
  Set: 630 Way: 0 Address: 0x2ee369d80
  Set: 631 Way: 0 Address: 0x2ee369dc0
  Set: 632 Way: 0 Address: 0x2ee369e00
  Set: 633 Way: 0 Address: 0x2ee369e40
  Set: 634 Way: 0 Address: 0x2ee369e80
  Set: 635 Way: 0 Address: 0x2ee369ec0
  Set: 636 Way: 0 Address: 0x2ee369f00
  Set: 637 Way: 0 Address: 0x2ee369f40
  Set: 638 Way: 0 Address: 0x2ee369f80
  Set: 639 Way: 0 Address: 0x2ee369fc0
  Set: 671 Way: 0 Address: 0x223eda7f8
  Set: 682 Way: 0 Address: 0x1d89daa88
  Set: 768 Way: 0 Address: 0xdf85c000
  Set: 774 Way: 0 Address: 0x12c6fc190
  Set: 829 Way: 0 Address: 0x38e35cf68
  Set: 893 Way: 0 Address: 0x23755df50
  Set: 896 Way: 0 Address: 0x28b67e000
  Set: 896 Way: 1 Address: 0x1f919e010
  Set: 898 Way: 0 Address: 0x1f919e098
  Set: 927 Way: 0 Address: 0x28b67e7f8
  Set: 939 Way: 0 Address: 0x3734eeaf0
  Set: 957 Way: 0 Address: 0x2f5d8ef58
  Set: 960 Way: 0 Address: 0xee86f000
  Set: 961 Way: 0 Address: 0xee86f040
  Set: 962 Way: 0 Address: 0xee86f080
  Set: 963 Way: 0 Address: 0xee86f0c0
  Set: 964 Way: 0 Address: 0xee86f100
  Set: 965 Way: 0 Address: 0xee86f140
  Set: 966 Way: 0 Address: 0xee86f180
  Set: 967 Way: 0 Address: 0xee86f1c0
  Set: 968 Way: 0 Address: 0xee86f200
  Set: 969 Way: 0 Address: 0xee86f240
  Set: 970 Way: 0 Address: 0xee86f280
  Set: 971 Way: 0 Address: 0xee86f2c0
  Set: 972 Way: 0 Address: 0xee86f300
  Set: 973 Way: 0 Address: 0xee86f340
  Set: 974 Way: 0 Address: 0xee86f380
  Set: 975 Way: 0 Address: 0xee86f3c0
  Set: 976 Way: 0 Address: 0xee86f400
  Set: 977 Way: 0 Address: 0xee86f440
  Set: 978 Way: 0 Address: 0xee86f480
  Set: 979 Way: 0 Address: 0xee86f4c0
  Set: 980 Way: 0 Address: 0xee86f500
  Set: 981 Way: 0 Address: 0xee86f540
  Set: 982 Way: 0 Address: 0x16390f5b0
  Set: 982 Way: 1 Address: 0xee86f580
  Set: 983 Way: 0 Address: 0xee86f5c0
  Set: 984 Way: 0 Address: 0xee86f600
  Set: 985 Way: 0 Address: 0xee86f640
  Set: 986 Way: 0 Address: 0xee86f680
  Set: 987 Way: 0 Address: 0xee86f6c0
  Set: 988 Way: 0 Address: 0xee86f700
  Set: 989 Way: 0 Address: 0xee86f740
  Set: 990 Way: 0 Address: 0xee86f780
  Set: 991 Way: 0 Address: 0xee86f7c0
  Set: 992 Way: 0 Address: 0xee86f800
  Set: 993 Way: 0 Address: 0xee86f840
  Set: 994 Way: 0 Address: 0xee86f880
  Set: 995 Way: 0 Address: 0xee86f8c0
  Set: 996 Way: 0 Address: 0xee86f900
  Set: 997 Way: 0 Address: 0xee86f940
  Set: 998 Way: 0 Address: 0xee86f980
  Set: 999 Way: 0 Address: 0xee86f9c0
  Set: 1000 Way: 0 Address: 0xee86fa00
  Set: 1001 Way: 0 Address: 0xee86fa40
  Set: 1002 Way: 0 Address: 0xee86fa80
  Set: 1003 Way: 0 Address: 0xee86fac0
  Set: 1004 Way: 0 Address: 0xee86fb00
  Set: 1005 Way: 0 Address: 0xee86fb40
  Set: 1006 Way: 0 Address: 0xee86fb80
  Set: 1007 Way: 0 Address: 0xee86fbc0
  Set: 1008 Way: 0 Address: 0xee86fc00
  Set: 1009 Way: 0 Address: 0xee86fc40
  Set: 1010 Way: 0 Address: 0xee86fc80
  Set: 1011 Way: 0 Address: 0xee86fcc0
  Set: 1012 Way: 0 Address: 0xee86fd00
  Set: 1013 Way: 0 Address: 0xee86fd40
  Set: 1014 Way: 0 Address: 0xee86fd80
  Set: 1015 Way: 0 Address: 0xee86fdc0
  Set: 1016 Way: 0 Address: 0xee86fe00
  Set: 1017 Way: 0 Address: 0xee86fe40
  Set: 1018 Way: 0 Address: 0xee86fe80
  Set: 1019 Way: 0 Address: 0xee86fec0
  Set: 1020 Way: 0 Address: 0xee86ff00
  Set: 1021 Way: 0 Address: 0xee86ff40
  Set: 1021 Way: 1 Address: 0x143eff60
  Set: 1022 Way: 0 Address: 0xee86ff80
  Set: 1023 Way: 0 Address: 0xee86ffc0
EndCache
Cache: cpu0_L1I
  Set: 44 Way: 0 Address: 0x9cff2b2b
  Set: 45 Way: 0 Address: 0x9cff2b6c
  Set: 46 Way: 0 Address: 0x9cff2b84
  Set: 47 Way: 0 Address: 0x9cff2bc3
  Set: 63 Way: 0 Address: 0x2a4841fc0
EndCache
Cache: cpu0_L1D
  Set: 0 Way: 0 Address: 0xdf85c000
  Set: 0 Way: 1 Address: 0x28b67e000
  Set: 0 Way: 2 Address: 0x195f15000
  Set: 0 Way: 3 Address: 0x1f919e010
  Set: 0 Way: 4 Address: 0x292959000
  Set: 0 Way: 5 Address: 0x2ee369000
  Set: 0 Way: 6 Address: 0xee86f000
  Set: 0 Way: 7 Address: 0x3dae66000
  Set: 0 Way: 8 Address: 0x3c1074000
  Set: 1 Way: 0 Address: 0x292959040
  Set: 1 Way: 1 Address: 0x2ee369040
  Set: 1 Way: 2 Address: 0xee86f040
  Set: 1 Way: 3 Address: 0x3dae66040
  Set: 1 Way: 4 Address: 0x3c1074040
  Set: 2 Way: 0 Address: 0x1f919e090
  Set: 2 Way: 1 Address: 0x3c56b3098
  Set: 2 Way: 2 Address: 0x397bb4090
  Set: 2 Way: 3 Address: 0x292959080
  Set: 2 Way: 4 Address: 0x2ee369080
  Set: 2 Way: 5 Address: 0xee86f080
  Set: 2 Way: 6 Address: 0x3dae66080
  Set: 2 Way: 7 Address: 0x3c1074080
  Set: 3 Way: 0 Address: 0x2929590c0
  Set: 3 Way: 1 Address: 0x2ee3690c0
  Set: 3 Way: 2 Address: 0xee86f0c0
  Set: 3 Way: 3 Address: 0x3dae660c0
  Set: 3 Way: 4 Address: 0x3c10740c0
  Set: 4 Way: 0 Address: 0x292959100
  Set: 4 Way: 1 Address: 0x2ee369100
  Set: 4 Way: 2 Address: 0xee86f100
  Set: 4 Way: 3 Address: 0x3dae66100
  Set: 4 Way: 4 Address: 0x3c1074100
  Set: 5 Way: 0 Address: 0x1aafb8160
  Set: 5 Way: 1 Address: 0x292959140
  Set: 5 Way: 2 Address: 0x2ee369140
  Set: 5 Way: 3 Address: 0xee86f140
  Set: 5 Way: 4 Address: 0x3dae66140
  Set: 5 Way: 5 Address: 0x3c1074140
  Set: 6 Way: 0 Address: 0x129934198
  Set: 6 Way: 1 Address: 0x12c6fc190
  Set: 6 Way: 2 Address: 0x292959180
  Set: 6 Way: 3 Address: 0x2ee369180
  Set: 6 Way: 4 Address: 0xee86f180
  Set: 6 Way: 5 Address: 0x3dae66180
  Set: 6 Way: 6 Address: 0x3c1074180
  Set: 7 Way: 0 Address: 0x2929591c0
  Set: 7 Way: 1 Address: 0x2ee3691c0
  Set: 7 Way: 2 Address: 0xee86f1c0
  Set: 7 Way: 3 Address: 0x3dae661c0
  Set: 7 Way: 4 Address: 0x3c10741c0
  Set: 8 Way: 0 Address: 0x292959200
  Set: 8 Way: 1 Address: 0x2ee369200
  Set: 8 Way: 2 Address: 0xee86f200
  Set: 8 Way: 3 Address: 0x3dae66200
  Set: 8 Way: 4 Address: 0x3c1074200
  Set: 9 Way: 0 Address: 0x309887270
  Set: 9 Way: 1 Address: 0x292959240
  Set: 9 Way: 2 Address: 0x2ee369240
  Set: 9 Way: 3 Address: 0xee86f240
  Set: 9 Way: 4 Address: 0x3dae66240
  Set: 9 Way: 5 Address: 0x3c1074240
  Set: 10 Way: 0 Address: 0x309887280
  Set: 10 Way: 1 Address: 0x292959280
  Set: 10 Way: 2 Address: 0x2ee369280
  Set: 10 Way: 3 Address: 0xee86f280
  Set: 10 Way: 4 Address: 0x3dae66280
  Set: 10 Way: 5 Address: 0x3c1074280
  Set: 11 Way: 0 Address: 0x3098872c0
  Set: 11 Way: 1 Address: 0x2929592c0
  Set: 11 Way: 2 Address: 0x2ee3692c0
  Set: 11 Way: 3 Address: 0xee86f2c0
  Set: 11 Way: 4 Address: 0x3dae662c0
  Set: 11 Way: 5 Address: 0x3c10742c0
  Set: 12 Way: 0 Address: 0x292959300
  Set: 12 Way: 1 Address: 0x2ee369300
  Set: 12 Way: 2 Address: 0x309887308
  Set: 12 Way: 3 Address: 0xee86f300
  Set: 12 Way: 4 Address: 0x3dae66300
  Set: 12 Way: 5 Address: 0x3c1074300
  Set: 13 Way: 0 Address: 0x292959340
  Set: 13 Way: 1 Address: 0x2ee369340
  Set: 13 Way: 2 Address: 0x309887348
  Set: 13 Way: 3 Address: 0xee86f340
  Set: 13 Way: 4 Address: 0x3dae66340
  Set: 13 Way: 5 Address: 0x3c1074340
  Set: 14 Way: 0 Address: 0x309887380
  Set: 14 Way: 1 Address: 0x292959380
  Set: 14 Way: 2 Address: 0x2ee369380
  Set: 14 Way: 3 Address: 0xee86f380
  Set: 14 Way: 4 Address: 0x3dae66380
  Set: 14 Way: 5 Address: 0x3c1074380
  Set: 15 Way: 0 Address: 0x3098873c0
  Set: 15 Way: 1 Address: 0x2929593c0
  Set: 15 Way: 2 Address: 0x2ee3693c0
  Set: 15 Way: 3 Address: 0xee86f3c0
  Set: 15 Way: 4 Address: 0x3dae663c0
  Set: 15 Way: 5 Address: 0x3c10743c0
  Set: 16 Way: 0 Address: 0x309887400
  Set: 16 Way: 1 Address: 0x292959400
  Set: 16 Way: 2 Address: 0x2ee369400
  Set: 16 Way: 3 Address: 0xee86f400
  Set: 16 Way: 4 Address: 0x3dae66400
  Set: 16 Way: 5 Address: 0x3c1074400
  Set: 17 Way: 0 Address: 0x309887440
  Set: 17 Way: 1 Address: 0x292959440
  Set: 17 Way: 2 Address: 0x2ee369440
  Set: 17 Way: 3 Address: 0xee86f440
  Set: 17 Way: 4 Address: 0x3dae66440
  Set: 17 Way: 5 Address: 0x3c1074440
  Set: 18 Way: 0 Address: 0x292959480
  Set: 18 Way: 1 Address: 0x2ee369480
  Set: 18 Way: 2 Address: 0x309887480
  Set: 18 Way: 3 Address: 0xee86f480
  Set: 18 Way: 4 Address: 0x3dae66480
  Set: 18 Way: 5 Address: 0x3c1074480
  Set: 19 Way: 0 Address: 0x2929594c0
  Set: 19 Way: 1 Address: 0x2ee3694c0
  Set: 19 Way: 2 Address: 0x3098874c0
  Set: 19 Way: 3 Address: 0xee86f4c0
  Set: 19 Way: 4 Address: 0x3dae664c0
  Set: 19 Way: 5 Address: 0x3c10744c0
  Set: 20 Way: 0 Address: 0x292959500
  Set: 20 Way: 1 Address: 0x2ee369500
  Set: 20 Way: 2 Address: 0x309887500
  Set: 20 Way: 3 Address: 0xee86f500
  Set: 20 Way: 4 Address: 0x3dae66500
  Set: 20 Way: 5 Address: 0x3c1074500
  Set: 21 Way: 0 Address: 0x292959540
  Set: 21 Way: 1 Address: 0x2ee369540
  Set: 21 Way: 2 Address: 0xee86f540
  Set: 21 Way: 3 Address: 0x3dae66540
  Set: 21 Way: 4 Address: 0x3c1074540
  Set: 21 Way: 5 Address: 0x309887540
  Set: 22 Way: 0 Address: 0x16390f5b0
  Set: 22 Way: 1 Address: 0x292959580
  Set: 22 Way: 2 Address: 0x2ee369580
  Set: 22 Way: 3 Address: 0xee86f580
  Set: 22 Way: 4 Address: 0x3dae66580
  Set: 22 Way: 5 Address: 0x3c1074580
  Set: 22 Way: 6 Address: 0x309887580
  Set: 23 Way: 0 Address: 0xc70785f0
  Set: 23 Way: 1 Address: 0x2929595c0
  Set: 23 Way: 2 Address: 0x2ee3695c0
  Set: 23 Way: 3 Address: 0xee86f5c0
  Set: 23 Way: 4 Address: 0x3dae665c0
  Set: 23 Way: 5 Address: 0x3c10745c0
  Set: 23 Way: 6 Address: 0x3098875c0
  Set: 24 Way: 0 Address: 0xc7078620
  Set: 24 Way: 1 Address: 0x292959600
  Set: 24 Way: 2 Address: 0x2ee369600
  Set: 24 Way: 3 Address: 0xee86f600
  Set: 24 Way: 4 Address: 0x3dae66600
  Set: 24 Way: 5 Address: 0x3c1074600
  Set: 25 Way: 0 Address: 0x292959650
  Set: 25 Way: 1 Address: 0x6d0c2648
  Set: 25 Way: 2 Address: 0x2ee369640
  Set: 25 Way: 3 Address: 0xee86f640
  Set: 25 Way: 4 Address: 0x3dae66640
  Set: 25 Way: 5 Address: 0x3c1074640
  Set: 26 Way: 0 Address: 0xc7078698
  Set: 26 Way: 1 Address: 0x6d0c2690
  Set: 26 Way: 2 Address: 0x292959680
  Set: 26 Way: 3 Address: 0x2ee369680
  Set: 26 Way: 4 Address: 0xee86f680
  Set: 26 Way: 5 Address: 0x3dae66680
  Set: 26 Way: 6 Address: 0x3c1074680
  Set: 27 Way: 0 Address: 0xc70786cc
  Set: 27 Way: 1 Address: 0x2929596c0
  Set: 27 Way: 2 Address: 0x2ee3696c0
  Set: 27 Way: 3 Address: 0xee86f6c0
  Set: 27 Way: 4 Address: 0x3dae666c0
  Set: 27 Way: 5 Address: 0x3c10746c0
  Set: 28 Way: 0 Address: 0x292959700
  Set: 28 Way: 1 Address: 0x2ee369700
  Set: 28 Way: 2 Address: 0xee86f700
  Set: 28 Way: 3 Address: 0x3dae66700
  Set: 28 Way: 4 Address: 0x3c1074700
  Set: 29 Way: 0 Address: 0x292959740
  Set: 29 Way: 1 Address: 0x2ee369740
  Set: 29 Way: 2 Address: 0xee86f740
  Set: 29 Way: 3 Address: 0x3dae66740
  Set: 29 Way: 4 Address: 0x3c1074740
  Set: 30 Way: 0 Address: 0x292959780
  Set: 30 Way: 1 Address: 0x2ee369780
  Set: 30 Way: 2 Address: 0xee86f780
  Set: 30 Way: 3 Address: 0x3dae66780
  Set: 30 Way: 4 Address: 0x3c1074780
  Set: 31 Way: 0 Address: 0x28b67e7f8
  Set: 31 Way: 1 Address: 0x223eda7f8
  Set: 31 Way: 2 Address: 0x2929597c0
  Set: 31 Way: 3 Address: 0x2ee3697c0
  Set: 31 Way: 4 Address: 0xee86f7c0
  Set: 31 Way: 5 Address: 0x3dae667c0
  Set: 31 Way: 6 Address: 0x3c10747c0
  Set: 32 Way: 0 Address: 0xf6e81820
  Set: 32 Way: 1 Address: 0x292959800
  Set: 32 Way: 2 Address: 0x2ee369800
  Set: 32 Way: 3 Address: 0xee86f800
  Set: 32 Way: 4 Address: 0x3dae66800
  Set: 32 Way: 5 Address: 0x3c1074800
  Set: 33 Way: 0 Address: 0xf6e81840
  Set: 33 Way: 1 Address: 0x292959840
  Set: 33 Way: 2 Address: 0x2ee369840
  Set: 33 Way: 3 Address: 0xee86f840
  Set: 33 Way: 4 Address: 0x3dae66840
  Set: 33 Way: 5 Address: 0x3c1074840
  Set: 34 Way: 0 Address: 0xf6e81880
  Set: 34 Way: 1 Address: 0x292959880
  Set: 34 Way: 2 Address: 0x2ee369880
  Set: 34 Way: 3 Address: 0xee86f880
  Set: 34 Way: 4 Address: 0x3dae66880
  Set: 34 Way: 5 Address: 0x3c1074880
  Set: 35 Way: 0 Address: 0xf6e818c0
  Set: 35 Way: 1 Address: 0x2929598c0
  Set: 35 Way: 2 Address: 0x2ee3698c0
  Set: 35 Way: 3 Address: 0xee86f8c0
  Set: 35 Way: 4 Address: 0x3dae668c0
  Set: 35 Way: 5 Address: 0x3c10748c0
  Set: 36 Way: 0 Address: 0xf6e81900
  Set: 36 Way: 1 Address: 0x292959900
  Set: 36 Way: 2 Address: 0x2ee369900
  Set: 36 Way: 3 Address: 0xee86f900
  Set: 36 Way: 4 Address: 0x3dae66900
  Set: 37 Way: 0 Address: 0xf6e81940
  Set: 37 Way: 1 Address: 0x292959940
  Set: 37 Way: 2 Address: 0x2ee369940
  Set: 37 Way: 3 Address: 0xee86f940
  Set: 37 Way: 4 Address: 0x3dae66940
  Set: 38 Way: 0 Address: 0xf6e81980
  Set: 38 Way: 1 Address: 0x292959980
  Set: 38 Way: 2 Address: 0x2ee369980
  Set: 38 Way: 3 Address: 0xee86f980
  Set: 38 Way: 4 Address: 0x3dae66980
  Set: 39 Way: 0 Address: 0xf6e819c0
  Set: 39 Way: 1 Address: 0x2929599c0
  Set: 39 Way: 2 Address: 0x2ee3699c0
  Set: 39 Way: 3 Address: 0xee86f9c0
  Set: 39 Way: 4 Address: 0x3dae669c0
  Set: 40 Way: 0 Address: 0xf6e81a00
  Set: 40 Way: 1 Address: 0x2ee369a00
  Set: 40 Way: 2 Address: 0xee86fa00
  Set: 40 Way: 3 Address: 0x3dae66a00
  Set: 41 Way: 0 Address: 0xf6e81a40
  Set: 41 Way: 1 Address: 0x2ee369a40
  Set: 41 Way: 2 Address: 0xee86fa40
  Set: 41 Way: 3 Address: 0x3dae66a40
  Set: 42 Way: 0 Address: 0x1d89daa88
  Set: 42 Way: 1 Address: 0xf6e81a80
  Set: 42 Way: 2 Address: 0x2ee369a80
  Set: 42 Way: 3 Address: 0xee86fa80
  Set: 42 Way: 4 Address: 0x3dae66a80
  Set: 43 Way: 0 Address: 0x3734eeaf0
  Set: 43 Way: 1 Address: 0xf6e81ac0
  Set: 43 Way: 2 Address: 0x2ee369ac0
  Set: 43 Way: 3 Address: 0xee86fac0
  Set: 43 Way: 4 Address: 0x3dae66ac0
  Set: 44 Way: 0 Address: 0xf6e81b00
  Set: 44 Way: 1 Address: 0x2ee369b00
  Set: 44 Way: 2 Address: 0xee86fb00
  Set: 44 Way: 3 Address: 0x3dae66b00
  Set: 45 Way: 0 Address: 0xf6e81b40
  Set: 45 Way: 1 Address: 0x2ee369b40
  Set: 45 Way: 2 Address: 0xee86fb40
  Set: 45 Way: 3 Address: 0x3dae66b40
  Set: 46 Way: 0 Address: 0xf6e81b80
  Set: 46 Way: 1 Address: 0x2ee369b80
  Set: 46 Way: 2 Address: 0xee86fb80
  Set: 46 Way: 3 Address: 0x3dae66b80
  Set: 47 Way: 0 Address: 0xf6e81bc0
  Set: 47 Way: 1 Address: 0x2ee369bc0
  Set: 47 Way: 2 Address: 0xee86fbc0
  Set: 47 Way: 3 Address: 0x3dae66bc0
  Set: 48 Way: 0 Address: 0xf6e81c00
  Set: 48 Way: 1 Address: 0x2ee369c00
  Set: 48 Way: 2 Address: 0xee86fc00
  Set: 48 Way: 3 Address: 0x3dae66c00
  Set: 49 Way: 0 Address: 0xf6e81c40
  Set: 49 Way: 1 Address: 0x2ee369c40
  Set: 49 Way: 2 Address: 0xee86fc40
  Set: 49 Way: 3 Address: 0x3dae66c40
  Set: 50 Way: 0 Address: 0xf6e81c80
  Set: 50 Way: 1 Address: 0x2ee369c80
  Set: 50 Way: 2 Address: 0xee86fc80
  Set: 50 Way: 3 Address: 0x3dae66c80
  Set: 51 Way: 0 Address: 0x1995f2cc0
  Set: 51 Way: 1 Address: 0xf6e81cc0
  Set: 51 Way: 2 Address: 0x2ee369cc0
  Set: 51 Way: 3 Address: 0xee86fcc0
  Set: 51 Way: 4 Address: 0x3dae66cc0
  Set: 52 Way: 0 Address: 0x3de4d4d30
  Set: 52 Way: 1 Address: 0x1995f2d00
  Set: 52 Way: 2 Address: 0xf6e81d00
  Set: 52 Way: 3 Address: 0x2ee369d00
  Set: 52 Way: 4 Address: 0xee86fd00
  Set: 52 Way: 5 Address: 0x3dae66d00
  Set: 53 Way: 0 Address: 0x1995f2d40
  Set: 53 Way: 1 Address: 0xf6e81d40
  Set: 53 Way: 2 Address: 0x2ee369d40
  Set: 53 Way: 3 Address: 0xee86fd40
  Set: 53 Way: 4 Address: 0x3dae66d40
  Set: 54 Way: 0 Address: 0x1995f2d80
  Set: 54 Way: 1 Address: 0xf6e81d80
  Set: 54 Way: 2 Address: 0x2ee369d80
  Set: 54 Way: 3 Address: 0xee86fd80
  Set: 54 Way: 4 Address: 0x3dae66d80
  Set: 55 Way: 0 Address: 0x1995f2dc0
  Set: 55 Way: 1 Address: 0xf6e81dc0
  Set: 55 Way: 2 Address: 0x2ee369dc0
  Set: 55 Way: 3 Address: 0xee86fdc0
  Set: 55 Way: 4 Address: 0x3dae66dc0
  Set: 56 Way: 0 Address: 0x1995f2e00
  Set: 56 Way: 1 Address: 0xf6e81e00
  Set: 56 Way: 2 Address: 0x2ee369e00
  Set: 56 Way: 3 Address: 0xee86fe00
  Set: 56 Way: 4 Address: 0x3dae66e00
  Set: 57 Way: 0 Address: 0x1995f2e40
  Set: 57 Way: 1 Address: 0xf6e81e40
  Set: 57 Way: 2 Address: 0x2ee369e40
  Set: 57 Way: 3 Address: 0xee86fe40
  Set: 57 Way: 4 Address: 0x3dae66e40
  Set: 58 Way: 0 Address: 0x1995f2e80
  Set: 58 Way: 1 Address: 0xf6e81e80
  Set: 58 Way: 2 Address: 0x2ee369e80
  Set: 58 Way: 3 Address: 0xee86fe80
  Set: 58 Way: 4 Address: 0x3dae66e80
  Set: 59 Way: 0 Address: 0xb8004ed0
  Set: 59 Way: 1 Address: 0x1995f2ec0
  Set: 59 Way: 2 Address: 0xf6e81ec0
  Set: 59 Way: 3 Address: 0x2ee369ec0
  Set: 59 Way: 4 Address: 0xee86fec0
  Set: 59 Way: 5 Address: 0x3dae66ec0
  Set: 60 Way: 0 Address: 0x1995f2f00
  Set: 60 Way: 1 Address: 0xf6e81f00
  Set: 60 Way: 2 Address: 0x2ee369f00
  Set: 60 Way: 3 Address: 0xee86ff00
  Set: 60 Way: 4 Address: 0x3dae66f00
  Set: 61 Way: 0 Address: 0x43736f48
  Set: 61 Way: 1 Address: 0x1995f2f40
  Set: 61 Way: 2 Address: 0xf6e81f40
  Set: 61 Way: 3 Address: 0xb8004f50
  Set: 61 Way: 4 Address: 0x23755df50
  Set: 61 Way: 5 Address: 0x2ee369f40
  Set: 61 Way: 6 Address: 0x2f5d8ef58
  Set: 61 Way: 7 Address: 0xee86ff40
  Set: 61 Way: 8 Address: 0x143eff60
  Set: 61 Way: 9 Address: 0x3dae66f40
  Set: 61 Way: 10 Address: 0x38e35cf68
  Set: 62 Way: 0 Address: 0x201598fb0
  Set: 62 Way: 1 Address: 0x1995f2f80
  Set: 62 Way: 2 Address: 0xf6e81f80
  Set: 62 Way: 3 Address: 0x2ee369f80
  Set: 62 Way: 4 Address: 0xee86ff80
  Set: 62 Way: 5 Address: 0x3dae66f80
  Set: 63 Way: 0 Address: 0x1995f2fc0
  Set: 63 Way: 1 Address: 0xf6e81fc0
  Set: 63 Way: 2 Address: 0x2ee369fc0
  Set: 63 Way: 3 Address: 0xee86ffc0
  Set: 63 Way: 4 Address: 0x3dae66fc0
EndCache
Cache: cpu0_ITLB
  Set: 1 Way: 0 Address: 0x551b6c
  Set: 6 Way: 0 Address: 0x5a6fc0
EndCache
Cache: cpu0_DTLB
  Set: 2 Way: 0 Address: 0x2632cc0
  Set: 3 Way: 0 Address: 0x2633650
  Set: 6 Way: 0 Address: 0x7ffdabcb6690
  Set: 9 Way: 0 Address: 0x25e9818
  Set: 10 Way: 0 Address: 0x25da270
  Set: 10 Way: 1 Address: 0x25ea000
  Set: 11 Way: 0 Address: 0x25eb000
  Set: 12 Way: 0 Address: 0x262c620
  Set: 12 Way: 1 Address: 0x25ec000
  Set: 13 Way: 0 Address: 0x25ed000
EndCache
Cache: LLC
  Set: 96 Way: 0 Address: 0xf6e81818
  Set: 97 Way: 0 Address: 0xf6e81840
  Set: 98 Way: 0 Address: 0xf6e81880
  Set: 99 Way: 0 Address: 0xf6e818c0
  Set: 100 Way: 0 Address: 0xf6e81900
  Set: 101 Way: 0 Address: 0xf6e81940
  Set: 102 Way: 0 Address: 0xf6e81980
  Set: 103 Way: 0 Address: 0xf6e819c0
  Set: 104 Way: 0 Address: 0xf6e81a00
  Set: 105 Way: 0 Address: 0xf6e81a40
  Set: 106 Way: 0 Address: 0xf6e81a80
  Set: 107 Way: 0 Address: 0xf6e81ac0
  Set: 108 Way: 0 Address: 0xf6e81b00
  Set: 109 Way: 0 Address: 0xf6e81b40
  Set: 110 Way: 0 Address: 0xf6e81b80
  Set: 111 Way: 0 Address: 0xf6e81bc0
  Set: 112 Way: 0 Address: 0xf6e81c00
  Set: 113 Way: 0 Address: 0xf6e81c40
  Set: 114 Way: 0 Address: 0xf6e81c80
  Set: 115 Way: 0 Address: 0xf6e81cc0
  Set: 116 Way: 0 Address: 0xf6e81d00
  Set: 117 Way: 0 Address: 0xf6e81d40
  Set: 118 Way: 0 Address: 0xf6e81d80
  Set: 119 Way: 0 Address: 0xf6e81dc0
  Set: 120 Way: 0 Address: 0xf6e81e00
  Set: 121 Way: 0 Address: 0xf6e81e40
  Set: 122 Way: 0 Address: 0xf6e81e80
  Set: 123 Way: 0 Address: 0xf6e81ec0
  Set: 124 Way: 0 Address: 0xf6e81f00
  Set: 125 Way: 0 Address: 0xf6e81f40
  Set: 126 Way: 0 Address: 0xf6e81f80
  Set: 127 Way: 0 Address: 0x2a4841fc0
  Set: 127 Way: 1 Address: 0xf6e81fc0
  Set: 153 Way: 0 Address: 0x6d0c2650
  Set: 154 Way: 0 Address: 0x6d0c269c
  Set: 315 Way: 0 Address: 0xb8004ed0
  Set: 317 Way: 0 Address: 0xb8004f50
  Set: 384 Way: 0 Address: 0x3dae66000
  Set: 385 Way: 0 Address: 0x3dae66040
  Set: 386 Way: 0 Address: 0x3dae66080
  Set: 387 Way: 0 Address: 0x3dae660c0
  Set: 388 Way: 0 Address: 0x3dae66100
  Set: 389 Way: 0 Address: 0x3dae66140
  Set: 390 Way: 0 Address: 0x3dae66180
  Set: 391 Way: 0 Address: 0x3dae661c0
  Set: 392 Way: 0 Address: 0x3dae66200
  Set: 393 Way: 0 Address: 0x3dae66240
  Set: 394 Way: 0 Address: 0x3dae66280
  Set: 395 Way: 0 Address: 0x3dae662c0
  Set: 396 Way: 0 Address: 0x3dae66300
  Set: 397 Way: 0 Address: 0x3dae66340
  Set: 398 Way: 0 Address: 0x3dae66380
  Set: 399 Way: 0 Address: 0x3dae663c0
  Set: 400 Way: 0 Address: 0x3dae66400
  Set: 401 Way: 0 Address: 0x3dae66440
  Set: 402 Way: 0 Address: 0x3dae66480
  Set: 403 Way: 0 Address: 0x3dae664c0
  Set: 404 Way: 0 Address: 0x3dae66500
  Set: 405 Way: 0 Address: 0x3dae66540
  Set: 406 Way: 0 Address: 0x3dae66580
  Set: 407 Way: 0 Address: 0x3dae665c0
  Set: 408 Way: 0 Address: 0x3dae66600
  Set: 409 Way: 0 Address: 0x3dae66640
  Set: 410 Way: 0 Address: 0x3dae66680
  Set: 411 Way: 0 Address: 0x3dae666c0
  Set: 412 Way: 0 Address: 0x3dae66700
  Set: 413 Way: 0 Address: 0x3dae66740
  Set: 414 Way: 0 Address: 0x3dae66780
  Set: 415 Way: 0 Address: 0x3dae667c0
  Set: 416 Way: 0 Address: 0x3dae66800
  Set: 417 Way: 0 Address: 0x3dae66840
  Set: 418 Way: 0 Address: 0x3dae66880
  Set: 419 Way: 0 Address: 0x3dae668c0
  Set: 420 Way: 0 Address: 0x3dae66900
  Set: 421 Way: 0 Address: 0x3dae66940
  Set: 422 Way: 0 Address: 0x3dae66980
  Set: 423 Way: 0 Address: 0x3dae669c0
  Set: 424 Way: 0 Address: 0x3dae66a00
  Set: 425 Way: 0 Address: 0x3dae66a40
  Set: 426 Way: 0 Address: 0x3dae66a80
  Set: 427 Way: 0 Address: 0x3dae66ac0
  Set: 428 Way: 0 Address: 0x3dae66b00
  Set: 429 Way: 0 Address: 0x3dae66b40
  Set: 430 Way: 0 Address: 0x3dae66b80
  Set: 431 Way: 0 Address: 0x3dae66bc0
  Set: 432 Way: 0 Address: 0x3dae66c00
  Set: 433 Way: 0 Address: 0x3dae66c40
  Set: 434 Way: 0 Address: 0x3dae66c80
  Set: 435 Way: 0 Address: 0x3dae66cc0
  Set: 436 Way: 0 Address: 0x3dae66d00
  Set: 437 Way: 0 Address: 0x3dae66d40
  Set: 438 Way: 0 Address: 0x3dae66d80
  Set: 439 Way: 0 Address: 0x3dae66dc0
  Set: 440 Way: 0 Address: 0x3dae66e00
  Set: 441 Way: 0 Address: 0x3dae66e40
  Set: 442 Way: 0 Address: 0x3dae66e80
  Set: 443 Way: 0 Address: 0x3dae66ec0
  Set: 444 Way: 0 Address: 0x3dae66f00
  Set: 445 Way: 0 Address: 0x3dae66f40
  Set: 446 Way: 0 Address: 0x3dae66f80
  Set: 447 Way: 0 Address: 0x3dae66fc0
  Set: 457 Way: 0 Address: 0x309887270
  Set: 458 Way: 0 Address: 0x309887280
  Set: 459 Way: 0 Address: 0x3098872c0
  Set: 460 Way: 0 Address: 0x309887300
  Set: 461 Way: 0 Address: 0x309887340
  Set: 462 Way: 0 Address: 0x309887380
  Set: 463 Way: 0 Address: 0x3098873c0
  Set: 464 Way: 0 Address: 0x309887400
  Set: 465 Way: 0 Address: 0x309887440
  Set: 466 Way: 0 Address: 0x309887480
  Set: 467 Way: 0 Address: 0x3098874c0
  Set: 468 Way: 0 Address: 0x309887500
  Set: 469 Way: 0 Address: 0x309887540
  Set: 470 Way: 0 Address: 0x309887580
  Set: 471 Way: 0 Address: 0x3098875c0
  Set: 472 Way: 0 Address: 0x309887600
  Set: 473 Way: 0 Address: 0x309887640
  Set: 474 Way: 0 Address: 0x309887680
  Set: 475 Way: 0 Address: 0x3098876c0
  Set: 476 Way: 0 Address: 0x309887700
  Set: 477 Way: 0 Address: 0x309887740
  Set: 478 Way: 0 Address: 0x309887780
  Set: 479 Way: 0 Address: 0x3098877c0
  Set: 576 Way: 0 Address: 0x2ee369000
  Set: 577 Way: 0 Address: 0x2ee369040
  Set: 578 Way: 0 Address: 0x2ee369080
  Set: 579 Way: 0 Address: 0x2ee3690c0
  Set: 580 Way: 0 Address: 0x2ee369100
  Set: 581 Way: 0 Address: 0x2ee369140
  Set: 582 Way: 0 Address: 0x2ee369180
  Set: 583 Way: 0 Address: 0x2ee3691c0
  Set: 584 Way: 0 Address: 0x2ee369200
  Set: 585 Way: 0 Address: 0x2ee369240
  Set: 586 Way: 0 Address: 0x2ee369280
  Set: 587 Way: 0 Address: 0x2ee3692c0
  Set: 588 Way: 0 Address: 0x2ee369300
  Set: 589 Way: 0 Address: 0x2ee369340
  Set: 590 Way: 0 Address: 0x2ee369380
  Set: 591 Way: 0 Address: 0x2ee3693c0
  Set: 592 Way: 0 Address: 0x2ee369400
  Set: 593 Way: 0 Address: 0x2ee369440
  Set: 594 Way: 0 Address: 0x2ee369480
  Set: 595 Way: 0 Address: 0x2ee3694c0
  Set: 596 Way: 0 Address: 0x2ee369500
  Set: 597 Way: 0 Address: 0x2ee369540
  Set: 598 Way: 0 Address: 0x2ee369580
  Set: 599 Way: 0 Address: 0x2ee3695c0
  Set: 600 Way: 0 Address: 0x2ee369600
  Set: 601 Way: 0 Address: 0x2ee369640
  Set: 602 Way: 0 Address: 0x2ee369680
  Set: 603 Way: 0 Address: 0x2ee3696c0
  Set: 604 Way: 0 Address: 0x2ee369700
  Set: 605 Way: 0 Address: 0x2ee369740
  Set: 606 Way: 0 Address: 0x2ee369780
  Set: 607 Way: 0 Address: 0x2ee3697c0
  Set: 608 Way: 0 Address: 0x2ee369800
  Set: 609 Way: 0 Address: 0x2ee369840
  Set: 610 Way: 0 Address: 0x2ee369880
  Set: 611 Way: 0 Address: 0x2ee3698c0
  Set: 612 Way: 0 Address: 0x2ee369900
  Set: 613 Way: 0 Address: 0x2ee369940
  Set: 614 Way: 0 Address: 0x2ee369980
  Set: 615 Way: 0 Address: 0x2ee3699c0
  Set: 616 Way: 0 Address: 0x2ee369a00
  Set: 617 Way: 0 Address: 0x2ee369a40
  Set: 618 Way: 0 Address: 0x2ee369a80
  Set: 619 Way: 0 Address: 0x2ee369ac0
  Set: 620 Way: 0 Address: 0x2ee369b00
  Set: 621 Way: 0 Address: 0x2ee369b40
  Set: 622 Way: 0 Address: 0x2ee369b80
  Set: 623 Way: 0 Address: 0x2ee369bc0
  Set: 624 Way: 0 Address: 0x2ee369c00
  Set: 625 Way: 0 Address: 0x2ee369c40
  Set: 626 Way: 0 Address: 0x2ee369c80
  Set: 627 Way: 0 Address: 0x2ee369cc0
  Set: 628 Way: 0 Address: 0x2ee369d00
  Set: 629 Way: 0 Address: 0x2ee369d40
  Set: 630 Way: 0 Address: 0x2ee369d80
  Set: 631 Way: 0 Address: 0x2ee369dc0
  Set: 632 Way: 0 Address: 0x2ee369e00
  Set: 633 Way: 0 Address: 0x2ee369e40
  Set: 634 Way: 0 Address: 0x2ee369e80
  Set: 635 Way: 0 Address: 0x2ee369ec0
  Set: 636 Way: 0 Address: 0x2ee369f00
  Set: 637 Way: 0 Address: 0x2ee369f40
  Set: 638 Way: 0 Address: 0x2ee369f80
  Set: 639 Way: 0 Address: 0x2ee369fc0
  Set: 939 Way: 0 Address: 0x3734eeaf0
  Set: 957 Way: 0 Address: 0x2f5d8ef58
  Set: 960 Way: 0 Address: 0xee86f000
  Set: 961 Way: 0 Address: 0xee86f040
  Set: 962 Way: 0 Address: 0xee86f080
  Set: 963 Way: 0 Address: 0xee86f0c0
  Set: 964 Way: 0 Address: 0xee86f100
  Set: 965 Way: 0 Address: 0xee86f140
  Set: 966 Way: 0 Address: 0xee86f180
  Set: 967 Way: 0 Address: 0xee86f1c0
  Set: 968 Way: 0 Address: 0xee86f200
  Set: 969 Way: 0 Address: 0xee86f240
  Set: 970 Way: 0 Address: 0xee86f280
  Set: 971 Way: 0 Address: 0xee86f2c0
  Set: 972 Way: 0 Address: 0xee86f300
  Set: 973 Way: 0 Address: 0xee86f340
  Set: 974 Way: 0 Address: 0xee86f380
  Set: 975 Way: 0 Address: 0xee86f3c0
  Set: 976 Way: 0 Address: 0xee86f400
  Set: 977 Way: 0 Address: 0xee86f440
  Set: 978 Way: 0 Address: 0xee86f480
  Set: 979 Way: 0 Address: 0xee86f4c0
  Set: 980 Way: 0 Address: 0xee86f500
  Set: 981 Way: 0 Address: 0xee86f540
  Set: 982 Way: 0 Address: 0x16390f5b0
  Set: 982 Way: 1 Address: 0xee86f580
  Set: 983 Way: 0 Address: 0xee86f5c0
  Set: 984 Way: 0 Address: 0xee86f600
  Set: 985 Way: 0 Address: 0xee86f640
  Set: 986 Way: 0 Address: 0xee86f680
  Set: 987 Way: 0 Address: 0xee86f6c0
  Set: 988 Way: 0 Address: 0xee86f700
  Set: 989 Way: 0 Address: 0xee86f740
  Set: 990 Way: 0 Address: 0xee86f780
  Set: 991 Way: 0 Address: 0xee86f7c0
  Set: 992 Way: 0 Address: 0xee86f800
  Set: 993 Way: 0 Address: 0xee86f840
  Set: 994 Way: 0 Address: 0xee86f880
  Set: 995 Way: 0 Address: 0xee86f8c0
  Set: 996 Way: 0 Address: 0xee86f900
  Set: 997 Way: 0 Address: 0xee86f940
  Set: 998 Way: 0 Address: 0xee86f980
  Set: 999 Way: 0 Address: 0xee86f9c0
  Set: 1000 Way: 0 Address: 0xee86fa00
  Set: 1001 Way: 0 Address: 0xee86fa40
  Set: 1002 Way: 0 Address: 0xee86fa80
  Set: 1003 Way: 0 Address: 0xee86fac0
  Set: 1004 Way: 0 Address: 0xee86fb00
  Set: 1005 Way: 0 Address: 0xee86fb40
  Set: 1006 Way: 0 Address: 0xee86fb80
  Set: 1007 Way: 0 Address: 0xee86fbc0
  Set: 1008 Way: 0 Address: 0xee86fc00
  Set: 1009 Way: 0 Address: 0xee86fc40
  Set: 1010 Way: 0 Address: 0xee86fc80
  Set: 1011 Way: 0 Address: 0xee86fcc0
  Set: 1012 Way: 0 Address: 0xee86fd00
  Set: 1013 Way: 0 Address: 0xee86fd40
  Set: 1014 Way: 0 Address: 0xee86fd80
  Set: 1015 Way: 0 Address: 0xee86fdc0
  Set: 1016 Way: 0 Address: 0xee86fe00
  Set: 1017 Way: 0 Address: 0xee86fe40
  Set: 1018 Way: 0 Address: 0xee86fe80
  Set: 1019 Way: 0 Address: 0xee86fec0
  Set: 1020 Way: 0 Address: 0xee86ff00
  Set: 1021 Way: 0 Address: 0xee86ff40
  Set: 1021 Way: 1 Address: 0x143eff60
  Set: 1022 Way: 0 Address: 0xee86ff80
  Set: 1023 Way: 0 Address: 0xee86ffc0
  Set: 1196 Way: 0 Address: 0x9cff2b2b
  Set: 1197 Way: 0 Address: 0x9cff2b68
  Set: 1198 Way: 0 Address: 0x9cff2b84
  Set: 1199 Way: 0 Address: 0x9cff2bc3
  Set: 1203 Way: 0 Address: 0x1995f2cc0
  Set: 1204 Way: 0 Address: 0x1995f2d00
  Set: 1205 Way: 0 Address: 0x1995f2d40
  Set: 1206 Way: 0 Address: 0x1995f2d80
  Set: 1207 Way: 0 Address: 0x1995f2dc0
  Set: 1208 Way: 0 Address: 0x1995f2e00
  Set: 1209 Way: 0 Address: 0x1995f2e40
  Set: 1210 Way: 0 Address: 0x1995f2e80
  Set: 1211 Way: 0 Address: 0x1995f2ec0
  Set: 1212 Way: 0 Address: 0x1995f2f00
  Set: 1213 Way: 0 Address: 0x1995f2f40
  Set: 1214 Way: 0 Address: 0x1995f2f80
  Set: 1215 Way: 0 Address: 0x1995f2fc0
  Set: 1218 Way: 0 Address: 0x3c56b3098
  Set: 1280 Way: 0 Address: 0x3c1074000
  Set: 1281 Way: 0 Address: 0x3c1074040
  Set: 1282 Way: 0 Address: 0x397bb4090
  Set: 1282 Way: 1 Address: 0x3c1074080
  Set: 1283 Way: 0 Address: 0x3c10740c0
  Set: 1284 Way: 0 Address: 0x3c1074100
  Set: 1285 Way: 0 Address: 0x3c1074140
  Set: 1286 Way: 0 Address: 0x129934198
  Set: 1286 Way: 1 Address: 0x3c1074180
  Set: 1287 Way: 0 Address: 0x3c10741c0
  Set: 1288 Way: 0 Address: 0x3c1074200
  Set: 1289 Way: 0 Address: 0x3c1074240
  Set: 1290 Way: 0 Address: 0x3c1074280
  Set: 1291 Way: 0 Address: 0x3c10742c0
  Set: 1292 Way: 0 Address: 0x3c1074300
  Set: 1293 Way: 0 Address: 0x3c1074340
  Set: 1294 Way: 0 Address: 0x3c1074380
  Set: 1295 Way: 0 Address: 0x3c10743c0
  Set: 1296 Way: 0 Address: 0x3c1074400
  Set: 1297 Way: 0 Address: 0x3c1074440
  Set: 1298 Way: 0 Address: 0x3c1074480
  Set: 1299 Way: 0 Address: 0x3c10744c0
  Set: 1300 Way: 0 Address: 0x3c1074500
  Set: 1301 Way: 0 Address: 0x3c1074540
  Set: 1302 Way: 0 Address: 0x3c1074580
  Set: 1303 Way: 0 Address: 0x3c10745c0
  Set: 1304 Way: 0 Address: 0x3c1074600
  Set: 1305 Way: 0 Address: 0x3c1074640
  Set: 1306 Way: 0 Address: 0x3c1074680
  Set: 1307 Way: 0 Address: 0x3c10746c0
  Set: 1308 Way: 0 Address: 0x3c1074700
  Set: 1309 Way: 0 Address: 0x3c1074740
  Set: 1310 Way: 0 Address: 0x3c1074780
  Set: 1311 Way: 0 Address: 0x3c10747c0
  Set: 1312 Way: 0 Address: 0x3c1074800
  Set: 1313 Way: 0 Address: 0x3c1074840
  Set: 1314 Way: 0 Address: 0x3c1074880
  Set: 1315 Way: 0 Address: 0x3c10748c0
  Set: 1316 Way: 0 Address: 0x3c1074900
  Set: 1317 Way: 0 Address: 0x3c1074940
  Set: 1318 Way: 0 Address: 0x3c1074980
  Set: 1319 Way: 0 Address: 0x3c10749c0
  Set: 1320 Way: 0 Address: 0x3c1074a00
  Set: 1321 Way: 0 Address: 0x3c1074a40
  Set: 1322 Way: 0 Address: 0x3c1074a80
  Set: 1323 Way: 0 Address: 0x3c1074ac0
  Set: 1324 Way: 0 Address: 0x3c1074b00
  Set: 1325 Way: 0 Address: 0x3c1074b40
  Set: 1332 Way: 0 Address: 0x3de4d4d30
  Set: 1344 Way: 0 Address: 0x195f15000
  Set: 1469 Way: 0 Address: 0x43736f48
  Set: 1541 Way: 0 Address: 0x1aafb8160
  Set: 1559 Way: 0 Address: 0xc70785f0
  Set: 1560 Way: 0 Address: 0xc7078620
  Set: 1562 Way: 0 Address: 0xc7078698
  Set: 1563 Way: 0 Address: 0xc70786cc
  Set: 1598 Way: 0 Address: 0x201598fb0
  Set: 1600 Way: 0 Address: 0x292959000
  Set: 1601 Way: 0 Address: 0x292959040
  Set: 1602 Way: 0 Address: 0x292959080
  Set: 1603 Way: 0 Address: 0x2929590c0
  Set: 1604 Way: 0 Address: 0x292959100
  Set: 1605 Way: 0 Address: 0x292959140
  Set: 1606 Way: 0 Address: 0x292959180
  Set: 1607 Way: 0 Address: 0x2929591c0
  Set: 1608 Way: 0 Address: 0x292959200
  Set: 1609 Way: 0 Address: 0x292959240
  Set: 1610 Way: 0 Address: 0x292959280
  Set: 1611 Way: 0 Address: 0x2929592c0
  Set: 1612 Way: 0 Address: 0x292959300
  Set: 1613 Way: 0 Address: 0x292959340
  Set: 1614 Way: 0 Address: 0x292959380
  Set: 1615 Way: 0 Address: 0x2929593c0
  Set: 1616 Way: 0 Address: 0x292959400
  Set: 1617 Way: 0 Address: 0x292959440
  Set: 1618 Way: 0 Address: 0x292959480
  Set: 1619 Way: 0 Address: 0x2929594c0
  Set: 1620 Way: 0 Address: 0x292959500
  Set: 1621 Way: 0 Address: 0x292959540
  Set: 1622 Way: 0 Address: 0x292959580
  Set: 1623 Way: 0 Address: 0x2929595c0
  Set: 1624 Way: 0 Address: 0x292959600
  Set: 1625 Way: 0 Address: 0x292959650
  Set: 1626 Way: 0 Address: 0x292959680
  Set: 1627 Way: 0 Address: 0x2929596c0
  Set: 1628 Way: 0 Address: 0x292959700
  Set: 1629 Way: 0 Address: 0x292959740
  Set: 1630 Way: 0 Address: 0x292959780
  Set: 1631 Way: 0 Address: 0x2929597c0
  Set: 1632 Way: 0 Address: 0x292959800
  Set: 1633 Way: 0 Address: 0x292959840
  Set: 1634 Way: 0 Address: 0x292959880
  Set: 1635 Way: 0 Address: 0x2929598c0
  Set: 1636 Way: 0 Address: 0x292959900
  Set: 1637 Way: 0 Address: 0x292959940
  Set: 1638 Way: 0 Address: 0x292959980
  Set: 1639 Way: 0 Address: 0x2929599c0
  Set: 1640 Way: 0 Address: 0x292959a00
  Set: 1695 Way: 0 Address: 0x223eda7f8
  Set: 1706 Way: 0 Address: 0x1d89daa88
  Set: 1792 Way: 0 Address: 0xdf85c000
  Set: 1798 Way: 0 Address: 0x12c6fc190
  Set: 1853 Way: 0 Address: 0x38e35cf68
  Set: 1917 Way: 0 Address: 0x23755df50
  Set: 1920 Way: 0 Address: 0x28b67e000
  Set: 1920 Way: 1 Address: 0x1f919e010
  Set: 1922 Way: 0 Address: 0x1f919e098
  Set: 1951 Way: 0 Address: 0x28b67e7f8
EndCache
