Cache: cpu0_STLB
  Set: 10 Way: 0 Address: 0x40a2c1
  Set: 32 Way: 0 Address: 0x21820c78
  Set: 33 Way: 0 Address: 0x218214b4
  Set: 34 Way: 0 Address: 0x218222dc
EndCache
Cache: cpu0_L2C
  Set: 65 Way: 0 Address: 0x113201050
  Set: 81 Way: 0 Address: 0x2a484147c
  Set: 82 Way: 0 Address: 0x2a48414bc
  Set: 83 Way: 0 Address: 0x2a48414fc
  Set: 84 Way: 0 Address: 0x2a484153c
  Set: 85 Way: 0 Address: 0x2a484157c
  Set: 86 Way: 0 Address: 0x2a48415bc
  Set: 87 Way: 0 Address: 0x2a48415fc
  Set: 88 Way: 0 Address: 0x2a484163c
  Set: 89 Way: 0 Address: 0x2a484167c
  Set: 90 Way: 0 Address: 0x2a48416bc
  Set: 91 Way: 0 Address: 0x2a48416fc
  Set: 92 Way: 0 Address: 0x2a484173c
  Set: 93 Way: 0 Address: 0x2a484177c
  Set: 94 Way: 0 Address: 0x2a48417bc
  Set: 95 Way: 0 Address: 0x2a48417fc
  Set: 96 Way: 0 Address: 0x2a484183c
  Set: 97 Way: 0 Address: 0x2a484187c
  Set: 98 Way: 0 Address: 0x2a48418bc
  Set: 99 Way: 0 Address: 0x2a48418fc
  Set: 100 Way: 0 Address: 0x2a484193c
  Set: 101 Way: 0 Address: 0x2a484197c
  Set: 102 Way: 0 Address: 0x2a48419bc
  Set: 103 Way: 0 Address: 0x2a48419fc
  Set: 104 Way: 0 Address: 0x2a4841a3c
  Set: 105 Way: 0 Address: 0x2a4841a7c
  Set: 106 Way: 0 Address: 0x2a4841abc
  Set: 107 Way: 0 Address: 0x2a4841afc
  Set: 108 Way: 0 Address: 0x2a4841b3c
  Set: 109 Way: 0 Address: 0x2a4841b7c
  Set: 110 Way: 0 Address: 0x2a4841bbc
  Set: 111 Way: 0 Address: 0x2a4841bfc
  Set: 112 Way: 0 Address: 0x2a4841c3c
  Set: 113 Way: 0 Address: 0x2a4841c78
  Set: 114 Way: 0 Address: 0x2a4841c80
  Set: 115 Way: 0 Address: 0x2a4841cfc
  Set: 116 Way: 0 Address: 0x2a4841d3c
  Set: 117 Way: 0 Address: 0x2a4841d7c
  Set: 118 Way: 0 Address: 0x2a4841dbc
  Set: 119 Way: 0 Address: 0x2a4841dfc
  Set: 120 Way: 0 Address: 0x2a4841e3c
  Set: 121 Way: 0 Address: 0x2a4841e7c
  Set: 122 Way: 0 Address: 0x2a4841ebc
  Set: 123 Way: 0 Address: 0x2a4841efc
  Set: 124 Way: 0 Address: 0x2a4841f3c
  Set: 125 Way: 0 Address: 0x2a4841f7c
  Set: 126 Way: 0 Address: 0x2a4841fbc
  Set: 127 Way: 0 Address: 0x2a4841ffc
  Set: 128 Way: 0 Address: 0x2a4842000
  Set: 132 Way: 0 Address: 0x9cff2108
  Set: 196 Way: 0 Address: 0x3c56b3110
  Set: 225 Way: 0 Address: 0x263c13860
  Set: 256 Way: 0 Address: 0x397bb403c
  Set: 257 Way: 0 Address: 0x397bb4074
  Set: 258 Way: 0 Address: 0x397bb40b4
  Set: 259 Way: 0 Address: 0x397bb40fc
  Set: 260 Way: 0 Address: 0x3de4d4100
  Set: 260 Way: 1 Address: 0x397bb4134
  Set: 261 Way: 0 Address: 0x397bb4174
  Set: 262 Way: 0 Address: 0x397bb41ac
  Set: 263 Way: 0 Address: 0x397bb41f4
  Set: 264 Way: 0 Address: 0x397bb422c
  Set: 265 Way: 0 Address: 0x397bb427c
  Set: 266 Way: 0 Address: 0x397bb42b4
  Set: 267 Way: 0 Address: 0x397bb42dc
  Set: 268 Way: 0 Address: 0x397bb4300
  Set: 269 Way: 0 Address: 0x397bb4340
  Set: 270 Way: 0 Address: 0x397bb4380
  Set: 271 Way: 0 Address: 0x397bb43c0
  Set: 320 Way: 0 Address: 0x195f15010
  Set: 353 Way: 0 Address: 0x195f15860
  Set: 640 Way: 0 Address: 0x229b9a000
  Set: 640 Way: 1 Address: 0x223eda03c
  Set: 641 Way: 0 Address: 0x223eda07c
  Set: 642 Way: 0 Address: 0x223eda0bc
  Set: 643 Way: 0 Address: 0x223eda0fc
  Set: 644 Way: 0 Address: 0x223eda13c
  Set: 645 Way: 0 Address: 0x223eda17c
  Set: 646 Way: 0 Address: 0x223eda1bc
  Set: 647 Way: 0 Address: 0x223eda1fc
  Set: 648 Way: 0 Address: 0x223eda23c
  Set: 649 Way: 0 Address: 0x223eda27c
  Set: 650 Way: 0 Address: 0x223eda2bc
  Set: 651 Way: 0 Address: 0x223eda2fc
  Set: 652 Way: 0 Address: 0x223eda33c
  Set: 653 Way: 0 Address: 0x223eda37c
  Set: 654 Way: 0 Address: 0x223eda3bc
  Set: 655 Way: 0 Address: 0x223eda3fc
  Set: 656 Way: 0 Address: 0x223eda43c
  Set: 657 Way: 0 Address: 0x223eda47c
  Set: 658 Way: 0 Address: 0x223eda4b4
  Set: 659 Way: 0 Address: 0x223eda4c0
  Set: 660 Way: 0 Address: 0x223eda51c
  Set: 661 Way: 0 Address: 0x223eda540
  Set: 662 Way: 0 Address: 0x223eda594
  Set: 663 Way: 0 Address: 0x223eda5d4
  Set: 664 Way: 0 Address: 0x223eda600
  Set: 665 Way: 0 Address: 0x223eda67c
  Set: 666 Way: 0 Address: 0x223eda6bc
  Set: 667 Way: 0 Address: 0x223eda6fc
  Set: 668 Way: 0 Address: 0x223eda734
  Set: 669 Way: 0 Address: 0x223eda76c
  Set: 670 Way: 0 Address: 0x223eda7bc
  Set: 671 Way: 0 Address: 0x223eda7ec
  Set: 672 Way: 0 Address: 0x223eda83c
  Set: 673 Way: 0 Address: 0x223eda840
  Set: 674 Way: 0 Address: 0x223eda8ac
  Set: 675 Way: 0 Address: 0x223eda8f4
  Set: 676 Way: 0 Address: 0x223eda900
  Set: 677 Way: 0 Address: 0x223eda940
  Set: 678 Way: 0 Address: 0x223eda9bc
  Set: 679 Way: 0 Address: 0x223eda9d4
  Set: 680 Way: 0 Address: 0x223edaa00
  Set: 681 Way: 0 Address: 0x223edaa74
  Set: 682 Way: 0 Address: 0x223edaa80
  Set: 683 Way: 0 Address: 0x223edaacc
  Set: 684 Way: 0 Address: 0x223edab00
  Set: 685 Way: 0 Address: 0x223edab54
  Set: 686 Way: 0 Address: 0x223edab94
  Set: 687 Way: 0 Address: 0x223edabdc
  Set: 688 Way: 0 Address: 0x223edac00
  Set: 689 Way: 0 Address: 0x223edac40
  Set: 690 Way: 0 Address: 0x223edac80
  Set: 691 Way: 0 Address: 0x223edaccc
  Set: 692 Way: 0 Address: 0x223edad00
  Set: 693 Way: 0 Address: 0x223edad54
  Set: 694 Way: 0 Address: 0x223edad9c
  Set: 695 Way: 0 Address: 0x223edadc0
  Set: 696 Way: 0 Address: 0x223edae2c
  Set: 697 Way: 0 Address: 0x223edae7c
  Set: 698 Way: 0 Address: 0x223edae9c
  Set: 699 Way: 0 Address: 0x223edaec0
  Set: 700 Way: 0 Address: 0x223edaf2c
  Set: 701 Way: 0 Address: 0x223edaf7c
  Set: 702 Way: 0 Address: 0x223edafa4
  Set: 703 Way: 0 Address: 0x223edaffc
  Set: 704 Way: 0 Address: 0x223edb000
  Set: 768 Way: 0 Address: 0xdf85c000
  Set: 896 Way: 0 Address: 0x28b67e000
  Set: 905 Way: 0 Address: 0x1f919e250
  Set: 906 Way: 0 Address: 0x1f919e280
  Set: 907 Way: 0 Address: 0x1f919e2c1
  Set: 908 Way: 0 Address: 0x1f919e300
  Set: 909 Way: 0 Address: 0x1f919e340
  Set: 910 Way: 0 Address: 0x1f919e380
EndCache
Cache: cpu0_L1I
  Set: 9 Way: 0 Address: 0x1f919e27a
  Set: 10 Way: 0 Address: 0x1f919e280
  Set: 11 Way: 0 Address: 0x1f919e2c1
  Set: 12 Way: 0 Address: 0x1f919e323
  Set: 13 Way: 0 Address: 0x1f919e340
EndCache
Cache: cpu0_L1D
  Set: 0 Way: 0 Address: 0xdf85c000
  Set: 0 Way: 1 Address: 0x28b67e000
  Set: 0 Way: 2 Address: 0x229b9a000
  Set: 0 Way: 3 Address: 0x195f15010
  Set: 0 Way: 4 Address: 0x223eda020
  Set: 0 Way: 5 Address: 0x397bb403c
  Set: 1 Way: 0 Address: 0x113201050
  Set: 1 Way: 1 Address: 0x223eda064
  Set: 1 Way: 2 Address: 0x397bb4078
  Set: 2 Way: 0 Address: 0x223eda0a0
  Set: 2 Way: 1 Address: 0x397bb40b4
  Set: 3 Way: 0 Address: 0x223eda0dc
  Set: 3 Way: 1 Address: 0x397bb40fc
  Set: 4 Way: 0 Address: 0x3de4d4100
  Set: 4 Way: 1 Address: 0x9cff2108
  Set: 4 Way: 2 Address: 0x3c56b3110
  Set: 4 Way: 3 Address: 0x223eda13c
  Set: 4 Way: 4 Address: 0x397bb4138
  Set: 5 Way: 0 Address: 0x397bb4174
  Set: 5 Way: 1 Address: 0x223eda16c
  Set: 6 Way: 0 Address: 0x397bb41b0
  Set: 6 Way: 1 Address: 0x223eda19c
  Set: 7 Way: 0 Address: 0x397bb41f4
  Set: 7 Way: 1 Address: 0x223eda1dc
  Set: 8 Way: 0 Address: 0x397bb422c
  Set: 8 Way: 1 Address: 0x223eda21c
  Set: 9 Way: 0 Address: 0x397bb427c
  Set: 9 Way: 1 Address: 0x223eda260
  Set: 10 Way: 0 Address: 0x397bb42b8
  Set: 10 Way: 1 Address: 0x223eda29c
  Set: 11 Way: 0 Address: 0x397bb42dc
  Set: 11 Way: 1 Address: 0x223eda2f4
  Set: 12 Way: 0 Address: 0x223eda334
  Set: 12 Way: 1 Address: 0x397bb433c
  Set: 13 Way: 0 Address: 0x223eda378
  Set: 13 Way: 1 Address: 0x397bb4340
  Set: 14 Way: 0 Address: 0x223eda3a0
  Set: 14 Way: 1 Address: 0x397bb43b4
  Set: 15 Way: 0 Address: 0x223eda3d8
  Set: 16 Way: 0 Address: 0x223eda43c
  Set: 17 Way: 0 Address: 0x223eda47c
  Set: 17 Way: 1 Address: 0x2a4841474
  Set: 18 Way: 0 Address: 0x223eda4a8
  Set: 18 Way: 1 Address: 0x2a48414ac
  Set: 19 Way: 0 Address: 0x223eda4dc
  Set: 19 Way: 1 Address: 0x2a48414fc
  Set: 20 Way: 0 Address: 0x223eda51c
  Set: 20 Way: 1 Address: 0x2a484153c
  Set: 21 Way: 0 Address: 0x2a484157c
  Set: 21 Way: 1 Address: 0x223eda554
  Set: 22 Way: 0 Address: 0x2a48415bc
  Set: 22 Way: 1 Address: 0x223eda594
  Set: 23 Way: 0 Address: 0x2a48415ec
  Set: 23 Way: 1 Address: 0x223eda5d8
  Set: 24 Way: 0 Address: 0x2a484162c
  Set: 24 Way: 1 Address: 0x223eda614
  Set: 25 Way: 0 Address: 0x223eda67c
  Set: 25 Way: 1 Address: 0x2a484166c
  Set: 26 Way: 0 Address: 0x223eda6bc
  Set: 26 Way: 1 Address: 0x2a48416ac
  Set: 27 Way: 0 Address: 0x223eda6ec
  Set: 27 Way: 1 Address: 0x2a48416ec
  Set: 28 Way: 0 Address: 0x223eda734
  Set: 28 Way: 1 Address: 0x2a484172c
  Set: 29 Way: 0 Address: 0x223eda76c
  Set: 29 Way: 1 Address: 0x2a484176c
  Set: 30 Way: 0 Address: 0x223eda7bc
  Set: 30 Way: 1 Address: 0x2a48417bc
  Set: 31 Way: 0 Address: 0x223eda7ec
  Set: 31 Way: 1 Address: 0x2a48417fc
  Set: 32 Way: 0 Address: 0x223eda83c
  Set: 32 Way: 1 Address: 0x2a484183c
  Set: 33 Way: 0 Address: 0x195f15860
  Set: 33 Way: 1 Address: 0x263c13860
  Set: 33 Way: 2 Address: 0x223eda840
  Set: 33 Way: 3 Address: 0x2a4841874
  Set: 34 Way: 0 Address: 0x223eda8b0
  Set: 34 Way: 1 Address: 0x2a48418ac
  Set: 35 Way: 0 Address: 0x223eda8f8
  Set: 35 Way: 1 Address: 0x2a48418fc
  Set: 36 Way: 0 Address: 0x2a484193c
  Set: 36 Way: 1 Address: 0x223eda924
  Set: 37 Way: 0 Address: 0x2a484196c
  Set: 37 Way: 1 Address: 0x223eda974
  Set: 38 Way: 0 Address: 0x2a48419ac
  Set: 38 Way: 1 Address: 0x223eda9bc
  Set: 39 Way: 0 Address: 0x2a48419ec
  Set: 39 Way: 1 Address: 0x223eda9d8
  Set: 40 Way: 0 Address: 0x2a4841a2c
  Set: 40 Way: 1 Address: 0x223edaa00
  Set: 41 Way: 0 Address: 0x2a4841a6c
  Set: 41 Way: 1 Address: 0x223edaa78
  Set: 42 Way: 0 Address: 0x2a4841abc
  Set: 42 Way: 1 Address: 0x223edaaac
  Set: 43 Way: 0 Address: 0x2a4841aec
  Set: 43 Way: 1 Address: 0x223edaacc
  Set: 44 Way: 0 Address: 0x2a4841b2c
  Set: 44 Way: 1 Address: 0x223edab14
  Set: 45 Way: 0 Address: 0x2a4841b6c
  Set: 45 Way: 1 Address: 0x223edab54
  Set: 46 Way: 0 Address: 0x2a4841bbc
  Set: 46 Way: 1 Address: 0x223edab94
  Set: 47 Way: 0 Address: 0x2a4841bec
  Set: 47 Way: 1 Address: 0x223edabdc
  Set: 48 Way: 0 Address: 0x2a4841c3c
  Set: 48 Way: 1 Address: 0x223edac1c
  Set: 49 Way: 0 Address: 0x2a4841c6c
  Set: 49 Way: 1 Address: 0x223edac44
  Set: 50 Way: 0 Address: 0x2a4841cb4
  Set: 50 Way: 1 Address: 0x223edac80
  Set: 51 Way: 0 Address: 0x223edaccc
  Set: 51 Way: 1 Address: 0x2a4841ce0
  Set: 52 Way: 0 Address: 0x2a4841d1c
  Set: 52 Way: 1 Address: 0x223edad0c
  Set: 53 Way: 0 Address: 0x2a4841d7c
  Set: 53 Way: 1 Address: 0x223edad58
  Set: 54 Way: 0 Address: 0x2a4841dbc
  Set: 54 Way: 1 Address: 0x223edada0
  Set: 55 Way: 0 Address: 0x2a4841dfc
  Set: 55 Way: 1 Address: 0x223edadc0
  Set: 56 Way: 0 Address: 0x223edae2c
  Set: 56 Way: 1 Address: 0x2a4841e3c
  Set: 57 Way: 0 Address: 0x223edae70
  Set: 57 Way: 1 Address: 0x2a4841e74
  Set: 58 Way: 0 Address: 0x223edae9c
  Set: 58 Way: 1 Address: 0x2a4841e9c
  Set: 59 Way: 0 Address: 0x2a4841ee0
  Set: 59 Way: 1 Address: 0x223edaec4
  Set: 60 Way: 0 Address: 0x2a4841f1c
  Set: 60 Way: 1 Address: 0x223edaf30
  Set: 61 Way: 0 Address: 0x2a4841f60
  Set: 61 Way: 1 Address: 0x223edaf7c
  Set: 62 Way: 0 Address: 0x2a4841fa0
  Set: 62 Way: 1 Address: 0x223edafa4
  Set: 63 Way: 0 Address: 0x2a4841fdc
  Set: 63 Way: 1 Address: 0x223edaff4
EndCache
Cache: cpu0_ITLB
  Set: 10 Way: 0 Address: 0x40a250
EndCache
Cache: cpu0_DTLB
  Set: 0 Way: 0 Address: 0x21820c6c
  Set: 1 Way: 0 Address: 0x2182149c
  Set: 2 Way: 0 Address: 0x218222dc
EndCache
Cache: LLC
  Set: 65 Way: 0 Address: 0x113201050
  Set: 81 Way: 0 Address: 0x2a484147c
  Set: 82 Way: 0 Address: 0x2a48414bc
  Set: 83 Way: 0 Address: 0x2a48414fc
  Set: 84 Way: 0 Address: 0x2a484153c
  Set: 85 Way: 0 Address: 0x2a484157c
  Set: 86 Way: 0 Address: 0x2a48415bc
  Set: 87 Way: 0 Address: 0x2a48415fc
  Set: 88 Way: 0 Address: 0x2a484163c
  Set: 89 Way: 0 Address: 0x2a484167c
  Set: 90 Way: 0 Address: 0x2a48416bc
  Set: 91 Way: 0 Address: 0x2a48416fc
  Set: 92 Way: 0 Address: 0x2a484173c
  Set: 93 Way: 0 Address: 0x2a484177c
  Set: 94 Way: 0 Address: 0x2a48417bc
  Set: 95 Way: 0 Address: 0x2a48417fc
  Set: 96 Way: 0 Address: 0x2a484183c
  Set: 97 Way: 0 Address: 0x2a484187c
  Set: 98 Way: 0 Address: 0x2a48418bc
  Set: 99 Way: 0 Address: 0x2a48418fc
  Set: 100 Way: 0 Address: 0x2a484193c
  Set: 101 Way: 0 Address: 0x2a484197c
  Set: 102 Way: 0 Address: 0x2a48419bc
  Set: 103 Way: 0 Address: 0x2a48419fc
  Set: 104 Way: 0 Address: 0x2a4841a3c
  Set: 105 Way: 0 Address: 0x2a4841a7c
  Set: 106 Way: 0 Address: 0x2a4841abc
  Set: 107 Way: 0 Address: 0x2a4841afc
  Set: 108 Way: 0 Address: 0x2a4841b3c
  Set: 109 Way: 0 Address: 0x2a4841b7c
  Set: 110 Way: 0 Address: 0x2a4841bbc
  Set: 111 Way: 0 Address: 0x2a4841bfc
  Set: 112 Way: 0 Address: 0x2a4841c3c
  Set: 113 Way: 0 Address: 0x2a4841c78
  Set: 114 Way: 0 Address: 0x2a4841c80
  Set: 115 Way: 0 Address: 0x2a4841cfc
  Set: 116 Way: 0 Address: 0x2a4841d3c
  Set: 117 Way: 0 Address: 0x2a4841d7c
  Set: 118 Way: 0 Address: 0x2a4841dbc
  Set: 119 Way: 0 Address: 0x2a4841dfc
  Set: 120 Way: 0 Address: 0x2a4841e3c
  Set: 121 Way: 0 Address: 0x2a4841e7c
  Set: 122 Way: 0 Address: 0x2a4841ebc
  Set: 123 Way: 0 Address: 0x2a4841efc
  Set: 124 Way: 0 Address: 0x2a4841f3c
  Set: 125 Way: 0 Address: 0x2a4841f7c
  Set: 126 Way: 0 Address: 0x2a4841fbc
  Set: 127 Way: 0 Address: 0x2a4841ffc
  Set: 128 Way: 0 Address: 0x2a4842000
  Set: 1156 Way: 0 Address: 0x9cff2108
  Set: 1220 Way: 0 Address: 0x3c56b3110
  Set: 1249 Way: 0 Address: 0x263c13860
  Set: 1280 Way: 0 Address: 0x397bb403c
  Set: 1281 Way: 0 Address: 0x397bb4074
  Set: 1282 Way: 0 Address: 0x397bb40b4
  Set: 1283 Way: 0 Address: 0x397bb40fc
  Set: 1284 Way: 0 Address: 0x3de4d4100
  Set: 1284 Way: 1 Address: 0x397bb4134
  Set: 1285 Way: 0 Address: 0x397bb4174
  Set: 1286 Way: 0 Address: 0x397bb41ac
  Set: 1287 Way: 0 Address: 0x397bb41f4
  Set: 1288 Way: 0 Address: 0x397bb422c
  Set: 1289 Way: 0 Address: 0x397bb427c
  Set: 1290 Way: 0 Address: 0x397bb42b4
  Set: 1291 Way: 0 Address: 0x397bb42dc
  Set: 1292 Way: 0 Address: 0x397bb4300
  Set: 1293 Way: 0 Address: 0x397bb4340
  Set: 1294 Way: 0 Address: 0x397bb4380
  Set: 1295 Way: 0 Address: 0x397bb43c0
  Set: 1344 Way: 0 Address: 0x195f15010
  Set: 1377 Way: 0 Address: 0x195f15860
  Set: 1664 Way: 0 Address: 0x229b9a000
  Set: 1664 Way: 1 Address: 0x223eda03c
  Set: 1665 Way: 0 Address: 0x223eda07c
  Set: 1666 Way: 0 Address: 0x223eda0bc
  Set: 1667 Way: 0 Address: 0x223eda0fc
  Set: 1668 Way: 0 Address: 0x223eda13c
  Set: 1669 Way: 0 Address: 0x223eda17c
  Set: 1670 Way: 0 Address: 0x223eda1bc
  Set: 1671 Way: 0 Address: 0x223eda1fc
  Set: 1672 Way: 0 Address: 0x223eda23c
  Set: 1673 Way: 0 Address: 0x223eda27c
  Set: 1674 Way: 0 Address: 0x223eda2bc
  Set: 1675 Way: 0 Address: 0x223eda2fc
  Set: 1676 Way: 0 Address: 0x223eda33c
  Set: 1677 Way: 0 Address: 0x223eda37c
  Set: 1678 Way: 0 Address: 0x223eda3bc
  Set: 1679 Way: 0 Address: 0x223eda3fc
  Set: 1680 Way: 0 Address: 0x223eda43c
  Set: 1681 Way: 0 Address: 0x223eda47c
  Set: 1682 Way: 0 Address: 0x223eda4b4
  Set: 1683 Way: 0 Address: 0x223eda4c0
  Set: 1684 Way: 0 Address: 0x223eda51c
  Set: 1685 Way: 0 Address: 0x223eda540
  Set: 1686 Way: 0 Address: 0x223eda594
  Set: 1687 Way: 0 Address: 0x223eda5d4
  Set: 1688 Way: 0 Address: 0x223eda600
  Set: 1689 Way: 0 Address: 0x223eda67c
  Set: 1690 Way: 0 Address: 0x223eda6bc
  Set: 1691 Way: 0 Address: 0x223eda6fc
  Set: 1692 Way: 0 Address: 0x223eda734
  Set: 1693 Way: 0 Address: 0x223eda76c
  Set: 1694 Way: 0 Address: 0x223eda7bc
  Set: 1695 Way: 0 Address: 0x223eda7ec
  Set: 1696 Way: 0 Address: 0x223eda83c
  Set: 1697 Way: 0 Address: 0x223eda840
  Set: 1698 Way: 0 Address: 0x223eda8ac
  Set: 1699 Way: 0 Address: 0x223eda8f4
  Set: 1700 Way: 0 Address: 0x223eda900
  Set: 1701 Way: 0 Address: 0x223eda940
  Set: 1702 Way: 0 Address: 0x223eda9bc
  Set: 1703 Way: 0 Address: 0x223eda9d4
  Set: 1704 Way: 0 Address: 0x223edaa00
  Set: 1705 Way: 0 Address: 0x223edaa40
  Set: 1706 Way: 0 Address: 0x223edaa80
  Set: 1707 Way: 0 Address: 0x223edaacc
  Set: 1708 Way: 0 Address: 0x223edab00
  Set: 1709 Way: 0 Address: 0x223edab54
  Set: 1710 Way: 0 Address: 0x223edab94
  Set: 1711 Way: 0 Address: 0x223edabdc
  Set: 1712 Way: 0 Address: 0x223edac00
  Set: 1713 Way: 0 Address: 0x223edac40
  Set: 1714 Way: 0 Address: 0x223edac80
  Set: 1715 Way: 0 Address: 0x223edaccc
  Set: 1716 Way: 0 Address: 0x223edad00
  Set: 1717 Way: 0 Address: 0x223edad54
  Set: 1718 Way: 0 Address: 0x223edad9c
  Set: 1719 Way: 0 Address: 0x223edadc0
  Set: 1720 Way: 0 Address: 0x223edae2c
  Set: 1721 Way: 0 Address: 0x223edae7c
  Set: 1722 Way: 0 Address: 0x223edae9c
  Set: 1723 Way: 0 Address: 0x223edaec0
  Set: 1724 Way: 0 Address: 0x223edaf2c
  Set: 1725 Way: 0 Address: 0x223edaf7c
  Set: 1726 Way: 0 Address: 0x223edafa4
  Set: 1727 Way: 0 Address: 0x223edaffc
  Set: 1728 Way: 0 Address: 0x223edb000
  Set: 1792 Way: 0 Address: 0xdf85c000
  Set: 1920 Way: 0 Address: 0x28b67e000
  Set: 1929 Way: 0 Address: 0x1f919e250
  Set: 1930 Way: 0 Address: 0x1f919e280
  Set: 1931 Way: 0 Address: 0x1f919e2c1
  Set: 1932 Way: 0 Address: 0x1f919e300
  Set: 1933 Way: 0 Address: 0x1f919e340
  Set: 1934 Way: 0 Address: 0x1f919e380
EndCache
