Cache: cpu0_STLB
  Set: 0 Way: 0 Address: 0x400430
  Set: 3 Way: 0 Address: 0x403cb0
  Set: 5 Way: 0 Address: 0x405b07
  Set: 6 Way: 0 Address: 0x7f4ad14066dd
  Set: 6 Way: 1 Address: 0x406351
  Set: 7 Way: 0 Address: 0x7f4ad1407000
  Set: 23 Way: 0 Address: 0x7f4b01297d28
  Set: 24 Way: 0 Address: 0x7f4b01298000
  Set: 25 Way: 0 Address: 0x7f4b01299000
  Set: 27 Way: 0 Address: 0x69b3a4
  Set: 27 Way: 1 Address: 0x41bd60
  Set: 28 Way: 0 Address: 0x69c448
  Set: 31 Way: 0 Address: 0x69f688
  Set: 49 Way: 0 Address: 0x14b1870
  Set: 97 Way: 0 Address: 0x7ffec61e1fd0
  Set: 98 Way: 0 Address: 0x7ffec61e2000
  Set: 99 Way: 0 Address: 0x7ffec61e3000
EndCache
Cache: cpu0_L2C
  Set: 64 Way: 0 Address: 0x113201028
  Set: 83 Way: 0 Address: 0x2a48414d8
  Set: 124 Way: 0 Address: 0xf6e81f10
  Set: 128 Way: 0 Address: 0x6d0c2000
  Set: 128 Way: 1 Address: 0x1995f2000
  Set: 128 Way: 2 Address: 0x133c92000
  Set: 129 Way: 0 Address: 0x6d0c2040
  Set: 129 Way: 1 Address: 0x1995f2040
  Set: 129 Way: 2 Address: 0x133c92040
  Set: 130 Way: 0 Address: 0x6d0c2080
  Set: 130 Way: 1 Address: 0x1995f2080
  Set: 130 Way: 2 Address: 0x133c92080
  Set: 131 Way: 0 Address: 0x6d0c20c0
  Set: 131 Way: 1 Address: 0x1995f20c0
  Set: 131 Way: 2 Address: 0x133c920c0
  Set: 132 Way: 0 Address: 0x1995f2100
  Set: 132 Way: 1 Address: 0x6d0c2100
  Set: 132 Way: 2 Address: 0x133c92100
  Set: 133 Way: 0 Address: 0x1995f2140
  Set: 133 Way: 1 Address: 0x6d0c2140
  Set: 133 Way: 2 Address: 0x133c92140
  Set: 134 Way: 0 Address: 0x1995f2180
  Set: 134 Way: 1 Address: 0x6d0c2180
  Set: 134 Way: 2 Address: 0x133c92180
  Set: 135 Way: 0 Address: 0x1995f21c0
  Set: 135 Way: 1 Address: 0x6d0c21c0
  Set: 135 Way: 2 Address: 0x133c921c0
  Set: 136 Way: 0 Address: 0x1995f2200
  Set: 136 Way: 1 Address: 0x133c92200
  Set: 136 Way: 2 Address: 0x6d0c2200
  Set: 137 Way: 0 Address: 0x1995f2240
  Set: 137 Way: 1 Address: 0x133c92240
  Set: 137 Way: 2 Address: 0x6d0c2240
  Set: 138 Way: 0 Address: 0x1995f2280
  Set: 138 Way: 1 Address: 0x133c92280
  Set: 139 Way: 0 Address: 0x1995f22c0
  Set: 139 Way: 1 Address: 0x133c922c0
  Set: 140 Way: 0 Address: 0x1995f2300
  Set: 140 Way: 1 Address: 0x133c92300
  Set: 141 Way: 0 Address: 0x1995f2340
  Set: 141 Way: 1 Address: 0x133c92340
  Set: 142 Way: 0 Address: 0x1995f2380
  Set: 142 Way: 1 Address: 0x133c92380
  Set: 143 Way: 0 Address: 0x133c923c0
  Set: 144 Way: 0 Address: 0x133c92400
  Set: 145 Way: 0 Address: 0x133c92440
  Set: 146 Way: 0 Address: 0x133c92480
  Set: 150 Way: 0 Address: 0x9cff2588
  Set: 188 Way: 0 Address: 0x1c84e2f08
  Set: 193 Way: 0 Address: 0x263c13050
  Set: 195 Way: 0 Address: 0x2b2e930d8
  Set: 224 Way: 0 Address: 0x3c56b3814
  Set: 225 Way: 0 Address: 0x3c56b3870
  Set: 226 Way: 0 Address: 0x3c56b38b0
  Set: 227 Way: 0 Address: 0x3c56b38dc
  Set: 228 Way: 0 Address: 0x3c56b3910
  Set: 229 Way: 0 Address: 0x3c56b395c
  Set: 235 Way: 0 Address: 0x3c56b3af8
  Set: 256 Way: 0 Address: 0xb8004030
  Set: 257 Way: 0 Address: 0x3c1074048
  Set: 260 Way: 0 Address: 0x397bb4138
  Set: 261 Way: 0 Address: 0x397bb4148
  Set: 262 Way: 0 Address: 0x397bb4198
  Set: 263 Way: 0 Address: 0x397bb41e0
  Set: 264 Way: 0 Address: 0x397bb4218
  Set: 265 Way: 0 Address: 0x397bb4278
  Set: 266 Way: 0 Address: 0x397bb42a8
  Set: 267 Way: 0 Address: 0x397bb42e8
  Set: 268 Way: 0 Address: 0x397bb433c
  Set: 269 Way: 0 Address: 0x397bb434c
  Set: 270 Way: 0 Address: 0x397bb43a4
  Set: 271 Way: 0 Address: 0x397bb43dc
  Set: 272 Way: 0 Address: 0x397bb442c
  Set: 273 Way: 0 Address: 0x397bb4470
  Set: 274 Way: 0 Address: 0x397bb44a8
  Set: 275 Way: 0 Address: 0x397bb44cc
  Set: 275 Way: 1 Address: 0x1ab444c8
  Set: 276 Way: 0 Address: 0x397bb4510
  Set: 277 Way: 0 Address: 0x397bb4540
  Set: 278 Way: 0 Address: 0x397bb4580
  Set: 279 Way: 0 Address: 0x397bb45c0
  Set: 280 Way: 0 Address: 0x397bb4600
  Set: 281 Way: 0 Address: 0x397bb4640
  Set: 287 Way: 0 Address: 0x3de4d47f8
  Set: 293 Way: 0 Address: 0x129934958
  Set: 320 Way: 0 Address: 0x195f15010
  Set: 321 Way: 0 Address: 0x195f15050
  Set: 372 Way: 0 Address: 0x354d35d28
  Set: 373 Way: 0 Address: 0x354d35d40
  Set: 374 Way: 0 Address: 0x354d35d80
  Set: 375 Way: 0 Address: 0x354d35dc0
  Set: 376 Way: 0 Address: 0x354d35e00
  Set: 377 Way: 0 Address: 0x354d35e40
  Set: 378 Way: 0 Address: 0x354d35e80
  Set: 379 Way: 0 Address: 0x354d35ec0
  Set: 380 Way: 0 Address: 0x354d35f00
  Set: 381 Way: 0 Address: 0x354d35f40
  Set: 382 Way: 0 Address: 0x354d35f80
  Set: 383 Way: 0 Address: 0x354d35fc0
  Set: 401 Way: 0 Address: 0x43736450
  Set: 401 Way: 1 Address: 0x84896448
  Set: 403 Way: 0 Address: 0x211d164c0
  Set: 410 Way: 0 Address: 0x3dae66688
  Set: 448 Way: 0 Address: 0x309887000
  Set: 449 Way: 0 Address: 0x309887040
  Set: 450 Way: 0 Address: 0x309887080
  Set: 451 Way: 0 Address: 0x3098870c0
  Set: 452 Way: 0 Address: 0x309887100
  Set: 453 Way: 0 Address: 0x309887140
  Set: 454 Way: 0 Address: 0x309887180
  Set: 455 Way: 0 Address: 0x3098871c0
  Set: 456 Way: 0 Address: 0x309887200
  Set: 457 Way: 0 Address: 0x309887240
  Set: 458 Way: 0 Address: 0x309887280
  Set: 459 Way: 0 Address: 0x3098872c0
  Set: 460 Way: 0 Address: 0x309887300
  Set: 461 Way: 0 Address: 0x309887340
  Set: 462 Way: 0 Address: 0x309887380
  Set: 463 Way: 0 Address: 0x3098873c0
  Set: 464 Way: 0 Address: 0x309887400
  Set: 465 Way: 0 Address: 0x309887440
  Set: 466 Way: 0 Address: 0x309887480
  Set: 467 Way: 0 Address: 0x3098874c0
  Set: 468 Way: 0 Address: 0x309887500
  Set: 469 Way: 0 Address: 0x309887540
  Set: 470 Way: 0 Address: 0x309887580
  Set: 471 Way: 0 Address: 0x3098875c0
  Set: 472 Way: 0 Address: 0x309887600
  Set: 473 Way: 0 Address: 0x309887640
  Set: 474 Way: 0 Address: 0x309887680
  Set: 475 Way: 0 Address: 0x3098876c0
  Set: 476 Way: 0 Address: 0x309887700
  Set: 477 Way: 0 Address: 0x309887740
  Set: 478 Way: 0 Address: 0x309887780
  Set: 479 Way: 0 Address: 0x3098877c0
  Set: 480 Way: 0 Address: 0x309887800
  Set: 481 Way: 0 Address: 0x309887840
  Set: 482 Way: 0 Address: 0x309887880
  Set: 483 Way: 0 Address: 0x3098878c0
  Set: 484 Way: 0 Address: 0x309887900
  Set: 485 Way: 0 Address: 0x309887940
  Set: 486 Way: 0 Address: 0x309887980
  Set: 487 Way: 0 Address: 0x3098879c0
  Set: 488 Way: 0 Address: 0x309887a00
  Set: 489 Way: 0 Address: 0x309887a40
  Set: 490 Way: 0 Address: 0x309887a80
  Set: 491 Way: 0 Address: 0x309887ac0
  Set: 492 Way: 0 Address: 0x309887b00
  Set: 493 Way: 0 Address: 0x309887b40
  Set: 494 Way: 0 Address: 0x309887b80
  Set: 495 Way: 0 Address: 0x309887bc0
  Set: 496 Way: 0 Address: 0x309887c00
  Set: 497 Way: 0 Address: 0x309887c40
  Set: 498 Way: 0 Address: 0x309887c80
  Set: 499 Way: 0 Address: 0x309887cc0
  Set: 500 Way: 0 Address: 0x309887d00
  Set: 501 Way: 0 Address: 0x309887d40
  Set: 501 Way: 1 Address: 0x276ff7d60
  Set: 502 Way: 0 Address: 0x309887d80
  Set: 503 Way: 0 Address: 0x309887dc0
  Set: 503 Way: 1 Address: 0x276ff7de0
  Set: 504 Way: 0 Address: 0x309887e00
  Set: 504 Way: 1 Address: 0x276ff7e20
  Set: 505 Way: 0 Address: 0x309887e40
  Set: 506 Way: 0 Address: 0x309887e80
  Set: 506 Way: 1 Address: 0x276ff7ea0
  Set: 507 Way: 0 Address: 0x309887ec0
  Set: 507 Way: 1 Address: 0x276ff7ec0
  Set: 508 Way: 0 Address: 0x309887f00
  Set: 509 Way: 0 Address: 0x309887f40
  Set: 510 Way: 0 Address: 0x309887f80
  Set: 511 Way: 0 Address: 0x309887fc0
  Set: 512 Way: 0 Address: 0xc7078018
  Set: 512 Way: 1 Address: 0x309888000
  Set: 513 Way: 0 Address: 0x309888040
  Set: 514 Way: 0 Address: 0x309888080
  Set: 515 Way: 0 Address: 0x3098880c0
  Set: 516 Way: 0 Address: 0x309888100
  Set: 517 Way: 0 Address: 0x309888140
  Set: 518 Way: 0 Address: 0x309888180
  Set: 519 Way: 0 Address: 0x3098881c0
  Set: 543 Way: 0 Address: 0x1aafb87f0
  Set: 566 Way: 0 Address: 0x201598d88
  Set: 567 Way: 0 Address: 0x201598dc0
  Set: 569 Way: 0 Address: 0x201598e40
  Set: 570 Way: 0 Address: 0x201598e80
  Set: 571 Way: 0 Address: 0x201598ec0
  Set: 572 Way: 0 Address: 0x201598f00
  Set: 573 Way: 0 Address: 0x201598f40
  Set: 574 Way: 0 Address: 0x201598f80
  Set: 575 Way: 0 Address: 0x201598fd0
  Set: 576 Way: 0 Address: 0x201599000
  Set: 577 Way: 0 Address: 0x201599040
  Set: 578 Way: 0 Address: 0x201599080
  Set: 579 Way: 0 Address: 0x2015990c0
  Set: 580 Way: 0 Address: 0x292959100
  Set: 580 Way: 1 Address: 0x201599100
  Set: 586 Way: 0 Address: 0x2ee3692a0
  Set: 587 Way: 0 Address: 0x2ee3692c3
  Set: 588 Way: 0 Address: 0x2ee369328
  Set: 589 Way: 0 Address: 0x2ee369351
  Set: 590 Way: 0 Address: 0x2ee3693bc
  Set: 591 Way: 0 Address: 0x2ee3693c0
  Set: 592 Way: 0 Address: 0x2ee369400
  Set: 602 Way: 0 Address: 0x2929596a8
  Set: 603 Way: 0 Address: 0x2929596df
  Set: 626 Way: 0 Address: 0x292959cb0
  Set: 627 Way: 0 Address: 0x292959cc4
  Set: 628 Way: 0 Address: 0x292959d02
  Set: 629 Way: 0 Address: 0x292959d42
  Set: 630 Way: 0 Address: 0x292959d81
  Set: 631 Way: 0 Address: 0x292959dc1
  Set: 640 Way: 0 Address: 0x229b9a000
  Set: 640 Way: 1 Address: 0x1d89da018
  Set: 703 Way: 0 Address: 0x223edafd8
  Set: 722 Way: 0 Address: 0x394edb4b8
  Set: 723 Way: 0 Address: 0x394edb4c0
  Set: 768 Way: 0 Address: 0xdf85c000
  Set: 774 Way: 0 Address: 0x29484c180
  Set: 805 Way: 0 Address: 0x38e35c960
  Set: 828 Way: 0 Address: 0x12c6fcf18
  Set: 832 Way: 0 Address: 0x23755d030
  Set: 832 Way: 1 Address: 0x5588d000
  Set: 833 Way: 0 Address: 0x5588d040
  Set: 834 Way: 0 Address: 0x5588d080
  Set: 835 Way: 0 Address: 0x5588d0c0
  Set: 836 Way: 0 Address: 0x5588d100
  Set: 837 Way: 0 Address: 0x5588d140
  Set: 838 Way: 0 Address: 0x5588d180
  Set: 839 Way: 0 Address: 0x5588d1c0
  Set: 840 Way: 0 Address: 0x5588d200
  Set: 841 Way: 0 Address: 0x5588d240
  Set: 842 Way: 0 Address: 0x5588d280
  Set: 843 Way: 0 Address: 0x5588d2c0
  Set: 844 Way: 0 Address: 0x5588d300
  Set: 845 Way: 0 Address: 0x5588d340
  Set: 846 Way: 0 Address: 0x5588d380
  Set: 847 Way: 0 Address: 0x5588d3c0
  Set: 848 Way: 0 Address: 0x5588d400
  Set: 849 Way: 0 Address: 0x5588d440
  Set: 850 Way: 0 Address: 0x5588d480
  Set: 851 Way: 0 Address: 0x1add4e0
  Set: 851 Way: 1 Address: 0x5588d4c0
  Set: 852 Way: 0 Address: 0x5588d500
  Set: 853 Way: 0 Address: 0x5588d540
  Set: 854 Way: 0 Address: 0x5588d580
  Set: 855 Way: 0 Address: 0x5588d5c0
  Set: 856 Way: 0 Address: 0x5588d600
  Set: 857 Way: 0 Address: 0x5588d640
  Set: 858 Way: 0 Address: 0x5588d680
  Set: 859 Way: 0 Address: 0x5588d6c0
  Set: 860 Way: 0 Address: 0x5588d700
  Set: 861 Way: 0 Address: 0x5588d740
  Set: 862 Way: 0 Address: 0x5588d780
  Set: 863 Way: 0 Address: 0x5588d7c0
  Set: 864 Way: 0 Address: 0x5588d800
  Set: 865 Way: 0 Address: 0x5588d840
  Set: 866 Way: 0 Address: 0x5588d880
  Set: 867 Way: 0 Address: 0x5588d8c0
  Set: 868 Way: 0 Address: 0x5588d900
  Set: 869 Way: 0 Address: 0x5588d940
  Set: 870 Way: 0 Address: 0x5588d980
  Set: 871 Way: 0 Address: 0x5588d9c0
  Set: 872 Way: 0 Address: 0x5588da00
  Set: 873 Way: 0 Address: 0x5588da40
  Set: 874 Way: 0 Address: 0x5588da80
  Set: 875 Way: 0 Address: 0x5588dac0
  Set: 876 Way: 0 Address: 0x5588db00
  Set: 877 Way: 0 Address: 0x5588db40
  Set: 878 Way: 0 Address: 0x5588db80
  Set: 879 Way: 0 Address: 0x5588dbc0
  Set: 880 Way: 0 Address: 0x5588dc00
  Set: 881 Way: 0 Address: 0x5588dc40
  Set: 882 Way: 0 Address: 0x5588dc80
  Set: 883 Way: 0 Address: 0x5588dcc0
  Set: 884 Way: 0 Address: 0x5588dd00
  Set: 885 Way: 0 Address: 0x5588dd40
  Set: 886 Way: 0 Address: 0x5588dd80
  Set: 887 Way: 0 Address: 0x5588ddc0
  Set: 888 Way: 0 Address: 0x5588de00
  Set: 889 Way: 0 Address: 0x5588de40
  Set: 890 Way: 0 Address: 0x5588de80
  Set: 891 Way: 0 Address: 0x5588dec0
  Set: 892 Way: 0 Address: 0x5588df00
  Set: 893 Way: 0 Address: 0x5588df40
  Set: 894 Way: 0 Address: 0x5588df80
  Set: 895 Way: 0 Address: 0x5588dfc0
  Set: 896 Way: 0 Address: 0x28b67e000
  Set: 896 Way: 1 Address: 0x2f5d8e000
  Set: 896 Way: 2 Address: 0x5588e000
  Set: 897 Way: 0 Address: 0x5588e040
  Set: 898 Way: 0 Address: 0x5588e080
  Set: 899 Way: 0 Address: 0x2f5d8e0d8
  Set: 899 Way: 1 Address: 0x5588e0c0
  Set: 900 Way: 0 Address: 0x5588e100
  Set: 901 Way: 0 Address: 0x5588e140
  Set: 902 Way: 0 Address: 0x5588e180
  Set: 903 Way: 0 Address: 0x5588e1c0
  Set: 904 Way: 0 Address: 0x5588e200
  Set: 905 Way: 0 Address: 0x5588e240
  Set: 923 Way: 0 Address: 0x3734ee6dd
  Set: 924 Way: 0 Address: 0x3734ee700
  Set: 925 Way: 0 Address: 0x3734ee740
  Set: 926 Way: 0 Address: 0x3734ee780
  Set: 927 Way: 0 Address: 0x28b67e7f8
  Set: 927 Way: 1 Address: 0x3734ee7c0
  Set: 928 Way: 0 Address: 0x3734ee800
  Set: 929 Way: 0 Address: 0x3734ee840
  Set: 930 Way: 0 Address: 0x3734ee880
  Set: 931 Way: 0 Address: 0x3734ee8c0
  Set: 931 Way: 1 Address: 0x1f919e8d0
  Set: 932 Way: 0 Address: 0x3734ee900
  Set: 933 Way: 0 Address: 0x3734ee940
  Set: 934 Way: 0 Address: 0x3734ee980
  Set: 935 Way: 0 Address: 0x3734ee9c0
  Set: 936 Way: 0 Address: 0x3734eea00
  Set: 936 Way: 1 Address: 0x1f919ea06
  Set: 937 Way: 0 Address: 0x3734eea40
  Set: 938 Way: 0 Address: 0x3734eea80
  Set: 939 Way: 0 Address: 0x1f919ead0
  Set: 939 Way: 1 Address: 0x3734eeac0
  Set: 940 Way: 0 Address: 0x1f919eb07
  Set: 940 Way: 1 Address: 0x3734eeb00
  Set: 941 Way: 0 Address: 0x1f919eb40
  Set: 941 Way: 1 Address: 0x3734eeb40
  Set: 942 Way: 0 Address: 0x1f919ebaa
  Set: 942 Way: 1 Address: 0x3734eeb80
  Set: 943 Way: 0 Address: 0x1f919ebc4
  Set: 943 Way: 1 Address: 0x3734eebc0
  Set: 944 Way: 0 Address: 0x1f919ec35
  Set: 944 Way: 1 Address: 0x3734eec00
  Set: 945 Way: 0 Address: 0x1f919ec40
  Set: 945 Way: 1 Address: 0x3734eec40
  Set: 946 Way: 0 Address: 0x3734eec80
  Set: 947 Way: 0 Address: 0x3734eecc0
  Set: 947 Way: 1 Address: 0x1f919ecdb
  Set: 948 Way: 0 Address: 0x3734eed00
  Set: 949 Way: 0 Address: 0x3734eed40
  Set: 950 Way: 0 Address: 0x3734eed80
  Set: 950 Way: 1 Address: 0x1f919edb0
  Set: 951 Way: 0 Address: 0x3734eedc0
  Set: 952 Way: 0 Address: 0x3734eee00
  Set: 952 Way: 1 Address: 0x1f919ee24
  Set: 953 Way: 0 Address: 0x3734eee40
  Set: 954 Way: 0 Address: 0x3734eee80
  Set: 955 Way: 0 Address: 0x3734eeec0
  Set: 956 Way: 0 Address: 0x3734eef00
  Set: 957 Way: 0 Address: 0x3734eef40
  Set: 958 Way: 0 Address: 0x3734eef80
  Set: 959 Way: 0 Address: 0x3734eefc0
  Set: 960 Way: 0 Address: 0x16390f038
  Set: 976 Way: 0 Address: 0xee86f430
  Set: 977 Way: 0 Address: 0xee86f441
  Set: 978 Way: 0 Address: 0xee86f488
  Set: 979 Way: 0 Address: 0x143ef4f8
  Set: 987 Way: 0 Address: 0xee86f6d0
  Set: 988 Way: 0 Address: 0xee86f701
  Set: 989 Way: 0 Address: 0xee86f740
  Set: 990 Way: 0 Address: 0xee86f78c
  Set: 1006 Way: 0 Address: 0xee86fba0
  Set: 1007 Way: 0 Address: 0xee86fbc2
  Set: 1008 Way: 0 Address: 0xee86fc05
EndCache
Cache: cpu0_L1I
  Set: 4 Way: 0 Address: 0x292959100
  Set: 10 Way: 0 Address: 0x2ee3692a0
  Set: 11 Way: 0 Address: 0x2ee3692f2
  Set: 12 Way: 0 Address: 0x2ee369328
  Set: 13 Way: 0 Address: 0x2ee369351
  Set: 14 Way: 0 Address: 0x2ee3693bc
  Set: 15 Way: 0 Address: 0x2ee3693c0
  Set: 16 Way: 0 Address: 0x2ee369400
  Set: 16 Way: 1 Address: 0xee86f430
  Set: 17 Way: 0 Address: 0xee86f441
  Set: 18 Way: 0 Address: 0xee86f488
  Set: 26 Way: 0 Address: 0x2929596a8
  Set: 27 Way: 0 Address: 0x2929596df
  Set: 27 Way: 1 Address: 0xee86f6d0
  Set: 28 Way: 0 Address: 0xee86f721
  Set: 29 Way: 0 Address: 0xee86f740
  Set: 30 Way: 0 Address: 0xee86f78c
  Set: 35 Way: 0 Address: 0x1f919e8f5
  Set: 40 Way: 0 Address: 0x1f919ea06
  Set: 43 Way: 0 Address: 0x1f919ead0
  Set: 44 Way: 0 Address: 0x1f919eb36
  Set: 45 Way: 0 Address: 0x1f919eb40
  Set: 46 Way: 0 Address: 0x1f919ebaa
  Set: 46 Way: 1 Address: 0xee86fba0
  Set: 47 Way: 0 Address: 0x1f919ebc4
  Set: 47 Way: 1 Address: 0xee86fbf5
  Set: 48 Way: 0 Address: 0x1f919ec35
  Set: 48 Way: 1 Address: 0xee86fc05
  Set: 49 Way: 0 Address: 0x1f919ec40
  Set: 50 Way: 0 Address: 0x292959cb0
  Set: 51 Way: 0 Address: 0x292959cef
  Set: 51 Way: 1 Address: 0x1f919ecdb
  Set: 52 Way: 0 Address: 0x292959d23
  Set: 53 Way: 0 Address: 0x292959d5f
  Set: 53 Way: 1 Address: 0x276ff7d60
  Set: 54 Way: 0 Address: 0x292959d81
  Set: 54 Way: 1 Address: 0x1f919edb0
  Set: 55 Way: 0 Address: 0x292959dc1
  Set: 55 Way: 1 Address: 0x276ff7de0
  Set: 56 Way: 0 Address: 0x1f919ee24
  Set: 56 Way: 1 Address: 0x276ff7e20
  Set: 58 Way: 0 Address: 0x276ff7ebb
  Set: 59 Way: 0 Address: 0x276ff7eda
EndCache
Cache: cpu0_L1D
  Set: 0 Way: 0 Address: 0x1995f2000
  Set: 0 Way: 1 Address: 0x23755d030
  Set: 0 Way: 2 Address: 0x133c92000
  Set: 0 Way: 3 Address: 0x201599000
  Set: 0 Way: 4 Address: 0x113201028
  Set: 0 Way: 5 Address: 0x5588d000
  Set: 0 Way: 6 Address: 0xb8004030
  Set: 0 Way: 7 Address: 0xc7078018
  Set: 0 Way: 8 Address: 0x309887000
  Set: 0 Way: 9 Address: 0x309888000
  Set: 0 Way: 10 Address: 0x5588e000
  Set: 0 Way: 11 Address: 0x6d0c2012
  Set: 1 Way: 0 Address: 0x195f15050
  Set: 1 Way: 1 Address: 0x263c13050
  Set: 1 Way: 2 Address: 0x309887043
  Set: 1 Way: 3 Address: 0x309888040
  Set: 1 Way: 4 Address: 0x6d0c204a
  Set: 1 Way: 5 Address: 0x1995f2040
  Set: 1 Way: 6 Address: 0x3c1074048
  Set: 1 Way: 7 Address: 0x5588d040
  Set: 1 Way: 8 Address: 0x5588e040
  Set: 1 Way: 9 Address: 0x133c92040
  Set: 1 Way: 10 Address: 0x201599040
  Set: 2 Way: 0 Address: 0x309887083
  Set: 2 Way: 1 Address: 0x309888080
  Set: 2 Way: 2 Address: 0x6d0c2088
  Set: 2 Way: 3 Address: 0x1995f2080
  Set: 2 Way: 4 Address: 0x5588d080
  Set: 2 Way: 5 Address: 0x5588e080
  Set: 2 Way: 6 Address: 0x133c92080
  Set: 3 Way: 0 Address: 0x3098870c0
  Set: 3 Way: 1 Address: 0x3098880c0
  Set: 3 Way: 2 Address: 0x6d0c20c9
  Set: 3 Way: 3 Address: 0x1995f20c0
  Set: 3 Way: 4 Address: 0x2f5d8e0d8
  Set: 3 Way: 5 Address: 0x2b2e930d8
  Set: 3 Way: 6 Address: 0x5588d0c0
  Set: 3 Way: 7 Address: 0x5588e0c0
  Set: 3 Way: 8 Address: 0x133c920c0
  Set: 4 Way: 0 Address: 0x397bb4138
  Set: 4 Way: 1 Address: 0x309887100
  Set: 4 Way: 2 Address: 0x309888100
  Set: 4 Way: 3 Address: 0x1995f2100
  Set: 4 Way: 4 Address: 0x6d0c2100
  Set: 4 Way: 5 Address: 0x5588d100
  Set: 4 Way: 6 Address: 0x5588e100
  Set: 4 Way: 7 Address: 0x133c92100
  Set: 5 Way: 0 Address: 0x397bb4148
  Set: 5 Way: 1 Address: 0x309887143
  Set: 5 Way: 2 Address: 0x309888140
  Set: 5 Way: 3 Address: 0x1995f2140
  Set: 5 Way: 4 Address: 0x6d0c214c
  Set: 5 Way: 5 Address: 0x5588d140
  Set: 5 Way: 6 Address: 0x5588e140
  Set: 5 Way: 7 Address: 0x133c92140
  Set: 6 Way: 0 Address: 0x29484c180
  Set: 6 Way: 1 Address: 0x397bb4198
  Set: 6 Way: 2 Address: 0x309887183
  Set: 6 Way: 3 Address: 0x309888180
  Set: 6 Way: 4 Address: 0x1995f2180
  Set: 6 Way: 5 Address: 0x6d0c2185
  Set: 6 Way: 6 Address: 0x5588d180
  Set: 6 Way: 7 Address: 0x5588e180
  Set: 6 Way: 8 Address: 0x133c92180
  Set: 7 Way: 0 Address: 0x397bb41e0
  Set: 7 Way: 1 Address: 0x3098871c0
  Set: 7 Way: 2 Address: 0x3098881c0
  Set: 7 Way: 3 Address: 0x1995f21c0
  Set: 7 Way: 4 Address: 0x6d0c21cf
  Set: 7 Way: 5 Address: 0x5588d1c0
  Set: 7 Way: 6 Address: 0x5588e1c0
  Set: 7 Way: 7 Address: 0x133c921c0
  Set: 8 Way: 0 Address: 0x397bb4218
  Set: 8 Way: 1 Address: 0x309887200
  Set: 8 Way: 2 Address: 0x1995f2200
  Set: 8 Way: 3 Address: 0x5588d200
  Set: 8 Way: 4 Address: 0x5588e200
  Set: 8 Way: 5 Address: 0x133c92200
  Set: 8 Way: 6 Address: 0x6d0c220f
  Set: 9 Way: 0 Address: 0x397bb4278
  Set: 9 Way: 1 Address: 0x309887243
  Set: 9 Way: 2 Address: 0x1995f2240
  Set: 9 Way: 3 Address: 0x5588d240
  Set: 9 Way: 4 Address: 0x133c92240
  Set: 9 Way: 5 Address: 0x6d0c224d
  Set: 10 Way: 0 Address: 0x397bb42a8
  Set: 10 Way: 1 Address: 0x309887283
  Set: 10 Way: 2 Address: 0x1995f2280
  Set: 10 Way: 3 Address: 0x5588d280
  Set: 10 Way: 4 Address: 0x133c92280
  Set: 11 Way: 0 Address: 0x397bb42e8
  Set: 11 Way: 1 Address: 0x3098872c0
  Set: 11 Way: 2 Address: 0x1995f22c0
  Set: 11 Way: 3 Address: 0x5588d2c0
  Set: 11 Way: 4 Address: 0x133c922c0
  Set: 12 Way: 0 Address: 0x397bb433c
  Set: 12 Way: 1 Address: 0x309887301
  Set: 12 Way: 2 Address: 0x1995f2300
  Set: 12 Way: 3 Address: 0x5588d300
  Set: 12 Way: 4 Address: 0x133c92300
  Set: 13 Way: 0 Address: 0x397bb434c
  Set: 13 Way: 1 Address: 0x309887343
  Set: 13 Way: 2 Address: 0x5588d340
  Set: 13 Way: 3 Address: 0x133c92340
  Set: 14 Way: 0 Address: 0x397bb43a4
  Set: 14 Way: 1 Address: 0x309887380
  Set: 14 Way: 2 Address: 0x5588d380
  Set: 14 Way: 3 Address: 0x133c92380
  Set: 15 Way: 0 Address: 0x397bb43dc
  Set: 15 Way: 1 Address: 0x3098873c0
  Set: 15 Way: 2 Address: 0x5588d3c0
  Set: 15 Way: 3 Address: 0x133c923c0
  Set: 16 Way: 0 Address: 0x397bb442c
  Set: 16 Way: 1 Address: 0x309887400
  Set: 16 Way: 2 Address: 0x5588d400
  Set: 16 Way: 3 Address: 0x133c92400
  Set: 17 Way: 0 Address: 0x397bb4470
  Set: 17 Way: 1 Address: 0x43736450
  Set: 17 Way: 2 Address: 0x309887440
  Set: 17 Way: 3 Address: 0x84896448
  Set: 17 Way: 4 Address: 0x5588d440
  Set: 17 Way: 5 Address: 0x133c92440
  Set: 18 Way: 0 Address: 0x397bb44a8
  Set: 18 Way: 1 Address: 0x309887480
  Set: 18 Way: 2 Address: 0x394edb4b8
  Set: 18 Way: 3 Address: 0x5588d480
  Set: 18 Way: 4 Address: 0x133c92480
  Set: 19 Way: 0 Address: 0x2a48414d8
  Set: 19 Way: 1 Address: 0x397bb44cc
  Set: 19 Way: 2 Address: 0x3098874c0
  Set: 19 Way: 3 Address: 0x143ef4f8
  Set: 19 Way: 4 Address: 0x1add4e0
  Set: 19 Way: 5 Address: 0x394edb4c0
  Set: 19 Way: 6 Address: 0x211d164c0
  Set: 19 Way: 7 Address: 0x5588d4c0
  Set: 19 Way: 8 Address: 0x1ab444c8
  Set: 20 Way: 0 Address: 0x397bb4510
  Set: 20 Way: 1 Address: 0x309887500
  Set: 20 Way: 2 Address: 0x5588d500
  Set: 21 Way: 0 Address: 0x309887540
  Set: 21 Way: 1 Address: 0x5588d540
  Set: 22 Way: 0 Address: 0x9cff2588
  Set: 22 Way: 1 Address: 0x309887580
  Set: 22 Way: 2 Address: 0x5588d580
  Set: 23 Way: 0 Address: 0x3098875c0
  Set: 23 Way: 1 Address: 0x5588d5c0
  Set: 24 Way: 0 Address: 0x309887600
  Set: 24 Way: 1 Address: 0x5588d600
  Set: 25 Way: 0 Address: 0x309887640
  Set: 25 Way: 1 Address: 0x5588d640
  Set: 26 Way: 0 Address: 0x309887680
  Set: 26 Way: 1 Address: 0x3dae66688
  Set: 26 Way: 2 Address: 0x5588d680
  Set: 27 Way: 0 Address: 0x3734ee6ed
  Set: 27 Way: 1 Address: 0x3098876c0
  Set: 27 Way: 2 Address: 0x5588d6c0
  Set: 28 Way: 0 Address: 0x3734ee705
  Set: 28 Way: 1 Address: 0x309887700
  Set: 28 Way: 2 Address: 0x5588d700
  Set: 29 Way: 0 Address: 0x3734ee749
  Set: 29 Way: 1 Address: 0x309887740
  Set: 29 Way: 2 Address: 0x5588d740
  Set: 30 Way: 0 Address: 0x3734ee791
  Set: 30 Way: 1 Address: 0x309887780
  Set: 30 Way: 2 Address: 0x5588d780
  Set: 31 Way: 0 Address: 0x28b67e7f8
  Set: 31 Way: 1 Address: 0x3de4d47f8
  Set: 31 Way: 2 Address: 0x1aafb87f0
  Set: 31 Way: 3 Address: 0x3734ee7c9
  Set: 31 Way: 4 Address: 0x3098877c0
  Set: 31 Way: 5 Address: 0x5588d7c0
  Set: 32 Way: 0 Address: 0x3c56b3810
  Set: 32 Way: 1 Address: 0x3734ee808
  Set: 32 Way: 2 Address: 0x309887800
  Set: 32 Way: 3 Address: 0x5588d800
  Set: 33 Way: 0 Address: 0x3c56b3870
  Set: 33 Way: 1 Address: 0x3734ee84c
  Set: 33 Way: 2 Address: 0x309887840
  Set: 33 Way: 3 Address: 0x5588d840
  Set: 34 Way: 0 Address: 0x3c56b38b0
  Set: 34 Way: 1 Address: 0x3734ee889
  Set: 34 Way: 2 Address: 0x309887880
  Set: 34 Way: 3 Address: 0x5588d880
  Set: 35 Way: 0 Address: 0x3c56b38dc
  Set: 35 Way: 1 Address: 0x3734ee8c7
  Set: 35 Way: 2 Address: 0x3098878c0
  Set: 35 Way: 3 Address: 0x5588d8c0
  Set: 36 Way: 0 Address: 0x3c56b3910
  Set: 36 Way: 1 Address: 0x3734ee90d
  Set: 36 Way: 2 Address: 0x309887900
  Set: 36 Way: 3 Address: 0x5588d900
  Set: 37 Way: 0 Address: 0x3c56b395c
  Set: 37 Way: 1 Address: 0x129934958
  Set: 37 Way: 2 Address: 0x3734ee949
  Set: 37 Way: 3 Address: 0x309887940
  Set: 37 Way: 4 Address: 0x38e35c960
  Set: 37 Way: 5 Address: 0x5588d940
  Set: 38 Way: 0 Address: 0x3734ee982
  Set: 38 Way: 1 Address: 0x309887980
  Set: 38 Way: 2 Address: 0x5588d980
  Set: 39 Way: 0 Address: 0x3734ee9c4
  Set: 39 Way: 1 Address: 0x3098879c0
  Set: 39 Way: 2 Address: 0x5588d9c0
  Set: 40 Way: 0 Address: 0x3734eea09
  Set: 40 Way: 1 Address: 0x309887a00
  Set: 40 Way: 2 Address: 0x5588da00
  Set: 41 Way: 0 Address: 0x3734eea49
  Set: 41 Way: 1 Address: 0x309887a40
  Set: 41 Way: 2 Address: 0x5588da40
  Set: 42 Way: 0 Address: 0x3734eea88
  Set: 42 Way: 1 Address: 0x309887a80
  Set: 42 Way: 2 Address: 0x5588da80
  Set: 43 Way: 0 Address: 0x3c56b3af8
  Set: 43 Way: 1 Address: 0x3734eeac4
  Set: 43 Way: 2 Address: 0x309887ac0
  Set: 43 Way: 3 Address: 0x5588dac0
  Set: 44 Way: 0 Address: 0x3734eeb0c
  Set: 44 Way: 1 Address: 0x309887b00
  Set: 44 Way: 2 Address: 0x5588db00
  Set: 45 Way: 0 Address: 0x3734eeb49
  Set: 45 Way: 1 Address: 0x309887b40
  Set: 45 Way: 2 Address: 0x5588db40
  Set: 46 Way: 0 Address: 0x3734eeb85
  Set: 46 Way: 1 Address: 0x309887b80
  Set: 46 Way: 2 Address: 0x5588db80
  Set: 47 Way: 0 Address: 0x3734eebcb
  Set: 47 Way: 1 Address: 0x309887bc0
  Set: 47 Way: 2 Address: 0x5588dbc0
  Set: 48 Way: 0 Address: 0x3734eec09
  Set: 48 Way: 1 Address: 0x309887c00
  Set: 48 Way: 2 Address: 0x5588dc00
  Set: 49 Way: 0 Address: 0x3734eec4d
  Set: 49 Way: 1 Address: 0x309887c40
  Set: 49 Way: 2 Address: 0x5588dc40
  Set: 50 Way: 0 Address: 0x3734eec8a
  Set: 50 Way: 1 Address: 0x309887c80
  Set: 50 Way: 2 Address: 0x5588dc80
  Set: 51 Way: 0 Address: 0x3734eecc9
  Set: 51 Way: 1 Address: 0x309887cc0
  Set: 51 Way: 2 Address: 0x5588dcc0
  Set: 52 Way: 0 Address: 0x3734eed0a
  Set: 52 Way: 1 Address: 0x309887d00
  Set: 52 Way: 2 Address: 0x354d35d28
  Set: 52 Way: 3 Address: 0x5588dd00
  Set: 53 Way: 0 Address: 0x3734eed47
  Set: 53 Way: 1 Address: 0x309887d40
  Set: 53 Way: 2 Address: 0x354d35d40
  Set: 53 Way: 3 Address: 0x5588dd40
  Set: 54 Way: 0 Address: 0x201598d88
  Set: 54 Way: 1 Address: 0x3734eed89
  Set: 54 Way: 2 Address: 0x309887d80
  Set: 54 Way: 3 Address: 0x354d35d80
  Set: 54 Way: 4 Address: 0x5588dd80
  Set: 55 Way: 0 Address: 0x3734eedc2
  Set: 55 Way: 1 Address: 0x309887dc0
  Set: 55 Way: 2 Address: 0x201598dc0
  Set: 55 Way: 3 Address: 0x354d35dc0
  Set: 55 Way: 4 Address: 0x5588ddc0
  Set: 56 Way: 0 Address: 0x3734eee0a
  Set: 56 Way: 1 Address: 0x309887e00
  Set: 56 Way: 2 Address: 0x354d35e00
  Set: 56 Way: 3 Address: 0x5588de00
  Set: 57 Way: 0 Address: 0x3734eee4b
  Set: 57 Way: 1 Address: 0x309887e40
  Set: 57 Way: 2 Address: 0x201598e50
  Set: 57 Way: 3 Address: 0x354d35e40
  Set: 57 Way: 4 Address: 0x5588de40
  Set: 58 Way: 0 Address: 0x309887e80
  Set: 58 Way: 1 Address: 0x3734eee85
  Set: 58 Way: 2 Address: 0x201598eb8
  Set: 58 Way: 3 Address: 0x354d35e80
  Set: 58 Way: 4 Address: 0x5588de80
  Set: 59 Way: 0 Address: 0x309887ec0
  Set: 59 Way: 1 Address: 0x3734eeec9
  Set: 59 Way: 2 Address: 0x201598ef8
  Set: 59 Way: 3 Address: 0x354d35ec0
  Set: 59 Way: 4 Address: 0x5588dec0
  Set: 60 Way: 0 Address: 0x1c84e2f08
  Set: 60 Way: 1 Address: 0xf6e81f10
  Set: 60 Way: 2 Address: 0x309887f00
  Set: 60 Way: 3 Address: 0x3734eef0c
  Set: 60 Way: 4 Address: 0x12c6fcf18
  Set: 60 Way: 5 Address: 0x201598f38
  Set: 60 Way: 6 Address: 0x354d35f00
  Set: 60 Way: 7 Address: 0x5588df00
  Set: 61 Way: 0 Address: 0x309887f40
  Set: 61 Way: 1 Address: 0x3734eef4c
  Set: 61 Way: 2 Address: 0x201598f50
  Set: 61 Way: 3 Address: 0x354d35f40
  Set: 61 Way: 4 Address: 0x5588df40
  Set: 62 Way: 0 Address: 0x309887f80
  Set: 62 Way: 1 Address: 0x3734eef8b
  Set: 62 Way: 2 Address: 0x201598f90
  Set: 62 Way: 3 Address: 0x354d35f80
  Set: 62 Way: 4 Address: 0x5588df80
  Set: 63 Way: 0 Address: 0x223edafd8
  Set: 63 Way: 1 Address: 0x201598fd1
  Set: 63 Way: 2 Address: 0x309887fc0
  Set: 63 Way: 3 Address: 0x3734eefc9
  Set: 63 Way: 4 Address: 0x354d35fc0
  Set: 63 Way: 5 Address: 0x5588dfc0
EndCache
Cache: cpu0_ITLB
  Set: 0 Way: 0 Address: 0x400441
  Set: 3 Way: 0 Address: 0x403cef
  Set: 5 Way: 0 Address: 0x405b23
  Set: 6 Way: 0 Address: 0x406351
  Set: 11 Way: 0 Address: 0x41bd60
EndCache
Cache: cpu0_DTLB
  Set: 1 Way: 0 Address: 0x14b18e0
  Set: 1 Way: 1 Address: 0x7ffec61e1fd1
  Set: 2 Way: 0 Address: 0x7ffec61e2000
  Set: 3 Way: 0 Address: 0x7ffec61e3000
  Set: 6 Way: 0 Address: 0x7f4ad14066ec
  Set: 7 Way: 0 Address: 0x7f4ad140700f
  Set: 7 Way: 1 Address: 0x7f4b01297d28
  Set: 8 Way: 0 Address: 0x7f4b01298000
  Set: 9 Way: 0 Address: 0x7f4b01299000
  Set: 11 Way: 0 Address: 0x69b3a4
  Set: 12 Way: 0 Address: 0x69c448
  Set: 15 Way: 0 Address: 0x69f688
EndCache
Cache: LLC
  Set: 64 Way: 0 Address: 0x113201028
  Set: 83 Way: 0 Address: 0x2a48414d8
  Set: 124 Way: 0 Address: 0xf6e81f10
  Set: 128 Way: 0 Address: 0x6d0c2000
  Set: 129 Way: 0 Address: 0x6d0c2040
  Set: 130 Way: 0 Address: 0x6d0c2080
  Set: 131 Way: 0 Address: 0x6d0c20c0
  Set: 132 Way: 0 Address: 0x6d0c2100
  Set: 133 Way: 0 Address: 0x6d0c2140
  Set: 134 Way: 0 Address: 0x6d0c2180
  Set: 135 Way: 0 Address: 0x6d0c21c0
  Set: 136 Way: 0 Address: 0x6d0c2200
  Set: 137 Way: 0 Address: 0x6d0c2240
  Set: 188 Way: 0 Address: 0x1c84e2f08
  Set: 256 Way: 0 Address: 0xb8004030
  Set: 275 Way: 0 Address: 0x1ab444c8
  Set: 410 Way: 0 Address: 0x3dae66688
  Set: 448 Way: 0 Address: 0x309887000
  Set: 449 Way: 0 Address: 0x309887040
  Set: 450 Way: 0 Address: 0x309887080
  Set: 451 Way: 0 Address: 0x3098870c0
  Set: 452 Way: 0 Address: 0x309887100
  Set: 453 Way: 0 Address: 0x309887140
  Set: 454 Way: 0 Address: 0x309887180
  Set: 455 Way: 0 Address: 0x3098871c0
  Set: 456 Way: 0 Address: 0x309887200
  Set: 457 Way: 0 Address: 0x309887240
  Set: 458 Way: 0 Address: 0x309887280
  Set: 459 Way: 0 Address: 0x3098872c0
  Set: 460 Way: 0 Address: 0x309887300
  Set: 461 Way: 0 Address: 0x309887340
  Set: 462 Way: 0 Address: 0x309887380
  Set: 463 Way: 0 Address: 0x3098873c0
  Set: 464 Way: 0 Address: 0x309887400
  Set: 465 Way: 0 Address: 0x309887440
  Set: 466 Way: 0 Address: 0x309887480
  Set: 467 Way: 0 Address: 0x3098874c0
  Set: 468 Way: 0 Address: 0x309887500
  Set: 469 Way: 0 Address: 0x309887540
  Set: 470 Way: 0 Address: 0x309887580
  Set: 471 Way: 0 Address: 0x3098875c0
  Set: 472 Way: 0 Address: 0x309887600
  Set: 473 Way: 0 Address: 0x309887640
  Set: 474 Way: 0 Address: 0x309887680
  Set: 475 Way: 0 Address: 0x3098876c0
  Set: 476 Way: 0 Address: 0x309887700
  Set: 477 Way: 0 Address: 0x309887740
  Set: 478 Way: 0 Address: 0x309887780
  Set: 479 Way: 0 Address: 0x3098877c0
  Set: 480 Way: 0 Address: 0x309887800
  Set: 481 Way: 0 Address: 0x309887840
  Set: 482 Way: 0 Address: 0x309887880
  Set: 483 Way: 0 Address: 0x3098878c0
  Set: 484 Way: 0 Address: 0x309887900
  Set: 485 Way: 0 Address: 0x309887940
  Set: 486 Way: 0 Address: 0x309887980
  Set: 487 Way: 0 Address: 0x3098879c0
  Set: 488 Way: 0 Address: 0x309887a00
  Set: 489 Way: 0 Address: 0x309887a40
  Set: 490 Way: 0 Address: 0x309887a80
  Set: 491 Way: 0 Address: 0x309887ac0
  Set: 492 Way: 0 Address: 0x309887b00
  Set: 493 Way: 0 Address: 0x309887b40
  Set: 494 Way: 0 Address: 0x309887b80
  Set: 495 Way: 0 Address: 0x309887bc0
  Set: 496 Way: 0 Address: 0x309887c00
  Set: 497 Way: 0 Address: 0x309887c40
  Set: 498 Way: 0 Address: 0x309887c80
  Set: 499 Way: 0 Address: 0x309887cc0
  Set: 500 Way: 0 Address: 0x309887d00
  Set: 501 Way: 0 Address: 0x309887d40
  Set: 502 Way: 0 Address: 0x309887d80
  Set: 503 Way: 0 Address: 0x309887dc0
  Set: 504 Way: 0 Address: 0x309887e00
  Set: 505 Way: 0 Address: 0x309887e40
  Set: 506 Way: 0 Address: 0x309887e80
  Set: 507 Way: 0 Address: 0x309887ec0
  Set: 508 Way: 0 Address: 0x309887f00
  Set: 509 Way: 0 Address: 0x309887f40
  Set: 510 Way: 0 Address: 0x309887f80
  Set: 511 Way: 0 Address: 0x309887fc0
  Set: 512 Way: 0 Address: 0x309888000
  Set: 513 Way: 0 Address: 0x309888040
  Set: 514 Way: 0 Address: 0x309888080
  Set: 515 Way: 0 Address: 0x3098880c0
  Set: 516 Way: 0 Address: 0x309888100
  Set: 517 Way: 0 Address: 0x309888140
  Set: 518 Way: 0 Address: 0x309888180
  Set: 519 Way: 0 Address: 0x3098881c0
  Set: 520 Way: 0 Address: 0x309888200
  Set: 521 Way: 0 Address: 0x309888240
  Set: 522 Way: 0 Address: 0x309888280
  Set: 523 Way: 0 Address: 0x3098882c0
  Set: 524 Way: 0 Address: 0x309888300
  Set: 525 Way: 0 Address: 0x309888340
  Set: 526 Way: 0 Address: 0x309888380
  Set: 586 Way: 0 Address: 0x2ee3692a0
  Set: 587 Way: 0 Address: 0x2ee3692c3
  Set: 588 Way: 0 Address: 0x2ee369328
  Set: 589 Way: 0 Address: 0x2ee369351
  Set: 590 Way: 0 Address: 0x2ee3693bc
  Set: 591 Way: 0 Address: 0x2ee3693c0
  Set: 592 Way: 0 Address: 0x2ee369400
  Set: 774 Way: 0 Address: 0x29484c180
  Set: 832 Way: 0 Address: 0x5588d000
  Set: 833 Way: 0 Address: 0x5588d040
  Set: 834 Way: 0 Address: 0x5588d080
  Set: 835 Way: 0 Address: 0x5588d0c0
  Set: 836 Way: 0 Address: 0x5588d100
  Set: 837 Way: 0 Address: 0x5588d140
  Set: 838 Way: 0 Address: 0x5588d180
  Set: 839 Way: 0 Address: 0x5588d1c0
  Set: 840 Way: 0 Address: 0x5588d200
  Set: 841 Way: 0 Address: 0x5588d240
  Set: 842 Way: 0 Address: 0x5588d280
  Set: 843 Way: 0 Address: 0x5588d2c0
  Set: 844 Way: 0 Address: 0x5588d300
  Set: 845 Way: 0 Address: 0x5588d340
  Set: 846 Way: 0 Address: 0x5588d380
  Set: 847 Way: 0 Address: 0x5588d3c0
  Set: 848 Way: 0 Address: 0x5588d400
  Set: 849 Way: 0 Address: 0x5588d440
  Set: 850 Way: 0 Address: 0x5588d480
  Set: 851 Way: 0 Address: 0x5588d4c0
  Set: 852 Way: 0 Address: 0x5588d500
  Set: 853 Way: 0 Address: 0x5588d540
  Set: 854 Way: 0 Address: 0x5588d580
  Set: 855 Way: 0 Address: 0x5588d5c0
  Set: 856 Way: 0 Address: 0x5588d600
  Set: 857 Way: 0 Address: 0x5588d640
  Set: 858 Way: 0 Address: 0x5588d680
  Set: 859 Way: 0 Address: 0x5588d6c0
  Set: 860 Way: 0 Address: 0x5588d700
  Set: 861 Way: 0 Address: 0x5588d740
  Set: 862 Way: 0 Address: 0x5588d780
  Set: 863 Way: 0 Address: 0x5588d7c0
  Set: 864 Way: 0 Address: 0x5588d800
  Set: 865 Way: 0 Address: 0x5588d840
  Set: 866 Way: 0 Address: 0x5588d880
  Set: 867 Way: 0 Address: 0x5588d8c0
  Set: 868 Way: 0 Address: 0x5588d900
  Set: 869 Way: 0 Address: 0x5588d940
  Set: 870 Way: 0 Address: 0x5588d980
  Set: 871 Way: 0 Address: 0x5588d9c0
  Set: 872 Way: 0 Address: 0x5588da00
  Set: 873 Way: 0 Address: 0x5588da40
  Set: 874 Way: 0 Address: 0x5588da80
  Set: 875 Way: 0 Address: 0x5588dac0
  Set: 876 Way: 0 Address: 0x5588db00
  Set: 877 Way: 0 Address: 0x5588db40
  Set: 878 Way: 0 Address: 0x5588db80
  Set: 879 Way: 0 Address: 0x5588dbc0
  Set: 880 Way: 0 Address: 0x5588dc00
  Set: 881 Way: 0 Address: 0x5588dc40
  Set: 882 Way: 0 Address: 0x5588dc80
  Set: 883 Way: 0 Address: 0x5588dcc0
  Set: 884 Way: 0 Address: 0x5588dd00
  Set: 885 Way: 0 Address: 0x5588dd40
  Set: 886 Way: 0 Address: 0x5588dd80
  Set: 887 Way: 0 Address: 0x5588ddc0
  Set: 888 Way: 0 Address: 0x5588de00
  Set: 889 Way: 0 Address: 0x5588de40
  Set: 890 Way: 0 Address: 0x5588de80
  Set: 891 Way: 0 Address: 0x5588dec0
  Set: 892 Way: 0 Address: 0x5588df00
  Set: 893 Way: 0 Address: 0x5588df40
  Set: 894 Way: 0 Address: 0x5588df80
  Set: 895 Way: 0 Address: 0x5588dfc0
  Set: 896 Way: 0 Address: 0x2f5d8e000
  Set: 896 Way: 1 Address: 0x5588e000
  Set: 897 Way: 0 Address: 0x5588e040
  Set: 898 Way: 0 Address: 0x5588e080
  Set: 899 Way: 0 Address: 0x2f5d8e0d8
  Set: 899 Way: 1 Address: 0x5588e0c0
  Set: 900 Way: 0 Address: 0x5588e100
  Set: 901 Way: 0 Address: 0x5588e140
  Set: 902 Way: 0 Address: 0x5588e180
  Set: 903 Way: 0 Address: 0x5588e1c0
  Set: 904 Way: 0 Address: 0x5588e200
  Set: 905 Way: 0 Address: 0x5588e240
  Set: 906 Way: 0 Address: 0x5588e280
  Set: 907 Way: 0 Address: 0x5588e2c0
  Set: 908 Way: 0 Address: 0x5588e300
  Set: 909 Way: 0 Address: 0x5588e340
  Set: 923 Way: 0 Address: 0x3734ee6dd
  Set: 924 Way: 0 Address: 0x3734ee700
  Set: 925 Way: 0 Address: 0x3734ee740
  Set: 926 Way: 0 Address: 0x3734ee780
  Set: 927 Way: 0 Address: 0x3734ee7c0
  Set: 928 Way: 0 Address: 0x3734ee800
  Set: 929 Way: 0 Address: 0x3734ee840
  Set: 930 Way: 0 Address: 0x3734ee880
  Set: 931 Way: 0 Address: 0x3734ee8c0
  Set: 932 Way: 0 Address: 0x3734ee900
  Set: 933 Way: 0 Address: 0x3734ee940
  Set: 934 Way: 0 Address: 0x3734ee980
  Set: 935 Way: 0 Address: 0x3734ee9c0
  Set: 936 Way: 0 Address: 0x3734eea00
  Set: 937 Way: 0 Address: 0x3734eea40
  Set: 938 Way: 0 Address: 0x3734eea80
  Set: 939 Way: 0 Address: 0x3734eeac0
  Set: 940 Way: 0 Address: 0x3734eeb00
  Set: 941 Way: 0 Address: 0x3734eeb40
  Set: 942 Way: 0 Address: 0x3734eeb80
  Set: 943 Way: 0 Address: 0x3734eebc0
  Set: 944 Way: 0 Address: 0x3734eec00
  Set: 945 Way: 0 Address: 0x3734eec40
  Set: 946 Way: 0 Address: 0x3734eec80
  Set: 947 Way: 0 Address: 0x3734eecc0
  Set: 948 Way: 0 Address: 0x3734eed00
  Set: 949 Way: 0 Address: 0x3734eed40
  Set: 950 Way: 0 Address: 0x3734eed80
  Set: 951 Way: 0 Address: 0x3734eedc0
  Set: 952 Way: 0 Address: 0x3734eee00
  Set: 953 Way: 0 Address: 0x3734eee40
  Set: 954 Way: 0 Address: 0x3734eee80
  Set: 955 Way: 0 Address: 0x3734eeec0
  Set: 956 Way: 0 Address: 0x3734eef00
  Set: 957 Way: 0 Address: 0x3734eef40
  Set: 958 Way: 0 Address: 0x3734eef80
  Set: 959 Way: 0 Address: 0x3734eefc0
  Set: 960 Way: 0 Address: 0x16390f038
  Set: 976 Way: 0 Address: 0xee86f430
  Set: 977 Way: 0 Address: 0xee86f441
  Set: 978 Way: 0 Address: 0xee86f480
  Set: 979 Way: 0 Address: 0x143ef4f8
  Set: 987 Way: 0 Address: 0xee86f6d0
  Set: 988 Way: 0 Address: 0xee86f701
  Set: 989 Way: 0 Address: 0xee86f740
  Set: 990 Way: 0 Address: 0xee86f78c
  Set: 1006 Way: 0 Address: 0xee86fba0
  Set: 1007 Way: 0 Address: 0xee86fbc2
  Set: 1008 Way: 0 Address: 0xee86fc05
  Set: 1152 Way: 0 Address: 0x1995f2000
  Set: 1152 Way: 1 Address: 0x133c92000
  Set: 1153 Way: 0 Address: 0x1995f2040
  Set: 1153 Way: 1 Address: 0x133c92040
  Set: 1154 Way: 0 Address: 0x1995f2080
  Set: 1154 Way: 1 Address: 0x133c92080
  Set: 1155 Way: 0 Address: 0x1995f20c0
  Set: 1155 Way: 1 Address: 0x133c920c0
  Set: 1156 Way: 0 Address: 0x1995f2100
  Set: 1156 Way: 1 Address: 0x133c92100
  Set: 1157 Way: 0 Address: 0x1995f2140
  Set: 1157 Way: 1 Address: 0x133c92140
  Set: 1158 Way: 0 Address: 0x1995f2180
  Set: 1158 Way: 1 Address: 0x133c92180
  Set: 1159 Way: 0 Address: 0x1995f21c0
  Set: 1159 Way: 1 Address: 0x133c921c0
  Set: 1160 Way: 0 Address: 0x1995f2200
  Set: 1160 Way: 1 Address: 0x133c92200
  Set: 1161 Way: 0 Address: 0x1995f2240
  Set: 1161 Way: 1 Address: 0x133c92240
  Set: 1162 Way: 0 Address: 0x1995f2280
  Set: 1162 Way: 1 Address: 0x133c92280
  Set: 1163 Way: 0 Address: 0x1995f22c0
  Set: 1163 Way: 1 Address: 0x133c922c0
  Set: 1164 Way: 0 Address: 0x1995f2300
  Set: 1164 Way: 1 Address: 0x133c92300
  Set: 1165 Way: 0 Address: 0x1995f2340
  Set: 1165 Way: 1 Address: 0x133c92340
  Set: 1166 Way: 0 Address: 0x1995f2380
  Set: 1166 Way: 1 Address: 0x133c92380
  Set: 1167 Way: 0 Address: 0x1995f23c0
  Set: 1167 Way: 1 Address: 0x133c923c0
  Set: 1168 Way: 0 Address: 0x133c92400
  Set: 1169 Way: 0 Address: 0x133c92440
  Set: 1170 Way: 0 Address: 0x133c92480
  Set: 1171 Way: 0 Address: 0x133c924c0
  Set: 1172 Way: 0 Address: 0x133c92500
  Set: 1174 Way: 0 Address: 0x9cff2588
  Set: 1217 Way: 0 Address: 0x263c13050
  Set: 1219 Way: 0 Address: 0x2b2e930d8
  Set: 1248 Way: 0 Address: 0x3c56b3814
  Set: 1249 Way: 0 Address: 0x3c56b3870
  Set: 1250 Way: 0 Address: 0x3c56b38b0
  Set: 1251 Way: 0 Address: 0x3c56b38dc
  Set: 1252 Way: 0 Address: 0x3c56b3910
  Set: 1253 Way: 0 Address: 0x3c56b395c
  Set: 1259 Way: 0 Address: 0x3c56b3af8
  Set: 1281 Way: 0 Address: 0x3c1074048
  Set: 1284 Way: 0 Address: 0x397bb4138
  Set: 1285 Way: 0 Address: 0x397bb4148
  Set: 1286 Way: 0 Address: 0x397bb4198
  Set: 1287 Way: 0 Address: 0x397bb41e0
  Set: 1288 Way: 0 Address: 0x397bb4218
  Set: 1289 Way: 0 Address: 0x397bb4278
  Set: 1290 Way: 0 Address: 0x397bb42a8
  Set: 1291 Way: 0 Address: 0x397bb42e8
  Set: 1292 Way: 0 Address: 0x397bb433c
  Set: 1293 Way: 0 Address: 0x397bb434c
  Set: 1294 Way: 0 Address: 0x397bb43a4
  Set: 1295 Way: 0 Address: 0x397bb43dc
  Set: 1296 Way: 0 Address: 0x397bb442c
  Set: 1297 Way: 0 Address: 0x397bb4470
  Set: 1298 Way: 0 Address: 0x397bb44a8
  Set: 1299 Way: 0 Address: 0x397bb44cc
  Set: 1300 Way: 0 Address: 0x397bb4510
  Set: 1301 Way: 0 Address: 0x397bb4540
  Set: 1302 Way: 0 Address: 0x397bb4580
  Set: 1303 Way: 0 Address: 0x397bb45c0
  Set: 1304 Way: 0 Address: 0x397bb4600
  Set: 1305 Way: 0 Address: 0x397bb4640
  Set: 1306 Way: 0 Address: 0x397bb4680
  Set: 1307 Way: 0 Address: 0x397bb46c0
  Set: 1308 Way: 0 Address: 0x397bb4700
  Set: 1309 Way: 0 Address: 0x397bb4740
  Set: 1310 Way: 0 Address: 0x397bb4780
  Set: 1311 Way: 0 Address: 0x3de4d47f8
  Set: 1311 Way: 1 Address: 0x397bb47c0
  Set: 1317 Way: 0 Address: 0x129934958
  Set: 1344 Way: 0 Address: 0x195f15010
  Set: 1345 Way: 0 Address: 0x195f15050
  Set: 1396 Way: 0 Address: 0x354d35d28
  Set: 1397 Way: 0 Address: 0x354d35d40
  Set: 1398 Way: 0 Address: 0x354d35d80
  Set: 1399 Way: 0 Address: 0x354d35dc0
  Set: 1400 Way: 0 Address: 0x354d35e00
  Set: 1401 Way: 0 Address: 0x354d35e40
  Set: 1402 Way: 0 Address: 0x354d35e80
  Set: 1403 Way: 0 Address: 0x354d35ec0
  Set: 1404 Way: 0 Address: 0x354d35f00
  Set: 1405 Way: 0 Address: 0x354d35f40
  Set: 1406 Way: 0 Address: 0x354d35f80
  Set: 1407 Way: 0 Address: 0x354d35fc0
  Set: 1425 Way: 0 Address: 0x43736450
  Set: 1425 Way: 1 Address: 0x84896448
  Set: 1427 Way: 0 Address: 0x211d164c0
  Set: 1525 Way: 0 Address: 0x276ff7d60
  Set: 1527 Way: 0 Address: 0x276ff7de0
  Set: 1528 Way: 0 Address: 0x276ff7e20
  Set: 1530 Way: 0 Address: 0x276ff7ea0
  Set: 1531 Way: 0 Address: 0x276ff7ec0
  Set: 1536 Way: 0 Address: 0xc7078018
  Set: 1567 Way: 0 Address: 0x1aafb87f0
  Set: 1590 Way: 0 Address: 0x201598d88
  Set: 1591 Way: 0 Address: 0x201598dc0
  Set: 1593 Way: 0 Address: 0x201598e40
  Set: 1594 Way: 0 Address: 0x201598e80
  Set: 1595 Way: 0 Address: 0x201598ec0
  Set: 1596 Way: 0 Address: 0x201598f00
  Set: 1597 Way: 0 Address: 0x201598f40
  Set: 1598 Way: 0 Address: 0x201598f80
  Set: 1599 Way: 0 Address: 0x201598fd0
  Set: 1600 Way: 0 Address: 0x201599000
  Set: 1601 Way: 0 Address: 0x201599040
  Set: 1602 Way: 0 Address: 0x201599080
  Set: 1603 Way: 0 Address: 0x2015990c0
  Set: 1604 Way: 0 Address: 0x292959100
  Set: 1604 Way: 1 Address: 0x201599100
  Set: 1605 Way: 0 Address: 0x201599140
  Set: 1606 Way: 0 Address: 0x201599180
  Set: 1626 Way: 0 Address: 0x2929596a8
  Set: 1627 Way: 0 Address: 0x2929596df
  Set: 1630 Way: 0 Address: 0x292959780
  Set: 1650 Way: 0 Address: 0x292959cb0
  Set: 1651 Way: 0 Address: 0x292959cc4
  Set: 1652 Way: 0 Address: 0x292959d02
  Set: 1653 Way: 0 Address: 0x292959d42
  Set: 1654 Way: 0 Address: 0x292959d81
  Set: 1655 Way: 0 Address: 0x292959dc1
  Set: 1664 Way: 0 Address: 0x229b9a000
  Set: 1664 Way: 1 Address: 0x1d89da018
  Set: 1727 Way: 0 Address: 0x223edafd8
  Set: 1746 Way: 0 Address: 0x394edb4b8
  Set: 1747 Way: 0 Address: 0x394edb4c0
  Set: 1792 Way: 0 Address: 0xdf85c000
  Set: 1829 Way: 0 Address: 0x38e35c960
  Set: 1852 Way: 0 Address: 0x12c6fcf18
  Set: 1856 Way: 0 Address: 0x23755d030
  Set: 1875 Way: 0 Address: 0x1add4e0
  Set: 1920 Way: 0 Address: 0x28b67e000
  Set: 1951 Way: 0 Address: 0x28b67e7f8
  Set: 1955 Way: 0 Address: 0x1f919e8d0
  Set: 1960 Way: 0 Address: 0x1f919ea06
  Set: 1963 Way: 0 Address: 0x1f919ead0
  Set: 1964 Way: 0 Address: 0x1f919eb07
  Set: 1965 Way: 0 Address: 0x1f919eb40
  Set: 1966 Way: 0 Address: 0x1f919ebaa
  Set: 1967 Way: 0 Address: 0x1f919ebc4
  Set: 1968 Way: 0 Address: 0x1f919ec35
  Set: 1969 Way: 0 Address: 0x1f919ec40
  Set: 1971 Way: 0 Address: 0x1f919ecdb
  Set: 1974 Way: 0 Address: 0x1f919edb0
  Set: 1976 Way: 0 Address: 0x1f919ee24
EndCache
