Cache: cpu0_STLB
  Set: 0 Way: 0 Address: 0x7806e8
  Set: 2 Way: 0 Address: 0x402c78
  Set: 2 Way: 1 Address: 0x7fda97602425
  Set: 2 Way: 2 Address: 0x7fda97682425
  Set: 3 Way: 0 Address: 0x7fda97703425
  Set: 3 Way: 1 Address: 0x7fda97783021
  Set: 4 Way: 0 Address: 0x7fda97704021
  Set: 8 Way: 0 Address: 0x408f00
  Set: 9 Way: 0 Address: 0x409700
  Set: 11 Way: 0 Address: 0x40bd90
  Set: 12 Way: 0 Address: 0x40c040
  Set: 13 Way: 0 Address: 0x40d0b0
  Set: 14 Way: 0 Address: 0x40ef30
  Set: 15 Way: 0 Address: 0x40f0f0
  Set: 17 Way: 0 Address: 0x411350
  Set: 18 Way: 0 Address: 0x4122c0
  Set: 21 Way: 0 Address: 0x415f60
  Set: 22 Way: 0 Address: 0x4161f0
  Set: 29 Way: 0 Address: 0x41df8c
  Set: 30 Way: 0 Address: 0x7fda9759e450
  Set: 31 Way: 0 Address: 0x51ff3c
  Set: 31 Way: 1 Address: 0x7fda9759fde7
  Set: 31 Way: 2 Address: 0x7fda9769f019
  Set: 31 Way: 3 Address: 0x7fda9761f124
  Set: 32 Way: 0 Address: 0x520004
  Set: 32 Way: 1 Address: 0x7fda975a0850
  Set: 32 Way: 2 Address: 0x7fda97720cd3
  Set: 32 Way: 3 Address: 0x7fda976a0a65
  Set: 33 Way: 0 Address: 0x7fda976a1059
  Set: 34 Way: 0 Address: 0x7fda975a2055
  Set: 34 Way: 1 Address: 0x7fda9762255a
  Set: 35 Way: 0 Address: 0x7fda976a3412
  Set: 35 Way: 1 Address: 0x7fda975a3cd7
  Set: 35 Way: 2 Address: 0x7fda9772358f
  Set: 36 Way: 0 Address: 0x7fda976a45a5
  Set: 36 Way: 1 Address: 0x7fda975a4696
  Set: 37 Way: 0 Address: 0x7fda976a56b6
  Set: 38 Way: 0 Address: 0x7fda975a6675
  Set: 39 Way: 0 Address: 0x7fda975a7210
  Set: 39 Way: 1 Address: 0x7fda976a7020
  Set: 40 Way: 0 Address: 0x7fda976a8210
  Set: 40 Way: 1 Address: 0x7fda975a858f
  Set: 41 Way: 0 Address: 0x7fda976a95a5
  Set: 42 Way: 0 Address: 0x7fda975aab48
  Set: 43 Way: 0 Address: 0x7fda976ab3ca
  Set: 43 Way: 1 Address: 0x7fda9762b340
  Set: 44 Way: 0 Address: 0x7fda975ac385
  Set: 44 Way: 1 Address: 0x7fda9772c340
  Set: 45 Way: 0 Address: 0x7fda976adb85
  Set: 45 Way: 1 Address: 0x7fda975adc92
  Set: 46 Way: 0 Address: 0x7fda976aee74
  Set: 46 Way: 1 Address: 0x7fda975ae821
  Set: 47 Way: 0 Address: 0x7fda976af821
  Set: 49 Way: 0 Address: 0x7fda976b1014
  Set: 51 Way: 0 Address: 0x7fda975b3cd7
  Set: 55 Way: 0 Address: 0x7fda976b7094
  Set: 62 Way: 0 Address: 0x7fda976becd7
  Set: 63 Way: 0 Address: 0x7fda975bf44f
  Set: 67 Way: 0 Address: 0x7fda975c314f
  Set: 71 Way: 0 Address: 0x7fffd6147278
  Set: 72 Way: 0 Address: 0x7fffd6148b46
  Set: 72 Way: 1 Address: 0x7fda975c8525
  Set: 73 Way: 0 Address: 0x7fffd61496a4
  Set: 74 Way: 0 Address: 0x7fda975ca745
  Set: 77 Way: 0 Address: 0x7fda975cdf49
  Set: 82 Way: 0 Address: 0x7fda975d2055
  Set: 83 Way: 0 Address: 0x7fda976d3055
  Set: 84 Way: 0 Address: 0x7fda97754054
  Set: 87 Way: 0 Address: 0x7fda976d7054
  Set: 93 Way: 0 Address: 0x7fda975ddf41
  Set: 94 Way: 0 Address: 0x7fda975de14f
  Set: 95 Way: 0 Address: 0x7fda976df14f
  Set: 95 Way: 1 Address: 0x7fda9765f155
  Set: 96 Way: 0 Address: 0x7fda976e0560
  Set: 96 Way: 1 Address: 0x7fda97760155
  Set: 97 Way: 0 Address: 0x7fda976e1112
  Set: 99 Way: 0 Address: 0x7fda975e3021
  Set: 109 Way: 0 Address: 0x7fda975edd50
  Set: 110 Way: 0 Address: 0x7fda976eed50
  Set: 112 Way: 0 Address: 0x7fda97770114
  Set: 115 Way: 0 Address: 0x7fda976f3124
  Set: 121 Way: 0 Address: 0x18f91e0
  Set: 121 Way: 1 Address: 0x779778
  Set: 126 Way: 0 Address: 0x18fe694
  Set: 126 Way: 1 Address: 0x7fda9767e04f
  Set: 127 Way: 0 Address: 0x197f6c0
EndCache
Cache: cpu0_L2C
  Set: 0 Way: 0 Address: 0x6e620010
  Set: 0 Way: 1 Address: 0x168ef0019
  Set: 2 Way: 0 Address: 0x6e6200a8
  Set: 8 Way: 0 Address: 0x168ef0238
  Set: 14 Way: 0 Address: 0x13ed038a
  Set: 15 Way: 0 Address: 0x13ed03ca
  Set: 16 Way: 0 Address: 0x23cb40410
  Set: 17 Way: 0 Address: 0x168ef0465
  Set: 29 Way: 0 Address: 0x342b40778
  Set: 30 Way: 0 Address: 0x23cb40798
  Set: 32 Way: 0 Address: 0x168ef0822
  Set: 34 Way: 0 Address: 0x168ef0890
  Set: 41 Way: 0 Address: 0xad430a65
  Set: 46 Way: 0 Address: 0x13ed0b88
  Set: 49 Way: 0 Address: 0x14bb10c78
  Set: 51 Way: 0 Address: 0x14bb10ce0
  Set: 52 Way: 0 Address: 0x14bb10d02
  Set: 52 Way: 1 Address: 0x28a940d30
  Set: 52 Way: 2 Address: 0x1f8ce0d20
  Set: 53 Way: 0 Address: 0x1f8ce0d50
  Set: 53 Way: 1 Address: 0x3b57e0d70
  Set: 54 Way: 0 Address: 0x14bb10dac
  Set: 55 Way: 0 Address: 0x14bb10dc2
  Set: 56 Way: 0 Address: 0x14bb10e02
  Set: 57 Way: 0 Address: 0x3b57e0e40
  Set: 57 Way: 1 Address: 0x29ab70e50
  Set: 57 Way: 2 Address: 0x14bb10e42
  Set: 61 Way: 0 Address: 0x2177f0f60
  Set: 62 Way: 0 Address: 0x2177f0f81
  Set: 63 Way: 0 Address: 0x2177f0fc1
  Set: 64 Way: 0 Address: 0x2a4841002
  Set: 65 Way: 0 Address: 0x2a4841044
  Set: 65 Way: 1 Address: 0x260091059
  Set: 66 Way: 0 Address: 0x2a4841082
  Set: 67 Way: 0 Address: 0x2a48410c6
  Set: 68 Way: 0 Address: 0x2a4841101
  Set: 68 Way: 1 Address: 0x116e01112
  Set: 68 Way: 2 Address: 0x260091138
  Set: 69 Way: 0 Address: 0x2a4841141
  Set: 70 Way: 0 Address: 0x2a4841180
  Set: 71 Way: 0 Address: 0x2a48411f0
  Set: 72 Way: 0 Address: 0x2a4841201
  Set: 72 Way: 1 Address: 0x260091238
  Set: 73 Way: 0 Address: 0x2a4841240
  Set: 74 Way: 0 Address: 0x2a4841284
  Set: 74 Way: 1 Address: 0x2600912b0
  Set: 75 Way: 0 Address: 0x2a48412fb
  Set: 76 Way: 0 Address: 0x2a4841301
  Set: 78 Way: 0 Address: 0x2a48413a4
  Set: 80 Way: 0 Address: 0x2a4841400
  Set: 81 Way: 0 Address: 0x2a4841447
  Set: 81 Way: 1 Address: 0x260091450
  Set: 82 Way: 0 Address: 0x2a4841482
  Set: 83 Way: 0 Address: 0x2a48414c0
  Set: 84 Way: 0 Address: 0x2a4841503
  Set: 84 Way: 1 Address: 0xa601500
  Set: 85 Way: 0 Address: 0x2a4841548
  Set: 85 Way: 1 Address: 0x181c81564
  Set: 85 Way: 2 Address: 0xa601578
  Set: 86 Way: 0 Address: 0x2a48415ae
  Set: 87 Way: 0 Address: 0x2a48415c0
  Set: 88 Way: 0 Address: 0x2a4841606
  Set: 96 Way: 0 Address: 0x2a4841810
  Set: 97 Way: 0 Address: 0x2a4841841
  Set: 98 Way: 0 Address: 0x2a4841880
  Set: 98 Way: 1 Address: 0x260091892
  Set: 99 Way: 0 Address: 0x2a48418f5
  Set: 100 Way: 0 Address: 0x2a4841902
  Set: 101 Way: 0 Address: 0x2a4841942
  Set: 102 Way: 0 Address: 0x2a48419ad
  Set: 103 Way: 0 Address: 0x2a48419c0
  Set: 104 Way: 0 Address: 0x2a4841a02
  Set: 106 Way: 0 Address: 0x260091a90
  Set: 108 Way: 0 Address: 0x2a4841b2d
  Set: 111 Way: 0 Address: 0xf6e81bc8
  Set: 112 Way: 0 Address: 0xf6e81c00
  Set: 114 Way: 0 Address: 0x2a4841c80
  Set: 116 Way: 0 Address: 0x19c791d00
  Set: 117 Way: 0 Address: 0x2ff2a1d50
  Set: 119 Way: 0 Address: 0x2a4841de0
  Set: 119 Way: 1 Address: 0x181c81de7
  Set: 120 Way: 0 Address: 0x2a4841e00
  Set: 128 Way: 0 Address: 0x133c92010
  Set: 128 Way: 1 Address: 0x1fd412020
  Set: 128 Way: 2 Address: 0x2ea382021
  Set: 129 Way: 0 Address: 0x1c84e2048
  Set: 129 Way: 1 Address: 0x3bdb2050
  Set: 130 Way: 0 Address: 0x1fd41209a
  Set: 132 Way: 0 Address: 0x1fd412112
  Set: 136 Way: 0 Address: 0x31be12210
  Set: 136 Way: 1 Address: 0x34e4a2210
  Set: 136 Way: 2 Address: 0x3bdb2212
  Set: 136 Way: 3 Address: 0x1fd412212
  Set: 137 Way: 0 Address: 0x3bdb2265
  Set: 141 Way: 0 Address: 0xa3a5234a
  Set: 142 Way: 0 Address: 0xa3a52385
  Set: 143 Way: 0 Address: 0x23a6123ca
  Set: 143 Way: 1 Address: 0xa3a523c0
  Set: 144 Way: 0 Address: 0x1fd412428
  Set: 148 Way: 0 Address: 0x133c92518
  Set: 148 Way: 1 Address: 0x62d12508
  Set: 149 Way: 0 Address: 0x62d12540
  Set: 150 Way: 0 Address: 0x3bdb258f
  Set: 153 Way: 0 Address: 0x34e4a2664
  Set: 153 Way: 1 Address: 0x31be12664
  Set: 154 Way: 0 Address: 0x37ba226b8
  Set: 157 Way: 0 Address: 0x348de2770
  Set: 157 Way: 1 Address: 0x23a612748
  Set: 159 Way: 0 Address: 0x23a6127c5
  Set: 160 Way: 0 Address: 0x348de2818
  Set: 162 Way: 0 Address: 0x3bdb28b0
  Set: 162 Way: 1 Address: 0x31be128b0
  Set: 163 Way: 0 Address: 0x1c84e28f8
  Set: 163 Way: 1 Address: 0x1995f28f8
  Set: 165 Way: 0 Address: 0x31be12969
  Set: 169 Way: 0 Address: 0x31be12a69
  Set: 170 Way: 0 Address: 0x1fd412a9a
  Set: 173 Way: 0 Address: 0x23a612b48
  Set: 173 Way: 1 Address: 0xa3a52b48
  Set: 174 Way: 0 Address: 0x37ba22b80
  Set: 175 Way: 0 Address: 0x1064c2bc8
  Set: 181 Way: 0 Address: 0x1c6532d60
  Set: 185 Way: 0 Address: 0x1c6532e68
  Set: 186 Way: 0 Address: 0x9cff2eb0
  Set: 187 Way: 0 Address: 0x9cff2ee2
  Set: 189 Way: 0 Address: 0x9cff2f70
  Set: 190 Way: 0 Address: 0x9cff2f8c
  Set: 191 Way: 0 Address: 0x9cff2fc1
  Set: 192 Way: 0 Address: 0x2b2e93010
  Set: 192 Way: 1 Address: 0x34a873028
  Set: 194 Way: 0 Address: 0x2b2e93090
  Set: 194 Way: 1 Address: 0x3232f3088
  Set: 196 Way: 0 Address: 0xbba93124
  Set: 196 Way: 1 Address: 0xc2e83114
  Set: 200 Way: 0 Address: 0x34a873238
  Set: 201 Way: 0 Address: 0xbba93265
  Set: 208 Way: 0 Address: 0x2113410
  Set: 209 Way: 0 Address: 0x34a873450
  Set: 215 Way: 0 Address: 0x3b08035d0
  Set: 215 Way: 1 Address: 0xd78d35f0
  Set: 223 Way: 0 Address: 0x3c56b37f8
  Set: 224 Way: 0 Address: 0x2f0403821
  Set: 226 Way: 0 Address: 0x34a873890
  Set: 228 Way: 0 Address: 0x3232f3900
  Set: 228 Way: 1 Address: 0x2113918
  Set: 229 Way: 0 Address: 0xd78d3960
  Set: 232 Way: 0 Address: 0x34a873a39
  Set: 243 Way: 0 Address: 0x257713cf8
  Set: 243 Way: 1 Address: 0x34a873cdb
  Set: 244 Way: 0 Address: 0x190973d38
  Set: 249 Way: 0 Address: 0x3112a3e40
  Set: 250 Way: 0 Address: 0x3112a3e90
  Set: 252 Way: 0 Address: 0x257713f18
  Set: 257 Way: 0 Address: 0x3de4d4060
  Set: 257 Way: 1 Address: 0x397bb4060
  Set: 257 Way: 2 Address: 0x6b744052
  Set: 258 Way: 0 Address: 0x3de4d40b0
  Set: 260 Way: 0 Address: 0xcf094124
  Set: 261 Way: 0 Address: 0x17e36414f
  Set: 261 Way: 1 Address: 0x3317f414f
  Set: 264 Way: 0 Address: 0x6b744212
  Set: 272 Way: 0 Address: 0x34fc64425
  Set: 277 Way: 0 Address: 0x6b744576
  Set: 278 Way: 0 Address: 0x6b7445a5
  Set: 279 Way: 0 Address: 0x1ab445d8
  Set: 280 Way: 0 Address: 0x17e364625
  Set: 287 Way: 0 Address: 0x1299347f0
  Set: 290 Way: 0 Address: 0x6b7448ba
  Set: 297 Way: 0 Address: 0x3c1074a40
  Set: 320 Way: 0 Address: 0x195f15000
  Set: 320 Way: 1 Address: 0x272585010
  Set: 320 Way: 2 Address: 0x354d3502a
  Set: 321 Way: 0 Address: 0x1b0f15070
  Set: 321 Way: 1 Address: 0x354d3506c
  Set: 322 Way: 0 Address: 0x1b0f15088
  Set: 322 Way: 1 Address: 0x354d350a8
  Set: 323 Way: 0 Address: 0x354d350de
  Set: 324 Way: 0 Address: 0x354d35108
  Set: 325 Way: 0 Address: 0x354d35172
  Set: 326 Way: 0 Address: 0x354d35184
  Set: 327 Way: 0 Address: 0x354d351f2
  Set: 328 Way: 0 Address: 0x354d3523a
  Set: 329 Way: 0 Address: 0x354d3527a
  Set: 330 Way: 0 Address: 0x354d352b8
  Set: 331 Way: 0 Address: 0x354d352f2
  Set: 331 Way: 1 Address: 0x99c752f8
  Set: 332 Way: 0 Address: 0x354d3532f
  Set: 333 Way: 0 Address: 0x354d35364
  Set: 333 Way: 1 Address: 0x299395340
  Set: 334 Way: 0 Address: 0x354d35390
  Set: 335 Way: 0 Address: 0x354d353f6
  Set: 336 Way: 0 Address: 0x354d3541c
  Set: 337 Way: 0 Address: 0x354d3547c
  Set: 338 Way: 0 Address: 0x354d354a6
  Set: 339 Way: 0 Address: 0x354d354d3
  Set: 339 Way: 1 Address: 0x2725854f8
  Set: 339 Way: 2 Address: 0x34a0e54f8
  Set: 340 Way: 0 Address: 0x354d35506
  Set: 340 Way: 1 Address: 0x34a0e5508
  Set: 341 Way: 0 Address: 0x354d35540
  Set: 341 Way: 1 Address: 0x3ab465558
  Set: 342 Way: 0 Address: 0x354d355a4
  Set: 342 Way: 1 Address: 0x1d68a558f
  Set: 343 Way: 0 Address: 0x354d355ee
  Set: 344 Way: 0 Address: 0x354d35628
  Set: 345 Way: 0 Address: 0x354d35660
  Set: 346 Way: 0 Address: 0x354d356a4
  Set: 347 Way: 0 Address: 0x57be56f8
  Set: 347 Way: 1 Address: 0x354d356c0
  Set: 348 Way: 0 Address: 0x354d35718
  Set: 352 Way: 0 Address: 0x57be5820
  Set: 356 Way: 0 Address: 0x3ab465900
  Set: 364 Way: 0 Address: 0x99c75b00
  Set: 384 Way: 0 Address: 0x3d87a6021
  Set: 384 Way: 1 Address: 0x247006021
  Set: 384 Way: 2 Address: 0x101c26014
  Set: 384 Way: 3 Address: 0x192bc6010
  Set: 384 Way: 4 Address: 0x3d6456014
  Set: 388 Way: 0 Address: 0x101c26114
  Set: 389 Way: 0 Address: 0x27d4c614f
  Set: 392 Way: 0 Address: 0x192bc6210
  Set: 392 Way: 1 Address: 0x27d4c6210
  Set: 393 Way: 0 Address: 0x27d4c6269
  Set: 402 Way: 0 Address: 0x192bc6496
  Set: 402 Way: 1 Address: 0x27d4c6490
  Set: 405 Way: 0 Address: 0x27d4c6560
  Set: 406 Way: 0 Address: 0x192bc658f
  Set: 407 Way: 0 Address: 0x1aa7b65f0
  Set: 409 Way: 0 Address: 0x27d4c666a
  Set: 410 Way: 0 Address: 0x192bc6696
  Set: 410 Way: 1 Address: 0x183ea6698
  Set: 412 Way: 0 Address: 0x1aa7b6708
  Set: 415 Way: 0 Address: 0x848967c8
  Set: 416 Way: 0 Address: 0x3d6456821
  Set: 421 Way: 0 Address: 0x27d4c694f
  Set: 422 Way: 0 Address: 0x27d4c69b1
  Set: 426 Way: 0 Address: 0x183ea6aa0
  Set: 429 Way: 0 Address: 0x43736b50
  Set: 429 Way: 1 Address: 0x211d16b50
  Set: 431 Way: 0 Address: 0x84896bf8
  Set: 435 Way: 0 Address: 0x27d4c6cd7
  Set: 436 Way: 0 Address: 0x37f426d38
  Set: 437 Way: 0 Address: 0x1b7ae6d60
  Set: 437 Way: 1 Address: 0x37f426d40
  Set: 439 Way: 0 Address: 0x1b7ae6df8
  Set: 440 Way: 0 Address: 0x696d6e18
  Set: 443 Way: 0 Address: 0x696d6ef0
  Set: 444 Way: 0 Address: 0x3dae66f3c
  Set: 445 Way: 0 Address: 0x3dae66f40
  Set: 447 Way: 0 Address: 0x43736ff8
  Set: 447 Way: 1 Address: 0x3dae66fc8
  Set: 448 Way: 0 Address: 0x276ff7008
  Set: 449 Way: 0 Address: 0xbeea7078
  Set: 449 Way: 1 Address: 0x276ff7078
  Set: 449 Way: 2 Address: 0x12c07704f
  Set: 450 Way: 0 Address: 0x276ff7080
  Set: 451 Way: 0 Address: 0x276ff70e8
  Set: 452 Way: 0 Address: 0x276ff713c
  Set: 452 Way: 1 Address: 0x358da7110
  Set: 453 Way: 0 Address: 0x276ff7140
  Set: 454 Way: 0 Address: 0x276ff7190
  Set: 455 Way: 0 Address: 0x276ff71e4
  Set: 456 Way: 0 Address: 0x276ff723c
  Set: 457 Way: 0 Address: 0x276ff7240
  Set: 458 Way: 0 Address: 0x276ff7290
  Set: 459 Way: 0 Address: 0x276ff72c0
  Set: 460 Way: 0 Address: 0x276ff7314
  Set: 461 Way: 0 Address: 0x276ff7340
  Set: 461 Way: 1 Address: 0x3704c7340
  Set: 462 Way: 0 Address: 0x276ff7380
  Set: 462 Way: 1 Address: 0x3704c7385
  Set: 463 Way: 0 Address: 0x276ff73c0
  Set: 464 Way: 0 Address: 0x276ff7400
  Set: 465 Way: 0 Address: 0x276ff7470
  Set: 465 Way: 1 Address: 0x2fbe9744f
  Set: 466 Way: 0 Address: 0x276ff74a4
  Set: 467 Way: 0 Address: 0x276ff74c4
  Set: 468 Way: 0 Address: 0x276ff7512
  Set: 469 Way: 0 Address: 0x276ff755e
  Set: 470 Way: 0 Address: 0x276ff7588
  Set: 470 Way: 1 Address: 0x358da7588
  Set: 471 Way: 0 Address: 0x276ff75ce
  Set: 472 Way: 0 Address: 0x276ff7612
  Set: 473 Way: 0 Address: 0x276ff764c
  Set: 474 Way: 0 Address: 0x309887694
  Set: 474 Way: 1 Address: 0x276ff76ac
  Set: 475 Way: 0 Address: 0x276ff76d6
  Set: 476 Way: 0 Address: 0x276ff7716
  Set: 477 Way: 0 Address: 0x276ff7746
  Set: 477 Way: 1 Address: 0x27ae47745
  Set: 477 Way: 2 Address: 0x3704c7748
  Set: 478 Way: 0 Address: 0x276ff7796
  Set: 479 Way: 0 Address: 0x276ff77de
  Set: 479 Way: 1 Address: 0x3704c77c5
  Set: 480 Way: 0 Address: 0x276ff781e
  Set: 481 Way: 0 Address: 0x276ff785c
  Set: 482 Way: 0 Address: 0x276ff78ac
  Set: 483 Way: 0 Address: 0x276ff78de
  Set: 484 Way: 0 Address: 0x276ff7906
  Set: 485 Way: 0 Address: 0x276ff7970
  Set: 486 Way: 0 Address: 0x276ff7998
  Set: 487 Way: 0 Address: 0x276ff79f6
  Set: 488 Way: 0 Address: 0x276ff7a20
  Set: 489 Way: 0 Address: 0x276ff7a4a
  Set: 490 Way: 0 Address: 0x276ff7aa8
  Set: 491 Way: 0 Address: 0x276ff7ad4
  Set: 492 Way: 0 Address: 0x276ff7b1e
  Set: 493 Way: 0 Address: 0x276ff7b46
  Set: 494 Way: 0 Address: 0x276ff7b90
  Set: 494 Way: 1 Address: 0x3704c7b85
  Set: 495 Way: 0 Address: 0x276ff7bfc
  Set: 495 Way: 1 Address: 0x112417bf8
  Set: 496 Way: 0 Address: 0x276ff7c28
  Set: 497 Way: 0 Address: 0x276ff7c7e
  Set: 498 Way: 0 Address: 0x276ff7cb6
  Set: 499 Way: 0 Address: 0x276ff7cf8
  Set: 500 Way: 0 Address: 0x276ff7d34
  Set: 501 Way: 0 Address: 0x276ff7d6a
  Set: 502 Way: 0 Address: 0x276ff7da4
  Set: 503 Way: 0 Address: 0x276ff7de8
  Set: 504 Way: 0 Address: 0x276ff7e3a
  Set: 505 Way: 0 Address: 0x276ff7e48
  Set: 507 Way: 0 Address: 0x276ff7ee6
  Set: 508 Way: 0 Address: 0x276ff7f3e
  Set: 509 Way: 0 Address: 0x276ff7f6e
  Set: 510 Way: 0 Address: 0x276ff7f90
  Set: 511 Way: 0 Address: 0x276ff7fe2
  Set: 512 Way: 0 Address: 0x201598018
  Set: 512 Way: 1 Address: 0x3bdd78001
  Set: 513 Way: 0 Address: 0x3bdd78044
  Set: 514 Way: 0 Address: 0x3bdd78080
  Set: 515 Way: 0 Address: 0x3bdd780f0
  Set: 516 Way: 0 Address: 0x3bdd78101
  Set: 517 Way: 0 Address: 0x3bdd78162
  Set: 517 Way: 1 Address: 0x1666814f
  Set: 518 Way: 0 Address: 0x3bdd78180
  Set: 519 Way: 0 Address: 0x3bdd781c0
  Set: 520 Way: 0 Address: 0x3bdd78205
  Set: 521 Way: 0 Address: 0x3bdd78264
  Set: 523 Way: 0 Address: 0x1b2ef82f8
  Set: 527 Way: 0 Address: 0x3fe583f0
  Set: 532 Way: 0 Address: 0x3fe58528
  Set: 532 Way: 1 Address: 0x1b2ef8500
  Set: 533 Way: 0 Address: 0x2760e8578
  Set: 535 Way: 0 Address: 0xc70785c0
  Set: 536 Way: 0 Address: 0xc7078604
  Set: 537 Way: 0 Address: 0xc7078660
  Set: 538 Way: 0 Address: 0xc7078680
  Set: 538 Way: 1 Address: 0x3bdd786b0
  Set: 539 Way: 0 Address: 0xc70786c1
  Set: 539 Way: 1 Address: 0x3bdd786c3
  Set: 540 Way: 0 Address: 0xc7078721
  Set: 540 Way: 1 Address: 0x3bdd78704
  Set: 541 Way: 0 Address: 0x3bdd78740
  Set: 541 Way: 1 Address: 0xc7078740
  Set: 542 Way: 0 Address: 0xc7078781
  Set: 542 Way: 1 Address: 0x3bdd78781
  Set: 543 Way: 0 Address: 0xc70787c0
  Set: 544 Way: 0 Address: 0xc7078806
  Set: 545 Way: 0 Address: 0xc7078845
  Set: 546 Way: 0 Address: 0xc7078882
  Set: 547 Way: 0 Address: 0xc70788c1
  Set: 549 Way: 0 Address: 0xc7078951
  Set: 550 Way: 0 Address: 0xc7078980
  Set: 551 Way: 0 Address: 0xc70789e1
  Set: 552 Way: 0 Address: 0xc7078a05
  Set: 553 Way: 0 Address: 0xc7078a40
  Set: 554 Way: 0 Address: 0xc7078a89
  Set: 554 Way: 1 Address: 0x2760e8aa0
  Set: 555 Way: 0 Address: 0xc7078ae0
  Set: 556 Way: 0 Address: 0xc7078b01
  Set: 557 Way: 0 Address: 0xc7078b43
  Set: 558 Way: 0 Address: 0xc7078b82
  Set: 559 Way: 0 Address: 0xc7078bc5
  Set: 560 Way: 0 Address: 0xc7078c08
  Set: 561 Way: 0 Address: 0xc7078c70
  Set: 562 Way: 0 Address: 0xc7078c86
  Set: 563 Way: 0 Address: 0xc7078cc4
  Set: 564 Way: 0 Address: 0xc7078d00
  Set: 565 Way: 0 Address: 0xc7078d7a
  Set: 565 Way: 1 Address: 0x2db378d40
  Set: 566 Way: 0 Address: 0xc7078d90
  Set: 567 Way: 0 Address: 0xc7078dc1
  Set: 567 Way: 1 Address: 0x2db378df8
  Set: 568 Way: 0 Address: 0xc7078e20
  Set: 571 Way: 0 Address: 0x1bdd18ee8
  Set: 572 Way: 0 Address: 0x2c9898f30
  Set: 573 Way: 0 Address: 0x2c9898f41
  Set: 573 Way: 1 Address: 0x1bdd18f68
  Set: 574 Way: 0 Address: 0x2c9898f83
  Set: 575 Way: 0 Address: 0x2c9898fc0
  Set: 577 Way: 0 Address: 0x2ee369068
  Set: 578 Way: 0 Address: 0x2ee369090
  Set: 581 Way: 0 Address: 0x321ff9155
  Set: 584 Way: 0 Address: 0x5d6e9210
  Set: 592 Way: 0 Address: 0x292959400
  Set: 592 Way: 1 Address: 0x2fa0c9425
  Set: 593 Way: 0 Address: 0x292959440
  Set: 594 Way: 0 Address: 0x292959486
  Set: 595 Way: 0 Address: 0x2929594c2
  Set: 596 Way: 0 Address: 0x292959504
  Set: 596 Way: 1 Address: 0xb84a9520
  Set: 596 Way: 2 Address: 0x7b479538
  Set: 597 Way: 0 Address: 0x292959540
  Set: 597 Way: 1 Address: 0x16a859568
  Set: 597 Way: 2 Address: 0x1b87f9558
  Set: 598 Way: 0 Address: 0x292959585
  Set: 598 Way: 1 Address: 0x5d6e958f
  Set: 599 Way: 0 Address: 0x2929595c2
  Set: 600 Way: 0 Address: 0x292959603
  Set: 601 Way: 0 Address: 0x292959640
  Set: 602 Way: 0 Address: 0x292959683
  Set: 602 Way: 1 Address: 0x5d6e96b6
  Set: 603 Way: 0 Address: 0x2929596dd
  Set: 604 Way: 0 Address: 0x292959700
  Set: 604 Way: 1 Address: 0xb84a9700
  Set: 605 Way: 0 Address: 0x292959746
  Set: 606 Way: 0 Address: 0x292959785
  Set: 612 Way: 0 Address: 0x1b87f9918
  Set: 613 Way: 0 Address: 0x7b479960
  Set: 618 Way: 0 Address: 0x5d6e9a8f
  Set: 624 Way: 0 Address: 0x379d39c20
  Set: 626 Way: 0 Address: 0x3f4019c92
  Set: 626 Way: 1 Address: 0x379d39c92
  Set: 627 Way: 0 Address: 0x312099cf8
  Set: 627 Way: 1 Address: 0x2c8749cf0
  Set: 627 Way: 2 Address: 0x8a579cd7
  Set: 628 Way: 0 Address: 0x2c8749d30
  Set: 628 Way: 1 Address: 0x379d39d20
  Set: 631 Way: 0 Address: 0x292959df0
  Set: 632 Way: 0 Address: 0x292959e01
  Set: 633 Way: 0 Address: 0x379d39e74
  Set: 633 Way: 1 Address: 0x292959e41
  Set: 634 Way: 0 Address: 0x379d39e80
  Set: 634 Way: 1 Address: 0x3f4019e9a
  Set: 634 Way: 2 Address: 0x292959e83
  Set: 635 Way: 0 Address: 0x292959ee5
  Set: 636 Way: 0 Address: 0x379d39f00
  Set: 638 Way: 0 Address: 0x379d39f80
  Set: 641 Way: 0 Address: 0x223eda060
  Set: 641 Way: 1 Address: 0x24243a054
  Set: 642 Way: 0 Address: 0xc67da098
  Set: 643 Way: 0 Address: 0x1d89da0e8
  Set: 643 Way: 1 Address: 0xc67da0cf
  Set: 644 Way: 0 Address: 0x8754a110
  Set: 648 Way: 0 Address: 0xc67da212
  Set: 656 Way: 0 Address: 0xc67da438
  Set: 660 Way: 0 Address: 0x8754a528
  Set: 665 Way: 0 Address: 0xc67da675
  Set: 666 Way: 0 Address: 0x24e60a698
  Set: 670 Way: 0 Address: 0x24e60a798
  Set: 674 Way: 0 Address: 0xc67da8ba
  Set: 682 Way: 0 Address: 0xc67daa9a
  Set: 691 Way: 0 Address: 0x18db7acd7
  Set: 694 Way: 0 Address: 0x1132fad98
  Set: 697 Way: 0 Address: 0x1132fae68
  Set: 701 Way: 0 Address: 0x1e561af49
  Set: 701 Way: 1 Address: 0x18db7af41
  Set: 705 Way: 0 Address: 0xed70b054
  Set: 711 Way: 0 Address: 0x394edb1e8
  Set: 712 Way: 0 Address: 0x394edb238
  Set: 713 Way: 0 Address: 0x394edb278
  Set: 714 Way: 0 Address: 0x394edb290
  Set: 715 Way: 0 Address: 0x394edb2c0
  Set: 716 Way: 0 Address: 0x394edb304
  Set: 717 Way: 0 Address: 0xc0d9b350
  Set: 717 Way: 1 Address: 0x394edb340
  Set: 718 Way: 0 Address: 0xc0d9b385
  Set: 719 Way: 0 Address: 0xc0d9b3c1
  Set: 720 Way: 0 Address: 0xc0d9b401
  Set: 721 Way: 0 Address: 0xc0d9b444
  Set: 722 Way: 0 Address: 0xc0d9b486
  Set: 731 Way: 0 Address: 0x36889b6c0
  Set: 732 Way: 0 Address: 0x394edb71a
  Set: 732 Way: 1 Address: 0x157dab708
  Set: 733 Way: 0 Address: 0x394edb760
  Set: 734 Way: 0 Address: 0x394edb7a0
  Set: 740 Way: 0 Address: 0xcf83b900
  Set: 746 Way: 0 Address: 0x394edbab0
  Set: 747 Way: 0 Address: 0x394edbafc
  Set: 748 Way: 0 Address: 0x394edbb38
  Set: 749 Way: 0 Address: 0x394edbb62
  Set: 750 Way: 0 Address: 0x394edbb8e
  Set: 751 Way: 0 Address: 0x394edbbe8
  Set: 752 Way: 0 Address: 0x394edbc12
  Set: 752 Way: 1 Address: 0x157dabc18
  Set: 753 Way: 0 Address: 0x394edbc4a
  Set: 754 Way: 0 Address: 0x394edbcb4
  Set: 755 Way: 0 Address: 0xc0d9bcd0
  Set: 755 Way: 1 Address: 0x394edbcc4
  Set: 756 Way: 0 Address: 0xc0d9bd03
  Set: 756 Way: 1 Address: 0x28420bd10
  Set: 756 Way: 2 Address: 0x394edbd0e
  Set: 757 Way: 0 Address: 0x394edbd6a
  Set: 757 Way: 1 Address: 0x1e568bd68
  Set: 758 Way: 0 Address: 0x28420bd98
  Set: 758 Way: 1 Address: 0x394edbdbc
  Set: 759 Way: 0 Address: 0x394edbdf8
  Set: 760 Way: 0 Address: 0x394edbe24
  Set: 761 Way: 0 Address: 0x394edbe54
  Set: 762 Way: 0 Address: 0x394edbea0
  Set: 763 Way: 0 Address: 0x394edbeec
  Set: 763 Way: 1 Address: 0x1e568bee8
  Set: 763 Way: 2 Address: 0x3b377bee0
  Set: 764 Way: 0 Address: 0x394edbf08
  Set: 764 Way: 1 Address: 0x3b377bf00
  Set: 765 Way: 0 Address: 0x394edbf5c
  Set: 766 Way: 0 Address: 0x394edbfb0
  Set: 767 Way: 0 Address: 0x394edbffc
  Set: 768 Way: 0 Address: 0xdf85c000
  Set: 768 Way: 1 Address: 0x38e35c03a
  Set: 768 Way: 2 Address: 0x32f48c011
  Set: 769 Way: 0 Address: 0x29484c058
  Set: 770 Way: 0 Address: 0x38e35c0b0
  Set: 771 Way: 0 Address: 0x38e35c0c1
  Set: 771 Way: 1 Address: 0x2aa42c0f8
  Set: 772 Way: 0 Address: 0x38e35c103
  Set: 772 Way: 1 Address: 0x32f48c118
  Set: 773 Way: 0 Address: 0x38e35c145
  Set: 774 Way: 0 Address: 0x38e35c182
  Set: 776 Way: 0 Address: 0x32f48c212
  Set: 778 Way: 0 Address: 0x32f48c2b0
  Set: 784 Way: 0 Address: 0x267bcc425
  Set: 785 Way: 0 Address: 0x32f48c450
  Set: 788 Way: 0 Address: 0x1ae2cc520
  Set: 788 Way: 1 Address: 0x2cd70c538
  Set: 789 Way: 0 Address: 0x1ae2cc540
  Set: 789 Way: 1 Address: 0x32502c548
  Set: 789 Way: 2 Address: 0x4dd9c55a
  Set: 790 Way: 0 Address: 0x28f0cc588
  Set: 790 Way: 1 Address: 0x4dd9c58f
  Set: 795 Way: 0 Address: 0x12c6fc6e8
  Set: 796 Way: 0 Address: 0x32502c700
  Set: 797 Way: 0 Address: 0x28f0cc770
  Set: 800 Way: 0 Address: 0x2cd70c818
  Set: 800 Way: 1 Address: 0x32f48c812
  Set: 801 Way: 0 Address: 0x32f48c850
  Set: 802 Way: 0 Address: 0x32f48c892
  Set: 804 Way: 0 Address: 0x2aa42c900
  Set: 810 Way: 0 Address: 0x32f48ca90
  Set: 821 Way: 0 Address: 0xb77acd50
  Set: 821 Way: 1 Address: 0x2f8e1cd68
  Set: 826 Way: 0 Address: 0x2f8e1ce90
  Set: 833 Way: 0 Address: 0x15164d055
  Set: 834 Way: 0 Address: 0x2cc9bd094
  Set: 835 Way: 0 Address: 0x3d747d0f8
  Set: 837 Way: 0 Address: 0x1954d158
  Set: 839 Way: 0 Address: 0x5588d1e0
  Set: 843 Way: 0 Address: 0x1add2c0
  Set: 853 Way: 0 Address: 0xe51bd548
  Set: 853 Way: 1 Address: 0xdb22d568
  Set: 854 Way: 0 Address: 0x1954d5b8
  Set: 854 Way: 1 Address: 0x2efecd5b8
  Set: 859 Way: 0 Address: 0xdb22d6f8
  Set: 864 Way: 0 Address: 0xe51bd820
  Set: 878 Way: 0 Address: 0x2efecdb80
  Set: 880 Way: 0 Address: 0x3d747dc18
  Set: 885 Way: 0 Address: 0x3bcc0dd50
  Set: 885 Way: 1 Address: 0x187c8dd70
  Set: 888 Way: 0 Address: 0x3bcc0de18
  Set: 889 Way: 0 Address: 0x187c8de50
  Set: 896 Way: 0 Address: 0x28b67e000
  Set: 896 Way: 1 Address: 0x1f919e010
  Set: 896 Way: 2 Address: 0x20597e004
  Set: 897 Way: 0 Address: 0x1f919e060
  Set: 897 Way: 1 Address: 0x3734ee040
  Set: 897 Way: 2 Address: 0x2db79e040
  Set: 897 Way: 3 Address: 0x1c084e055
  Set: 897 Way: 4 Address: 0xd209e055
  Set: 897 Way: 5 Address: 0x23730e055
  Set: 900 Way: 0 Address: 0x1c084e124
  Set: 901 Way: 0 Address: 0x2d95e158
  Set: 904 Way: 0 Address: 0x2c077e210
  Set: 909 Way: 0 Address: 0x108ede340
  Set: 912 Way: 0 Address: 0x1c084e412
  Set: 914 Way: 0 Address: 0x2c077e490
  Set: 916 Way: 0 Address: 0x21962e525
  Set: 917 Way: 0 Address: 0x7d0ee560
  Set: 917 Way: 1 Address: 0x2c077e560
  Set: 918 Way: 0 Address: 0x2c077e5a5
  Set: 921 Way: 0 Address: 0x2c077e66a
  Set: 922 Way: 0 Address: 0x2c077e6a6
  Set: 922 Way: 1 Address: 0x3857be6b8
  Set: 927 Way: 0 Address: 0x28b67e7f8
  Set: 932 Way: 0 Address: 0x3734ee900
  Set: 933 Way: 0 Address: 0x3734ee940
  Set: 933 Way: 1 Address: 0x2c077e969
  Set: 934 Way: 0 Address: 0x3734ee988
  Set: 934 Way: 1 Address: 0x2c077e9b9
  Set: 936 Way: 0 Address: 0x2f5d8ea38
  Set: 936 Way: 1 Address: 0x3734eea34
  Set: 937 Way: 0 Address: 0x3734eea40
  Set: 938 Way: 0 Address: 0x3734eea87
  Set: 939 Way: 0 Address: 0x3734eead0
  Set: 940 Way: 0 Address: 0x2d95eb00
  Set: 944 Way: 0 Address: 0x3734eec10
  Set: 945 Way: 0 Address: 0x3734eec48
  Set: 946 Way: 0 Address: 0x3734eec80
  Set: 947 Way: 0 Address: 0x3734eecf0
  Set: 947 Way: 1 Address: 0x1fe66ecd3
  Set: 948 Way: 0 Address: 0x3734eed05
  Set: 949 Way: 0 Address: 0x3734eed43
  Set: 950 Way: 0 Address: 0x3734eed80
  Set: 951 Way: 0 Address: 0x3734eedc0
  Set: 952 Way: 0 Address: 0x3734eee00
  Set: 953 Way: 0 Address: 0x3734eee5c
  Set: 954 Way: 0 Address: 0x3734eee80
  Set: 955 Way: 0 Address: 0x3734eeee5
  Set: 955 Way: 1 Address: 0x2dee5eef0
  Set: 956 Way: 0 Address: 0x3734eef30
  Set: 957 Way: 0 Address: 0x3734eef40
  Set: 957 Way: 1 Address: 0x2dee5ef68
  Set: 958 Way: 0 Address: 0x3734eef80
  Set: 959 Way: 0 Address: 0x3734eefc0
  Set: 961 Way: 0 Address: 0x22272f040
  Set: 962 Way: 0 Address: 0x22272f0a8
  Set: 965 Way: 0 Address: 0x1609ff155
  Set: 975 Way: 0 Address: 0x3567df3f0
  Set: 981 Way: 0 Address: 0x3567df570
  Set: 982 Way: 0 Address: 0x16390f580
  Set: 1001 Way: 0 Address: 0xee86fa48
  Set: 1012 Way: 0 Address: 0x23756fd18
  Set: 1020 Way: 0 Address: 0x23756ff18
  Set: 1021 Way: 0 Address: 0x6637ff41
EndCache
Cache: cpu0_L1I
  Set: 0 Way: 0 Address: 0x38e35c03a
  Set: 0 Way: 1 Address: 0x2a4841002
  Set: 0 Way: 2 Address: 0x3bdd78001
  Set: 1 Way: 0 Address: 0x3734ee050
  Set: 1 Way: 1 Address: 0x3bdd78044
  Set: 1 Way: 2 Address: 0x2a4841044
  Set: 2 Way: 0 Address: 0x38e35c0b0
  Set: 2 Way: 1 Address: 0x3bdd78080
  Set: 2 Way: 2 Address: 0x2a4841082
  Set: 3 Way: 0 Address: 0x38e35c0c1
  Set: 3 Way: 1 Address: 0x3bdd780f0
  Set: 3 Way: 2 Address: 0x2a48410c6
  Set: 4 Way: 0 Address: 0x38e35c11d
  Set: 4 Way: 1 Address: 0x3bdd78101
  Set: 4 Way: 2 Address: 0x2a4841101
  Set: 5 Way: 0 Address: 0x38e35c17a
  Set: 5 Way: 1 Address: 0x3bdd78162
  Set: 5 Way: 2 Address: 0x2a4841141
  Set: 6 Way: 0 Address: 0x38e35c1b6
  Set: 6 Way: 1 Address: 0x2a4841180
  Set: 6 Way: 2 Address: 0x3bdd781b1
  Set: 7 Way: 0 Address: 0x2a48411f0
  Set: 7 Way: 1 Address: 0x3bdd781e7
  Set: 8 Way: 0 Address: 0x2a4841201
  Set: 8 Way: 1 Address: 0x3bdd78205
  Set: 9 Way: 0 Address: 0x2a4841266
  Set: 9 Way: 1 Address: 0x3bdd78264
  Set: 10 Way: 0 Address: 0x2a4841284
  Set: 11 Way: 0 Address: 0x1add2c0
  Set: 11 Way: 1 Address: 0x2a48412fb
  Set: 12 Way: 0 Address: 0x2a4841301
  Set: 13 Way: 0 Address: 0xc0d9b350
  Set: 14 Way: 0 Address: 0x2a48413a4
  Set: 14 Way: 1 Address: 0xc0d9b3ac
  Set: 15 Way: 0 Address: 0xc0d9b3c1
  Set: 16 Way: 0 Address: 0x292959400
  Set: 16 Way: 1 Address: 0xc0d9b401
  Set: 16 Way: 2 Address: 0x2a4841400
  Set: 17 Way: 0 Address: 0x292959440
  Set: 17 Way: 1 Address: 0xc0d9b444
  Set: 17 Way: 2 Address: 0x2a4841447
  Set: 18 Way: 0 Address: 0x2929594af
  Set: 18 Way: 1 Address: 0xc0d9b486
  Set: 18 Way: 2 Address: 0x2a4841482
  Set: 19 Way: 0 Address: 0x2929594e9
  Set: 19 Way: 1 Address: 0x2a48414c0
  Set: 20 Way: 0 Address: 0x292959539
  Set: 20 Way: 1 Address: 0x2a4841503
  Set: 21 Way: 0 Address: 0x292959540
  Set: 21 Way: 1 Address: 0x2a4841548
  Set: 22 Way: 0 Address: 0x2a48415ae
  Set: 22 Way: 1 Address: 0x2929595b2
  Set: 23 Way: 0 Address: 0x2a48415c0
  Set: 23 Way: 1 Address: 0xc70785f6
  Set: 23 Way: 2 Address: 0x2929595fb
  Set: 24 Way: 0 Address: 0x2a4841606
  Set: 24 Way: 1 Address: 0x292959603
  Set: 24 Way: 2 Address: 0xc7078604
  Set: 25 Way: 0 Address: 0xc7078660
  Set: 25 Way: 1 Address: 0x292959640
  Set: 26 Way: 0 Address: 0xc70786a4
  Set: 26 Way: 1 Address: 0x3bdd786b0
  Set: 26 Way: 2 Address: 0x292959683
  Set: 27 Way: 0 Address: 0xc70786c1
  Set: 27 Way: 1 Address: 0x3bdd786c3
  Set: 27 Way: 2 Address: 0x2929596dd
  Set: 28 Way: 0 Address: 0x292959730
  Set: 28 Way: 1 Address: 0xc7078721
  Set: 28 Way: 2 Address: 0x3bdd78704
  Set: 29 Way: 0 Address: 0x29295976b
  Set: 29 Way: 1 Address: 0x3bdd78770
  Set: 29 Way: 2 Address: 0xc7078761
  Set: 30 Way: 0 Address: 0x292959785
  Set: 30 Way: 1 Address: 0xc7078781
  Set: 30 Way: 2 Address: 0x3bdd78781
  Set: 31 Way: 0 Address: 0xc70787c0
  Set: 32 Way: 0 Address: 0x2a4841839
  Set: 32 Way: 1 Address: 0xc7078806
  Set: 33 Way: 0 Address: 0x2a4841874
  Set: 33 Way: 1 Address: 0xc707886f
  Set: 34 Way: 0 Address: 0x2a4841880
  Set: 34 Way: 1 Address: 0xc7078882
  Set: 35 Way: 0 Address: 0xc70788c1
  Set: 35 Way: 1 Address: 0x2a48418f5
  Set: 36 Way: 0 Address: 0x3734ee924
  Set: 36 Way: 1 Address: 0x2a4841902
  Set: 37 Way: 0 Address: 0x3734ee96c
  Set: 37 Way: 1 Address: 0xc7078951
  Set: 37 Way: 2 Address: 0x2a4841942
  Set: 38 Way: 0 Address: 0x2a48419bd
  Set: 38 Way: 1 Address: 0x3734ee988
  Set: 38 Way: 2 Address: 0xc7078980
  Set: 39 Way: 0 Address: 0x2a48419d6
  Set: 39 Way: 1 Address: 0xc70789e1
  Set: 40 Way: 0 Address: 0x2a4841a02
  Set: 40 Way: 1 Address: 0x3734eea34
  Set: 40 Way: 2 Address: 0xc7078a05
  Set: 41 Way: 0 Address: 0x3734eea40
  Set: 41 Way: 1 Address: 0xc7078a40
  Set: 42 Way: 0 Address: 0x3734eea87
  Set: 42 Way: 1 Address: 0xc7078a89
  Set: 43 Way: 0 Address: 0xc7078ae0
  Set: 43 Way: 1 Address: 0x3734eead0
  Set: 44 Way: 0 Address: 0x2a4841b2d
  Set: 44 Way: 1 Address: 0xc7078b01
  Set: 45 Way: 0 Address: 0xc7078b70
  Set: 46 Way: 0 Address: 0xc7078b82
  Set: 47 Way: 0 Address: 0xc7078bc5
  Set: 48 Way: 0 Address: 0x3734eec3f
  Set: 48 Way: 1 Address: 0xc7078c08
  Set: 49 Way: 0 Address: 0x3734eec48
  Set: 49 Way: 1 Address: 0xc7078c70
  Set: 49 Way: 2 Address: 0x14bb10c78
  Set: 50 Way: 0 Address: 0xc7078c86
  Set: 50 Way: 1 Address: 0x2a4841c80
  Set: 50 Way: 2 Address: 0x3734eecb5
  Set: 51 Way: 0 Address: 0xc7078cc4
  Set: 51 Way: 1 Address: 0x14bb10ce0
  Set: 51 Way: 2 Address: 0x3734eecf0
  Set: 51 Way: 3 Address: 0xc0d9bcd0
  Set: 52 Way: 0 Address: 0xc7078d00
  Set: 52 Way: 1 Address: 0x14bb10d02
  Set: 52 Way: 2 Address: 0x3734eed05
  Set: 52 Way: 3 Address: 0xc0d9bd03
  Set: 53 Way: 0 Address: 0x3734eed43
  Set: 53 Way: 1 Address: 0xc7078d7a
  Set: 54 Way: 0 Address: 0xc7078d90
  Set: 54 Way: 1 Address: 0x3734eeda2
  Set: 54 Way: 2 Address: 0x14bb10dac
  Set: 55 Way: 0 Address: 0xc7078de4
  Set: 55 Way: 1 Address: 0x2a4841de0
  Set: 55 Way: 2 Address: 0x292959df0
  Set: 55 Way: 3 Address: 0x3734eedc0
  Set: 55 Way: 4 Address: 0x14bb10df0
  Set: 56 Way: 0 Address: 0xc7078e20
  Set: 56 Way: 1 Address: 0x2a4841e00
  Set: 56 Way: 2 Address: 0x292959e01
  Set: 56 Way: 3 Address: 0x3734eee00
  Set: 56 Way: 4 Address: 0x14bb10e02
  Set: 57 Way: 0 Address: 0x3734eee5c
  Set: 57 Way: 1 Address: 0x292959e41
  Set: 57 Way: 2 Address: 0x14bb10e42
  Set: 58 Way: 0 Address: 0x9cff2eb0
  Set: 58 Way: 1 Address: 0x3734eeea3
  Set: 58 Way: 2 Address: 0x292959e83
  Set: 59 Way: 0 Address: 0x9cff2ee2
  Set: 59 Way: 1 Address: 0x3734eeee5
  Set: 59 Way: 2 Address: 0x292959ee5
  Set: 59 Way: 3 Address: 0x3b377bee0
  Set: 60 Way: 0 Address: 0x3734eef30
  Set: 60 Way: 1 Address: 0x3b377bf00
  Set: 60 Way: 2 Address: 0x2c9898f30
  Set: 61 Way: 0 Address: 0x9cff2f70
  Set: 61 Way: 1 Address: 0x3734eef72
  Set: 61 Way: 2 Address: 0x2177f0f60
  Set: 61 Way: 3 Address: 0x2c9898f41
  Set: 62 Way: 0 Address: 0x9cff2faf
  Set: 62 Way: 1 Address: 0x3734eefb4
  Set: 62 Way: 2 Address: 0x2177f0f81
  Set: 62 Way: 3 Address: 0x2c9898f83
  Set: 63 Way: 0 Address: 0x9cff2fd4
  Set: 63 Way: 1 Address: 0x2177f0fc1
  Set: 63 Way: 2 Address: 0x2c9898fc0
  Set: 63 Way: 3 Address: 0x3734eefc0
EndCache
Cache: cpu0_L1D
  Set: 0 Way: 0 Address: 0xdf85c000
  Set: 0 Way: 1 Address: 0x276ff7010
  Set: 0 Way: 2 Address: 0x354d3502a
  Set: 0 Way: 3 Address: 0x1f919e010
  Set: 0 Way: 4 Address: 0x3d6456014
  Set: 0 Way: 5 Address: 0x34a873028
  Set: 0 Way: 6 Address: 0x101c26014
  Set: 0 Way: 7 Address: 0x1fd412020
  Set: 0 Way: 8 Address: 0x20597e004
  Set: 0 Way: 9 Address: 0x2ea382021
  Set: 0 Way: 10 Address: 0x192bc6010
  Set: 0 Way: 11 Address: 0x168ef0019
  Set: 1 Way: 0 Address: 0x276ff7078
  Set: 1 Way: 1 Address: 0x3de4d4058
  Set: 1 Way: 2 Address: 0x15164d055
  Set: 1 Way: 3 Address: 0x354d3506c
  Set: 1 Way: 4 Address: 0x1c084e055
  Set: 1 Way: 5 Address: 0x1c84e2048
  Set: 1 Way: 6 Address: 0x6b744052
  Set: 1 Way: 7 Address: 0x3bdb2050
  Set: 1 Way: 8 Address: 0x2db79e040
  Set: 1 Way: 9 Address: 0xbeea7078
  Set: 1 Way: 10 Address: 0x24243a054
  Set: 1 Way: 11 Address: 0x260091059
  Set: 2 Way: 0 Address: 0x3de4d40b0
  Set: 2 Way: 1 Address: 0x2ee369090
  Set: 2 Way: 2 Address: 0x2b2e93090
  Set: 2 Way: 3 Address: 0x6e6200a8
  Set: 2 Way: 4 Address: 0x22272f0a8
  Set: 2 Way: 5 Address: 0x1b0f15088
  Set: 2 Way: 6 Address: 0x3232f3088
  Set: 2 Way: 7 Address: 0x276ff7080
  Set: 2 Way: 8 Address: 0x354d350a8
  Set: 2 Way: 9 Address: 0x1fd41209a
  Set: 2 Way: 10 Address: 0xc67da098
  Set: 2 Way: 11 Address: 0x2cc9bd094
  Set: 3 Way: 0 Address: 0x1d89da0e8
  Set: 3 Way: 1 Address: 0x354d350de
  Set: 3 Way: 2 Address: 0x276ff70e8
  Set: 3 Way: 3 Address: 0xc67da0cf
  Set: 3 Way: 4 Address: 0x3d747d0f8
  Set: 3 Way: 5 Address: 0x2aa42c0f8
  Set: 4 Way: 0 Address: 0x354d35108
  Set: 4 Way: 1 Address: 0x276ff713c
  Set: 4 Way: 2 Address: 0xc2e83114
  Set: 4 Way: 3 Address: 0x8754a110
  Set: 4 Way: 4 Address: 0x358da7110
  Set: 4 Way: 5 Address: 0x116e01112
  Set: 4 Way: 6 Address: 0xbba93124
  Set: 4 Way: 7 Address: 0xcf094124
  Set: 4 Way: 8 Address: 0x260091138
  Set: 4 Way: 9 Address: 0x1fd412112
  Set: 4 Way: 10 Address: 0x32f48c118
  Set: 4 Way: 11 Address: 0x101c26114
  Set: 5 Way: 0 Address: 0x276ff7140
  Set: 5 Way: 1 Address: 0x354d35172
  Set: 5 Way: 2 Address: 0x1666814f
  Set: 5 Way: 3 Address: 0x27d4c614f
  Set: 5 Way: 4 Address: 0x17e36414f
  Set: 5 Way: 5 Address: 0x3317f414f
  Set: 5 Way: 6 Address: 0x1609ff155
  Set: 5 Way: 7 Address: 0x321ff9155
  Set: 5 Way: 8 Address: 0x2d95e158
  Set: 5 Way: 9 Address: 0x1954d158
  Set: 6 Way: 0 Address: 0x276ff7190
  Set: 6 Way: 1 Address: 0x354d35184
  Set: 7 Way: 0 Address: 0x5588d1e0
  Set: 7 Way: 1 Address: 0x276ff71e4
  Set: 7 Way: 2 Address: 0x394edb1e8
  Set: 7 Way: 3 Address: 0x354d351f2
  Set: 8 Way: 0 Address: 0x394edb230
  Set: 8 Way: 1 Address: 0x276ff723c
  Set: 8 Way: 2 Address: 0xc67da212
  Set: 8 Way: 3 Address: 0x32f48c212
  Set: 8 Way: 4 Address: 0x192bc6210
  Set: 8 Way: 5 Address: 0x354d3523a
  Set: 8 Way: 6 Address: 0x2c077e210
  Set: 8 Way: 7 Address: 0x3bdb2212
  Set: 8 Way: 8 Address: 0x6b744212
  Set: 8 Way: 9 Address: 0x34a873238
  Set: 8 Way: 10 Address: 0x27d4c6210
  Set: 8 Way: 11 Address: 0x168ef0238
  Set: 9 Way: 0 Address: 0x394edb278
  Set: 9 Way: 1 Address: 0x276ff7240
  Set: 9 Way: 2 Address: 0x354d3527a
  Set: 9 Way: 3 Address: 0x3bdb2265
  Set: 9 Way: 4 Address: 0x27d4c6269
  Set: 9 Way: 5 Address: 0xbba93265
  Set: 10 Way: 0 Address: 0x394edb290
  Set: 10 Way: 1 Address: 0x276ff7290
  Set: 10 Way: 2 Address: 0x354d352b8
  Set: 10 Way: 3 Address: 0x2600912b0
  Set: 10 Way: 4 Address: 0x32f48c2b0
  Set: 11 Way: 0 Address: 0x394edb2e8
  Set: 11 Way: 1 Address: 0x276ff72c8
  Set: 11 Way: 2 Address: 0x354d352f2
  Set: 11 Way: 3 Address: 0x1b2ef82f8
  Set: 11 Way: 4 Address: 0x99c752f8
  Set: 12 Way: 0 Address: 0x354d3532f
  Set: 12 Way: 1 Address: 0x276ff7314
  Set: 12 Way: 2 Address: 0x394edb310
  Set: 13 Way: 0 Address: 0x354d35364
  Set: 13 Way: 1 Address: 0x276ff7340
  Set: 13 Way: 2 Address: 0x108ede340
  Set: 13 Way: 3 Address: 0xa3a5234a
  Set: 13 Way: 4 Address: 0x299395340
  Set: 13 Way: 5 Address: 0x3704c7340
  Set: 13 Way: 6 Address: 0x394edb340
  Set: 14 Way: 0 Address: 0x276ff7380
  Set: 14 Way: 1 Address: 0x354d35390
  Set: 14 Way: 2 Address: 0xa3a52385
  Set: 14 Way: 3 Address: 0x3704c7385
  Set: 14 Way: 4 Address: 0x13ed038a
  Set: 15 Way: 0 Address: 0x276ff73c0
  Set: 15 Way: 1 Address: 0x354d353f6
  Set: 15 Way: 2 Address: 0x3567df3f0
  Set: 15 Way: 3 Address: 0x3fe583f0
  Set: 15 Way: 4 Address: 0x13ed03ca
  Set: 15 Way: 5 Address: 0x23a6123ca
  Set: 15 Way: 6 Address: 0xa3a523c0
  Set: 16 Way: 0 Address: 0x1c084e412
  Set: 16 Way: 1 Address: 0x276ff7400
  Set: 16 Way: 2 Address: 0x2fa0c9425
  Set: 16 Way: 3 Address: 0x354d3541c
  Set: 16 Way: 4 Address: 0xc67da438
  Set: 16 Way: 5 Address: 0x267bcc425
  Set: 16 Way: 6 Address: 0x1fd412428
  Set: 16 Way: 7 Address: 0x2113410
  Set: 16 Way: 8 Address: 0x23cb40410
  Set: 16 Way: 9 Address: 0x34fc64425
  Set: 17 Way: 0 Address: 0x354d3547c
  Set: 17 Way: 1 Address: 0x34a873450
  Set: 17 Way: 2 Address: 0x260091450
  Set: 17 Way: 3 Address: 0x32f48c450
  Set: 17 Way: 4 Address: 0x276ff7470
  Set: 17 Way: 5 Address: 0x2fbe9744f
  Set: 17 Way: 6 Address: 0x168ef0465
  Set: 18 Way: 0 Address: 0x354d354a6
  Set: 18 Way: 1 Address: 0x276ff74a4
  Set: 18 Way: 2 Address: 0x192bc6496
  Set: 18 Way: 3 Address: 0x2c077e490
  Set: 18 Way: 4 Address: 0x27d4c6490
  Set: 19 Way: 0 Address: 0x354d354d3
  Set: 19 Way: 1 Address: 0x2725854f8
  Set: 19 Way: 2 Address: 0x34a0e54f8
  Set: 19 Way: 3 Address: 0x276ff74c4
  Set: 20 Way: 0 Address: 0xa601500
  Set: 20 Way: 1 Address: 0x354d35506
  Set: 20 Way: 2 Address: 0x1b2ef8500
  Set: 20 Way: 3 Address: 0x62d12508
  Set: 20 Way: 4 Address: 0x1ae2cc520
  Set: 20 Way: 5 Address: 0xb84a9520
  Set: 20 Way: 6 Address: 0x276ff7512
  Set: 20 Way: 7 Address: 0x3fe58528
  Set: 20 Way: 8 Address: 0x8754a528
  Set: 20 Way: 9 Address: 0x2cd70c538
  Set: 20 Way: 10 Address: 0x7b479538
  Set: 20 Way: 11 Address: 0x21962e525
  Set: 21 Way: 0 Address: 0x276ff755e
  Set: 21 Way: 1 Address: 0x354d35540
  Set: 21 Way: 2 Address: 0x4dd9c55a
  Set: 21 Way: 3 Address: 0x3ab465558
  Set: 21 Way: 4 Address: 0x1b87f9558
  Set: 21 Way: 5 Address: 0x6b744576
  Set: 21 Way: 6 Address: 0x181c81564
  Set: 21 Way: 7 Address: 0x27d4c6560
  Set: 21 Way: 8 Address: 0x2760e8578
  Set: 21 Way: 9 Address: 0x16a859568
  Set: 21 Way: 10 Address: 0xa601578
  Set: 21 Way: 11 Address: 0x2c077e560
  Set: 22 Way: 0 Address: 0x16390f580
  Set: 22 Way: 1 Address: 0x354d355a4
  Set: 22 Way: 2 Address: 0x276ff7588
  Set: 22 Way: 3 Address: 0x2c077e5a5
  Set: 22 Way: 4 Address: 0x1954d5b8
  Set: 22 Way: 5 Address: 0x3bdb258f
  Set: 22 Way: 6 Address: 0x2efecd5b8
  Set: 22 Way: 7 Address: 0x28f0cc588
  Set: 22 Way: 8 Address: 0x5d6e958f
  Set: 22 Way: 9 Address: 0x4dd9c58f
  Set: 22 Way: 10 Address: 0x1d68a558f
  Set: 22 Way: 11 Address: 0x192bc658f
  Set: 23 Way: 0 Address: 0x1ab445d8
  Set: 23 Way: 1 Address: 0x3b08035d0
  Set: 23 Way: 2 Address: 0x276ff75ce
  Set: 23 Way: 3 Address: 0x354d355ee
  Set: 23 Way: 4 Address: 0xd78d35f0
  Set: 23 Way: 5 Address: 0x1aa7b65f0
  Set: 24 Way: 0 Address: 0x354d3562c
  Set: 24 Way: 1 Address: 0x276ff7612
  Set: 24 Way: 2 Address: 0x17e364625
  Set: 25 Way: 0 Address: 0x354d35660
  Set: 25 Way: 1 Address: 0xc67da675
  Set: 25 Way: 2 Address: 0x276ff7678
  Set: 25 Way: 3 Address: 0x2c077e66a
  Set: 25 Way: 4 Address: 0x27d4c666a
  Set: 25 Way: 5 Address: 0x34e4a2664
  Set: 25 Way: 6 Address: 0x31be12664
  Set: 26 Way: 0 Address: 0x309887690
  Set: 26 Way: 1 Address: 0x354d35680
  Set: 26 Way: 2 Address: 0x276ff76ac
  Set: 26 Way: 3 Address: 0x5d6e96b6
  Set: 26 Way: 4 Address: 0x192bc6696
  Set: 26 Way: 5 Address: 0x2c077e6a6
  Set: 26 Way: 6 Address: 0x24e60a698
  Set: 26 Way: 7 Address: 0x183ea6698
  Set: 26 Way: 8 Address: 0x37ba226b8
  Set: 26 Way: 9 Address: 0x3857be6b8
  Set: 27 Way: 0 Address: 0x12c6fc6e8
  Set: 27 Way: 1 Address: 0x276ff76d6
  Set: 27 Way: 2 Address: 0x57be56f8
  Set: 27 Way: 3 Address: 0xdb22d6f8
  Set: 27 Way: 4 Address: 0x36889b6c0
  Set: 27 Way: 5 Address: 0x354d356c0
  Set: 28 Way: 0 Address: 0x354d35718
  Set: 28 Way: 1 Address: 0x394edb71a
  Set: 28 Way: 2 Address: 0x276ff7716
  Set: 28 Way: 3 Address: 0xb84a9700
  Set: 28 Way: 4 Address: 0x32502c700
  Set: 28 Way: 5 Address: 0x1aa7b6708
  Set: 28 Way: 6 Address: 0x157dab708
  Set: 29 Way: 0 Address: 0x394edb760
  Set: 29 Way: 1 Address: 0x342b40778
  Set: 29 Way: 2 Address: 0x276ff7746
  Set: 29 Way: 3 Address: 0x28f0cc770
  Set: 29 Way: 4 Address: 0x348de2770
  Set: 29 Way: 5 Address: 0x27ae47745
  Set: 29 Way: 6 Address: 0x3704c7748
  Set: 29 Way: 7 Address: 0x23a612748
  Set: 30 Way: 0 Address: 0x394edb7a0
  Set: 30 Way: 1 Address: 0x276ff7796
  Set: 30 Way: 2 Address: 0x23cb40798
  Set: 30 Way: 3 Address: 0x24e60a798
  Set: 31 Way: 0 Address: 0x28b67e7f8
  Set: 31 Way: 1 Address: 0x3c56b37f8
  Set: 31 Way: 2 Address: 0x1299347f0
  Set: 31 Way: 3 Address: 0x848967c8
  Set: 31 Way: 4 Address: 0x276ff77de
  Set: 31 Way: 5 Address: 0x3704c77c5
  Set: 31 Way: 6 Address: 0x23a6127c5
  Set: 32 Way: 0 Address: 0xe51bd820
  Set: 32 Way: 1 Address: 0x57be5820
  Set: 32 Way: 2 Address: 0x276ff781e
  Set: 32 Way: 3 Address: 0x348de2818
  Set: 32 Way: 4 Address: 0x2cd70c818
  Set: 32 Way: 5 Address: 0x3d6456821
  Set: 32 Way: 6 Address: 0x2f0403821
  Set: 32 Way: 7 Address: 0x168ef0822
  Set: 32 Way: 8 Address: 0x32f48c812
  Set: 33 Way: 0 Address: 0x32f48c850
  Set: 33 Way: 1 Address: 0x276ff785c
  Set: 34 Way: 0 Address: 0x34a873890
  Set: 34 Way: 1 Address: 0x276ff7884
  Set: 34 Way: 2 Address: 0x168ef0890
  Set: 34 Way: 3 Address: 0x6b7448ba
  Set: 34 Way: 4 Address: 0x3bdb28b0
  Set: 34 Way: 5 Address: 0x32f48c892
  Set: 34 Way: 6 Address: 0x31be128b0
  Set: 34 Way: 7 Address: 0xc67da8ba
  Set: 34 Way: 8 Address: 0x260091892
  Set: 35 Way: 0 Address: 0x1c84e28f8
  Set: 35 Way: 1 Address: 0x1995f28f8
  Set: 35 Way: 2 Address: 0x276ff78de
  Set: 36 Way: 0 Address: 0x276ff7906
  Set: 36 Way: 1 Address: 0x3232f3900
  Set: 36 Way: 2 Address: 0xcf83b900
  Set: 36 Way: 3 Address: 0x2aa42c900
  Set: 36 Way: 4 Address: 0x3ab465900
  Set: 36 Way: 5 Address: 0x1b87f9918
  Set: 36 Way: 6 Address: 0x2113918
  Set: 37 Way: 0 Address: 0x276ff7970
  Set: 37 Way: 1 Address: 0x27d4c694f
  Set: 37 Way: 2 Address: 0x7b479960
  Set: 37 Way: 3 Address: 0xd78d3960
  Set: 37 Way: 4 Address: 0x31be12969
  Set: 37 Way: 5 Address: 0x2c077e969
  Set: 38 Way: 0 Address: 0x276ff799c
  Set: 38 Way: 1 Address: 0x2c077e9b9
  Set: 38 Way: 2 Address: 0x27d4c69b1
  Set: 39 Way: 0 Address: 0x276ff79f6
  Set: 40 Way: 0 Address: 0x2f5d8ea38
  Set: 40 Way: 1 Address: 0x276ff7a20
  Set: 40 Way: 2 Address: 0x34a873a39
  Set: 41 Way: 0 Address: 0xee86fa48
  Set: 41 Way: 1 Address: 0x3c1074a40
  Set: 41 Way: 2 Address: 0x276ff7a4a
  Set: 41 Way: 3 Address: 0x31be12a69
  Set: 41 Way: 4 Address: 0xad430a65
  Set: 42 Way: 0 Address: 0x276ff7a80
  Set: 42 Way: 1 Address: 0x394edbab0
  Set: 42 Way: 2 Address: 0x5d6e9a8f
  Set: 42 Way: 3 Address: 0x183ea6aa0
  Set: 42 Way: 4 Address: 0x2760e8aa0
  Set: 42 Way: 5 Address: 0x32f48ca90
  Set: 42 Way: 6 Address: 0x1fd412a9a
  Set: 42 Way: 7 Address: 0xc67daa9a
  Set: 42 Way: 8 Address: 0x260091a90
  Set: 43 Way: 0 Address: 0x276ff7ad4
  Set: 43 Way: 1 Address: 0x394edbafc
  Set: 44 Way: 0 Address: 0x276ff7b1e
  Set: 44 Way: 1 Address: 0x394edbb38
  Set: 44 Way: 2 Address: 0x99c75b00
  Set: 44 Way: 3 Address: 0x2d95eb00
  Set: 45 Way: 0 Address: 0x276ff7b4a
  Set: 45 Way: 1 Address: 0x43736b50
  Set: 45 Way: 2 Address: 0x211d16b50
  Set: 45 Way: 3 Address: 0x23a612b48
  Set: 45 Way: 4 Address: 0x394edbb62
  Set: 45 Way: 5 Address: 0xa3a52b48
  Set: 46 Way: 0 Address: 0x276ff7b94
  Set: 46 Way: 1 Address: 0x3704c7b85
  Set: 46 Way: 2 Address: 0x394edbb8e
  Set: 46 Way: 3 Address: 0x13ed0b88
  Set: 46 Way: 4 Address: 0x2efecdb80
  Set: 46 Way: 5 Address: 0x37ba22b80
  Set: 47 Way: 0 Address: 0xf6e81bc8
  Set: 47 Way: 1 Address: 0x1064c2bc8
  Set: 47 Way: 2 Address: 0x394edbbea
  Set: 47 Way: 3 Address: 0x276ff7bfc
  Set: 47 Way: 4 Address: 0x84896bf8
  Set: 47 Way: 5 Address: 0x112417bf8
  Set: 48 Way: 0 Address: 0xf6e81c00
  Set: 48 Way: 1 Address: 0x276ff7c28
  Set: 48 Way: 2 Address: 0x394edbc10
  Set: 48 Way: 3 Address: 0x157dabc18
  Set: 48 Way: 4 Address: 0x3d747dc18
  Set: 48 Way: 5 Address: 0x379d39c20
  Set: 49 Way: 0 Address: 0x276ff7c7e
  Set: 49 Way: 1 Address: 0x394edbc4a
  Set: 50 Way: 0 Address: 0x276ff7cb6
  Set: 50 Way: 1 Address: 0x394edbcb4
  Set: 50 Way: 2 Address: 0x3f4019c92
  Set: 50 Way: 3 Address: 0x379d39c92
  Set: 51 Way: 0 Address: 0x27d4c6cd7
  Set: 51 Way: 1 Address: 0x257713cf8
  Set: 51 Way: 2 Address: 0x312099cf8
  Set: 51 Way: 3 Address: 0x2c8749cf0
  Set: 51 Way: 4 Address: 0x8a579cd7
  Set: 51 Way: 5 Address: 0x394edbcc4
  Set: 51 Way: 6 Address: 0x18db7acd7
  Set: 51 Way: 7 Address: 0x34a873cdb
  Set: 51 Way: 8 Address: 0x1fe66ecd3
  Set: 51 Way: 9 Address: 0x276ff7cf8
  Set: 52 Way: 0 Address: 0x23756fd18
  Set: 52 Way: 1 Address: 0x2c8749d30
  Set: 52 Way: 2 Address: 0x28a940d30
  Set: 52 Way: 3 Address: 0x19c791d00
  Set: 52 Way: 4 Address: 0x276ff7d34
  Set: 52 Way: 5 Address: 0x28420bd10
  Set: 52 Way: 6 Address: 0x394edbd0e
  Set: 52 Way: 7 Address: 0x37f426d38
  Set: 52 Way: 8 Address: 0x190973d38
  Set: 52 Way: 9 Address: 0x1f8ce0d20
  Set: 52 Way: 10 Address: 0x379d39d20
  Set: 53 Way: 0 Address: 0x276ff7d6a
  Set: 53 Way: 1 Address: 0x394edbd6a
  Set: 53 Way: 2 Address: 0x3b57e0d70
  Set: 53 Way: 3 Address: 0x187c8dd70
  Set: 53 Way: 4 Address: 0x2db378d40
  Set: 53 Way: 5 Address: 0x37f426d40
  Set: 53 Way: 6 Address: 0xb77acd50
  Set: 53 Way: 7 Address: 0x1f8ce0d50
  Set: 53 Way: 8 Address: 0x3bcc0dd50
  Set: 53 Way: 9 Address: 0x2ff2a1d50
  Set: 53 Way: 10 Address: 0x1e568bd68
  Set: 53 Way: 11 Address: 0x2f8e1cd68
  Set: 54 Way: 0 Address: 0x276ff7da4
  Set: 54 Way: 1 Address: 0x28420bd98
  Set: 54 Way: 2 Address: 0x1132fad98
  Set: 54 Way: 3 Address: 0x394edbdbc
  Set: 55 Way: 0 Address: 0x394edbdf4
  Set: 55 Way: 1 Address: 0x276ff7de8
  Set: 55 Way: 2 Address: 0x181c81de7
  Set: 55 Way: 3 Address: 0x1b7ae6df8
  Set: 55 Way: 4 Address: 0x2db378df8
  Set: 56 Way: 0 Address: 0x276ff7e3a
  Set: 56 Way: 1 Address: 0x394edbe24
  Set: 56 Way: 2 Address: 0x3bcc0de18
  Set: 56 Way: 3 Address: 0x696d6e18
  Set: 57 Way: 0 Address: 0x276ff7e48
  Set: 57 Way: 1 Address: 0x394edbe54
  Set: 57 Way: 2 Address: 0x379d39e74
  Set: 57 Way: 3 Address: 0x1132fae68
  Set: 57 Way: 4 Address: 0x1c6532e68
  Set: 57 Way: 5 Address: 0x3112a3e40
  Set: 57 Way: 6 Address: 0x3b57e0e40
  Set: 57 Way: 7 Address: 0x187c8de50
  Set: 57 Way: 8 Address: 0x29ab70e50
  Set: 58 Way: 0 Address: 0x394edbea0
  Set: 58 Way: 1 Address: 0x2f8e1ce90
  Set: 58 Way: 2 Address: 0x3112a3e90
  Set: 58 Way: 3 Address: 0x379d39e80
  Set: 58 Way: 4 Address: 0x3f4019e9a
  Set: 59 Way: 0 Address: 0x276ff7ee6
  Set: 59 Way: 1 Address: 0x394edbef4
  Set: 59 Way: 2 Address: 0x696d6ef0
  Set: 59 Way: 3 Address: 0x2dee5eef0
  Set: 59 Way: 4 Address: 0x1bdd18ee8
  Set: 59 Way: 5 Address: 0x1e568bee8
  Set: 60 Way: 0 Address: 0x3dae66f3c
  Set: 60 Way: 1 Address: 0x394edbf08
  Set: 60 Way: 2 Address: 0x276ff7f3e
  Set: 60 Way: 3 Address: 0x23756ff18
  Set: 60 Way: 4 Address: 0x257713f18
  Set: 60 Way: 5 Address: 0x379d39f00
  Set: 61 Way: 0 Address: 0x3dae66f40
  Set: 61 Way: 1 Address: 0x394edbf5c
  Set: 61 Way: 2 Address: 0x276ff7f6e
  Set: 61 Way: 3 Address: 0x1e561af49
  Set: 61 Way: 4 Address: 0x2dee5ef68
  Set: 61 Way: 5 Address: 0x1bdd18f68
  Set: 61 Way: 6 Address: 0x6637ff41
  Set: 61 Way: 7 Address: 0x18db7af41
  Set: 62 Way: 0 Address: 0x394edbfb0
  Set: 62 Way: 1 Address: 0x276ff7f90
  Set: 62 Way: 2 Address: 0x379d39f80
  Set: 63 Way: 0 Address: 0x43736ff8
  Set: 63 Way: 1 Address: 0x3dae66fec
  Set: 63 Way: 2 Address: 0x394edbffc
  Set: 63 Way: 3 Address: 0x276ff7fe2
EndCache
Cache: cpu0_ITLB
  Set: 1 Way: 0 Address: 0x4113c1
  Set: 2 Way: 0 Address: 0x4122c0
  Set: 2 Way: 1 Address: 0x402c78
  Set: 5 Way: 0 Address: 0x415f60
  Set: 6 Way: 0 Address: 0x416201
  Set: 8 Way: 0 Address: 0x408f00
  Set: 9 Way: 0 Address: 0x40976b
  Set: 11 Way: 0 Address: 0x40be20
  Set: 12 Way: 0 Address: 0x40c050
  Set: 13 Way: 0 Address: 0x41deb0
  Set: 13 Way: 1 Address: 0x40d19f
  Set: 14 Way: 0 Address: 0x40ef41
  Set: 15 Way: 0 Address: 0x40f101
EndCache
Cache: cpu0_DTLB
  Set: 0 Way: 0 Address: 0x7806e8
  Set: 0 Way: 1 Address: 0x520004
  Set: 0 Way: 2 Address: 0x7fda975a0850
  Set: 0 Way: 3 Address: 0x7fda97770114
  Set: 1 Way: 0 Address: 0x7fda976a1059
  Set: 1 Way: 1 Address: 0x7fda976b1014
  Set: 1 Way: 2 Address: 0x7fda976e1112
  Set: 2 Way: 0 Address: 0x7fda975d2055
  Set: 2 Way: 1 Address: 0x7fda975a2055
  Set: 2 Way: 2 Address: 0x7fda9762255a
  Set: 2 Way: 3 Address: 0x7fda97682425
  Set: 3 Way: 0 Address: 0x7fda976a3050
  Set: 3 Way: 1 Address: 0x7fda975a3cd7
  Set: 3 Way: 2 Address: 0x7fda976f3124
  Set: 3 Way: 3 Address: 0x7fda9772358f
  Set: 4 Way: 0 Address: 0x7fda976a45a5
  Set: 4 Way: 1 Address: 0x7fda97704021
  Set: 4 Way: 2 Address: 0x7fda975a4696
  Set: 4 Way: 3 Address: 0x7fda97754054
  Set: 5 Way: 0 Address: 0x7fda976a56b6
  Set: 6 Way: 0 Address: 0x7fda975a6675
  Set: 7 Way: 0 Address: 0x7fffd6147df4
  Set: 7 Way: 1 Address: 0x7fda976d7054
  Set: 7 Way: 2 Address: 0x7fda976a7020
  Set: 7 Way: 3 Address: 0x7fda976b7094
  Set: 8 Way: 0 Address: 0x7fffd6148c7e
  Set: 8 Way: 1 Address: 0x7fda976a8210
  Set: 8 Way: 2 Address: 0x7fda975a858f
  Set: 8 Way: 3 Address: 0x7fda975c8525
  Set: 9 Way: 0 Address: 0x7fffd6149680
  Set: 9 Way: 1 Address: 0x18f91e0
  Set: 9 Way: 2 Address: 0x779778
  Set: 9 Way: 3 Address: 0x7fda976a95a5
  Set: 10 Way: 0 Address: 0x7fda975aab48
  Set: 10 Way: 1 Address: 0x7fda975ca745
  Set: 11 Way: 0 Address: 0x7fda976ab3ca
  Set: 11 Way: 1 Address: 0x7fda9762b340
  Set: 12 Way: 0 Address: 0x7fda975ac385
  Set: 12 Way: 1 Address: 0x7fda9772c340
  Set: 13 Way: 0 Address: 0x7fda976adb85
  Set: 13 Way: 1 Address: 0x7fda975adc92
  Set: 13 Way: 2 Address: 0x7fda975edd50
  Set: 13 Way: 3 Address: 0x7fda975ddf41
  Set: 14 Way: 0 Address: 0x18fe690
  Set: 14 Way: 1 Address: 0x7fda976aee9a
  Set: 14 Way: 2 Address: 0x7fda976bef41
  Set: 14 Way: 3 Address: 0x7fda9759e238
  Set: 15 Way: 0 Address: 0x51ff40
  Set: 15 Way: 1 Address: 0x7fda9769f822
  Set: 15 Way: 2 Address: 0x197f6c0
  Set: 15 Way: 3 Address: 0x7fda976af014
EndCache
Cache: LLC
  Set: 0 Way: 0 Address: 0x6e620010
  Set: 2 Way: 0 Address: 0x6e6200a8
  Set: 16 Way: 0 Address: 0x23cb40410
  Set: 29 Way: 0 Address: 0x342b40778
  Set: 30 Way: 0 Address: 0x23cb40798
  Set: 52 Way: 0 Address: 0x28a940d30
  Set: 52 Way: 1 Address: 0x1f8ce0d20
  Set: 53 Way: 0 Address: 0x1f8ce0d50
  Set: 53 Way: 1 Address: 0x3b57e0d70
  Set: 57 Way: 0 Address: 0x3b57e0e40
  Set: 64 Way: 0 Address: 0x2a4841002
  Set: 65 Way: 0 Address: 0x2a4841044
  Set: 66 Way: 0 Address: 0x2a4841082
  Set: 67 Way: 0 Address: 0x2a48410c6
  Set: 68 Way: 0 Address: 0x2a4841101
  Set: 68 Way: 1 Address: 0x116e01112
  Set: 69 Way: 0 Address: 0x2a4841141
  Set: 70 Way: 0 Address: 0x2a4841180
  Set: 71 Way: 0 Address: 0x2a48411f0
  Set: 72 Way: 0 Address: 0x2a4841201
  Set: 73 Way: 0 Address: 0x2a4841240
  Set: 74 Way: 0 Address: 0x2a4841284
  Set: 75 Way: 0 Address: 0x2a48412fb
  Set: 76 Way: 0 Address: 0x2a4841301
  Set: 78 Way: 0 Address: 0x2a48413a4
  Set: 80 Way: 0 Address: 0x2a4841400
  Set: 81 Way: 0 Address: 0x2a4841447
  Set: 82 Way: 0 Address: 0x2a4841482
  Set: 83 Way: 0 Address: 0x2a48414c0
  Set: 84 Way: 0 Address: 0x2a4841500
  Set: 84 Way: 1 Address: 0xa601500
  Set: 85 Way: 0 Address: 0x2a4841548
  Set: 85 Way: 1 Address: 0x181c81564
  Set: 85 Way: 2 Address: 0xa601578
  Set: 86 Way: 0 Address: 0x2a48415ae
  Set: 87 Way: 0 Address: 0x2a48415c0
  Set: 88 Way: 0 Address: 0x2a4841606
  Set: 96 Way: 0 Address: 0x2a4841810
  Set: 97 Way: 0 Address: 0x2a4841841
  Set: 98 Way: 0 Address: 0x2a4841880
  Set: 99 Way: 0 Address: 0x2a48418f5
  Set: 100 Way: 0 Address: 0x2a4841902
  Set: 101 Way: 0 Address: 0x2a4841942
  Set: 102 Way: 0 Address: 0x2a48419ad
  Set: 103 Way: 0 Address: 0x2a48419c0
  Set: 104 Way: 0 Address: 0x2a4841a02
  Set: 108 Way: 0 Address: 0x2a4841b2d
  Set: 111 Way: 0 Address: 0xf6e81bc8
  Set: 112 Way: 0 Address: 0xf6e81c00
  Set: 114 Way: 0 Address: 0x2a4841c80
  Set: 117 Way: 0 Address: 0x2ff2a1d50
  Set: 119 Way: 0 Address: 0x2a4841de0
  Set: 119 Way: 1 Address: 0x181c81de7
  Set: 120 Way: 0 Address: 0x2a4841e00
  Set: 128 Way: 0 Address: 0x2ea382021
  Set: 129 Way: 0 Address: 0x1c84e2048
  Set: 136 Way: 0 Address: 0x34e4a2210
  Set: 153 Way: 0 Address: 0x34e4a2664
  Set: 154 Way: 0 Address: 0x37ba226b8
  Set: 157 Way: 0 Address: 0x348de2770
  Set: 160 Way: 0 Address: 0x348de2818
  Set: 163 Way: 0 Address: 0x1c84e28f8
  Set: 174 Way: 0 Address: 0x37ba22b80
  Set: 175 Way: 0 Address: 0x1064c2bc8
  Set: 196 Way: 0 Address: 0xc2e83114
  Set: 215 Way: 0 Address: 0x3b08035d0
  Set: 224 Way: 0 Address: 0x2f0403821
  Set: 249 Way: 0 Address: 0x3112a3e40
  Set: 250 Way: 0 Address: 0x3112a3e90
  Set: 257 Way: 0 Address: 0x6b744052
  Set: 261 Way: 0 Address: 0x17e36414f
  Set: 264 Way: 0 Address: 0x6b744212
  Set: 272 Way: 0 Address: 0x34fc64425
  Set: 277 Way: 0 Address: 0x6b744576
  Set: 278 Way: 0 Address: 0x6b7445a5
  Set: 279 Way: 0 Address: 0x1ab445d8
  Set: 280 Way: 0 Address: 0x17e364625
  Set: 290 Way: 0 Address: 0x6b7448ba
  Set: 320 Way: 0 Address: 0x272585010
  Set: 339 Way: 0 Address: 0x2725854f8
  Set: 339 Way: 1 Address: 0x34a0e54f8
  Set: 340 Way: 0 Address: 0x34a0e5508
  Set: 341 Way: 0 Address: 0x3ab465558
  Set: 342 Way: 0 Address: 0x1d68a558f
  Set: 347 Way: 0 Address: 0x57be56f8
  Set: 352 Way: 0 Address: 0x57be5820
  Set: 356 Way: 0 Address: 0x3ab465900
  Set: 384 Way: 0 Address: 0x3d87a6021
  Set: 384 Way: 1 Address: 0x247006021
  Set: 384 Way: 2 Address: 0x101c26014
  Set: 384 Way: 3 Address: 0x192bc6010
  Set: 388 Way: 0 Address: 0x101c26114
  Set: 389 Way: 0 Address: 0x27d4c614f
  Set: 392 Way: 0 Address: 0x192bc6210
  Set: 392 Way: 1 Address: 0x27d4c6210
  Set: 393 Way: 0 Address: 0x27d4c6269
  Set: 393 Way: 1 Address: 0x192bc6240
  Set: 402 Way: 0 Address: 0x192bc6496
  Set: 402 Way: 1 Address: 0x27d4c6490
  Set: 405 Way: 0 Address: 0x27d4c6560
  Set: 406 Way: 0 Address: 0x192bc658f
  Set: 409 Way: 0 Address: 0x27d4c666a
  Set: 410 Way: 0 Address: 0x192bc6696
  Set: 410 Way: 1 Address: 0x183ea6698
  Set: 421 Way: 0 Address: 0x27d4c694f
  Set: 422 Way: 0 Address: 0x27d4c69b1
  Set: 426 Way: 0 Address: 0x183ea6aa0
  Set: 435 Way: 0 Address: 0x27d4c6cd7
  Set: 436 Way: 0 Address: 0x37f426d38
  Set: 437 Way: 0 Address: 0x1b7ae6d60
  Set: 437 Way: 1 Address: 0x37f426d40
  Set: 439 Way: 0 Address: 0x1b7ae6df8
  Set: 444 Way: 0 Address: 0x3dae66f3c
  Set: 445 Way: 0 Address: 0x3dae66f40
  Set: 447 Way: 0 Address: 0x3dae66fc8
  Set: 449 Way: 0 Address: 0xbeea7078
  Set: 452 Way: 0 Address: 0x358da7110
  Set: 461 Way: 0 Address: 0x3704c7340
  Set: 462 Way: 0 Address: 0x3704c7385
  Set: 470 Way: 0 Address: 0x358da7588
  Set: 474 Way: 0 Address: 0x309887694
  Set: 477 Way: 0 Address: 0x27ae47745
  Set: 477 Way: 1 Address: 0x3704c7748
  Set: 479 Way: 0 Address: 0x3704c77c5
  Set: 494 Way: 0 Address: 0x3704c7b85
  Set: 517 Way: 0 Address: 0x1666814f
  Set: 533 Way: 0 Address: 0x2760e8578
  Set: 554 Way: 0 Address: 0x2760e8aa0
  Set: 577 Way: 0 Address: 0x2ee369068
  Set: 578 Way: 0 Address: 0x2ee369090
  Set: 584 Way: 0 Address: 0x5d6e9210
  Set: 592 Way: 0 Address: 0x2fa0c9425
  Set: 596 Way: 0 Address: 0xb84a9520
  Set: 598 Way: 0 Address: 0x5d6e958f
  Set: 599 Way: 0 Address: 0x5d6e95c0
  Set: 602 Way: 0 Address: 0x5d6e96b6
  Set: 604 Way: 0 Address: 0xb84a9700
  Set: 618 Way: 0 Address: 0x5d6e9a8f
  Set: 627 Way: 0 Address: 0x2c8749cf0
  Set: 628 Way: 0 Address: 0x2c8749d30
  Set: 644 Way: 0 Address: 0x8754a110
  Set: 660 Way: 0 Address: 0x8754a528
  Set: 666 Way: 0 Address: 0x24e60a698
  Set: 670 Way: 0 Address: 0x24e60a798
  Set: 705 Way: 0 Address: 0xed70b054
  Set: 732 Way: 0 Address: 0x157dab708
  Set: 752 Way: 0 Address: 0x157dabc18
  Set: 756 Way: 0 Address: 0x28420bd10
  Set: 757 Way: 0 Address: 0x1e568bd68
  Set: 758 Way: 0 Address: 0x28420bd98
  Set: 763 Way: 0 Address: 0x1e568bee8
  Set: 768 Way: 0 Address: 0x32f48c011
  Set: 769 Way: 0 Address: 0x29484c058
  Set: 771 Way: 0 Address: 0x2aa42c0f8
  Set: 772 Way: 0 Address: 0x32f48c118
  Set: 776 Way: 0 Address: 0x32f48c212
  Set: 778 Way: 0 Address: 0x32f48c2b0
  Set: 784 Way: 0 Address: 0x267bcc425
  Set: 785 Way: 0 Address: 0x32f48c450
  Set: 788 Way: 0 Address: 0x1ae2cc520
  Set: 788 Way: 1 Address: 0x2cd70c538
  Set: 789 Way: 0 Address: 0x1ae2cc540
  Set: 789 Way: 1 Address: 0x32502c548
  Set: 790 Way: 0 Address: 0x28f0cc588
  Set: 796 Way: 0 Address: 0x32502c700
  Set: 797 Way: 0 Address: 0x28f0cc770
  Set: 800 Way: 0 Address: 0x2cd70c818
  Set: 800 Way: 1 Address: 0x32f48c812
  Set: 801 Way: 0 Address: 0x32f48c850
  Set: 802 Way: 0 Address: 0x32f48c892
  Set: 804 Way: 0 Address: 0x2aa42c900
  Set: 810 Way: 0 Address: 0x32f48ca90
  Set: 821 Way: 0 Address: 0xb77acd50
  Set: 833 Way: 0 Address: 0x15164d055
  Set: 837 Way: 0 Address: 0x1954d158
  Set: 839 Way: 0 Address: 0x5588d1e0
  Set: 853 Way: 0 Address: 0xdb22d568
  Set: 854 Way: 0 Address: 0x1954d5b8
  Set: 854 Way: 1 Address: 0x2efecd5b8
  Set: 859 Way: 0 Address: 0xdb22d6f8
  Set: 878 Way: 0 Address: 0x2efecdb80
  Set: 885 Way: 0 Address: 0x3bcc0dd50
  Set: 885 Way: 1 Address: 0x187c8dd70
  Set: 888 Way: 0 Address: 0x3bcc0de18
  Set: 889 Way: 0 Address: 0x187c8de50
  Set: 897 Way: 0 Address: 0x3734ee040
  Set: 897 Way: 1 Address: 0x1c084e055
  Set: 897 Way: 2 Address: 0x23730e055
  Set: 900 Way: 0 Address: 0x1c084e124
  Set: 912 Way: 0 Address: 0x1c084e412
  Set: 916 Way: 0 Address: 0x21962e525
  Set: 917 Way: 0 Address: 0x7d0ee560
  Set: 932 Way: 0 Address: 0x3734ee900
  Set: 933 Way: 0 Address: 0x3734ee940
  Set: 934 Way: 0 Address: 0x3734ee988
  Set: 936 Way: 0 Address: 0x2f5d8ea38
  Set: 936 Way: 1 Address: 0x3734eea34
  Set: 937 Way: 0 Address: 0x3734eea40
  Set: 938 Way: 0 Address: 0x3734eea87
  Set: 939 Way: 0 Address: 0x3734eead0
  Set: 944 Way: 0 Address: 0x3734eec10
  Set: 945 Way: 0 Address: 0x3734eec48
  Set: 946 Way: 0 Address: 0x3734eec80
  Set: 947 Way: 0 Address: 0x3734eecf0
  Set: 947 Way: 1 Address: 0x1fe66ecd3
  Set: 948 Way: 0 Address: 0x3734eed05
  Set: 949 Way: 0 Address: 0x3734eed43
  Set: 950 Way: 0 Address: 0x3734eed80
  Set: 951 Way: 0 Address: 0x3734eedc0
  Set: 952 Way: 0 Address: 0x3734eee00
  Set: 953 Way: 0 Address: 0x3734eee5c
  Set: 954 Way: 0 Address: 0x3734eee80
  Set: 955 Way: 0 Address: 0x3734eeee5
  Set: 956 Way: 0 Address: 0x3734eef30
  Set: 957 Way: 0 Address: 0x3734eef40
  Set: 958 Way: 0 Address: 0x3734eef80
  Set: 959 Way: 0 Address: 0x3734eefc0
  Set: 961 Way: 0 Address: 0x22272f040
  Set: 962 Way: 0 Address: 0x22272f0a8
  Set: 982 Way: 0 Address: 0x16390f580
  Set: 1001 Way: 0 Address: 0xee86fa48
  Set: 1012 Way: 0 Address: 0x23756fd18
  Set: 1020 Way: 0 Address: 0x23756ff18
  Set: 1024 Way: 0 Address: 0x168ef0019
  Set: 1032 Way: 0 Address: 0x168ef0238
  Set: 1038 Way: 0 Address: 0x13ed038a
  Set: 1039 Way: 0 Address: 0x13ed03ca
  Set: 1041 Way: 0 Address: 0x168ef0465
  Set: 1056 Way: 0 Address: 0x168ef0822
  Set: 1058 Way: 0 Address: 0x168ef0890
  Set: 1065 Way: 0 Address: 0xad430a65
  Set: 1070 Way: 0 Address: 0x13ed0b88
  Set: 1073 Way: 0 Address: 0x14bb10c78
  Set: 1075 Way: 0 Address: 0x14bb10ce0
  Set: 1076 Way: 0 Address: 0x14bb10d02
  Set: 1078 Way: 0 Address: 0x14bb10dac
  Set: 1079 Way: 0 Address: 0x14bb10dc2
  Set: 1080 Way: 0 Address: 0x14bb10e02
  Set: 1081 Way: 0 Address: 0x29ab70e50
  Set: 1081 Way: 1 Address: 0x14bb10e42
  Set: 1085 Way: 0 Address: 0x2177f0f60
  Set: 1086 Way: 0 Address: 0x2177f0f81
  Set: 1087 Way: 0 Address: 0x2177f0fc0
  Set: 1089 Way: 0 Address: 0x260091059
  Set: 1092 Way: 0 Address: 0x260091138
  Set: 1096 Way: 0 Address: 0x260091238
  Set: 1098 Way: 0 Address: 0x2600912b0
  Set: 1105 Way: 0 Address: 0x260091450
  Set: 1122 Way: 0 Address: 0x260091892
  Set: 1130 Way: 0 Address: 0x260091a90
  Set: 1140 Way: 0 Address: 0x19c791d00
  Set: 1152 Way: 0 Address: 0x133c92010
  Set: 1152 Way: 1 Address: 0x1fd412020
  Set: 1153 Way: 0 Address: 0x3bdb2050
  Set: 1154 Way: 0 Address: 0x1fd41209a
  Set: 1156 Way: 0 Address: 0x1fd412112
  Set: 1160 Way: 0 Address: 0x31be12210
  Set: 1160 Way: 1 Address: 0x3bdb2212
  Set: 1160 Way: 2 Address: 0x1fd412212
  Set: 1161 Way: 0 Address: 0x3bdb2265
  Set: 1165 Way: 0 Address: 0xa3a5234a
  Set: 1166 Way: 0 Address: 0xa3a52385
  Set: 1167 Way: 0 Address: 0x23a6123ca
  Set: 1167 Way: 1 Address: 0xa3a523c0
  Set: 1168 Way: 0 Address: 0x1fd412428
  Set: 1172 Way: 0 Address: 0x133c92518
  Set: 1172 Way: 1 Address: 0x62d12508
  Set: 1173 Way: 0 Address: 0x62d12540
  Set: 1174 Way: 0 Address: 0x3bdb258f
  Set: 1177 Way: 0 Address: 0x31be12664
  Set: 1181 Way: 0 Address: 0x23a612748
  Set: 1183 Way: 0 Address: 0x23a6127c5
  Set: 1186 Way: 0 Address: 0x3bdb28b0
  Set: 1186 Way: 1 Address: 0x31be128b0
  Set: 1187 Way: 0 Address: 0x1995f28f8
  Set: 1189 Way: 0 Address: 0x31be12969
  Set: 1193 Way: 0 Address: 0x31be12a69
  Set: 1194 Way: 0 Address: 0x1fd412a9a
  Set: 1197 Way: 0 Address: 0x23a612b48
  Set: 1197 Way: 1 Address: 0xa3a52b48
  Set: 1205 Way: 0 Address: 0x1c6532d60
  Set: 1209 Way: 0 Address: 0x1c6532e68
  Set: 1210 Way: 0 Address: 0x9cff2eb0
  Set: 1211 Way: 0 Address: 0x9cff2ee2
  Set: 1213 Way: 0 Address: 0x9cff2f70
  Set: 1214 Way: 0 Address: 0x9cff2f8c
  Set: 1215 Way: 0 Address: 0x9cff2fc1
  Set: 1216 Way: 0 Address: 0x2b2e93010
  Set: 1216 Way: 1 Address: 0x34a873028
  Set: 1218 Way: 0 Address: 0x2b2e93090
  Set: 1218 Way: 1 Address: 0x3232f3088
  Set: 1220 Way: 0 Address: 0xbba93124
  Set: 1224 Way: 0 Address: 0x34a873238
  Set: 1225 Way: 0 Address: 0xbba93265
  Set: 1232 Way: 0 Address: 0x2113410
  Set: 1233 Way: 0 Address: 0x34a873450
  Set: 1239 Way: 0 Address: 0xd78d35f0
  Set: 1247 Way: 0 Address: 0x3c56b37f8
  Set: 1250 Way: 0 Address: 0x34a873890
  Set: 1252 Way: 0 Address: 0x3232f3900
  Set: 1252 Way: 1 Address: 0x2113918
  Set: 1253 Way: 0 Address: 0xd78d3960
  Set: 1256 Way: 0 Address: 0x34a873a39
  Set: 1267 Way: 0 Address: 0x257713cf8
  Set: 1267 Way: 1 Address: 0x34a873cdb
  Set: 1268 Way: 0 Address: 0x190973d38
  Set: 1276 Way: 0 Address: 0x257713f18
  Set: 1281 Way: 0 Address: 0x3de4d4060
  Set: 1281 Way: 1 Address: 0x397bb4060
  Set: 1282 Way: 0 Address: 0x3de4d40b0
  Set: 1284 Way: 0 Address: 0xcf094124
  Set: 1285 Way: 0 Address: 0x3317f414f
  Set: 1311 Way: 0 Address: 0x1299347f0
  Set: 1321 Way: 0 Address: 0x3c1074a40
  Set: 1344 Way: 0 Address: 0x195f15000
  Set: 1344 Way: 1 Address: 0x354d3502a
  Set: 1345 Way: 0 Address: 0x1b0f15070
  Set: 1345 Way: 1 Address: 0x354d3506c
  Set: 1346 Way: 0 Address: 0x1b0f15088
  Set: 1346 Way: 1 Address: 0x354d350a8
  Set: 1347 Way: 0 Address: 0x354d350de
  Set: 1348 Way: 0 Address: 0x354d35108
  Set: 1349 Way: 0 Address: 0x354d35172
  Set: 1350 Way: 0 Address: 0x354d35184
  Set: 1351 Way: 0 Address: 0x354d351f2
  Set: 1352 Way: 0 Address: 0x354d3523a
  Set: 1353 Way: 0 Address: 0x354d3527a
  Set: 1354 Way: 0 Address: 0x354d352b8
  Set: 1355 Way: 0 Address: 0x354d352f2
  Set: 1355 Way: 1 Address: 0x99c752f8
  Set: 1356 Way: 0 Address: 0x354d3532f
  Set: 1357 Way: 0 Address: 0x354d35364
  Set: 1357 Way: 1 Address: 0x299395340
  Set: 1358 Way: 0 Address: 0x354d35390
  Set: 1359 Way: 0 Address: 0x354d353f6
  Set: 1360 Way: 0 Address: 0x354d3541c
  Set: 1361 Way: 0 Address: 0x354d3547c
  Set: 1362 Way: 0 Address: 0x354d354a6
  Set: 1363 Way: 0 Address: 0x354d354d3
  Set: 1364 Way: 0 Address: 0x354d35506
  Set: 1365 Way: 0 Address: 0x354d35540
  Set: 1366 Way: 0 Address: 0x354d355a4
  Set: 1367 Way: 0 Address: 0x354d355ee
  Set: 1368 Way: 0 Address: 0x354d35628
  Set: 1369 Way: 0 Address: 0x354d35660
  Set: 1370 Way: 0 Address: 0x354d356a4
  Set: 1371 Way: 0 Address: 0x354d356c0
  Set: 1372 Way: 0 Address: 0x354d35718
  Set: 1388 Way: 0 Address: 0x99c75b00
  Set: 1408 Way: 0 Address: 0x3d6456014
  Set: 1431 Way: 0 Address: 0x1aa7b65f0
  Set: 1436 Way: 0 Address: 0x1aa7b6708
  Set: 1439 Way: 0 Address: 0x848967c8
  Set: 1440 Way: 0 Address: 0x3d6456821
  Set: 1453 Way: 0 Address: 0x43736b50
  Set: 1453 Way: 1 Address: 0x211d16b50
  Set: 1455 Way: 0 Address: 0x84896bf8
  Set: 1464 Way: 0 Address: 0x696d6e18
  Set: 1467 Way: 0 Address: 0x696d6ef0
  Set: 1471 Way: 0 Address: 0x43736ff8
  Set: 1472 Way: 0 Address: 0x276ff7008
  Set: 1473 Way: 0 Address: 0x276ff7078
  Set: 1473 Way: 1 Address: 0x12c07704f
  Set: 1474 Way: 0 Address: 0x276ff7080
  Set: 1475 Way: 0 Address: 0x276ff70e8
  Set: 1476 Way: 0 Address: 0x276ff713c
  Set: 1477 Way: 0 Address: 0x276ff7140
  Set: 1478 Way: 0 Address: 0x276ff7190
  Set: 1479 Way: 0 Address: 0x276ff71e4
  Set: 1480 Way: 0 Address: 0x276ff723c
  Set: 1481 Way: 0 Address: 0x276ff7240
  Set: 1482 Way: 0 Address: 0x276ff7290
  Set: 1483 Way: 0 Address: 0x276ff72c0
  Set: 1484 Way: 0 Address: 0x276ff7314
  Set: 1485 Way: 0 Address: 0x276ff7340
  Set: 1486 Way: 0 Address: 0x276ff7380
  Set: 1487 Way: 0 Address: 0x276ff73c0
  Set: 1488 Way: 0 Address: 0x276ff7400
  Set: 1489 Way: 0 Address: 0x276ff7470
  Set: 1489 Way: 1 Address: 0x2fbe9744f
  Set: 1490 Way: 0 Address: 0x276ff74a4
  Set: 1491 Way: 0 Address: 0x276ff74c4
  Set: 1492 Way: 0 Address: 0x276ff7512
  Set: 1493 Way: 0 Address: 0x276ff755e
  Set: 1494 Way: 0 Address: 0x276ff7588
  Set: 1495 Way: 0 Address: 0x276ff75ce
  Set: 1496 Way: 0 Address: 0x276ff7612
  Set: 1497 Way: 0 Address: 0x276ff764c
  Set: 1498 Way: 0 Address: 0x276ff76ac
  Set: 1499 Way: 0 Address: 0x276ff76d6
  Set: 1500 Way: 0 Address: 0x276ff7716
  Set: 1501 Way: 0 Address: 0x276ff7746
  Set: 1502 Way: 0 Address: 0x276ff7796
  Set: 1503 Way: 0 Address: 0x276ff77de
  Set: 1504 Way: 0 Address: 0x276ff781e
  Set: 1505 Way: 0 Address: 0x276ff785c
  Set: 1506 Way: 0 Address: 0x276ff78ac
  Set: 1507 Way: 0 Address: 0x276ff78de
  Set: 1508 Way: 0 Address: 0x276ff7906
  Set: 1509 Way: 0 Address: 0x276ff7970
  Set: 1510 Way: 0 Address: 0x276ff7998
  Set: 1511 Way: 0 Address: 0x276ff79f6
  Set: 1512 Way: 0 Address: 0x276ff7a20
  Set: 1513 Way: 0 Address: 0x276ff7a4a
  Set: 1514 Way: 0 Address: 0x276ff7aa8
  Set: 1515 Way: 0 Address: 0x276ff7ad4
  Set: 1516 Way: 0 Address: 0x276ff7b1e
  Set: 1517 Way: 0 Address: 0x276ff7b46
  Set: 1518 Way: 0 Address: 0x276ff7b90
  Set: 1519 Way: 0 Address: 0x276ff7bfc
  Set: 1519 Way: 1 Address: 0x112417bf8
  Set: 1520 Way: 0 Address: 0x276ff7c28
  Set: 1521 Way: 0 Address: 0x276ff7c7e
  Set: 1522 Way: 0 Address: 0x276ff7cb6
  Set: 1523 Way: 0 Address: 0x276ff7cf8
  Set: 1524 Way: 0 Address: 0x276ff7d34
  Set: 1525 Way: 0 Address: 0x276ff7d6a
  Set: 1526 Way: 0 Address: 0x276ff7da4
  Set: 1527 Way: 0 Address: 0x276ff7de8
  Set: 1528 Way: 0 Address: 0x276ff7e3a
  Set: 1529 Way: 0 Address: 0x276ff7e48
  Set: 1531 Way: 0 Address: 0x276ff7ee6
  Set: 1532 Way: 0 Address: 0x276ff7f3e
  Set: 1533 Way: 0 Address: 0x276ff7f6e
  Set: 1534 Way: 0 Address: 0x276ff7f90
  Set: 1535 Way: 0 Address: 0x276ff7fe2
  Set: 1536 Way: 0 Address: 0x201598018
  Set: 1536 Way: 1 Address: 0x3bdd78001
  Set: 1537 Way: 0 Address: 0x3bdd78044
  Set: 1538 Way: 0 Address: 0x3bdd78080
  Set: 1539 Way: 0 Address: 0x3bdd780f0
  Set: 1540 Way: 0 Address: 0x3bdd78101
  Set: 1541 Way: 0 Address: 0x3bdd78140
  Set: 1542 Way: 0 Address: 0x3bdd78180
  Set: 1543 Way: 0 Address: 0x3bdd781c0
  Set: 1544 Way: 0 Address: 0x3bdd78205
  Set: 1545 Way: 0 Address: 0x3bdd78264
  Set: 1547 Way: 0 Address: 0x1b2ef82f8
  Set: 1551 Way: 0 Address: 0x3fe583f0
  Set: 1556 Way: 0 Address: 0x3fe58528
  Set: 1556 Way: 1 Address: 0x1b2ef8500
  Set: 1559 Way: 0 Address: 0xc70785c0
  Set: 1560 Way: 0 Address: 0xc7078604
  Set: 1561 Way: 0 Address: 0xc7078660
  Set: 1562 Way: 0 Address: 0xc7078680
  Set: 1562 Way: 1 Address: 0x3bdd786b0
  Set: 1563 Way: 0 Address: 0xc70786c1
  Set: 1563 Way: 1 Address: 0x3bdd786c3
  Set: 1564 Way: 0 Address: 0xc7078721
  Set: 1564 Way: 1 Address: 0x3bdd78704
  Set: 1565 Way: 0 Address: 0x3bdd78740
  Set: 1565 Way: 1 Address: 0xc7078740
  Set: 1566 Way: 0 Address: 0xc7078781
  Set: 1566 Way: 1 Address: 0x3bdd78781
  Set: 1567 Way: 0 Address: 0xc70787c0
  Set: 1568 Way: 0 Address: 0xc7078806
  Set: 1569 Way: 0 Address: 0xc7078845
  Set: 1570 Way: 0 Address: 0xc7078882
  Set: 1571 Way: 0 Address: 0xc70788c1
  Set: 1572 Way: 0 Address: 0xc7078900
  Set: 1573 Way: 0 Address: 0xc7078951
  Set: 1574 Way: 0 Address: 0xc7078980
  Set: 1575 Way: 0 Address: 0xc70789e1
  Set: 1576 Way: 0 Address: 0xc7078a05
  Set: 1577 Way: 0 Address: 0xc7078a40
  Set: 1578 Way: 0 Address: 0xc7078a89
  Set: 1579 Way: 0 Address: 0xc7078ae0
  Set: 1580 Way: 0 Address: 0xc7078b01
  Set: 1581 Way: 0 Address: 0xc7078b43
  Set: 1582 Way: 0 Address: 0xc7078b82
  Set: 1583 Way: 0 Address: 0xc7078bc5
  Set: 1584 Way: 0 Address: 0xc7078c08
  Set: 1585 Way: 0 Address: 0xc7078c70
  Set: 1586 Way: 0 Address: 0xc7078c86
  Set: 1587 Way: 0 Address: 0xc7078cc4
  Set: 1588 Way: 0 Address: 0xc7078d00
  Set: 1589 Way: 0 Address: 0xc7078d7a
  Set: 1589 Way: 1 Address: 0x2db378d40
  Set: 1590 Way: 0 Address: 0xc7078d90
  Set: 1591 Way: 0 Address: 0xc7078dc1
  Set: 1591 Way: 1 Address: 0x2db378df8
  Set: 1592 Way: 0 Address: 0xc7078e20
  Set: 1595 Way: 0 Address: 0x1bdd18ee8
  Set: 1596 Way: 0 Address: 0x2c9898f30
  Set: 1597 Way: 0 Address: 0x2c9898f41
  Set: 1597 Way: 1 Address: 0x1bdd18f68
  Set: 1598 Way: 0 Address: 0x2c9898f80
  Set: 1599 Way: 0 Address: 0x2c9898fc0
  Set: 1605 Way: 0 Address: 0x321ff9155
  Set: 1616 Way: 0 Address: 0x292959400
  Set: 1617 Way: 0 Address: 0x292959440
  Set: 1618 Way: 0 Address: 0x292959486
  Set: 1619 Way: 0 Address: 0x2929594c2
  Set: 1620 Way: 0 Address: 0x292959504
  Set: 1620 Way: 1 Address: 0x7b479538
  Set: 1621 Way: 0 Address: 0x292959540
  Set: 1621 Way: 1 Address: 0x16a859568
  Set: 1621 Way: 2 Address: 0x1b87f9558
  Set: 1622 Way: 0 Address: 0x292959585
  Set: 1623 Way: 0 Address: 0x2929595c2
  Set: 1624 Way: 0 Address: 0x292959603
  Set: 1625 Way: 0 Address: 0x292959640
  Set: 1626 Way: 0 Address: 0x292959683
  Set: 1627 Way: 0 Address: 0x2929596dd
  Set: 1628 Way: 0 Address: 0x292959700
  Set: 1629 Way: 0 Address: 0x292959746
  Set: 1630 Way: 0 Address: 0x292959785
  Set: 1636 Way: 0 Address: 0x1b87f9918
  Set: 1637 Way: 0 Address: 0x7b479960
  Set: 1648 Way: 0 Address: 0x379d39c20
  Set: 1649 Way: 0 Address: 0x379d39c40
  Set: 1650 Way: 0 Address: 0x3f4019c92
  Set: 1650 Way: 1 Address: 0x379d39c92
  Set: 1651 Way: 0 Address: 0x312099cf8
  Set: 1651 Way: 1 Address: 0x8a579cd7
  Set: 1652 Way: 0 Address: 0x379d39d20
  Set: 1653 Way: 0 Address: 0x379d39d40
  Set: 1655 Way: 0 Address: 0x292959df0
  Set: 1656 Way: 0 Address: 0x292959e01
  Set: 1657 Way: 0 Address: 0x379d39e74
  Set: 1657 Way: 1 Address: 0x292959e41
  Set: 1658 Way: 0 Address: 0x379d39e80
  Set: 1658 Way: 1 Address: 0x3f4019e9a
  Set: 1658 Way: 2 Address: 0x292959e83
  Set: 1659 Way: 0 Address: 0x292959ee5
  Set: 1660 Way: 0 Address: 0x379d39f00
  Set: 1662 Way: 0 Address: 0x379d39f80
  Set: 1665 Way: 0 Address: 0x223eda060
  Set: 1665 Way: 1 Address: 0x24243a054
  Set: 1666 Way: 0 Address: 0xc67da098
  Set: 1667 Way: 0 Address: 0x1d89da0e8
  Set: 1667 Way: 1 Address: 0xc67da0cf
  Set: 1672 Way: 0 Address: 0xc67da212
  Set: 1680 Way: 0 Address: 0xc67da438
  Set: 1689 Way: 0 Address: 0xc67da675
  Set: 1698 Way: 0 Address: 0xc67da8ba
  Set: 1706 Way: 0 Address: 0xc67daa9a
  Set: 1715 Way: 0 Address: 0x18db7acd7
  Set: 1718 Way: 0 Address: 0x1132fad98
  Set: 1721 Way: 0 Address: 0x1132fae68
  Set: 1725 Way: 0 Address: 0x1e561af49
  Set: 1725 Way: 1 Address: 0x18db7af41
  Set: 1735 Way: 0 Address: 0x394edb1e8
  Set: 1736 Way: 0 Address: 0x394edb238
  Set: 1737 Way: 0 Address: 0x394edb278
  Set: 1738 Way: 0 Address: 0x394edb290
  Set: 1739 Way: 0 Address: 0x394edb2c0
  Set: 1740 Way: 0 Address: 0x394edb304
  Set: 1741 Way: 0 Address: 0xc0d9b350
  Set: 1741 Way: 1 Address: 0x394edb340
  Set: 1742 Way: 0 Address: 0xc0d9b385
  Set: 1743 Way: 0 Address: 0xc0d9b3c1
  Set: 1744 Way: 0 Address: 0xc0d9b401
  Set: 1745 Way: 0 Address: 0xc0d9b444
  Set: 1746 Way: 0 Address: 0xc0d9b486
  Set: 1755 Way: 0 Address: 0x36889b6c0
  Set: 1756 Way: 0 Address: 0x394edb71a
  Set: 1757 Way: 0 Address: 0x394edb760
  Set: 1758 Way: 0 Address: 0x394edb7a0
  Set: 1764 Way: 0 Address: 0xcf83b900
  Set: 1770 Way: 0 Address: 0x394edbab0
  Set: 1771 Way: 0 Address: 0x394edbafc
  Set: 1772 Way: 0 Address: 0x394edbb38
  Set: 1773 Way: 0 Address: 0x394edbb62
  Set: 1774 Way: 0 Address: 0x394edbb8e
  Set: 1775 Way: 0 Address: 0x394edbbe8
  Set: 1776 Way: 0 Address: 0x394edbc12
  Set: 1777 Way: 0 Address: 0x394edbc4a
  Set: 1778 Way: 0 Address: 0x394edbcb4
  Set: 1779 Way: 0 Address: 0xc0d9bcd0
  Set: 1779 Way: 1 Address: 0x394edbcc4
  Set: 1780 Way: 0 Address: 0xc0d9bd03
  Set: 1780 Way: 1 Address: 0x394edbd0e
  Set: 1781 Way: 0 Address: 0x394edbd6a
  Set: 1782 Way: 0 Address: 0x394edbdbc
  Set: 1783 Way: 0 Address: 0x394edbdf8
  Set: 1784 Way: 0 Address: 0x394edbe24
  Set: 1785 Way: 0 Address: 0x394edbe54
  Set: 1786 Way: 0 Address: 0x394edbea0
  Set: 1787 Way: 0 Address: 0x394edbeec
  Set: 1787 Way: 1 Address: 0x3b377bee0
  Set: 1788 Way: 0 Address: 0x394edbf08
  Set: 1788 Way: 1 Address: 0x3b377bf00
  Set: 1789 Way: 0 Address: 0x394edbf5c
  Set: 1790 Way: 0 Address: 0x394edbfb0
  Set: 1791 Way: 0 Address: 0x394edbffc
  Set: 1792 Way: 0 Address: 0xdf85c000
  Set: 1792 Way: 1 Address: 0x38e35c03a
  Set: 1794 Way: 0 Address: 0x38e35c0b0
  Set: 1795 Way: 0 Address: 0x38e35c0c1
  Set: 1796 Way: 0 Address: 0x38e35c103
  Set: 1797 Way: 0 Address: 0x38e35c145
  Set: 1798 Way: 0 Address: 0x38e35c182
  Set: 1813 Way: 0 Address: 0x4dd9c55a
  Set: 1814 Way: 0 Address: 0x4dd9c58f
  Set: 1815 Way: 0 Address: 0x4dd9c5c0
  Set: 1819 Way: 0 Address: 0x12c6fc6e8
  Set: 1845 Way: 0 Address: 0x2f8e1cd68
  Set: 1850 Way: 0 Address: 0x2f8e1ce90
  Set: 1858 Way: 0 Address: 0x2cc9bd094
  Set: 1859 Way: 0 Address: 0x3d747d0f8
  Set: 1867 Way: 0 Address: 0x1add2c0
  Set: 1877 Way: 0 Address: 0xe51bd548
  Set: 1888 Way: 0 Address: 0xe51bd820
  Set: 1904 Way: 0 Address: 0x3d747dc18
  Set: 1920 Way: 0 Address: 0x28b67e000
  Set: 1920 Way: 1 Address: 0x1f919e010
  Set: 1920 Way: 2 Address: 0x20597e004
  Set: 1921 Way: 0 Address: 0x1f919e060
  Set: 1921 Way: 1 Address: 0x2db79e040
  Set: 1921 Way: 2 Address: 0xd209e055
  Set: 1925 Way: 0 Address: 0x2d95e158
  Set: 1928 Way: 0 Address: 0x2c077e210
  Set: 1933 Way: 0 Address: 0x108ede340
  Set: 1938 Way: 0 Address: 0x2c077e490
  Set: 1941 Way: 0 Address: 0x2c077e560
  Set: 1942 Way: 0 Address: 0x2c077e5a5
  Set: 1945 Way: 0 Address: 0x2c077e66a
  Set: 1946 Way: 0 Address: 0x2c077e6a6
  Set: 1946 Way: 1 Address: 0x3857be6b8
  Set: 1951 Way: 0 Address: 0x28b67e7f8
  Set: 1957 Way: 0 Address: 0x2c077e969
  Set: 1958 Way: 0 Address: 0x2c077e9b9
  Set: 1964 Way: 0 Address: 0x2d95eb00
  Set: 1979 Way: 0 Address: 0x2dee5eef0
  Set: 1981 Way: 0 Address: 0x2dee5ef68
  Set: 1989 Way: 0 Address: 0x1609ff155
  Set: 1999 Way: 0 Address: 0x3567df3f0
  Set: 2005 Way: 0 Address: 0x3567df570
  Set: 2045 Way: 0 Address: 0x6637ff41
EndCache
