Cache: cpu0_STLB
  Set: 0 Way: 0 Address: 0x7806e8
  Set: 2 Way: 0 Address: 0x402c78
  Set: 4 Way: 0 Address: 0x7fda97704060
  Set: 8 Way: 0 Address: 0x408f00
  Set: 9 Way: 0 Address: 0x409400
  Set: 11 Way: 0 Address: 0x40bae0
  Set: 12 Way: 0 Address: 0x40cf20
  Set: 13 Way: 0 Address: 0x40d0b0
  Set: 14 Way: 0 Address: 0x40ef30
  Set: 15 Way: 0 Address: 0x40f6b0
  Set: 17 Way: 0 Address: 0x411cd0
  Set: 18 Way: 0 Address: 0x4122c0
  Set: 21 Way: 0 Address: 0x415f60
  Set: 22 Way: 0 Address: 0x4164e4
  Set: 29 Way: 0 Address: 0x41deb0
  Set: 30 Way: 0 Address: 0x7fda9759ea72
  Set: 31 Way: 0 Address: 0x51ff20
  Set: 31 Way: 1 Address: 0x7fda9769fa22
  Set: 31 Way: 2 Address: 0x7fda9759fa76
  Set: 31 Way: 3 Address: 0x7fda9761f026
  Set: 32 Way: 0 Address: 0x7fda975a04a4
  Set: 32 Way: 1 Address: 0x7fda976a0479
  Set: 32 Way: 2 Address: 0x520000
  Set: 32 Way: 3 Address: 0x7fda97720166
  Set: 33 Way: 0 Address: 0x7fda976a14a4
  Set: 34 Way: 0 Address: 0x7fda975a2099
  Set: 34 Way: 1 Address: 0x7fda97622610
  Set: 35 Way: 0 Address: 0x7fda975a36cf
  Set: 35 Way: 1 Address: 0x7fda976a3299
  Set: 36 Way: 0 Address: 0x7fda976a4571
  Set: 36 Way: 1 Address: 0x7fda975a45cf
  Set: 37 Way: 0 Address: 0x7fda976a55cf
  Set: 38 Way: 0 Address: 0x7fda975a60b4
  Set: 39 Way: 0 Address: 0x7fda975a7052
  Set: 39 Way: 1 Address: 0x7fda976a7922
  Set: 40 Way: 0 Address: 0x7fda975a8890
  Set: 40 Way: 1 Address: 0x7fda976a8450
  Set: 41 Way: 0 Address: 0x7fda976a96b0
  Set: 42 Way: 0 Address: 0x7fda975aa3c8
  Set: 43 Way: 0 Address: 0x7fda9762b3c9
  Set: 43 Way: 1 Address: 0x7fda9772b746
  Set: 44 Way: 0 Address: 0x7fda975acb48
  Set: 44 Way: 1 Address: 0x7fda976ac7c0
  Set: 44 Way: 2 Address: 0x7fda9772c740
  Set: 45 Way: 0 Address: 0x7fda975adc5a
  Set: 45 Way: 1 Address: 0x7fda976ad342
  Set: 46 Way: 0 Address: 0x7fda976aee25
  Set: 46 Way: 1 Address: 0x7fda975ae821
  Set: 47 Way: 0 Address: 0x7fda976af824
  Set: 49 Way: 0 Address: 0x7fda976b1014
  Set: 52 Way: 0 Address: 0x7fda975b4dd3
  Set: 52 Way: 1 Address: 0x7fda976b4de3
  Set: 53 Way: 0 Address: 0x7fda976b5ce3
  Set: 55 Way: 0 Address: 0x7fda975b7824
  Set: 62 Way: 0 Address: 0x7fda976befc4
  Set: 64 Way: 0 Address: 0x7fda97740025
  Set: 67 Way: 0 Address: 0x7fda975c3070
  Set: 68 Way: 0 Address: 0x7fda976c4070
  Set: 71 Way: 0 Address: 0x7fffd61472b0
  Set: 71 Way: 1 Address: 0x7fda976c7058
  Set: 72 Way: 0 Address: 0x7fffd6148872
  Set: 73 Way: 0 Address: 0x7fffd61496ac
  Set: 76 Way: 0 Address: 0x194c7a0
  Set: 78 Way: 0 Address: 0x7fda976cec71
  Set: 95 Way: 0 Address: 0x7fda976df921
  Set: 98 Way: 0 Address: 0x7fda975e2824
  Set: 99 Way: 0 Address: 0x7fda975e3024
  Set: 99 Way: 1 Address: 0x7fda976e3828
  Set: 100 Way: 0 Address: 0x7fda976e4024
  Set: 111 Way: 0 Address: 0x7fda976ef550
  Set: 114 Way: 0 Address: 0x7fda97672dd3
  Set: 121 Way: 0 Address: 0x18f91f8
  Set: 121 Way: 1 Address: 0x779778
  Set: 126 Way: 0 Address: 0x18fe690
EndCache
Cache: cpu0_L2C
  Set: 0 Way: 0 Address: 0x13ed0025
  Set: 1 Way: 0 Address: 0x6e620058
  Set: 1 Way: 1 Address: 0x168ef0064
  Set: 3 Way: 0 Address: 0x1f8ce00f8
  Set: 4 Way: 0 Address: 0x168ef0112
  Set: 9 Way: 0 Address: 0x168ef024f
  Set: 10 Way: 0 Address: 0x168ef0292
  Set: 13 Way: 0 Address: 0x342b40350
  Set: 14 Way: 0 Address: 0x342b40385
  Set: 15 Way: 0 Address: 0x342b403c1
  Set: 16 Way: 0 Address: 0x2177f0400
  Set: 16 Way: 1 Address: 0x342b40401
  Set: 17 Way: 0 Address: 0x2177f0440
  Set: 17 Way: 1 Address: 0x342b40444
  Set: 18 Way: 0 Address: 0x2177f0486
  Set: 18 Way: 1 Address: 0x342b40486
  Set: 18 Way: 2 Address: 0x168ef049a
  Set: 19 Way: 0 Address: 0x2177f04c2
  Set: 20 Way: 0 Address: 0x2177f0504
  Set: 21 Way: 0 Address: 0x2177f0540
  Set: 21 Way: 1 Address: 0x168ef0571
  Set: 22 Way: 0 Address: 0x2177f0585
  Set: 22 Way: 1 Address: 0x23cb405a8
  Set: 23 Way: 0 Address: 0x14bb105c0
  Set: 23 Way: 1 Address: 0x2177f05c2
  Set: 24 Way: 0 Address: 0x14bb10604
  Set: 24 Way: 1 Address: 0x2177f0603
  Set: 25 Way: 0 Address: 0x14bb10642
  Set: 25 Way: 1 Address: 0x2177f0640
  Set: 25 Way: 2 Address: 0x168ef064f
  Set: 26 Way: 0 Address: 0x2177f0683
  Set: 26 Way: 1 Address: 0x14bb10680
  Set: 27 Way: 0 Address: 0x14bb106c1
  Set: 27 Way: 1 Address: 0x2177f06c6
  Set: 27 Way: 2 Address: 0x168ef06cf
  Set: 28 Way: 0 Address: 0x14bb10721
  Set: 28 Way: 1 Address: 0x2177f0700
  Set: 28 Way: 2 Address: 0x1f8ce0718
  Set: 29 Way: 0 Address: 0x14bb10740
  Set: 29 Way: 1 Address: 0x2177f0746
  Set: 30 Way: 0 Address: 0x14bb10781
  Set: 30 Way: 1 Address: 0x2177f078d
  Set: 31 Way: 0 Address: 0x14bb107c0
  Set: 32 Way: 0 Address: 0x14bb10806
  Set: 33 Way: 0 Address: 0x14bb10845
  Set: 34 Way: 0 Address: 0x168ef0890
  Set: 34 Way: 1 Address: 0x14bb10882
  Set: 35 Way: 0 Address: 0x14bb108c1
  Set: 37 Way: 0 Address: 0x14bb10951
  Set: 38 Way: 0 Address: 0x14bb10980
  Set: 39 Way: 0 Address: 0x14bb109e1
  Set: 40 Way: 0 Address: 0x14bb10a05
  Set: 42 Way: 0 Address: 0x14bb10a89
  Set: 43 Way: 0 Address: 0x14bb10ae0
  Set: 44 Way: 0 Address: 0x14bb10b01
  Set: 45 Way: 0 Address: 0x14bb10b43
  Set: 46 Way: 0 Address: 0x14bb10b82
  Set: 47 Way: 0 Address: 0x14bb10bc5
  Set: 48 Way: 0 Address: 0x14bb10c08
  Set: 49 Way: 0 Address: 0x14bb10c70
  Set: 50 Way: 0 Address: 0x14bb10cb0
  Set: 51 Way: 0 Address: 0x14bb10cc4
  Set: 51 Way: 1 Address: 0x342b40cd0
  Set: 52 Way: 0 Address: 0x14bb10d00
  Set: 52 Way: 1 Address: 0x342b40d03
  Set: 52 Way: 2 Address: 0x28a940d38
  Set: 53 Way: 0 Address: 0x14bb10d7a
  Set: 54 Way: 0 Address: 0x14bb10d83
  Set: 55 Way: 0 Address: 0x2177f0df0
  Set: 55 Way: 1 Address: 0x14bb10dc1
  Set: 55 Way: 2 Address: 0x168ef0ddb
  Set: 56 Way: 0 Address: 0x2177f0e01
  Set: 56 Way: 1 Address: 0x14bb10e20
  Set: 56 Way: 2 Address: 0x28a940e18
  Set: 59 Way: 0 Address: 0x168ef0ef7
  Set: 64 Way: 0 Address: 0x181c81032
  Set: 65 Way: 0 Address: 0x2a4841040
  Set: 75 Way: 0 Address: 0xf6e812c0
  Set: 80 Way: 0 Address: 0x181c81432
  Set: 81 Way: 0 Address: 0x260091479
  Set: 81 Way: 1 Address: 0x181c81456
  Set: 82 Way: 0 Address: 0x181c814a4
  Set: 85 Way: 0 Address: 0x181c81550
  Set: 86 Way: 0 Address: 0x2600915a9
  Set: 96 Way: 0 Address: 0x2ff2a1824
  Set: 97 Way: 0 Address: 0x260091875
  Set: 98 Way: 0 Address: 0x181c818a5
  Set: 100 Way: 0 Address: 0x2a4841900
  Set: 101 Way: 0 Address: 0x2a4841940
  Set: 102 Way: 0 Address: 0x2a4841988
  Set: 104 Way: 0 Address: 0x2a4841a34
  Set: 105 Way: 0 Address: 0x2a4841a40
  Set: 105 Way: 1 Address: 0x260091a76
  Set: 106 Way: 0 Address: 0x2a4841aac
  Set: 107 Way: 0 Address: 0x2a4841ac1
  Set: 112 Way: 0 Address: 0x2a4841c10
  Set: 113 Way: 0 Address: 0x2a4841c48
  Set: 114 Way: 0 Address: 0x2a4841c80
  Set: 115 Way: 0 Address: 0x2a4841cc0
  Set: 116 Way: 0 Address: 0x2a4841d30
  Set: 116 Way: 1 Address: 0x19c791d38
  Set: 117 Way: 0 Address: 0x2a4841d43
  Set: 117 Way: 1 Address: 0x19c791d50
  Set: 118 Way: 0 Address: 0x2a4841d80
  Set: 119 Way: 0 Address: 0x2a4841dc0
  Set: 119 Way: 1 Address: 0x181c81df7
  Set: 119 Way: 2 Address: 0x260091deb
  Set: 119 Way: 3 Address: 0x116e01dd3
  Set: 120 Way: 0 Address: 0x2a4841e00
  Set: 121 Way: 0 Address: 0x2a4841e46
  Set: 122 Way: 0 Address: 0x2a4841e80
  Set: 123 Way: 0 Address: 0x2a4841ee5
  Set: 124 Way: 0 Address: 0x2a4841f20
  Set: 125 Way: 0 Address: 0x2a4841f40
  Set: 126 Way: 0 Address: 0x2a4841f80
  Set: 127 Way: 0 Address: 0x2a4841fc0
  Set: 128 Way: 0 Address: 0x9cff2002
  Set: 128 Way: 1 Address: 0x31be12024
  Set: 128 Way: 2 Address: 0x1fd412018
  Set: 129 Way: 0 Address: 0x9cff2044
  Set: 129 Way: 1 Address: 0x1fd41205a
  Set: 130 Way: 0 Address: 0x1064c2088
  Set: 130 Way: 1 Address: 0x9cff2082
  Set: 130 Way: 2 Address: 0x34e4a2099
  Set: 130 Way: 3 Address: 0x1fd4120b4
  Set: 131 Way: 0 Address: 0x9cff20c6
  Set: 132 Way: 0 Address: 0x9cff2101
  Set: 132 Way: 1 Address: 0x34e4a2124
  Set: 133 Way: 0 Address: 0x9cff2141
  Set: 134 Way: 0 Address: 0x9cff2180
  Set: 134 Way: 1 Address: 0x34e4a21b6
  Set: 135 Way: 0 Address: 0x9cff21c2
  Set: 136 Way: 0 Address: 0x9cff2201
  Set: 136 Way: 1 Address: 0x1fd412210
  Set: 137 Way: 0 Address: 0x9cff2240
  Set: 138 Way: 0 Address: 0x9cff2284
  Set: 139 Way: 0 Address: 0x9cff22fb
  Set: 140 Way: 0 Address: 0x9cff2301
  Set: 141 Way: 0 Address: 0x3bdb2342
  Set: 142 Way: 0 Address: 0x9cff23a4
  Set: 144 Way: 0 Address: 0x9cff2400
  Set: 145 Way: 0 Address: 0x9cff2460
  Set: 146 Way: 0 Address: 0x9cff2482
  Set: 147 Way: 0 Address: 0x9cff24e4
  Set: 148 Way: 0 Address: 0x9cff2503
  Set: 148 Way: 1 Address: 0x62d12500
  Set: 149 Way: 0 Address: 0x9cff2544
  Set: 149 Way: 1 Address: 0x1c6532560
  Set: 150 Way: 0 Address: 0x9cff2584
  Set: 150 Way: 1 Address: 0x1fd412599
  Set: 151 Way: 0 Address: 0x9cff25c0
  Set: 152 Way: 0 Address: 0x9cff2606
  Set: 155 Way: 0 Address: 0x348de26f8
  Set: 156 Way: 0 Address: 0x62d12720
  Set: 159 Way: 0 Address: 0x133c927f0
  Set: 159 Way: 1 Address: 0xa3a527c0
  Set: 160 Way: 0 Address: 0x9cff2810
  Set: 160 Way: 1 Address: 0x1c6532820
  Set: 160 Way: 2 Address: 0x2ea382824
  Set: 160 Way: 3 Address: 0x31be12824
  Set: 161 Way: 0 Address: 0x9cff2841
  Set: 162 Way: 0 Address: 0x9cff2880
  Set: 162 Way: 1 Address: 0x1fd412890
  Set: 164 Way: 0 Address: 0x1064c2900
  Set: 165 Way: 0 Address: 0x348de2960
  Set: 166 Way: 0 Address: 0x9cff29ad
  Set: 166 Way: 1 Address: 0x34e4a2990
  Set: 167 Way: 0 Address: 0x9cff29c0
  Set: 168 Way: 0 Address: 0x9cff2a02
  Set: 169 Way: 0 Address: 0x6d0c2a40
  Set: 169 Way: 1 Address: 0x133c92a60
  Set: 172 Way: 0 Address: 0x9cff2b2d
  Set: 173 Way: 0 Address: 0x1995f2b50
  Set: 173 Way: 1 Address: 0xa3a52b48
  Set: 174 Way: 0 Address: 0x3bdb2b85
  Set: 178 Way: 0 Address: 0x9cff2c80
  Set: 179 Way: 0 Address: 0x23a612ce3
  Set: 183 Way: 0 Address: 0x9cff2de0
  Set: 183 Way: 1 Address: 0x23a612dd3
  Set: 184 Way: 0 Address: 0x9cff2e00
  Set: 193 Way: 0 Address: 0x3c56b3068
  Set: 193 Way: 1 Address: 0x3232f3070
  Set: 193 Way: 2 Address: 0xbba93070
  Set: 194 Way: 0 Address: 0x3c56b3090
  Set: 194 Way: 1 Address: 0x3232f3088
  Set: 211 Way: 0 Address: 0x2577134f8
  Set: 212 Way: 0 Address: 0x257713508
  Set: 218 Way: 0 Address: 0x34a8736b0
  Set: 222 Way: 0 Address: 0x1909737a0
  Set: 225 Way: 0 Address: 0x34a873875
  Set: 229 Way: 0 Address: 0x34a873978
  Set: 230 Way: 0 Address: 0x34a8739b8
  Set: 239 Way: 0 Address: 0x3b0803bc8
  Set: 240 Way: 0 Address: 0x2b2e93c18
  Set: 241 Way: 0 Address: 0x2b2e93c5a
  Set: 243 Way: 0 Address: 0x2b2e93cd7
  Set: 244 Way: 0 Address: 0x2b2e93d15
  Set: 244 Way: 1 Address: 0xd78d3d20
  Set: 245 Way: 0 Address: 0x2113d70
  Set: 246 Way: 0 Address: 0x2b2e93dba
  Set: 248 Way: 0 Address: 0x2b2e93e11
  Set: 250 Way: 0 Address: 0x2b2e93ea1
  Set: 251 Way: 0 Address: 0x34a873ee7
  Set: 252 Way: 0 Address: 0xd78d3f10
  Set: 255 Way: 0 Address: 0x2b2e93fc8
  Set: 256 Way: 0 Address: 0xcf094014
  Set: 257 Way: 0 Address: 0x3de4d4060
  Set: 257 Way: 1 Address: 0x3317f4058
  Set: 257 Way: 2 Address: 0x34fc64054
  Set: 258 Way: 0 Address: 0xb8004090
  Set: 263 Way: 0 Address: 0x3c10741f8
  Set: 269 Way: 0 Address: 0x6b744342
  Set: 270 Way: 0 Address: 0x6b744385
  Set: 283 Way: 0 Address: 0x1ab446e8
  Set: 288 Way: 0 Address: 0x17e364828
  Set: 291 Way: 0 Address: 0xb80048f8
  Set: 301 Way: 0 Address: 0x6b744b48
  Set: 302 Way: 0 Address: 0x6b744b85
  Set: 307 Way: 0 Address: 0x34fc64ce3
  Set: 320 Way: 0 Address: 0x195f15000
  Set: 321 Way: 0 Address: 0x1b0f15040
  Set: 340 Way: 0 Address: 0x34a0e5520
  Set: 345 Way: 0 Address: 0x3ab465670
  Set: 352 Way: 0 Address: 0x1d68a5821
  Set: 360 Way: 0 Address: 0x3ab465a00
  Set: 371 Way: 0 Address: 0x57be5cf8
  Set: 372 Way: 0 Address: 0x354d35d00
  Set: 372 Way: 1 Address: 0x272585d18
  Set: 376 Way: 0 Address: 0x272585e18
  Set: 380 Way: 0 Address: 0x57be5f18
  Set: 384 Way: 0 Address: 0x211d16018
  Set: 384 Way: 1 Address: 0x192bc6026
  Set: 385 Way: 0 Address: 0x43736078
  Set: 385 Way: 1 Address: 0x192bc6075
  Set: 385 Way: 2 Address: 0x3d87a6064
  Set: 388 Way: 0 Address: 0x183ea6110
  Set: 389 Way: 0 Address: 0x192bc6166
  Set: 390 Way: 0 Address: 0x3d87a618f
  Set: 392 Way: 0 Address: 0x3d87a6211
  Set: 393 Way: 0 Address: 0x3d87a6260
  Set: 394 Way: 0 Address: 0x3d87a6290
  Set: 398 Way: 0 Address: 0x1aa7b6390
  Set: 400 Way: 0 Address: 0x3d87a6431
  Set: 400 Way: 1 Address: 0x247006424
  Set: 401 Way: 0 Address: 0x247006479
  Set: 401 Way: 1 Address: 0x3d87a6456
  Set: 402 Way: 0 Address: 0x3d87a64a5
  Set: 404 Way: 0 Address: 0x1b7ae6518
  Set: 405 Way: 0 Address: 0x1b7ae6560
  Set: 405 Way: 1 Address: 0x37f426568
  Set: 405 Way: 2 Address: 0x3d87a6550
  Set: 407 Way: 0 Address: 0x27d4c65d8
  Set: 407 Way: 1 Address: 0x2470065cf
  Set: 408 Way: 0 Address: 0x3d87a6629
  Set: 409 Way: 0 Address: 0x3d87a6651
  Set: 411 Way: 0 Address: 0x2470066cf
  Set: 411 Way: 1 Address: 0x3d87a66cf
  Set: 412 Way: 0 Address: 0x696d6718
  Set: 413 Way: 0 Address: 0x183ea6778
  Set: 419 Way: 0 Address: 0x2470068cf
  Set: 420 Way: 0 Address: 0x3d87a6922
  Set: 420 Way: 1 Address: 0x696d6900
  Set: 420 Way: 2 Address: 0x1aa7b6900
  Set: 421 Way: 0 Address: 0x37f426960
  Set: 421 Way: 1 Address: 0x3d87a6972
  Set: 421 Way: 2 Address: 0x247006975
  Set: 424 Way: 0 Address: 0x3d87a6a22
  Set: 425 Way: 0 Address: 0x247006a76
  Set: 436 Way: 0 Address: 0x101c26d10
  Set: 438 Way: 0 Address: 0x101c26da0
  Set: 439 Way: 0 Address: 0x192bc6deb
  Set: 439 Way: 1 Address: 0x247006de7
  Set: 442 Way: 0 Address: 0x84896eb0
  Set: 443 Way: 0 Address: 0x84896ee2
  Set: 443 Way: 1 Address: 0x247006ee7
  Set: 445 Way: 0 Address: 0x84896f70
  Set: 446 Way: 0 Address: 0x84896f83
  Set: 447 Way: 0 Address: 0x84896fc1
  Set: 448 Way: 0 Address: 0x309887016
  Set: 448 Way: 1 Address: 0x276ff7018
  Set: 448 Way: 2 Address: 0x2fbe97030
  Set: 449 Way: 0 Address: 0xbeea7040
  Set: 449 Way: 1 Address: 0x30988705a
  Set: 449 Way: 2 Address: 0x276ff704f
  Set: 450 Way: 0 Address: 0xbeea70a8
  Set: 450 Way: 1 Address: 0x309887088
  Set: 451 Way: 0 Address: 0x3098870ea
  Set: 452 Way: 0 Address: 0x309887108
  Set: 452 Way: 1 Address: 0x276ff7128
  Set: 452 Way: 2 Address: 0x2fbe97124
  Set: 453 Way: 0 Address: 0x12c077169
  Set: 453 Way: 1 Address: 0x309887142
  Set: 454 Way: 0 Address: 0x3098871b8
  Set: 454 Way: 1 Address: 0x2fbe971a6
  Set: 455 Way: 0 Address: 0x3098871d6
  Set: 456 Way: 0 Address: 0x309887222
  Set: 456 Way: 1 Address: 0x12c077231
  Set: 457 Way: 0 Address: 0x309887256
  Set: 458 Way: 0 Address: 0x309887280
  Set: 458 Way: 1 Address: 0x2fbe97299
  Set: 459 Way: 0 Address: 0x3098872f2
  Set: 460 Way: 0 Address: 0x309887322
  Set: 461 Way: 0 Address: 0x309887362
  Set: 462 Way: 0 Address: 0x3098873bc
  Set: 463 Way: 0 Address: 0x3098873e8
  Set: 464 Way: 0 Address: 0x309887432
  Set: 464 Way: 1 Address: 0x2fbe97412
  Set: 464 Way: 2 Address: 0x276ff7424
  Set: 465 Way: 0 Address: 0x30988745c
  Set: 465 Way: 1 Address: 0x276ff7456
  Set: 466 Way: 0 Address: 0x276ff74a4
  Set: 466 Way: 1 Address: 0x3098874b8
  Set: 467 Way: 0 Address: 0x3098874c8
  Set: 468 Way: 0 Address: 0x30988752c
  Set: 469 Way: 0 Address: 0x309887556
  Set: 469 Way: 1 Address: 0x358da7540
  Set: 470 Way: 0 Address: 0x309887580
  Set: 471 Way: 0 Address: 0x3098875e2
  Set: 472 Way: 0 Address: 0x309887628
  Set: 473 Way: 0 Address: 0x309887648
  Set: 474 Way: 0 Address: 0x3098876ac
  Set: 475 Way: 0 Address: 0x3098876c0
  Set: 476 Way: 0 Address: 0x309887714
  Set: 477 Way: 0 Address: 0x3704c7746
  Set: 481 Way: 0 Address: 0x276ff7875
  Set: 482 Way: 0 Address: 0x12c077890
  Set: 485 Way: 0 Address: 0x276ff7976
  Set: 486 Way: 0 Address: 0x12c0779b8
  Set: 488 Way: 0 Address: 0x12c077a10
  Set: 501 Way: 0 Address: 0x112417d40
  Set: 507 Way: 0 Address: 0x276ff7ee7
  Set: 508 Way: 0 Address: 0x112417f18
  Set: 512 Way: 0 Address: 0x201598004
  Set: 514 Way: 0 Address: 0x2015980b0
  Set: 515 Way: 0 Address: 0x2015980c1
  Set: 516 Way: 0 Address: 0x201598103
  Set: 517 Way: 0 Address: 0x201598145
  Set: 518 Way: 0 Address: 0x201598182
  Set: 527 Way: 0 Address: 0x166683c9
  Set: 532 Way: 0 Address: 0x2db378518
  Set: 533 Way: 0 Address: 0x2760e8578
  Set: 534 Way: 0 Address: 0x1aafb8580
  Set: 541 Way: 0 Address: 0x2760e8778
  Set: 552 Way: 0 Address: 0xc7078a38
  Set: 553 Way: 0 Address: 0xc7078a40
  Set: 564 Way: 0 Address: 0x3fe58d10
  Set: 565 Way: 0 Address: 0x3fe58d40
  Set: 565 Way: 1 Address: 0x1bdd18d70
  Set: 566 Way: 0 Address: 0x1bdd18db8
  Set: 572 Way: 0 Address: 0x2c9898f00
  Set: 573 Way: 0 Address: 0x3bdd78f60
  Set: 574 Way: 0 Address: 0x3bdd78f81
  Set: 575 Way: 0 Address: 0x3bdd78fc1
  Set: 576 Way: 0 Address: 0x292959012
  Set: 576 Way: 1 Address: 0x5d6e9018
  Set: 577 Way: 0 Address: 0x292959044
  Set: 577 Way: 1 Address: 0x5d6e9069
  Set: 577 Way: 2 Address: 0x2fa0c9064
  Set: 578 Way: 0 Address: 0x292959080
  Set: 578 Way: 1 Address: 0x2fa0c9090
  Set: 579 Way: 0 Address: 0x2ee3690e8
  Set: 579 Way: 1 Address: 0x2929590f0
  Set: 580 Way: 0 Address: 0x292959101
  Set: 580 Way: 1 Address: 0x2fa0c9119
  Set: 581 Way: 0 Address: 0x292959162
  Set: 582 Way: 0 Address: 0x292959180
  Set: 583 Way: 0 Address: 0x2929591c0
  Set: 584 Way: 0 Address: 0x292959205
  Set: 584 Way: 1 Address: 0x5d6e9210
  Set: 585 Way: 0 Address: 0x292959264
  Set: 592 Way: 0 Address: 0x5d6e9410
  Set: 596 Way: 0 Address: 0x312099508
  Set: 596 Way: 1 Address: 0x2c8749520
  Set: 596 Way: 2 Address: 0x8a579520
  Set: 597 Way: 0 Address: 0x312099570
  Set: 597 Way: 1 Address: 0x2c8749548
  Set: 597 Way: 2 Address: 0x8a579550
  Set: 597 Way: 3 Address: 0x2fa0c9571
  Set: 598 Way: 0 Address: 0x5d6e9595
  Set: 598 Way: 1 Address: 0x1b87f95a8
  Set: 599 Way: 0 Address: 0x8a5795cf
  Set: 599 Way: 1 Address: 0x16a8595f0
  Set: 599 Way: 2 Address: 0x2fa0c95cf
  Set: 600 Way: 0 Address: 0x8a579610
  Set: 601 Way: 0 Address: 0x2fa0c964f
  Set: 602 Way: 0 Address: 0x2929596b0
  Set: 603 Way: 0 Address: 0x2929596c3
  Set: 603 Way: 1 Address: 0x2fa0c96cf
  Set: 604 Way: 0 Address: 0x292959704
  Set: 605 Way: 0 Address: 0x292959740
  Set: 606 Way: 0 Address: 0x292959781
  Set: 608 Way: 0 Address: 0x5d6e9822
  Set: 608 Way: 1 Address: 0x3f4019824
  Set: 610 Way: 0 Address: 0x8a579890
  Set: 610 Way: 1 Address: 0x5d6e9890
  Set: 611 Way: 0 Address: 0x2ee3698f8
  Set: 612 Way: 0 Address: 0x5d6e9922
  Set: 613 Way: 0 Address: 0x16a859958
  Set: 613 Way: 1 Address: 0x8a579965
  Set: 614 Way: 0 Address: 0x5d6e9991
  Set: 614 Way: 1 Address: 0x8a57999a
  Set: 616 Way: 0 Address: 0x8a579a10
  Set: 616 Way: 1 Address: 0x1b87f9a00
  Set: 627 Way: 0 Address: 0xb84a9cf0
  Set: 627 Way: 1 Address: 0x2fa0c9cfb
  Set: 628 Way: 0 Address: 0x7b479d30
  Set: 628 Way: 1 Address: 0x379d39d14
  Set: 629 Way: 0 Address: 0xb84a9d50
  Set: 631 Way: 0 Address: 0x8a579deb
  Set: 631 Way: 1 Address: 0x2fa0c9ddb
  Set: 635 Way: 0 Address: 0x2fa0c9ef7
  Set: 636 Way: 0 Address: 0x2fa0c9f0f
  Set: 639 Way: 0 Address: 0x379d39fc4
  Set: 641 Way: 0 Address: 0xc67da070
  Set: 641 Way: 1 Address: 0x1e561a060
  Set: 641 Way: 2 Address: 0x18db7a04f
  Set: 642 Way: 0 Address: 0x1d89da0b0
  Set: 644 Way: 0 Address: 0x24e60a110
  Set: 645 Way: 0 Address: 0x1132fa158
  Set: 645 Way: 1 Address: 0x18db7a166
  Set: 660 Way: 0 Address: 0x1132fa528
  Set: 660 Way: 1 Address: 0x8754a538
  Set: 661 Way: 0 Address: 0x8754a540
  Set: 662 Way: 0 Address: 0x24e60a588
  Set: 671 Way: 0 Address: 0x223eda7f8
  Set: 704 Way: 0 Address: 0x36889b024
  Set: 718 Way: 0 Address: 0x157dab390
  Set: 725 Way: 0 Address: 0xcf83b570
  Set: 725 Way: 1 Address: 0xed70b550
  Set: 726 Way: 0 Address: 0x1e568b5a0
  Set: 728 Way: 0 Address: 0x157dab638
  Set: 737 Way: 0 Address: 0x36889b865
  Set: 740 Way: 0 Address: 0x28420b900
  Set: 753 Way: 0 Address: 0x3b377bc78
  Set: 755 Way: 0 Address: 0x3b377bce0
  Set: 756 Way: 0 Address: 0x3b377bd02
  Set: 757 Way: 0 Address: 0x394edbd68
  Set: 764 Way: 0 Address: 0xc0d9bf30
  Set: 765 Way: 0 Address: 0xc0d9bf41
  Set: 766 Way: 0 Address: 0xc0d9bf83
  Set: 767 Way: 0 Address: 0xc0d9bfc0
  Set: 768 Way: 0 Address: 0xdf85c000
  Set: 768 Way: 1 Address: 0x12c6fc018
  Set: 769 Way: 0 Address: 0x12c6fc060
  Set: 769 Way: 1 Address: 0x32f48c052
  Set: 771 Way: 0 Address: 0x2cd70c0f8
  Set: 773 Way: 0 Address: 0x32f48c16a
  Set: 773 Way: 1 Address: 0x4dd9c16a
  Set: 774 Way: 0 Address: 0x32f48c18f
  Set: 777 Way: 0 Address: 0x32f48c261
  Set: 777 Way: 1 Address: 0x4dd9c261
  Set: 781 Way: 0 Address: 0xb77ac348
  Set: 783 Way: 0 Address: 0xb77ac3c9
  Set: 785 Way: 0 Address: 0x4dd9c450
  Set: 785 Way: 1 Address: 0x32f48c450
  Set: 788 Way: 0 Address: 0x1ae2cc528
  Set: 789 Way: 0 Address: 0x32f48c568
  Set: 789 Way: 1 Address: 0x4dd9c568
  Set: 789 Way: 2 Address: 0x2f8e1c578
  Set: 792 Way: 0 Address: 0x2aa42c620
  Set: 793 Way: 0 Address: 0x2aa42c670
  Set: 795 Way: 0 Address: 0x2cd70c6f8
  Set: 796 Way: 0 Address: 0x1ae2cc720
  Set: 797 Way: 0 Address: 0xb77ac740
  Set: 800 Way: 0 Address: 0x4dd9c824
  Set: 801 Way: 0 Address: 0x32f48c850
  Set: 804 Way: 0 Address: 0x32f48c935
  Set: 804 Way: 1 Address: 0x267bcc921
  Set: 809 Way: 0 Address: 0x28f0cca60
  Set: 810 Way: 0 Address: 0x32f48caa2
  Set: 813 Way: 0 Address: 0x29484cb50
  Set: 819 Way: 0 Address: 0x32502ccf0
  Set: 821 Way: 0 Address: 0x32502cd60
  Set: 823 Way: 0 Address: 0x32f48cdeb
  Set: 828 Way: 0 Address: 0x38e35cf20
  Set: 828 Way: 1 Address: 0x32f48cf0f
  Set: 828 Way: 2 Address: 0x4dd9cf0f
  Set: 829 Way: 0 Address: 0x38e35cf40
  Set: 831 Way: 0 Address: 0x29484cff8
  Set: 831 Way: 1 Address: 0x38e35cfcc
  Set: 832 Way: 0 Address: 0x15164d000
  Set: 833 Way: 0 Address: 0x1add058
  Set: 835 Way: 0 Address: 0x1add0e8
  Set: 837 Way: 0 Address: 0xdb22d158
  Set: 869 Way: 0 Address: 0xdb22d958
  Set: 879 Way: 0 Address: 0x5588dbc8
  Set: 880 Way: 0 Address: 0x5588dc00
  Set: 883 Way: 0 Address: 0xe51bdcf8
  Set: 884 Way: 0 Address: 0x3bcc0dd30
  Set: 885 Way: 0 Address: 0xe51bdd60
  Set: 886 Way: 0 Address: 0x3bcc0dda0
  Set: 886 Way: 1 Address: 0x3d747ddb8
  Set: 892 Way: 0 Address: 0x3d747df10
  Set: 896 Way: 0 Address: 0x28b67e000
  Set: 896 Way: 1 Address: 0x1f919e010
  Set: 896 Way: 2 Address: 0x2db79e010
  Set: 896 Way: 3 Address: 0x2f5d8e010
  Set: 897 Way: 0 Address: 0x1f919e060
  Set: 897 Way: 1 Address: 0x2f5d8e040
  Set: 897 Way: 2 Address: 0x7d0ee060
  Set: 898 Way: 0 Address: 0x2db79e0a8
  Set: 898 Way: 1 Address: 0x2f5d8e0b8
  Set: 898 Way: 2 Address: 0x7d0ee098
  Set: 899 Way: 0 Address: 0x2f5d8e0c0
  Set: 900 Way: 0 Address: 0x2f5d8e100
  Set: 901 Way: 0 Address: 0x2f5d8e14c
  Set: 902 Way: 0 Address: 0x2f5d8e1b0
  Set: 902 Way: 1 Address: 0x7d0ee18f
  Set: 903 Way: 0 Address: 0x2f5d8e1d0
  Set: 904 Way: 0 Address: 0x2f5d8e204
  Set: 904 Way: 1 Address: 0x7d0ee210
  Set: 905 Way: 0 Address: 0x2f5d8e248
  Set: 905 Way: 1 Address: 0x7d0ee260
  Set: 906 Way: 0 Address: 0x2f5d8e29c
  Set: 906 Way: 1 Address: 0x7d0ee290
  Set: 907 Way: 0 Address: 0x2f5d8e2f0
  Set: 908 Way: 0 Address: 0x2f5d8e330
  Set: 909 Way: 0 Address: 0x2f5d8e344
  Set: 910 Way: 0 Address: 0x2f5d8e398
  Set: 911 Way: 0 Address: 0x2f5d8e3d4
  Set: 911 Way: 1 Address: 0x2c077e3c8
  Set: 912 Way: 0 Address: 0x2f5d8e404
  Set: 912 Way: 1 Address: 0x7d0ee418
  Set: 913 Way: 0 Address: 0x2f5d8e458
  Set: 913 Way: 1 Address: 0x7d0ee471
  Set: 914 Way: 0 Address: 0x2f5d8e4b0
  Set: 914 Way: 1 Address: 0x7d0ee4a5
  Set: 915 Way: 0 Address: 0x2f5d8e4d0
  Set: 916 Way: 0 Address: 0x2f5d8e522
  Set: 916 Way: 1 Address: 0x108ede520
  Set: 917 Way: 0 Address: 0x2f5d8e54a
  Set: 917 Way: 1 Address: 0x7d0ee550
  Set: 918 Way: 0 Address: 0x2f5d8e58e
  Set: 919 Way: 0 Address: 0x2f5d8e5fe
  Set: 919 Way: 1 Address: 0x108ede5cf
  Set: 920 Way: 0 Address: 0x2f5d8e62c
  Set: 920 Way: 1 Address: 0x7d0ee612
  Set: 920 Way: 2 Address: 0x2dee5e638
  Set: 920 Way: 3 Address: 0xd209e610
  Set: 921 Way: 0 Address: 0x2f5d8e662
  Set: 921 Way: 1 Address: 0x7d0ee651
  Set: 922 Way: 0 Address: 0x1c084e690
  Set: 922 Way: 1 Address: 0x2f5d8e68e
  Set: 923 Way: 0 Address: 0x2f5d8e6c8
  Set: 923 Way: 1 Address: 0x7d0ee6cf
  Set: 924 Way: 0 Address: 0x2f5d8e734
  Set: 925 Way: 0 Address: 0x2f5d8e75c
  Set: 926 Way: 0 Address: 0x2f5d8e786
  Set: 927 Way: 0 Address: 0x28b67e7f8
  Set: 927 Way: 1 Address: 0x2f5d8e7fa
  Set: 928 Way: 0 Address: 0x2f5d8e824
  Set: 929 Way: 0 Address: 0x2f5d8e872
  Set: 929 Way: 1 Address: 0x108ede851
  Set: 930 Way: 0 Address: 0x2f5d8e89a
  Set: 930 Way: 1 Address: 0x7d0ee8a5
  Set: 931 Way: 0 Address: 0x2f5d8e8c6
  Set: 932 Way: 0 Address: 0x2f5d8e904
  Set: 932 Way: 1 Address: 0x7d0ee93a
  Set: 933 Way: 0 Address: 0x2f5d8e976
  Set: 933 Way: 1 Address: 0x108ede965
  Set: 934 Way: 0 Address: 0x2f5d8e9ac
  Set: 934 Way: 1 Address: 0x108ede99a
  Set: 935 Way: 0 Address: 0x2f5d8e9d4
  Set: 936 Way: 0 Address: 0x2f5d8ea32
  Set: 936 Way: 1 Address: 0x7d0eea36
  Set: 936 Way: 2 Address: 0x108edea10
  Set: 937 Way: 0 Address: 0x3734eea48
  Set: 937 Way: 1 Address: 0x2f5d8ea7c
  Set: 937 Way: 2 Address: 0x7d0eea72
  Set: 938 Way: 0 Address: 0x2f5d8eaa6
  Set: 939 Way: 0 Address: 0x2f5d8ead0
  Set: 940 Way: 0 Address: 0x2f5d8eb24
  Set: 941 Way: 0 Address: 0x2f5d8eb5c
  Set: 942 Way: 0 Address: 0x2f5d8eb84
  Set: 943 Way: 0 Address: 0x2f5d8ebc2
  Set: 944 Way: 0 Address: 0x2f5d8ec0e
  Set: 944 Way: 1 Address: 0x20597ec11
  Set: 945 Way: 0 Address: 0x2f5d8ec4e
  Set: 945 Way: 1 Address: 0x20597ec72
  Set: 945 Way: 2 Address: 0x1fe66ec71
  Set: 946 Way: 0 Address: 0x2f5d8ecb6
  Set: 947 Way: 0 Address: 0x2f5d8ece6
  Set: 947 Way: 1 Address: 0x108edecf3
  Set: 948 Way: 0 Address: 0x2f5d8ed18
  Set: 949 Way: 0 Address: 0x2f5d8ed76
  Set: 950 Way: 0 Address: 0x2f5d8eda4
  Set: 950 Way: 1 Address: 0x20597edb0
  Set: 951 Way: 0 Address: 0x2f5d8edd4
  Set: 952 Way: 0 Address: 0x2f5d8ee1c
  Set: 952 Way: 1 Address: 0x20597ee25
  Set: 953 Way: 0 Address: 0x2f5d8ee44
  Set: 953 Way: 1 Address: 0x20597ee62
  Set: 954 Way: 0 Address: 0x2f5d8ee9c
  Set: 954 Way: 1 Address: 0x20597eeba
  Set: 955 Way: 0 Address: 0x2f5d8eed0
  Set: 956 Way: 0 Address: 0x2f5d8ef3e
  Set: 957 Way: 0 Address: 0x2f5d8ef7e
  Set: 958 Way: 0 Address: 0x2f5d8ef82
  Set: 959 Way: 0 Address: 0x2f5d8efea
  Set: 960 Way: 0 Address: 0x22272f010
  Set: 961 Way: 0 Address: 0x22272f048
  Set: 967 Way: 0 Address: 0x16390f1e8
  Set: 968 Way: 0 Address: 0x16390f238
  Set: 969 Way: 0 Address: 0x16390f278
  Set: 970 Way: 0 Address: 0x16390f2b0
  Set: 971 Way: 0 Address: 0x16390f2c0
  Set: 983 Way: 0 Address: 0x143ef5d0
  Set: 983 Way: 1 Address: 0x3567df5f0
  Set: 988 Way: 0 Address: 0x16390f72c
  Set: 989 Way: 0 Address: 0x23756f778
  Set: 989 Way: 1 Address: 0x16390f742
  Set: 990 Way: 0 Address: 0x16390f7a4
  Set: 991 Way: 0 Address: 0xee86f7c8
  Set: 991 Way: 1 Address: 0x16390f7e4
  Set: 992 Way: 0 Address: 0x16390f80e
  Set: 992 Way: 1 Address: 0x3567df820
  Set: 1002 Way: 0 Address: 0x16390faae
  Set: 1003 Way: 0 Address: 0x16390fac0
  Set: 1004 Way: 0 Address: 0x16390fb2c
  Set: 1005 Way: 0 Address: 0x16390fb58
  Set: 1006 Way: 0 Address: 0x16390fbb6
  Set: 1007 Way: 0 Address: 0x16390fbca
  Set: 1008 Way: 0 Address: 0x16390fc00
  Set: 1009 Way: 0 Address: 0x16390fc5e
  Set: 1010 Way: 0 Address: 0x16390fcb2
  Set: 1011 Way: 0 Address: 0x16390fcfa
  Set: 1012 Way: 0 Address: 0x16390fd24
  Set: 1013 Way: 0 Address: 0x16390fd6c
  Set: 1014 Way: 0 Address: 0x16390fdb6
  Set: 1015 Way: 0 Address: 0x16390fdf8
  Set: 1015 Way: 1 Address: 0x6637fde3
  Set: 1016 Way: 0 Address: 0x16390fe30
  Set: 1017 Way: 0 Address: 0x16390fe78
  Set: 1018 Way: 0 Address: 0x16390fe84
  Set: 1019 Way: 0 Address: 0x16390fed8
  Set: 1020 Way: 0 Address: 0x16390ff2c
  Set: 1021 Way: 0 Address: 0x16390ff58
  Set: 1022 Way: 0 Address: 0x16390ffac
  Set: 1023 Way: 0 Address: 0x16390fff0
EndCache
Cache: cpu0_L1I
  Set: 0 Way: 0 Address: 0x9cff2002
  Set: 0 Way: 1 Address: 0x201598004
  Set: 0 Way: 2 Address: 0x292959012
  Set: 1 Way: 0 Address: 0x292959044
  Set: 1 Way: 1 Address: 0x9cff2044
  Set: 1 Way: 2 Address: 0x2a4841040
  Set: 2 Way: 0 Address: 0x2015980b0
  Set: 2 Way: 1 Address: 0x292959080
  Set: 2 Way: 2 Address: 0x9cff2082
  Set: 3 Way: 0 Address: 0x2015980c1
  Set: 3 Way: 1 Address: 0x2929590f0
  Set: 3 Way: 2 Address: 0x9cff20c6
  Set: 4 Way: 0 Address: 0x20159811d
  Set: 4 Way: 1 Address: 0x292959101
  Set: 4 Way: 2 Address: 0x9cff2101
  Set: 5 Way: 0 Address: 0x20159817a
  Set: 5 Way: 1 Address: 0x292959162
  Set: 5 Way: 2 Address: 0x9cff2141
  Set: 6 Way: 0 Address: 0x2015981b6
  Set: 6 Way: 1 Address: 0x9cff2180
  Set: 6 Way: 2 Address: 0x2929591b1
  Set: 7 Way: 0 Address: 0x9cff21c2
  Set: 7 Way: 1 Address: 0x2929591e7
  Set: 8 Way: 0 Address: 0x9cff2201
  Set: 8 Way: 1 Address: 0x292959205
  Set: 9 Way: 0 Address: 0x9cff2266
  Set: 9 Way: 1 Address: 0x292959264
  Set: 10 Way: 0 Address: 0x9cff2284
  Set: 11 Way: 0 Address: 0xf6e812c0
  Set: 11 Way: 1 Address: 0x9cff22fb
  Set: 12 Way: 0 Address: 0x9cff2301
  Set: 13 Way: 0 Address: 0x342b40350
  Set: 14 Way: 0 Address: 0x9cff23a4
  Set: 14 Way: 1 Address: 0x342b40385
  Set: 15 Way: 0 Address: 0x342b403c1
  Set: 16 Way: 0 Address: 0x2177f0400
  Set: 16 Way: 1 Address: 0x342b4042c
  Set: 16 Way: 2 Address: 0x9cff2400
  Set: 17 Way: 0 Address: 0x9cff2460
  Set: 17 Way: 1 Address: 0x2177f0440
  Set: 17 Way: 2 Address: 0x342b40444
  Set: 18 Way: 0 Address: 0x9cff248f
  Set: 18 Way: 1 Address: 0x2177f04af
  Set: 18 Way: 2 Address: 0x342b40486
  Set: 19 Way: 0 Address: 0x9cff24d0
  Set: 19 Way: 1 Address: 0x2177f04e9
  Set: 20 Way: 0 Address: 0x9cff252e
  Set: 20 Way: 1 Address: 0x2177f0539
  Set: 21 Way: 0 Address: 0x9cff2544
  Set: 21 Way: 1 Address: 0x2177f0540
  Set: 22 Way: 0 Address: 0x9cff2584
  Set: 22 Way: 1 Address: 0x2177f05b2
  Set: 23 Way: 0 Address: 0x9cff25c0
  Set: 23 Way: 1 Address: 0x14bb105f6
  Set: 23 Way: 2 Address: 0x2177f05fb
  Set: 24 Way: 0 Address: 0x14bb10604
  Set: 24 Way: 1 Address: 0x2177f0603
  Set: 24 Way: 2 Address: 0x9cff2606
  Set: 25 Way: 0 Address: 0x14bb10642
  Set: 25 Way: 1 Address: 0x2177f0640
  Set: 26 Way: 0 Address: 0x2929596b0
  Set: 26 Way: 1 Address: 0x2177f06b9
  Set: 26 Way: 2 Address: 0x14bb106a1
  Set: 27 Way: 0 Address: 0x2929596fc
  Set: 27 Way: 1 Address: 0x14bb106c1
  Set: 27 Way: 2 Address: 0x2177f06c6
  Set: 28 Way: 0 Address: 0x292959704
  Set: 28 Way: 1 Address: 0x14bb10721
  Set: 28 Way: 2 Address: 0x2177f0700
  Set: 29 Way: 0 Address: 0x292959767
  Set: 29 Way: 1 Address: 0x14bb10761
  Set: 29 Way: 2 Address: 0x2177f0775
  Set: 30 Way: 0 Address: 0x292959781
  Set: 30 Way: 1 Address: 0x14bb10781
  Set: 30 Way: 2 Address: 0x2177f078d
  Set: 31 Way: 0 Address: 0x14bb107c0
  Set: 32 Way: 0 Address: 0x9cff2810
  Set: 32 Way: 1 Address: 0x14bb10806
  Set: 33 Way: 0 Address: 0x9cff286f
  Set: 33 Way: 1 Address: 0x14bb1086f
  Set: 34 Way: 0 Address: 0x9cff2880
  Set: 34 Way: 1 Address: 0x14bb10882
  Set: 35 Way: 0 Address: 0x14bb108c1
  Set: 36 Way: 0 Address: 0x2a4841924
  Set: 37 Way: 0 Address: 0x2a484196c
  Set: 37 Way: 1 Address: 0x14bb10951
  Set: 38 Way: 0 Address: 0x9cff29ad
  Set: 38 Way: 1 Address: 0x2a4841988
  Set: 38 Way: 2 Address: 0x14bb10980
  Set: 39 Way: 0 Address: 0x9cff29c0
  Set: 39 Way: 1 Address: 0x14bb109e1
  Set: 40 Way: 0 Address: 0x9cff2a02
  Set: 40 Way: 1 Address: 0x2a4841a34
  Set: 40 Way: 2 Address: 0x14bb10a05
  Set: 41 Way: 0 Address: 0x2a4841a40
  Set: 42 Way: 0 Address: 0x2a4841aac
  Set: 42 Way: 1 Address: 0x14bb10a89
  Set: 43 Way: 0 Address: 0x14bb10ae0
  Set: 43 Way: 1 Address: 0x2a4841ac1
  Set: 44 Way: 0 Address: 0x14bb10b01
  Set: 44 Way: 1 Address: 0x9cff2b2d
  Set: 45 Way: 0 Address: 0x14bb10b70
  Set: 46 Way: 0 Address: 0x14bb10b82
  Set: 47 Way: 0 Address: 0x14bb10bc5
  Set: 48 Way: 0 Address: 0x14bb10c08
  Set: 48 Way: 1 Address: 0x2a4841c33
  Set: 49 Way: 0 Address: 0x14bb10c70
  Set: 49 Way: 1 Address: 0x3b377bc78
  Set: 49 Way: 2 Address: 0x2a4841c48
  Set: 50 Way: 0 Address: 0x14bb10cb0
  Set: 50 Way: 1 Address: 0x9cff2c80
  Set: 50 Way: 2 Address: 0x2a4841cb5
  Set: 51 Way: 0 Address: 0x14bb10cc4
  Set: 51 Way: 1 Address: 0x3b377bce0
  Set: 51 Way: 2 Address: 0x2a4841cd3
  Set: 51 Way: 3 Address: 0x342b40cd0
  Set: 52 Way: 0 Address: 0x14bb10d00
  Set: 52 Way: 1 Address: 0x3b377bd02
  Set: 52 Way: 2 Address: 0x2a4841d30
  Set: 52 Way: 3 Address: 0x342b40d03
  Set: 53 Way: 0 Address: 0x14bb10d7a
  Set: 53 Way: 1 Address: 0x2a4841d43
  Set: 54 Way: 0 Address: 0x14bb10d83
  Set: 54 Way: 1 Address: 0x2a4841da2
  Set: 55 Way: 0 Address: 0x9cff2de0
  Set: 55 Way: 1 Address: 0x2177f0df0
  Set: 55 Way: 2 Address: 0x2a4841dc0
  Set: 55 Way: 3 Address: 0x14bb10de0
  Set: 56 Way: 0 Address: 0x9cff2e00
  Set: 56 Way: 1 Address: 0x2177f0e01
  Set: 56 Way: 2 Address: 0x14bb10e20
  Set: 56 Way: 3 Address: 0x2a4841e32
  Set: 57 Way: 0 Address: 0x2a4841e46
  Set: 58 Way: 0 Address: 0x84896eb0
  Set: 58 Way: 1 Address: 0x2a4841ea3
  Set: 59 Way: 0 Address: 0x84896ee2
  Set: 59 Way: 1 Address: 0x2a4841ee5
  Set: 60 Way: 0 Address: 0x2a4841f20
  Set: 60 Way: 1 Address: 0x2c9898f00
  Set: 60 Way: 2 Address: 0xc0d9bf30
  Set: 61 Way: 0 Address: 0x84896f70
  Set: 61 Way: 1 Address: 0x3bdd78f60
  Set: 61 Way: 2 Address: 0xc0d9bf41
  Set: 61 Way: 3 Address: 0x2a4841f40
  Set: 62 Way: 0 Address: 0x84896fa9
  Set: 62 Way: 1 Address: 0x3bdd78f81
  Set: 62 Way: 2 Address: 0xc0d9bf83
  Set: 62 Way: 3 Address: 0x2a4841f80
  Set: 63 Way: 0 Address: 0x84896fc1
  Set: 63 Way: 1 Address: 0x3bdd78fc1
  Set: 63 Way: 2 Address: 0x2a4841fc0
  Set: 63 Way: 3 Address: 0xc0d9bfc0
EndCache
Cache: cpu0_L1D
  Set: 0 Way: 0 Address: 0x36889b024
  Set: 0 Way: 1 Address: 0x276ff7018
  Set: 0 Way: 2 Address: 0x2fbe97030
  Set: 0 Way: 3 Address: 0x181c81032
  Set: 0 Way: 4 Address: 0x1fd412018
  Set: 0 Way: 5 Address: 0x5d6e9018
  Set: 0 Way: 6 Address: 0x13ed0025
  Set: 0 Way: 7 Address: 0xcf094014
  Set: 0 Way: 8 Address: 0x2f5d8e018
  Set: 0 Way: 9 Address: 0x31be12024
  Set: 0 Way: 10 Address: 0x15164d000
  Set: 0 Way: 11 Address: 0x309887016
  Set: 1 Way: 0 Address: 0xbba93070
  Set: 1 Way: 1 Address: 0x2fa0c9064
  Set: 1 Way: 2 Address: 0x2f5d8e040
  Set: 1 Way: 3 Address: 0x18db7a04f
  Set: 1 Way: 4 Address: 0x30988705a
  Set: 1 Way: 5 Address: 0x168ef0064
  Set: 1 Way: 6 Address: 0x7d0ee060
  Set: 1 Way: 7 Address: 0x1e561a060
  Set: 1 Way: 8 Address: 0x5d6e9069
  Set: 1 Way: 9 Address: 0x34fc64054
  Set: 1 Way: 10 Address: 0x192bc6075
  Set: 1 Way: 11 Address: 0x3317f4058
  Set: 2 Way: 0 Address: 0x7d0ee098
  Set: 2 Way: 1 Address: 0x3c56b3090
  Set: 2 Way: 2 Address: 0xb8004090
  Set: 2 Way: 3 Address: 0x2db79e0a8
  Set: 2 Way: 4 Address: 0xbeea70a8
  Set: 2 Way: 5 Address: 0x3232f3088
  Set: 2 Way: 6 Address: 0x1064c2088
  Set: 2 Way: 7 Address: 0x2f5d8e0b8
  Set: 2 Way: 8 Address: 0x309887088
  Set: 2 Way: 9 Address: 0x34e4a2099
  Set: 2 Way: 10 Address: 0x1fd4120b4
  Set: 2 Way: 11 Address: 0x2fa0c9090
  Set: 3 Way: 0 Address: 0x2ee3690e8
  Set: 3 Way: 1 Address: 0x1add0e8
  Set: 3 Way: 2 Address: 0x2f5d8e0c0
  Set: 3 Way: 3 Address: 0x3098870ea
  Set: 3 Way: 4 Address: 0x2cd70c0f8
  Set: 3 Way: 5 Address: 0x1f8ce00f8
  Set: 4 Way: 0 Address: 0x2f5d8e100
  Set: 4 Way: 1 Address: 0x30988710a
  Set: 4 Way: 2 Address: 0x34e4a2124
  Set: 4 Way: 3 Address: 0x276ff7128
  Set: 4 Way: 4 Address: 0x168ef0112
  Set: 4 Way: 5 Address: 0x2fbe97124
  Set: 4 Way: 6 Address: 0x2fa0c9119
  Set: 4 Way: 7 Address: 0x24e60a110
  Set: 4 Way: 8 Address: 0x183ea6110
  Set: 5 Way: 0 Address: 0x2f5d8e14c
  Set: 5 Way: 1 Address: 0x1132fa158
  Set: 5 Way: 2 Address: 0xdb22d158
  Set: 5 Way: 3 Address: 0x12c077169
  Set: 5 Way: 4 Address: 0x309887142
  Set: 5 Way: 5 Address: 0x32f48c16a
  Set: 5 Way: 6 Address: 0x192bc6166
  Set: 5 Way: 7 Address: 0x18db7a166
  Set: 5 Way: 8 Address: 0x4dd9c16a
  Set: 6 Way: 0 Address: 0x3098871b8
  Set: 6 Way: 1 Address: 0x2f5d8e1b0
  Set: 6 Way: 2 Address: 0x34e4a21b6
  Set: 6 Way: 3 Address: 0x2fbe971a6
  Set: 6 Way: 4 Address: 0x32f48c18f
  Set: 6 Way: 5 Address: 0x3d87a618f
  Set: 6 Way: 6 Address: 0x7d0ee18f
  Set: 7 Way: 0 Address: 0x3c10741f8
  Set: 7 Way: 1 Address: 0x16390f1e8
  Set: 7 Way: 2 Address: 0x2f5d8e1d0
  Set: 7 Way: 3 Address: 0x3098871d6
  Set: 8 Way: 0 Address: 0x16390f228
  Set: 8 Way: 1 Address: 0x2f5d8e204
  Set: 8 Way: 2 Address: 0x309887222
  Set: 8 Way: 3 Address: 0x7d0ee210
  Set: 8 Way: 4 Address: 0x3d87a6211
  Set: 8 Way: 5 Address: 0x12c077231
  Set: 8 Way: 6 Address: 0x1fd412210
  Set: 8 Way: 7 Address: 0x5d6e9210
  Set: 9 Way: 0 Address: 0x16390f278
  Set: 9 Way: 1 Address: 0x2f5d8e248
  Set: 9 Way: 2 Address: 0x309887256
  Set: 9 Way: 3 Address: 0x168ef024f
  Set: 9 Way: 4 Address: 0x32f48c261
  Set: 9 Way: 5 Address: 0x4dd9c261
  Set: 9 Way: 6 Address: 0x3d87a6260
  Set: 9 Way: 7 Address: 0x7d0ee260
  Set: 10 Way: 0 Address: 0x16390f290
  Set: 10 Way: 1 Address: 0x2f5d8e29c
  Set: 10 Way: 2 Address: 0x309887280
  Set: 10 Way: 3 Address: 0x3d87a6290
  Set: 10 Way: 4 Address: 0x168ef0292
  Set: 10 Way: 5 Address: 0x2fbe97299
  Set: 10 Way: 6 Address: 0x7d0ee290
  Set: 11 Way: 0 Address: 0x2f5d8e2f0
  Set: 11 Way: 1 Address: 0x16390f2e8
  Set: 11 Way: 2 Address: 0x3098872f2
  Set: 12 Way: 0 Address: 0x309887322
  Set: 12 Way: 1 Address: 0x2f5d8e338
  Set: 13 Way: 0 Address: 0x2f5d8e344
  Set: 13 Way: 1 Address: 0x309887362
  Set: 13 Way: 2 Address: 0x3bdb2342
  Set: 13 Way: 3 Address: 0x6b744342
  Set: 13 Way: 4 Address: 0xb77ac348
  Set: 14 Way: 0 Address: 0x2f5d8e398
  Set: 14 Way: 1 Address: 0x3098873bc
  Set: 14 Way: 2 Address: 0x1aa7b6390
  Set: 14 Way: 3 Address: 0x157dab390
  Set: 14 Way: 4 Address: 0x6b744385
  Set: 15 Way: 0 Address: 0x3098873e8
  Set: 15 Way: 1 Address: 0x2f5d8e3d4
  Set: 15 Way: 2 Address: 0x2c077e3c8
  Set: 15 Way: 3 Address: 0x166683c9
  Set: 15 Way: 4 Address: 0xb77ac3c9
  Set: 16 Way: 0 Address: 0x309887432
  Set: 16 Way: 1 Address: 0x2f5d8e40c
  Set: 16 Way: 2 Address: 0x181c81432
  Set: 16 Way: 3 Address: 0x2fbe97412
  Set: 16 Way: 4 Address: 0x276ff7424
  Set: 16 Way: 5 Address: 0x7d0ee418
  Set: 16 Way: 6 Address: 0x3d87a6431
  Set: 16 Way: 7 Address: 0x247006424
  Set: 16 Way: 8 Address: 0x5d6e9410
  Set: 17 Way: 0 Address: 0x2f5d8e458
  Set: 17 Way: 1 Address: 0x260091479
  Set: 17 Way: 2 Address: 0x30988745c
  Set: 17 Way: 3 Address: 0x247006479
  Set: 17 Way: 4 Address: 0x4dd9c450
  Set: 17 Way: 5 Address: 0x276ff7456
  Set: 17 Way: 6 Address: 0x181c81456
  Set: 17 Way: 7 Address: 0x32f48c450
  Set: 17 Way: 8 Address: 0x7d0ee471
  Set: 17 Way: 9 Address: 0x3d87a6456
  Set: 18 Way: 0 Address: 0x276ff74a4
  Set: 18 Way: 1 Address: 0x3098874b8
  Set: 18 Way: 2 Address: 0x181c814a4
  Set: 18 Way: 3 Address: 0x2f5d8e4b0
  Set: 18 Way: 4 Address: 0x168ef049a
  Set: 18 Way: 5 Address: 0x3d87a64a5
  Set: 18 Way: 6 Address: 0x7d0ee4a5
  Set: 19 Way: 0 Address: 0x2577134f8
  Set: 19 Way: 1 Address: 0x3098874c8
  Set: 19 Way: 2 Address: 0x2f5d8e4d0
  Set: 20 Way: 0 Address: 0x30988752c
  Set: 20 Way: 1 Address: 0x8a579520
  Set: 20 Way: 2 Address: 0x108ede520
  Set: 20 Way: 3 Address: 0x2f5d8e522
  Set: 20 Way: 4 Address: 0x2c8749520
  Set: 20 Way: 5 Address: 0x34a0e5520
  Set: 20 Way: 6 Address: 0x62d12500
  Set: 20 Way: 7 Address: 0x1ae2cc528
  Set: 20 Way: 8 Address: 0x1132fa528
  Set: 20 Way: 9 Address: 0x1b7ae6518
  Set: 20 Way: 10 Address: 0x2db378518
  Set: 20 Way: 11 Address: 0x8754a538
  Set: 21 Way: 0 Address: 0x309887556
  Set: 21 Way: 1 Address: 0x181c81550
  Set: 21 Way: 2 Address: 0xcf83b570
  Set: 21 Way: 3 Address: 0x4dd9c568
  Set: 21 Way: 4 Address: 0x2f5d8e54a
  Set: 21 Way: 5 Address: 0x2760e8578
  Set: 21 Way: 6 Address: 0x168ef0571
  Set: 21 Way: 7 Address: 0x2f8e1c578
  Set: 21 Way: 8 Address: 0x3d87a6550
  Set: 21 Way: 9 Address: 0x2fa0c9571
  Set: 21 Way: 10 Address: 0x358da7540
  Set: 21 Way: 11 Address: 0xed70b550
  Set: 22 Way: 0 Address: 0x1aafb8580
  Set: 22 Way: 1 Address: 0x309887580
  Set: 22 Way: 2 Address: 0x2f5d8e58e
  Set: 22 Way: 3 Address: 0x1fd412599
  Set: 22 Way: 4 Address: 0x2600915a9
  Set: 22 Way: 5 Address: 0x5d6e9595
  Set: 22 Way: 6 Address: 0x1b87f95a8
  Set: 22 Way: 7 Address: 0x23cb405a8
  Set: 22 Way: 8 Address: 0x1e568b5a0
  Set: 22 Way: 9 Address: 0x24e60a588
  Set: 23 Way: 0 Address: 0x143ef5d0
  Set: 23 Way: 1 Address: 0x27d4c65d8
  Set: 23 Way: 2 Address: 0x3098875e2
  Set: 23 Way: 3 Address: 0x2f5d8e5fe
  Set: 23 Way: 4 Address: 0x8a5795cf
  Set: 23 Way: 5 Address: 0x16a8595f0
  Set: 23 Way: 6 Address: 0x3567df5f0
  Set: 23 Way: 7 Address: 0x108ede5cf
  Set: 23 Way: 8 Address: 0x2470065cf
  Set: 23 Way: 9 Address: 0x2fa0c95cf
  Set: 24 Way: 0 Address: 0x309887628
  Set: 24 Way: 1 Address: 0x2f5d8e62c
  Set: 24 Way: 2 Address: 0x7d0ee612
  Set: 24 Way: 3 Address: 0x3d87a6629
  Set: 24 Way: 4 Address: 0x157dab638
  Set: 24 Way: 5 Address: 0x2dee5e638
  Set: 24 Way: 6 Address: 0x2aa42c620
  Set: 24 Way: 7 Address: 0x8a579610
  Set: 24 Way: 8 Address: 0xd209e610
  Set: 25 Way: 0 Address: 0x309887654
  Set: 25 Way: 1 Address: 0x2f5d8e662
  Set: 25 Way: 2 Address: 0x2fa0c964f
  Set: 25 Way: 3 Address: 0x3d87a6651
  Set: 25 Way: 4 Address: 0x7d0ee651
  Set: 25 Way: 5 Address: 0x2aa42c670
  Set: 25 Way: 6 Address: 0x3ab465670
  Set: 25 Way: 7 Address: 0x168ef064f
  Set: 26 Way: 0 Address: 0x3098876ac
  Set: 26 Way: 1 Address: 0x1c084e698
  Set: 26 Way: 2 Address: 0x34a8736b0
  Set: 26 Way: 3 Address: 0x2f5d8e68e
  Set: 27 Way: 0 Address: 0x1ab446e8
  Set: 27 Way: 1 Address: 0x2fa0c96cf
  Set: 27 Way: 2 Address: 0x168ef06cf
  Set: 27 Way: 3 Address: 0x3098876c0
  Set: 27 Way: 4 Address: 0x2470066cf
  Set: 27 Way: 5 Address: 0x348de26f8
  Set: 27 Way: 6 Address: 0x2cd70c6f8
  Set: 27 Way: 7 Address: 0x2f5d8e6c8
  Set: 27 Way: 8 Address: 0x3d87a66cf
  Set: 27 Way: 9 Address: 0x7d0ee6cf
  Set: 28 Way: 0 Address: 0x309887714
  Set: 28 Way: 1 Address: 0x2f5d8e734
  Set: 28 Way: 2 Address: 0x16390f72c
  Set: 28 Way: 3 Address: 0x62d12720
  Set: 28 Way: 4 Address: 0x1ae2cc720
  Set: 28 Way: 5 Address: 0x1f8ce0718
  Set: 28 Way: 6 Address: 0x696d6718
  Set: 29 Way: 0 Address: 0x2f5d8e75c
  Set: 29 Way: 1 Address: 0x23756f778
  Set: 29 Way: 2 Address: 0x16390f742
  Set: 29 Way: 3 Address: 0x3704c7746
  Set: 29 Way: 4 Address: 0xb77ac740
  Set: 29 Way: 5 Address: 0x183ea6778
  Set: 29 Way: 6 Address: 0x2760e8778
  Set: 30 Way: 0 Address: 0x2f5d8e786
  Set: 30 Way: 1 Address: 0x16390f7a4
  Set: 30 Way: 2 Address: 0x1909737a0
  Set: 31 Way: 0 Address: 0x28b67e7f8
  Set: 31 Way: 1 Address: 0x223eda7f8
  Set: 31 Way: 2 Address: 0xee86f7c8
  Set: 31 Way: 3 Address: 0x133c927f0
  Set: 31 Way: 4 Address: 0x16390f7e4
  Set: 31 Way: 5 Address: 0x2f5d8e7fa
  Set: 31 Way: 6 Address: 0xa3a527c0
  Set: 32 Way: 0 Address: 0x16390f80e
  Set: 32 Way: 1 Address: 0x2f5d8e824
  Set: 32 Way: 2 Address: 0x3567df820
  Set: 32 Way: 3 Address: 0x1c6532820
  Set: 32 Way: 4 Address: 0x17e364828
  Set: 32 Way: 5 Address: 0x5d6e9822
  Set: 32 Way: 6 Address: 0x4dd9c824
  Set: 32 Way: 7 Address: 0x2ea382824
  Set: 32 Way: 8 Address: 0x2ff2a1824
  Set: 32 Way: 9 Address: 0x31be12824
  Set: 32 Way: 10 Address: 0x1d68a5821
  Set: 32 Way: 11 Address: 0x3f4019824
  Set: 33 Way: 0 Address: 0x2f5d8e872
  Set: 33 Way: 1 Address: 0x32f48c850
  Set: 33 Way: 2 Address: 0x34a873875
  Set: 33 Way: 3 Address: 0x276ff7875
  Set: 33 Way: 4 Address: 0x260091875
  Set: 33 Way: 5 Address: 0x36889b865
  Set: 33 Way: 6 Address: 0x108ede851
  Set: 34 Way: 0 Address: 0x2f5d8e89c
  Set: 34 Way: 1 Address: 0x12c077890
  Set: 34 Way: 2 Address: 0x181c818a5
  Set: 34 Way: 3 Address: 0x7d0ee8a5
  Set: 34 Way: 4 Address: 0x8a579890
  Set: 34 Way: 5 Address: 0x168ef0890
  Set: 34 Way: 6 Address: 0x1fd412890
  Set: 34 Way: 7 Address: 0x5d6e9890
  Set: 35 Way: 0 Address: 0xb80048f8
  Set: 35 Way: 1 Address: 0x2ee3698f8
  Set: 35 Way: 2 Address: 0x2f5d8e8c8
  Set: 35 Way: 3 Address: 0x2470068cf
  Set: 36 Way: 0 Address: 0x2f5d8e908
  Set: 36 Way: 1 Address: 0x1064c2900
  Set: 36 Way: 2 Address: 0x28420b900
  Set: 36 Way: 3 Address: 0x7d0ee93a
  Set: 36 Way: 4 Address: 0x32f48c935
  Set: 36 Way: 5 Address: 0x5d6e9922
  Set: 36 Way: 6 Address: 0x267bcc921
  Set: 36 Way: 7 Address: 0x3d87a6922
  Set: 36 Way: 8 Address: 0x696d6900
  Set: 36 Way: 9 Address: 0x1aa7b6900
  Set: 37 Way: 0 Address: 0x2f5d8e976
  Set: 37 Way: 1 Address: 0xdb22d958
  Set: 37 Way: 2 Address: 0x16a859958
  Set: 37 Way: 3 Address: 0x37f426960
  Set: 37 Way: 4 Address: 0x348de2960
  Set: 37 Way: 5 Address: 0x3d87a6972
  Set: 37 Way: 6 Address: 0x276ff7976
  Set: 37 Way: 7 Address: 0x247006975
  Set: 37 Way: 8 Address: 0x8a579965
  Set: 37 Way: 9 Address: 0x108ede965
  Set: 37 Way: 10 Address: 0x34a873978
  Set: 38 Way: 0 Address: 0x2f5d8e9ac
  Set: 38 Way: 1 Address: 0x34e4a2990
  Set: 38 Way: 2 Address: 0x5d6e9991
  Set: 38 Way: 3 Address: 0x8a57999a
  Set: 38 Way: 4 Address: 0x108ede99a
  Set: 38 Way: 5 Address: 0x34a8739b8
  Set: 38 Way: 6 Address: 0x12c0779b8
  Set: 39 Way: 0 Address: 0x2f5d8e9d8
  Set: 40 Way: 0 Address: 0xc7078a38
  Set: 40 Way: 1 Address: 0x2f5d8ea32
  Set: 40 Way: 2 Address: 0x3d87a6a22
  Set: 40 Way: 3 Address: 0x12c077a10
  Set: 40 Way: 4 Address: 0x7d0eea36
  Set: 40 Way: 5 Address: 0x8a579a10
  Set: 40 Way: 6 Address: 0x108edea10
  Set: 40 Way: 7 Address: 0x3ab465a00
  Set: 40 Way: 8 Address: 0x1b87f9a00
  Set: 41 Way: 0 Address: 0x3734eea48
  Set: 41 Way: 1 Address: 0xc7078a40
  Set: 41 Way: 2 Address: 0x6d0c2a40
  Set: 41 Way: 3 Address: 0x2f5d8ea7c
  Set: 41 Way: 4 Address: 0x7d0eea72
  Set: 41 Way: 5 Address: 0x247006a76
  Set: 41 Way: 6 Address: 0x260091a76
  Set: 41 Way: 7 Address: 0x133c92a60
  Set: 41 Way: 8 Address: 0x28f0cca60
  Set: 42 Way: 0 Address: 0x2f5d8eaa6
  Set: 42 Way: 1 Address: 0x16390faae
  Set: 42 Way: 2 Address: 0x32f48caa2
  Set: 43 Way: 0 Address: 0x2f5d8ead0
  Set: 43 Way: 1 Address: 0x16390fac0
  Set: 44 Way: 0 Address: 0x2f5d8eb24
  Set: 44 Way: 1 Address: 0x16390fb2c
  Set: 45 Way: 0 Address: 0x29484cb50
  Set: 45 Way: 1 Address: 0x1995f2b50
  Set: 45 Way: 2 Address: 0x2f5d8eb5c
  Set: 45 Way: 3 Address: 0x6b744b48
  Set: 45 Way: 4 Address: 0x16390fb58
  Set: 45 Way: 5 Address: 0xa3a52b48
  Set: 46 Way: 0 Address: 0x2f5d8eb88
  Set: 46 Way: 1 Address: 0x16390fbb6
  Set: 46 Way: 2 Address: 0x3bdb2b85
  Set: 46 Way: 3 Address: 0x6b744b85
  Set: 47 Way: 0 Address: 0x5588dbc8
  Set: 47 Way: 1 Address: 0x3b0803bc8
  Set: 47 Way: 2 Address: 0x16390fbca
  Set: 47 Way: 3 Address: 0x2f5d8ebc2
  Set: 48 Way: 0 Address: 0x2f5d8ec0e
  Set: 48 Way: 1 Address: 0x5588dc00
  Set: 48 Way: 2 Address: 0x16390fc00
  Set: 48 Way: 3 Address: 0x2b2e93c18
  Set: 48 Way: 4 Address: 0x20597ec11
  Set: 49 Way: 0 Address: 0x2b2e93c5a
  Set: 49 Way: 1 Address: 0x2f5d8ec7c
  Set: 49 Way: 2 Address: 0x16390fc5e
  Set: 49 Way: 3 Address: 0x20597ec72
  Set: 49 Way: 4 Address: 0x1fe66ec71
  Set: 50 Way: 0 Address: 0x2f5d8ecb6
  Set: 50 Way: 1 Address: 0x16390fcb2
  Set: 51 Way: 0 Address: 0x16390fcfa
  Set: 51 Way: 1 Address: 0x2f5d8ece6
  Set: 51 Way: 2 Address: 0xb84a9cf0
  Set: 51 Way: 3 Address: 0x32502ccf0
  Set: 51 Way: 4 Address: 0xe51bdcf8
  Set: 51 Way: 5 Address: 0x57be5cf8
  Set: 51 Way: 6 Address: 0x2fa0c9cfb
  Set: 51 Way: 7 Address: 0x2b2e93cd7
  Set: 51 Way: 8 Address: 0x23a612ce3
  Set: 51 Way: 9 Address: 0x108edecf3
  Set: 51 Way: 10 Address: 0x34fc64ce3
  Set: 52 Way: 0 Address: 0x354d35d00
  Set: 52 Way: 1 Address: 0x16390fd24
  Set: 52 Way: 2 Address: 0x2b2e93d15
  Set: 52 Way: 3 Address: 0x379d39d14
  Set: 52 Way: 4 Address: 0x2f5d8ed3c
  Set: 52 Way: 5 Address: 0x28a940d38
  Set: 52 Way: 6 Address: 0x19c791d38
  Set: 52 Way: 7 Address: 0x3fe58d10
  Set: 52 Way: 8 Address: 0x101c26d10
  Set: 52 Way: 9 Address: 0x3bcc0dd30
  Set: 52 Way: 10 Address: 0x7b479d30
  Set: 52 Way: 11 Address: 0xd78d3d20
  Set: 53 Way: 0 Address: 0x394edbd68
  Set: 53 Way: 1 Address: 0x2f5d8ed76
  Set: 53 Way: 2 Address: 0x19c791d50
  Set: 53 Way: 3 Address: 0xb84a9d50
  Set: 53 Way: 4 Address: 0x32502cd60
  Set: 53 Way: 5 Address: 0xe51bdd60
  Set: 53 Way: 6 Address: 0x112417d40
  Set: 53 Way: 7 Address: 0x3fe58d40
  Set: 53 Way: 8 Address: 0x16390fd6c
  Set: 53 Way: 9 Address: 0x1bdd18d70
  Set: 53 Way: 10 Address: 0x2113d70
  Set: 54 Way: 0 Address: 0x2f5d8eda4
  Set: 54 Way: 1 Address: 0x20597edb0
  Set: 54 Way: 2 Address: 0x16390fdb6
  Set: 54 Way: 3 Address: 0x101c26da0
  Set: 54 Way: 4 Address: 0x3bcc0dda0
  Set: 54 Way: 5 Address: 0x2b2e93dba
  Set: 54 Way: 6 Address: 0x3d747ddb8
  Set: 54 Way: 7 Address: 0x1bdd18db8
  Set: 55 Way: 0 Address: 0x16390fdf8
  Set: 55 Way: 1 Address: 0x2f5d8edfa
  Set: 55 Way: 2 Address: 0x168ef0ddb
  Set: 55 Way: 3 Address: 0x23a612dd3
  Set: 55 Way: 4 Address: 0x8a579deb
  Set: 55 Way: 5 Address: 0x2fa0c9ddb
  Set: 55 Way: 6 Address: 0x181c81df7
  Set: 55 Way: 7 Address: 0x260091deb
  Set: 55 Way: 8 Address: 0x116e01dd3
  Set: 55 Way: 9 Address: 0x192bc6deb
  Set: 55 Way: 10 Address: 0x247006de7
  Set: 55 Way: 11 Address: 0x6637fde3
  Set: 56 Way: 0 Address: 0x16390fe38
  Set: 56 Way: 1 Address: 0x2f5d8ee1c
  Set: 56 Way: 2 Address: 0x20597ee25
  Set: 56 Way: 3 Address: 0x272585e18
  Set: 56 Way: 4 Address: 0x28a940e18
  Set: 56 Way: 5 Address: 0x2b2e93e11
  Set: 57 Way: 0 Address: 0x2f5d8ee44
  Set: 57 Way: 1 Address: 0x16390fe78
  Set: 57 Way: 2 Address: 0x20597ee62
  Set: 58 Way: 0 Address: 0x16390fe84
  Set: 58 Way: 1 Address: 0x2f5d8ee9c
  Set: 58 Way: 2 Address: 0x20597eeba
  Set: 58 Way: 3 Address: 0x2b2e93ea1
  Set: 59 Way: 0 Address: 0x16390fed8
  Set: 59 Way: 1 Address: 0x2f5d8eed0
  Set: 59 Way: 2 Address: 0x34a873ee7
  Set: 59 Way: 3 Address: 0x276ff7ee7
  Set: 59 Way: 4 Address: 0x247006ee7
  Set: 59 Way: 5 Address: 0x168ef0ef7
  Set: 59 Way: 6 Address: 0x2fa0c9ef7
  Set: 60 Way: 0 Address: 0x16390ff2c
  Set: 60 Way: 1 Address: 0x2f5d8ef3e
  Set: 60 Way: 2 Address: 0x38e35cf20
  Set: 60 Way: 3 Address: 0x57be5f18
  Set: 60 Way: 4 Address: 0x112417f18
  Set: 60 Way: 5 Address: 0x32f48cf0f
  Set: 60 Way: 6 Address: 0x4dd9cf0f
  Set: 60 Way: 7 Address: 0xd78d3f10
  Set: 60 Way: 8 Address: 0x3d747df10
  Set: 60 Way: 9 Address: 0x2fa0c9f0f
  Set: 61 Way: 0 Address: 0x38e35cf40
  Set: 61 Way: 1 Address: 0x2f5d8ef7e
  Set: 61 Way: 2 Address: 0x16390ff58
  Set: 62 Way: 0 Address: 0x2f5d8ef82
  Set: 62 Way: 1 Address: 0x16390ffac
  Set: 63 Way: 0 Address: 0x29484cff8
  Set: 63 Way: 1 Address: 0x38e35cfcc
  Set: 63 Way: 2 Address: 0x16390fff0
  Set: 63 Way: 3 Address: 0x2b2e93fc8
  Set: 63 Way: 4 Address: 0x379d39fc4
  Set: 63 Way: 5 Address: 0x2f5d8efea
EndCache
Cache: cpu0_ITLB
  Set: 1 Way: 0 Address: 0x411cd0
  Set: 2 Way: 0 Address: 0x4122c0
  Set: 2 Way: 1 Address: 0x402c78
  Set: 5 Way: 0 Address: 0x415f60
  Set: 6 Way: 0 Address: 0x4164d0
  Set: 8 Way: 0 Address: 0x408f00
  Set: 9 Way: 0 Address: 0x4094e9
  Set: 11 Way: 0 Address: 0x40bb01
  Set: 12 Way: 0 Address: 0x40cf20
  Set: 13 Way: 0 Address: 0x40d19f
  Set: 13 Way: 1 Address: 0x41deb0
  Set: 14 Way: 0 Address: 0x40ef41
  Set: 15 Way: 0 Address: 0x40f781
EndCache
Cache: cpu0_DTLB
  Set: 0 Way: 0 Address: 0x7fda9772004f
  Set: 0 Way: 1 Address: 0x7806e8
  Set: 0 Way: 2 Address: 0x520000
  Set: 0 Way: 3 Address: 0x7fda975a0030
  Set: 1 Way: 0 Address: 0x7fda976a14a4
  Set: 1 Way: 1 Address: 0x7fda976b1014
  Set: 2 Way: 0 Address: 0x7fda975a2099
  Set: 2 Way: 1 Address: 0x7fda97672dd3
  Set: 2 Way: 2 Address: 0x7fda975e2824
  Set: 2 Way: 3 Address: 0x7fda97622610
  Set: 3 Way: 0 Address: 0x7fda975a36cf
  Set: 3 Way: 1 Address: 0x7fda976e3828
  Set: 3 Way: 2 Address: 0x7fda976a3299
  Set: 3 Way: 3 Address: 0x7fda975e3024
  Set: 4 Way: 0 Address: 0x7fda976a4571
  Set: 4 Way: 1 Address: 0x7fda976b4de3
  Set: 4 Way: 2 Address: 0x7fda975a4cf3
  Set: 4 Way: 3 Address: 0x7fda976e4824
  Set: 5 Way: 0 Address: 0x7fda976a55cf
  Set: 5 Way: 1 Address: 0x7fda976b5ce3
  Set: 6 Way: 0 Address: 0x7fda975a60b4
  Set: 7 Way: 0 Address: 0x7fffd6147e38
  Set: 7 Way: 1 Address: 0x7fda976c7060
  Set: 7 Way: 2 Address: 0x7fda976a7922
  Set: 7 Way: 3 Address: 0x7fda975a718f
  Set: 8 Way: 0 Address: 0x7fffd6148cb6
  Set: 8 Way: 1 Address: 0x7fda975a8890
  Set: 8 Way: 2 Address: 0x7fda976a8450
  Set: 9 Way: 0 Address: 0x7fffd6149680
  Set: 9 Way: 1 Address: 0x18f91f8
  Set: 9 Way: 2 Address: 0x779778
  Set: 9 Way: 3 Address: 0x7fda976a96b0
  Set: 10 Way: 0 Address: 0x7fda975aa3c8
  Set: 11 Way: 0 Address: 0x7fda9762b3c9
  Set: 11 Way: 1 Address: 0x7fda9772b746
  Set: 12 Way: 0 Address: 0x7fda975acb48
  Set: 12 Way: 1 Address: 0x7fda976ac7c0
  Set: 12 Way: 2 Address: 0x194c7a0
  Set: 12 Way: 3 Address: 0x7fda9772c740
  Set: 13 Way: 0 Address: 0x7fda975adc5a
  Set: 13 Way: 1 Address: 0x7fda976ad342
  Set: 14 Way: 0 Address: 0x18fe698
  Set: 14 Way: 1 Address: 0x7fda976bed14
  Set: 14 Way: 2 Address: 0x7fda9759ea72
  Set: 14 Way: 3 Address: 0x7fda976aec59
  Set: 15 Way: 0 Address: 0x51ffcc
  Set: 15 Way: 1 Address: 0x7fda976ef550
  Set: 15 Way: 2 Address: 0x7fda976af824
  Set: 15 Way: 3 Address: 0x7fda9759f459
EndCache
Cache: LLC
  Set: 1 Way: 0 Address: 0x6e620058
  Set: 3 Way: 0 Address: 0x1f8ce00f8
  Set: 13 Way: 0 Address: 0x342b40350
  Set: 14 Way: 0 Address: 0x342b40385
  Set: 15 Way: 0 Address: 0x342b403c1
  Set: 16 Way: 0 Address: 0x342b40401
  Set: 17 Way: 0 Address: 0x342b40444
  Set: 18 Way: 0 Address: 0x342b40480
  Set: 19 Way: 0 Address: 0x342b404c0
  Set: 22 Way: 0 Address: 0x23cb405a8
  Set: 28 Way: 0 Address: 0x1f8ce0718
  Set: 51 Way: 0 Address: 0x342b40cd0
  Set: 52 Way: 0 Address: 0x342b40d03
  Set: 52 Way: 1 Address: 0x28a940d38
  Set: 53 Way: 0 Address: 0x342b40d40
  Set: 56 Way: 0 Address: 0x28a940e18
  Set: 64 Way: 0 Address: 0x181c81032
  Set: 65 Way: 0 Address: 0x2a4841040
  Set: 75 Way: 0 Address: 0xf6e812c0
  Set: 80 Way: 0 Address: 0x181c81432
  Set: 81 Way: 0 Address: 0x181c81456
  Set: 82 Way: 0 Address: 0x181c814a4
  Set: 85 Way: 0 Address: 0x181c81550
  Set: 96 Way: 0 Address: 0x2ff2a1824
  Set: 98 Way: 0 Address: 0x181c818a5
  Set: 100 Way: 0 Address: 0x2a4841900
  Set: 101 Way: 0 Address: 0x2a4841940
  Set: 102 Way: 0 Address: 0x2a4841988
  Set: 104 Way: 0 Address: 0x2a4841a34
  Set: 105 Way: 0 Address: 0x2a4841a40
  Set: 106 Way: 0 Address: 0x2a4841aac
  Set: 107 Way: 0 Address: 0x2a4841ac1
  Set: 112 Way: 0 Address: 0x2a4841c10
  Set: 113 Way: 0 Address: 0x2a4841c48
  Set: 114 Way: 0 Address: 0x2a4841c80
  Set: 115 Way: 0 Address: 0x2a4841cc0
  Set: 116 Way: 0 Address: 0x2a4841d30
  Set: 117 Way: 0 Address: 0x2a4841d43
  Set: 118 Way: 0 Address: 0x2a4841d80
  Set: 119 Way: 0 Address: 0x2a4841dc0
  Set: 119 Way: 1 Address: 0x181c81df7
  Set: 119 Way: 2 Address: 0x116e01dd3
  Set: 120 Way: 0 Address: 0x2a4841e00
  Set: 121 Way: 0 Address: 0x2a4841e46
  Set: 122 Way: 0 Address: 0x2a4841e80
  Set: 123 Way: 0 Address: 0x2a4841ee5
  Set: 124 Way: 0 Address: 0x2a4841f20
  Set: 125 Way: 0 Address: 0x2a4841f40
  Set: 126 Way: 0 Address: 0x2a4841f80
  Set: 127 Way: 0 Address: 0x2a4841fc0
  Set: 130 Way: 0 Address: 0x1064c2088
  Set: 130 Way: 1 Address: 0x34e4a2099
  Set: 132 Way: 0 Address: 0x34e4a2124
  Set: 134 Way: 0 Address: 0x34e4a21b6
  Set: 155 Way: 0 Address: 0x348de26f8
  Set: 160 Way: 0 Address: 0x2ea382824
  Set: 164 Way: 0 Address: 0x1064c2900
  Set: 165 Way: 0 Address: 0x348de2960
  Set: 166 Way: 0 Address: 0x34e4a2990
  Set: 169 Way: 0 Address: 0x6d0c2a40
  Set: 239 Way: 0 Address: 0x3b0803bc8
  Set: 257 Way: 0 Address: 0x34fc64054
  Set: 258 Way: 0 Address: 0xb8004090
  Set: 269 Way: 0 Address: 0x6b744342
  Set: 270 Way: 0 Address: 0x6b744385
  Set: 283 Way: 0 Address: 0x1ab446e8
  Set: 288 Way: 0 Address: 0x17e364828
  Set: 291 Way: 0 Address: 0xb80048f8
  Set: 301 Way: 0 Address: 0x6b744b48
  Set: 302 Way: 0 Address: 0x6b744b85
  Set: 307 Way: 0 Address: 0x34fc64ce3
  Set: 340 Way: 0 Address: 0x34a0e5520
  Set: 345 Way: 0 Address: 0x3ab465670
  Set: 352 Way: 0 Address: 0x1d68a5821
  Set: 360 Way: 0 Address: 0x3ab465a00
  Set: 371 Way: 0 Address: 0x57be5cf8
  Set: 372 Way: 0 Address: 0x272585d18
  Set: 376 Way: 0 Address: 0x272585e18
  Set: 380 Way: 0 Address: 0x57be5f18
  Set: 384 Way: 0 Address: 0x192bc6026
  Set: 385 Way: 0 Address: 0x192bc6075
  Set: 385 Way: 1 Address: 0x3d87a6064
  Set: 386 Way: 0 Address: 0x192bc6080
  Set: 388 Way: 0 Address: 0x183ea6110
  Set: 389 Way: 0 Address: 0x192bc6166
  Set: 390 Way: 0 Address: 0x3d87a618f
  Set: 392 Way: 0 Address: 0x3d87a6211
  Set: 393 Way: 0 Address: 0x3d87a6260
  Set: 394 Way: 0 Address: 0x3d87a6290
  Set: 400 Way: 0 Address: 0x3d87a6431
  Set: 400 Way: 1 Address: 0x247006424
  Set: 401 Way: 0 Address: 0x247006479
  Set: 401 Way: 1 Address: 0x3d87a6456
  Set: 402 Way: 0 Address: 0x3d87a64a5
  Set: 404 Way: 0 Address: 0x1b7ae6518
  Set: 405 Way: 0 Address: 0x1b7ae6560
  Set: 405 Way: 1 Address: 0x37f426568
  Set: 405 Way: 2 Address: 0x3d87a6550
  Set: 407 Way: 0 Address: 0x27d4c65d8
  Set: 407 Way: 1 Address: 0x2470065cf
  Set: 408 Way: 0 Address: 0x3d87a6629
  Set: 409 Way: 0 Address: 0x3d87a6651
  Set: 411 Way: 0 Address: 0x2470066cf
  Set: 411 Way: 1 Address: 0x3d87a66cf
  Set: 413 Way: 0 Address: 0x183ea6778
  Set: 419 Way: 0 Address: 0x2470068cf
  Set: 420 Way: 0 Address: 0x3d87a6922
  Set: 421 Way: 0 Address: 0x37f426960
  Set: 421 Way: 1 Address: 0x3d87a6972
  Set: 421 Way: 2 Address: 0x247006975
  Set: 422 Way: 0 Address: 0x3d87a6980
  Set: 424 Way: 0 Address: 0x3d87a6a22
  Set: 425 Way: 0 Address: 0x247006a76
  Set: 436 Way: 0 Address: 0x101c26d10
  Set: 438 Way: 0 Address: 0x101c26da0
  Set: 439 Way: 0 Address: 0x192bc6deb
  Set: 439 Way: 1 Address: 0x247006de7
  Set: 443 Way: 0 Address: 0x247006ee7
  Set: 448 Way: 0 Address: 0x309887016
  Set: 449 Way: 0 Address: 0xbeea7040
  Set: 449 Way: 1 Address: 0x30988705a
  Set: 450 Way: 0 Address: 0xbeea70a8
  Set: 450 Way: 1 Address: 0x309887088
  Set: 451 Way: 0 Address: 0x3098870ea
  Set: 452 Way: 0 Address: 0x309887108
  Set: 453 Way: 0 Address: 0x309887142
  Set: 454 Way: 0 Address: 0x3098871b8
  Set: 455 Way: 0 Address: 0x3098871d6
  Set: 456 Way: 0 Address: 0x309887222
  Set: 457 Way: 0 Address: 0x309887256
  Set: 458 Way: 0 Address: 0x309887280
  Set: 459 Way: 0 Address: 0x3098872f2
  Set: 460 Way: 0 Address: 0x309887322
  Set: 461 Way: 0 Address: 0x309887362
  Set: 462 Way: 0 Address: 0x3098873bc
  Set: 463 Way: 0 Address: 0x3098873e8
  Set: 464 Way: 0 Address: 0x309887400
  Set: 465 Way: 0 Address: 0x30988745c
  Set: 466 Way: 0 Address: 0x3098874b8
  Set: 467 Way: 0 Address: 0x3098874c8
  Set: 468 Way: 0 Address: 0x30988752c
  Set: 469 Way: 0 Address: 0x309887556
  Set: 469 Way: 1 Address: 0x358da7540
  Set: 470 Way: 0 Address: 0x309887580
  Set: 471 Way: 0 Address: 0x3098875e2
  Set: 472 Way: 0 Address: 0x309887628
  Set: 473 Way: 0 Address: 0x309887648
  Set: 474 Way: 0 Address: 0x3098876ac
  Set: 475 Way: 0 Address: 0x3098876c0
  Set: 476 Way: 0 Address: 0x309887714
  Set: 477 Way: 0 Address: 0x3704c7746
  Set: 527 Way: 0 Address: 0x166683c9
  Set: 533 Way: 0 Address: 0x2760e8578
  Set: 541 Way: 0 Address: 0x2760e8778
  Set: 576 Way: 0 Address: 0x5d6e9018
  Set: 577 Way: 0 Address: 0x5d6e9069
  Set: 577 Way: 1 Address: 0x2fa0c9064
  Set: 578 Way: 0 Address: 0x2fa0c9090
  Set: 579 Way: 0 Address: 0x2ee3690e8
  Set: 580 Way: 0 Address: 0x2fa0c9119
  Set: 584 Way: 0 Address: 0x5d6e9210
  Set: 592 Way: 0 Address: 0x5d6e9410
  Set: 596 Way: 0 Address: 0x2c8749520
  Set: 597 Way: 0 Address: 0x2c8749548
  Set: 597 Way: 1 Address: 0x2fa0c9571
  Set: 598 Way: 0 Address: 0x5d6e9595
  Set: 599 Way: 0 Address: 0x2fa0c95cf
  Set: 601 Way: 0 Address: 0x2fa0c964f
  Set: 603 Way: 0 Address: 0x2fa0c96cf
  Set: 608 Way: 0 Address: 0x5d6e9822
  Set: 610 Way: 0 Address: 0x5d6e9890
  Set: 611 Way: 0 Address: 0x2ee3698f8
  Set: 612 Way: 0 Address: 0x5d6e9922
  Set: 614 Way: 0 Address: 0x5d6e9991
  Set: 627 Way: 0 Address: 0xb84a9cf0
  Set: 627 Way: 1 Address: 0x2fa0c9cfb
  Set: 629 Way: 0 Address: 0xb84a9d50
  Set: 631 Way: 0 Address: 0x2fa0c9ddb
  Set: 635 Way: 0 Address: 0x2fa0c9ef7
  Set: 636 Way: 0 Address: 0x2fa0c9f0f
  Set: 644 Way: 0 Address: 0x24e60a110
  Set: 660 Way: 0 Address: 0x8754a538
  Set: 661 Way: 0 Address: 0x8754a540
  Set: 662 Way: 0 Address: 0x24e60a588
  Set: 718 Way: 0 Address: 0x157dab390
  Set: 725 Way: 0 Address: 0xed70b550
  Set: 726 Way: 0 Address: 0x1e568b5a0
  Set: 728 Way: 0 Address: 0x157dab638
  Set: 740 Way: 0 Address: 0x28420b900
  Set: 769 Way: 0 Address: 0x32f48c052
  Set: 771 Way: 0 Address: 0x2cd70c0f8
  Set: 773 Way: 0 Address: 0x32f48c16a
  Set: 774 Way: 0 Address: 0x32f48c18f
  Set: 777 Way: 0 Address: 0x32f48c261
  Set: 781 Way: 0 Address: 0xb77ac348
  Set: 783 Way: 0 Address: 0xb77ac3c9
  Set: 785 Way: 0 Address: 0x32f48c450
  Set: 788 Way: 0 Address: 0x1ae2cc528
  Set: 789 Way: 0 Address: 0x32f48c568
  Set: 792 Way: 0 Address: 0x2aa42c620
  Set: 793 Way: 0 Address: 0x2aa42c670
  Set: 795 Way: 0 Address: 0x2cd70c6f8
  Set: 796 Way: 0 Address: 0x1ae2cc720
  Set: 797 Way: 0 Address: 0xb77ac740
  Set: 801 Way: 0 Address: 0x32f48c850
  Set: 804 Way: 0 Address: 0x32f48c935
  Set: 804 Way: 1 Address: 0x267bcc921
  Set: 809 Way: 0 Address: 0x28f0cca60
  Set: 810 Way: 0 Address: 0x32f48caa2
  Set: 813 Way: 0 Address: 0x29484cb50
  Set: 819 Way: 0 Address: 0x32502ccf0
  Set: 821 Way: 0 Address: 0x32502cd60
  Set: 823 Way: 0 Address: 0x32f48cdeb
  Set: 828 Way: 0 Address: 0x32f48cf0f
  Set: 831 Way: 0 Address: 0x29484cff8
  Set: 832 Way: 0 Address: 0x15164d000
  Set: 837 Way: 0 Address: 0xdb22d158
  Set: 869 Way: 0 Address: 0xdb22d958
  Set: 879 Way: 0 Address: 0x5588dbc8
  Set: 880 Way: 0 Address: 0x5588dc00
  Set: 884 Way: 0 Address: 0x3bcc0dd30
  Set: 886 Way: 0 Address: 0x3bcc0dda0
  Set: 896 Way: 0 Address: 0x2f5d8e010
  Set: 897 Way: 0 Address: 0x2f5d8e040
  Set: 897 Way: 1 Address: 0x7d0ee060
  Set: 898 Way: 0 Address: 0x2f5d8e0b8
  Set: 898 Way: 1 Address: 0x7d0ee098
  Set: 899 Way: 0 Address: 0x2f5d8e0c0
  Set: 900 Way: 0 Address: 0x2f5d8e100
  Set: 901 Way: 0 Address: 0x2f5d8e14c
  Set: 902 Way: 0 Address: 0x2f5d8e1b0
  Set: 902 Way: 1 Address: 0x7d0ee18f
  Set: 903 Way: 0 Address: 0x2f5d8e1d0
  Set: 904 Way: 0 Address: 0x2f5d8e204
  Set: 904 Way: 1 Address: 0x7d0ee210
  Set: 905 Way: 0 Address: 0x2f5d8e248
  Set: 905 Way: 1 Address: 0x7d0ee260
  Set: 906 Way: 0 Address: 0x2f5d8e29c
  Set: 906 Way: 1 Address: 0x7d0ee290
  Set: 907 Way: 0 Address: 0x2f5d8e2f0
  Set: 908 Way: 0 Address: 0x2f5d8e330
  Set: 909 Way: 0 Address: 0x2f5d8e344
  Set: 910 Way: 0 Address: 0x2f5d8e398
  Set: 911 Way: 0 Address: 0x2f5d8e3d4
  Set: 912 Way: 0 Address: 0x2f5d8e404
  Set: 912 Way: 1 Address: 0x7d0ee418
  Set: 913 Way: 0 Address: 0x2f5d8e458
  Set: 913 Way: 1 Address: 0x7d0ee471
  Set: 914 Way: 0 Address: 0x2f5d8e4b0
  Set: 914 Way: 1 Address: 0x7d0ee4a5
  Set: 915 Way: 0 Address: 0x2f5d8e4d0
  Set: 916 Way: 0 Address: 0x2f5d8e522
  Set: 917 Way: 0 Address: 0x2f5d8e54a
  Set: 917 Way: 1 Address: 0x7d0ee550
  Set: 918 Way: 0 Address: 0x2f5d8e58e
  Set: 919 Way: 0 Address: 0x2f5d8e5fe
  Set: 920 Way: 0 Address: 0x2f5d8e62c
  Set: 920 Way: 1 Address: 0x7d0ee612
  Set: 921 Way: 0 Address: 0x2f5d8e662
  Set: 921 Way: 1 Address: 0x7d0ee651
  Set: 922 Way: 0 Address: 0x1c084e690
  Set: 922 Way: 1 Address: 0x2f5d8e68e
  Set: 923 Way: 0 Address: 0x2f5d8e6c8
  Set: 923 Way: 1 Address: 0x7d0ee6cf
  Set: 924 Way: 0 Address: 0x2f5d8e734
  Set: 925 Way: 0 Address: 0x2f5d8e75c
  Set: 926 Way: 0 Address: 0x2f5d8e786
  Set: 927 Way: 0 Address: 0x2f5d8e7fa
  Set: 928 Way: 0 Address: 0x2f5d8e824
  Set: 929 Way: 0 Address: 0x2f5d8e872
  Set: 930 Way: 0 Address: 0x2f5d8e89a
  Set: 930 Way: 1 Address: 0x7d0ee8a5
  Set: 931 Way: 0 Address: 0x2f5d8e8c6
  Set: 932 Way: 0 Address: 0x2f5d8e904
  Set: 932 Way: 1 Address: 0x7d0ee93a
  Set: 933 Way: 0 Address: 0x2f5d8e976
  Set: 934 Way: 0 Address: 0x2f5d8e9ac
  Set: 935 Way: 0 Address: 0x2f5d8e9d4
  Set: 936 Way: 0 Address: 0x2f5d8ea32
  Set: 936 Way: 1 Address: 0x7d0eea36
  Set: 937 Way: 0 Address: 0x3734eea48
  Set: 937 Way: 1 Address: 0x2f5d8ea7c
  Set: 937 Way: 2 Address: 0x7d0eea72
  Set: 938 Way: 0 Address: 0x2f5d8eaa6
  Set: 939 Way: 0 Address: 0x2f5d8ead0
  Set: 940 Way: 0 Address: 0x2f5d8eb24
  Set: 941 Way: 0 Address: 0x2f5d8eb5c
  Set: 942 Way: 0 Address: 0x2f5d8eb84
  Set: 943 Way: 0 Address: 0x2f5d8ebc2
  Set: 944 Way: 0 Address: 0x2f5d8ec0e
  Set: 945 Way: 0 Address: 0x2f5d8ec4e
  Set: 945 Way: 1 Address: 0x1fe66ec71
  Set: 946 Way: 0 Address: 0x2f5d8ecb6
  Set: 947 Way: 0 Address: 0x2f5d8ece6
  Set: 948 Way: 0 Address: 0x2f5d8ed18
  Set: 949 Way: 0 Address: 0x2f5d8ed76
  Set: 950 Way: 0 Address: 0x2f5d8eda4
  Set: 951 Way: 0 Address: 0x2f5d8edd4
  Set: 952 Way: 0 Address: 0x2f5d8ee1c
  Set: 953 Way: 0 Address: 0x2f5d8ee44
  Set: 954 Way: 0 Address: 0x2f5d8ee9c
  Set: 955 Way: 0 Address: 0x2f5d8eed0
  Set: 956 Way: 0 Address: 0x2f5d8ef3e
  Set: 957 Way: 0 Address: 0x2f5d8ef7e
  Set: 958 Way: 0 Address: 0x2f5d8ef82
  Set: 959 Way: 0 Address: 0x2f5d8efea
  Set: 960 Way: 0 Address: 0x22272f010
  Set: 961 Way: 0 Address: 0x22272f048
  Set: 967 Way: 0 Address: 0x16390f1e8
  Set: 968 Way: 0 Address: 0x16390f238
  Set: 969 Way: 0 Address: 0x16390f278
  Set: 970 Way: 0 Address: 0x16390f2b0
  Set: 971 Way: 0 Address: 0x16390f2c0
  Set: 983 Way: 0 Address: 0x143ef5d0
  Set: 988 Way: 0 Address: 0x16390f72c
  Set: 989 Way: 0 Address: 0x23756f778
  Set: 989 Way: 1 Address: 0x16390f742
  Set: 990 Way: 0 Address: 0x16390f7a4
  Set: 991 Way: 0 Address: 0xee86f7c8
  Set: 991 Way: 1 Address: 0x16390f7e4
  Set: 992 Way: 0 Address: 0x16390f80e
  Set: 1002 Way: 0 Address: 0x16390faae
  Set: 1003 Way: 0 Address: 0x16390fac0
  Set: 1004 Way: 0 Address: 0x16390fb00
  Set: 1005 Way: 0 Address: 0x16390fb58
  Set: 1006 Way: 0 Address: 0x16390fbb6
  Set: 1007 Way: 0 Address: 0x16390fbca
  Set: 1008 Way: 0 Address: 0x16390fc00
  Set: 1009 Way: 0 Address: 0x16390fc5e
  Set: 1010 Way: 0 Address: 0x16390fcb2
  Set: 1011 Way: 0 Address: 0x16390fcfa
  Set: 1012 Way: 0 Address: 0x16390fd24
  Set: 1013 Way: 0 Address: 0x16390fd6c
  Set: 1014 Way: 0 Address: 0x16390fdb6
  Set: 1015 Way: 0 Address: 0x16390fdf8
  Set: 1016 Way: 0 Address: 0x16390fe30
  Set: 1017 Way: 0 Address: 0x16390fe78
  Set: 1018 Way: 0 Address: 0x16390fe84
  Set: 1019 Way: 0 Address: 0x16390fed8
  Set: 1020 Way: 0 Address: 0x16390ff2c
  Set: 1021 Way: 0 Address: 0x16390ff58
  Set: 1022 Way: 0 Address: 0x16390ffac
  Set: 1023 Way: 0 Address: 0x16390fff0
  Set: 1024 Way: 0 Address: 0x13ed0025
  Set: 1025 Way: 0 Address: 0x168ef0064
  Set: 1028 Way: 0 Address: 0x168ef0112
  Set: 1033 Way: 0 Address: 0x168ef024f
  Set: 1034 Way: 0 Address: 0x168ef0292
  Set: 1040 Way: 0 Address: 0x2177f0400
  Set: 1041 Way: 0 Address: 0x2177f0440
  Set: 1042 Way: 0 Address: 0x2177f0486
  Set: 1042 Way: 1 Address: 0x168ef049a
  Set: 1043 Way: 0 Address: 0x2177f04c2
  Set: 1044 Way: 0 Address: 0x2177f0500
  Set: 1045 Way: 0 Address: 0x2177f0540
  Set: 1045 Way: 1 Address: 0x168ef0571
  Set: 1046 Way: 0 Address: 0x2177f0585
  Set: 1047 Way: 0 Address: 0x14bb105c0
  Set: 1047 Way: 1 Address: 0x2177f05c2
  Set: 1048 Way: 0 Address: 0x14bb10604
  Set: 1048 Way: 1 Address: 0x2177f0603
  Set: 1049 Way: 0 Address: 0x14bb10642
  Set: 1049 Way: 1 Address: 0x2177f0640
  Set: 1049 Way: 2 Address: 0x168ef064f
  Set: 1050 Way: 0 Address: 0x2177f0680
  Set: 1050 Way: 1 Address: 0x14bb10680
  Set: 1051 Way: 0 Address: 0x14bb106c1
  Set: 1051 Way: 1 Address: 0x2177f06c6
  Set: 1051 Way: 2 Address: 0x168ef06cf
  Set: 1052 Way: 0 Address: 0x14bb10721
  Set: 1052 Way: 1 Address: 0x2177f0700
  Set: 1053 Way: 0 Address: 0x14bb10740
  Set: 1053 Way: 1 Address: 0x2177f0746
  Set: 1054 Way: 0 Address: 0x14bb10781
  Set: 1054 Way: 1 Address: 0x2177f078d
  Set: 1055 Way: 0 Address: 0x14bb107c0
  Set: 1056 Way: 0 Address: 0x14bb10806
  Set: 1057 Way: 0 Address: 0x14bb10845
  Set: 1058 Way: 0 Address: 0x168ef0890
  Set: 1058 Way: 1 Address: 0x14bb10882
  Set: 1059 Way: 0 Address: 0x14bb108c1
  Set: 1061 Way: 0 Address: 0x14bb10951
  Set: 1062 Way: 0 Address: 0x14bb10980
  Set: 1063 Way: 0 Address: 0x14bb109e1
  Set: 1064 Way: 0 Address: 0x14bb10a05
  Set: 1066 Way: 0 Address: 0x14bb10a89
  Set: 1067 Way: 0 Address: 0x14bb10ae0
  Set: 1068 Way: 0 Address: 0x14bb10b01
  Set: 1069 Way: 0 Address: 0x14bb10b40
  Set: 1070 Way: 0 Address: 0x14bb10b82
  Set: 1071 Way: 0 Address: 0x14bb10bc0
  Set: 1072 Way: 0 Address: 0x14bb10c08
  Set: 1073 Way: 0 Address: 0x14bb10c70
  Set: 1074 Way: 0 Address: 0x14bb10cb0
  Set: 1075 Way: 0 Address: 0x14bb10cc4
  Set: 1076 Way: 0 Address: 0x14bb10d00
  Set: 1077 Way: 0 Address: 0x14bb10d7a
  Set: 1078 Way: 0 Address: 0x14bb10d83
  Set: 1079 Way: 0 Address: 0x2177f0df0
  Set: 1079 Way: 1 Address: 0x14bb10dc1
  Set: 1079 Way: 2 Address: 0x168ef0ddb
  Set: 1080 Way: 0 Address: 0x2177f0e01
  Set: 1080 Way: 1 Address: 0x14bb10e20
  Set: 1083 Way: 0 Address: 0x168ef0ef7
  Set: 1105 Way: 0 Address: 0x260091479
  Set: 1110 Way: 0 Address: 0x2600915a9
  Set: 1121 Way: 0 Address: 0x260091875
  Set: 1129 Way: 0 Address: 0x260091a76
  Set: 1140 Way: 0 Address: 0x19c791d38
  Set: 1141 Way: 0 Address: 0x19c791d50
  Set: 1143 Way: 0 Address: 0x260091deb
  Set: 1152 Way: 0 Address: 0x9cff2002
  Set: 1152 Way: 1 Address: 0x31be12024
  Set: 1152 Way: 2 Address: 0x1fd412018
  Set: 1153 Way: 0 Address: 0x9cff2044
  Set: 1153 Way: 1 Address: 0x1fd41205a
  Set: 1154 Way: 0 Address: 0x9cff2082
  Set: 1154 Way: 1 Address: 0x1fd4120b4
  Set: 1155 Way: 0 Address: 0x9cff20c6
  Set: 1156 Way: 0 Address: 0x9cff2101
  Set: 1157 Way: 0 Address: 0x9cff2141
  Set: 1158 Way: 0 Address: 0x9cff2180
  Set: 1159 Way: 0 Address: 0x9cff21c2
  Set: 1160 Way: 0 Address: 0x9cff2201
  Set: 1160 Way: 1 Address: 0x1fd412210
  Set: 1161 Way: 0 Address: 0x9cff2240
  Set: 1162 Way: 0 Address: 0x9cff2280
  Set: 1163 Way: 0 Address: 0x9cff22fb
  Set: 1164 Way: 0 Address: 0x9cff2301
  Set: 1165 Way: 0 Address: 0x3bdb2342
  Set: 1166 Way: 0 Address: 0x9cff23a4
  Set: 1168 Way: 0 Address: 0x9cff2400
  Set: 1169 Way: 0 Address: 0x9cff2460
  Set: 1170 Way: 0 Address: 0x9cff2482
  Set: 1171 Way: 0 Address: 0x9cff24e4
  Set: 1172 Way: 0 Address: 0x9cff2503
  Set: 1172 Way: 1 Address: 0x62d12500
  Set: 1173 Way: 0 Address: 0x9cff2544
  Set: 1173 Way: 1 Address: 0x1c6532560
  Set: 1174 Way: 0 Address: 0x9cff2584
  Set: 1174 Way: 1 Address: 0x1fd412599
  Set: 1175 Way: 0 Address: 0x9cff25c0
  Set: 1176 Way: 0 Address: 0x9cff2606
  Set: 1180 Way: 0 Address: 0x62d12720
  Set: 1183 Way: 0 Address: 0x133c927f0
  Set: 1183 Way: 1 Address: 0xa3a527c0
  Set: 1184 Way: 0 Address: 0x9cff2810
  Set: 1184 Way: 1 Address: 0x1c6532820
  Set: 1184 Way: 2 Address: 0x31be12824
  Set: 1185 Way: 0 Address: 0x9cff2841
  Set: 1186 Way: 0 Address: 0x9cff2880
  Set: 1186 Way: 1 Address: 0x1fd412890
  Set: 1190 Way: 0 Address: 0x9cff29ad
  Set: 1191 Way: 0 Address: 0x9cff29c0
  Set: 1192 Way: 0 Address: 0x9cff2a02
  Set: 1193 Way: 0 Address: 0x133c92a60
  Set: 1196 Way: 0 Address: 0x9cff2b2d
  Set: 1197 Way: 0 Address: 0x1995f2b50
  Set: 1197 Way: 1 Address: 0xa3a52b48
  Set: 1198 Way: 0 Address: 0x3bdb2b85
  Set: 1202 Way: 0 Address: 0x9cff2c80
  Set: 1203 Way: 0 Address: 0x23a612ce3
  Set: 1207 Way: 0 Address: 0x9cff2de0
  Set: 1207 Way: 1 Address: 0x23a612dd3
  Set: 1208 Way: 0 Address: 0x9cff2e00
  Set: 1217 Way: 0 Address: 0x3c56b3068
  Set: 1217 Way: 1 Address: 0x3232f3070
  Set: 1217 Way: 2 Address: 0xbba93070
  Set: 1218 Way: 0 Address: 0x3c56b3090
  Set: 1218 Way: 1 Address: 0x3232f3088
  Set: 1235 Way: 0 Address: 0x2577134f8
  Set: 1236 Way: 0 Address: 0x257713508
  Set: 1242 Way: 0 Address: 0x34a8736b0
  Set: 1246 Way: 0 Address: 0x1909737a0
  Set: 1249 Way: 0 Address: 0x34a873875
  Set: 1253 Way: 0 Address: 0x34a873978
  Set: 1254 Way: 0 Address: 0x34a8739b8
  Set: 1264 Way: 0 Address: 0x2b2e93c18
  Set: 1265 Way: 0 Address: 0x2b2e93c5a
  Set: 1267 Way: 0 Address: 0x2b2e93cd7
  Set: 1268 Way: 0 Address: 0x2b2e93d15
  Set: 1268 Way: 1 Address: 0xd78d3d20
  Set: 1269 Way: 0 Address: 0x2113d70
  Set: 1270 Way: 0 Address: 0x2b2e93dba
  Set: 1272 Way: 0 Address: 0x2b2e93e11
  Set: 1274 Way: 0 Address: 0x2b2e93ea1
  Set: 1275 Way: 0 Address: 0x34a873ee7
  Set: 1276 Way: 0 Address: 0xd78d3f10
  Set: 1279 Way: 0 Address: 0x2b2e93fc8
  Set: 1280 Way: 0 Address: 0xcf094014
  Set: 1281 Way: 0 Address: 0x3de4d4060
  Set: 1281 Way: 1 Address: 0x3317f4058
  Set: 1287 Way: 0 Address: 0x3c10741f8
  Set: 1344 Way: 0 Address: 0x195f15000
  Set: 1345 Way: 0 Address: 0x1b0f15040
  Set: 1396 Way: 0 Address: 0x354d35d00
  Set: 1408 Way: 0 Address: 0x211d16018
  Set: 1409 Way: 0 Address: 0x43736078
  Set: 1422 Way: 0 Address: 0x1aa7b6390
  Set: 1436 Way: 0 Address: 0x696d6718
  Set: 1444 Way: 0 Address: 0x696d6900
  Set: 1444 Way: 1 Address: 0x1aa7b6900
  Set: 1466 Way: 0 Address: 0x84896eb0
  Set: 1467 Way: 0 Address: 0x84896ee2
  Set: 1468 Way: 0 Address: 0x84896f00
  Set: 1469 Way: 0 Address: 0x84896f70
  Set: 1470 Way: 0 Address: 0x84896f83
  Set: 1471 Way: 0 Address: 0x84896fc1
  Set: 1472 Way: 0 Address: 0x276ff7018
  Set: 1472 Way: 1 Address: 0x2fbe97030
  Set: 1473 Way: 0 Address: 0x276ff704f
  Set: 1476 Way: 0 Address: 0x276ff7128
  Set: 1476 Way: 1 Address: 0x2fbe97124
  Set: 1477 Way: 0 Address: 0x12c077169
  Set: 1478 Way: 0 Address: 0x2fbe971a6
  Set: 1480 Way: 0 Address: 0x12c077231
  Set: 1482 Way: 0 Address: 0x2fbe97299
  Set: 1488 Way: 0 Address: 0x2fbe97412
  Set: 1488 Way: 1 Address: 0x276ff7424
  Set: 1489 Way: 0 Address: 0x276ff7456
  Set: 1490 Way: 0 Address: 0x276ff74a4
  Set: 1505 Way: 0 Address: 0x276ff7875
  Set: 1506 Way: 0 Address: 0x12c077890
  Set: 1509 Way: 0 Address: 0x276ff7976
  Set: 1510 Way: 0 Address: 0x12c0779b8
  Set: 1512 Way: 0 Address: 0x12c077a10
  Set: 1525 Way: 0 Address: 0x112417d40
  Set: 1531 Way: 0 Address: 0x276ff7ee7
  Set: 1532 Way: 0 Address: 0x112417f18
  Set: 1536 Way: 0 Address: 0x201598004
  Set: 1538 Way: 0 Address: 0x2015980b0
  Set: 1539 Way: 0 Address: 0x2015980c1
  Set: 1540 Way: 0 Address: 0x201598103
  Set: 1541 Way: 0 Address: 0x201598145
  Set: 1542 Way: 0 Address: 0x201598182
  Set: 1556 Way: 0 Address: 0x2db378518
  Set: 1558 Way: 0 Address: 0x1aafb8580
  Set: 1576 Way: 0 Address: 0xc7078a38
  Set: 1577 Way: 0 Address: 0xc7078a40
  Set: 1588 Way: 0 Address: 0x3fe58d10
  Set: 1589 Way: 0 Address: 0x3fe58d40
  Set: 1589 Way: 1 Address: 0x1bdd18d70
  Set: 1590 Way: 0 Address: 0x1bdd18db8
  Set: 1596 Way: 0 Address: 0x2c9898f00
  Set: 1597 Way: 0 Address: 0x3bdd78f60
  Set: 1598 Way: 0 Address: 0x3bdd78f81
  Set: 1599 Way: 0 Address: 0x3bdd78fc0
  Set: 1600 Way: 0 Address: 0x292959012
  Set: 1601 Way: 0 Address: 0x292959044
  Set: 1602 Way: 0 Address: 0x292959080
  Set: 1603 Way: 0 Address: 0x2929590f0
  Set: 1604 Way: 0 Address: 0x292959101
  Set: 1605 Way: 0 Address: 0x292959162
  Set: 1606 Way: 0 Address: 0x292959180
  Set: 1607 Way: 0 Address: 0x2929591c0
  Set: 1608 Way: 0 Address: 0x292959205
  Set: 1609 Way: 0 Address: 0x292959264
  Set: 1620 Way: 0 Address: 0x312099508
  Set: 1620 Way: 1 Address: 0x8a579520
  Set: 1621 Way: 0 Address: 0x312099570
  Set: 1621 Way: 1 Address: 0x8a579550
  Set: 1622 Way: 0 Address: 0x1b87f95a8
  Set: 1623 Way: 0 Address: 0x8a5795cf
  Set: 1623 Way: 1 Address: 0x16a8595f0
  Set: 1624 Way: 0 Address: 0x8a579610
  Set: 1626 Way: 0 Address: 0x2929596b0
  Set: 1627 Way: 0 Address: 0x2929596c3
  Set: 1628 Way: 0 Address: 0x292959704
  Set: 1629 Way: 0 Address: 0x292959740
  Set: 1630 Way: 0 Address: 0x292959781
  Set: 1632 Way: 0 Address: 0x3f4019824
  Set: 1634 Way: 0 Address: 0x8a579890
  Set: 1637 Way: 0 Address: 0x16a859958
  Set: 1637 Way: 1 Address: 0x8a579965
  Set: 1638 Way: 0 Address: 0x8a57999a
  Set: 1640 Way: 0 Address: 0x8a579a10
  Set: 1640 Way: 1 Address: 0x1b87f9a00
  Set: 1652 Way: 0 Address: 0x7b479d30
  Set: 1652 Way: 1 Address: 0x379d39d14
  Set: 1655 Way: 0 Address: 0x8a579deb
  Set: 1663 Way: 0 Address: 0x379d39fc4
  Set: 1665 Way: 0 Address: 0xc67da070
  Set: 1665 Way: 1 Address: 0x1e561a060
  Set: 1665 Way: 2 Address: 0x18db7a04f
  Set: 1666 Way: 0 Address: 0x1d89da0b0
  Set: 1669 Way: 0 Address: 0x1132fa158
  Set: 1669 Way: 1 Address: 0x18db7a166
  Set: 1684 Way: 0 Address: 0x1132fa528
  Set: 1695 Way: 0 Address: 0x223eda7f8
  Set: 1728 Way: 0 Address: 0x36889b024
  Set: 1749 Way: 0 Address: 0xcf83b570
  Set: 1761 Way: 0 Address: 0x36889b865
  Set: 1777 Way: 0 Address: 0x3b377bc78
  Set: 1779 Way: 0 Address: 0x3b377bce0
  Set: 1780 Way: 0 Address: 0x3b377bd02
  Set: 1781 Way: 0 Address: 0x394edbd68
  Set: 1788 Way: 0 Address: 0xc0d9bf30
  Set: 1789 Way: 0 Address: 0xc0d9bf41
  Set: 1790 Way: 0 Address: 0xc0d9bf80
  Set: 1791 Way: 0 Address: 0xc0d9bfc0
  Set: 1792 Way: 0 Address: 0xdf85c000
  Set: 1792 Way: 1 Address: 0x12c6fc018
  Set: 1793 Way: 0 Address: 0x12c6fc060
  Set: 1797 Way: 0 Address: 0x4dd9c16a
  Set: 1801 Way: 0 Address: 0x4dd9c261
  Set: 1809 Way: 0 Address: 0x4dd9c450
  Set: 1813 Way: 0 Address: 0x4dd9c568
  Set: 1813 Way: 1 Address: 0x2f8e1c578
  Set: 1824 Way: 0 Address: 0x4dd9c824
  Set: 1852 Way: 0 Address: 0x38e35cf20
  Set: 1852 Way: 1 Address: 0x4dd9cf0f
  Set: 1853 Way: 0 Address: 0x38e35cf40
  Set: 1855 Way: 0 Address: 0x38e35cfcc
  Set: 1857 Way: 0 Address: 0x1add058
  Set: 1859 Way: 0 Address: 0x1add0e8
  Set: 1907 Way: 0 Address: 0xe51bdcf8
  Set: 1909 Way: 0 Address: 0xe51bdd60
  Set: 1910 Way: 0 Address: 0x3d747ddb8
  Set: 1916 Way: 0 Address: 0x3d747df10
  Set: 1920 Way: 0 Address: 0x28b67e000
  Set: 1920 Way: 1 Address: 0x1f919e010
  Set: 1920 Way: 2 Address: 0x2db79e010
  Set: 1921 Way: 0 Address: 0x1f919e060
  Set: 1922 Way: 0 Address: 0x2db79e0a8
  Set: 1935 Way: 0 Address: 0x2c077e3c8
  Set: 1940 Way: 0 Address: 0x108ede520
  Set: 1943 Way: 0 Address: 0x108ede5cf
  Set: 1944 Way: 0 Address: 0x2dee5e638
  Set: 1944 Way: 1 Address: 0xd209e610
  Set: 1951 Way: 0 Address: 0x28b67e7f8
  Set: 1952 Way: 0 Address: 0x20597e800
  Set: 1953 Way: 0 Address: 0x108ede851
  Set: 1957 Way: 0 Address: 0x108ede965
  Set: 1958 Way: 0 Address: 0x108ede99a
  Set: 1960 Way: 0 Address: 0x108edea10
  Set: 1968 Way: 0 Address: 0x20597ec11
  Set: 1969 Way: 0 Address: 0x20597ec72
  Set: 1971 Way: 0 Address: 0x108edecf3
  Set: 1974 Way: 0 Address: 0x20597edb0
  Set: 1976 Way: 0 Address: 0x20597ee25
  Set: 1977 Way: 0 Address: 0x20597ee62
  Set: 1978 Way: 0 Address: 0x20597eeba
  Set: 2007 Way: 0 Address: 0x3567df5f0
  Set: 2016 Way: 0 Address: 0x3567df820
  Set: 2039 Way: 0 Address: 0x6637fde3
EndCache
