Cache: cpu0_STLB
  Set: 10 Way: 0 Address: 0x40a30f
  Set: 32 Way: 0 Address: 0x218207e8
  Set: 33 Way: 0 Address: 0x218212f4
  Set: 34 Way: 0 Address: 0x218221ac
EndCache
Cache: cpu0_L2C
  Set: 65 Way: 0 Address: 0x113201050
  Set: 68 Way: 0 Address: 0x2a4841108
  Set: 132 Way: 0 Address: 0x9cff2100
  Set: 209 Way: 0 Address: 0x3c56b3440
  Set: 210 Way: 0 Address: 0x3c56b348c
  Set: 211 Way: 0 Address: 0x3c56b34e4
  Set: 212 Way: 0 Address: 0x3c56b351c
  Set: 213 Way: 0 Address: 0x3c56b355c
  Set: 214 Way: 0 Address: 0x3c56b358c
  Set: 215 Way: 0 Address: 0x3c56b35fc
  Set: 216 Way: 0 Address: 0x3c56b3610
  Set: 217 Way: 0 Address: 0x3c56b365c
  Set: 218 Way: 0 Address: 0x3c56b3684
  Set: 219 Way: 0 Address: 0x3c56b36e4
  Set: 220 Way: 0 Address: 0x3c56b3734
  Set: 221 Way: 0 Address: 0x3c56b374c
  Set: 222 Way: 0 Address: 0x3c56b37ac
  Set: 223 Way: 0 Address: 0x3c56b37e8
  Set: 224 Way: 0 Address: 0x3c56b380c
  Set: 225 Way: 0 Address: 0x263c13860
  Set: 225 Way: 1 Address: 0x3c56b387c
  Set: 226 Way: 0 Address: 0x3c56b3880
  Set: 227 Way: 0 Address: 0x3c56b38d4
  Set: 228 Way: 0 Address: 0x3c56b392c
  Set: 229 Way: 0 Address: 0x3c56b397c
  Set: 230 Way: 0 Address: 0x3c56b3994
  Set: 231 Way: 0 Address: 0x3c56b39e4
  Set: 232 Way: 0 Address: 0x3c56b3a34
  Set: 233 Way: 0 Address: 0x3c56b3a5c
  Set: 234 Way: 0 Address: 0x3c56b3a8c
  Set: 235 Way: 0 Address: 0x3c56b3afc
  Set: 236 Way: 0 Address: 0x3c56b3b24
  Set: 237 Way: 0 Address: 0x3c56b3b54
  Set: 238 Way: 0 Address: 0x3c56b3b94
  Set: 239 Way: 0 Address: 0x3c56b3bdc
  Set: 240 Way: 0 Address: 0x3c56b3c04
  Set: 241 Way: 0 Address: 0x3c56b3c54
  Set: 242 Way: 0 Address: 0x3c56b3ca4
  Set: 243 Way: 0 Address: 0x3c56b3cc4
  Set: 244 Way: 0 Address: 0x3c56b3d3c
  Set: 245 Way: 0 Address: 0x3c56b3d74
  Set: 246 Way: 0 Address: 0x3c56b3dbc
  Set: 247 Way: 0 Address: 0x3c56b3dfc
  Set: 248 Way: 0 Address: 0x3c56b3e1c
  Set: 249 Way: 0 Address: 0x3c56b3e64
  Set: 250 Way: 0 Address: 0x3c56b3ebc
  Set: 251 Way: 0 Address: 0x3c56b3ef4
  Set: 252 Way: 0 Address: 0x3c56b3f34
  Set: 253 Way: 0 Address: 0x3c56b3f44
  Set: 254 Way: 0 Address: 0x3c56b3f8c
  Set: 255 Way: 0 Address: 0x3c56b3fdc
  Set: 256 Way: 0 Address: 0x397bb402c
  Set: 257 Way: 0 Address: 0x397bb404c
  Set: 258 Way: 0 Address: 0x397bb4084
  Set: 259 Way: 0 Address: 0x397bb40dc
  Set: 260 Way: 0 Address: 0x397bb413c
  Set: 261 Way: 0 Address: 0x397bb4140
  Set: 262 Way: 0 Address: 0x397bb41bc
  Set: 263 Way: 0 Address: 0x397bb41fc
  Set: 264 Way: 0 Address: 0x397bb4214
  Set: 265 Way: 0 Address: 0x397bb426c
  Set: 266 Way: 0 Address: 0x397bb42bc
  Set: 267 Way: 0 Address: 0x397bb42f4
  Set: 268 Way: 0 Address: 0x397bb432c
  Set: 269 Way: 0 Address: 0x397bb437c
  Set: 270 Way: 0 Address: 0x397bb4380
  Set: 271 Way: 0 Address: 0x397bb43d4
  Set: 272 Way: 0 Address: 0x397bb4434
  Set: 273 Way: 0 Address: 0x397bb4474
  Set: 274 Way: 0 Address: 0x397bb4494
  Set: 275 Way: 0 Address: 0x397bb44fc
  Set: 276 Way: 0 Address: 0x397bb450c
  Set: 277 Way: 0 Address: 0x397bb4554
  Set: 278 Way: 0 Address: 0x397bb4580
  Set: 279 Way: 0 Address: 0x397bb45cc
  Set: 280 Way: 0 Address: 0x397bb463c
  Set: 281 Way: 0 Address: 0x397bb464c
  Set: 282 Way: 0 Address: 0x397bb46b4
  Set: 283 Way: 0 Address: 0x397bb46fc
  Set: 284 Way: 0 Address: 0x397bb473c
  Set: 285 Way: 0 Address: 0x397bb4740
  Set: 286 Way: 0 Address: 0x397bb47bc
  Set: 287 Way: 0 Address: 0x397bb47fc
  Set: 288 Way: 0 Address: 0x397bb4800
  Set: 289 Way: 0 Address: 0x397bb4840
  Set: 290 Way: 0 Address: 0x397bb4894
  Set: 291 Way: 0 Address: 0x397bb48fc
  Set: 292 Way: 0 Address: 0x397bb491c
  Set: 293 Way: 0 Address: 0x397bb4964
  Set: 294 Way: 0 Address: 0x397bb49b4
  Set: 295 Way: 0 Address: 0x397bb49c0
  Set: 296 Way: 0 Address: 0x397bb4a2c
  Set: 297 Way: 0 Address: 0x397bb4a54
  Set: 298 Way: 0 Address: 0x397bb4a8c
  Set: 299 Way: 0 Address: 0x397bb4ae4
  Set: 300 Way: 0 Address: 0x397bb4b0c
  Set: 301 Way: 0 Address: 0x397bb4b7c
  Set: 302 Way: 0 Address: 0x397bb4b80
  Set: 303 Way: 0 Address: 0x397bb4bfc
  Set: 304 Way: 0 Address: 0x397bb4c24
  Set: 305 Way: 0 Address: 0x397bb4c5c
  Set: 306 Way: 0 Address: 0x397bb4c94
  Set: 307 Way: 0 Address: 0x397bb4ccc
  Set: 308 Way: 0 Address: 0x397bb4d3c
  Set: 309 Way: 0 Address: 0x397bb4d7c
  Set: 310 Way: 0 Address: 0x397bb4d84
  Set: 311 Way: 0 Address: 0x397bb4dfc
  Set: 312 Way: 0 Address: 0x397bb4e3c
  Set: 313 Way: 0 Address: 0x397bb4e7c
  Set: 314 Way: 0 Address: 0x397bb4ebc
  Set: 315 Way: 0 Address: 0x397bb4efc
  Set: 316 Way: 0 Address: 0x397bb4f3c
  Set: 317 Way: 0 Address: 0x397bb4f7c
  Set: 318 Way: 0 Address: 0x397bb4fbc
  Set: 319 Way: 0 Address: 0x397bb4ff4
  Set: 320 Way: 0 Address: 0x195f15010
  Set: 353 Way: 0 Address: 0x195f15860
  Set: 640 Way: 0 Address: 0x229b9a000
  Set: 644 Way: 0 Address: 0x223eda110
  Set: 768 Way: 0 Address: 0xdf85c000
  Set: 768 Way: 1 Address: 0x29484c000
  Set: 769 Way: 0 Address: 0x29484c07c
  Set: 770 Way: 0 Address: 0x29484c09c
  Set: 771 Way: 0 Address: 0x29484c0fc
  Set: 772 Way: 0 Address: 0x29484c100
  Set: 773 Way: 0 Address: 0x29484c16c
  Set: 774 Way: 0 Address: 0x29484c1ac
  Set: 775 Way: 0 Address: 0x29484c1fc
  Set: 776 Way: 0 Address: 0x29484c224
  Set: 777 Way: 0 Address: 0x29484c27c
  Set: 778 Way: 0 Address: 0x29484c28c
  Set: 779 Way: 0 Address: 0x29484c2c4
  Set: 780 Way: 0 Address: 0x29484c33c
  Set: 781 Way: 0 Address: 0x29484c36c
  Set: 782 Way: 0 Address: 0x29484c3bc
  Set: 783 Way: 0 Address: 0x29484c3fc
  Set: 784 Way: 0 Address: 0x29484c43c
  Set: 785 Way: 0 Address: 0x29484c47c
  Set: 786 Way: 0 Address: 0x29484c4bc
  Set: 787 Way: 0 Address: 0x29484c4e4
  Set: 896 Way: 0 Address: 0x28b67e000
  Set: 907 Way: 0 Address: 0x1f919e2d0
  Set: 908 Way: 0 Address: 0x1f919e30f
  Set: 909 Way: 0 Address: 0x1f919e342
EndCache
Cache: cpu0_L1I
  Set: 11 Way: 0 Address: 0x1f919e2f9
  Set: 12 Way: 0 Address: 0x1f919e300
  Set: 13 Way: 0 Address: 0x1f919e342
EndCache
Cache: cpu0_L1D
  Set: 0 Way: 0 Address: 0xdf85c000
  Set: 0 Way: 1 Address: 0x28b67e000
  Set: 0 Way: 2 Address: 0x229b9a000
  Set: 0 Way: 3 Address: 0x195f15010
  Set: 0 Way: 4 Address: 0x397bb4030
  Set: 0 Way: 5 Address: 0x29484c000
  Set: 1 Way: 0 Address: 0x113201050
  Set: 1 Way: 1 Address: 0x397bb404c
  Set: 1 Way: 2 Address: 0x29484c07c
  Set: 2 Way: 0 Address: 0x29484c0a0
  Set: 2 Way: 1 Address: 0x397bb4084
  Set: 3 Way: 0 Address: 0x397bb40e0
  Set: 3 Way: 1 Address: 0x29484c0fc
  Set: 4 Way: 0 Address: 0x9cff2100
  Set: 4 Way: 1 Address: 0x2a4841108
  Set: 4 Way: 2 Address: 0x223eda110
  Set: 4 Way: 3 Address: 0x29484c100
  Set: 4 Way: 4 Address: 0x397bb413c
  Set: 5 Way: 0 Address: 0x29484c170
  Set: 5 Way: 1 Address: 0x397bb4140
  Set: 6 Way: 0 Address: 0x29484c1b0
  Set: 6 Way: 1 Address: 0x397bb41bc
  Set: 7 Way: 0 Address: 0x29484c1fc
  Set: 7 Way: 1 Address: 0x397bb41fc
  Set: 8 Way: 0 Address: 0x29484c224
  Set: 8 Way: 1 Address: 0x397bb4218
  Set: 9 Way: 0 Address: 0x397bb426c
  Set: 9 Way: 1 Address: 0x29484c27c
  Set: 10 Way: 0 Address: 0x397bb42bc
  Set: 10 Way: 1 Address: 0x29484c28c
  Set: 11 Way: 0 Address: 0x397bb42f4
  Set: 11 Way: 1 Address: 0x29484c2c4
  Set: 12 Way: 0 Address: 0x397bb4330
  Set: 12 Way: 1 Address: 0x29484c33c
  Set: 13 Way: 0 Address: 0x397bb437c
  Set: 13 Way: 1 Address: 0x29484c370
  Set: 14 Way: 0 Address: 0x397bb4380
  Set: 14 Way: 1 Address: 0x29484c3bc
  Set: 15 Way: 0 Address: 0x397bb43d4
  Set: 15 Way: 1 Address: 0x29484c3fc
  Set: 16 Way: 0 Address: 0x29484c43c
  Set: 16 Way: 1 Address: 0x397bb4434
  Set: 17 Way: 0 Address: 0x3c56b3450
  Set: 17 Way: 1 Address: 0x29484c47c
  Set: 17 Way: 2 Address: 0x397bb4478
  Set: 18 Way: 0 Address: 0x3c56b348c
  Set: 18 Way: 1 Address: 0x29484c4bc
  Set: 18 Way: 2 Address: 0x397bb4498
  Set: 19 Way: 0 Address: 0x29484c4e4
  Set: 19 Way: 1 Address: 0x3c56b34e4
  Set: 19 Way: 2 Address: 0x397bb44fc
  Set: 20 Way: 0 Address: 0x3c56b351c
  Set: 20 Way: 1 Address: 0x397bb450c
  Set: 21 Way: 0 Address: 0x3c56b3560
  Set: 21 Way: 1 Address: 0x397bb4554
  Set: 22 Way: 0 Address: 0x3c56b358c
  Set: 22 Way: 1 Address: 0x397bb4580
  Set: 23 Way: 0 Address: 0x3c56b35fc
  Set: 23 Way: 1 Address: 0x397bb45cc
  Set: 24 Way: 0 Address: 0x3c56b3610
  Set: 24 Way: 1 Address: 0x397bb463c
  Set: 25 Way: 0 Address: 0x3c56b365c
  Set: 25 Way: 1 Address: 0x397bb4650
  Set: 26 Way: 0 Address: 0x3c56b3688
  Set: 26 Way: 1 Address: 0x397bb46b8
  Set: 27 Way: 0 Address: 0x3c56b36e4
  Set: 27 Way: 1 Address: 0x397bb46fc
  Set: 28 Way: 0 Address: 0x3c56b3734
  Set: 28 Way: 1 Address: 0x397bb473c
  Set: 29 Way: 0 Address: 0x397bb4740
  Set: 29 Way: 1 Address: 0x3c56b374c
  Set: 30 Way: 0 Address: 0x397bb47bc
  Set: 30 Way: 1 Address: 0x3c56b37b0
  Set: 31 Way: 0 Address: 0x3c56b37e8
  Set: 31 Way: 1 Address: 0x397bb47fc
  Set: 32 Way: 0 Address: 0x397bb4800
  Set: 32 Way: 1 Address: 0x3c56b380c
  Set: 33 Way: 0 Address: 0x195f15860
  Set: 33 Way: 1 Address: 0x263c13860
  Set: 33 Way: 2 Address: 0x3c56b387c
  Set: 33 Way: 3 Address: 0x397bb4840
  Set: 34 Way: 0 Address: 0x3c56b3880
  Set: 34 Way: 1 Address: 0x397bb4894
  Set: 35 Way: 0 Address: 0x3c56b38d8
  Set: 35 Way: 1 Address: 0x397bb48fc
  Set: 36 Way: 0 Address: 0x3c56b392c
  Set: 36 Way: 1 Address: 0x397bb4920
  Set: 37 Way: 0 Address: 0x397bb4968
  Set: 37 Way: 1 Address: 0x3c56b397c
  Set: 38 Way: 0 Address: 0x3c56b3994
  Set: 38 Way: 1 Address: 0x397bb49b4
  Set: 39 Way: 0 Address: 0x3c56b39e4
  Set: 39 Way: 1 Address: 0x397bb49c0
  Set: 40 Way: 0 Address: 0x3c56b3a34
  Set: 40 Way: 1 Address: 0x397bb4a2c
  Set: 41 Way: 0 Address: 0x3c56b3a60
  Set: 41 Way: 1 Address: 0x397bb4a54
  Set: 42 Way: 0 Address: 0x3c56b3a8c
  Set: 42 Way: 1 Address: 0x397bb4a8c
  Set: 43 Way: 0 Address: 0x397bb4ae8
  Set: 43 Way: 1 Address: 0x3c56b3afc
  Set: 44 Way: 0 Address: 0x3c56b3b28
  Set: 44 Way: 1 Address: 0x397bb4b10
  Set: 45 Way: 0 Address: 0x397bb4b7c
  Set: 45 Way: 1 Address: 0x3c56b3b54
  Set: 46 Way: 0 Address: 0x3c56b3b98
  Set: 46 Way: 1 Address: 0x397bb4b80
  Set: 47 Way: 0 Address: 0x3c56b3bdc
  Set: 47 Way: 1 Address: 0x397bb4bfc
  Set: 48 Way: 0 Address: 0x397bb4c28
  Set: 48 Way: 1 Address: 0x3c56b3c08
  Set: 49 Way: 0 Address: 0x3c56b3c58
  Set: 49 Way: 1 Address: 0x397bb4c60
  Set: 50 Way: 0 Address: 0x3c56b3ca4
  Set: 50 Way: 1 Address: 0x397bb4c94
  Set: 51 Way: 0 Address: 0x3c56b3cc4
  Set: 51 Way: 1 Address: 0x397bb4cd0
  Set: 52 Way: 0 Address: 0x3c56b3d3c
  Set: 52 Way: 1 Address: 0x397bb4d3c
  Set: 53 Way: 0 Address: 0x3c56b3d78
  Set: 53 Way: 1 Address: 0x397bb4d7c
  Set: 54 Way: 0 Address: 0x3c56b3dbc
  Set: 54 Way: 1 Address: 0x397bb4d88
  Set: 55 Way: 0 Address: 0x3c56b3dfc
  Set: 55 Way: 1 Address: 0x397bb4dfc
  Set: 56 Way: 0 Address: 0x3c56b3e1c
  Set: 56 Way: 1 Address: 0x397bb4e3c
  Set: 57 Way: 0 Address: 0x3c56b3e68
  Set: 57 Way: 1 Address: 0x397bb4e7c
  Set: 58 Way: 0 Address: 0x3c56b3ebc
  Set: 58 Way: 1 Address: 0x397bb4ebc
  Set: 59 Way: 0 Address: 0x3c56b3ef4
  Set: 59 Way: 1 Address: 0x397bb4efc
  Set: 60 Way: 0 Address: 0x3c56b3f34
  Set: 60 Way: 1 Address: 0x397bb4f3c
  Set: 61 Way: 0 Address: 0x3c56b3f48
  Set: 61 Way: 1 Address: 0x397bb4f7c
  Set: 62 Way: 0 Address: 0x3c56b3f90
  Set: 62 Way: 1 Address: 0x397bb4fbc
  Set: 63 Way: 0 Address: 0x3c56b3fdc
  Set: 63 Way: 1 Address: 0x397bb4ff4
EndCache
Cache: cpu0_ITLB
  Set: 10 Way: 0 Address: 0x40a300
EndCache
Cache: cpu0_DTLB
  Set: 0 Way: 0 Address: 0x21820450
  Set: 1 Way: 0 Address: 0x218212f4
  Set: 2 Way: 0 Address: 0x218224e4
EndCache
Cache: LLC
  Set: 65 Way: 0 Address: 0x113201050
  Set: 68 Way: 0 Address: 0x2a4841108
  Set: 768 Way: 0 Address: 0x29484c000
  Set: 769 Way: 0 Address: 0x29484c07c
  Set: 770 Way: 0 Address: 0x29484c09c
  Set: 771 Way: 0 Address: 0x29484c0fc
  Set: 772 Way: 0 Address: 0x29484c100
  Set: 773 Way: 0 Address: 0x29484c16c
  Set: 774 Way: 0 Address: 0x29484c1ac
  Set: 775 Way: 0 Address: 0x29484c1fc
  Set: 776 Way: 0 Address: 0x29484c224
  Set: 777 Way: 0 Address: 0x29484c27c
  Set: 778 Way: 0 Address: 0x29484c28c
  Set: 779 Way: 0 Address: 0x29484c2c4
  Set: 780 Way: 0 Address: 0x29484c33c
  Set: 781 Way: 0 Address: 0x29484c36c
  Set: 782 Way: 0 Address: 0x29484c3bc
  Set: 783 Way: 0 Address: 0x29484c3fc
  Set: 784 Way: 0 Address: 0x29484c43c
  Set: 785 Way: 0 Address: 0x29484c47c
  Set: 786 Way: 0 Address: 0x29484c4bc
  Set: 787 Way: 0 Address: 0x29484c4e4
  Set: 1156 Way: 0 Address: 0x9cff2100
  Set: 1233 Way: 0 Address: 0x3c56b3440
  Set: 1234 Way: 0 Address: 0x3c56b348c
  Set: 1235 Way: 0 Address: 0x3c56b34e4
  Set: 1236 Way: 0 Address: 0x3c56b351c
  Set: 1237 Way: 0 Address: 0x3c56b355c
  Set: 1238 Way: 0 Address: 0x3c56b358c
  Set: 1239 Way: 0 Address: 0x3c56b35fc
  Set: 1240 Way: 0 Address: 0x3c56b3610
  Set: 1241 Way: 0 Address: 0x3c56b365c
  Set: 1242 Way: 0 Address: 0x3c56b3684
  Set: 1243 Way: 0 Address: 0x3c56b36e4
  Set: 1244 Way: 0 Address: 0x3c56b3734
  Set: 1245 Way: 0 Address: 0x3c56b374c
  Set: 1246 Way: 0 Address: 0x3c56b37ac
  Set: 1247 Way: 0 Address: 0x3c56b37e8
  Set: 1248 Way: 0 Address: 0x3c56b380c
  Set: 1249 Way: 0 Address: 0x263c13860
  Set: 1249 Way: 1 Address: 0x3c56b387c
  Set: 1250 Way: 0 Address: 0x3c56b3880
  Set: 1251 Way: 0 Address: 0x3c56b38d4
  Set: 1252 Way: 0 Address: 0x3c56b392c
  Set: 1253 Way: 0 Address: 0x3c56b397c
  Set: 1254 Way: 0 Address: 0x3c56b3994
  Set: 1255 Way: 0 Address: 0x3c56b39e4
  Set: 1256 Way: 0 Address: 0x3c56b3a34
  Set: 1257 Way: 0 Address: 0x3c56b3a5c
  Set: 1258 Way: 0 Address: 0x3c56b3a8c
  Set: 1259 Way: 0 Address: 0x3c56b3afc
  Set: 1260 Way: 0 Address: 0x3c56b3b24
  Set: 1261 Way: 0 Address: 0x3c56b3b54
  Set: 1262 Way: 0 Address: 0x3c56b3b94
  Set: 1263 Way: 0 Address: 0x3c56b3bdc
  Set: 1264 Way: 0 Address: 0x3c56b3c04
  Set: 1265 Way: 0 Address: 0x3c56b3c54
  Set: 1266 Way: 0 Address: 0x3c56b3ca4
  Set: 1267 Way: 0 Address: 0x3c56b3cc4
  Set: 1268 Way: 0 Address: 0x3c56b3d3c
  Set: 1269 Way: 0 Address: 0x3c56b3d74
  Set: 1270 Way: 0 Address: 0x3c56b3dbc
  Set: 1271 Way: 0 Address: 0x3c56b3dfc
  Set: 1272 Way: 0 Address: 0x3c56b3e1c
  Set: 1273 Way: 0 Address: 0x3c56b3e64
  Set: 1274 Way: 0 Address: 0x3c56b3ebc
  Set: 1275 Way: 0 Address: 0x3c56b3ef4
  Set: 1276 Way: 0 Address: 0x3c56b3f34
  Set: 1277 Way: 0 Address: 0x3c56b3f44
  Set: 1278 Way: 0 Address: 0x3c56b3f8c
  Set: 1279 Way: 0 Address: 0x3c56b3fdc
  Set: 1280 Way: 0 Address: 0x397bb402c
  Set: 1281 Way: 0 Address: 0x397bb404c
  Set: 1282 Way: 0 Address: 0x397bb4084
  Set: 1283 Way: 0 Address: 0x397bb40dc
  Set: 1284 Way: 0 Address: 0x397bb413c
  Set: 1285 Way: 0 Address: 0x397bb4140
  Set: 1286 Way: 0 Address: 0x397bb41bc
  Set: 1287 Way: 0 Address: 0x397bb41fc
  Set: 1288 Way: 0 Address: 0x397bb4214
  Set: 1289 Way: 0 Address: 0x397bb426c
  Set: 1290 Way: 0 Address: 0x397bb42bc
  Set: 1291 Way: 0 Address: 0x397bb42f4
  Set: 1292 Way: 0 Address: 0x397bb432c
  Set: 1293 Way: 0 Address: 0x397bb437c
  Set: 1294 Way: 0 Address: 0x397bb4380
  Set: 1295 Way: 0 Address: 0x397bb43d4
  Set: 1296 Way: 0 Address: 0x397bb4434
  Set: 1297 Way: 0 Address: 0x397bb4474
  Set: 1298 Way: 0 Address: 0x397bb4494
  Set: 1299 Way: 0 Address: 0x397bb44fc
  Set: 1300 Way: 0 Address: 0x397bb450c
  Set: 1301 Way: 0 Address: 0x397bb4554
  Set: 1302 Way: 0 Address: 0x397bb4580
  Set: 1303 Way: 0 Address: 0x397bb45cc
  Set: 1304 Way: 0 Address: 0x397bb463c
  Set: 1305 Way: 0 Address: 0x397bb464c
  Set: 1306 Way: 0 Address: 0x397bb46b4
  Set: 1307 Way: 0 Address: 0x397bb46fc
  Set: 1308 Way: 0 Address: 0x397bb473c
  Set: 1309 Way: 0 Address: 0x397bb4740
  Set: 1310 Way: 0 Address: 0x397bb47bc
  Set: 1311 Way: 0 Address: 0x397bb47fc
  Set: 1312 Way: 0 Address: 0x397bb4800
  Set: 1313 Way: 0 Address: 0x397bb4840
  Set: 1314 Way: 0 Address: 0x397bb4894
  Set: 1315 Way: 0 Address: 0x397bb48fc
  Set: 1316 Way: 0 Address: 0x397bb491c
  Set: 1317 Way: 0 Address: 0x397bb4964
  Set: 1318 Way: 0 Address: 0x397bb49b4
  Set: 1319 Way: 0 Address: 0x397bb49c0
  Set: 1320 Way: 0 Address: 0x397bb4a2c
  Set: 1321 Way: 0 Address: 0x397bb4a54
  Set: 1322 Way: 0 Address: 0x397bb4a8c
  Set: 1323 Way: 0 Address: 0x397bb4ae4
  Set: 1324 Way: 0 Address: 0x397bb4b0c
  Set: 1325 Way: 0 Address: 0x397bb4b7c
  Set: 1326 Way: 0 Address: 0x397bb4b80
  Set: 1327 Way: 0 Address: 0x397bb4bfc
  Set: 1328 Way: 0 Address: 0x397bb4c24
  Set: 1329 Way: 0 Address: 0x397bb4c5c
  Set: 1330 Way: 0 Address: 0x397bb4c94
  Set: 1331 Way: 0 Address: 0x397bb4ccc
  Set: 1332 Way: 0 Address: 0x397bb4d3c
  Set: 1333 Way: 0 Address: 0x397bb4d7c
  Set: 1334 Way: 0 Address: 0x397bb4d84
  Set: 1335 Way: 0 Address: 0x397bb4dfc
  Set: 1336 Way: 0 Address: 0x397bb4e3c
  Set: 1337 Way: 0 Address: 0x397bb4e7c
  Set: 1338 Way: 0 Address: 0x397bb4ebc
  Set: 1339 Way: 0 Address: 0x397bb4efc
  Set: 1340 Way: 0 Address: 0x397bb4f3c
  Set: 1341 Way: 0 Address: 0x397bb4f7c
  Set: 1342 Way: 0 Address: 0x397bb4fbc
  Set: 1343 Way: 0 Address: 0x397bb4ff4
  Set: 1344 Way: 0 Address: 0x195f15010
  Set: 1377 Way: 0 Address: 0x195f15860
  Set: 1664 Way: 0 Address: 0x229b9a000
  Set: 1668 Way: 0 Address: 0x223eda110
  Set: 1792 Way: 0 Address: 0xdf85c000
  Set: 1920 Way: 0 Address: 0x28b67e000
  Set: 1931 Way: 0 Address: 0x1f919e2d0
  Set: 1932 Way: 0 Address: 0x1f919e30f
  Set: 1933 Way: 0 Address: 0x1f919e342
EndCache
