Cache: cpu0_STLB
  Set: 0 Way: 0 Address: 0x400330
  Set: 40 Way: 0 Address: 0x728028
  Set: 41 Way: 0 Address: 0x7294b0
  Set: 44 Way: 0 Address: 0x42cf00
  Set: 45 Way: 0 Address: 0x42d0fb
  Set: 46 Way: 0 Address: 0x42e220
  Set: 47 Way: 0 Address: 0x42f3a0
  Set: 48 Way: 0 Address: 0x430d8b
  Set: 49 Way: 0 Address: 0x4317b0
  Set: 50 Way: 0 Address: 0x43233a
  Set: 51 Way: 0 Address: 0x7fff425b3fa8
  Set: 52 Way: 0 Address: 0x7fff425b43e0
  Set: 80 Way: 0 Address: 0x4d0088
  Set: 97 Way: 0 Address: 0x461bf0
  Set: 107 Way: 0 Address: 0x4ebda0
  Set: 111 Way: 0 Address: 0x4ef708
  Set: 113 Way: 0 Address: 0x4711d0
  Set: 114 Way: 0 Address: 0x472030
  Set: 115 Way: 0 Address: 0x4f33e0
  Set: 126 Way: 0 Address: 0x4fe6b0
EndCache
Cache: cpu0_L2C
  Set: 64 Way: 0 Address: 0x113201000
  Set: 69 Way: 0 Address: 0x113201178
  Set: 78 Way: 0 Address: 0x113201388
  Set: 101 Way: 0 Address: 0xf6e81948
  Set: 127 Way: 0 Address: 0x2a4841fe8
  Set: 133 Way: 0 Address: 0x9cff2168
  Set: 133 Way: 1 Address: 0x1c84e2168
  Set: 133 Way: 2 Address: 0x1995f2170
  Set: 134 Way: 0 Address: 0x1995f2180
  Set: 142 Way: 0 Address: 0x9cff2390
  Set: 146 Way: 0 Address: 0x6d0c24b0
  Set: 147 Way: 0 Address: 0x6d0c24f0
  Set: 158 Way: 0 Address: 0x133c92798
  Set: 159 Way: 0 Address: 0x1c84e27f0
  Set: 199 Way: 0 Address: 0x3c56b31d0
  Set: 200 Way: 0 Address: 0x3c56b3210
  Set: 201 Way: 0 Address: 0x3c56b3242
  Set: 223 Way: 0 Address: 0x263c137f8
  Set: 252 Way: 0 Address: 0x2b2e93f00
  Set: 253 Way: 0 Address: 0x2b2e93f41
  Set: 254 Way: 0 Address: 0x2b2e93f80
  Set: 255 Way: 0 Address: 0x2b2e93fc4
  Set: 256 Way: 0 Address: 0x397bb4030
  Set: 256 Way: 1 Address: 0x129934020
  Set: 257 Way: 0 Address: 0x397bb4047
  Set: 257 Way: 1 Address: 0x129934040
  Set: 258 Way: 0 Address: 0x397bb4083
  Set: 258 Way: 1 Address: 0x129934080
  Set: 259 Way: 0 Address: 0x397bb40c2
  Set: 259 Way: 1 Address: 0x1299340c0
  Set: 260 Way: 0 Address: 0x129934100
  Set: 260 Way: 1 Address: 0x1ab4410d
  Set: 261 Way: 0 Address: 0x3c1074160
  Set: 261 Way: 1 Address: 0x129934178
  Set: 261 Way: 2 Address: 0x1ab44144
  Set: 262 Way: 0 Address: 0x1299341b8
  Set: 262 Way: 1 Address: 0x1ab44190
  Set: 263 Way: 0 Address: 0x1299341f8
  Set: 264 Way: 0 Address: 0x129934238
  Set: 265 Way: 0 Address: 0x129934240
  Set: 266 Way: 0 Address: 0x129934288
  Set: 267 Way: 0 Address: 0x1299342c0
  Set: 268 Way: 0 Address: 0x3c1074308
  Set: 268 Way: 1 Address: 0x129934300
  Set: 268 Way: 2 Address: 0x1ab4433a
  Set: 269 Way: 0 Address: 0x129934370
  Set: 269 Way: 1 Address: 0x1ab44358
  Set: 270 Way: 0 Address: 0x3de4d4388
  Set: 270 Way: 1 Address: 0x1299343a8
  Set: 270 Way: 2 Address: 0x1ab44390
  Set: 271 Way: 0 Address: 0x1299343e0
  Set: 272 Way: 0 Address: 0x129934408
  Set: 273 Way: 0 Address: 0x129934478
  Set: 274 Way: 0 Address: 0x1299344b8
  Set: 275 Way: 0 Address: 0x1299344f0
  Set: 276 Way: 0 Address: 0x129934528
  Set: 277 Way: 0 Address: 0x129934540
  Set: 278 Way: 0 Address: 0x1299345b8
  Set: 279 Way: 0 Address: 0x1299345f8
  Set: 280 Way: 0 Address: 0x129934638
  Set: 281 Way: 0 Address: 0x129934678
  Set: 282 Way: 0 Address: 0x1299346b0
  Set: 283 Way: 0 Address: 0x1299346c0
  Set: 284 Way: 0 Address: 0x129934700
  Set: 285 Way: 0 Address: 0x129934740
  Set: 286 Way: 0 Address: 0x129934780
  Set: 287 Way: 0 Address: 0x1299347c0
  Set: 290 Way: 0 Address: 0x129934898
  Set: 291 Way: 0 Address: 0x1299348f8
  Set: 292 Way: 0 Address: 0x129934938
  Set: 293 Way: 0 Address: 0x129934978
  Set: 294 Way: 0 Address: 0x129934998
  Set: 300 Way: 0 Address: 0x129934b38
  Set: 301 Way: 0 Address: 0x397bb4b70
  Set: 301 Way: 1 Address: 0x129934b78
  Set: 302 Way: 0 Address: 0x397bb4b80
  Set: 302 Way: 1 Address: 0x129934bb8
  Set: 303 Way: 0 Address: 0x129934bf8
  Set: 304 Way: 0 Address: 0x129934c38
  Set: 320 Way: 0 Address: 0x195f15010
  Set: 325 Way: 0 Address: 0x354d35160
  Set: 349 Way: 0 Address: 0x354d35758
  Set: 384 Way: 0 Address: 0x43736018
  Set: 386 Way: 0 Address: 0x211d16088
  Set: 390 Way: 0 Address: 0x84896190
  Set: 396 Way: 0 Address: 0x3dae66308
  Set: 410 Way: 0 Address: 0x84896680
  Set: 413 Way: 0 Address: 0x3dae66778
  Set: 472 Way: 0 Address: 0x309887610
  Set: 474 Way: 0 Address: 0x3098876b0
  Set: 474 Way: 1 Address: 0x276ff7680
  Set: 477 Way: 0 Address: 0x276ff7758
  Set: 512 Way: 0 Address: 0x1aafb8007
  Set: 513 Way: 0 Address: 0x1aafb8042
  Set: 514 Way: 0 Address: 0x1aafb8080
  Set: 515 Way: 0 Address: 0x1aafb80fb
  Set: 516 Way: 0 Address: 0x1aafb8101
  Set: 517 Way: 0 Address: 0x1aafb8140
  Set: 518 Way: 0 Address: 0x1aafb8182
  Set: 566 Way: 0 Address: 0x201598da0
  Set: 566 Way: 1 Address: 0xc7078d98
  Set: 582 Way: 0 Address: 0x2ee369180
  Set: 613 Way: 0 Address: 0x292959940
  Set: 640 Way: 0 Address: 0x229b9a000
  Set: 640 Way: 1 Address: 0x1d89da000
  Set: 652 Way: 0 Address: 0x223eda330
  Set: 751 Way: 0 Address: 0x394edbbf0
  Set: 752 Way: 0 Address: 0x394edbc02
  Set: 753 Way: 0 Address: 0x394edbc40
  Set: 754 Way: 0 Address: 0x394edbc82
  Set: 768 Way: 0 Address: 0xdf85c000
  Set: 768 Way: 1 Address: 0x12c6fc028
  Set: 770 Way: 0 Address: 0x29484c090
  Set: 790 Way: 0 Address: 0x38e35c5a0
  Set: 791 Way: 0 Address: 0x38e35c5f8
  Set: 792 Way: 0 Address: 0x38e35c638
  Set: 793 Way: 0 Address: 0x38e35c678
  Set: 794 Way: 0 Address: 0x38e35c6a8
  Set: 796 Way: 0 Address: 0x38e35c708
  Set: 797 Way: 0 Address: 0x38e35c778
  Set: 798 Way: 0 Address: 0x38e35c7b8
  Set: 799 Way: 0 Address: 0x38e35c7f8
  Set: 800 Way: 0 Address: 0x38e35c808
  Set: 801 Way: 0 Address: 0x38e35c868
  Set: 838 Way: 0 Address: 0x23755d190
  Set: 838 Way: 1 Address: 0x5588d190
  Set: 839 Way: 0 Address: 0x23755d1f0
  Set: 840 Way: 0 Address: 0x23755d220
  Set: 841 Way: 0 Address: 0x23755d242
  Set: 842 Way: 0 Address: 0x23755d282
  Set: 843 Way: 0 Address: 0x23755d2c3
  Set: 844 Way: 0 Address: 0x23755d301
  Set: 845 Way: 0 Address: 0x23755d340
  Set: 849 Way: 0 Address: 0x23755d459
  Set: 850 Way: 0 Address: 0x23755d481
  Set: 862 Way: 0 Address: 0x5588d798
  Set: 884 Way: 0 Address: 0x1addd00
  Set: 886 Way: 0 Address: 0x1addda0
  Set: 896 Way: 0 Address: 0x28b67e000
  Set: 901 Way: 0 Address: 0x3734ee170
  Set: 904 Way: 0 Address: 0x1f919e220
  Set: 905 Way: 0 Address: 0x1f919e241
  Set: 906 Way: 0 Address: 0x1f919e2a0
  Set: 907 Way: 0 Address: 0x1f919e2d7
  Set: 908 Way: 0 Address: 0x1f919e303
  Set: 909 Way: 0 Address: 0x1f919e340
  Set: 910 Way: 0 Address: 0x1f919e3a0
  Set: 911 Way: 0 Address: 0x1f919e3c3
  Set: 911 Way: 1 Address: 0x1c084e3e0
  Set: 912 Way: 0 Address: 0x1f919e408
  Set: 927 Way: 0 Address: 0x28b67e7f8
  Set: 927 Way: 1 Address: 0x3734ee7f0
  Set: 949 Way: 0 Address: 0x2f5d8ed70
  Set: 950 Way: 0 Address: 0x2f5d8ed8b
  Set: 951 Way: 0 Address: 0x2f5d8edf0
  Set: 952 Way: 0 Address: 0x2f5d8ee00
  Set: 953 Way: 0 Address: 0x2f5d8ee41
  Set: 954 Way: 0 Address: 0x2f5d8ee80
  Set: 955 Way: 0 Address: 0x2f5d8eec2
  Set: 956 Way: 0 Address: 0x2f5d8ef01
  Set: 957 Way: 0 Address: 0x2f5d8ef44
  Set: 958 Way: 0 Address: 0x2f5d8ef80
  Set: 959 Way: 0 Address: 0x2f5d8efc1
  Set: 960 Way: 0 Address: 0x143ef00d
  Set: 961 Way: 0 Address: 0x143ef060
  Set: 962 Way: 0 Address: 0x143ef085
  Set: 963 Way: 0 Address: 0x143ef0c1
  Set: 964 Way: 0 Address: 0x143ef102
  Set: 965 Way: 0 Address: 0x143ef150
  Set: 966 Way: 0 Address: 0xee86f188
  Set: 966 Way: 1 Address: 0x143ef190
  Set: 967 Way: 0 Address: 0x143ef1e0
  Set: 968 Way: 0 Address: 0x143ef208
  Set: 969 Way: 0 Address: 0x143ef240
  Set: 970 Way: 0 Address: 0x143ef283
  Set: 971 Way: 0 Address: 0x143ef2c2
  Set: 972 Way: 0 Address: 0x143ef302
  Set: 973 Way: 0 Address: 0x143ef341
  Set: 974 Way: 0 Address: 0x143ef380
  Set: 975 Way: 0 Address: 0x143ef3c2
  Set: 976 Way: 0 Address: 0x143ef404
  Set: 978 Way: 0 Address: 0x143ef490
  Set: 979 Way: 0 Address: 0x143ef4c1
  Set: 983 Way: 0 Address: 0x143ef5e0
  Set: 988 Way: 0 Address: 0x143ef731
  Set: 989 Way: 0 Address: 0xee86f778
  Set: 989 Way: 1 Address: 0x143ef76e
  Set: 990 Way: 0 Address: 0x143ef7b0
  Set: 991 Way: 0 Address: 0x143ef7c1
  Set: 992 Way: 0 Address: 0x143ef802
  Set: 993 Way: 0 Address: 0x143ef841
  Set: 994 Way: 0 Address: 0x143ef887
  Set: 995 Way: 0 Address: 0x143ef8c3
  Set: 996 Way: 0 Address: 0x143ef901
  Set: 997 Way: 0 Address: 0x143ef969
  Set: 998 Way: 0 Address: 0x143ef980
  Set: 998 Way: 1 Address: 0x16390f9a8
  Set: 999 Way: 0 Address: 0x143ef9c2
  Set: 999 Way: 1 Address: 0x16390f9e8
  Set: 1000 Way: 0 Address: 0x143efa05
  Set: 1000 Way: 1 Address: 0x16390fa38
  Set: 1001 Way: 0 Address: 0x143efa41
  Set: 1001 Way: 1 Address: 0x16390fa78
  Set: 1002 Way: 0 Address: 0x143efa81
  Set: 1002 Way: 1 Address: 0x16390fa88
  Set: 1003 Way: 0 Address: 0x143efae7
  Set: 1003 Way: 1 Address: 0x16390faf8
  Set: 1004 Way: 0 Address: 0x143efb14
  Set: 1004 Way: 1 Address: 0x16390fb38
  Set: 1005 Way: 0 Address: 0x143efb40
  Set: 1005 Way: 1 Address: 0x16390fb40
  Set: 1006 Way: 0 Address: 0x143efba6
  Set: 1006 Way: 1 Address: 0x16390fb88
  Set: 1007 Way: 0 Address: 0x143efbc0
  Set: 1007 Way: 1 Address: 0x16390fbc0
  Set: 1008 Way: 0 Address: 0x16390fc00
  Set: 1009 Way: 0 Address: 0x16390fc70
  Set: 1010 Way: 0 Address: 0x16390fc80
  Set: 1011 Way: 0 Address: 0x16390fce0
  Set: 1012 Way: 0 Address: 0x16390fd00
  Set: 1013 Way: 0 Address: 0x16390fd40
  Set: 1014 Way: 0 Address: 0x16390fd80
  Set: 1015 Way: 0 Address: 0x143efdf0
  Set: 1015 Way: 1 Address: 0x16390fdc0
  Set: 1016 Way: 0 Address: 0x16390fe28
  Set: 1016 Way: 1 Address: 0x143efe01
  Set: 1017 Way: 0 Address: 0x16390fe68
  Set: 1017 Way: 1 Address: 0x143efe40
  Set: 1018 Way: 0 Address: 0x16390fe80
  Set: 1018 Way: 1 Address: 0x143efe81
  Set: 1019 Way: 0 Address: 0x16390fec0
  Set: 1019 Way: 1 Address: 0x143efee7
  Set: 1020 Way: 0 Address: 0x16390ff00
  Set: 1020 Way: 1 Address: 0x143eff02
  Set: 1021 Way: 0 Address: 0x16390ff78
  Set: 1021 Way: 1 Address: 0x143eff40
  Set: 1022 Way: 0 Address: 0x16390ffa8
  Set: 1022 Way: 1 Address: 0x143eff86
  Set: 1023 Way: 0 Address: 0x16390ffc0
  Set: 1023 Way: 1 Address: 0x143effc7
EndCache
Cache: cpu0_L1I
  Set: 0 Way: 0 Address: 0x397bb4030
  Set: 0 Way: 1 Address: 0x1aafb8007
  Set: 0 Way: 2 Address: 0x143ef00d
  Set: 1 Way: 0 Address: 0x397bb4055
  Set: 1 Way: 1 Address: 0x1aafb8042
  Set: 1 Way: 2 Address: 0x143ef060
  Set: 2 Way: 0 Address: 0x397bb4096
  Set: 2 Way: 1 Address: 0x143ef085
  Set: 2 Way: 2 Address: 0x1aafb8080
  Set: 3 Way: 0 Address: 0x397bb40c2
  Set: 3 Way: 1 Address: 0x1aafb80fb
  Set: 3 Way: 2 Address: 0x143ef0c1
  Set: 4 Way: 0 Address: 0x1aafb8101
  Set: 4 Way: 1 Address: 0x143ef102
  Set: 4 Way: 2 Address: 0x1ab4410d
  Set: 5 Way: 0 Address: 0x1aafb8140
  Set: 5 Way: 1 Address: 0x143ef150
  Set: 5 Way: 2 Address: 0x1ab44144
  Set: 6 Way: 0 Address: 0x23755d190
  Set: 6 Way: 1 Address: 0x143ef1ad
  Set: 6 Way: 2 Address: 0x1aafb8182
  Set: 6 Way: 3 Address: 0x1ab44190
  Set: 7 Way: 0 Address: 0x3c56b31d0
  Set: 7 Way: 1 Address: 0x23755d1f0
  Set: 7 Way: 2 Address: 0x143ef1e0
  Set: 8 Way: 0 Address: 0x3c56b3232
  Set: 8 Way: 1 Address: 0x1f919e220
  Set: 8 Way: 2 Address: 0x23755d220
  Set: 8 Way: 3 Address: 0x143ef208
  Set: 9 Way: 0 Address: 0x3c56b3242
  Set: 9 Way: 1 Address: 0x1f919e277
  Set: 9 Way: 2 Address: 0x23755d242
  Set: 9 Way: 3 Address: 0x143ef268
  Set: 10 Way: 0 Address: 0x1f919e2a0
  Set: 10 Way: 1 Address: 0x143ef283
  Set: 10 Way: 2 Address: 0x23755d282
  Set: 11 Way: 0 Address: 0x1f919e2f0
  Set: 11 Way: 1 Address: 0x143ef2c2
  Set: 11 Way: 2 Address: 0x23755d2ee
  Set: 12 Way: 0 Address: 0x223eda330
  Set: 12 Way: 1 Address: 0x1f919e303
  Set: 12 Way: 2 Address: 0x143ef302
  Set: 12 Way: 3 Address: 0x23755d329
  Set: 12 Way: 4 Address: 0x1ab4433a
  Set: 13 Way: 0 Address: 0x1f919e340
  Set: 13 Way: 1 Address: 0x143ef369
  Set: 13 Way: 2 Address: 0x23755d340
  Set: 13 Way: 3 Address: 0x1ab44358
  Set: 14 Way: 0 Address: 0x1f919e383
  Set: 14 Way: 1 Address: 0x143ef380
  Set: 14 Way: 2 Address: 0x1ab44390
  Set: 15 Way: 0 Address: 0x1f919e3c3
  Set: 15 Way: 1 Address: 0x143ef3e2
  Set: 16 Way: 0 Address: 0x1f919e408
  Set: 16 Way: 1 Address: 0x143ef404
  Set: 17 Way: 0 Address: 0x23755d459
  Set: 18 Way: 0 Address: 0x143ef4b1
  Set: 18 Way: 1 Address: 0x23755d481
  Set: 19 Way: 0 Address: 0x143ef4c1
  Set: 23 Way: 0 Address: 0x143ef5e0
  Set: 28 Way: 0 Address: 0x143ef731
  Set: 29 Way: 0 Address: 0x143ef76e
  Set: 30 Way: 0 Address: 0x143ef7b0
  Set: 31 Way: 0 Address: 0x143ef7fc
  Set: 32 Way: 0 Address: 0x143ef802
  Set: 33 Way: 0 Address: 0x143ef841
  Set: 34 Way: 0 Address: 0x143ef8bd
  Set: 35 Way: 0 Address: 0x143ef8c3
  Set: 36 Way: 0 Address: 0x143ef901
  Set: 37 Way: 0 Address: 0x143ef969
  Set: 38 Way: 0 Address: 0x143ef980
  Set: 39 Way: 0 Address: 0x143ef9e0
  Set: 40 Way: 0 Address: 0x143efa33
  Set: 41 Way: 0 Address: 0x143efa41
  Set: 42 Way: 0 Address: 0x143efaa8
  Set: 43 Way: 0 Address: 0x143efae7
  Set: 44 Way: 0 Address: 0x143efb14
  Set: 45 Way: 0 Address: 0x397bb4b70
  Set: 45 Way: 1 Address: 0x143efb40
  Set: 46 Way: 0 Address: 0x397bb4b98
  Set: 46 Way: 1 Address: 0x143efba6
  Set: 47 Way: 0 Address: 0x143efbc0
  Set: 47 Way: 1 Address: 0x394edbbf0
  Set: 48 Way: 0 Address: 0x394edbc02
  Set: 49 Way: 0 Address: 0x394edbc40
  Set: 50 Way: 0 Address: 0x394edbc82
  Set: 53 Way: 0 Address: 0x2f5d8ed70
  Set: 54 Way: 0 Address: 0x2f5d8ed8b
  Set: 55 Way: 0 Address: 0x2f5d8edf0
  Set: 55 Way: 1 Address: 0x143efdf0
  Set: 56 Way: 0 Address: 0x2f5d8ee22
  Set: 56 Way: 1 Address: 0x143efe01
  Set: 57 Way: 0 Address: 0x2f5d8ee41
  Set: 57 Way: 1 Address: 0x143efe40
  Set: 58 Way: 0 Address: 0x2f5d8ee80
  Set: 58 Way: 1 Address: 0x143efe81
  Set: 59 Way: 0 Address: 0x2f5d8eee2
  Set: 59 Way: 1 Address: 0x143efee7
  Set: 60 Way: 0 Address: 0x2f5d8ef25
  Set: 60 Way: 1 Address: 0x2b2e93f20
  Set: 60 Way: 2 Address: 0x143eff31
  Set: 61 Way: 0 Address: 0x2f5d8ef71
  Set: 61 Way: 1 Address: 0x2b2e93f41
  Set: 61 Way: 2 Address: 0x143eff40
  Set: 62 Way: 0 Address: 0x2f5d8ef80
  Set: 62 Way: 1 Address: 0x2b2e93f91
  Set: 62 Way: 2 Address: 0x143effb2
  Set: 63 Way: 0 Address: 0x2f5d8efe8
  Set: 63 Way: 1 Address: 0x2b2e93fc4
  Set: 63 Way: 2 Address: 0x143effc7
EndCache
Cache: cpu0_L1D
  Set: 0 Way: 0 Address: 0xdf85c000
  Set: 0 Way: 1 Address: 0x28b67e000
  Set: 0 Way: 2 Address: 0x229b9a000
  Set: 0 Way: 3 Address: 0x195f15010
  Set: 0 Way: 4 Address: 0x113201000
  Set: 0 Way: 5 Address: 0x1d89da000
  Set: 0 Way: 6 Address: 0x129934030
  Set: 0 Way: 7 Address: 0x43736018
  Set: 0 Way: 8 Address: 0x12c6fc028
  Set: 1 Way: 0 Address: 0x129934040
  Set: 2 Way: 0 Address: 0x29484c090
  Set: 2 Way: 1 Address: 0x129934080
  Set: 2 Way: 2 Address: 0x211d16088
  Set: 3 Way: 0 Address: 0x1299340c0
  Set: 4 Way: 0 Address: 0x129934100
  Set: 5 Way: 0 Address: 0x113201178
  Set: 5 Way: 1 Address: 0x9cff2168
  Set: 5 Way: 2 Address: 0x1c84e2168
  Set: 5 Way: 3 Address: 0x3734ee170
  Set: 5 Way: 4 Address: 0x1995f2170
  Set: 5 Way: 5 Address: 0x3c1074160
  Set: 5 Way: 6 Address: 0x354d35160
  Set: 5 Way: 7 Address: 0x129934140
  Set: 6 Way: 0 Address: 0x1995f2180
  Set: 6 Way: 1 Address: 0x2ee369180
  Set: 6 Way: 2 Address: 0xee86f188
  Set: 6 Way: 3 Address: 0x129934188
  Set: 6 Way: 4 Address: 0x84896190
  Set: 6 Way: 5 Address: 0x5588d190
  Set: 7 Way: 0 Address: 0x1299341d8
  Set: 8 Way: 0 Address: 0x129934220
  Set: 9 Way: 0 Address: 0x129934248
  Set: 10 Way: 0 Address: 0x129934280
  Set: 11 Way: 0 Address: 0x1299342f0
  Set: 12 Way: 0 Address: 0x3dae66308
  Set: 12 Way: 1 Address: 0x3c1074308
  Set: 12 Way: 2 Address: 0x129934330
  Set: 13 Way: 0 Address: 0x129934370
  Set: 14 Way: 0 Address: 0x113201390
  Set: 14 Way: 1 Address: 0x3de4d4388
  Set: 14 Way: 2 Address: 0x9cff2390
  Set: 14 Way: 3 Address: 0x1299343a8
  Set: 15 Way: 0 Address: 0x1299343f0
  Set: 15 Way: 1 Address: 0x1c084e3e0
  Set: 16 Way: 0 Address: 0x129934400
  Set: 17 Way: 0 Address: 0x129934478
  Set: 18 Way: 0 Address: 0x6d0c24b0
  Set: 18 Way: 1 Address: 0x1299344a0
  Set: 19 Way: 0 Address: 0x6d0c24f0
  Set: 19 Way: 1 Address: 0x1299344d8
  Set: 20 Way: 0 Address: 0x129934530
  Set: 21 Way: 0 Address: 0x129934550
  Set: 22 Way: 0 Address: 0x129934580
  Set: 22 Way: 1 Address: 0x38e35c5a0
  Set: 23 Way: 0 Address: 0x1299345d0
  Set: 23 Way: 1 Address: 0x38e35c5f8
  Set: 24 Way: 0 Address: 0x309887610
  Set: 24 Way: 1 Address: 0x129934628
  Set: 24 Way: 2 Address: 0x38e35c638
  Set: 25 Way: 0 Address: 0x129934670
  Set: 25 Way: 1 Address: 0x38e35c678
  Set: 26 Way: 0 Address: 0x3098876b0
  Set: 26 Way: 1 Address: 0x1299346b8
  Set: 26 Way: 2 Address: 0x276ff7680
  Set: 26 Way: 3 Address: 0x84896680
  Set: 26 Way: 4 Address: 0x38e35c6a8
  Set: 27 Way: 0 Address: 0x1299346f8
  Set: 28 Way: 0 Address: 0x129934738
  Set: 28 Way: 1 Address: 0x38e35c708
  Set: 29 Way: 0 Address: 0x129934778
  Set: 29 Way: 1 Address: 0xee86f778
  Set: 29 Way: 2 Address: 0x3dae66778
  Set: 29 Way: 3 Address: 0x38e35c778
  Set: 29 Way: 4 Address: 0x354d35758
  Set: 29 Way: 5 Address: 0x276ff7758
  Set: 30 Way: 0 Address: 0x1299347b8
  Set: 30 Way: 1 Address: 0x38e35c7b8
  Set: 30 Way: 2 Address: 0x5588d798
  Set: 30 Way: 3 Address: 0x133c92798
  Set: 31 Way: 0 Address: 0x28b67e7f8
  Set: 31 Way: 1 Address: 0x263c137f8
  Set: 31 Way: 2 Address: 0x1c84e27f0
  Set: 31 Way: 3 Address: 0x3734ee7f0
  Set: 31 Way: 4 Address: 0x1299347c0
  Set: 31 Way: 5 Address: 0x38e35c7f8
  Set: 32 Way: 0 Address: 0x38e35c808
  Set: 33 Way: 0 Address: 0x38e35c848
  Set: 34 Way: 0 Address: 0x129934898
  Set: 35 Way: 0 Address: 0x1299348c0
  Set: 36 Way: 0 Address: 0x129934900
  Set: 37 Way: 0 Address: 0xf6e81948
  Set: 37 Way: 1 Address: 0x292959940
  Set: 37 Way: 2 Address: 0x129934940
  Set: 38 Way: 0 Address: 0x129934998
  Set: 38 Way: 1 Address: 0x16390f9b8
  Set: 39 Way: 0 Address: 0x16390f9e8
  Set: 40 Way: 0 Address: 0x16390fa38
  Set: 41 Way: 0 Address: 0x16390fa78
  Set: 42 Way: 0 Address: 0x16390faa0
  Set: 43 Way: 0 Address: 0x16390faf8
  Set: 44 Way: 0 Address: 0x129934b38
  Set: 44 Way: 1 Address: 0x16390fb28
  Set: 45 Way: 0 Address: 0x129934b48
  Set: 45 Way: 1 Address: 0x16390fb58
  Set: 46 Way: 0 Address: 0x129934bb0
  Set: 46 Way: 1 Address: 0x16390fb88
  Set: 47 Way: 0 Address: 0x129934bd0
  Set: 47 Way: 1 Address: 0x16390fbf0
  Set: 48 Way: 0 Address: 0x129934c10
  Set: 48 Way: 1 Address: 0x16390fc30
  Set: 49 Way: 0 Address: 0x16390fc70
  Set: 50 Way: 0 Address: 0x16390fc80
  Set: 51 Way: 0 Address: 0x16390fcf0
  Set: 52 Way: 0 Address: 0x1addd00
  Set: 52 Way: 1 Address: 0x16390fd38
  Set: 53 Way: 0 Address: 0x16390fd78
  Set: 54 Way: 0 Address: 0x201598da0
  Set: 54 Way: 1 Address: 0xc7078d98
  Set: 54 Way: 2 Address: 0x1addda0
  Set: 54 Way: 3 Address: 0x16390fdb8
  Set: 55 Way: 0 Address: 0x16390fde8
  Set: 56 Way: 0 Address: 0x16390fe28
  Set: 57 Way: 0 Address: 0x16390fe78
  Set: 58 Way: 0 Address: 0x16390fea0
  Set: 59 Way: 0 Address: 0x16390fee0
  Set: 60 Way: 0 Address: 0x16390ff20
  Set: 61 Way: 0 Address: 0x16390ff68
  Set: 62 Way: 0 Address: 0x16390ff98
  Set: 63 Way: 0 Address: 0x2a4841fe8
  Set: 63 Way: 1 Address: 0x16390ffe8
EndCache
Cache: cpu0_ITLB
  Set: 0 Way: 0 Address: 0x400330
  Set: 0 Way: 1 Address: 0x430d8b
  Set: 1 Way: 0 Address: 0x471232
  Set: 1 Way: 1 Address: 0x4317fc
  Set: 1 Way: 2 Address: 0x461bf0
  Set: 2 Way: 0 Address: 0x472077
  Set: 2 Way: 1 Address: 0x43233a
  Set: 12 Way: 0 Address: 0x42cf41
  Set: 13 Way: 0 Address: 0x42d101
  Set: 14 Way: 0 Address: 0x42e242
  Set: 15 Way: 0 Address: 0x42f370
EndCache
Cache: cpu0_DTLB
  Set: 0 Way: 0 Address: 0x4d0088
  Set: 3 Way: 0 Address: 0x7fff425b3f98
  Set: 3 Way: 1 Address: 0x4f33e0
  Set: 4 Way: 0 Address: 0x7fff425b43f0
  Set: 8 Way: 0 Address: 0x728028
  Set: 9 Way: 0 Address: 0x7294f0
  Set: 11 Way: 0 Address: 0x4ebd00
  Set: 14 Way: 0 Address: 0x4fe610
  Set: 15 Way: 0 Address: 0x4ef708
EndCache
Cache: LLC
  Set: 64 Way: 0 Address: 0x113201000
  Set: 69 Way: 0 Address: 0x113201178
  Set: 78 Way: 0 Address: 0x113201388
  Set: 101 Way: 0 Address: 0xf6e81948
  Set: 127 Way: 0 Address: 0x2a4841fe8
  Set: 133 Way: 0 Address: 0x1c84e2168
  Set: 146 Way: 0 Address: 0x6d0c24b0
  Set: 147 Way: 0 Address: 0x6d0c24f0
  Set: 148 Way: 0 Address: 0x6d0c2500
  Set: 159 Way: 0 Address: 0x1c84e27f0
  Set: 260 Way: 0 Address: 0x1ab4410d
  Set: 261 Way: 0 Address: 0x1ab44144
  Set: 262 Way: 0 Address: 0x1ab44190
  Set: 268 Way: 0 Address: 0x1ab4433a
  Set: 269 Way: 0 Address: 0x1ab44358
  Set: 270 Way: 0 Address: 0x1ab44390
  Set: 396 Way: 0 Address: 0x3dae66308
  Set: 413 Way: 0 Address: 0x3dae66778
  Set: 472 Way: 0 Address: 0x309887610
  Set: 474 Way: 0 Address: 0x3098876b0
  Set: 582 Way: 0 Address: 0x2ee369180
  Set: 770 Way: 0 Address: 0x29484c090
  Set: 838 Way: 0 Address: 0x5588d190
  Set: 862 Way: 0 Address: 0x5588d798
  Set: 901 Way: 0 Address: 0x3734ee170
  Set: 911 Way: 0 Address: 0x1c084e3e0
  Set: 927 Way: 0 Address: 0x3734ee7f0
  Set: 949 Way: 0 Address: 0x2f5d8ed70
  Set: 950 Way: 0 Address: 0x2f5d8ed8b
  Set: 951 Way: 0 Address: 0x2f5d8edf0
  Set: 952 Way: 0 Address: 0x2f5d8ee00
  Set: 953 Way: 0 Address: 0x2f5d8ee41
  Set: 954 Way: 0 Address: 0x2f5d8ee80
  Set: 955 Way: 0 Address: 0x2f5d8eec0
  Set: 956 Way: 0 Address: 0x2f5d8ef01
  Set: 957 Way: 0 Address: 0x2f5d8ef44
  Set: 958 Way: 0 Address: 0x2f5d8ef80
  Set: 959 Way: 0 Address: 0x2f5d8efc0
  Set: 960 Way: 0 Address: 0x143ef00d
  Set: 961 Way: 0 Address: 0x143ef060
  Set: 962 Way: 0 Address: 0x143ef085
  Set: 963 Way: 0 Address: 0x143ef0c1
  Set: 964 Way: 0 Address: 0x143ef102
  Set: 965 Way: 0 Address: 0x143ef150
  Set: 966 Way: 0 Address: 0xee86f188
  Set: 966 Way: 1 Address: 0x143ef190
  Set: 967 Way: 0 Address: 0x143ef1e0
  Set: 968 Way: 0 Address: 0x143ef208
  Set: 969 Way: 0 Address: 0x143ef240
  Set: 970 Way: 0 Address: 0x143ef283
  Set: 971 Way: 0 Address: 0x143ef2c2
  Set: 972 Way: 0 Address: 0x143ef302
  Set: 973 Way: 0 Address: 0x143ef340
  Set: 974 Way: 0 Address: 0x143ef380
  Set: 975 Way: 0 Address: 0x143ef3c2
  Set: 976 Way: 0 Address: 0x143ef404
  Set: 977 Way: 0 Address: 0x143ef440
  Set: 978 Way: 0 Address: 0x143ef490
  Set: 979 Way: 0 Address: 0x143ef4c1
  Set: 983 Way: 0 Address: 0x143ef5e0
  Set: 988 Way: 0 Address: 0x143ef731
  Set: 989 Way: 0 Address: 0xee86f778
  Set: 989 Way: 1 Address: 0x143ef76e
  Set: 990 Way: 0 Address: 0x143ef7b0
  Set: 991 Way: 0 Address: 0x143ef7c1
  Set: 992 Way: 0 Address: 0x143ef802
  Set: 993 Way: 0 Address: 0x143ef840
  Set: 994 Way: 0 Address: 0x143ef887
  Set: 995 Way: 0 Address: 0x143ef8c3
  Set: 996 Way: 0 Address: 0x143ef901
  Set: 997 Way: 0 Address: 0x143ef969
  Set: 998 Way: 0 Address: 0x143ef980
  Set: 998 Way: 1 Address: 0x16390f9a8
  Set: 999 Way: 0 Address: 0x143ef9c2
  Set: 999 Way: 1 Address: 0x16390f9e8
  Set: 1000 Way: 0 Address: 0x143efa00
  Set: 1000 Way: 1 Address: 0x16390fa38
  Set: 1001 Way: 0 Address: 0x143efa41
  Set: 1001 Way: 1 Address: 0x16390fa78
  Set: 1002 Way: 0 Address: 0x143efa80
  Set: 1002 Way: 1 Address: 0x16390fa88
  Set: 1003 Way: 0 Address: 0x143efae7
  Set: 1003 Way: 1 Address: 0x16390faf8
  Set: 1004 Way: 0 Address: 0x143efb14
  Set: 1004 Way: 1 Address: 0x16390fb38
  Set: 1005 Way: 0 Address: 0x143efb40
  Set: 1005 Way: 1 Address: 0x16390fb40
  Set: 1006 Way: 0 Address: 0x143efba6
  Set: 1006 Way: 1 Address: 0x16390fb88
  Set: 1007 Way: 0 Address: 0x143efbc0
  Set: 1007 Way: 1 Address: 0x16390fbc0
  Set: 1008 Way: 0 Address: 0x16390fc00
  Set: 1009 Way: 0 Address: 0x16390fc70
  Set: 1010 Way: 0 Address: 0x16390fc80
  Set: 1011 Way: 0 Address: 0x16390fce0
  Set: 1012 Way: 0 Address: 0x16390fd00
  Set: 1013 Way: 0 Address: 0x16390fd40
  Set: 1014 Way: 0 Address: 0x16390fd80
  Set: 1015 Way: 0 Address: 0x143efdf0
  Set: 1015 Way: 1 Address: 0x16390fdc0
  Set: 1016 Way: 0 Address: 0x16390fe28
  Set: 1016 Way: 1 Address: 0x143efe01
  Set: 1017 Way: 0 Address: 0x16390fe68
  Set: 1017 Way: 1 Address: 0x143efe40
  Set: 1018 Way: 0 Address: 0x16390fe80
  Set: 1018 Way: 1 Address: 0x143efe81
  Set: 1019 Way: 0 Address: 0x16390fec0
  Set: 1019 Way: 1 Address: 0x143efec0
  Set: 1020 Way: 0 Address: 0x16390ff00
  Set: 1020 Way: 1 Address: 0x143eff02
  Set: 1021 Way: 0 Address: 0x16390ff78
  Set: 1021 Way: 1 Address: 0x143eff40
  Set: 1022 Way: 0 Address: 0x16390ffa8
  Set: 1022 Way: 1 Address: 0x143eff86
  Set: 1023 Way: 0 Address: 0x16390ffc0
  Set: 1023 Way: 1 Address: 0x143effc0
  Set: 1157 Way: 0 Address: 0x9cff2168
  Set: 1157 Way: 1 Address: 0x1995f2170
  Set: 1158 Way: 0 Address: 0x1995f2180
  Set: 1166 Way: 0 Address: 0x9cff2390
  Set: 1182 Way: 0 Address: 0x133c92798
  Set: 1223 Way: 0 Address: 0x3c56b31d0
  Set: 1224 Way: 0 Address: 0x3c56b3210
  Set: 1225 Way: 0 Address: 0x3c56b3242
  Set: 1247 Way: 0 Address: 0x263c137f8
  Set: 1276 Way: 0 Address: 0x2b2e93f00
  Set: 1277 Way: 0 Address: 0x2b2e93f41
  Set: 1278 Way: 0 Address: 0x2b2e93f80
  Set: 1279 Way: 0 Address: 0x2b2e93fc0
  Set: 1280 Way: 0 Address: 0x397bb4030
  Set: 1280 Way: 1 Address: 0x129934020
  Set: 1281 Way: 0 Address: 0x397bb4047
  Set: 1281 Way: 1 Address: 0x129934040
  Set: 1282 Way: 0 Address: 0x397bb4083
  Set: 1282 Way: 1 Address: 0x129934080
  Set: 1283 Way: 0 Address: 0x397bb40c2
  Set: 1283 Way: 1 Address: 0x1299340c0
  Set: 1284 Way: 0 Address: 0x129934100
  Set: 1285 Way: 0 Address: 0x3c1074160
  Set: 1285 Way: 1 Address: 0x129934178
  Set: 1286 Way: 0 Address: 0x1299341b8
  Set: 1287 Way: 0 Address: 0x1299341f8
  Set: 1288 Way: 0 Address: 0x129934238
  Set: 1289 Way: 0 Address: 0x129934240
  Set: 1290 Way: 0 Address: 0x129934288
  Set: 1291 Way: 0 Address: 0x1299342c0
  Set: 1292 Way: 0 Address: 0x3c1074308
  Set: 1292 Way: 1 Address: 0x129934300
  Set: 1293 Way: 0 Address: 0x129934370
  Set: 1294 Way: 0 Address: 0x3de4d4388
  Set: 1294 Way: 1 Address: 0x1299343a8
  Set: 1295 Way: 0 Address: 0x1299343e0
  Set: 1296 Way: 0 Address: 0x129934408
  Set: 1297 Way: 0 Address: 0x129934440
  Set: 1298 Way: 0 Address: 0x1299344b8
  Set: 1299 Way: 0 Address: 0x1299344f0
  Set: 1300 Way: 0 Address: 0x129934528
  Set: 1301 Way: 0 Address: 0x129934540
  Set: 1302 Way: 0 Address: 0x1299345b8
  Set: 1303 Way: 0 Address: 0x1299345f8
  Set: 1304 Way: 0 Address: 0x129934638
  Set: 1305 Way: 0 Address: 0x129934678
  Set: 1306 Way: 0 Address: 0x1299346b0
  Set: 1307 Way: 0 Address: 0x1299346c0
  Set: 1308 Way: 0 Address: 0x129934700
  Set: 1309 Way: 0 Address: 0x129934740
  Set: 1310 Way: 0 Address: 0x129934780
  Set: 1311 Way: 0 Address: 0x1299347c0
  Set: 1314 Way: 0 Address: 0x129934898
  Set: 1315 Way: 0 Address: 0x1299348f8
  Set: 1316 Way: 0 Address: 0x129934938
  Set: 1317 Way: 0 Address: 0x129934978
  Set: 1318 Way: 0 Address: 0x129934998
  Set: 1324 Way: 0 Address: 0x129934b38
  Set: 1325 Way: 0 Address: 0x397bb4b70
  Set: 1325 Way: 1 Address: 0x129934b78
  Set: 1326 Way: 0 Address: 0x397bb4b80
  Set: 1326 Way: 1 Address: 0x129934bb8
  Set: 1327 Way: 0 Address: 0x129934bf8
  Set: 1328 Way: 0 Address: 0x129934c38
  Set: 1344 Way: 0 Address: 0x195f15010
  Set: 1349 Way: 0 Address: 0x354d35160
  Set: 1373 Way: 0 Address: 0x354d35758
  Set: 1408 Way: 0 Address: 0x43736018
  Set: 1410 Way: 0 Address: 0x211d16088
  Set: 1414 Way: 0 Address: 0x84896190
  Set: 1434 Way: 0 Address: 0x84896680
  Set: 1498 Way: 0 Address: 0x276ff7680
  Set: 1501 Way: 0 Address: 0x276ff7758
  Set: 1536 Way: 0 Address: 0x1aafb8007
  Set: 1537 Way: 0 Address: 0x1aafb8042
  Set: 1538 Way: 0 Address: 0x1aafb8080
  Set: 1539 Way: 0 Address: 0x1aafb80fb
  Set: 1540 Way: 0 Address: 0x1aafb8101
  Set: 1541 Way: 0 Address: 0x1aafb8140
  Set: 1542 Way: 0 Address: 0x1aafb8180
  Set: 1543 Way: 0 Address: 0x1aafb81c0
  Set: 1590 Way: 0 Address: 0x201598da0
  Set: 1590 Way: 1 Address: 0xc7078d98
  Set: 1637 Way: 0 Address: 0x292959940
  Set: 1664 Way: 0 Address: 0x229b9a000
  Set: 1664 Way: 1 Address: 0x1d89da000
  Set: 1676 Way: 0 Address: 0x223eda330
  Set: 1775 Way: 0 Address: 0x394edbbf0
  Set: 1776 Way: 0 Address: 0x394edbc02
  Set: 1777 Way: 0 Address: 0x394edbc40
  Set: 1778 Way: 0 Address: 0x394edbc82
  Set: 1779 Way: 0 Address: 0x394edbcc0
  Set: 1792 Way: 0 Address: 0xdf85c000
  Set: 1792 Way: 1 Address: 0x12c6fc028
  Set: 1793 Way: 0 Address: 0x12c6fc040
  Set: 1814 Way: 0 Address: 0x38e35c5a0
  Set: 1815 Way: 0 Address: 0x38e35c5f8
  Set: 1816 Way: 0 Address: 0x38e35c638
  Set: 1817 Way: 0 Address: 0x38e35c678
  Set: 1818 Way: 0 Address: 0x38e35c6a8
  Set: 1820 Way: 0 Address: 0x38e35c708
  Set: 1821 Way: 0 Address: 0x38e35c778
  Set: 1822 Way: 0 Address: 0x38e35c7b8
  Set: 1823 Way: 0 Address: 0x38e35c7f8
  Set: 1824 Way: 0 Address: 0x38e35c808
  Set: 1825 Way: 0 Address: 0x38e35c868
  Set: 1862 Way: 0 Address: 0x23755d190
  Set: 1863 Way: 0 Address: 0x23755d1f0
  Set: 1864 Way: 0 Address: 0x23755d220
  Set: 1865 Way: 0 Address: 0x23755d242
  Set: 1866 Way: 0 Address: 0x23755d280
  Set: 1867 Way: 0 Address: 0x23755d2c3
  Set: 1868 Way: 0 Address: 0x23755d301
  Set: 1869 Way: 0 Address: 0x23755d340
  Set: 1873 Way: 0 Address: 0x23755d459
  Set: 1874 Way: 0 Address: 0x23755d481
  Set: 1908 Way: 0 Address: 0x1addd00
  Set: 1910 Way: 0 Address: 0x1addda0
  Set: 1920 Way: 0 Address: 0x28b67e000
  Set: 1928 Way: 0 Address: 0x1f919e220
  Set: 1929 Way: 0 Address: 0x1f919e241
  Set: 1930 Way: 0 Address: 0x1f919e2a0
  Set: 1931 Way: 0 Address: 0x1f919e2d7
  Set: 1932 Way: 0 Address: 0x1f919e303
  Set: 1933 Way: 0 Address: 0x1f919e340
  Set: 1934 Way: 0 Address: 0x1f919e3a0
  Set: 1935 Way: 0 Address: 0x1f919e3c3
  Set: 1936 Way: 0 Address: 0x1f919e408
  Set: 1951 Way: 0 Address: 0x28b67e7f8
EndCache
