Cache: cpu0_STLB
  Set: 0 Way: 0 Address: 0x400330
  Set: 40 Way: 0 Address: 0x728028
  Set: 41 Way: 0 Address: 0x7294b0
  Set: 44 Way: 0 Address: 0x42cf00
  Set: 45 Way: 0 Address: 0x42d0af
  Set: 46 Way: 0 Address: 0x42e190
  Set: 47 Way: 0 Address: 0x42f220
  Set: 48 Way: 0 Address: 0x430df0
  Set: 49 Way: 0 Address: 0x431ab6
  Set: 50 Way: 0 Address: 0x432133
  Set: 51 Way: 0 Address: 0x7fff425b3e70
  Set: 52 Way: 0 Address: 0x7fff425b43d8
  Set: 53 Way: 0 Address: 0x7fff425b5070
  Set: 80 Way: 0 Address: 0x4d0088
  Set: 97 Way: 0 Address: 0x461bf0
  Set: 107 Way: 0 Address: 0x4ebd48
  Set: 111 Way: 0 Address: 0x4ef708
  Set: 113 Way: 0 Address: 0x4711d0
  Set: 114 Way: 0 Address: 0x472030
  Set: 115 Way: 0 Address: 0x4f3388
  Set: 126 Way: 0 Address: 0x4fe6b0
EndCache
Cache: cpu0_L2C
  Set: 5 Way: 0 Address: 0x6e620178
  Set: 8 Way: 0 Address: 0x14bb10220
  Set: 9 Way: 0 Address: 0x14bb10241
  Set: 10 Way: 0 Address: 0x14bb102a0
  Set: 11 Way: 0 Address: 0x14bb102d7
  Set: 12 Way: 0 Address: 0x14bb10303
  Set: 13 Way: 0 Address: 0x14bb10340
  Set: 14 Way: 0 Address: 0x14bb10383
  Set: 15 Way: 0 Address: 0x14bb103c3
  Set: 64 Way: 0 Address: 0x113201000
  Set: 70 Way: 0 Address: 0x113201188
  Set: 78 Way: 0 Address: 0x113201388
  Set: 101 Way: 0 Address: 0xf6e81940
  Set: 127 Way: 0 Address: 0x2a4841fe8
  Set: 134 Way: 0 Address: 0x9cff2190
  Set: 134 Way: 1 Address: 0x1c84e2190
  Set: 141 Way: 0 Address: 0x6d0c2340
  Set: 142 Way: 0 Address: 0x9cff2390
  Set: 142 Way: 1 Address: 0x6d0c2388
  Set: 143 Way: 0 Address: 0x6d0c23e0
  Set: 146 Way: 0 Address: 0x1995f24b0
  Set: 147 Way: 0 Address: 0x1995f24f0
  Set: 158 Way: 0 Address: 0x1c84e2798
  Set: 159 Way: 0 Address: 0x1c84e27f0
  Set: 182 Way: 0 Address: 0x133c92da8
  Set: 199 Way: 0 Address: 0x3c56b31d0
  Set: 200 Way: 0 Address: 0x3c56b3210
  Set: 201 Way: 0 Address: 0x3c56b3242
  Set: 223 Way: 0 Address: 0x263c137f8
  Set: 239 Way: 0 Address: 0x2b2e93bf0
  Set: 240 Way: 0 Address: 0x2b2e93c02
  Set: 241 Way: 0 Address: 0x2b2e93c40
  Set: 242 Way: 0 Address: 0x2b2e93c82
  Set: 243 Way: 0 Address: 0x2b2e93cde
  Set: 256 Way: 0 Address: 0x397bb4030
  Set: 257 Way: 0 Address: 0x397bb4047
  Set: 258 Way: 0 Address: 0x397bb4083
  Set: 258 Way: 1 Address: 0x1ab44088
  Set: 259 Way: 0 Address: 0x397bb40c2
  Set: 262 Way: 0 Address: 0x3c1074180
  Set: 268 Way: 0 Address: 0x3c1074308
  Set: 270 Way: 0 Address: 0x3de4d4388
  Set: 288 Way: 0 Address: 0x129934800
  Set: 289 Way: 0 Address: 0x129934840
  Set: 290 Way: 0 Address: 0x129934880
  Set: 291 Way: 0 Address: 0x1299348c0
  Set: 294 Way: 0 Address: 0x1299349a8
  Set: 295 Way: 0 Address: 0x1299349e8
  Set: 296 Way: 0 Address: 0x129934a38
  Set: 297 Way: 0 Address: 0x129934a78
  Set: 298 Way: 0 Address: 0x129934a80
  Set: 299 Way: 0 Address: 0x129934ae0
  Set: 300 Way: 0 Address: 0x129934b00
  Set: 301 Way: 0 Address: 0x129934b40
  Set: 301 Way: 1 Address: 0x397bb4b70
  Set: 302 Way: 0 Address: 0x129934bb8
  Set: 302 Way: 1 Address: 0x397bb4b80
  Set: 303 Way: 0 Address: 0x129934bd0
  Set: 304 Way: 0 Address: 0x129934c00
  Set: 305 Way: 0 Address: 0x397bb4c58
  Set: 305 Way: 1 Address: 0x129934c40
  Set: 306 Way: 0 Address: 0x129934c80
  Set: 307 Way: 0 Address: 0x129934cf0
  Set: 308 Way: 0 Address: 0x129934d20
  Set: 309 Way: 0 Address: 0x129934d40
  Set: 310 Way: 0 Address: 0x129934d80
  Set: 311 Way: 0 Address: 0x129934dc0
  Set: 312 Way: 0 Address: 0x129934e30
  Set: 313 Way: 0 Address: 0x129934e70
  Set: 314 Way: 0 Address: 0x129934e80
  Set: 315 Way: 0 Address: 0x129934ef8
  Set: 316 Way: 0 Address: 0x129934f08
  Set: 317 Way: 0 Address: 0x129934f78
  Set: 318 Way: 0 Address: 0x129934f98
  Set: 319 Way: 0 Address: 0x129934ff8
  Set: 320 Way: 0 Address: 0x195f15010
  Set: 325 Way: 0 Address: 0x354d35160
  Set: 332 Way: 0 Address: 0x354d35308
  Set: 384 Way: 0 Address: 0x43736018
  Set: 390 Way: 0 Address: 0x3dae66190
  Set: 391 Way: 0 Address: 0x3dae661f0
  Set: 392 Way: 0 Address: 0x3dae66220
  Set: 393 Way: 0 Address: 0x3dae66242
  Set: 394 Way: 0 Address: 0x3dae66282
  Set: 395 Way: 0 Address: 0x3dae662c3
  Set: 396 Way: 0 Address: 0x3dae66301
  Set: 397 Way: 0 Address: 0x3dae66340
  Set: 398 Way: 0 Address: 0x3dae66381
  Set: 400 Way: 0 Address: 0x3dae66420
  Set: 401 Way: 0 Address: 0x3dae66459
  Set: 402 Way: 0 Address: 0x3dae66481
  Set: 410 Way: 0 Address: 0x84896680
  Set: 413 Way: 0 Address: 0x84896758
  Set: 417 Way: 0 Address: 0x211d16848
  Set: 418 Way: 0 Address: 0x211d16880
  Set: 430 Way: 0 Address: 0x211d16b80
  Set: 434 Way: 0 Address: 0x211d16ca8
  Set: 436 Way: 0 Address: 0x211d16d00
  Set: 437 Way: 0 Address: 0x211d16d48
  Set: 438 Way: 0 Address: 0x211d16da0
  Set: 453 Way: 0 Address: 0x276ff7160
  Set: 477 Way: 0 Address: 0x276ff7758
  Set: 485 Way: 0 Address: 0x309887948
  Set: 516 Way: 0 Address: 0x1aafb8133
  Set: 517 Way: 0 Address: 0x1aafb8144
  Set: 518 Way: 0 Address: 0x1aafb8190
  Set: 524 Way: 0 Address: 0x1aafb833a
  Set: 525 Way: 0 Address: 0x1aafb8358
  Set: 526 Way: 0 Address: 0x1aafb8390
  Set: 566 Way: 0 Address: 0x201598d98
  Set: 566 Way: 1 Address: 0xc7078da0
  Set: 581 Way: 0 Address: 0x292959168
  Set: 581 Way: 1 Address: 0x2ee369168
  Set: 605 Way: 0 Address: 0x2ee369778
  Set: 606 Way: 0 Address: 0x292959798
  Set: 640 Way: 0 Address: 0x229b9a000
  Set: 640 Way: 1 Address: 0x1d89da000
  Set: 652 Way: 0 Address: 0x223eda330
  Set: 756 Way: 0 Address: 0x394edbd30
  Set: 757 Way: 0 Address: 0x394edbd70
  Set: 758 Way: 0 Address: 0x394edbd8b
  Set: 759 Way: 0 Address: 0x394edbdf0
  Set: 760 Way: 0 Address: 0x394edbe00
  Set: 761 Way: 0 Address: 0x394edbe41
  Set: 762 Way: 0 Address: 0x394edbe80
  Set: 763 Way: 0 Address: 0x394edbec2
  Set: 764 Way: 0 Address: 0x394edbf01
  Set: 765 Way: 0 Address: 0x394edbf44
  Set: 766 Way: 0 Address: 0x394edbf80
  Set: 767 Way: 0 Address: 0x394edbfd8
  Set: 768 Way: 0 Address: 0xdf85c000
  Set: 768 Way: 1 Address: 0x12c6fc038
  Set: 769 Way: 0 Address: 0x12c6fc050
  Set: 770 Way: 0 Address: 0x29484c090
  Set: 770 Way: 1 Address: 0x12c6fc080
  Set: 771 Way: 0 Address: 0x12c6fc0c0
  Set: 772 Way: 0 Address: 0x12c6fc130
  Set: 773 Way: 0 Address: 0x12c6fc178
  Set: 774 Way: 0 Address: 0x12c6fc188
  Set: 775 Way: 0 Address: 0x12c6fc1e8
  Set: 776 Way: 0 Address: 0x12c6fc200
  Set: 777 Way: 0 Address: 0x12c6fc278
  Set: 778 Way: 0 Address: 0x12c6fc288
  Set: 779 Way: 0 Address: 0x12c6fc2c0
  Set: 780 Way: 0 Address: 0x12c6fc300
  Set: 781 Way: 0 Address: 0x12c6fc340
  Set: 782 Way: 0 Address: 0x12c6fc380
  Set: 783 Way: 0 Address: 0x12c6fc3d8
  Set: 784 Way: 0 Address: 0x12c6fc428
  Set: 785 Way: 0 Address: 0x12c6fc468
  Set: 786 Way: 0 Address: 0x12c6fc480
  Set: 786 Way: 1 Address: 0x38e35c480
  Set: 787 Way: 0 Address: 0x12c6fc4f8
  Set: 787 Way: 1 Address: 0x38e35c4c0
  Set: 788 Way: 0 Address: 0x12c6fc528
  Set: 788 Way: 1 Address: 0x38e35c500
  Set: 789 Way: 0 Address: 0x12c6fc540
  Set: 789 Way: 1 Address: 0x38e35c540
  Set: 790 Way: 0 Address: 0x12c6fc5b8
  Set: 790 Way: 1 Address: 0x38e35c5a8
  Set: 791 Way: 0 Address: 0x12c6fc5d0
  Set: 791 Way: 1 Address: 0x38e35c5f8
  Set: 792 Way: 0 Address: 0x12c6fc600
  Set: 792 Way: 1 Address: 0x38e35c638
  Set: 793 Way: 0 Address: 0x12c6fc640
  Set: 793 Way: 1 Address: 0x38e35c678
  Set: 794 Way: 0 Address: 0x12c6fc6b0
  Set: 794 Way: 1 Address: 0x38e35c6a8
  Set: 795 Way: 0 Address: 0x12c6fc6c0
  Set: 795 Way: 1 Address: 0x38e35c6c0
  Set: 796 Way: 0 Address: 0x38e35c708
  Set: 796 Way: 1 Address: 0x12c6fc700
  Set: 797 Way: 0 Address: 0x38e35c758
  Set: 797 Way: 1 Address: 0x12c6fc768
  Set: 798 Way: 0 Address: 0x12c6fc780
  Set: 798 Way: 1 Address: 0x38e35c7b8
  Set: 799 Way: 0 Address: 0x12c6fc7f8
  Set: 799 Way: 1 Address: 0x38e35c7f8
  Set: 800 Way: 0 Address: 0x12c6fc808
  Set: 800 Way: 1 Address: 0x38e35c808
  Set: 801 Way: 0 Address: 0x38e35c868
  Set: 801 Way: 1 Address: 0x12c6fc860
  Set: 802 Way: 0 Address: 0x12c6fc898
  Set: 803 Way: 0 Address: 0x12c6fc8e8
  Set: 804 Way: 0 Address: 0x12c6fc900
  Set: 805 Way: 0 Address: 0x12c6fc970
  Set: 806 Way: 0 Address: 0x12c6fc990
  Set: 807 Way: 0 Address: 0x12c6fc9e8
  Set: 808 Way: 0 Address: 0x12c6fca38
  Set: 809 Way: 0 Address: 0x12c6fca40
  Set: 810 Way: 0 Address: 0x12c6fcab0
  Set: 811 Way: 0 Address: 0x12c6fcae0
  Set: 812 Way: 0 Address: 0x12c6fcb38
  Set: 813 Way: 0 Address: 0x12c6fcb78
  Set: 814 Way: 0 Address: 0x12c6fcb88
  Set: 815 Way: 0 Address: 0x12c6fcbc0
  Set: 816 Way: 0 Address: 0x12c6fcc30
  Set: 818 Way: 0 Address: 0x12c6fccb8
  Set: 819 Way: 0 Address: 0x12c6fccd8
  Set: 823 Way: 0 Address: 0x12c6fcdd0
  Set: 824 Way: 0 Address: 0x12c6fce00
  Set: 828 Way: 0 Address: 0x12c6fcf20
  Set: 829 Way: 0 Address: 0x12c6fcf78
  Set: 830 Way: 0 Address: 0x12c6fcf80
  Set: 832 Way: 0 Address: 0x23755d028
  Set: 837 Way: 0 Address: 0x5588d178
  Set: 858 Way: 0 Address: 0x5588d680
  Set: 876 Way: 0 Address: 0x1addb3c
  Set: 877 Way: 0 Address: 0x1addb44
  Set: 878 Way: 0 Address: 0x1addb80
  Set: 879 Way: 0 Address: 0x1addbc3
  Set: 880 Way: 0 Address: 0x1addc03
  Set: 881 Way: 0 Address: 0x1addc45
  Set: 892 Way: 0 Address: 0x1addf00
  Set: 893 Way: 0 Address: 0x1addf41
  Set: 894 Way: 0 Address: 0x1addfb3
  Set: 895 Way: 0 Address: 0x1addfc4
  Set: 896 Way: 0 Address: 0x28b67e000
  Set: 896 Way: 1 Address: 0x1f919e00d
  Set: 896 Way: 2 Address: 0x2f5d8e007
  Set: 897 Way: 0 Address: 0x1f919e040
  Set: 897 Way: 1 Address: 0x2f5d8e042
  Set: 897 Way: 2 Address: 0x1c084e070
  Set: 898 Way: 0 Address: 0x2f5d8e0af
  Set: 898 Way: 1 Address: 0x1f919e085
  Set: 898 Way: 2 Address: 0x1c084e0b8
  Set: 899 Way: 0 Address: 0x2f5d8e0c1
  Set: 899 Way: 1 Address: 0x1f919e0c1
  Set: 899 Way: 2 Address: 0x1c084e0d0
  Set: 900 Way: 0 Address: 0x2f5d8e128
  Set: 900 Way: 1 Address: 0x1f919e102
  Set: 901 Way: 0 Address: 0x2f5d8e140
  Set: 901 Way: 1 Address: 0x1f919e150
  Set: 902 Way: 0 Address: 0x1f919e190
  Set: 902 Way: 1 Address: 0x2f5d8e190
  Set: 903 Way: 0 Address: 0x1f919e1c1
  Set: 903 Way: 1 Address: 0x2f5d8e1c8
  Set: 904 Way: 0 Address: 0x1f919e208
  Set: 905 Way: 0 Address: 0x1f919e240
  Set: 906 Way: 0 Address: 0x1f919e283
  Set: 907 Way: 0 Address: 0x1f919e2fa
  Set: 907 Way: 1 Address: 0x2f5d8e2fc
  Set: 908 Way: 0 Address: 0x1f919e302
  Set: 908 Way: 1 Address: 0x2f5d8e304
  Set: 909 Way: 0 Address: 0x1f919e341
  Set: 910 Way: 0 Address: 0x1f919e380
  Set: 911 Way: 0 Address: 0x1f919e3c2
  Set: 912 Way: 0 Address: 0x1f919e42f
  Set: 913 Way: 0 Address: 0x1f919e440
  Set: 914 Way: 0 Address: 0x1f919e490
  Set: 915 Way: 0 Address: 0x1f919e4c1
  Set: 919 Way: 0 Address: 0x1f919e5e0
  Set: 920 Way: 0 Address: 0x1f919e620
  Set: 925 Way: 0 Address: 0x1f919e758
  Set: 926 Way: 0 Address: 0x1f919e7b0
  Set: 927 Way: 0 Address: 0x28b67e7f8
  Set: 927 Way: 1 Address: 0x1f919e7c1
  Set: 927 Way: 2 Address: 0x3734ee7f0
  Set: 928 Way: 0 Address: 0x1f919e83d
  Set: 929 Way: 0 Address: 0x1f919e841
  Set: 930 Way: 0 Address: 0x1f919e887
  Set: 931 Way: 0 Address: 0x1f919e8c3
  Set: 932 Way: 0 Address: 0x1f919e901
  Set: 933 Way: 0 Address: 0x1f919e964
  Set: 934 Way: 0 Address: 0x1f919e980
  Set: 935 Way: 0 Address: 0x1f919e9cf
  Set: 936 Way: 0 Address: 0x1f919ea05
  Set: 937 Way: 0 Address: 0x1f919ea70
  Set: 938 Way: 0 Address: 0x1f919eab6
  Set: 939 Way: 0 Address: 0x1f919eac0
  Set: 940 Way: 0 Address: 0x1f919eb30
  Set: 941 Way: 0 Address: 0x1f919eb40
  Set: 942 Way: 0 Address: 0x1f919eba6
  Set: 943 Way: 0 Address: 0x1f919ebc0
  Set: 951 Way: 0 Address: 0x1f919edf0
  Set: 952 Way: 0 Address: 0x1f919ee01
  Set: 953 Way: 0 Address: 0x1f919ee40
  Set: 954 Way: 0 Address: 0x1f919ee81
  Set: 955 Way: 0 Address: 0x1f919eee7
  Set: 956 Way: 0 Address: 0x1f919ef02
  Set: 957 Way: 0 Address: 0x1f919ef40
  Set: 958 Way: 0 Address: 0x1f919ef86
  Set: 959 Way: 0 Address: 0x1f919efc7
  Set: 965 Way: 0 Address: 0xee86f170
  Set: 966 Way: 0 Address: 0x143ef180
  Set: 981 Way: 0 Address: 0x16390f550
  Set: 984 Way: 0 Address: 0x16390f610
  Set: 986 Way: 0 Address: 0x16390f6b0
  Set: 989 Way: 0 Address: 0x143ef778
EndCache
Cache: cpu0_L1I
  Set: 0 Way: 0 Address: 0x397bb4030
  Set: 0 Way: 1 Address: 0x1f919e00d
  Set: 0 Way: 2 Address: 0x2f5d8e007
  Set: 1 Way: 0 Address: 0x397bb4065
  Set: 1 Way: 1 Address: 0x1f919e040
  Set: 1 Way: 2 Address: 0x2f5d8e042
  Set: 2 Way: 0 Address: 0x397bb4083
  Set: 2 Way: 1 Address: 0x2f5d8e0af
  Set: 2 Way: 2 Address: 0x1f919e085
  Set: 3 Way: 0 Address: 0x397bb40c2
  Set: 3 Way: 1 Address: 0x2f5d8e0c1
  Set: 3 Way: 2 Address: 0x1f919e0c1
  Set: 4 Way: 0 Address: 0x1aafb8133
  Set: 4 Way: 1 Address: 0x2f5d8e128
  Set: 4 Way: 2 Address: 0x1f919e102
  Set: 5 Way: 0 Address: 0x1aafb8144
  Set: 5 Way: 1 Address: 0x2f5d8e140
  Set: 5 Way: 2 Address: 0x1f919e150
  Set: 6 Way: 0 Address: 0x1f919e1ad
  Set: 6 Way: 1 Address: 0x3dae66190
  Set: 6 Way: 2 Address: 0x1aafb8190
  Set: 6 Way: 3 Address: 0x2f5d8e190
  Set: 7 Way: 0 Address: 0x3c56b31d0
  Set: 7 Way: 1 Address: 0x1f919e1c1
  Set: 7 Way: 2 Address: 0x3dae661f0
  Set: 7 Way: 3 Address: 0x2f5d8e1c8
  Set: 8 Way: 0 Address: 0x3c56b322b
  Set: 8 Way: 1 Address: 0x3dae66220
  Set: 8 Way: 2 Address: 0x1f919e208
  Set: 8 Way: 3 Address: 0x14bb10220
  Set: 9 Way: 0 Address: 0x3c56b3242
  Set: 9 Way: 1 Address: 0x3dae66242
  Set: 9 Way: 2 Address: 0x1f919e268
  Set: 9 Way: 3 Address: 0x14bb10241
  Set: 10 Way: 0 Address: 0x1f919e283
  Set: 10 Way: 1 Address: 0x3dae66282
  Set: 10 Way: 2 Address: 0x14bb102a0
  Set: 11 Way: 0 Address: 0x1f919e2fa
  Set: 11 Way: 1 Address: 0x2f5d8e2fc
  Set: 11 Way: 2 Address: 0x3dae662ee
  Set: 11 Way: 3 Address: 0x14bb102d7
  Set: 12 Way: 0 Address: 0x223eda330
  Set: 12 Way: 1 Address: 0x1f919e302
  Set: 12 Way: 2 Address: 0x2f5d8e304
  Set: 12 Way: 3 Address: 0x3dae66329
  Set: 12 Way: 4 Address: 0x1aafb833a
  Set: 12 Way: 5 Address: 0x14bb10303
  Set: 13 Way: 0 Address: 0x3dae66340
  Set: 13 Way: 1 Address: 0x1aafb8358
  Set: 13 Way: 2 Address: 0x1f919e369
  Set: 13 Way: 3 Address: 0x14bb1035c
  Set: 14 Way: 0 Address: 0x1aafb8390
  Set: 14 Way: 1 Address: 0x1f919e380
  Set: 14 Way: 2 Address: 0x3dae66381
  Set: 14 Way: 3 Address: 0x14bb10383
  Set: 15 Way: 0 Address: 0x1f919e3e2
  Set: 15 Way: 1 Address: 0x14bb103c3
  Set: 16 Way: 0 Address: 0x1f919e42f
  Set: 16 Way: 1 Address: 0x3dae66420
  Set: 17 Way: 0 Address: 0x1f919e440
  Set: 17 Way: 1 Address: 0x3dae66459
  Set: 18 Way: 0 Address: 0x1f919e4b1
  Set: 18 Way: 1 Address: 0x3dae66481
  Set: 19 Way: 0 Address: 0x1f919e4c1
  Set: 23 Way: 0 Address: 0x1f919e5e0
  Set: 24 Way: 0 Address: 0x1f919e620
  Set: 29 Way: 0 Address: 0x1f919e758
  Set: 30 Way: 0 Address: 0x1f919e7b0
  Set: 31 Way: 0 Address: 0x1f919e7cf
  Set: 32 Way: 0 Address: 0x1f919e83d
  Set: 33 Way: 0 Address: 0x1f919e841
  Set: 34 Way: 0 Address: 0x1f919e887
  Set: 35 Way: 0 Address: 0x1f919e8c3
  Set: 36 Way: 0 Address: 0x1f919e901
  Set: 37 Way: 0 Address: 0x1f919e964
  Set: 38 Way: 0 Address: 0x1f919e9ae
  Set: 39 Way: 0 Address: 0x1f919e9cf
  Set: 40 Way: 0 Address: 0x1f919ea28
  Set: 41 Way: 0 Address: 0x1f919ea70
  Set: 42 Way: 0 Address: 0x1f919eaa8
  Set: 43 Way: 0 Address: 0x1f919eac0
  Set: 44 Way: 0 Address: 0x1f919eb30
  Set: 44 Way: 1 Address: 0x1addb3c
  Set: 45 Way: 0 Address: 0x1f919eb40
  Set: 45 Way: 1 Address: 0x1addb44
  Set: 45 Way: 2 Address: 0x397bb4b70
  Set: 46 Way: 0 Address: 0x1f919eba6
  Set: 46 Way: 1 Address: 0x1addb80
  Set: 46 Way: 2 Address: 0x397bb4ba0
  Set: 47 Way: 0 Address: 0x1f919ebc0
  Set: 47 Way: 1 Address: 0x2b2e93bf0
  Set: 47 Way: 2 Address: 0x1addbc3
  Set: 48 Way: 0 Address: 0x2b2e93c28
  Set: 48 Way: 1 Address: 0x1addc03
  Set: 49 Way: 0 Address: 0x397bb4c58
  Set: 49 Way: 1 Address: 0x2b2e93c40
  Set: 49 Way: 2 Address: 0x1addc45
  Set: 50 Way: 0 Address: 0x2b2e93c82
  Set: 51 Way: 0 Address: 0x2b2e93cde
  Set: 52 Way: 0 Address: 0x394edbd30
  Set: 53 Way: 0 Address: 0x394edbd70
  Set: 54 Way: 0 Address: 0x394edbd8b
  Set: 55 Way: 0 Address: 0x394edbdf0
  Set: 55 Way: 1 Address: 0x1f919edf0
  Set: 56 Way: 0 Address: 0x394edbe22
  Set: 56 Way: 1 Address: 0x1f919ee01
  Set: 57 Way: 0 Address: 0x394edbe41
  Set: 57 Way: 1 Address: 0x1f919ee40
  Set: 58 Way: 0 Address: 0x394edbe80
  Set: 58 Way: 1 Address: 0x1f919ee81
  Set: 59 Way: 0 Address: 0x394edbec2
  Set: 59 Way: 1 Address: 0x1f919eee7
  Set: 60 Way: 0 Address: 0x394edbf1d
  Set: 60 Way: 1 Address: 0x1addf20
  Set: 60 Way: 2 Address: 0x1f919ef31
  Set: 61 Way: 0 Address: 0x394edbf44
  Set: 61 Way: 1 Address: 0x1addf41
  Set: 61 Way: 2 Address: 0x1f919ef40
  Set: 62 Way: 0 Address: 0x1addfb3
  Set: 62 Way: 1 Address: 0x1f919efb2
  Set: 62 Way: 2 Address: 0x394edbf80
  Set: 63 Way: 0 Address: 0x394edbfd8
  Set: 63 Way: 1 Address: 0x1addfc4
  Set: 63 Way: 2 Address: 0x1f919efc7
EndCache
Cache: cpu0_L1D
  Set: 0 Way: 0 Address: 0xdf85c000
  Set: 0 Way: 1 Address: 0x28b67e000
  Set: 0 Way: 2 Address: 0x229b9a000
  Set: 0 Way: 3 Address: 0x195f15010
  Set: 0 Way: 4 Address: 0x113201000
  Set: 0 Way: 5 Address: 0x1d89da000
  Set: 0 Way: 6 Address: 0x43736018
  Set: 0 Way: 7 Address: 0x23755d028
  Set: 0 Way: 8 Address: 0x12c6fc030
  Set: 1 Way: 0 Address: 0x12c6fc040
  Set: 1 Way: 1 Address: 0x1c084e070
  Set: 2 Way: 0 Address: 0x29484c090
  Set: 2 Way: 1 Address: 0x1ab44088
  Set: 2 Way: 2 Address: 0x12c6fc080
  Set: 2 Way: 3 Address: 0x1c084e080
  Set: 3 Way: 0 Address: 0x12c6fc0c0
  Set: 3 Way: 1 Address: 0x1c084e0d0
  Set: 4 Way: 0 Address: 0x12c6fc138
  Set: 5 Way: 0 Address: 0x292959168
  Set: 5 Way: 1 Address: 0x2ee369168
  Set: 5 Way: 2 Address: 0xee86f170
  Set: 5 Way: 3 Address: 0x354d35160
  Set: 5 Way: 4 Address: 0x276ff7160
  Set: 5 Way: 5 Address: 0x12c6fc170
  Set: 5 Way: 6 Address: 0x5588d178
  Set: 5 Way: 7 Address: 0x6e620178
  Set: 6 Way: 0 Address: 0x113201188
  Set: 6 Way: 1 Address: 0x9cff2190
  Set: 6 Way: 2 Address: 0x1c84e2190
  Set: 6 Way: 3 Address: 0x143ef180
  Set: 6 Way: 4 Address: 0x3c1074180
  Set: 6 Way: 5 Address: 0x12c6fc180
  Set: 7 Way: 0 Address: 0x12c6fc1f8
  Set: 8 Way: 0 Address: 0x12c6fc228
  Set: 9 Way: 0 Address: 0x12c6fc258
  Set: 10 Way: 0 Address: 0x12c6fc280
  Set: 11 Way: 0 Address: 0x12c6fc2c0
  Set: 12 Way: 0 Address: 0x12c6fc300
  Set: 12 Way: 1 Address: 0x3c1074308
  Set: 12 Way: 2 Address: 0x354d35308
  Set: 13 Way: 0 Address: 0x12c6fc340
  Set: 13 Way: 1 Address: 0x6d0c2340
  Set: 14 Way: 0 Address: 0x113201390
  Set: 14 Way: 1 Address: 0x3de4d4388
  Set: 14 Way: 2 Address: 0x9cff2390
  Set: 14 Way: 3 Address: 0x6d0c2388
  Set: 14 Way: 4 Address: 0x12c6fc380
  Set: 15 Way: 0 Address: 0x12c6fc3f0
  Set: 15 Way: 1 Address: 0x6d0c23e0
  Set: 16 Way: 0 Address: 0x12c6fc428
  Set: 17 Way: 0 Address: 0x12c6fc478
  Set: 18 Way: 0 Address: 0x1995f24b0
  Set: 18 Way: 1 Address: 0x12c6fc4a0
  Set: 18 Way: 2 Address: 0x38e35c480
  Set: 19 Way: 0 Address: 0x1995f24f0
  Set: 19 Way: 1 Address: 0x12c6fc4c0
  Set: 19 Way: 2 Address: 0x38e35c4c0
  Set: 20 Way: 0 Address: 0x12c6fc530
  Set: 20 Way: 1 Address: 0x38e35c500
  Set: 21 Way: 0 Address: 0x16390f550
  Set: 21 Way: 1 Address: 0x12c6fc550
  Set: 21 Way: 2 Address: 0x38e35c540
  Set: 22 Way: 0 Address: 0x12c6fc580
  Set: 22 Way: 1 Address: 0x38e35c5a0
  Set: 23 Way: 0 Address: 0x12c6fc5c0
  Set: 23 Way: 1 Address: 0x38e35c5f8
  Set: 24 Way: 0 Address: 0x12c6fc600
  Set: 24 Way: 1 Address: 0x16390f610
  Set: 24 Way: 2 Address: 0x38e35c638
  Set: 25 Way: 0 Address: 0x12c6fc640
  Set: 25 Way: 1 Address: 0x38e35c678
  Set: 26 Way: 0 Address: 0x16390f6b0
  Set: 26 Way: 1 Address: 0x12c6fc6b8
  Set: 26 Way: 2 Address: 0x84896680
  Set: 26 Way: 3 Address: 0x5588d680
  Set: 26 Way: 4 Address: 0x38e35c6a8
  Set: 27 Way: 0 Address: 0x12c6fc6f8
  Set: 27 Way: 1 Address: 0x38e35c6c0
  Set: 28 Way: 0 Address: 0x38e35c708
  Set: 28 Way: 1 Address: 0x12c6fc708
  Set: 29 Way: 0 Address: 0x2ee369778
  Set: 29 Way: 1 Address: 0x143ef778
  Set: 29 Way: 2 Address: 0x38e35c758
  Set: 29 Way: 3 Address: 0x276ff7758
  Set: 29 Way: 4 Address: 0x84896758
  Set: 29 Way: 5 Address: 0x12c6fc778
  Set: 30 Way: 0 Address: 0x1c84e2798
  Set: 30 Way: 1 Address: 0x292959798
  Set: 30 Way: 2 Address: 0x12c6fc7a0
  Set: 30 Way: 3 Address: 0x38e35c7b8
  Set: 31 Way: 0 Address: 0x28b67e7f8
  Set: 31 Way: 1 Address: 0x263c137f8
  Set: 31 Way: 2 Address: 0x1c84e27f0
  Set: 31 Way: 3 Address: 0x3734ee7f0
  Set: 31 Way: 4 Address: 0x12c6fc7e0
  Set: 31 Way: 5 Address: 0x38e35c7f8
  Set: 32 Way: 0 Address: 0x12c6fc838
  Set: 32 Way: 1 Address: 0x129934800
  Set: 32 Way: 2 Address: 0x38e35c808
  Set: 33 Way: 0 Address: 0x38e35c848
  Set: 33 Way: 1 Address: 0x211d16848
  Set: 33 Way: 2 Address: 0x12c6fc860
  Set: 33 Way: 3 Address: 0x129934840
  Set: 34 Way: 0 Address: 0x12c6fc898
  Set: 34 Way: 1 Address: 0x211d16880
  Set: 34 Way: 2 Address: 0x129934880
  Set: 35 Way: 0 Address: 0x12c6fc8e8
  Set: 35 Way: 1 Address: 0x1299348c0
  Set: 36 Way: 0 Address: 0x12c6fc930
  Set: 37 Way: 0 Address: 0x309887948
  Set: 37 Way: 1 Address: 0xf6e81940
  Set: 37 Way: 2 Address: 0x12c6fc970
  Set: 38 Way: 0 Address: 0x12c6fc980
  Set: 38 Way: 1 Address: 0x1299349b8
  Set: 39 Way: 0 Address: 0x12c6fc9e8
  Set: 39 Way: 1 Address: 0x1299349e8
  Set: 40 Way: 0 Address: 0x129934a38
  Set: 40 Way: 1 Address: 0x12c6fca38
  Set: 41 Way: 0 Address: 0x129934a78
  Set: 41 Way: 1 Address: 0x12c6fca70
  Set: 42 Way: 0 Address: 0x129934a80
  Set: 42 Way: 1 Address: 0x12c6fcaa0
  Set: 43 Way: 0 Address: 0x129934ae0
  Set: 43 Way: 1 Address: 0x12c6fcac0
  Set: 44 Way: 0 Address: 0x129934b00
  Set: 44 Way: 1 Address: 0x12c6fcb38
  Set: 45 Way: 0 Address: 0x129934b40
  Set: 45 Way: 1 Address: 0x12c6fcb60
  Set: 46 Way: 0 Address: 0x129934bb8
  Set: 46 Way: 1 Address: 0x12c6fcb80
  Set: 46 Way: 2 Address: 0x211d16b80
  Set: 47 Way: 0 Address: 0x129934be0
  Set: 47 Way: 1 Address: 0x12c6fcbf0
  Set: 48 Way: 0 Address: 0x129934c00
  Set: 48 Way: 1 Address: 0x12c6fcc30
  Set: 49 Way: 0 Address: 0x129934c40
  Set: 50 Way: 0 Address: 0x129934c80
  Set: 50 Way: 1 Address: 0x211d16ca8
  Set: 50 Way: 2 Address: 0x12c6fcc80
  Set: 51 Way: 0 Address: 0x129934cf8
  Set: 51 Way: 1 Address: 0x12c6fcce8
  Set: 52 Way: 0 Address: 0x129934d10
  Set: 52 Way: 1 Address: 0x211d16d00
  Set: 53 Way: 0 Address: 0x211d16d48
  Set: 53 Way: 1 Address: 0x129934d40
  Set: 54 Way: 0 Address: 0x201598d98
  Set: 54 Way: 1 Address: 0xc7078da0
  Set: 54 Way: 2 Address: 0x129934d80
  Set: 54 Way: 3 Address: 0x133c92da8
  Set: 54 Way: 4 Address: 0x211d16da0
  Set: 55 Way: 0 Address: 0x129934dc0
  Set: 55 Way: 1 Address: 0x12c6fcdf8
  Set: 56 Way: 0 Address: 0x129934e30
  Set: 56 Way: 1 Address: 0x12c6fce28
  Set: 57 Way: 0 Address: 0x129934e68
  Set: 58 Way: 0 Address: 0x129934e88
  Set: 59 Way: 0 Address: 0x129934ef8
  Set: 60 Way: 0 Address: 0x129934f38
  Set: 60 Way: 1 Address: 0x12c6fcf20
  Set: 61 Way: 0 Address: 0x129934f70
  Set: 61 Way: 1 Address: 0x12c6fcf60
  Set: 62 Way: 0 Address: 0x129934fb0
  Set: 62 Way: 1 Address: 0x12c6fcf80
  Set: 63 Way: 0 Address: 0x2a4841fe8
  Set: 63 Way: 1 Address: 0x129934fe8
EndCache
Cache: cpu0_ITLB
  Set: 0 Way: 0 Address: 0x400330
  Set: 0 Way: 1 Address: 0x430e41
  Set: 1 Way: 0 Address: 0x431ad7
  Set: 1 Way: 1 Address: 0x47122b
  Set: 1 Way: 2 Address: 0x461c28
  Set: 2 Way: 0 Address: 0x472065
  Set: 2 Way: 1 Address: 0x432144
  Set: 12 Way: 0 Address: 0x42cf41
  Set: 13 Way: 0 Address: 0x42d0af
  Set: 14 Way: 0 Address: 0x42e190
  Set: 15 Way: 0 Address: 0x42f241
EndCache
Cache: cpu0_DTLB
  Set: 0 Way: 0 Address: 0x4d0088
  Set: 3 Way: 0 Address: 0x7fff425b3cf8
  Set: 3 Way: 1 Address: 0x4f3388
  Set: 4 Way: 0 Address: 0x7fff425b4428
  Set: 5 Way: 0 Address: 0x7fff425b50c8
  Set: 8 Way: 0 Address: 0x728028
  Set: 9 Way: 0 Address: 0x7294f0
  Set: 11 Way: 0 Address: 0x4ebca8
  Set: 14 Way: 0 Address: 0x4fe550
  Set: 15 Way: 0 Address: 0x4ef708
EndCache
Cache: LLC
  Set: 5 Way: 0 Address: 0x6e620178
  Set: 64 Way: 0 Address: 0x113201000
  Set: 70 Way: 0 Address: 0x113201188
  Set: 78 Way: 0 Address: 0x113201388
  Set: 101 Way: 0 Address: 0xf6e81940
  Set: 127 Way: 0 Address: 0x2a4841fe8
  Set: 134 Way: 0 Address: 0x1c84e2190
  Set: 141 Way: 0 Address: 0x6d0c2340
  Set: 142 Way: 0 Address: 0x6d0c2388
  Set: 143 Way: 0 Address: 0x6d0c23e0
  Set: 158 Way: 0 Address: 0x1c84e2798
  Set: 159 Way: 0 Address: 0x1c84e27f0
  Set: 258 Way: 0 Address: 0x1ab44088
  Set: 390 Way: 0 Address: 0x3dae66190
  Set: 391 Way: 0 Address: 0x3dae661f0
  Set: 392 Way: 0 Address: 0x3dae66200
  Set: 393 Way: 0 Address: 0x3dae66242
  Set: 394 Way: 0 Address: 0x3dae66282
  Set: 395 Way: 0 Address: 0x3dae662c0
  Set: 396 Way: 0 Address: 0x3dae66301
  Set: 397 Way: 0 Address: 0x3dae66340
  Set: 398 Way: 0 Address: 0x3dae66380
  Set: 399 Way: 0 Address: 0x3dae663c0
  Set: 400 Way: 0 Address: 0x3dae66420
  Set: 401 Way: 0 Address: 0x3dae66459
  Set: 402 Way: 0 Address: 0x3dae66481
  Set: 485 Way: 0 Address: 0x309887948
  Set: 581 Way: 0 Address: 0x2ee369168
  Set: 605 Way: 0 Address: 0x2ee369778
  Set: 770 Way: 0 Address: 0x29484c090
  Set: 837 Way: 0 Address: 0x5588d178
  Set: 858 Way: 0 Address: 0x5588d680
  Set: 896 Way: 0 Address: 0x2f5d8e007
  Set: 897 Way: 0 Address: 0x2f5d8e042
  Set: 897 Way: 1 Address: 0x1c084e070
  Set: 898 Way: 0 Address: 0x2f5d8e0af
  Set: 898 Way: 1 Address: 0x1c084e0b8
  Set: 899 Way: 0 Address: 0x2f5d8e0c1
  Set: 899 Way: 1 Address: 0x1c084e0d0
  Set: 900 Way: 0 Address: 0x2f5d8e100
  Set: 901 Way: 0 Address: 0x2f5d8e140
  Set: 902 Way: 0 Address: 0x2f5d8e190
  Set: 903 Way: 0 Address: 0x2f5d8e1c8
  Set: 907 Way: 0 Address: 0x2f5d8e2fc
  Set: 908 Way: 0 Address: 0x2f5d8e304
  Set: 927 Way: 0 Address: 0x3734ee7f0
  Set: 965 Way: 0 Address: 0xee86f170
  Set: 966 Way: 0 Address: 0x143ef180
  Set: 981 Way: 0 Address: 0x16390f550
  Set: 984 Way: 0 Address: 0x16390f610
  Set: 986 Way: 0 Address: 0x16390f6b0
  Set: 989 Way: 0 Address: 0x143ef778
  Set: 1032 Way: 0 Address: 0x14bb10220
  Set: 1033 Way: 0 Address: 0x14bb10241
  Set: 1034 Way: 0 Address: 0x14bb10280
  Set: 1035 Way: 0 Address: 0x14bb102d7
  Set: 1036 Way: 0 Address: 0x14bb10303
  Set: 1037 Way: 0 Address: 0x14bb10340
  Set: 1038 Way: 0 Address: 0x14bb10383
  Set: 1039 Way: 0 Address: 0x14bb103c0
  Set: 1040 Way: 0 Address: 0x14bb10400
  Set: 1158 Way: 0 Address: 0x9cff2190
  Set: 1166 Way: 0 Address: 0x9cff2390
  Set: 1170 Way: 0 Address: 0x1995f24b0
  Set: 1171 Way: 0 Address: 0x1995f24f0
  Set: 1172 Way: 0 Address: 0x1995f2500
  Set: 1206 Way: 0 Address: 0x133c92da8
  Set: 1223 Way: 0 Address: 0x3c56b31d0
  Set: 1224 Way: 0 Address: 0x3c56b3210
  Set: 1225 Way: 0 Address: 0x3c56b3242
  Set: 1247 Way: 0 Address: 0x263c137f8
  Set: 1263 Way: 0 Address: 0x2b2e93bf0
  Set: 1264 Way: 0 Address: 0x2b2e93c02
  Set: 1265 Way: 0 Address: 0x2b2e93c40
  Set: 1266 Way: 0 Address: 0x2b2e93c82
  Set: 1267 Way: 0 Address: 0x2b2e93cde
  Set: 1268 Way: 0 Address: 0x2b2e93d00
  Set: 1280 Way: 0 Address: 0x397bb4030
  Set: 1281 Way: 0 Address: 0x397bb4047
  Set: 1282 Way: 0 Address: 0x397bb4083
  Set: 1283 Way: 0 Address: 0x397bb40c2
  Set: 1286 Way: 0 Address: 0x3c1074180
  Set: 1292 Way: 0 Address: 0x3c1074308
  Set: 1294 Way: 0 Address: 0x3de4d4388
  Set: 1312 Way: 0 Address: 0x129934800
  Set: 1313 Way: 0 Address: 0x129934840
  Set: 1314 Way: 0 Address: 0x129934880
  Set: 1315 Way: 0 Address: 0x1299348c0
  Set: 1318 Way: 0 Address: 0x1299349a8
  Set: 1319 Way: 0 Address: 0x1299349e8
  Set: 1320 Way: 0 Address: 0x129934a38
  Set: 1321 Way: 0 Address: 0x129934a78
  Set: 1322 Way: 0 Address: 0x129934a80
  Set: 1323 Way: 0 Address: 0x129934ae0
  Set: 1324 Way: 0 Address: 0x129934b00
  Set: 1325 Way: 0 Address: 0x129934b40
  Set: 1325 Way: 1 Address: 0x397bb4b70
  Set: 1326 Way: 0 Address: 0x129934bb8
  Set: 1326 Way: 1 Address: 0x397bb4b80
  Set: 1327 Way: 0 Address: 0x129934bd0
  Set: 1328 Way: 0 Address: 0x129934c00
  Set: 1329 Way: 0 Address: 0x397bb4c58
  Set: 1329 Way: 1 Address: 0x129934c40
  Set: 1330 Way: 0 Address: 0x129934c80
  Set: 1331 Way: 0 Address: 0x129934cf0
  Set: 1332 Way: 0 Address: 0x129934d20
  Set: 1333 Way: 0 Address: 0x129934d40
  Set: 1334 Way: 0 Address: 0x129934d80
  Set: 1335 Way: 0 Address: 0x129934dc0
  Set: 1336 Way: 0 Address: 0x129934e30
  Set: 1337 Way: 0 Address: 0x129934e70
  Set: 1338 Way: 0 Address: 0x129934e80
  Set: 1339 Way: 0 Address: 0x129934ef8
  Set: 1340 Way: 0 Address: 0x129934f08
  Set: 1341 Way: 0 Address: 0x129934f78
  Set: 1342 Way: 0 Address: 0x129934f98
  Set: 1343 Way: 0 Address: 0x129934ff8
  Set: 1344 Way: 0 Address: 0x195f15010
  Set: 1349 Way: 0 Address: 0x354d35160
  Set: 1356 Way: 0 Address: 0x354d35308
  Set: 1408 Way: 0 Address: 0x43736018
  Set: 1434 Way: 0 Address: 0x84896680
  Set: 1437 Way: 0 Address: 0x84896758
  Set: 1441 Way: 0 Address: 0x211d16848
  Set: 1442 Way: 0 Address: 0x211d16880
  Set: 1454 Way: 0 Address: 0x211d16b80
  Set: 1458 Way: 0 Address: 0x211d16ca8
  Set: 1460 Way: 0 Address: 0x211d16d00
  Set: 1461 Way: 0 Address: 0x211d16d48
  Set: 1462 Way: 0 Address: 0x211d16da0
  Set: 1477 Way: 0 Address: 0x276ff7160
  Set: 1501 Way: 0 Address: 0x276ff7758
  Set: 1540 Way: 0 Address: 0x1aafb8133
  Set: 1541 Way: 0 Address: 0x1aafb8144
  Set: 1542 Way: 0 Address: 0x1aafb8180
  Set: 1548 Way: 0 Address: 0x1aafb833a
  Set: 1549 Way: 0 Address: 0x1aafb8358
  Set: 1550 Way: 0 Address: 0x1aafb8390
  Set: 1590 Way: 0 Address: 0x201598d98
  Set: 1590 Way: 1 Address: 0xc7078da0
  Set: 1605 Way: 0 Address: 0x292959168
  Set: 1630 Way: 0 Address: 0x292959798
  Set: 1664 Way: 0 Address: 0x229b9a000
  Set: 1664 Way: 1 Address: 0x1d89da000
  Set: 1676 Way: 0 Address: 0x223eda330
  Set: 1780 Way: 0 Address: 0x394edbd30
  Set: 1781 Way: 0 Address: 0x394edbd70
  Set: 1782 Way: 0 Address: 0x394edbd8b
  Set: 1783 Way: 0 Address: 0x394edbdf0
  Set: 1784 Way: 0 Address: 0x394edbe00
  Set: 1785 Way: 0 Address: 0x394edbe41
  Set: 1786 Way: 0 Address: 0x394edbe80
  Set: 1787 Way: 0 Address: 0x394edbec2
  Set: 1788 Way: 0 Address: 0x394edbf00
  Set: 1789 Way: 0 Address: 0x394edbf40
  Set: 1790 Way: 0 Address: 0x394edbf80
  Set: 1791 Way: 0 Address: 0x394edbfd8
  Set: 1792 Way: 0 Address: 0xdf85c000
  Set: 1792 Way: 1 Address: 0x12c6fc038
  Set: 1793 Way: 0 Address: 0x12c6fc050
  Set: 1794 Way: 0 Address: 0x12c6fc080
  Set: 1795 Way: 0 Address: 0x12c6fc0c0
  Set: 1796 Way: 0 Address: 0x12c6fc130
  Set: 1797 Way: 0 Address: 0x12c6fc178
  Set: 1798 Way: 0 Address: 0x12c6fc188
  Set: 1799 Way: 0 Address: 0x12c6fc1e8
  Set: 1800 Way: 0 Address: 0x12c6fc200
  Set: 1801 Way: 0 Address: 0x12c6fc278
  Set: 1802 Way: 0 Address: 0x12c6fc288
  Set: 1803 Way: 0 Address: 0x12c6fc2c0
  Set: 1804 Way: 0 Address: 0x12c6fc300
  Set: 1805 Way: 0 Address: 0x12c6fc340
  Set: 1806 Way: 0 Address: 0x12c6fc380
  Set: 1807 Way: 0 Address: 0x12c6fc3d8
  Set: 1808 Way: 0 Address: 0x12c6fc428
  Set: 1809 Way: 0 Address: 0x12c6fc440
  Set: 1810 Way: 0 Address: 0x12c6fc480
  Set: 1810 Way: 1 Address: 0x38e35c480
  Set: 1811 Way: 0 Address: 0x12c6fc4f8
  Set: 1811 Way: 1 Address: 0x38e35c4c0
  Set: 1812 Way: 0 Address: 0x12c6fc528
  Set: 1812 Way: 1 Address: 0x38e35c500
  Set: 1813 Way: 0 Address: 0x12c6fc540
  Set: 1813 Way: 1 Address: 0x38e35c540
  Set: 1814 Way: 0 Address: 0x12c6fc5b8
  Set: 1814 Way: 1 Address: 0x38e35c5a8
  Set: 1815 Way: 0 Address: 0x12c6fc5d0
  Set: 1815 Way: 1 Address: 0x38e35c5f8
  Set: 1816 Way: 0 Address: 0x12c6fc600
  Set: 1816 Way: 1 Address: 0x38e35c638
  Set: 1817 Way: 0 Address: 0x12c6fc640
  Set: 1817 Way: 1 Address: 0x38e35c678
  Set: 1818 Way: 0 Address: 0x12c6fc6b0
  Set: 1818 Way: 1 Address: 0x38e35c6a8
  Set: 1819 Way: 0 Address: 0x12c6fc6c0
  Set: 1819 Way: 1 Address: 0x38e35c6c0
  Set: 1820 Way: 0 Address: 0x38e35c708
  Set: 1820 Way: 1 Address: 0x12c6fc700
  Set: 1821 Way: 0 Address: 0x38e35c758
  Set: 1821 Way: 1 Address: 0x12c6fc768
  Set: 1822 Way: 0 Address: 0x38e35c780
  Set: 1822 Way: 1 Address: 0x12c6fc780
  Set: 1823 Way: 0 Address: 0x12c6fc7f8
  Set: 1823 Way: 1 Address: 0x38e35c7f8
  Set: 1824 Way: 0 Address: 0x12c6fc808
  Set: 1824 Way: 1 Address: 0x38e35c808
  Set: 1825 Way: 0 Address: 0x38e35c868
  Set: 1825 Way: 1 Address: 0x12c6fc860
  Set: 1826 Way: 0 Address: 0x12c6fc898
  Set: 1827 Way: 0 Address: 0x12c6fc8e8
  Set: 1828 Way: 0 Address: 0x12c6fc900
  Set: 1829 Way: 0 Address: 0x12c6fc970
  Set: 1830 Way: 0 Address: 0x12c6fc990
  Set: 1831 Way: 0 Address: 0x12c6fc9e8
  Set: 1832 Way: 0 Address: 0x12c6fca38
  Set: 1833 Way: 0 Address: 0x12c6fca40
  Set: 1834 Way: 0 Address: 0x12c6fcab0
  Set: 1835 Way: 0 Address: 0x12c6fcae0
  Set: 1836 Way: 0 Address: 0x12c6fcb38
  Set: 1837 Way: 0 Address: 0x12c6fcb78
  Set: 1838 Way: 0 Address: 0x12c6fcb88
  Set: 1839 Way: 0 Address: 0x12c6fcbc0
  Set: 1840 Way: 0 Address: 0x12c6fcc30
  Set: 1842 Way: 0 Address: 0x12c6fccb8
  Set: 1843 Way: 0 Address: 0x12c6fccd8
  Set: 1847 Way: 0 Address: 0x12c6fcdd0
  Set: 1848 Way: 0 Address: 0x12c6fce00
  Set: 1852 Way: 0 Address: 0x12c6fcf20
  Set: 1853 Way: 0 Address: 0x12c6fcf78
  Set: 1854 Way: 0 Address: 0x12c6fcf80
  Set: 1856 Way: 0 Address: 0x23755d028
  Set: 1900 Way: 0 Address: 0x1addb3c
  Set: 1901 Way: 0 Address: 0x1addb44
  Set: 1902 Way: 0 Address: 0x1addb80
  Set: 1903 Way: 0 Address: 0x1addbc3
  Set: 1904 Way: 0 Address: 0x1addc00
  Set: 1905 Way: 0 Address: 0x1addc40
  Set: 1906 Way: 0 Address: 0x1addc80
  Set: 1916 Way: 0 Address: 0x1addf00
  Set: 1917 Way: 0 Address: 0x1addf41
  Set: 1918 Way: 0 Address: 0x1addf80
  Set: 1919 Way: 0 Address: 0x1addfc4
  Set: 1920 Way: 0 Address: 0x28b67e000
  Set: 1920 Way: 1 Address: 0x1f919e00d
  Set: 1921 Way: 0 Address: 0x1f919e040
  Set: 1922 Way: 0 Address: 0x1f919e085
  Set: 1923 Way: 0 Address: 0x1f919e0c1
  Set: 1924 Way: 0 Address: 0x1f919e102
  Set: 1925 Way: 0 Address: 0x1f919e150
  Set: 1926 Way: 0 Address: 0x1f919e190
  Set: 1927 Way: 0 Address: 0x1f919e1c1
  Set: 1928 Way: 0 Address: 0x1f919e208
  Set: 1929 Way: 0 Address: 0x1f919e240
  Set: 1930 Way: 0 Address: 0x1f919e283
  Set: 1931 Way: 0 Address: 0x1f919e2fa
  Set: 1932 Way: 0 Address: 0x1f919e302
  Set: 1933 Way: 0 Address: 0x1f919e341
  Set: 1934 Way: 0 Address: 0x1f919e380
  Set: 1935 Way: 0 Address: 0x1f919e3c2
  Set: 1936 Way: 0 Address: 0x1f919e42f
  Set: 1937 Way: 0 Address: 0x1f919e440
  Set: 1938 Way: 0 Address: 0x1f919e490
  Set: 1939 Way: 0 Address: 0x1f919e4c1
  Set: 1943 Way: 0 Address: 0x1f919e5e0
  Set: 1944 Way: 0 Address: 0x1f919e620
  Set: 1949 Way: 0 Address: 0x1f919e758
  Set: 1950 Way: 0 Address: 0x1f919e7b0
  Set: 1951 Way: 0 Address: 0x28b67e7f8
  Set: 1951 Way: 1 Address: 0x1f919e7c1
  Set: 1952 Way: 0 Address: 0x1f919e83d
  Set: 1953 Way: 0 Address: 0x1f919e841
  Set: 1954 Way: 0 Address: 0x1f919e887
  Set: 1955 Way: 0 Address: 0x1f919e8c3
  Set: 1956 Way: 0 Address: 0x1f919e900
  Set: 1957 Way: 0 Address: 0x1f919e964
  Set: 1958 Way: 0 Address: 0x1f919e980
  Set: 1959 Way: 0 Address: 0x1f919e9cf
  Set: 1960 Way: 0 Address: 0x1f919ea05
  Set: 1961 Way: 0 Address: 0x1f919ea70
  Set: 1962 Way: 0 Address: 0x1f919eab6
  Set: 1963 Way: 0 Address: 0x1f919eac0
  Set: 1964 Way: 0 Address: 0x1f919eb30
  Set: 1965 Way: 0 Address: 0x1f919eb40
  Set: 1966 Way: 0 Address: 0x1f919eba6
  Set: 1967 Way: 0 Address: 0x1f919ebc0
  Set: 1975 Way: 0 Address: 0x1f919edf0
  Set: 1976 Way: 0 Address: 0x1f919ee01
  Set: 1977 Way: 0 Address: 0x1f919ee40
  Set: 1978 Way: 0 Address: 0x1f919ee81
  Set: 1979 Way: 0 Address: 0x1f919eee7
  Set: 1980 Way: 0 Address: 0x1f919ef02
  Set: 1981 Way: 0 Address: 0x1f919ef40
  Set: 1982 Way: 0 Address: 0x1f919ef86
  Set: 1983 Way: 0 Address: 0x1f919efc0
EndCache
