Cache: cpu0_STLB
  Set: 0 Way: 0 Address: 0x400330
  Set: 40 Way: 0 Address: 0x728028
  Set: 41 Way: 0 Address: 0x7294b0
  Set: 44 Way: 0 Address: 0x42cf00
  Set: 45 Way: 0 Address: 0x42d0fb
  Set: 46 Way: 0 Address: 0x42e220
  Set: 47 Way: 0 Address: 0x42f22c
  Set: 48 Way: 0 Address: 0x430d8b
  Set: 49 Way: 0 Address: 0x4317b0
  Set: 50 Way: 0 Address: 0x43233a
  Set: 51 Way: 0 Address: 0x7fff425b3ff8
  Set: 52 Way: 0 Address: 0x7fff425b43d8
  Set: 80 Way: 0 Address: 0x4d0088
  Set: 97 Way: 0 Address: 0x461bf0
  Set: 107 Way: 0 Address: 0x4ebda0
  Set: 111 Way: 0 Address: 0x4ef708
  Set: 113 Way: 0 Address: 0x4711d0
  Set: 114 Way: 0 Address: 0x472030
  Set: 115 Way: 0 Address: 0x4f33e0
  Set: 126 Way: 0 Address: 0x4fe6b0
EndCache
Cache: cpu0_L2C
  Set: 64 Way: 0 Address: 0x2a4841038
  Set: 65 Way: 0 Address: 0x2a4841078
  Set: 66 Way: 0 Address: 0x2a48410b8
  Set: 67 Way: 0 Address: 0x2a48410f8
  Set: 68 Way: 0 Address: 0x2a4841100
  Set: 69 Way: 0 Address: 0x113201178
  Set: 69 Way: 1 Address: 0x2a4841178
  Set: 70 Way: 0 Address: 0x2a48411b8
  Set: 71 Way: 0 Address: 0x2a48411f8
  Set: 72 Way: 0 Address: 0x2a4841238
  Set: 73 Way: 0 Address: 0x2a4841240
  Set: 74 Way: 0 Address: 0x2a4841280
  Set: 75 Way: 0 Address: 0x2a48412c0
  Set: 76 Way: 0 Address: 0x2a4841300
  Set: 77 Way: 0 Address: 0x2a4841370
  Set: 78 Way: 0 Address: 0x2a48413a8
  Set: 78 Way: 1 Address: 0xf6e81388
  Set: 79 Way: 0 Address: 0x2a48413d8
  Set: 80 Way: 0 Address: 0x2a4841400
  Set: 81 Way: 0 Address: 0x2a4841440
  Set: 82 Way: 0 Address: 0x2a48414b8
  Set: 83 Way: 0 Address: 0x2a48414d8
  Set: 84 Way: 0 Address: 0x2a4841528
  Set: 85 Way: 0 Address: 0x2a4841540
  Set: 86 Way: 0 Address: 0x2a48415b8
  Set: 87 Way: 0 Address: 0x2a48415f8
  Set: 88 Way: 0 Address: 0x2a4841638
  Set: 89 Way: 0 Address: 0x2a4841678
  Set: 90 Way: 0 Address: 0x2a48416b0
  Set: 91 Way: 0 Address: 0x2a48416c0
  Set: 92 Way: 0 Address: 0x2a4841700
  Set: 93 Way: 0 Address: 0x2a4841740
  Set: 94 Way: 0 Address: 0x2a4841780
  Set: 95 Way: 0 Address: 0x2a48417c0
  Set: 95 Way: 1 Address: 0xf6e817f0
  Set: 96 Way: 0 Address: 0x2a4841800
  Set: 97 Way: 0 Address: 0x2a4841840
  Set: 98 Way: 0 Address: 0x2a4841898
  Set: 99 Way: 0 Address: 0x2a48418f8
  Set: 100 Way: 0 Address: 0x2a4841938
  Set: 101 Way: 0 Address: 0x2a4841978
  Set: 102 Way: 0 Address: 0x2a4841998
  Set: 103 Way: 0 Address: 0x2a48419e8
  Set: 104 Way: 0 Address: 0x2a4841a00
  Set: 105 Way: 0 Address: 0x2a4841a40
  Set: 106 Way: 0 Address: 0x2a4841a80
  Set: 107 Way: 0 Address: 0x2a4841ac0
  Set: 108 Way: 0 Address: 0x2a4841b38
  Set: 109 Way: 0 Address: 0x2a4841b78
  Set: 110 Way: 0 Address: 0x2a4841bb8
  Set: 111 Way: 0 Address: 0x2a4841bf8
  Set: 112 Way: 0 Address: 0x2a4841c38
  Set: 114 Way: 0 Address: 0x2a4841cb8
  Set: 115 Way: 0 Address: 0x2a4841cf8
  Set: 116 Way: 0 Address: 0x2a4841d38
  Set: 117 Way: 0 Address: 0x2a4841d78
  Set: 118 Way: 0 Address: 0x2a4841d90
  Set: 128 Way: 0 Address: 0x6d0c2028
  Set: 133 Way: 0 Address: 0x1c84e2170
  Set: 134 Way: 0 Address: 0x1c84e2180
  Set: 143 Way: 0 Address: 0x133c923e0
  Set: 146 Way: 0 Address: 0x1995f24b0
  Set: 147 Way: 0 Address: 0x1995f24f0
  Set: 182 Way: 0 Address: 0x9cff2da0
  Set: 218 Way: 0 Address: 0x2b2e93680
  Set: 221 Way: 0 Address: 0x2b2e93758
  Set: 223 Way: 0 Address: 0x263c137f8
  Set: 224 Way: 0 Address: 0x3c56b3800
  Set: 225 Way: 0 Address: 0x3c56b3840
  Set: 226 Way: 0 Address: 0x3c56b3880
  Set: 227 Way: 0 Address: 0x3c56b38c0
  Set: 230 Way: 0 Address: 0x3c56b39a8
  Set: 231 Way: 0 Address: 0x3c56b39e8
  Set: 232 Way: 0 Address: 0x3c56b3a38
  Set: 233 Way: 0 Address: 0x3c56b3a78
  Set: 234 Way: 0 Address: 0x3c56b3a88
  Set: 235 Way: 0 Address: 0x3c56b3af8
  Set: 236 Way: 0 Address: 0x3c56b3b38
  Set: 237 Way: 0 Address: 0x3c56b3b40
  Set: 238 Way: 0 Address: 0x3c56b3b88
  Set: 239 Way: 0 Address: 0x3c56b3bc0
  Set: 240 Way: 0 Address: 0x3c56b3c00
  Set: 241 Way: 0 Address: 0x3c56b3c70
  Set: 242 Way: 0 Address: 0x3c56b3c80
  Set: 243 Way: 0 Address: 0x3c56b3ce0
  Set: 244 Way: 0 Address: 0x3c56b3d00
  Set: 245 Way: 0 Address: 0x3c56b3d40
  Set: 246 Way: 0 Address: 0x3c56b3d80
  Set: 247 Way: 0 Address: 0x3c56b3dc0
  Set: 248 Way: 0 Address: 0x3c56b3e00
  Set: 249 Way: 0 Address: 0x3c56b3e40
  Set: 250 Way: 0 Address: 0x3c56b3e80
  Set: 251 Way: 0 Address: 0x3c56b3ec0
  Set: 252 Way: 0 Address: 0x3c56b3f00
  Set: 253 Way: 0 Address: 0x3c56b3f78
  Set: 254 Way: 0 Address: 0x3c56b3fa8
  Set: 255 Way: 0 Address: 0x3c56b3ff8
  Set: 256 Way: 0 Address: 0xb800400d
  Set: 257 Way: 0 Address: 0xb8004040
  Set: 258 Way: 0 Address: 0x3de4d4090
  Set: 258 Way: 1 Address: 0xb8004085
  Set: 259 Way: 0 Address: 0xb80040c1
  Set: 260 Way: 0 Address: 0xb8004102
  Set: 261 Way: 0 Address: 0x397bb4168
  Set: 261 Way: 1 Address: 0xb8004150
  Set: 262 Way: 0 Address: 0xb8004190
  Set: 263 Way: 0 Address: 0xb80041c1
  Set: 264 Way: 0 Address: 0xb8004208
  Set: 267 Way: 0 Address: 0xb80042fa
  Set: 268 Way: 0 Address: 0xb8004302
  Set: 269 Way: 0 Address: 0xb8004341
  Set: 270 Way: 0 Address: 0xb8004380
  Set: 271 Way: 0 Address: 0xb80043c2
  Set: 272 Way: 0 Address: 0xb800442f
  Set: 273 Way: 0 Address: 0xb8004440
  Set: 274 Way: 0 Address: 0xb8004490
  Set: 275 Way: 0 Address: 0xb80044c1
  Set: 279 Way: 0 Address: 0xb80045e0
  Set: 284 Way: 0 Address: 0xb8004731
  Set: 285 Way: 0 Address: 0xb800476e
  Set: 286 Way: 0 Address: 0xb80047b0
  Set: 286 Way: 1 Address: 0x1ab44798
  Set: 287 Way: 0 Address: 0xb80047c1
  Set: 288 Way: 0 Address: 0xb8004802
  Set: 289 Way: 0 Address: 0xb8004841
  Set: 290 Way: 0 Address: 0xb8004887
  Set: 291 Way: 0 Address: 0xb80048c3
  Set: 292 Way: 0 Address: 0xb8004901
  Set: 293 Way: 0 Address: 0xb8004964
  Set: 294 Way: 0 Address: 0xb8004980
  Set: 295 Way: 0 Address: 0xb80049c2
  Set: 296 Way: 0 Address: 0xb8004a05
  Set: 297 Way: 0 Address: 0xb8004a41
  Set: 298 Way: 0 Address: 0xb8004a81
  Set: 299 Way: 0 Address: 0xb8004ae7
  Set: 300 Way: 0 Address: 0xb8004b14
  Set: 301 Way: 0 Address: 0xb8004b40
  Set: 302 Way: 0 Address: 0xb8004b96
  Set: 303 Way: 0 Address: 0xb8004bc0
  Set: 303 Way: 1 Address: 0x3c1074bf0
  Set: 304 Way: 0 Address: 0x3c1074c02
  Set: 305 Way: 0 Address: 0x3c1074c40
  Set: 306 Way: 0 Address: 0x3c1074c82
  Set: 307 Way: 0 Address: 0x3c1074cde
  Set: 309 Way: 0 Address: 0x129934d70
  Set: 310 Way: 0 Address: 0x129934d8b
  Set: 311 Way: 0 Address: 0x129934df0
  Set: 311 Way: 1 Address: 0xb8004df0
  Set: 312 Way: 0 Address: 0x129934e00
  Set: 312 Way: 1 Address: 0xb8004e01
  Set: 313 Way: 0 Address: 0x129934e41
  Set: 313 Way: 1 Address: 0xb8004e40
  Set: 314 Way: 0 Address: 0x129934e80
  Set: 314 Way: 1 Address: 0xb8004e81
  Set: 315 Way: 0 Address: 0x129934ec2
  Set: 315 Way: 1 Address: 0xb8004ee7
  Set: 316 Way: 0 Address: 0x129934f01
  Set: 316 Way: 1 Address: 0xb8004f02
  Set: 317 Way: 0 Address: 0x129934f44
  Set: 317 Way: 1 Address: 0xb8004f40
  Set: 318 Way: 0 Address: 0xb8004f86
  Set: 319 Way: 0 Address: 0x129934fd8
  Set: 319 Way: 1 Address: 0xb8004fc7
  Set: 320 Way: 0 Address: 0x195f15010
  Set: 369 Way: 0 Address: 0x354d35c54
  Set: 370 Way: 0 Address: 0x354d35c86
  Set: 380 Way: 0 Address: 0x354d35f00
  Set: 381 Way: 0 Address: 0x354d35f41
  Set: 382 Way: 0 Address: 0x354d35f80
  Set: 383 Way: 0 Address: 0x354d35fc4
  Set: 384 Way: 0 Address: 0x43736000
  Set: 386 Way: 0 Address: 0x84896088
  Set: 390 Way: 0 Address: 0x43736188
  Set: 390 Way: 1 Address: 0x211d16190
  Set: 402 Way: 0 Address: 0x3dae66480
  Set: 403 Way: 0 Address: 0x3dae664c0
  Set: 404 Way: 0 Address: 0x3dae66500
  Set: 405 Way: 0 Address: 0x3dae66540
  Set: 406 Way: 0 Address: 0x3dae665a0
  Set: 407 Way: 0 Address: 0x3dae665f8
  Set: 408 Way: 0 Address: 0x3dae66600
  Set: 409 Way: 0 Address: 0x3dae66640
  Set: 410 Way: 0 Address: 0x3dae66680
  Set: 411 Way: 0 Address: 0x3dae666c0
  Set: 412 Way: 0 Address: 0x3dae66708
  Set: 413 Way: 0 Address: 0x3dae66778
  Set: 414 Way: 0 Address: 0x3dae667b8
  Set: 414 Way: 1 Address: 0x211d16798
  Set: 415 Way: 0 Address: 0x3dae667f8
  Set: 416 Way: 0 Address: 0x3dae66808
  Set: 417 Way: 0 Address: 0x3dae66868
  Set: 485 Way: 0 Address: 0x309887940
  Set: 500 Way: 0 Address: 0x276ff7d00
  Set: 502 Way: 0 Address: 0x276ff7da0
  Set: 518 Way: 0 Address: 0x1aafb8180
  Set: 518 Way: 1 Address: 0x201598190
  Set: 519 Way: 0 Address: 0x2015981f0
  Set: 520 Way: 0 Address: 0x201598220
  Set: 521 Way: 0 Address: 0x201598242
  Set: 522 Way: 0 Address: 0x201598282
  Set: 523 Way: 0 Address: 0x2015982c3
  Set: 524 Way: 0 Address: 0xc7078330
  Set: 524 Way: 1 Address: 0x201598301
  Set: 525 Way: 0 Address: 0x201598340
  Set: 529 Way: 0 Address: 0x201598459
  Set: 530 Way: 0 Address: 0x201598481
  Set: 576 Way: 0 Address: 0x292959018
  Set: 600 Way: 0 Address: 0x2ee369610
  Set: 602 Way: 0 Address: 0x2ee3696b0
  Set: 640 Way: 0 Address: 0x229b9a000
  Set: 694 Way: 0 Address: 0x223edad98
  Set: 703 Way: 0 Address: 0x1d89dafe8
  Set: 709 Way: 0 Address: 0x394edb160
  Set: 733 Way: 0 Address: 0x394edb758
  Set: 768 Way: 0 Address: 0xdf85c000
  Set: 768 Way: 1 Address: 0x29484c007
  Set: 769 Way: 0 Address: 0x29484c042
  Set: 770 Way: 0 Address: 0x29484c080
  Set: 771 Way: 0 Address: 0x29484c0fb
  Set: 772 Way: 0 Address: 0x29484c101
  Set: 773 Way: 0 Address: 0x29484c140
  Set: 773 Way: 1 Address: 0x38e35c160
  Set: 774 Way: 0 Address: 0x29484c190
  Set: 780 Way: 0 Address: 0x38e35c308
  Set: 805 Way: 0 Address: 0x12c6fc948
  Set: 836 Way: 0 Address: 0x5588d10d
  Set: 837 Way: 0 Address: 0x5588d144
  Set: 838 Way: 0 Address: 0x1add190
  Set: 838 Way: 1 Address: 0x5588d190
  Set: 844 Way: 0 Address: 0x5588d33a
  Set: 845 Way: 0 Address: 0x5588d358
  Set: 846 Way: 0 Address: 0x23755d390
  Set: 846 Way: 1 Address: 0x5588d390
  Set: 858 Way: 0 Address: 0x1add680
  Set: 863 Way: 0 Address: 0x23755d7f0
  Set: 896 Way: 0 Address: 0x28b67e000
  Set: 896 Way: 1 Address: 0x3734ee000
  Set: 904 Way: 0 Address: 0x1f919e22c
  Set: 905 Way: 0 Address: 0x1f919e241
  Set: 906 Way: 0 Address: 0x1f919e2a0
  Set: 907 Way: 0 Address: 0x1f919e2d7
  Set: 908 Way: 0 Address: 0x1f919e303
  Set: 909 Way: 0 Address: 0x1f919e340
  Set: 910 Way: 0 Address: 0x1f919e383
  Set: 910 Way: 1 Address: 0x3734ee388
  Set: 910 Way: 2 Address: 0x2f5d8e390
  Set: 911 Way: 0 Address: 0x1f919e3c3
  Set: 925 Way: 0 Address: 0x2f5d8e778
  Set: 927 Way: 0 Address: 0x28b67e7f8
  Set: 960 Way: 0 Address: 0xee86f030
  Set: 961 Way: 0 Address: 0xee86f047
  Set: 962 Way: 0 Address: 0xee86f083
  Set: 963 Way: 0 Address: 0xee86f0c2
  Set: 967 Way: 0 Address: 0x16390f1d0
  Set: 968 Way: 0 Address: 0x16390f210
  Set: 969 Way: 0 Address: 0x16390f242
  Set: 972 Way: 0 Address: 0x143ef308
  Set: 989 Way: 0 Address: 0x143ef778
  Set: 1005 Way: 0 Address: 0xee86fb70
  Set: 1006 Way: 0 Address: 0xee86fb80
EndCache
Cache: cpu0_L1I
  Set: 0 Way: 0 Address: 0xee86f030
  Set: 0 Way: 1 Address: 0xb800400d
  Set: 0 Way: 2 Address: 0x29484c007
  Set: 1 Way: 0 Address: 0xee86f047
  Set: 1 Way: 1 Address: 0xb8004040
  Set: 1 Way: 2 Address: 0x29484c042
  Set: 2 Way: 0 Address: 0xee86f0a4
  Set: 2 Way: 1 Address: 0xb8004085
  Set: 2 Way: 2 Address: 0x29484c080
  Set: 3 Way: 0 Address: 0x29484c0fb
  Set: 3 Way: 1 Address: 0xee86f0c2
  Set: 3 Way: 2 Address: 0xb80040c1
  Set: 4 Way: 0 Address: 0x29484c101
  Set: 4 Way: 1 Address: 0xb8004102
  Set: 4 Way: 2 Address: 0x5588d10d
  Set: 5 Way: 0 Address: 0x29484c140
  Set: 5 Way: 1 Address: 0xb8004150
  Set: 5 Way: 2 Address: 0x5588d144
  Set: 6 Way: 0 Address: 0x201598190
  Set: 6 Way: 1 Address: 0xb80041ad
  Set: 6 Way: 2 Address: 0x29484c190
  Set: 6 Way: 3 Address: 0x5588d190
  Set: 7 Way: 0 Address: 0x16390f1d0
  Set: 7 Way: 1 Address: 0x2015981f0
  Set: 7 Way: 2 Address: 0xb80041c1
  Set: 8 Way: 0 Address: 0x1f919e22c
  Set: 8 Way: 1 Address: 0x201598220
  Set: 8 Way: 2 Address: 0x16390f23e
  Set: 8 Way: 3 Address: 0xb8004208
  Set: 9 Way: 0 Address: 0x1f919e267
  Set: 9 Way: 1 Address: 0x201598242
  Set: 9 Way: 2 Address: 0x16390f242
  Set: 10 Way: 0 Address: 0x1f919e2a0
  Set: 10 Way: 1 Address: 0x201598282
  Set: 11 Way: 0 Address: 0x1f919e2f0
  Set: 11 Way: 1 Address: 0xb80042fa
  Set: 11 Way: 2 Address: 0x2015982ee
  Set: 12 Way: 0 Address: 0x1f919e303
  Set: 12 Way: 1 Address: 0xc7078330
  Set: 12 Way: 2 Address: 0xb8004302
  Set: 12 Way: 3 Address: 0x201598329
  Set: 12 Way: 4 Address: 0x5588d33a
  Set: 13 Way: 0 Address: 0x1f919e360
  Set: 13 Way: 1 Address: 0x201598340
  Set: 13 Way: 2 Address: 0x5588d358
  Set: 13 Way: 3 Address: 0xb8004369
  Set: 14 Way: 0 Address: 0x1f919e383
  Set: 14 Way: 1 Address: 0x5588d390
  Set: 14 Way: 2 Address: 0xb8004380
  Set: 15 Way: 0 Address: 0x1f919e3c3
  Set: 15 Way: 1 Address: 0xb80043e2
  Set: 16 Way: 0 Address: 0xb800442f
  Set: 17 Way: 0 Address: 0xb8004440
  Set: 17 Way: 1 Address: 0x201598459
  Set: 18 Way: 0 Address: 0xb80044b1
  Set: 18 Way: 1 Address: 0x201598481
  Set: 19 Way: 0 Address: 0xb80044c1
  Set: 23 Way: 0 Address: 0xb80045e0
  Set: 28 Way: 0 Address: 0xb8004731
  Set: 29 Way: 0 Address: 0xb800476e
  Set: 30 Way: 0 Address: 0xb80047b0
  Set: 31 Way: 0 Address: 0xb80047fc
  Set: 32 Way: 0 Address: 0xb8004802
  Set: 33 Way: 0 Address: 0xb8004841
  Set: 34 Way: 0 Address: 0xb80048bd
  Set: 35 Way: 0 Address: 0xb80048c3
  Set: 36 Way: 0 Address: 0xb800492e
  Set: 37 Way: 0 Address: 0xb8004964
  Set: 38 Way: 0 Address: 0xb8004980
  Set: 39 Way: 0 Address: 0xb80049e0
  Set: 40 Way: 0 Address: 0xb8004a33
  Set: 41 Way: 0 Address: 0xb8004a41
  Set: 42 Way: 0 Address: 0xb8004aa8
  Set: 43 Way: 0 Address: 0xb8004ae7
  Set: 44 Way: 0 Address: 0xb8004b14
  Set: 45 Way: 0 Address: 0xb8004b40
  Set: 45 Way: 1 Address: 0xee86fb70
  Set: 46 Way: 0 Address: 0xb8004b96
  Set: 46 Way: 1 Address: 0xee86fba0
  Set: 47 Way: 0 Address: 0xb8004bc0
  Set: 47 Way: 1 Address: 0x3c1074bf0
  Set: 48 Way: 0 Address: 0x3c1074c02
  Set: 49 Way: 0 Address: 0x3c1074c40
  Set: 49 Way: 1 Address: 0x354d35c54
  Set: 50 Way: 0 Address: 0x3c1074c82
  Set: 50 Way: 1 Address: 0x354d35c86
  Set: 51 Way: 0 Address: 0x3c1074cde
  Set: 53 Way: 0 Address: 0x129934d70
  Set: 54 Way: 0 Address: 0x129934d8b
  Set: 55 Way: 0 Address: 0x129934df0
  Set: 55 Way: 1 Address: 0xb8004df0
  Set: 56 Way: 0 Address: 0x129934e22
  Set: 56 Way: 1 Address: 0xb8004e01
  Set: 57 Way: 0 Address: 0x129934e41
  Set: 57 Way: 1 Address: 0xb8004e40
  Set: 58 Way: 0 Address: 0x129934e80
  Set: 58 Way: 1 Address: 0xb8004e81
  Set: 59 Way: 0 Address: 0x129934ee2
  Set: 59 Way: 1 Address: 0xb8004ee7
  Set: 60 Way: 0 Address: 0x129934f25
  Set: 60 Way: 1 Address: 0x354d35f20
  Set: 60 Way: 2 Address: 0xb8004f31
  Set: 61 Way: 0 Address: 0x129934f44
  Set: 61 Way: 1 Address: 0x354d35f41
  Set: 61 Way: 2 Address: 0xb8004f40
  Set: 62 Way: 0 Address: 0x354d35f80
  Set: 62 Way: 1 Address: 0xb8004fb2
  Set: 63 Way: 0 Address: 0x129934ffe
  Set: 63 Way: 1 Address: 0x354d35fc4
  Set: 63 Way: 2 Address: 0xb8004fc7
EndCache
Cache: cpu0_L1D
  Set: 0 Way: 0 Address: 0xdf85c000
  Set: 0 Way: 1 Address: 0x28b67e000
  Set: 0 Way: 2 Address: 0x229b9a000
  Set: 0 Way: 3 Address: 0x195f15010
  Set: 0 Way: 4 Address: 0x2a4841000
  Set: 0 Way: 5 Address: 0x43736000
  Set: 0 Way: 6 Address: 0x3734ee000
  Set: 0 Way: 7 Address: 0x292959018
  Set: 0 Way: 8 Address: 0x6d0c2028
  Set: 1 Way: 0 Address: 0x2a4841048
  Set: 2 Way: 0 Address: 0x3de4d4090
  Set: 2 Way: 1 Address: 0x2a48410a0
  Set: 2 Way: 2 Address: 0x84896088
  Set: 3 Way: 0 Address: 0x2a48410d8
  Set: 4 Way: 0 Address: 0x2a4841100
  Set: 5 Way: 0 Address: 0x113201178
  Set: 5 Way: 1 Address: 0x397bb4168
  Set: 5 Way: 2 Address: 0x1c84e2170
  Set: 5 Way: 3 Address: 0x38e35c160
  Set: 5 Way: 4 Address: 0x394edb160
  Set: 5 Way: 5 Address: 0x2a4841140
  Set: 6 Way: 0 Address: 0x1c84e2180
  Set: 6 Way: 1 Address: 0x1aafb8180
  Set: 6 Way: 2 Address: 0x43736188
  Set: 6 Way: 3 Address: 0x2a4841188
  Set: 6 Way: 4 Address: 0x1add190
  Set: 6 Way: 5 Address: 0x211d16190
  Set: 7 Way: 0 Address: 0x2a48411c8
  Set: 8 Way: 0 Address: 0x2a4841228
  Set: 9 Way: 0 Address: 0x2a4841248
  Set: 10 Way: 0 Address: 0x2a4841280
  Set: 11 Way: 0 Address: 0x2a48412c0
  Set: 12 Way: 0 Address: 0x143ef308
  Set: 12 Way: 1 Address: 0x38e35c308
  Set: 12 Way: 2 Address: 0x2a4841300
  Set: 13 Way: 0 Address: 0x2a4841378
  Set: 14 Way: 0 Address: 0x2a48413a8
  Set: 14 Way: 1 Address: 0x3734ee388
  Set: 14 Way: 2 Address: 0xf6e81388
  Set: 14 Way: 3 Address: 0x23755d390
  Set: 14 Way: 4 Address: 0x2f5d8e390
  Set: 15 Way: 0 Address: 0x2a48413f8
  Set: 15 Way: 1 Address: 0x133c923e0
  Set: 16 Way: 0 Address: 0x2a4841420
  Set: 17 Way: 0 Address: 0x2a4841440
  Set: 18 Way: 0 Address: 0x2a48414a8
  Set: 18 Way: 1 Address: 0x1995f24b0
  Set: 18 Way: 2 Address: 0x3dae66480
  Set: 19 Way: 0 Address: 0x2a48414c0
  Set: 19 Way: 1 Address: 0x1995f24f0
  Set: 19 Way: 2 Address: 0x3dae664c0
  Set: 20 Way: 0 Address: 0x2a4841530
  Set: 20 Way: 1 Address: 0x3dae66500
  Set: 21 Way: 0 Address: 0x2a4841550
  Set: 21 Way: 1 Address: 0x3dae66540
  Set: 22 Way: 0 Address: 0x2a4841580
  Set: 22 Way: 1 Address: 0x3dae665a0
  Set: 23 Way: 0 Address: 0x2a48415d0
  Set: 23 Way: 1 Address: 0x3dae665f8
  Set: 24 Way: 0 Address: 0x2a4841620
  Set: 24 Way: 1 Address: 0x2ee369610
  Set: 24 Way: 2 Address: 0x3dae66600
  Set: 25 Way: 0 Address: 0x2a4841668
  Set: 25 Way: 1 Address: 0x3dae66640
  Set: 26 Way: 0 Address: 0x2a48416b8
  Set: 26 Way: 1 Address: 0x2ee3696b0
  Set: 26 Way: 2 Address: 0x3dae66680
  Set: 26 Way: 3 Address: 0x2b2e93680
  Set: 26 Way: 4 Address: 0x1add680
  Set: 27 Way: 0 Address: 0x2a48416f8
  Set: 27 Way: 1 Address: 0x3dae666c0
  Set: 28 Way: 0 Address: 0x2a4841738
  Set: 28 Way: 1 Address: 0x3dae66708
  Set: 29 Way: 0 Address: 0x2a4841778
  Set: 29 Way: 1 Address: 0x2f5d8e778
  Set: 29 Way: 2 Address: 0x143ef778
  Set: 29 Way: 3 Address: 0x3dae66778
  Set: 29 Way: 4 Address: 0x394edb758
  Set: 29 Way: 5 Address: 0x2b2e93758
  Set: 30 Way: 0 Address: 0x2a48417b8
  Set: 30 Way: 1 Address: 0x3dae667b8
  Set: 30 Way: 2 Address: 0x211d16798
  Set: 30 Way: 3 Address: 0x1ab44798
  Set: 31 Way: 0 Address: 0x28b67e7f8
  Set: 31 Way: 1 Address: 0x263c137f8
  Set: 31 Way: 2 Address: 0x2a48417c0
  Set: 31 Way: 3 Address: 0xf6e817f0
  Set: 31 Way: 4 Address: 0x23755d7f0
  Set: 31 Way: 5 Address: 0x3dae667f8
  Set: 32 Way: 0 Address: 0x2a4841800
  Set: 32 Way: 1 Address: 0x3dae66808
  Set: 32 Way: 2 Address: 0x3c56b3800
  Set: 33 Way: 0 Address: 0x2a4841840
  Set: 33 Way: 1 Address: 0x3dae66848
  Set: 33 Way: 2 Address: 0x3c56b3840
  Set: 34 Way: 0 Address: 0x2a4841898
  Set: 34 Way: 1 Address: 0x3c56b3880
  Set: 35 Way: 0 Address: 0x2a48418c0
  Set: 35 Way: 1 Address: 0x3c56b38c0
  Set: 36 Way: 0 Address: 0x2a4841900
  Set: 37 Way: 0 Address: 0x2a4841940
  Set: 37 Way: 1 Address: 0x309887940
  Set: 37 Way: 2 Address: 0x12c6fc948
  Set: 38 Way: 0 Address: 0x2a4841998
  Set: 38 Way: 1 Address: 0x3c56b39b8
  Set: 39 Way: 0 Address: 0x3c56b39e8
  Set: 39 Way: 1 Address: 0x2a48419e8
  Set: 40 Way: 0 Address: 0x2a4841a00
  Set: 40 Way: 1 Address: 0x3c56b3a38
  Set: 41 Way: 0 Address: 0x2a4841a40
  Set: 41 Way: 1 Address: 0x3c56b3a78
  Set: 42 Way: 0 Address: 0x2a4841a80
  Set: 42 Way: 1 Address: 0x3c56b3aa0
  Set: 43 Way: 0 Address: 0x2a4841ac0
  Set: 43 Way: 1 Address: 0x3c56b3af8
  Set: 44 Way: 0 Address: 0x2a4841b30
  Set: 44 Way: 1 Address: 0x3c56b3b38
  Set: 45 Way: 0 Address: 0x2a4841b78
  Set: 45 Way: 1 Address: 0x3c56b3b58
  Set: 46 Way: 0 Address: 0x2a4841bb8
  Set: 46 Way: 1 Address: 0x3c56b3b88
  Set: 47 Way: 0 Address: 0x2a4841bf8
  Set: 47 Way: 1 Address: 0x3c56b3bf0
  Set: 48 Way: 0 Address: 0x2a4841c38
  Set: 48 Way: 1 Address: 0x3c56b3c30
  Set: 49 Way: 0 Address: 0x3c56b3c70
  Set: 50 Way: 0 Address: 0x3c56b3c80
  Set: 50 Way: 1 Address: 0x2a4841c88
  Set: 51 Way: 0 Address: 0x3c56b3cf0
  Set: 51 Way: 1 Address: 0x2a4841cc0
  Set: 52 Way: 0 Address: 0x276ff7d00
  Set: 52 Way: 1 Address: 0x3c56b3d00
  Set: 52 Way: 2 Address: 0x2a4841d10
  Set: 53 Way: 0 Address: 0x3c56b3d40
  Set: 53 Way: 1 Address: 0x2a4841d60
  Set: 54 Way: 0 Address: 0x9cff2da0
  Set: 54 Way: 1 Address: 0x223edad98
  Set: 54 Way: 2 Address: 0x276ff7da0
  Set: 54 Way: 3 Address: 0x3c56b3d80
  Set: 54 Way: 4 Address: 0x2a4841d88
  Set: 55 Way: 0 Address: 0x3c56b3dc0
  Set: 56 Way: 0 Address: 0x3c56b3e00
  Set: 57 Way: 0 Address: 0x3c56b3e78
  Set: 58 Way: 0 Address: 0x3c56b3ea0
  Set: 59 Way: 0 Address: 0x3c56b3ee0
  Set: 60 Way: 0 Address: 0x3c56b3f20
  Set: 61 Way: 0 Address: 0x3c56b3f68
  Set: 62 Way: 0 Address: 0x3c56b3fb8
  Set: 63 Way: 0 Address: 0x1d89dafe8
  Set: 63 Way: 1 Address: 0x3c56b3fc0
EndCache
Cache: cpu0_ITLB
  Set: 0 Way: 0 Address: 0x430d8b
  Set: 0 Way: 1 Address: 0x400330
  Set: 1 Way: 0 Address: 0x4317fc
  Set: 1 Way: 1 Address: 0x4711d0
  Set: 1 Way: 2 Address: 0x461bf0
  Set: 2 Way: 0 Address: 0x472030
  Set: 2 Way: 1 Address: 0x43233a
  Set: 12 Way: 0 Address: 0x42cf41
  Set: 13 Way: 0 Address: 0x42d0fb
  Set: 14 Way: 0 Address: 0x42e242
  Set: 15 Way: 0 Address: 0x42f303
EndCache
Cache: cpu0_DTLB
  Set: 0 Way: 0 Address: 0x4d0088
  Set: 3 Way: 0 Address: 0x7fff425b3fc0
  Set: 3 Way: 1 Address: 0x4f33e0
  Set: 4 Way: 0 Address: 0x7fff425b44a8
  Set: 8 Way: 0 Address: 0x728028
  Set: 9 Way: 0 Address: 0x7294b0
  Set: 11 Way: 0 Address: 0x4ebd00
  Set: 14 Way: 0 Address: 0x4fe6b0
  Set: 15 Way: 0 Address: 0x4ef708
EndCache
Cache: LLC
  Set: 64 Way: 0 Address: 0x2a4841038
  Set: 65 Way: 0 Address: 0x2a4841078
  Set: 66 Way: 0 Address: 0x2a48410b8
  Set: 67 Way: 0 Address: 0x2a48410f8
  Set: 68 Way: 0 Address: 0x2a4841100
  Set: 69 Way: 0 Address: 0x113201178
  Set: 69 Way: 1 Address: 0x2a4841178
  Set: 70 Way: 0 Address: 0x2a48411b8
  Set: 71 Way: 0 Address: 0x2a48411f8
  Set: 72 Way: 0 Address: 0x2a4841238
  Set: 73 Way: 0 Address: 0x2a4841240
  Set: 74 Way: 0 Address: 0x2a4841280
  Set: 75 Way: 0 Address: 0x2a48412c0
  Set: 76 Way: 0 Address: 0x2a4841300
  Set: 77 Way: 0 Address: 0x2a4841370
  Set: 78 Way: 0 Address: 0x2a48413a8
  Set: 78 Way: 1 Address: 0xf6e81388
  Set: 79 Way: 0 Address: 0x2a48413d8
  Set: 80 Way: 0 Address: 0x2a4841400
  Set: 81 Way: 0 Address: 0x2a4841440
  Set: 82 Way: 0 Address: 0x2a48414b8
  Set: 83 Way: 0 Address: 0x2a48414d8
  Set: 84 Way: 0 Address: 0x2a4841528
  Set: 85 Way: 0 Address: 0x2a4841540
  Set: 86 Way: 0 Address: 0x2a48415b8
  Set: 87 Way: 0 Address: 0x2a48415f8
  Set: 88 Way: 0 Address: 0x2a4841638
  Set: 89 Way: 0 Address: 0x2a4841678
  Set: 90 Way: 0 Address: 0x2a48416b0
  Set: 91 Way: 0 Address: 0x2a48416c0
  Set: 92 Way: 0 Address: 0x2a4841700
  Set: 93 Way: 0 Address: 0x2a4841740
  Set: 94 Way: 0 Address: 0x2a4841780
  Set: 95 Way: 0 Address: 0x2a48417c0
  Set: 95 Way: 1 Address: 0xf6e817f0
  Set: 96 Way: 0 Address: 0x2a4841800
  Set: 97 Way: 0 Address: 0x2a4841840
  Set: 98 Way: 0 Address: 0x2a4841898
  Set: 99 Way: 0 Address: 0x2a48418f8
  Set: 100 Way: 0 Address: 0x2a4841938
  Set: 101 Way: 0 Address: 0x2a4841978
  Set: 102 Way: 0 Address: 0x2a4841998
  Set: 103 Way: 0 Address: 0x2a48419e8
  Set: 104 Way: 0 Address: 0x2a4841a00
  Set: 105 Way: 0 Address: 0x2a4841a40
  Set: 106 Way: 0 Address: 0x2a4841a80
  Set: 107 Way: 0 Address: 0x2a4841ac0
  Set: 108 Way: 0 Address: 0x2a4841b38
  Set: 109 Way: 0 Address: 0x2a4841b78
  Set: 110 Way: 0 Address: 0x2a4841bb8
  Set: 111 Way: 0 Address: 0x2a4841bf8
  Set: 112 Way: 0 Address: 0x2a4841c38
  Set: 114 Way: 0 Address: 0x2a4841cb8
  Set: 115 Way: 0 Address: 0x2a4841cf8
  Set: 116 Way: 0 Address: 0x2a4841d38
  Set: 117 Way: 0 Address: 0x2a4841d78
  Set: 118 Way: 0 Address: 0x2a4841d90
  Set: 128 Way: 0 Address: 0x6d0c2028
  Set: 133 Way: 0 Address: 0x1c84e2170
  Set: 134 Way: 0 Address: 0x1c84e2180
  Set: 256 Way: 0 Address: 0xb800400d
  Set: 257 Way: 0 Address: 0xb8004040
  Set: 258 Way: 0 Address: 0xb8004085
  Set: 259 Way: 0 Address: 0xb80040c1
  Set: 260 Way: 0 Address: 0xb8004102
  Set: 261 Way: 0 Address: 0xb8004150
  Set: 262 Way: 0 Address: 0xb8004190
  Set: 263 Way: 0 Address: 0xb80041c1
  Set: 264 Way: 0 Address: 0xb8004208
  Set: 267 Way: 0 Address: 0xb80042fa
  Set: 268 Way: 0 Address: 0xb8004302
  Set: 269 Way: 0 Address: 0xb8004341
  Set: 270 Way: 0 Address: 0xb8004380
  Set: 271 Way: 0 Address: 0xb80043c2
  Set: 272 Way: 0 Address: 0xb800442f
  Set: 273 Way: 0 Address: 0xb8004440
  Set: 274 Way: 0 Address: 0xb8004490
  Set: 275 Way: 0 Address: 0xb80044c1
  Set: 279 Way: 0 Address: 0xb80045e0
  Set: 284 Way: 0 Address: 0xb8004731
  Set: 285 Way: 0 Address: 0xb800476e
  Set: 286 Way: 0 Address: 0xb80047b0
  Set: 286 Way: 1 Address: 0x1ab44798
  Set: 287 Way: 0 Address: 0xb80047c1
  Set: 288 Way: 0 Address: 0xb8004802
  Set: 289 Way: 0 Address: 0xb8004841
  Set: 290 Way: 0 Address: 0xb8004887
  Set: 291 Way: 0 Address: 0xb80048c3
  Set: 292 Way: 0 Address: 0xb8004901
  Set: 293 Way: 0 Address: 0xb8004964
  Set: 294 Way: 0 Address: 0xb8004980
  Set: 295 Way: 0 Address: 0xb80049c2
  Set: 296 Way: 0 Address: 0xb8004a05
  Set: 297 Way: 0 Address: 0xb8004a40
  Set: 298 Way: 0 Address: 0xb8004a80
  Set: 299 Way: 0 Address: 0xb8004ae7
  Set: 300 Way: 0 Address: 0xb8004b14
  Set: 301 Way: 0 Address: 0xb8004b40
  Set: 302 Way: 0 Address: 0xb8004b96
  Set: 303 Way: 0 Address: 0xb8004bc0
  Set: 311 Way: 0 Address: 0xb8004df0
  Set: 312 Way: 0 Address: 0xb8004e01
  Set: 313 Way: 0 Address: 0xb8004e40
  Set: 314 Way: 0 Address: 0xb8004e81
  Set: 315 Way: 0 Address: 0xb8004ee7
  Set: 316 Way: 0 Address: 0xb8004f02
  Set: 317 Way: 0 Address: 0xb8004f40
  Set: 318 Way: 0 Address: 0xb8004f86
  Set: 319 Way: 0 Address: 0xb8004fc0
  Set: 402 Way: 0 Address: 0x3dae66480
  Set: 403 Way: 0 Address: 0x3dae664c0
  Set: 404 Way: 0 Address: 0x3dae66500
  Set: 405 Way: 0 Address: 0x3dae66540
  Set: 406 Way: 0 Address: 0x3dae665a0
  Set: 407 Way: 0 Address: 0x3dae665f8
  Set: 408 Way: 0 Address: 0x3dae66600
  Set: 409 Way: 0 Address: 0x3dae66640
  Set: 410 Way: 0 Address: 0x3dae66680
  Set: 411 Way: 0 Address: 0x3dae666c0
  Set: 412 Way: 0 Address: 0x3dae66708
  Set: 413 Way: 0 Address: 0x3dae66778
  Set: 414 Way: 0 Address: 0x3dae667b8
  Set: 415 Way: 0 Address: 0x3dae667f8
  Set: 416 Way: 0 Address: 0x3dae66808
  Set: 417 Way: 0 Address: 0x3dae66868
  Set: 485 Way: 0 Address: 0x309887940
  Set: 600 Way: 0 Address: 0x2ee369610
  Set: 602 Way: 0 Address: 0x2ee3696b0
  Set: 768 Way: 0 Address: 0x29484c007
  Set: 769 Way: 0 Address: 0x29484c042
  Set: 770 Way: 0 Address: 0x29484c080
  Set: 771 Way: 0 Address: 0x29484c0fb
  Set: 772 Way: 0 Address: 0x29484c101
  Set: 773 Way: 0 Address: 0x29484c140
  Set: 774 Way: 0 Address: 0x29484c190
  Set: 836 Way: 0 Address: 0x5588d10d
  Set: 837 Way: 0 Address: 0x5588d144
  Set: 838 Way: 0 Address: 0x5588d190
  Set: 844 Way: 0 Address: 0x5588d33a
  Set: 845 Way: 0 Address: 0x5588d358
  Set: 846 Way: 0 Address: 0x5588d390
  Set: 896 Way: 0 Address: 0x3734ee000
  Set: 910 Way: 0 Address: 0x3734ee388
  Set: 910 Way: 1 Address: 0x2f5d8e390
  Set: 925 Way: 0 Address: 0x2f5d8e778
  Set: 960 Way: 0 Address: 0xee86f030
  Set: 961 Way: 0 Address: 0xee86f047
  Set: 962 Way: 0 Address: 0xee86f080
  Set: 963 Way: 0 Address: 0xee86f0c2
  Set: 967 Way: 0 Address: 0x16390f1d0
  Set: 968 Way: 0 Address: 0x16390f210
  Set: 969 Way: 0 Address: 0x16390f242
  Set: 972 Way: 0 Address: 0x143ef308
  Set: 989 Way: 0 Address: 0x143ef778
  Set: 1005 Way: 0 Address: 0xee86fb70
  Set: 1006 Way: 0 Address: 0xee86fb80
  Set: 1167 Way: 0 Address: 0x133c923e0
  Set: 1170 Way: 0 Address: 0x1995f24b0
  Set: 1171 Way: 0 Address: 0x1995f24f0
  Set: 1172 Way: 0 Address: 0x1995f2500
  Set: 1206 Way: 0 Address: 0x9cff2da0
  Set: 1242 Way: 0 Address: 0x2b2e93680
  Set: 1245 Way: 0 Address: 0x2b2e93758
  Set: 1247 Way: 0 Address: 0x263c137f8
  Set: 1248 Way: 0 Address: 0x3c56b3800
  Set: 1249 Way: 0 Address: 0x3c56b3840
  Set: 1250 Way: 0 Address: 0x3c56b3880
  Set: 1251 Way: 0 Address: 0x3c56b38c0
  Set: 1253 Way: 0 Address: 0x3c56b3940
  Set: 1254 Way: 0 Address: 0x3c56b39a8
  Set: 1255 Way: 0 Address: 0x3c56b39e8
  Set: 1256 Way: 0 Address: 0x3c56b3a38
  Set: 1257 Way: 0 Address: 0x3c56b3a78
  Set: 1258 Way: 0 Address: 0x3c56b3a88
  Set: 1259 Way: 0 Address: 0x3c56b3af8
  Set: 1260 Way: 0 Address: 0x3c56b3b38
  Set: 1261 Way: 0 Address: 0x3c56b3b40
  Set: 1262 Way: 0 Address: 0x3c56b3b88
  Set: 1263 Way: 0 Address: 0x3c56b3bc0
  Set: 1264 Way: 0 Address: 0x3c56b3c00
  Set: 1265 Way: 0 Address: 0x3c56b3c70
  Set: 1266 Way: 0 Address: 0x3c56b3c80
  Set: 1267 Way: 0 Address: 0x3c56b3ce0
  Set: 1268 Way: 0 Address: 0x3c56b3d00
  Set: 1269 Way: 0 Address: 0x3c56b3d40
  Set: 1270 Way: 0 Address: 0x3c56b3d80
  Set: 1271 Way: 0 Address: 0x3c56b3dc0
  Set: 1272 Way: 0 Address: 0x3c56b3e00
  Set: 1273 Way: 0 Address: 0x3c56b3e40
  Set: 1274 Way: 0 Address: 0x3c56b3e80
  Set: 1275 Way: 0 Address: 0x3c56b3ec0
  Set: 1276 Way: 0 Address: 0x3c56b3f00
  Set: 1277 Way: 0 Address: 0x3c56b3f78
  Set: 1278 Way: 0 Address: 0x3c56b3fa8
  Set: 1279 Way: 0 Address: 0x3c56b3ff8
  Set: 1282 Way: 0 Address: 0x3de4d4090
  Set: 1285 Way: 0 Address: 0x397bb4168
  Set: 1327 Way: 0 Address: 0x3c1074bf0
  Set: 1328 Way: 0 Address: 0x3c1074c02
  Set: 1329 Way: 0 Address: 0x3c1074c40
  Set: 1330 Way: 0 Address: 0x3c1074c82
  Set: 1331 Way: 0 Address: 0x3c1074cde
  Set: 1332 Way: 0 Address: 0x3c1074d00
  Set: 1333 Way: 0 Address: 0x129934d70
  Set: 1334 Way: 0 Address: 0x129934d8b
  Set: 1335 Way: 0 Address: 0x129934df0
  Set: 1336 Way: 0 Address: 0x129934e00
  Set: 1337 Way: 0 Address: 0x129934e41
  Set: 1338 Way: 0 Address: 0x129934e80
  Set: 1339 Way: 0 Address: 0x129934ec0
  Set: 1340 Way: 0 Address: 0x129934f01
  Set: 1341 Way: 0 Address: 0x129934f44
  Set: 1342 Way: 0 Address: 0x129934f80
  Set: 1343 Way: 0 Address: 0x129934fd8
  Set: 1344 Way: 0 Address: 0x195f15010
  Set: 1393 Way: 0 Address: 0x354d35c54
  Set: 1394 Way: 0 Address: 0x354d35c86
  Set: 1404 Way: 0 Address: 0x354d35f00
  Set: 1405 Way: 0 Address: 0x354d35f41
  Set: 1406 Way: 0 Address: 0x354d35f80
  Set: 1407 Way: 0 Address: 0x354d35fc0
  Set: 1408 Way: 0 Address: 0x43736000
  Set: 1410 Way: 0 Address: 0x84896088
  Set: 1414 Way: 0 Address: 0x43736188
  Set: 1414 Way: 1 Address: 0x211d16190
  Set: 1438 Way: 0 Address: 0x211d16798
  Set: 1524 Way: 0 Address: 0x276ff7d00
  Set: 1526 Way: 0 Address: 0x276ff7da0
  Set: 1542 Way: 0 Address: 0x1aafb8180
  Set: 1542 Way: 1 Address: 0x201598190
  Set: 1543 Way: 0 Address: 0x2015981f0
  Set: 1544 Way: 0 Address: 0x201598220
  Set: 1545 Way: 0 Address: 0x201598242
  Set: 1546 Way: 0 Address: 0x201598282
  Set: 1547 Way: 0 Address: 0x2015982c3
  Set: 1548 Way: 0 Address: 0xc7078330
  Set: 1548 Way: 1 Address: 0x201598301
  Set: 1549 Way: 0 Address: 0x201598340
  Set: 1553 Way: 0 Address: 0x201598459
  Set: 1554 Way: 0 Address: 0x201598481
  Set: 1600 Way: 0 Address: 0x292959018
  Set: 1664 Way: 0 Address: 0x229b9a000
  Set: 1718 Way: 0 Address: 0x223edad98
  Set: 1727 Way: 0 Address: 0x1d89dafe8
  Set: 1733 Way: 0 Address: 0x394edb160
  Set: 1757 Way: 0 Address: 0x394edb758
  Set: 1792 Way: 0 Address: 0xdf85c000
  Set: 1797 Way: 0 Address: 0x38e35c160
  Set: 1804 Way: 0 Address: 0x38e35c308
  Set: 1829 Way: 0 Address: 0x12c6fc948
  Set: 1862 Way: 0 Address: 0x1add190
  Set: 1870 Way: 0 Address: 0x23755d390
  Set: 1882 Way: 0 Address: 0x1add680
  Set: 1887 Way: 0 Address: 0x23755d7f0
  Set: 1920 Way: 0 Address: 0x28b67e000
  Set: 1928 Way: 0 Address: 0x1f919e22c
  Set: 1929 Way: 0 Address: 0x1f919e241
  Set: 1930 Way: 0 Address: 0x1f919e2a0
  Set: 1931 Way: 0 Address: 0x1f919e2d7
  Set: 1932 Way: 0 Address: 0x1f919e303
  Set: 1933 Way: 0 Address: 0x1f919e340
  Set: 1934 Way: 0 Address: 0x1f919e383
  Set: 1935 Way: 0 Address: 0x1f919e3c0
  Set: 1936 Way: 0 Address: 0x1f919e400
  Set: 1951 Way: 0 Address: 0x28b67e7f8
EndCache
