Cache: cpu0_STLB
  Set: 0 Way: 0 Address: 0x400330
  Set: 40 Way: 0 Address: 0x728028
  Set: 41 Way: 0 Address: 0x7294b0
  Set: 44 Way: 0 Address: 0x42cf00
  Set: 45 Way: 0 Address: 0x42d080
  Set: 46 Way: 0 Address: 0x42e190
  Set: 47 Way: 0 Address: 0x42f220
  Set: 48 Way: 0 Address: 0x430df0
  Set: 49 Way: 0 Address: 0x431ac0
  Set: 50 Way: 0 Address: 0x43233a
  Set: 51 Way: 0 Address: 0x7fff425b3f10
  Set: 52 Way: 0 Address: 0x7fff425b4160
  Set: 80 Way: 0 Address: 0x4d0088
  Set: 97 Way: 0 Address: 0x461bf0
  Set: 107 Way: 0 Address: 0x4ebda0
  Set: 111 Way: 0 Address: 0x4ef868
  Set: 113 Way: 0 Address: 0x4711d0
  Set: 114 Way: 0 Address: 0x472030
  Set: 115 Way: 0 Address: 0x4f33e0
  Set: 126 Way: 0 Address: 0x4fe6b0
EndCache
Cache: cpu0_L2C
  Set: 64 Way: 0 Address: 0x2a4841010
  Set: 64 Way: 1 Address: 0x113201000
  Set: 65 Way: 0 Address: 0x2a4841078
  Set: 66 Way: 0 Address: 0x2a4841098
  Set: 67 Way: 0 Address: 0x2a48410f0
  Set: 68 Way: 0 Address: 0x2a4841130
  Set: 69 Way: 0 Address: 0x2a4841160
  Set: 69 Way: 1 Address: 0xf6e81168
  Set: 70 Way: 0 Address: 0x113201188
  Set: 70 Way: 1 Address: 0x2a4841180
  Set: 71 Way: 0 Address: 0x2a48411e8
  Set: 72 Way: 0 Address: 0x2a4841200
  Set: 73 Way: 0 Address: 0x2a4841240
  Set: 74 Way: 0 Address: 0x2a4841288
  Set: 75 Way: 0 Address: 0x2a48412c0
  Set: 76 Way: 0 Address: 0x2a4841300
  Set: 77 Way: 0 Address: 0x2a4841370
  Set: 78 Way: 0 Address: 0xf6e81390
  Set: 78 Way: 1 Address: 0x2a4841380
  Set: 79 Way: 0 Address: 0x2a48413f8
  Set: 80 Way: 0 Address: 0x2a4841438
  Set: 81 Way: 0 Address: 0x2a4841478
  Set: 82 Way: 0 Address: 0x2a48414b0
  Set: 83 Way: 0 Address: 0x2a48414c0
  Set: 84 Way: 0 Address: 0x2a4841528
  Set: 85 Way: 0 Address: 0x2a4841540
  Set: 86 Way: 0 Address: 0x2a48415b8
  Set: 87 Way: 0 Address: 0x2a48415f8
  Set: 88 Way: 0 Address: 0x2a4841638
  Set: 89 Way: 0 Address: 0x2a4841678
  Set: 90 Way: 0 Address: 0x2a48416b0
  Set: 91 Way: 0 Address: 0x2a48416c0
  Set: 92 Way: 0 Address: 0x2a4841700
  Set: 93 Way: 0 Address: 0x2a4841740
  Set: 94 Way: 0 Address: 0x2a4841780
  Set: 95 Way: 0 Address: 0x2a48417c0
  Set: 98 Way: 0 Address: 0x2a4841898
  Set: 99 Way: 0 Address: 0x2a48418f8
  Set: 100 Way: 0 Address: 0x2a4841938
  Set: 101 Way: 0 Address: 0x2a4841978
  Set: 102 Way: 0 Address: 0x2a4841998
  Set: 108 Way: 0 Address: 0x2a4841b38
  Set: 109 Way: 0 Address: 0x2a4841b78
  Set: 110 Way: 0 Address: 0x2a4841bb8
  Set: 111 Way: 0 Address: 0x2a4841bf8
  Set: 112 Way: 0 Address: 0x2a4841c38
  Set: 128 Way: 0 Address: 0x1c84e2018
  Set: 128 Way: 1 Address: 0x6d0c2030
  Set: 129 Way: 0 Address: 0x6d0c2042
  Set: 130 Way: 0 Address: 0x6d0c2080
  Set: 131 Way: 0 Address: 0x6d0c20c1
  Set: 132 Way: 0 Address: 0x6d0c2101
  Set: 133 Way: 0 Address: 0x6d0c2140
  Set: 134 Way: 0 Address: 0x6d0c2182
  Set: 150 Way: 0 Address: 0x1995f25a0
  Set: 151 Way: 0 Address: 0x1995f25f8
  Set: 152 Way: 0 Address: 0x1995f2638
  Set: 153 Way: 0 Address: 0x1995f2678
  Set: 154 Way: 0 Address: 0x1995f26a8
  Set: 156 Way: 0 Address: 0x1995f2708
  Set: 157 Way: 0 Address: 0x1995f2778
  Set: 158 Way: 0 Address: 0x1995f27b8
  Set: 159 Way: 0 Address: 0x1995f27f8
  Set: 160 Way: 0 Address: 0x1995f2808
  Set: 161 Way: 0 Address: 0x1995f2868
  Set: 180 Way: 0 Address: 0x133c92d00
  Set: 182 Way: 0 Address: 0x9cff2da0
  Set: 182 Way: 1 Address: 0x133c92da0
  Set: 197 Way: 0 Address: 0x2b2e93178
  Set: 198 Way: 0 Address: 0x2b2e93180
  Set: 223 Way: 0 Address: 0x263c137f8
  Set: 230 Way: 0 Address: 0x3c56b39a8
  Set: 231 Way: 0 Address: 0x3c56b39e8
  Set: 232 Way: 0 Address: 0x3c56b3a38
  Set: 233 Way: 0 Address: 0x3c56b3a78
  Set: 234 Way: 0 Address: 0x3c56b3a88
  Set: 235 Way: 0 Address: 0x3c56b3af8
  Set: 236 Way: 0 Address: 0x3c56b3b38
  Set: 237 Way: 0 Address: 0x3c56b3b40
  Set: 238 Way: 0 Address: 0x3c56b3b88
  Set: 239 Way: 0 Address: 0x3c56b3bc0
  Set: 240 Way: 0 Address: 0x3c56b3c00
  Set: 241 Way: 0 Address: 0x3c56b3c70
  Set: 242 Way: 0 Address: 0x3c56b3c80
  Set: 243 Way: 0 Address: 0x3c56b3ce0
  Set: 244 Way: 0 Address: 0x3c56b3d00
  Set: 245 Way: 0 Address: 0x3c56b3d40
  Set: 246 Way: 0 Address: 0x3c56b3d80
  Set: 247 Way: 0 Address: 0x3c56b3dc0
  Set: 248 Way: 0 Address: 0x3c56b3e28
  Set: 249 Way: 0 Address: 0x3c56b3e78
  Set: 250 Way: 0 Address: 0x3c56b3eb8
  Set: 251 Way: 0 Address: 0x3c56b3ef8
  Set: 252 Way: 0 Address: 0x3c56b3f10
  Set: 253 Way: 0 Address: 0x3c56b3f40
  Set: 254 Way: 0 Address: 0x3c56b3f80
  Set: 255 Way: 0 Address: 0x3c56b3ff0
  Set: 256 Way: 0 Address: 0x397bb4000
  Set: 258 Way: 0 Address: 0x3de4d4090
  Set: 260 Way: 0 Address: 0x3c107410d
  Set: 261 Way: 0 Address: 0x3c1074144
  Set: 262 Way: 0 Address: 0x3c1074190
  Set: 263 Way: 0 Address: 0x1299341d0
  Set: 264 Way: 0 Address: 0x129934210
  Set: 265 Way: 0 Address: 0x129934242
  Set: 268 Way: 0 Address: 0x3c107433a
  Set: 269 Way: 0 Address: 0x3c1074358
  Set: 270 Way: 0 Address: 0x397bb4388
  Set: 270 Way: 1 Address: 0x3c1074390
  Set: 285 Way: 0 Address: 0x1ab44758
  Set: 293 Way: 0 Address: 0xb8004948
  Set: 320 Way: 0 Address: 0x195f15010
  Set: 335 Way: 0 Address: 0x354d353e0
  Set: 384 Way: 0 Address: 0x43736028
  Set: 389 Way: 0 Address: 0x211d16160
  Set: 390 Way: 0 Address: 0x3dae66190
  Set: 391 Way: 0 Address: 0x3dae661f0
  Set: 392 Way: 0 Address: 0x3dae66220
  Set: 392 Way: 1 Address: 0x84896220
  Set: 393 Way: 0 Address: 0x3dae66242
  Set: 393 Way: 1 Address: 0x84896241
  Set: 394 Way: 0 Address: 0x3dae66282
  Set: 394 Way: 1 Address: 0x848962a0
  Set: 395 Way: 0 Address: 0x3dae662c3
  Set: 395 Way: 1 Address: 0x848962d7
  Set: 396 Way: 0 Address: 0x3dae66301
  Set: 396 Way: 1 Address: 0x84896303
  Set: 397 Way: 0 Address: 0x3dae66340
  Set: 397 Way: 1 Address: 0x84896340
  Set: 398 Way: 0 Address: 0x84896383
  Set: 399 Way: 0 Address: 0x848963c3
  Set: 400 Way: 0 Address: 0x84896408
  Set: 401 Way: 0 Address: 0x3dae66459
  Set: 402 Way: 0 Address: 0x3dae66481
  Set: 413 Way: 0 Address: 0x211d16758
  Set: 448 Way: 0 Address: 0x309887030
  Set: 449 Way: 0 Address: 0x309887047
  Set: 450 Way: 0 Address: 0x309887083
  Set: 451 Way: 0 Address: 0x3098870c2
  Set: 493 Way: 0 Address: 0x309887b70
  Set: 494 Way: 0 Address: 0x309887b80
  Set: 501 Way: 0 Address: 0x276ff7d70
  Set: 502 Way: 0 Address: 0x276ff7d8b
  Set: 503 Way: 0 Address: 0x276ff7df0
  Set: 504 Way: 0 Address: 0x276ff7e00
  Set: 505 Way: 0 Address: 0x276ff7e50
  Set: 506 Way: 0 Address: 0x276ff7e80
  Set: 507 Way: 0 Address: 0x276ff7ec2
  Set: 508 Way: 0 Address: 0x276ff7f01
  Set: 509 Way: 0 Address: 0x276ff7f44
  Set: 510 Way: 0 Address: 0x276ff7f80
  Set: 511 Way: 0 Address: 0x276ff7fd8
  Set: 526 Way: 0 Address: 0x201598388
  Set: 526 Way: 1 Address: 0xc7078390
  Set: 543 Way: 0 Address: 0x2015987f0
  Set: 543 Way: 1 Address: 0xc70787f0
  Set: 549 Way: 0 Address: 0x1aafb8940
  Set: 578 Way: 0 Address: 0x2ee369088
  Set: 600 Way: 0 Address: 0x292959610
  Set: 602 Way: 0 Address: 0x2929596b0
  Set: 640 Way: 0 Address: 0x229b9a000
  Set: 694 Way: 0 Address: 0x223edad98
  Set: 703 Way: 0 Address: 0x1d89dafe8
  Set: 710 Way: 0 Address: 0x394edb180
  Set: 734 Way: 0 Address: 0x394edb798
  Set: 768 Way: 0 Address: 0xdf85c000
  Set: 774 Way: 0 Address: 0x38e35c190
  Set: 780 Way: 0 Address: 0x29484c330
  Set: 794 Way: 0 Address: 0x12c6fc680
  Set: 797 Way: 0 Address: 0x12c6fc778
  Set: 798 Way: 0 Address: 0x38e35c798
  Set: 837 Way: 0 Address: 0x1add178
  Set: 844 Way: 0 Address: 0x23755d308
  Set: 858 Way: 0 Address: 0x23755d680
  Set: 892 Way: 0 Address: 0x5588df00
  Set: 893 Way: 0 Address: 0x5588df41
  Set: 894 Way: 0 Address: 0x5588df80
  Set: 895 Way: 0 Address: 0x5588dfc4
  Set: 896 Way: 0 Address: 0x28b67e000
  Set: 896 Way: 1 Address: 0x1f919e00d
  Set: 897 Way: 0 Address: 0x1f919e060
  Set: 898 Way: 0 Address: 0x1f919e085
  Set: 899 Way: 0 Address: 0x1f919e0c1
  Set: 900 Way: 0 Address: 0x1f919e102
  Set: 901 Way: 0 Address: 0x1f919e150
  Set: 901 Way: 1 Address: 0x2f5d8e170
  Set: 902 Way: 0 Address: 0x1f919e190
  Set: 903 Way: 0 Address: 0x1f919e1e0
  Set: 904 Way: 0 Address: 0x1f919e208
  Set: 905 Way: 0 Address: 0x1f919e240
  Set: 906 Way: 0 Address: 0x1f919e283
  Set: 907 Way: 0 Address: 0x1f919e2c2
  Set: 908 Way: 0 Address: 0x2f5d8e308
  Set: 908 Way: 1 Address: 0x1f919e33a
  Set: 909 Way: 0 Address: 0x1f919e341
  Set: 910 Way: 0 Address: 0x1f919e380
  Set: 911 Way: 0 Address: 0x1f919e3c2
  Set: 912 Way: 0 Address: 0x1f919e404
  Set: 914 Way: 0 Address: 0x3734ee4b0
  Set: 914 Way: 1 Address: 0x1f919e490
  Set: 915 Way: 0 Address: 0x3734ee4f0
  Set: 915 Way: 1 Address: 0x1f919e4c1
  Set: 919 Way: 0 Address: 0x1f919e5e0
  Set: 924 Way: 0 Address: 0x1f919e731
  Set: 925 Way: 0 Address: 0x1f919e76e
  Set: 926 Way: 0 Address: 0x1f919e7b0
  Set: 927 Way: 0 Address: 0x28b67e7f8
  Set: 927 Way: 1 Address: 0x1f919e7c1
  Set: 928 Way: 0 Address: 0x1f919e802
  Set: 929 Way: 0 Address: 0x1f919e841
  Set: 930 Way: 0 Address: 0x1f919e887
  Set: 931 Way: 0 Address: 0x1f919e8c3
  Set: 932 Way: 0 Address: 0x1f919e901
  Set: 933 Way: 0 Address: 0x1f919e964
  Set: 934 Way: 0 Address: 0x1f919e980
  Set: 935 Way: 0 Address: 0x1f919e9cf
  Set: 936 Way: 0 Address: 0x1f919ea05
  Set: 937 Way: 0 Address: 0x1f919ea70
  Set: 938 Way: 0 Address: 0x1f919eaa8
  Set: 939 Way: 0 Address: 0x1f919eac0
  Set: 940 Way: 0 Address: 0x1f919eb30
  Set: 941 Way: 0 Address: 0x1f919eb40
  Set: 942 Way: 0 Address: 0x1f919eba6
  Set: 943 Way: 0 Address: 0x1f919ebc0
  Set: 951 Way: 0 Address: 0x1f919edf0
  Set: 952 Way: 0 Address: 0x1f919ee01
  Set: 953 Way: 0 Address: 0x1f919ee40
  Set: 954 Way: 0 Address: 0x1f919ee81
  Set: 955 Way: 0 Address: 0x1f919eee7
  Set: 956 Way: 0 Address: 0x1f919ef02
  Set: 957 Way: 0 Address: 0x1f919ef40
  Set: 958 Way: 0 Address: 0x1f919ef86
  Set: 959 Way: 0 Address: 0x1f919efc7
  Set: 965 Way: 0 Address: 0x16390f168
  Set: 965 Way: 1 Address: 0x143ef170
  Set: 966 Way: 0 Address: 0x143ef190
  Set: 989 Way: 0 Address: 0x16390f778
  Set: 1007 Way: 0 Address: 0xee86fbf0
  Set: 1008 Way: 0 Address: 0xee86fc02
  Set: 1009 Way: 0 Address: 0xee86fc40
  Set: 1010 Way: 0 Address: 0xee86fc82
EndCache
Cache: cpu0_L1I
  Set: 0 Way: 0 Address: 0x309887030
  Set: 0 Way: 1 Address: 0x6d0c2030
  Set: 0 Way: 2 Address: 0x1f919e00d
  Set: 1 Way: 0 Address: 0x309887047
  Set: 1 Way: 1 Address: 0x6d0c2042
  Set: 1 Way: 2 Address: 0x1f919e060
  Set: 2 Way: 0 Address: 0x3098870a4
  Set: 2 Way: 1 Address: 0x6d0c2080
  Set: 2 Way: 2 Address: 0x1f919e085
  Set: 3 Way: 0 Address: 0x3098870c2
  Set: 3 Way: 1 Address: 0x1f919e0c1
  Set: 3 Way: 2 Address: 0x6d0c20c1
  Set: 4 Way: 0 Address: 0x1f919e102
  Set: 4 Way: 1 Address: 0x3c107410d
  Set: 4 Way: 2 Address: 0x6d0c2101
  Set: 5 Way: 0 Address: 0x1f919e150
  Set: 5 Way: 1 Address: 0x3c1074144
  Set: 5 Way: 2 Address: 0x6d0c2140
  Set: 6 Way: 0 Address: 0x1f919e1ad
  Set: 6 Way: 1 Address: 0x3dae66190
  Set: 6 Way: 2 Address: 0x3c1074190
  Set: 6 Way: 3 Address: 0x6d0c2182
  Set: 7 Way: 0 Address: 0x1299341d0
  Set: 7 Way: 1 Address: 0x3dae661f0
  Set: 7 Way: 2 Address: 0x1f919e1e0
  Set: 8 Way: 0 Address: 0x12993423e
  Set: 8 Way: 1 Address: 0x1f919e208
  Set: 8 Way: 2 Address: 0x3dae66220
  Set: 8 Way: 3 Address: 0x84896220
  Set: 9 Way: 0 Address: 0x129934242
  Set: 9 Way: 1 Address: 0x3dae66242
  Set: 9 Way: 2 Address: 0x1f919e258
  Set: 9 Way: 3 Address: 0x84896241
  Set: 10 Way: 0 Address: 0x3dae66282
  Set: 10 Way: 1 Address: 0x1f919e283
  Set: 10 Way: 2 Address: 0x848962a0
  Set: 11 Way: 0 Address: 0x3dae662ee
  Set: 11 Way: 1 Address: 0x1f919e2c2
  Set: 11 Way: 2 Address: 0x848962d7
  Set: 12 Way: 0 Address: 0x29484c330
  Set: 12 Way: 1 Address: 0x1f919e33a
  Set: 12 Way: 2 Address: 0x3dae66329
  Set: 12 Way: 3 Address: 0x3c107433a
  Set: 12 Way: 4 Address: 0x84896303
  Set: 13 Way: 0 Address: 0x1f919e369
  Set: 13 Way: 1 Address: 0x3dae66340
  Set: 13 Way: 2 Address: 0x3c1074358
  Set: 13 Way: 3 Address: 0x8489635c
  Set: 14 Way: 0 Address: 0x1f919e380
  Set: 14 Way: 1 Address: 0x3c1074390
  Set: 14 Way: 2 Address: 0x84896383
  Set: 15 Way: 0 Address: 0x1f919e3e2
  Set: 15 Way: 1 Address: 0x848963c3
  Set: 16 Way: 0 Address: 0x1f919e404
  Set: 16 Way: 1 Address: 0x84896408
  Set: 17 Way: 0 Address: 0x3dae66459
  Set: 18 Way: 0 Address: 0x3dae66481
  Set: 18 Way: 1 Address: 0x1f919e4b1
  Set: 19 Way: 0 Address: 0x1f919e4c1
  Set: 23 Way: 0 Address: 0x1f919e5e0
  Set: 28 Way: 0 Address: 0x1f919e731
  Set: 29 Way: 0 Address: 0x1f919e76e
  Set: 30 Way: 0 Address: 0x1f919e7b0
  Set: 31 Way: 0 Address: 0x1f919e7fc
  Set: 32 Way: 0 Address: 0x1f919e802
  Set: 33 Way: 0 Address: 0x1f919e841
  Set: 34 Way: 0 Address: 0x1f919e8bd
  Set: 35 Way: 0 Address: 0x1f919e8c3
  Set: 36 Way: 0 Address: 0x1f919e92e
  Set: 37 Way: 0 Address: 0x1f919e964
  Set: 38 Way: 0 Address: 0x1f919e980
  Set: 39 Way: 0 Address: 0x1f919e9cf
  Set: 40 Way: 0 Address: 0x1f919ea33
  Set: 41 Way: 0 Address: 0x1f919ea70
  Set: 42 Way: 0 Address: 0x1f919eaa8
  Set: 43 Way: 0 Address: 0x1f919eac0
  Set: 44 Way: 0 Address: 0x1f919eb30
  Set: 45 Way: 0 Address: 0x1f919eb40
  Set: 45 Way: 1 Address: 0x309887b70
  Set: 46 Way: 0 Address: 0x1f919eba6
  Set: 46 Way: 1 Address: 0x309887ba0
  Set: 47 Way: 0 Address: 0x1f919ebc0
  Set: 47 Way: 1 Address: 0xee86fbf0
  Set: 48 Way: 0 Address: 0xee86fc02
  Set: 49 Way: 0 Address: 0xee86fc40
  Set: 50 Way: 0 Address: 0xee86fc82
  Set: 53 Way: 0 Address: 0x276ff7d70
  Set: 54 Way: 0 Address: 0x276ff7d8b
  Set: 55 Way: 0 Address: 0x1f919edf0
  Set: 55 Way: 1 Address: 0x276ff7df0
  Set: 56 Way: 0 Address: 0x1f919ee01
  Set: 56 Way: 1 Address: 0x276ff7e22
  Set: 57 Way: 0 Address: 0x1f919ee40
  Set: 57 Way: 1 Address: 0x276ff7e50
  Set: 58 Way: 0 Address: 0x1f919ee81
  Set: 58 Way: 1 Address: 0x276ff7e80
  Set: 59 Way: 0 Address: 0x1f919eee7
  Set: 59 Way: 1 Address: 0x276ff7ee2
  Set: 60 Way: 0 Address: 0x1f919ef31
  Set: 60 Way: 1 Address: 0x276ff7f29
  Set: 60 Way: 2 Address: 0x5588df20
  Set: 61 Way: 0 Address: 0x1f919ef40
  Set: 61 Way: 1 Address: 0x276ff7f44
  Set: 61 Way: 2 Address: 0x5588df41
  Set: 62 Way: 0 Address: 0x1f919efb2
  Set: 62 Way: 1 Address: 0x276ff7f80
  Set: 62 Way: 2 Address: 0x5588df91
  Set: 63 Way: 0 Address: 0x1f919efc7
  Set: 63 Way: 1 Address: 0x276ff7fd8
  Set: 63 Way: 2 Address: 0x5588dfc4
EndCache
Cache: cpu0_L1D
  Set: 0 Way: 0 Address: 0xdf85c000
  Set: 0 Way: 1 Address: 0x28b67e000
  Set: 0 Way: 2 Address: 0x229b9a000
  Set: 0 Way: 3 Address: 0x195f15010
  Set: 0 Way: 4 Address: 0x2a4841028
  Set: 0 Way: 5 Address: 0x113201000
  Set: 0 Way: 6 Address: 0x397bb4000
  Set: 0 Way: 7 Address: 0x1c84e2018
  Set: 0 Way: 8 Address: 0x43736028
  Set: 1 Way: 0 Address: 0x2a4841040
  Set: 2 Way: 0 Address: 0x3de4d4090
  Set: 2 Way: 1 Address: 0x2a4841088
  Set: 2 Way: 2 Address: 0x2ee369088
  Set: 3 Way: 0 Address: 0x2a48410c0
  Set: 4 Way: 0 Address: 0x2a4841130
  Set: 5 Way: 0 Address: 0x2a4841168
  Set: 5 Way: 1 Address: 0xf6e81168
  Set: 5 Way: 2 Address: 0x16390f168
  Set: 5 Way: 3 Address: 0x2f5d8e170
  Set: 5 Way: 4 Address: 0x143ef170
  Set: 5 Way: 5 Address: 0x2b2e93178
  Set: 5 Way: 6 Address: 0x1add178
  Set: 5 Way: 7 Address: 0x211d16160
  Set: 6 Way: 0 Address: 0x113201188
  Set: 6 Way: 1 Address: 0x2a4841188
  Set: 6 Way: 2 Address: 0x143ef190
  Set: 6 Way: 3 Address: 0x38e35c190
  Set: 6 Way: 4 Address: 0x394edb180
  Set: 6 Way: 5 Address: 0x2b2e93180
  Set: 7 Way: 0 Address: 0x2a48411c8
  Set: 8 Way: 0 Address: 0x2a4841200
  Set: 9 Way: 0 Address: 0x2a4841248
  Set: 10 Way: 0 Address: 0x2a4841280
  Set: 11 Way: 0 Address: 0x2a48412f0
  Set: 12 Way: 0 Address: 0x23755d308
  Set: 12 Way: 1 Address: 0x2f5d8e308
  Set: 12 Way: 2 Address: 0x2a4841330
  Set: 13 Way: 0 Address: 0x2a4841370
  Set: 14 Way: 0 Address: 0x397bb4388
  Set: 14 Way: 1 Address: 0x201598388
  Set: 14 Way: 2 Address: 0xc7078390
  Set: 14 Way: 3 Address: 0xf6e81390
  Set: 14 Way: 4 Address: 0x2a4841380
  Set: 15 Way: 0 Address: 0x2a48413f0
  Set: 15 Way: 1 Address: 0x354d353e0
  Set: 16 Way: 0 Address: 0x2a4841420
  Set: 17 Way: 0 Address: 0x2a4841460
  Set: 18 Way: 0 Address: 0x2a48414a0
  Set: 18 Way: 1 Address: 0x3734ee4b0
  Set: 19 Way: 0 Address: 0x3734ee4f0
  Set: 19 Way: 1 Address: 0x2a48414d8
  Set: 20 Way: 0 Address: 0x2a4841530
  Set: 21 Way: 0 Address: 0x2a4841550
  Set: 22 Way: 0 Address: 0x1995f25a0
  Set: 22 Way: 1 Address: 0x2a48415b0
  Set: 23 Way: 0 Address: 0x1995f25f8
  Set: 23 Way: 1 Address: 0x2a48415c8
  Set: 24 Way: 0 Address: 0x292959610
  Set: 24 Way: 1 Address: 0x1995f2638
  Set: 24 Way: 2 Address: 0x2a4841618
  Set: 25 Way: 0 Address: 0x1995f2678
  Set: 25 Way: 1 Address: 0x2a4841658
  Set: 26 Way: 0 Address: 0x2929596b0
  Set: 26 Way: 1 Address: 0x12c6fc680
  Set: 26 Way: 2 Address: 0x23755d680
  Set: 26 Way: 3 Address: 0x1995f26a8
  Set: 26 Way: 4 Address: 0x2a48416b8
  Set: 27 Way: 0 Address: 0x2a48416f8
  Set: 28 Way: 0 Address: 0x1995f2700
  Set: 28 Way: 1 Address: 0x2a4841738
  Set: 29 Way: 0 Address: 0x16390f778
  Set: 29 Way: 1 Address: 0x12c6fc778
  Set: 29 Way: 2 Address: 0x1995f2750
  Set: 29 Way: 3 Address: 0x2a4841778
  Set: 29 Way: 4 Address: 0x211d16758
  Set: 29 Way: 5 Address: 0x1ab44758
  Set: 30 Way: 0 Address: 0x38e35c798
  Set: 30 Way: 1 Address: 0x394edb798
  Set: 30 Way: 2 Address: 0x1995f2790
  Set: 30 Way: 3 Address: 0x2a48417b8
  Set: 31 Way: 0 Address: 0x28b67e7f8
  Set: 31 Way: 1 Address: 0x263c137f8
  Set: 31 Way: 2 Address: 0x2015987f0
  Set: 31 Way: 3 Address: 0xc70787f0
  Set: 31 Way: 4 Address: 0x1995f27e0
  Set: 31 Way: 5 Address: 0x2a48417c0
  Set: 32 Way: 0 Address: 0x1995f2800
  Set: 33 Way: 0 Address: 0x1995f2848
  Set: 34 Way: 0 Address: 0x2a4841898
  Set: 35 Way: 0 Address: 0x2a48418f8
  Set: 36 Way: 0 Address: 0x2a4841900
  Set: 37 Way: 0 Address: 0x1aafb8940
  Set: 37 Way: 1 Address: 0xb8004948
  Set: 37 Way: 2 Address: 0x2a4841940
  Set: 38 Way: 0 Address: 0x3c56b39b8
  Set: 38 Way: 1 Address: 0x2a4841998
  Set: 39 Way: 0 Address: 0x3c56b39e8
  Set: 40 Way: 0 Address: 0x3c56b3a38
  Set: 41 Way: 0 Address: 0x3c56b3a78
  Set: 42 Way: 0 Address: 0x3c56b3aa0
  Set: 43 Way: 0 Address: 0x3c56b3af8
  Set: 44 Way: 0 Address: 0x3c56b3b38
  Set: 44 Way: 1 Address: 0x2a4841b30
  Set: 45 Way: 0 Address: 0x3c56b3b58
  Set: 45 Way: 1 Address: 0x2a4841b48
  Set: 46 Way: 0 Address: 0x3c56b3b88
  Set: 46 Way: 1 Address: 0x2a4841b90
  Set: 47 Way: 0 Address: 0x3c56b3bf0
  Set: 47 Way: 1 Address: 0x2a4841bd0
  Set: 48 Way: 0 Address: 0x3c56b3c30
  Set: 48 Way: 1 Address: 0x2a4841c10
  Set: 49 Way: 0 Address: 0x3c56b3c70
  Set: 50 Way: 0 Address: 0x3c56b3c80
  Set: 51 Way: 0 Address: 0x3c56b3cf8
  Set: 52 Way: 0 Address: 0x3c56b3d38
  Set: 52 Way: 1 Address: 0x133c92d00
  Set: 53 Way: 0 Address: 0x3c56b3d78
  Set: 54 Way: 0 Address: 0x9cff2da0
  Set: 54 Way: 1 Address: 0x223edad98
  Set: 54 Way: 2 Address: 0x3c56b3db8
  Set: 54 Way: 3 Address: 0x133c92da0
  Set: 55 Way: 0 Address: 0x3c56b3de8
  Set: 56 Way: 0 Address: 0x3c56b3e28
  Set: 57 Way: 0 Address: 0x3c56b3e78
  Set: 58 Way: 0 Address: 0x3c56b3eb8
  Set: 59 Way: 0 Address: 0x3c56b3ef0
  Set: 60 Way: 0 Address: 0x3c56b3f00
  Set: 61 Way: 0 Address: 0x3c56b3f50
  Set: 62 Way: 0 Address: 0x3c56b3fa8
  Set: 63 Way: 0 Address: 0x1d89dafe8
  Set: 63 Way: 1 Address: 0x3c56b3ff8
EndCache
Cache: cpu0_ITLB
  Set: 0 Way: 0 Address: 0x400330
  Set: 0 Way: 1 Address: 0x430e22
  Set: 1 Way: 0 Address: 0x431aa8
  Set: 1 Way: 1 Address: 0x4711d0
  Set: 1 Way: 2 Address: 0x461bf0
  Set: 2 Way: 0 Address: 0x472030
  Set: 2 Way: 1 Address: 0x43233a
  Set: 12 Way: 0 Address: 0x42cf41
  Set: 13 Way: 0 Address: 0x42d080
  Set: 14 Way: 0 Address: 0x42e190
  Set: 15 Way: 0 Address: 0x42f241
EndCache
Cache: cpu0_DTLB
  Set: 0 Way: 0 Address: 0x4d0088
  Set: 3 Way: 0 Address: 0x7fff425b3ff8
  Set: 3 Way: 1 Address: 0x4f33e0
  Set: 4 Way: 0 Address: 0x7fff425b4188
  Set: 8 Way: 0 Address: 0x728028
  Set: 9 Way: 0 Address: 0x7294b0
  Set: 11 Way: 0 Address: 0x4ebd00
  Set: 14 Way: 0 Address: 0x4fe6b0
  Set: 15 Way: 0 Address: 0x4ef848
EndCache
Cache: LLC
  Set: 64 Way: 0 Address: 0x2a4841010
  Set: 64 Way: 1 Address: 0x113201000
  Set: 65 Way: 0 Address: 0x2a4841078
  Set: 66 Way: 0 Address: 0x2a4841098
  Set: 67 Way: 0 Address: 0x2a48410f0
  Set: 68 Way: 0 Address: 0x2a4841130
  Set: 69 Way: 0 Address: 0x2a4841160
  Set: 69 Way: 1 Address: 0xf6e81168
  Set: 70 Way: 0 Address: 0x113201188
  Set: 70 Way: 1 Address: 0x2a4841180
  Set: 71 Way: 0 Address: 0x2a48411e8
  Set: 72 Way: 0 Address: 0x2a4841200
  Set: 73 Way: 0 Address: 0x2a4841240
  Set: 74 Way: 0 Address: 0x2a4841288
  Set: 75 Way: 0 Address: 0x2a48412c0
  Set: 76 Way: 0 Address: 0x2a4841300
  Set: 77 Way: 0 Address: 0x2a4841370
  Set: 78 Way: 0 Address: 0xf6e81390
  Set: 78 Way: 1 Address: 0x2a4841380
  Set: 79 Way: 0 Address: 0x2a48413f8
  Set: 80 Way: 0 Address: 0x2a4841438
  Set: 81 Way: 0 Address: 0x2a4841478
  Set: 82 Way: 0 Address: 0x2a48414b0
  Set: 83 Way: 0 Address: 0x2a48414c0
  Set: 84 Way: 0 Address: 0x2a4841528
  Set: 85 Way: 0 Address: 0x2a4841540
  Set: 86 Way: 0 Address: 0x2a48415b8
  Set: 87 Way: 0 Address: 0x2a48415f8
  Set: 88 Way: 0 Address: 0x2a4841638
  Set: 89 Way: 0 Address: 0x2a4841678
  Set: 90 Way: 0 Address: 0x2a48416b0
  Set: 91 Way: 0 Address: 0x2a48416c0
  Set: 92 Way: 0 Address: 0x2a4841700
  Set: 93 Way: 0 Address: 0x2a4841740
  Set: 94 Way: 0 Address: 0x2a4841780
  Set: 95 Way: 0 Address: 0x2a48417c0
  Set: 98 Way: 0 Address: 0x2a4841898
  Set: 99 Way: 0 Address: 0x2a48418f8
  Set: 100 Way: 0 Address: 0x2a4841938
  Set: 101 Way: 0 Address: 0x2a4841978
  Set: 102 Way: 0 Address: 0x2a4841998
  Set: 108 Way: 0 Address: 0x2a4841b38
  Set: 109 Way: 0 Address: 0x2a4841b78
  Set: 110 Way: 0 Address: 0x2a4841bb8
  Set: 111 Way: 0 Address: 0x2a4841bf8
  Set: 112 Way: 0 Address: 0x2a4841c38
  Set: 128 Way: 0 Address: 0x1c84e2018
  Set: 128 Way: 1 Address: 0x6d0c2030
  Set: 129 Way: 0 Address: 0x6d0c2042
  Set: 130 Way: 0 Address: 0x6d0c2080
  Set: 131 Way: 0 Address: 0x6d0c20c1
  Set: 132 Way: 0 Address: 0x6d0c2101
  Set: 133 Way: 0 Address: 0x6d0c2140
  Set: 134 Way: 0 Address: 0x6d0c2182
  Set: 285 Way: 0 Address: 0x1ab44758
  Set: 293 Way: 0 Address: 0xb8004948
  Set: 390 Way: 0 Address: 0x3dae66190
  Set: 391 Way: 0 Address: 0x3dae661f0
  Set: 392 Way: 0 Address: 0x3dae66200
  Set: 393 Way: 0 Address: 0x3dae66242
  Set: 394 Way: 0 Address: 0x3dae66282
  Set: 395 Way: 0 Address: 0x3dae662c0
  Set: 396 Way: 0 Address: 0x3dae66301
  Set: 397 Way: 0 Address: 0x3dae66340
  Set: 398 Way: 0 Address: 0x3dae66380
  Set: 401 Way: 0 Address: 0x3dae66459
  Set: 402 Way: 0 Address: 0x3dae66481
  Set: 448 Way: 0 Address: 0x309887030
  Set: 449 Way: 0 Address: 0x309887047
  Set: 450 Way: 0 Address: 0x309887083
  Set: 451 Way: 0 Address: 0x3098870c2
  Set: 493 Way: 0 Address: 0x309887b70
  Set: 494 Way: 0 Address: 0x309887b80
  Set: 578 Way: 0 Address: 0x2ee369088
  Set: 780 Way: 0 Address: 0x29484c330
  Set: 892 Way: 0 Address: 0x5588df00
  Set: 893 Way: 0 Address: 0x5588df41
  Set: 894 Way: 0 Address: 0x5588df80
  Set: 895 Way: 0 Address: 0x5588dfc0
  Set: 901 Way: 0 Address: 0x2f5d8e170
  Set: 908 Way: 0 Address: 0x2f5d8e308
  Set: 914 Way: 0 Address: 0x3734ee4b0
  Set: 915 Way: 0 Address: 0x3734ee4f0
  Set: 965 Way: 0 Address: 0x16390f168
  Set: 965 Way: 1 Address: 0x143ef170
  Set: 966 Way: 0 Address: 0x143ef190
  Set: 989 Way: 0 Address: 0x16390f778
  Set: 1007 Way: 0 Address: 0xee86fbf0
  Set: 1008 Way: 0 Address: 0xee86fc02
  Set: 1009 Way: 0 Address: 0xee86fc40
  Set: 1010 Way: 0 Address: 0xee86fc82
  Set: 1174 Way: 0 Address: 0x1995f25a0
  Set: 1175 Way: 0 Address: 0x1995f25f8
  Set: 1176 Way: 0 Address: 0x1995f2638
  Set: 1177 Way: 0 Address: 0x1995f2678
  Set: 1178 Way: 0 Address: 0x1995f26a8
  Set: 1180 Way: 0 Address: 0x1995f2708
  Set: 1181 Way: 0 Address: 0x1995f2778
  Set: 1182 Way: 0 Address: 0x1995f27b8
  Set: 1183 Way: 0 Address: 0x1995f27f8
  Set: 1184 Way: 0 Address: 0x1995f2808
  Set: 1185 Way: 0 Address: 0x1995f2868
  Set: 1204 Way: 0 Address: 0x133c92d00
  Set: 1206 Way: 0 Address: 0x9cff2da0
  Set: 1206 Way: 1 Address: 0x133c92da0
  Set: 1221 Way: 0 Address: 0x2b2e93178
  Set: 1222 Way: 0 Address: 0x2b2e93180
  Set: 1247 Way: 0 Address: 0x263c137f8
  Set: 1254 Way: 0 Address: 0x3c56b39a8
  Set: 1255 Way: 0 Address: 0x3c56b39e8
  Set: 1256 Way: 0 Address: 0x3c56b3a38
  Set: 1257 Way: 0 Address: 0x3c56b3a78
  Set: 1258 Way: 0 Address: 0x3c56b3a88
  Set: 1259 Way: 0 Address: 0x3c56b3af8
  Set: 1260 Way: 0 Address: 0x3c56b3b38
  Set: 1261 Way: 0 Address: 0x3c56b3b40
  Set: 1262 Way: 0 Address: 0x3c56b3b88
  Set: 1263 Way: 0 Address: 0x3c56b3bc0
  Set: 1264 Way: 0 Address: 0x3c56b3c00
  Set: 1265 Way: 0 Address: 0x3c56b3c70
  Set: 1266 Way: 0 Address: 0x3c56b3c80
  Set: 1267 Way: 0 Address: 0x3c56b3ce0
  Set: 1268 Way: 0 Address: 0x3c56b3d00
  Set: 1269 Way: 0 Address: 0x3c56b3d40
  Set: 1270 Way: 0 Address: 0x3c56b3d80
  Set: 1271 Way: 0 Address: 0x3c56b3dc0
  Set: 1272 Way: 0 Address: 0x3c56b3e28
  Set: 1273 Way: 0 Address: 0x3c56b3e78
  Set: 1274 Way: 0 Address: 0x3c56b3eb8
  Set: 1275 Way: 0 Address: 0x3c56b3ef8
  Set: 1276 Way: 0 Address: 0x3c56b3f10
  Set: 1277 Way: 0 Address: 0x3c56b3f40
  Set: 1278 Way: 0 Address: 0x3c56b3f80
  Set: 1279 Way: 0 Address: 0x3c56b3ff0
  Set: 1280 Way: 0 Address: 0x397bb4000
  Set: 1282 Way: 0 Address: 0x3de4d4090
  Set: 1284 Way: 0 Address: 0x3c107410d
  Set: 1285 Way: 0 Address: 0x3c1074144
  Set: 1286 Way: 0 Address: 0x3c1074190
  Set: 1287 Way: 0 Address: 0x1299341d0
  Set: 1288 Way: 0 Address: 0x129934210
  Set: 1289 Way: 0 Address: 0x129934242
  Set: 1292 Way: 0 Address: 0x3c107433a
  Set: 1293 Way: 0 Address: 0x3c1074358
  Set: 1294 Way: 0 Address: 0x397bb4388
  Set: 1294 Way: 1 Address: 0x3c1074390
  Set: 1344 Way: 0 Address: 0x195f15010
  Set: 1359 Way: 0 Address: 0x354d353e0
  Set: 1408 Way: 0 Address: 0x43736028
  Set: 1413 Way: 0 Address: 0x211d16160
  Set: 1416 Way: 0 Address: 0x84896220
  Set: 1417 Way: 0 Address: 0x84896241
  Set: 1418 Way: 0 Address: 0x84896280
  Set: 1419 Way: 0 Address: 0x848962d7
  Set: 1420 Way: 0 Address: 0x84896303
  Set: 1421 Way: 0 Address: 0x84896340
  Set: 1422 Way: 0 Address: 0x84896383
  Set: 1423 Way: 0 Address: 0x848963c0
  Set: 1424 Way: 0 Address: 0x84896408
  Set: 1425 Way: 0 Address: 0x84896440
  Set: 1437 Way: 0 Address: 0x211d16758
  Set: 1525 Way: 0 Address: 0x276ff7d70
  Set: 1526 Way: 0 Address: 0x276ff7d8b
  Set: 1527 Way: 0 Address: 0x276ff7df0
  Set: 1528 Way: 0 Address: 0x276ff7e00
  Set: 1529 Way: 0 Address: 0x276ff7e40
  Set: 1530 Way: 0 Address: 0x276ff7e80
  Set: 1531 Way: 0 Address: 0x276ff7ec2
  Set: 1532 Way: 0 Address: 0x276ff7f00
  Set: 1533 Way: 0 Address: 0x276ff7f40
  Set: 1534 Way: 0 Address: 0x276ff7f80
  Set: 1535 Way: 0 Address: 0x276ff7fd8
  Set: 1550 Way: 0 Address: 0x201598388
  Set: 1550 Way: 1 Address: 0xc7078390
  Set: 1567 Way: 0 Address: 0x2015987f0
  Set: 1567 Way: 1 Address: 0xc70787f0
  Set: 1573 Way: 0 Address: 0x1aafb8940
  Set: 1624 Way: 0 Address: 0x292959610
  Set: 1626 Way: 0 Address: 0x2929596b0
  Set: 1664 Way: 0 Address: 0x229b9a000
  Set: 1718 Way: 0 Address: 0x223edad98
  Set: 1727 Way: 0 Address: 0x1d89dafe8
  Set: 1734 Way: 0 Address: 0x394edb180
  Set: 1758 Way: 0 Address: 0x394edb798
  Set: 1792 Way: 0 Address: 0xdf85c000
  Set: 1798 Way: 0 Address: 0x38e35c190
  Set: 1818 Way: 0 Address: 0x12c6fc680
  Set: 1821 Way: 0 Address: 0x12c6fc778
  Set: 1822 Way: 0 Address: 0x38e35c798
  Set: 1861 Way: 0 Address: 0x1add178
  Set: 1868 Way: 0 Address: 0x23755d308
  Set: 1882 Way: 0 Address: 0x23755d680
  Set: 1920 Way: 0 Address: 0x28b67e000
  Set: 1920 Way: 1 Address: 0x1f919e00d
  Set: 1921 Way: 0 Address: 0x1f919e060
  Set: 1922 Way: 0 Address: 0x1f919e085
  Set: 1923 Way: 0 Address: 0x1f919e0c1
  Set: 1924 Way: 0 Address: 0x1f919e102
  Set: 1925 Way: 0 Address: 0x1f919e150
  Set: 1926 Way: 0 Address: 0x1f919e190
  Set: 1927 Way: 0 Address: 0x1f919e1e0
  Set: 1928 Way: 0 Address: 0x1f919e208
  Set: 1929 Way: 0 Address: 0x1f919e240
  Set: 1930 Way: 0 Address: 0x1f919e283
  Set: 1931 Way: 0 Address: 0x1f919e2c2
  Set: 1932 Way: 0 Address: 0x1f919e33a
  Set: 1933 Way: 0 Address: 0x1f919e341
  Set: 1934 Way: 0 Address: 0x1f919e380
  Set: 1935 Way: 0 Address: 0x1f919e3c2
  Set: 1936 Way: 0 Address: 0x1f919e404
  Set: 1938 Way: 0 Address: 0x1f919e490
  Set: 1939 Way: 0 Address: 0x1f919e4c1
  Set: 1943 Way: 0 Address: 0x1f919e5e0
  Set: 1948 Way: 0 Address: 0x1f919e700
  Set: 1949 Way: 0 Address: 0x1f919e76e
  Set: 1950 Way: 0 Address: 0x1f919e7b0
  Set: 1951 Way: 0 Address: 0x28b67e7f8
  Set: 1951 Way: 1 Address: 0x1f919e7c1
  Set: 1952 Way: 0 Address: 0x1f919e802
  Set: 1953 Way: 0 Address: 0x1f919e841
  Set: 1954 Way: 0 Address: 0x1f919e887
  Set: 1955 Way: 0 Address: 0x1f919e8c3
  Set: 1956 Way: 0 Address: 0x1f919e901
  Set: 1957 Way: 0 Address: 0x1f919e940
  Set: 1958 Way: 0 Address: 0x1f919e980
  Set: 1959 Way: 0 Address: 0x1f919e9cf
  Set: 1960 Way: 0 Address: 0x1f919ea05
  Set: 1961 Way: 0 Address: 0x1f919ea70
  Set: 1962 Way: 0 Address: 0x1f919eaa8
  Set: 1963 Way: 0 Address: 0x1f919eac0
  Set: 1964 Way: 0 Address: 0x1f919eb30
  Set: 1965 Way: 0 Address: 0x1f919eb40
  Set: 1966 Way: 0 Address: 0x1f919eba6
  Set: 1967 Way: 0 Address: 0x1f919ebc0
  Set: 1975 Way: 0 Address: 0x1f919edf0
  Set: 1976 Way: 0 Address: 0x1f919ee01
  Set: 1977 Way: 0 Address: 0x1f919ee40
  Set: 1978 Way: 0 Address: 0x1f919ee81
  Set: 1979 Way: 0 Address: 0x1f919eee7
  Set: 1980 Way: 0 Address: 0x1f919ef02
  Set: 1981 Way: 0 Address: 0x1f919ef40
  Set: 1982 Way: 0 Address: 0x1f919ef86
  Set: 1983 Way: 0 Address: 0x1f919efc0
EndCache
