Cache: cpu0_STLB
  Set: 0 Way: 0 Address: 0x400360
  Set: 6 Way: 0 Address: 0x406fc7
  Set: 7 Way: 0 Address: 0x407008
  Set: 34 Way: 0 Address: 0x7f18f1b222b0
  Set: 37 Way: 0 Address: 0x42552c
  Set: 40 Way: 0 Address: 0x728040
  Set: 41 Way: 0 Address: 0x7294b0
  Set: 43 Way: 0 Address: 0x42bde6
  Set: 44 Way: 0 Address: 0x42cc90
  Set: 45 Way: 0 Address: 0x42d0fb
  Set: 46 Way: 0 Address: 0x42e220
  Set: 47 Way: 0 Address: 0x42f303
  Set: 48 Way: 0 Address: 0x430900
  Set: 49 Way: 0 Address: 0x431060
  Set: 50 Way: 0 Address: 0x43233a
  Set: 51 Way: 0 Address: 0x7fff425b3fd0
  Set: 52 Way: 0 Address: 0x7fff425b46f8
  Set: 53 Way: 0 Address: 0x7fff425b51d0
  Set: 80 Way: 0 Address: 0x4d0088
  Set: 83 Way: 0 Address: 0x4d39c0
  Set: 97 Way: 0 Address: 0x4e1680
  Set: 97 Way: 1 Address: 0x461bf0
  Set: 107 Way: 0 Address: 0x4eb820
  Set: 111 Way: 0 Address: 0x4ef848
  Set: 113 Way: 0 Address: 0x4711d0
  Set: 114 Way: 0 Address: 0x4f2780
  Set: 114 Way: 1 Address: 0x472030
  Set: 115 Way: 0 Address: 0x4f32e8
  Set: 121 Way: 0 Address: 0x7f1b111f9250
  Set: 126 Way: 0 Address: 0x4fe6b0
EndCache
Cache: cpu0_L2C
  Set: 6 Way: 0 Address: 0x14bb10180
  Set: 6 Way: 1 Address: 0x2177f0180
  Set: 29 Way: 0 Address: 0x14bb10758
  Set: 30 Way: 0 Address: 0x2177f0790
  Set: 31 Way: 0 Address: 0x6e6207e0
  Set: 39 Way: 0 Address: 0x6e6209c0
  Set: 54 Way: 0 Address: 0x342b40d98
  Set: 64 Way: 0 Address: 0x2a4841030
  Set: 65 Way: 0 Address: 0x2a4841040
  Set: 66 Way: 0 Address: 0x2a48410b0
  Set: 67 Way: 0 Address: 0x2a48410e0
  Set: 68 Way: 0 Address: 0x2a4841130
  Set: 69 Way: 0 Address: 0x113201178
  Set: 69 Way: 1 Address: 0x2a4841168
  Set: 70 Way: 0 Address: 0x2a4841198
  Set: 71 Way: 0 Address: 0x2a48411e8
  Set: 72 Way: 0 Address: 0x2a4841200
  Set: 73 Way: 0 Address: 0x2a4841278
  Set: 74 Way: 0 Address: 0x2a4841288
  Set: 75 Way: 0 Address: 0x2a48412f8
  Set: 76 Way: 0 Address: 0x2a4841338
  Set: 77 Way: 0 Address: 0x2a4841378
  Set: 78 Way: 0 Address: 0x2a48413b8
  Set: 79 Way: 0 Address: 0x2a48413e0
  Set: 80 Way: 0 Address: 0x2a4841400
  Set: 81 Way: 0 Address: 0x2a4841440
  Set: 82 Way: 0 Address: 0x2a4841480
  Set: 83 Way: 0 Address: 0x2a48414f8
  Set: 84 Way: 0 Address: 0x2a4841538
  Set: 85 Way: 0 Address: 0x2a4841558
  Set: 85 Way: 1 Address: 0x181c81550
  Set: 86 Way: 0 Address: 0x2a4841580
  Set: 87 Way: 0 Address: 0x2a48415d0
  Set: 88 Way: 0 Address: 0x2a4841600
  Set: 88 Way: 1 Address: 0x181c81610
  Set: 89 Way: 0 Address: 0x2a4841640
  Set: 90 Way: 0 Address: 0x2a48416b0
  Set: 90 Way: 1 Address: 0x181c816b0
  Set: 91 Way: 0 Address: 0x2a48416f8
  Set: 92 Way: 0 Address: 0x2a4841700
  Set: 93 Way: 0 Address: 0x2a4841778
  Set: 94 Way: 0 Address: 0x2a4841790
  Set: 95 Way: 0 Address: 0x2a48417d0
  Set: 96 Way: 0 Address: 0x2a4841808
  Set: 97 Way: 0 Address: 0x2a4841860
  Set: 98 Way: 0 Address: 0x2a4841898
  Set: 99 Way: 0 Address: 0x2a48418c0
  Set: 100 Way: 0 Address: 0x2a4841900
  Set: 101 Way: 0 Address: 0x2a4841970
  Set: 102 Way: 0 Address: 0x2a4841990
  Set: 103 Way: 0 Address: 0x2a48419e8
  Set: 104 Way: 0 Address: 0x2a4841a00
  Set: 105 Way: 0 Address: 0x2a4841a40
  Set: 106 Way: 0 Address: 0x2a4841ab0
  Set: 107 Way: 0 Address: 0xf6e81af0
  Set: 107 Way: 1 Address: 0x2a4841ae0
  Set: 108 Way: 0 Address: 0xf6e81b03
  Set: 108 Way: 1 Address: 0x2a4841b38
  Set: 109 Way: 0 Address: 0xf6e81b42
  Set: 109 Way: 1 Address: 0x2a4841b40
  Set: 110 Way: 0 Address: 0xf6e81b81
  Set: 110 Way: 1 Address: 0x2a4841b80
  Set: 111 Way: 0 Address: 0xf6e81bc1
  Set: 111 Way: 1 Address: 0x2a4841bc0
  Set: 112 Way: 0 Address: 0xf6e81c00
  Set: 112 Way: 1 Address: 0x2a4841c30
  Set: 113 Way: 0 Address: 0xf6e81c45
  Set: 114 Way: 0 Address: 0x2a4841cb8
  Set: 115 Way: 0 Address: 0x2a4841ce0
  Set: 117 Way: 0 Address: 0xf6e81d46
  Set: 118 Way: 0 Address: 0xf6e81d82
  Set: 119 Way: 0 Address: 0x2a4841dd0
  Set: 119 Way: 1 Address: 0xf6e81de6
  Set: 120 Way: 0 Address: 0x2a4841e00
  Set: 120 Way: 1 Address: 0xf6e81e00
  Set: 121 Way: 0 Address: 0x2a4841e40
  Set: 121 Way: 1 Address: 0xf6e81e45
  Set: 122 Way: 0 Address: 0x2a4841e80
  Set: 123 Way: 0 Address: 0x2a4841ec0
  Set: 124 Way: 0 Address: 0x2a4841f20
  Set: 125 Way: 0 Address: 0xf6e81f40
  Set: 125 Way: 1 Address: 0x2a4841f78
  Set: 126 Way: 0 Address: 0x2a4841f80
  Set: 127 Way: 0 Address: 0xf6e81ff0
  Set: 128 Way: 0 Address: 0x6d0c2030
  Set: 133 Way: 0 Address: 0x1c84e2160
  Set: 139 Way: 0 Address: 0x1064c22e8
  Set: 141 Way: 0 Address: 0x1064c2340
  Set: 142 Way: 0 Address: 0x1064c2388
  Set: 143 Way: 0 Address: 0x1064c23e0
  Set: 153 Way: 0 Address: 0x133c92650
  Set: 154 Way: 0 Address: 0x1c84e2680
  Set: 154 Way: 1 Address: 0x133c92680
  Set: 155 Way: 0 Address: 0x133c926f0
  Set: 156 Way: 0 Address: 0x133c92700
  Set: 157 Way: 0 Address: 0x1c84e2778
  Set: 170 Way: 0 Address: 0x1995f2ab0
  Set: 171 Way: 0 Address: 0x1995f2ac1
  Set: 172 Way: 0 Address: 0x1995f2b00
  Set: 173 Way: 0 Address: 0x1995f2b40
  Set: 174 Way: 0 Address: 0x1995f2b83
  Set: 175 Way: 0 Address: 0x1995f2bc5
  Set: 182 Way: 0 Address: 0x9cff2da0
  Set: 191 Way: 0 Address: 0x1995f2fc7
  Set: 192 Way: 0 Address: 0x3c56b3007
  Set: 193 Way: 0 Address: 0x3c56b3042
  Set: 194 Way: 0 Address: 0x3c56b3080
  Set: 195 Way: 0 Address: 0x3c56b30fb
  Set: 196 Way: 0 Address: 0x3c56b3101
  Set: 196 Way: 1 Address: 0x34a87310d
  Set: 197 Way: 0 Address: 0x3c56b3150
  Set: 197 Way: 1 Address: 0x34a873144
  Set: 198 Way: 0 Address: 0x3c56b3182
  Set: 198 Way: 1 Address: 0x34a873190
  Set: 199 Way: 0 Address: 0x3c56b31c8
  Set: 201 Way: 0 Address: 0x2b2e93250
  Set: 202 Way: 0 Address: 0x2b2e93280
  Set: 203 Way: 0 Address: 0x2b2e932c0
  Set: 203 Way: 1 Address: 0x3c56b32fc
  Set: 204 Way: 0 Address: 0x2b2e93300
  Set: 204 Way: 1 Address: 0x3c56b3304
  Set: 204 Way: 2 Address: 0x34a87333a
  Set: 205 Way: 0 Address: 0x34a873358
  Set: 206 Way: 0 Address: 0x34a873390
  Set: 223 Way: 0 Address: 0x263c137f8
  Set: 229 Way: 0 Address: 0x257713948
  Set: 230 Way: 0 Address: 0x3b08039a8
  Set: 231 Way: 0 Address: 0x3b08039e8
  Set: 232 Way: 0 Address: 0x3b0803a38
  Set: 233 Way: 0 Address: 0x3b0803a78
  Set: 234 Way: 0 Address: 0x3b0803a88
  Set: 235 Way: 0 Address: 0x3b0803af8
  Set: 236 Way: 0 Address: 0x3b0803b38
  Set: 237 Way: 0 Address: 0x3b0803b40
  Set: 238 Way: 0 Address: 0x3b0803b88
  Set: 239 Way: 0 Address: 0x3232f3bf0
  Set: 239 Way: 1 Address: 0x3b0803bd0
  Set: 240 Way: 0 Address: 0x3232f3c02
  Set: 240 Way: 1 Address: 0x3b0803c00
  Set: 241 Way: 0 Address: 0x3232f3c40
  Set: 241 Way: 1 Address: 0x3b0803c70
  Set: 242 Way: 0 Address: 0x3232f3c82
  Set: 242 Way: 1 Address: 0x3b0803c80
  Set: 243 Way: 0 Address: 0x3b0803ce0
  Set: 243 Way: 1 Address: 0x3232f3cde
  Set: 244 Way: 0 Address: 0x3b0803d00
  Set: 245 Way: 0 Address: 0x3b0803d40
  Set: 246 Way: 0 Address: 0x3b0803db8
  Set: 247 Way: 0 Address: 0x3b0803dd8
  Set: 248 Way: 0 Address: 0x3b0803e30
  Set: 249 Way: 0 Address: 0x3b0803e40
  Set: 250 Way: 0 Address: 0x3b0803e80
  Set: 251 Way: 0 Address: 0x3b0803ef8
  Set: 252 Way: 0 Address: 0x3b0803f28
  Set: 253 Way: 0 Address: 0x3b0803f78
  Set: 254 Way: 0 Address: 0x3b0803fb8
  Set: 255 Way: 0 Address: 0x3b0803fd0
  Set: 258 Way: 0 Address: 0x3de4d4090
  Set: 258 Way: 1 Address: 0xb8004088
  Set: 261 Way: 0 Address: 0x397bb4170
  Set: 261 Way: 1 Address: 0x129934158
  Set: 269 Way: 0 Address: 0xb8004370
  Set: 270 Way: 0 Address: 0xb80043a0
  Set: 282 Way: 0 Address: 0x1ab44698
  Set: 284 Way: 0 Address: 0x1ab44708
  Set: 285 Way: 0 Address: 0x129934778
  Set: 292 Way: 0 Address: 0x3c1074910
  Set: 320 Way: 0 Address: 0x195f15010
  Set: 320 Way: 1 Address: 0x1b0f1500d
  Set: 321 Way: 0 Address: 0x1b0f15060
  Set: 322 Way: 0 Address: 0x1b0f15085
  Set: 323 Way: 0 Address: 0x1b0f150c1
  Set: 324 Way: 0 Address: 0x1b0f15102
  Set: 325 Way: 0 Address: 0x1b0f15150
  Set: 326 Way: 0 Address: 0x1b0f15190
  Set: 327 Way: 0 Address: 0x1b0f151e0
  Set: 328 Way: 0 Address: 0x1b0f15208
  Set: 329 Way: 0 Address: 0x1b0f15240
  Set: 330 Way: 0 Address: 0x354d352b0
  Set: 330 Way: 1 Address: 0x1b0f15283
  Set: 331 Way: 0 Address: 0x354d352c0
  Set: 331 Way: 1 Address: 0x1b0f152c2
  Set: 332 Way: 0 Address: 0x1b0f1533a
  Set: 333 Way: 0 Address: 0x1b0f15341
  Set: 334 Way: 0 Address: 0x1b0f15380
  Set: 335 Way: 0 Address: 0x1b0f153c2
  Set: 336 Way: 0 Address: 0x1b0f15404
  Set: 337 Way: 0 Address: 0x1b0f15440
  Set: 338 Way: 0 Address: 0x1b0f15490
  Set: 339 Way: 0 Address: 0x1b0f154c1
  Set: 343 Way: 0 Address: 0x1b0f155e0
  Set: 344 Way: 0 Address: 0x1b0f15620
  Set: 348 Way: 0 Address: 0x1b0f15731
  Set: 349 Way: 0 Address: 0x1b0f15758
  Set: 350 Way: 0 Address: 0x1b0f157b0
  Set: 351 Way: 0 Address: 0x1b0f157c1
  Set: 352 Way: 0 Address: 0x1b0f15802
  Set: 353 Way: 0 Address: 0x1b0f15841
  Set: 354 Way: 0 Address: 0x1b0f15880
  Set: 355 Way: 0 Address: 0x1b0f158c3
  Set: 356 Way: 0 Address: 0x1b0f15901
  Set: 357 Way: 0 Address: 0x1b0f15964
  Set: 358 Way: 0 Address: 0x1b0f15980
  Set: 359 Way: 0 Address: 0x1b0f159cf
  Set: 360 Way: 0 Address: 0x1b0f15a05
  Set: 361 Way: 0 Address: 0x1b0f15a5e
  Set: 362 Way: 0 Address: 0x1b0f15a8d
  Set: 363 Way: 0 Address: 0x1b0f15af3
  Set: 364 Way: 0 Address: 0x1b0f15b14
  Set: 365 Way: 0 Address: 0x1b0f15b40
  Set: 366 Way: 0 Address: 0x1b0f15b86
  Set: 367 Way: 0 Address: 0x1b0f15bc0
  Set: 375 Way: 0 Address: 0x1b0f15df0
  Set: 376 Way: 0 Address: 0x1b0f15e01
  Set: 377 Way: 0 Address: 0x1b0f15e40
  Set: 378 Way: 0 Address: 0x1b0f15e81
  Set: 379 Way: 0 Address: 0x1b0f15ee7
  Set: 380 Way: 0 Address: 0x1b0f15f02
  Set: 381 Way: 0 Address: 0x1b0f15f40
  Set: 382 Way: 0 Address: 0x1b0f15f86
  Set: 383 Way: 0 Address: 0x1b0f15fc7
  Set: 384 Way: 0 Address: 0x84896018
  Set: 391 Way: 0 Address: 0x27d4c61d0
  Set: 392 Way: 0 Address: 0x27d4c6210
  Set: 393 Way: 0 Address: 0x27d4c6242
  Set: 402 Way: 0 Address: 0x3d87a64b0
  Set: 403 Way: 0 Address: 0x3d87a64f0
  Set: 421 Way: 0 Address: 0x211d16940
  Set: 433 Way: 0 Address: 0x3dae66c68
  Set: 438 Way: 0 Address: 0x43736da8
  Set: 448 Way: 0 Address: 0x309887030
  Set: 448 Way: 1 Address: 0x276ff7000
  Set: 452 Way: 0 Address: 0x309887128
  Set: 476 Way: 0 Address: 0x276ff7708
  Set: 478 Way: 0 Address: 0xbeea7780
  Set: 513 Way: 0 Address: 0xc7078070
  Set: 514 Way: 0 Address: 0x201598098
  Set: 514 Way: 1 Address: 0xc70780b8
  Set: 515 Way: 0 Address: 0xc70780d0
  Set: 516 Way: 0 Address: 0x201598100
  Set: 517 Way: 0 Address: 0x201598145
  Set: 518 Way: 0 Address: 0x201598186
  Set: 518 Way: 1 Address: 0xc70781b8
  Set: 518 Way: 2 Address: 0x3bdd78188
  Set: 519 Way: 0 Address: 0xc70781d0
  Set: 519 Way: 1 Address: 0x2015981e8
  Set: 520 Way: 0 Address: 0xc7078210
  Set: 521 Way: 0 Address: 0xc7078260
  Set: 521 Way: 1 Address: 0x201598248
  Set: 522 Way: 0 Address: 0xc7078280
  Set: 522 Way: 1 Address: 0x20159828d
  Set: 523 Way: 0 Address: 0x2015982c1
  Set: 524 Way: 0 Address: 0x3bdd78308
  Set: 524 Way: 1 Address: 0x2c9898308
  Set: 525 Way: 0 Address: 0xc7078378
  Set: 526 Way: 0 Address: 0xc707838c
  Set: 527 Way: 0 Address: 0xc70783f0
  Set: 528 Way: 0 Address: 0xc7078408
  Set: 529 Way: 0 Address: 0xc7078448
  Set: 529 Way: 1 Address: 0x201598449
  Set: 530 Way: 0 Address: 0xc70784b0
  Set: 530 Way: 1 Address: 0x201598483
  Set: 531 Way: 0 Address: 0x2015984f6
  Set: 531 Way: 1 Address: 0xc70784d0
  Set: 532 Way: 0 Address: 0xc7078500
  Set: 538 Way: 0 Address: 0x1aafb8680
  Set: 540 Way: 0 Address: 0x201598713
  Set: 541 Way: 0 Address: 0x201598745
  Set: 542 Way: 0 Address: 0x201598782
  Set: 542 Way: 1 Address: 0x2c9898798
  Set: 543 Way: 0 Address: 0x2015987c3
  Set: 544 Way: 0 Address: 0x201598803
  Set: 545 Way: 0 Address: 0x201598841
  Set: 546 Way: 0 Address: 0x201598886
  Set: 552 Way: 0 Address: 0x201598a29
  Set: 553 Way: 0 Address: 0x201598a47
  Set: 554 Way: 0 Address: 0x201598aa0
  Set: 555 Way: 0 Address: 0x201598ac1
  Set: 556 Way: 0 Address: 0x201598b03
  Set: 557 Way: 0 Address: 0x201598b44
  Set: 558 Way: 0 Address: 0x201598b80
  Set: 559 Way: 0 Address: 0x201598bc3
  Set: 560 Way: 0 Address: 0x201598c03
  Set: 561 Way: 0 Address: 0x201598c45
  Set: 562 Way: 0 Address: 0x201598c90
  Set: 563 Way: 0 Address: 0x201598cc0
  Set: 564 Way: 0 Address: 0x201598d10
  Set: 565 Way: 0 Address: 0x201598d68
  Set: 566 Way: 0 Address: 0x201598d85
  Set: 567 Way: 0 Address: 0x201598dc2
  Set: 568 Way: 0 Address: 0x201598e00
  Set: 572 Way: 0 Address: 0x201598f00
  Set: 573 Way: 0 Address: 0x201598f41
  Set: 574 Way: 0 Address: 0x201598fb3
  Set: 575 Way: 0 Address: 0x201598fc4
  Set: 580 Way: 0 Address: 0x292959128
  Set: 581 Way: 0 Address: 0x292959158
  Set: 582 Way: 0 Address: 0x2c8749190
  Set: 590 Way: 0 Address: 0x312099390
  Set: 607 Way: 0 Address: 0x2ee3697f0
  Set: 607 Way: 1 Address: 0x3120997f0
  Set: 640 Way: 0 Address: 0x229b9a000
  Set: 645 Way: 0 Address: 0x223eda168
  Set: 703 Way: 0 Address: 0x1d89dafe8
  Set: 710 Way: 0 Address: 0x3b377b188
  Set: 710 Way: 1 Address: 0xcf83b190
  Set: 718 Way: 0 Address: 0xc0d9b388
  Set: 718 Way: 1 Address: 0xcf83b390
  Set: 734 Way: 0 Address: 0x3b377b790
  Set: 734 Way: 1 Address: 0xc0d9b798
  Set: 767 Way: 0 Address: 0x394edbfc8
  Set: 768 Way: 0 Address: 0xdf85c000
  Set: 768 Way: 1 Address: 0x12c6fc038
  Set: 774 Way: 0 Address: 0x29484c190
  Set: 775 Way: 0 Address: 0x29484c1f0
  Set: 776 Way: 0 Address: 0x29484c220
  Set: 777 Way: 0 Address: 0x29484c242
  Set: 778 Way: 0 Address: 0x29484c282
  Set: 779 Way: 0 Address: 0x29484c2c3
  Set: 780 Way: 0 Address: 0x29484c301
  Set: 781 Way: 0 Address: 0x29484c340
  Set: 784 Way: 0 Address: 0x29484c420
  Set: 785 Way: 0 Address: 0x29484c459
  Set: 785 Way: 1 Address: 0x38e35c440
  Set: 786 Way: 0 Address: 0x29484c4b1
  Set: 832 Way: 0 Address: 0x23755d008
  Set: 832 Way: 1 Address: 0x5588d028
  Set: 833 Way: 0 Address: 0x23755d042
  Set: 833 Way: 1 Address: 0x5588d040
  Set: 834 Way: 0 Address: 0x23755d084
  Set: 835 Way: 0 Address: 0x23755d0c1
  Set: 836 Way: 0 Address: 0x23755d103
  Set: 837 Way: 0 Address: 0x23755d145
  Set: 838 Way: 0 Address: 0x23755d181
  Set: 839 Way: 0 Address: 0x23755d1c1
  Set: 840 Way: 0 Address: 0x23755d206
  Set: 841 Way: 0 Address: 0x23755d240
  Set: 842 Way: 0 Address: 0x23755d280
  Set: 843 Way: 0 Address: 0x23755d2c8
  Set: 844 Way: 0 Address: 0x23755d303
  Set: 844 Way: 1 Address: 0x1add330
  Set: 845 Way: 0 Address: 0x23755d342
  Set: 845 Way: 1 Address: 0x1add360
  Set: 846 Way: 0 Address: 0x23755d380
  Set: 847 Way: 0 Address: 0x23755d3c3
  Set: 848 Way: 0 Address: 0x23755d403
  Set: 849 Way: 0 Address: 0x23755d445
  Set: 850 Way: 0 Address: 0x23755d486
  Set: 896 Way: 0 Address: 0x28b67e000
  Set: 896 Way: 1 Address: 0x20597e030
  Set: 897 Way: 0 Address: 0x20597e047
  Set: 898 Way: 0 Address: 0x20597e083
  Set: 899 Way: 0 Address: 0x20597e0c2
  Set: 904 Way: 0 Address: 0x1f919e220
  Set: 905 Way: 0 Address: 0x1f919e241
  Set: 906 Way: 0 Address: 0x1f919e2b8
  Set: 907 Way: 0 Address: 0x1f919e2f0
  Set: 908 Way: 0 Address: 0x1f919e303
  Set: 909 Way: 0 Address: 0x1f919e340
  Set: 910 Way: 0 Address: 0x1f919e383
  Set: 911 Way: 0 Address: 0x1f919e3c3
  Set: 912 Way: 0 Address: 0x3734ee400
  Set: 912 Way: 1 Address: 0x1f919e408
  Set: 913 Way: 0 Address: 0x3734ee448
  Set: 918 Way: 0 Address: 0x3734ee5a0
  Set: 919 Way: 0 Address: 0x3734ee5f8
  Set: 920 Way: 0 Address: 0x3734ee638
  Set: 921 Way: 0 Address: 0x3734ee678
  Set: 922 Way: 0 Address: 0x1c084e698
  Set: 922 Way: 1 Address: 0x3734ee6a8
  Set: 924 Way: 0 Address: 0x3734ee708
  Set: 925 Way: 0 Address: 0x1c084e758
  Set: 925 Way: 1 Address: 0x3734ee758
  Set: 926 Way: 0 Address: 0x3734ee7b8
  Set: 927 Way: 0 Address: 0x28b67e7f8
  Set: 927 Way: 1 Address: 0x3734ee7f8
  Set: 928 Way: 0 Address: 0x3734ee800
  Set: 929 Way: 0 Address: 0x3734ee848
  Set: 932 Way: 0 Address: 0x2db79e900
  Set: 933 Way: 0 Address: 0x2db79e944
  Set: 934 Way: 0 Address: 0x2db79e983
  Set: 935 Way: 0 Address: 0x2db79e9c1
  Set: 936 Way: 0 Address: 0x2db79ea02
  Set: 937 Way: 0 Address: 0x2db79ea43
  Set: 941 Way: 0 Address: 0x20597eb70
  Set: 942 Way: 0 Address: 0x20597eb80
  Set: 943 Way: 0 Address: 0x2db79ebc0
  Set: 945 Way: 0 Address: 0x3734eec68
  Set: 945 Way: 1 Address: 0x20597ec58
  Set: 948 Way: 0 Address: 0x2db79ed30
  Set: 949 Way: 0 Address: 0x2db79ed40
  Set: 950 Way: 0 Address: 0x2db79ed82
  Set: 951 Way: 0 Address: 0x2db79edf0
  Set: 952 Way: 0 Address: 0x2db79ee00
  Set: 953 Way: 0 Address: 0x2db79ee50
  Set: 954 Way: 0 Address: 0x2db79ee80
  Set: 955 Way: 0 Address: 0x2db79eec2
  Set: 956 Way: 0 Address: 0x2db79ef01
  Set: 957 Way: 0 Address: 0x2db79ef44
  Set: 958 Way: 0 Address: 0x2db79ef80
  Set: 959 Way: 0 Address: 0x2db79efd8
  Set: 972 Way: 0 Address: 0x143ef318
  Set: 973 Way: 0 Address: 0xee86f360
  Set: 974 Way: 0 Address: 0x23756f388
  Set: 980 Way: 0 Address: 0x16390f52c
  Set: 981 Way: 0 Address: 0x16390f540
  Set: 982 Way: 0 Address: 0x16390f5a9
  Set: 991 Way: 0 Address: 0x23756f7f0
  Set: 992 Way: 0 Address: 0x22272f820
  Set: 993 Way: 0 Address: 0x22272f848
  Set: 994 Way: 0 Address: 0x22272f880
  Set: 1000 Way: 0 Address: 0x22272fa20
  Set: 1006 Way: 0 Address: 0x22272fb80
  Set: 1010 Way: 0 Address: 0x22272fca8
  Set: 1012 Way: 0 Address: 0x22272fd00
  Set: 1013 Way: 0 Address: 0x22272fd48
  Set: 1014 Way: 0 Address: 0x22272fda0
EndCache
Cache: cpu0_L1I
  Set: 0 Way: 0 Address: 0x23755d008
  Set: 0 Way: 1 Address: 0x20597e030
  Set: 0 Way: 2 Address: 0x3c56b3007
  Set: 0 Way: 3 Address: 0x1b0f1500d
  Set: 1 Way: 0 Address: 0x23755d042
  Set: 1 Way: 1 Address: 0x1b0f15060
  Set: 1 Way: 2 Address: 0x20597e047
  Set: 1 Way: 3 Address: 0x3c56b3042
  Set: 2 Way: 0 Address: 0x23755d0a9
  Set: 2 Way: 1 Address: 0x201598098
  Set: 2 Way: 2 Address: 0x1b0f15085
  Set: 2 Way: 3 Address: 0x20597e083
  Set: 2 Way: 4 Address: 0x3c56b3080
  Set: 3 Way: 0 Address: 0x3c56b30fb
  Set: 3 Way: 1 Address: 0x23755d0f6
  Set: 3 Way: 2 Address: 0x1b0f150ec
  Set: 3 Way: 3 Address: 0x20597e0c2
  Set: 4 Way: 0 Address: 0x3c56b3101
  Set: 4 Way: 1 Address: 0x23755d138
  Set: 4 Way: 2 Address: 0x20159813f
  Set: 4 Way: 3 Address: 0x1b0f15123
  Set: 4 Way: 4 Address: 0x34a87310d
  Set: 5 Way: 0 Address: 0x23755d14e
  Set: 5 Way: 1 Address: 0x201598145
  Set: 5 Way: 2 Address: 0x1b0f15150
  Set: 5 Way: 3 Address: 0x3c56b3150
  Set: 5 Way: 4 Address: 0x34a873144
  Set: 6 Way: 0 Address: 0x23755d1b3
  Set: 6 Way: 1 Address: 0x201598186
  Set: 6 Way: 2 Address: 0x3c56b3182
  Set: 6 Way: 3 Address: 0x1b0f151ad
  Set: 6 Way: 4 Address: 0x29484c190
  Set: 6 Way: 5 Address: 0x34a873190
  Set: 7 Way: 0 Address: 0x23755d1f8
  Set: 7 Way: 1 Address: 0x2015981e8
  Set: 7 Way: 2 Address: 0x3c56b31c8
  Set: 7 Way: 3 Address: 0x27d4c61d0
  Set: 7 Way: 4 Address: 0x29484c1f0
  Set: 7 Way: 5 Address: 0x1b0f151e0
  Set: 8 Way: 0 Address: 0x1f919e220
  Set: 8 Way: 1 Address: 0x29484c220
  Set: 8 Way: 2 Address: 0x23755d22e
  Set: 8 Way: 3 Address: 0x27d4c623e
  Set: 8 Way: 4 Address: 0x1b0f15208
  Set: 9 Way: 0 Address: 0x1f919e241
  Set: 9 Way: 1 Address: 0x29484c242
  Set: 9 Way: 2 Address: 0x23755d279
  Set: 9 Way: 3 Address: 0x201598248
  Set: 9 Way: 4 Address: 0x27d4c6242
  Set: 9 Way: 5 Address: 0x1b0f15258
  Set: 10 Way: 0 Address: 0x1f919e2b8
  Set: 10 Way: 1 Address: 0x29484c282
  Set: 10 Way: 2 Address: 0x23755d2ae
  Set: 10 Way: 3 Address: 0x20159828d
  Set: 10 Way: 4 Address: 0x1b0f15283
  Set: 11 Way: 0 Address: 0x1f919e2f0
  Set: 11 Way: 1 Address: 0x29484c2f5
  Set: 11 Way: 2 Address: 0x23755d2f1
  Set: 11 Way: 3 Address: 0x2015982ea
  Set: 11 Way: 4 Address: 0x3c56b32fc
  Set: 11 Way: 5 Address: 0x1b0f152c2
  Set: 12 Way: 0 Address: 0x1f919e303
  Set: 12 Way: 1 Address: 0x29484c338
  Set: 12 Way: 2 Address: 0x23755d303
  Set: 12 Way: 3 Address: 0x3c56b3304
  Set: 12 Way: 4 Address: 0x1add330
  Set: 12 Way: 5 Address: 0x1b0f1533a
  Set: 12 Way: 6 Address: 0x34a87333a
  Set: 13 Way: 0 Address: 0x1f919e360
  Set: 13 Way: 1 Address: 0x29484c340
  Set: 13 Way: 2 Address: 0x23755d342
  Set: 13 Way: 3 Address: 0x1add360
  Set: 13 Way: 4 Address: 0x1b0f15369
  Set: 13 Way: 5 Address: 0x34a873358
  Set: 14 Way: 0 Address: 0x1f919e383
  Set: 14 Way: 1 Address: 0x23755d383
  Set: 14 Way: 2 Address: 0x1b0f15380
  Set: 14 Way: 3 Address: 0x34a873390
  Set: 15 Way: 0 Address: 0x1f919e3c3
  Set: 15 Way: 1 Address: 0x23755d3f3
  Set: 15 Way: 2 Address: 0x1b0f153e2
  Set: 16 Way: 0 Address: 0x23755d43f
  Set: 16 Way: 1 Address: 0x1b0f15404
  Set: 16 Way: 2 Address: 0x29484c420
  Set: 16 Way: 3 Address: 0x1f919e408
  Set: 17 Way: 0 Address: 0x29484c459
  Set: 17 Way: 1 Address: 0x23755d445
  Set: 17 Way: 2 Address: 0x201598449
  Set: 17 Way: 3 Address: 0x1b0f15440
  Set: 18 Way: 0 Address: 0x29484c4b1
  Set: 18 Way: 1 Address: 0x23755d4b0
  Set: 18 Way: 2 Address: 0x2015984aa
  Set: 18 Way: 3 Address: 0x1b0f154b1
  Set: 19 Way: 0 Address: 0x2015984f6
  Set: 19 Way: 1 Address: 0x1b0f154c1
  Set: 20 Way: 0 Address: 0x16390f52c
  Set: 21 Way: 0 Address: 0x16390f540
  Set: 22 Way: 0 Address: 0x16390f5a9
  Set: 23 Way: 0 Address: 0x1b0f155e0
  Set: 24 Way: 0 Address: 0x1b0f15620
  Set: 28 Way: 0 Address: 0x201598713
  Set: 28 Way: 1 Address: 0x1b0f15731
  Set: 29 Way: 0 Address: 0x201598745
  Set: 29 Way: 1 Address: 0x1b0f15758
  Set: 30 Way: 0 Address: 0x201598782
  Set: 30 Way: 1 Address: 0x1b0f157b0
  Set: 31 Way: 0 Address: 0x2015987eb
  Set: 31 Way: 1 Address: 0x1b0f157fc
  Set: 32 Way: 0 Address: 0x201598822
  Set: 32 Way: 1 Address: 0x1b0f15802
  Set: 33 Way: 0 Address: 0x201598841
  Set: 33 Way: 1 Address: 0x1b0f1586b
  Set: 34 Way: 0 Address: 0x201598886
  Set: 34 Way: 1 Address: 0x1b0f158b3
  Set: 35 Way: 0 Address: 0x1b0f158e2
  Set: 36 Way: 0 Address: 0x2db79e930
  Set: 36 Way: 1 Address: 0x1b0f15926
  Set: 37 Way: 0 Address: 0x2db79e944
  Set: 37 Way: 1 Address: 0x1b0f15964
  Set: 38 Way: 0 Address: 0x2db79e9bf
  Set: 38 Way: 1 Address: 0x1b0f15980
  Set: 39 Way: 0 Address: 0x2db79e9f5
  Set: 39 Way: 1 Address: 0x1b0f159cf
  Set: 40 Way: 0 Address: 0x2db79ea3f
  Set: 40 Way: 1 Address: 0x201598a29
  Set: 40 Way: 2 Address: 0x1b0f15a33
  Set: 41 Way: 0 Address: 0x2db79ea51
  Set: 41 Way: 1 Address: 0x201598a47
  Set: 41 Way: 2 Address: 0x1b0f15a5e
  Set: 42 Way: 0 Address: 0x1995f2ab0
  Set: 42 Way: 1 Address: 0x201598aa0
  Set: 42 Way: 2 Address: 0x1b0f15a8d
  Set: 43 Way: 0 Address: 0x1995f2aee
  Set: 43 Way: 1 Address: 0xf6e81af0
  Set: 43 Way: 2 Address: 0x201598ac1
  Set: 43 Way: 3 Address: 0x1b0f15af3
  Set: 44 Way: 0 Address: 0x1995f2b29
  Set: 44 Way: 1 Address: 0xf6e81b03
  Set: 44 Way: 2 Address: 0x201598b03
  Set: 44 Way: 3 Address: 0x1b0f15b14
  Set: 45 Way: 0 Address: 0x1995f2b69
  Set: 45 Way: 1 Address: 0xf6e81b6b
  Set: 45 Way: 2 Address: 0x1b0f15b40
  Set: 45 Way: 3 Address: 0x201598b44
  Set: 45 Way: 4 Address: 0x20597eb70
  Set: 46 Way: 0 Address: 0x1995f2bb5
  Set: 46 Way: 1 Address: 0xf6e81b81
  Set: 46 Way: 2 Address: 0x1b0f15b86
  Set: 46 Way: 3 Address: 0x201598b80
  Set: 46 Way: 4 Address: 0x20597eba0
  Set: 47 Way: 0 Address: 0x1995f2bc5
  Set: 47 Way: 1 Address: 0xf6e81bc1
  Set: 47 Way: 2 Address: 0x2db79ebc0
  Set: 47 Way: 3 Address: 0x3232f3bf0
  Set: 47 Way: 4 Address: 0x1b0f15bc0
  Set: 47 Way: 5 Address: 0x201598bc3
  Set: 48 Way: 0 Address: 0xf6e81c00
  Set: 48 Way: 1 Address: 0x3232f3c28
  Set: 48 Way: 2 Address: 0x201598c03
  Set: 49 Way: 0 Address: 0xf6e81c45
  Set: 49 Way: 1 Address: 0x3232f3c40
  Set: 49 Way: 2 Address: 0x20597ec58
  Set: 49 Way: 3 Address: 0x201598c45
  Set: 50 Way: 0 Address: 0x201598c90
  Set: 50 Way: 1 Address: 0x3232f3c82
  Set: 51 Way: 0 Address: 0x201598cdb
  Set: 51 Way: 1 Address: 0x3232f3cde
  Set: 52 Way: 0 Address: 0x201598d10
  Set: 52 Way: 1 Address: 0x2db79ed30
  Set: 53 Way: 0 Address: 0xf6e81d46
  Set: 53 Way: 1 Address: 0x201598d68
  Set: 53 Way: 2 Address: 0x2db79ed40
  Set: 54 Way: 0 Address: 0xf6e81d82
  Set: 54 Way: 1 Address: 0x201598dab
  Set: 54 Way: 2 Address: 0x2db79ed82
  Set: 55 Way: 0 Address: 0xf6e81de6
  Set: 55 Way: 1 Address: 0x201598dc2
  Set: 55 Way: 2 Address: 0x1b0f15df0
  Set: 55 Way: 3 Address: 0x2db79edf0
  Set: 56 Way: 0 Address: 0xf6e81e00
  Set: 56 Way: 1 Address: 0x201598e00
  Set: 56 Way: 2 Address: 0x1b0f15e01
  Set: 56 Way: 3 Address: 0x2db79ee22
  Set: 57 Way: 0 Address: 0xf6e81e45
  Set: 57 Way: 1 Address: 0x1b0f15e40
  Set: 57 Way: 2 Address: 0x2db79ee50
  Set: 58 Way: 0 Address: 0x1b0f15e81
  Set: 58 Way: 1 Address: 0x2db79ee80
  Set: 59 Way: 0 Address: 0x1b0f15ee7
  Set: 59 Way: 1 Address: 0x2db79eee2
  Set: 60 Way: 0 Address: 0x201598f20
  Set: 60 Way: 1 Address: 0x1b0f15f31
  Set: 60 Way: 2 Address: 0x2db79ef29
  Set: 61 Way: 0 Address: 0xf6e81f40
  Set: 61 Way: 1 Address: 0x201598f41
  Set: 61 Way: 2 Address: 0x1b0f15f40
  Set: 61 Way: 3 Address: 0x2db79ef44
  Set: 62 Way: 0 Address: 0x201598fb3
  Set: 62 Way: 1 Address: 0x1b0f15fb2
  Set: 62 Way: 2 Address: 0x2db79ef80
  Set: 63 Way: 0 Address: 0x1995f2fc7
  Set: 63 Way: 1 Address: 0xf6e81ff0
  Set: 63 Way: 2 Address: 0x201598fc4
  Set: 63 Way: 3 Address: 0x1b0f15fc7
  Set: 63 Way: 4 Address: 0x2db79efd8
EndCache
Cache: cpu0_L1D
  Set: 0 Way: 0 Address: 0xdf85c000
  Set: 0 Way: 1 Address: 0x28b67e000
  Set: 0 Way: 2 Address: 0x229b9a000
  Set: 0 Way: 3 Address: 0x195f15010
  Set: 0 Way: 4 Address: 0x309887038
  Set: 0 Way: 5 Address: 0x6d0c2030
  Set: 0 Way: 6 Address: 0x12c6fc038
  Set: 0 Way: 7 Address: 0x276ff7000
  Set: 0 Way: 8 Address: 0x84896018
  Set: 0 Way: 9 Address: 0x2a4841030
  Set: 0 Way: 10 Address: 0x5588d028
  Set: 1 Way: 0 Address: 0x5588d040
  Set: 1 Way: 1 Address: 0x2a4841040
  Set: 1 Way: 2 Address: 0xc7078070
  Set: 2 Way: 0 Address: 0x3de4d4090
  Set: 2 Way: 1 Address: 0xb8004088
  Set: 2 Way: 2 Address: 0xc70780b8
  Set: 2 Way: 3 Address: 0x2a48410b0
  Set: 3 Way: 0 Address: 0xc70780d0
  Set: 3 Way: 1 Address: 0x2a48410e8
  Set: 4 Way: 0 Address: 0x292959128
  Set: 4 Way: 1 Address: 0x309887128
  Set: 4 Way: 2 Address: 0x2a4841138
  Set: 5 Way: 0 Address: 0x113201178
  Set: 5 Way: 1 Address: 0x223eda168
  Set: 5 Way: 2 Address: 0x397bb4170
  Set: 5 Way: 3 Address: 0x1c84e2160
  Set: 5 Way: 4 Address: 0x129934158
  Set: 5 Way: 5 Address: 0x292959158
  Set: 5 Way: 6 Address: 0x2a4841178
  Set: 6 Way: 0 Address: 0x14bb10180
  Set: 6 Way: 1 Address: 0x2177f0180
  Set: 6 Way: 2 Address: 0xc70781b8
  Set: 6 Way: 3 Address: 0x3b377b188
  Set: 6 Way: 4 Address: 0x3bdd78188
  Set: 6 Way: 5 Address: 0x2a4841188
  Set: 6 Way: 6 Address: 0xcf83b190
  Set: 6 Way: 7 Address: 0x2c8749190
  Set: 7 Way: 0 Address: 0xc70781d0
  Set: 7 Way: 1 Address: 0x2a48411f8
  Set: 8 Way: 0 Address: 0xc7078210
  Set: 8 Way: 1 Address: 0x2a4841230
  Set: 9 Way: 0 Address: 0xc7078270
  Set: 9 Way: 1 Address: 0x2b2e93278
  Set: 9 Way: 2 Address: 0x2a4841258
  Set: 10 Way: 0 Address: 0x2a48412a8
  Set: 10 Way: 1 Address: 0xc7078280
  Set: 10 Way: 2 Address: 0x354d352b8
  Set: 10 Way: 3 Address: 0x2b2e932b8
  Set: 11 Way: 0 Address: 0x2a48412d8
  Set: 11 Way: 1 Address: 0x354d352c8
  Set: 11 Way: 2 Address: 0x2b2e932f8
  Set: 11 Way: 3 Address: 0x1064c22e8
  Set: 12 Way: 0 Address: 0x2a4841300
  Set: 12 Way: 1 Address: 0x143ef318
  Set: 12 Way: 2 Address: 0x2b2e93310
  Set: 12 Way: 3 Address: 0x3bdd78308
  Set: 12 Way: 4 Address: 0x2c9898308
  Set: 13 Way: 0 Address: 0x2a4841358
  Set: 13 Way: 1 Address: 0xb8004370
  Set: 13 Way: 2 Address: 0xc7078378
  Set: 13 Way: 3 Address: 0xee86f360
  Set: 13 Way: 4 Address: 0x1064c2340
  Set: 14 Way: 0 Address: 0x2a48413a0
  Set: 14 Way: 1 Address: 0xc707838c
  Set: 14 Way: 2 Address: 0xb80043a0
  Set: 14 Way: 3 Address: 0xc0d9b388
  Set: 14 Way: 4 Address: 0x23756f388
  Set: 14 Way: 5 Address: 0x312099390
  Set: 14 Way: 6 Address: 0xcf83b390
  Set: 14 Way: 7 Address: 0x1064c2388
  Set: 15 Way: 0 Address: 0x2a48413e0
  Set: 15 Way: 1 Address: 0xc70783f0
  Set: 15 Way: 2 Address: 0x1064c23e0
  Set: 16 Way: 0 Address: 0xc7078428
  Set: 16 Way: 1 Address: 0x3734ee410
  Set: 16 Way: 2 Address: 0x2a4841428
  Set: 17 Way: 0 Address: 0xc7078450
  Set: 17 Way: 1 Address: 0x38e35c440
  Set: 17 Way: 2 Address: 0x3734ee448
  Set: 17 Way: 3 Address: 0x2a4841440
  Set: 18 Way: 0 Address: 0xc70784a0
  Set: 18 Way: 1 Address: 0x3d87a64b0
  Set: 18 Way: 2 Address: 0x2a48414a0
  Set: 19 Way: 0 Address: 0xc70784f0
  Set: 19 Way: 1 Address: 0x3d87a64f0
  Set: 19 Way: 2 Address: 0x2a48414c0
  Set: 20 Way: 0 Address: 0xc7078500
  Set: 20 Way: 1 Address: 0x2a4841528
  Set: 21 Way: 0 Address: 0x2a4841540
  Set: 21 Way: 1 Address: 0x181c81550
  Set: 22 Way: 0 Address: 0x2a48415b8
  Set: 22 Way: 1 Address: 0x3734ee5a0
  Set: 23 Way: 0 Address: 0x3734ee5f8
  Set: 23 Way: 1 Address: 0x2a48415c0
  Set: 24 Way: 0 Address: 0x2a4841638
  Set: 24 Way: 1 Address: 0x181c81610
  Set: 24 Way: 2 Address: 0x3734ee638
  Set: 25 Way: 0 Address: 0x133c92650
  Set: 25 Way: 1 Address: 0x2a4841668
  Set: 25 Way: 2 Address: 0x3734ee678
  Set: 26 Way: 0 Address: 0x2a48416b0
  Set: 26 Way: 1 Address: 0x1c84e2680
  Set: 26 Way: 2 Address: 0x1aafb8680
  Set: 26 Way: 3 Address: 0x133c92680
  Set: 26 Way: 4 Address: 0x1ab44698
  Set: 26 Way: 5 Address: 0x1c084e698
  Set: 26 Way: 6 Address: 0x181c816b0
  Set: 26 Way: 7 Address: 0x3734ee6a8
  Set: 27 Way: 0 Address: 0x2a48416f8
  Set: 27 Way: 1 Address: 0x133c926f0
  Set: 28 Way: 0 Address: 0x2a4841730
  Set: 28 Way: 1 Address: 0x276ff7708
  Set: 28 Way: 2 Address: 0x1ab44708
  Set: 28 Way: 3 Address: 0x133c92700
  Set: 28 Way: 4 Address: 0x3734ee700
  Set: 29 Way: 0 Address: 0x2a4841750
  Set: 29 Way: 1 Address: 0x1c84e2778
  Set: 29 Way: 2 Address: 0x129934778
  Set: 29 Way: 3 Address: 0x1c084e758
  Set: 29 Way: 4 Address: 0x14bb10758
  Set: 29 Way: 5 Address: 0x3734ee740
  Set: 30 Way: 0 Address: 0x2a4841780
  Set: 30 Way: 1 Address: 0x2177f0790
  Set: 30 Way: 2 Address: 0x3b377b790
  Set: 30 Way: 3 Address: 0xbeea7788
  Set: 30 Way: 4 Address: 0x2c9898798
  Set: 30 Way: 5 Address: 0xc0d9b798
  Set: 30 Way: 6 Address: 0x3734ee798
  Set: 31 Way: 0 Address: 0x28b67e7f8
  Set: 31 Way: 1 Address: 0x263c137f8
  Set: 31 Way: 2 Address: 0x2a48417c0
  Set: 31 Way: 3 Address: 0x2ee3697f0
  Set: 31 Way: 4 Address: 0x6e6207e0
  Set: 31 Way: 5 Address: 0x23756f7f0
  Set: 31 Way: 6 Address: 0x3120997f0
  Set: 31 Way: 7 Address: 0x3734ee7e8
  Set: 32 Way: 0 Address: 0x2a4841838
  Set: 32 Way: 1 Address: 0x22272f820
  Set: 32 Way: 2 Address: 0x3734ee800
  Set: 33 Way: 0 Address: 0x3734ee848
  Set: 33 Way: 1 Address: 0x2a4841860
  Set: 33 Way: 2 Address: 0x22272f848
  Set: 34 Way: 0 Address: 0x2a4841890
  Set: 34 Way: 1 Address: 0x22272f880
  Set: 35 Way: 0 Address: 0x2a48418d0
  Set: 36 Way: 0 Address: 0x3c1074910
  Set: 36 Way: 1 Address: 0x2a4841930
  Set: 37 Way: 0 Address: 0x211d16940
  Set: 37 Way: 1 Address: 0x257713948
  Set: 37 Way: 2 Address: 0x2a4841970
  Set: 38 Way: 0 Address: 0x2a4841980
  Set: 38 Way: 1 Address: 0x3b08039b8
  Set: 39 Way: 0 Address: 0x6e6209c0
  Set: 39 Way: 1 Address: 0x2a48419f8
  Set: 39 Way: 2 Address: 0x3b08039e8
  Set: 40 Way: 0 Address: 0x22272fa20
  Set: 40 Way: 1 Address: 0x2a4841a20
  Set: 40 Way: 2 Address: 0x3b0803a38
  Set: 41 Way: 0 Address: 0x3b0803a78
  Set: 41 Way: 1 Address: 0x2a4841a70
  Set: 42 Way: 0 Address: 0x3b0803aa0
  Set: 42 Way: 1 Address: 0x2a4841ab0
  Set: 43 Way: 0 Address: 0x3b0803af8
  Set: 43 Way: 1 Address: 0x2a4841ac0
  Set: 44 Way: 0 Address: 0x2a4841b30
  Set: 44 Way: 1 Address: 0x3b0803b28
  Set: 45 Way: 0 Address: 0x2a4841b70
  Set: 45 Way: 1 Address: 0x3b0803b58
  Set: 46 Way: 0 Address: 0x2a4841b80
  Set: 46 Way: 1 Address: 0x22272fb80
  Set: 46 Way: 2 Address: 0x3b0803b88
  Set: 47 Way: 0 Address: 0x3b0803bc0
  Set: 47 Way: 1 Address: 0x2a4841bf0
  Set: 48 Way: 0 Address: 0x2a4841c30
  Set: 48 Way: 1 Address: 0x3b0803c30
  Set: 49 Way: 0 Address: 0x3dae66c68
  Set: 49 Way: 1 Address: 0x3734eec68
  Set: 49 Way: 2 Address: 0x3b0803c70
  Set: 50 Way: 0 Address: 0x22272fca8
  Set: 50 Way: 1 Address: 0x2a4841c80
  Set: 50 Way: 2 Address: 0x3b0803c80
  Set: 51 Way: 0 Address: 0x3b0803cf0
  Set: 51 Way: 1 Address: 0x2a4841ce8
  Set: 52 Way: 0 Address: 0x3b0803d38
  Set: 52 Way: 1 Address: 0x22272fd00
  Set: 53 Way: 0 Address: 0x22272fd48
  Set: 53 Way: 1 Address: 0x3b0803d40
  Set: 54 Way: 0 Address: 0x9cff2da0
  Set: 54 Way: 1 Address: 0x43736da8
  Set: 54 Way: 2 Address: 0x342b40d98
  Set: 54 Way: 3 Address: 0x3b0803d80
  Set: 54 Way: 4 Address: 0x22272fda0
  Set: 55 Way: 0 Address: 0x2a4841df8
  Set: 55 Way: 1 Address: 0x3b0803dc0
  Set: 56 Way: 0 Address: 0x2a4841e38
  Set: 56 Way: 1 Address: 0x3b0803e38
  Set: 57 Way: 0 Address: 0x2a4841e78
  Set: 57 Way: 1 Address: 0x3b0803e78
  Set: 58 Way: 0 Address: 0x2a4841eb8
  Set: 58 Way: 1 Address: 0x3b0803e88
  Set: 59 Way: 0 Address: 0x2a4841ed8
  Set: 59 Way: 1 Address: 0x3b0803ef8
  Set: 60 Way: 0 Address: 0x3b0803f38
  Set: 60 Way: 1 Address: 0x2a4841f20
  Set: 61 Way: 0 Address: 0x3b0803f68
  Set: 61 Way: 1 Address: 0x2a4841f48
  Set: 62 Way: 0 Address: 0x3b0803f80
  Set: 62 Way: 1 Address: 0x2a4841f80
  Set: 63 Way: 0 Address: 0x1d89dafe8
  Set: 63 Way: 1 Address: 0x394edbfc8
  Set: 63 Way: 2 Address: 0x3b0803fe0
EndCache
Cache: cpu0_ITLB
  Set: 0 Way: 0 Address: 0x400360
  Set: 0 Way: 1 Address: 0x430a3f
  Set: 1 Way: 0 Address: 0x431060
  Set: 1 Way: 1 Address: 0x461c28
  Set: 1 Way: 2 Address: 0x4711d0
  Set: 2 Way: 0 Address: 0x472030
  Set: 2 Way: 1 Address: 0x43233a
  Set: 5 Way: 0 Address: 0x42552c
  Set: 6 Way: 0 Address: 0x406fc7
  Set: 7 Way: 0 Address: 0x407138
  Set: 11 Way: 0 Address: 0x42bde6
  Set: 12 Way: 0 Address: 0x42cc90
  Set: 13 Way: 0 Address: 0x42d0fb
  Set: 14 Way: 0 Address: 0x42e242
  Set: 15 Way: 0 Address: 0x42f2f0
EndCache
Cache: cpu0_DTLB
  Set: 0 Way: 0 Address: 0x4d0088
  Set: 1 Way: 0 Address: 0x4e1680
  Set: 2 Way: 0 Address: 0x7f18f1b222c0
  Set: 2 Way: 1 Address: 0x4f2788
  Set: 3 Way: 0 Address: 0x4d39c0
  Set: 3 Way: 1 Address: 0x4f32e8
  Set: 3 Way: 2 Address: 0x7fff425b3fd0
  Set: 4 Way: 0 Address: 0x7fff425b4750
  Set: 5 Way: 0 Address: 0x7fff425b51d0
  Set: 8 Way: 0 Address: 0x728040
  Set: 9 Way: 0 Address: 0x7f1b111f9268
  Set: 9 Way: 1 Address: 0x7294b0
  Set: 11 Way: 0 Address: 0x4eb820
  Set: 14 Way: 0 Address: 0x4fe6b0
  Set: 15 Way: 0 Address: 0x4ef848
EndCache
Cache: LLC
  Set: 31 Way: 0 Address: 0x6e6207e0
  Set: 39 Way: 0 Address: 0x6e6209c0
  Set: 54 Way: 0 Address: 0x342b40d98
  Set: 64 Way: 0 Address: 0x2a4841030
  Set: 65 Way: 0 Address: 0x2a4841040
  Set: 66 Way: 0 Address: 0x2a48410b0
  Set: 67 Way: 0 Address: 0x2a48410e0
  Set: 68 Way: 0 Address: 0x2a4841130
  Set: 69 Way: 0 Address: 0x113201178
  Set: 69 Way: 1 Address: 0x2a4841168
  Set: 70 Way: 0 Address: 0x2a4841198
  Set: 71 Way: 0 Address: 0x2a48411e8
  Set: 72 Way: 0 Address: 0x2a4841200
  Set: 73 Way: 0 Address: 0x2a4841278
  Set: 74 Way: 0 Address: 0x2a4841288
  Set: 75 Way: 0 Address: 0x2a48412f8
  Set: 76 Way: 0 Address: 0x2a4841338
  Set: 77 Way: 0 Address: 0x2a4841378
  Set: 78 Way: 0 Address: 0x2a48413b8
  Set: 79 Way: 0 Address: 0x2a48413e0
  Set: 80 Way: 0 Address: 0x2a4841400
  Set: 81 Way: 0 Address: 0x2a4841440
  Set: 82 Way: 0 Address: 0x2a4841480
  Set: 83 Way: 0 Address: 0x2a48414f8
  Set: 84 Way: 0 Address: 0x2a4841538
  Set: 85 Way: 0 Address: 0x2a4841558
  Set: 85 Way: 1 Address: 0x181c81550
  Set: 86 Way: 0 Address: 0x2a4841580
  Set: 87 Way: 0 Address: 0x2a48415d0
  Set: 88 Way: 0 Address: 0x2a4841600
  Set: 88 Way: 1 Address: 0x181c81610
  Set: 89 Way: 0 Address: 0x2a4841640
  Set: 90 Way: 0 Address: 0x2a48416b0
  Set: 90 Way: 1 Address: 0x181c816b0
  Set: 91 Way: 0 Address: 0x2a48416f8
  Set: 92 Way: 0 Address: 0x2a4841700
  Set: 93 Way: 0 Address: 0x2a4841778
  Set: 94 Way: 0 Address: 0x2a4841790
  Set: 95 Way: 0 Address: 0x2a48417d0
  Set: 96 Way: 0 Address: 0x2a4841808
  Set: 97 Way: 0 Address: 0x2a4841860
  Set: 98 Way: 0 Address: 0x2a4841898
  Set: 99 Way: 0 Address: 0x2a48418c0
  Set: 100 Way: 0 Address: 0x2a4841900
  Set: 101 Way: 0 Address: 0x2a4841970
  Set: 102 Way: 0 Address: 0x2a4841990
  Set: 103 Way: 0 Address: 0x2a48419e8
  Set: 104 Way: 0 Address: 0x2a4841a00
  Set: 105 Way: 0 Address: 0x2a4841a40
  Set: 106 Way: 0 Address: 0x2a4841ab0
  Set: 107 Way: 0 Address: 0xf6e81af0
  Set: 107 Way: 1 Address: 0x2a4841ae0
  Set: 108 Way: 0 Address: 0xf6e81b03
  Set: 108 Way: 1 Address: 0x2a4841b38
  Set: 109 Way: 0 Address: 0xf6e81b42
  Set: 109 Way: 1 Address: 0x2a4841b40
  Set: 110 Way: 0 Address: 0xf6e81b81
  Set: 110 Way: 1 Address: 0x2a4841b80
  Set: 111 Way: 0 Address: 0xf6e81bc1
  Set: 111 Way: 1 Address: 0x2a4841bc0
  Set: 112 Way: 0 Address: 0xf6e81c00
  Set: 112 Way: 1 Address: 0x2a4841c30
  Set: 113 Way: 0 Address: 0xf6e81c45
  Set: 114 Way: 0 Address: 0x2a4841cb8
  Set: 115 Way: 0 Address: 0x2a4841ce0
  Set: 117 Way: 0 Address: 0xf6e81d46
  Set: 118 Way: 0 Address: 0xf6e81d82
  Set: 119 Way: 0 Address: 0x2a4841dd0
  Set: 119 Way: 1 Address: 0xf6e81de6
  Set: 120 Way: 0 Address: 0x2a4841e00
  Set: 120 Way: 1 Address: 0xf6e81e00
  Set: 121 Way: 0 Address: 0x2a4841e40
  Set: 121 Way: 1 Address: 0xf6e81e45
  Set: 122 Way: 0 Address: 0x2a4841e80
  Set: 123 Way: 0 Address: 0x2a4841ec0
  Set: 124 Way: 0 Address: 0x2a4841f20
  Set: 125 Way: 0 Address: 0xf6e81f40
  Set: 125 Way: 1 Address: 0x2a4841f78
  Set: 126 Way: 0 Address: 0x2a4841f80
  Set: 127 Way: 0 Address: 0xf6e81ff0
  Set: 128 Way: 0 Address: 0x6d0c2030
  Set: 133 Way: 0 Address: 0x1c84e2160
  Set: 139 Way: 0 Address: 0x1064c22e8
  Set: 141 Way: 0 Address: 0x1064c2340
  Set: 142 Way: 0 Address: 0x1064c2388
  Set: 143 Way: 0 Address: 0x1064c23e0
  Set: 154 Way: 0 Address: 0x1c84e2680
  Set: 157 Way: 0 Address: 0x1c84e2778
  Set: 230 Way: 0 Address: 0x3b08039a8
  Set: 231 Way: 0 Address: 0x3b08039e8
  Set: 232 Way: 0 Address: 0x3b0803a38
  Set: 233 Way: 0 Address: 0x3b0803a78
  Set: 234 Way: 0 Address: 0x3b0803a88
  Set: 235 Way: 0 Address: 0x3b0803af8
  Set: 236 Way: 0 Address: 0x3b0803b38
  Set: 237 Way: 0 Address: 0x3b0803b40
  Set: 238 Way: 0 Address: 0x3b0803b88
  Set: 239 Way: 0 Address: 0x3b0803bd0
  Set: 240 Way: 0 Address: 0x3b0803c00
  Set: 241 Way: 0 Address: 0x3b0803c70
  Set: 242 Way: 0 Address: 0x3b0803c80
  Set: 243 Way: 0 Address: 0x3b0803ce0
  Set: 244 Way: 0 Address: 0x3b0803d00
  Set: 245 Way: 0 Address: 0x3b0803d40
  Set: 246 Way: 0 Address: 0x3b0803db8
  Set: 247 Way: 0 Address: 0x3b0803dd8
  Set: 248 Way: 0 Address: 0x3b0803e30
  Set: 249 Way: 0 Address: 0x3b0803e40
  Set: 250 Way: 0 Address: 0x3b0803e80
  Set: 251 Way: 0 Address: 0x3b0803ef8
  Set: 252 Way: 0 Address: 0x3b0803f28
  Set: 253 Way: 0 Address: 0x3b0803f78
  Set: 254 Way: 0 Address: 0x3b0803fb8
  Set: 255 Way: 0 Address: 0x3b0803fd0
  Set: 258 Way: 0 Address: 0xb8004088
  Set: 269 Way: 0 Address: 0xb8004370
  Set: 270 Way: 0 Address: 0xb80043a0
  Set: 282 Way: 0 Address: 0x1ab44698
  Set: 284 Way: 0 Address: 0x1ab44708
  Set: 391 Way: 0 Address: 0x27d4c61d0
  Set: 392 Way: 0 Address: 0x27d4c6210
  Set: 393 Way: 0 Address: 0x27d4c6242
  Set: 394 Way: 0 Address: 0x27d4c6280
  Set: 402 Way: 0 Address: 0x3d87a64b0
  Set: 403 Way: 0 Address: 0x3d87a64f0
  Set: 404 Way: 0 Address: 0x3d87a6500
  Set: 433 Way: 0 Address: 0x3dae66c68
  Set: 448 Way: 0 Address: 0x309887030
  Set: 452 Way: 0 Address: 0x309887128
  Set: 478 Way: 0 Address: 0xbeea7780
  Set: 582 Way: 0 Address: 0x2c8749190
  Set: 607 Way: 0 Address: 0x2ee3697f0
  Set: 774 Way: 0 Address: 0x29484c190
  Set: 775 Way: 0 Address: 0x29484c1f0
  Set: 776 Way: 0 Address: 0x29484c220
  Set: 777 Way: 0 Address: 0x29484c242
  Set: 778 Way: 0 Address: 0x29484c282
  Set: 779 Way: 0 Address: 0x29484c2c3
  Set: 780 Way: 0 Address: 0x29484c301
  Set: 781 Way: 0 Address: 0x29484c340
  Set: 784 Way: 0 Address: 0x29484c420
  Set: 785 Way: 0 Address: 0x29484c459
  Set: 786 Way: 0 Address: 0x29484c4b1
  Set: 832 Way: 0 Address: 0x5588d028
  Set: 833 Way: 0 Address: 0x5588d040
  Set: 912 Way: 0 Address: 0x3734ee400
  Set: 913 Way: 0 Address: 0x3734ee448
  Set: 918 Way: 0 Address: 0x3734ee5a0
  Set: 919 Way: 0 Address: 0x3734ee5f8
  Set: 920 Way: 0 Address: 0x3734ee638
  Set: 921 Way: 0 Address: 0x3734ee678
  Set: 922 Way: 0 Address: 0x1c084e698
  Set: 922 Way: 1 Address: 0x3734ee6a8
  Set: 924 Way: 0 Address: 0x3734ee708
  Set: 925 Way: 0 Address: 0x1c084e758
  Set: 925 Way: 1 Address: 0x3734ee758
  Set: 926 Way: 0 Address: 0x3734ee7b8
  Set: 927 Way: 0 Address: 0x3734ee7f8
  Set: 928 Way: 0 Address: 0x3734ee800
  Set: 929 Way: 0 Address: 0x3734ee848
  Set: 945 Way: 0 Address: 0x3734eec68
  Set: 972 Way: 0 Address: 0x143ef318
  Set: 973 Way: 0 Address: 0xee86f360
  Set: 974 Way: 0 Address: 0x23756f388
  Set: 980 Way: 0 Address: 0x16390f52c
  Set: 981 Way: 0 Address: 0x16390f540
  Set: 982 Way: 0 Address: 0x16390f5a9
  Set: 991 Way: 0 Address: 0x23756f7f0
  Set: 992 Way: 0 Address: 0x22272f820
  Set: 993 Way: 0 Address: 0x22272f848
  Set: 994 Way: 0 Address: 0x22272f880
  Set: 1000 Way: 0 Address: 0x22272fa20
  Set: 1006 Way: 0 Address: 0x22272fb80
  Set: 1010 Way: 0 Address: 0x22272fca8
  Set: 1012 Way: 0 Address: 0x22272fd00
  Set: 1013 Way: 0 Address: 0x22272fd48
  Set: 1014 Way: 0 Address: 0x22272fda0
  Set: 1030 Way: 0 Address: 0x14bb10180
  Set: 1030 Way: 1 Address: 0x2177f0180
  Set: 1053 Way: 0 Address: 0x14bb10758
  Set: 1054 Way: 0 Address: 0x2177f0790
  Set: 1177 Way: 0 Address: 0x133c92650
  Set: 1178 Way: 0 Address: 0x133c92680
  Set: 1179 Way: 0 Address: 0x133c926f0
  Set: 1180 Way: 0 Address: 0x133c92700
  Set: 1181 Way: 0 Address: 0x133c92740
  Set: 1194 Way: 0 Address: 0x1995f2ab0
  Set: 1195 Way: 0 Address: 0x1995f2ac1
  Set: 1196 Way: 0 Address: 0x1995f2b00
  Set: 1197 Way: 0 Address: 0x1995f2b40
  Set: 1198 Way: 0 Address: 0x1995f2b83
  Set: 1199 Way: 0 Address: 0x1995f2bc5
  Set: 1200 Way: 0 Address: 0x1995f2c00
  Set: 1206 Way: 0 Address: 0x9cff2da0
  Set: 1215 Way: 0 Address: 0x1995f2fc7
  Set: 1216 Way: 0 Address: 0x3c56b3007
  Set: 1217 Way: 0 Address: 0x3c56b3042
  Set: 1218 Way: 0 Address: 0x3c56b3080
  Set: 1219 Way: 0 Address: 0x3c56b30fb
  Set: 1220 Way: 0 Address: 0x3c56b3101
  Set: 1220 Way: 1 Address: 0x34a87310d
  Set: 1221 Way: 0 Address: 0x3c56b3150
  Set: 1221 Way: 1 Address: 0x34a873144
  Set: 1222 Way: 0 Address: 0x3c56b3180
  Set: 1222 Way: 1 Address: 0x34a873190
  Set: 1223 Way: 0 Address: 0x3c56b31c8
  Set: 1224 Way: 0 Address: 0x3c56b3200
  Set: 1225 Way: 0 Address: 0x2b2e93250
  Set: 1226 Way: 0 Address: 0x2b2e93280
  Set: 1227 Way: 0 Address: 0x2b2e932c0
  Set: 1227 Way: 1 Address: 0x3c56b32fc
  Set: 1228 Way: 0 Address: 0x2b2e93300
  Set: 1228 Way: 1 Address: 0x3c56b3304
  Set: 1228 Way: 2 Address: 0x34a87333a
  Set: 1229 Way: 0 Address: 0x34a873358
  Set: 1230 Way: 0 Address: 0x34a873390
  Set: 1231 Way: 0 Address: 0x34a8733c0
  Set: 1247 Way: 0 Address: 0x263c137f8
  Set: 1253 Way: 0 Address: 0x257713948
  Set: 1263 Way: 0 Address: 0x3232f3bf0
  Set: 1264 Way: 0 Address: 0x3232f3c02
  Set: 1265 Way: 0 Address: 0x3232f3c40
  Set: 1266 Way: 0 Address: 0x3232f3c82
  Set: 1267 Way: 0 Address: 0x3232f3cc0
  Set: 1268 Way: 0 Address: 0x3232f3d00
  Set: 1282 Way: 0 Address: 0x3de4d4090
  Set: 1285 Way: 0 Address: 0x397bb4170
  Set: 1285 Way: 1 Address: 0x129934158
  Set: 1309 Way: 0 Address: 0x129934778
  Set: 1316 Way: 0 Address: 0x3c1074910
  Set: 1344 Way: 0 Address: 0x195f15010
  Set: 1344 Way: 1 Address: 0x1b0f1500d
  Set: 1345 Way: 0 Address: 0x1b0f15060
  Set: 1346 Way: 0 Address: 0x1b0f15085
  Set: 1347 Way: 0 Address: 0x1b0f150c1
  Set: 1348 Way: 0 Address: 0x1b0f15102
  Set: 1349 Way: 0 Address: 0x1b0f15150
  Set: 1350 Way: 0 Address: 0x1b0f15190
  Set: 1351 Way: 0 Address: 0x1b0f151e0
  Set: 1352 Way: 0 Address: 0x1b0f15208
  Set: 1353 Way: 0 Address: 0x1b0f15240
  Set: 1354 Way: 0 Address: 0x354d352b0
  Set: 1354 Way: 1 Address: 0x1b0f15283
  Set: 1355 Way: 0 Address: 0x354d352c0
  Set: 1355 Way: 1 Address: 0x1b0f152c2
  Set: 1356 Way: 0 Address: 0x354d35300
  Set: 1356 Way: 1 Address: 0x1b0f1533a
  Set: 1357 Way: 0 Address: 0x1b0f15341
  Set: 1358 Way: 0 Address: 0x1b0f15380
  Set: 1359 Way: 0 Address: 0x1b0f153c2
  Set: 1360 Way: 0 Address: 0x1b0f15404
  Set: 1361 Way: 0 Address: 0x1b0f15440
  Set: 1362 Way: 0 Address: 0x1b0f15490
  Set: 1363 Way: 0 Address: 0x1b0f154c1
  Set: 1367 Way: 0 Address: 0x1b0f155e0
  Set: 1368 Way: 0 Address: 0x1b0f15600
  Set: 1372 Way: 0 Address: 0x1b0f15731
  Set: 1373 Way: 0 Address: 0x1b0f15758
  Set: 1374 Way: 0 Address: 0x1b0f157b0
  Set: 1375 Way: 0 Address: 0x1b0f157c1
  Set: 1376 Way: 0 Address: 0x1b0f15802
  Set: 1377 Way: 0 Address: 0x1b0f15841
  Set: 1378 Way: 0 Address: 0x1b0f15880
  Set: 1379 Way: 0 Address: 0x1b0f158c3
  Set: 1380 Way: 0 Address: 0x1b0f15901
  Set: 1381 Way: 0 Address: 0x1b0f15964
  Set: 1382 Way: 0 Address: 0x1b0f15980
  Set: 1383 Way: 0 Address: 0x1b0f159cf
  Set: 1384 Way: 0 Address: 0x1b0f15a05
  Set: 1385 Way: 0 Address: 0x1b0f15a5e
  Set: 1386 Way: 0 Address: 0x1b0f15a8d
  Set: 1387 Way: 0 Address: 0x1b0f15af3
  Set: 1388 Way: 0 Address: 0x1b0f15b14
  Set: 1389 Way: 0 Address: 0x1b0f15b40
  Set: 1390 Way: 0 Address: 0x1b0f15b86
  Set: 1391 Way: 0 Address: 0x1b0f15bc0
  Set: 1399 Way: 0 Address: 0x1b0f15df0
  Set: 1400 Way: 0 Address: 0x1b0f15e01
  Set: 1401 Way: 0 Address: 0x1b0f15e40
  Set: 1402 Way: 0 Address: 0x1b0f15e81
  Set: 1403 Way: 0 Address: 0x1b0f15ee7
  Set: 1404 Way: 0 Address: 0x1b0f15f02
  Set: 1405 Way: 0 Address: 0x1b0f15f40
  Set: 1406 Way: 0 Address: 0x1b0f15f86
  Set: 1407 Way: 0 Address: 0x1b0f15fc0
  Set: 1408 Way: 0 Address: 0x84896018
  Set: 1445 Way: 0 Address: 0x211d16940
  Set: 1462 Way: 0 Address: 0x43736da8
  Set: 1472 Way: 0 Address: 0x276ff7000
  Set: 1500 Way: 0 Address: 0x276ff7708
  Set: 1537 Way: 0 Address: 0xc7078070
  Set: 1538 Way: 0 Address: 0x201598098
  Set: 1538 Way: 1 Address: 0xc70780b8
  Set: 1539 Way: 0 Address: 0xc70780d0
  Set: 1540 Way: 0 Address: 0x201598100
  Set: 1541 Way: 0 Address: 0x201598145
  Set: 1542 Way: 0 Address: 0x201598186
  Set: 1542 Way: 1 Address: 0xc70781b8
  Set: 1542 Way: 2 Address: 0x3bdd78188
  Set: 1543 Way: 0 Address: 0xc70781d0
  Set: 1543 Way: 1 Address: 0x2015981e8
  Set: 1544 Way: 0 Address: 0xc7078210
  Set: 1545 Way: 0 Address: 0xc7078260
  Set: 1545 Way: 1 Address: 0x201598248
  Set: 1546 Way: 0 Address: 0xc7078280
  Set: 1546 Way: 1 Address: 0x20159828d
  Set: 1547 Way: 0 Address: 0x2015982c1
  Set: 1548 Way: 0 Address: 0x3bdd78308
  Set: 1548 Way: 1 Address: 0x2c9898308
  Set: 1549 Way: 0 Address: 0xc7078378
  Set: 1550 Way: 0 Address: 0xc707838c
  Set: 1551 Way: 0 Address: 0xc70783f0
  Set: 1552 Way: 0 Address: 0xc7078408
  Set: 1553 Way: 0 Address: 0xc7078448
  Set: 1553 Way: 1 Address: 0x201598449
  Set: 1554 Way: 0 Address: 0xc70784b0
  Set: 1554 Way: 1 Address: 0x201598483
  Set: 1555 Way: 0 Address: 0x2015984f6
  Set: 1555 Way: 1 Address: 0xc70784d0
  Set: 1556 Way: 0 Address: 0xc7078500
  Set: 1562 Way: 0 Address: 0x1aafb8680
  Set: 1564 Way: 0 Address: 0x201598713
  Set: 1565 Way: 0 Address: 0x201598745
  Set: 1566 Way: 0 Address: 0x201598782
  Set: 1566 Way: 1 Address: 0x2c9898798
  Set: 1567 Way: 0 Address: 0x2015987c3
  Set: 1568 Way: 0 Address: 0x201598803
  Set: 1569 Way: 0 Address: 0x201598841
  Set: 1570 Way: 0 Address: 0x201598886
  Set: 1571 Way: 0 Address: 0x2015988c0
  Set: 1576 Way: 0 Address: 0x201598a29
  Set: 1577 Way: 0 Address: 0x201598a47
  Set: 1578 Way: 0 Address: 0x201598aa0
  Set: 1579 Way: 0 Address: 0x201598ac1
  Set: 1580 Way: 0 Address: 0x201598b03
  Set: 1581 Way: 0 Address: 0x201598b44
  Set: 1582 Way: 0 Address: 0x201598b80
  Set: 1583 Way: 0 Address: 0x201598bc3
  Set: 1584 Way: 0 Address: 0x201598c03
  Set: 1585 Way: 0 Address: 0x201598c45
  Set: 1586 Way: 0 Address: 0x201598c90
  Set: 1587 Way: 0 Address: 0x201598cc0
  Set: 1588 Way: 0 Address: 0x201598d10
  Set: 1589 Way: 0 Address: 0x201598d68
  Set: 1590 Way: 0 Address: 0x201598d85
  Set: 1591 Way: 0 Address: 0x201598dc2
  Set: 1592 Way: 0 Address: 0x201598e00
  Set: 1596 Way: 0 Address: 0x201598f00
  Set: 1597 Way: 0 Address: 0x201598f41
  Set: 1598 Way: 0 Address: 0x201598fb3
  Set: 1599 Way: 0 Address: 0x201598fc4
  Set: 1604 Way: 0 Address: 0x292959128
  Set: 1605 Way: 0 Address: 0x292959158
  Set: 1614 Way: 0 Address: 0x312099390
  Set: 1631 Way: 0 Address: 0x3120997f0
  Set: 1664 Way: 0 Address: 0x229b9a000
  Set: 1669 Way: 0 Address: 0x223eda168
  Set: 1727 Way: 0 Address: 0x1d89dafe8
  Set: 1734 Way: 0 Address: 0x3b377b188
  Set: 1734 Way: 1 Address: 0xcf83b190
  Set: 1742 Way: 0 Address: 0xc0d9b388
  Set: 1742 Way: 1 Address: 0xcf83b390
  Set: 1758 Way: 0 Address: 0x3b377b790
  Set: 1758 Way: 1 Address: 0xc0d9b798
  Set: 1791 Way: 0 Address: 0x394edbfc8
  Set: 1792 Way: 0 Address: 0xdf85c000
  Set: 1792 Way: 1 Address: 0x12c6fc038
  Set: 1809 Way: 0 Address: 0x38e35c440
  Set: 1856 Way: 0 Address: 0x23755d008
  Set: 1857 Way: 0 Address: 0x23755d042
  Set: 1858 Way: 0 Address: 0x23755d084
  Set: 1859 Way: 0 Address: 0x23755d0c1
  Set: 1860 Way: 0 Address: 0x23755d103
  Set: 1861 Way: 0 Address: 0x23755d145
  Set: 1862 Way: 0 Address: 0x23755d181
  Set: 1863 Way: 0 Address: 0x23755d1c1
  Set: 1864 Way: 0 Address: 0x23755d206
  Set: 1865 Way: 0 Address: 0x23755d240
  Set: 1866 Way: 0 Address: 0x23755d280
  Set: 1867 Way: 0 Address: 0x23755d2c8
  Set: 1868 Way: 0 Address: 0x23755d300
  Set: 1868 Way: 1 Address: 0x1add330
  Set: 1869 Way: 0 Address: 0x23755d342
  Set: 1869 Way: 1 Address: 0x1add360
  Set: 1870 Way: 0 Address: 0x23755d380
  Set: 1871 Way: 0 Address: 0x23755d3c3
  Set: 1872 Way: 0 Address: 0x23755d403
  Set: 1873 Way: 0 Address: 0x23755d445
  Set: 1874 Way: 0 Address: 0x23755d486
  Set: 1875 Way: 0 Address: 0x23755d4c0
  Set: 1920 Way: 0 Address: 0x28b67e000
  Set: 1920 Way: 1 Address: 0x20597e030
  Set: 1921 Way: 0 Address: 0x20597e040
  Set: 1922 Way: 0 Address: 0x20597e083
  Set: 1923 Way: 0 Address: 0x20597e0c2
  Set: 1924 Way: 0 Address: 0x20597e100
  Set: 1928 Way: 0 Address: 0x1f919e220
  Set: 1929 Way: 0 Address: 0x1f919e241
  Set: 1930 Way: 0 Address: 0x1f919e2b8
  Set: 1931 Way: 0 Address: 0x1f919e2f0
  Set: 1932 Way: 0 Address: 0x1f919e303
  Set: 1933 Way: 0 Address: 0x1f919e340
  Set: 1934 Way: 0 Address: 0x1f919e383
  Set: 1935 Way: 0 Address: 0x1f919e3c3
  Set: 1936 Way: 0 Address: 0x1f919e408
  Set: 1951 Way: 0 Address: 0x28b67e7f8
  Set: 1956 Way: 0 Address: 0x2db79e900
  Set: 1957 Way: 0 Address: 0x2db79e944
  Set: 1958 Way: 0 Address: 0x2db79e983
  Set: 1959 Way: 0 Address: 0x2db79e9c1
  Set: 1960 Way: 0 Address: 0x2db79ea02
  Set: 1961 Way: 0 Address: 0x2db79ea43
  Set: 1962 Way: 0 Address: 0x2db79ea80
  Set: 1965 Way: 0 Address: 0x20597eb70
  Set: 1966 Way: 0 Address: 0x20597eb80
  Set: 1967 Way: 0 Address: 0x2db79ebc0
  Set: 1969 Way: 0 Address: 0x20597ec58
  Set: 1972 Way: 0 Address: 0x2db79ed30
  Set: 1973 Way: 0 Address: 0x2db79ed40
  Set: 1974 Way: 0 Address: 0x2db79ed82
  Set: 1975 Way: 0 Address: 0x2db79edf0
  Set: 1976 Way: 0 Address: 0x2db79ee00
  Set: 1977 Way: 0 Address: 0x2db79ee40
  Set: 1978 Way: 0 Address: 0x2db79ee80
  Set: 1979 Way: 0 Address: 0x2db79eec0
  Set: 1980 Way: 0 Address: 0x2db79ef01
  Set: 1981 Way: 0 Address: 0x2db79ef40
  Set: 1982 Way: 0 Address: 0x2db79ef80
  Set: 1983 Way: 0 Address: 0x2db79efd8
EndCache
