Cache: cpu0_STLB
  Set: 10 Way: 0 Address: 0x40a333
  Set: 32 Way: 0 Address: 0x2182054c
  Set: 33 Way: 0 Address: 0x21821594
  Set: 34 Way: 0 Address: 0x218222e4
EndCache
Cache: cpu0_L2C
  Set: 65 Way: 0 Address: 0x113201050
  Set: 68 Way: 0 Address: 0x2a4841108
  Set: 132 Way: 0 Address: 0x9cff2100
  Set: 209 Way: 0 Address: 0x3c56b3440
  Set: 210 Way: 0 Address: 0x3c56b348c
  Set: 211 Way: 0 Address: 0x3c56b34c4
  Set: 212 Way: 0 Address: 0x3c56b353c
  Set: 213 Way: 0 Address: 0x3c56b354c
  Set: 214 Way: 0 Address: 0x3c56b358c
  Set: 215 Way: 0 Address: 0x3c56b35ec
  Set: 216 Way: 0 Address: 0x3c56b363c
  Set: 217 Way: 0 Address: 0x3c56b3664
  Set: 218 Way: 0 Address: 0x3c56b3680
  Set: 219 Way: 0 Address: 0x3c56b36e4
  Set: 220 Way: 0 Address: 0x3c56b3700
  Set: 221 Way: 0 Address: 0x3c56b377c
  Set: 222 Way: 0 Address: 0x3c56b379c
  Set: 223 Way: 0 Address: 0x3c56b37cc
  Set: 224 Way: 0 Address: 0x3c56b383c
  Set: 225 Way: 0 Address: 0x263c13860
  Set: 225 Way: 1 Address: 0x3c56b3840
  Set: 226 Way: 0 Address: 0x3c56b388c
  Set: 227 Way: 0 Address: 0x3c56b38c4
  Set: 228 Way: 0 Address: 0x3c56b3934
  Set: 229 Way: 0 Address: 0x3c56b3954
  Set: 230 Way: 0 Address: 0x3c56b398c
  Set: 231 Way: 0 Address: 0x3c56b39c4
  Set: 232 Way: 0 Address: 0x3c56b3a00
  Set: 233 Way: 0 Address: 0x3c56b3a54
  Set: 234 Way: 0 Address: 0x3c56b3abc
  Set: 235 Way: 0 Address: 0x3c56b3ac0
  Set: 236 Way: 0 Address: 0x3c56b3b04
  Set: 237 Way: 0 Address: 0x3c56b3b5c
  Set: 238 Way: 0 Address: 0x3c56b3b80
  Set: 239 Way: 0 Address: 0x3c56b3be4
  Set: 240 Way: 0 Address: 0x3c56b3c3c
  Set: 241 Way: 0 Address: 0x3c56b3c40
  Set: 242 Way: 0 Address: 0x3c56b3cbc
  Set: 243 Way: 0 Address: 0x3c56b3ce4
  Set: 244 Way: 0 Address: 0x3c56b3d24
  Set: 245 Way: 0 Address: 0x3c56b3d4c
  Set: 246 Way: 0 Address: 0x3c56b3db4
  Set: 247 Way: 0 Address: 0x3c56b3dc4
  Set: 248 Way: 0 Address: 0x3c56b3e2c
  Set: 249 Way: 0 Address: 0x3c56b3e74
  Set: 250 Way: 0 Address: 0x3c56b3ebc
  Set: 251 Way: 0 Address: 0x3c56b3edc
  Set: 252 Way: 0 Address: 0x3c56b3f14
  Set: 253 Way: 0 Address: 0x3c56b3f4c
  Set: 254 Way: 0 Address: 0x3c56b3fbc
  Set: 255 Way: 0 Address: 0x3c56b3fc4
  Set: 256 Way: 0 Address: 0x397bb403c
  Set: 257 Way: 0 Address: 0x397bb406c
  Set: 258 Way: 0 Address: 0x397bb409c
  Set: 259 Way: 0 Address: 0x397bb40e4
  Set: 260 Way: 0 Address: 0x397bb4100
  Set: 261 Way: 0 Address: 0x397bb4144
  Set: 262 Way: 0 Address: 0x397bb41ac
  Set: 263 Way: 0 Address: 0x397bb41d4
  Set: 264 Way: 0 Address: 0x397bb4200
  Set: 265 Way: 0 Address: 0x397bb4264
  Set: 266 Way: 0 Address: 0x397bb4284
  Set: 267 Way: 0 Address: 0x397bb42c4
  Set: 268 Way: 0 Address: 0x397bb431c
  Set: 269 Way: 0 Address: 0x397bb4354
  Set: 270 Way: 0 Address: 0x397bb4394
  Set: 271 Way: 0 Address: 0x397bb43ec
  Set: 272 Way: 0 Address: 0x397bb441c
  Set: 273 Way: 0 Address: 0x397bb4444
  Set: 274 Way: 0 Address: 0x397bb44bc
  Set: 275 Way: 0 Address: 0x397bb44f4
  Set: 276 Way: 0 Address: 0x397bb450c
  Set: 277 Way: 0 Address: 0x397bb4544
  Set: 278 Way: 0 Address: 0x397bb4594
  Set: 279 Way: 0 Address: 0x397bb45e4
  Set: 280 Way: 0 Address: 0x397bb4614
  Set: 281 Way: 0 Address: 0x397bb465c
  Set: 282 Way: 0 Address: 0x397bb46bc
  Set: 283 Way: 0 Address: 0x397bb46ec
  Set: 284 Way: 0 Address: 0x397bb472c
  Set: 285 Way: 0 Address: 0x397bb4754
  Set: 286 Way: 0 Address: 0x397bb479c
  Set: 287 Way: 0 Address: 0x397bb47ec
  Set: 288 Way: 0 Address: 0x397bb4824
  Set: 289 Way: 0 Address: 0x397bb4844
  Set: 290 Way: 0 Address: 0x397bb48ac
  Set: 291 Way: 0 Address: 0x397bb48cc
  Set: 292 Way: 0 Address: 0x397bb4900
  Set: 293 Way: 0 Address: 0x397bb4944
  Set: 294 Way: 0 Address: 0x397bb4984
  Set: 295 Way: 0 Address: 0x397bb49f4
  Set: 296 Way: 0 Address: 0x397bb4a3c
  Set: 297 Way: 0 Address: 0x397bb4a64
  Set: 298 Way: 0 Address: 0x397bb4a94
  Set: 299 Way: 0 Address: 0x397bb4afc
  Set: 300 Way: 0 Address: 0x397bb4b3c
  Set: 301 Way: 0 Address: 0x397bb4b4c
  Set: 302 Way: 0 Address: 0x397bb4b84
  Set: 303 Way: 0 Address: 0x397bb4bdc
  Set: 304 Way: 0 Address: 0x397bb4c3c
  Set: 305 Way: 0 Address: 0x397bb4c74
  Set: 306 Way: 0 Address: 0x397bb4c9c
  Set: 307 Way: 0 Address: 0x397bb4cfc
  Set: 308 Way: 0 Address: 0x397bb4d00
  Set: 309 Way: 0 Address: 0x397bb4d7c
  Set: 310 Way: 0 Address: 0x397bb4d94
  Set: 311 Way: 0 Address: 0x397bb4dc4
  Set: 312 Way: 0 Address: 0x397bb4e34
  Set: 313 Way: 0 Address: 0x397bb4e4c
  Set: 314 Way: 0 Address: 0x397bb4ebc
  Set: 315 Way: 0 Address: 0x397bb4efc
  Set: 316 Way: 0 Address: 0x397bb4f24
  Set: 317 Way: 0 Address: 0x397bb4f6c
  Set: 318 Way: 0 Address: 0x397bb4fbc
  Set: 319 Way: 0 Address: 0x397bb4ffc
  Set: 320 Way: 0 Address: 0x195f15010
  Set: 353 Way: 0 Address: 0x195f15860
  Set: 640 Way: 0 Address: 0x229b9a000
  Set: 644 Way: 0 Address: 0x223eda110
  Set: 768 Way: 0 Address: 0xdf85c000
  Set: 768 Way: 1 Address: 0x29484c03c
  Set: 769 Way: 0 Address: 0x29484c07c
  Set: 770 Way: 0 Address: 0x29484c094
  Set: 771 Way: 0 Address: 0x29484c0fc
  Set: 772 Way: 0 Address: 0x29484c13c
  Set: 773 Way: 0 Address: 0x29484c14c
  Set: 774 Way: 0 Address: 0x29484c18c
  Set: 775 Way: 0 Address: 0x29484c1fc
  Set: 776 Way: 0 Address: 0x29484c200
  Set: 777 Way: 0 Address: 0x29484c27c
  Set: 778 Way: 0 Address: 0x29484c2bc
  Set: 779 Way: 0 Address: 0x29484c2e4
  Set: 896 Way: 0 Address: 0x28b67e000
  Set: 907 Way: 0 Address: 0x1f919e2d0
  Set: 908 Way: 0 Address: 0x1f919e333
  Set: 909 Way: 0 Address: 0x1f919e342
EndCache
Cache: cpu0_L1I
  Set: 11 Way: 0 Address: 0x1f919e2f9
  Set: 12 Way: 0 Address: 0x1f919e323
  Set: 13 Way: 0 Address: 0x1f919e342
EndCache
Cache: cpu0_L1D
  Set: 0 Way: 0 Address: 0xdf85c000
  Set: 0 Way: 1 Address: 0x28b67e000
  Set: 0 Way: 2 Address: 0x229b9a000
  Set: 0 Way: 3 Address: 0x195f15010
  Set: 0 Way: 4 Address: 0x29484c03c
  Set: 0 Way: 5 Address: 0x397bb403c
  Set: 1 Way: 0 Address: 0x113201050
  Set: 1 Way: 1 Address: 0x397bb406c
  Set: 1 Way: 2 Address: 0x29484c07c
  Set: 2 Way: 0 Address: 0x29484c094
  Set: 2 Way: 1 Address: 0x397bb409c
  Set: 3 Way: 0 Address: 0x397bb40e8
  Set: 3 Way: 1 Address: 0x29484c0fc
  Set: 4 Way: 0 Address: 0x9cff2100
  Set: 4 Way: 1 Address: 0x2a4841108
  Set: 4 Way: 2 Address: 0x223eda110
  Set: 4 Way: 3 Address: 0x29484c13c
  Set: 4 Way: 4 Address: 0x397bb4100
  Set: 5 Way: 0 Address: 0x397bb4144
  Set: 5 Way: 1 Address: 0x29484c150
  Set: 6 Way: 0 Address: 0x29484c190
  Set: 6 Way: 1 Address: 0x397bb41b0
  Set: 7 Way: 0 Address: 0x397bb41d4
  Set: 7 Way: 1 Address: 0x29484c1fc
  Set: 8 Way: 0 Address: 0x29484c200
  Set: 8 Way: 1 Address: 0x397bb4200
  Set: 9 Way: 0 Address: 0x29484c27c
  Set: 9 Way: 1 Address: 0x397bb4268
  Set: 10 Way: 0 Address: 0x29484c2bc
  Set: 10 Way: 1 Address: 0x397bb4284
  Set: 11 Way: 0 Address: 0x29484c2e4
  Set: 11 Way: 1 Address: 0x397bb42c4
  Set: 12 Way: 0 Address: 0x397bb431c
  Set: 13 Way: 0 Address: 0x397bb4354
  Set: 14 Way: 0 Address: 0x397bb4394
  Set: 15 Way: 0 Address: 0x397bb43ec
  Set: 16 Way: 0 Address: 0x397bb441c
  Set: 17 Way: 0 Address: 0x3c56b3448
  Set: 17 Way: 1 Address: 0x397bb4444
  Set: 18 Way: 0 Address: 0x3c56b348c
  Set: 18 Way: 1 Address: 0x397bb44bc
  Set: 19 Way: 0 Address: 0x3c56b34e4
  Set: 19 Way: 1 Address: 0x397bb44f8
  Set: 20 Way: 0 Address: 0x3c56b353c
  Set: 20 Way: 1 Address: 0x397bb450c
  Set: 21 Way: 0 Address: 0x3c56b3550
  Set: 21 Way: 1 Address: 0x397bb4544
  Set: 22 Way: 0 Address: 0x397bb4598
  Set: 22 Way: 1 Address: 0x3c56b358c
  Set: 23 Way: 0 Address: 0x3c56b35ec
  Set: 23 Way: 1 Address: 0x397bb45e8
  Set: 24 Way: 0 Address: 0x397bb4614
  Set: 24 Way: 1 Address: 0x3c56b363c
  Set: 25 Way: 0 Address: 0x3c56b3664
  Set: 25 Way: 1 Address: 0x397bb465c
  Set: 26 Way: 0 Address: 0x3c56b3680
  Set: 26 Way: 1 Address: 0x397bb46bc
  Set: 27 Way: 0 Address: 0x3c56b36e4
  Set: 27 Way: 1 Address: 0x397bb46f0
  Set: 28 Way: 0 Address: 0x3c56b3700
  Set: 28 Way: 1 Address: 0x397bb472c
  Set: 29 Way: 0 Address: 0x3c56b377c
  Set: 29 Way: 1 Address: 0x397bb4754
  Set: 30 Way: 0 Address: 0x3c56b37a0
  Set: 30 Way: 1 Address: 0x397bb479c
  Set: 31 Way: 0 Address: 0x3c56b37cc
  Set: 31 Way: 1 Address: 0x397bb47ec
  Set: 32 Way: 0 Address: 0x397bb4824
  Set: 32 Way: 1 Address: 0x3c56b383c
  Set: 33 Way: 0 Address: 0x195f15860
  Set: 33 Way: 1 Address: 0x263c13860
  Set: 33 Way: 2 Address: 0x3c56b3840
  Set: 33 Way: 3 Address: 0x397bb4848
  Set: 34 Way: 0 Address: 0x3c56b3890
  Set: 34 Way: 1 Address: 0x397bb48ac
  Set: 35 Way: 0 Address: 0x3c56b38c4
  Set: 35 Way: 1 Address: 0x397bb48cc
  Set: 36 Way: 0 Address: 0x3c56b3934
  Set: 36 Way: 1 Address: 0x397bb4900
  Set: 37 Way: 0 Address: 0x3c56b3958
  Set: 37 Way: 1 Address: 0x397bb4948
  Set: 38 Way: 0 Address: 0x3c56b398c
  Set: 38 Way: 1 Address: 0x397bb4984
  Set: 39 Way: 0 Address: 0x3c56b39c4
  Set: 39 Way: 1 Address: 0x397bb49f4
  Set: 40 Way: 0 Address: 0x3c56b3a00
  Set: 40 Way: 1 Address: 0x397bb4a3c
  Set: 41 Way: 0 Address: 0x397bb4a64
  Set: 41 Way: 1 Address: 0x3c56b3a54
  Set: 42 Way: 0 Address: 0x3c56b3abc
  Set: 42 Way: 1 Address: 0x397bb4a98
  Set: 43 Way: 0 Address: 0x3c56b3ac0
  Set: 43 Way: 1 Address: 0x397bb4afc
  Set: 44 Way: 0 Address: 0x3c56b3b08
  Set: 44 Way: 1 Address: 0x397bb4b3c
  Set: 45 Way: 0 Address: 0x3c56b3b60
  Set: 45 Way: 1 Address: 0x397bb4b4c
  Set: 46 Way: 0 Address: 0x3c56b3b80
  Set: 46 Way: 1 Address: 0x397bb4b84
  Set: 47 Way: 0 Address: 0x3c56b3be8
  Set: 47 Way: 1 Address: 0x397bb4bdc
  Set: 48 Way: 0 Address: 0x3c56b3c3c
  Set: 48 Way: 1 Address: 0x397bb4c3c
  Set: 49 Way: 0 Address: 0x3c56b3c40
  Set: 49 Way: 1 Address: 0x397bb4c78
  Set: 50 Way: 0 Address: 0x3c56b3cbc
  Set: 50 Way: 1 Address: 0x397bb4c9c
  Set: 51 Way: 0 Address: 0x3c56b3ce8
  Set: 51 Way: 1 Address: 0x397bb4cfc
  Set: 52 Way: 0 Address: 0x3c56b3d28
  Set: 52 Way: 1 Address: 0x397bb4d00
  Set: 53 Way: 0 Address: 0x3c56b3d4c
  Set: 53 Way: 1 Address: 0x397bb4d7c
  Set: 54 Way: 0 Address: 0x3c56b3db4
  Set: 54 Way: 1 Address: 0x397bb4d94
  Set: 55 Way: 0 Address: 0x3c56b3dc8
  Set: 55 Way: 1 Address: 0x397bb4dc4
  Set: 56 Way: 0 Address: 0x3c56b3e30
  Set: 56 Way: 1 Address: 0x397bb4e38
  Set: 57 Way: 0 Address: 0x397bb4e4c
  Set: 57 Way: 1 Address: 0x3c56b3e74
  Set: 58 Way: 0 Address: 0x397bb4ebc
  Set: 58 Way: 1 Address: 0x3c56b3ebc
  Set: 59 Way: 0 Address: 0x3c56b3edc
  Set: 59 Way: 1 Address: 0x397bb4efc
  Set: 60 Way: 0 Address: 0x3c56b3f18
  Set: 60 Way: 1 Address: 0x397bb4f28
  Set: 61 Way: 0 Address: 0x3c56b3f50
  Set: 61 Way: 1 Address: 0x397bb4f6c
  Set: 62 Way: 0 Address: 0x397bb4fbc
  Set: 62 Way: 1 Address: 0x3c56b3fbc
  Set: 63 Way: 0 Address: 0x3c56b3fc4
  Set: 63 Way: 1 Address: 0x397bb4ffc
EndCache
Cache: cpu0_ITLB
  Set: 10 Way: 0 Address: 0x40a300
EndCache
Cache: cpu0_DTLB
  Set: 0 Way: 0 Address: 0x21820448
  Set: 1 Way: 0 Address: 0x21821598
  Set: 2 Way: 0 Address: 0x218222e4
EndCache
Cache: LLC
  Set: 65 Way: 0 Address: 0x113201050
  Set: 68 Way: 0 Address: 0x2a4841108
  Set: 768 Way: 0 Address: 0x29484c03c
  Set: 769 Way: 0 Address: 0x29484c07c
  Set: 770 Way: 0 Address: 0x29484c094
  Set: 771 Way: 0 Address: 0x29484c0fc
  Set: 772 Way: 0 Address: 0x29484c13c
  Set: 773 Way: 0 Address: 0x29484c14c
  Set: 774 Way: 0 Address: 0x29484c18c
  Set: 775 Way: 0 Address: 0x29484c1fc
  Set: 776 Way: 0 Address: 0x29484c200
  Set: 777 Way: 0 Address: 0x29484c27c
  Set: 778 Way: 0 Address: 0x29484c2bc
  Set: 779 Way: 0 Address: 0x29484c2e4
  Set: 1156 Way: 0 Address: 0x9cff2100
  Set: 1233 Way: 0 Address: 0x3c56b3440
  Set: 1234 Way: 0 Address: 0x3c56b348c
  Set: 1235 Way: 0 Address: 0x3c56b34c4
  Set: 1236 Way: 0 Address: 0x3c56b353c
  Set: 1237 Way: 0 Address: 0x3c56b354c
  Set: 1238 Way: 0 Address: 0x3c56b358c
  Set: 1239 Way: 0 Address: 0x3c56b35ec
  Set: 1240 Way: 0 Address: 0x3c56b363c
  Set: 1241 Way: 0 Address: 0x3c56b3664
  Set: 1242 Way: 0 Address: 0x3c56b3680
  Set: 1243 Way: 0 Address: 0x3c56b36e4
  Set: 1244 Way: 0 Address: 0x3c56b3700
  Set: 1245 Way: 0 Address: 0x3c56b377c
  Set: 1246 Way: 0 Address: 0x3c56b379c
  Set: 1247 Way: 0 Address: 0x3c56b37cc
  Set: 1248 Way: 0 Address: 0x3c56b383c
  Set: 1249 Way: 0 Address: 0x263c13860
  Set: 1249 Way: 1 Address: 0x3c56b3840
  Set: 1250 Way: 0 Address: 0x3c56b388c
  Set: 1251 Way: 0 Address: 0x3c56b38c4
  Set: 1252 Way: 0 Address: 0x3c56b3934
  Set: 1253 Way: 0 Address: 0x3c56b3954
  Set: 1254 Way: 0 Address: 0x3c56b398c
  Set: 1255 Way: 0 Address: 0x3c56b39c4
  Set: 1256 Way: 0 Address: 0x3c56b3a00
  Set: 1257 Way: 0 Address: 0x3c56b3a54
  Set: 1258 Way: 0 Address: 0x3c56b3abc
  Set: 1259 Way: 0 Address: 0x3c56b3ac0
  Set: 1260 Way: 0 Address: 0x3c56b3b04
  Set: 1261 Way: 0 Address: 0x3c56b3b5c
  Set: 1262 Way: 0 Address: 0x3c56b3b80
  Set: 1263 Way: 0 Address: 0x3c56b3be4
  Set: 1264 Way: 0 Address: 0x3c56b3c3c
  Set: 1265 Way: 0 Address: 0x3c56b3c40
  Set: 1266 Way: 0 Address: 0x3c56b3cbc
  Set: 1267 Way: 0 Address: 0x3c56b3ce4
  Set: 1268 Way: 0 Address: 0x3c56b3d24
  Set: 1269 Way: 0 Address: 0x3c56b3d4c
  Set: 1270 Way: 0 Address: 0x3c56b3db4
  Set: 1271 Way: 0 Address: 0x3c56b3dc4
  Set: 1272 Way: 0 Address: 0x3c56b3e2c
  Set: 1273 Way: 0 Address: 0x3c56b3e74
  Set: 1274 Way: 0 Address: 0x3c56b3ebc
  Set: 1275 Way: 0 Address: 0x3c56b3edc
  Set: 1276 Way: 0 Address: 0x3c56b3f14
  Set: 1277 Way: 0 Address: 0x3c56b3f4c
  Set: 1278 Way: 0 Address: 0x3c56b3fbc
  Set: 1279 Way: 0 Address: 0x3c56b3fc4
  Set: 1280 Way: 0 Address: 0x397bb403c
  Set: 1281 Way: 0 Address: 0x397bb406c
  Set: 1282 Way: 0 Address: 0x397bb409c
  Set: 1283 Way: 0 Address: 0x397bb40e4
  Set: 1284 Way: 0 Address: 0x397bb4100
  Set: 1285 Way: 0 Address: 0x397bb4144
  Set: 1286 Way: 0 Address: 0x397bb41ac
  Set: 1287 Way: 0 Address: 0x397bb41d4
  Set: 1288 Way: 0 Address: 0x397bb4200
  Set: 1289 Way: 0 Address: 0x397bb4264
  Set: 1290 Way: 0 Address: 0x397bb4284
  Set: 1291 Way: 0 Address: 0x397bb42c4
  Set: 1292 Way: 0 Address: 0x397bb431c
  Set: 1293 Way: 0 Address: 0x397bb4354
  Set: 1294 Way: 0 Address: 0x397bb4394
  Set: 1295 Way: 0 Address: 0x397bb43ec
  Set: 1296 Way: 0 Address: 0x397bb441c
  Set: 1297 Way: 0 Address: 0x397bb4444
  Set: 1298 Way: 0 Address: 0x397bb44bc
  Set: 1299 Way: 0 Address: 0x397bb44f4
  Set: 1300 Way: 0 Address: 0x397bb450c
  Set: 1301 Way: 0 Address: 0x397bb4544
  Set: 1302 Way: 0 Address: 0x397bb4594
  Set: 1303 Way: 0 Address: 0x397bb45e4
  Set: 1304 Way: 0 Address: 0x397bb4614
  Set: 1305 Way: 0 Address: 0x397bb465c
  Set: 1306 Way: 0 Address: 0x397bb46bc
  Set: 1307 Way: 0 Address: 0x397bb46ec
  Set: 1308 Way: 0 Address: 0x397bb472c
  Set: 1309 Way: 0 Address: 0x397bb4754
  Set: 1310 Way: 0 Address: 0x397bb479c
  Set: 1311 Way: 0 Address: 0x397bb47ec
  Set: 1312 Way: 0 Address: 0x397bb4824
  Set: 1313 Way: 0 Address: 0x397bb4844
  Set: 1314 Way: 0 Address: 0x397bb48ac
  Set: 1315 Way: 0 Address: 0x397bb48cc
  Set: 1316 Way: 0 Address: 0x397bb4900
  Set: 1317 Way: 0 Address: 0x397bb4944
  Set: 1318 Way: 0 Address: 0x397bb4984
  Set: 1319 Way: 0 Address: 0x397bb49f4
  Set: 1320 Way: 0 Address: 0x397bb4a3c
  Set: 1321 Way: 0 Address: 0x397bb4a64
  Set: 1322 Way: 0 Address: 0x397bb4a94
  Set: 1323 Way: 0 Address: 0x397bb4afc
  Set: 1324 Way: 0 Address: 0x397bb4b3c
  Set: 1325 Way: 0 Address: 0x397bb4b4c
  Set: 1326 Way: 0 Address: 0x397bb4b84
  Set: 1327 Way: 0 Address: 0x397bb4bdc
  Set: 1328 Way: 0 Address: 0x397bb4c3c
  Set: 1329 Way: 0 Address: 0x397bb4c74
  Set: 1330 Way: 0 Address: 0x397bb4c9c
  Set: 1331 Way: 0 Address: 0x397bb4cfc
  Set: 1332 Way: 0 Address: 0x397bb4d00
  Set: 1333 Way: 0 Address: 0x397bb4d7c
  Set: 1334 Way: 0 Address: 0x397bb4d94
  Set: 1335 Way: 0 Address: 0x397bb4dc4
  Set: 1336 Way: 0 Address: 0x397bb4e34
  Set: 1337 Way: 0 Address: 0x397bb4e4c
  Set: 1338 Way: 0 Address: 0x397bb4ebc
  Set: 1339 Way: 0 Address: 0x397bb4efc
  Set: 1340 Way: 0 Address: 0x397bb4f24
  Set: 1341 Way: 0 Address: 0x397bb4f6c
  Set: 1342 Way: 0 Address: 0x397bb4fbc
  Set: 1343 Way: 0 Address: 0x397bb4ffc
  Set: 1344 Way: 0 Address: 0x195f15010
  Set: 1377 Way: 0 Address: 0x195f15860
  Set: 1664 Way: 0 Address: 0x229b9a000
  Set: 1668 Way: 0 Address: 0x223eda110
  Set: 1792 Way: 0 Address: 0xdf85c000
  Set: 1920 Way: 0 Address: 0x28b67e000
  Set: 1931 Way: 0 Address: 0x1f919e2d0
  Set: 1932 Way: 0 Address: 0x1f919e333
  Set: 1933 Way: 0 Address: 0x1f919e342
EndCache
