Cache: cpu0_STLB
  Set: 0 Way: 0 Address: 0x7806e8
  Set: 2 Way: 0 Address: 0x402c78
  Set: 8 Way: 0 Address: 0x408f00
  Set: 9 Way: 0 Address: 0x409700
  Set: 11 Way: 0 Address: 0x40bd90
  Set: 12 Way: 0 Address: 0x40cfa4
  Set: 13 Way: 0 Address: 0x40d03a
  Set: 13 Way: 1 Address: 0x7fda9760dc24
  Set: 14 Way: 0 Address: 0x40ef30
  Set: 15 Way: 0 Address: 0x40f0f0
  Set: 17 Way: 0 Address: 0x411cd0
  Set: 18 Way: 0 Address: 0x4122c0
  Set: 20 Way: 0 Address: 0x1914ea8
  Set: 21 Way: 0 Address: 0x415f60
  Set: 21 Way: 1 Address: 0x795b00
  Set: 22 Way: 0 Address: 0x4161b2
  Set: 22 Way: 1 Address: 0x796e94
  Set: 29 Way: 0 Address: 0x41deb0
  Set: 30 Way: 0 Address: 0x7fda9759e2cf
  Set: 31 Way: 0 Address: 0x51ff3c
  Set: 31 Way: 1 Address: 0x7fda9769f555
  Set: 31 Way: 2 Address: 0x7fda9759fcf7
  Set: 31 Way: 3 Address: 0x7fda9761f2cf
  Set: 32 Way: 0 Address: 0x520004
  Set: 32 Way: 1 Address: 0x7fda97720dd7
  Set: 32 Way: 2 Address: 0x7fda975a0a52
  Set: 32 Way: 3 Address: 0x420950
  Set: 32 Way: 4 Address: 0x7fda976a0158
  Set: 33 Way: 0 Address: 0x7fda976a1952
  Set: 34 Way: 0 Address: 0x7fda975a2a76
  Set: 34 Way: 1 Address: 0x7fda97622ef7
  Set: 35 Way: 0 Address: 0x7fda976a3aa8
  Set: 35 Way: 1 Address: 0x7fda975a3064
  Set: 36 Way: 0 Address: 0x7fda976a4434
  Set: 36 Way: 1 Address: 0x7fda975a4cfb
  Set: 37 Way: 0 Address: 0x7fda976a5520
  Set: 37 Way: 1 Address: 0x4a5c10
  Set: 38 Way: 0 Address: 0x7fda975a6530
  Set: 39 Way: 0 Address: 0x7fda975a7916
  Set: 39 Way: 1 Address: 0x7fda976a72b9
  Set: 39 Way: 2 Address: 0x4a7d60
  Set: 40 Way: 0 Address: 0x7fda975a8834
  Set: 40 Way: 1 Address: 0x7fda976a8650
  Set: 41 Way: 0 Address: 0x7fda976a9ab9
  Set: 42 Way: 0 Address: 0x7fda975aa3ca
  Set: 43 Way: 0 Address: 0x7fda9762b388
  Set: 43 Way: 1 Address: 0x7fda975ab7c0
  Set: 43 Way: 2 Address: 0x7fda976abbc2
  Set: 44 Way: 0 Address: 0x7fda975acb4a
  Set: 44 Way: 1 Address: 0x7fda976acbc2
  Set: 45 Way: 0 Address: 0x7fda975adfc8
  Set: 45 Way: 1 Address: 0x7fda976adb49
  Set: 46 Way: 0 Address: 0x7fda976aefc8
  Set: 53 Way: 0 Address: 0x7fda976b5dd3
  Set: 56 Way: 0 Address: 0x7fda975b80a1
  Set: 57 Way: 0 Address: 0x7fda976b92a1
  Set: 63 Way: 0 Address: 0x7fda976bf64f
  Set: 67 Way: 0 Address: 0x7fda975c3168
  Set: 67 Way: 1 Address: 0x7fda976c3050
  Set: 68 Way: 0 Address: 0x7fda976c4070
  Set: 71 Way: 0 Address: 0x7fffd6147228
  Set: 71 Way: 1 Address: 0x7fda975c7631
  Set: 72 Way: 0 Address: 0x7fffd6148124
  Set: 72 Way: 1 Address: 0x7fda976c8639
  Set: 73 Way: 0 Address: 0x7fffd6149630
  Set: 77 Way: 0 Address: 0x7fda975cde68
  Set: 78 Way: 0 Address: 0x7fda976cee11
  Set: 87 Way: 0 Address: 0x1957070
  Set: 94 Way: 0 Address: 0x7fda975de190
  Set: 95 Way: 0 Address: 0x7fda976df912
  Set: 95 Way: 1 Address: 0x7fda9765f154
  Set: 98 Way: 0 Address: 0x7fda9766248f
  Set: 99 Way: 0 Address: 0x7fda975e3d0f
  Set: 99 Way: 1 Address: 0x7fda976e3021
  Set: 100 Way: 0 Address: 0x7fda976e40a9
  Set: 100 Way: 1 Address: 0x7fda975e44cf
  Set: 115 Way: 0 Address: 0x7fda976f3021
  Set: 118 Way: 0 Address: 0x18f6870
  Set: 120 Way: 0 Address: 0x7783a0
  Set: 121 Way: 0 Address: 0x18f91e0
  Set: 121 Way: 1 Address: 0x779778
  Set: 126 Way: 0 Address: 0x18fe690
  Set: 126 Way: 1 Address: 0x7fda975fe150
  Set: 127 Way: 0 Address: 0x7fda976ff150
EndCache
Cache: cpu0_L2C
  Set: 2 Way: 0 Address: 0x168ef00b9
  Set: 4 Way: 0 Address: 0x2177f0125
  Set: 4 Way: 1 Address: 0x28a940100
  Set: 5 Way: 0 Address: 0x13ed0158
  Set: 7 Way: 0 Address: 0x6e6201e0
  Set: 8 Way: 0 Address: 0x168ef0210
  Set: 9 Way: 0 Address: 0x168ef027a
  Set: 10 Way: 0 Address: 0x2177f02b9
  Set: 11 Way: 0 Address: 0x2177f02cf
  Set: 20 Way: 0 Address: 0x168ef0518
  Set: 22 Way: 0 Address: 0x2177f058f
  Set: 23 Way: 0 Address: 0x14bb105d8
  Set: 23 Way: 1 Address: 0x23cb405c8
  Set: 24 Way: 0 Address: 0x168ef063a
  Set: 24 Way: 1 Address: 0x23cb40618
  Set: 26 Way: 0 Address: 0x2177f068f
  Set: 27 Way: 0 Address: 0x168ef06cf
  Set: 27 Way: 1 Address: 0x13ed06cf
  Set: 30 Way: 0 Address: 0x29ab70798
  Set: 31 Way: 0 Address: 0x29ab707f8
  Set: 32 Way: 0 Address: 0x168ef0824
  Set: 36 Way: 0 Address: 0x28a940900
  Set: 36 Way: 1 Address: 0x168ef0934
  Set: 37 Way: 0 Address: 0x168ef0969
  Set: 37 Way: 1 Address: 0x2177f0950
  Set: 40 Way: 0 Address: 0x168ef0a38
  Set: 41 Way: 0 Address: 0x168ef0a75
  Set: 41 Way: 1 Address: 0x2177f0a74
  Set: 42 Way: 0 Address: 0x2177f0aa8
  Set: 42 Way: 1 Address: 0x168ef0ab9
  Set: 47 Way: 0 Address: 0xad430bc2
  Set: 51 Way: 0 Address: 0x1f8ce0cf0
  Set: 51 Way: 1 Address: 0x13ed0cf7
  Set: 57 Way: 0 Address: 0x3b57e0e68
  Set: 60 Way: 0 Address: 0x342b40f30
  Set: 60 Way: 1 Address: 0x1f8ce0f18
  Set: 60 Way: 2 Address: 0x3b57e0f20
  Set: 61 Way: 0 Address: 0x342b40f41
  Set: 62 Way: 0 Address: 0x342b40f83
  Set: 63 Way: 0 Address: 0x342b40fc0
  Set: 64 Way: 0 Address: 0x113201000
  Set: 64 Way: 1 Address: 0x260091014
  Set: 65 Way: 0 Address: 0x2a4841060
  Set: 65 Way: 1 Address: 0x181c81050
  Set: 65 Way: 2 Address: 0x260091076
  Set: 66 Way: 0 Address: 0x2600910a6
  Set: 66 Way: 1 Address: 0x181c81099
  Set: 68 Way: 0 Address: 0xa601110
  Set: 70 Way: 0 Address: 0x181c811a4
  Set: 74 Way: 0 Address: 0x2600912b9
  Set: 75 Way: 0 Address: 0x181c812cf
  Set: 75 Way: 1 Address: 0x2600912cf
  Set: 80 Way: 0 Address: 0x260091438
  Set: 84 Way: 0 Address: 0x19c791520
  Set: 84 Way: 1 Address: 0x260091530
  Set: 85 Way: 0 Address: 0x19c791548
  Set: 85 Way: 1 Address: 0xa601558
  Set: 86 Way: 0 Address: 0xf6e81580
  Set: 89 Way: 0 Address: 0x181c81650
  Set: 97 Way: 0 Address: 0x116e01870
  Set: 97 Way: 1 Address: 0x260091875
  Set: 100 Way: 0 Address: 0x181c81916
  Set: 100 Way: 1 Address: 0x260091922
  Set: 101 Way: 0 Address: 0x181c81962
  Set: 101 Way: 1 Address: 0x260091950
  Set: 103 Way: 0 Address: 0x181c819cf
  Set: 116 Way: 0 Address: 0x181c81d0f
  Set: 122 Way: 0 Address: 0x2ff2a1ea8
  Set: 128 Way: 0 Address: 0x6d0c2018
  Set: 128 Way: 1 Address: 0x1c84e2002
  Set: 129 Way: 0 Address: 0x1995f2058
  Set: 129 Way: 1 Address: 0x1064c2070
  Set: 129 Way: 2 Address: 0x1c84e2044
  Set: 130 Way: 0 Address: 0x1064c2088
  Set: 130 Way: 1 Address: 0x1c84e2082
  Set: 131 Way: 0 Address: 0x1c84e20c6
  Set: 131 Way: 1 Address: 0x348de20f8
  Set: 132 Way: 0 Address: 0x1c84e2101
  Set: 132 Way: 1 Address: 0x3bdb2120
  Set: 133 Way: 0 Address: 0x1c84e2141
  Set: 133 Way: 1 Address: 0x23a612154
  Set: 134 Way: 0 Address: 0x1c84e21b2
  Set: 134 Way: 1 Address: 0x34e4a2190
  Set: 135 Way: 0 Address: 0x1c84e21c2
  Set: 136 Way: 0 Address: 0x1c84e2201
  Set: 136 Way: 1 Address: 0x3bdb2232
  Set: 137 Way: 0 Address: 0x1c84e2240
  Set: 138 Way: 0 Address: 0x1c84e2284
  Set: 139 Way: 0 Address: 0x1c84e22fb
  Set: 139 Way: 1 Address: 0x23a6122cf
  Set: 140 Way: 0 Address: 0x1c84e2301
  Set: 142 Way: 0 Address: 0x1c84e23a4
  Set: 144 Way: 0 Address: 0x1c84e2400
  Set: 144 Way: 1 Address: 0x3bdb2434
  Set: 145 Way: 0 Address: 0x1c84e2447
  Set: 146 Way: 0 Address: 0x1c84e2482
  Set: 147 Way: 0 Address: 0x1c84e24c0
  Set: 148 Way: 0 Address: 0x1c84e2503
  Set: 148 Way: 1 Address: 0x62d12538
  Set: 149 Way: 0 Address: 0x1c84e2544
  Set: 149 Way: 1 Address: 0x62d12568
  Set: 149 Way: 2 Address: 0x1c6532540
  Set: 149 Way: 3 Address: 0x3bdb2550
  Set: 150 Way: 0 Address: 0x1c84e2584
  Set: 151 Way: 0 Address: 0x1c84e25c0
  Set: 152 Way: 0 Address: 0x1c84e2606
  Set: 152 Way: 1 Address: 0x3bdb2635
  Set: 153 Way: 0 Address: 0x348de2640
  Set: 155 Way: 0 Address: 0x1c65326f8
  Set: 158 Way: 0 Address: 0x133c927b0
  Set: 159 Way: 0 Address: 0x133c927c8
  Set: 160 Way: 0 Address: 0x1c84e2810
  Set: 161 Way: 0 Address: 0x1c84e2841
  Set: 162 Way: 0 Address: 0x1c84e2880
  Set: 164 Way: 0 Address: 0xa3a52912
  Set: 164 Way: 1 Address: 0x34e4a2921
  Set: 165 Way: 0 Address: 0x3bdb2952
  Set: 166 Way: 0 Address: 0x1c84e29ad
  Set: 167 Way: 0 Address: 0x1c84e29c0
  Set: 168 Way: 0 Address: 0x1c84e2a02
  Set: 172 Way: 0 Address: 0x1c84e2b2d
  Set: 178 Way: 0 Address: 0x1c84e2c80
  Set: 178 Way: 1 Address: 0x31be12ca6
  Set: 179 Way: 0 Address: 0x31be12cd7
  Set: 182 Way: 0 Address: 0x31be12da6
  Set: 183 Way: 0 Address: 0x1c84e2de0
  Set: 183 Way: 1 Address: 0x1fd412dd3
  Set: 184 Way: 0 Address: 0x1c84e2e00
  Set: 184 Way: 1 Address: 0x31be12e3a
  Set: 185 Way: 0 Address: 0x1c84e2e70
  Set: 186 Way: 0 Address: 0x31be12eb2
  Set: 186 Way: 1 Address: 0x2ea382e94
  Set: 191 Way: 0 Address: 0x31be12fc8
  Set: 191 Way: 1 Address: 0x37ba22ff0
  Set: 193 Way: 0 Address: 0x3232f3078
  Set: 194 Way: 0 Address: 0x3c56b30b0
  Set: 194 Way: 1 Address: 0x3b0803088
  Set: 195 Way: 0 Address: 0x3c56b30e8
  Set: 195 Way: 1 Address: 0x2b2e930c8
  Set: 196 Way: 0 Address: 0xd78d3100
  Set: 197 Way: 0 Address: 0x2b2e93178
  Set: 197 Way: 1 Address: 0xc2e83150
  Set: 198 Way: 0 Address: 0x2b2e931b8
  Set: 199 Way: 0 Address: 0x2b2e931e8
  Set: 200 Way: 0 Address: 0x2b2e93228
  Set: 201 Way: 0 Address: 0x2b2e93248
  Set: 201 Way: 1 Address: 0x34a87324f
  Set: 202 Way: 0 Address: 0x2b2e932a0
  Set: 202 Way: 1 Address: 0x34a8732b8
  Set: 203 Way: 0 Address: 0x2b2e932c0
  Set: 203 Way: 1 Address: 0x34a8732cf
  Set: 205 Way: 0 Address: 0x2b2e93340
  Set: 206 Way: 0 Address: 0x2b2e93380
  Set: 207 Way: 0 Address: 0x2b2e933c0
  Set: 208 Way: 0 Address: 0x2b2e93400
  Set: 209 Way: 0 Address: 0x34a873456
  Set: 210 Way: 0 Address: 0x2b2e934b8
  Set: 212 Way: 0 Address: 0xd78d3538
  Set: 213 Way: 0 Address: 0x34a873555
  Set: 214 Way: 0 Address: 0x34a8735b9
  Set: 216 Way: 0 Address: 0x34a873611
  Set: 220 Way: 0 Address: 0x2b2e93738
  Set: 221 Way: 0 Address: 0x257713778
  Set: 221 Way: 1 Address: 0x2b2e93766
  Set: 222 Way: 0 Address: 0x2b2e937ae
  Set: 223 Way: 0 Address: 0x2b2e937e2
  Set: 224 Way: 0 Address: 0x2b2e93828
  Set: 224 Way: 1 Address: 0x34a873826
  Set: 225 Way: 0 Address: 0x2b2e93846
  Set: 228 Way: 0 Address: 0x3b0803900
  Set: 228 Way: 1 Address: 0x34a873918
  Set: 230 Way: 0 Address: 0x34a8739a8
  Set: 232 Way: 0 Address: 0x34a873a38
  Set: 233 Way: 0 Address: 0x34a873a7a
  Set: 234 Way: 0 Address: 0x2b2e93abe
  Set: 235 Way: 0 Address: 0x2b2e93ada
  Set: 235 Way: 1 Address: 0xbba93af0
  Set: 236 Way: 0 Address: 0x2b2e93b12
  Set: 236 Way: 1 Address: 0xbba93b00
  Set: 237 Way: 0 Address: 0x2b2e93b58
  Set: 238 Way: 0 Address: 0x2b2e93b90
  Set: 239 Way: 0 Address: 0x2b2e93bf8
  Set: 240 Way: 0 Address: 0x2b2e93c20
  Set: 241 Way: 0 Address: 0x2b2e93c62
  Set: 242 Way: 0 Address: 0x2b2e93c9a
  Set: 243 Way: 0 Address: 0x2b2e93cec
  Set: 244 Way: 0 Address: 0x2b2e93d3c
  Set: 245 Way: 0 Address: 0x2b2e93d60
  Set: 245 Way: 1 Address: 0x3112a3d50
  Set: 246 Way: 0 Address: 0x2b2e93db6
  Set: 247 Way: 0 Address: 0x2b2e93df4
  Set: 247 Way: 1 Address: 0x2113dc0
  Set: 248 Way: 0 Address: 0x2b2e93e08
  Set: 248 Way: 1 Address: 0x190973e38
  Set: 249 Way: 0 Address: 0x2b2e93e58
  Set: 249 Way: 1 Address: 0x2f0403e68
  Set: 250 Way: 0 Address: 0x2b2e93eac
  Set: 251 Way: 0 Address: 0x2b2e93efc
  Set: 251 Way: 1 Address: 0x190973ef0
  Set: 252 Way: 0 Address: 0x2b2e93f00
  Set: 252 Way: 1 Address: 0x2113f18
  Set: 252 Way: 2 Address: 0x3112a3f20
  Set: 253 Way: 0 Address: 0x2b2e93f50
  Set: 254 Way: 0 Address: 0x2b2e93fac
  Set: 255 Way: 0 Address: 0x2b2e93fd4
  Set: 257 Way: 0 Address: 0x397bb4040
  Set: 257 Way: 1 Address: 0x34fc64050
  Set: 270 Way: 0 Address: 0x6b744388
  Set: 270 Way: 1 Address: 0xcf094388
  Set: 272 Way: 0 Address: 0x3c1074400
  Set: 273 Way: 0 Address: 0x3c1074440
  Set: 274 Way: 0 Address: 0x3c1074486
  Set: 275 Way: 0 Address: 0x3c10744c2
  Set: 276 Way: 0 Address: 0x3c1074504
  Set: 277 Way: 0 Address: 0x3c1074540
  Set: 278 Way: 0 Address: 0x3c1074585
  Set: 279 Way: 0 Address: 0x3c10745c2
  Set: 280 Way: 0 Address: 0x3c1074603
  Set: 281 Way: 0 Address: 0x3c1074640
  Set: 282 Way: 0 Address: 0x3c1074683
  Set: 283 Way: 0 Address: 0x3c10746dd
  Set: 284 Way: 0 Address: 0x3c1074700
  Set: 285 Way: 0 Address: 0x6b744746
  Set: 285 Way: 1 Address: 0x3c1074746
  Set: 286 Way: 0 Address: 0x3c107478d
  Set: 287 Way: 0 Address: 0x6b7447ca
  Set: 292 Way: 0 Address: 0x397bb4900
  Set: 293 Way: 0 Address: 0x397bb4940
  Set: 294 Way: 0 Address: 0x397bb4988
  Set: 296 Way: 0 Address: 0x397bb4a34
  Set: 297 Way: 0 Address: 0x397bb4a40
  Set: 298 Way: 0 Address: 0x397bb4aac
  Set: 299 Way: 0 Address: 0x397bb4ad0
  Set: 301 Way: 0 Address: 0x6b744b49
  Set: 303 Way: 0 Address: 0x6b744bca
  Set: 304 Way: 0 Address: 0x397bb4c10
  Set: 304 Way: 1 Address: 0x3317f4c10
  Set: 305 Way: 0 Address: 0x397bb4c56
  Set: 305 Way: 1 Address: 0x3317f4c42
  Set: 306 Way: 0 Address: 0x397bb4c80
  Set: 307 Way: 0 Address: 0x397bb4cf0
  Set: 307 Way: 1 Address: 0x3317f4cc9
  Set: 308 Way: 0 Address: 0x397bb4d30
  Set: 308 Way: 1 Address: 0x3317f4d04
  Set: 309 Way: 0 Address: 0x397bb4d43
  Set: 309 Way: 1 Address: 0x17e364d60
  Set: 309 Way: 2 Address: 0x3317f4d41
  Set: 310 Way: 0 Address: 0x397bb4d80
  Set: 310 Way: 1 Address: 0x17e364d80
  Set: 311 Way: 0 Address: 0x3c1074df0
  Set: 311 Way: 1 Address: 0x397bb4dc0
  Set: 311 Way: 2 Address: 0x17e364dc0
  Set: 312 Way: 0 Address: 0x3c1074e01
  Set: 312 Way: 1 Address: 0x397bb4e00
  Set: 312 Way: 2 Address: 0x17e364e02
  Set: 313 Way: 0 Address: 0x397bb4e46
  Set: 314 Way: 0 Address: 0xb8004eb0
  Set: 314 Way: 1 Address: 0x397bb4e80
  Set: 315 Way: 0 Address: 0xb8004ee2
  Set: 315 Way: 1 Address: 0x397bb4ee5
  Set: 316 Way: 0 Address: 0x1ab44f3c
  Set: 316 Way: 1 Address: 0x397bb4f00
  Set: 317 Way: 0 Address: 0xb8004f70
  Set: 317 Way: 1 Address: 0x1ab44f40
  Set: 317 Way: 2 Address: 0x397bb4f40
  Set: 318 Way: 0 Address: 0x397bb4fa4
  Set: 318 Way: 1 Address: 0xb8004f83
  Set: 319 Way: 0 Address: 0x397bb4fc0
  Set: 319 Way: 1 Address: 0xb8004fc1
  Set: 319 Way: 2 Address: 0x1ab44fc8
  Set: 320 Way: 0 Address: 0x354d35000
  Set: 321 Way: 0 Address: 0x1b0f15040
  Set: 321 Way: 1 Address: 0x354d35054
  Set: 322 Way: 0 Address: 0x354d35080
  Set: 322 Way: 1 Address: 0x1d68a50a9
  Set: 323 Way: 0 Address: 0x354d350e8
  Set: 324 Way: 0 Address: 0x354d35124
  Set: 325 Way: 0 Address: 0x354d35160
  Set: 326 Way: 0 Address: 0x354d35184
  Set: 327 Way: 0 Address: 0x354d351d8
  Set: 328 Way: 0 Address: 0x354d3522c
  Set: 329 Way: 0 Address: 0x354d35278
  Set: 330 Way: 0 Address: 0x354d35280
  Set: 331 Way: 0 Address: 0x354d352c0
  Set: 332 Way: 0 Address: 0x354d35300
  Set: 333 Way: 0 Address: 0x354d35340
  Set: 334 Way: 0 Address: 0x354d35380
  Set: 335 Way: 0 Address: 0x354d353c8
  Set: 336 Way: 0 Address: 0x354d35428
  Set: 337 Way: 0 Address: 0x354d35470
  Set: 338 Way: 0 Address: 0x354d35480
  Set: 338 Way: 1 Address: 0x29939548f
  Set: 339 Way: 0 Address: 0x354d354c0
  Set: 340 Way: 0 Address: 0x272585528
  Set: 340 Way: 1 Address: 0x34a0e5538
  Set: 340 Way: 2 Address: 0x354d3553c
  Set: 341 Way: 0 Address: 0x34a0e5548
  Set: 341 Way: 1 Address: 0x354d35566
  Set: 342 Way: 0 Address: 0x354d355ba
  Set: 343 Way: 0 Address: 0x354d355ce
  Set: 343 Way: 1 Address: 0x99c755f8
  Set: 344 Way: 0 Address: 0x354d3563c
  Set: 345 Way: 0 Address: 0x354d3565a
  Set: 346 Way: 0 Address: 0x354d35682
  Set: 347 Way: 0 Address: 0x354d356f8
  Set: 348 Way: 0 Address: 0x354d35728
  Set: 349 Way: 0 Address: 0x354d35776
  Set: 350 Way: 0 Address: 0x354d3579e
  Set: 350 Way: 1 Address: 0x99c75798
  Set: 351 Way: 0 Address: 0x354d357c6
  Set: 352 Way: 0 Address: 0x354d3581c
  Set: 353 Way: 0 Address: 0x354d3585a
  Set: 354 Way: 0 Address: 0x354d358ae
  Set: 355 Way: 0 Address: 0x354d358da
  Set: 356 Way: 0 Address: 0x354d35930
  Set: 357 Way: 0 Address: 0x354d35958
  Set: 358 Way: 0 Address: 0x354d35984
  Set: 359 Way: 0 Address: 0x354d359ea
  Set: 360 Way: 0 Address: 0x354d35a1c
  Set: 361 Way: 0 Address: 0x354d35a44
  Set: 362 Way: 0 Address: 0x354d35a94
  Set: 362 Way: 1 Address: 0x3ab465ab8
  Set: 363 Way: 0 Address: 0x354d35ae8
  Set: 364 Way: 0 Address: 0x354d35b14
  Set: 365 Way: 0 Address: 0x354d35b40
  Set: 366 Way: 0 Address: 0x354d35b90
  Set: 367 Way: 0 Address: 0x354d35bc4
  Set: 368 Way: 0 Address: 0x354d35c24
  Set: 369 Way: 0 Address: 0x354d35c50
  Set: 370 Way: 0 Address: 0x354d35ca6
  Set: 371 Way: 0 Address: 0x354d35ce0
  Set: 372 Way: 0 Address: 0x354d35d00
  Set: 372 Way: 1 Address: 0x57be5d18
  Set: 372 Way: 2 Address: 0x1d68a5d0f
  Set: 373 Way: 0 Address: 0x354d35d60
  Set: 374 Way: 0 Address: 0x354d35d90
  Set: 375 Way: 0 Address: 0x354d35de0
  Set: 376 Way: 0 Address: 0x354d35e06
  Set: 377 Way: 0 Address: 0x354d35e5c
  Set: 378 Way: 0 Address: 0x354d35e88
  Set: 379 Way: 0 Address: 0x354d35ece
  Set: 380 Way: 0 Address: 0x354d35f3e
  Set: 381 Way: 0 Address: 0x354d35f78
  Set: 382 Way: 0 Address: 0x354d35f98
  Set: 383 Way: 0 Address: 0x354d35fc2
  Set: 384 Way: 0 Address: 0x211d16010
  Set: 385 Way: 0 Address: 0x247006064
  Set: 386 Way: 0 Address: 0x84896090
  Set: 386 Way: 1 Address: 0x2470060b9
  Set: 392 Way: 0 Address: 0x24700621a
  Set: 392 Way: 1 Address: 0x192bc6229
  Set: 393 Way: 0 Address: 0x192bc6270
  Set: 394 Way: 0 Address: 0x192bc62a9
  Set: 395 Way: 0 Address: 0x192bc62cf
  Set: 402 Way: 0 Address: 0x2470064a9
  Set: 404 Way: 0 Address: 0x37f426508
  Set: 404 Way: 1 Address: 0x696d6538
  Set: 405 Way: 0 Address: 0x1b7ae6560
  Set: 405 Way: 1 Address: 0x192bc6555
  Set: 405 Way: 2 Address: 0x247006552
  Set: 406 Way: 0 Address: 0x192bc6598
  Set: 406 Way: 1 Address: 0x247006595
  Set: 407 Way: 0 Address: 0x3d87a65d0
  Set: 408 Way: 0 Address: 0x192bc6635
  Set: 409 Way: 0 Address: 0x37f426670
  Set: 409 Way: 1 Address: 0x247006676
  Set: 410 Way: 0 Address: 0x2470066a6
  Set: 411 Way: 0 Address: 0x1b7ae66f8
  Set: 411 Way: 1 Address: 0x192bc66cf
  Set: 415 Way: 0 Address: 0x3dae667f0
  Set: 416 Way: 0 Address: 0x192bc6836
  Set: 418 Way: 0 Address: 0x2470068b8
  Set: 419 Way: 0 Address: 0x211d168f8
  Set: 420 Way: 0 Address: 0x247006915
  Set: 420 Way: 1 Address: 0x192bc6918
  Set: 422 Way: 0 Address: 0x192bc69a4
  Set: 425 Way: 0 Address: 0x192bc6a72
  Set: 426 Way: 0 Address: 0x192bc6aa9
  Set: 426 Way: 1 Address: 0x247006a8f
  Set: 431 Way: 0 Address: 0x27d4c6bc8
  Set: 431 Way: 1 Address: 0x1aa7b6bc0
  Set: 434 Way: 0 Address: 0x1aa7b6cb0
  Set: 435 Way: 0 Address: 0x3d6456ce7
  Set: 437 Way: 0 Address: 0x183ea6d58
  Set: 439 Way: 0 Address: 0x183ea6dc0
  Set: 439 Way: 1 Address: 0x3d6456de7
  Set: 440 Way: 0 Address: 0x101c26e11
  Set: 441 Way: 0 Address: 0x101c26e68
  Set: 443 Way: 0 Address: 0x3d6456ef7
  Set: 448 Way: 0 Address: 0x27ae47021
  Set: 449 Way: 0 Address: 0xbeea7040
  Set: 450 Way: 0 Address: 0xbeea70a8
  Set: 453 Way: 0 Address: 0x12c077168
  Set: 453 Way: 1 Address: 0x3704c7164
  Set: 463 Way: 0 Address: 0x2fbe973cf
  Set: 464 Way: 0 Address: 0x3704c7431
  Set: 468 Way: 0 Address: 0x358da7508
  Set: 469 Way: 0 Address: 0x112417570
  Set: 469 Way: 1 Address: 0x3704c7569
  Set: 473 Way: 0 Address: 0x3704c7650
  Set: 475 Way: 0 Address: 0x276ff76e8
  Set: 475 Way: 1 Address: 0x3704c76cf
  Set: 476 Way: 0 Address: 0x112417720
  Set: 476 Way: 1 Address: 0x358da7720
  Set: 477 Way: 0 Address: 0x2fbe9774a
  Set: 479 Way: 0 Address: 0x2fbe977c2
  Set: 481 Way: 0 Address: 0x3704c7869
  Set: 495 Way: 0 Address: 0x2fbe97bc2
  Set: 499 Way: 0 Address: 0x3704c7cf7
  Set: 503 Way: 0 Address: 0x3704c7deb
  Set: 513 Way: 0 Address: 0x201598058
  Set: 515 Way: 0 Address: 0x2015980e8
  Set: 516 Way: 0 Address: 0x2760e8110
  Set: 520 Way: 0 Address: 0x16668231
  Set: 533 Way: 0 Address: 0x2db378560
  Set: 533 Way: 1 Address: 0x1b2ef8558
  Set: 535 Way: 0 Address: 0x1b2ef85f8
  Set: 540 Way: 0 Address: 0x2760e8718
  Set: 543 Way: 0 Address: 0x1aafb87f8
  Set: 546 Way: 0 Address: 0x1bdd188a0
  Set: 554 Way: 0 Address: 0x1bdd18ab8
  Set: 564 Way: 0 Address: 0x3fe58d00
  Set: 567 Way: 0 Address: 0x16668dd7
  Set: 568 Way: 0 Address: 0x3fe58e18
  Set: 572 Way: 0 Address: 0x2c9898f00
  Set: 573 Way: 0 Address: 0x3bdd78f60
  Set: 574 Way: 0 Address: 0x3bdd78f81
  Set: 575 Way: 0 Address: 0x3bdd78fc1
  Set: 576 Way: 0 Address: 0x2fa0c9020
  Set: 576 Way: 1 Address: 0x8a579014
  Set: 580 Way: 0 Address: 0x379d39125
  Set: 580 Way: 1 Address: 0x8a579112
  Set: 580 Way: 2 Address: 0x2fa0c9112
  Set: 581 Way: 0 Address: 0x321ff9150
  Set: 581 Way: 1 Address: 0x379d39150
  Set: 584 Way: 0 Address: 0x5d6e921a
  Set: 586 Way: 0 Address: 0x8a5792b0
  Set: 587 Way: 0 Address: 0x379d392cf
  Set: 587 Way: 1 Address: 0x5d6e92cf
  Set: 592 Way: 0 Address: 0x2fa0c943a
  Set: 595 Way: 0 Address: 0x2c87494f8
  Set: 596 Way: 0 Address: 0x2c8749528
  Set: 596 Way: 1 Address: 0x2fa0c9520
  Set: 596 Way: 2 Address: 0x8a579520
  Set: 596 Way: 3 Address: 0x7b479500
  Set: 596 Way: 4 Address: 0x1b87f9500
  Set: 597 Way: 0 Address: 0x2fa0c9558
  Set: 597 Way: 1 Address: 0x8a579550
  Set: 598 Way: 0 Address: 0x2fa0c959a
  Set: 598 Way: 1 Address: 0x8a579598
  Set: 598 Way: 2 Address: 0x7b4795a8
  Set: 599 Way: 0 Address: 0x2fa0c95cf
  Set: 600 Way: 0 Address: 0x1b87f9618
  Set: 605 Way: 0 Address: 0x3f401974a
  Set: 607 Way: 0 Address: 0x3f40197c0
  Set: 608 Way: 0 Address: 0x8a57983a
  Set: 609 Way: 0 Address: 0x5d6e9869
  Set: 610 Way: 0 Address: 0x8a579890
  Set: 610 Way: 1 Address: 0x2fa0c9890
  Set: 612 Way: 0 Address: 0x2fa0c993a
  Set: 612 Way: 1 Address: 0x8a579916
  Set: 613 Way: 0 Address: 0x5d6e9952
  Set: 614 Way: 0 Address: 0x8a57999a
  Set: 614 Way: 1 Address: 0x2fa0c99b2
  Set: 616 Way: 0 Address: 0x5d6e9a3a
  Set: 617 Way: 0 Address: 0x2ee369a48
  Set: 617 Way: 1 Address: 0x379d39a76
  Set: 617 Way: 2 Address: 0x5d6e9a52
  Set: 618 Way: 0 Address: 0x379d39aa0
  Set: 627 Way: 0 Address: 0x8a579cfb
  Set: 627 Way: 1 Address: 0x16a859cf8
  Set: 628 Way: 0 Address: 0x312099d38
  Set: 628 Way: 1 Address: 0x16a859d10
  Set: 629 Way: 0 Address: 0xb84a9d60
  Set: 631 Way: 0 Address: 0x8a579df7
  Set: 640 Way: 0 Address: 0x1d89da010
  Set: 640 Way: 1 Address: 0xc67da004
  Set: 641 Way: 0 Address: 0x223eda068
  Set: 641 Way: 1 Address: 0x1d89da060
  Set: 641 Way: 2 Address: 0x1e561a050
  Set: 642 Way: 0 Address: 0x1e561a095
  Set: 645 Way: 0 Address: 0x24e60a158
  Set: 664 Way: 0 Address: 0x1e561a63a
  Set: 665 Way: 0 Address: 0x1e561a650
  Set: 667 Way: 0 Address: 0x1e561a6cf
  Set: 668 Way: 0 Address: 0x24e60a718
  Set: 670 Way: 0 Address: 0x18db7a7b0
  Set: 674 Way: 0 Address: 0x18db7a8a0
  Set: 677 Way: 0 Address: 0x1e561a959
  Set: 679 Way: 0 Address: 0x1e561a9cf
  Set: 688 Way: 0 Address: 0x24243ac24
  Set: 691 Way: 0 Address: 0x1132facf8
  Set: 692 Way: 0 Address: 0x1132fad20
  Set: 692 Way: 1 Address: 0x8754ad00
  Set: 695 Way: 0 Address: 0x1e561adfb
  Set: 699 Way: 0 Address: 0x8754aef0
  Set: 704 Way: 0 Address: 0xc0d9b001
  Set: 704 Way: 1 Address: 0x394edb016
  Set: 704 Way: 2 Address: 0xed70b021
  Set: 705 Way: 0 Address: 0xc0d9b044
  Set: 705 Way: 1 Address: 0x394edb06e
  Set: 706 Way: 0 Address: 0xc0d9b080
  Set: 706 Way: 1 Address: 0x394edb0b6
  Set: 707 Way: 0 Address: 0xc0d9b0f0
  Set: 707 Way: 1 Address: 0x394edb0de
  Set: 708 Way: 0 Address: 0xc0d9b101
  Set: 708 Way: 1 Address: 0x394edb12e
  Set: 709 Way: 0 Address: 0xc0d9b162
  Set: 709 Way: 1 Address: 0x394edb154
  Set: 709 Way: 2 Address: 0x1e568b158
  Set: 709 Way: 3 Address: 0xed70b150
  Set: 710 Way: 0 Address: 0x394edb184
  Set: 710 Way: 1 Address: 0xc0d9b180
  Set: 711 Way: 0 Address: 0x394edb1fa
  Set: 711 Way: 1 Address: 0xc0d9b1c0
  Set: 712 Way: 0 Address: 0x394edb222
  Set: 712 Way: 1 Address: 0xc0d9b212
  Set: 713 Way: 0 Address: 0x394edb240
  Set: 713 Way: 1 Address: 0xc0d9b242
  Set: 714 Way: 0 Address: 0x394edb2be
  Set: 715 Way: 0 Address: 0x394edb2e2
  Set: 716 Way: 0 Address: 0x394edb30c
  Set: 717 Way: 0 Address: 0x394edb360
  Set: 718 Way: 0 Address: 0x394edb3b6
  Set: 718 Way: 1 Address: 0x157dab3a0
  Set: 719 Way: 0 Address: 0x394edb3ca
  Set: 720 Way: 0 Address: 0x394edb42a
  Set: 720 Way: 1 Address: 0x157dab420
  Set: 721 Way: 0 Address: 0x394edb454
  Set: 722 Way: 0 Address: 0x394edb4a2
  Set: 722 Way: 1 Address: 0x157dab4a0
  Set: 723 Way: 0 Address: 0x394edb4dc
  Set: 724 Way: 0 Address: 0x394edb51c
  Set: 725 Way: 0 Address: 0x394edb56e
  Set: 726 Way: 0 Address: 0x394edb598
  Set: 727 Way: 0 Address: 0x394edb5c0
  Set: 727 Way: 1 Address: 0x1e568b5c8
  Set: 728 Way: 0 Address: 0x394edb630
  Set: 728 Way: 1 Address: 0x28420b620
  Set: 728 Way: 2 Address: 0x157dab600
  Set: 729 Way: 0 Address: 0x394edb660
  Set: 730 Way: 0 Address: 0x394edb6a4
  Set: 730 Way: 1 Address: 0xc0d9b6b0
  Set: 730 Way: 2 Address: 0x157dab680
  Set: 731 Way: 0 Address: 0xc0d9b6c3
  Set: 731 Way: 1 Address: 0x394edb6c0
  Set: 732 Way: 0 Address: 0x394edb724
  Set: 732 Way: 1 Address: 0xc0d9b704
  Set: 732 Way: 2 Address: 0x157dab700
  Set: 733 Way: 0 Address: 0xc0d9b740
  Set: 734 Way: 0 Address: 0xc0d9b781
  Set: 734 Way: 1 Address: 0x157dab780
  Set: 740 Way: 0 Address: 0x28420b900
  Set: 753 Way: 0 Address: 0x3b377bc78
  Set: 754 Way: 0 Address: 0x3b377bc80
  Set: 755 Way: 0 Address: 0x3b377bcc3
  Set: 755 Way: 1 Address: 0x36889bcd7
  Set: 756 Way: 0 Address: 0x3b377bd02
  Set: 756 Way: 1 Address: 0xcf83bd30
  Set: 757 Way: 0 Address: 0xcf83bd68
  Set: 758 Way: 0 Address: 0x36889bdaa
  Set: 760 Way: 0 Address: 0x36889be39
  Set: 762 Way: 0 Address: 0x36889bea8
  Set: 767 Way: 0 Address: 0x36889bfc8
  Set: 768 Way: 0 Address: 0xdf85c000
  Set: 768 Way: 1 Address: 0x29484c03a
  Set: 769 Way: 0 Address: 0x12c6fc060
  Set: 769 Way: 1 Address: 0x32f48c064
  Set: 770 Way: 0 Address: 0x29484c0b0
  Set: 770 Way: 1 Address: 0x4dd9c0a9
  Set: 771 Way: 0 Address: 0x29484c0c1
  Set: 772 Way: 0 Address: 0x29484c103
  Set: 773 Way: 0 Address: 0x29484c145
  Set: 774 Way: 0 Address: 0x29484c182
  Set: 776 Way: 0 Address: 0x32f48c211
  Set: 778 Way: 0 Address: 0x32f48c29a
  Set: 784 Way: 0 Address: 0x32f48c434
  Set: 789 Way: 0 Address: 0x32f48c551
  Set: 790 Way: 0 Address: 0x32f48c595
  Set: 791 Way: 0 Address: 0x38e35c5c0
  Set: 792 Way: 0 Address: 0x38e35c604
  Set: 792 Way: 1 Address: 0xb77ac639
  Set: 792 Way: 2 Address: 0x267bcc631
  Set: 793 Way: 0 Address: 0x38e35c660
  Set: 793 Way: 1 Address: 0x28f0cc670
  Set: 793 Way: 2 Address: 0x32f48c674
  Set: 794 Way: 0 Address: 0x38e35c680
  Set: 794 Way: 1 Address: 0x32f48c6a9
  Set: 795 Way: 0 Address: 0x38e35c6c1
  Set: 796 Way: 0 Address: 0x38e35c721
  Set: 797 Way: 0 Address: 0x38e35c740
  Set: 798 Way: 0 Address: 0x38e35c781
  Set: 799 Way: 0 Address: 0x38e35c7c0
  Set: 800 Way: 0 Address: 0x38e35c806
  Set: 800 Way: 1 Address: 0x4dd9c824
  Set: 801 Way: 0 Address: 0x38e35c845
  Set: 801 Way: 1 Address: 0x32f48c878
  Set: 802 Way: 0 Address: 0x32f48c8b8
  Set: 803 Way: 0 Address: 0x38e35c8c3
  Set: 804 Way: 0 Address: 0x32f48c934
  Set: 804 Way: 1 Address: 0x38e35c908
  Set: 805 Way: 0 Address: 0x38e35c946
  Set: 807 Way: 0 Address: 0x38e35c9e1
  Set: 808 Way: 0 Address: 0x38e35ca05
  Set: 810 Way: 0 Address: 0x38e35ca89
  Set: 811 Way: 0 Address: 0x38e35cae0
  Set: 812 Way: 0 Address: 0x38e35cb01
  Set: 813 Way: 0 Address: 0x38e35cb43
  Set: 814 Way: 0 Address: 0x38e35cb82
  Set: 815 Way: 0 Address: 0x38e35cbc5
  Set: 816 Way: 0 Address: 0x38e35cc08
  Set: 817 Way: 0 Address: 0x38e35cc70
  Set: 818 Way: 0 Address: 0x38e35ccb0
  Set: 818 Way: 1 Address: 0x2aa42cca8
  Set: 819 Way: 0 Address: 0x38e35ccc4
  Set: 819 Way: 1 Address: 0x2cd70ccf0
  Set: 820 Way: 0 Address: 0x38e35cd00
  Set: 820 Way: 1 Address: 0x32502cd18
  Set: 821 Way: 0 Address: 0x38e35cd7a
  Set: 821 Way: 1 Address: 0x1ae2ccd68
  Set: 821 Way: 2 Address: 0x32502cd40
  Set: 821 Way: 3 Address: 0x2f8e1cd58
  Set: 822 Way: 0 Address: 0x38e35cd90
  Set: 823 Way: 0 Address: 0x38e35cdc1
  Set: 824 Way: 0 Address: 0x38e35ce20
  Set: 824 Way: 1 Address: 0x2cd70ce38
  Set: 833 Way: 0 Address: 0x23755d048
  Set: 833 Way: 1 Address: 0x15164d070
  Set: 833 Way: 2 Address: 0x2efecd068
  Set: 834 Way: 0 Address: 0x23755d090
  Set: 835 Way: 0 Address: 0x3bcc0d0f8
  Set: 837 Way: 0 Address: 0x15164d164
  Set: 837 Way: 1 Address: 0x2cc9bd154
  Set: 843 Way: 0 Address: 0x5588d2c0
  Set: 843 Way: 1 Address: 0x1954d2f8
  Set: 843 Way: 2 Address: 0x2efecd2f8
  Set: 844 Way: 0 Address: 0x1954d310
  Set: 848 Way: 0 Address: 0x15164d434
  Set: 853 Way: 0 Address: 0xe51bd568
  Set: 853 Way: 1 Address: 0xdb22d540
  Set: 854 Way: 0 Address: 0x3bcc0d5a8
  Set: 856 Way: 0 Address: 0xe51bd620
  Set: 858 Way: 0 Address: 0x1add690
  Set: 867 Way: 0 Address: 0x23755d8f8
  Set: 868 Way: 0 Address: 0xdb22d900
  Set: 882 Way: 0 Address: 0x3d747dcb0
  Set: 889 Way: 0 Address: 0x187c8de68
  Set: 895 Way: 0 Address: 0x187c8dff0
  Set: 896 Way: 0 Address: 0x28b67e000
  Set: 896 Way: 1 Address: 0x2db79e010
  Set: 896 Way: 2 Address: 0x20597e028
  Set: 897 Way: 0 Address: 0x20597e076
  Set: 897 Way: 1 Address: 0x1fe66e070
  Set: 897 Way: 2 Address: 0x3857be068
  Set: 898 Way: 0 Address: 0x2db79e0a8
  Set: 898 Way: 1 Address: 0x20597e0ba
  Set: 898 Way: 2 Address: 0x7d0ee0b9
  Set: 898 Way: 3 Address: 0xd209e0a1
  Set: 901 Way: 0 Address: 0x7d0ee165
  Set: 904 Way: 0 Address: 0x7d0ee210
  Set: 905 Way: 0 Address: 0x20597e27a
  Set: 906 Way: 0 Address: 0x7d0ee2b0
  Set: 906 Way: 1 Address: 0x20597e2b6
  Set: 907 Way: 0 Address: 0x20597e2cf
  Set: 908 Way: 0 Address: 0x2d95e310
  Set: 910 Way: 0 Address: 0x2c077e388
  Set: 911 Way: 0 Address: 0x2c077e3c8
  Set: 911 Way: 1 Address: 0x23730e3ca
  Set: 912 Way: 0 Address: 0x20597e438
  Set: 915 Way: 0 Address: 0x21962e4cf
  Set: 916 Way: 0 Address: 0x20597e530
  Set: 916 Way: 1 Address: 0x2dee5e528
  Set: 916 Way: 2 Address: 0x7d0ee510
  Set: 921 Way: 0 Address: 0x20597e678
  Set: 922 Way: 0 Address: 0x7d0ee690
  Set: 922 Way: 1 Address: 0x20597e690
  Set: 923 Way: 0 Address: 0x20597e6cf
  Set: 925 Way: 0 Address: 0x2c077e74a
  Set: 927 Way: 0 Address: 0x28b67e7f8
  Set: 927 Way: 1 Address: 0x2d95e7f8
  Set: 928 Way: 0 Address: 0x7d0ee834
  Set: 929 Way: 0 Address: 0x20597e876
  Set: 932 Way: 0 Address: 0x20597e93a
  Set: 933 Way: 0 Address: 0x7d0ee976
  Set: 933 Way: 1 Address: 0x108ede950
  Set: 934 Way: 0 Address: 0x108ede998
  Set: 936 Way: 0 Address: 0x7d0eea18
  Set: 937 Way: 0 Address: 0x2f5d8ea40
  Set: 937 Way: 1 Address: 0x20597ea72
  Set: 937 Way: 2 Address: 0x7d0eea75
  Set: 941 Way: 0 Address: 0x3734eeb50
  Set: 941 Way: 1 Address: 0x1c084eb50
  Set: 941 Way: 2 Address: 0x2c077eb4a
  Set: 943 Way: 0 Address: 0x2c077ebca
  Set: 943 Way: 1 Address: 0x23730ebc2
  Set: 959 Way: 0 Address: 0x3734eeff8
  Set: 970 Way: 0 Address: 0x6637f2a1
  Set: 973 Way: 0 Address: 0x23756f350
  Set: 974 Way: 0 Address: 0x23756f385
  Set: 975 Way: 0 Address: 0x23756f3c1
  Set: 976 Way: 0 Address: 0x23756f401
  Set: 977 Way: 0 Address: 0x23756f444
  Set: 978 Way: 0 Address: 0x23756f48e
  Set: 979 Way: 0 Address: 0x22272f4f8
  Set: 980 Way: 0 Address: 0x22272f518
  Set: 983 Way: 0 Address: 0x23756f5d0
  Set: 984 Way: 0 Address: 0x23756f626
  Set: 985 Way: 0 Address: 0x23756f640
  Set: 985 Way: 1 Address: 0x1609ff64f
  Set: 986 Way: 0 Address: 0x23756f680
  Set: 987 Way: 0 Address: 0x23756f6c2
  Set: 988 Way: 0 Address: 0x23756f700
  Set: 1000 Way: 0 Address: 0xee86fa38
  Set: 1007 Way: 0 Address: 0x143efbc8
  Set: 1008 Way: 0 Address: 0x143efc00
  Set: 1011 Way: 0 Address: 0x23756fcd0
  Set: 1012 Way: 0 Address: 0x23756fd03
  Set: 1012 Way: 1 Address: 0x3567dfd10
  Set: 1016 Way: 0 Address: 0x3567dfe18
EndCache
Cache: cpu0_L1I
  Set: 0 Way: 0 Address: 0x29484c03a
  Set: 0 Way: 1 Address: 0x1c84e2002
  Set: 0 Way: 2 Address: 0xc0d9b001
  Set: 1 Way: 0 Address: 0x397bb4050
  Set: 1 Way: 1 Address: 0xc0d9b044
  Set: 1 Way: 2 Address: 0x1c84e2044
  Set: 2 Way: 0 Address: 0x29484c0b0
  Set: 2 Way: 1 Address: 0xc0d9b080
  Set: 2 Way: 2 Address: 0x1c84e2082
  Set: 3 Way: 0 Address: 0x29484c0fb
  Set: 3 Way: 1 Address: 0xc0d9b0f0
  Set: 3 Way: 2 Address: 0x1c84e20c6
  Set: 4 Way: 0 Address: 0x29484c103
  Set: 4 Way: 1 Address: 0xc0d9b101
  Set: 4 Way: 2 Address: 0x1c84e2101
  Set: 5 Way: 0 Address: 0x29484c163
  Set: 5 Way: 1 Address: 0xc0d9b162
  Set: 5 Way: 2 Address: 0x1c84e2141
  Set: 6 Way: 0 Address: 0x1c84e21b2
  Set: 6 Way: 1 Address: 0x29484c1a9
  Set: 6 Way: 2 Address: 0xc0d9b1b1
  Set: 7 Way: 0 Address: 0x1c84e21e0
  Set: 7 Way: 1 Address: 0xc0d9b1c0
  Set: 8 Way: 0 Address: 0x1c84e2201
  Set: 8 Way: 1 Address: 0xc0d9b212
  Set: 9 Way: 0 Address: 0x1c84e226b
  Set: 9 Way: 1 Address: 0xc0d9b271
  Set: 10 Way: 0 Address: 0x1c84e2284
  Set: 11 Way: 0 Address: 0x5588d2c0
  Set: 11 Way: 1 Address: 0x1c84e22fb
  Set: 12 Way: 0 Address: 0x1c84e2301
  Set: 13 Way: 0 Address: 0x23756f350
  Set: 14 Way: 0 Address: 0x1c84e23a4
  Set: 14 Way: 1 Address: 0x23756f385
  Set: 15 Way: 0 Address: 0x23756f3ec
  Set: 16 Way: 0 Address: 0x3c1074400
  Set: 16 Way: 1 Address: 0x1c84e2400
  Set: 16 Way: 2 Address: 0x23756f401
  Set: 17 Way: 0 Address: 0x3c1074440
  Set: 17 Way: 1 Address: 0x1c84e2447
  Set: 17 Way: 2 Address: 0x23756f444
  Set: 18 Way: 0 Address: 0x3c10744af
  Set: 18 Way: 1 Address: 0x1c84e2482
  Set: 18 Way: 2 Address: 0x23756f48e
  Set: 19 Way: 0 Address: 0x3c10744e9
  Set: 19 Way: 1 Address: 0x1c84e24c0
  Set: 20 Way: 0 Address: 0x3c1074539
  Set: 20 Way: 1 Address: 0x1c84e252c
  Set: 21 Way: 0 Address: 0x3c1074540
  Set: 21 Way: 1 Address: 0x1c84e2544
  Set: 22 Way: 0 Address: 0x1c84e2584
  Set: 22 Way: 1 Address: 0x3c10745b2
  Set: 23 Way: 0 Address: 0x1c84e25c0
  Set: 23 Way: 1 Address: 0x38e35c5f6
  Set: 23 Way: 2 Address: 0x3c10745fb
  Set: 23 Way: 3 Address: 0x23756f5ec
  Set: 24 Way: 0 Address: 0x1c84e2606
  Set: 24 Way: 1 Address: 0x38e35c604
  Set: 24 Way: 2 Address: 0x3c1074603
  Set: 24 Way: 3 Address: 0x23756f626
  Set: 25 Way: 0 Address: 0x38e35c660
  Set: 25 Way: 1 Address: 0x3c1074640
  Set: 25 Way: 2 Address: 0x23756f66d
  Set: 26 Way: 0 Address: 0xc0d9b6b0
  Set: 26 Way: 1 Address: 0x38e35c6a1
  Set: 26 Way: 2 Address: 0x3c1074683
  Set: 26 Way: 3 Address: 0x23756f680
  Set: 27 Way: 0 Address: 0x38e35c6c1
  Set: 27 Way: 1 Address: 0xc0d9b6f1
  Set: 27 Way: 2 Address: 0x3c10746dd
  Set: 27 Way: 3 Address: 0x23756f6c2
  Set: 28 Way: 0 Address: 0x3c1074700
  Set: 28 Way: 1 Address: 0x38e35c721
  Set: 28 Way: 2 Address: 0xc0d9b736
  Set: 28 Way: 3 Address: 0x23756f700
  Set: 29 Way: 0 Address: 0x38e35c768
  Set: 29 Way: 1 Address: 0xc0d9b76e
  Set: 29 Way: 2 Address: 0x3c1074775
  Set: 30 Way: 0 Address: 0x3c107478d
  Set: 30 Way: 1 Address: 0x38e35c781
  Set: 30 Way: 2 Address: 0xc0d9b781
  Set: 31 Way: 0 Address: 0x38e35c7c0
  Set: 32 Way: 0 Address: 0x1c84e2824
  Set: 32 Way: 1 Address: 0x38e35c806
  Set: 33 Way: 0 Address: 0x1c84e2874
  Set: 33 Way: 1 Address: 0x38e35c845
  Set: 34 Way: 0 Address: 0x1c84e2880
  Set: 35 Way: 0 Address: 0x38e35c8c3
  Set: 36 Way: 0 Address: 0x397bb4924
  Set: 36 Way: 1 Address: 0x38e35c908
  Set: 37 Way: 0 Address: 0x397bb496c
  Set: 37 Way: 1 Address: 0x38e35c946
  Set: 37 Way: 2 Address: 0x108ede950
  Set: 38 Way: 0 Address: 0x1c84e29ad
  Set: 38 Way: 1 Address: 0x397bb4988
  Set: 38 Way: 2 Address: 0x108ede998
  Set: 39 Way: 0 Address: 0x1c84e29e9
  Set: 39 Way: 1 Address: 0x38e35c9e1
  Set: 40 Way: 0 Address: 0x38e35ca05
  Set: 40 Way: 1 Address: 0x1c84e2a02
  Set: 40 Way: 2 Address: 0x397bb4a34
  Set: 41 Way: 0 Address: 0x397bb4a40
  Set: 42 Way: 0 Address: 0x38e35ca89
  Set: 42 Way: 1 Address: 0x397bb4aac
  Set: 43 Way: 0 Address: 0x38e35cae0
  Set: 43 Way: 1 Address: 0x397bb4ad0
  Set: 44 Way: 0 Address: 0x1c84e2b2d
  Set: 44 Way: 1 Address: 0x38e35cb01
  Set: 45 Way: 0 Address: 0x38e35cb70
  Set: 46 Way: 0 Address: 0x38e35cb82
  Set: 47 Way: 0 Address: 0x38e35cbc5
  Set: 48 Way: 0 Address: 0x397bb4c33
  Set: 48 Way: 1 Address: 0x38e35cc08
  Set: 48 Way: 2 Address: 0x3317f4c38
  Set: 49 Way: 0 Address: 0x397bb4c56
  Set: 49 Way: 1 Address: 0x38e35cc70
  Set: 49 Way: 2 Address: 0x3b377bc78
  Set: 49 Way: 3 Address: 0x3317f4c65
  Set: 50 Way: 0 Address: 0x38e35ccb0
  Set: 50 Way: 1 Address: 0x3b377bc80
  Set: 50 Way: 2 Address: 0x1c84e2c80
  Set: 50 Way: 3 Address: 0x397bb4c80
  Set: 51 Way: 0 Address: 0x38e35ccc4
  Set: 51 Way: 1 Address: 0x3b377bcc3
  Set: 51 Way: 2 Address: 0x23756fcd0
  Set: 51 Way: 3 Address: 0x397bb4cf0
  Set: 51 Way: 4 Address: 0x3317f4cc9
  Set: 52 Way: 0 Address: 0x38e35cd00
  Set: 52 Way: 1 Address: 0x3b377bd02
  Set: 52 Way: 2 Address: 0x23756fd03
  Set: 52 Way: 3 Address: 0x397bb4d30
  Set: 52 Way: 4 Address: 0x3317f4d04
  Set: 53 Way: 0 Address: 0x397bb4d43
  Set: 53 Way: 1 Address: 0x38e35cd7a
  Set: 53 Way: 2 Address: 0x17e364d60
  Set: 53 Way: 3 Address: 0x3317f4d41
  Set: 54 Way: 0 Address: 0x38e35cd90
  Set: 54 Way: 1 Address: 0x397bb4da2
  Set: 54 Way: 2 Address: 0x17e364d80
  Set: 55 Way: 0 Address: 0x1c84e2de0
  Set: 55 Way: 1 Address: 0x3c1074df0
  Set: 55 Way: 2 Address: 0x397bb4ded
  Set: 55 Way: 3 Address: 0x38e35cde0
  Set: 55 Way: 4 Address: 0x17e364dc0
  Set: 56 Way: 0 Address: 0x38e35ce20
  Set: 56 Way: 1 Address: 0x1c84e2e00
  Set: 56 Way: 2 Address: 0x3c1074e01
  Set: 56 Way: 3 Address: 0x397bb4e32
  Set: 56 Way: 4 Address: 0x17e364e02
  Set: 57 Way: 0 Address: 0x1c84e2e70
  Set: 57 Way: 1 Address: 0x397bb4e46
  Set: 58 Way: 0 Address: 0xb8004eb0
  Set: 58 Way: 1 Address: 0x397bb4ea3
  Set: 59 Way: 0 Address: 0xb8004ee2
  Set: 59 Way: 1 Address: 0x397bb4ee5
  Set: 60 Way: 0 Address: 0x2c9898f00
  Set: 60 Way: 1 Address: 0x397bb4f00
  Set: 60 Way: 2 Address: 0x342b40f30
  Set: 61 Way: 0 Address: 0xb8004f70
  Set: 61 Way: 1 Address: 0x3bdd78f60
  Set: 61 Way: 2 Address: 0x342b40f41
  Set: 61 Way: 3 Address: 0x397bb4f40
  Set: 62 Way: 0 Address: 0x397bb4fa4
  Set: 62 Way: 1 Address: 0xb8004fa7
  Set: 62 Way: 2 Address: 0x3bdd78f81
  Set: 62 Way: 3 Address: 0x342b40f83
  Set: 63 Way: 0 Address: 0x397bb4ff3
  Set: 63 Way: 1 Address: 0xb8004fce
  Set: 63 Way: 2 Address: 0x3bdd78fc1
  Set: 63 Way: 3 Address: 0x342b40fc0
EndCache
Cache: cpu0_L1D
  Set: 0 Way: 0 Address: 0xdf85c000
  Set: 0 Way: 1 Address: 0x8a579014
  Set: 0 Way: 2 Address: 0xed70b021
  Set: 0 Way: 3 Address: 0x1d89da010
  Set: 0 Way: 4 Address: 0x27ae47021
  Set: 0 Way: 5 Address: 0x260091014
  Set: 0 Way: 6 Address: 0x2db79e010
  Set: 0 Way: 7 Address: 0xc67da004
  Set: 0 Way: 8 Address: 0x354d35008
  Set: 0 Way: 9 Address: 0x394edb014
  Set: 0 Way: 10 Address: 0x20597e028
  Set: 0 Way: 11 Address: 0x2fa0c9020
  Set: 1 Way: 0 Address: 0x15164d070
  Set: 1 Way: 1 Address: 0x247006064
  Set: 1 Way: 2 Address: 0x394edb06e
  Set: 1 Way: 3 Address: 0x32f48c064
  Set: 1 Way: 4 Address: 0x20597e076
  Set: 1 Way: 5 Address: 0x181c81050
  Set: 1 Way: 6 Address: 0x1fe66e070
  Set: 1 Way: 7 Address: 0x2efecd068
  Set: 1 Way: 8 Address: 0x1b0f15040
  Set: 1 Way: 9 Address: 0x3232f3078
  Set: 1 Way: 10 Address: 0x3857be068
  Set: 1 Way: 11 Address: 0x354d35054
  Set: 2 Way: 0 Address: 0x7d0ee0b9
  Set: 2 Way: 1 Address: 0x2600910a6
  Set: 2 Way: 2 Address: 0xd209e0a1
  Set: 2 Way: 3 Address: 0x168ef00b9
  Set: 2 Way: 4 Address: 0x181c81099
  Set: 2 Way: 5 Address: 0x1e561a095
  Set: 2 Way: 6 Address: 0x1d68a50a9
  Set: 2 Way: 7 Address: 0x354d35080
  Set: 2 Way: 8 Address: 0x394edb0b6
  Set: 2 Way: 9 Address: 0x2470060b9
  Set: 2 Way: 10 Address: 0x20597e0ba
  Set: 2 Way: 11 Address: 0x4dd9c0a9
  Set: 3 Way: 0 Address: 0x3c56b30e8
  Set: 3 Way: 1 Address: 0x2015980e8
  Set: 3 Way: 2 Address: 0x354d350e8
  Set: 3 Way: 3 Address: 0x394edb0de
  Set: 3 Way: 4 Address: 0x348de20f8
  Set: 3 Way: 5 Address: 0x3bcc0d0f8
  Set: 3 Way: 6 Address: 0x2b2e930c8
  Set: 4 Way: 0 Address: 0x354d35124
  Set: 4 Way: 1 Address: 0x2177f0125
  Set: 4 Way: 2 Address: 0x394edb12e
  Set: 4 Way: 3 Address: 0x379d39125
  Set: 4 Way: 4 Address: 0x28a940100
  Set: 4 Way: 5 Address: 0xd78d3100
  Set: 4 Way: 6 Address: 0x8a579112
  Set: 4 Way: 7 Address: 0x2760e8110
  Set: 4 Way: 8 Address: 0xa601110
  Set: 4 Way: 9 Address: 0x2fa0c9112
  Set: 4 Way: 10 Address: 0x3bdb2120
  Set: 5 Way: 0 Address: 0x394edb154
  Set: 5 Way: 1 Address: 0x354d35168
  Set: 5 Way: 2 Address: 0x12c077168
  Set: 5 Way: 3 Address: 0x3704c7164
  Set: 5 Way: 4 Address: 0x7d0ee165
  Set: 5 Way: 5 Address: 0x2b2e93168
  Set: 5 Way: 6 Address: 0xed70b150
  Set: 5 Way: 7 Address: 0x2cc9bd154
  Set: 5 Way: 8 Address: 0xc2e83150
  Set: 5 Way: 9 Address: 0x321ff9150
  Set: 5 Way: 10 Address: 0x23a612154
  Set: 5 Way: 11 Address: 0x379d39150
  Set: 6 Way: 0 Address: 0x354d35184
  Set: 6 Way: 1 Address: 0x394edb184
  Set: 6 Way: 2 Address: 0x181c811a4
  Set: 6 Way: 3 Address: 0x34e4a2190
  Set: 6 Way: 4 Address: 0x2b2e931b8
  Set: 7 Way: 0 Address: 0x354d351d8
  Set: 7 Way: 1 Address: 0x6e6201e0
  Set: 7 Way: 2 Address: 0x394edb1fa
  Set: 7 Way: 3 Address: 0x2b2e931e8
  Set: 8 Way: 0 Address: 0x2b2e93228
  Set: 8 Way: 1 Address: 0x354d3522c
  Set: 8 Way: 2 Address: 0x394edb222
  Set: 8 Way: 3 Address: 0x7d0ee210
  Set: 8 Way: 4 Address: 0x16668231
  Set: 8 Way: 5 Address: 0x24700621a
  Set: 8 Way: 6 Address: 0x3bdb2232
  Set: 8 Way: 7 Address: 0x168ef0210
  Set: 8 Way: 8 Address: 0x5d6e921a
  Set: 8 Way: 9 Address: 0x192bc6229
  Set: 8 Way: 10 Address: 0x32f48c211
  Set: 9 Way: 0 Address: 0x2b2e93278
  Set: 9 Way: 1 Address: 0x354d35278
  Set: 9 Way: 2 Address: 0x20597e27a
  Set: 9 Way: 3 Address: 0x394edb240
  Set: 9 Way: 4 Address: 0x168ef027a
  Set: 9 Way: 5 Address: 0x34a87324f
  Set: 9 Way: 6 Address: 0x192bc6270
  Set: 10 Way: 0 Address: 0x2b2e932a0
  Set: 10 Way: 1 Address: 0x354d35280
  Set: 10 Way: 2 Address: 0x2600912b9
  Set: 10 Way: 3 Address: 0x34a8732b8
  Set: 10 Way: 4 Address: 0x7d0ee2b0
  Set: 10 Way: 5 Address: 0x394edb2be
  Set: 10 Way: 6 Address: 0x32f48c29a
  Set: 10 Way: 7 Address: 0x2177f02b9
  Set: 10 Way: 8 Address: 0x20597e2b6
  Set: 10 Way: 9 Address: 0x6637f2a1
  Set: 10 Way: 10 Address: 0x8a5792b0
  Set: 10 Way: 11 Address: 0x192bc62a9
  Set: 11 Way: 0 Address: 0x354d352c0
  Set: 11 Way: 1 Address: 0x2b2e932e8
  Set: 11 Way: 2 Address: 0x394edb2e2
  Set: 11 Way: 3 Address: 0x1954d2f8
  Set: 11 Way: 4 Address: 0x2efecd2f8
  Set: 11 Way: 5 Address: 0x20597e2cf
  Set: 11 Way: 6 Address: 0x192bc62cf
  Set: 11 Way: 7 Address: 0x23a6122cf
  Set: 11 Way: 8 Address: 0x34a8732cf
  Set: 11 Way: 9 Address: 0x181c812cf
  Set: 11 Way: 10 Address: 0x2600912cf
  Set: 11 Way: 11 Address: 0x2177f02cf
  Set: 12 Way: 0 Address: 0x354d35300
  Set: 12 Way: 1 Address: 0x394edb30c
  Set: 12 Way: 2 Address: 0x2d95e310
  Set: 12 Way: 3 Address: 0x1954d310
  Set: 13 Way: 0 Address: 0x2b2e93340
  Set: 13 Way: 1 Address: 0x354d35340
  Set: 13 Way: 2 Address: 0x394edb360
  Set: 14 Way: 0 Address: 0x2b2e93380
  Set: 14 Way: 1 Address: 0x354d35380
  Set: 14 Way: 2 Address: 0x394edb3b6
  Set: 14 Way: 3 Address: 0x6b744388
  Set: 14 Way: 4 Address: 0x157dab3a0
  Set: 14 Way: 5 Address: 0x2c077e388
  Set: 14 Way: 6 Address: 0xcf094388
  Set: 15 Way: 0 Address: 0x2b2e933c0
  Set: 15 Way: 1 Address: 0x354d353c8
  Set: 15 Way: 2 Address: 0x2c077e3c8
  Set: 15 Way: 3 Address: 0x394edb3ca
  Set: 15 Way: 4 Address: 0x23730e3ca
  Set: 15 Way: 5 Address: 0x2fbe973cf
  Set: 16 Way: 0 Address: 0x2b2e93400
  Set: 16 Way: 1 Address: 0x354d35428
  Set: 16 Way: 2 Address: 0x32f48c434
  Set: 16 Way: 3 Address: 0x20597e438
  Set: 16 Way: 4 Address: 0x394edb42a
  Set: 16 Way: 5 Address: 0x3bdb2434
  Set: 16 Way: 6 Address: 0x15164d434
  Set: 16 Way: 7 Address: 0x2fa0c943a
  Set: 16 Way: 8 Address: 0x3704c7431
  Set: 16 Way: 9 Address: 0x260091438
  Set: 16 Way: 10 Address: 0x157dab420
  Set: 17 Way: 0 Address: 0x394edb454
  Set: 17 Way: 1 Address: 0x34a873456
  Set: 17 Way: 2 Address: 0x354d35470
  Set: 18 Way: 0 Address: 0x394edb4a2
  Set: 18 Way: 1 Address: 0x2b2e93480
  Set: 18 Way: 2 Address: 0x354d35480
  Set: 18 Way: 3 Address: 0x2470064a9
  Set: 18 Way: 4 Address: 0x157dab4a0
  Set: 18 Way: 5 Address: 0x29939548f
  Set: 19 Way: 0 Address: 0x22272f4f8
  Set: 19 Way: 1 Address: 0x2c87494f8
  Set: 19 Way: 2 Address: 0x394edb4dc
  Set: 19 Way: 3 Address: 0x354d354c0
  Set: 19 Way: 4 Address: 0x21962e4cf
  Set: 20 Way: 0 Address: 0x8a579520
  Set: 20 Way: 1 Address: 0x260091530
  Set: 20 Way: 2 Address: 0x394edb51c
  Set: 20 Way: 3 Address: 0x696d6538
  Set: 20 Way: 4 Address: 0x272585528
  Set: 20 Way: 5 Address: 0x2dee5e528
  Set: 20 Way: 6 Address: 0x7b479500
  Set: 20 Way: 7 Address: 0x1b87f9500
  Set: 20 Way: 8 Address: 0x168ef0518
  Set: 20 Way: 9 Address: 0x354d3553c
  Set: 20 Way: 10 Address: 0x7d0ee510
  Set: 20 Way: 11 Address: 0x20597e530
  Set: 21 Way: 0 Address: 0x394edb56e
  Set: 21 Way: 1 Address: 0x2fa0c9558
  Set: 21 Way: 2 Address: 0x8a579550
  Set: 21 Way: 3 Address: 0x3bdb2550
  Set: 21 Way: 4 Address: 0x354d35566
  Set: 21 Way: 5 Address: 0x192bc6555
  Set: 21 Way: 6 Address: 0x247006552
  Set: 21 Way: 7 Address: 0x32f48c551
  Set: 21 Way: 8 Address: 0xa601558
  Set: 21 Way: 9 Address: 0x1b2ef8558
  Set: 21 Way: 10 Address: 0x2db378560
  Set: 21 Way: 11 Address: 0x3704c7569
  Set: 22 Way: 0 Address: 0xf6e81580
  Set: 22 Way: 1 Address: 0x394edb598
  Set: 22 Way: 2 Address: 0x34a8735b9
  Set: 22 Way: 3 Address: 0x2fa0c959a
  Set: 22 Way: 4 Address: 0x354d355ba
  Set: 22 Way: 5 Address: 0x8a579598
  Set: 22 Way: 6 Address: 0x192bc6598
  Set: 22 Way: 7 Address: 0x3bcc0d5a8
  Set: 22 Way: 8 Address: 0x7b4795a8
  Set: 22 Way: 9 Address: 0x32f48c595
  Set: 22 Way: 10 Address: 0x247006595
  Set: 22 Way: 11 Address: 0x2177f058f
  Set: 23 Way: 0 Address: 0x14bb105d8
  Set: 23 Way: 1 Address: 0x3d87a65d0
  Set: 23 Way: 2 Address: 0x394edb5c0
  Set: 23 Way: 3 Address: 0x354d355ce
  Set: 23 Way: 4 Address: 0x2fa0c95cf
  Set: 23 Way: 5 Address: 0x23cb405c8
  Set: 23 Way: 6 Address: 0x1e568b5c8
  Set: 23 Way: 7 Address: 0x1b2ef85f8
  Set: 23 Way: 8 Address: 0x99c755f8
  Set: 24 Way: 0 Address: 0x394edb630
  Set: 24 Way: 1 Address: 0x3bdb2635
  Set: 24 Way: 2 Address: 0x192bc6635
  Set: 24 Way: 3 Address: 0x354d3563c
  Set: 24 Way: 4 Address: 0xb77ac639
  Set: 24 Way: 5 Address: 0x267bcc631
  Set: 24 Way: 6 Address: 0x168ef063a
  Set: 24 Way: 7 Address: 0x157dab600
  Set: 24 Way: 8 Address: 0x1e561a63a
  Set: 24 Way: 9 Address: 0x34a873611
  Set: 24 Way: 10 Address: 0x1b87f9618
  Set: 24 Way: 11 Address: 0x23cb40618
  Set: 25 Way: 0 Address: 0x394edb660
  Set: 25 Way: 1 Address: 0x354d3565a
  Set: 25 Way: 2 Address: 0x1e561a650
  Set: 25 Way: 3 Address: 0x37f426670
  Set: 25 Way: 4 Address: 0x28f0cc670
  Set: 25 Way: 5 Address: 0x348de2640
  Set: 25 Way: 6 Address: 0x247006676
  Set: 25 Way: 7 Address: 0x20597e678
  Set: 25 Way: 8 Address: 0x181c81650
  Set: 25 Way: 9 Address: 0x1609ff64f
  Set: 25 Way: 10 Address: 0x32f48c674
  Set: 25 Way: 11 Address: 0x3704c7650
  Set: 26 Way: 0 Address: 0x1add698
  Set: 26 Way: 1 Address: 0x394edb6a4
  Set: 26 Way: 2 Address: 0x354d35682
  Set: 26 Way: 3 Address: 0x2470066a6
  Set: 26 Way: 4 Address: 0x2177f068f
  Set: 26 Way: 5 Address: 0x7d0ee690
  Set: 26 Way: 6 Address: 0x32f48c6a9
  Set: 26 Way: 7 Address: 0x157dab680
  Set: 26 Way: 8 Address: 0x20597e690
  Set: 27 Way: 0 Address: 0x276ff76e8
  Set: 27 Way: 1 Address: 0x354d356f8
  Set: 27 Way: 2 Address: 0x394edb6c0
  Set: 27 Way: 3 Address: 0x1c65326f8
  Set: 27 Way: 4 Address: 0x1b7ae66f8
  Set: 27 Way: 5 Address: 0x168ef06cf
  Set: 27 Way: 6 Address: 0x1e561a6cf
  Set: 27 Way: 7 Address: 0x20597e6cf
  Set: 27 Way: 8 Address: 0x3704c76cf
  Set: 27 Way: 9 Address: 0x192bc66cf
  Set: 27 Way: 10 Address: 0x13ed06cf
  Set: 28 Way: 0 Address: 0x394edb724
  Set: 28 Way: 1 Address: 0x2b2e93738
  Set: 28 Way: 2 Address: 0x354d35728
  Set: 28 Way: 3 Address: 0x112417720
  Set: 28 Way: 4 Address: 0x358da7720
  Set: 28 Way: 5 Address: 0x157dab700
  Set: 28 Way: 6 Address: 0x24e60a718
  Set: 28 Way: 7 Address: 0x2760e8718
  Set: 29 Way: 0 Address: 0x257713778
  Set: 29 Way: 1 Address: 0x354d35776
  Set: 29 Way: 2 Address: 0x2b2e93766
  Set: 29 Way: 3 Address: 0x6b744746
  Set: 29 Way: 4 Address: 0x2c077e74a
  Set: 29 Way: 5 Address: 0x2fbe9774a
  Set: 29 Way: 6 Address: 0x3f401974a
  Set: 30 Way: 0 Address: 0x354d3579e
  Set: 30 Way: 1 Address: 0x2b2e937ae
  Set: 30 Way: 2 Address: 0x133c927b0
  Set: 30 Way: 3 Address: 0x18db7a7b0
  Set: 30 Way: 4 Address: 0x157dab780
  Set: 30 Way: 5 Address: 0x99c75798
  Set: 30 Way: 6 Address: 0x29ab70798
  Set: 31 Way: 0 Address: 0x28b67e7f8
  Set: 31 Way: 1 Address: 0x1aafb87f8
  Set: 31 Way: 2 Address: 0x3dae667f0
  Set: 31 Way: 3 Address: 0x133c927c8
  Set: 31 Way: 4 Address: 0x354d357c6
  Set: 31 Way: 5 Address: 0x2b2e937e2
  Set: 31 Way: 6 Address: 0x2fbe977c2
  Set: 31 Way: 7 Address: 0x6b7447ca
  Set: 31 Way: 8 Address: 0x3f40197c0
  Set: 31 Way: 9 Address: 0x29ab707f8
  Set: 31 Way: 10 Address: 0x2d95e7f8
  Set: 32 Way: 0 Address: 0x2b2e93828
  Set: 32 Way: 1 Address: 0x7d0ee834
  Set: 32 Way: 2 Address: 0x168ef0824
  Set: 32 Way: 3 Address: 0x8a57983a
  Set: 32 Way: 4 Address: 0x192bc6836
  Set: 32 Way: 5 Address: 0x354d3581c
  Set: 32 Way: 6 Address: 0x4dd9c824
  Set: 32 Way: 7 Address: 0x34a873826
  Set: 33 Way: 0 Address: 0x2b2e93846
  Set: 33 Way: 1 Address: 0x354d3585a
  Set: 33 Way: 2 Address: 0x20597e876
  Set: 33 Way: 3 Address: 0x116e01870
  Set: 33 Way: 4 Address: 0x3704c7869
  Set: 33 Way: 5 Address: 0x5d6e9869
  Set: 33 Way: 6 Address: 0x32f48c878
  Set: 33 Way: 7 Address: 0x260091875
  Set: 34 Way: 0 Address: 0x354d35886
  Set: 34 Way: 1 Address: 0x8a579890
  Set: 34 Way: 2 Address: 0x32f48c8b8
  Set: 34 Way: 3 Address: 0x18db7a8a0
  Set: 34 Way: 4 Address: 0x1bdd188a0
  Set: 34 Way: 5 Address: 0x2fa0c9890
  Set: 34 Way: 6 Address: 0x2470068b8
  Set: 35 Way: 0 Address: 0x23755d8f8
  Set: 35 Way: 1 Address: 0x211d168f8
  Set: 35 Way: 2 Address: 0x354d358da
  Set: 36 Way: 0 Address: 0x181c81916
  Set: 36 Way: 1 Address: 0x247006915
  Set: 36 Way: 2 Address: 0x192bc6918
  Set: 36 Way: 3 Address: 0x354d35930
  Set: 36 Way: 4 Address: 0x2fa0c993a
  Set: 36 Way: 5 Address: 0x34a873918
  Set: 36 Way: 6 Address: 0x8a579916
  Set: 36 Way: 7 Address: 0xa3a52912
  Set: 36 Way: 8 Address: 0x168ef0934
  Set: 36 Way: 9 Address: 0x20597e93a
  Set: 36 Way: 10 Address: 0x32f48c934
  Set: 36 Way: 11 Address: 0x34e4a2921
  Set: 37 Way: 0 Address: 0x354d3595c
  Set: 37 Way: 1 Address: 0x3bdb2952
  Set: 37 Way: 2 Address: 0x168ef0969
  Set: 37 Way: 3 Address: 0x7d0ee976
  Set: 37 Way: 4 Address: 0x181c81962
  Set: 37 Way: 5 Address: 0x5d6e9952
  Set: 37 Way: 6 Address: 0x260091950
  Set: 37 Way: 7 Address: 0x2177f0950
  Set: 37 Way: 8 Address: 0x1e561a959
  Set: 38 Way: 0 Address: 0x354d35984
  Set: 38 Way: 1 Address: 0x8a57999a
  Set: 38 Way: 2 Address: 0x2fa0c99b2
  Set: 38 Way: 3 Address: 0x34a8739a8
  Set: 38 Way: 4 Address: 0x192bc69a4
  Set: 39 Way: 0 Address: 0x354d359ea
  Set: 39 Way: 1 Address: 0x181c819cf
  Set: 39 Way: 2 Address: 0x1e561a9cf
  Set: 40 Way: 0 Address: 0xee86fa38
  Set: 40 Way: 1 Address: 0x354d35a1c
  Set: 40 Way: 2 Address: 0x7d0eea18
  Set: 40 Way: 3 Address: 0x5d6e9a3a
  Set: 40 Way: 4 Address: 0x168ef0a38
  Set: 40 Way: 5 Address: 0x34a873a38
  Set: 41 Way: 0 Address: 0x2ee369a48
  Set: 41 Way: 1 Address: 0x2f5d8ea40
  Set: 41 Way: 2 Address: 0x354d35a44
  Set: 41 Way: 3 Address: 0x20597ea72
  Set: 41 Way: 4 Address: 0x379d39a76
  Set: 41 Way: 5 Address: 0x168ef0a75
  Set: 41 Way: 6 Address: 0x5d6e9a52
  Set: 41 Way: 7 Address: 0x7d0eea75
  Set: 41 Way: 8 Address: 0x192bc6a72
  Set: 41 Way: 9 Address: 0x2177f0a74
  Set: 41 Way: 10 Address: 0x34a873a7a
  Set: 42 Way: 0 Address: 0x2177f0aa8
  Set: 42 Way: 1 Address: 0x354d35a94
  Set: 42 Way: 2 Address: 0x168ef0ab9
  Set: 42 Way: 3 Address: 0x2b2e93abe
  Set: 42 Way: 4 Address: 0x379d39aa0
  Set: 42 Way: 5 Address: 0x192bc6aa9
  Set: 42 Way: 6 Address: 0x247006a8f
  Set: 42 Way: 7 Address: 0x1bdd18ab8
  Set: 42 Way: 8 Address: 0x3ab465ab8
  Set: 43 Way: 0 Address: 0x354d35ae8
  Set: 43 Way: 1 Address: 0x2b2e93ada
  Set: 43 Way: 2 Address: 0xbba93af0
  Set: 44 Way: 0 Address: 0x354d35b14
  Set: 44 Way: 1 Address: 0x2b2e93b12
  Set: 44 Way: 2 Address: 0xbba93b00
  Set: 45 Way: 0 Address: 0x3734eeb50
  Set: 45 Way: 1 Address: 0x1c084eb50
  Set: 45 Way: 2 Address: 0x354d35b40
  Set: 45 Way: 3 Address: 0x2c077eb4a
  Set: 45 Way: 4 Address: 0x6b744b49
  Set: 45 Way: 5 Address: 0x2b2e93b58
  Set: 46 Way: 0 Address: 0x354d35b90
  Set: 46 Way: 1 Address: 0x2b2e93b90
  Set: 47 Way: 0 Address: 0x143efbc8
  Set: 47 Way: 1 Address: 0x27d4c6bc8
  Set: 47 Way: 2 Address: 0x2b2e93bf8
  Set: 47 Way: 3 Address: 0x2fbe97bc2
  Set: 47 Way: 4 Address: 0x6b744bca
  Set: 47 Way: 5 Address: 0x2c077ebca
  Set: 47 Way: 6 Address: 0x354d35bc4
  Set: 47 Way: 7 Address: 0x1aa7b6bc0
  Set: 47 Way: 8 Address: 0xad430bc2
  Set: 47 Way: 9 Address: 0x23730ebc2
  Set: 48 Way: 0 Address: 0x143efc00
  Set: 48 Way: 1 Address: 0x354d35c24
  Set: 48 Way: 2 Address: 0x2b2e93c20
  Set: 48 Way: 3 Address: 0x24243ac24
  Set: 49 Way: 0 Address: 0x2b2e93c62
  Set: 49 Way: 1 Address: 0x354d35c50
  Set: 50 Way: 0 Address: 0x354d35ca6
  Set: 50 Way: 1 Address: 0x2b2e93c9a
  Set: 50 Way: 2 Address: 0x31be12ca6
  Set: 50 Way: 3 Address: 0x1aa7b6cb0
  Set: 50 Way: 4 Address: 0x3d747dcb0
  Set: 50 Way: 5 Address: 0x2aa42cca8
  Set: 51 Way: 0 Address: 0x354d35ce6
  Set: 51 Way: 1 Address: 0x8a579cfb
  Set: 51 Way: 2 Address: 0x1132facf8
  Set: 51 Way: 3 Address: 0x16a859cf8
  Set: 51 Way: 4 Address: 0x3704c7cf7
  Set: 51 Way: 5 Address: 0x2cd70ccf0
  Set: 51 Way: 6 Address: 0x1f8ce0cf0
  Set: 51 Way: 7 Address: 0x2b2e93cec
  Set: 51 Way: 8 Address: 0x13ed0cf7
  Set: 51 Way: 9 Address: 0x36889bcd7
  Set: 51 Way: 10 Address: 0x3d6456ce7
  Set: 51 Way: 11 Address: 0x31be12cd7
  Set: 52 Way: 0 Address: 0x2b2e93d3c
  Set: 52 Way: 1 Address: 0x312099d38
  Set: 52 Way: 2 Address: 0x1d68a5d0f
  Set: 52 Way: 3 Address: 0x354d35d00
  Set: 52 Way: 4 Address: 0x32502cd18
  Set: 52 Way: 5 Address: 0x57be5d18
  Set: 52 Way: 6 Address: 0x1132fad20
  Set: 52 Way: 7 Address: 0x16a859d10
  Set: 52 Way: 8 Address: 0x3567dfd10
  Set: 52 Way: 9 Address: 0x3fe58d00
  Set: 52 Way: 10 Address: 0x8754ad00
  Set: 52 Way: 11 Address: 0x181c81d0f
  Set: 53 Way: 0 Address: 0x354d35d60
  Set: 53 Way: 1 Address: 0xcf83bd68
  Set: 53 Way: 2 Address: 0x1ae2ccd68
  Set: 53 Way: 3 Address: 0xb84a9d60
  Set: 53 Way: 4 Address: 0x32502cd40
  Set: 53 Way: 5 Address: 0x2b2e93d60
  Set: 53 Way: 6 Address: 0x183ea6d58
  Set: 53 Way: 7 Address: 0x2f8e1cd58
  Set: 53 Way: 8 Address: 0x3112a3d50
  Set: 54 Way: 0 Address: 0x354d35d90
  Set: 54 Way: 1 Address: 0x2b2e93db6
  Set: 54 Way: 2 Address: 0x36889bdaa
  Set: 54 Way: 3 Address: 0x31be12da6
  Set: 55 Way: 0 Address: 0x2b2e93df4
  Set: 55 Way: 1 Address: 0x354d35de0
  Set: 55 Way: 2 Address: 0x16668dd7
  Set: 55 Way: 3 Address: 0x8a579df7
  Set: 55 Way: 4 Address: 0x1fd412dd3
  Set: 55 Way: 5 Address: 0x3704c7deb
  Set: 55 Way: 6 Address: 0x2113dc0
  Set: 55 Way: 7 Address: 0x183ea6dc0
  Set: 55 Way: 8 Address: 0x1e561adfb
  Set: 55 Way: 9 Address: 0x3d6456de7
  Set: 56 Way: 0 Address: 0x354d35e06
  Set: 56 Way: 1 Address: 0x2b2e93e04
  Set: 56 Way: 2 Address: 0x31be12e3a
  Set: 56 Way: 3 Address: 0x3567dfe18
  Set: 56 Way: 4 Address: 0x3fe58e18
  Set: 56 Way: 5 Address: 0x101c26e11
  Set: 56 Way: 6 Address: 0x190973e38
  Set: 56 Way: 7 Address: 0x2cd70ce38
  Set: 56 Way: 8 Address: 0x36889be39
  Set: 57 Way: 0 Address: 0x354d35e5c
  Set: 57 Way: 1 Address: 0x2b2e93e58
  Set: 57 Way: 2 Address: 0x101c26e68
  Set: 57 Way: 3 Address: 0x3b57e0e68
  Set: 57 Way: 4 Address: 0x187c8de68
  Set: 57 Way: 5 Address: 0x2f0403e68
  Set: 58 Way: 0 Address: 0x354d35e88
  Set: 58 Way: 1 Address: 0x2b2e93eac
  Set: 58 Way: 2 Address: 0x31be12eb2
  Set: 58 Way: 3 Address: 0x36889bea8
  Set: 58 Way: 4 Address: 0x2ea382e94
  Set: 58 Way: 5 Address: 0x2ff2a1ea8
  Set: 59 Way: 0 Address: 0x354d35ece
  Set: 59 Way: 1 Address: 0x2b2e93efc
  Set: 59 Way: 2 Address: 0x8754aef0
  Set: 59 Way: 3 Address: 0x190973ef0
  Set: 59 Way: 4 Address: 0x3d6456ef7
  Set: 60 Way: 0 Address: 0x354d35f3e
  Set: 60 Way: 1 Address: 0x1ab44f3c
  Set: 60 Way: 2 Address: 0x2b2e93f00
  Set: 60 Way: 3 Address: 0x1f8ce0f18
  Set: 60 Way: 4 Address: 0x2113f18
  Set: 60 Way: 5 Address: 0x3112a3f20
  Set: 60 Way: 6 Address: 0x3b57e0f20
  Set: 61 Way: 0 Address: 0x1ab44f40
  Set: 61 Way: 1 Address: 0x2b2e93f50
  Set: 61 Way: 2 Address: 0x354d35f78
  Set: 62 Way: 0 Address: 0x2b2e93fac
  Set: 62 Way: 1 Address: 0x354d35f98
  Set: 63 Way: 0 Address: 0x3734eeff8
  Set: 63 Way: 1 Address: 0x1ab44ff4
  Set: 63 Way: 2 Address: 0x31be12fc8
  Set: 63 Way: 3 Address: 0x354d35fc2
  Set: 63 Way: 4 Address: 0x2b2e93fdc
  Set: 63 Way: 5 Address: 0x36889bfc8
  Set: 63 Way: 6 Address: 0x187c8dff0
  Set: 63 Way: 7 Address: 0x37ba22ff0
EndCache
Cache: cpu0_ITLB
  Set: 0 Way: 0 Address: 0x420950
  Set: 1 Way: 0 Address: 0x411cd0
  Set: 2 Way: 0 Address: 0x4122c0
  Set: 2 Way: 1 Address: 0x402c78
  Set: 5 Way: 0 Address: 0x415f60
  Set: 5 Way: 1 Address: 0x4a5c65
  Set: 6 Way: 0 Address: 0x4161c2
  Set: 7 Way: 0 Address: 0x4a7d80
  Set: 8 Way: 0 Address: 0x408f00
  Set: 9 Way: 0 Address: 0x409700
  Set: 11 Way: 0 Address: 0x40bd90
  Set: 12 Way: 0 Address: 0x40cc56
  Set: 13 Way: 0 Address: 0x40d03a
  Set: 13 Way: 1 Address: 0x41deb0
  Set: 14 Way: 0 Address: 0x40ef41
  Set: 15 Way: 0 Address: 0x40f101
EndCache
Cache: cpu0_DTLB
  Set: 0 Way: 0 Address: 0x7806e8
  Set: 0 Way: 1 Address: 0x520004
  Set: 0 Way: 2 Address: 0x7fda975a0952
  Set: 0 Way: 3 Address: 0x7fda976a0158
  Set: 1 Way: 0 Address: 0x7fda976a1952
  Set: 2 Way: 0 Address: 0x7fda975a2a76
  Set: 2 Way: 1 Address: 0x7fda97622ef7
  Set: 2 Way: 2 Address: 0x7fda9766248f
  Set: 3 Way: 0 Address: 0x7fda976e3021
  Set: 3 Way: 1 Address: 0x7fda975a3064
  Set: 3 Way: 2 Address: 0x7fda975e30a9
  Set: 3 Way: 3 Address: 0x7fda976a3950
  Set: 4 Way: 0 Address: 0x7fda976e40a9
  Set: 4 Way: 1 Address: 0x7fda976a4551
  Set: 4 Way: 2 Address: 0x7fda975a4cfb
  Set: 4 Way: 3 Address: 0x1914ea0
  Set: 5 Way: 0 Address: 0x7fda976a5520
  Set: 5 Way: 1 Address: 0x7fda976b5dd3
  Set: 5 Way: 2 Address: 0x795b00
  Set: 6 Way: 0 Address: 0x7fda975a6530
  Set: 6 Way: 1 Address: 0x18f6870
  Set: 6 Way: 2 Address: 0x796e94
  Set: 7 Way: 0 Address: 0x7fffd6147df8
  Set: 7 Way: 1 Address: 0x7fda975a7916
  Set: 7 Way: 2 Address: 0x7fda976a72b9
  Set: 7 Way: 3 Address: 0x1957070
  Set: 8 Way: 0 Address: 0x7fffd6148d60
  Set: 8 Way: 1 Address: 0x7fda975a8834
  Set: 8 Way: 2 Address: 0x7fda976a8650
  Set: 8 Way: 3 Address: 0x7fda975b80a1
  Set: 9 Way: 0 Address: 0x7fffd6149630
  Set: 9 Way: 1 Address: 0x18f91e0
  Set: 9 Way: 2 Address: 0x779778
  Set: 9 Way: 3 Address: 0x7fda976a90b9
  Set: 10 Way: 0 Address: 0x7fda975aa3ca
  Set: 11 Way: 0 Address: 0x7fda9762b388
  Set: 11 Way: 1 Address: 0x7fda975ab7c0
  Set: 11 Way: 2 Address: 0x7fda976abbc2
  Set: 12 Way: 0 Address: 0x7fda975acb4a
  Set: 12 Way: 1 Address: 0x7fda976acbc2
  Set: 13 Way: 0 Address: 0x7fda975adfc8
  Set: 13 Way: 1 Address: 0x7fda976adb49
  Set: 13 Way: 2 Address: 0x7fda975cde68
  Set: 13 Way: 3 Address: 0x7fda9760dc24
  Set: 14 Way: 0 Address: 0x18fe698
  Set: 14 Way: 1 Address: 0x7fda976cee68
  Set: 14 Way: 2 Address: 0x7fda9759e2cf
  Set: 14 Way: 3 Address: 0x7fda975fe150
  Set: 15 Way: 0 Address: 0x51ff40
  Set: 15 Way: 1 Address: 0x7fda9769f24f
  Set: 15 Way: 2 Address: 0x7fda976df921
  Set: 15 Way: 3 Address: 0x7fda976ff150
EndCache
Cache: LLC
  Set: 4 Way: 0 Address: 0x28a940100
  Set: 7 Way: 0 Address: 0x6e6201e0
  Set: 23 Way: 0 Address: 0x23cb405c8
  Set: 24 Way: 0 Address: 0x23cb40618
  Set: 36 Way: 0 Address: 0x28a940900
  Set: 51 Way: 0 Address: 0x1f8ce0cf0
  Set: 57 Way: 0 Address: 0x3b57e0e68
  Set: 60 Way: 0 Address: 0x342b40f30
  Set: 60 Way: 1 Address: 0x1f8ce0f18
  Set: 60 Way: 2 Address: 0x3b57e0f20
  Set: 61 Way: 0 Address: 0x342b40f41
  Set: 62 Way: 0 Address: 0x342b40f80
  Set: 63 Way: 0 Address: 0x342b40fc0
  Set: 64 Way: 0 Address: 0x113201000
  Set: 65 Way: 0 Address: 0x2a4841060
  Set: 65 Way: 1 Address: 0x181c81050
  Set: 66 Way: 0 Address: 0x181c81099
  Set: 68 Way: 0 Address: 0xa601110
  Set: 70 Way: 0 Address: 0x181c811a4
  Set: 75 Way: 0 Address: 0x181c812cf
  Set: 85 Way: 0 Address: 0xa601558
  Set: 86 Way: 0 Address: 0xf6e81580
  Set: 89 Way: 0 Address: 0x181c81650
  Set: 97 Way: 0 Address: 0x116e01870
  Set: 100 Way: 0 Address: 0x181c81916
  Set: 101 Way: 0 Address: 0x181c81962
  Set: 103 Way: 0 Address: 0x181c819cf
  Set: 116 Way: 0 Address: 0x181c81d0f
  Set: 122 Way: 0 Address: 0x2ff2a1ea8
  Set: 128 Way: 0 Address: 0x6d0c2018
  Set: 128 Way: 1 Address: 0x1c84e2002
  Set: 129 Way: 0 Address: 0x1064c2070
  Set: 129 Way: 1 Address: 0x1c84e2044
  Set: 130 Way: 0 Address: 0x1064c2088
  Set: 130 Way: 1 Address: 0x1c84e2082
  Set: 131 Way: 0 Address: 0x1c84e20c6
  Set: 131 Way: 1 Address: 0x348de20f8
  Set: 132 Way: 0 Address: 0x1c84e2100
  Set: 133 Way: 0 Address: 0x1c84e2141
  Set: 134 Way: 0 Address: 0x1c84e21b2
  Set: 134 Way: 1 Address: 0x34e4a2190
  Set: 135 Way: 0 Address: 0x1c84e21c2
  Set: 136 Way: 0 Address: 0x1c84e2201
  Set: 137 Way: 0 Address: 0x1c84e2240
  Set: 138 Way: 0 Address: 0x1c84e2284
  Set: 139 Way: 0 Address: 0x1c84e22fb
  Set: 140 Way: 0 Address: 0x1c84e2301
  Set: 142 Way: 0 Address: 0x1c84e23a4
  Set: 144 Way: 0 Address: 0x1c84e2400
  Set: 145 Way: 0 Address: 0x1c84e2447
  Set: 146 Way: 0 Address: 0x1c84e2482
  Set: 147 Way: 0 Address: 0x1c84e24c0
  Set: 148 Way: 0 Address: 0x1c84e2503
  Set: 149 Way: 0 Address: 0x1c84e2544
  Set: 150 Way: 0 Address: 0x1c84e2584
  Set: 151 Way: 0 Address: 0x1c84e25c0
  Set: 152 Way: 0 Address: 0x1c84e2606
  Set: 153 Way: 0 Address: 0x348de2640
  Set: 160 Way: 0 Address: 0x1c84e2810
  Set: 161 Way: 0 Address: 0x1c84e2841
  Set: 162 Way: 0 Address: 0x1c84e2880
  Set: 164 Way: 0 Address: 0x34e4a2921
  Set: 166 Way: 0 Address: 0x1c84e29ad
  Set: 167 Way: 0 Address: 0x1c84e29c0
  Set: 168 Way: 0 Address: 0x1c84e2a02
  Set: 172 Way: 0 Address: 0x1c84e2b2d
  Set: 178 Way: 0 Address: 0x1c84e2c80
  Set: 183 Way: 0 Address: 0x1c84e2de0
  Set: 184 Way: 0 Address: 0x1c84e2e00
  Set: 185 Way: 0 Address: 0x1c84e2e70
  Set: 186 Way: 0 Address: 0x2ea382e94
  Set: 191 Way: 0 Address: 0x37ba22ff0
  Set: 194 Way: 0 Address: 0x3b0803088
  Set: 197 Way: 0 Address: 0xc2e83150
  Set: 228 Way: 0 Address: 0x3b0803900
  Set: 245 Way: 0 Address: 0x3112a3d50
  Set: 249 Way: 0 Address: 0x2f0403e68
  Set: 252 Way: 0 Address: 0x3112a3f20
  Set: 257 Way: 0 Address: 0x34fc64050
  Set: 270 Way: 0 Address: 0x6b744388
  Set: 285 Way: 0 Address: 0x6b744746
  Set: 287 Way: 0 Address: 0x6b7447ca
  Set: 301 Way: 0 Address: 0x6b744b49
  Set: 303 Way: 0 Address: 0x6b744bca
  Set: 309 Way: 0 Address: 0x17e364d60
  Set: 310 Way: 0 Address: 0x17e364d80
  Set: 311 Way: 0 Address: 0x17e364dc0
  Set: 312 Way: 0 Address: 0x17e364e02
  Set: 313 Way: 0 Address: 0x17e364e40
  Set: 314 Way: 0 Address: 0xb8004eb0
  Set: 315 Way: 0 Address: 0xb8004ee2
  Set: 316 Way: 0 Address: 0x1ab44f3c
  Set: 317 Way: 0 Address: 0xb8004f70
  Set: 317 Way: 1 Address: 0x1ab44f40
  Set: 318 Way: 0 Address: 0xb8004f83
  Set: 319 Way: 0 Address: 0xb8004fc1
  Set: 319 Way: 1 Address: 0x1ab44fc8
  Set: 322 Way: 0 Address: 0x1d68a50a9
  Set: 340 Way: 0 Address: 0x272585528
  Set: 340 Way: 1 Address: 0x34a0e5538
  Set: 341 Way: 0 Address: 0x34a0e5548
  Set: 362 Way: 0 Address: 0x3ab465ab8
  Set: 372 Way: 0 Address: 0x57be5d18
  Set: 372 Way: 1 Address: 0x1d68a5d0f
  Set: 385 Way: 0 Address: 0x247006064
  Set: 386 Way: 0 Address: 0x2470060b9
  Set: 387 Way: 0 Address: 0x2470060c0
  Set: 392 Way: 0 Address: 0x24700621a
  Set: 392 Way: 1 Address: 0x192bc6229
  Set: 393 Way: 0 Address: 0x192bc6270
  Set: 394 Way: 0 Address: 0x192bc62a9
  Set: 395 Way: 0 Address: 0x192bc62cf
  Set: 402 Way: 0 Address: 0x2470064a9
  Set: 404 Way: 0 Address: 0x37f426508
  Set: 405 Way: 0 Address: 0x1b7ae6560
  Set: 405 Way: 1 Address: 0x192bc6555
  Set: 405 Way: 2 Address: 0x247006552
  Set: 406 Way: 0 Address: 0x192bc6598
  Set: 406 Way: 1 Address: 0x247006595
  Set: 407 Way: 0 Address: 0x3d87a65d0
  Set: 408 Way: 0 Address: 0x192bc6635
  Set: 409 Way: 0 Address: 0x37f426670
  Set: 409 Way: 1 Address: 0x247006676
  Set: 410 Way: 0 Address: 0x2470066a6
  Set: 411 Way: 0 Address: 0x1b7ae66f8
  Set: 411 Way: 1 Address: 0x192bc66cf
  Set: 415 Way: 0 Address: 0x3dae667f0
  Set: 416 Way: 0 Address: 0x192bc6836
  Set: 418 Way: 0 Address: 0x2470068b8
  Set: 420 Way: 0 Address: 0x247006915
  Set: 420 Way: 1 Address: 0x192bc6918
  Set: 422 Way: 0 Address: 0x192bc69a4
  Set: 425 Way: 0 Address: 0x192bc6a72
  Set: 426 Way: 0 Address: 0x192bc6aa9
  Set: 426 Way: 1 Address: 0x247006a8f
  Set: 431 Way: 0 Address: 0x27d4c6bc8
  Set: 437 Way: 0 Address: 0x183ea6d58
  Set: 439 Way: 0 Address: 0x183ea6dc0
  Set: 440 Way: 0 Address: 0x101c26e11
  Set: 441 Way: 0 Address: 0x101c26e68
  Set: 442 Way: 0 Address: 0x101c26e80
  Set: 448 Way: 0 Address: 0x27ae47021
  Set: 449 Way: 0 Address: 0xbeea7040
  Set: 450 Way: 0 Address: 0xbeea70a8
  Set: 453 Way: 0 Address: 0x3704c7164
  Set: 464 Way: 0 Address: 0x3704c7431
  Set: 468 Way: 0 Address: 0x358da7508
  Set: 469 Way: 0 Address: 0x3704c7569
  Set: 473 Way: 0 Address: 0x3704c7650
  Set: 475 Way: 0 Address: 0x3704c76cf
  Set: 476 Way: 0 Address: 0x358da7720
  Set: 481 Way: 0 Address: 0x3704c7869
  Set: 499 Way: 0 Address: 0x3704c7cf7
  Set: 503 Way: 0 Address: 0x3704c7deb
  Set: 516 Way: 0 Address: 0x2760e8110
  Set: 520 Way: 0 Address: 0x16668231
  Set: 540 Way: 0 Address: 0x2760e8718
  Set: 567 Way: 0 Address: 0x16668dd7
  Set: 576 Way: 0 Address: 0x2fa0c9020
  Set: 580 Way: 0 Address: 0x2fa0c9112
  Set: 584 Way: 0 Address: 0x5d6e921a
  Set: 587 Way: 0 Address: 0x5d6e92cf
  Set: 592 Way: 0 Address: 0x2fa0c943a
  Set: 595 Way: 0 Address: 0x2c87494f8
  Set: 596 Way: 0 Address: 0x2c8749528
  Set: 596 Way: 1 Address: 0x2fa0c9520
  Set: 597 Way: 0 Address: 0x2fa0c9558
  Set: 598 Way: 0 Address: 0x2fa0c959a
  Set: 599 Way: 0 Address: 0x2fa0c95cf
  Set: 609 Way: 0 Address: 0x5d6e9869
  Set: 610 Way: 0 Address: 0x2fa0c9890
  Set: 612 Way: 0 Address: 0x2fa0c993a
  Set: 613 Way: 0 Address: 0x5d6e9952
  Set: 614 Way: 0 Address: 0x2fa0c99b2
  Set: 616 Way: 0 Address: 0x5d6e9a3a
  Set: 617 Way: 0 Address: 0x2ee369a48
  Set: 617 Way: 1 Address: 0x5d6e9a52
  Set: 629 Way: 0 Address: 0xb84a9d60
  Set: 645 Way: 0 Address: 0x24e60a158
  Set: 668 Way: 0 Address: 0x24e60a718
  Set: 692 Way: 0 Address: 0x8754ad00
  Set: 699 Way: 0 Address: 0x8754aef0
  Set: 704 Way: 0 Address: 0xed70b021
  Set: 709 Way: 0 Address: 0x1e568b158
  Set: 709 Way: 1 Address: 0xed70b150
  Set: 718 Way: 0 Address: 0x157dab3a0
  Set: 720 Way: 0 Address: 0x157dab420
  Set: 722 Way: 0 Address: 0x157dab4a0
  Set: 727 Way: 0 Address: 0x1e568b5c8
  Set: 728 Way: 0 Address: 0x28420b620
  Set: 728 Way: 1 Address: 0x157dab600
  Set: 730 Way: 0 Address: 0x157dab680
  Set: 732 Way: 0 Address: 0x157dab700
  Set: 734 Way: 0 Address: 0x157dab780
  Set: 740 Way: 0 Address: 0x28420b900
  Set: 768 Way: 0 Address: 0x29484c03a
  Set: 769 Way: 0 Address: 0x32f48c064
  Set: 770 Way: 0 Address: 0x29484c0b0
  Set: 771 Way: 0 Address: 0x29484c0c1
  Set: 772 Way: 0 Address: 0x29484c103
  Set: 773 Way: 0 Address: 0x29484c145
  Set: 774 Way: 0 Address: 0x29484c182
  Set: 776 Way: 0 Address: 0x32f48c211
  Set: 778 Way: 0 Address: 0x32f48c29a
  Set: 784 Way: 0 Address: 0x32f48c434
  Set: 789 Way: 0 Address: 0x32f48c551
  Set: 790 Way: 0 Address: 0x32f48c595
  Set: 792 Way: 0 Address: 0xb77ac639
  Set: 792 Way: 1 Address: 0x267bcc631
  Set: 793 Way: 0 Address: 0x28f0cc670
  Set: 793 Way: 1 Address: 0x32f48c674
  Set: 794 Way: 0 Address: 0x32f48c6a9
  Set: 801 Way: 0 Address: 0x32f48c878
  Set: 802 Way: 0 Address: 0x32f48c8b8
  Set: 804 Way: 0 Address: 0x32f48c934
  Set: 818 Way: 0 Address: 0x2aa42cca8
  Set: 819 Way: 0 Address: 0x2cd70ccf0
  Set: 820 Way: 0 Address: 0x32502cd18
  Set: 821 Way: 0 Address: 0x1ae2ccd68
  Set: 821 Way: 1 Address: 0x32502cd40
  Set: 824 Way: 0 Address: 0x2cd70ce38
  Set: 833 Way: 0 Address: 0x15164d070
  Set: 833 Way: 1 Address: 0x2efecd068
  Set: 835 Way: 0 Address: 0x3bcc0d0f8
  Set: 837 Way: 0 Address: 0x15164d164
  Set: 843 Way: 0 Address: 0x5588d2c0
  Set: 843 Way: 1 Address: 0x1954d2f8
  Set: 843 Way: 2 Address: 0x2efecd2f8
  Set: 844 Way: 0 Address: 0x1954d310
  Set: 848 Way: 0 Address: 0x15164d434
  Set: 853 Way: 0 Address: 0xdb22d540
  Set: 854 Way: 0 Address: 0x3bcc0d5a8
  Set: 868 Way: 0 Address: 0xdb22d900
  Set: 889 Way: 0 Address: 0x187c8de68
  Set: 895 Way: 0 Address: 0x187c8dff0
  Set: 897 Way: 0 Address: 0x1fe66e070
  Set: 898 Way: 0 Address: 0x7d0ee0b9
  Set: 901 Way: 0 Address: 0x7d0ee165
  Set: 904 Way: 0 Address: 0x7d0ee210
  Set: 906 Way: 0 Address: 0x7d0ee2b0
  Set: 911 Way: 0 Address: 0x23730e3ca
  Set: 915 Way: 0 Address: 0x21962e4cf
  Set: 916 Way: 0 Address: 0x7d0ee510
  Set: 922 Way: 0 Address: 0x7d0ee690
  Set: 928 Way: 0 Address: 0x7d0ee834
  Set: 933 Way: 0 Address: 0x7d0ee976
  Set: 936 Way: 0 Address: 0x7d0eea18
  Set: 937 Way: 0 Address: 0x2f5d8ea40
  Set: 937 Way: 1 Address: 0x7d0eea75
  Set: 941 Way: 0 Address: 0x3734eeb50
  Set: 941 Way: 1 Address: 0x1c084eb50
  Set: 943 Way: 0 Address: 0x23730ebc2
  Set: 959 Way: 0 Address: 0x3734eeff8
  Set: 973 Way: 0 Address: 0x23756f350
  Set: 974 Way: 0 Address: 0x23756f385
  Set: 975 Way: 0 Address: 0x23756f3c1
  Set: 976 Way: 0 Address: 0x23756f401
  Set: 977 Way: 0 Address: 0x23756f444
  Set: 978 Way: 0 Address: 0x23756f48e
  Set: 979 Way: 0 Address: 0x22272f4f8
  Set: 980 Way: 0 Address: 0x22272f518
  Set: 983 Way: 0 Address: 0x23756f5d0
  Set: 984 Way: 0 Address: 0x23756f626
  Set: 985 Way: 0 Address: 0x23756f640
  Set: 986 Way: 0 Address: 0x23756f680
  Set: 987 Way: 0 Address: 0x23756f6c2
  Set: 988 Way: 0 Address: 0x23756f700
  Set: 989 Way: 0 Address: 0x23756f740
  Set: 1000 Way: 0 Address: 0xee86fa38
  Set: 1007 Way: 0 Address: 0x143efbc8
  Set: 1008 Way: 0 Address: 0x143efc00
  Set: 1011 Way: 0 Address: 0x23756fcd0
  Set: 1012 Way: 0 Address: 0x23756fd03
  Set: 1013 Way: 0 Address: 0x23756fd40
  Set: 1026 Way: 0 Address: 0x168ef00b9
  Set: 1028 Way: 0 Address: 0x2177f0125
  Set: 1029 Way: 0 Address: 0x13ed0158
  Set: 1032 Way: 0 Address: 0x168ef0210
  Set: 1033 Way: 0 Address: 0x168ef027a
  Set: 1034 Way: 0 Address: 0x2177f02b9
  Set: 1035 Way: 0 Address: 0x2177f02cf
  Set: 1044 Way: 0 Address: 0x168ef0518
  Set: 1046 Way: 0 Address: 0x2177f058f
  Set: 1047 Way: 0 Address: 0x14bb105d8
  Set: 1048 Way: 0 Address: 0x168ef063a
  Set: 1050 Way: 0 Address: 0x2177f068f
  Set: 1051 Way: 0 Address: 0x168ef06cf
  Set: 1051 Way: 1 Address: 0x13ed06cf
  Set: 1054 Way: 0 Address: 0x29ab70798
  Set: 1055 Way: 0 Address: 0x29ab707f8
  Set: 1056 Way: 0 Address: 0x168ef0824
  Set: 1060 Way: 0 Address: 0x168ef0934
  Set: 1061 Way: 0 Address: 0x168ef0969
  Set: 1061 Way: 1 Address: 0x2177f0950
  Set: 1064 Way: 0 Address: 0x168ef0a38
  Set: 1065 Way: 0 Address: 0x168ef0a75
  Set: 1065 Way: 1 Address: 0x2177f0a74
  Set: 1066 Way: 0 Address: 0x2177f0aa8
  Set: 1066 Way: 1 Address: 0x168ef0ab9
  Set: 1071 Way: 0 Address: 0xad430bc2
  Set: 1075 Way: 0 Address: 0x13ed0cf7
  Set: 1088 Way: 0 Address: 0x260091014
  Set: 1089 Way: 0 Address: 0x260091076
  Set: 1090 Way: 0 Address: 0x2600910a6
  Set: 1098 Way: 0 Address: 0x2600912b9
  Set: 1099 Way: 0 Address: 0x2600912cf
  Set: 1104 Way: 0 Address: 0x260091438
  Set: 1108 Way: 0 Address: 0x19c791520
  Set: 1108 Way: 1 Address: 0x260091530
  Set: 1109 Way: 0 Address: 0x19c791548
  Set: 1121 Way: 0 Address: 0x260091875
  Set: 1124 Way: 0 Address: 0x260091922
  Set: 1125 Way: 0 Address: 0x260091950
  Set: 1153 Way: 0 Address: 0x1995f2058
  Set: 1156 Way: 0 Address: 0x3bdb2120
  Set: 1157 Way: 0 Address: 0x23a612154
  Set: 1160 Way: 0 Address: 0x3bdb2232
  Set: 1163 Way: 0 Address: 0x23a6122cf
  Set: 1168 Way: 0 Address: 0x3bdb2434
  Set: 1172 Way: 0 Address: 0x62d12538
  Set: 1173 Way: 0 Address: 0x62d12568
  Set: 1173 Way: 1 Address: 0x1c6532540
  Set: 1173 Way: 2 Address: 0x3bdb2550
  Set: 1176 Way: 0 Address: 0x3bdb2635
  Set: 1179 Way: 0 Address: 0x1c65326f8
  Set: 1182 Way: 0 Address: 0x133c927b0
  Set: 1183 Way: 0 Address: 0x133c927c8
  Set: 1188 Way: 0 Address: 0xa3a52912
  Set: 1189 Way: 0 Address: 0x3bdb2952
  Set: 1202 Way: 0 Address: 0x31be12ca6
  Set: 1203 Way: 0 Address: 0x31be12cd7
  Set: 1206 Way: 0 Address: 0x31be12da6
  Set: 1207 Way: 0 Address: 0x1fd412dd3
  Set: 1208 Way: 0 Address: 0x31be12e3a
  Set: 1209 Way: 0 Address: 0x31be12e40
  Set: 1210 Way: 0 Address: 0x31be12eb2
  Set: 1215 Way: 0 Address: 0x31be12fc8
  Set: 1217 Way: 0 Address: 0x3232f3078
  Set: 1218 Way: 0 Address: 0x3c56b30b0
  Set: 1219 Way: 0 Address: 0x3c56b30e8
  Set: 1219 Way: 1 Address: 0x2b2e930c8
  Set: 1220 Way: 0 Address: 0xd78d3100
  Set: 1221 Way: 0 Address: 0x2b2e93178
  Set: 1222 Way: 0 Address: 0x2b2e931b8
  Set: 1223 Way: 0 Address: 0x2b2e931e8
  Set: 1224 Way: 0 Address: 0x2b2e93228
  Set: 1225 Way: 0 Address: 0x2b2e93248
  Set: 1225 Way: 1 Address: 0x34a87324f
  Set: 1226 Way: 0 Address: 0x2b2e932a0
  Set: 1226 Way: 1 Address: 0x34a8732b8
  Set: 1227 Way: 0 Address: 0x2b2e932c0
  Set: 1227 Way: 1 Address: 0x34a8732cf
  Set: 1228 Way: 0 Address: 0x34a873300
  Set: 1229 Way: 0 Address: 0x2b2e93340
  Set: 1230 Way: 0 Address: 0x2b2e93380
  Set: 1231 Way: 0 Address: 0x2b2e933c0
  Set: 1232 Way: 0 Address: 0x2b2e93400
  Set: 1233 Way: 0 Address: 0x34a873456
  Set: 1234 Way: 0 Address: 0x2b2e934b8
  Set: 1236 Way: 0 Address: 0xd78d3538
  Set: 1237 Way: 0 Address: 0x34a873555
  Set: 1238 Way: 0 Address: 0x34a8735b9
  Set: 1240 Way: 0 Address: 0x34a873611
  Set: 1244 Way: 0 Address: 0x2b2e93738
  Set: 1245 Way: 0 Address: 0x257713778
  Set: 1245 Way: 1 Address: 0x2b2e93766
  Set: 1246 Way: 0 Address: 0x2b2e937ae
  Set: 1247 Way: 0 Address: 0x2b2e937e2
  Set: 1248 Way: 0 Address: 0x2b2e93828
  Set: 1248 Way: 1 Address: 0x34a873826
  Set: 1249 Way: 0 Address: 0x2b2e93846
  Set: 1252 Way: 0 Address: 0x34a873918
  Set: 1254 Way: 0 Address: 0x34a8739a8
  Set: 1256 Way: 0 Address: 0x34a873a38
  Set: 1257 Way: 0 Address: 0x34a873a7a
  Set: 1258 Way: 0 Address: 0x2b2e93abe
  Set: 1259 Way: 0 Address: 0x2b2e93ada
  Set: 1259 Way: 1 Address: 0xbba93af0
  Set: 1260 Way: 0 Address: 0x2b2e93b12
  Set: 1260 Way: 1 Address: 0xbba93b00
  Set: 1261 Way: 0 Address: 0x2b2e93b58
  Set: 1262 Way: 0 Address: 0x2b2e93b90
  Set: 1263 Way: 0 Address: 0x2b2e93bf8
  Set: 1264 Way: 0 Address: 0x2b2e93c20
  Set: 1265 Way: 0 Address: 0x2b2e93c62
  Set: 1266 Way: 0 Address: 0x2b2e93c9a
  Set: 1267 Way: 0 Address: 0x2b2e93cec
  Set: 1268 Way: 0 Address: 0x2b2e93d3c
  Set: 1269 Way: 0 Address: 0x2b2e93d60
  Set: 1270 Way: 0 Address: 0x2b2e93db6
  Set: 1271 Way: 0 Address: 0x2b2e93df4
  Set: 1271 Way: 1 Address: 0x2113dc0
  Set: 1272 Way: 0 Address: 0x2b2e93e08
  Set: 1272 Way: 1 Address: 0x190973e38
  Set: 1273 Way: 0 Address: 0x2b2e93e58
  Set: 1274 Way: 0 Address: 0x2b2e93eac
  Set: 1275 Way: 0 Address: 0x2b2e93efc
  Set: 1275 Way: 1 Address: 0x190973ef0
  Set: 1276 Way: 0 Address: 0x2b2e93f00
  Set: 1276 Way: 1 Address: 0x2113f18
  Set: 1277 Way: 0 Address: 0x2b2e93f50
  Set: 1278 Way: 0 Address: 0x2b2e93fac
  Set: 1279 Way: 0 Address: 0x2b2e93fd4
  Set: 1281 Way: 0 Address: 0x397bb4040
  Set: 1294 Way: 0 Address: 0xcf094388
  Set: 1296 Way: 0 Address: 0x3c1074400
  Set: 1297 Way: 0 Address: 0x3c1074440
  Set: 1298 Way: 0 Address: 0x3c1074486
  Set: 1299 Way: 0 Address: 0x3c10744c2
  Set: 1300 Way: 0 Address: 0x3c1074504
  Set: 1301 Way: 0 Address: 0x3c1074540
  Set: 1302 Way: 0 Address: 0x3c1074585
  Set: 1303 Way: 0 Address: 0x3c10745c2
  Set: 1304 Way: 0 Address: 0x3c1074603
  Set: 1305 Way: 0 Address: 0x3c1074640
  Set: 1306 Way: 0 Address: 0x3c1074683
  Set: 1307 Way: 0 Address: 0x3c10746dd
  Set: 1308 Way: 0 Address: 0x3c1074700
  Set: 1309 Way: 0 Address: 0x3c1074746
  Set: 1310 Way: 0 Address: 0x3c107478d
  Set: 1316 Way: 0 Address: 0x397bb4900
  Set: 1317 Way: 0 Address: 0x397bb4940
  Set: 1318 Way: 0 Address: 0x397bb4988
  Set: 1320 Way: 0 Address: 0x397bb4a34
  Set: 1321 Way: 0 Address: 0x397bb4a40
  Set: 1322 Way: 0 Address: 0x397bb4aac
  Set: 1323 Way: 0 Address: 0x397bb4ad0
  Set: 1328 Way: 0 Address: 0x397bb4c10
  Set: 1328 Way: 1 Address: 0x3317f4c10
  Set: 1329 Way: 0 Address: 0x397bb4c56
  Set: 1329 Way: 1 Address: 0x3317f4c42
  Set: 1330 Way: 0 Address: 0x397bb4c80
  Set: 1330 Way: 1 Address: 0x3317f4c80
  Set: 1331 Way: 0 Address: 0x397bb4cf0
  Set: 1331 Way: 1 Address: 0x3317f4cc9
  Set: 1332 Way: 0 Address: 0x397bb4d30
  Set: 1332 Way: 1 Address: 0x3317f4d04
  Set: 1333 Way: 0 Address: 0x397bb4d43
  Set: 1333 Way: 1 Address: 0x3317f4d40
  Set: 1334 Way: 0 Address: 0x397bb4d80
  Set: 1335 Way: 0 Address: 0x3c1074df0
  Set: 1335 Way: 1 Address: 0x397bb4dc0
  Set: 1336 Way: 0 Address: 0x3c1074e01
  Set: 1336 Way: 1 Address: 0x397bb4e00
  Set: 1337 Way: 0 Address: 0x397bb4e46
  Set: 1338 Way: 0 Address: 0x397bb4e80
  Set: 1339 Way: 0 Address: 0x397bb4ee5
  Set: 1340 Way: 0 Address: 0x397bb4f00
  Set: 1341 Way: 0 Address: 0x397bb4f40
  Set: 1342 Way: 0 Address: 0x397bb4fa4
  Set: 1343 Way: 0 Address: 0x397bb4fc0
  Set: 1344 Way: 0 Address: 0x354d35000
  Set: 1345 Way: 0 Address: 0x1b0f15040
  Set: 1345 Way: 1 Address: 0x354d35054
  Set: 1346 Way: 0 Address: 0x354d35080
  Set: 1347 Way: 0 Address: 0x354d350e8
  Set: 1348 Way: 0 Address: 0x354d35124
  Set: 1349 Way: 0 Address: 0x354d35160
  Set: 1350 Way: 0 Address: 0x354d35184
  Set: 1351 Way: 0 Address: 0x354d351d8
  Set: 1352 Way: 0 Address: 0x354d3522c
  Set: 1353 Way: 0 Address: 0x354d35278
  Set: 1354 Way: 0 Address: 0x354d35280
  Set: 1355 Way: 0 Address: 0x354d352c0
  Set: 1356 Way: 0 Address: 0x354d35300
  Set: 1357 Way: 0 Address: 0x354d35340
  Set: 1358 Way: 0 Address: 0x354d35380
  Set: 1359 Way: 0 Address: 0x354d353c8
  Set: 1360 Way: 0 Address: 0x354d35428
  Set: 1361 Way: 0 Address: 0x354d35470
  Set: 1362 Way: 0 Address: 0x354d35480
  Set: 1362 Way: 1 Address: 0x29939548f
  Set: 1363 Way: 0 Address: 0x354d354c0
  Set: 1364 Way: 0 Address: 0x354d3553c
  Set: 1365 Way: 0 Address: 0x354d35566
  Set: 1366 Way: 0 Address: 0x354d355ba
  Set: 1367 Way: 0 Address: 0x354d355ce
  Set: 1367 Way: 1 Address: 0x99c755f8
  Set: 1368 Way: 0 Address: 0x354d3563c
  Set: 1369 Way: 0 Address: 0x354d3565a
  Set: 1370 Way: 0 Address: 0x354d35682
  Set: 1371 Way: 0 Address: 0x354d356f8
  Set: 1372 Way: 0 Address: 0x354d35728
  Set: 1373 Way: 0 Address: 0x354d35776
  Set: 1374 Way: 0 Address: 0x354d3579e
  Set: 1374 Way: 1 Address: 0x99c75798
  Set: 1375 Way: 0 Address: 0x354d357c6
  Set: 1376 Way: 0 Address: 0x354d3581c
  Set: 1377 Way: 0 Address: 0x354d3585a
  Set: 1378 Way: 0 Address: 0x354d358ae
  Set: 1379 Way: 0 Address: 0x354d358da
  Set: 1380 Way: 0 Address: 0x354d35930
  Set: 1381 Way: 0 Address: 0x354d35958
  Set: 1382 Way: 0 Address: 0x354d35984
  Set: 1383 Way: 0 Address: 0x354d359ea
  Set: 1384 Way: 0 Address: 0x354d35a1c
  Set: 1385 Way: 0 Address: 0x354d35a44
  Set: 1386 Way: 0 Address: 0x354d35a94
  Set: 1387 Way: 0 Address: 0x354d35ae8
  Set: 1388 Way: 0 Address: 0x354d35b14
  Set: 1389 Way: 0 Address: 0x354d35b40
  Set: 1390 Way: 0 Address: 0x354d35b90
  Set: 1391 Way: 0 Address: 0x354d35bc4
  Set: 1392 Way: 0 Address: 0x354d35c24
  Set: 1393 Way: 0 Address: 0x354d35c50
  Set: 1394 Way: 0 Address: 0x354d35ca6
  Set: 1395 Way: 0 Address: 0x354d35ce0
  Set: 1396 Way: 0 Address: 0x354d35d00
  Set: 1397 Way: 0 Address: 0x354d35d60
  Set: 1398 Way: 0 Address: 0x354d35d90
  Set: 1399 Way: 0 Address: 0x354d35de0
  Set: 1400 Way: 0 Address: 0x354d35e06
  Set: 1401 Way: 0 Address: 0x354d35e5c
  Set: 1402 Way: 0 Address: 0x354d35e88
  Set: 1403 Way: 0 Address: 0x354d35ece
  Set: 1404 Way: 0 Address: 0x354d35f3e
  Set: 1405 Way: 0 Address: 0x354d35f78
  Set: 1406 Way: 0 Address: 0x354d35f98
  Set: 1407 Way: 0 Address: 0x354d35fc2
  Set: 1408 Way: 0 Address: 0x211d16010
  Set: 1410 Way: 0 Address: 0x84896090
  Set: 1428 Way: 0 Address: 0x696d6538
  Set: 1443 Way: 0 Address: 0x211d168f8
  Set: 1455 Way: 0 Address: 0x1aa7b6bc0
  Set: 1458 Way: 0 Address: 0x1aa7b6cb0
  Set: 1459 Way: 0 Address: 0x3d6456ce7
  Set: 1463 Way: 0 Address: 0x3d6456de7
  Set: 1467 Way: 0 Address: 0x3d6456ef7
  Set: 1477 Way: 0 Address: 0x12c077168
  Set: 1487 Way: 0 Address: 0x2fbe973cf
  Set: 1493 Way: 0 Address: 0x112417570
  Set: 1499 Way: 0 Address: 0x276ff76e8
  Set: 1500 Way: 0 Address: 0x112417720
  Set: 1501 Way: 0 Address: 0x2fbe9774a
  Set: 1503 Way: 0 Address: 0x2fbe977c2
  Set: 1519 Way: 0 Address: 0x2fbe97bc2
  Set: 1537 Way: 0 Address: 0x201598058
  Set: 1539 Way: 0 Address: 0x2015980e8
  Set: 1557 Way: 0 Address: 0x2db378560
  Set: 1557 Way: 1 Address: 0x1b2ef8558
  Set: 1559 Way: 0 Address: 0x1b2ef85f8
  Set: 1567 Way: 0 Address: 0x1aafb87f8
  Set: 1570 Way: 0 Address: 0x1bdd188a0
  Set: 1578 Way: 0 Address: 0x1bdd18ab8
  Set: 1588 Way: 0 Address: 0x3fe58d00
  Set: 1592 Way: 0 Address: 0x3fe58e18
  Set: 1596 Way: 0 Address: 0x2c9898f00
  Set: 1597 Way: 0 Address: 0x3bdd78f60
  Set: 1598 Way: 0 Address: 0x3bdd78f81
  Set: 1599 Way: 0 Address: 0x3bdd78fc1
  Set: 1600 Way: 0 Address: 0x8a579014
  Set: 1604 Way: 0 Address: 0x379d39125
  Set: 1604 Way: 1 Address: 0x8a579112
  Set: 1605 Way: 0 Address: 0x321ff9150
  Set: 1605 Way: 1 Address: 0x379d39150
  Set: 1610 Way: 0 Address: 0x8a5792b0
  Set: 1611 Way: 0 Address: 0x379d392cf
  Set: 1620 Way: 0 Address: 0x8a579520
  Set: 1620 Way: 1 Address: 0x7b479500
  Set: 1620 Way: 2 Address: 0x1b87f9500
  Set: 1621 Way: 0 Address: 0x8a579550
  Set: 1622 Way: 0 Address: 0x8a579598
  Set: 1622 Way: 1 Address: 0x7b4795a8
  Set: 1624 Way: 0 Address: 0x1b87f9618
  Set: 1629 Way: 0 Address: 0x3f401974a
  Set: 1631 Way: 0 Address: 0x3f40197c0
  Set: 1632 Way: 0 Address: 0x8a57983a
  Set: 1634 Way: 0 Address: 0x8a579890
  Set: 1636 Way: 0 Address: 0x8a579916
  Set: 1638 Way: 0 Address: 0x8a57999a
  Set: 1641 Way: 0 Address: 0x379d39a76
  Set: 1642 Way: 0 Address: 0x379d39aa0
  Set: 1643 Way: 0 Address: 0x379d39ac0
  Set: 1651 Way: 0 Address: 0x8a579cfb
  Set: 1651 Way: 1 Address: 0x16a859cf8
  Set: 1652 Way: 0 Address: 0x312099d38
  Set: 1652 Way: 1 Address: 0x16a859d10
  Set: 1655 Way: 0 Address: 0x8a579df7
  Set: 1664 Way: 0 Address: 0x1d89da010
  Set: 1664 Way: 1 Address: 0xc67da004
  Set: 1665 Way: 0 Address: 0x223eda068
  Set: 1665 Way: 1 Address: 0x1d89da060
  Set: 1665 Way: 2 Address: 0x1e561a050
  Set: 1666 Way: 0 Address: 0x1e561a095
  Set: 1688 Way: 0 Address: 0x1e561a63a
  Set: 1689 Way: 0 Address: 0x1e561a650
  Set: 1691 Way: 0 Address: 0x1e561a6cf
  Set: 1694 Way: 0 Address: 0x18db7a7b0
  Set: 1698 Way: 0 Address: 0x18db7a8a0
  Set: 1701 Way: 0 Address: 0x1e561a959
  Set: 1703 Way: 0 Address: 0x1e561a9cf
  Set: 1712 Way: 0 Address: 0x24243ac24
  Set: 1715 Way: 0 Address: 0x1132facf8
  Set: 1716 Way: 0 Address: 0x1132fad20
  Set: 1719 Way: 0 Address: 0x1e561adfb
  Set: 1728 Way: 0 Address: 0xc0d9b001
  Set: 1728 Way: 1 Address: 0x394edb016
  Set: 1729 Way: 0 Address: 0xc0d9b044
  Set: 1729 Way: 1 Address: 0x394edb06e
  Set: 1730 Way: 0 Address: 0xc0d9b080
  Set: 1730 Way: 1 Address: 0x394edb0b6
  Set: 1731 Way: 0 Address: 0xc0d9b0f0
  Set: 1731 Way: 1 Address: 0x394edb0de
  Set: 1732 Way: 0 Address: 0xc0d9b101
  Set: 1732 Way: 1 Address: 0x394edb12e
  Set: 1733 Way: 0 Address: 0xc0d9b140
  Set: 1733 Way: 1 Address: 0x394edb154
  Set: 1734 Way: 0 Address: 0x394edb184
  Set: 1734 Way: 1 Address: 0xc0d9b180
  Set: 1735 Way: 0 Address: 0x394edb1fa
  Set: 1735 Way: 1 Address: 0xc0d9b1c0
  Set: 1736 Way: 0 Address: 0x394edb222
  Set: 1736 Way: 1 Address: 0xc0d9b200
  Set: 1737 Way: 0 Address: 0x394edb240
  Set: 1737 Way: 1 Address: 0xc0d9b242
  Set: 1738 Way: 0 Address: 0x394edb2be
  Set: 1738 Way: 1 Address: 0xc0d9b280
  Set: 1739 Way: 0 Address: 0x394edb2e2
  Set: 1740 Way: 0 Address: 0x394edb30c
  Set: 1741 Way: 0 Address: 0x394edb360
  Set: 1742 Way: 0 Address: 0x394edb3b6
  Set: 1743 Way: 0 Address: 0x394edb3ca
  Set: 1744 Way: 0 Address: 0x394edb42a
  Set: 1745 Way: 0 Address: 0x394edb454
  Set: 1746 Way: 0 Address: 0x394edb4a2
  Set: 1747 Way: 0 Address: 0x394edb4dc
  Set: 1748 Way: 0 Address: 0x394edb51c
  Set: 1749 Way: 0 Address: 0x394edb56e
  Set: 1750 Way: 0 Address: 0x394edb598
  Set: 1751 Way: 0 Address: 0x394edb5c0
  Set: 1752 Way: 0 Address: 0x394edb630
  Set: 1753 Way: 0 Address: 0x394edb660
  Set: 1754 Way: 0 Address: 0x394edb6a4
  Set: 1754 Way: 1 Address: 0xc0d9b6b0
  Set: 1755 Way: 0 Address: 0xc0d9b6c3
  Set: 1755 Way: 1 Address: 0x394edb6c0
  Set: 1756 Way: 0 Address: 0x394edb724
  Set: 1756 Way: 1 Address: 0xc0d9b704
  Set: 1757 Way: 0 Address: 0xc0d9b740
  Set: 1758 Way: 0 Address: 0xc0d9b781
  Set: 1777 Way: 0 Address: 0x3b377bc78
  Set: 1778 Way: 0 Address: 0x3b377bc80
  Set: 1779 Way: 0 Address: 0x3b377bcc3
  Set: 1779 Way: 1 Address: 0x36889bcd7
  Set: 1780 Way: 0 Address: 0x3b377bd02
  Set: 1780 Way: 1 Address: 0xcf83bd30
  Set: 1781 Way: 0 Address: 0xcf83bd68
  Set: 1782 Way: 0 Address: 0x36889bdaa
  Set: 1783 Way: 0 Address: 0x36889bdc0
  Set: 1784 Way: 0 Address: 0x36889be39
  Set: 1786 Way: 0 Address: 0x36889bea8
  Set: 1791 Way: 0 Address: 0x36889bfc8
  Set: 1792 Way: 0 Address: 0xdf85c000
  Set: 1793 Way: 0 Address: 0x12c6fc060
  Set: 1794 Way: 0 Address: 0x4dd9c0a9
  Set: 1815 Way: 0 Address: 0x38e35c5c0
  Set: 1816 Way: 0 Address: 0x38e35c604
  Set: 1817 Way: 0 Address: 0x38e35c660
  Set: 1818 Way: 0 Address: 0x38e35c680
  Set: 1819 Way: 0 Address: 0x38e35c6c1
  Set: 1820 Way: 0 Address: 0x38e35c721
  Set: 1821 Way: 0 Address: 0x38e35c740
  Set: 1822 Way: 0 Address: 0x38e35c781
  Set: 1823 Way: 0 Address: 0x38e35c7c0
  Set: 1824 Way: 0 Address: 0x38e35c806
  Set: 1824 Way: 1 Address: 0x4dd9c824
  Set: 1825 Way: 0 Address: 0x38e35c845
  Set: 1827 Way: 0 Address: 0x38e35c8c3
  Set: 1828 Way: 0 Address: 0x38e35c908
  Set: 1829 Way: 0 Address: 0x38e35c940
  Set: 1831 Way: 0 Address: 0x38e35c9e1
  Set: 1832 Way: 0 Address: 0x38e35ca05
  Set: 1834 Way: 0 Address: 0x38e35ca89
  Set: 1835 Way: 0 Address: 0x38e35cae0
  Set: 1836 Way: 0 Address: 0x38e35cb01
  Set: 1837 Way: 0 Address: 0x38e35cb43
  Set: 1838 Way: 0 Address: 0x38e35cb82
  Set: 1839 Way: 0 Address: 0x38e35cbc5
  Set: 1840 Way: 0 Address: 0x38e35cc08
  Set: 1841 Way: 0 Address: 0x38e35cc70
  Set: 1842 Way: 0 Address: 0x38e35ccb0
  Set: 1843 Way: 0 Address: 0x38e35ccc4
  Set: 1844 Way: 0 Address: 0x38e35cd00
  Set: 1845 Way: 0 Address: 0x38e35cd7a
  Set: 1845 Way: 1 Address: 0x2f8e1cd58
  Set: 1846 Way: 0 Address: 0x38e35cd90
  Set: 1847 Way: 0 Address: 0x38e35cdc1
  Set: 1848 Way: 0 Address: 0x38e35ce20
  Set: 1857 Way: 0 Address: 0x23755d048
  Set: 1858 Way: 0 Address: 0x23755d090
  Set: 1861 Way: 0 Address: 0x2cc9bd154
  Set: 1877 Way: 0 Address: 0xe51bd568
  Set: 1880 Way: 0 Address: 0xe51bd620
  Set: 1882 Way: 0 Address: 0x1add690
  Set: 1891 Way: 0 Address: 0x23755d8f8
  Set: 1906 Way: 0 Address: 0x3d747dcb0
  Set: 1920 Way: 0 Address: 0x28b67e000
  Set: 1920 Way: 1 Address: 0x2db79e010
  Set: 1920 Way: 2 Address: 0x20597e028
  Set: 1921 Way: 0 Address: 0x20597e076
  Set: 1921 Way: 1 Address: 0x3857be068
  Set: 1922 Way: 0 Address: 0x2db79e0a8
  Set: 1922 Way: 1 Address: 0x20597e0ba
  Set: 1922 Way: 2 Address: 0xd209e0a1
  Set: 1929 Way: 0 Address: 0x20597e27a
  Set: 1930 Way: 0 Address: 0x20597e2b6
  Set: 1931 Way: 0 Address: 0x20597e2cf
  Set: 1932 Way: 0 Address: 0x2d95e310
  Set: 1934 Way: 0 Address: 0x2c077e388
  Set: 1935 Way: 0 Address: 0x2c077e3c8
  Set: 1936 Way: 0 Address: 0x20597e438
  Set: 1940 Way: 0 Address: 0x20597e530
  Set: 1940 Way: 1 Address: 0x2dee5e528
  Set: 1945 Way: 0 Address: 0x20597e678
  Set: 1946 Way: 0 Address: 0x20597e690
  Set: 1947 Way: 0 Address: 0x20597e6cf
  Set: 1949 Way: 0 Address: 0x2c077e74a
  Set: 1951 Way: 0 Address: 0x28b67e7f8
  Set: 1951 Way: 1 Address: 0x2d95e7f8
  Set: 1953 Way: 0 Address: 0x20597e876
  Set: 1956 Way: 0 Address: 0x20597e93a
  Set: 1957 Way: 0 Address: 0x108ede950
  Set: 1958 Way: 0 Address: 0x108ede998
  Set: 1959 Way: 0 Address: 0x108ede9c0
  Set: 1961 Way: 0 Address: 0x20597ea72
  Set: 1965 Way: 0 Address: 0x2c077eb4a
  Set: 1967 Way: 0 Address: 0x2c077ebca
  Set: 1994 Way: 0 Address: 0x6637f2a1
  Set: 2009 Way: 0 Address: 0x1609ff64f
  Set: 2036 Way: 0 Address: 0x3567dfd10
  Set: 2040 Way: 0 Address: 0x3567dfe18
EndCache
