Cache: cpu0_STLB
  Set: 2 Way: 0 Address: 0x4027b0
  Set: 3 Way: 0 Address: 0x4033fb
  Set: 4 Way: 0 Address: 0x404c00
  Set: 5 Way: 0 Address: 0x7fd2fa705fc0
  Set: 6 Way: 0 Address: 0x7fd2fa706280
  Set: 7 Way: 0 Address: 0x7fd2fa707040
  Set: 13 Way: 0 Address: 0x40d700
  Set: 14 Way: 0 Address: 0x40e7d0
  Set: 15 Way: 0 Address: 0x40fec2
  Set: 30 Way: 0 Address: 0x279ea52
  Set: 38 Way: 0 Address: 0x526961
  Set: 42 Way: 0 Address: 0x52aad8
  Set: 42 Way: 1 Address: 0x7fd2fa62a4bd
  Set: 43 Way: 0 Address: 0x7fd2fa62b888
  Set: 44 Way: 0 Address: 0x7fd2fa62c0c8
  Set: 48 Way: 0 Address: 0x27b0572
  Set: 59 Way: 0 Address: 0x7fd2fa6bbdff
  Set: 60 Way: 0 Address: 0x7fd2fa6bc0bd
  Set: 61 Way: 0 Address: 0x7fd2fa6bd1c0
  Set: 62 Way: 0 Address: 0x43ede2
  Set: 62 Way: 1 Address: 0x7fd2fa6be240
  Set: 68 Way: 0 Address: 0x444b03
  Set: 69 Way: 0 Address: 0x4450ef
  Set: 70 Way: 0 Address: 0x446106
  Set: 71 Way: 0 Address: 0x7ffedb247c6c
  Set: 72 Way: 0 Address: 0x7ffedb2487d8
  Set: 72 Way: 1 Address: 0x4482f4
  Set: 73 Way: 0 Address: 0x7ffedb249550
  Set: 74 Way: 0 Address: 0x44a870
  Set: 75 Way: 0 Address: 0x44b2c7
  Set: 81 Way: 0 Address: 0x27d1f02
  Set: 93 Way: 0 Address: 0x275dc40
  Set: 94 Way: 0 Address: 0x275eaf8
  Set: 95 Way: 0 Address: 0x275ffd0
  Set: 96 Way: 0 Address: 0x2760a58
  Set: 96 Way: 1 Address: 0x21e03a0
  Set: 98 Way: 0 Address: 0x2762170
  Set: 100 Way: 0 Address: 0x21e45e0
  Set: 101 Way: 0 Address: 0x21e54e0
  Set: 103 Way: 0 Address: 0x21e7e18
  Set: 104 Way: 0 Address: 0x21e80f0
  Set: 105 Way: 0 Address: 0x26e9430
  Set: 109 Way: 0 Address: 0x276d0f4
  Set: 112 Way: 0 Address: 0x2770964
  Set: 115 Way: 0 Address: 0x7fd2fa6732bc
  Set: 116 Way: 0 Address: 0x7fd2fa674688
  Set: 117 Way: 0 Address: 0x7fd2fa675188
  Set: 120 Way: 0 Address: 0x7fd2fa3784b8
  Set: 121 Way: 0 Address: 0x7fd2fa379880
  Set: 122 Way: 0 Address: 0x7fd2fa37a0c0
  Set: 123 Way: 0 Address: 0x21fb314
EndCache
Cache: cpu0_L2C
  Set: 0 Way: 0 Address: 0x237570000
  Set: 9 Way: 0 Address: 0x168ef0248
  Set: 40 Way: 0 Address: 0x342b40a3e
  Set: 41 Way: 0 Address: 0x342b40a52
  Set: 42 Way: 0 Address: 0x342b40a80
  Set: 43 Way: 0 Address: 0x2177f0af8
  Set: 44 Way: 0 Address: 0x6e620b00
  Set: 44 Way: 1 Address: 0x2177f0b00
  Set: 45 Way: 0 Address: 0x6e620b68
  Set: 46 Way: 0 Address: 0x14bb10b80
  Set: 48 Way: 0 Address: 0x28a940c00
  Set: 49 Way: 0 Address: 0x28a940c41
  Set: 50 Way: 0 Address: 0x28a940c80
  Set: 51 Way: 0 Address: 0x2177f0cf0
  Set: 51 Way: 1 Address: 0x28a940cc0
  Set: 52 Way: 0 Address: 0x28a940d00
  Set: 64 Way: 0 Address: 0xf6e81018
  Set: 65 Way: 0 Address: 0x113201078
  Set: 66 Way: 0 Address: 0x2600910b8
  Set: 67 Way: 0 Address: 0x2600910c0
  Set: 68 Way: 0 Address: 0x260091100
  Set: 73 Way: 0 Address: 0x113201258
  Set: 77 Way: 0 Address: 0x260091378
  Set: 78 Way: 0 Address: 0x260091380
  Set: 79 Way: 0 Address: 0x2600913c0
  Set: 88 Way: 0 Address: 0x260091638
  Set: 89 Way: 0 Address: 0x260091640
  Set: 90 Way: 0 Address: 0x260091680
  Set: 99 Way: 0 Address: 0x2600918f8
  Set: 100 Way: 0 Address: 0xf6e81930
  Set: 100 Way: 1 Address: 0x260091900
  Set: 101 Way: 0 Address: 0x260091940
  Set: 108 Way: 0 Address: 0x181c81b10
  Set: 110 Way: 0 Address: 0x260091bb8
  Set: 111 Way: 0 Address: 0x260091bc0
  Set: 112 Way: 0 Address: 0x260091c00
  Set: 118 Way: 0 Address: 0x181c81d80
  Set: 124 Way: 0 Address: 0x2a4841f20
  Set: 125 Way: 0 Address: 0x2a4841f40
  Set: 127 Way: 0 Address: 0x2a4841fd8
  Set: 133 Way: 0 Address: 0x1c6532150
  Set: 136 Way: 0 Address: 0x133c92220
  Set: 140 Way: 0 Address: 0x1064c2310
  Set: 141 Way: 0 Address: 0x1064c2340
  Set: 142 Way: 0 Address: 0x1064c23a0
  Set: 143 Way: 0 Address: 0x1064c23c0
  Set: 149 Way: 0 Address: 0x31be12550
  Set: 150 Way: 0 Address: 0x31be12580
  Set: 151 Way: 0 Address: 0x1c65325f0
  Set: 157 Way: 0 Address: 0x62d12748
  Set: 165 Way: 0 Address: 0x6d0c2961
  Set: 166 Way: 0 Address: 0x6d0c2980
  Set: 169 Way: 0 Address: 0x9cff2a58
  Set: 175 Way: 0 Address: 0xa3a52bc0
  Set: 176 Way: 0 Address: 0x1c84e2c20
  Set: 177 Way: 0 Address: 0x1c84e2c6c
  Set: 178 Way: 0 Address: 0x1c84e2c8c
  Set: 179 Way: 0 Address: 0x1c84e2cc0
  Set: 180 Way: 0 Address: 0x1c84e2d00
  Set: 180 Way: 1 Address: 0x1064c2d24
  Set: 181 Way: 0 Address: 0x1c84e2d58
  Set: 181 Way: 1 Address: 0x1064c2d40
  Set: 182 Way: 0 Address: 0x1c84e2d88
  Set: 183 Way: 0 Address: 0x1c84e2dc0
  Set: 184 Way: 0 Address: 0x1c84e2e00
  Set: 184 Way: 1 Address: 0x1064c2e00
  Set: 185 Way: 0 Address: 0x1c84e2e40
  Set: 185 Way: 1 Address: 0x1064c2e40
  Set: 186 Way: 0 Address: 0x1c84e2e80
  Set: 187 Way: 0 Address: 0x1c84e2ec0
  Set: 188 Way: 0 Address: 0x1c84e2f00
  Set: 189 Way: 0 Address: 0x1c84e2f40
  Set: 190 Way: 0 Address: 0x1c84e2f80
  Set: 191 Way: 0 Address: 0x9cff2fd8
  Set: 191 Way: 1 Address: 0x1c84e2fc0
  Set: 192 Way: 0 Address: 0x257713020
  Set: 192 Way: 1 Address: 0x34a873020
  Set: 199 Way: 0 Address: 0x2577131f0
  Set: 219 Way: 0 Address: 0x3c56b36c8
  Set: 223 Way: 0 Address: 0x263c137f8
  Set: 227 Way: 0 Address: 0x3b08038d0
  Set: 228 Way: 0 Address: 0x3b0803900
  Set: 229 Way: 0 Address: 0x3b0803948
  Set: 229 Way: 1 Address: 0x34a873950
  Set: 230 Way: 0 Address: 0x3b0803980
  Set: 235 Way: 0 Address: 0x3232f3af8
  Set: 235 Way: 1 Address: 0x3b0803af8
  Set: 236 Way: 0 Address: 0x3b0803b00
  Set: 237 Way: 0 Address: 0x2b2e93b5c
  Set: 238 Way: 0 Address: 0x2b2e93b80
  Set: 239 Way: 0 Address: 0x2b2e93bc0
  Set: 241 Way: 0 Address: 0x2b2e93c40
  Set: 242 Way: 0 Address: 0x2b2e93c80
  Set: 256 Way: 0 Address: 0x3de4d4010
  Set: 257 Way: 0 Address: 0x6b744070
  Set: 260 Way: 0 Address: 0x3c107413f
  Set: 261 Way: 0 Address: 0x3c107417f
  Set: 262 Way: 0 Address: 0x3c1074188
  Set: 262 Way: 1 Address: 0x397bb4184
  Set: 263 Way: 0 Address: 0x3c10741c0
  Set: 263 Way: 1 Address: 0x397bb41c0
  Set: 264 Way: 0 Address: 0x6b744230
  Set: 264 Way: 1 Address: 0x1ab4421b
  Set: 265 Way: 0 Address: 0x3de4d4258
  Set: 265 Way: 1 Address: 0x1ab44240
  Set: 266 Way: 0 Address: 0x1ab44283
  Set: 267 Way: 0 Address: 0x1ab442f4
  Set: 268 Way: 0 Address: 0x1ab44300
  Set: 269 Way: 0 Address: 0x1ab44340
  Set: 271 Way: 0 Address: 0x3c10743ff
  Set: 272 Way: 0 Address: 0x3c107443f
  Set: 273 Way: 0 Address: 0x3c1074448
  Set: 274 Way: 0 Address: 0x3c1074480
  Set: 278 Way: 0 Address: 0x397bb45a4
  Set: 279 Way: 0 Address: 0x397bb45e0
  Set: 280 Way: 0 Address: 0x397bb4600
  Set: 281 Way: 0 Address: 0x397bb4640
  Set: 282 Way: 0 Address: 0x3c10746bf
  Set: 283 Way: 0 Address: 0x3c10746ff
  Set: 284 Way: 0 Address: 0x3c1074708
  Set: 285 Way: 0 Address: 0x3c1074740
  Set: 286 Way: 0 Address: 0xb80047b0
  Set: 287 Way: 0 Address: 0xb80047c4
  Set: 288 Way: 0 Address: 0xb8004801
  Set: 289 Way: 0 Address: 0xb8004841
  Set: 290 Way: 0 Address: 0xb8004882
  Set: 291 Way: 0 Address: 0xb80048c1
  Set: 292 Way: 0 Address: 0xb8004900
  Set: 293 Way: 0 Address: 0x3c107497f
  Set: 294 Way: 0 Address: 0x3c10749bf
  Set: 295 Way: 0 Address: 0x3c10749c8
  Set: 296 Way: 0 Address: 0x3c1074a00
  Set: 297 Way: 0 Address: 0xb8004a40
  Set: 298 Way: 0 Address: 0xb8004a80
  Set: 299 Way: 0 Address: 0xb8004ac0
  Set: 300 Way: 0 Address: 0xb8004b00
  Set: 308 Way: 0 Address: 0xb8004d1f
  Set: 309 Way: 0 Address: 0xb8004d40
  Set: 316 Way: 0 Address: 0x129934f38
  Set: 317 Way: 0 Address: 0x129934f40
  Set: 320 Way: 0 Address: 0x195f15010
  Set: 322 Way: 0 Address: 0x195f15080
  Set: 339 Way: 0 Address: 0x2725854e0
  Set: 351 Way: 0 Address: 0x57be57d0
  Set: 352 Way: 0 Address: 0x57be5800
  Set: 353 Way: 0 Address: 0x57be5840
  Set: 354 Way: 0 Address: 0x57be5880
  Set: 363 Way: 0 Address: 0x354d35ae8
  Set: 365 Way: 0 Address: 0x354d35b68
  Set: 366 Way: 0 Address: 0x354d35b80
  Set: 367 Way: 0 Address: 0x34a0e5bd0
  Set: 380 Way: 0 Address: 0x1b0f15f00
  Set: 385 Way: 0 Address: 0x3dae6607f
  Set: 386 Way: 0 Address: 0x3dae660bf
  Set: 387 Way: 0 Address: 0x3dae660c8
  Set: 388 Way: 0 Address: 0x3dae66100
  Set: 392 Way: 0 Address: 0x1b7ae623d
  Set: 393 Way: 0 Address: 0x43736240
  Set: 393 Way: 1 Address: 0x247006250
  Set: 393 Way: 2 Address: 0x1b7ae6240
  Set: 394 Way: 0 Address: 0x1b7ae6280
  Set: 396 Way: 0 Address: 0x3dae6633f
  Set: 397 Way: 0 Address: 0x3dae6637f
  Set: 398 Way: 0 Address: 0x3dae66388
  Set: 399 Way: 0 Address: 0x3dae663c0
  Set: 403 Way: 0 Address: 0x1b7ae64fd
  Set: 404 Way: 0 Address: 0x1b7ae6500
  Set: 405 Way: 0 Address: 0x1b7ae6540
  Set: 407 Way: 0 Address: 0x3dae665ff
  Set: 408 Way: 0 Address: 0x3dae6663f
  Set: 409 Way: 0 Address: 0x3dae66648
  Set: 410 Way: 0 Address: 0x3dae66680
  Set: 414 Way: 0 Address: 0x1b7ae67bd
  Set: 415 Way: 0 Address: 0x1b7ae67c0
  Set: 416 Way: 0 Address: 0x1b7ae6800
  Set: 418 Way: 0 Address: 0x3dae668bf
  Set: 419 Way: 0 Address: 0x3dae668ff
  Set: 420 Way: 0 Address: 0x3dae66908
  Set: 421 Way: 0 Address: 0x3dae66940
  Set: 428 Way: 0 Address: 0x27d4c6b10
  Set: 429 Way: 0 Address: 0x3dae66b7f
  Set: 430 Way: 0 Address: 0x3dae66bbf
  Set: 431 Way: 0 Address: 0x3dae66bc8
  Set: 432 Way: 0 Address: 0x3dae66c00
  Set: 440 Way: 0 Address: 0x211d16e18
  Set: 441 Way: 0 Address: 0x211d16e40
  Set: 441 Way: 1 Address: 0x3dae66e7d
  Set: 442 Way: 0 Address: 0x27d4c6e88
  Set: 442 Way: 1 Address: 0x211d16e80
  Set: 442 Way: 2 Address: 0x3dae66e85
  Set: 443 Way: 0 Address: 0x211d16ec0
  Set: 443 Way: 1 Address: 0x3dae66ec0
  Set: 443 Way: 2 Address: 0x3d87a6efe
  Set: 444 Way: 0 Address: 0x84896f38
  Set: 444 Way: 1 Address: 0x3d87a6f02
  Set: 444 Way: 2 Address: 0x211d16f00
  Set: 445 Way: 0 Address: 0x3d87a6f40
  Set: 448 Way: 0 Address: 0x276ff7018
  Set: 453 Way: 0 Address: 0x2fbe97150
  Set: 455 Way: 0 Address: 0xbeea71f0
  Set: 455 Way: 1 Address: 0x1124171fd
  Set: 456 Way: 0 Address: 0xbeea7228
  Set: 456 Way: 1 Address: 0x112417200
  Set: 457 Way: 0 Address: 0x276ff7240
  Set: 458 Way: 0 Address: 0x358da72bc
  Set: 459 Way: 0 Address: 0x358da72c0
  Set: 462 Way: 0 Address: 0x12c077398
  Set: 466 Way: 0 Address: 0x1124174bd
  Set: 467 Way: 0 Address: 0x1124174c0
  Set: 468 Way: 0 Address: 0x112417500
  Set: 469 Way: 0 Address: 0x358da757c
  Set: 470 Way: 0 Address: 0x358da7580
  Set: 471 Way: 0 Address: 0x3704c75f0
  Set: 471 Way: 1 Address: 0x2fbe975d8
  Set: 471 Way: 2 Address: 0x12c0775e0
  Set: 477 Way: 0 Address: 0x11241777d
  Set: 478 Way: 0 Address: 0x112417780
  Set: 479 Way: 0 Address: 0x1124177c0
  Set: 480 Way: 0 Address: 0x3704c7830
  Set: 480 Way: 1 Address: 0x358da783c
  Set: 481 Way: 0 Address: 0x358da7840
  Set: 488 Way: 0 Address: 0x112417a3d
  Set: 489 Way: 0 Address: 0x309887a58
  Set: 489 Way: 1 Address: 0x112417a40
  Set: 490 Way: 0 Address: 0x112417a80
  Set: 491 Way: 0 Address: 0x358da7afc
  Set: 492 Way: 0 Address: 0x358da7b00
  Set: 499 Way: 0 Address: 0x112417cfd
  Set: 500 Way: 0 Address: 0x112417d00
  Set: 501 Way: 0 Address: 0x112417d40
  Set: 502 Way: 0 Address: 0x358da7dbc
  Set: 503 Way: 0 Address: 0x358da7dc0
  Set: 510 Way: 0 Address: 0x112417fbd
  Set: 511 Way: 0 Address: 0x112417fc0
  Set: 512 Way: 0 Address: 0x201598010
  Set: 512 Way: 1 Address: 0x112418000
  Set: 515 Way: 0 Address: 0xc70780f0
  Set: 515 Way: 1 Address: 0x3bdd780ef
  Set: 516 Way: 0 Address: 0xc7078100
  Set: 516 Way: 1 Address: 0x3bdd78105
  Set: 517 Way: 0 Address: 0x3bdd78146
  Set: 517 Way: 1 Address: 0xc7078168
  Set: 518 Way: 0 Address: 0x3bdd78180
  Set: 518 Way: 1 Address: 0xc7078180
  Set: 519 Way: 0 Address: 0x3bdd781c0
  Set: 520 Way: 0 Address: 0x3bdd78201
  Set: 521 Way: 0 Address: 0x3bdd78240
  Set: 530 Way: 0 Address: 0x2db3784b8
  Set: 531 Way: 0 Address: 0x2db3784c0
  Set: 541 Way: 0 Address: 0x2db378778
  Set: 542 Way: 0 Address: 0x2db378780
  Set: 548 Way: 0 Address: 0x201598930
  Set: 552 Way: 0 Address: 0x2db378a38
  Set: 553 Way: 0 Address: 0x2db378a40
  Set: 554 Way: 0 Address: 0x3bdd78a90
  Set: 555 Way: 0 Address: 0x3bdd78ac3
  Set: 556 Way: 0 Address: 0x3bdd78b00
  Set: 557 Way: 0 Address: 0x3bdd78b43
  Set: 558 Way: 0 Address: 0x3bdd78b82
  Set: 559 Way: 0 Address: 0x3bdd78bc0
  Set: 560 Way: 0 Address: 0x3bdd78c01
  Set: 561 Way: 0 Address: 0x3bdd78c43
  Set: 562 Way: 0 Address: 0x3bdd78c85
  Set: 563 Way: 0 Address: 0x2c9898cf0
  Set: 563 Way: 1 Address: 0x3bdd78cc0
  Set: 563 Way: 2 Address: 0x2db378cf8
  Set: 564 Way: 0 Address: 0x3bdd78d00
  Set: 564 Way: 1 Address: 0x2db378d00
  Set: 565 Way: 0 Address: 0x3bdd78d41
  Set: 566 Way: 0 Address: 0x3bdd78d82
  Set: 567 Way: 0 Address: 0x3bdd78dc0
  Set: 567 Way: 1 Address: 0x3fe58dff
  Set: 568 Way: 0 Address: 0x3bdd78e00
  Set: 568 Way: 1 Address: 0x3fe58e00
  Set: 569 Way: 0 Address: 0x3bdd78e41
  Set: 570 Way: 0 Address: 0x3bdd78e81
  Set: 571 Way: 0 Address: 0x3bdd78ec0
  Set: 574 Way: 0 Address: 0x2db378fb8
  Set: 575 Way: 0 Address: 0x1aafb8fd8
  Set: 575 Way: 1 Address: 0x16668fc0
  Set: 575 Way: 2 Address: 0x2db378fc0
  Set: 576 Way: 0 Address: 0x16669000
  Set: 580 Way: 0 Address: 0x16a85913d
  Set: 581 Way: 0 Address: 0x2ee369158
  Set: 581 Way: 1 Address: 0x16a859140
  Set: 582 Way: 0 Address: 0x16a8591bd
  Set: 583 Way: 0 Address: 0x2929591d0
  Set: 583 Way: 1 Address: 0x16a8591c0
  Set: 584 Way: 0 Address: 0x292959200
  Set: 584 Way: 1 Address: 0x16a859200
  Set: 585 Way: 0 Address: 0x292959248
  Set: 586 Way: 0 Address: 0x292959280
  Set: 587 Way: 0 Address: 0x2929592e8
  Set: 588 Way: 0 Address: 0x292959318
  Set: 589 Way: 0 Address: 0x292959340
  Set: 590 Way: 0 Address: 0x292959390
  Set: 590 Way: 1 Address: 0x5d6e9398
  Set: 591 Way: 0 Address: 0x2929593c0
  Set: 591 Way: 1 Address: 0x16a8593fd
  Set: 592 Way: 0 Address: 0xb84a9430
  Set: 592 Way: 1 Address: 0x292959400
  Set: 592 Way: 2 Address: 0x16a859400
  Set: 593 Way: 0 Address: 0xb84a9440
  Set: 593 Way: 1 Address: 0x292959448
  Set: 593 Way: 2 Address: 0x16a85947d
  Set: 594 Way: 0 Address: 0xb84a9480
  Set: 594 Way: 1 Address: 0x16a859480
  Set: 595 Way: 0 Address: 0x16a8594c0
  Set: 596 Way: 0 Address: 0x292959508
  Set: 597 Way: 0 Address: 0x2fa0c9572
  Set: 597 Way: 1 Address: 0x292959540
  Set: 598 Way: 0 Address: 0x292959580
  Set: 600 Way: 0 Address: 0x292959618
  Set: 601 Way: 0 Address: 0x292959640
  Set: 602 Way: 0 Address: 0x292959680
  Set: 603 Way: 0 Address: 0x2929596d0
  Set: 604 Way: 0 Address: 0x292959730
  Set: 604 Way: 1 Address: 0x16a85973d
  Set: 605 Way: 0 Address: 0x292959778
  Set: 605 Way: 1 Address: 0x2c8749748
  Set: 605 Way: 2 Address: 0x16a859740
  Set: 606 Way: 0 Address: 0x292959788
  Set: 606 Way: 1 Address: 0x16a859780
  Set: 607 Way: 0 Address: 0x2929597d8
  Set: 608 Way: 0 Address: 0x292959800
  Set: 608 Way: 1 Address: 0x8a579828
  Set: 608 Way: 2 Address: 0x379d39838
  Set: 614 Way: 0 Address: 0x2929599a8
  Set: 615 Way: 0 Address: 0x2929599c0
  Set: 615 Way: 1 Address: 0x16a8599fd
  Set: 616 Way: 0 Address: 0x292959a00
  Set: 616 Way: 1 Address: 0x16a859a00
  Set: 617 Way: 0 Address: 0x292959a40
  Set: 617 Way: 1 Address: 0x16a859a40
  Set: 618 Way: 0 Address: 0x292959a80
  Set: 626 Way: 0 Address: 0x292959c98
  Set: 626 Way: 1 Address: 0x16a859cbd
  Set: 627 Way: 0 Address: 0x292959cc0
  Set: 627 Way: 1 Address: 0x16a859cc0
  Set: 628 Way: 0 Address: 0x16a859d00
  Set: 629 Way: 0 Address: 0x312099d60
  Set: 630 Way: 0 Address: 0x2c8749d80
  Set: 630 Way: 1 Address: 0x312099d80
  Set: 631 Way: 0 Address: 0x312099de2
  Set: 632 Way: 0 Address: 0x312099e02
  Set: 633 Way: 0 Address: 0x312099e40
  Set: 637 Way: 0 Address: 0x16a859f7d
  Set: 638 Way: 0 Address: 0x16a859f80
  Set: 639 Way: 0 Address: 0x16a859fc0
  Set: 640 Way: 0 Address: 0x229b9a000
  Set: 640 Way: 1 Address: 0x223eda010
  Set: 641 Way: 0 Address: 0x1e561a040
  Set: 641 Way: 1 Address: 0x223eda040
  Set: 642 Way: 0 Address: 0x1d89da080
  Set: 642 Way: 1 Address: 0x1e561a080
  Set: 642 Way: 2 Address: 0x223eda080
  Set: 642 Way: 3 Address: 0x8754a0bd
  Set: 643 Way: 0 Address: 0x223eda0c0
  Set: 643 Way: 1 Address: 0x8754a0c0
  Set: 648 Way: 0 Address: 0x223eda210
  Set: 649 Way: 0 Address: 0x223eda240
  Set: 650 Way: 0 Address: 0x223eda287
  Set: 651 Way: 0 Address: 0x223eda2c7
  Set: 652 Way: 0 Address: 0x223eda300
  Set: 652 Way: 1 Address: 0x1e561a300
  Set: 653 Way: 0 Address: 0x223eda340
  Set: 653 Way: 1 Address: 0x1e561a340
  Set: 653 Way: 2 Address: 0x8754a37d
  Set: 654 Way: 0 Address: 0x8754a380
  Set: 657 Way: 0 Address: 0x223eda45f
  Set: 658 Way: 0 Address: 0x223eda480
  Set: 659 Way: 0 Address: 0x223eda4c6
  Set: 660 Way: 0 Address: 0x223eda500
  Set: 661 Way: 0 Address: 0x223eda540
  Set: 662 Way: 0 Address: 0x223eda580
  Set: 663 Way: 0 Address: 0x1e561a5c0
  Set: 664 Way: 0 Address: 0x1e561a600
  Set: 664 Way: 1 Address: 0x8754a63d
  Set: 665 Way: 0 Address: 0x8754a640
  Set: 666 Way: 0 Address: 0x223eda6b5
  Set: 667 Way: 0 Address: 0x223eda6c3
  Set: 668 Way: 0 Address: 0x223eda700
  Set: 669 Way: 0 Address: 0x223eda743
  Set: 670 Way: 0 Address: 0x223eda780
  Set: 671 Way: 0 Address: 0x223eda7c0
  Set: 673 Way: 0 Address: 0x1132fa870
  Set: 674 Way: 0 Address: 0x1132fa881
  Set: 675 Way: 0 Address: 0x1132fa8c3
  Set: 675 Way: 1 Address: 0x8754a8fd
  Set: 676 Way: 0 Address: 0x223eda900
  Set: 676 Way: 1 Address: 0x1132fa900
  Set: 676 Way: 2 Address: 0x8754a900
  Set: 677 Way: 0 Address: 0x223eda940
  Set: 677 Way: 1 Address: 0x1132fa946
  Set: 678 Way: 0 Address: 0x223eda980
  Set: 678 Way: 1 Address: 0x1132fa980
  Set: 679 Way: 0 Address: 0x223eda9c0
  Set: 682 Way: 0 Address: 0x1132faa87
  Set: 683 Way: 0 Address: 0x1132faac3
  Set: 684 Way: 0 Address: 0x1132fab05
  Set: 685 Way: 0 Address: 0x1132fab40
  Set: 686 Way: 0 Address: 0x223edabb2
  Set: 686 Way: 1 Address: 0x1132fab80
  Set: 686 Way: 2 Address: 0x8754abbd
  Set: 687 Way: 0 Address: 0x223edabc1
  Set: 687 Way: 1 Address: 0x1132fabc0
  Set: 687 Way: 2 Address: 0x8754abc0
  Set: 688 Way: 0 Address: 0x223edac00
  Set: 688 Way: 1 Address: 0x1132fac03
  Set: 689 Way: 0 Address: 0x223edac40
  Set: 689 Way: 1 Address: 0x1132fac41
  Set: 690 Way: 0 Address: 0x1132fac80
  Set: 691 Way: 0 Address: 0x1132facc1
  Set: 692 Way: 0 Address: 0x1132fad02
  Set: 693 Way: 0 Address: 0x1132fad40
  Set: 694 Way: 0 Address: 0x1132fad80
  Set: 697 Way: 0 Address: 0x8754ae7d
  Set: 698 Way: 0 Address: 0xc67dae88
  Set: 698 Way: 1 Address: 0x8754ae80
  Set: 699 Way: 0 Address: 0x1132faecf
  Set: 700 Way: 0 Address: 0x1132faf00
  Set: 701 Way: 0 Address: 0x1132faf43
  Set: 702 Way: 0 Address: 0x1132faf80
  Set: 703 Way: 0 Address: 0x1132fafc4
  Set: 704 Way: 0 Address: 0x1132fb000
  Set: 706 Way: 0 Address: 0x394edb098
  Set: 708 Way: 0 Address: 0x3b377b130
  Set: 708 Way: 1 Address: 0x28420b106
  Set: 709 Way: 0 Address: 0x3b377b140
  Set: 709 Way: 1 Address: 0xcf83b170
  Set: 709 Way: 2 Address: 0x28420b142
  Set: 710 Way: 0 Address: 0xcf83b180
  Set: 710 Way: 1 Address: 0x28420b180
  Set: 711 Way: 0 Address: 0x28420b1d8
  Set: 712 Way: 0 Address: 0x28420b201
  Set: 713 Way: 0 Address: 0x28420b240
  Set: 723 Way: 0 Address: 0x28420b4e1
  Set: 724 Way: 0 Address: 0x28420b500
  Set: 725 Way: 0 Address: 0x28420b542
  Set: 726 Way: 0 Address: 0x28420b580
  Set: 727 Way: 0 Address: 0x28420b5c2
  Set: 727 Way: 1 Address: 0x36889b5d8
  Set: 728 Way: 0 Address: 0x28420b605
  Set: 729 Way: 0 Address: 0x28420b640
  Set: 730 Way: 0 Address: 0x28420b697
  Set: 731 Way: 0 Address: 0x28420b6c0
  Set: 745 Way: 0 Address: 0x3b377ba58
  Set: 746 Way: 0 Address: 0x3b377ba80
  Set: 747 Way: 0 Address: 0xc0d9baf0
  Set: 762 Way: 0 Address: 0xc0d9be88
  Set: 768 Way: 0 Address: 0xdf85c000
  Set: 776 Way: 0 Address: 0x29484c238
  Set: 777 Way: 0 Address: 0x29484c240
  Set: 777 Way: 1 Address: 0x1ae2cc278
  Set: 778 Way: 0 Address: 0x1ae2cc280
  Set: 782 Way: 0 Address: 0x38e35c3a8
  Set: 788 Way: 0 Address: 0x1ae2cc538
  Set: 789 Way: 0 Address: 0x1ae2cc540
  Set: 791 Way: 0 Address: 0x38e35c5e8
  Set: 799 Way: 0 Address: 0x1ae2cc7f8
  Set: 800 Way: 0 Address: 0x38e35c828
  Set: 800 Way: 1 Address: 0x1ae2cc800
  Set: 801 Way: 0 Address: 0x1ae2cc878
  Set: 802 Way: 0 Address: 0x1ae2cc880
  Set: 803 Way: 0 Address: 0x1ae2cc8c0
  Set: 804 Way: 0 Address: 0x32502c930
  Set: 805 Way: 0 Address: 0x32502c940
  Set: 811 Way: 0 Address: 0x32502cad8
  Set: 812 Way: 0 Address: 0x32502cb00
  Set: 812 Way: 1 Address: 0x1ae2ccb38
  Set: 813 Way: 0 Address: 0x1ae2ccb40
  Set: 813 Way: 1 Address: 0x32502cb40
  Set: 814 Way: 0 Address: 0x1ae2ccb80
  Set: 815 Way: 0 Address: 0x32f48cbc8
  Set: 823 Way: 0 Address: 0x1ae2ccdf8
  Set: 824 Way: 0 Address: 0x1ae2cce00
  Set: 825 Way: 0 Address: 0x1ae2cce40
  Set: 826 Way: 0 Address: 0x12c6fce98
  Set: 833 Way: 0 Address: 0x15164d070
  Set: 839 Way: 0 Address: 0x1add1c2
  Set: 840 Way: 0 Address: 0x5588d220
  Set: 840 Way: 1 Address: 0x1add200
  Set: 841 Way: 0 Address: 0x5588d240
  Set: 841 Way: 1 Address: 0x15164d250
  Set: 846 Way: 0 Address: 0x23755d3a0
  Set: 847 Way: 0 Address: 0x1add3fb
  Set: 848 Way: 0 Address: 0x1add400
  Set: 849 Way: 0 Address: 0x1add440
  Set: 855 Way: 0 Address: 0xdb22d5e8
  Set: 860 Way: 0 Address: 0xe51bd700
  Set: 861 Way: 0 Address: 0xe51bd740
  Set: 862 Way: 0 Address: 0xe51bd781
  Set: 863 Way: 0 Address: 0xe51bd7c2
  Set: 864 Way: 0 Address: 0xe51bd800
  Set: 864 Way: 1 Address: 0xdb22d830
  Set: 865 Way: 0 Address: 0xe51bd840
  Set: 896 Way: 0 Address: 0x28b67e000
  Set: 897 Way: 0 Address: 0x2c077e068
  Set: 897 Way: 1 Address: 0x7d0ee068
  Set: 902 Way: 0 Address: 0x1c084e180
  Set: 903 Way: 0 Address: 0x1c084e1c1
  Set: 904 Way: 0 Address: 0x1c084e200
  Set: 904 Way: 1 Address: 0x7d0ee230
  Set: 905 Way: 0 Address: 0x1c084e242
  Set: 905 Way: 1 Address: 0x2f5d8e27d
  Set: 906 Way: 0 Address: 0x1c084e285
  Set: 906 Way: 1 Address: 0x2f5d8e280
  Set: 907 Way: 0 Address: 0x1c084e2c1
  Set: 907 Way: 1 Address: 0x2f5d8e2c0
  Set: 908 Way: 0 Address: 0x3734ee314
  Set: 908 Way: 1 Address: 0x1c084e307
  Set: 909 Way: 0 Address: 0x3734ee340
  Set: 909 Way: 1 Address: 0x1c084e340
  Set: 910 Way: 0 Address: 0x1c084e383
  Set: 911 Way: 0 Address: 0x1c084e3c5
  Set: 912 Way: 0 Address: 0x1c084e400
  Set: 913 Way: 0 Address: 0x1c084e449
  Set: 914 Way: 0 Address: 0x1c084e489
  Set: 915 Way: 0 Address: 0x1c084e4c7
  Set: 916 Way: 0 Address: 0x1c084e500
  Set: 916 Way: 1 Address: 0x2f5d8e53d
  Set: 917 Way: 0 Address: 0x1c084e540
  Set: 917 Way: 1 Address: 0x2f5d8e540
  Set: 918 Way: 0 Address: 0x2f5d8e5bf
  Set: 919 Way: 0 Address: 0x2f5d8e5c5
  Set: 920 Way: 0 Address: 0x2f5d8e600
  Set: 924 Way: 0 Address: 0x1c084e710
  Set: 925 Way: 0 Address: 0x1c084e740
  Set: 927 Way: 0 Address: 0x28b67e7f8
  Set: 927 Way: 1 Address: 0x2f5d8e7fd
  Set: 928 Way: 0 Address: 0x2f5d8e83f
  Set: 929 Way: 0 Address: 0x2f5d8e87f
  Set: 930 Way: 0 Address: 0x2f5d8e888
  Set: 931 Way: 0 Address: 0x2f5d8e8c0
  Set: 932 Way: 0 Address: 0x1c084e900
  Set: 932 Way: 1 Address: 0x2db79e93c
  Set: 933 Way: 0 Address: 0x2db79e964
  Set: 933 Way: 1 Address: 0x1c084e945
  Set: 933 Way: 2 Address: 0x2c077e950
  Set: 934 Way: 0 Address: 0x1c084e982
  Set: 935 Way: 0 Address: 0x1c084e9c0
  Set: 936 Way: 0 Address: 0x1c084ea00
  Set: 937 Way: 0 Address: 0x1c084ea51
  Set: 938 Way: 0 Address: 0x1c084ea80
  Set: 938 Way: 1 Address: 0x2f5d8eabd
  Set: 939 Way: 0 Address: 0x1c084eac2
  Set: 939 Way: 1 Address: 0x2f5d8eaff
  Set: 940 Way: 0 Address: 0x1c084eb03
  Set: 940 Way: 1 Address: 0x2f5d8eb3f
  Set: 941 Way: 0 Address: 0x2f5d8eb48
  Set: 941 Way: 1 Address: 0x1c084eb45
  Set: 942 Way: 0 Address: 0x2f5d8eb80
  Set: 942 Way: 1 Address: 0x1c084eb83
  Set: 943 Way: 0 Address: 0x1c084ebc0
  Set: 945 Way: 0 Address: 0x1f919ec70
  Set: 945 Way: 1 Address: 0x1c084ec4d
  Set: 946 Way: 0 Address: 0x1f919ec89
  Set: 946 Way: 1 Address: 0x1c084ec80
  Set: 947 Way: 0 Address: 0x1f919ecd0
  Set: 948 Way: 0 Address: 0x1f919ed02
  Set: 949 Way: 0 Address: 0x1f919ed41
  Set: 949 Way: 1 Address: 0x1c084ed79
  Set: 950 Way: 0 Address: 0x1f919ed83
  Set: 950 Way: 1 Address: 0x1c084ed81
  Set: 950 Way: 2 Address: 0x2f5d8edbf
  Set: 951 Way: 0 Address: 0x1f919edc0
  Set: 951 Way: 1 Address: 0x1c084edc0
  Set: 951 Way: 2 Address: 0x2f5d8edff
  Set: 952 Way: 0 Address: 0x1f919ee00
  Set: 952 Way: 1 Address: 0x2f5d8ee08
  Set: 953 Way: 0 Address: 0x1f919ee40
  Set: 953 Way: 1 Address: 0x2f5d8ee40
  Set: 954 Way: 0 Address: 0x1f919ee80
  Set: 955 Way: 0 Address: 0x1f919eec2
  Set: 956 Way: 0 Address: 0x1f919ef04
  Set: 956 Way: 1 Address: 0x20597ef28
  Set: 957 Way: 0 Address: 0x1f919ef43
  Set: 958 Way: 0 Address: 0x1f919ef80
  Set: 959 Way: 0 Address: 0x1f919efc0
  Set: 960 Way: 0 Address: 0x1f919f000
  Set: 961 Way: 0 Address: 0xee86f07c
  Set: 962 Way: 0 Address: 0xee86f080
  Set: 962 Way: 1 Address: 0x22272f0bc
  Set: 963 Way: 0 Address: 0x22272f0f4
  Set: 965 Way: 0 Address: 0x143ef160
  Set: 967 Way: 0 Address: 0x22272f1fc
  Set: 968 Way: 0 Address: 0x22272f230
  Set: 969 Way: 0 Address: 0x22272f240
  Set: 970 Way: 0 Address: 0x3567df280
  Set: 971 Way: 0 Address: 0x3567df2c0
  Set: 972 Way: 0 Address: 0xee86f33c
  Set: 973 Way: 0 Address: 0xee86f340
  Set: 974 Way: 0 Address: 0x143ef3a8
  Set: 976 Way: 0 Address: 0x23756f400
  Set: 977 Way: 0 Address: 0x23756f478
  Set: 978 Way: 0 Address: 0x23756f480
  Set: 981 Way: 0 Address: 0x3567df540
  Set: 982 Way: 0 Address: 0x3567df580
  Set: 983 Way: 0 Address: 0xee86f5fc
  Set: 984 Way: 0 Address: 0x23756f634
  Set: 984 Way: 1 Address: 0xee86f63f
  Set: 985 Way: 0 Address: 0x23756f640
  Set: 985 Way: 1 Address: 0xee86f67f
  Set: 986 Way: 0 Address: 0xee86f688
  Set: 987 Way: 0 Address: 0xee86f6c0
  Set: 992 Way: 0 Address: 0x3567df800
  Set: 993 Way: 0 Address: 0x3567df840
  Set: 995 Way: 0 Address: 0xee86f8ff
  Set: 996 Way: 0 Address: 0xee86f93f
  Set: 997 Way: 0 Address: 0xee86f948
  Set: 998 Way: 0 Address: 0xee86f980
  Set: 1003 Way: 0 Address: 0x3567dfac0
  Set: 1004 Way: 0 Address: 0x3567dfb00
  Set: 1005 Way: 0 Address: 0x23756fb44
  Set: 1006 Way: 0 Address: 0x23756fb80
  Set: 1006 Way: 1 Address: 0xee86fbbf
  Set: 1007 Way: 0 Address: 0xee86fbff
  Set: 1008 Way: 0 Address: 0xee86fc08
  Set: 1009 Way: 0 Address: 0xee86fc40
  Set: 1014 Way: 0 Address: 0x3567dfd80
  Set: 1015 Way: 0 Address: 0x3567dfdc0
  Set: 1017 Way: 0 Address: 0xee86fe7f
  Set: 1018 Way: 0 Address: 0xee86febf
  Set: 1019 Way: 0 Address: 0xee86fec8
  Set: 1020 Way: 0 Address: 0xee86ff00
  Set: 1023 Way: 0 Address: 0x23756ffd0
EndCache
Cache: cpu0_L1I
  Set: 0 Way: 0 Address: 0x223eda010
  Set: 1 Way: 0 Address: 0x223eda040
  Set: 2 Way: 0 Address: 0x223eda0b3
  Set: 3 Way: 0 Address: 0x3bdd780ef
  Set: 4 Way: 0 Address: 0x3bdd78129
  Set: 4 Way: 1 Address: 0x28420b135
  Set: 5 Way: 0 Address: 0x3bdd78146
  Set: 5 Way: 1 Address: 0x28420b142
  Set: 6 Way: 0 Address: 0x3bdd781b0
  Set: 6 Way: 1 Address: 0x1c084e1a8
  Set: 6 Way: 2 Address: 0x28420b181
  Set: 7 Way: 0 Address: 0x3bdd781ef
  Set: 7 Way: 1 Address: 0x1c084e1da
  Set: 7 Way: 2 Address: 0x1add1c2
  Set: 7 Way: 3 Address: 0x28420b1d8
  Set: 8 Way: 0 Address: 0x3bdd78201
  Set: 8 Way: 1 Address: 0x1c084e222
  Set: 8 Way: 2 Address: 0x28420b235
  Set: 8 Way: 3 Address: 0x1ab4421b
  Set: 8 Way: 4 Address: 0x223eda210
  Set: 9 Way: 0 Address: 0x1c084e242
  Set: 9 Way: 1 Address: 0x1ab4427a
  Set: 9 Way: 2 Address: 0x223eda277
  Set: 10 Way: 0 Address: 0x1c084e285
  Set: 10 Way: 1 Address: 0x1ab442ae
  Set: 10 Way: 2 Address: 0x223eda287
  Set: 11 Way: 0 Address: 0x223eda2c7
  Set: 11 Way: 1 Address: 0x1ab442f4
  Set: 11 Way: 2 Address: 0x1c084e2ea
  Set: 12 Way: 0 Address: 0x223eda300
  Set: 12 Way: 1 Address: 0x1ab44300
  Set: 12 Way: 2 Address: 0x1c084e307
  Set: 13 Way: 0 Address: 0x1c084e345
  Set: 14 Way: 0 Address: 0x1c084e3aa
  Set: 15 Way: 0 Address: 0x1add3fb
  Set: 15 Way: 1 Address: 0x1c084e3f2
  Set: 16 Way: 0 Address: 0x1add400
  Set: 16 Way: 1 Address: 0x1c084e43e
  Set: 17 Way: 0 Address: 0x223eda45f
  Set: 17 Way: 1 Address: 0x1c084e449
  Set: 18 Way: 0 Address: 0x223eda4b9
  Set: 18 Way: 1 Address: 0x1c084e4bc
  Set: 19 Way: 0 Address: 0x223eda4e9
  Set: 19 Way: 1 Address: 0x1c084e4c7
  Set: 19 Way: 2 Address: 0x28420b4e1
  Set: 20 Way: 0 Address: 0x223eda500
  Set: 20 Way: 1 Address: 0x1c084e50b
  Set: 20 Way: 2 Address: 0x28420b52c
  Set: 21 Way: 0 Address: 0x223eda541
  Set: 21 Way: 1 Address: 0x28420b542
  Set: 22 Way: 0 Address: 0x28420b5ad
  Set: 23 Way: 0 Address: 0x28420b5e6
  Set: 24 Way: 0 Address: 0x28420b625
  Set: 26 Way: 0 Address: 0x223eda6b5
  Set: 26 Way: 1 Address: 0x28420b697
  Set: 27 Way: 0 Address: 0x223eda6e5
  Set: 28 Way: 0 Address: 0x223eda72e
  Set: 28 Way: 1 Address: 0x1c084e710
  Set: 28 Way: 2 Address: 0xe51bd72d
  Set: 29 Way: 0 Address: 0x223eda743
  Set: 29 Way: 1 Address: 0xe51bd75b
  Set: 30 Way: 0 Address: 0xb80047b0
  Set: 30 Way: 1 Address: 0x223eda79c
  Set: 30 Way: 2 Address: 0xe51bd79e
  Set: 31 Way: 0 Address: 0xb80047ef
  Set: 31 Way: 1 Address: 0xe51bd7e4
  Set: 31 Way: 2 Address: 0x57be57ea
  Set: 32 Way: 0 Address: 0xb800481a
  Set: 32 Way: 1 Address: 0xe51bd802
  Set: 32 Way: 2 Address: 0x57be5801
  Set: 33 Way: 0 Address: 0xb800487d
  Set: 33 Way: 1 Address: 0x57be5843
  Set: 33 Way: 2 Address: 0x1132fa870
  Set: 34 Way: 0 Address: 0xb80048ae
  Set: 34 Way: 1 Address: 0x1132fa8b2
  Set: 35 Way: 0 Address: 0xb80048cc
  Set: 35 Way: 1 Address: 0x1132fa8e4
  Set: 36 Way: 0 Address: 0x223eda900
  Set: 36 Way: 1 Address: 0x1c084e93a
  Set: 36 Way: 2 Address: 0x1132fa906
  Set: 37 Way: 0 Address: 0x223eda968
  Set: 37 Way: 1 Address: 0x1c084e97d
  Set: 37 Way: 2 Address: 0x1132fa969
  Set: 38 Way: 0 Address: 0x223eda980
  Set: 38 Way: 1 Address: 0x1c084e9b2
  Set: 39 Way: 0 Address: 0x1c084e9e1
  Set: 41 Way: 0 Address: 0xb8004a6a
  Set: 41 Way: 1 Address: 0x1c084ea51
  Set: 42 Way: 0 Address: 0xb8004a80
  Set: 42 Way: 1 Address: 0x1c084eaa1
  Set: 42 Way: 2 Address: 0x3bdd78a90
  Set: 42 Way: 3 Address: 0x1132faa87
  Set: 43 Way: 0 Address: 0xb8004ac0
  Set: 43 Way: 1 Address: 0x1c084eafe
  Set: 43 Way: 2 Address: 0x3bdd78ac3
  Set: 43 Way: 3 Address: 0x1132faac3
  Set: 44 Way: 0 Address: 0x1c084eb3e
  Set: 44 Way: 1 Address: 0x3bdd78b2d
  Set: 44 Way: 2 Address: 0x1132fab22
  Set: 45 Way: 0 Address: 0x1c084eb7b
  Set: 45 Way: 1 Address: 0x3bdd78b7e
  Set: 45 Way: 2 Address: 0x1132fab43
  Set: 46 Way: 0 Address: 0x223edabb2
  Set: 46 Way: 1 Address: 0x1c084eb83
  Set: 46 Way: 2 Address: 0x3bdd78bb0
  Set: 46 Way: 3 Address: 0x1132faba0
  Set: 47 Way: 0 Address: 0x223edabf7
  Set: 47 Way: 1 Address: 0x3bdd78bf1
  Set: 47 Way: 2 Address: 0x1132fabdd
  Set: 48 Way: 0 Address: 0x223edac00
  Set: 48 Way: 1 Address: 0x28a940c30
  Set: 48 Way: 2 Address: 0x3bdd78c27
  Set: 48 Way: 3 Address: 0x1132fac19
  Set: 49 Way: 0 Address: 0x1f919ec70
  Set: 49 Way: 1 Address: 0x1c084ec4d
  Set: 49 Way: 2 Address: 0x28a940c59
  Set: 49 Way: 3 Address: 0x3bdd78c43
  Set: 49 Way: 4 Address: 0x1132fac41
  Set: 50 Way: 0 Address: 0x1f919ec89
  Set: 50 Way: 1 Address: 0x28a940c98
  Set: 50 Way: 2 Address: 0x3bdd78c8d
  Set: 50 Way: 3 Address: 0x1132fac82
  Set: 51 Way: 0 Address: 0x1f919ecfe
  Set: 51 Way: 1 Address: 0x28a940cc1
  Set: 51 Way: 2 Address: 0x3bdd78cc1
  Set: 51 Way: 3 Address: 0x1132facf3
  Set: 52 Way: 0 Address: 0x1f919ed25
  Set: 52 Way: 1 Address: 0xb8004d1f
  Set: 52 Way: 2 Address: 0x3bdd78d31
  Set: 52 Way: 3 Address: 0x1132fad02
  Set: 53 Way: 0 Address: 0x1f919ed60
  Set: 53 Way: 1 Address: 0x1c084ed79
  Set: 53 Way: 2 Address: 0x3bdd78d6b
  Set: 53 Way: 3 Address: 0x1132fad41
  Set: 53 Way: 4 Address: 0x312099d60
  Set: 54 Way: 0 Address: 0x1f919ed83
  Set: 54 Way: 1 Address: 0x1c084ed81
  Set: 54 Way: 2 Address: 0x3bdd78db5
  Set: 54 Way: 3 Address: 0x312099d93
  Set: 55 Way: 0 Address: 0x1f919edc1
  Set: 55 Way: 1 Address: 0x312099de2
  Set: 55 Way: 2 Address: 0x3bdd78df0
  Set: 56 Way: 0 Address: 0x1f919ee01
  Set: 56 Way: 1 Address: 0x312099e02
  Set: 56 Way: 2 Address: 0x3bdd78e02
  Set: 57 Way: 0 Address: 0x1f919ee41
  Set: 57 Way: 1 Address: 0x3bdd78e61
  Set: 58 Way: 0 Address: 0x1f919ee81
  Set: 58 Way: 1 Address: 0x3bdd78e81
  Set: 59 Way: 0 Address: 0x1f919eee5
  Set: 59 Way: 1 Address: 0x1132faecf
  Set: 60 Way: 0 Address: 0x1f919ef39
  Set: 60 Way: 1 Address: 0x1132faf27
  Set: 61 Way: 0 Address: 0x1f919ef60
  Set: 61 Way: 1 Address: 0x1132faf62
  Set: 62 Way: 0 Address: 0x1f919ef81
  Set: 62 Way: 1 Address: 0x1132fafa4
  Set: 63 Way: 0 Address: 0x1f919efc0
  Set: 63 Way: 1 Address: 0x1132fafee
EndCache
Cache: cpu0_L1D
  Set: 0 Way: 0 Address: 0xdf85c000
  Set: 0 Way: 1 Address: 0x28b67e000
  Set: 0 Way: 2 Address: 0x229b9a000
  Set: 0 Way: 3 Address: 0x195f15010
  Set: 0 Way: 4 Address: 0x3de4d4010
  Set: 0 Way: 5 Address: 0x201598010
  Set: 0 Way: 6 Address: 0xf6e81018
  Set: 0 Way: 7 Address: 0x276ff7018
  Set: 0 Way: 8 Address: 0x257713020
  Set: 0 Way: 9 Address: 0x34a873020
  Set: 1 Way: 0 Address: 0x113201078
  Set: 1 Way: 1 Address: 0x2c077e068
  Set: 1 Way: 2 Address: 0x7d0ee068
  Set: 1 Way: 3 Address: 0x6b744070
  Set: 1 Way: 4 Address: 0x15164d070
  Set: 1 Way: 5 Address: 0x1e561a046
  Set: 1 Way: 6 Address: 0x3dae6607f
  Set: 1 Way: 7 Address: 0xee86f078
  Set: 2 Way: 0 Address: 0x195f15080
  Set: 2 Way: 1 Address: 0x1d89da080
  Set: 2 Way: 2 Address: 0x394edb098
  Set: 2 Way: 3 Address: 0x3dae660bf
  Set: 2 Way: 4 Address: 0x2600910b8
  Set: 2 Way: 5 Address: 0x8754a0b9
  Set: 2 Way: 6 Address: 0x22272f0bc
  Set: 3 Way: 0 Address: 0xc70780f0
  Set: 3 Way: 1 Address: 0x3dae660ce
  Set: 3 Way: 2 Address: 0x22272f0f4
  Set: 3 Way: 3 Address: 0x2600910c0
  Set: 4 Way: 0 Address: 0x3b377b130
  Set: 4 Way: 1 Address: 0x3c107413f
  Set: 4 Way: 2 Address: 0x16a859139
  Set: 5 Way: 0 Address: 0x2ee369158
  Set: 5 Way: 1 Address: 0x143ef160
  Set: 5 Way: 2 Address: 0xcf83b170
  Set: 5 Way: 3 Address: 0xc7078168
  Set: 5 Way: 4 Address: 0x3c107417f
  Set: 5 Way: 5 Address: 0x1c6532150
  Set: 5 Way: 6 Address: 0x2fbe97150
  Set: 6 Way: 0 Address: 0x3c107418e
  Set: 6 Way: 1 Address: 0x397bb4184
  Set: 6 Way: 2 Address: 0x16a8591b9
  Set: 7 Way: 0 Address: 0xbeea71f0
  Set: 7 Way: 1 Address: 0x2577131f0
  Set: 7 Way: 2 Address: 0x397bb41d0
  Set: 7 Way: 3 Address: 0x2929591e0
  Set: 7 Way: 4 Address: 0x16a8591c4
  Set: 7 Way: 5 Address: 0x1124171fd
  Set: 7 Way: 6 Address: 0x22272f1fc
  Set: 8 Way: 0 Address: 0x29484c238
  Set: 8 Way: 1 Address: 0x5588d220
  Set: 8 Way: 2 Address: 0x133c92220
  Set: 8 Way: 3 Address: 0xbeea7228
  Set: 8 Way: 4 Address: 0x22272f234
  Set: 8 Way: 5 Address: 0x292959200
  Set: 8 Way: 6 Address: 0x7d0ee230
  Set: 8 Way: 7 Address: 0x6b744230
  Set: 8 Way: 8 Address: 0x1b7ae6239
  Set: 9 Way: 0 Address: 0x2f5d8e279
  Set: 9 Way: 1 Address: 0x3de4d4258
  Set: 9 Way: 2 Address: 0x29484c240
  Set: 9 Way: 3 Address: 0x43736240
  Set: 9 Way: 4 Address: 0x292959278
  Set: 9 Way: 5 Address: 0x276ff7240
  Set: 9 Way: 6 Address: 0x5588d240
  Set: 9 Way: 7 Address: 0x168ef0248
  Set: 9 Way: 8 Address: 0x15164d250
  Set: 9 Way: 9 Address: 0x247006250
  Set: 9 Way: 10 Address: 0x1b7ae6246
  Set: 9 Way: 11 Address: 0x1ae2cc278
  Set: 10 Way: 0 Address: 0x2929592a8
  Set: 10 Way: 1 Address: 0x3567df286
  Set: 10 Way: 2 Address: 0x2f5d8e280
  Set: 10 Way: 3 Address: 0x358da72b8
  Set: 11 Way: 0 Address: 0x2929592c0
  Set: 12 Way: 0 Address: 0x3734ee314
  Set: 12 Way: 1 Address: 0x1064c2310
  Set: 12 Way: 2 Address: 0x292959318
  Set: 12 Way: 3 Address: 0x1e561a307
  Set: 12 Way: 4 Address: 0x3dae6633f
  Set: 12 Way: 5 Address: 0xee86f338
  Set: 13 Way: 0 Address: 0x292959340
  Set: 13 Way: 1 Address: 0x3dae6637f
  Set: 13 Way: 2 Address: 0x260091378
  Set: 13 Way: 3 Address: 0x8754a379
  Set: 14 Way: 0 Address: 0x23755d3a0
  Set: 14 Way: 1 Address: 0x143ef3a8
  Set: 14 Way: 2 Address: 0x3dae6638a
  Set: 14 Way: 3 Address: 0x38e35c3a8
  Set: 14 Way: 4 Address: 0x1064c23a0
  Set: 14 Way: 5 Address: 0x260091380
  Set: 14 Way: 6 Address: 0x2929593b0
  Set: 14 Way: 7 Address: 0x12c077398
  Set: 14 Way: 8 Address: 0x5d6e9398
  Set: 15 Way: 0 Address: 0x2929593c0
  Set: 15 Way: 1 Address: 0x3c10743ff
  Set: 15 Way: 2 Address: 0x16a8593f8
  Set: 16 Way: 0 Address: 0x23756f400
  Set: 16 Way: 1 Address: 0xb84a9430
  Set: 16 Way: 2 Address: 0x292959418
  Set: 16 Way: 3 Address: 0x3c107443f
  Set: 17 Way: 0 Address: 0x3c107444b
  Set: 17 Way: 1 Address: 0x23756f478
  Set: 17 Way: 2 Address: 0xb84a9448
  Set: 17 Way: 3 Address: 0x292959448
  Set: 17 Way: 4 Address: 0x16a859479
  Set: 18 Way: 0 Address: 0x16a859487
  Set: 18 Way: 1 Address: 0x2db3784b8
  Set: 18 Way: 2 Address: 0x1124174b8
  Set: 19 Way: 0 Address: 0x2725854e0
  Set: 19 Way: 1 Address: 0x1b7ae64f9
  Set: 19 Way: 2 Address: 0x1124174c0
  Set: 20 Way: 0 Address: 0x292959508
  Set: 20 Way: 1 Address: 0x1b7ae6506
  Set: 20 Way: 2 Address: 0x1ae2cc538
  Set: 20 Way: 3 Address: 0x2f5d8e539
  Set: 21 Way: 0 Address: 0x2fa0c9572
  Set: 21 Way: 1 Address: 0x31be12550
  Set: 21 Way: 2 Address: 0x292959577
  Set: 21 Way: 3 Address: 0x3567df547
  Set: 21 Way: 4 Address: 0x2f5d8e540
  Set: 21 Way: 5 Address: 0x358da7578
  Set: 22 Way: 0 Address: 0x397bb45b5
  Set: 22 Way: 1 Address: 0x292959580
  Set: 22 Way: 2 Address: 0x2f5d8e5bd
  Set: 23 Way: 0 Address: 0x397bb45f0
  Set: 23 Way: 1 Address: 0x2f5d8e5c0
  Set: 23 Way: 2 Address: 0x38e35c5e8
  Set: 23 Way: 3 Address: 0xdb22d5e8
  Set: 23 Way: 4 Address: 0x3704c75f0
  Set: 23 Way: 5 Address: 0x1c65325f0
  Set: 23 Way: 6 Address: 0x1e561a5c7
  Set: 23 Way: 7 Address: 0x3dae665ff
  Set: 23 Way: 8 Address: 0x2fbe975d8
  Set: 23 Way: 9 Address: 0x36889b5d8
  Set: 23 Way: 10 Address: 0x12c0775e0
  Set: 23 Way: 11 Address: 0xee86f5f8
  Set: 24 Way: 0 Address: 0x397bb4600
  Set: 24 Way: 1 Address: 0x292959630
  Set: 24 Way: 2 Address: 0x23756f634
  Set: 24 Way: 3 Address: 0x3dae6663f
  Set: 24 Way: 4 Address: 0x260091638
  Set: 24 Way: 5 Address: 0xee86f63f
  Set: 24 Way: 6 Address: 0x8754a639
  Set: 25 Way: 0 Address: 0x3dae6664a
  Set: 25 Way: 1 Address: 0x292959640
  Set: 25 Way: 2 Address: 0x260091640
  Set: 25 Way: 3 Address: 0xee86f67f
  Set: 26 Way: 0 Address: 0xee86f68f
  Set: 26 Way: 1 Address: 0x29295968c
  Set: 26 Way: 2 Address: 0x3c10746bf
  Set: 27 Way: 0 Address: 0x3c56b36c8
  Set: 27 Way: 1 Address: 0x2929596d0
  Set: 27 Way: 2 Address: 0x3c10746ff
  Set: 28 Way: 0 Address: 0x3c107470e
  Set: 28 Way: 1 Address: 0x292959728
  Set: 28 Way: 2 Address: 0x16a859739
  Set: 29 Way: 0 Address: 0x292959778
  Set: 29 Way: 1 Address: 0x2c8749748
  Set: 29 Way: 2 Address: 0x62d12748
  Set: 29 Way: 3 Address: 0x16a859746
  Set: 29 Way: 4 Address: 0x2db378778
  Set: 29 Way: 5 Address: 0x112417779
  Set: 30 Way: 0 Address: 0x292959780
  Set: 30 Way: 1 Address: 0x1b7ae67b8
  Set: 30 Way: 2 Address: 0x112417780
  Set: 31 Way: 0 Address: 0x28b67e7f8
  Set: 31 Way: 1 Address: 0x263c137f8
  Set: 31 Way: 2 Address: 0x2929597d8
  Set: 31 Way: 3 Address: 0x1b7ae67c6
  Set: 31 Way: 4 Address: 0x1ae2cc7f8
  Set: 31 Way: 5 Address: 0x2f5d8e7f9
  Set: 32 Way: 0 Address: 0x38e35c828
  Set: 32 Way: 1 Address: 0x8a579828
  Set: 32 Way: 2 Address: 0xdb22d830
  Set: 32 Way: 3 Address: 0x3704c7830
  Set: 32 Way: 4 Address: 0x3567df807
  Set: 32 Way: 5 Address: 0x379d39838
  Set: 32 Way: 6 Address: 0x2f5d8e83f
  Set: 32 Way: 7 Address: 0x358da7838
  Set: 33 Way: 0 Address: 0x2f5d8e87f
  Set: 33 Way: 1 Address: 0x1ae2cc878
  Set: 34 Way: 0 Address: 0x2f5d8e88e
  Set: 34 Way: 1 Address: 0x1ae2cc880
  Set: 34 Way: 2 Address: 0x3dae668bf
  Set: 35 Way: 0 Address: 0x3b08038d0
  Set: 35 Way: 1 Address: 0x3dae668ff
  Set: 35 Way: 2 Address: 0x2600918f8
  Set: 35 Way: 3 Address: 0xee86f8ff
  Set: 35 Way: 4 Address: 0x8754a8f9
  Set: 36 Way: 0 Address: 0x201598930
  Set: 36 Way: 1 Address: 0xf6e81930
  Set: 36 Way: 2 Address: 0x3dae6690f
  Set: 36 Way: 3 Address: 0x260091900
  Set: 36 Way: 4 Address: 0x32502c930
  Set: 36 Way: 5 Address: 0xee86f93f
  Set: 36 Way: 6 Address: 0x2db79e93c
  Set: 37 Way: 0 Address: 0x6d0c2971
  Set: 37 Way: 1 Address: 0xee86f94e
  Set: 37 Way: 2 Address: 0x2db79e964
  Set: 37 Way: 3 Address: 0x3b0803948
  Set: 37 Way: 4 Address: 0x34a873950
  Set: 37 Way: 5 Address: 0x2c077e950
  Set: 37 Way: 6 Address: 0x3c107497f
  Set: 38 Way: 0 Address: 0x2929599b8
  Set: 38 Way: 1 Address: 0x3c10749bf
  Set: 39 Way: 0 Address: 0x3c10749ca
  Set: 39 Way: 1 Address: 0x2929599c0
  Set: 39 Way: 2 Address: 0x16a8599f9
  Set: 40 Way: 0 Address: 0x292959a08
  Set: 40 Way: 1 Address: 0x16a859a06
  Set: 40 Way: 2 Address: 0x2db378a38
  Set: 40 Way: 3 Address: 0x112417a39
  Set: 40 Way: 4 Address: 0x342b40a3e
  Set: 41 Way: 0 Address: 0x9cff2a58
  Set: 41 Way: 1 Address: 0x309887a58
  Set: 41 Way: 2 Address: 0x3b377ba58
  Set: 41 Way: 3 Address: 0x342b40a52
  Set: 41 Way: 4 Address: 0x292959a50
  Set: 41 Way: 5 Address: 0x112417a40
  Set: 42 Way: 0 Address: 0x2f5d8eab8
  Set: 43 Way: 0 Address: 0x354d35ae8
  Set: 43 Way: 1 Address: 0x2177f0af0
  Set: 43 Way: 2 Address: 0xc0d9baf0
  Set: 43 Way: 3 Address: 0x3232f3af8
  Set: 43 Way: 4 Address: 0x3b0803af8
  Set: 43 Way: 5 Address: 0x32502cadc
  Set: 43 Way: 6 Address: 0x3567dfac7
  Set: 43 Way: 7 Address: 0x2f5d8eaff
  Set: 43 Way: 8 Address: 0x358da7af8
  Set: 44 Way: 0 Address: 0x6e620b00
  Set: 44 Way: 1 Address: 0x2177f0b00
  Set: 44 Way: 2 Address: 0x27d4c6b10
  Set: 44 Way: 3 Address: 0x181c81b10
  Set: 44 Way: 4 Address: 0x2f5d8eb3f
  Set: 44 Way: 5 Address: 0x32502cb32
  Set: 44 Way: 6 Address: 0x1ae2ccb38
  Set: 45 Way: 0 Address: 0x2f5d8eb49
  Set: 45 Way: 1 Address: 0x354d35b68
  Set: 45 Way: 2 Address: 0x6e620b68
  Set: 45 Way: 3 Address: 0x23756fb44
  Set: 45 Way: 4 Address: 0x2b2e93b5c
  Set: 45 Way: 5 Address: 0x1ae2ccb40
  Set: 45 Way: 6 Address: 0x3dae66b7f
  Set: 46 Way: 0 Address: 0x354d35b80
  Set: 46 Way: 1 Address: 0x14bb10b80
  Set: 46 Way: 2 Address: 0x2b2e93ba0
  Set: 46 Way: 3 Address: 0x3dae66bbf
  Set: 46 Way: 4 Address: 0x260091bb8
  Set: 46 Way: 5 Address: 0xee86fbbf
  Set: 46 Way: 6 Address: 0x8754abb9
  Set: 47 Way: 0 Address: 0x3dae66bca
  Set: 47 Way: 1 Address: 0x34a0e5bd0
  Set: 47 Way: 2 Address: 0x32f48cbc8
  Set: 47 Way: 3 Address: 0x260091bc0
  Set: 47 Way: 4 Address: 0xee86fbff
  Set: 47 Way: 5 Address: 0xa3a52bc0
  Set: 48 Way: 0 Address: 0x1c84e2c20
  Set: 48 Way: 1 Address: 0xee86fc0f
  Set: 49 Way: 0 Address: 0x1c84e2c7c
  Set: 49 Way: 1 Address: 0x2b2e93c40
  Set: 50 Way: 0 Address: 0x1c84e2cb0
  Set: 50 Way: 1 Address: 0x292959c98
  Set: 50 Way: 2 Address: 0x16a859cb9
  Set: 51 Way: 0 Address: 0x1c84e2cff
  Set: 51 Way: 1 Address: 0x2177f0cf0
  Set: 51 Way: 2 Address: 0x2c9898cf0
  Set: 51 Way: 3 Address: 0x16a859cc6
  Set: 51 Way: 4 Address: 0x2db378cf8
  Set: 51 Way: 5 Address: 0x112417cf9
  Set: 52 Way: 0 Address: 0x1c84e2d28
  Set: 52 Way: 1 Address: 0x1064c2d24
  Set: 52 Way: 2 Address: 0x112417d00
  Set: 53 Way: 0 Address: 0x1c84e2d58
  Set: 54 Way: 0 Address: 0x1c84e2da8
  Set: 54 Way: 1 Address: 0x181c81d80
  Set: 54 Way: 2 Address: 0x2c8749d80
  Set: 54 Way: 3 Address: 0x3567dfd87
  Set: 54 Way: 4 Address: 0x2f5d8edbf
  Set: 54 Way: 5 Address: 0x358da7db8
  Set: 55 Way: 0 Address: 0x1c84e2dc5
  Set: 55 Way: 1 Address: 0x2f5d8edff
  Set: 55 Way: 2 Address: 0x1ae2ccdf8
  Set: 55 Way: 3 Address: 0x3fe58df9
  Set: 56 Way: 0 Address: 0x1c84e2e14
  Set: 56 Way: 1 Address: 0x2f5d8ee0e
  Set: 56 Way: 2 Address: 0x211d16e18
  Set: 56 Way: 3 Address: 0x1064c2e00
  Set: 56 Way: 4 Address: 0x1ae2cce00
  Set: 57 Way: 0 Address: 0x211d16e50
  Set: 57 Way: 1 Address: 0x1c84e2e46
  Set: 57 Way: 2 Address: 0x3dae66e78
  Set: 57 Way: 3 Address: 0xee86fe7f
  Set: 57 Way: 4 Address: 0x8754ae79
  Set: 58 Way: 0 Address: 0x12c6fce98
  Set: 58 Way: 1 Address: 0xc0d9be88
  Set: 58 Way: 2 Address: 0x27d4c6e88
  Set: 58 Way: 3 Address: 0xc67dae88
  Set: 58 Way: 4 Address: 0x3dae66e80
  Set: 58 Way: 5 Address: 0x1c84e2e87
  Set: 58 Way: 6 Address: 0xee86febf
  Set: 59 Way: 0 Address: 0xee86feca
  Set: 59 Way: 1 Address: 0x211d16ec0
  Set: 59 Way: 2 Address: 0x1c84e2ec7
  Set: 59 Way: 3 Address: 0x3d87a6efe
  Set: 60 Way: 0 Address: 0x2a4841f20
  Set: 60 Way: 1 Address: 0x129934f38
  Set: 60 Way: 2 Address: 0x84896f38
  Set: 60 Way: 3 Address: 0x1b0f15f00
  Set: 60 Way: 4 Address: 0x3d87a6f02
  Set: 60 Way: 5 Address: 0x20597ef28
  Set: 60 Way: 6 Address: 0x1c84e2f07
  Set: 61 Way: 0 Address: 0x2a4841f40
  Set: 61 Way: 1 Address: 0x129934f40
  Set: 61 Way: 2 Address: 0x1c84e2f47
  Set: 61 Way: 3 Address: 0x16a859f79
  Set: 62 Way: 0 Address: 0x16a859f86
  Set: 62 Way: 1 Address: 0x1c84e2f87
  Set: 62 Way: 2 Address: 0x2db378fb8
  Set: 62 Way: 3 Address: 0x112417fb9
  Set: 63 Way: 0 Address: 0x9cff2fd8
  Set: 63 Way: 1 Address: 0x2a4841fd8
  Set: 63 Way: 2 Address: 0x1aafb8fd8
  Set: 63 Way: 3 Address: 0x23756ffd0
  Set: 63 Way: 4 Address: 0x16668fc6
  Set: 63 Way: 5 Address: 0x1c84e2fc7
  Set: 63 Way: 6 Address: 0x112417fc0
EndCache
Cache: cpu0_ITLB
  Set: 2 Way: 0 Address: 0x402882
  Set: 3 Way: 0 Address: 0x4033fb
  Set: 4 Way: 0 Address: 0x444b7b
  Set: 4 Way: 1 Address: 0x404c98
  Set: 5 Way: 0 Address: 0x4450ef
  Set: 6 Way: 0 Address: 0x446135
  Set: 8 Way: 0 Address: 0x4482f4
  Set: 10 Way: 0 Address: 0x44a8e4
  Set: 11 Way: 0 Address: 0x44b2c7
  Set: 13 Way: 0 Address: 0x40d7e4
  Set: 14 Way: 0 Address: 0x43ee02
  Set: 14 Way: 1 Address: 0x40e7ea
  Set: 15 Way: 0 Address: 0x40ff60
EndCache
Cache: cpu0_DTLB
  Set: 0 Way: 0 Address: 0x2770964
  Set: 0 Way: 1 Address: 0x2760a58
  Set: 0 Way: 2 Address: 0x21e03a0
  Set: 0 Way: 3 Address: 0x27b0572
  Set: 1 Way: 0 Address: 0x27d1f02
  Set: 2 Way: 0 Address: 0x2762170
  Set: 3 Way: 0 Address: 0x7fd2fa6732ba
  Set: 4 Way: 0 Address: 0x21e45f0
  Set: 4 Way: 1 Address: 0x7fd2fa67494a
  Set: 5 Way: 0 Address: 0x7fd2fa67544a
  Set: 5 Way: 1 Address: 0x21e54e0
  Set: 5 Way: 2 Address: 0x7fd2fa705fc6
  Set: 6 Way: 0 Address: 0x526971
  Set: 6 Way: 1 Address: 0x7fd2fa706286
  Set: 7 Way: 0 Address: 0x7ffedb247e14
  Set: 7 Way: 1 Address: 0x21e7e18
  Set: 7 Way: 2 Address: 0x7fd2fa707046
  Set: 8 Way: 0 Address: 0x21e80f0
  Set: 8 Way: 1 Address: 0x7ffedb248780
  Set: 8 Way: 2 Address: 0x7fd2fa378fb8
  Set: 9 Way: 0 Address: 0x7fd2fa379e00
  Set: 9 Way: 1 Address: 0x7ffedb249550
  Set: 9 Way: 2 Address: 0x26e9440
  Set: 10 Way: 0 Address: 0x7fd2fa37abc0
  Set: 10 Way: 1 Address: 0x52aadc
  Set: 10 Way: 2 Address: 0x7fd2fa62a4b8
  Set: 11 Way: 0 Address: 0x21fb314
  Set: 11 Way: 1 Address: 0x7fd2fa62bb49
  Set: 11 Way: 2 Address: 0x7fd2fa6bbdf9
  Set: 12 Way: 0 Address: 0x7fd2fa62c38a
  Set: 12 Way: 1 Address: 0x7fd2fa6bc0b9
  Set: 13 Way: 0 Address: 0x275dc40
  Set: 13 Way: 1 Address: 0x276d0f4
  Set: 13 Way: 2 Address: 0x7fd2fa6bd1c4
  Set: 14 Way: 0 Address: 0x279ea52
  Set: 14 Way: 1 Address: 0x275eaf8
  Set: 14 Way: 2 Address: 0x7fd2fa6be246
  Set: 15 Way: 0 Address: 0x275ffd0
EndCache
Cache: LLC
  Set: 40 Way: 0 Address: 0x342b40a3e
  Set: 41 Way: 0 Address: 0x342b40a52
  Set: 42 Way: 0 Address: 0x342b40a80
  Set: 44 Way: 0 Address: 0x6e620b00
  Set: 45 Way: 0 Address: 0x6e620b68
  Set: 48 Way: 0 Address: 0x28a940c00
  Set: 49 Way: 0 Address: 0x28a940c41
  Set: 50 Way: 0 Address: 0x28a940c80
  Set: 51 Way: 0 Address: 0x28a940cc0
  Set: 52 Way: 0 Address: 0x28a940d00
  Set: 64 Way: 0 Address: 0xf6e81018
  Set: 65 Way: 0 Address: 0x113201078
  Set: 73 Way: 0 Address: 0x113201258
  Set: 100 Way: 0 Address: 0xf6e81930
  Set: 108 Way: 0 Address: 0x181c81b10
  Set: 118 Way: 0 Address: 0x181c81d80
  Set: 124 Way: 0 Address: 0x2a4841f20
  Set: 125 Way: 0 Address: 0x2a4841f40
  Set: 127 Way: 0 Address: 0x2a4841fd8
  Set: 140 Way: 0 Address: 0x1064c2310
  Set: 141 Way: 0 Address: 0x1064c2340
  Set: 142 Way: 0 Address: 0x1064c23a0
  Set: 143 Way: 0 Address: 0x1064c23c0
  Set: 165 Way: 0 Address: 0x6d0c2961
  Set: 166 Way: 0 Address: 0x6d0c2980
  Set: 176 Way: 0 Address: 0x1c84e2c20
  Set: 177 Way: 0 Address: 0x1c84e2c6c
  Set: 178 Way: 0 Address: 0x1c84e2c8c
  Set: 179 Way: 0 Address: 0x1c84e2cc0
  Set: 180 Way: 0 Address: 0x1c84e2d00
  Set: 180 Way: 1 Address: 0x1064c2d24
  Set: 181 Way: 0 Address: 0x1c84e2d58
  Set: 181 Way: 1 Address: 0x1064c2d40
  Set: 182 Way: 0 Address: 0x1c84e2d88
  Set: 183 Way: 0 Address: 0x1c84e2dc0
  Set: 184 Way: 0 Address: 0x1c84e2e00
  Set: 184 Way: 1 Address: 0x1064c2e00
  Set: 185 Way: 0 Address: 0x1c84e2e40
  Set: 185 Way: 1 Address: 0x1064c2e40
  Set: 186 Way: 0 Address: 0x1c84e2e80
  Set: 187 Way: 0 Address: 0x1c84e2ec0
  Set: 188 Way: 0 Address: 0x1c84e2f00
  Set: 189 Way: 0 Address: 0x1c84e2f40
  Set: 190 Way: 0 Address: 0x1c84e2f80
  Set: 191 Way: 0 Address: 0x1c84e2fc0
  Set: 227 Way: 0 Address: 0x3b08038d0
  Set: 228 Way: 0 Address: 0x3b0803900
  Set: 229 Way: 0 Address: 0x3b0803948
  Set: 230 Way: 0 Address: 0x3b0803980
  Set: 235 Way: 0 Address: 0x3b0803af8
  Set: 236 Way: 0 Address: 0x3b0803b00
  Set: 257 Way: 0 Address: 0x6b744070
  Set: 264 Way: 0 Address: 0x6b744230
  Set: 264 Way: 1 Address: 0x1ab4421b
  Set: 265 Way: 0 Address: 0x1ab44240
  Set: 266 Way: 0 Address: 0x1ab44283
  Set: 267 Way: 0 Address: 0x1ab442f4
  Set: 268 Way: 0 Address: 0x1ab44300
  Set: 269 Way: 0 Address: 0x1ab44340
  Set: 286 Way: 0 Address: 0xb80047b0
  Set: 287 Way: 0 Address: 0xb80047c4
  Set: 288 Way: 0 Address: 0xb8004801
  Set: 289 Way: 0 Address: 0xb8004841
  Set: 290 Way: 0 Address: 0xb8004882
  Set: 291 Way: 0 Address: 0xb80048c0
  Set: 292 Way: 0 Address: 0xb8004900
  Set: 297 Way: 0 Address: 0xb8004a40
  Set: 298 Way: 0 Address: 0xb8004a80
  Set: 299 Way: 0 Address: 0xb8004ac0
  Set: 300 Way: 0 Address: 0xb8004b00
  Set: 308 Way: 0 Address: 0xb8004d1f
  Set: 309 Way: 0 Address: 0xb8004d40
  Set: 339 Way: 0 Address: 0x2725854e0
  Set: 351 Way: 0 Address: 0x57be57d0
  Set: 352 Way: 0 Address: 0x57be5800
  Set: 353 Way: 0 Address: 0x57be5840
  Set: 354 Way: 0 Address: 0x57be5880
  Set: 367 Way: 0 Address: 0x34a0e5bd0
  Set: 385 Way: 0 Address: 0x3dae6607f
  Set: 386 Way: 0 Address: 0x3dae660bf
  Set: 387 Way: 0 Address: 0x3dae660c8
  Set: 388 Way: 0 Address: 0x3dae66100
  Set: 392 Way: 0 Address: 0x1b7ae623d
  Set: 393 Way: 0 Address: 0x247006250
  Set: 393 Way: 1 Address: 0x1b7ae6240
  Set: 394 Way: 0 Address: 0x1b7ae6280
  Set: 396 Way: 0 Address: 0x3dae6633f
  Set: 397 Way: 0 Address: 0x3dae6637f
  Set: 398 Way: 0 Address: 0x3dae66388
  Set: 399 Way: 0 Address: 0x3dae663c0
  Set: 403 Way: 0 Address: 0x1b7ae64fd
  Set: 404 Way: 0 Address: 0x1b7ae6500
  Set: 405 Way: 0 Address: 0x1b7ae6540
  Set: 407 Way: 0 Address: 0x3dae665ff
  Set: 408 Way: 0 Address: 0x3dae6663f
  Set: 409 Way: 0 Address: 0x3dae66648
  Set: 410 Way: 0 Address: 0x3dae66680
  Set: 414 Way: 0 Address: 0x1b7ae67bd
  Set: 415 Way: 0 Address: 0x1b7ae67c0
  Set: 416 Way: 0 Address: 0x1b7ae6800
  Set: 418 Way: 0 Address: 0x3dae668bf
  Set: 419 Way: 0 Address: 0x3dae668ff
  Set: 420 Way: 0 Address: 0x3dae66908
  Set: 421 Way: 0 Address: 0x3dae66940
  Set: 428 Way: 0 Address: 0x27d4c6b10
  Set: 429 Way: 0 Address: 0x3dae66b7f
  Set: 430 Way: 0 Address: 0x3dae66bbf
  Set: 431 Way: 0 Address: 0x3dae66bc8
  Set: 432 Way: 0 Address: 0x3dae66c00
  Set: 441 Way: 0 Address: 0x3dae66e7d
  Set: 442 Way: 0 Address: 0x27d4c6e88
  Set: 442 Way: 1 Address: 0x3dae66e85
  Set: 443 Way: 0 Address: 0x3dae66ec0
  Set: 443 Way: 1 Address: 0x3d87a6efe
  Set: 444 Way: 0 Address: 0x3d87a6f02
  Set: 445 Way: 0 Address: 0x3d87a6f40
  Set: 455 Way: 0 Address: 0xbeea71f0
  Set: 456 Way: 0 Address: 0xbeea7228
  Set: 458 Way: 0 Address: 0x358da72bc
  Set: 459 Way: 0 Address: 0x358da72c0
  Set: 469 Way: 0 Address: 0x358da757c
  Set: 470 Way: 0 Address: 0x358da7580
  Set: 471 Way: 0 Address: 0x3704c75f0
  Set: 480 Way: 0 Address: 0x3704c7830
  Set: 480 Way: 1 Address: 0x358da783c
  Set: 481 Way: 0 Address: 0x358da7840
  Set: 489 Way: 0 Address: 0x309887a58
  Set: 491 Way: 0 Address: 0x358da7afc
  Set: 492 Way: 0 Address: 0x358da7b00
  Set: 502 Way: 0 Address: 0x358da7dbc
  Set: 503 Way: 0 Address: 0x358da7dc0
  Set: 575 Way: 0 Address: 0x16668fc0
  Set: 576 Way: 0 Address: 0x16669000
  Set: 581 Way: 0 Address: 0x2ee369158
  Set: 590 Way: 0 Address: 0x5d6e9398
  Set: 592 Way: 0 Address: 0xb84a9430
  Set: 593 Way: 0 Address: 0xb84a9440
  Set: 594 Way: 0 Address: 0xb84a9480
  Set: 597 Way: 0 Address: 0x2fa0c9572
  Set: 605 Way: 0 Address: 0x2c8749748
  Set: 630 Way: 0 Address: 0x2c8749d80
  Set: 642 Way: 0 Address: 0x8754a0bd
  Set: 643 Way: 0 Address: 0x8754a0c0
  Set: 653 Way: 0 Address: 0x8754a37d
  Set: 654 Way: 0 Address: 0x8754a380
  Set: 664 Way: 0 Address: 0x8754a63d
  Set: 665 Way: 0 Address: 0x8754a640
  Set: 675 Way: 0 Address: 0x8754a8fd
  Set: 676 Way: 0 Address: 0x8754a900
  Set: 686 Way: 0 Address: 0x8754abbd
  Set: 687 Way: 0 Address: 0x8754abc0
  Set: 697 Way: 0 Address: 0x8754ae7d
  Set: 698 Way: 0 Address: 0x8754ae80
  Set: 708 Way: 0 Address: 0x28420b106
  Set: 709 Way: 0 Address: 0x28420b142
  Set: 710 Way: 0 Address: 0x28420b180
  Set: 711 Way: 0 Address: 0x28420b1c0
  Set: 712 Way: 0 Address: 0x28420b201
  Set: 713 Way: 0 Address: 0x28420b240
  Set: 723 Way: 0 Address: 0x28420b4e1
  Set: 724 Way: 0 Address: 0x28420b500
  Set: 725 Way: 0 Address: 0x28420b542
  Set: 726 Way: 0 Address: 0x28420b580
  Set: 727 Way: 0 Address: 0x28420b5c2
  Set: 728 Way: 0 Address: 0x28420b605
  Set: 729 Way: 0 Address: 0x28420b640
  Set: 730 Way: 0 Address: 0x28420b697
  Set: 731 Way: 0 Address: 0x28420b6c0
  Set: 776 Way: 0 Address: 0x29484c238
  Set: 777 Way: 0 Address: 0x29484c240
  Set: 777 Way: 1 Address: 0x1ae2cc278
  Set: 778 Way: 0 Address: 0x1ae2cc280
  Set: 788 Way: 0 Address: 0x1ae2cc538
  Set: 789 Way: 0 Address: 0x1ae2cc540
  Set: 799 Way: 0 Address: 0x1ae2cc7f8
  Set: 800 Way: 0 Address: 0x1ae2cc800
  Set: 801 Way: 0 Address: 0x1ae2cc878
  Set: 802 Way: 0 Address: 0x1ae2cc880
  Set: 803 Way: 0 Address: 0x1ae2cc8c0
  Set: 804 Way: 0 Address: 0x32502c930
  Set: 805 Way: 0 Address: 0x32502c940
  Set: 811 Way: 0 Address: 0x32502cad8
  Set: 812 Way: 0 Address: 0x32502cb00
  Set: 812 Way: 1 Address: 0x1ae2ccb38
  Set: 813 Way: 0 Address: 0x1ae2ccb40
  Set: 813 Way: 1 Address: 0x32502cb40
  Set: 814 Way: 0 Address: 0x1ae2ccb80
  Set: 815 Way: 0 Address: 0x32f48cbc8
  Set: 823 Way: 0 Address: 0x1ae2ccdf8
  Set: 824 Way: 0 Address: 0x1ae2cce00
  Set: 825 Way: 0 Address: 0x1ae2cce40
  Set: 833 Way: 0 Address: 0x15164d070
  Set: 840 Way: 0 Address: 0x5588d220
  Set: 841 Way: 0 Address: 0x5588d240
  Set: 841 Way: 1 Address: 0x15164d250
  Set: 855 Way: 0 Address: 0xdb22d5e8
  Set: 864 Way: 0 Address: 0xdb22d830
  Set: 897 Way: 0 Address: 0x7d0ee068
  Set: 902 Way: 0 Address: 0x1c084e180
  Set: 903 Way: 0 Address: 0x1c084e1c1
  Set: 904 Way: 0 Address: 0x1c084e200
  Set: 904 Way: 1 Address: 0x7d0ee230
  Set: 905 Way: 0 Address: 0x1c084e242
  Set: 905 Way: 1 Address: 0x2f5d8e27d
  Set: 906 Way: 0 Address: 0x1c084e285
  Set: 906 Way: 1 Address: 0x2f5d8e280
  Set: 907 Way: 0 Address: 0x1c084e2c0
  Set: 907 Way: 1 Address: 0x2f5d8e2c0
  Set: 908 Way: 0 Address: 0x3734ee314
  Set: 908 Way: 1 Address: 0x1c084e300
  Set: 909 Way: 0 Address: 0x3734ee340
  Set: 909 Way: 1 Address: 0x1c084e340
  Set: 910 Way: 0 Address: 0x1c084e380
  Set: 911 Way: 0 Address: 0x1c084e3c5
  Set: 912 Way: 0 Address: 0x1c084e400
  Set: 913 Way: 0 Address: 0x1c084e449
  Set: 914 Way: 0 Address: 0x1c084e489
  Set: 915 Way: 0 Address: 0x1c084e4c7
  Set: 916 Way: 0 Address: 0x1c084e500
  Set: 916 Way: 1 Address: 0x2f5d8e53d
  Set: 917 Way: 0 Address: 0x1c084e540
  Set: 917 Way: 1 Address: 0x2f5d8e540
  Set: 918 Way: 0 Address: 0x2f5d8e5bf
  Set: 919 Way: 0 Address: 0x2f5d8e5c5
  Set: 920 Way: 0 Address: 0x2f5d8e600
  Set: 924 Way: 0 Address: 0x1c084e710
  Set: 925 Way: 0 Address: 0x1c084e740
  Set: 927 Way: 0 Address: 0x2f5d8e7fd
  Set: 928 Way: 0 Address: 0x2f5d8e83f
  Set: 929 Way: 0 Address: 0x2f5d8e87f
  Set: 930 Way: 0 Address: 0x2f5d8e888
  Set: 931 Way: 0 Address: 0x2f5d8e8c0
  Set: 932 Way: 0 Address: 0x1c084e900
  Set: 933 Way: 0 Address: 0x1c084e945
  Set: 934 Way: 0 Address: 0x1c084e982
  Set: 935 Way: 0 Address: 0x1c084e9c0
  Set: 936 Way: 0 Address: 0x1c084ea00
  Set: 937 Way: 0 Address: 0x1c084ea51
  Set: 938 Way: 0 Address: 0x1c084ea80
  Set: 938 Way: 1 Address: 0x2f5d8eabd
  Set: 939 Way: 0 Address: 0x1c084eac2
  Set: 939 Way: 1 Address: 0x2f5d8eaff
  Set: 940 Way: 0 Address: 0x1c084eb03
  Set: 940 Way: 1 Address: 0x2f5d8eb3f
  Set: 941 Way: 0 Address: 0x2f5d8eb48
  Set: 941 Way: 1 Address: 0x1c084eb45
  Set: 942 Way: 0 Address: 0x2f5d8eb80
  Set: 942 Way: 1 Address: 0x1c084eb83
  Set: 943 Way: 0 Address: 0x1c084ebc0
  Set: 945 Way: 0 Address: 0x1c084ec4d
  Set: 946 Way: 0 Address: 0x1c084ec80
  Set: 949 Way: 0 Address: 0x1c084ed79
  Set: 950 Way: 0 Address: 0x1c084ed81
  Set: 950 Way: 1 Address: 0x2f5d8edbf
  Set: 951 Way: 0 Address: 0x1c084edc0
  Set: 951 Way: 1 Address: 0x2f5d8edff
  Set: 952 Way: 0 Address: 0x2f5d8ee08
  Set: 953 Way: 0 Address: 0x2f5d8ee40
  Set: 961 Way: 0 Address: 0xee86f07c
  Set: 962 Way: 0 Address: 0xee86f080
  Set: 962 Way: 1 Address: 0x22272f0bc
  Set: 963 Way: 0 Address: 0x22272f0f4
  Set: 965 Way: 0 Address: 0x143ef160
  Set: 967 Way: 0 Address: 0x22272f1fc
  Set: 968 Way: 0 Address: 0x22272f230
  Set: 969 Way: 0 Address: 0x22272f240
  Set: 972 Way: 0 Address: 0xee86f33c
  Set: 973 Way: 0 Address: 0xee86f340
  Set: 974 Way: 0 Address: 0x143ef3a8
  Set: 976 Way: 0 Address: 0x23756f400
  Set: 977 Way: 0 Address: 0x23756f440
  Set: 978 Way: 0 Address: 0x23756f480
  Set: 983 Way: 0 Address: 0xee86f5fc
  Set: 984 Way: 0 Address: 0x23756f634
  Set: 984 Way: 1 Address: 0xee86f63f
  Set: 985 Way: 0 Address: 0x23756f640
  Set: 985 Way: 1 Address: 0xee86f67f
  Set: 986 Way: 0 Address: 0xee86f688
  Set: 987 Way: 0 Address: 0xee86f6c0
  Set: 995 Way: 0 Address: 0xee86f8ff
  Set: 996 Way: 0 Address: 0xee86f93f
  Set: 997 Way: 0 Address: 0xee86f948
  Set: 998 Way: 0 Address: 0xee86f980
  Set: 1005 Way: 0 Address: 0x23756fb44
  Set: 1006 Way: 0 Address: 0x23756fb80
  Set: 1006 Way: 1 Address: 0xee86fbbf
  Set: 1007 Way: 0 Address: 0xee86fbff
  Set: 1008 Way: 0 Address: 0xee86fc08
  Set: 1009 Way: 0 Address: 0xee86fc40
  Set: 1017 Way: 0 Address: 0xee86fe7f
  Set: 1018 Way: 0 Address: 0xee86febf
  Set: 1019 Way: 0 Address: 0xee86fec8
  Set: 1020 Way: 0 Address: 0xee86ff00
  Set: 1023 Way: 0 Address: 0x23756ffd0
  Set: 1024 Way: 0 Address: 0x237570000
  Set: 1033 Way: 0 Address: 0x168ef0248
  Set: 1067 Way: 0 Address: 0x2177f0af8
  Set: 1068 Way: 0 Address: 0x2177f0b00
  Set: 1070 Way: 0 Address: 0x14bb10b80
  Set: 1075 Way: 0 Address: 0x2177f0cf0
  Set: 1090 Way: 0 Address: 0x2600910b8
  Set: 1091 Way: 0 Address: 0x2600910c0
  Set: 1092 Way: 0 Address: 0x260091100
  Set: 1101 Way: 0 Address: 0x260091378
  Set: 1102 Way: 0 Address: 0x260091380
  Set: 1103 Way: 0 Address: 0x2600913c0
  Set: 1112 Way: 0 Address: 0x260091638
  Set: 1113 Way: 0 Address: 0x260091640
  Set: 1114 Way: 0 Address: 0x260091680
  Set: 1123 Way: 0 Address: 0x2600918f8
  Set: 1124 Way: 0 Address: 0x260091900
  Set: 1125 Way: 0 Address: 0x260091940
  Set: 1134 Way: 0 Address: 0x260091bb8
  Set: 1135 Way: 0 Address: 0x260091bc0
  Set: 1136 Way: 0 Address: 0x260091c00
  Set: 1157 Way: 0 Address: 0x1c6532150
  Set: 1160 Way: 0 Address: 0x133c92220
  Set: 1173 Way: 0 Address: 0x31be12550
  Set: 1174 Way: 0 Address: 0x31be12580
  Set: 1175 Way: 0 Address: 0x1c65325f0
  Set: 1181 Way: 0 Address: 0x62d12748
  Set: 1193 Way: 0 Address: 0x9cff2a58
  Set: 1199 Way: 0 Address: 0xa3a52bc0
  Set: 1215 Way: 0 Address: 0x9cff2fd8
  Set: 1216 Way: 0 Address: 0x257713020
  Set: 1216 Way: 1 Address: 0x34a873020
  Set: 1223 Way: 0 Address: 0x2577131f0
  Set: 1243 Way: 0 Address: 0x3c56b36c8
  Set: 1247 Way: 0 Address: 0x263c137f8
  Set: 1253 Way: 0 Address: 0x34a873950
  Set: 1259 Way: 0 Address: 0x3232f3af8
  Set: 1261 Way: 0 Address: 0x2b2e93b5c
  Set: 1262 Way: 0 Address: 0x2b2e93b80
  Set: 1263 Way: 0 Address: 0x2b2e93bc0
  Set: 1265 Way: 0 Address: 0x2b2e93c40
  Set: 1266 Way: 0 Address: 0x2b2e93c80
  Set: 1280 Way: 0 Address: 0x3de4d4010
  Set: 1284 Way: 0 Address: 0x3c107413f
  Set: 1285 Way: 0 Address: 0x3c107417f
  Set: 1286 Way: 0 Address: 0x3c1074188
  Set: 1286 Way: 1 Address: 0x397bb4184
  Set: 1287 Way: 0 Address: 0x3c10741c0
  Set: 1287 Way: 1 Address: 0x397bb41c0
  Set: 1289 Way: 0 Address: 0x3de4d4258
  Set: 1295 Way: 0 Address: 0x3c10743ff
  Set: 1296 Way: 0 Address: 0x3c107443f
  Set: 1297 Way: 0 Address: 0x3c1074448
  Set: 1298 Way: 0 Address: 0x3c1074480
  Set: 1302 Way: 0 Address: 0x397bb45a4
  Set: 1303 Way: 0 Address: 0x397bb45e0
  Set: 1304 Way: 0 Address: 0x397bb4600
  Set: 1305 Way: 0 Address: 0x397bb4640
  Set: 1306 Way: 0 Address: 0x3c10746bf
  Set: 1307 Way: 0 Address: 0x3c10746ff
  Set: 1308 Way: 0 Address: 0x3c1074708
  Set: 1309 Way: 0 Address: 0x3c1074740
  Set: 1317 Way: 0 Address: 0x3c107497f
  Set: 1318 Way: 0 Address: 0x3c10749bf
  Set: 1319 Way: 0 Address: 0x3c10749c8
  Set: 1320 Way: 0 Address: 0x3c1074a00
  Set: 1340 Way: 0 Address: 0x129934f38
  Set: 1341 Way: 0 Address: 0x129934f40
  Set: 1344 Way: 0 Address: 0x195f15010
  Set: 1346 Way: 0 Address: 0x195f15080
  Set: 1387 Way: 0 Address: 0x354d35ae8
  Set: 1389 Way: 0 Address: 0x354d35b68
  Set: 1390 Way: 0 Address: 0x354d35b80
  Set: 1404 Way: 0 Address: 0x1b0f15f00
  Set: 1417 Way: 0 Address: 0x43736240
  Set: 1464 Way: 0 Address: 0x211d16e18
  Set: 1465 Way: 0 Address: 0x211d16e40
  Set: 1466 Way: 0 Address: 0x211d16e80
  Set: 1467 Way: 0 Address: 0x211d16ec0
  Set: 1468 Way: 0 Address: 0x84896f38
  Set: 1468 Way: 1 Address: 0x211d16f00
  Set: 1472 Way: 0 Address: 0x276ff7018
  Set: 1477 Way: 0 Address: 0x2fbe97150
  Set: 1479 Way: 0 Address: 0x1124171fd
  Set: 1480 Way: 0 Address: 0x112417200
  Set: 1481 Way: 0 Address: 0x276ff7240
  Set: 1486 Way: 0 Address: 0x12c077398
  Set: 1490 Way: 0 Address: 0x1124174bd
  Set: 1491 Way: 0 Address: 0x1124174c0
  Set: 1492 Way: 0 Address: 0x112417500
  Set: 1495 Way: 0 Address: 0x2fbe975d8
  Set: 1495 Way: 1 Address: 0x12c0775e0
  Set: 1501 Way: 0 Address: 0x11241777d
  Set: 1502 Way: 0 Address: 0x112417780
  Set: 1503 Way: 0 Address: 0x1124177c0
  Set: 1512 Way: 0 Address: 0x112417a3d
  Set: 1513 Way: 0 Address: 0x112417a40
  Set: 1514 Way: 0 Address: 0x112417a80
  Set: 1523 Way: 0 Address: 0x112417cfd
  Set: 1524 Way: 0 Address: 0x112417d00
  Set: 1525 Way: 0 Address: 0x112417d40
  Set: 1534 Way: 0 Address: 0x112417fbd
  Set: 1535 Way: 0 Address: 0x112417fc0
  Set: 1536 Way: 0 Address: 0x201598010
  Set: 1536 Way: 1 Address: 0x112418000
  Set: 1539 Way: 0 Address: 0xc70780f0
  Set: 1539 Way: 1 Address: 0x3bdd780ef
  Set: 1540 Way: 0 Address: 0xc7078100
  Set: 1540 Way: 1 Address: 0x3bdd78100
  Set: 1541 Way: 0 Address: 0x3bdd78140
  Set: 1541 Way: 1 Address: 0xc7078168
  Set: 1542 Way: 0 Address: 0x3bdd78180
  Set: 1542 Way: 1 Address: 0xc7078180
  Set: 1543 Way: 0 Address: 0x3bdd781c0
  Set: 1544 Way: 0 Address: 0x3bdd78201
  Set: 1545 Way: 0 Address: 0x3bdd78240
  Set: 1554 Way: 0 Address: 0x2db3784b8
  Set: 1555 Way: 0 Address: 0x2db3784c0
  Set: 1565 Way: 0 Address: 0x2db378778
  Set: 1566 Way: 0 Address: 0x2db378780
  Set: 1572 Way: 0 Address: 0x201598930
  Set: 1576 Way: 0 Address: 0x2db378a38
  Set: 1577 Way: 0 Address: 0x2db378a40
  Set: 1578 Way: 0 Address: 0x3bdd78a90
  Set: 1579 Way: 0 Address: 0x3bdd78ac3
  Set: 1580 Way: 0 Address: 0x3bdd78b00
  Set: 1581 Way: 0 Address: 0x3bdd78b43
  Set: 1582 Way: 0 Address: 0x3bdd78b82
  Set: 1583 Way: 0 Address: 0x3bdd78bc0
  Set: 1584 Way: 0 Address: 0x3bdd78c01
  Set: 1585 Way: 0 Address: 0x3bdd78c40
  Set: 1586 Way: 0 Address: 0x3bdd78c85
  Set: 1587 Way: 0 Address: 0x2c9898cf0
  Set: 1587 Way: 1 Address: 0x3bdd78cc0
  Set: 1587 Way: 2 Address: 0x2db378cf8
  Set: 1588 Way: 0 Address: 0x3bdd78d00
  Set: 1588 Way: 1 Address: 0x2db378d00
  Set: 1589 Way: 0 Address: 0x3bdd78d41
  Set: 1590 Way: 0 Address: 0x3bdd78d82
  Set: 1591 Way: 0 Address: 0x3bdd78dc0
  Set: 1591 Way: 1 Address: 0x3fe58dff
  Set: 1592 Way: 0 Address: 0x3bdd78e00
  Set: 1592 Way: 1 Address: 0x3fe58e00
  Set: 1593 Way: 0 Address: 0x3bdd78e40
  Set: 1594 Way: 0 Address: 0x3bdd78e80
  Set: 1595 Way: 0 Address: 0x3bdd78ec0
  Set: 1598 Way: 0 Address: 0x2db378fb8
  Set: 1599 Way: 0 Address: 0x1aafb8fd8
  Set: 1599 Way: 1 Address: 0x2db378fc0
  Set: 1604 Way: 0 Address: 0x16a85913d
  Set: 1605 Way: 0 Address: 0x16a859140
  Set: 1606 Way: 0 Address: 0x16a8591bd
  Set: 1607 Way: 0 Address: 0x2929591d0
  Set: 1607 Way: 1 Address: 0x16a8591c0
  Set: 1608 Way: 0 Address: 0x292959200
  Set: 1608 Way: 1 Address: 0x16a859200
  Set: 1609 Way: 0 Address: 0x292959248
  Set: 1610 Way: 0 Address: 0x292959280
  Set: 1611 Way: 0 Address: 0x2929592e8
  Set: 1612 Way: 0 Address: 0x292959318
  Set: 1613 Way: 0 Address: 0x292959340
  Set: 1614 Way: 0 Address: 0x292959390
  Set: 1615 Way: 0 Address: 0x2929593c0
  Set: 1615 Way: 1 Address: 0x16a8593fd
  Set: 1616 Way: 0 Address: 0x292959400
  Set: 1616 Way: 1 Address: 0x16a859400
  Set: 1617 Way: 0 Address: 0x292959448
  Set: 1617 Way: 1 Address: 0x16a85947d
  Set: 1618 Way: 0 Address: 0x16a859480
  Set: 1619 Way: 0 Address: 0x16a8594c0
  Set: 1620 Way: 0 Address: 0x292959508
  Set: 1621 Way: 0 Address: 0x292959540
  Set: 1622 Way: 0 Address: 0x292959580
  Set: 1624 Way: 0 Address: 0x292959618
  Set: 1625 Way: 0 Address: 0x292959640
  Set: 1626 Way: 0 Address: 0x292959680
  Set: 1627 Way: 0 Address: 0x2929596d0
  Set: 1628 Way: 0 Address: 0x292959730
  Set: 1628 Way: 1 Address: 0x16a85973d
  Set: 1629 Way: 0 Address: 0x292959778
  Set: 1629 Way: 1 Address: 0x16a859740
  Set: 1630 Way: 0 Address: 0x292959788
  Set: 1630 Way: 1 Address: 0x16a859780
  Set: 1631 Way: 0 Address: 0x2929597d8
  Set: 1632 Way: 0 Address: 0x292959800
  Set: 1632 Way: 1 Address: 0x8a579828
  Set: 1632 Way: 2 Address: 0x379d39838
  Set: 1638 Way: 0 Address: 0x2929599a8
  Set: 1639 Way: 0 Address: 0x2929599c0
  Set: 1639 Way: 1 Address: 0x16a8599fd
  Set: 1640 Way: 0 Address: 0x292959a00
  Set: 1640 Way: 1 Address: 0x16a859a00
  Set: 1641 Way: 0 Address: 0x292959a40
  Set: 1641 Way: 1 Address: 0x16a859a40
  Set: 1642 Way: 0 Address: 0x292959a80
  Set: 1650 Way: 0 Address: 0x292959c98
  Set: 1650 Way: 1 Address: 0x16a859cbd
  Set: 1651 Way: 0 Address: 0x292959cc0
  Set: 1651 Way: 1 Address: 0x16a859cc0
  Set: 1652 Way: 0 Address: 0x16a859d00
  Set: 1653 Way: 0 Address: 0x312099d60
  Set: 1654 Way: 0 Address: 0x312099d80
  Set: 1655 Way: 0 Address: 0x312099de2
  Set: 1656 Way: 0 Address: 0x312099e02
  Set: 1657 Way: 0 Address: 0x312099e40
  Set: 1661 Way: 0 Address: 0x16a859f7d
  Set: 1662 Way: 0 Address: 0x16a859f80
  Set: 1663 Way: 0 Address: 0x16a859fc0
  Set: 1664 Way: 0 Address: 0x229b9a000
  Set: 1664 Way: 1 Address: 0x223eda010
  Set: 1665 Way: 0 Address: 0x1e561a040
  Set: 1665 Way: 1 Address: 0x223eda040
  Set: 1666 Way: 0 Address: 0x1d89da080
  Set: 1666 Way: 1 Address: 0x1e561a080
  Set: 1666 Way: 2 Address: 0x223eda080
  Set: 1667 Way: 0 Address: 0x223eda0c0
  Set: 1672 Way: 0 Address: 0x223eda210
  Set: 1673 Way: 0 Address: 0x223eda240
  Set: 1674 Way: 0 Address: 0x223eda287
  Set: 1675 Way: 0 Address: 0x223eda2c7
  Set: 1676 Way: 0 Address: 0x223eda300
  Set: 1676 Way: 1 Address: 0x1e561a300
  Set: 1677 Way: 0 Address: 0x223eda340
  Set: 1677 Way: 1 Address: 0x1e561a340
  Set: 1681 Way: 0 Address: 0x223eda45f
  Set: 1682 Way: 0 Address: 0x223eda480
  Set: 1683 Way: 0 Address: 0x223eda4c6
  Set: 1684 Way: 0 Address: 0x223eda500
  Set: 1685 Way: 0 Address: 0x223eda540
  Set: 1686 Way: 0 Address: 0x223eda580
  Set: 1687 Way: 0 Address: 0x1e561a5c0
  Set: 1688 Way: 0 Address: 0x1e561a600
  Set: 1690 Way: 0 Address: 0x223eda6b5
  Set: 1691 Way: 0 Address: 0x223eda6c3
  Set: 1692 Way: 0 Address: 0x223eda700
  Set: 1693 Way: 0 Address: 0x223eda743
  Set: 1694 Way: 0 Address: 0x223eda780
  Set: 1695 Way: 0 Address: 0x223eda7c0
  Set: 1697 Way: 0 Address: 0x1132fa870
  Set: 1698 Way: 0 Address: 0x1132fa881
  Set: 1699 Way: 0 Address: 0x1132fa8c3
  Set: 1700 Way: 0 Address: 0x223eda900
  Set: 1700 Way: 1 Address: 0x1132fa900
  Set: 1701 Way: 0 Address: 0x223eda940
  Set: 1701 Way: 1 Address: 0x1132fa946
  Set: 1702 Way: 0 Address: 0x223eda980
  Set: 1702 Way: 1 Address: 0x1132fa980
  Set: 1703 Way: 0 Address: 0x223eda9c0
  Set: 1706 Way: 0 Address: 0x1132faa87
  Set: 1707 Way: 0 Address: 0x1132faac3
  Set: 1708 Way: 0 Address: 0x1132fab05
  Set: 1709 Way: 0 Address: 0x1132fab40
  Set: 1710 Way: 0 Address: 0x223edabb2
  Set: 1710 Way: 1 Address: 0x1132fab80
  Set: 1711 Way: 0 Address: 0x223edabc1
  Set: 1711 Way: 1 Address: 0x1132fabc0
  Set: 1712 Way: 0 Address: 0x223edac00
  Set: 1712 Way: 1 Address: 0x1132fac03
  Set: 1713 Way: 0 Address: 0x223edac40
  Set: 1713 Way: 1 Address: 0x1132fac41
  Set: 1714 Way: 0 Address: 0x1132fac80
  Set: 1715 Way: 0 Address: 0x1132facc0
  Set: 1716 Way: 0 Address: 0x1132fad02
  Set: 1717 Way: 0 Address: 0x1132fad40
  Set: 1718 Way: 0 Address: 0x1132fad80
  Set: 1722 Way: 0 Address: 0xc67dae88
  Set: 1723 Way: 0 Address: 0x1132faecf
  Set: 1724 Way: 0 Address: 0x1132faf00
  Set: 1725 Way: 0 Address: 0x1132faf43
  Set: 1726 Way: 0 Address: 0x1132faf80
  Set: 1727 Way: 0 Address: 0x1132fafc4
  Set: 1728 Way: 0 Address: 0x1132fb000
  Set: 1730 Way: 0 Address: 0x394edb098
  Set: 1732 Way: 0 Address: 0x3b377b130
  Set: 1733 Way: 0 Address: 0x3b377b140
  Set: 1733 Way: 1 Address: 0xcf83b170
  Set: 1734 Way: 0 Address: 0xcf83b180
  Set: 1751 Way: 0 Address: 0x36889b5d8
  Set: 1769 Way: 0 Address: 0x3b377ba58
  Set: 1770 Way: 0 Address: 0x3b377ba80
  Set: 1771 Way: 0 Address: 0xc0d9baf0
  Set: 1786 Way: 0 Address: 0xc0d9be88
  Set: 1792 Way: 0 Address: 0xdf85c000
  Set: 1806 Way: 0 Address: 0x38e35c3a8
  Set: 1815 Way: 0 Address: 0x38e35c5e8
  Set: 1824 Way: 0 Address: 0x38e35c828
  Set: 1850 Way: 0 Address: 0x12c6fce98
  Set: 1863 Way: 0 Address: 0x1add1c2
  Set: 1864 Way: 0 Address: 0x1add200
  Set: 1870 Way: 0 Address: 0x23755d3a0
  Set: 1871 Way: 0 Address: 0x1add3fb
  Set: 1872 Way: 0 Address: 0x1add400
  Set: 1873 Way: 0 Address: 0x1add440
  Set: 1884 Way: 0 Address: 0xe51bd700
  Set: 1885 Way: 0 Address: 0xe51bd740
  Set: 1886 Way: 0 Address: 0xe51bd781
  Set: 1887 Way: 0 Address: 0xe51bd7c2
  Set: 1888 Way: 0 Address: 0xe51bd800
  Set: 1889 Way: 0 Address: 0xe51bd840
  Set: 1920 Way: 0 Address: 0x28b67e000
  Set: 1921 Way: 0 Address: 0x2c077e068
  Set: 1951 Way: 0 Address: 0x28b67e7f8
  Set: 1956 Way: 0 Address: 0x2db79e93c
  Set: 1957 Way: 0 Address: 0x2db79e964
  Set: 1957 Way: 1 Address: 0x2c077e950
  Set: 1969 Way: 0 Address: 0x1f919ec70
  Set: 1970 Way: 0 Address: 0x1f919ec89
  Set: 1971 Way: 0 Address: 0x1f919ecd0
  Set: 1972 Way: 0 Address: 0x1f919ed02
  Set: 1973 Way: 0 Address: 0x1f919ed40
  Set: 1974 Way: 0 Address: 0x1f919ed80
  Set: 1975 Way: 0 Address: 0x1f919edc0
  Set: 1976 Way: 0 Address: 0x1f919ee00
  Set: 1977 Way: 0 Address: 0x1f919ee40
  Set: 1978 Way: 0 Address: 0x1f919ee80
  Set: 1979 Way: 0 Address: 0x1f919eec2
  Set: 1980 Way: 0 Address: 0x1f919ef04
  Set: 1980 Way: 1 Address: 0x20597ef28
  Set: 1981 Way: 0 Address: 0x1f919ef43
  Set: 1982 Way: 0 Address: 0x1f919ef80
  Set: 1983 Way: 0 Address: 0x1f919efc0
  Set: 1984 Way: 0 Address: 0x1f919f000
  Set: 1994 Way: 0 Address: 0x3567df280
  Set: 1995 Way: 0 Address: 0x3567df2c0
  Set: 2005 Way: 0 Address: 0x3567df540
  Set: 2006 Way: 0 Address: 0x3567df580
  Set: 2016 Way: 0 Address: 0x3567df800
  Set: 2017 Way: 0 Address: 0x3567df840
  Set: 2027 Way: 0 Address: 0x3567dfac0
  Set: 2028 Way: 0 Address: 0x3567dfb00
  Set: 2038 Way: 0 Address: 0x3567dfd80
  Set: 2039 Way: 0 Address: 0x3567dfdc0
EndCache
