Cache: cpu0_STLB
  Set: 20 Way: 0 Address: 0x1814394
  Set: 23 Way: 0 Address: 0x17974b8
  Set: 25 Way: 0 Address: 0x1799a5c
  Set: 32 Way: 0 Address: 0x49a001c
  Set: 37 Way: 0 Address: 0x1625eb0
  Set: 38 Way: 0 Address: 0x16267b0
  Set: 42 Way: 0 Address: 0x4caa6cc
  Set: 43 Way: 0 Address: 0x13abc69
  Set: 44 Way: 0 Address: 0x13ac003
  Set: 45 Way: 0 Address: 0x49ad97c
  Set: 46 Way: 0 Address: 0x4d2ef48
  Set: 47 Way: 0 Address: 0x4d2f798
  Set: 48 Way: 0 Address: 0x4d30248
  Set: 48 Way: 1 Address: 0x13b0ef4
  Set: 49 Way: 0 Address: 0x13b1008
  Set: 50 Way: 0 Address: 0x13b2005
  Set: 56 Way: 0 Address: 0x17b88fc
  Set: 59 Way: 0 Address: 0x4cbbe8c
  Set: 79 Way: 0 Address: 0x49cf8f0
  Set: 80 Way: 0 Address: 0x4a50a7c
  Set: 83 Way: 0 Address: 0x1853b10
  Set: 90 Way: 0 Address: 0x705ae2c
  Set: 93 Way: 0 Address: 0x16dd704
  Set: 93 Way: 1 Address: 0x49dd24c
  Set: 95 Way: 0 Address: 0x16dfa54
  Set: 97 Way: 0 Address: 0x17e180c
  Set: 99 Way: 0 Address: 0x16e388c
  Set: 102 Way: 0 Address: 0x1766950
  Set: 103 Way: 0 Address: 0x16e77c8
  Set: 103 Way: 1 Address: 0x17674c0
  Set: 106 Way: 0 Address: 0x4cea88c
  Set: 109 Way: 0 Address: 0x17ed51c
  Set: 112 Way: 0 Address: 0x4cf05cc
  Set: 114 Way: 0 Address: 0x15f2450
  Set: 115 Way: 0 Address: 0x15f3c9b
  Set: 115 Way: 1 Address: 0x7ffe2a6734f0
EndCache
Cache: cpu0_L2C
  Set: 0 Way: 0 Address: 0x28a940005
  Set: 1 Way: 0 Address: 0x28a940040
  Set: 2 Way: 0 Address: 0x28a940083
  Set: 3 Way: 0 Address: 0x28a9400c0
  Set: 9 Way: 0 Address: 0x168ef024c
  Set: 11 Way: 0 Address: 0x342b402d0
  Set: 20 Way: 0 Address: 0x28a94053b
  Set: 21 Way: 0 Address: 0x6e620550
  Set: 21 Way: 1 Address: 0x28a940543
  Set: 27 Way: 0 Address: 0x14bb106cc
  Set: 30 Way: 0 Address: 0x2177f0780
  Set: 38 Way: 0 Address: 0x6e620980
  Set: 38 Way: 1 Address: 0x2177f0980
  Set: 65 Way: 0 Address: 0x2a4841060
  Set: 68 Way: 0 Address: 0x113201130
  Set: 68 Way: 1 Address: 0x2a4841130
  Set: 87 Way: 0 Address: 0x181c815cc
  Set: 92 Way: 0 Address: 0x113201738
  Set: 99 Way: 0 Address: 0x2600918f0
  Set: 101 Way: 0 Address: 0x19c791970
  Set: 106 Way: 0 Address: 0xf6e81aa8
  Set: 107 Way: 0 Address: 0xf6e81ad4
  Set: 108 Way: 0 Address: 0xf6e81b10
  Set: 114 Way: 0 Address: 0x113201cb8
  Set: 119 Way: 0 Address: 0x113201dc0
  Set: 125 Way: 0 Address: 0x113201f68
  Set: 128 Way: 0 Address: 0x133c92003
  Set: 129 Way: 0 Address: 0x9cff2048
  Set: 129 Way: 1 Address: 0x133c92044
  Set: 130 Way: 0 Address: 0x133c92084
  Set: 135 Way: 0 Address: 0x133c921d3
  Set: 136 Way: 0 Address: 0x133c92200
  Set: 137 Way: 0 Address: 0x133c92270
  Set: 138 Way: 0 Address: 0x133c922bc
  Set: 139 Way: 0 Address: 0x133c922c2
  Set: 140 Way: 0 Address: 0x133c92301
  Set: 141 Way: 0 Address: 0x133c92343
  Set: 142 Way: 0 Address: 0x1995f2398
  Set: 148 Way: 0 Address: 0x1c84e251c
  Set: 156 Way: 0 Address: 0x6d0c2718
  Set: 169 Way: 0 Address: 0x31be12a5c
  Set: 180 Way: 0 Address: 0x1064c2d00
  Set: 185 Way: 0 Address: 0x62d12e78
  Set: 187 Way: 0 Address: 0x1064c2ee8
  Set: 192 Way: 0 Address: 0x3b080301c
  Set: 193 Way: 0 Address: 0x34a873078
  Set: 196 Way: 0 Address: 0x3c56b3128
  Set: 198 Way: 0 Address: 0x34a8731a8
  Set: 202 Way: 0 Address: 0x257713280
  Set: 203 Way: 0 Address: 0x34a8732d8
  Set: 212 Way: 0 Address: 0x34a873538
  Set: 217 Way: 0 Address: 0x34a873668
  Set: 219 Way: 0 Address: 0x3c56b36e8
  Set: 220 Way: 0 Address: 0x3c56b3738
  Set: 222 Way: 0 Address: 0x34a873798
  Set: 229 Way: 0 Address: 0x2b2e93950
  Set: 230 Way: 0 Address: 0x2b2e9398c
  Set: 242 Way: 0 Address: 0x263c13cb8
  Set: 248 Way: 0 Address: 0x3232f3e24
  Set: 249 Way: 0 Address: 0x3232f3e7f
  Set: 250 Way: 0 Address: 0x3232f3e82
  Set: 251 Way: 0 Address: 0x3232f3ef4
  Set: 252 Way: 0 Address: 0x3232f3f07
  Set: 253 Way: 0 Address: 0x3232f3f42
  Set: 254 Way: 0 Address: 0x3232f3f80
  Set: 255 Way: 0 Address: 0x3232f3fc3
  Set: 257 Way: 0 Address: 0x3de4d4050
  Set: 258 Way: 0 Address: 0x1299340a0
  Set: 266 Way: 0 Address: 0x129934298
  Set: 283 Way: 0 Address: 0x3c10746f8
  Set: 286 Way: 0 Address: 0xb80047b4
  Set: 287 Way: 0 Address: 0x397bb47f8
  Set: 287 Way: 1 Address: 0xb80047c8
  Set: 309 Way: 0 Address: 0x1ab44d60
  Set: 310 Way: 0 Address: 0x1ab44d80
  Set: 316 Way: 0 Address: 0x3c1074f08
  Set: 321 Way: 0 Address: 0x195f15058
  Set: 324 Way: 0 Address: 0x354d3511c
  Set: 338 Way: 0 Address: 0x354d354b0
  Set: 339 Way: 0 Address: 0x354d354c0
  Set: 346 Way: 0 Address: 0x354d35694
  Set: 350 Way: 0 Address: 0x354d35780
  Set: 369 Way: 0 Address: 0x354d35c58
  Set: 374 Way: 0 Address: 0x1b0f15d88
  Set: 374 Way: 1 Address: 0x272585d90
  Set: 377 Way: 0 Address: 0x34a0e5e78
  Set: 379 Way: 0 Address: 0x34a0e5ee8
  Set: 388 Way: 0 Address: 0x27d4c6128
  Set: 397 Way: 0 Address: 0x84896378
  Set: 398 Way: 0 Address: 0x84896394
  Set: 411 Way: 0 Address: 0x211d166f8
  Set: 419 Way: 0 Address: 0x437368fc
  Set: 425 Way: 0 Address: 0x3d87a6a7c
  Set: 426 Way: 0 Address: 0x3d87a6a80
  Set: 428 Way: 0 Address: 0x3dae66b30
  Set: 435 Way: 0 Address: 0x211d16cc8
  Set: 480 Way: 0 Address: 0x276ff780c
  Set: 485 Way: 0 Address: 0xbeea797c
  Set: 486 Way: 0 Address: 0xbeea7980
  Set: 490 Way: 0 Address: 0x309887a98
  Set: 512 Way: 0 Address: 0x2c9898008
  Set: 513 Way: 0 Address: 0x2c9898040
  Set: 514 Way: 0 Address: 0x2c9898080
  Set: 515 Way: 0 Address: 0x2c98980c5
  Set: 516 Way: 0 Address: 0x2c9898102
  Set: 517 Way: 0 Address: 0x2c9898143
  Set: 518 Way: 0 Address: 0x2c9898181
  Set: 519 Way: 0 Address: 0x2c98981c3
  Set: 520 Way: 0 Address: 0x2c9898204
  Set: 521 Way: 0 Address: 0x2c9898242
  Set: 522 Way: 0 Address: 0x2c9898283
  Set: 523 Way: 0 Address: 0x2c98982c5
  Set: 524 Way: 0 Address: 0x2c9898302
  Set: 525 Way: 0 Address: 0x2c9898342
  Set: 526 Way: 0 Address: 0x2c9898382
  Set: 527 Way: 0 Address: 0x2c98983c1
  Set: 528 Way: 0 Address: 0x2c9898400
  Set: 529 Way: 0 Address: 0x2c9898440
  Set: 530 Way: 0 Address: 0x2c9898480
  Set: 531 Way: 0 Address: 0x2c98984c0
  Set: 532 Way: 0 Address: 0x2c9898504
  Set: 533 Way: 0 Address: 0x2c9898543
  Set: 534 Way: 0 Address: 0x2c9898580
  Set: 535 Way: 0 Address: 0x2c98985c0
  Set: 536 Way: 0 Address: 0x2c9898601
  Set: 537 Way: 0 Address: 0x2c9898642
  Set: 538 Way: 0 Address: 0x2c9898680
  Set: 539 Way: 0 Address: 0x2c98986c0
  Set: 540 Way: 0 Address: 0x2c9898700
  Set: 541 Way: 0 Address: 0x2c9898742
  Set: 542 Way: 0 Address: 0x2c9898780
  Set: 543 Way: 0 Address: 0x2c98987c1
  Set: 544 Way: 0 Address: 0x2c9898807
  Set: 545 Way: 0 Address: 0x2c9898840
  Set: 546 Way: 0 Address: 0x2c9898880
  Set: 547 Way: 0 Address: 0x2c98988c0
  Set: 548 Way: 0 Address: 0x2c9898902
  Set: 549 Way: 0 Address: 0x2c9898941
  Set: 550 Way: 0 Address: 0x2c9898980
  Set: 551 Way: 0 Address: 0x2c98989c0
  Set: 552 Way: 0 Address: 0x2c9898a00
  Set: 553 Way: 0 Address: 0x2c9898a42
  Set: 554 Way: 0 Address: 0x2c9898a81
  Set: 555 Way: 0 Address: 0x2c9898ac0
  Set: 556 Way: 0 Address: 0x2c9898b03
  Set: 557 Way: 0 Address: 0x2c9898b46
  Set: 558 Way: 0 Address: 0x2c9898b80
  Set: 559 Way: 0 Address: 0xc7078be0
  Set: 559 Way: 1 Address: 0x2c9898bc2
  Set: 560 Way: 0 Address: 0x2c9898c00
  Set: 561 Way: 0 Address: 0x2c9898c40
  Set: 562 Way: 0 Address: 0xc7078c9b
  Set: 562 Way: 1 Address: 0x2c9898c80
  Set: 563 Way: 0 Address: 0xc7078cfe
  Set: 563 Way: 1 Address: 0x2c9898cc0
  Set: 564 Way: 0 Address: 0x2c9898d02
  Set: 565 Way: 0 Address: 0x1aafb8d58
  Set: 565 Way: 1 Address: 0x2c9898d41
  Set: 566 Way: 0 Address: 0x3bdd78d80
  Set: 566 Way: 1 Address: 0x2c9898d80
  Set: 567 Way: 0 Address: 0x2c9898dc0
  Set: 568 Way: 0 Address: 0x2c9898e00
  Set: 569 Way: 0 Address: 0x2c9898e42
  Set: 570 Way: 0 Address: 0x2c9898e81
  Set: 571 Way: 0 Address: 0x2c9898ec0
  Set: 572 Way: 0 Address: 0x2c9898f04
  Set: 573 Way: 0 Address: 0x2c9898f41
  Set: 574 Way: 0 Address: 0x201598f98
  Set: 574 Way: 1 Address: 0x2c9898f80
  Set: 575 Way: 0 Address: 0x2c9898fc3
  Set: 599 Way: 0 Address: 0x2c87495d8
  Set: 599 Way: 1 Address: 0x2fa0c95d8
  Set: 605 Way: 0 Address: 0x312099750
  Set: 606 Way: 0 Address: 0x312099780
  Set: 610 Way: 0 Address: 0x2ee36988c
  Set: 611 Way: 0 Address: 0x2ee3698f0
  Set: 613 Way: 0 Address: 0x2c8749978
  Set: 613 Way: 1 Address: 0x2fa0c9970
  Set: 620 Way: 0 Address: 0x292959b30
  Set: 621 Way: 0 Address: 0x292959b41
  Set: 622 Way: 0 Address: 0x292959b82
  Set: 623 Way: 0 Address: 0x292959bc2
  Set: 624 Way: 0 Address: 0x292959c02
  Set: 625 Way: 0 Address: 0x292959c69
  Set: 626 Way: 0 Address: 0x292959c82
  Set: 627 Way: 0 Address: 0x292959cc4
  Set: 628 Way: 0 Address: 0x292959d02
  Set: 629 Way: 0 Address: 0x292959d46
  Set: 630 Way: 0 Address: 0x292959d84
  Set: 631 Way: 0 Address: 0x292959dc1
  Set: 632 Way: 0 Address: 0x292959e00
  Set: 633 Way: 0 Address: 0x292959e45
  Set: 634 Way: 0 Address: 0x292959e81
  Set: 635 Way: 0 Address: 0x292959ec2
  Set: 636 Way: 0 Address: 0x292959f01
  Set: 637 Way: 0 Address: 0x292959f42
  Set: 638 Way: 0 Address: 0x292959f80
  Set: 639 Way: 0 Address: 0x292959fc1
  Set: 640 Way: 0 Address: 0x229b9a000
  Set: 695 Way: 0 Address: 0x223edadc0
  Set: 698 Way: 0 Address: 0xc67dae8c
  Set: 701 Way: 0 Address: 0x1d89daf68
  Set: 708 Way: 0 Address: 0xc0d9b128
  Set: 711 Way: 0 Address: 0xc0d9b1c0
  Set: 713 Way: 0 Address: 0x3b377b248
  Set: 721 Way: 0 Address: 0x394edb450
  Set: 722 Way: 0 Address: 0x394edb490
  Set: 723 Way: 0 Address: 0x394edb4c2
  Set: 724 Way: 0 Address: 0x394edb502
  Set: 725 Way: 0 Address: 0x394edb578
  Set: 726 Way: 0 Address: 0x394edb580
  Set: 727 Way: 0 Address: 0x394edb5e8
  Set: 728 Way: 0 Address: 0x394edb603
  Set: 729 Way: 0 Address: 0x394edb670
  Set: 730 Way: 0 Address: 0x394edb680
  Set: 733 Way: 0 Address: 0xcf83b750
  Set: 741 Way: 0 Address: 0xcf83b978
  Set: 768 Way: 0 Address: 0xdf85c000
  Set: 786 Way: 0 Address: 0x29484c4b8
  Set: 795 Way: 0 Address: 0x12c6fc6e8
  Set: 812 Way: 0 Address: 0x12c6fcb38
  Set: 812 Way: 1 Address: 0x38e35cb38
  Set: 819 Way: 0 Address: 0x1ae2cccc8
  Set: 824 Way: 0 Address: 0x32f48ce18
  Set: 828 Way: 0 Address: 0x12c6fcf08
  Set: 829 Way: 0 Address: 0x32f48cf48
  Set: 834 Way: 0 Address: 0x1add0a0
  Set: 873 Way: 0 Address: 0x5588da54
  Set: 890 Way: 0 Address: 0x23755deb0
  Set: 891 Way: 0 Address: 0x23755dee8
  Set: 892 Way: 0 Address: 0x23755df01
  Set: 893 Way: 0 Address: 0x23755df60
  Set: 894 Way: 0 Address: 0x23755df82
  Set: 895 Way: 0 Address: 0x23755dfc0
  Set: 896 Way: 0 Address: 0x28b67e000
  Set: 896 Way: 1 Address: 0x1f919e000
  Set: 897 Way: 0 Address: 0x1f919e050
  Set: 899 Way: 0 Address: 0x1f919e0c8
  Set: 900 Way: 0 Address: 0x1f919e100
  Set: 900 Way: 1 Address: 0x1c084e130
  Set: 904 Way: 0 Address: 0x1f919e220
  Set: 905 Way: 0 Address: 0x1f919e242
  Set: 906 Way: 0 Address: 0x1f919e281
  Set: 907 Way: 0 Address: 0x1f919e2c2
  Set: 908 Way: 0 Address: 0x1f919e301
  Set: 909 Way: 0 Address: 0x1f919e370
  Set: 910 Way: 0 Address: 0x1f919e3a0
  Set: 912 Way: 0 Address: 0x1f919e430
  Set: 913 Way: 0 Address: 0x1f919e447
  Set: 914 Way: 0 Address: 0x1f919e481
  Set: 915 Way: 0 Address: 0x1f919e4c1
  Set: 916 Way: 0 Address: 0x1f919e507
  Set: 917 Way: 0 Address: 0x1f919e541
  Set: 918 Way: 0 Address: 0x1f919e582
  Set: 919 Way: 0 Address: 0x1f919e5fc
  Set: 920 Way: 0 Address: 0x1f919e603
  Set: 921 Way: 0 Address: 0x1f919e641
  Set: 922 Way: 0 Address: 0x1f919e681
  Set: 923 Way: 0 Address: 0x1f919e6c1
  Set: 923 Way: 1 Address: 0x2f5d8e6fc
  Set: 924 Way: 0 Address: 0x1f919e703
  Set: 924 Way: 1 Address: 0x2f5d8e704
  Set: 925 Way: 0 Address: 0x1f919e742
  Set: 926 Way: 0 Address: 0x1f919e7b0
  Set: 927 Way: 0 Address: 0x1f919e7c1
  Set: 927 Way: 1 Address: 0x28b67e7f8
  Set: 928 Way: 0 Address: 0x1f919e800
  Set: 930 Way: 0 Address: 0x20597e88c
  Set: 947 Way: 0 Address: 0x2f5d8ecd8
  Set: 948 Way: 0 Address: 0x2db79ed00
  Set: 949 Way: 0 Address: 0x2db79ed68
  Set: 958 Way: 0 Address: 0x2f5d8efb0
  Set: 959 Way: 0 Address: 0x3734eefc0
  Set: 964 Way: 0 Address: 0x16390f128
  Set: 964 Way: 1 Address: 0x22272f120
  Set: 967 Way: 0 Address: 0x22272f1c0
  Set: 979 Way: 0 Address: 0xee86f4f0
  Set: 980 Way: 0 Address: 0xee86f500
  Set: 981 Way: 0 Address: 0xee86f554
  Set: 982 Way: 0 Address: 0xee86f5a0
  Set: 983 Way: 0 Address: 0xee86f5c0
  Set: 988 Way: 0 Address: 0xee86f720
  Set: 989 Way: 0 Address: 0xee86f750
  Set: 990 Way: 0 Address: 0xee86f7a4
  Set: 991 Way: 0 Address: 0xee86f7f0
  Set: 992 Way: 0 Address: 0xee86f810
  Set: 993 Way: 0 Address: 0xee86f870
  Set: 994 Way: 0 Address: 0xee86f890
  Set: 1016 Way: 0 Address: 0x23756fe2c
  Set: 1022 Way: 0 Address: 0x143eff90
EndCache
Cache: cpu0_L1I
  Set: 0 Way: 0 Address: 0x133c92003
  Set: 0 Way: 1 Address: 0x1f919e000
  Set: 0 Way: 2 Address: 0x2c9898008
  Set: 0 Way: 3 Address: 0x28a94003a
  Set: 1 Way: 0 Address: 0x133c92044
  Set: 1 Way: 1 Address: 0x1f919e050
  Set: 1 Way: 2 Address: 0x2c9898040
  Set: 1 Way: 3 Address: 0x28a940070
  Set: 2 Way: 0 Address: 0x133c920ac
  Set: 2 Way: 1 Address: 0x2c9898080
  Set: 2 Way: 2 Address: 0x28a940083
  Set: 3 Way: 0 Address: 0x1f919e0c8
  Set: 3 Way: 1 Address: 0x2c98980c5
  Set: 4 Way: 0 Address: 0x1f919e100
  Set: 4 Way: 1 Address: 0x2c9898102
  Set: 5 Way: 0 Address: 0x2c9898143
  Set: 6 Way: 0 Address: 0x2c9898181
  Set: 7 Way: 0 Address: 0x133c921d3
  Set: 7 Way: 1 Address: 0x2c98981c3
  Set: 8 Way: 0 Address: 0x1f919e220
  Set: 8 Way: 1 Address: 0x2c9898204
  Set: 8 Way: 2 Address: 0x133c9221d
  Set: 9 Way: 0 Address: 0x1f919e242
  Set: 9 Way: 1 Address: 0x133c92270
  Set: 9 Way: 2 Address: 0x2c9898242
  Set: 10 Way: 0 Address: 0x1f919e281
  Set: 10 Way: 1 Address: 0x133c922bc
  Set: 10 Way: 2 Address: 0x2c9898283
  Set: 11 Way: 0 Address: 0x1f919e2e2
  Set: 11 Way: 1 Address: 0x133c922c2
  Set: 11 Way: 2 Address: 0x2c98982c5
  Set: 12 Way: 0 Address: 0x1f919e301
  Set: 12 Way: 1 Address: 0x133c92336
  Set: 12 Way: 2 Address: 0x2c9898302
  Set: 13 Way: 0 Address: 0x1f919e370
  Set: 13 Way: 1 Address: 0x133c92343
  Set: 13 Way: 2 Address: 0x2c9898342
  Set: 14 Way: 0 Address: 0x1f919e3a0
  Set: 14 Way: 1 Address: 0x2c9898382
  Set: 15 Way: 0 Address: 0x2c98983c1
  Set: 16 Way: 0 Address: 0x1f919e430
  Set: 16 Way: 1 Address: 0x2c9898407
  Set: 17 Way: 0 Address: 0x394edb450
  Set: 17 Way: 1 Address: 0x1f919e47d
  Set: 17 Way: 2 Address: 0x2c9898444
  Set: 18 Way: 0 Address: 0x394edb490
  Set: 18 Way: 1 Address: 0x1f919e4b9
  Set: 18 Way: 2 Address: 0x2c9898483
  Set: 19 Way: 0 Address: 0x394edb4ea
  Set: 19 Way: 1 Address: 0x1f919e4f8
  Set: 19 Way: 2 Address: 0x2c98984fd
  Set: 20 Way: 0 Address: 0x394edb532
  Set: 20 Way: 1 Address: 0x1f919e52a
  Set: 20 Way: 2 Address: 0x2c9898504
  Set: 20 Way: 3 Address: 0x28a94053b
  Set: 21 Way: 0 Address: 0x394edb578
  Set: 21 Way: 1 Address: 0x1f919e576
  Set: 21 Way: 2 Address: 0x2c9898543
  Set: 21 Way: 3 Address: 0x28a940543
  Set: 22 Way: 0 Address: 0x394edb580
  Set: 22 Way: 1 Address: 0x1f919e5b3
  Set: 22 Way: 2 Address: 0x2c9898581
  Set: 23 Way: 0 Address: 0x1f919e5fc
  Set: 23 Way: 1 Address: 0x394edb5e8
  Set: 23 Way: 2 Address: 0x2c98985c2
  Set: 24 Way: 0 Address: 0x1f919e633
  Set: 24 Way: 1 Address: 0x394edb603
  Set: 24 Way: 2 Address: 0x2c989863f
  Set: 25 Way: 0 Address: 0x1f919e670
  Set: 25 Way: 1 Address: 0x394edb670
  Set: 25 Way: 2 Address: 0x2c9898642
  Set: 26 Way: 0 Address: 0x1f919e698
  Set: 26 Way: 1 Address: 0x394edb680
  Set: 26 Way: 2 Address: 0x2c9898683
  Set: 27 Way: 0 Address: 0x1f919e6f8
  Set: 27 Way: 1 Address: 0x2c98986c8
  Set: 28 Way: 0 Address: 0x1f919e71b
  Set: 28 Way: 1 Address: 0x2c9898700
  Set: 29 Way: 0 Address: 0x1f919e774
  Set: 29 Way: 1 Address: 0x2c9898742
  Set: 30 Way: 0 Address: 0x1f919e7b0
  Set: 30 Way: 1 Address: 0x2c9898786
  Set: 31 Way: 0 Address: 0x1f919e7c1
  Set: 31 Way: 1 Address: 0x2c98987ee
  Set: 32 Way: 0 Address: 0x1f919e800
  Set: 32 Way: 1 Address: 0x2c9898807
  Set: 33 Way: 0 Address: 0x2c9898842
  Set: 34 Way: 0 Address: 0x2c9898884
  Set: 35 Way: 0 Address: 0x2c98988c6
  Set: 36 Way: 0 Address: 0x2c9898939
  Set: 37 Way: 0 Address: 0x2c9898941
  Set: 38 Way: 0 Address: 0x2c9898987
  Set: 39 Way: 0 Address: 0x2c98989c4
  Set: 40 Way: 0 Address: 0x2c9898a03
  Set: 41 Way: 0 Address: 0x2c9898a79
  Set: 42 Way: 0 Address: 0x2c9898ab7
  Set: 43 Way: 0 Address: 0x2c9898ac5
  Set: 44 Way: 0 Address: 0x292959b30
  Set: 44 Way: 1 Address: 0x2c9898b03
  Set: 45 Way: 0 Address: 0x292959b79
  Set: 45 Way: 1 Address: 0x2c9898b46
  Set: 46 Way: 0 Address: 0x292959b82
  Set: 46 Way: 1 Address: 0x2c9898b80
  Set: 47 Way: 0 Address: 0xc7078be0
  Set: 47 Way: 1 Address: 0x292959bc2
  Set: 47 Way: 2 Address: 0x2c9898bc2
  Set: 48 Way: 0 Address: 0x292959c02
  Set: 48 Way: 1 Address: 0x2c9898c08
  Set: 49 Way: 0 Address: 0x292959c69
  Set: 49 Way: 1 Address: 0x2c9898c45
  Set: 50 Way: 0 Address: 0xc7078cbf
  Set: 50 Way: 1 Address: 0x292959c82
  Set: 50 Way: 2 Address: 0x2c9898c80
  Set: 51 Way: 0 Address: 0xc7078cc3
  Set: 51 Way: 1 Address: 0x292959cc4
  Set: 51 Way: 2 Address: 0x2c9898cfc
  Set: 52 Way: 0 Address: 0x292959d02
  Set: 52 Way: 1 Address: 0x2c9898d3d
  Set: 53 Way: 0 Address: 0x292959d46
  Set: 53 Way: 1 Address: 0x2c9898d41
  Set: 54 Way: 0 Address: 0x292959d84
  Set: 54 Way: 1 Address: 0x2c9898d81
  Set: 55 Way: 0 Address: 0x292959dc1
  Set: 55 Way: 1 Address: 0x2c9898dc4
  Set: 56 Way: 0 Address: 0x292959e00
  Set: 56 Way: 1 Address: 0x2c9898e2f
  Set: 56 Way: 2 Address: 0x3232f3e24
  Set: 57 Way: 0 Address: 0x292959e6a
  Set: 57 Way: 1 Address: 0x2c9898e72
  Set: 57 Way: 2 Address: 0x3232f3e7f
  Set: 58 Way: 0 Address: 0x23755deb0
  Set: 58 Way: 1 Address: 0x292959ea6
  Set: 58 Way: 2 Address: 0x2c9898e81
  Set: 58 Way: 3 Address: 0x3232f3e82
  Set: 59 Way: 0 Address: 0x23755dee8
  Set: 59 Way: 1 Address: 0x292959ec2
  Set: 59 Way: 2 Address: 0x3232f3ef4
  Set: 59 Way: 3 Address: 0x2c9898ec1
  Set: 60 Way: 0 Address: 0x23755df01
  Set: 60 Way: 1 Address: 0x292959f01
  Set: 60 Way: 2 Address: 0x3232f3f35
  Set: 60 Way: 3 Address: 0x2c9898f04
  Set: 61 Way: 0 Address: 0x23755df60
  Set: 61 Way: 1 Address: 0x292959f42
  Set: 61 Way: 2 Address: 0x3232f3f73
  Set: 61 Way: 3 Address: 0x2c9898f6f
  Set: 62 Way: 0 Address: 0x23755df82
  Set: 62 Way: 1 Address: 0x292959fae
  Set: 62 Way: 2 Address: 0x3232f3fb6
  Set: 62 Way: 3 Address: 0x2c9898fb0
  Set: 63 Way: 0 Address: 0x23755dfec
  Set: 63 Way: 1 Address: 0x292959fc1
  Set: 63 Way: 2 Address: 0x3232f3fc3
  Set: 63 Way: 3 Address: 0x2c9898fe3
EndCache
Cache: cpu0_L1D
  Set: 0 Way: 0 Address: 0xdf85c000
  Set: 0 Way: 1 Address: 0x28b67e000
  Set: 0 Way: 2 Address: 0x229b9a000
  Set: 0 Way: 3 Address: 0x3b080301c
  Set: 1 Way: 0 Address: 0x195f15058
  Set: 1 Way: 1 Address: 0x3de4d4050
  Set: 1 Way: 2 Address: 0x9cff2048
  Set: 1 Way: 3 Address: 0x2a4841060
  Set: 1 Way: 4 Address: 0x34a873078
  Set: 2 Way: 0 Address: 0x1299340a0
  Set: 2 Way: 1 Address: 0x1add0a0
  Set: 4 Way: 0 Address: 0x113201130
  Set: 4 Way: 1 Address: 0x3c56b3128
  Set: 4 Way: 2 Address: 0x16390f128
  Set: 4 Way: 3 Address: 0x2a4841130
  Set: 4 Way: 4 Address: 0x1c084e130
  Set: 4 Way: 5 Address: 0x22272f120
  Set: 4 Way: 6 Address: 0x354d3511c
  Set: 4 Way: 7 Address: 0xc0d9b128
  Set: 4 Way: 8 Address: 0x27d4c6128
  Set: 6 Way: 0 Address: 0x34a8731a8
  Set: 7 Way: 0 Address: 0x22272f1c0
  Set: 7 Way: 1 Address: 0xc0d9b1c0
  Set: 9 Way: 0 Address: 0x3b377b248
  Set: 9 Way: 1 Address: 0x168ef024c
  Set: 10 Way: 0 Address: 0x129934298
  Set: 10 Way: 1 Address: 0x257713280
  Set: 11 Way: 0 Address: 0x342b402d0
  Set: 11 Way: 1 Address: 0x34a8732d8
  Set: 13 Way: 0 Address: 0x84896378
  Set: 14 Way: 0 Address: 0x1995f2398
  Set: 14 Way: 1 Address: 0x84896388
  Set: 18 Way: 0 Address: 0x29484c4b8
  Set: 18 Way: 1 Address: 0x354d354b0
  Set: 19 Way: 0 Address: 0xee86f4f0
  Set: 19 Way: 1 Address: 0x354d354c0
  Set: 20 Way: 0 Address: 0x1c84e251c
  Set: 20 Way: 1 Address: 0xee86f528
  Set: 20 Way: 2 Address: 0x34a873538
  Set: 21 Way: 0 Address: 0xee86f554
  Set: 21 Way: 1 Address: 0x6e620550
  Set: 22 Way: 0 Address: 0xee86f5a0
  Set: 23 Way: 0 Address: 0xee86f5d0
  Set: 23 Way: 1 Address: 0x181c815cc
  Set: 23 Way: 2 Address: 0x2c87495d8
  Set: 23 Way: 3 Address: 0x2fa0c95d8
  Set: 25 Way: 0 Address: 0x34a873668
  Set: 26 Way: 0 Address: 0x354d35694
  Set: 27 Way: 0 Address: 0x3c56b36e8
  Set: 27 Way: 1 Address: 0x12c6fc6e8
  Set: 27 Way: 2 Address: 0x3c10746f8
  Set: 27 Way: 3 Address: 0x211d166f8
  Set: 27 Way: 4 Address: 0x2f5d8e6fc
  Set: 27 Way: 5 Address: 0x14bb106cc
  Set: 28 Way: 0 Address: 0x113201738
  Set: 28 Way: 1 Address: 0x3c56b3738
  Set: 28 Way: 2 Address: 0x6d0c2718
  Set: 28 Way: 3 Address: 0x2f5d8e704
  Set: 28 Way: 4 Address: 0xee86f720
  Set: 29 Way: 0 Address: 0xee86f750
  Set: 29 Way: 1 Address: 0x312099750
  Set: 29 Way: 2 Address: 0xcf83b750
  Set: 30 Way: 0 Address: 0xb80047b4
  Set: 30 Way: 1 Address: 0x354d35780
  Set: 30 Way: 2 Address: 0xee86f7a4
  Set: 30 Way: 3 Address: 0x2177f0780
  Set: 30 Way: 4 Address: 0x312099780
  Set: 30 Way: 5 Address: 0x34a873798
  Set: 31 Way: 0 Address: 0x28b67e7f8
  Set: 31 Way: 1 Address: 0x397bb47f8
  Set: 31 Way: 2 Address: 0xb80047c8
  Set: 31 Way: 3 Address: 0xee86f7f0
  Set: 32 Way: 0 Address: 0x276ff780c
  Set: 32 Way: 1 Address: 0xee86f810
  Set: 33 Way: 0 Address: 0xee86f878
  Set: 34 Way: 0 Address: 0x2ee36988c
  Set: 34 Way: 1 Address: 0xee86f890
  Set: 34 Way: 2 Address: 0x20597e88c
  Set: 35 Way: 0 Address: 0x437368fc
  Set: 35 Way: 1 Address: 0x2ee3698f0
  Set: 35 Way: 2 Address: 0x2600918f0
  Set: 37 Way: 0 Address: 0x2b2e93950
  Set: 37 Way: 1 Address: 0xbeea797c
  Set: 37 Way: 2 Address: 0xcf83b978
  Set: 37 Way: 3 Address: 0x2c8749978
  Set: 37 Way: 4 Address: 0x2fa0c9970
  Set: 37 Way: 5 Address: 0x19c791970
  Set: 38 Way: 0 Address: 0x2b2e9398c
  Set: 38 Way: 1 Address: 0x6e620980
  Set: 38 Way: 2 Address: 0x2177f0980
  Set: 38 Way: 3 Address: 0xbeea7980
  Set: 41 Way: 0 Address: 0x5588da54
  Set: 41 Way: 1 Address: 0x3d87a6a7c
  Set: 41 Way: 2 Address: 0x31be12a5c
  Set: 42 Way: 0 Address: 0x309887a98
  Set: 42 Way: 1 Address: 0xf6e81aa0
  Set: 42 Way: 2 Address: 0x3d87a6a80
  Set: 43 Way: 0 Address: 0xf6e81acc
  Set: 44 Way: 0 Address: 0xf6e81b20
  Set: 44 Way: 1 Address: 0x12c6fcb30
  Set: 44 Way: 2 Address: 0x38e35cb38
  Set: 44 Way: 3 Address: 0x3dae66b30
  Set: 49 Way: 0 Address: 0x354d35c58
  Set: 50 Way: 0 Address: 0x113201cb8
  Set: 50 Way: 1 Address: 0x263c13cb8
  Set: 51 Way: 0 Address: 0x2f5d8ecd8
  Set: 51 Way: 1 Address: 0x211d16cc8
  Set: 51 Way: 2 Address: 0x1ae2cccc8
  Set: 52 Way: 0 Address: 0x2db79ed00
  Set: 52 Way: 1 Address: 0x1064c2d00
  Set: 53 Way: 0 Address: 0x1aafb8d58
  Set: 53 Way: 1 Address: 0x1ab44d60
  Set: 53 Way: 2 Address: 0x2db79ed68
  Set: 54 Way: 0 Address: 0x1ab44d88
  Set: 54 Way: 1 Address: 0x1b0f15d88
  Set: 54 Way: 2 Address: 0x3bdd78d80
  Set: 54 Way: 3 Address: 0x272585d90
  Set: 55 Way: 0 Address: 0x113201dc0
  Set: 55 Way: 1 Address: 0x223edadc0
  Set: 56 Way: 0 Address: 0x23756fe2c
  Set: 56 Way: 1 Address: 0x32f48ce18
  Set: 57 Way: 0 Address: 0x34a0e5e78
  Set: 57 Way: 1 Address: 0x62d12e78
  Set: 58 Way: 0 Address: 0xc67dae8c
  Set: 59 Way: 0 Address: 0x1064c2ee8
  Set: 59 Way: 1 Address: 0x34a0e5ee8
  Set: 60 Way: 0 Address: 0x12c6fcf08
  Set: 60 Way: 1 Address: 0x3c1074f08
  Set: 61 Way: 0 Address: 0x113201f68
  Set: 61 Way: 1 Address: 0x1d89daf68
  Set: 61 Way: 2 Address: 0x32f48cf48
  Set: 62 Way: 0 Address: 0x201598f98
  Set: 62 Way: 1 Address: 0x143eff90
  Set: 62 Way: 2 Address: 0x2f5d8efb0
  Set: 63 Way: 0 Address: 0x3734eefc0
EndCache
Cache: cpu0_ITLB
  Set: 0 Way: 0 Address: 0x13b0fb6
  Set: 1 Way: 0 Address: 0x13b1008
  Set: 2 Way: 0 Address: 0x15f2450
  Set: 2 Way: 1 Address: 0x13b2083
  Set: 3 Way: 0 Address: 0x15f3be0
  Set: 5 Way: 0 Address: 0x1625fec
  Set: 6 Way: 0 Address: 0x1626670
  Set: 11 Way: 0 Address: 0x13abc69
  Set: 12 Way: 0 Address: 0x13ac003
EndCache
Cache: cpu0_DTLB
  Set: 0 Way: 0 Address: 0x4d30248
  Set: 0 Way: 1 Address: 0x49a001c
  Set: 0 Way: 2 Address: 0x4a50a7c
  Set: 0 Way: 3 Address: 0x4cf05cc
  Set: 1 Way: 0 Address: 0x17e180c
  Set: 3 Way: 0 Address: 0x1853b20
  Set: 3 Way: 1 Address: 0x16e388c
  Set: 3 Way: 2 Address: 0x7ffe2a673528
  Set: 4 Way: 0 Address: 0x1814388
  Set: 6 Way: 0 Address: 0x1766950
  Set: 7 Way: 0 Address: 0x17974b8
  Set: 7 Way: 1 Address: 0x16e77b4
  Set: 7 Way: 2 Address: 0x1767c58
  Set: 8 Way: 0 Address: 0x17b88fc
  Set: 9 Way: 0 Address: 0x1799a5c
  Set: 10 Way: 0 Address: 0x4caa6cc
  Set: 10 Way: 1 Address: 0x705ae2c
  Set: 10 Way: 2 Address: 0x4cea88c
  Set: 11 Way: 0 Address: 0x4cbbe8c
  Set: 13 Way: 0 Address: 0x17ed51c
  Set: 13 Way: 1 Address: 0x16dd704
  Set: 13 Way: 2 Address: 0x49ad97c
  Set: 13 Way: 3 Address: 0x49dd24c
  Set: 14 Way: 0 Address: 0x4d2ee18
  Set: 15 Way: 0 Address: 0x16dfa54
  Set: 15 Way: 1 Address: 0x4d2f668
  Set: 15 Way: 2 Address: 0x49cf8f0
EndCache
Cache: LLC
  Set: 0 Way: 0 Address: 0x28a940005
  Set: 1 Way: 0 Address: 0x28a940040
  Set: 2 Way: 0 Address: 0x28a940083
  Set: 3 Way: 0 Address: 0x28a9400c0
  Set: 4 Way: 0 Address: 0x28a940100
  Set: 5 Way: 0 Address: 0x28a940140
  Set: 6 Way: 0 Address: 0x28a940180
  Set: 7 Way: 0 Address: 0x28a9401c0
  Set: 8 Way: 0 Address: 0x28a940200
  Set: 9 Way: 0 Address: 0x28a940240
  Set: 10 Way: 0 Address: 0x28a940280
  Set: 11 Way: 0 Address: 0x342b402d0
  Set: 11 Way: 1 Address: 0x28a9402c0
  Set: 12 Way: 0 Address: 0x28a940300
  Set: 13 Way: 0 Address: 0x28a940340
  Set: 20 Way: 0 Address: 0x28a94053b
  Set: 21 Way: 0 Address: 0x6e620550
  Set: 21 Way: 1 Address: 0x28a940543
  Set: 38 Way: 0 Address: 0x6e620980
  Set: 65 Way: 0 Address: 0x2a4841060
  Set: 68 Way: 0 Address: 0x113201130
  Set: 68 Way: 1 Address: 0x2a4841130
  Set: 87 Way: 0 Address: 0x181c815cc
  Set: 92 Way: 0 Address: 0x113201738
  Set: 106 Way: 0 Address: 0xf6e81aa8
  Set: 107 Way: 0 Address: 0xf6e81ad4
  Set: 108 Way: 0 Address: 0xf6e81b10
  Set: 114 Way: 0 Address: 0x113201cb8
  Set: 119 Way: 0 Address: 0x113201dc0
  Set: 125 Way: 0 Address: 0x113201f68
  Set: 148 Way: 0 Address: 0x1c84e251c
  Set: 156 Way: 0 Address: 0x6d0c2718
  Set: 180 Way: 0 Address: 0x1064c2d00
  Set: 187 Way: 0 Address: 0x1064c2ee8
  Set: 192 Way: 0 Address: 0x3b080301c
  Set: 193 Way: 0 Address: 0x3b0803040
  Set: 286 Way: 0 Address: 0xb80047b4
  Set: 287 Way: 0 Address: 0xb80047c8
  Set: 309 Way: 0 Address: 0x1ab44d60
  Set: 310 Way: 0 Address: 0x1ab44d80
  Set: 374 Way: 0 Address: 0x272585d90
  Set: 377 Way: 0 Address: 0x34a0e5e78
  Set: 379 Way: 0 Address: 0x34a0e5ee8
  Set: 388 Way: 0 Address: 0x27d4c6128
  Set: 425 Way: 0 Address: 0x3d87a6a7c
  Set: 426 Way: 0 Address: 0x3d87a6a80
  Set: 428 Way: 0 Address: 0x3dae66b30
  Set: 485 Way: 0 Address: 0xbeea797c
  Set: 486 Way: 0 Address: 0xbeea7980
  Set: 490 Way: 0 Address: 0x309887a98
  Set: 599 Way: 0 Address: 0x2c87495d8
  Set: 599 Way: 1 Address: 0x2fa0c95d8
  Set: 610 Way: 0 Address: 0x2ee36988c
  Set: 611 Way: 0 Address: 0x2ee3698f0
  Set: 613 Way: 0 Address: 0x2c8749978
  Set: 613 Way: 1 Address: 0x2fa0c9970
  Set: 786 Way: 0 Address: 0x29484c4b8
  Set: 819 Way: 0 Address: 0x1ae2cccc8
  Set: 824 Way: 0 Address: 0x32f48ce18
  Set: 829 Way: 0 Address: 0x32f48cf48
  Set: 873 Way: 0 Address: 0x5588da54
  Set: 900 Way: 0 Address: 0x1c084e130
  Set: 923 Way: 0 Address: 0x2f5d8e6fc
  Set: 924 Way: 0 Address: 0x2f5d8e704
  Set: 947 Way: 0 Address: 0x2f5d8ecd8
  Set: 958 Way: 0 Address: 0x2f5d8efb0
  Set: 959 Way: 0 Address: 0x3734eefc0
  Set: 964 Way: 0 Address: 0x16390f128
  Set: 964 Way: 1 Address: 0x22272f120
  Set: 967 Way: 0 Address: 0x22272f1c0
  Set: 979 Way: 0 Address: 0xee86f4f0
  Set: 980 Way: 0 Address: 0xee86f500
  Set: 981 Way: 0 Address: 0xee86f554
  Set: 982 Way: 0 Address: 0xee86f5a0
  Set: 983 Way: 0 Address: 0xee86f5c0
  Set: 988 Way: 0 Address: 0xee86f720
  Set: 989 Way: 0 Address: 0xee86f750
  Set: 990 Way: 0 Address: 0xee86f7a4
  Set: 991 Way: 0 Address: 0xee86f7f0
  Set: 992 Way: 0 Address: 0xee86f810
  Set: 993 Way: 0 Address: 0xee86f870
  Set: 994 Way: 0 Address: 0xee86f890
  Set: 1016 Way: 0 Address: 0x23756fe2c
  Set: 1022 Way: 0 Address: 0x143eff90
  Set: 1033 Way: 0 Address: 0x168ef024c
  Set: 1051 Way: 0 Address: 0x14bb106cc
  Set: 1054 Way: 0 Address: 0x2177f0780
  Set: 1062 Way: 0 Address: 0x2177f0980
  Set: 1123 Way: 0 Address: 0x2600918f0
  Set: 1125 Way: 0 Address: 0x19c791970
  Set: 1152 Way: 0 Address: 0x133c92003
  Set: 1153 Way: 0 Address: 0x9cff2048
  Set: 1153 Way: 1 Address: 0x133c92040
  Set: 1154 Way: 0 Address: 0x133c92084
  Set: 1155 Way: 0 Address: 0x133c920c0
  Set: 1159 Way: 0 Address: 0x133c921d3
  Set: 1160 Way: 0 Address: 0x133c92200
  Set: 1161 Way: 0 Address: 0x133c92270
  Set: 1162 Way: 0 Address: 0x133c922bc
  Set: 1163 Way: 0 Address: 0x133c922c2
  Set: 1164 Way: 0 Address: 0x133c92301
  Set: 1165 Way: 0 Address: 0x133c92343
  Set: 1166 Way: 0 Address: 0x1995f2398
  Set: 1193 Way: 0 Address: 0x31be12a5c
  Set: 1209 Way: 0 Address: 0x62d12e78
  Set: 1217 Way: 0 Address: 0x34a873078
  Set: 1220 Way: 0 Address: 0x3c56b3128
  Set: 1222 Way: 0 Address: 0x34a8731a8
  Set: 1226 Way: 0 Address: 0x257713280
  Set: 1227 Way: 0 Address: 0x34a8732d8
  Set: 1236 Way: 0 Address: 0x34a873538
  Set: 1241 Way: 0 Address: 0x34a873668
  Set: 1243 Way: 0 Address: 0x3c56b36e8
  Set: 1244 Way: 0 Address: 0x3c56b3738
  Set: 1246 Way: 0 Address: 0x34a873798
  Set: 1253 Way: 0 Address: 0x2b2e93950
  Set: 1254 Way: 0 Address: 0x2b2e9398c
  Set: 1266 Way: 0 Address: 0x263c13cb8
  Set: 1272 Way: 0 Address: 0x3232f3e24
  Set: 1273 Way: 0 Address: 0x3232f3e7f
  Set: 1274 Way: 0 Address: 0x3232f3e82
  Set: 1275 Way: 0 Address: 0x3232f3ef4
  Set: 1276 Way: 0 Address: 0x3232f3f07
  Set: 1277 Way: 0 Address: 0x3232f3f42
  Set: 1278 Way: 0 Address: 0x3232f3f80
  Set: 1279 Way: 0 Address: 0x3232f3fc3
  Set: 1281 Way: 0 Address: 0x3de4d4050
  Set: 1282 Way: 0 Address: 0x1299340a0
  Set: 1290 Way: 0 Address: 0x129934298
  Set: 1307 Way: 0 Address: 0x3c10746f8
  Set: 1311 Way: 0 Address: 0x397bb47f8
  Set: 1340 Way: 0 Address: 0x3c1074f08
  Set: 1345 Way: 0 Address: 0x195f15058
  Set: 1348 Way: 0 Address: 0x354d3511c
  Set: 1362 Way: 0 Address: 0x354d354b0
  Set: 1363 Way: 0 Address: 0x354d354c0
  Set: 1370 Way: 0 Address: 0x354d35694
  Set: 1374 Way: 0 Address: 0x354d35780
  Set: 1393 Way: 0 Address: 0x354d35c58
  Set: 1398 Way: 0 Address: 0x1b0f15d88
  Set: 1421 Way: 0 Address: 0x84896378
  Set: 1422 Way: 0 Address: 0x84896394
  Set: 1435 Way: 0 Address: 0x211d166f8
  Set: 1443 Way: 0 Address: 0x437368fc
  Set: 1459 Way: 0 Address: 0x211d16cc8
  Set: 1504 Way: 0 Address: 0x276ff780c
  Set: 1536 Way: 0 Address: 0x2c9898008
  Set: 1537 Way: 0 Address: 0x2c9898040
  Set: 1538 Way: 0 Address: 0x2c9898080
  Set: 1539 Way: 0 Address: 0x2c98980c5
  Set: 1540 Way: 0 Address: 0x2c9898100
  Set: 1541 Way: 0 Address: 0x2c9898140
  Set: 1542 Way: 0 Address: 0x2c9898181
  Set: 1543 Way: 0 Address: 0x2c98981c3
  Set: 1544 Way: 0 Address: 0x2c9898204
  Set: 1545 Way: 0 Address: 0x2c9898240
  Set: 1546 Way: 0 Address: 0x2c9898283
  Set: 1547 Way: 0 Address: 0x2c98982c5
  Set: 1548 Way: 0 Address: 0x2c9898300
  Set: 1549 Way: 0 Address: 0x2c9898342
  Set: 1550 Way: 0 Address: 0x2c9898382
  Set: 1551 Way: 0 Address: 0x2c98983c1
  Set: 1552 Way: 0 Address: 0x2c9898400
  Set: 1553 Way: 0 Address: 0x2c9898440
  Set: 1554 Way: 0 Address: 0x2c9898480
  Set: 1555 Way: 0 Address: 0x2c98984c0
  Set: 1556 Way: 0 Address: 0x2c9898504
  Set: 1557 Way: 0 Address: 0x2c9898540
  Set: 1558 Way: 0 Address: 0x2c9898580
  Set: 1559 Way: 0 Address: 0x2c98985c0
  Set: 1560 Way: 0 Address: 0x2c9898600
  Set: 1561 Way: 0 Address: 0x2c9898640
  Set: 1562 Way: 0 Address: 0x2c9898680
  Set: 1563 Way: 0 Address: 0x2c98986c0
  Set: 1564 Way: 0 Address: 0x2c9898700
  Set: 1565 Way: 0 Address: 0x2c9898740
  Set: 1566 Way: 0 Address: 0x2c9898780
  Set: 1567 Way: 0 Address: 0x2c98987c0
  Set: 1568 Way: 0 Address: 0x2c9898800
  Set: 1569 Way: 0 Address: 0x2c9898840
  Set: 1570 Way: 0 Address: 0x2c9898880
  Set: 1571 Way: 0 Address: 0x2c98988c0
  Set: 1572 Way: 0 Address: 0x2c9898900
  Set: 1573 Way: 0 Address: 0x2c9898940
  Set: 1574 Way: 0 Address: 0x2c9898980
  Set: 1575 Way: 0 Address: 0x2c98989c0
  Set: 1576 Way: 0 Address: 0x2c9898a00
  Set: 1577 Way: 0 Address: 0x2c9898a40
  Set: 1578 Way: 0 Address: 0x2c9898a80
  Set: 1579 Way: 0 Address: 0x2c9898ac0
  Set: 1580 Way: 0 Address: 0x2c9898b00
  Set: 1581 Way: 0 Address: 0x2c9898b40
  Set: 1582 Way: 0 Address: 0x2c9898b80
  Set: 1583 Way: 0 Address: 0xc7078be0
  Set: 1583 Way: 1 Address: 0x2c9898bc0
  Set: 1584 Way: 0 Address: 0x2c9898c00
  Set: 1585 Way: 0 Address: 0x2c9898c40
  Set: 1586 Way: 0 Address: 0xc7078c9b
  Set: 1586 Way: 1 Address: 0x2c9898c80
  Set: 1587 Way: 0 Address: 0xc7078cfe
  Set: 1587 Way: 1 Address: 0x2c9898cc0
  Set: 1588 Way: 0 Address: 0x2c9898d00
  Set: 1589 Way: 0 Address: 0x1aafb8d58
  Set: 1589 Way: 1 Address: 0x2c9898d40
  Set: 1590 Way: 0 Address: 0x3bdd78d80
  Set: 1590 Way: 1 Address: 0x2c9898d80
  Set: 1591 Way: 0 Address: 0x2c9898dc0
  Set: 1592 Way: 0 Address: 0x2c9898e00
  Set: 1593 Way: 0 Address: 0x2c9898e40
  Set: 1594 Way: 0 Address: 0x2c9898e80
  Set: 1595 Way: 0 Address: 0x2c9898ec0
  Set: 1596 Way: 0 Address: 0x2c9898f00
  Set: 1597 Way: 0 Address: 0x2c9898f40
  Set: 1598 Way: 0 Address: 0x201598f98
  Set: 1598 Way: 1 Address: 0x2c9898f80
  Set: 1599 Way: 0 Address: 0x2c9898fc0
  Set: 1629 Way: 0 Address: 0x312099750
  Set: 1630 Way: 0 Address: 0x312099780
  Set: 1644 Way: 0 Address: 0x292959b30
  Set: 1645 Way: 0 Address: 0x292959b41
  Set: 1646 Way: 0 Address: 0x292959b82
  Set: 1647 Way: 0 Address: 0x292959bc2
  Set: 1648 Way: 0 Address: 0x292959c02
  Set: 1649 Way: 0 Address: 0x292959c69
  Set: 1650 Way: 0 Address: 0x292959c82
  Set: 1651 Way: 0 Address: 0x292959cc4
  Set: 1652 Way: 0 Address: 0x292959d02
  Set: 1653 Way: 0 Address: 0x292959d40
  Set: 1654 Way: 0 Address: 0x292959d80
  Set: 1655 Way: 0 Address: 0x292959dc0
  Set: 1656 Way: 0 Address: 0x292959e00
  Set: 1657 Way: 0 Address: 0x292959e45
  Set: 1658 Way: 0 Address: 0x292959e81
  Set: 1659 Way: 0 Address: 0x292959ec2
  Set: 1660 Way: 0 Address: 0x292959f00
  Set: 1661 Way: 0 Address: 0x292959f42
  Set: 1662 Way: 0 Address: 0x292959f80
  Set: 1663 Way: 0 Address: 0x292959fc1
  Set: 1664 Way: 0 Address: 0x229b9a000
  Set: 1719 Way: 0 Address: 0x223edadc0
  Set: 1722 Way: 0 Address: 0xc67dae8c
  Set: 1725 Way: 0 Address: 0x1d89daf68
  Set: 1732 Way: 0 Address: 0xc0d9b128
  Set: 1735 Way: 0 Address: 0xc0d9b1c0
  Set: 1737 Way: 0 Address: 0x3b377b248
  Set: 1745 Way: 0 Address: 0x394edb450
  Set: 1746 Way: 0 Address: 0x394edb490
  Set: 1747 Way: 0 Address: 0x394edb4c2
  Set: 1748 Way: 0 Address: 0x394edb502
  Set: 1749 Way: 0 Address: 0x394edb578
  Set: 1750 Way: 0 Address: 0x394edb580
  Set: 1751 Way: 0 Address: 0x394edb5e8
  Set: 1752 Way: 0 Address: 0x394edb603
  Set: 1753 Way: 0 Address: 0x394edb670
  Set: 1754 Way: 0 Address: 0x394edb680
  Set: 1757 Way: 0 Address: 0xcf83b750
  Set: 1765 Way: 0 Address: 0xcf83b978
  Set: 1792 Way: 0 Address: 0xdf85c000
  Set: 1819 Way: 0 Address: 0x12c6fc6e8
  Set: 1836 Way: 0 Address: 0x12c6fcb38
  Set: 1836 Way: 1 Address: 0x38e35cb38
  Set: 1852 Way: 0 Address: 0x12c6fcf08
  Set: 1858 Way: 0 Address: 0x1add0a0
  Set: 1914 Way: 0 Address: 0x23755deb0
  Set: 1915 Way: 0 Address: 0x23755dee8
  Set: 1916 Way: 0 Address: 0x23755df01
  Set: 1917 Way: 0 Address: 0x23755df60
  Set: 1918 Way: 0 Address: 0x23755df82
  Set: 1919 Way: 0 Address: 0x23755dfc0
  Set: 1920 Way: 0 Address: 0x28b67e000
  Set: 1920 Way: 1 Address: 0x1f919e000
  Set: 1921 Way: 0 Address: 0x1f919e050
  Set: 1923 Way: 0 Address: 0x1f919e0c8
  Set: 1924 Way: 0 Address: 0x1f919e100
  Set: 1928 Way: 0 Address: 0x1f919e220
  Set: 1929 Way: 0 Address: 0x1f919e242
  Set: 1930 Way: 0 Address: 0x1f919e281
  Set: 1931 Way: 0 Address: 0x1f919e2c2
  Set: 1932 Way: 0 Address: 0x1f919e301
  Set: 1933 Way: 0 Address: 0x1f919e370
  Set: 1934 Way: 0 Address: 0x1f919e3a0
  Set: 1936 Way: 0 Address: 0x1f919e430
  Set: 1937 Way: 0 Address: 0x1f919e447
  Set: 1938 Way: 0 Address: 0x1f919e481
  Set: 1939 Way: 0 Address: 0x1f919e4c1
  Set: 1940 Way: 0 Address: 0x1f919e507
  Set: 1941 Way: 0 Address: 0x1f919e541
  Set: 1942 Way: 0 Address: 0x1f919e582
  Set: 1943 Way: 0 Address: 0x1f919e5fc
  Set: 1944 Way: 0 Address: 0x1f919e603
  Set: 1945 Way: 0 Address: 0x1f919e641
  Set: 1946 Way: 0 Address: 0x1f919e681
  Set: 1947 Way: 0 Address: 0x1f919e6c1
  Set: 1948 Way: 0 Address: 0x1f919e703
  Set: 1949 Way: 0 Address: 0x1f919e742
  Set: 1950 Way: 0 Address: 0x1f919e7b0
  Set: 1951 Way: 0 Address: 0x1f919e7c1
  Set: 1951 Way: 1 Address: 0x28b67e7f8
  Set: 1952 Way: 0 Address: 0x1f919e800
  Set: 1954 Way: 0 Address: 0x20597e88c
  Set: 1972 Way: 0 Address: 0x2db79ed00
  Set: 1973 Way: 0 Address: 0x2db79ed68
EndCache
