Cache: cpu0_STLB
  Set: 2 Way: 0 Address: 0x48266b
  Set: 2 Way: 1 Address: 0x5026f8
  Set: 2 Way: 2 Address: 0x402a12
  Set: 3 Way: 0 Address: 0x503268
  Set: 4 Way: 0 Address: 0x5044c8
  Set: 31 Way: 0 Address: 0x7ffe85f9f048
  Set: 54 Way: 0 Address: 0x936ae0
  Set: 55 Way: 0 Address: 0x937000
  Set: 56 Way: 0 Address: 0x938000
  Set: 57 Way: 0 Address: 0x939000
  Set: 63 Way: 0 Address: 0x73fd88
  Set: 111 Way: 0 Address: 0x8ef0d8
  Set: 112 Way: 0 Address: 0x8f0000
  Set: 113 Way: 0 Address: 0x4f1e30
  Set: 113 Way: 1 Address: 0x8f1000
  Set: 114 Way: 0 Address: 0x8f2000
  Set: 121 Way: 0 Address: 0x4f9a00
  Set: 122 Way: 0 Address: 0x47a792
  Set: 122 Way: 1 Address: 0x4fa8e0
EndCache
Cache: cpu0_L2C
  Set: 64 Way: 0 Address: 0x113201010
  Set: 64 Way: 1 Address: 0x2a4841010
  Set: 79 Way: 0 Address: 0x1132013d0
  Set: 80 Way: 0 Address: 0x113201410
  Set: 94 Way: 0 Address: 0xf6e81788
  Set: 95 Way: 0 Address: 0x1132017c8
  Set: 96 Way: 0 Address: 0x113201810
  Set: 155 Way: 0 Address: 0x1c84e26f8
  Set: 156 Way: 0 Address: 0x1c84e2700
  Set: 157 Way: 0 Address: 0x1c84e2740
  Set: 160 Way: 0 Address: 0x9cff2818
  Set: 160 Way: 1 Address: 0x1c84e2800
  Set: 161 Way: 0 Address: 0x1c84e2840
  Set: 162 Way: 0 Address: 0x1c84e2880
  Set: 163 Way: 0 Address: 0x1c84e28c0
  Set: 163 Way: 1 Address: 0x6d0c28e0
  Set: 184 Way: 0 Address: 0x1995f2e30
  Set: 192 Way: 0 Address: 0x2b2e93000
  Set: 193 Way: 0 Address: 0x2b2e93040
  Set: 194 Way: 0 Address: 0x2b2e93080
  Set: 195 Way: 0 Address: 0x2b2e930c0
  Set: 196 Way: 0 Address: 0x2b2e93100
  Set: 197 Way: 0 Address: 0x2b2e93140
  Set: 198 Way: 0 Address: 0x2b2e93180
  Set: 199 Way: 0 Address: 0x2b2e931c0
  Set: 200 Way: 0 Address: 0x2b2e93200
  Set: 201 Way: 0 Address: 0x2b2e93240
  Set: 202 Way: 0 Address: 0x2b2e93280
  Set: 203 Way: 0 Address: 0x2b2e932c0
  Set: 204 Way: 0 Address: 0x2b2e93300
  Set: 205 Way: 0 Address: 0x2b2e93340
  Set: 206 Way: 0 Address: 0x2b2e93380
  Set: 207 Way: 0 Address: 0x263c133d0
  Set: 207 Way: 1 Address: 0x2b2e933c0
  Set: 208 Way: 0 Address: 0x2b2e93400
  Set: 209 Way: 0 Address: 0x2b2e93440
  Set: 210 Way: 0 Address: 0x2b2e93480
  Set: 211 Way: 0 Address: 0x2b2e934c0
  Set: 212 Way: 0 Address: 0x2b2e93500
  Set: 213 Way: 0 Address: 0x2b2e93540
  Set: 214 Way: 0 Address: 0x2b2e93580
  Set: 215 Way: 0 Address: 0x2b2e935c0
  Set: 216 Way: 0 Address: 0x2b2e93600
  Set: 217 Way: 0 Address: 0x2b2e93640
  Set: 218 Way: 0 Address: 0x2b2e93680
  Set: 219 Way: 0 Address: 0x2b2e936c0
  Set: 220 Way: 0 Address: 0x2b2e93700
  Set: 221 Way: 0 Address: 0x2b2e93740
  Set: 222 Way: 0 Address: 0x2b2e93780
  Set: 223 Way: 0 Address: 0x3c56b37f8
  Set: 223 Way: 1 Address: 0x2b2e937c0
  Set: 224 Way: 0 Address: 0x2b2e93800
  Set: 225 Way: 0 Address: 0x2b2e93840
  Set: 226 Way: 0 Address: 0x2b2e93880
  Set: 227 Way: 0 Address: 0x2b2e938c0
  Set: 228 Way: 0 Address: 0x2b2e93900
  Set: 229 Way: 0 Address: 0x2b2e93940
  Set: 230 Way: 0 Address: 0x2b2e93980
  Set: 231 Way: 0 Address: 0x2b2e939c0
  Set: 232 Way: 0 Address: 0x2b2e93a00
  Set: 233 Way: 0 Address: 0x2b2e93a40
  Set: 234 Way: 0 Address: 0x2b2e93a80
  Set: 235 Way: 0 Address: 0x2b2e93ac0
  Set: 236 Way: 0 Address: 0x2b2e93b00
  Set: 237 Way: 0 Address: 0x2b2e93b40
  Set: 238 Way: 0 Address: 0x2b2e93b80
  Set: 239 Way: 0 Address: 0x2b2e93bc0
  Set: 240 Way: 0 Address: 0x2b2e93c00
  Set: 241 Way: 0 Address: 0x2b2e93c40
  Set: 242 Way: 0 Address: 0x2b2e93c80
  Set: 243 Way: 0 Address: 0x2b2e93cc0
  Set: 244 Way: 0 Address: 0x2b2e93d00
  Set: 245 Way: 0 Address: 0x2b2e93d40
  Set: 246 Way: 0 Address: 0x2b2e93d80
  Set: 247 Way: 0 Address: 0x2b2e93dc0
  Set: 248 Way: 0 Address: 0x2b2e93e00
  Set: 249 Way: 0 Address: 0x2b2e93e40
  Set: 250 Way: 0 Address: 0x2b2e93e80
  Set: 251 Way: 0 Address: 0x2b2e93ec0
  Set: 252 Way: 0 Address: 0x2b2e93f00
  Set: 253 Way: 0 Address: 0x2b2e93f40
  Set: 254 Way: 0 Address: 0x2b2e93f80
  Set: 255 Way: 0 Address: 0x2b2e93fc0
  Set: 256 Way: 0 Address: 0xb8004018
  Set: 256 Way: 1 Address: 0x1ab44000
  Set: 257 Way: 0 Address: 0x1ab44040
  Set: 258 Way: 0 Address: 0x1ab44080
  Set: 259 Way: 0 Address: 0x1ab440c0
  Set: 260 Way: 0 Address: 0x1ab44100
  Set: 261 Way: 0 Address: 0x1ab44140
  Set: 262 Way: 0 Address: 0x1ab44180
  Set: 263 Way: 0 Address: 0x1ab441c0
  Set: 264 Way: 0 Address: 0x1ab44200
  Set: 265 Way: 0 Address: 0x1ab44240
  Set: 266 Way: 0 Address: 0x1ab44280
  Set: 267 Way: 0 Address: 0x1ab442c0
  Set: 268 Way: 0 Address: 0x1ab44300
  Set: 269 Way: 0 Address: 0x1ab44340
  Set: 270 Way: 0 Address: 0x1ab44380
  Set: 271 Way: 0 Address: 0x1ab443c0
  Set: 272 Way: 0 Address: 0x1ab44400
  Set: 273 Way: 0 Address: 0x1ab44440
  Set: 274 Way: 0 Address: 0x1ab44480
  Set: 275 Way: 0 Address: 0x1299344c8
  Set: 286 Way: 0 Address: 0x397bb4792
  Set: 286 Way: 1 Address: 0x3c1074780
  Set: 287 Way: 0 Address: 0x397bb47c0
  Set: 288 Way: 0 Address: 0x3de4d4810
  Set: 295 Way: 0 Address: 0x3c10749c0
  Set: 313 Way: 0 Address: 0x397bb4e40
  Set: 320 Way: 0 Address: 0x195f15010
  Set: 350 Way: 0 Address: 0x354d35788
  Set: 359 Way: 0 Address: 0x354d359c0
  Set: 384 Way: 0 Address: 0x211d16000
  Set: 385 Way: 0 Address: 0x211d16040
  Set: 386 Way: 0 Address: 0x211d16080
  Set: 387 Way: 0 Address: 0x211d160c0
  Set: 388 Way: 0 Address: 0x211d16100
  Set: 389 Way: 0 Address: 0x211d16140
  Set: 390 Way: 0 Address: 0x211d16180
  Set: 391 Way: 0 Address: 0x211d161c0
  Set: 392 Way: 0 Address: 0x211d16200
  Set: 393 Way: 0 Address: 0x211d16240
  Set: 394 Way: 0 Address: 0x211d16280
  Set: 395 Way: 0 Address: 0x211d162c0
  Set: 396 Way: 0 Address: 0x211d16300
  Set: 397 Way: 0 Address: 0x211d16340
  Set: 398 Way: 0 Address: 0x211d16380
  Set: 399 Way: 0 Address: 0x211d163c0
  Set: 400 Way: 0 Address: 0x211d16400
  Set: 401 Way: 0 Address: 0x211d16440
  Set: 402 Way: 0 Address: 0x211d16480
  Set: 403 Way: 0 Address: 0x211d164c0
  Set: 404 Way: 0 Address: 0x211d16500
  Set: 405 Way: 0 Address: 0x211d16540
  Set: 406 Way: 0 Address: 0x211d16580
  Set: 407 Way: 0 Address: 0x211d165c0
  Set: 408 Way: 0 Address: 0x211d16600
  Set: 409 Way: 0 Address: 0x211d16640
  Set: 410 Way: 0 Address: 0x211d16680
  Set: 411 Way: 0 Address: 0x211d166c0
  Set: 412 Way: 0 Address: 0x211d16700
  Set: 413 Way: 0 Address: 0x211d16740
  Set: 414 Way: 0 Address: 0x3dae66780
  Set: 414 Way: 1 Address: 0x211d16780
  Set: 414 Way: 2 Address: 0x84896790
  Set: 415 Way: 0 Address: 0x211d167c0
  Set: 416 Way: 0 Address: 0x211d16800
  Set: 417 Way: 0 Address: 0x211d16840
  Set: 418 Way: 0 Address: 0x211d16880
  Set: 419 Way: 0 Address: 0x211d168c0
  Set: 420 Way: 0 Address: 0x211d16900
  Set: 421 Way: 0 Address: 0x211d16940
  Set: 422 Way: 0 Address: 0x3dae669b8
  Set: 422 Way: 1 Address: 0x211d16980
  Set: 423 Way: 0 Address: 0x848969c8
  Set: 423 Way: 1 Address: 0x211d169c0
  Set: 424 Way: 0 Address: 0x211d16a00
  Set: 425 Way: 0 Address: 0x211d16a40
  Set: 426 Way: 0 Address: 0x211d16a80
  Set: 427 Way: 0 Address: 0x211d16ac0
  Set: 428 Way: 0 Address: 0x211d16b00
  Set: 429 Way: 0 Address: 0x211d16b40
  Set: 430 Way: 0 Address: 0x211d16b80
  Set: 431 Way: 0 Address: 0x211d16bc0
  Set: 432 Way: 0 Address: 0x211d16c00
  Set: 433 Way: 0 Address: 0x211d16c40
  Set: 434 Way: 0 Address: 0x211d16c80
  Set: 435 Way: 0 Address: 0x211d16cc0
  Set: 436 Way: 0 Address: 0x211d16d00
  Set: 447 Way: 0 Address: 0x43736fd0
  Set: 478 Way: 0 Address: 0x276ff7788
  Set: 487 Way: 0 Address: 0x3098879f8
  Set: 487 Way: 1 Address: 0x276ff79c8
  Set: 521 Way: 0 Address: 0x201598268
  Set: 543 Way: 0 Address: 0xc70787d0
  Set: 550 Way: 0 Address: 0x1aafb89ad
  Set: 551 Way: 0 Address: 0x1aafb89e0
  Set: 552 Way: 0 Address: 0x1aafb8a12
  Set: 553 Way: 0 Address: 0x1aafb8a40
  Set: 576 Way: 0 Address: 0x292959020
  Set: 576 Way: 1 Address: 0x2ee369028
  Set: 577 Way: 0 Address: 0x2ee369048
  Set: 580 Way: 0 Address: 0x2ee369130
  Set: 581 Way: 0 Address: 0x2ee369158
  Set: 582 Way: 0 Address: 0x2ee3691a8
  Set: 585 Way: 0 Address: 0x2ee369278
  Set: 586 Way: 0 Address: 0x2ee369280
  Set: 588 Way: 0 Address: 0x2ee369338
  Set: 640 Way: 0 Address: 0x229b9a000
  Set: 670 Way: 0 Address: 0x223eda788
  Set: 671 Way: 0 Address: 0x1d89da7c8
  Set: 671 Way: 1 Address: 0x223eda7d0
  Set: 672 Way: 0 Address: 0x223eda820
  Set: 704 Way: 0 Address: 0x394edb000
  Set: 705 Way: 0 Address: 0x394edb040
  Set: 706 Way: 0 Address: 0x394edb080
  Set: 707 Way: 0 Address: 0x394edb0c0
  Set: 708 Way: 0 Address: 0x394edb100
  Set: 709 Way: 0 Address: 0x394edb140
  Set: 710 Way: 0 Address: 0x394edb180
  Set: 711 Way: 0 Address: 0x394edb1c0
  Set: 712 Way: 0 Address: 0x394edb200
  Set: 713 Way: 0 Address: 0x394edb240
  Set: 714 Way: 0 Address: 0x394edb280
  Set: 715 Way: 0 Address: 0x394edb2c0
  Set: 716 Way: 0 Address: 0x394edb300
  Set: 717 Way: 0 Address: 0x394edb340
  Set: 718 Way: 0 Address: 0x394edb380
  Set: 719 Way: 0 Address: 0x394edb3c0
  Set: 720 Way: 0 Address: 0x394edb400
  Set: 721 Way: 0 Address: 0x394edb440
  Set: 722 Way: 0 Address: 0x394edb480
  Set: 723 Way: 0 Address: 0x394edb4c0
  Set: 724 Way: 0 Address: 0x394edb500
  Set: 725 Way: 0 Address: 0x394edb540
  Set: 726 Way: 0 Address: 0x394edb580
  Set: 727 Way: 0 Address: 0x394edb5c0
  Set: 728 Way: 0 Address: 0x394edb600
  Set: 729 Way: 0 Address: 0x394edb640
  Set: 730 Way: 0 Address: 0x394edb680
  Set: 731 Way: 0 Address: 0x394edb6c0
  Set: 732 Way: 0 Address: 0x394edb700
  Set: 733 Way: 0 Address: 0x394edb740
  Set: 734 Way: 0 Address: 0x394edb780
  Set: 735 Way: 0 Address: 0x394edb7c0
  Set: 736 Way: 0 Address: 0x394edb800
  Set: 737 Way: 0 Address: 0x394edb840
  Set: 738 Way: 0 Address: 0x394edb880
  Set: 739 Way: 0 Address: 0x394edb8c0
  Set: 740 Way: 0 Address: 0x394edb900
  Set: 741 Way: 0 Address: 0x394edb940
  Set: 742 Way: 0 Address: 0x394edb980
  Set: 743 Way: 0 Address: 0x394edb9c0
  Set: 744 Way: 0 Address: 0x394edba00
  Set: 745 Way: 0 Address: 0x394edba40
  Set: 746 Way: 0 Address: 0x394edba80
  Set: 747 Way: 0 Address: 0x394edbac0
  Set: 748 Way: 0 Address: 0x394edbb00
  Set: 749 Way: 0 Address: 0x394edbb40
  Set: 750 Way: 0 Address: 0x394edbb80
  Set: 751 Way: 0 Address: 0x394edbbc0
  Set: 752 Way: 0 Address: 0x394edbc00
  Set: 753 Way: 0 Address: 0x394edbc40
  Set: 754 Way: 0 Address: 0x394edbc80
  Set: 755 Way: 0 Address: 0x394edbcc0
  Set: 756 Way: 0 Address: 0x394edbd00
  Set: 757 Way: 0 Address: 0x394edbd40
  Set: 758 Way: 0 Address: 0x394edbd80
  Set: 759 Way: 0 Address: 0x394edbdc0
  Set: 760 Way: 0 Address: 0x394edbe00
  Set: 761 Way: 0 Address: 0x394edbe40
  Set: 762 Way: 0 Address: 0x394edbe80
  Set: 763 Way: 0 Address: 0x394edbec0
  Set: 764 Way: 0 Address: 0x394edbf00
  Set: 765 Way: 0 Address: 0x394edbf40
  Set: 766 Way: 0 Address: 0x394edbf80
  Set: 767 Way: 0 Address: 0x394edbfc0
  Set: 768 Way: 0 Address: 0xdf85c000
  Set: 768 Way: 1 Address: 0x38e35c000
  Set: 769 Way: 0 Address: 0x38e35c040
  Set: 770 Way: 0 Address: 0x38e35c080
  Set: 771 Way: 0 Address: 0x38e35c0c0
  Set: 772 Way: 0 Address: 0x38e35c100
  Set: 773 Way: 0 Address: 0x38e35c140
  Set: 774 Way: 0 Address: 0x38e35c180
  Set: 775 Way: 0 Address: 0x38e35c1c0
  Set: 776 Way: 0 Address: 0x38e35c200
  Set: 777 Way: 0 Address: 0x38e35c240
  Set: 778 Way: 0 Address: 0x38e35c280
  Set: 779 Way: 0 Address: 0x38e35c2c0
  Set: 780 Way: 0 Address: 0x38e35c300
  Set: 781 Way: 0 Address: 0x38e35c340
  Set: 782 Way: 0 Address: 0x38e35c380
  Set: 783 Way: 0 Address: 0x38e35c3c0
  Set: 784 Way: 0 Address: 0x38e35c400
  Set: 785 Way: 0 Address: 0x38e35c440
  Set: 786 Way: 0 Address: 0x38e35c480
  Set: 787 Way: 0 Address: 0x38e35c4c0
  Set: 788 Way: 0 Address: 0x38e35c500
  Set: 789 Way: 0 Address: 0x38e35c540
  Set: 790 Way: 0 Address: 0x38e35c580
  Set: 791 Way: 0 Address: 0x38e35c5c0
  Set: 792 Way: 0 Address: 0x38e35c600
  Set: 793 Way: 0 Address: 0x38e35c640
  Set: 794 Way: 0 Address: 0x38e35c680
  Set: 795 Way: 0 Address: 0x38e35c6c0
  Set: 796 Way: 0 Address: 0x38e35c700
  Set: 797 Way: 0 Address: 0x12c6fc778
  Set: 797 Way: 1 Address: 0x38e35c740
  Set: 798 Way: 0 Address: 0x38e35c780
  Set: 799 Way: 0 Address: 0x38e35c7c0
  Set: 800 Way: 0 Address: 0x38e35c800
  Set: 801 Way: 0 Address: 0x38e35c840
  Set: 802 Way: 0 Address: 0x38e35c880
  Set: 803 Way: 0 Address: 0x38e35c8c0
  Set: 804 Way: 0 Address: 0x38e35c900
  Set: 805 Way: 0 Address: 0x38e35c940
  Set: 806 Way: 0 Address: 0x12c6fc9b0
  Set: 806 Way: 1 Address: 0x38e35c980
  Set: 807 Way: 0 Address: 0x38e35c9c0
  Set: 808 Way: 0 Address: 0x29484ca00
  Set: 808 Way: 1 Address: 0x38e35ca00
  Set: 809 Way: 0 Address: 0x38e35ca40
  Set: 810 Way: 0 Address: 0x38e35ca80
  Set: 811 Way: 0 Address: 0x38e35cac0
  Set: 812 Way: 0 Address: 0x38e35cb00
  Set: 813 Way: 0 Address: 0x38e35cb40
  Set: 814 Way: 0 Address: 0x38e35cb80
  Set: 815 Way: 0 Address: 0x38e35cbc0
  Set: 816 Way: 0 Address: 0x38e35cc00
  Set: 817 Way: 0 Address: 0x38e35cc40
  Set: 818 Way: 0 Address: 0x38e35cc80
  Set: 819 Way: 0 Address: 0x38e35ccc0
  Set: 820 Way: 0 Address: 0x38e35cd00
  Set: 821 Way: 0 Address: 0x38e35cd40
  Set: 822 Way: 0 Address: 0x38e35cd80
  Set: 823 Way: 0 Address: 0x38e35cdc0
  Set: 824 Way: 0 Address: 0x38e35ce00
  Set: 825 Way: 0 Address: 0x38e35ce40
  Set: 826 Way: 0 Address: 0x38e35ce80
  Set: 827 Way: 0 Address: 0x38e35cec0
  Set: 828 Way: 0 Address: 0x38e35cf00
  Set: 829 Way: 0 Address: 0x38e35cf40
  Set: 830 Way: 0 Address: 0x38e35cf80
  Set: 831 Way: 0 Address: 0x38e35cfc0
  Set: 832 Way: 0 Address: 0x1add000
  Set: 833 Way: 0 Address: 0x1add040
  Set: 834 Way: 0 Address: 0x1add080
  Set: 835 Way: 0 Address: 0x1add0c0
  Set: 836 Way: 0 Address: 0x1add100
  Set: 837 Way: 0 Address: 0x1add140
  Set: 838 Way: 0 Address: 0x1add180
  Set: 839 Way: 0 Address: 0x1add1c0
  Set: 840 Way: 0 Address: 0x1add200
  Set: 841 Way: 0 Address: 0x1add240
  Set: 842 Way: 0 Address: 0x1add280
  Set: 843 Way: 0 Address: 0x1add2c0
  Set: 844 Way: 0 Address: 0x1add300
  Set: 845 Way: 0 Address: 0x1add340
  Set: 846 Way: 0 Address: 0x1add380
  Set: 847 Way: 0 Address: 0x1add3c0
  Set: 848 Way: 0 Address: 0x1add400
  Set: 849 Way: 0 Address: 0x1add440
  Set: 850 Way: 0 Address: 0x1add480
  Set: 851 Way: 0 Address: 0x1add4c0
  Set: 852 Way: 0 Address: 0x1add500
  Set: 853 Way: 0 Address: 0x1add540
  Set: 854 Way: 0 Address: 0x1add580
  Set: 855 Way: 0 Address: 0x1add5c0
  Set: 856 Way: 0 Address: 0x1add600
  Set: 857 Way: 0 Address: 0x1add640
  Set: 858 Way: 0 Address: 0x1add680
  Set: 859 Way: 0 Address: 0x1add6c0
  Set: 860 Way: 0 Address: 0x1add700
  Set: 861 Way: 0 Address: 0x1add740
  Set: 862 Way: 0 Address: 0x1add780
  Set: 862 Way: 1 Address: 0x5588d790
  Set: 863 Way: 0 Address: 0x1add7c0
  Set: 864 Way: 0 Address: 0x1add800
  Set: 865 Way: 0 Address: 0x1add840
  Set: 866 Way: 0 Address: 0x1add880
  Set: 867 Way: 0 Address: 0x1add8c0
  Set: 868 Way: 0 Address: 0x1add900
  Set: 869 Way: 0 Address: 0x1add940
  Set: 870 Way: 0 Address: 0x1add980
  Set: 871 Way: 0 Address: 0x1add9c0
  Set: 872 Way: 0 Address: 0x1adda00
  Set: 873 Way: 0 Address: 0x1adda40
  Set: 874 Way: 0 Address: 0x1adda80
  Set: 875 Way: 0 Address: 0x1addac0
  Set: 876 Way: 0 Address: 0x1addb00
  Set: 877 Way: 0 Address: 0x1addb40
  Set: 878 Way: 0 Address: 0x1addb80
  Set: 879 Way: 0 Address: 0x1addbc0
  Set: 880 Way: 0 Address: 0x1addc00
  Set: 881 Way: 0 Address: 0x1addc40
  Set: 882 Way: 0 Address: 0x1addc80
  Set: 883 Way: 0 Address: 0x1addcc0
  Set: 884 Way: 0 Address: 0x1addd00
  Set: 885 Way: 0 Address: 0x1addd40
  Set: 886 Way: 0 Address: 0x23755dd88
  Set: 886 Way: 1 Address: 0x1addd80
  Set: 887 Way: 0 Address: 0x1adddc0
  Set: 888 Way: 0 Address: 0x1adde00
  Set: 889 Way: 0 Address: 0x1adde40
  Set: 890 Way: 0 Address: 0x1adde80
  Set: 891 Way: 0 Address: 0x1addec0
  Set: 892 Way: 0 Address: 0x1addf00
  Set: 893 Way: 0 Address: 0x1addf40
  Set: 894 Way: 0 Address: 0x1addf80
  Set: 895 Way: 0 Address: 0x1addfc0
  Set: 896 Way: 0 Address: 0x28b67e000
  Set: 899 Way: 0 Address: 0x2f5d8e0d8
  Set: 900 Way: 0 Address: 0x2f5d8e100
  Set: 901 Way: 0 Address: 0x3734ee178
  Set: 901 Way: 1 Address: 0x2f5d8e140
  Set: 902 Way: 0 Address: 0x2f5d8e180
  Set: 903 Way: 0 Address: 0x2f5d8e1c0
  Set: 904 Way: 0 Address: 0x2f5d8e200
  Set: 905 Way: 0 Address: 0x2f5d8e240
  Set: 906 Way: 0 Address: 0x2f5d8e280
  Set: 907 Way: 0 Address: 0x2f5d8e2c0
  Set: 908 Way: 0 Address: 0x2f5d8e300
  Set: 909 Way: 0 Address: 0x2f5d8e340
  Set: 910 Way: 0 Address: 0x2f5d8e380
  Set: 911 Way: 0 Address: 0x2f5d8e3c0
  Set: 912 Way: 0 Address: 0x2f5d8e400
  Set: 913 Way: 0 Address: 0x2f5d8e440
  Set: 914 Way: 0 Address: 0x2f5d8e480
  Set: 915 Way: 0 Address: 0x2f5d8e4c0
  Set: 916 Way: 0 Address: 0x2f5d8e500
  Set: 917 Way: 0 Address: 0x2f5d8e540
  Set: 918 Way: 0 Address: 0x2f5d8e580
  Set: 919 Way: 0 Address: 0x2f5d8e5c0
  Set: 920 Way: 0 Address: 0x1f919e630
  Set: 920 Way: 1 Address: 0x2f5d8e600
  Set: 921 Way: 0 Address: 0x1f919e66b
  Set: 921 Way: 1 Address: 0x2f5d8e640
  Set: 922 Way: 0 Address: 0x1f919e681
  Set: 922 Way: 1 Address: 0x2f5d8e680
  Set: 923 Way: 0 Address: 0x1f919e6c0
  Set: 923 Way: 1 Address: 0x2f5d8e6c0
  Set: 924 Way: 0 Address: 0x1f919e701
  Set: 924 Way: 1 Address: 0x2f5d8e700
  Set: 925 Way: 0 Address: 0x1f919e743
  Set: 925 Way: 1 Address: 0x2f5d8e740
  Set: 926 Way: 0 Address: 0x1f919e783
  Set: 926 Way: 1 Address: 0x2f5d8e780
  Set: 927 Way: 0 Address: 0x28b67e7f8
  Set: 927 Way: 1 Address: 0x2f5d8e7c0
  Set: 928 Way: 0 Address: 0x2f5d8e800
  Set: 929 Way: 0 Address: 0x2f5d8e840
  Set: 930 Way: 0 Address: 0x2f5d8e880
  Set: 931 Way: 0 Address: 0x2f5d8e8c0
  Set: 932 Way: 0 Address: 0x2f5d8e900
  Set: 933 Way: 0 Address: 0x2f5d8e940
  Set: 934 Way: 0 Address: 0x2f5d8e980
  Set: 935 Way: 0 Address: 0x2f5d8e9c0
  Set: 936 Way: 0 Address: 0x2f5d8ea00
  Set: 937 Way: 0 Address: 0x2f5d8ea40
  Set: 938 Way: 0 Address: 0x2f5d8ea80
  Set: 939 Way: 0 Address: 0x2f5d8eac0
  Set: 940 Way: 0 Address: 0x2f5d8eb00
  Set: 941 Way: 0 Address: 0x2f5d8eb40
  Set: 942 Way: 0 Address: 0x2f5d8eb80
  Set: 943 Way: 0 Address: 0x2f5d8ebc0
  Set: 944 Way: 0 Address: 0x2f5d8ec00
  Set: 945 Way: 0 Address: 0x2f5d8ec40
  Set: 946 Way: 0 Address: 0x2f5d8ec80
  Set: 947 Way: 0 Address: 0x2f5d8ecc0
  Set: 948 Way: 0 Address: 0x2f5d8ed00
  Set: 949 Way: 0 Address: 0x2f5d8ed40
  Set: 950 Way: 0 Address: 0x2f5d8ed80
  Set: 951 Way: 0 Address: 0x2f5d8edc0
  Set: 952 Way: 0 Address: 0x2f5d8ee00
  Set: 953 Way: 0 Address: 0x2f5d8ee40
  Set: 954 Way: 0 Address: 0x2f5d8ee80
  Set: 955 Way: 0 Address: 0x2f5d8eec0
  Set: 956 Way: 0 Address: 0x2f5d8ef00
  Set: 957 Way: 0 Address: 0x2f5d8ef40
  Set: 958 Way: 0 Address: 0x2f5d8ef80
  Set: 959 Way: 0 Address: 0x2f5d8efc0
  Set: 998 Way: 0 Address: 0xee86f9b0
  Set: 1003 Way: 0 Address: 0x143efae0
  Set: 1004 Way: 0 Address: 0x143efb00
  Set: 1005 Way: 0 Address: 0x143efb40
  Set: 1006 Way: 0 Address: 0x143efb80
  Set: 1007 Way: 0 Address: 0x143efbc0
  Set: 1008 Way: 0 Address: 0x143efc00
  Set: 1009 Way: 0 Address: 0x143efc40
  Set: 1010 Way: 0 Address: 0x143efc80
  Set: 1011 Way: 0 Address: 0x16390fcf8
  Set: 1011 Way: 1 Address: 0x143efcc0
  Set: 1012 Way: 0 Address: 0x143efd00
  Set: 1013 Way: 0 Address: 0x143efd40
  Set: 1014 Way: 0 Address: 0x143efd80
  Set: 1015 Way: 0 Address: 0x143efdc0
  Set: 1016 Way: 0 Address: 0x143efe00
  Set: 1017 Way: 0 Address: 0x143efe40
  Set: 1018 Way: 0 Address: 0x143efe80
  Set: 1019 Way: 0 Address: 0x143efec0
  Set: 1020 Way: 0 Address: 0x143eff00
  Set: 1021 Way: 0 Address: 0x143eff40
  Set: 1022 Way: 0 Address: 0x143eff80
  Set: 1023 Way: 0 Address: 0x143effc0
EndCache
Cache: cpu0_L1I
  Set: 24 Way: 0 Address: 0x1f919e630
  Set: 25 Way: 0 Address: 0x1f919e66b
  Set: 26 Way: 0 Address: 0x1f919e6ae
  Set: 27 Way: 0 Address: 0x1f919e6dc
  Set: 28 Way: 0 Address: 0x1f919e73f
  Set: 29 Way: 0 Address: 0x1f919e76f
  Set: 30 Way: 0 Address: 0x1f919e79f
  Set: 30 Way: 1 Address: 0x397bb4780
  Set: 31 Way: 0 Address: 0x397bb47c0
  Set: 38 Way: 0 Address: 0x1aafb89ad
  Set: 39 Way: 0 Address: 0x1aafb89e0
  Set: 40 Way: 0 Address: 0x1aafb8a01
  Set: 41 Way: 0 Address: 0x1aafb8a40
  Set: 57 Way: 0 Address: 0x397bb4e40
EndCache
Cache: cpu0_L1D
  Set: 0 Way: 0 Address: 0x1add000
  Set: 0 Way: 1 Address: 0x211d16038
  Set: 0 Way: 2 Address: 0x1ab44000
  Set: 0 Way: 3 Address: 0x195f15010
  Set: 0 Way: 4 Address: 0x113201010
  Set: 0 Way: 5 Address: 0x2a4841010
  Set: 0 Way: 6 Address: 0xb8004018
  Set: 0 Way: 7 Address: 0x292959020
  Set: 0 Way: 8 Address: 0x2ee369028
  Set: 0 Way: 9 Address: 0x38e35c038
  Set: 0 Way: 10 Address: 0x394edb000
  Set: 0 Way: 11 Address: 0x2b2e93038
  Set: 1 Way: 0 Address: 0x2ee369078
  Set: 1 Way: 1 Address: 0x38e35c078
  Set: 1 Way: 2 Address: 0x394edb040
  Set: 1 Way: 3 Address: 0x2b2e93078
  Set: 1 Way: 4 Address: 0x1add040
  Set: 1 Way: 5 Address: 0x211d16078
  Set: 1 Way: 6 Address: 0x1ab44040
  Set: 2 Way: 0 Address: 0x38e35c098
  Set: 2 Way: 1 Address: 0x394edb080
  Set: 2 Way: 2 Address: 0x2b2e930a0
  Set: 2 Way: 3 Address: 0x1add080
  Set: 2 Way: 4 Address: 0x211d160a0
  Set: 2 Way: 5 Address: 0x1ab44080
  Set: 3 Way: 0 Address: 0x2f5d8e0e8
  Set: 3 Way: 1 Address: 0x38e35c0d8
  Set: 3 Way: 2 Address: 0x394edb0c0
  Set: 3 Way: 3 Address: 0x2b2e930e0
  Set: 3 Way: 4 Address: 0x1add0c0
  Set: 3 Way: 5 Address: 0x211d160e0
  Set: 3 Way: 6 Address: 0x1ab440c0
  Set: 4 Way: 0 Address: 0x2f5d8e100
  Set: 4 Way: 1 Address: 0x2ee369130
  Set: 4 Way: 2 Address: 0x38e35c120
  Set: 4 Way: 3 Address: 0x394edb100
  Set: 4 Way: 4 Address: 0x2b2e93120
  Set: 4 Way: 5 Address: 0x1add100
  Set: 4 Way: 6 Address: 0x211d16120
  Set: 4 Way: 7 Address: 0x1ab44100
  Set: 5 Way: 0 Address: 0x3734ee178
  Set: 5 Way: 1 Address: 0x2f5d8e140
  Set: 5 Way: 2 Address: 0x2ee369168
  Set: 5 Way: 3 Address: 0x38e35c158
  Set: 5 Way: 4 Address: 0x394edb140
  Set: 5 Way: 5 Address: 0x2b2e93160
  Set: 5 Way: 6 Address: 0x1add140
  Set: 5 Way: 7 Address: 0x211d16160
  Set: 5 Way: 8 Address: 0x1ab44140
  Set: 6 Way: 0 Address: 0x2ee3691a8
  Set: 6 Way: 1 Address: 0x2f5d8e180
  Set: 6 Way: 2 Address: 0x38e35c198
  Set: 6 Way: 3 Address: 0x394edb180
  Set: 6 Way: 4 Address: 0x2b2e931a0
  Set: 6 Way: 5 Address: 0x1add180
  Set: 6 Way: 6 Address: 0x211d16198
  Set: 6 Way: 7 Address: 0x1ab44180
  Set: 7 Way: 0 Address: 0x2f5d8e1c0
  Set: 7 Way: 1 Address: 0x38e35c1d8
  Set: 7 Way: 2 Address: 0x394edb1c0
  Set: 7 Way: 3 Address: 0x2b2e931e0
  Set: 7 Way: 4 Address: 0x1add1c0
  Set: 7 Way: 5 Address: 0x211d161e0
  Set: 7 Way: 6 Address: 0x1ab441c0
  Set: 8 Way: 0 Address: 0x2f5d8e200
  Set: 8 Way: 1 Address: 0x38e35c218
  Set: 8 Way: 2 Address: 0x394edb200
  Set: 8 Way: 3 Address: 0x2b2e93218
  Set: 8 Way: 4 Address: 0x1add200
  Set: 8 Way: 5 Address: 0x211d16238
  Set: 8 Way: 6 Address: 0x1ab44200
  Set: 9 Way: 0 Address: 0x201598260
  Set: 9 Way: 1 Address: 0x2f5d8e240
  Set: 9 Way: 2 Address: 0x2ee369278
  Set: 9 Way: 3 Address: 0x38e35c258
  Set: 9 Way: 4 Address: 0x394edb240
  Set: 9 Way: 5 Address: 0x2b2e93258
  Set: 9 Way: 6 Address: 0x1add240
  Set: 9 Way: 7 Address: 0x211d16258
  Set: 9 Way: 8 Address: 0x1ab44240
  Set: 10 Way: 0 Address: 0x2f5d8e280
  Set: 10 Way: 1 Address: 0x2ee369280
  Set: 10 Way: 2 Address: 0x38e35c298
  Set: 10 Way: 3 Address: 0x394edb280
  Set: 10 Way: 4 Address: 0x2b2e932a0
  Set: 10 Way: 5 Address: 0x1add280
  Set: 10 Way: 6 Address: 0x211d16298
  Set: 10 Way: 7 Address: 0x1ab44280
  Set: 11 Way: 0 Address: 0x2f5d8e2c0
  Set: 11 Way: 1 Address: 0x38e35c2d8
  Set: 11 Way: 2 Address: 0x394edb2c0
  Set: 11 Way: 3 Address: 0x2b2e932e0
  Set: 11 Way: 4 Address: 0x1add2c0
  Set: 11 Way: 5 Address: 0x211d162d8
  Set: 11 Way: 6 Address: 0x1ab442c0
  Set: 12 Way: 0 Address: 0x2f5d8e300
  Set: 12 Way: 1 Address: 0x2ee369338
  Set: 12 Way: 2 Address: 0x38e35c318
  Set: 12 Way: 3 Address: 0x394edb300
  Set: 12 Way: 4 Address: 0x2b2e93320
  Set: 12 Way: 5 Address: 0x1add300
  Set: 12 Way: 6 Address: 0x211d16318
  Set: 12 Way: 7 Address: 0x1ab44300
  Set: 13 Way: 0 Address: 0x2f5d8e340
  Set: 13 Way: 1 Address: 0x38e35c358
  Set: 13 Way: 2 Address: 0x394edb340
  Set: 13 Way: 3 Address: 0x2b2e93360
  Set: 13 Way: 4 Address: 0x1add340
  Set: 13 Way: 5 Address: 0x211d16360
  Set: 13 Way: 6 Address: 0x1ab44340
  Set: 14 Way: 0 Address: 0x2f5d8e380
  Set: 14 Way: 1 Address: 0x38e35c390
  Set: 14 Way: 2 Address: 0x394edb380
  Set: 14 Way: 3 Address: 0x2b2e933a0
  Set: 14 Way: 4 Address: 0x1add380
  Set: 14 Way: 5 Address: 0x211d163a0
  Set: 14 Way: 6 Address: 0x1ab44380
  Set: 15 Way: 0 Address: 0x1132013d0
  Set: 15 Way: 1 Address: 0x263c133d0
  Set: 15 Way: 2 Address: 0x2f5d8e3c0
  Set: 15 Way: 3 Address: 0x38e35c3d8
  Set: 15 Way: 4 Address: 0x394edb3c0
  Set: 15 Way: 5 Address: 0x2b2e933e0
  Set: 15 Way: 6 Address: 0x1add3c0
  Set: 15 Way: 7 Address: 0x211d163e0
  Set: 15 Way: 8 Address: 0x1ab443c0
  Set: 16 Way: 0 Address: 0x113201410
  Set: 16 Way: 1 Address: 0x2f5d8e400
  Set: 16 Way: 2 Address: 0x38e35c420
  Set: 16 Way: 3 Address: 0x394edb400
  Set: 16 Way: 4 Address: 0x2b2e93420
  Set: 16 Way: 5 Address: 0x1add400
  Set: 16 Way: 6 Address: 0x211d16420
  Set: 16 Way: 7 Address: 0x1ab44400
  Set: 17 Way: 0 Address: 0x2f5d8e440
  Set: 17 Way: 1 Address: 0x38e35c460
  Set: 17 Way: 2 Address: 0x394edb440
  Set: 17 Way: 3 Address: 0x2b2e93460
  Set: 17 Way: 4 Address: 0x1add440
  Set: 17 Way: 5 Address: 0x211d16460
  Set: 17 Way: 6 Address: 0x1ab44440
  Set: 18 Way: 0 Address: 0x2f5d8e480
  Set: 18 Way: 1 Address: 0x38e35c4a0
  Set: 18 Way: 2 Address: 0x394edb480
  Set: 18 Way: 3 Address: 0x2b2e934b8
  Set: 18 Way: 4 Address: 0x1add480
  Set: 18 Way: 5 Address: 0x211d16498
  Set: 19 Way: 0 Address: 0x1299344c0
  Set: 19 Way: 1 Address: 0x2f5d8e4c0
  Set: 19 Way: 2 Address: 0x38e35c4e0
  Set: 19 Way: 3 Address: 0x394edb4c0
  Set: 19 Way: 4 Address: 0x2b2e934e0
  Set: 19 Way: 5 Address: 0x1add4c0
  Set: 19 Way: 6 Address: 0x211d164d8
  Set: 20 Way: 0 Address: 0x2f5d8e500
  Set: 20 Way: 1 Address: 0x38e35c520
  Set: 20 Way: 2 Address: 0x394edb500
  Set: 20 Way: 3 Address: 0x2b2e93518
  Set: 20 Way: 4 Address: 0x1add500
  Set: 20 Way: 5 Address: 0x211d16518
  Set: 21 Way: 0 Address: 0x2f5d8e540
  Set: 21 Way: 1 Address: 0x38e35c560
  Set: 21 Way: 2 Address: 0x394edb540
  Set: 21 Way: 3 Address: 0x2b2e93558
  Set: 21 Way: 4 Address: 0x1add540
  Set: 21 Way: 5 Address: 0x211d16558
  Set: 22 Way: 0 Address: 0x2f5d8e580
  Set: 22 Way: 1 Address: 0x38e35c5a0
  Set: 22 Way: 2 Address: 0x394edb580
  Set: 22 Way: 3 Address: 0x2b2e93590
  Set: 22 Way: 4 Address: 0x1add580
  Set: 22 Way: 5 Address: 0x211d16598
  Set: 23 Way: 0 Address: 0x2f5d8e5c0
  Set: 23 Way: 1 Address: 0x38e35c5e0
  Set: 23 Way: 2 Address: 0x394edb5c0
  Set: 23 Way: 3 Address: 0x2b2e935d8
  Set: 23 Way: 4 Address: 0x1add5c0
  Set: 23 Way: 5 Address: 0x211d165d8
  Set: 24 Way: 0 Address: 0x2f5d8e600
  Set: 24 Way: 1 Address: 0x38e35c620
  Set: 24 Way: 2 Address: 0x394edb600
  Set: 24 Way: 3 Address: 0x2b2e93618
  Set: 24 Way: 4 Address: 0x1add600
  Set: 24 Way: 5 Address: 0x211d16618
  Set: 25 Way: 0 Address: 0x2f5d8e640
  Set: 25 Way: 1 Address: 0x38e35c660
  Set: 25 Way: 2 Address: 0x394edb640
  Set: 25 Way: 3 Address: 0x2b2e93658
  Set: 25 Way: 4 Address: 0x1add640
  Set: 25 Way: 5 Address: 0x211d16658
  Set: 26 Way: 0 Address: 0x2f5d8e680
  Set: 26 Way: 1 Address: 0x38e35c6a0
  Set: 26 Way: 2 Address: 0x394edb680
  Set: 26 Way: 3 Address: 0x2b2e93698
  Set: 26 Way: 4 Address: 0x1add680
  Set: 26 Way: 5 Address: 0x211d16698
  Set: 27 Way: 0 Address: 0x1c84e26e8
  Set: 27 Way: 1 Address: 0x2f5d8e6c0
  Set: 27 Way: 2 Address: 0x38e35c6e0
  Set: 27 Way: 3 Address: 0x394edb6c0
  Set: 27 Way: 4 Address: 0x2b2e936d8
  Set: 27 Way: 5 Address: 0x1add6c0
  Set: 27 Way: 6 Address: 0x211d166d8
  Set: 28 Way: 0 Address: 0x1c84e2700
  Set: 28 Way: 1 Address: 0x2f5d8e700
  Set: 28 Way: 2 Address: 0x38e35c720
  Set: 28 Way: 3 Address: 0x394edb700
  Set: 28 Way: 4 Address: 0x2b2e93718
  Set: 28 Way: 5 Address: 0x1add700
  Set: 28 Way: 6 Address: 0x211d16718
  Set: 29 Way: 0 Address: 0x1c84e2740
  Set: 29 Way: 1 Address: 0x12c6fc778
  Set: 29 Way: 2 Address: 0x2f5d8e740
  Set: 29 Way: 3 Address: 0x38e35c768
  Set: 29 Way: 4 Address: 0x394edb740
  Set: 29 Way: 5 Address: 0x2b2e93758
  Set: 29 Way: 6 Address: 0x1add740
  Set: 29 Way: 7 Address: 0x211d16758
  Set: 30 Way: 0 Address: 0x84896790
  Set: 30 Way: 1 Address: 0x5588d790
  Set: 30 Way: 2 Address: 0x2f5d8e780
  Set: 30 Way: 3 Address: 0x38e35c798
  Set: 30 Way: 4 Address: 0x3dae66780
  Set: 30 Way: 5 Address: 0x3c1074780
  Set: 30 Way: 6 Address: 0x394edb780
  Set: 30 Way: 7 Address: 0x2b2e93798
  Set: 30 Way: 8 Address: 0x354d35788
  Set: 30 Way: 9 Address: 0x276ff7788
  Set: 30 Way: 10 Address: 0x1add780
  Set: 30 Way: 11 Address: 0x211d16790
  Set: 31 Way: 0 Address: 0x1132017c8
  Set: 31 Way: 1 Address: 0x28b67e7f8
  Set: 31 Way: 2 Address: 0x1d89da7c8
  Set: 31 Way: 3 Address: 0x3c56b37f8
  Set: 31 Way: 4 Address: 0x223eda7d0
  Set: 31 Way: 5 Address: 0xc70787d0
  Set: 31 Way: 6 Address: 0x2f5d8e7c0
  Set: 31 Way: 7 Address: 0x38e35c7d8
  Set: 31 Way: 8 Address: 0x394edb7c0
  Set: 31 Way: 9 Address: 0x2b2e937d8
  Set: 31 Way: 10 Address: 0x1add7c0
  Set: 31 Way: 11 Address: 0x211d167d8
  Set: 32 Way: 0 Address: 0x113201810
  Set: 32 Way: 1 Address: 0x3de4d4810
  Set: 32 Way: 2 Address: 0x9cff2818
  Set: 32 Way: 3 Address: 0x223eda820
  Set: 32 Way: 4 Address: 0x1c84e2800
  Set: 32 Way: 5 Address: 0x2f5d8e800
  Set: 32 Way: 6 Address: 0x38e35c818
  Set: 32 Way: 7 Address: 0x394edb800
  Set: 32 Way: 8 Address: 0x2b2e93820
  Set: 32 Way: 9 Address: 0x1add800
  Set: 32 Way: 10 Address: 0x211d16820
  Set: 33 Way: 0 Address: 0x1c84e2840
  Set: 33 Way: 1 Address: 0x2f5d8e840
  Set: 33 Way: 2 Address: 0x38e35c858
  Set: 33 Way: 3 Address: 0x394edb840
  Set: 33 Way: 4 Address: 0x2b2e93860
  Set: 33 Way: 5 Address: 0x1add840
  Set: 33 Way: 6 Address: 0x211d16860
  Set: 34 Way: 0 Address: 0x1c84e2880
  Set: 34 Way: 1 Address: 0x2f5d8e880
  Set: 34 Way: 2 Address: 0x38e35c898
  Set: 34 Way: 3 Address: 0x394edb880
  Set: 34 Way: 4 Address: 0x2b2e938a0
  Set: 34 Way: 5 Address: 0x1add880
  Set: 34 Way: 6 Address: 0x211d168a0
  Set: 35 Way: 0 Address: 0x1c84e28c0
  Set: 35 Way: 1 Address: 0x6d0c28e8
  Set: 35 Way: 2 Address: 0x2f5d8e8c0
  Set: 35 Way: 3 Address: 0x38e35c8d8
  Set: 35 Way: 4 Address: 0x394edb8c0
  Set: 35 Way: 5 Address: 0x2b2e938e0
  Set: 35 Way: 6 Address: 0x1add8c0
  Set: 35 Way: 7 Address: 0x211d168e0
  Set: 36 Way: 0 Address: 0x2f5d8e900
  Set: 36 Way: 1 Address: 0x38e35c918
  Set: 36 Way: 2 Address: 0x394edb900
  Set: 36 Way: 3 Address: 0x2b2e93920
  Set: 36 Way: 4 Address: 0x1add900
  Set: 36 Way: 5 Address: 0x211d16938
  Set: 37 Way: 0 Address: 0x2f5d8e940
  Set: 37 Way: 1 Address: 0x38e35c958
  Set: 37 Way: 2 Address: 0x394edb940
  Set: 37 Way: 3 Address: 0x2b2e93960
  Set: 37 Way: 4 Address: 0x1add940
  Set: 37 Way: 5 Address: 0x211d16960
  Set: 38 Way: 0 Address: 0x12c6fc9b0
  Set: 38 Way: 1 Address: 0xee86f9b0
  Set: 38 Way: 2 Address: 0x3dae669b8
  Set: 38 Way: 3 Address: 0x2f5d8e980
  Set: 38 Way: 4 Address: 0x38e35c990
  Set: 38 Way: 5 Address: 0x394edb980
  Set: 38 Way: 6 Address: 0x2b2e939a0
  Set: 38 Way: 7 Address: 0x1add980
  Set: 38 Way: 8 Address: 0x211d16998
  Set: 39 Way: 0 Address: 0x3098879f8
  Set: 39 Way: 1 Address: 0x2f5d8e9c0
  Set: 39 Way: 2 Address: 0x38e35c9d8
  Set: 39 Way: 3 Address: 0x3c10749c0
  Set: 39 Way: 4 Address: 0x354d359c0
  Set: 39 Way: 5 Address: 0x394edb9c0
  Set: 39 Way: 6 Address: 0x2b2e939e0
  Set: 39 Way: 7 Address: 0x276ff79c8
  Set: 39 Way: 8 Address: 0x848969c8
  Set: 39 Way: 9 Address: 0x1add9c0
  Set: 39 Way: 10 Address: 0x211d169d8
  Set: 40 Way: 0 Address: 0x29484ca00
  Set: 40 Way: 1 Address: 0x2f5d8ea00
  Set: 40 Way: 2 Address: 0x38e35ca08
  Set: 40 Way: 3 Address: 0x394edba00
  Set: 40 Way: 4 Address: 0x2b2e93a08
  Set: 40 Way: 5 Address: 0x1adda00
  Set: 40 Way: 6 Address: 0x211d16a08
  Set: 41 Way: 0 Address: 0x2f5d8ea40
  Set: 41 Way: 1 Address: 0x38e35ca50
  Set: 41 Way: 2 Address: 0x394edba40
  Set: 41 Way: 3 Address: 0x2b2e93a58
  Set: 41 Way: 4 Address: 0x1adda40
  Set: 41 Way: 5 Address: 0x211d16a60
  Set: 42 Way: 0 Address: 0x2f5d8ea80
  Set: 42 Way: 1 Address: 0x38e35caa0
  Set: 42 Way: 2 Address: 0x394edba80
  Set: 42 Way: 3 Address: 0x2b2e93a98
  Set: 42 Way: 4 Address: 0x1adda80
  Set: 42 Way: 5 Address: 0x211d16aa0
  Set: 43 Way: 0 Address: 0x143efaf8
  Set: 43 Way: 1 Address: 0x2f5d8eac0
  Set: 43 Way: 2 Address: 0x38e35cae0
  Set: 43 Way: 3 Address: 0x394edbac0
  Set: 43 Way: 4 Address: 0x2b2e93ad0
  Set: 43 Way: 5 Address: 0x1addac0
  Set: 43 Way: 6 Address: 0x211d16ae0
  Set: 44 Way: 0 Address: 0x143efb38
  Set: 44 Way: 1 Address: 0x2f5d8eb00
  Set: 44 Way: 2 Address: 0x38e35cb10
  Set: 44 Way: 3 Address: 0x394edbb00
  Set: 44 Way: 4 Address: 0x2b2e93b38
  Set: 44 Way: 5 Address: 0x1addb00
  Set: 44 Way: 6 Address: 0x211d16b18
  Set: 45 Way: 0 Address: 0x143efb50
  Set: 45 Way: 1 Address: 0x2f5d8eb40
  Set: 45 Way: 2 Address: 0x38e35cb58
  Set: 45 Way: 3 Address: 0x394edbb40
  Set: 45 Way: 4 Address: 0x2b2e93b58
  Set: 45 Way: 5 Address: 0x1addb40
  Set: 45 Way: 6 Address: 0x211d16b60
  Set: 46 Way: 0 Address: 0x143efb88
  Set: 46 Way: 1 Address: 0x2f5d8eb80
  Set: 46 Way: 2 Address: 0x38e35cba0
  Set: 46 Way: 3 Address: 0x394edbb80
  Set: 46 Way: 4 Address: 0x2b2e93b90
  Set: 46 Way: 5 Address: 0x1addb80
  Set: 46 Way: 6 Address: 0x211d16ba0
  Set: 47 Way: 0 Address: 0x143efbc8
  Set: 47 Way: 1 Address: 0x2f5d8ebc0
  Set: 47 Way: 2 Address: 0x38e35cbe0
  Set: 47 Way: 3 Address: 0x394edbbc0
  Set: 47 Way: 4 Address: 0x2b2e93bd8
  Set: 47 Way: 5 Address: 0x1addbc0
  Set: 47 Way: 6 Address: 0x211d16be0
  Set: 48 Way: 0 Address: 0x143efc20
  Set: 48 Way: 1 Address: 0x2f5d8ec00
  Set: 48 Way: 2 Address: 0x38e35cc18
  Set: 48 Way: 3 Address: 0x394edbc00
  Set: 48 Way: 4 Address: 0x2b2e93c18
  Set: 48 Way: 5 Address: 0x1addc00
  Set: 48 Way: 6 Address: 0x211d16c18
  Set: 49 Way: 0 Address: 0x143efc60
  Set: 49 Way: 1 Address: 0x2f5d8ec40
  Set: 49 Way: 2 Address: 0x38e35cc60
  Set: 49 Way: 3 Address: 0x394edbc40
  Set: 49 Way: 4 Address: 0x2b2e93c58
  Set: 49 Way: 5 Address: 0x1addc40
  Set: 49 Way: 6 Address: 0x211d16c58
  Set: 50 Way: 0 Address: 0x143efca0
  Set: 50 Way: 1 Address: 0x2f5d8ec80
  Set: 50 Way: 2 Address: 0x38e35cca0
  Set: 50 Way: 3 Address: 0x394edbc80
  Set: 50 Way: 4 Address: 0x2b2e93ca0
  Set: 50 Way: 5 Address: 0x1addc80
  Set: 50 Way: 6 Address: 0x211d16c98
  Set: 51 Way: 0 Address: 0x16390fcf8
  Set: 51 Way: 1 Address: 0x143efce0
  Set: 51 Way: 2 Address: 0x2f5d8ecc0
  Set: 51 Way: 3 Address: 0x38e35cce0
  Set: 51 Way: 4 Address: 0x394edbcc0
  Set: 51 Way: 5 Address: 0x2b2e93cd8
  Set: 51 Way: 6 Address: 0x1addcc0
  Set: 51 Way: 7 Address: 0x211d16cd8
  Set: 52 Way: 0 Address: 0x143efd18
  Set: 52 Way: 1 Address: 0x2f5d8ed00
  Set: 52 Way: 2 Address: 0x38e35cd20
  Set: 52 Way: 3 Address: 0x394edbd00
  Set: 52 Way: 4 Address: 0x2b2e93d18
  Set: 52 Way: 5 Address: 0x1addd00
  Set: 52 Way: 6 Address: 0x211d16d18
  Set: 53 Way: 0 Address: 0x143efd58
  Set: 53 Way: 1 Address: 0x2f5d8ed40
  Set: 53 Way: 2 Address: 0x38e35cd60
  Set: 53 Way: 3 Address: 0x394edbd40
  Set: 53 Way: 4 Address: 0x2b2e93d58
  Set: 53 Way: 5 Address: 0x1addd40
  Set: 54 Way: 0 Address: 0x23755dd88
  Set: 54 Way: 1 Address: 0x143efd88
  Set: 54 Way: 2 Address: 0x2f5d8ed80
  Set: 54 Way: 3 Address: 0x38e35cdb8
  Set: 54 Way: 4 Address: 0x394edbd80
  Set: 54 Way: 5 Address: 0x2b2e93d98
  Set: 54 Way: 6 Address: 0x1addd80
  Set: 55 Way: 0 Address: 0x143efdd8
  Set: 55 Way: 1 Address: 0x2f5d8edc0
  Set: 55 Way: 2 Address: 0x38e35cdd8
  Set: 55 Way: 3 Address: 0x394edbdc0
  Set: 55 Way: 4 Address: 0x2b2e93dd8
  Set: 55 Way: 5 Address: 0x1adddc0
  Set: 56 Way: 0 Address: 0x1995f2e30
  Set: 56 Way: 1 Address: 0x143efe20
  Set: 56 Way: 2 Address: 0x2f5d8ee00
  Set: 56 Way: 3 Address: 0x38e35ce20
  Set: 56 Way: 4 Address: 0x394edbe00
  Set: 56 Way: 5 Address: 0x2b2e93e18
  Set: 56 Way: 6 Address: 0x1adde00
  Set: 57 Way: 0 Address: 0x143efe60
  Set: 57 Way: 1 Address: 0x2f5d8ee40
  Set: 57 Way: 2 Address: 0x38e35ce60
  Set: 57 Way: 3 Address: 0x394edbe40
  Set: 57 Way: 4 Address: 0x2b2e93e58
  Set: 57 Way: 5 Address: 0x1adde40
  Set: 58 Way: 0 Address: 0x143efea0
  Set: 58 Way: 1 Address: 0x2f5d8ee80
  Set: 58 Way: 2 Address: 0x38e35ce98
  Set: 58 Way: 3 Address: 0x394edbe80
  Set: 58 Way: 4 Address: 0x2b2e93e98
  Set: 58 Way: 5 Address: 0x1adde80
  Set: 59 Way: 0 Address: 0x143efee0
  Set: 59 Way: 1 Address: 0x2f5d8eec0
  Set: 59 Way: 2 Address: 0x38e35cee0
  Set: 59 Way: 3 Address: 0x394edbec0
  Set: 59 Way: 4 Address: 0x2b2e93ed8
  Set: 59 Way: 5 Address: 0x1addec0
  Set: 60 Way: 0 Address: 0x143eff20
  Set: 60 Way: 1 Address: 0x2f5d8ef00
  Set: 60 Way: 2 Address: 0x38e35cf20
  Set: 60 Way: 3 Address: 0x394edbf00
  Set: 60 Way: 4 Address: 0x2b2e93f18
  Set: 60 Way: 5 Address: 0x1addf00
  Set: 61 Way: 0 Address: 0x143eff60
  Set: 61 Way: 1 Address: 0x2f5d8ef40
  Set: 61 Way: 2 Address: 0x38e35cf60
  Set: 61 Way: 3 Address: 0x394edbf40
  Set: 61 Way: 4 Address: 0x2b2e93f60
  Set: 61 Way: 5 Address: 0x1addf40
  Set: 62 Way: 0 Address: 0x143effa0
  Set: 62 Way: 1 Address: 0x2f5d8ef80
  Set: 62 Way: 2 Address: 0x38e35cf98
  Set: 62 Way: 3 Address: 0x394edbf80
  Set: 62 Way: 4 Address: 0x2b2e93fa0
  Set: 62 Way: 5 Address: 0x1addf80
  Set: 63 Way: 0 Address: 0x43736fd0
  Set: 63 Way: 1 Address: 0x143effe0
  Set: 63 Way: 2 Address: 0x2f5d8efc0
  Set: 63 Way: 3 Address: 0x38e35cfe0
  Set: 63 Way: 4 Address: 0x394edbfc0
  Set: 63 Way: 5 Address: 0x2b2e93fe0
  Set: 63 Way: 6 Address: 0x1addfc0
EndCache
Cache: cpu0_ITLB
  Set: 2 Way: 0 Address: 0x48273f
  Set: 2 Way: 1 Address: 0x402a01
  Set: 10 Way: 0 Address: 0x47a780
EndCache
Cache: cpu0_DTLB
  Set: 0 Way: 0 Address: 0x8f0000
  Set: 1 Way: 0 Address: 0x4f1e30
  Set: 1 Way: 1 Address: 0x8f1000
  Set: 2 Way: 0 Address: 0x502740
  Set: 2 Way: 1 Address: 0x8f2000
  Set: 3 Way: 0 Address: 0x503260
  Set: 4 Way: 0 Address: 0x5044c0
  Set: 6 Way: 0 Address: 0x936b38
  Set: 7 Way: 0 Address: 0x937078
  Set: 8 Way: 0 Address: 0x938078
  Set: 9 Way: 0 Address: 0x4f9a00
  Set: 9 Way: 1 Address: 0x939078
  Set: 10 Way: 0 Address: 0x4fa8e8
  Set: 15 Way: 0 Address: 0x73fd88
  Set: 15 Way: 1 Address: 0x7ffe85f9f1a8
  Set: 15 Way: 2 Address: 0x8ef0e8
EndCache
Cache: LLC
  Set: 64 Way: 0 Address: 0x113201010
  Set: 64 Way: 1 Address: 0x2a4841010
  Set: 79 Way: 0 Address: 0x1132013d0
  Set: 80 Way: 0 Address: 0x113201410
  Set: 94 Way: 0 Address: 0xf6e81788
  Set: 95 Way: 0 Address: 0x1132017c8
  Set: 96 Way: 0 Address: 0x113201810
  Set: 155 Way: 0 Address: 0x1c84e26f8
  Set: 156 Way: 0 Address: 0x1c84e2700
  Set: 157 Way: 0 Address: 0x1c84e2740
  Set: 160 Way: 0 Address: 0x1c84e2800
  Set: 161 Way: 0 Address: 0x1c84e2840
  Set: 162 Way: 0 Address: 0x1c84e2880
  Set: 163 Way: 0 Address: 0x1c84e28c0
  Set: 163 Way: 1 Address: 0x6d0c28e0
  Set: 256 Way: 0 Address: 0xb8004018
  Set: 256 Way: 1 Address: 0x1ab44000
  Set: 257 Way: 0 Address: 0x1ab44040
  Set: 258 Way: 0 Address: 0x1ab44080
  Set: 259 Way: 0 Address: 0x1ab440c0
  Set: 260 Way: 0 Address: 0x1ab44100
  Set: 261 Way: 0 Address: 0x1ab44140
  Set: 262 Way: 0 Address: 0x1ab44180
  Set: 263 Way: 0 Address: 0x1ab441c0
  Set: 264 Way: 0 Address: 0x1ab44200
  Set: 265 Way: 0 Address: 0x1ab44240
  Set: 266 Way: 0 Address: 0x1ab44280
  Set: 267 Way: 0 Address: 0x1ab442c0
  Set: 268 Way: 0 Address: 0x1ab44300
  Set: 269 Way: 0 Address: 0x1ab44340
  Set: 270 Way: 0 Address: 0x1ab44380
  Set: 271 Way: 0 Address: 0x1ab443c0
  Set: 272 Way: 0 Address: 0x1ab44400
  Set: 273 Way: 0 Address: 0x1ab44440
  Set: 274 Way: 0 Address: 0x1ab44480
  Set: 275 Way: 0 Address: 0x1ab444c0
  Set: 276 Way: 0 Address: 0x1ab44500
  Set: 277 Way: 0 Address: 0x1ab44540
  Set: 278 Way: 0 Address: 0x1ab44580
  Set: 279 Way: 0 Address: 0x1ab445c0
  Set: 280 Way: 0 Address: 0x1ab44600
  Set: 414 Way: 0 Address: 0x3dae66780
  Set: 422 Way: 0 Address: 0x3dae669b8
  Set: 487 Way: 0 Address: 0x3098879f8
  Set: 576 Way: 0 Address: 0x2ee369028
  Set: 577 Way: 0 Address: 0x2ee369048
  Set: 580 Way: 0 Address: 0x2ee369130
  Set: 581 Way: 0 Address: 0x2ee369158
  Set: 582 Way: 0 Address: 0x2ee3691a8
  Set: 585 Way: 0 Address: 0x2ee369278
  Set: 586 Way: 0 Address: 0x2ee369280
  Set: 588 Way: 0 Address: 0x2ee369338
  Set: 808 Way: 0 Address: 0x29484ca00
  Set: 862 Way: 0 Address: 0x5588d790
  Set: 899 Way: 0 Address: 0x2f5d8e0d8
  Set: 900 Way: 0 Address: 0x2f5d8e100
  Set: 901 Way: 0 Address: 0x3734ee178
  Set: 901 Way: 1 Address: 0x2f5d8e140
  Set: 902 Way: 0 Address: 0x2f5d8e180
  Set: 903 Way: 0 Address: 0x2f5d8e1c0
  Set: 904 Way: 0 Address: 0x2f5d8e200
  Set: 905 Way: 0 Address: 0x2f5d8e240
  Set: 906 Way: 0 Address: 0x2f5d8e280
  Set: 907 Way: 0 Address: 0x2f5d8e2c0
  Set: 908 Way: 0 Address: 0x2f5d8e300
  Set: 909 Way: 0 Address: 0x2f5d8e340
  Set: 910 Way: 0 Address: 0x2f5d8e380
  Set: 911 Way: 0 Address: 0x2f5d8e3c0
  Set: 912 Way: 0 Address: 0x2f5d8e400
  Set: 913 Way: 0 Address: 0x2f5d8e440
  Set: 914 Way: 0 Address: 0x2f5d8e480
  Set: 915 Way: 0 Address: 0x2f5d8e4c0
  Set: 916 Way: 0 Address: 0x2f5d8e500
  Set: 917 Way: 0 Address: 0x2f5d8e540
  Set: 918 Way: 0 Address: 0x2f5d8e580
  Set: 919 Way: 0 Address: 0x2f5d8e5c0
  Set: 920 Way: 0 Address: 0x2f5d8e600
  Set: 921 Way: 0 Address: 0x2f5d8e640
  Set: 922 Way: 0 Address: 0x2f5d8e680
  Set: 923 Way: 0 Address: 0x2f5d8e6c0
  Set: 924 Way: 0 Address: 0x2f5d8e700
  Set: 925 Way: 0 Address: 0x2f5d8e740
  Set: 926 Way: 0 Address: 0x2f5d8e780
  Set: 927 Way: 0 Address: 0x2f5d8e7c0
  Set: 928 Way: 0 Address: 0x2f5d8e800
  Set: 929 Way: 0 Address: 0x2f5d8e840
  Set: 930 Way: 0 Address: 0x2f5d8e880
  Set: 931 Way: 0 Address: 0x2f5d8e8c0
  Set: 932 Way: 0 Address: 0x2f5d8e900
  Set: 933 Way: 0 Address: 0x2f5d8e940
  Set: 934 Way: 0 Address: 0x2f5d8e980
  Set: 935 Way: 0 Address: 0x2f5d8e9c0
  Set: 936 Way: 0 Address: 0x2f5d8ea00
  Set: 937 Way: 0 Address: 0x2f5d8ea40
  Set: 938 Way: 0 Address: 0x2f5d8ea80
  Set: 939 Way: 0 Address: 0x2f5d8eac0
  Set: 940 Way: 0 Address: 0x2f5d8eb00
  Set: 941 Way: 0 Address: 0x2f5d8eb40
  Set: 942 Way: 0 Address: 0x2f5d8eb80
  Set: 943 Way: 0 Address: 0x2f5d8ebc0
  Set: 944 Way: 0 Address: 0x2f5d8ec00
  Set: 945 Way: 0 Address: 0x2f5d8ec40
  Set: 946 Way: 0 Address: 0x2f5d8ec80
  Set: 947 Way: 0 Address: 0x2f5d8ecc0
  Set: 948 Way: 0 Address: 0x2f5d8ed00
  Set: 949 Way: 0 Address: 0x2f5d8ed40
  Set: 950 Way: 0 Address: 0x2f5d8ed80
  Set: 951 Way: 0 Address: 0x2f5d8edc0
  Set: 952 Way: 0 Address: 0x2f5d8ee00
  Set: 953 Way: 0 Address: 0x2f5d8ee40
  Set: 954 Way: 0 Address: 0x2f5d8ee80
  Set: 955 Way: 0 Address: 0x2f5d8eec0
  Set: 956 Way: 0 Address: 0x2f5d8ef00
  Set: 957 Way: 0 Address: 0x2f5d8ef40
  Set: 958 Way: 0 Address: 0x2f5d8ef80
  Set: 959 Way: 0 Address: 0x2f5d8efc0
  Set: 998 Way: 0 Address: 0xee86f9b0
  Set: 1003 Way: 0 Address: 0x143efae0
  Set: 1004 Way: 0 Address: 0x143efb00
  Set: 1005 Way: 0 Address: 0x143efb40
  Set: 1006 Way: 0 Address: 0x143efb80
  Set: 1007 Way: 0 Address: 0x143efbc0
  Set: 1008 Way: 0 Address: 0x143efc00
  Set: 1009 Way: 0 Address: 0x143efc40
  Set: 1010 Way: 0 Address: 0x143efc80
  Set: 1011 Way: 0 Address: 0x16390fcf8
  Set: 1011 Way: 1 Address: 0x143efcc0
  Set: 1012 Way: 0 Address: 0x143efd00
  Set: 1013 Way: 0 Address: 0x143efd40
  Set: 1014 Way: 0 Address: 0x143efd80
  Set: 1015 Way: 0 Address: 0x143efdc0
  Set: 1016 Way: 0 Address: 0x143efe00
  Set: 1017 Way: 0 Address: 0x143efe40
  Set: 1018 Way: 0 Address: 0x143efe80
  Set: 1019 Way: 0 Address: 0x143efec0
  Set: 1020 Way: 0 Address: 0x143eff00
  Set: 1021 Way: 0 Address: 0x143eff40
  Set: 1022 Way: 0 Address: 0x143eff80
  Set: 1023 Way: 0 Address: 0x143effc0
  Set: 1184 Way: 0 Address: 0x9cff2818
  Set: 1208 Way: 0 Address: 0x1995f2e30
  Set: 1216 Way: 0 Address: 0x2b2e93000
  Set: 1217 Way: 0 Address: 0x2b2e93040
  Set: 1218 Way: 0 Address: 0x2b2e93080
  Set: 1219 Way: 0 Address: 0x2b2e930c0
  Set: 1220 Way: 0 Address: 0x2b2e93100
  Set: 1221 Way: 0 Address: 0x2b2e93140
  Set: 1222 Way: 0 Address: 0x2b2e93180
  Set: 1223 Way: 0 Address: 0x2b2e931c0
  Set: 1224 Way: 0 Address: 0x2b2e93200
  Set: 1225 Way: 0 Address: 0x2b2e93240
  Set: 1226 Way: 0 Address: 0x2b2e93280
  Set: 1227 Way: 0 Address: 0x2b2e932c0
  Set: 1228 Way: 0 Address: 0x2b2e93300
  Set: 1229 Way: 0 Address: 0x2b2e93340
  Set: 1230 Way: 0 Address: 0x2b2e93380
  Set: 1231 Way: 0 Address: 0x263c133d0
  Set: 1231 Way: 1 Address: 0x2b2e933c0
  Set: 1232 Way: 0 Address: 0x2b2e93400
  Set: 1233 Way: 0 Address: 0x2b2e93440
  Set: 1234 Way: 0 Address: 0x2b2e93480
  Set: 1235 Way: 0 Address: 0x2b2e934c0
  Set: 1236 Way: 0 Address: 0x2b2e93500
  Set: 1237 Way: 0 Address: 0x2b2e93540
  Set: 1238 Way: 0 Address: 0x2b2e93580
  Set: 1239 Way: 0 Address: 0x2b2e935c0
  Set: 1240 Way: 0 Address: 0x2b2e93600
  Set: 1241 Way: 0 Address: 0x2b2e93640
  Set: 1242 Way: 0 Address: 0x2b2e93680
  Set: 1243 Way: 0 Address: 0x2b2e936c0
  Set: 1244 Way: 0 Address: 0x2b2e93700
  Set: 1245 Way: 0 Address: 0x2b2e93740
  Set: 1246 Way: 0 Address: 0x2b2e93780
  Set: 1247 Way: 0 Address: 0x3c56b37f8
  Set: 1247 Way: 1 Address: 0x2b2e937c0
  Set: 1248 Way: 0 Address: 0x2b2e93800
  Set: 1249 Way: 0 Address: 0x2b2e93840
  Set: 1250 Way: 0 Address: 0x2b2e93880
  Set: 1251 Way: 0 Address: 0x2b2e938c0
  Set: 1252 Way: 0 Address: 0x2b2e93900
  Set: 1253 Way: 0 Address: 0x2b2e93940
  Set: 1254 Way: 0 Address: 0x2b2e93980
  Set: 1255 Way: 0 Address: 0x2b2e939c0
  Set: 1256 Way: 0 Address: 0x2b2e93a00
  Set: 1257 Way: 0 Address: 0x2b2e93a40
  Set: 1258 Way: 0 Address: 0x2b2e93a80
  Set: 1259 Way: 0 Address: 0x2b2e93ac0
  Set: 1260 Way: 0 Address: 0x2b2e93b00
  Set: 1261 Way: 0 Address: 0x2b2e93b40
  Set: 1262 Way: 0 Address: 0x2b2e93b80
  Set: 1263 Way: 0 Address: 0x2b2e93bc0
  Set: 1264 Way: 0 Address: 0x2b2e93c00
  Set: 1265 Way: 0 Address: 0x2b2e93c40
  Set: 1266 Way: 0 Address: 0x2b2e93c80
  Set: 1267 Way: 0 Address: 0x2b2e93cc0
  Set: 1268 Way: 0 Address: 0x2b2e93d00
  Set: 1269 Way: 0 Address: 0x2b2e93d40
  Set: 1270 Way: 0 Address: 0x2b2e93d80
  Set: 1271 Way: 0 Address: 0x2b2e93dc0
  Set: 1272 Way: 0 Address: 0x2b2e93e00
  Set: 1273 Way: 0 Address: 0x2b2e93e40
  Set: 1274 Way: 0 Address: 0x2b2e93e80
  Set: 1275 Way: 0 Address: 0x2b2e93ec0
  Set: 1276 Way: 0 Address: 0x2b2e93f00
  Set: 1277 Way: 0 Address: 0x2b2e93f40
  Set: 1278 Way: 0 Address: 0x2b2e93f80
  Set: 1279 Way: 0 Address: 0x2b2e93fc0
  Set: 1299 Way: 0 Address: 0x1299344c8
  Set: 1310 Way: 0 Address: 0x397bb4792
  Set: 1310 Way: 1 Address: 0x3c1074780
  Set: 1311 Way: 0 Address: 0x397bb47c0
  Set: 1312 Way: 0 Address: 0x3de4d4810
  Set: 1319 Way: 0 Address: 0x3c10749c0
  Set: 1337 Way: 0 Address: 0x397bb4e40
  Set: 1344 Way: 0 Address: 0x195f15010
  Set: 1374 Way: 0 Address: 0x354d35788
  Set: 1383 Way: 0 Address: 0x354d359c0
  Set: 1408 Way: 0 Address: 0x211d16000
  Set: 1409 Way: 0 Address: 0x211d16040
  Set: 1410 Way: 0 Address: 0x211d16080
  Set: 1411 Way: 0 Address: 0x211d160c0
  Set: 1412 Way: 0 Address: 0x211d16100
  Set: 1413 Way: 0 Address: 0x211d16140
  Set: 1414 Way: 0 Address: 0x211d16180
  Set: 1415 Way: 0 Address: 0x211d161c0
  Set: 1416 Way: 0 Address: 0x211d16200
  Set: 1417 Way: 0 Address: 0x211d16240
  Set: 1418 Way: 0 Address: 0x211d16280
  Set: 1419 Way: 0 Address: 0x211d162c0
  Set: 1420 Way: 0 Address: 0x211d16300
  Set: 1421 Way: 0 Address: 0x211d16340
  Set: 1422 Way: 0 Address: 0x211d16380
  Set: 1423 Way: 0 Address: 0x211d163c0
  Set: 1424 Way: 0 Address: 0x211d16400
  Set: 1425 Way: 0 Address: 0x211d16440
  Set: 1426 Way: 0 Address: 0x211d16480
  Set: 1427 Way: 0 Address: 0x211d164c0
  Set: 1428 Way: 0 Address: 0x211d16500
  Set: 1429 Way: 0 Address: 0x211d16540
  Set: 1430 Way: 0 Address: 0x211d16580
  Set: 1431 Way: 0 Address: 0x211d165c0
  Set: 1432 Way: 0 Address: 0x211d16600
  Set: 1433 Way: 0 Address: 0x211d16640
  Set: 1434 Way: 0 Address: 0x211d16680
  Set: 1435 Way: 0 Address: 0x211d166c0
  Set: 1436 Way: 0 Address: 0x211d16700
  Set: 1437 Way: 0 Address: 0x211d16740
  Set: 1438 Way: 0 Address: 0x211d16780
  Set: 1438 Way: 1 Address: 0x84896790
  Set: 1439 Way: 0 Address: 0x211d167c0
  Set: 1440 Way: 0 Address: 0x211d16800
  Set: 1441 Way: 0 Address: 0x211d16840
  Set: 1442 Way: 0 Address: 0x211d16880
  Set: 1443 Way: 0 Address: 0x211d168c0
  Set: 1444 Way: 0 Address: 0x211d16900
  Set: 1445 Way: 0 Address: 0x211d16940
  Set: 1446 Way: 0 Address: 0x211d16980
  Set: 1447 Way: 0 Address: 0x848969c8
  Set: 1447 Way: 1 Address: 0x211d169c0
  Set: 1448 Way: 0 Address: 0x211d16a00
  Set: 1449 Way: 0 Address: 0x211d16a40
  Set: 1450 Way: 0 Address: 0x211d16a80
  Set: 1451 Way: 0 Address: 0x211d16ac0
  Set: 1452 Way: 0 Address: 0x211d16b00
  Set: 1453 Way: 0 Address: 0x211d16b40
  Set: 1454 Way: 0 Address: 0x211d16b80
  Set: 1455 Way: 0 Address: 0x211d16bc0
  Set: 1456 Way: 0 Address: 0x211d16c00
  Set: 1457 Way: 0 Address: 0x211d16c40
  Set: 1458 Way: 0 Address: 0x211d16c80
  Set: 1459 Way: 0 Address: 0x211d16cc0
  Set: 1460 Way: 0 Address: 0x211d16d00
  Set: 1471 Way: 0 Address: 0x43736fd0
  Set: 1502 Way: 0 Address: 0x276ff7788
  Set: 1511 Way: 0 Address: 0x276ff79c8
  Set: 1545 Way: 0 Address: 0x201598268
  Set: 1567 Way: 0 Address: 0xc70787d0
  Set: 1574 Way: 0 Address: 0x1aafb89ad
  Set: 1575 Way: 0 Address: 0x1aafb89e0
  Set: 1576 Way: 0 Address: 0x1aafb8a12
  Set: 1577 Way: 0 Address: 0x1aafb8a40
  Set: 1600 Way: 0 Address: 0x292959020
  Set: 1664 Way: 0 Address: 0x229b9a000
  Set: 1694 Way: 0 Address: 0x223eda788
  Set: 1695 Way: 0 Address: 0x1d89da7c8
  Set: 1695 Way: 1 Address: 0x223eda7d0
  Set: 1696 Way: 0 Address: 0x223eda820
  Set: 1728 Way: 0 Address: 0x394edb000
  Set: 1729 Way: 0 Address: 0x394edb040
  Set: 1730 Way: 0 Address: 0x394edb080
  Set: 1731 Way: 0 Address: 0x394edb0c0
  Set: 1732 Way: 0 Address: 0x394edb100
  Set: 1733 Way: 0 Address: 0x394edb140
  Set: 1734 Way: 0 Address: 0x394edb180
  Set: 1735 Way: 0 Address: 0x394edb1c0
  Set: 1736 Way: 0 Address: 0x394edb200
  Set: 1737 Way: 0 Address: 0x394edb240
  Set: 1738 Way: 0 Address: 0x394edb280
  Set: 1739 Way: 0 Address: 0x394edb2c0
  Set: 1740 Way: 0 Address: 0x394edb300
  Set: 1741 Way: 0 Address: 0x394edb340
  Set: 1742 Way: 0 Address: 0x394edb380
  Set: 1743 Way: 0 Address: 0x394edb3c0
  Set: 1744 Way: 0 Address: 0x394edb400
  Set: 1745 Way: 0 Address: 0x394edb440
  Set: 1746 Way: 0 Address: 0x394edb480
  Set: 1747 Way: 0 Address: 0x394edb4c0
  Set: 1748 Way: 0 Address: 0x394edb500
  Set: 1749 Way: 0 Address: 0x394edb540
  Set: 1750 Way: 0 Address: 0x394edb580
  Set: 1751 Way: 0 Address: 0x394edb5c0
  Set: 1752 Way: 0 Address: 0x394edb600
  Set: 1753 Way: 0 Address: 0x394edb640
  Set: 1754 Way: 0 Address: 0x394edb680
  Set: 1755 Way: 0 Address: 0x394edb6c0
  Set: 1756 Way: 0 Address: 0x394edb700
  Set: 1757 Way: 0 Address: 0x394edb740
  Set: 1758 Way: 0 Address: 0x394edb780
  Set: 1759 Way: 0 Address: 0x394edb7c0
  Set: 1760 Way: 0 Address: 0x394edb800
  Set: 1761 Way: 0 Address: 0x394edb840
  Set: 1762 Way: 0 Address: 0x394edb880
  Set: 1763 Way: 0 Address: 0x394edb8c0
  Set: 1764 Way: 0 Address: 0x394edb900
  Set: 1765 Way: 0 Address: 0x394edb940
  Set: 1766 Way: 0 Address: 0x394edb980
  Set: 1767 Way: 0 Address: 0x394edb9c0
  Set: 1768 Way: 0 Address: 0x394edba00
  Set: 1769 Way: 0 Address: 0x394edba40
  Set: 1770 Way: 0 Address: 0x394edba80
  Set: 1771 Way: 0 Address: 0x394edbac0
  Set: 1772 Way: 0 Address: 0x394edbb00
  Set: 1773 Way: 0 Address: 0x394edbb40
  Set: 1774 Way: 0 Address: 0x394edbb80
  Set: 1775 Way: 0 Address: 0x394edbbc0
  Set: 1776 Way: 0 Address: 0x394edbc00
  Set: 1777 Way: 0 Address: 0x394edbc40
  Set: 1778 Way: 0 Address: 0x394edbc80
  Set: 1779 Way: 0 Address: 0x394edbcc0
  Set: 1780 Way: 0 Address: 0x394edbd00
  Set: 1781 Way: 0 Address: 0x394edbd40
  Set: 1782 Way: 0 Address: 0x394edbd80
  Set: 1783 Way: 0 Address: 0x394edbdc0
  Set: 1784 Way: 0 Address: 0x394edbe00
  Set: 1785 Way: 0 Address: 0x394edbe40
  Set: 1786 Way: 0 Address: 0x394edbe80
  Set: 1787 Way: 0 Address: 0x394edbec0
  Set: 1788 Way: 0 Address: 0x394edbf00
  Set: 1789 Way: 0 Address: 0x394edbf40
  Set: 1790 Way: 0 Address: 0x394edbf80
  Set: 1791 Way: 0 Address: 0x394edbfc0
  Set: 1792 Way: 0 Address: 0xdf85c000
  Set: 1792 Way: 1 Address: 0x38e35c000
  Set: 1793 Way: 0 Address: 0x38e35c040
  Set: 1794 Way: 0 Address: 0x38e35c080
  Set: 1795 Way: 0 Address: 0x38e35c0c0
  Set: 1796 Way: 0 Address: 0x38e35c100
  Set: 1797 Way: 0 Address: 0x38e35c140
  Set: 1798 Way: 0 Address: 0x38e35c180
  Set: 1799 Way: 0 Address: 0x38e35c1c0
  Set: 1800 Way: 0 Address: 0x38e35c200
  Set: 1801 Way: 0 Address: 0x38e35c240
  Set: 1802 Way: 0 Address: 0x38e35c280
  Set: 1803 Way: 0 Address: 0x38e35c2c0
  Set: 1804 Way: 0 Address: 0x38e35c300
  Set: 1805 Way: 0 Address: 0x38e35c340
  Set: 1806 Way: 0 Address: 0x38e35c380
  Set: 1807 Way: 0 Address: 0x38e35c3c0
  Set: 1808 Way: 0 Address: 0x38e35c400
  Set: 1809 Way: 0 Address: 0x38e35c440
  Set: 1810 Way: 0 Address: 0x38e35c480
  Set: 1811 Way: 0 Address: 0x38e35c4c0
  Set: 1812 Way: 0 Address: 0x38e35c500
  Set: 1813 Way: 0 Address: 0x38e35c540
  Set: 1814 Way: 0 Address: 0x38e35c580
  Set: 1815 Way: 0 Address: 0x38e35c5c0
  Set: 1816 Way: 0 Address: 0x38e35c600
  Set: 1817 Way: 0 Address: 0x38e35c640
  Set: 1818 Way: 0 Address: 0x38e35c680
  Set: 1819 Way: 0 Address: 0x38e35c6c0
  Set: 1820 Way: 0 Address: 0x38e35c700
  Set: 1821 Way: 0 Address: 0x12c6fc778
  Set: 1821 Way: 1 Address: 0x38e35c740
  Set: 1822 Way: 0 Address: 0x38e35c780
  Set: 1823 Way: 0 Address: 0x38e35c7c0
  Set: 1824 Way: 0 Address: 0x38e35c800
  Set: 1825 Way: 0 Address: 0x38e35c840
  Set: 1826 Way: 0 Address: 0x38e35c880
  Set: 1827 Way: 0 Address: 0x38e35c8c0
  Set: 1828 Way: 0 Address: 0x38e35c900
  Set: 1829 Way: 0 Address: 0x38e35c940
  Set: 1830 Way: 0 Address: 0x12c6fc9b0
  Set: 1830 Way: 1 Address: 0x38e35c980
  Set: 1831 Way: 0 Address: 0x38e35c9c0
  Set: 1832 Way: 0 Address: 0x38e35ca00
  Set: 1833 Way: 0 Address: 0x38e35ca40
  Set: 1834 Way: 0 Address: 0x38e35ca80
  Set: 1835 Way: 0 Address: 0x38e35cac0
  Set: 1836 Way: 0 Address: 0x38e35cb00
  Set: 1837 Way: 0 Address: 0x38e35cb40
  Set: 1838 Way: 0 Address: 0x38e35cb80
  Set: 1839 Way: 0 Address: 0x38e35cbc0
  Set: 1840 Way: 0 Address: 0x38e35cc00
  Set: 1841 Way: 0 Address: 0x38e35cc40
  Set: 1842 Way: 0 Address: 0x38e35cc80
  Set: 1843 Way: 0 Address: 0x38e35ccc0
  Set: 1844 Way: 0 Address: 0x38e35cd00
  Set: 1845 Way: 0 Address: 0x38e35cd40
  Set: 1846 Way: 0 Address: 0x38e35cd80
  Set: 1847 Way: 0 Address: 0x38e35cdc0
  Set: 1848 Way: 0 Address: 0x38e35ce00
  Set: 1849 Way: 0 Address: 0x38e35ce40
  Set: 1850 Way: 0 Address: 0x38e35ce80
  Set: 1851 Way: 0 Address: 0x38e35cec0
  Set: 1852 Way: 0 Address: 0x38e35cf00
  Set: 1853 Way: 0 Address: 0x38e35cf40
  Set: 1854 Way: 0 Address: 0x38e35cf80
  Set: 1855 Way: 0 Address: 0x38e35cfc0
  Set: 1856 Way: 0 Address: 0x1add000
  Set: 1857 Way: 0 Address: 0x1add040
  Set: 1858 Way: 0 Address: 0x1add080
  Set: 1859 Way: 0 Address: 0x1add0c0
  Set: 1860 Way: 0 Address: 0x1add100
  Set: 1861 Way: 0 Address: 0x1add140
  Set: 1862 Way: 0 Address: 0x1add180
  Set: 1863 Way: 0 Address: 0x1add1c0
  Set: 1864 Way: 0 Address: 0x1add200
  Set: 1865 Way: 0 Address: 0x1add240
  Set: 1866 Way: 0 Address: 0x1add280
  Set: 1867 Way: 0 Address: 0x1add2c0
  Set: 1868 Way: 0 Address: 0x1add300
  Set: 1869 Way: 0 Address: 0x1add340
  Set: 1870 Way: 0 Address: 0x1add380
  Set: 1871 Way: 0 Address: 0x1add3c0
  Set: 1872 Way: 0 Address: 0x1add400
  Set: 1873 Way: 0 Address: 0x1add440
  Set: 1874 Way: 0 Address: 0x1add480
  Set: 1875 Way: 0 Address: 0x1add4c0
  Set: 1876 Way: 0 Address: 0x1add500
  Set: 1877 Way: 0 Address: 0x1add540
  Set: 1878 Way: 0 Address: 0x1add580
  Set: 1879 Way: 0 Address: 0x1add5c0
  Set: 1880 Way: 0 Address: 0x1add600
  Set: 1881 Way: 0 Address: 0x1add640
  Set: 1882 Way: 0 Address: 0x1add680
  Set: 1883 Way: 0 Address: 0x1add6c0
  Set: 1884 Way: 0 Address: 0x1add700
  Set: 1885 Way: 0 Address: 0x1add740
  Set: 1886 Way: 0 Address: 0x1add780
  Set: 1887 Way: 0 Address: 0x1add7c0
  Set: 1888 Way: 0 Address: 0x1add800
  Set: 1889 Way: 0 Address: 0x1add840
  Set: 1890 Way: 0 Address: 0x1add880
  Set: 1891 Way: 0 Address: 0x1add8c0
  Set: 1892 Way: 0 Address: 0x1add900
  Set: 1893 Way: 0 Address: 0x1add940
  Set: 1894 Way: 0 Address: 0x1add980
  Set: 1895 Way: 0 Address: 0x1add9c0
  Set: 1896 Way: 0 Address: 0x1adda00
  Set: 1897 Way: 0 Address: 0x1adda40
  Set: 1898 Way: 0 Address: 0x1adda80
  Set: 1899 Way: 0 Address: 0x1addac0
  Set: 1900 Way: 0 Address: 0x1addb00
  Set: 1901 Way: 0 Address: 0x1addb40
  Set: 1902 Way: 0 Address: 0x1addb80
  Set: 1903 Way: 0 Address: 0x1addbc0
  Set: 1904 Way: 0 Address: 0x1addc00
  Set: 1905 Way: 0 Address: 0x1addc40
  Set: 1906 Way: 0 Address: 0x1addc80
  Set: 1907 Way: 0 Address: 0x1addcc0
  Set: 1908 Way: 0 Address: 0x1addd00
  Set: 1909 Way: 0 Address: 0x1addd40
  Set: 1910 Way: 0 Address: 0x23755dd88
  Set: 1910 Way: 1 Address: 0x1addd80
  Set: 1911 Way: 0 Address: 0x1adddc0
  Set: 1912 Way: 0 Address: 0x1adde00
  Set: 1913 Way: 0 Address: 0x1adde40
  Set: 1914 Way: 0 Address: 0x1adde80
  Set: 1915 Way: 0 Address: 0x1addec0
  Set: 1916 Way: 0 Address: 0x1addf00
  Set: 1917 Way: 0 Address: 0x1addf40
  Set: 1918 Way: 0 Address: 0x1addf80
  Set: 1919 Way: 0 Address: 0x1addfc0
  Set: 1920 Way: 0 Address: 0x28b67e000
  Set: 1944 Way: 0 Address: 0x1f919e630
  Set: 1945 Way: 0 Address: 0x1f919e66b
  Set: 1946 Way: 0 Address: 0x1f919e681
  Set: 1947 Way: 0 Address: 0x1f919e6c0
  Set: 1948 Way: 0 Address: 0x1f919e701
  Set: 1949 Way: 0 Address: 0x1f919e743
  Set: 1950 Way: 0 Address: 0x1f919e783
  Set: 1951 Way: 0 Address: 0x28b67e7f8
EndCache
