Cache: cpu0_STLB
  Set: 2 Way: 0 Address: 0x402a12
  Set: 2 Way: 1 Address: 0x482630
  Set: 2 Way: 2 Address: 0x5026e0
  Set: 3 Way: 0 Address: 0x503268
  Set: 4 Way: 0 Address: 0x5044c8
  Set: 31 Way: 0 Address: 0x7ffe85f9f048
  Set: 32 Way: 0 Address: 0x920a20
  Set: 33 Way: 0 Address: 0x921000
  Set: 34 Way: 0 Address: 0x922000
  Set: 35 Way: 0 Address: 0x923000
  Set: 63 Way: 0 Address: 0x73fd88
  Set: 89 Way: 0 Address: 0x8d9018
  Set: 90 Way: 0 Address: 0x8da000
  Set: 91 Way: 0 Address: 0x8db000
  Set: 92 Way: 0 Address: 0x8dc000
  Set: 113 Way: 0 Address: 0x4f1e30
  Set: 121 Way: 0 Address: 0x4f9a00
  Set: 122 Way: 0 Address: 0x47a7aa
  Set: 122 Way: 1 Address: 0x4fa8e0
EndCache
Cache: cpu0_L2C
  Set: 0 Way: 0 Address: 0x6e620000
  Set: 1 Way: 0 Address: 0x6e620040
  Set: 2 Way: 0 Address: 0x6e620080
  Set: 3 Way: 0 Address: 0x6e6200c0
  Set: 4 Way: 0 Address: 0x6e620100
  Set: 5 Way: 0 Address: 0x6e620140
  Set: 6 Way: 0 Address: 0x6e620180
  Set: 7 Way: 0 Address: 0x6e6201c0
  Set: 8 Way: 0 Address: 0x6e620200
  Set: 9 Way: 0 Address: 0x6e620240
  Set: 10 Way: 0 Address: 0x6e620280
  Set: 11 Way: 0 Address: 0x6e6202c0
  Set: 12 Way: 0 Address: 0x6e620300
  Set: 13 Way: 0 Address: 0x6e620340
  Set: 14 Way: 0 Address: 0x6e620380
  Set: 95 Way: 0 Address: 0xf6e817c8
  Set: 102 Way: 0 Address: 0x2a48419ad
  Set: 103 Way: 0 Address: 0x2a48419e0
  Set: 104 Way: 0 Address: 0x2a4841a12
  Set: 105 Way: 0 Address: 0x2a4841a40
  Set: 128 Way: 0 Address: 0x133c92000
  Set: 129 Way: 0 Address: 0x133c92040
  Set: 130 Way: 0 Address: 0x133c92080
  Set: 131 Way: 0 Address: 0x133c920c0
  Set: 132 Way: 0 Address: 0x133c92100
  Set: 133 Way: 0 Address: 0x133c92140
  Set: 134 Way: 0 Address: 0x133c92180
  Set: 135 Way: 0 Address: 0x133c921c0
  Set: 136 Way: 0 Address: 0x133c92200
  Set: 137 Way: 0 Address: 0x133c92240
  Set: 138 Way: 0 Address: 0x133c92280
  Set: 139 Way: 0 Address: 0x133c922c0
  Set: 140 Way: 0 Address: 0x133c92300
  Set: 141 Way: 0 Address: 0x133c92340
  Set: 142 Way: 0 Address: 0x133c92380
  Set: 143 Way: 0 Address: 0x133c923c0
  Set: 144 Way: 0 Address: 0x133c92400
  Set: 145 Way: 0 Address: 0x133c92440
  Set: 146 Way: 0 Address: 0x133c92480
  Set: 147 Way: 0 Address: 0x133c924c0
  Set: 148 Way: 0 Address: 0x133c92500
  Set: 149 Way: 0 Address: 0x133c92540
  Set: 150 Way: 0 Address: 0x133c92580
  Set: 151 Way: 0 Address: 0x133c925c0
  Set: 152 Way: 0 Address: 0x133c92600
  Set: 153 Way: 0 Address: 0x133c92640
  Set: 154 Way: 0 Address: 0x133c92680
  Set: 155 Way: 0 Address: 0x133c926c0
  Set: 156 Way: 0 Address: 0x133c92700
  Set: 157 Way: 0 Address: 0x133c92740
  Set: 158 Way: 0 Address: 0x9cff27aa
  Set: 158 Way: 1 Address: 0x1c84e2788
  Set: 158 Way: 2 Address: 0x133c92780
  Set: 159 Way: 0 Address: 0x9cff27c0
  Set: 159 Way: 1 Address: 0x1c84e27c8
  Set: 159 Way: 2 Address: 0x133c927c0
  Set: 160 Way: 0 Address: 0x1c84e2810
  Set: 160 Way: 1 Address: 0x133c92800
  Set: 161 Way: 0 Address: 0x133c92840
  Set: 162 Way: 0 Address: 0x133c92880
  Set: 163 Way: 0 Address: 0x133c928c0
  Set: 164 Way: 0 Address: 0x133c92900
  Set: 165 Way: 0 Address: 0x133c92940
  Set: 166 Way: 0 Address: 0x133c92980
  Set: 167 Way: 0 Address: 0x133c929c0
  Set: 168 Way: 0 Address: 0x1995f2a00
  Set: 168 Way: 1 Address: 0x133c92a00
  Set: 169 Way: 0 Address: 0x133c92a40
  Set: 170 Way: 0 Address: 0x133c92a80
  Set: 171 Way: 0 Address: 0x133c92ac0
  Set: 172 Way: 0 Address: 0x133c92b00
  Set: 173 Way: 0 Address: 0x133c92b40
  Set: 174 Way: 0 Address: 0x133c92b80
  Set: 175 Way: 0 Address: 0x133c92bc0
  Set: 176 Way: 0 Address: 0x133c92c00
  Set: 177 Way: 0 Address: 0x133c92c40
  Set: 179 Way: 0 Address: 0x6d0c2cf8
  Set: 185 Way: 0 Address: 0x9cff2e40
  Set: 219 Way: 0 Address: 0x2b2e936d0
  Set: 223 Way: 0 Address: 0x3c56b37f8
  Set: 228 Way: 0 Address: 0x2b2e93910
  Set: 256 Way: 0 Address: 0x3de4d4010
  Set: 256 Way: 1 Address: 0x397bb4020
  Set: 272 Way: 0 Address: 0x3de4d4410
  Set: 283 Way: 0 Address: 0x1299346c8
  Set: 283 Way: 1 Address: 0x1ab446e0
  Set: 286 Way: 0 Address: 0x3de4d4788
  Set: 287 Way: 0 Address: 0x3de4d47d0
  Set: 292 Way: 0 Address: 0x129934900
  Set: 292 Way: 1 Address: 0x1ab44918
  Set: 310 Way: 0 Address: 0x3c1074d88
  Set: 312 Way: 0 Address: 0xb8004e30
  Set: 320 Way: 0 Address: 0x195f15000
  Set: 320 Way: 1 Address: 0x354d35000
  Set: 321 Way: 0 Address: 0x354d35040
  Set: 322 Way: 0 Address: 0x354d35080
  Set: 323 Way: 0 Address: 0x354d350c0
  Set: 324 Way: 0 Address: 0x354d35100
  Set: 325 Way: 0 Address: 0x354d35140
  Set: 326 Way: 0 Address: 0x354d35180
  Set: 327 Way: 0 Address: 0x354d351c0
  Set: 328 Way: 0 Address: 0x354d35200
  Set: 329 Way: 0 Address: 0x354d35240
  Set: 330 Way: 0 Address: 0x354d35280
  Set: 331 Way: 0 Address: 0x354d352c0
  Set: 332 Way: 0 Address: 0x354d35300
  Set: 333 Way: 0 Address: 0x354d35340
  Set: 334 Way: 0 Address: 0x354d35380
  Set: 335 Way: 0 Address: 0x354d353c0
  Set: 336 Way: 0 Address: 0x354d35400
  Set: 337 Way: 0 Address: 0x354d35440
  Set: 338 Way: 0 Address: 0x354d35480
  Set: 339 Way: 0 Address: 0x354d354c0
  Set: 340 Way: 0 Address: 0x354d35500
  Set: 341 Way: 0 Address: 0x354d35540
  Set: 342 Way: 0 Address: 0x354d35580
  Set: 343 Way: 0 Address: 0x354d355c0
  Set: 344 Way: 0 Address: 0x354d35600
  Set: 345 Way: 0 Address: 0x354d35640
  Set: 346 Way: 0 Address: 0x354d35680
  Set: 347 Way: 0 Address: 0x354d356c0
  Set: 348 Way: 0 Address: 0x354d35700
  Set: 349 Way: 0 Address: 0x354d35740
  Set: 350 Way: 0 Address: 0x354d35780
  Set: 351 Way: 0 Address: 0x354d357c0
  Set: 352 Way: 0 Address: 0x354d35800
  Set: 353 Way: 0 Address: 0x354d35840
  Set: 354 Way: 0 Address: 0x354d35880
  Set: 355 Way: 0 Address: 0x354d358c0
  Set: 356 Way: 0 Address: 0x354d35900
  Set: 357 Way: 0 Address: 0x354d35940
  Set: 358 Way: 0 Address: 0x354d35980
  Set: 359 Way: 0 Address: 0x354d359c0
  Set: 360 Way: 0 Address: 0x354d35a00
  Set: 361 Way: 0 Address: 0x354d35a40
  Set: 362 Way: 0 Address: 0x354d35a80
  Set: 363 Way: 0 Address: 0x354d35ac0
  Set: 364 Way: 0 Address: 0x354d35b00
  Set: 365 Way: 0 Address: 0x354d35b40
  Set: 366 Way: 0 Address: 0x354d35b80
  Set: 367 Way: 0 Address: 0x354d35bc0
  Set: 368 Way: 0 Address: 0x354d35c00
  Set: 369 Way: 0 Address: 0x354d35c40
  Set: 370 Way: 0 Address: 0x354d35c80
  Set: 371 Way: 0 Address: 0x354d35cc0
  Set: 372 Way: 0 Address: 0x354d35d00
  Set: 373 Way: 0 Address: 0x354d35d40
  Set: 374 Way: 0 Address: 0x354d35d80
  Set: 375 Way: 0 Address: 0x354d35dc0
  Set: 376 Way: 0 Address: 0x354d35e00
  Set: 377 Way: 0 Address: 0x354d35e40
  Set: 378 Way: 0 Address: 0x354d35e80
  Set: 379 Way: 0 Address: 0x354d35ec0
  Set: 380 Way: 0 Address: 0x354d35f00
  Set: 381 Way: 0 Address: 0x354d35f40
  Set: 382 Way: 0 Address: 0x354d35f80
  Set: 383 Way: 0 Address: 0x354d35fc0
  Set: 384 Way: 0 Address: 0x84896000
  Set: 385 Way: 0 Address: 0x84896040
  Set: 386 Way: 0 Address: 0x84896080
  Set: 387 Way: 0 Address: 0x848960c0
  Set: 388 Way: 0 Address: 0x84896100
  Set: 389 Way: 0 Address: 0x84896140
  Set: 390 Way: 0 Address: 0x84896180
  Set: 391 Way: 0 Address: 0x848961c0
  Set: 392 Way: 0 Address: 0x84896200
  Set: 393 Way: 0 Address: 0x84896240
  Set: 394 Way: 0 Address: 0x84896280
  Set: 395 Way: 0 Address: 0x848962c0
  Set: 396 Way: 0 Address: 0x84896300
  Set: 397 Way: 0 Address: 0x84896340
  Set: 398 Way: 0 Address: 0x84896380
  Set: 399 Way: 0 Address: 0x848963c0
  Set: 400 Way: 0 Address: 0x84896400
  Set: 401 Way: 0 Address: 0x84896440
  Set: 402 Way: 0 Address: 0x84896480
  Set: 403 Way: 0 Address: 0x848964c0
  Set: 404 Way: 0 Address: 0x84896500
  Set: 405 Way: 0 Address: 0x84896540
  Set: 406 Way: 0 Address: 0x84896580
  Set: 407 Way: 0 Address: 0x848965c0
  Set: 408 Way: 0 Address: 0x84896600
  Set: 409 Way: 0 Address: 0x84896640
  Set: 410 Way: 0 Address: 0x84896680
  Set: 411 Way: 0 Address: 0x848966c0
  Set: 411 Way: 1 Address: 0x211d166d8
  Set: 412 Way: 0 Address: 0x84896700
  Set: 413 Way: 0 Address: 0x84896740
  Set: 414 Way: 0 Address: 0x84896780
  Set: 415 Way: 0 Address: 0x848967c0
  Set: 416 Way: 0 Address: 0x84896800
  Set: 417 Way: 0 Address: 0x84896840
  Set: 418 Way: 0 Address: 0x84896880
  Set: 419 Way: 0 Address: 0x437368e0
  Set: 419 Way: 1 Address: 0x848968c0
  Set: 420 Way: 0 Address: 0x84896900
  Set: 420 Way: 1 Address: 0x211d16918
  Set: 421 Way: 0 Address: 0x84896940
  Set: 422 Way: 0 Address: 0x84896980
  Set: 423 Way: 0 Address: 0x3dae669f8
  Set: 423 Way: 1 Address: 0x848969c0
  Set: 424 Way: 0 Address: 0x84896a00
  Set: 425 Way: 0 Address: 0x84896a40
  Set: 426 Way: 0 Address: 0x84896a80
  Set: 427 Way: 0 Address: 0x84896ac0
  Set: 428 Way: 0 Address: 0x84896b00
  Set: 429 Way: 0 Address: 0x84896b40
  Set: 430 Way: 0 Address: 0x84896b80
  Set: 431 Way: 0 Address: 0x84896bc0
  Set: 432 Way: 0 Address: 0x84896c00
  Set: 433 Way: 0 Address: 0x84896c40
  Set: 434 Way: 0 Address: 0x84896c80
  Set: 435 Way: 0 Address: 0x84896cc0
  Set: 436 Way: 0 Address: 0x84896d00
  Set: 437 Way: 0 Address: 0x84896d40
  Set: 438 Way: 0 Address: 0x84896d80
  Set: 439 Way: 0 Address: 0x84896dc0
  Set: 440 Way: 0 Address: 0x84896e00
  Set: 441 Way: 0 Address: 0x84896e40
  Set: 442 Way: 0 Address: 0x84896e80
  Set: 443 Way: 0 Address: 0x84896ec0
  Set: 444 Way: 0 Address: 0x84896f00
  Set: 445 Way: 0 Address: 0x84896f40
  Set: 446 Way: 0 Address: 0x84896f80
  Set: 447 Way: 0 Address: 0x84896fc0
  Set: 448 Way: 0 Address: 0x276ff7000
  Set: 449 Way: 0 Address: 0x276ff7040
  Set: 450 Way: 0 Address: 0x276ff7080
  Set: 451 Way: 0 Address: 0x276ff70c0
  Set: 452 Way: 0 Address: 0x276ff7100
  Set: 453 Way: 0 Address: 0x276ff7140
  Set: 454 Way: 0 Address: 0x276ff7180
  Set: 455 Way: 0 Address: 0x276ff71c0
  Set: 456 Way: 0 Address: 0x276ff7200
  Set: 457 Way: 0 Address: 0x276ff7240
  Set: 458 Way: 0 Address: 0x276ff7280
  Set: 459 Way: 0 Address: 0x276ff72c0
  Set: 460 Way: 0 Address: 0x276ff7300
  Set: 461 Way: 0 Address: 0x276ff7340
  Set: 462 Way: 0 Address: 0x276ff7380
  Set: 463 Way: 0 Address: 0x276ff73c0
  Set: 464 Way: 0 Address: 0x276ff7400
  Set: 465 Way: 0 Address: 0x276ff7440
  Set: 466 Way: 0 Address: 0x276ff7480
  Set: 467 Way: 0 Address: 0x276ff74c0
  Set: 468 Way: 0 Address: 0x276ff7500
  Set: 469 Way: 0 Address: 0x276ff7540
  Set: 470 Way: 0 Address: 0x276ff7580
  Set: 471 Way: 0 Address: 0x276ff75c0
  Set: 472 Way: 0 Address: 0x276ff7600
  Set: 473 Way: 0 Address: 0x276ff7640
  Set: 474 Way: 0 Address: 0x276ff7680
  Set: 475 Way: 0 Address: 0x276ff76c0
  Set: 476 Way: 0 Address: 0x276ff7700
  Set: 477 Way: 0 Address: 0x276ff7740
  Set: 478 Way: 0 Address: 0x276ff7780
  Set: 479 Way: 0 Address: 0x276ff77c0
  Set: 480 Way: 0 Address: 0x309887818
  Set: 480 Way: 1 Address: 0x276ff7800
  Set: 481 Way: 0 Address: 0x276ff7840
  Set: 482 Way: 0 Address: 0x276ff7880
  Set: 483 Way: 0 Address: 0x276ff78c0
  Set: 484 Way: 0 Address: 0x276ff7900
  Set: 485 Way: 0 Address: 0x276ff7940
  Set: 486 Way: 0 Address: 0x276ff7980
  Set: 487 Way: 0 Address: 0x276ff79c0
  Set: 488 Way: 0 Address: 0x276ff7a00
  Set: 489 Way: 0 Address: 0x276ff7a40
  Set: 490 Way: 0 Address: 0x276ff7a80
  Set: 491 Way: 0 Address: 0x276ff7ac0
  Set: 492 Way: 0 Address: 0x276ff7b00
  Set: 493 Way: 0 Address: 0x276ff7b40
  Set: 494 Way: 0 Address: 0x276ff7b80
  Set: 495 Way: 0 Address: 0x276ff7bc0
  Set: 496 Way: 0 Address: 0x276ff7c00
  Set: 497 Way: 0 Address: 0x276ff7c40
  Set: 498 Way: 0 Address: 0x276ff7c80
  Set: 499 Way: 0 Address: 0x276ff7cc0
  Set: 500 Way: 0 Address: 0x276ff7d00
  Set: 501 Way: 0 Address: 0x276ff7d40
  Set: 502 Way: 0 Address: 0x276ff7d80
  Set: 503 Way: 0 Address: 0x276ff7dc0
  Set: 504 Way: 0 Address: 0x276ff7e00
  Set: 505 Way: 0 Address: 0x276ff7e40
  Set: 506 Way: 0 Address: 0x276ff7e80
  Set: 507 Way: 0 Address: 0x276ff7ec0
  Set: 508 Way: 0 Address: 0x276ff7f00
  Set: 509 Way: 0 Address: 0x276ff7f40
  Set: 510 Way: 0 Address: 0x276ff7f80
  Set: 511 Way: 0 Address: 0x276ff7fc0
  Set: 512 Way: 0 Address: 0xc7078018
  Set: 513 Way: 0 Address: 0xc7078040
  Set: 514 Way: 0 Address: 0xc7078080
  Set: 515 Way: 0 Address: 0xc70780c0
  Set: 516 Way: 0 Address: 0xc7078100
  Set: 517 Way: 0 Address: 0xc7078140
  Set: 518 Way: 0 Address: 0xc7078180
  Set: 519 Way: 0 Address: 0xc70781c0
  Set: 520 Way: 0 Address: 0xc7078200
  Set: 521 Way: 0 Address: 0xc7078240
  Set: 522 Way: 0 Address: 0xc7078280
  Set: 523 Way: 0 Address: 0xc70782c0
  Set: 524 Way: 0 Address: 0xc7078300
  Set: 525 Way: 0 Address: 0xc7078340
  Set: 526 Way: 0 Address: 0xc7078380
  Set: 527 Way: 0 Address: 0xc70783c0
  Set: 528 Way: 0 Address: 0xc7078400
  Set: 529 Way: 0 Address: 0xc7078440
  Set: 530 Way: 0 Address: 0xc7078480
  Set: 531 Way: 0 Address: 0xc70784c0
  Set: 532 Way: 0 Address: 0xc7078500
  Set: 533 Way: 0 Address: 0xc7078540
  Set: 534 Way: 0 Address: 0xc7078580
  Set: 535 Way: 0 Address: 0xc70785c0
  Set: 536 Way: 0 Address: 0x201598630
  Set: 536 Way: 1 Address: 0xc7078600
  Set: 537 Way: 0 Address: 0x201598642
  Set: 537 Way: 1 Address: 0xc7078640
  Set: 538 Way: 0 Address: 0x201598681
  Set: 538 Way: 1 Address: 0xc7078680
  Set: 539 Way: 0 Address: 0x2015986c0
  Set: 539 Way: 1 Address: 0xc70786c0
  Set: 540 Way: 0 Address: 0x201598701
  Set: 540 Way: 1 Address: 0xc7078700
  Set: 541 Way: 0 Address: 0x201598743
  Set: 541 Way: 1 Address: 0xc7078740
  Set: 542 Way: 0 Address: 0x201598783
  Set: 542 Way: 1 Address: 0xc7078780
  Set: 543 Way: 0 Address: 0xc70787c0
  Set: 544 Way: 0 Address: 0xc7078800
  Set: 545 Way: 0 Address: 0xc7078840
  Set: 546 Way: 0 Address: 0xc7078880
  Set: 547 Way: 0 Address: 0xc70788c0
  Set: 548 Way: 0 Address: 0xc7078900
  Set: 549 Way: 0 Address: 0xc7078940
  Set: 550 Way: 0 Address: 0xc7078980
  Set: 551 Way: 0 Address: 0xc70789c0
  Set: 552 Way: 0 Address: 0xc7078a00
  Set: 553 Way: 0 Address: 0xc7078a40
  Set: 554 Way: 0 Address: 0xc7078a80
  Set: 555 Way: 0 Address: 0xc7078ac0
  Set: 556 Way: 0 Address: 0xc7078b00
  Set: 557 Way: 0 Address: 0xc7078b40
  Set: 558 Way: 0 Address: 0xc7078b80
  Set: 559 Way: 0 Address: 0xc7078bc0
  Set: 560 Way: 0 Address: 0xc7078c00
  Set: 561 Way: 0 Address: 0xc7078c40
  Set: 562 Way: 0 Address: 0xc7078c80
  Set: 563 Way: 0 Address: 0xc7078cc0
  Set: 564 Way: 0 Address: 0xc7078d00
  Set: 565 Way: 0 Address: 0xc7078d40
  Set: 566 Way: 0 Address: 0xc7078d80
  Set: 567 Way: 0 Address: 0xc7078dc0
  Set: 568 Way: 0 Address: 0xc7078e00
  Set: 569 Way: 0 Address: 0xc7078e40
  Set: 570 Way: 0 Address: 0xc7078e80
  Set: 571 Way: 0 Address: 0xc7078ec0
  Set: 572 Way: 0 Address: 0xc7078f00
  Set: 573 Way: 0 Address: 0xc7078f40
  Set: 574 Way: 0 Address: 0xc7078f80
  Set: 575 Way: 0 Address: 0x1aafb8fd0
  Set: 575 Way: 1 Address: 0xc7078fc0
  Set: 595 Way: 0 Address: 0x2ee3694c8
  Set: 608 Way: 0 Address: 0x292959810
  Set: 655 Way: 0 Address: 0x1d89da3d0
  Set: 656 Way: 0 Address: 0x223eda410
  Set: 731 Way: 0 Address: 0x394edb6d0
  Set: 740 Way: 0 Address: 0x394edb908
  Set: 768 Way: 0 Address: 0xdf85c000
  Set: 795 Way: 0 Address: 0x12c6fc6e0
  Set: 796 Way: 0 Address: 0x12c6fc700
  Set: 797 Way: 0 Address: 0x12c6fc740
  Set: 799 Way: 0 Address: 0x29484c7d0
  Set: 800 Way: 0 Address: 0x12c6fc800
  Set: 801 Way: 0 Address: 0x12c6fc840
  Set: 802 Way: 0 Address: 0x12c6fc880
  Set: 803 Way: 0 Address: 0x12c6fc8c0
  Set: 808 Way: 0 Address: 0x38e35ca20
  Set: 809 Way: 0 Address: 0x38e35ca40
  Set: 810 Way: 0 Address: 0x38e35ca80
  Set: 811 Way: 0 Address: 0x38e35cac0
  Set: 812 Way: 0 Address: 0x38e35cb00
  Set: 813 Way: 0 Address: 0x38e35cb40
  Set: 814 Way: 0 Address: 0x38e35cb80
  Set: 815 Way: 0 Address: 0x38e35cbc0
  Set: 816 Way: 0 Address: 0x38e35cc00
  Set: 817 Way: 0 Address: 0x38e35cc40
  Set: 818 Way: 0 Address: 0x38e35cc80
  Set: 819 Way: 0 Address: 0x38e35ccc0
  Set: 820 Way: 0 Address: 0x38e35cd00
  Set: 821 Way: 0 Address: 0x38e35cd40
  Set: 822 Way: 0 Address: 0x38e35cd80
  Set: 823 Way: 0 Address: 0x38e35cdc0
  Set: 824 Way: 0 Address: 0x38e35ce00
  Set: 825 Way: 0 Address: 0x38e35ce40
  Set: 826 Way: 0 Address: 0x38e35ce80
  Set: 827 Way: 0 Address: 0x38e35cec0
  Set: 828 Way: 0 Address: 0x38e35cf00
  Set: 829 Way: 0 Address: 0x38e35cf40
  Set: 830 Way: 0 Address: 0x38e35cf80
  Set: 831 Way: 0 Address: 0x38e35cfc0
  Set: 832 Way: 0 Address: 0x5588d000
  Set: 833 Way: 0 Address: 0x5588d040
  Set: 834 Way: 0 Address: 0x5588d080
  Set: 835 Way: 0 Address: 0x5588d0c0
  Set: 836 Way: 0 Address: 0x5588d100
  Set: 837 Way: 0 Address: 0x5588d140
  Set: 838 Way: 0 Address: 0x5588d180
  Set: 839 Way: 0 Address: 0x5588d1c0
  Set: 840 Way: 0 Address: 0x5588d200
  Set: 841 Way: 0 Address: 0x23755d268
  Set: 841 Way: 1 Address: 0x5588d240
  Set: 842 Way: 0 Address: 0x5588d280
  Set: 843 Way: 0 Address: 0x5588d2c0
  Set: 844 Way: 0 Address: 0x5588d300
  Set: 845 Way: 0 Address: 0x5588d340
  Set: 846 Way: 0 Address: 0x5588d380
  Set: 847 Way: 0 Address: 0x5588d3c0
  Set: 848 Way: 0 Address: 0x5588d400
  Set: 849 Way: 0 Address: 0x5588d440
  Set: 850 Way: 0 Address: 0x5588d480
  Set: 851 Way: 0 Address: 0x5588d4c0
  Set: 852 Way: 0 Address: 0x5588d500
  Set: 853 Way: 0 Address: 0x5588d540
  Set: 854 Way: 0 Address: 0x5588d580
  Set: 855 Way: 0 Address: 0x5588d5c0
  Set: 856 Way: 0 Address: 0x5588d600
  Set: 857 Way: 0 Address: 0x5588d640
  Set: 858 Way: 0 Address: 0x5588d680
  Set: 859 Way: 0 Address: 0x1add6d8
  Set: 859 Way: 1 Address: 0x5588d6c0
  Set: 860 Way: 0 Address: 0x5588d700
  Set: 861 Way: 0 Address: 0x5588d740
  Set: 862 Way: 0 Address: 0x5588d780
  Set: 863 Way: 0 Address: 0x5588d7c0
  Set: 864 Way: 0 Address: 0x5588d800
  Set: 865 Way: 0 Address: 0x5588d840
  Set: 866 Way: 0 Address: 0x5588d880
  Set: 867 Way: 0 Address: 0x5588d8c0
  Set: 868 Way: 0 Address: 0x1add910
  Set: 868 Way: 1 Address: 0x5588d900
  Set: 869 Way: 0 Address: 0x5588d940
  Set: 870 Way: 0 Address: 0x5588d980
  Set: 871 Way: 0 Address: 0x5588d9c0
  Set: 872 Way: 0 Address: 0x5588da00
  Set: 873 Way: 0 Address: 0x5588da40
  Set: 874 Way: 0 Address: 0x5588da80
  Set: 875 Way: 0 Address: 0x5588dac0
  Set: 876 Way: 0 Address: 0x5588db00
  Set: 877 Way: 0 Address: 0x5588db40
  Set: 878 Way: 0 Address: 0x5588db80
  Set: 879 Way: 0 Address: 0x5588dbc0
  Set: 880 Way: 0 Address: 0x5588dc00
  Set: 881 Way: 0 Address: 0x5588dc40
  Set: 882 Way: 0 Address: 0x5588dc80
  Set: 883 Way: 0 Address: 0x5588dcc0
  Set: 884 Way: 0 Address: 0x5588dd00
  Set: 885 Way: 0 Address: 0x5588dd40
  Set: 886 Way: 0 Address: 0x5588dd80
  Set: 887 Way: 0 Address: 0x5588ddc0
  Set: 888 Way: 0 Address: 0x5588de00
  Set: 889 Way: 0 Address: 0x5588de40
  Set: 890 Way: 0 Address: 0x5588de80
  Set: 891 Way: 0 Address: 0x5588dec0
  Set: 892 Way: 0 Address: 0x5588df00
  Set: 893 Way: 0 Address: 0x5588df40
  Set: 894 Way: 0 Address: 0x5588df80
  Set: 895 Way: 0 Address: 0x5588dfc0
  Set: 896 Way: 0 Address: 0x28b67e000
  Set: 896 Way: 1 Address: 0x1f919e010
  Set: 896 Way: 2 Address: 0x2f5d8e028
  Set: 897 Way: 0 Address: 0x2f5d8e048
  Set: 900 Way: 0 Address: 0x2f5d8e130
  Set: 901 Way: 0 Address: 0x3734ee178
  Set: 901 Way: 1 Address: 0x2f5d8e158
  Set: 902 Way: 0 Address: 0x2f5d8e1a8
  Set: 905 Way: 0 Address: 0x2f5d8e278
  Set: 906 Way: 0 Address: 0x2f5d8e280
  Set: 908 Way: 0 Address: 0x2f5d8e338
  Set: 923 Way: 0 Address: 0x1c084e6e0
  Set: 927 Way: 0 Address: 0x28b67e7f8
  Set: 960 Way: 0 Address: 0xee86f018
  Set: 992 Way: 0 Address: 0x16390f820
  Set: 996 Way: 0 Address: 0x143ef900
EndCache
Cache: cpu0_L1I
  Set: 24 Way: 0 Address: 0x201598630
  Set: 25 Way: 0 Address: 0x201598642
  Set: 26 Way: 0 Address: 0x2015986ba
  Set: 27 Way: 0 Address: 0x2015986e7
  Set: 28 Way: 0 Address: 0x20159872e
  Set: 29 Way: 0 Address: 0x20159877b
  Set: 30 Way: 0 Address: 0x9cff2780
  Set: 30 Way: 1 Address: 0x2015987b2
  Set: 31 Way: 0 Address: 0x9cff27c0
  Set: 38 Way: 0 Address: 0x2a48419ad
  Set: 39 Way: 0 Address: 0x2a48419e0
  Set: 40 Way: 0 Address: 0x2a4841a01
  Set: 41 Way: 0 Address: 0x2a4841a40
  Set: 57 Way: 0 Address: 0x9cff2e40
EndCache
Cache: cpu0_L1D
  Set: 0 Way: 0 Address: 0x5588d000
  Set: 0 Way: 1 Address: 0x133c92038
  Set: 0 Way: 2 Address: 0x6e620000
  Set: 0 Way: 3 Address: 0x1f919e010
  Set: 0 Way: 4 Address: 0x3de4d4010
  Set: 0 Way: 5 Address: 0x397bb4020
  Set: 0 Way: 6 Address: 0xc7078018
  Set: 0 Way: 7 Address: 0xee86f018
  Set: 0 Way: 8 Address: 0x2f5d8e028
  Set: 0 Way: 9 Address: 0x354d35038
  Set: 0 Way: 10 Address: 0x276ff7000
  Set: 0 Way: 11 Address: 0x84896038
  Set: 1 Way: 0 Address: 0x2f5d8e068
  Set: 1 Way: 1 Address: 0xc7078040
  Set: 1 Way: 2 Address: 0x354d35070
  Set: 1 Way: 3 Address: 0x276ff7040
  Set: 1 Way: 4 Address: 0x84896078
  Set: 1 Way: 5 Address: 0x5588d040
  Set: 1 Way: 6 Address: 0x133c92078
  Set: 1 Way: 7 Address: 0x6e620040
  Set: 2 Way: 0 Address: 0xc7078080
  Set: 2 Way: 1 Address: 0x354d35098
  Set: 2 Way: 2 Address: 0x276ff7080
  Set: 2 Way: 3 Address: 0x84896098
  Set: 2 Way: 4 Address: 0x5588d080
  Set: 2 Way: 5 Address: 0x133c920a0
  Set: 2 Way: 6 Address: 0x6e620080
  Set: 3 Way: 0 Address: 0xc70780c0
  Set: 3 Way: 1 Address: 0x354d350d8
  Set: 3 Way: 2 Address: 0x276ff70c0
  Set: 3 Way: 3 Address: 0x848960d8
  Set: 3 Way: 4 Address: 0x5588d0c0
  Set: 3 Way: 5 Address: 0x133c920f8
  Set: 3 Way: 6 Address: 0x6e6200c0
  Set: 4 Way: 0 Address: 0xc7078100
  Set: 4 Way: 1 Address: 0x2f5d8e130
  Set: 4 Way: 2 Address: 0x354d35118
  Set: 4 Way: 3 Address: 0x276ff7100
  Set: 4 Way: 4 Address: 0x84896118
  Set: 4 Way: 5 Address: 0x5588d100
  Set: 4 Way: 6 Address: 0x133c92118
  Set: 4 Way: 7 Address: 0x6e620100
  Set: 5 Way: 0 Address: 0x3734ee178
  Set: 5 Way: 1 Address: 0xc7078140
  Set: 5 Way: 2 Address: 0x2f5d8e158
  Set: 5 Way: 3 Address: 0x354d35158
  Set: 5 Way: 4 Address: 0x276ff7140
  Set: 5 Way: 5 Address: 0x84896158
  Set: 5 Way: 6 Address: 0x5588d140
  Set: 5 Way: 7 Address: 0x133c92158
  Set: 5 Way: 8 Address: 0x6e620140
  Set: 6 Way: 0 Address: 0x2f5d8e1a8
  Set: 6 Way: 1 Address: 0xc7078180
  Set: 6 Way: 2 Address: 0x354d35190
  Set: 6 Way: 3 Address: 0x276ff7180
  Set: 6 Way: 4 Address: 0x84896198
  Set: 6 Way: 5 Address: 0x5588d180
  Set: 6 Way: 6 Address: 0x133c92198
  Set: 6 Way: 7 Address: 0x6e620180
  Set: 7 Way: 0 Address: 0xc70781c0
  Set: 7 Way: 1 Address: 0x354d351e0
  Set: 7 Way: 2 Address: 0x276ff71c0
  Set: 7 Way: 3 Address: 0x848961d8
  Set: 7 Way: 4 Address: 0x5588d1c0
  Set: 7 Way: 5 Address: 0x133c921d8
  Set: 7 Way: 6 Address: 0x6e6201c0
  Set: 8 Way: 0 Address: 0xc7078200
  Set: 8 Way: 1 Address: 0x354d35220
  Set: 8 Way: 2 Address: 0x276ff7200
  Set: 8 Way: 3 Address: 0x84896220
  Set: 8 Way: 4 Address: 0x5588d200
  Set: 8 Way: 5 Address: 0x133c92218
  Set: 8 Way: 6 Address: 0x6e620200
  Set: 9 Way: 0 Address: 0x23755d260
  Set: 9 Way: 1 Address: 0xc7078240
  Set: 9 Way: 2 Address: 0x2f5d8e278
  Set: 9 Way: 3 Address: 0x354d35260
  Set: 9 Way: 4 Address: 0x276ff7240
  Set: 9 Way: 5 Address: 0x84896260
  Set: 9 Way: 6 Address: 0x5588d240
  Set: 9 Way: 7 Address: 0x133c92258
  Set: 9 Way: 8 Address: 0x6e620240
  Set: 10 Way: 0 Address: 0xc7078280
  Set: 10 Way: 1 Address: 0x2f5d8e280
  Set: 10 Way: 2 Address: 0x354d352a0
  Set: 10 Way: 3 Address: 0x276ff7280
  Set: 10 Way: 4 Address: 0x848962a0
  Set: 10 Way: 5 Address: 0x5588d280
  Set: 10 Way: 6 Address: 0x133c92298
  Set: 10 Way: 7 Address: 0x6e620280
  Set: 11 Way: 0 Address: 0xc70782c0
  Set: 11 Way: 1 Address: 0x354d352e0
  Set: 11 Way: 2 Address: 0x276ff72c0
  Set: 11 Way: 3 Address: 0x848962e0
  Set: 11 Way: 4 Address: 0x5588d2c0
  Set: 11 Way: 5 Address: 0x133c922d8
  Set: 11 Way: 6 Address: 0x6e6202c0
  Set: 12 Way: 0 Address: 0x2f5d8e338
  Set: 12 Way: 1 Address: 0xc7078300
  Set: 12 Way: 2 Address: 0x354d35320
  Set: 12 Way: 3 Address: 0x276ff7300
  Set: 12 Way: 4 Address: 0x84896320
  Set: 12 Way: 5 Address: 0x5588d300
  Set: 12 Way: 6 Address: 0x133c92318
  Set: 12 Way: 7 Address: 0x6e620300
  Set: 13 Way: 0 Address: 0xc7078340
  Set: 13 Way: 1 Address: 0x354d35360
  Set: 13 Way: 2 Address: 0x276ff7340
  Set: 13 Way: 3 Address: 0x84896360
  Set: 13 Way: 4 Address: 0x5588d340
  Set: 13 Way: 5 Address: 0x133c92358
  Set: 13 Way: 6 Address: 0x6e620340
  Set: 14 Way: 0 Address: 0xc7078380
  Set: 14 Way: 1 Address: 0x354d353a0
  Set: 14 Way: 2 Address: 0x276ff7380
  Set: 14 Way: 3 Address: 0x848963b8
  Set: 14 Way: 4 Address: 0x5588d380
  Set: 14 Way: 5 Address: 0x133c92398
  Set: 14 Way: 6 Address: 0x6e620380
  Set: 15 Way: 0 Address: 0x1d89da3d0
  Set: 15 Way: 1 Address: 0xc70783c0
  Set: 15 Way: 2 Address: 0x354d353e0
  Set: 15 Way: 3 Address: 0x276ff73c0
  Set: 15 Way: 4 Address: 0x848963d8
  Set: 15 Way: 5 Address: 0x5588d3c0
  Set: 15 Way: 6 Address: 0x133c923d8
  Set: 16 Way: 0 Address: 0x3de4d4410
  Set: 16 Way: 1 Address: 0x223eda410
  Set: 16 Way: 2 Address: 0xc7078400
  Set: 16 Way: 3 Address: 0x354d35420
  Set: 16 Way: 4 Address: 0x276ff7400
  Set: 16 Way: 5 Address: 0x84896418
  Set: 16 Way: 6 Address: 0x5588d400
  Set: 16 Way: 7 Address: 0x133c92418
  Set: 17 Way: 0 Address: 0xc7078440
  Set: 17 Way: 1 Address: 0x354d35460
  Set: 17 Way: 2 Address: 0x276ff7440
  Set: 17 Way: 3 Address: 0x84896458
  Set: 17 Way: 4 Address: 0x5588d440
  Set: 17 Way: 5 Address: 0x133c92458
  Set: 18 Way: 0 Address: 0xc7078480
  Set: 18 Way: 1 Address: 0x354d354a0
  Set: 18 Way: 2 Address: 0x276ff7480
  Set: 18 Way: 3 Address: 0x84896498
  Set: 18 Way: 4 Address: 0x5588d480
  Set: 18 Way: 5 Address: 0x133c924a0
  Set: 19 Way: 0 Address: 0x2ee3694c0
  Set: 19 Way: 1 Address: 0xc70784c0
  Set: 19 Way: 2 Address: 0x354d354e0
  Set: 19 Way: 3 Address: 0x276ff74c0
  Set: 19 Way: 4 Address: 0x848964d8
  Set: 19 Way: 5 Address: 0x5588d4c0
  Set: 19 Way: 6 Address: 0x133c924d8
  Set: 20 Way: 0 Address: 0xc7078500
  Set: 20 Way: 1 Address: 0x354d35520
  Set: 20 Way: 2 Address: 0x276ff7500
  Set: 20 Way: 3 Address: 0x84896518
  Set: 20 Way: 4 Address: 0x5588d500
  Set: 20 Way: 5 Address: 0x133c92518
  Set: 21 Way: 0 Address: 0xc7078540
  Set: 21 Way: 1 Address: 0x354d35560
  Set: 21 Way: 2 Address: 0x276ff7540
  Set: 21 Way: 3 Address: 0x84896558
  Set: 21 Way: 4 Address: 0x5588d540
  Set: 21 Way: 5 Address: 0x133c92558
  Set: 22 Way: 0 Address: 0xc7078580
  Set: 22 Way: 1 Address: 0x354d355a0
  Set: 22 Way: 2 Address: 0x276ff7580
  Set: 22 Way: 3 Address: 0x84896598
  Set: 22 Way: 4 Address: 0x5588d580
  Set: 22 Way: 5 Address: 0x133c92598
  Set: 23 Way: 0 Address: 0xc70785c0
  Set: 23 Way: 1 Address: 0x354d355e0
  Set: 23 Way: 2 Address: 0x276ff75c0
  Set: 23 Way: 3 Address: 0x848965d8
  Set: 23 Way: 4 Address: 0x5588d5c0
  Set: 23 Way: 5 Address: 0x133c925e0
  Set: 24 Way: 0 Address: 0xc7078600
  Set: 24 Way: 1 Address: 0x354d35638
  Set: 24 Way: 2 Address: 0x276ff7600
  Set: 24 Way: 3 Address: 0x84896618
  Set: 24 Way: 4 Address: 0x5588d600
  Set: 24 Way: 5 Address: 0x133c92620
  Set: 25 Way: 0 Address: 0xc7078640
  Set: 25 Way: 1 Address: 0x354d35658
  Set: 25 Way: 2 Address: 0x276ff7640
  Set: 25 Way: 3 Address: 0x84896658
  Set: 25 Way: 4 Address: 0x5588d640
  Set: 25 Way: 5 Address: 0x133c92660
  Set: 26 Way: 0 Address: 0xc7078680
  Set: 26 Way: 1 Address: 0x354d35698
  Set: 26 Way: 2 Address: 0x276ff7680
  Set: 26 Way: 3 Address: 0x84896698
  Set: 26 Way: 4 Address: 0x5588d680
  Set: 26 Way: 5 Address: 0x133c926a0
  Set: 27 Way: 0 Address: 0x1ab446e0
  Set: 27 Way: 1 Address: 0x12c6fc6e8
  Set: 27 Way: 2 Address: 0xc70786c0
  Set: 27 Way: 3 Address: 0x354d356d8
  Set: 27 Way: 4 Address: 0x1c084e6e0
  Set: 27 Way: 5 Address: 0x2b2e936d0
  Set: 27 Way: 6 Address: 0x276ff76c0
  Set: 27 Way: 7 Address: 0x848966d8
  Set: 27 Way: 8 Address: 0x1add6d8
  Set: 27 Way: 9 Address: 0x211d166d8
  Set: 27 Way: 10 Address: 0x5588d6c0
  Set: 27 Way: 11 Address: 0x133c926e0
  Set: 28 Way: 0 Address: 0x12c6fc700
  Set: 28 Way: 1 Address: 0xc7078700
  Set: 28 Way: 2 Address: 0x354d35718
  Set: 28 Way: 3 Address: 0x276ff7700
  Set: 28 Way: 4 Address: 0x84896718
  Set: 28 Way: 5 Address: 0x5588d700
  Set: 28 Way: 6 Address: 0x133c92720
  Set: 29 Way: 0 Address: 0x12c6fc740
  Set: 29 Way: 1 Address: 0xc7078740
  Set: 29 Way: 2 Address: 0x354d35758
  Set: 29 Way: 3 Address: 0x276ff7740
  Set: 29 Way: 4 Address: 0x84896758
  Set: 29 Way: 5 Address: 0x5588d740
  Set: 29 Way: 6 Address: 0x133c92760
  Set: 30 Way: 0 Address: 0x3de4d4788
  Set: 30 Way: 1 Address: 0x1c84e2788
  Set: 30 Way: 2 Address: 0xc7078780
  Set: 30 Way: 3 Address: 0x354d35790
  Set: 30 Way: 4 Address: 0x276ff7780
  Set: 30 Way: 5 Address: 0x84896798
  Set: 30 Way: 6 Address: 0x5588d780
  Set: 30 Way: 7 Address: 0x133c927a0
  Set: 31 Way: 0 Address: 0x28b67e7f8
  Set: 31 Way: 1 Address: 0x3de4d47d0
  Set: 31 Way: 2 Address: 0x3c56b37f8
  Set: 31 Way: 3 Address: 0x29484c7d0
  Set: 31 Way: 4 Address: 0x1c84e27c8
  Set: 31 Way: 5 Address: 0xf6e817c8
  Set: 31 Way: 6 Address: 0xc70787c0
  Set: 31 Way: 7 Address: 0x354d357d8
  Set: 31 Way: 8 Address: 0x276ff77c0
  Set: 31 Way: 9 Address: 0x848967d8
  Set: 31 Way: 10 Address: 0x5588d7c0
  Set: 31 Way: 11 Address: 0x133c927f8
  Set: 32 Way: 0 Address: 0x1c84e2810
  Set: 32 Way: 1 Address: 0x292959810
  Set: 32 Way: 2 Address: 0x309887818
  Set: 32 Way: 3 Address: 0x16390f820
  Set: 32 Way: 4 Address: 0x12c6fc800
  Set: 32 Way: 5 Address: 0xc7078800
  Set: 32 Way: 6 Address: 0x354d35818
  Set: 32 Way: 7 Address: 0x276ff7800
  Set: 32 Way: 8 Address: 0x84896820
  Set: 32 Way: 9 Address: 0x5588d800
  Set: 32 Way: 10 Address: 0x133c92818
  Set: 33 Way: 0 Address: 0x12c6fc840
  Set: 33 Way: 1 Address: 0xc7078840
  Set: 33 Way: 2 Address: 0x354d35858
  Set: 33 Way: 3 Address: 0x276ff7840
  Set: 33 Way: 4 Address: 0x84896860
  Set: 33 Way: 5 Address: 0x5588d840
  Set: 33 Way: 6 Address: 0x133c92858
  Set: 34 Way: 0 Address: 0x12c6fc880
  Set: 34 Way: 1 Address: 0xc7078880
  Set: 34 Way: 2 Address: 0x354d35898
  Set: 34 Way: 3 Address: 0x276ff7880
  Set: 34 Way: 4 Address: 0x848968a0
  Set: 34 Way: 5 Address: 0x5588d880
  Set: 34 Way: 6 Address: 0x133c92898
  Set: 35 Way: 0 Address: 0x437368e0
  Set: 35 Way: 1 Address: 0x12c6fc8c0
  Set: 35 Way: 2 Address: 0xc70788c0
  Set: 35 Way: 3 Address: 0x354d358d8
  Set: 35 Way: 4 Address: 0x276ff78c0
  Set: 35 Way: 5 Address: 0x848968e0
  Set: 35 Way: 6 Address: 0x5588d8c0
  Set: 35 Way: 7 Address: 0x133c928d8
  Set: 36 Way: 0 Address: 0x133c92918
  Set: 36 Way: 1 Address: 0x143ef900
  Set: 36 Way: 2 Address: 0x394edb908
  Set: 36 Way: 3 Address: 0xc7078900
  Set: 36 Way: 4 Address: 0x354d35918
  Set: 36 Way: 5 Address: 0x2b2e93910
  Set: 36 Way: 6 Address: 0x1add910
  Set: 36 Way: 7 Address: 0x276ff7900
  Set: 36 Way: 8 Address: 0x84896920
  Set: 36 Way: 9 Address: 0x211d16918
  Set: 36 Way: 10 Address: 0x1ab44918
  Set: 36 Way: 11 Address: 0x5588d900
  Set: 37 Way: 0 Address: 0xc7078940
  Set: 37 Way: 1 Address: 0x354d35958
  Set: 37 Way: 2 Address: 0x276ff7940
  Set: 37 Way: 3 Address: 0x84896960
  Set: 37 Way: 4 Address: 0x5588d940
  Set: 37 Way: 5 Address: 0x133c92958
  Set: 38 Way: 0 Address: 0xc7078980
  Set: 38 Way: 1 Address: 0x354d35998
  Set: 38 Way: 2 Address: 0x276ff7980
  Set: 38 Way: 3 Address: 0x84896990
  Set: 38 Way: 4 Address: 0x5588d980
  Set: 38 Way: 5 Address: 0x133c92998
  Set: 39 Way: 0 Address: 0x3dae669f8
  Set: 39 Way: 1 Address: 0xc70789c0
  Set: 39 Way: 2 Address: 0x354d359d8
  Set: 39 Way: 3 Address: 0x276ff79c0
  Set: 39 Way: 4 Address: 0x848969d8
  Set: 39 Way: 5 Address: 0x5588d9c0
  Set: 39 Way: 6 Address: 0x133c929d8
  Set: 40 Way: 0 Address: 0x1995f2a00
  Set: 40 Way: 1 Address: 0x38e35ca20
  Set: 40 Way: 2 Address: 0xc7078a00
  Set: 40 Way: 3 Address: 0x354d35a08
  Set: 40 Way: 4 Address: 0x276ff7a00
  Set: 40 Way: 5 Address: 0x84896a08
  Set: 40 Way: 6 Address: 0x5588da00
  Set: 40 Way: 7 Address: 0x133c92a08
  Set: 41 Way: 0 Address: 0x38e35ca58
  Set: 41 Way: 1 Address: 0xc7078a40
  Set: 41 Way: 2 Address: 0x354d35a58
  Set: 41 Way: 3 Address: 0x276ff7a40
  Set: 41 Way: 4 Address: 0x84896a58
  Set: 41 Way: 5 Address: 0x5588da40
  Set: 41 Way: 6 Address: 0x133c92a60
  Set: 42 Way: 0 Address: 0x38e35ca98
  Set: 42 Way: 1 Address: 0xc7078a80
  Set: 42 Way: 2 Address: 0x354d35a98
  Set: 42 Way: 3 Address: 0x276ff7a80
  Set: 42 Way: 4 Address: 0x84896aa0
  Set: 42 Way: 5 Address: 0x5588da80
  Set: 42 Way: 6 Address: 0x133c92aa0
  Set: 43 Way: 0 Address: 0x38e35cac8
  Set: 43 Way: 1 Address: 0xc7078ac0
  Set: 43 Way: 2 Address: 0x354d35ad8
  Set: 43 Way: 3 Address: 0x276ff7ac0
  Set: 43 Way: 4 Address: 0x84896ae0
  Set: 43 Way: 5 Address: 0x5588dac0
  Set: 43 Way: 6 Address: 0x133c92ad8
  Set: 44 Way: 0 Address: 0x38e35cb08
  Set: 44 Way: 1 Address: 0xc7078b00
  Set: 44 Way: 2 Address: 0x354d35b10
  Set: 44 Way: 3 Address: 0x276ff7b00
  Set: 44 Way: 4 Address: 0x84896b18
  Set: 44 Way: 5 Address: 0x5588db00
  Set: 44 Way: 6 Address: 0x133c92b18
  Set: 45 Way: 0 Address: 0x38e35cb60
  Set: 45 Way: 1 Address: 0xc7078b40
  Set: 45 Way: 2 Address: 0x354d35b58
  Set: 45 Way: 3 Address: 0x276ff7b40
  Set: 45 Way: 4 Address: 0x84896b60
  Set: 45 Way: 5 Address: 0x5588db40
  Set: 45 Way: 6 Address: 0x133c92b60
  Set: 46 Way: 0 Address: 0x38e35cb88
  Set: 46 Way: 1 Address: 0xc7078b80
  Set: 46 Way: 2 Address: 0x354d35b98
  Set: 46 Way: 3 Address: 0x276ff7b80
  Set: 46 Way: 4 Address: 0x84896ba0
  Set: 46 Way: 5 Address: 0x5588db80
  Set: 46 Way: 6 Address: 0x133c92ba0
  Set: 47 Way: 0 Address: 0x38e35cbe0
  Set: 47 Way: 1 Address: 0xc7078bc0
  Set: 47 Way: 2 Address: 0x354d35bd8
  Set: 47 Way: 3 Address: 0x276ff7bc0
  Set: 47 Way: 4 Address: 0x84896be0
  Set: 47 Way: 5 Address: 0x5588dbc0
  Set: 47 Way: 6 Address: 0x133c92be0
  Set: 48 Way: 0 Address: 0x38e35cc18
  Set: 48 Way: 1 Address: 0xc7078c00
  Set: 48 Way: 2 Address: 0x354d35c20
  Set: 48 Way: 3 Address: 0x276ff7c00
  Set: 48 Way: 4 Address: 0x84896c18
  Set: 48 Way: 5 Address: 0x5588dc00
  Set: 48 Way: 6 Address: 0x133c92c18
  Set: 49 Way: 0 Address: 0x38e35cc60
  Set: 49 Way: 1 Address: 0xc7078c40
  Set: 49 Way: 2 Address: 0x354d35c60
  Set: 49 Way: 3 Address: 0x276ff7c40
  Set: 49 Way: 4 Address: 0x84896c58
  Set: 49 Way: 5 Address: 0x5588dc40
  Set: 49 Way: 6 Address: 0x133c92c58
  Set: 50 Way: 0 Address: 0x38e35cca0
  Set: 50 Way: 1 Address: 0xc7078c80
  Set: 50 Way: 2 Address: 0x354d35cb8
  Set: 50 Way: 3 Address: 0x276ff7c80
  Set: 50 Way: 4 Address: 0x84896c98
  Set: 50 Way: 5 Address: 0x5588dc80
  Set: 51 Way: 0 Address: 0x6d0c2cf8
  Set: 51 Way: 1 Address: 0x38e35ccd8
  Set: 51 Way: 2 Address: 0xc7078cc0
  Set: 51 Way: 3 Address: 0x354d35cd8
  Set: 51 Way: 4 Address: 0x276ff7cc0
  Set: 51 Way: 5 Address: 0x84896cd8
  Set: 51 Way: 6 Address: 0x5588dcc0
  Set: 52 Way: 0 Address: 0x38e35cd18
  Set: 52 Way: 1 Address: 0xc7078d00
  Set: 52 Way: 2 Address: 0x354d35d18
  Set: 52 Way: 3 Address: 0x276ff7d00
  Set: 52 Way: 4 Address: 0x84896d18
  Set: 52 Way: 5 Address: 0x5588dd00
  Set: 53 Way: 0 Address: 0x38e35cd58
  Set: 53 Way: 1 Address: 0xc7078d40
  Set: 53 Way: 2 Address: 0x354d35d58
  Set: 53 Way: 3 Address: 0x276ff7d40
  Set: 53 Way: 4 Address: 0x84896d58
  Set: 53 Way: 5 Address: 0x5588dd40
  Set: 54 Way: 0 Address: 0x3c1074d88
  Set: 54 Way: 1 Address: 0x38e35cd98
  Set: 54 Way: 2 Address: 0xc7078d80
  Set: 54 Way: 3 Address: 0x354d35d90
  Set: 54 Way: 4 Address: 0x276ff7d80
  Set: 54 Way: 5 Address: 0x84896d98
  Set: 54 Way: 6 Address: 0x5588dd80
  Set: 55 Way: 0 Address: 0x38e35cde0
  Set: 55 Way: 1 Address: 0xc7078dc0
  Set: 55 Way: 2 Address: 0x354d35dd8
  Set: 55 Way: 3 Address: 0x276ff7dc0
  Set: 55 Way: 4 Address: 0x84896de0
  Set: 55 Way: 5 Address: 0x5588ddc0
  Set: 56 Way: 0 Address: 0xb8004e30
  Set: 56 Way: 1 Address: 0x38e35ce20
  Set: 56 Way: 2 Address: 0xc7078e00
  Set: 56 Way: 3 Address: 0x354d35e18
  Set: 56 Way: 4 Address: 0x276ff7e00
  Set: 56 Way: 5 Address: 0x84896e20
  Set: 56 Way: 6 Address: 0x5588de00
  Set: 57 Way: 0 Address: 0x38e35ce60
  Set: 57 Way: 1 Address: 0xc7078e40
  Set: 57 Way: 2 Address: 0x354d35e58
  Set: 57 Way: 3 Address: 0x276ff7e40
  Set: 57 Way: 4 Address: 0x84896e60
  Set: 57 Way: 5 Address: 0x5588de40
  Set: 58 Way: 0 Address: 0x38e35cea0
  Set: 58 Way: 1 Address: 0xc7078e80
  Set: 58 Way: 2 Address: 0x354d35e98
  Set: 58 Way: 3 Address: 0x276ff7e80
  Set: 58 Way: 4 Address: 0x84896ea0
  Set: 58 Way: 5 Address: 0x5588de80
  Set: 59 Way: 0 Address: 0x38e35cee0
  Set: 59 Way: 1 Address: 0xc7078ec0
  Set: 59 Way: 2 Address: 0x354d35ed8
  Set: 59 Way: 3 Address: 0x276ff7ec0
  Set: 59 Way: 4 Address: 0x84896ee0
  Set: 59 Way: 5 Address: 0x5588dec0
  Set: 60 Way: 0 Address: 0x38e35cf38
  Set: 60 Way: 1 Address: 0xc7078f00
  Set: 60 Way: 2 Address: 0x354d35f20
  Set: 60 Way: 3 Address: 0x276ff7f00
  Set: 60 Way: 4 Address: 0x84896f20
  Set: 60 Way: 5 Address: 0x5588df00
  Set: 61 Way: 0 Address: 0x38e35cf58
  Set: 61 Way: 1 Address: 0xc7078f40
  Set: 61 Way: 2 Address: 0x354d35f60
  Set: 61 Way: 3 Address: 0x276ff7f40
  Set: 61 Way: 4 Address: 0x84896f60
  Set: 61 Way: 5 Address: 0x5588df40
  Set: 62 Way: 0 Address: 0x38e35cf98
  Set: 62 Way: 1 Address: 0xc7078f80
  Set: 62 Way: 2 Address: 0x354d35fa0
  Set: 62 Way: 3 Address: 0x276ff7f80
  Set: 62 Way: 4 Address: 0x84896f98
  Set: 62 Way: 5 Address: 0x5588df80
  Set: 63 Way: 0 Address: 0x1aafb8fd0
  Set: 63 Way: 1 Address: 0x38e35cfd8
  Set: 63 Way: 2 Address: 0xc7078fc0
  Set: 63 Way: 3 Address: 0x354d35fe0
  Set: 63 Way: 4 Address: 0x276ff7fc0
  Set: 63 Way: 5 Address: 0x84896fe0
  Set: 63 Way: 6 Address: 0x5588dfc0
EndCache
Cache: cpu0_ITLB
  Set: 2 Way: 0 Address: 0x402a01
  Set: 2 Way: 1 Address: 0x4826e7
  Set: 10 Way: 0 Address: 0x47a780
EndCache
Cache: cpu0_DTLB
  Set: 0 Way: 0 Address: 0x920a20
  Set: 1 Way: 0 Address: 0x4f1e30
  Set: 1 Way: 1 Address: 0x921058
  Set: 2 Way: 0 Address: 0x502740
  Set: 2 Way: 1 Address: 0x922078
  Set: 3 Way: 0 Address: 0x503260
  Set: 3 Way: 1 Address: 0x923078
  Set: 4 Way: 0 Address: 0x5044c0
  Set: 9 Way: 0 Address: 0x8d9018
  Set: 9 Way: 1 Address: 0x4f9a00
  Set: 10 Way: 0 Address: 0x4fa8e0
  Set: 10 Way: 1 Address: 0x8da000
  Set: 11 Way: 0 Address: 0x8db000
  Set: 12 Way: 0 Address: 0x8dc000
  Set: 15 Way: 0 Address: 0x7ffe85f9f1a8
  Set: 15 Way: 1 Address: 0x73fd88
EndCache
Cache: LLC
  Set: 0 Way: 0 Address: 0x6e620000
  Set: 1 Way: 0 Address: 0x6e620040
  Set: 2 Way: 0 Address: 0x6e620080
  Set: 3 Way: 0 Address: 0x6e6200c0
  Set: 4 Way: 0 Address: 0x6e620100
  Set: 5 Way: 0 Address: 0x6e620140
  Set: 6 Way: 0 Address: 0x6e620180
  Set: 7 Way: 0 Address: 0x6e6201c0
  Set: 8 Way: 0 Address: 0x6e620200
  Set: 9 Way: 0 Address: 0x6e620240
  Set: 10 Way: 0 Address: 0x6e620280
  Set: 11 Way: 0 Address: 0x6e6202c0
  Set: 12 Way: 0 Address: 0x6e620300
  Set: 13 Way: 0 Address: 0x6e620340
  Set: 14 Way: 0 Address: 0x6e620380
  Set: 15 Way: 0 Address: 0x6e6203c0
  Set: 16 Way: 0 Address: 0x6e620400
  Set: 17 Way: 0 Address: 0x6e620440
  Set: 18 Way: 0 Address: 0x6e620480
  Set: 19 Way: 0 Address: 0x6e6204c0
  Set: 20 Way: 0 Address: 0x6e620500
  Set: 95 Way: 0 Address: 0xf6e817c8
  Set: 102 Way: 0 Address: 0x2a48419ad
  Set: 103 Way: 0 Address: 0x2a48419e0
  Set: 104 Way: 0 Address: 0x2a4841a12
  Set: 105 Way: 0 Address: 0x2a4841a40
  Set: 158 Way: 0 Address: 0x1c84e2788
  Set: 159 Way: 0 Address: 0x1c84e27c8
  Set: 160 Way: 0 Address: 0x1c84e2810
  Set: 179 Way: 0 Address: 0x6d0c2cf8
  Set: 283 Way: 0 Address: 0x1ab446e0
  Set: 292 Way: 0 Address: 0x1ab44918
  Set: 312 Way: 0 Address: 0xb8004e30
  Set: 423 Way: 0 Address: 0x3dae669f8
  Set: 480 Way: 0 Address: 0x309887818
  Set: 595 Way: 0 Address: 0x2ee3694c8
  Set: 799 Way: 0 Address: 0x29484c7d0
  Set: 832 Way: 0 Address: 0x5588d000
  Set: 833 Way: 0 Address: 0x5588d040
  Set: 834 Way: 0 Address: 0x5588d080
  Set: 835 Way: 0 Address: 0x5588d0c0
  Set: 836 Way: 0 Address: 0x5588d100
  Set: 837 Way: 0 Address: 0x5588d140
  Set: 838 Way: 0 Address: 0x5588d180
  Set: 839 Way: 0 Address: 0x5588d1c0
  Set: 840 Way: 0 Address: 0x5588d200
  Set: 841 Way: 0 Address: 0x5588d240
  Set: 842 Way: 0 Address: 0x5588d280
  Set: 843 Way: 0 Address: 0x5588d2c0
  Set: 844 Way: 0 Address: 0x5588d300
  Set: 845 Way: 0 Address: 0x5588d340
  Set: 846 Way: 0 Address: 0x5588d380
  Set: 847 Way: 0 Address: 0x5588d3c0
  Set: 848 Way: 0 Address: 0x5588d400
  Set: 849 Way: 0 Address: 0x5588d440
  Set: 850 Way: 0 Address: 0x5588d480
  Set: 851 Way: 0 Address: 0x5588d4c0
  Set: 852 Way: 0 Address: 0x5588d500
  Set: 853 Way: 0 Address: 0x5588d540
  Set: 854 Way: 0 Address: 0x5588d580
  Set: 855 Way: 0 Address: 0x5588d5c0
  Set: 856 Way: 0 Address: 0x5588d600
  Set: 857 Way: 0 Address: 0x5588d640
  Set: 858 Way: 0 Address: 0x5588d680
  Set: 859 Way: 0 Address: 0x5588d6c0
  Set: 860 Way: 0 Address: 0x5588d700
  Set: 861 Way: 0 Address: 0x5588d740
  Set: 862 Way: 0 Address: 0x5588d780
  Set: 863 Way: 0 Address: 0x5588d7c0
  Set: 864 Way: 0 Address: 0x5588d800
  Set: 865 Way: 0 Address: 0x5588d840
  Set: 866 Way: 0 Address: 0x5588d880
  Set: 867 Way: 0 Address: 0x5588d8c0
  Set: 868 Way: 0 Address: 0x5588d900
  Set: 869 Way: 0 Address: 0x5588d940
  Set: 870 Way: 0 Address: 0x5588d980
  Set: 871 Way: 0 Address: 0x5588d9c0
  Set: 872 Way: 0 Address: 0x5588da00
  Set: 873 Way: 0 Address: 0x5588da40
  Set: 874 Way: 0 Address: 0x5588da80
  Set: 875 Way: 0 Address: 0x5588dac0
  Set: 876 Way: 0 Address: 0x5588db00
  Set: 877 Way: 0 Address: 0x5588db40
  Set: 878 Way: 0 Address: 0x5588db80
  Set: 879 Way: 0 Address: 0x5588dbc0
  Set: 880 Way: 0 Address: 0x5588dc00
  Set: 881 Way: 0 Address: 0x5588dc40
  Set: 882 Way: 0 Address: 0x5588dc80
  Set: 883 Way: 0 Address: 0x5588dcc0
  Set: 884 Way: 0 Address: 0x5588dd00
  Set: 885 Way: 0 Address: 0x5588dd40
  Set: 886 Way: 0 Address: 0x5588dd80
  Set: 887 Way: 0 Address: 0x5588ddc0
  Set: 888 Way: 0 Address: 0x5588de00
  Set: 889 Way: 0 Address: 0x5588de40
  Set: 890 Way: 0 Address: 0x5588de80
  Set: 891 Way: 0 Address: 0x5588dec0
  Set: 892 Way: 0 Address: 0x5588df00
  Set: 893 Way: 0 Address: 0x5588df40
  Set: 894 Way: 0 Address: 0x5588df80
  Set: 895 Way: 0 Address: 0x5588dfc0
  Set: 896 Way: 0 Address: 0x2f5d8e028
  Set: 897 Way: 0 Address: 0x2f5d8e048
  Set: 900 Way: 0 Address: 0x2f5d8e130
  Set: 901 Way: 0 Address: 0x3734ee178
  Set: 901 Way: 1 Address: 0x2f5d8e158
  Set: 902 Way: 0 Address: 0x2f5d8e1a8
  Set: 905 Way: 0 Address: 0x2f5d8e278
  Set: 906 Way: 0 Address: 0x2f5d8e280
  Set: 908 Way: 0 Address: 0x2f5d8e338
  Set: 923 Way: 0 Address: 0x1c084e6e0
  Set: 960 Way: 0 Address: 0xee86f018
  Set: 992 Way: 0 Address: 0x16390f820
  Set: 996 Way: 0 Address: 0x143ef900
  Set: 1152 Way: 0 Address: 0x133c92000
  Set: 1153 Way: 0 Address: 0x133c92040
  Set: 1154 Way: 0 Address: 0x133c92080
  Set: 1155 Way: 0 Address: 0x133c920c0
  Set: 1156 Way: 0 Address: 0x133c92100
  Set: 1157 Way: 0 Address: 0x133c92140
  Set: 1158 Way: 0 Address: 0x133c92180
  Set: 1159 Way: 0 Address: 0x133c921c0
  Set: 1160 Way: 0 Address: 0x133c92200
  Set: 1161 Way: 0 Address: 0x133c92240
  Set: 1162 Way: 0 Address: 0x133c92280
  Set: 1163 Way: 0 Address: 0x133c922c0
  Set: 1164 Way: 0 Address: 0x133c92300
  Set: 1165 Way: 0 Address: 0x133c92340
  Set: 1166 Way: 0 Address: 0x133c92380
  Set: 1167 Way: 0 Address: 0x133c923c0
  Set: 1168 Way: 0 Address: 0x133c92400
  Set: 1169 Way: 0 Address: 0x133c92440
  Set: 1170 Way: 0 Address: 0x133c92480
  Set: 1171 Way: 0 Address: 0x133c924c0
  Set: 1172 Way: 0 Address: 0x133c92500
  Set: 1173 Way: 0 Address: 0x133c92540
  Set: 1174 Way: 0 Address: 0x133c92580
  Set: 1175 Way: 0 Address: 0x133c925c0
  Set: 1176 Way: 0 Address: 0x133c92600
  Set: 1177 Way: 0 Address: 0x133c92640
  Set: 1178 Way: 0 Address: 0x133c92680
  Set: 1179 Way: 0 Address: 0x133c926c0
  Set: 1180 Way: 0 Address: 0x133c92700
  Set: 1181 Way: 0 Address: 0x133c92740
  Set: 1182 Way: 0 Address: 0x9cff27aa
  Set: 1182 Way: 1 Address: 0x133c92780
  Set: 1183 Way: 0 Address: 0x9cff27c0
  Set: 1183 Way: 1 Address: 0x133c927c0
  Set: 1184 Way: 0 Address: 0x133c92800
  Set: 1185 Way: 0 Address: 0x133c92840
  Set: 1186 Way: 0 Address: 0x133c92880
  Set: 1187 Way: 0 Address: 0x133c928c0
  Set: 1188 Way: 0 Address: 0x133c92900
  Set: 1189 Way: 0 Address: 0x133c92940
  Set: 1190 Way: 0 Address: 0x133c92980
  Set: 1191 Way: 0 Address: 0x133c929c0
  Set: 1192 Way: 0 Address: 0x1995f2a00
  Set: 1192 Way: 1 Address: 0x133c92a00
  Set: 1193 Way: 0 Address: 0x133c92a40
  Set: 1194 Way: 0 Address: 0x133c92a80
  Set: 1195 Way: 0 Address: 0x133c92ac0
  Set: 1196 Way: 0 Address: 0x133c92b00
  Set: 1197 Way: 0 Address: 0x133c92b40
  Set: 1198 Way: 0 Address: 0x133c92b80
  Set: 1199 Way: 0 Address: 0x133c92bc0
  Set: 1200 Way: 0 Address: 0x133c92c00
  Set: 1201 Way: 0 Address: 0x133c92c40
  Set: 1209 Way: 0 Address: 0x9cff2e40
  Set: 1243 Way: 0 Address: 0x2b2e936d0
  Set: 1247 Way: 0 Address: 0x3c56b37f8
  Set: 1252 Way: 0 Address: 0x2b2e93910
  Set: 1280 Way: 0 Address: 0x3de4d4010
  Set: 1280 Way: 1 Address: 0x397bb4020
  Set: 1296 Way: 0 Address: 0x3de4d4410
  Set: 1307 Way: 0 Address: 0x1299346c8
  Set: 1310 Way: 0 Address: 0x3de4d4788
  Set: 1311 Way: 0 Address: 0x3de4d47d0
  Set: 1316 Way: 0 Address: 0x129934900
  Set: 1334 Way: 0 Address: 0x3c1074d88
  Set: 1344 Way: 0 Address: 0x195f15000
  Set: 1344 Way: 1 Address: 0x354d35000
  Set: 1345 Way: 0 Address: 0x354d35040
  Set: 1346 Way: 0 Address: 0x354d35080
  Set: 1347 Way: 0 Address: 0x354d350c0
  Set: 1348 Way: 0 Address: 0x354d35100
  Set: 1349 Way: 0 Address: 0x354d35140
  Set: 1350 Way: 0 Address: 0x354d35180
  Set: 1351 Way: 0 Address: 0x354d351c0
  Set: 1352 Way: 0 Address: 0x354d35200
  Set: 1353 Way: 0 Address: 0x354d35240
  Set: 1354 Way: 0 Address: 0x354d35280
  Set: 1355 Way: 0 Address: 0x354d352c0
  Set: 1356 Way: 0 Address: 0x354d35300
  Set: 1357 Way: 0 Address: 0x354d35340
  Set: 1358 Way: 0 Address: 0x354d35380
  Set: 1359 Way: 0 Address: 0x354d353c0
  Set: 1360 Way: 0 Address: 0x354d35400
  Set: 1361 Way: 0 Address: 0x354d35440
  Set: 1362 Way: 0 Address: 0x354d35480
  Set: 1363 Way: 0 Address: 0x354d354c0
  Set: 1364 Way: 0 Address: 0x354d35500
  Set: 1365 Way: 0 Address: 0x354d35540
  Set: 1366 Way: 0 Address: 0x354d35580
  Set: 1367 Way: 0 Address: 0x354d355c0
  Set: 1368 Way: 0 Address: 0x354d35600
  Set: 1369 Way: 0 Address: 0x354d35640
  Set: 1370 Way: 0 Address: 0x354d35680
  Set: 1371 Way: 0 Address: 0x354d356c0
  Set: 1372 Way: 0 Address: 0x354d35700
  Set: 1373 Way: 0 Address: 0x354d35740
  Set: 1374 Way: 0 Address: 0x354d35780
  Set: 1375 Way: 0 Address: 0x354d357c0
  Set: 1376 Way: 0 Address: 0x354d35800
  Set: 1377 Way: 0 Address: 0x354d35840
  Set: 1378 Way: 0 Address: 0x354d35880
  Set: 1379 Way: 0 Address: 0x354d358c0
  Set: 1380 Way: 0 Address: 0x354d35900
  Set: 1381 Way: 0 Address: 0x354d35940
  Set: 1382 Way: 0 Address: 0x354d35980
  Set: 1383 Way: 0 Address: 0x354d359c0
  Set: 1384 Way: 0 Address: 0x354d35a00
  Set: 1385 Way: 0 Address: 0x354d35a40
  Set: 1386 Way: 0 Address: 0x354d35a80
  Set: 1387 Way: 0 Address: 0x354d35ac0
  Set: 1388 Way: 0 Address: 0x354d35b00
  Set: 1389 Way: 0 Address: 0x354d35b40
  Set: 1390 Way: 0 Address: 0x354d35b80
  Set: 1391 Way: 0 Address: 0x354d35bc0
  Set: 1392 Way: 0 Address: 0x354d35c00
  Set: 1393 Way: 0 Address: 0x354d35c40
  Set: 1394 Way: 0 Address: 0x354d35c80
  Set: 1395 Way: 0 Address: 0x354d35cc0
  Set: 1396 Way: 0 Address: 0x354d35d00
  Set: 1397 Way: 0 Address: 0x354d35d40
  Set: 1398 Way: 0 Address: 0x354d35d80
  Set: 1399 Way: 0 Address: 0x354d35dc0
  Set: 1400 Way: 0 Address: 0x354d35e00
  Set: 1401 Way: 0 Address: 0x354d35e40
  Set: 1402 Way: 0 Address: 0x354d35e80
  Set: 1403 Way: 0 Address: 0x354d35ec0
  Set: 1404 Way: 0 Address: 0x354d35f00
  Set: 1405 Way: 0 Address: 0x354d35f40
  Set: 1406 Way: 0 Address: 0x354d35f80
  Set: 1407 Way: 0 Address: 0x354d35fc0
  Set: 1408 Way: 0 Address: 0x84896000
  Set: 1409 Way: 0 Address: 0x84896040
  Set: 1410 Way: 0 Address: 0x84896080
  Set: 1411 Way: 0 Address: 0x848960c0
  Set: 1412 Way: 0 Address: 0x84896100
  Set: 1413 Way: 0 Address: 0x84896140
  Set: 1414 Way: 0 Address: 0x84896180
  Set: 1415 Way: 0 Address: 0x848961c0
  Set: 1416 Way: 0 Address: 0x84896200
  Set: 1417 Way: 0 Address: 0x84896240
  Set: 1418 Way: 0 Address: 0x84896280
  Set: 1419 Way: 0 Address: 0x848962c0
  Set: 1420 Way: 0 Address: 0x84896300
  Set: 1421 Way: 0 Address: 0x84896340
  Set: 1422 Way: 0 Address: 0x84896380
  Set: 1423 Way: 0 Address: 0x848963c0
  Set: 1424 Way: 0 Address: 0x84896400
  Set: 1425 Way: 0 Address: 0x84896440
  Set: 1426 Way: 0 Address: 0x84896480
  Set: 1427 Way: 0 Address: 0x848964c0
  Set: 1428 Way: 0 Address: 0x84896500
  Set: 1429 Way: 0 Address: 0x84896540
  Set: 1430 Way: 0 Address: 0x84896580
  Set: 1431 Way: 0 Address: 0x848965c0
  Set: 1432 Way: 0 Address: 0x84896600
  Set: 1433 Way: 0 Address: 0x84896640
  Set: 1434 Way: 0 Address: 0x84896680
  Set: 1435 Way: 0 Address: 0x848966c0
  Set: 1435 Way: 1 Address: 0x211d166d8
  Set: 1436 Way: 0 Address: 0x84896700
  Set: 1437 Way: 0 Address: 0x84896740
  Set: 1438 Way: 0 Address: 0x84896780
  Set: 1439 Way: 0 Address: 0x848967c0
  Set: 1440 Way: 0 Address: 0x84896800
  Set: 1441 Way: 0 Address: 0x84896840
  Set: 1442 Way: 0 Address: 0x84896880
  Set: 1443 Way: 0 Address: 0x437368e0
  Set: 1443 Way: 1 Address: 0x848968c0
  Set: 1444 Way: 0 Address: 0x84896900
  Set: 1444 Way: 1 Address: 0x211d16918
  Set: 1445 Way: 0 Address: 0x84896940
  Set: 1446 Way: 0 Address: 0x84896980
  Set: 1447 Way: 0 Address: 0x848969c0
  Set: 1448 Way: 0 Address: 0x84896a00
  Set: 1449 Way: 0 Address: 0x84896a40
  Set: 1450 Way: 0 Address: 0x84896a80
  Set: 1451 Way: 0 Address: 0x84896ac0
  Set: 1452 Way: 0 Address: 0x84896b00
  Set: 1453 Way: 0 Address: 0x84896b40
  Set: 1454 Way: 0 Address: 0x84896b80
  Set: 1455 Way: 0 Address: 0x84896bc0
  Set: 1456 Way: 0 Address: 0x84896c00
  Set: 1457 Way: 0 Address: 0x84896c40
  Set: 1458 Way: 0 Address: 0x84896c80
  Set: 1459 Way: 0 Address: 0x84896cc0
  Set: 1460 Way: 0 Address: 0x84896d00
  Set: 1461 Way: 0 Address: 0x84896d40
  Set: 1462 Way: 0 Address: 0x84896d80
  Set: 1463 Way: 0 Address: 0x84896dc0
  Set: 1464 Way: 0 Address: 0x84896e00
  Set: 1465 Way: 0 Address: 0x84896e40
  Set: 1466 Way: 0 Address: 0x84896e80
  Set: 1467 Way: 0 Address: 0x84896ec0
  Set: 1468 Way: 0 Address: 0x84896f00
  Set: 1469 Way: 0 Address: 0x84896f40
  Set: 1470 Way: 0 Address: 0x84896f80
  Set: 1471 Way: 0 Address: 0x84896fc0
  Set: 1472 Way: 0 Address: 0x276ff7000
  Set: 1473 Way: 0 Address: 0x276ff7040
  Set: 1474 Way: 0 Address: 0x276ff7080
  Set: 1475 Way: 0 Address: 0x276ff70c0
  Set: 1476 Way: 0 Address: 0x276ff7100
  Set: 1477 Way: 0 Address: 0x276ff7140
  Set: 1478 Way: 0 Address: 0x276ff7180
  Set: 1479 Way: 0 Address: 0x276ff71c0
  Set: 1480 Way: 0 Address: 0x276ff7200
  Set: 1481 Way: 0 Address: 0x276ff7240
  Set: 1482 Way: 0 Address: 0x276ff7280
  Set: 1483 Way: 0 Address: 0x276ff72c0
  Set: 1484 Way: 0 Address: 0x276ff7300
  Set: 1485 Way: 0 Address: 0x276ff7340
  Set: 1486 Way: 0 Address: 0x276ff7380
  Set: 1487 Way: 0 Address: 0x276ff73c0
  Set: 1488 Way: 0 Address: 0x276ff7400
  Set: 1489 Way: 0 Address: 0x276ff7440
  Set: 1490 Way: 0 Address: 0x276ff7480
  Set: 1491 Way: 0 Address: 0x276ff74c0
  Set: 1492 Way: 0 Address: 0x276ff7500
  Set: 1493 Way: 0 Address: 0x276ff7540
  Set: 1494 Way: 0 Address: 0x276ff7580
  Set: 1495 Way: 0 Address: 0x276ff75c0
  Set: 1496 Way: 0 Address: 0x276ff7600
  Set: 1497 Way: 0 Address: 0x276ff7640
  Set: 1498 Way: 0 Address: 0x276ff7680
  Set: 1499 Way: 0 Address: 0x276ff76c0
  Set: 1500 Way: 0 Address: 0x276ff7700
  Set: 1501 Way: 0 Address: 0x276ff7740
  Set: 1502 Way: 0 Address: 0x276ff7780
  Set: 1503 Way: 0 Address: 0x276ff77c0
  Set: 1504 Way: 0 Address: 0x276ff7800
  Set: 1505 Way: 0 Address: 0x276ff7840
  Set: 1506 Way: 0 Address: 0x276ff7880
  Set: 1507 Way: 0 Address: 0x276ff78c0
  Set: 1508 Way: 0 Address: 0x276ff7900
  Set: 1509 Way: 0 Address: 0x276ff7940
  Set: 1510 Way: 0 Address: 0x276ff7980
  Set: 1511 Way: 0 Address: 0x276ff79c0
  Set: 1512 Way: 0 Address: 0x276ff7a00
  Set: 1513 Way: 0 Address: 0x276ff7a40
  Set: 1514 Way: 0 Address: 0x276ff7a80
  Set: 1515 Way: 0 Address: 0x276ff7ac0
  Set: 1516 Way: 0 Address: 0x276ff7b00
  Set: 1517 Way: 0 Address: 0x276ff7b40
  Set: 1518 Way: 0 Address: 0x276ff7b80
  Set: 1519 Way: 0 Address: 0x276ff7bc0
  Set: 1520 Way: 0 Address: 0x276ff7c00
  Set: 1521 Way: 0 Address: 0x276ff7c40
  Set: 1522 Way: 0 Address: 0x276ff7c80
  Set: 1523 Way: 0 Address: 0x276ff7cc0
  Set: 1524 Way: 0 Address: 0x276ff7d00
  Set: 1525 Way: 0 Address: 0x276ff7d40
  Set: 1526 Way: 0 Address: 0x276ff7d80
  Set: 1527 Way: 0 Address: 0x276ff7dc0
  Set: 1528 Way: 0 Address: 0x276ff7e00
  Set: 1529 Way: 0 Address: 0x276ff7e40
  Set: 1530 Way: 0 Address: 0x276ff7e80
  Set: 1531 Way: 0 Address: 0x276ff7ec0
  Set: 1532 Way: 0 Address: 0x276ff7f00
  Set: 1533 Way: 0 Address: 0x276ff7f40
  Set: 1534 Way: 0 Address: 0x276ff7f80
  Set: 1535 Way: 0 Address: 0x276ff7fc0
  Set: 1536 Way: 0 Address: 0xc7078018
  Set: 1537 Way: 0 Address: 0xc7078040
  Set: 1538 Way: 0 Address: 0xc7078080
  Set: 1539 Way: 0 Address: 0xc70780c0
  Set: 1540 Way: 0 Address: 0xc7078100
  Set: 1541 Way: 0 Address: 0xc7078140
  Set: 1542 Way: 0 Address: 0xc7078180
  Set: 1543 Way: 0 Address: 0xc70781c0
  Set: 1544 Way: 0 Address: 0xc7078200
  Set: 1545 Way: 0 Address: 0xc7078240
  Set: 1546 Way: 0 Address: 0xc7078280
  Set: 1547 Way: 0 Address: 0xc70782c0
  Set: 1548 Way: 0 Address: 0xc7078300
  Set: 1549 Way: 0 Address: 0xc7078340
  Set: 1550 Way: 0 Address: 0xc7078380
  Set: 1551 Way: 0 Address: 0xc70783c0
  Set: 1552 Way: 0 Address: 0xc7078400
  Set: 1553 Way: 0 Address: 0xc7078440
  Set: 1554 Way: 0 Address: 0xc7078480
  Set: 1555 Way: 0 Address: 0xc70784c0
  Set: 1556 Way: 0 Address: 0xc7078500
  Set: 1557 Way: 0 Address: 0xc7078540
  Set: 1558 Way: 0 Address: 0xc7078580
  Set: 1559 Way: 0 Address: 0xc70785c0
  Set: 1560 Way: 0 Address: 0x201598630
  Set: 1560 Way: 1 Address: 0xc7078600
  Set: 1561 Way: 0 Address: 0x201598642
  Set: 1561 Way: 1 Address: 0xc7078640
  Set: 1562 Way: 0 Address: 0x201598681
  Set: 1562 Way: 1 Address: 0xc7078680
  Set: 1563 Way: 0 Address: 0x2015986c0
  Set: 1563 Way: 1 Address: 0xc70786c0
  Set: 1564 Way: 0 Address: 0x201598701
  Set: 1564 Way: 1 Address: 0xc7078700
  Set: 1565 Way: 0 Address: 0x201598743
  Set: 1565 Way: 1 Address: 0xc7078740
  Set: 1566 Way: 0 Address: 0x201598783
  Set: 1566 Way: 1 Address: 0xc7078780
  Set: 1567 Way: 0 Address: 0x2015987c0
  Set: 1567 Way: 1 Address: 0xc70787c0
  Set: 1568 Way: 0 Address: 0xc7078800
  Set: 1569 Way: 0 Address: 0xc7078840
  Set: 1570 Way: 0 Address: 0xc7078880
  Set: 1571 Way: 0 Address: 0xc70788c0
  Set: 1572 Way: 0 Address: 0xc7078900
  Set: 1573 Way: 0 Address: 0xc7078940
  Set: 1574 Way: 0 Address: 0xc7078980
  Set: 1575 Way: 0 Address: 0xc70789c0
  Set: 1576 Way: 0 Address: 0xc7078a00
  Set: 1577 Way: 0 Address: 0xc7078a40
  Set: 1578 Way: 0 Address: 0xc7078a80
  Set: 1579 Way: 0 Address: 0xc7078ac0
  Set: 1580 Way: 0 Address: 0xc7078b00
  Set: 1581 Way: 0 Address: 0xc7078b40
  Set: 1582 Way: 0 Address: 0xc7078b80
  Set: 1583 Way: 0 Address: 0xc7078bc0
  Set: 1584 Way: 0 Address: 0xc7078c00
  Set: 1585 Way: 0 Address: 0xc7078c40
  Set: 1586 Way: 0 Address: 0xc7078c80
  Set: 1587 Way: 0 Address: 0xc7078cc0
  Set: 1588 Way: 0 Address: 0xc7078d00
  Set: 1589 Way: 0 Address: 0xc7078d40
  Set: 1590 Way: 0 Address: 0xc7078d80
  Set: 1591 Way: 0 Address: 0xc7078dc0
  Set: 1592 Way: 0 Address: 0xc7078e00
  Set: 1593 Way: 0 Address: 0xc7078e40
  Set: 1594 Way: 0 Address: 0xc7078e80
  Set: 1595 Way: 0 Address: 0xc7078ec0
  Set: 1596 Way: 0 Address: 0xc7078f00
  Set: 1597 Way: 0 Address: 0xc7078f40
  Set: 1598 Way: 0 Address: 0xc7078f80
  Set: 1599 Way: 0 Address: 0x1aafb8fd0
  Set: 1599 Way: 1 Address: 0xc7078fc0
  Set: 1632 Way: 0 Address: 0x292959810
  Set: 1679 Way: 0 Address: 0x1d89da3d0
  Set: 1680 Way: 0 Address: 0x223eda410
  Set: 1755 Way: 0 Address: 0x394edb6d0
  Set: 1764 Way: 0 Address: 0x394edb908
  Set: 1792 Way: 0 Address: 0xdf85c000
  Set: 1819 Way: 0 Address: 0x12c6fc6e0
  Set: 1820 Way: 0 Address: 0x12c6fc700
  Set: 1821 Way: 0 Address: 0x12c6fc740
  Set: 1824 Way: 0 Address: 0x12c6fc800
  Set: 1825 Way: 0 Address: 0x12c6fc840
  Set: 1826 Way: 0 Address: 0x12c6fc880
  Set: 1827 Way: 0 Address: 0x12c6fc8c0
  Set: 1832 Way: 0 Address: 0x38e35ca20
  Set: 1833 Way: 0 Address: 0x38e35ca40
  Set: 1834 Way: 0 Address: 0x38e35ca80
  Set: 1835 Way: 0 Address: 0x38e35cac0
  Set: 1836 Way: 0 Address: 0x38e35cb00
  Set: 1837 Way: 0 Address: 0x38e35cb40
  Set: 1838 Way: 0 Address: 0x38e35cb80
  Set: 1839 Way: 0 Address: 0x38e35cbc0
  Set: 1840 Way: 0 Address: 0x38e35cc00
  Set: 1841 Way: 0 Address: 0x38e35cc40
  Set: 1842 Way: 0 Address: 0x38e35cc80
  Set: 1843 Way: 0 Address: 0x38e35ccc0
  Set: 1844 Way: 0 Address: 0x38e35cd00
  Set: 1845 Way: 0 Address: 0x38e35cd40
  Set: 1846 Way: 0 Address: 0x38e35cd80
  Set: 1847 Way: 0 Address: 0x38e35cdc0
  Set: 1848 Way: 0 Address: 0x38e35ce00
  Set: 1849 Way: 0 Address: 0x38e35ce40
  Set: 1850 Way: 0 Address: 0x38e35ce80
  Set: 1851 Way: 0 Address: 0x38e35cec0
  Set: 1852 Way: 0 Address: 0x38e35cf00
  Set: 1853 Way: 0 Address: 0x38e35cf40
  Set: 1854 Way: 0 Address: 0x38e35cf80
  Set: 1855 Way: 0 Address: 0x38e35cfc0
  Set: 1865 Way: 0 Address: 0x23755d268
  Set: 1883 Way: 0 Address: 0x1add6d8
  Set: 1892 Way: 0 Address: 0x1add910
  Set: 1920 Way: 0 Address: 0x28b67e000
  Set: 1920 Way: 1 Address: 0x1f919e010
  Set: 1951 Way: 0 Address: 0x28b67e7f8
EndCache
