Cache: cpu0_STLB
  Set: 2 Way: 0 Address: 0x48275f
  Set: 2 Way: 1 Address: 0x402a12
  Set: 2 Way: 2 Address: 0x502740
  Set: 3 Way: 0 Address: 0x503268
  Set: 4 Way: 0 Address: 0x5044c8
  Set: 5 Way: 0 Address: 0x905190
  Set: 6 Way: 0 Address: 0x906000
  Set: 7 Way: 0 Address: 0x907000
  Set: 8 Way: 0 Address: 0x908000
  Set: 31 Way: 0 Address: 0x7ffe85f9f048
  Set: 63 Way: 0 Address: 0x73fd88
  Set: 76 Way: 0 Address: 0x94cb98
  Set: 77 Way: 0 Address: 0x94d000
  Set: 78 Way: 0 Address: 0x94e000
  Set: 79 Way: 0 Address: 0x94f000
  Set: 113 Way: 0 Address: 0x4f1e30
  Set: 121 Way: 0 Address: 0x4f9a00
  Set: 122 Way: 0 Address: 0x47a792
  Set: 122 Way: 1 Address: 0x4fa8e0
EndCache
Cache: cpu0_L2C
  Set: 0 Way: 0 Address: 0x14bb10000
  Set: 0 Way: 1 Address: 0x2177f0000
  Set: 1 Way: 0 Address: 0x14bb10040
  Set: 1 Way: 1 Address: 0x2177f0040
  Set: 2 Way: 0 Address: 0x14bb10080
  Set: 2 Way: 1 Address: 0x2177f0080
  Set: 3 Way: 0 Address: 0x14bb100c0
  Set: 3 Way: 1 Address: 0x2177f00c0
  Set: 4 Way: 0 Address: 0x14bb10100
  Set: 4 Way: 1 Address: 0x2177f0100
  Set: 5 Way: 0 Address: 0x14bb10140
  Set: 5 Way: 1 Address: 0x2177f0140
  Set: 6 Way: 0 Address: 0x14bb10180
  Set: 6 Way: 1 Address: 0x2177f0180
  Set: 7 Way: 0 Address: 0x14bb101c0
  Set: 7 Way: 1 Address: 0x2177f01c0
  Set: 8 Way: 0 Address: 0x14bb10200
  Set: 8 Way: 1 Address: 0x2177f0200
  Set: 9 Way: 0 Address: 0x14bb10240
  Set: 9 Way: 1 Address: 0x2177f0240
  Set: 10 Way: 0 Address: 0x14bb10280
  Set: 10 Way: 1 Address: 0x2177f0280
  Set: 11 Way: 0 Address: 0x14bb102c0
  Set: 11 Way: 1 Address: 0x2177f02c0
  Set: 12 Way: 0 Address: 0x14bb10300
  Set: 12 Way: 1 Address: 0x2177f0300
  Set: 13 Way: 0 Address: 0x14bb10340
  Set: 13 Way: 1 Address: 0x2177f0340
  Set: 14 Way: 0 Address: 0x14bb10380
  Set: 14 Way: 1 Address: 0x2177f0380
  Set: 15 Way: 0 Address: 0x14bb103c0
  Set: 15 Way: 1 Address: 0x2177f03c0
  Set: 16 Way: 0 Address: 0x14bb10400
  Set: 16 Way: 1 Address: 0x2177f0400
  Set: 17 Way: 0 Address: 0x14bb10440
  Set: 17 Way: 1 Address: 0x2177f0440
  Set: 18 Way: 0 Address: 0x14bb10480
  Set: 18 Way: 1 Address: 0x2177f0480
  Set: 19 Way: 0 Address: 0x14bb104c0
  Set: 19 Way: 1 Address: 0x2177f04c0
  Set: 20 Way: 0 Address: 0x14bb10500
  Set: 20 Way: 1 Address: 0x2177f0500
  Set: 21 Way: 0 Address: 0x14bb10540
  Set: 22 Way: 0 Address: 0x14bb10580
  Set: 23 Way: 0 Address: 0x14bb105c0
  Set: 24 Way: 0 Address: 0x14bb10600
  Set: 25 Way: 0 Address: 0x14bb10640
  Set: 26 Way: 0 Address: 0x14bb10680
  Set: 27 Way: 0 Address: 0x14bb106c0
  Set: 28 Way: 0 Address: 0x14bb10700
  Set: 29 Way: 0 Address: 0x14bb10740
  Set: 30 Way: 0 Address: 0x14bb10780
  Set: 31 Way: 0 Address: 0x14bb107c0
  Set: 32 Way: 0 Address: 0x14bb10800
  Set: 33 Way: 0 Address: 0x14bb10840
  Set: 33 Way: 1 Address: 0x6e620840
  Set: 34 Way: 0 Address: 0x14bb10880
  Set: 35 Way: 0 Address: 0x14bb108c0
  Set: 36 Way: 0 Address: 0x14bb10900
  Set: 37 Way: 0 Address: 0x14bb10940
  Set: 38 Way: 0 Address: 0x14bb10980
  Set: 39 Way: 0 Address: 0x14bb109c0
  Set: 40 Way: 0 Address: 0x14bb10a00
  Set: 41 Way: 0 Address: 0x6e620a78
  Set: 41 Way: 1 Address: 0x14bb10a40
  Set: 42 Way: 0 Address: 0x14bb10a80
  Set: 43 Way: 0 Address: 0x14bb10ac0
  Set: 44 Way: 0 Address: 0x14bb10b00
  Set: 45 Way: 0 Address: 0x14bb10b40
  Set: 46 Way: 0 Address: 0x14bb10b80
  Set: 47 Way: 0 Address: 0x14bb10bc0
  Set: 48 Way: 0 Address: 0x14bb10c00
  Set: 49 Way: 0 Address: 0x14bb10c40
  Set: 50 Way: 0 Address: 0x14bb10c80
  Set: 51 Way: 0 Address: 0x14bb10cc0
  Set: 52 Way: 0 Address: 0x14bb10d00
  Set: 53 Way: 0 Address: 0x14bb10d40
  Set: 54 Way: 0 Address: 0x14bb10d80
  Set: 55 Way: 0 Address: 0x14bb10dc0
  Set: 64 Way: 0 Address: 0x113201000
  Set: 80 Way: 0 Address: 0x2a4841410
  Set: 91 Way: 0 Address: 0xf6e816e0
  Set: 92 Way: 0 Address: 0xf6e81700
  Set: 93 Way: 0 Address: 0xf6e81740
  Set: 160 Way: 0 Address: 0x133c92838
  Set: 163 Way: 0 Address: 0x6d0c28e0
  Set: 166 Way: 0 Address: 0x1c84e29ad
  Set: 167 Way: 0 Address: 0x1c84e29e0
  Set: 168 Way: 0 Address: 0x1c84e2a12
  Set: 169 Way: 0 Address: 0x1c84e2a40
  Set: 169 Way: 1 Address: 0x133c92a78
  Set: 184 Way: 0 Address: 0x1995f2e30
  Set: 192 Way: 0 Address: 0x3c56b3010
  Set: 222 Way: 0 Address: 0x3c56b3788
  Set: 223 Way: 0 Address: 0x3c56b37d0
  Set: 224 Way: 0 Address: 0x3c56b3810
  Set: 238 Way: 0 Address: 0x2b2e93b98
  Set: 239 Way: 0 Address: 0x2b2e93bc0
  Set: 240 Way: 0 Address: 0x2b2e93c00
  Set: 241 Way: 0 Address: 0x2b2e93c40
  Set: 242 Way: 0 Address: 0x2b2e93c80
  Set: 243 Way: 0 Address: 0x2b2e93cc0
  Set: 244 Way: 0 Address: 0x2b2e93d00
  Set: 245 Way: 0 Address: 0x2b2e93d40
  Set: 246 Way: 0 Address: 0x2b2e93d80
  Set: 247 Way: 0 Address: 0x2b2e93dc0
  Set: 248 Way: 0 Address: 0x2b2e93e00
  Set: 249 Way: 0 Address: 0x2b2e93e40
  Set: 250 Way: 0 Address: 0x2b2e93e80
  Set: 251 Way: 0 Address: 0x2b2e93ec0
  Set: 252 Way: 0 Address: 0x2b2e93f00
  Set: 253 Way: 0 Address: 0x2b2e93f40
  Set: 254 Way: 0 Address: 0x2b2e93f80
  Set: 255 Way: 0 Address: 0x2b2e93fc0
  Set: 256 Way: 0 Address: 0xb8004020
  Set: 256 Way: 1 Address: 0x1ab44000
  Set: 257 Way: 0 Address: 0x1ab44040
  Set: 258 Way: 0 Address: 0x1ab44080
  Set: 259 Way: 0 Address: 0x1ab440c0
  Set: 260 Way: 0 Address: 0x1ab44100
  Set: 261 Way: 0 Address: 0x1ab44140
  Set: 262 Way: 0 Address: 0x1ab44180
  Set: 263 Way: 0 Address: 0x1ab441c0
  Set: 264 Way: 0 Address: 0x1ab44200
  Set: 265 Way: 0 Address: 0x1ab44240
  Set: 266 Way: 0 Address: 0x1ab44280
  Set: 267 Way: 0 Address: 0x1ab442c0
  Set: 268 Way: 0 Address: 0x1ab44300
  Set: 269 Way: 0 Address: 0x1ab44340
  Set: 270 Way: 0 Address: 0x1ab44380
  Set: 271 Way: 0 Address: 0x1ab443c0
  Set: 272 Way: 0 Address: 0x1ab44400
  Set: 273 Way: 0 Address: 0x1ab44440
  Set: 274 Way: 0 Address: 0x1ab44480
  Set: 275 Way: 0 Address: 0x3c10744c8
  Set: 275 Way: 1 Address: 0x1ab444c0
  Set: 276 Way: 0 Address: 0x1ab44500
  Set: 277 Way: 0 Address: 0x1ab44540
  Set: 278 Way: 0 Address: 0x1ab44580
  Set: 279 Way: 0 Address: 0x1ab445c0
  Set: 280 Way: 0 Address: 0x397bb4630
  Set: 280 Way: 1 Address: 0x1ab44600
  Set: 281 Way: 0 Address: 0x397bb4642
  Set: 281 Way: 1 Address: 0x1ab44640
  Set: 282 Way: 0 Address: 0x397bb4681
  Set: 282 Way: 1 Address: 0x1ab44680
  Set: 283 Way: 0 Address: 0x397bb46c0
  Set: 283 Way: 1 Address: 0x1ab446c0
  Set: 284 Way: 0 Address: 0x397bb4701
  Set: 284 Way: 1 Address: 0x1ab44700
  Set: 285 Way: 0 Address: 0x397bb475f
  Set: 285 Way: 1 Address: 0x1ab44740
  Set: 286 Way: 0 Address: 0x397bb4783
  Set: 286 Way: 1 Address: 0x1ab44780
  Set: 287 Way: 0 Address: 0x1299347f8
  Set: 287 Way: 1 Address: 0x1ab447c0
  Set: 288 Way: 0 Address: 0x1ab44800
  Set: 289 Way: 0 Address: 0x1ab44840
  Set: 290 Way: 0 Address: 0x1ab44880
  Set: 291 Way: 0 Address: 0x1ab448c0
  Set: 292 Way: 0 Address: 0x1ab44900
  Set: 293 Way: 0 Address: 0x1ab44940
  Set: 294 Way: 0 Address: 0x1ab44980
  Set: 295 Way: 0 Address: 0x1ab449c0
  Set: 296 Way: 0 Address: 0x1ab44a00
  Set: 297 Way: 0 Address: 0x1ab44a40
  Set: 298 Way: 0 Address: 0x1ab44a80
  Set: 299 Way: 0 Address: 0x1ab44ac0
  Set: 300 Way: 0 Address: 0x1ab44b00
  Set: 301 Way: 0 Address: 0x1ab44b40
  Set: 302 Way: 0 Address: 0x1ab44b80
  Set: 303 Way: 0 Address: 0x1ab44bc0
  Set: 304 Way: 0 Address: 0x1ab44c00
  Set: 305 Way: 0 Address: 0x1ab44c40
  Set: 306 Way: 0 Address: 0x1ab44c80
  Set: 307 Way: 0 Address: 0x1ab44cc0
  Set: 308 Way: 0 Address: 0x1ab44d00
  Set: 309 Way: 0 Address: 0x1ab44d40
  Set: 310 Way: 0 Address: 0x1ab44d80
  Set: 311 Way: 0 Address: 0x1ab44dc0
  Set: 312 Way: 0 Address: 0x1ab44e00
  Set: 313 Way: 0 Address: 0x1ab44e40
  Set: 314 Way: 0 Address: 0x1ab44e80
  Set: 315 Way: 0 Address: 0x1ab44ec0
  Set: 316 Way: 0 Address: 0x1ab44f00
  Set: 317 Way: 0 Address: 0x1ab44f40
  Set: 318 Way: 0 Address: 0x1ab44f80
  Set: 319 Way: 0 Address: 0x1ab44fc0
  Set: 361 Way: 0 Address: 0x354d35a60
  Set: 384 Way: 0 Address: 0x211d16000
  Set: 385 Way: 0 Address: 0x211d16040
  Set: 386 Way: 0 Address: 0x211d16080
  Set: 387 Way: 0 Address: 0x211d160c0
  Set: 388 Way: 0 Address: 0x211d16100
  Set: 389 Way: 0 Address: 0x211d16140
  Set: 390 Way: 0 Address: 0x3dae66190
  Set: 390 Way: 1 Address: 0x211d16180
  Set: 391 Way: 0 Address: 0x3dae661c0
  Set: 391 Way: 1 Address: 0x211d161c0
  Set: 392 Way: 0 Address: 0x3dae66200
  Set: 392 Way: 1 Address: 0x211d16200
  Set: 393 Way: 0 Address: 0x3dae66240
  Set: 393 Way: 1 Address: 0x211d16240
  Set: 394 Way: 0 Address: 0x3dae66280
  Set: 394 Way: 1 Address: 0x211d16280
  Set: 395 Way: 0 Address: 0x3dae662c0
  Set: 395 Way: 1 Address: 0x211d162c0
  Set: 396 Way: 0 Address: 0x3dae66300
  Set: 396 Way: 1 Address: 0x211d16300
  Set: 397 Way: 0 Address: 0x3dae66340
  Set: 397 Way: 1 Address: 0x211d16340
  Set: 398 Way: 0 Address: 0x3dae66380
  Set: 398 Way: 1 Address: 0x211d16380
  Set: 399 Way: 0 Address: 0x3dae663c0
  Set: 399 Way: 1 Address: 0x211d163c0
  Set: 400 Way: 0 Address: 0x3dae66400
  Set: 400 Way: 1 Address: 0x211d16400
  Set: 401 Way: 0 Address: 0x3dae66440
  Set: 401 Way: 1 Address: 0x211d16440
  Set: 402 Way: 0 Address: 0x3dae66480
  Set: 402 Way: 1 Address: 0x211d16480
  Set: 403 Way: 0 Address: 0x3dae664c0
  Set: 403 Way: 1 Address: 0x211d164c0
  Set: 404 Way: 0 Address: 0x3dae66500
  Set: 404 Way: 1 Address: 0x211d16500
  Set: 405 Way: 0 Address: 0x3dae66540
  Set: 405 Way: 1 Address: 0x211d16540
  Set: 406 Way: 0 Address: 0x3dae66580
  Set: 406 Way: 1 Address: 0x211d16580
  Set: 407 Way: 0 Address: 0x3dae665c0
  Set: 407 Way: 1 Address: 0x211d165c0
  Set: 408 Way: 0 Address: 0x3dae66600
  Set: 408 Way: 1 Address: 0x211d16600
  Set: 409 Way: 0 Address: 0x3dae66640
  Set: 409 Way: 1 Address: 0x211d16640
  Set: 410 Way: 0 Address: 0x3dae66680
  Set: 410 Way: 1 Address: 0x211d16680
  Set: 411 Way: 0 Address: 0x3dae666c0
  Set: 411 Way: 1 Address: 0x211d166c0
  Set: 412 Way: 0 Address: 0x3dae66700
  Set: 412 Way: 1 Address: 0x211d16700
  Set: 413 Way: 0 Address: 0x3dae66740
  Set: 413 Way: 1 Address: 0x211d16740
  Set: 414 Way: 0 Address: 0x3dae66780
  Set: 414 Way: 1 Address: 0x211d16780
  Set: 415 Way: 0 Address: 0x437367d0
  Set: 415 Way: 1 Address: 0x3dae667c0
  Set: 415 Way: 2 Address: 0x211d167c0
  Set: 416 Way: 0 Address: 0x3dae66800
  Set: 416 Way: 1 Address: 0x84896830
  Set: 416 Way: 2 Address: 0x211d16800
  Set: 417 Way: 0 Address: 0x3dae66840
  Set: 417 Way: 1 Address: 0x211d16840
  Set: 418 Way: 0 Address: 0x3dae66880
  Set: 418 Way: 1 Address: 0x211d16880
  Set: 419 Way: 0 Address: 0x3dae668c0
  Set: 419 Way: 1 Address: 0x211d168c0
  Set: 420 Way: 0 Address: 0x3dae66900
  Set: 420 Way: 1 Address: 0x211d16900
  Set: 421 Way: 0 Address: 0x3dae66940
  Set: 421 Way: 1 Address: 0x211d16940
  Set: 422 Way: 0 Address: 0x3dae66980
  Set: 422 Way: 1 Address: 0x211d16980
  Set: 423 Way: 0 Address: 0x3dae669c0
  Set: 423 Way: 1 Address: 0x211d169c0
  Set: 424 Way: 0 Address: 0x3dae66a00
  Set: 424 Way: 1 Address: 0x211d16a00
  Set: 425 Way: 0 Address: 0x3dae66a40
  Set: 425 Way: 1 Address: 0x84896a70
  Set: 425 Way: 2 Address: 0x211d16a40
  Set: 426 Way: 0 Address: 0x3dae66a80
  Set: 426 Way: 1 Address: 0x211d16a80
  Set: 427 Way: 0 Address: 0x3dae66ac0
  Set: 427 Way: 1 Address: 0x211d16ac0
  Set: 428 Way: 0 Address: 0x3dae66b00
  Set: 428 Way: 1 Address: 0x211d16b00
  Set: 429 Way: 0 Address: 0x3dae66b40
  Set: 429 Way: 1 Address: 0x211d16b40
  Set: 430 Way: 0 Address: 0x3dae66b80
  Set: 430 Way: 1 Address: 0x211d16b80
  Set: 431 Way: 0 Address: 0x3dae66bc0
  Set: 431 Way: 1 Address: 0x211d16bc0
  Set: 432 Way: 0 Address: 0x3dae66c00
  Set: 432 Way: 1 Address: 0x211d16c00
  Set: 433 Way: 0 Address: 0x3dae66c40
  Set: 433 Way: 1 Address: 0x211d16c40
  Set: 434 Way: 0 Address: 0x3dae66c80
  Set: 434 Way: 1 Address: 0x211d16c80
  Set: 435 Way: 0 Address: 0x3dae66cc0
  Set: 435 Way: 1 Address: 0x211d16cc0
  Set: 436 Way: 0 Address: 0x3dae66d00
  Set: 436 Way: 1 Address: 0x211d16d00
  Set: 437 Way: 0 Address: 0x3dae66d40
  Set: 437 Way: 1 Address: 0x211d16d40
  Set: 438 Way: 0 Address: 0x3dae66d80
  Set: 438 Way: 1 Address: 0x211d16d80
  Set: 439 Way: 0 Address: 0x3dae66dc0
  Set: 439 Way: 1 Address: 0x211d16dc0
  Set: 440 Way: 0 Address: 0x3dae66e00
  Set: 440 Way: 1 Address: 0x211d16e00
  Set: 441 Way: 0 Address: 0x3dae66e40
  Set: 441 Way: 1 Address: 0x211d16e40
  Set: 442 Way: 0 Address: 0x3dae66e80
  Set: 442 Way: 1 Address: 0x211d16e80
  Set: 443 Way: 0 Address: 0x3dae66ec0
  Set: 443 Way: 1 Address: 0x211d16ec0
  Set: 444 Way: 0 Address: 0x3dae66f00
  Set: 444 Way: 1 Address: 0x211d16f00
  Set: 445 Way: 0 Address: 0x3dae66f40
  Set: 445 Way: 1 Address: 0x211d16f40
  Set: 446 Way: 0 Address: 0x3dae66f80
  Set: 446 Way: 1 Address: 0x211d16f80
  Set: 447 Way: 0 Address: 0x3dae66fc0
  Set: 447 Way: 1 Address: 0x211d16fc0
  Set: 480 Way: 0 Address: 0x276ff7830
  Set: 487 Way: 0 Address: 0x3098879f8
  Set: 489 Way: 0 Address: 0x276ff7a68
  Set: 512 Way: 0 Address: 0x1aafb8018
  Set: 543 Way: 0 Address: 0xc70787c8
  Set: 544 Way: 0 Address: 0x201598810
  Set: 585 Way: 0 Address: 0x2ee369268
  Set: 608 Way: 0 Address: 0x292959818
  Set: 640 Way: 0 Address: 0x1d89da010
  Set: 655 Way: 0 Address: 0x223eda3d0
  Set: 704 Way: 0 Address: 0x394edb028
  Set: 705 Way: 0 Address: 0x394edb048
  Set: 708 Way: 0 Address: 0x394edb130
  Set: 709 Way: 0 Address: 0x394edb158
  Set: 710 Way: 0 Address: 0x394edb1a8
  Set: 713 Way: 0 Address: 0x394edb278
  Set: 714 Way: 0 Address: 0x394edb280
  Set: 716 Way: 0 Address: 0x394edb338
  Set: 768 Way: 0 Address: 0xdf85c000
  Set: 798 Way: 0 Address: 0x29484c792
  Set: 799 Way: 0 Address: 0x29484c7c0
  Set: 800 Way: 0 Address: 0x12c6fc828
  Set: 809 Way: 0 Address: 0x12c6fca60
  Set: 819 Way: 0 Address: 0x38e35ccf8
  Set: 825 Way: 0 Address: 0x29484ce40
  Set: 832 Way: 0 Address: 0x1add000
  Set: 833 Way: 0 Address: 0x1add040
  Set: 834 Way: 0 Address: 0x1add080
  Set: 835 Way: 0 Address: 0x1add0c0
  Set: 836 Way: 0 Address: 0x1add100
  Set: 837 Way: 0 Address: 0x1add140
  Set: 838 Way: 0 Address: 0x1add180
  Set: 839 Way: 0 Address: 0x1add1c0
  Set: 840 Way: 0 Address: 0x1add200
  Set: 841 Way: 0 Address: 0x1add240
  Set: 842 Way: 0 Address: 0x1add280
  Set: 843 Way: 0 Address: 0x1add2c0
  Set: 844 Way: 0 Address: 0x1add300
  Set: 845 Way: 0 Address: 0x1add340
  Set: 846 Way: 0 Address: 0x1add380
  Set: 847 Way: 0 Address: 0x1add3c0
  Set: 848 Way: 0 Address: 0x1add400
  Set: 849 Way: 0 Address: 0x1add440
  Set: 850 Way: 0 Address: 0x1add480
  Set: 851 Way: 0 Address: 0x1add4c0
  Set: 852 Way: 0 Address: 0x1add500
  Set: 853 Way: 0 Address: 0x1add540
  Set: 854 Way: 0 Address: 0x1add580
  Set: 855 Way: 0 Address: 0x1add5c0
  Set: 856 Way: 0 Address: 0x1add600
  Set: 857 Way: 0 Address: 0x1add640
  Set: 858 Way: 0 Address: 0x1add680
  Set: 859 Way: 0 Address: 0x1add6c0
  Set: 860 Way: 0 Address: 0x1add700
  Set: 861 Way: 0 Address: 0x1add740
  Set: 862 Way: 0 Address: 0x1add780
  Set: 863 Way: 0 Address: 0x1add7c0
  Set: 864 Way: 0 Address: 0x1add800
  Set: 864 Way: 1 Address: 0x5588d838
  Set: 865 Way: 0 Address: 0x1add840
  Set: 866 Way: 0 Address: 0x1add880
  Set: 867 Way: 0 Address: 0x1add8c0
  Set: 868 Way: 0 Address: 0x1add900
  Set: 869 Way: 0 Address: 0x1add940
  Set: 870 Way: 0 Address: 0x1add980
  Set: 871 Way: 0 Address: 0x1add9c0
  Set: 872 Way: 0 Address: 0x23755da00
  Set: 872 Way: 1 Address: 0x1adda00
  Set: 873 Way: 0 Address: 0x1adda40
  Set: 873 Way: 1 Address: 0x5588da70
  Set: 874 Way: 0 Address: 0x1adda80
  Set: 875 Way: 0 Address: 0x1addac0
  Set: 876 Way: 0 Address: 0x1addb00
  Set: 877 Way: 0 Address: 0x1addb40
  Set: 878 Way: 0 Address: 0x1addb80
  Set: 879 Way: 0 Address: 0x1addbc0
  Set: 880 Way: 0 Address: 0x1addc00
  Set: 881 Way: 0 Address: 0x1addc40
  Set: 882 Way: 0 Address: 0x1addc80
  Set: 883 Way: 0 Address: 0x1addcc0
  Set: 884 Way: 0 Address: 0x1addd00
  Set: 885 Way: 0 Address: 0x1addd40
  Set: 886 Way: 0 Address: 0x1addd80
  Set: 887 Way: 0 Address: 0x1adddc0
  Set: 888 Way: 0 Address: 0x1adde00
  Set: 889 Way: 0 Address: 0x1adde40
  Set: 890 Way: 0 Address: 0x1adde80
  Set: 891 Way: 0 Address: 0x1addec0
  Set: 892 Way: 0 Address: 0x1addf00
  Set: 893 Way: 0 Address: 0x1addf40
  Set: 894 Way: 0 Address: 0x1addf80
  Set: 895 Way: 0 Address: 0x1addfc0
  Set: 896 Way: 0 Address: 0x28b67e000
  Set: 896 Way: 1 Address: 0x1c084e000
  Set: 897 Way: 0 Address: 0x1c084e040
  Set: 898 Way: 0 Address: 0x1c084e080
  Set: 899 Way: 0 Address: 0x1c084e0c0
  Set: 900 Way: 0 Address: 0x1c084e100
  Set: 901 Way: 0 Address: 0x1c084e140
  Set: 902 Way: 0 Address: 0x1c084e180
  Set: 903 Way: 0 Address: 0x1c084e1c0
  Set: 904 Way: 0 Address: 0x1c084e200
  Set: 905 Way: 0 Address: 0x1c084e240
  Set: 906 Way: 0 Address: 0x1c084e280
  Set: 907 Way: 0 Address: 0x1c084e2c0
  Set: 908 Way: 0 Address: 0x1c084e300
  Set: 909 Way: 0 Address: 0x1c084e340
  Set: 910 Way: 0 Address: 0x1c084e380
  Set: 911 Way: 0 Address: 0x1c084e3c0
  Set: 912 Way: 0 Address: 0x1c084e400
  Set: 913 Way: 0 Address: 0x1c084e440
  Set: 914 Way: 0 Address: 0x1c084e480
  Set: 915 Way: 0 Address: 0x1c084e4c0
  Set: 916 Way: 0 Address: 0x1c084e500
  Set: 917 Way: 0 Address: 0x1c084e540
  Set: 918 Way: 0 Address: 0x1c084e580
  Set: 919 Way: 0 Address: 0x1c084e5c0
  Set: 920 Way: 0 Address: 0x1c084e600
  Set: 921 Way: 0 Address: 0x1c084e640
  Set: 922 Way: 0 Address: 0x1c084e680
  Set: 923 Way: 0 Address: 0x1c084e6c0
  Set: 924 Way: 0 Address: 0x1c084e700
  Set: 925 Way: 0 Address: 0x1c084e740
  Set: 926 Way: 0 Address: 0x3734ee788
  Set: 926 Way: 1 Address: 0x1c084e780
  Set: 927 Way: 0 Address: 0x28b67e7f8
  Set: 927 Way: 1 Address: 0x1c084e7c0
  Set: 928 Way: 0 Address: 0x1c084e800
  Set: 929 Way: 0 Address: 0x1c084e840
  Set: 930 Way: 0 Address: 0x1c084e880
  Set: 931 Way: 0 Address: 0x1c084e8c0
  Set: 932 Way: 0 Address: 0x1c084e900
  Set: 933 Way: 0 Address: 0x1c084e940
  Set: 934 Way: 0 Address: 0x1c084e980
  Set: 935 Way: 0 Address: 0x1c084e9c0
  Set: 936 Way: 0 Address: 0x1c084ea00
  Set: 937 Way: 0 Address: 0x1c084ea40
  Set: 938 Way: 0 Address: 0x1c084ea80
  Set: 939 Way: 0 Address: 0x1c084eac0
  Set: 940 Way: 0 Address: 0x1c084eb00
  Set: 941 Way: 0 Address: 0x1c084eb40
  Set: 942 Way: 0 Address: 0x1c084eb80
  Set: 943 Way: 0 Address: 0x1c084ebc0
  Set: 944 Way: 0 Address: 0x1c084ec00
  Set: 945 Way: 0 Address: 0x1c084ec40
  Set: 946 Way: 0 Address: 0x1c084ec80
  Set: 947 Way: 0 Address: 0x1c084ecc0
  Set: 948 Way: 0 Address: 0x1c084ed00
  Set: 949 Way: 0 Address: 0x1c084ed40
  Set: 950 Way: 0 Address: 0x2f5d8ed88
  Set: 950 Way: 1 Address: 0x1c084ed80
  Set: 951 Way: 0 Address: 0x1c084edc0
  Set: 952 Way: 0 Address: 0x1c084ee00
  Set: 953 Way: 0 Address: 0x1c084ee40
  Set: 954 Way: 0 Address: 0x1c084ee80
  Set: 955 Way: 0 Address: 0x1c084eec0
  Set: 956 Way: 0 Address: 0x1c084ef00
  Set: 957 Way: 0 Address: 0x1c084ef40
  Set: 958 Way: 0 Address: 0x1c084ef80
  Set: 959 Way: 0 Address: 0x1c084efc0
  Set: 965 Way: 0 Address: 0xee86f178
  Set: 992 Way: 0 Address: 0x143ef820
  Set: 993 Way: 0 Address: 0x22272f840
  Set: 1023 Way: 0 Address: 0x16390ffd0
EndCache
Cache: cpu0_L1I
  Set: 24 Way: 0 Address: 0x397bb4630
  Set: 25 Way: 0 Address: 0x397bb465f
  Set: 26 Way: 0 Address: 0x397bb46ba
  Set: 27 Way: 0 Address: 0x397bb46e4
  Set: 28 Way: 0 Address: 0x397bb472a
  Set: 29 Way: 0 Address: 0x397bb475f
  Set: 30 Way: 0 Address: 0x397bb47b2
  Set: 30 Way: 1 Address: 0x29484c7af
  Set: 31 Way: 0 Address: 0x29484c7c0
  Set: 38 Way: 0 Address: 0x1c84e29ad
  Set: 39 Way: 0 Address: 0x1c84e29e0
  Set: 40 Way: 0 Address: 0x1c84e2a01
  Set: 41 Way: 0 Address: 0x1c84e2a40
  Set: 57 Way: 0 Address: 0x29484ce40
EndCache
Cache: cpu0_L1D
  Set: 0 Way: 0 Address: 0xdf85c000
  Set: 0 Way: 1 Address: 0x14bb10038
  Set: 0 Way: 2 Address: 0x2177f0000
  Set: 0 Way: 3 Address: 0x1d89da010
  Set: 0 Way: 4 Address: 0x3c56b3010
  Set: 0 Way: 5 Address: 0x1aafb8018
  Set: 0 Way: 6 Address: 0xb8004020
  Set: 0 Way: 7 Address: 0x394edb028
  Set: 0 Way: 8 Address: 0x1add038
  Set: 0 Way: 9 Address: 0x211d16000
  Set: 0 Way: 10 Address: 0x1ab44038
  Set: 0 Way: 11 Address: 0x1c084e000
  Set: 1 Way: 0 Address: 0x394edb040
  Set: 1 Way: 1 Address: 0x1add078
  Set: 1 Way: 2 Address: 0x211d16040
  Set: 1 Way: 3 Address: 0x1ab44078
  Set: 1 Way: 4 Address: 0x1c084e040
  Set: 1 Way: 5 Address: 0x14bb10078
  Set: 1 Way: 6 Address: 0x2177f0040
  Set: 2 Way: 0 Address: 0x1add0a0
  Set: 2 Way: 1 Address: 0x211d16080
  Set: 2 Way: 2 Address: 0x1ab44098
  Set: 2 Way: 3 Address: 0x1c084e080
  Set: 2 Way: 4 Address: 0x14bb100a0
  Set: 2 Way: 5 Address: 0x2177f0080
  Set: 3 Way: 0 Address: 0x1add0f8
  Set: 3 Way: 1 Address: 0x211d160c0
  Set: 3 Way: 2 Address: 0x1ab440d8
  Set: 3 Way: 3 Address: 0x1c084e0c0
  Set: 3 Way: 4 Address: 0x14bb100e0
  Set: 3 Way: 5 Address: 0x2177f00c0
  Set: 4 Way: 0 Address: 0x394edb130
  Set: 4 Way: 1 Address: 0x1add118
  Set: 4 Way: 2 Address: 0x211d16100
  Set: 4 Way: 3 Address: 0x1ab44118
  Set: 4 Way: 4 Address: 0x1c084e100
  Set: 4 Way: 5 Address: 0x14bb10120
  Set: 4 Way: 6 Address: 0x2177f0100
  Set: 5 Way: 0 Address: 0xee86f178
  Set: 5 Way: 1 Address: 0x394edb168
  Set: 5 Way: 2 Address: 0x1add158
  Set: 5 Way: 3 Address: 0x211d16140
  Set: 5 Way: 4 Address: 0x1ab44158
  Set: 5 Way: 5 Address: 0x1c084e140
  Set: 5 Way: 6 Address: 0x14bb10160
  Set: 5 Way: 7 Address: 0x2177f0140
  Set: 6 Way: 0 Address: 0x3dae66198
  Set: 6 Way: 1 Address: 0x394edb1a8
  Set: 6 Way: 2 Address: 0x1add198
  Set: 6 Way: 3 Address: 0x211d16180
  Set: 6 Way: 4 Address: 0x1ab44198
  Set: 6 Way: 5 Address: 0x1c084e180
  Set: 6 Way: 6 Address: 0x14bb101a0
  Set: 6 Way: 7 Address: 0x2177f0180
  Set: 7 Way: 0 Address: 0x3dae661c0
  Set: 7 Way: 1 Address: 0x1add1d8
  Set: 7 Way: 2 Address: 0x211d161c0
  Set: 7 Way: 3 Address: 0x1ab441e0
  Set: 7 Way: 4 Address: 0x1c084e1c0
  Set: 7 Way: 5 Address: 0x14bb101e0
  Set: 7 Way: 6 Address: 0x2177f01c0
  Set: 8 Way: 0 Address: 0x3dae66200
  Set: 8 Way: 1 Address: 0x1add218
  Set: 8 Way: 2 Address: 0x211d16200
  Set: 8 Way: 3 Address: 0x1ab44220
  Set: 8 Way: 4 Address: 0x1c084e200
  Set: 8 Way: 5 Address: 0x14bb10220
  Set: 8 Way: 6 Address: 0x2177f0200
  Set: 9 Way: 0 Address: 0x2ee369260
  Set: 9 Way: 1 Address: 0x3dae66240
  Set: 9 Way: 2 Address: 0x394edb278
  Set: 9 Way: 3 Address: 0x1add258
  Set: 9 Way: 4 Address: 0x211d16240
  Set: 9 Way: 5 Address: 0x1ab44260
  Set: 9 Way: 6 Address: 0x1c084e240
  Set: 9 Way: 7 Address: 0x14bb10260
  Set: 9 Way: 8 Address: 0x2177f0240
  Set: 10 Way: 0 Address: 0x3dae66280
  Set: 10 Way: 1 Address: 0x394edb280
  Set: 10 Way: 2 Address: 0x1add298
  Set: 10 Way: 3 Address: 0x211d16280
  Set: 10 Way: 4 Address: 0x1ab442a0
  Set: 10 Way: 5 Address: 0x1c084e280
  Set: 10 Way: 6 Address: 0x14bb102b8
  Set: 10 Way: 7 Address: 0x2177f0280
  Set: 11 Way: 0 Address: 0x3dae662c0
  Set: 11 Way: 1 Address: 0x1add2d8
  Set: 11 Way: 2 Address: 0x211d162c0
  Set: 11 Way: 3 Address: 0x1ab442e0
  Set: 11 Way: 4 Address: 0x1c084e2c0
  Set: 11 Way: 5 Address: 0x14bb102e0
  Set: 11 Way: 6 Address: 0x2177f02c0
  Set: 12 Way: 0 Address: 0x3dae66300
  Set: 12 Way: 1 Address: 0x394edb338
  Set: 12 Way: 2 Address: 0x1add318
  Set: 12 Way: 3 Address: 0x211d16300
  Set: 12 Way: 4 Address: 0x1ab44320
  Set: 12 Way: 5 Address: 0x1c084e300
  Set: 12 Way: 6 Address: 0x14bb10318
  Set: 12 Way: 7 Address: 0x2177f0300
  Set: 13 Way: 0 Address: 0x3dae66340
  Set: 13 Way: 1 Address: 0x1add358
  Set: 13 Way: 2 Address: 0x211d16340
  Set: 13 Way: 3 Address: 0x1ab44360
  Set: 13 Way: 4 Address: 0x1c084e340
  Set: 13 Way: 5 Address: 0x14bb10358
  Set: 13 Way: 6 Address: 0x2177f0340
  Set: 14 Way: 0 Address: 0x3dae66380
  Set: 14 Way: 1 Address: 0x1add398
  Set: 14 Way: 2 Address: 0x211d16380
  Set: 14 Way: 3 Address: 0x1ab443a0
  Set: 14 Way: 4 Address: 0x1c084e380
  Set: 14 Way: 5 Address: 0x14bb10390
  Set: 14 Way: 6 Address: 0x2177f0380
  Set: 15 Way: 0 Address: 0x223eda3d0
  Set: 15 Way: 1 Address: 0x3dae663c0
  Set: 15 Way: 2 Address: 0x1add3d8
  Set: 15 Way: 3 Address: 0x211d163c0
  Set: 15 Way: 4 Address: 0x1ab443e0
  Set: 15 Way: 5 Address: 0x1c084e3c0
  Set: 15 Way: 6 Address: 0x14bb103d8
  Set: 15 Way: 7 Address: 0x2177f03c0
  Set: 16 Way: 0 Address: 0x2a4841410
  Set: 16 Way: 1 Address: 0x3dae66400
  Set: 16 Way: 2 Address: 0x1add420
  Set: 16 Way: 3 Address: 0x211d16400
  Set: 16 Way: 4 Address: 0x1ab44420
  Set: 16 Way: 5 Address: 0x1c084e400
  Set: 16 Way: 6 Address: 0x14bb10418
  Set: 16 Way: 7 Address: 0x2177f0400
  Set: 17 Way: 0 Address: 0x3dae66440
  Set: 17 Way: 1 Address: 0x1add460
  Set: 17 Way: 2 Address: 0x211d16440
  Set: 17 Way: 3 Address: 0x1ab44460
  Set: 17 Way: 4 Address: 0x1c084e440
  Set: 17 Way: 5 Address: 0x14bb10458
  Set: 17 Way: 6 Address: 0x2177f0440
  Set: 18 Way: 0 Address: 0x3dae66480
  Set: 18 Way: 1 Address: 0x1add4a0
  Set: 18 Way: 2 Address: 0x211d16480
  Set: 18 Way: 3 Address: 0x1ab44498
  Set: 18 Way: 4 Address: 0x1c084e480
  Set: 18 Way: 5 Address: 0x14bb10498
  Set: 18 Way: 6 Address: 0x2177f0480
  Set: 19 Way: 0 Address: 0x3c10744c0
  Set: 19 Way: 1 Address: 0x3dae664c0
  Set: 19 Way: 2 Address: 0x1add4e0
  Set: 19 Way: 3 Address: 0x211d164c0
  Set: 19 Way: 4 Address: 0x1ab444e0
  Set: 19 Way: 5 Address: 0x1c084e4c0
  Set: 19 Way: 6 Address: 0x14bb104d8
  Set: 19 Way: 7 Address: 0x2177f04c0
  Set: 20 Way: 0 Address: 0x3dae66500
  Set: 20 Way: 1 Address: 0x1add520
  Set: 20 Way: 2 Address: 0x211d16500
  Set: 20 Way: 3 Address: 0x1ab44520
  Set: 20 Way: 4 Address: 0x1c084e500
  Set: 20 Way: 5 Address: 0x14bb10518
  Set: 20 Way: 6 Address: 0x2177f0500
  Set: 21 Way: 0 Address: 0x3dae66540
  Set: 21 Way: 1 Address: 0x1add560
  Set: 21 Way: 2 Address: 0x211d16540
  Set: 21 Way: 3 Address: 0x1ab44578
  Set: 21 Way: 4 Address: 0x1c084e540
  Set: 21 Way: 5 Address: 0x14bb10558
  Set: 22 Way: 0 Address: 0x3dae66580
  Set: 22 Way: 1 Address: 0x1add598
  Set: 22 Way: 2 Address: 0x211d16580
  Set: 22 Way: 3 Address: 0x1ab44598
  Set: 22 Way: 4 Address: 0x1c084e580
  Set: 22 Way: 5 Address: 0x14bb10598
  Set: 23 Way: 0 Address: 0x3dae665c0
  Set: 23 Way: 1 Address: 0x1add5e0
  Set: 23 Way: 2 Address: 0x211d165c0
  Set: 23 Way: 3 Address: 0x1ab445d8
  Set: 23 Way: 4 Address: 0x1c084e5c0
  Set: 23 Way: 5 Address: 0x14bb105d8
  Set: 24 Way: 0 Address: 0x3dae66600
  Set: 24 Way: 1 Address: 0x1add618
  Set: 24 Way: 2 Address: 0x211d16600
  Set: 24 Way: 3 Address: 0x1ab44618
  Set: 24 Way: 4 Address: 0x1c084e600
  Set: 24 Way: 5 Address: 0x14bb10618
  Set: 25 Way: 0 Address: 0x3dae66640
  Set: 25 Way: 1 Address: 0x1add658
  Set: 25 Way: 2 Address: 0x211d16640
  Set: 25 Way: 3 Address: 0x1ab44658
  Set: 25 Way: 4 Address: 0x1c084e640
  Set: 25 Way: 5 Address: 0x14bb10658
  Set: 26 Way: 0 Address: 0x3dae66680
  Set: 26 Way: 1 Address: 0x1add698
  Set: 26 Way: 2 Address: 0x211d16680
  Set: 26 Way: 3 Address: 0x1ab44698
  Set: 26 Way: 4 Address: 0x1c084e680
  Set: 26 Way: 5 Address: 0x14bb10698
  Set: 27 Way: 0 Address: 0xf6e816e8
  Set: 27 Way: 1 Address: 0x3dae666c0
  Set: 27 Way: 2 Address: 0x1add6d8
  Set: 27 Way: 3 Address: 0x211d166c0
  Set: 27 Way: 4 Address: 0x1ab446d8
  Set: 27 Way: 5 Address: 0x1c084e6c0
  Set: 27 Way: 6 Address: 0x14bb106d8
  Set: 28 Way: 0 Address: 0xf6e81700
  Set: 28 Way: 1 Address: 0x3dae66700
  Set: 28 Way: 2 Address: 0x1add720
  Set: 28 Way: 3 Address: 0x211d16700
  Set: 28 Way: 4 Address: 0x1ab44718
  Set: 28 Way: 5 Address: 0x1c084e700
  Set: 28 Way: 6 Address: 0x14bb10718
  Set: 29 Way: 0 Address: 0xf6e81740
  Set: 29 Way: 1 Address: 0x3dae66740
  Set: 29 Way: 2 Address: 0x1add760
  Set: 29 Way: 3 Address: 0x211d16740
  Set: 29 Way: 4 Address: 0x1ab44758
  Set: 29 Way: 5 Address: 0x1c084e740
  Set: 29 Way: 6 Address: 0x14bb10758
  Set: 30 Way: 0 Address: 0x3c56b3788
  Set: 30 Way: 1 Address: 0x3734ee788
  Set: 30 Way: 2 Address: 0x3dae66780
  Set: 30 Way: 3 Address: 0x1add7a0
  Set: 30 Way: 4 Address: 0x211d16780
  Set: 30 Way: 5 Address: 0x1ab44790
  Set: 30 Way: 6 Address: 0x1c084e780
  Set: 30 Way: 7 Address: 0x14bb10798
  Set: 31 Way: 0 Address: 0x28b67e7f8
  Set: 31 Way: 1 Address: 0x3c56b37d0
  Set: 31 Way: 2 Address: 0x1299347f8
  Set: 31 Way: 3 Address: 0x437367d0
  Set: 31 Way: 4 Address: 0xc70787c8
  Set: 31 Way: 5 Address: 0x3dae667c0
  Set: 31 Way: 6 Address: 0x1add7f8
  Set: 31 Way: 7 Address: 0x211d167c0
  Set: 31 Way: 8 Address: 0x1ab447d8
  Set: 31 Way: 9 Address: 0x1c084e7c0
  Set: 31 Way: 10 Address: 0x14bb107d8
  Set: 32 Way: 0 Address: 0x3c56b3810
  Set: 32 Way: 1 Address: 0x133c92838
  Set: 32 Way: 2 Address: 0x292959818
  Set: 32 Way: 3 Address: 0x1c084e800
  Set: 32 Way: 4 Address: 0x14bb10820
  Set: 32 Way: 5 Address: 0x3dae66800
  Set: 32 Way: 6 Address: 0x1add820
  Set: 32 Way: 7 Address: 0x276ff7830
  Set: 32 Way: 8 Address: 0x84896830
  Set: 32 Way: 9 Address: 0x211d16800
  Set: 32 Way: 10 Address: 0x1ab44818
  Set: 32 Way: 11 Address: 0x5588d838
  Set: 33 Way: 0 Address: 0x3dae66840
  Set: 33 Way: 1 Address: 0x1add858
  Set: 33 Way: 2 Address: 0x211d16840
  Set: 33 Way: 3 Address: 0x1ab44858
  Set: 33 Way: 4 Address: 0x1c084e840
  Set: 33 Way: 5 Address: 0x14bb10860
  Set: 33 Way: 6 Address: 0x6e620840
  Set: 33 Way: 7 Address: 0x22272f840
  Set: 34 Way: 0 Address: 0x3dae66880
  Set: 34 Way: 1 Address: 0x1add898
  Set: 34 Way: 2 Address: 0x211d16880
  Set: 34 Way: 3 Address: 0x1ab44898
  Set: 34 Way: 4 Address: 0x1c084e880
  Set: 34 Way: 5 Address: 0x14bb108a0
  Set: 35 Way: 0 Address: 0x6d0c28e0
  Set: 35 Way: 1 Address: 0x3dae668c0
  Set: 35 Way: 2 Address: 0x1add8d8
  Set: 35 Way: 3 Address: 0x211d168c0
  Set: 35 Way: 4 Address: 0x1ab448d8
  Set: 35 Way: 5 Address: 0x1c084e8c0
  Set: 35 Way: 6 Address: 0x14bb108e0
  Set: 36 Way: 0 Address: 0x3dae66900
  Set: 36 Way: 1 Address: 0x1add918
  Set: 36 Way: 2 Address: 0x211d16900
  Set: 36 Way: 3 Address: 0x1ab44918
  Set: 36 Way: 4 Address: 0x1c084e900
  Set: 36 Way: 5 Address: 0x14bb10920
  Set: 37 Way: 0 Address: 0x3dae66940
  Set: 37 Way: 1 Address: 0x1add958
  Set: 37 Way: 2 Address: 0x211d16940
  Set: 37 Way: 3 Address: 0x1ab44958
  Set: 37 Way: 4 Address: 0x1c084e940
  Set: 37 Way: 5 Address: 0x14bb10960
  Set: 38 Way: 0 Address: 0x3dae66980
  Set: 38 Way: 1 Address: 0x1add998
  Set: 38 Way: 2 Address: 0x211d16980
  Set: 38 Way: 3 Address: 0x1ab44998
  Set: 38 Way: 4 Address: 0x1c084e980
  Set: 38 Way: 5 Address: 0x14bb10998
  Set: 39 Way: 0 Address: 0x3098879f8
  Set: 39 Way: 1 Address: 0x3dae669c0
  Set: 39 Way: 2 Address: 0x1add9d8
  Set: 39 Way: 3 Address: 0x211d169c0
  Set: 39 Way: 4 Address: 0x1ab449d8
  Set: 39 Way: 5 Address: 0x1c084e9c0
  Set: 39 Way: 6 Address: 0x14bb109e0
  Set: 40 Way: 0 Address: 0x23755da00
  Set: 40 Way: 1 Address: 0x3dae66a00
  Set: 40 Way: 2 Address: 0x1adda08
  Set: 40 Way: 3 Address: 0x211d16a00
  Set: 40 Way: 4 Address: 0x1ab44a08
  Set: 40 Way: 5 Address: 0x1c084ea00
  Set: 40 Way: 6 Address: 0x14bb10a08
  Set: 41 Way: 0 Address: 0x14bb10a58
  Set: 41 Way: 1 Address: 0x354d35a60
  Set: 41 Way: 2 Address: 0x276ff7a68
  Set: 41 Way: 3 Address: 0x3dae66a40
  Set: 41 Way: 4 Address: 0x1adda58
  Set: 41 Way: 5 Address: 0x84896a70
  Set: 41 Way: 6 Address: 0x5588da70
  Set: 41 Way: 7 Address: 0x211d16a40
  Set: 41 Way: 8 Address: 0x1ab44a50
  Set: 41 Way: 9 Address: 0x133c92a78
  Set: 41 Way: 10 Address: 0x6e620a78
  Set: 41 Way: 11 Address: 0x1c084ea40
  Set: 42 Way: 0 Address: 0x3dae66a80
  Set: 42 Way: 1 Address: 0x1adda98
  Set: 42 Way: 2 Address: 0x211d16a80
  Set: 42 Way: 3 Address: 0x1ab44a98
  Set: 42 Way: 4 Address: 0x1c084ea80
  Set: 42 Way: 5 Address: 0x14bb10a98
  Set: 43 Way: 0 Address: 0x3dae66ac0
  Set: 43 Way: 1 Address: 0x1addae0
  Set: 43 Way: 2 Address: 0x211d16ac0
  Set: 43 Way: 3 Address: 0x1ab44ad8
  Set: 43 Way: 4 Address: 0x1c084eac0
  Set: 43 Way: 5 Address: 0x14bb10ad0
  Set: 44 Way: 0 Address: 0x3dae66b00
  Set: 44 Way: 1 Address: 0x1addb10
  Set: 44 Way: 2 Address: 0x211d16b00
  Set: 44 Way: 3 Address: 0x1ab44b18
  Set: 44 Way: 4 Address: 0x1c084eb00
  Set: 44 Way: 5 Address: 0x14bb10b18
  Set: 45 Way: 0 Address: 0x3dae66b40
  Set: 45 Way: 1 Address: 0x1addb58
  Set: 45 Way: 2 Address: 0x211d16b40
  Set: 45 Way: 3 Address: 0x1ab44b60
  Set: 45 Way: 4 Address: 0x1c084eb40
  Set: 45 Way: 5 Address: 0x14bb10b58
  Set: 46 Way: 0 Address: 0x2b2e93bb8
  Set: 46 Way: 1 Address: 0x3dae66b80
  Set: 46 Way: 2 Address: 0x1addb90
  Set: 46 Way: 3 Address: 0x211d16b80
  Set: 46 Way: 4 Address: 0x1ab44bb8
  Set: 46 Way: 5 Address: 0x1c084eb80
  Set: 46 Way: 6 Address: 0x14bb10ba0
  Set: 47 Way: 0 Address: 0x2b2e93bf8
  Set: 47 Way: 1 Address: 0x3dae66bc0
  Set: 47 Way: 2 Address: 0x1addbd8
  Set: 47 Way: 3 Address: 0x211d16bc0
  Set: 47 Way: 4 Address: 0x1ab44bd8
  Set: 47 Way: 5 Address: 0x1c084ebc0
  Set: 47 Way: 6 Address: 0x14bb10bd8
  Set: 48 Way: 0 Address: 0x2b2e93c08
  Set: 48 Way: 1 Address: 0x3dae66c00
  Set: 48 Way: 2 Address: 0x1addc18
  Set: 48 Way: 3 Address: 0x211d16c00
  Set: 48 Way: 4 Address: 0x1ab44c18
  Set: 48 Way: 5 Address: 0x1c084ec00
  Set: 48 Way: 6 Address: 0x14bb10c20
  Set: 49 Way: 0 Address: 0x2b2e93c48
  Set: 49 Way: 1 Address: 0x3dae66c40
  Set: 49 Way: 2 Address: 0x1addc60
  Set: 49 Way: 3 Address: 0x211d16c40
  Set: 49 Way: 4 Address: 0x1ab44c60
  Set: 49 Way: 5 Address: 0x1c084ec40
  Set: 49 Way: 6 Address: 0x14bb10c60
  Set: 50 Way: 0 Address: 0x2b2e93c88
  Set: 50 Way: 1 Address: 0x3dae66c80
  Set: 50 Way: 2 Address: 0x1addca0
  Set: 50 Way: 3 Address: 0x211d16c80
  Set: 50 Way: 4 Address: 0x1ab44c98
  Set: 50 Way: 5 Address: 0x1c084ec80
  Set: 50 Way: 6 Address: 0x14bb10ca0
  Set: 51 Way: 0 Address: 0x38e35ccf8
  Set: 51 Way: 1 Address: 0x2b2e93cd8
  Set: 51 Way: 2 Address: 0x3dae66cc0
  Set: 51 Way: 3 Address: 0x1addce0
  Set: 51 Way: 4 Address: 0x211d16cc0
  Set: 51 Way: 5 Address: 0x1ab44cd8
  Set: 51 Way: 6 Address: 0x1c084ecc0
  Set: 51 Way: 7 Address: 0x14bb10ce0
  Set: 52 Way: 0 Address: 0x2b2e93d20
  Set: 52 Way: 1 Address: 0x3dae66d00
  Set: 52 Way: 2 Address: 0x1addd20
  Set: 52 Way: 3 Address: 0x211d16d00
  Set: 52 Way: 4 Address: 0x1ab44d20
  Set: 52 Way: 5 Address: 0x1c084ed00
  Set: 52 Way: 6 Address: 0x14bb10d20
  Set: 53 Way: 0 Address: 0x2b2e93d60
  Set: 53 Way: 1 Address: 0x3dae66d40
  Set: 53 Way: 2 Address: 0x1addd60
  Set: 53 Way: 3 Address: 0x211d16d40
  Set: 53 Way: 4 Address: 0x1ab44d60
  Set: 53 Way: 5 Address: 0x1c084ed40
  Set: 53 Way: 6 Address: 0x14bb10d60
  Set: 54 Way: 0 Address: 0x2f5d8ed88
  Set: 54 Way: 1 Address: 0x2b2e93d98
  Set: 54 Way: 2 Address: 0x3dae66d80
  Set: 54 Way: 3 Address: 0x1addda0
  Set: 54 Way: 4 Address: 0x211d16d80
  Set: 54 Way: 5 Address: 0x1ab44da0
  Set: 54 Way: 6 Address: 0x1c084ed80
  Set: 54 Way: 7 Address: 0x14bb10da0
  Set: 55 Way: 0 Address: 0x2b2e93de0
  Set: 55 Way: 1 Address: 0x3dae66dc0
  Set: 55 Way: 2 Address: 0x1addde0
  Set: 55 Way: 3 Address: 0x211d16dc0
  Set: 55 Way: 4 Address: 0x1ab44de0
  Set: 55 Way: 5 Address: 0x1c084edc0
  Set: 55 Way: 6 Address: 0x14bb10de0
  Set: 56 Way: 0 Address: 0x1995f2e30
  Set: 56 Way: 1 Address: 0x2b2e93e18
  Set: 56 Way: 2 Address: 0x3dae66e00
  Set: 56 Way: 3 Address: 0x1adde20
  Set: 56 Way: 4 Address: 0x211d16e00
  Set: 56 Way: 5 Address: 0x1ab44e18
  Set: 56 Way: 6 Address: 0x1c084ee00
  Set: 57 Way: 0 Address: 0x2b2e93e58
  Set: 57 Way: 1 Address: 0x3dae66e40
  Set: 57 Way: 2 Address: 0x1adde78
  Set: 57 Way: 3 Address: 0x211d16e40
  Set: 57 Way: 4 Address: 0x1ab44e60
  Set: 57 Way: 5 Address: 0x1c084ee40
  Set: 58 Way: 0 Address: 0x2b2e93e98
  Set: 58 Way: 1 Address: 0x3dae66e80
  Set: 58 Way: 2 Address: 0x1adde98
  Set: 58 Way: 3 Address: 0x211d16e80
  Set: 58 Way: 4 Address: 0x1ab44ea0
  Set: 58 Way: 5 Address: 0x1c084ee80
  Set: 59 Way: 0 Address: 0x2b2e93ed8
  Set: 59 Way: 1 Address: 0x3dae66ec0
  Set: 59 Way: 2 Address: 0x1added8
  Set: 59 Way: 3 Address: 0x211d16ec0
  Set: 59 Way: 4 Address: 0x1ab44ee0
  Set: 59 Way: 5 Address: 0x1c084eec0
  Set: 60 Way: 0 Address: 0x2b2e93f18
  Set: 60 Way: 1 Address: 0x3dae66f00
  Set: 60 Way: 2 Address: 0x1addf18
  Set: 60 Way: 3 Address: 0x211d16f00
  Set: 60 Way: 4 Address: 0x1ab44f20
  Set: 60 Way: 5 Address: 0x1c084ef00
  Set: 61 Way: 0 Address: 0x2b2e93f60
  Set: 61 Way: 1 Address: 0x3dae66f40
  Set: 61 Way: 2 Address: 0x1addf60
  Set: 61 Way: 3 Address: 0x211d16f40
  Set: 61 Way: 4 Address: 0x1ab44f60
  Set: 61 Way: 5 Address: 0x1c084ef40
  Set: 62 Way: 0 Address: 0x2b2e93f88
  Set: 62 Way: 1 Address: 0x3dae66f80
  Set: 62 Way: 2 Address: 0x1addfa0
  Set: 62 Way: 3 Address: 0x211d16f80
  Set: 62 Way: 4 Address: 0x1ab44fa0
  Set: 62 Way: 5 Address: 0x1c084ef80
  Set: 63 Way: 0 Address: 0x16390ffd0
  Set: 63 Way: 1 Address: 0x2b2e93fe0
  Set: 63 Way: 2 Address: 0x3dae66fc0
  Set: 63 Way: 3 Address: 0x1addfe0
  Set: 63 Way: 4 Address: 0x211d16fc0
  Set: 63 Way: 5 Address: 0x1ab44fe0
  Set: 63 Way: 6 Address: 0x1c084efc0
EndCache
Cache: cpu0_ITLB
  Set: 2 Way: 0 Address: 0x4827b2
  Set: 2 Way: 1 Address: 0x402a12
  Set: 10 Way: 0 Address: 0x47a7c0
EndCache
Cache: cpu0_DTLB
  Set: 1 Way: 0 Address: 0x4f1e30
  Set: 2 Way: 0 Address: 0x5026e8
  Set: 3 Way: 0 Address: 0x503260
  Set: 4 Way: 0 Address: 0x5044c0
  Set: 5 Way: 0 Address: 0x905198
  Set: 6 Way: 0 Address: 0x906000
  Set: 7 Way: 0 Address: 0x907000
  Set: 8 Way: 0 Address: 0x908000
  Set: 9 Way: 0 Address: 0x4f9a00
  Set: 10 Way: 0 Address: 0x4fa8e8
  Set: 12 Way: 0 Address: 0x94cbe8
  Set: 13 Way: 0 Address: 0x94d060
  Set: 14 Way: 0 Address: 0x94e078
  Set: 15 Way: 0 Address: 0x73fd88
  Set: 15 Way: 1 Address: 0x7ffe85f9f1a8
  Set: 15 Way: 2 Address: 0x94f078
EndCache
Cache: LLC
  Set: 33 Way: 0 Address: 0x6e620840
  Set: 41 Way: 0 Address: 0x6e620a78
  Set: 64 Way: 0 Address: 0x113201000
  Set: 80 Way: 0 Address: 0x2a4841410
  Set: 91 Way: 0 Address: 0xf6e816e0
  Set: 92 Way: 0 Address: 0xf6e81700
  Set: 93 Way: 0 Address: 0xf6e81740
  Set: 163 Way: 0 Address: 0x6d0c28e0
  Set: 166 Way: 0 Address: 0x1c84e29ad
  Set: 167 Way: 0 Address: 0x1c84e29e0
  Set: 168 Way: 0 Address: 0x1c84e2a12
  Set: 169 Way: 0 Address: 0x1c84e2a40
  Set: 256 Way: 0 Address: 0xb8004020
  Set: 256 Way: 1 Address: 0x1ab44000
  Set: 257 Way: 0 Address: 0x1ab44040
  Set: 258 Way: 0 Address: 0x1ab44080
  Set: 259 Way: 0 Address: 0x1ab440c0
  Set: 260 Way: 0 Address: 0x1ab44100
  Set: 261 Way: 0 Address: 0x1ab44140
  Set: 262 Way: 0 Address: 0x1ab44180
  Set: 263 Way: 0 Address: 0x1ab441c0
  Set: 264 Way: 0 Address: 0x1ab44200
  Set: 265 Way: 0 Address: 0x1ab44240
  Set: 266 Way: 0 Address: 0x1ab44280
  Set: 267 Way: 0 Address: 0x1ab442c0
  Set: 268 Way: 0 Address: 0x1ab44300
  Set: 269 Way: 0 Address: 0x1ab44340
  Set: 270 Way: 0 Address: 0x1ab44380
  Set: 271 Way: 0 Address: 0x1ab443c0
  Set: 272 Way: 0 Address: 0x1ab44400
  Set: 273 Way: 0 Address: 0x1ab44440
  Set: 274 Way: 0 Address: 0x1ab44480
  Set: 275 Way: 0 Address: 0x1ab444c0
  Set: 276 Way: 0 Address: 0x1ab44500
  Set: 277 Way: 0 Address: 0x1ab44540
  Set: 278 Way: 0 Address: 0x1ab44580
  Set: 279 Way: 0 Address: 0x1ab445c0
  Set: 280 Way: 0 Address: 0x1ab44600
  Set: 281 Way: 0 Address: 0x1ab44640
  Set: 282 Way: 0 Address: 0x1ab44680
  Set: 283 Way: 0 Address: 0x1ab446c0
  Set: 284 Way: 0 Address: 0x1ab44700
  Set: 285 Way: 0 Address: 0x1ab44740
  Set: 286 Way: 0 Address: 0x1ab44780
  Set: 287 Way: 0 Address: 0x1ab447c0
  Set: 288 Way: 0 Address: 0x1ab44800
  Set: 289 Way: 0 Address: 0x1ab44840
  Set: 290 Way: 0 Address: 0x1ab44880
  Set: 291 Way: 0 Address: 0x1ab448c0
  Set: 292 Way: 0 Address: 0x1ab44900
  Set: 293 Way: 0 Address: 0x1ab44940
  Set: 294 Way: 0 Address: 0x1ab44980
  Set: 295 Way: 0 Address: 0x1ab449c0
  Set: 296 Way: 0 Address: 0x1ab44a00
  Set: 297 Way: 0 Address: 0x1ab44a40
  Set: 298 Way: 0 Address: 0x1ab44a80
  Set: 299 Way: 0 Address: 0x1ab44ac0
  Set: 300 Way: 0 Address: 0x1ab44b00
  Set: 301 Way: 0 Address: 0x1ab44b40
  Set: 302 Way: 0 Address: 0x1ab44b80
  Set: 303 Way: 0 Address: 0x1ab44bc0
  Set: 304 Way: 0 Address: 0x1ab44c00
  Set: 305 Way: 0 Address: 0x1ab44c40
  Set: 306 Way: 0 Address: 0x1ab44c80
  Set: 307 Way: 0 Address: 0x1ab44cc0
  Set: 308 Way: 0 Address: 0x1ab44d00
  Set: 309 Way: 0 Address: 0x1ab44d40
  Set: 310 Way: 0 Address: 0x1ab44d80
  Set: 311 Way: 0 Address: 0x1ab44dc0
  Set: 312 Way: 0 Address: 0x1ab44e00
  Set: 313 Way: 0 Address: 0x1ab44e40
  Set: 314 Way: 0 Address: 0x1ab44e80
  Set: 315 Way: 0 Address: 0x1ab44ec0
  Set: 316 Way: 0 Address: 0x1ab44f00
  Set: 317 Way: 0 Address: 0x1ab44f40
  Set: 318 Way: 0 Address: 0x1ab44f80
  Set: 319 Way: 0 Address: 0x1ab44fc0
  Set: 390 Way: 0 Address: 0x3dae66190
  Set: 391 Way: 0 Address: 0x3dae661c0
  Set: 392 Way: 0 Address: 0x3dae66200
  Set: 393 Way: 0 Address: 0x3dae66240
  Set: 394 Way: 0 Address: 0x3dae66280
  Set: 395 Way: 0 Address: 0x3dae662c0
  Set: 396 Way: 0 Address: 0x3dae66300
  Set: 397 Way: 0 Address: 0x3dae66340
  Set: 398 Way: 0 Address: 0x3dae66380
  Set: 399 Way: 0 Address: 0x3dae663c0
  Set: 400 Way: 0 Address: 0x3dae66400
  Set: 401 Way: 0 Address: 0x3dae66440
  Set: 402 Way: 0 Address: 0x3dae66480
  Set: 403 Way: 0 Address: 0x3dae664c0
  Set: 404 Way: 0 Address: 0x3dae66500
  Set: 405 Way: 0 Address: 0x3dae66540
  Set: 406 Way: 0 Address: 0x3dae66580
  Set: 407 Way: 0 Address: 0x3dae665c0
  Set: 408 Way: 0 Address: 0x3dae66600
  Set: 409 Way: 0 Address: 0x3dae66640
  Set: 410 Way: 0 Address: 0x3dae66680
  Set: 411 Way: 0 Address: 0x3dae666c0
  Set: 412 Way: 0 Address: 0x3dae66700
  Set: 413 Way: 0 Address: 0x3dae66740
  Set: 414 Way: 0 Address: 0x3dae66780
  Set: 415 Way: 0 Address: 0x3dae667c0
  Set: 416 Way: 0 Address: 0x3dae66800
  Set: 417 Way: 0 Address: 0x3dae66840
  Set: 418 Way: 0 Address: 0x3dae66880
  Set: 419 Way: 0 Address: 0x3dae668c0
  Set: 420 Way: 0 Address: 0x3dae66900
  Set: 421 Way: 0 Address: 0x3dae66940
  Set: 422 Way: 0 Address: 0x3dae66980
  Set: 423 Way: 0 Address: 0x3dae669c0
  Set: 424 Way: 0 Address: 0x3dae66a00
  Set: 425 Way: 0 Address: 0x3dae66a40
  Set: 426 Way: 0 Address: 0x3dae66a80
  Set: 427 Way: 0 Address: 0x3dae66ac0
  Set: 428 Way: 0 Address: 0x3dae66b00
  Set: 429 Way: 0 Address: 0x3dae66b40
  Set: 430 Way: 0 Address: 0x3dae66b80
  Set: 431 Way: 0 Address: 0x3dae66bc0
  Set: 432 Way: 0 Address: 0x3dae66c00
  Set: 433 Way: 0 Address: 0x3dae66c40
  Set: 434 Way: 0 Address: 0x3dae66c80
  Set: 435 Way: 0 Address: 0x3dae66cc0
  Set: 436 Way: 0 Address: 0x3dae66d00
  Set: 437 Way: 0 Address: 0x3dae66d40
  Set: 438 Way: 0 Address: 0x3dae66d80
  Set: 439 Way: 0 Address: 0x3dae66dc0
  Set: 440 Way: 0 Address: 0x3dae66e00
  Set: 441 Way: 0 Address: 0x3dae66e40
  Set: 442 Way: 0 Address: 0x3dae66e80
  Set: 443 Way: 0 Address: 0x3dae66ec0
  Set: 444 Way: 0 Address: 0x3dae66f00
  Set: 445 Way: 0 Address: 0x3dae66f40
  Set: 446 Way: 0 Address: 0x3dae66f80
  Set: 447 Way: 0 Address: 0x3dae66fc0
  Set: 487 Way: 0 Address: 0x3098879f8
  Set: 585 Way: 0 Address: 0x2ee369268
  Set: 798 Way: 0 Address: 0x29484c792
  Set: 799 Way: 0 Address: 0x29484c7c0
  Set: 825 Way: 0 Address: 0x29484ce40
  Set: 864 Way: 0 Address: 0x5588d838
  Set: 873 Way: 0 Address: 0x5588da70
  Set: 896 Way: 0 Address: 0x1c084e000
  Set: 897 Way: 0 Address: 0x1c084e040
  Set: 898 Way: 0 Address: 0x1c084e080
  Set: 899 Way: 0 Address: 0x1c084e0c0
  Set: 900 Way: 0 Address: 0x1c084e100
  Set: 901 Way: 0 Address: 0x1c084e140
  Set: 902 Way: 0 Address: 0x1c084e180
  Set: 903 Way: 0 Address: 0x1c084e1c0
  Set: 904 Way: 0 Address: 0x1c084e200
  Set: 905 Way: 0 Address: 0x1c084e240
  Set: 906 Way: 0 Address: 0x1c084e280
  Set: 907 Way: 0 Address: 0x1c084e2c0
  Set: 908 Way: 0 Address: 0x1c084e300
  Set: 909 Way: 0 Address: 0x1c084e340
  Set: 910 Way: 0 Address: 0x1c084e380
  Set: 911 Way: 0 Address: 0x1c084e3c0
  Set: 912 Way: 0 Address: 0x1c084e400
  Set: 913 Way: 0 Address: 0x1c084e440
  Set: 914 Way: 0 Address: 0x1c084e480
  Set: 915 Way: 0 Address: 0x1c084e4c0
  Set: 916 Way: 0 Address: 0x1c084e500
  Set: 917 Way: 0 Address: 0x1c084e540
  Set: 918 Way: 0 Address: 0x1c084e580
  Set: 919 Way: 0 Address: 0x1c084e5c0
  Set: 920 Way: 0 Address: 0x1c084e600
  Set: 921 Way: 0 Address: 0x1c084e640
  Set: 922 Way: 0 Address: 0x1c084e680
  Set: 923 Way: 0 Address: 0x1c084e6c0
  Set: 924 Way: 0 Address: 0x1c084e700
  Set: 925 Way: 0 Address: 0x1c084e740
  Set: 926 Way: 0 Address: 0x3734ee788
  Set: 926 Way: 1 Address: 0x1c084e780
  Set: 927 Way: 0 Address: 0x1c084e7c0
  Set: 928 Way: 0 Address: 0x1c084e800
  Set: 929 Way: 0 Address: 0x1c084e840
  Set: 930 Way: 0 Address: 0x1c084e880
  Set: 931 Way: 0 Address: 0x1c084e8c0
  Set: 932 Way: 0 Address: 0x1c084e900
  Set: 933 Way: 0 Address: 0x1c084e940
  Set: 934 Way: 0 Address: 0x1c084e980
  Set: 935 Way: 0 Address: 0x1c084e9c0
  Set: 936 Way: 0 Address: 0x1c084ea00
  Set: 937 Way: 0 Address: 0x1c084ea40
  Set: 938 Way: 0 Address: 0x1c084ea80
  Set: 939 Way: 0 Address: 0x1c084eac0
  Set: 940 Way: 0 Address: 0x1c084eb00
  Set: 941 Way: 0 Address: 0x1c084eb40
  Set: 942 Way: 0 Address: 0x1c084eb80
  Set: 943 Way: 0 Address: 0x1c084ebc0
  Set: 944 Way: 0 Address: 0x1c084ec00
  Set: 945 Way: 0 Address: 0x1c084ec40
  Set: 946 Way: 0 Address: 0x1c084ec80
  Set: 947 Way: 0 Address: 0x1c084ecc0
  Set: 948 Way: 0 Address: 0x1c084ed00
  Set: 949 Way: 0 Address: 0x1c084ed40
  Set: 950 Way: 0 Address: 0x2f5d8ed88
  Set: 950 Way: 1 Address: 0x1c084ed80
  Set: 951 Way: 0 Address: 0x1c084edc0
  Set: 952 Way: 0 Address: 0x1c084ee00
  Set: 953 Way: 0 Address: 0x1c084ee40
  Set: 954 Way: 0 Address: 0x1c084ee80
  Set: 955 Way: 0 Address: 0x1c084eec0
  Set: 956 Way: 0 Address: 0x1c084ef00
  Set: 957 Way: 0 Address: 0x1c084ef40
  Set: 958 Way: 0 Address: 0x1c084ef80
  Set: 959 Way: 0 Address: 0x1c084efc0
  Set: 965 Way: 0 Address: 0xee86f178
  Set: 992 Way: 0 Address: 0x143ef820
  Set: 993 Way: 0 Address: 0x22272f840
  Set: 1023 Way: 0 Address: 0x16390ffd0
  Set: 1024 Way: 0 Address: 0x14bb10000
  Set: 1024 Way: 1 Address: 0x2177f0000
  Set: 1025 Way: 0 Address: 0x14bb10040
  Set: 1025 Way: 1 Address: 0x2177f0040
  Set: 1026 Way: 0 Address: 0x14bb10080
  Set: 1026 Way: 1 Address: 0x2177f0080
  Set: 1027 Way: 0 Address: 0x14bb100c0
  Set: 1027 Way: 1 Address: 0x2177f00c0
  Set: 1028 Way: 0 Address: 0x14bb10100
  Set: 1028 Way: 1 Address: 0x2177f0100
  Set: 1029 Way: 0 Address: 0x14bb10140
  Set: 1029 Way: 1 Address: 0x2177f0140
  Set: 1030 Way: 0 Address: 0x14bb10180
  Set: 1030 Way: 1 Address: 0x2177f0180
  Set: 1031 Way: 0 Address: 0x14bb101c0
  Set: 1031 Way: 1 Address: 0x2177f01c0
  Set: 1032 Way: 0 Address: 0x14bb10200
  Set: 1032 Way: 1 Address: 0x2177f0200
  Set: 1033 Way: 0 Address: 0x14bb10240
  Set: 1033 Way: 1 Address: 0x2177f0240
  Set: 1034 Way: 0 Address: 0x14bb10280
  Set: 1034 Way: 1 Address: 0x2177f0280
  Set: 1035 Way: 0 Address: 0x14bb102c0
  Set: 1035 Way: 1 Address: 0x2177f02c0
  Set: 1036 Way: 0 Address: 0x14bb10300
  Set: 1036 Way: 1 Address: 0x2177f0300
  Set: 1037 Way: 0 Address: 0x14bb10340
  Set: 1037 Way: 1 Address: 0x2177f0340
  Set: 1038 Way: 0 Address: 0x14bb10380
  Set: 1038 Way: 1 Address: 0x2177f0380
  Set: 1039 Way: 0 Address: 0x14bb103c0
  Set: 1039 Way: 1 Address: 0x2177f03c0
  Set: 1040 Way: 0 Address: 0x14bb10400
  Set: 1040 Way: 1 Address: 0x2177f0400
  Set: 1041 Way: 0 Address: 0x14bb10440
  Set: 1041 Way: 1 Address: 0x2177f0440
  Set: 1042 Way: 0 Address: 0x14bb10480
  Set: 1042 Way: 1 Address: 0x2177f0480
  Set: 1043 Way: 0 Address: 0x14bb104c0
  Set: 1043 Way: 1 Address: 0x2177f04c0
  Set: 1044 Way: 0 Address: 0x14bb10500
  Set: 1044 Way: 1 Address: 0x2177f0500
  Set: 1045 Way: 0 Address: 0x14bb10540
  Set: 1045 Way: 1 Address: 0x2177f0540
  Set: 1046 Way: 0 Address: 0x14bb10580
  Set: 1046 Way: 1 Address: 0x2177f0580
  Set: 1047 Way: 0 Address: 0x14bb105c0
  Set: 1047 Way: 1 Address: 0x2177f05c0
  Set: 1048 Way: 0 Address: 0x14bb10600
  Set: 1048 Way: 1 Address: 0x2177f0600
  Set: 1049 Way: 0 Address: 0x14bb10640
  Set: 1049 Way: 1 Address: 0x2177f0640
  Set: 1050 Way: 0 Address: 0x14bb10680
  Set: 1050 Way: 1 Address: 0x2177f0680
  Set: 1051 Way: 0 Address: 0x14bb106c0
  Set: 1051 Way: 1 Address: 0x2177f06c0
  Set: 1052 Way: 0 Address: 0x14bb10700
  Set: 1053 Way: 0 Address: 0x14bb10740
  Set: 1054 Way: 0 Address: 0x14bb10780
  Set: 1055 Way: 0 Address: 0x14bb107c0
  Set: 1056 Way: 0 Address: 0x14bb10800
  Set: 1057 Way: 0 Address: 0x14bb10840
  Set: 1058 Way: 0 Address: 0x14bb10880
  Set: 1059 Way: 0 Address: 0x14bb108c0
  Set: 1060 Way: 0 Address: 0x14bb10900
  Set: 1061 Way: 0 Address: 0x14bb10940
  Set: 1062 Way: 0 Address: 0x14bb10980
  Set: 1063 Way: 0 Address: 0x14bb109c0
  Set: 1064 Way: 0 Address: 0x14bb10a00
  Set: 1065 Way: 0 Address: 0x14bb10a40
  Set: 1066 Way: 0 Address: 0x14bb10a80
  Set: 1067 Way: 0 Address: 0x14bb10ac0
  Set: 1068 Way: 0 Address: 0x14bb10b00
  Set: 1069 Way: 0 Address: 0x14bb10b40
  Set: 1070 Way: 0 Address: 0x14bb10b80
  Set: 1071 Way: 0 Address: 0x14bb10bc0
  Set: 1072 Way: 0 Address: 0x14bb10c00
  Set: 1073 Way: 0 Address: 0x14bb10c40
  Set: 1074 Way: 0 Address: 0x14bb10c80
  Set: 1075 Way: 0 Address: 0x14bb10cc0
  Set: 1076 Way: 0 Address: 0x14bb10d00
  Set: 1077 Way: 0 Address: 0x14bb10d40
  Set: 1078 Way: 0 Address: 0x14bb10d80
  Set: 1079 Way: 0 Address: 0x14bb10dc0
  Set: 1184 Way: 0 Address: 0x133c92838
  Set: 1193 Way: 0 Address: 0x133c92a78
  Set: 1208 Way: 0 Address: 0x1995f2e30
  Set: 1216 Way: 0 Address: 0x3c56b3010
  Set: 1246 Way: 0 Address: 0x3c56b3788
  Set: 1247 Way: 0 Address: 0x3c56b37d0
  Set: 1248 Way: 0 Address: 0x3c56b3810
  Set: 1262 Way: 0 Address: 0x2b2e93b98
  Set: 1263 Way: 0 Address: 0x2b2e93bc0
  Set: 1264 Way: 0 Address: 0x2b2e93c00
  Set: 1265 Way: 0 Address: 0x2b2e93c40
  Set: 1266 Way: 0 Address: 0x2b2e93c80
  Set: 1267 Way: 0 Address: 0x2b2e93cc0
  Set: 1268 Way: 0 Address: 0x2b2e93d00
  Set: 1269 Way: 0 Address: 0x2b2e93d40
  Set: 1270 Way: 0 Address: 0x2b2e93d80
  Set: 1271 Way: 0 Address: 0x2b2e93dc0
  Set: 1272 Way: 0 Address: 0x2b2e93e00
  Set: 1273 Way: 0 Address: 0x2b2e93e40
  Set: 1274 Way: 0 Address: 0x2b2e93e80
  Set: 1275 Way: 0 Address: 0x2b2e93ec0
  Set: 1276 Way: 0 Address: 0x2b2e93f00
  Set: 1277 Way: 0 Address: 0x2b2e93f40
  Set: 1278 Way: 0 Address: 0x2b2e93f80
  Set: 1279 Way: 0 Address: 0x2b2e93fc0
  Set: 1299 Way: 0 Address: 0x3c10744c8
  Set: 1304 Way: 0 Address: 0x397bb4630
  Set: 1305 Way: 0 Address: 0x397bb4642
  Set: 1306 Way: 0 Address: 0x397bb4681
  Set: 1307 Way: 0 Address: 0x397bb46c0
  Set: 1308 Way: 0 Address: 0x397bb4701
  Set: 1309 Way: 0 Address: 0x397bb475f
  Set: 1310 Way: 0 Address: 0x397bb4783
  Set: 1311 Way: 0 Address: 0x1299347f8
  Set: 1385 Way: 0 Address: 0x354d35a60
  Set: 1408 Way: 0 Address: 0x211d16000
  Set: 1409 Way: 0 Address: 0x211d16040
  Set: 1410 Way: 0 Address: 0x211d16080
  Set: 1411 Way: 0 Address: 0x211d160c0
  Set: 1412 Way: 0 Address: 0x211d16100
  Set: 1413 Way: 0 Address: 0x211d16140
  Set: 1414 Way: 0 Address: 0x211d16180
  Set: 1415 Way: 0 Address: 0x211d161c0
  Set: 1416 Way: 0 Address: 0x211d16200
  Set: 1417 Way: 0 Address: 0x211d16240
  Set: 1418 Way: 0 Address: 0x211d16280
  Set: 1419 Way: 0 Address: 0x211d162c0
  Set: 1420 Way: 0 Address: 0x211d16300
  Set: 1421 Way: 0 Address: 0x211d16340
  Set: 1422 Way: 0 Address: 0x211d16380
  Set: 1423 Way: 0 Address: 0x211d163c0
  Set: 1424 Way: 0 Address: 0x211d16400
  Set: 1425 Way: 0 Address: 0x211d16440
  Set: 1426 Way: 0 Address: 0x211d16480
  Set: 1427 Way: 0 Address: 0x211d164c0
  Set: 1428 Way: 0 Address: 0x211d16500
  Set: 1429 Way: 0 Address: 0x211d16540
  Set: 1430 Way: 0 Address: 0x211d16580
  Set: 1431 Way: 0 Address: 0x211d165c0
  Set: 1432 Way: 0 Address: 0x211d16600
  Set: 1433 Way: 0 Address: 0x211d16640
  Set: 1434 Way: 0 Address: 0x211d16680
  Set: 1435 Way: 0 Address: 0x211d166c0
  Set: 1436 Way: 0 Address: 0x211d16700
  Set: 1437 Way: 0 Address: 0x211d16740
  Set: 1438 Way: 0 Address: 0x211d16780
  Set: 1439 Way: 0 Address: 0x437367d0
  Set: 1439 Way: 1 Address: 0x211d167c0
  Set: 1440 Way: 0 Address: 0x84896830
  Set: 1440 Way: 1 Address: 0x211d16800
  Set: 1441 Way: 0 Address: 0x211d16840
  Set: 1442 Way: 0 Address: 0x211d16880
  Set: 1443 Way: 0 Address: 0x211d168c0
  Set: 1444 Way: 0 Address: 0x211d16900
  Set: 1445 Way: 0 Address: 0x211d16940
  Set: 1446 Way: 0 Address: 0x211d16980
  Set: 1447 Way: 0 Address: 0x211d169c0
  Set: 1448 Way: 0 Address: 0x211d16a00
  Set: 1449 Way: 0 Address: 0x84896a70
  Set: 1449 Way: 1 Address: 0x211d16a40
  Set: 1450 Way: 0 Address: 0x211d16a80
  Set: 1451 Way: 0 Address: 0x211d16ac0
  Set: 1452 Way: 0 Address: 0x211d16b00
  Set: 1453 Way: 0 Address: 0x211d16b40
  Set: 1454 Way: 0 Address: 0x211d16b80
  Set: 1455 Way: 0 Address: 0x211d16bc0
  Set: 1456 Way: 0 Address: 0x211d16c00
  Set: 1457 Way: 0 Address: 0x211d16c40
  Set: 1458 Way: 0 Address: 0x211d16c80
  Set: 1459 Way: 0 Address: 0x211d16cc0
  Set: 1460 Way: 0 Address: 0x211d16d00
  Set: 1461 Way: 0 Address: 0x211d16d40
  Set: 1462 Way: 0 Address: 0x211d16d80
  Set: 1463 Way: 0 Address: 0x211d16dc0
  Set: 1464 Way: 0 Address: 0x211d16e00
  Set: 1465 Way: 0 Address: 0x211d16e40
  Set: 1466 Way: 0 Address: 0x211d16e80
  Set: 1467 Way: 0 Address: 0x211d16ec0
  Set: 1468 Way: 0 Address: 0x211d16f00
  Set: 1469 Way: 0 Address: 0x211d16f40
  Set: 1470 Way: 0 Address: 0x211d16f80
  Set: 1471 Way: 0 Address: 0x211d16fc0
  Set: 1504 Way: 0 Address: 0x276ff7830
  Set: 1513 Way: 0 Address: 0x276ff7a68
  Set: 1536 Way: 0 Address: 0x1aafb8018
  Set: 1567 Way: 0 Address: 0xc70787c8
  Set: 1568 Way: 0 Address: 0x201598810
  Set: 1632 Way: 0 Address: 0x292959818
  Set: 1664 Way: 0 Address: 0x1d89da010
  Set: 1679 Way: 0 Address: 0x223eda3d0
  Set: 1728 Way: 0 Address: 0x394edb028
  Set: 1729 Way: 0 Address: 0x394edb048
  Set: 1732 Way: 0 Address: 0x394edb130
  Set: 1733 Way: 0 Address: 0x394edb158
  Set: 1734 Way: 0 Address: 0x394edb1a8
  Set: 1737 Way: 0 Address: 0x394edb278
  Set: 1738 Way: 0 Address: 0x394edb280
  Set: 1740 Way: 0 Address: 0x394edb338
  Set: 1792 Way: 0 Address: 0xdf85c000
  Set: 1824 Way: 0 Address: 0x12c6fc828
  Set: 1833 Way: 0 Address: 0x12c6fca60
  Set: 1843 Way: 0 Address: 0x38e35ccf8
  Set: 1856 Way: 0 Address: 0x1add000
  Set: 1857 Way: 0 Address: 0x1add040
  Set: 1858 Way: 0 Address: 0x1add080
  Set: 1859 Way: 0 Address: 0x1add0c0
  Set: 1860 Way: 0 Address: 0x1add100
  Set: 1861 Way: 0 Address: 0x1add140
  Set: 1862 Way: 0 Address: 0x1add180
  Set: 1863 Way: 0 Address: 0x1add1c0
  Set: 1864 Way: 0 Address: 0x1add200
  Set: 1865 Way: 0 Address: 0x1add240
  Set: 1866 Way: 0 Address: 0x1add280
  Set: 1867 Way: 0 Address: 0x1add2c0
  Set: 1868 Way: 0 Address: 0x1add300
  Set: 1869 Way: 0 Address: 0x1add340
  Set: 1870 Way: 0 Address: 0x1add380
  Set: 1871 Way: 0 Address: 0x1add3c0
  Set: 1872 Way: 0 Address: 0x1add400
  Set: 1873 Way: 0 Address: 0x1add440
  Set: 1874 Way: 0 Address: 0x1add480
  Set: 1875 Way: 0 Address: 0x1add4c0
  Set: 1876 Way: 0 Address: 0x1add500
  Set: 1877 Way: 0 Address: 0x1add540
  Set: 1878 Way: 0 Address: 0x1add580
  Set: 1879 Way: 0 Address: 0x1add5c0
  Set: 1880 Way: 0 Address: 0x1add600
  Set: 1881 Way: 0 Address: 0x1add640
  Set: 1882 Way: 0 Address: 0x1add680
  Set: 1883 Way: 0 Address: 0x1add6c0
  Set: 1884 Way: 0 Address: 0x1add700
  Set: 1885 Way: 0 Address: 0x1add740
  Set: 1886 Way: 0 Address: 0x1add780
  Set: 1887 Way: 0 Address: 0x1add7c0
  Set: 1888 Way: 0 Address: 0x1add800
  Set: 1889 Way: 0 Address: 0x1add840
  Set: 1890 Way: 0 Address: 0x1add880
  Set: 1891 Way: 0 Address: 0x1add8c0
  Set: 1892 Way: 0 Address: 0x1add900
  Set: 1893 Way: 0 Address: 0x1add940
  Set: 1894 Way: 0 Address: 0x1add980
  Set: 1895 Way: 0 Address: 0x1add9c0
  Set: 1896 Way: 0 Address: 0x23755da00
  Set: 1896 Way: 1 Address: 0x1adda00
  Set: 1897 Way: 0 Address: 0x1adda40
  Set: 1898 Way: 0 Address: 0x1adda80
  Set: 1899 Way: 0 Address: 0x1addac0
  Set: 1900 Way: 0 Address: 0x1addb00
  Set: 1901 Way: 0 Address: 0x1addb40
  Set: 1902 Way: 0 Address: 0x1addb80
  Set: 1903 Way: 0 Address: 0x1addbc0
  Set: 1904 Way: 0 Address: 0x1addc00
  Set: 1905 Way: 0 Address: 0x1addc40
  Set: 1906 Way: 0 Address: 0x1addc80
  Set: 1907 Way: 0 Address: 0x1addcc0
  Set: 1908 Way: 0 Address: 0x1addd00
  Set: 1909 Way: 0 Address: 0x1addd40
  Set: 1910 Way: 0 Address: 0x1addd80
  Set: 1911 Way: 0 Address: 0x1adddc0
  Set: 1912 Way: 0 Address: 0x1adde00
  Set: 1913 Way: 0 Address: 0x1adde40
  Set: 1914 Way: 0 Address: 0x1adde80
  Set: 1915 Way: 0 Address: 0x1addec0
  Set: 1916 Way: 0 Address: 0x1addf00
  Set: 1917 Way: 0 Address: 0x1addf40
  Set: 1918 Way: 0 Address: 0x1addf80
  Set: 1919 Way: 0 Address: 0x1addfc0
  Set: 1920 Way: 0 Address: 0x28b67e000
  Set: 1951 Way: 0 Address: 0x28b67e7f8
EndCache
