Cache: cpu0_STLB
  Set: 14 Way: 0 Address: 0x220e140
  Set: 15 Way: 0 Address: 0x220f864
  Set: 16 Way: 0 Address: 0x2210974
  Set: 17 Way: 0 Address: 0x2211a84
  Set: 18 Way: 0 Address: 0x2212b94
  Set: 19 Way: 0 Address: 0x2213ca4
  Set: 20 Way: 0 Address: 0x2214db4
  Set: 21 Way: 0 Address: 0x2215ec4
  Set: 22 Way: 0 Address: 0x2216fd4
  Set: 23 Way: 0 Address: 0x2217000
  Set: 24 Way: 0 Address: 0x22180e4
  Set: 25 Way: 0 Address: 0x22191f4
  Set: 26 Way: 0 Address: 0x221a304
  Set: 27 Way: 0 Address: 0x221b410
  Set: 28 Way: 0 Address: 0x221c520
  Set: 29 Way: 0 Address: 0x221d630
  Set: 30 Way: 0 Address: 0x221e740
  Set: 48 Way: 0 Address: 0x730650
  Set: 53 Way: 0 Address: 0x7fff6ec35fe0
  Set: 54 Way: 0 Address: 0x7fff6ec361e8
  Set: 65 Way: 0 Address: 0x441489
  Set: 95 Way: 0 Address: 0x285fc2e
  Set: 96 Way: 0 Address: 0x4608a0
  Set: 96 Way: 1 Address: 0x286004e
  Set: 97 Way: 0 Address: 0x7618d0
  Set: 97 Way: 1 Address: 0x28610d0
  Set: 98 Way: 0 Address: 0x2862c54
  Set: 109 Way: 0 Address: 0x1d6d934
  Set: 110 Way: 0 Address: 0x1d6ea44
  Set: 112 Way: 0 Address: 0x1d709dc
EndCache
Cache: cpu0_L2C
  Set: 2 Way: 0 Address: 0x2177f0090
  Set: 3 Way: 0 Address: 0x342b400c8
  Set: 33 Way: 0 Address: 0x14bb10864
  Set: 34 Way: 0 Address: 0x14bb10880
  Set: 35 Way: 0 Address: 0x14bb108c0
  Set: 36 Way: 0 Address: 0x14bb10900
  Set: 37 Way: 0 Address: 0x6e620974
  Set: 37 Way: 1 Address: 0x14bb10940
  Set: 38 Way: 0 Address: 0x6e620980
  Set: 38 Way: 1 Address: 0x14bb10980
  Set: 39 Way: 0 Address: 0x6e6209c0
  Set: 39 Way: 1 Address: 0x14bb109c0
  Set: 40 Way: 0 Address: 0x6e620a00
  Set: 40 Way: 1 Address: 0x14bb10a00
  Set: 41 Way: 0 Address: 0x6e620a40
  Set: 42 Way: 0 Address: 0x6e620a80
  Set: 43 Way: 0 Address: 0x6e620ac0
  Set: 44 Way: 0 Address: 0x6e620b00
  Set: 45 Way: 0 Address: 0x6e620b40
  Set: 66 Way: 0 Address: 0x181c810bc
  Set: 67 Way: 0 Address: 0x181c810d0
  Set: 68 Way: 0 Address: 0x181c81100
  Set: 70 Way: 0 Address: 0xf6e811a8
  Set: 72 Way: 0 Address: 0x113201208
  Set: 72 Way: 1 Address: 0x181c8121c
  Set: 73 Way: 0 Address: 0x181c81248
  Set: 76 Way: 0 Address: 0x113201300
  Set: 77 Way: 0 Address: 0x181c8137e
  Set: 78 Way: 0 Address: 0x181c81380
  Set: 79 Way: 0 Address: 0x181c813c0
  Set: 83 Way: 0 Address: 0x181c814de
  Set: 84 Way: 0 Address: 0x181c81504
  Set: 88 Way: 0 Address: 0x181c8163c
  Set: 89 Way: 0 Address: 0x181c81640
  Set: 90 Way: 0 Address: 0x181c81680
  Set: 94 Way: 0 Address: 0x181c817ae
  Set: 95 Way: 0 Address: 0x181c817ca
  Set: 99 Way: 0 Address: 0x181c818fc
  Set: 100 Way: 0 Address: 0x181c81910
  Set: 101 Way: 0 Address: 0x181c81940
  Set: 105 Way: 0 Address: 0x181c81a70
  Set: 106 Way: 0 Address: 0x181c81a80
  Set: 110 Way: 0 Address: 0x181c81bbe
  Set: 111 Way: 0 Address: 0x181c81bce
  Set: 112 Way: 0 Address: 0x181c81c00
  Set: 116 Way: 0 Address: 0x181c81d30
  Set: 117 Way: 0 Address: 0x181c81d44
  Set: 121 Way: 0 Address: 0x181c81e7e
  Set: 122 Way: 0 Address: 0x181c81e8e
  Set: 123 Way: 0 Address: 0x181c81ec0
  Set: 127 Way: 0 Address: 0x2a4841fe8
  Set: 127 Way: 1 Address: 0x181c81fee
  Set: 128 Way: 0 Address: 0x181c82000
  Set: 130 Way: 0 Address: 0x133c92080
  Set: 131 Way: 0 Address: 0x1064c20c0
  Set: 133 Way: 0 Address: 0x181c82140
  Set: 134 Way: 0 Address: 0x181c82180
  Set: 138 Way: 0 Address: 0x181c82280
  Set: 140 Way: 0 Address: 0x9cff2300
  Set: 160 Way: 0 Address: 0x1c84e2838
  Set: 161 Way: 0 Address: 0x1c84e2878
  Set: 162 Way: 0 Address: 0x1c84e2884
  Set: 163 Way: 0 Address: 0x1c84e28ec
  Set: 164 Way: 0 Address: 0x1c84e293c
  Set: 165 Way: 0 Address: 0x1c84e2970
  Set: 166 Way: 0 Address: 0x1c84e29b0
  Set: 166 Way: 1 Address: 0x1995f2980
  Set: 167 Way: 0 Address: 0x1c84e29dc
  Set: 168 Way: 0 Address: 0x1c84e2a18
  Set: 169 Way: 0 Address: 0x1c84e2a58
  Set: 169 Way: 1 Address: 0x6d0c2a44
  Set: 170 Way: 0 Address: 0x1c84e2ab0
  Set: 170 Way: 1 Address: 0x6d0c2a80
  Set: 171 Way: 0 Address: 0x1c84e2ae8
  Set: 171 Way: 1 Address: 0x6d0c2ac0
  Set: 172 Way: 0 Address: 0x1995f2b08
  Set: 172 Way: 1 Address: 0x1c84e2b24
  Set: 172 Way: 2 Address: 0x6d0c2b00
  Set: 173 Way: 0 Address: 0x1c84e2b6c
  Set: 173 Way: 1 Address: 0x6d0c2b40
  Set: 174 Way: 0 Address: 0x1c84e2b8c
  Set: 174 Way: 1 Address: 0x6d0c2b80
  Set: 175 Way: 0 Address: 0x1c84e2bc4
  Set: 175 Way: 1 Address: 0x6d0c2bc0
  Set: 176 Way: 0 Address: 0x6d0c2c00
  Set: 194 Way: 0 Address: 0x3b08030b8
  Set: 195 Way: 0 Address: 0x3b08030d0
  Set: 199 Way: 0 Address: 0x2577131f4
  Set: 200 Way: 0 Address: 0x257713200
  Set: 201 Way: 0 Address: 0x257713240
  Set: 202 Way: 0 Address: 0x257713280
  Set: 203 Way: 0 Address: 0x3c56b32f8
  Set: 203 Way: 1 Address: 0x2577132c0
  Set: 204 Way: 0 Address: 0x3c56b3310
  Set: 204 Way: 1 Address: 0x257713300
  Set: 205 Way: 0 Address: 0x257713340
  Set: 206 Way: 0 Address: 0x257713380
  Set: 207 Way: 0 Address: 0x2577133c0
  Set: 212 Way: 0 Address: 0x2b2e93520
  Set: 213 Way: 0 Address: 0x2b2e93540
  Set: 214 Way: 0 Address: 0x2b2e93580
  Set: 215 Way: 0 Address: 0x2b2e935c0
  Set: 216 Way: 0 Address: 0x2b2e93600
  Set: 217 Way: 0 Address: 0x2b2e93640
  Set: 218 Way: 0 Address: 0x2b2e93680
  Set: 219 Way: 0 Address: 0x2b2e936c0
  Set: 223 Way: 0 Address: 0x263c137f8
  Set: 246 Way: 0 Address: 0x3232f3db4
  Set: 247 Way: 0 Address: 0x3232f3dc0
  Set: 248 Way: 0 Address: 0x3232f3e00
  Set: 249 Way: 0 Address: 0x3232f3e40
  Set: 250 Way: 0 Address: 0x3232f3e80
  Set: 251 Way: 0 Address: 0x3232f3ec0
  Set: 252 Way: 0 Address: 0x3232f3f00
  Set: 253 Way: 0 Address: 0x3232f3f40
  Set: 254 Way: 0 Address: 0x3232f3f80
  Set: 256 Way: 0 Address: 0x3de4d4018
  Set: 257 Way: 0 Address: 0x3c1074078
  Set: 258 Way: 0 Address: 0x3de4d40a0
  Set: 258 Way: 1 Address: 0x3c1074080
  Set: 258 Way: 2 Address: 0x1ab44088
  Set: 259 Way: 0 Address: 0x3c10740f0
  Set: 290 Way: 0 Address: 0x397bb48a0
  Set: 301 Way: 0 Address: 0xb8004b70
  Set: 320 Way: 0 Address: 0x195f15010
  Set: 321 Way: 0 Address: 0x195f15070
  Set: 322 Way: 0 Address: 0x195f150a0
  Set: 332 Way: 0 Address: 0x354d35300
  Set: 366 Way: 0 Address: 0x1b0f15b94
  Set: 367 Way: 0 Address: 0x1b0f15bc0
  Set: 368 Way: 0 Address: 0x1b0f15c00
  Set: 369 Way: 0 Address: 0x1b0f15c40
  Set: 370 Way: 0 Address: 0x1b0f15c80
  Set: 371 Way: 0 Address: 0x1b0f15cc0
  Set: 372 Way: 0 Address: 0x1b0f15d00
  Set: 373 Way: 0 Address: 0x1b0f15d40
  Set: 386 Way: 0 Address: 0x43736088
  Set: 387 Way: 0 Address: 0x3dae660e0
  Set: 387 Way: 1 Address: 0x3d87a60e4
  Set: 388 Way: 0 Address: 0x3d87a6100
  Set: 389 Way: 0 Address: 0x3d87a6140
  Set: 390 Way: 0 Address: 0x3d87a6180
  Set: 391 Way: 0 Address: 0x3d87a61c0
  Set: 392 Way: 0 Address: 0x3d87a6200
  Set: 393 Way: 0 Address: 0x3d87a6240
  Set: 394 Way: 0 Address: 0x3d87a6280
  Set: 396 Way: 0 Address: 0x27d4c6304
  Set: 397 Way: 0 Address: 0x27d4c6340
  Set: 398 Way: 0 Address: 0x27d4c6380
  Set: 399 Way: 0 Address: 0x27d4c63c0
  Set: 400 Way: 0 Address: 0x27d4c6400
  Set: 401 Way: 0 Address: 0x27d4c6440
  Set: 402 Way: 0 Address: 0x27d4c6480
  Set: 403 Way: 0 Address: 0x27d4c64c0
  Set: 408 Way: 0 Address: 0x84896630
  Set: 409 Way: 0 Address: 0x211d16650
  Set: 409 Way: 1 Address: 0x84896640
  Set: 410 Way: 0 Address: 0x84896680
  Set: 411 Way: 0 Address: 0x848966c0
  Set: 412 Way: 0 Address: 0x84896700
  Set: 413 Way: 0 Address: 0x84896740
  Set: 414 Way: 0 Address: 0x84896780
  Set: 415 Way: 0 Address: 0x848967c0
  Set: 448 Way: 0 Address: 0x309887000
  Set: 449 Way: 0 Address: 0x309887040
  Set: 450 Way: 0 Address: 0x309887080
  Set: 450 Way: 1 Address: 0xbeea70a8
  Set: 451 Way: 0 Address: 0x3098870c0
  Set: 451 Way: 1 Address: 0xbeea70c0
  Set: 452 Way: 0 Address: 0x309887100
  Set: 453 Way: 0 Address: 0x309887140
  Set: 454 Way: 0 Address: 0x309887180
  Set: 455 Way: 0 Address: 0x3098871e8
  Set: 464 Way: 0 Address: 0x276ff7410
  Set: 465 Way: 0 Address: 0x276ff7440
  Set: 466 Way: 0 Address: 0x276ff7480
  Set: 467 Way: 0 Address: 0x276ff74c0
  Set: 468 Way: 0 Address: 0x276ff7500
  Set: 469 Way: 0 Address: 0x276ff7540
  Set: 470 Way: 0 Address: 0x276ff7580
  Set: 471 Way: 0 Address: 0x276ff75c0
  Set: 512 Way: 0 Address: 0xc7078018
  Set: 512 Way: 1 Address: 0x201598000
  Set: 516 Way: 0 Address: 0x20159813e
  Set: 517 Way: 0 Address: 0x20159814e
  Set: 518 Way: 0 Address: 0x1aafb81b0
  Set: 518 Way: 1 Address: 0x201598180
  Set: 522 Way: 0 Address: 0x2015982b2
  Set: 523 Way: 0 Address: 0x2015982c2
  Set: 527 Way: 0 Address: 0x2015983fc
  Set: 528 Way: 0 Address: 0x20159840e
  Set: 529 Way: 0 Address: 0x201598440
  Set: 533 Way: 0 Address: 0x20159856e
  Set: 534 Way: 0 Address: 0x201598580
  Set: 538 Way: 0 Address: 0x2015986bc
  Set: 539 Way: 0 Address: 0x2015986ce
  Set: 540 Way: 0 Address: 0x201598700
  Set: 544 Way: 0 Address: 0x201598832
  Set: 545 Way: 0 Address: 0x201598840
  Set: 549 Way: 0 Address: 0x20159897e
  Set: 550 Way: 0 Address: 0x20159898e
  Set: 551 Way: 0 Address: 0x2015989c0
  Set: 555 Way: 0 Address: 0x201598af4
  Set: 556 Way: 0 Address: 0x201598b04
  Set: 560 Way: 0 Address: 0x201598c3c
  Set: 561 Way: 0 Address: 0x201598c54
  Set: 562 Way: 0 Address: 0x3bdd78ca4
  Set: 562 Way: 1 Address: 0x201598c80
  Set: 563 Way: 0 Address: 0x3bdd78cc0
  Set: 564 Way: 0 Address: 0x3bdd78d00
  Set: 565 Way: 0 Address: 0x3bdd78d40
  Set: 566 Way: 0 Address: 0x3bdd78d80
  Set: 566 Way: 1 Address: 0x201598d80
  Set: 567 Way: 0 Address: 0x3bdd78dc0
  Set: 567 Way: 1 Address: 0x201598dc0
  Set: 568 Way: 0 Address: 0x3bdd78e00
  Set: 569 Way: 0 Address: 0x3bdd78e40
  Set: 571 Way: 0 Address: 0x2c9898ec4
  Set: 572 Way: 0 Address: 0x2c9898f00
  Set: 573 Way: 0 Address: 0x201598f40
  Set: 573 Way: 1 Address: 0x2c9898f40
  Set: 574 Way: 0 Address: 0x2c9898f80
  Set: 575 Way: 0 Address: 0x2c9898fc0
  Set: 587 Way: 0 Address: 0x2929592f8
  Set: 588 Way: 0 Address: 0x292959300
  Set: 588 Way: 1 Address: 0x312099308
  Set: 637 Way: 0 Address: 0x2ee369f58
  Set: 638 Way: 0 Address: 0x2ee369fbc
  Set: 639 Way: 0 Address: 0x2ee369fe0
  Set: 640 Way: 0 Address: 0x229b9a000
  Set: 641 Way: 0 Address: 0x1d89da070
  Set: 685 Way: 0 Address: 0x223edab70
  Set: 686 Way: 0 Address: 0x223edab80
  Set: 706 Way: 0 Address: 0x3b377b0a0
  Set: 706 Way: 1 Address: 0xc0d9b0b0
  Set: 706 Way: 2 Address: 0xcf83b0b8
  Set: 742 Way: 0 Address: 0x394edb980
  Set: 768 Way: 0 Address: 0xdf85c000
  Set: 771 Way: 0 Address: 0x38e35c0e8
  Set: 804 Way: 0 Address: 0x12c6fc934
  Set: 805 Way: 0 Address: 0x12c6fc940
  Set: 806 Way: 0 Address: 0x12c6fc980
  Set: 807 Way: 0 Address: 0x12c6fc9c0
  Set: 808 Way: 0 Address: 0x12c6fca00
  Set: 809 Way: 0 Address: 0x12c6fca40
  Set: 810 Way: 0 Address: 0x12c6fca80
  Set: 811 Way: 0 Address: 0x12c6fcac0
  Set: 812 Way: 0 Address: 0x12c6fcb00
  Set: 814 Way: 0 Address: 0x29484cbb0
  Set: 832 Way: 0 Address: 0x5588d03e
  Set: 833 Way: 0 Address: 0x5588d04e
  Set: 834 Way: 0 Address: 0x5588d080
  Set: 838 Way: 0 Address: 0x5588d1ae
  Set: 839 Way: 0 Address: 0x5588d1c0
  Set: 843 Way: 0 Address: 0x5588d2fc
  Set: 844 Way: 0 Address: 0x5588d30e
  Set: 845 Way: 0 Address: 0x5588d340
  Set: 849 Way: 0 Address: 0x5588d46e
  Set: 850 Way: 0 Address: 0x5588d480
  Set: 854 Way: 0 Address: 0x5588d5be
  Set: 855 Way: 0 Address: 0x5588d5ce
  Set: 856 Way: 0 Address: 0x5588d600
  Set: 860 Way: 0 Address: 0x5588d72e
  Set: 861 Way: 0 Address: 0x1add740
  Set: 861 Way: 1 Address: 0x5588d740
  Set: 862 Way: 0 Address: 0x1add780
  Set: 863 Way: 0 Address: 0x1add7c0
  Set: 864 Way: 0 Address: 0x1add800
  Set: 865 Way: 0 Address: 0x5588d87c
  Set: 865 Way: 1 Address: 0x1add840
  Set: 866 Way: 0 Address: 0x5588d88e
  Set: 866 Way: 1 Address: 0x1add880
  Set: 867 Way: 0 Address: 0x5588d8c0
  Set: 867 Way: 1 Address: 0x1add8c0
  Set: 868 Way: 0 Address: 0x1add900
  Set: 871 Way: 0 Address: 0x5588d9f4
  Set: 872 Way: 0 Address: 0x5588da00
  Set: 874 Way: 0 Address: 0x23755dabc
  Set: 875 Way: 0 Address: 0x23755dac2
  Set: 876 Way: 0 Address: 0x5588db3c
  Set: 876 Way: 1 Address: 0x23755db00
  Set: 877 Way: 0 Address: 0x5588db4e
  Set: 878 Way: 0 Address: 0x5588db80
  Set: 880 Way: 0 Address: 0x23755dc2e
  Set: 881 Way: 0 Address: 0x23755dc40
  Set: 882 Way: 0 Address: 0x5588dcb2
  Set: 883 Way: 0 Address: 0x5588dcc4
  Set: 885 Way: 0 Address: 0x23755dd7c
  Set: 886 Way: 0 Address: 0x23755dd8e
  Set: 887 Way: 0 Address: 0x23755ddc0
  Set: 887 Way: 1 Address: 0x5588ddfe
  Set: 888 Way: 0 Address: 0x5588de0e
  Set: 889 Way: 0 Address: 0x5588de40
  Set: 891 Way: 0 Address: 0x23755deee
  Set: 892 Way: 0 Address: 0x23755df00
  Set: 893 Way: 0 Address: 0x5588df6e
  Set: 894 Way: 0 Address: 0x5588df80
  Set: 896 Way: 0 Address: 0x28b67e000
  Set: 896 Way: 1 Address: 0x20597e000
  Set: 897 Way: 0 Address: 0x1c084e078
  Set: 897 Way: 1 Address: 0x23755e040
  Set: 897 Way: 2 Address: 0x20597e040
  Set: 898 Way: 0 Address: 0x1c084e090
  Set: 898 Way: 1 Address: 0x2db79e098
  Set: 898 Way: 2 Address: 0x23755e080
  Set: 898 Way: 3 Address: 0x20597e080
  Set: 899 Way: 0 Address: 0x2f5d8e0e8
  Set: 899 Way: 1 Address: 0x5588e0c0
  Set: 899 Way: 2 Address: 0x20597e0c0
  Set: 900 Way: 0 Address: 0x2f5d8e100
  Set: 900 Way: 1 Address: 0x5588e100
  Set: 900 Way: 2 Address: 0x20597e100
  Set: 901 Way: 0 Address: 0x2f5d8e140
  Set: 901 Way: 1 Address: 0x20597e140
  Set: 902 Way: 0 Address: 0x23755e180
  Set: 902 Way: 1 Address: 0x20597e180
  Set: 903 Way: 0 Address: 0x23755e1c0
  Set: 904 Way: 0 Address: 0x5588e200
  Set: 905 Way: 0 Address: 0x5588e240
  Set: 910 Way: 0 Address: 0x1f919e390
  Set: 911 Way: 0 Address: 0x1f919e3c0
  Set: 912 Way: 0 Address: 0x1f919e405
  Set: 913 Way: 0 Address: 0x1f919e446
  Set: 914 Way: 0 Address: 0x1f919e489
  Set: 915 Way: 0 Address: 0x1f919e4c1
  Set: 916 Way: 0 Address: 0x1f919e501
  Set: 917 Way: 0 Address: 0x1f919e543
  Set: 919 Way: 0 Address: 0x1f919e5c8
  Set: 920 Way: 0 Address: 0x1f919e600
  Set: 921 Way: 0 Address: 0x1f919e645
  Set: 925 Way: 0 Address: 0x2f5d8e754
  Set: 926 Way: 0 Address: 0x2f5d8e780
  Set: 927 Way: 0 Address: 0x28b67e7f8
  Set: 927 Way: 1 Address: 0x2f5d8e7c0
  Set: 928 Way: 0 Address: 0x2f5d8e800
  Set: 929 Way: 0 Address: 0x2f5d8e840
  Set: 930 Way: 0 Address: 0x2f5d8e880
  Set: 931 Way: 0 Address: 0x2f5d8e8c0
  Set: 932 Way: 0 Address: 0x2f5d8e900
  Set: 941 Way: 0 Address: 0x3734eeb68
  Set: 960 Way: 0 Address: 0x23756f000
  Set: 961 Way: 0 Address: 0x16390f070
  Set: 961 Way: 1 Address: 0x23756f040
  Set: 962 Way: 0 Address: 0x23756f080
  Set: 963 Way: 0 Address: 0x16390f0d8
  Set: 963 Way: 1 Address: 0x143ef0d8
  Set: 995 Way: 0 Address: 0xee86f8d0
  Set: 1002 Way: 0 Address: 0x22272fa84
  Set: 1003 Way: 0 Address: 0x22272fac0
  Set: 1004 Way: 0 Address: 0x22272fb00
  Set: 1005 Way: 0 Address: 0x22272fb40
  Set: 1006 Way: 0 Address: 0x22272fb80
  Set: 1007 Way: 0 Address: 0x22272fbc0
  Set: 1008 Way: 0 Address: 0x22272fc00
  Set: 1009 Way: 0 Address: 0x22272fc40
  Set: 1023 Way: 0 Address: 0x23756ffd4
EndCache
Cache: cpu0_L1I
  Set: 14 Way: 0 Address: 0x1f919e390
  Set: 15 Way: 0 Address: 0x1f919e3da
  Set: 16 Way: 0 Address: 0x1f919e431
  Set: 17 Way: 0 Address: 0x1f919e465
  Set: 18 Way: 0 Address: 0x1f919e4b0
  Set: 19 Way: 0 Address: 0x1f919e4d9
  Set: 20 Way: 0 Address: 0x1f919e52a
  Set: 21 Way: 0 Address: 0x1f919e560
  Set: 23 Way: 0 Address: 0x1f919e5f8
  Set: 24 Way: 0 Address: 0x1f919e63b
  Set: 25 Way: 0 Address: 0x1f919e645
  Set: 34 Way: 0 Address: 0x397bb48a0
EndCache
Cache: cpu0_L1D
  Set: 0 Way: 0 Address: 0xdf85c000
  Set: 0 Way: 1 Address: 0x28b67e000
  Set: 0 Way: 2 Address: 0x229b9a000
  Set: 0 Way: 3 Address: 0x195f15010
  Set: 0 Way: 4 Address: 0x3de4d4018
  Set: 0 Way: 5 Address: 0xc7078018
  Set: 0 Way: 6 Address: 0x309887036
  Set: 0 Way: 7 Address: 0x201598008
  Set: 0 Way: 8 Address: 0x20597e004
  Set: 0 Way: 9 Address: 0x5588d03c
  Set: 0 Way: 10 Address: 0x23756f000
  Set: 1 Way: 0 Address: 0x195f15070
  Set: 1 Way: 1 Address: 0x1d89da070
  Set: 1 Way: 2 Address: 0x309887040
  Set: 1 Way: 3 Address: 0x16390f070
  Set: 1 Way: 4 Address: 0x5588d06c
  Set: 1 Way: 5 Address: 0x3c1074078
  Set: 1 Way: 6 Address: 0x1c084e078
  Set: 1 Way: 7 Address: 0x20597e040
  Set: 1 Way: 8 Address: 0x23756f040
  Set: 2 Way: 0 Address: 0xc0d9b0b0
  Set: 2 Way: 1 Address: 0x3de4d40a0
  Set: 2 Way: 2 Address: 0x3b08030b8
  Set: 2 Way: 3 Address: 0x3098870a0
  Set: 2 Way: 4 Address: 0xcf83b0b8
  Set: 2 Way: 5 Address: 0x5588d080
  Set: 2 Way: 6 Address: 0x181c810bc
  Set: 2 Way: 7 Address: 0x20597e080
  Set: 2 Way: 8 Address: 0x23756f080
  Set: 2 Way: 9 Address: 0x2177f0090
  Set: 2 Way: 10 Address: 0xbeea70a8
  Set: 2 Way: 11 Address: 0x3b377b0a0
  Set: 3 Way: 0 Address: 0x16390f0e0
  Set: 3 Way: 1 Address: 0x181c810e8
  Set: 3 Way: 2 Address: 0x2f5d8e0e8
  Set: 3 Way: 3 Address: 0x20597e0c0
  Set: 3 Way: 4 Address: 0x3c10740f0
  Set: 3 Way: 5 Address: 0x38e35c0e8
  Set: 3 Way: 6 Address: 0x3098870d4
  Set: 3 Way: 7 Address: 0xbeea70c0
  Set: 3 Way: 8 Address: 0x3b08030d0
  Set: 3 Way: 9 Address: 0x342b400c8
  Set: 3 Way: 10 Address: 0x1064c20c0
  Set: 3 Way: 11 Address: 0x3d87a60e4
  Set: 4 Way: 0 Address: 0x2f5d8e110
  Set: 4 Way: 1 Address: 0x309887116
  Set: 4 Way: 2 Address: 0x3d87a6100
  Set: 4 Way: 3 Address: 0x181c81100
  Set: 4 Way: 4 Address: 0x20159813c
  Set: 4 Way: 5 Address: 0x20597e100
  Set: 5 Way: 0 Address: 0x2f5d8e140
  Set: 5 Way: 1 Address: 0x30988715e
  Set: 5 Way: 2 Address: 0x201598168
  Set: 5 Way: 3 Address: 0x3d87a6140
  Set: 5 Way: 4 Address: 0x20597e140
  Set: 6 Way: 0 Address: 0x1aafb81b0
  Set: 6 Way: 1 Address: 0xf6e811a8
  Set: 6 Way: 2 Address: 0x5588d1ba
  Set: 6 Way: 3 Address: 0x309887194
  Set: 6 Way: 4 Address: 0x201598180
  Set: 6 Way: 5 Address: 0x3d87a6180
  Set: 6 Way: 6 Address: 0x20597e180
  Set: 7 Way: 0 Address: 0x3098871fc
  Set: 7 Way: 1 Address: 0x5588d1c0
  Set: 7 Way: 2 Address: 0x2577131f4
  Set: 7 Way: 3 Address: 0x3d87a61c0
  Set: 8 Way: 0 Address: 0x113201208
  Set: 8 Way: 1 Address: 0x257713200
  Set: 8 Way: 2 Address: 0x181c81236
  Set: 8 Way: 3 Address: 0x3d87a6200
  Set: 9 Way: 0 Address: 0x257713240
  Set: 9 Way: 1 Address: 0x181c8125e
  Set: 9 Way: 2 Address: 0x3d87a6240
  Set: 10 Way: 0 Address: 0x2015982b6
  Set: 10 Way: 1 Address: 0x257713280
  Set: 10 Way: 2 Address: 0x3d87a6280
  Set: 11 Way: 0 Address: 0x3c56b32f8
  Set: 11 Way: 1 Address: 0x2929592f8
  Set: 11 Way: 2 Address: 0x2015982c2
  Set: 11 Way: 3 Address: 0x5588d2fc
  Set: 11 Way: 4 Address: 0x2577132c0
  Set: 12 Way: 0 Address: 0x113201300
  Set: 12 Way: 1 Address: 0x9cff2300
  Set: 12 Way: 2 Address: 0x3c56b3310
  Set: 12 Way: 3 Address: 0x292959300
  Set: 12 Way: 4 Address: 0x354d35300
  Set: 12 Way: 5 Address: 0x5588d30e
  Set: 12 Way: 6 Address: 0x27d4c6304
  Set: 12 Way: 7 Address: 0x312099308
  Set: 12 Way: 8 Address: 0x257713300
  Set: 13 Way: 0 Address: 0x27d4c6340
  Set: 13 Way: 1 Address: 0x5588d340
  Set: 13 Way: 2 Address: 0x181c8137c
  Set: 13 Way: 3 Address: 0x257713340
  Set: 14 Way: 0 Address: 0x181c81394
  Set: 14 Way: 1 Address: 0x27d4c6380
  Set: 14 Way: 2 Address: 0x257713380
  Set: 15 Way: 0 Address: 0x181c813c0
  Set: 15 Way: 1 Address: 0x27d4c63c0
  Set: 15 Way: 2 Address: 0x2015983fc
  Set: 15 Way: 3 Address: 0x2577133c0
  Set: 16 Way: 0 Address: 0x276ff7410
  Set: 16 Way: 1 Address: 0x201598428
  Set: 16 Way: 2 Address: 0x27d4c6400
  Set: 17 Way: 0 Address: 0x5588d47e
  Set: 17 Way: 1 Address: 0x276ff7440
  Set: 17 Way: 2 Address: 0x201598440
  Set: 17 Way: 3 Address: 0x27d4c6440
  Set: 18 Way: 0 Address: 0x5588d48c
  Set: 18 Way: 1 Address: 0x276ff7480
  Set: 18 Way: 2 Address: 0x27d4c6480
  Set: 19 Way: 0 Address: 0x181c814f6
  Set: 19 Way: 1 Address: 0x276ff74c0
  Set: 19 Way: 2 Address: 0x27d4c64c0
  Set: 20 Way: 0 Address: 0x2b2e93520
  Set: 20 Way: 1 Address: 0x181c8151c
  Set: 20 Way: 2 Address: 0x276ff7500
  Set: 21 Way: 0 Address: 0x20159857e
  Set: 21 Way: 1 Address: 0x2b2e93540
  Set: 21 Way: 2 Address: 0x276ff7540
  Set: 22 Way: 0 Address: 0x201598588
  Set: 22 Way: 1 Address: 0x5588d5bc
  Set: 22 Way: 2 Address: 0x2b2e93580
  Set: 22 Way: 3 Address: 0x276ff7580
  Set: 23 Way: 0 Address: 0x5588d5e4
  Set: 23 Way: 1 Address: 0x2b2e935c0
  Set: 23 Way: 2 Address: 0x276ff75c0
  Set: 24 Way: 0 Address: 0x84896630
  Set: 24 Way: 1 Address: 0x5588d600
  Set: 24 Way: 2 Address: 0x181c8163c
  Set: 24 Way: 3 Address: 0x2b2e93600
  Set: 25 Way: 0 Address: 0x211d16650
  Set: 25 Way: 1 Address: 0x84896640
  Set: 25 Way: 2 Address: 0x181c8164c
  Set: 25 Way: 3 Address: 0x2b2e93640
  Set: 26 Way: 0 Address: 0x84896680
  Set: 26 Way: 1 Address: 0x181c81680
  Set: 26 Way: 2 Address: 0x2015986bc
  Set: 26 Way: 3 Address: 0x2b2e93680
  Set: 27 Way: 0 Address: 0x2015986d8
  Set: 27 Way: 1 Address: 0x848966c0
  Set: 27 Way: 2 Address: 0x2b2e936c0
  Set: 28 Way: 0 Address: 0x5588d73e
  Set: 28 Way: 1 Address: 0x201598700
  Set: 28 Way: 2 Address: 0x84896700
  Set: 29 Way: 0 Address: 0x1add740
  Set: 29 Way: 1 Address: 0x2f5d8e754
  Set: 29 Way: 2 Address: 0x5588d744
  Set: 29 Way: 3 Address: 0x84896740
  Set: 30 Way: 0 Address: 0x181c817bc
  Set: 30 Way: 1 Address: 0x2f5d8e780
  Set: 30 Way: 2 Address: 0x1add780
  Set: 30 Way: 3 Address: 0x84896780
  Set: 31 Way: 0 Address: 0x28b67e7f8
  Set: 31 Way: 1 Address: 0x263c137f8
  Set: 31 Way: 2 Address: 0x181c817c6
  Set: 31 Way: 3 Address: 0x2f5d8e7c0
  Set: 31 Way: 4 Address: 0x1add7c0
  Set: 31 Way: 5 Address: 0x848967c0
  Set: 32 Way: 0 Address: 0x1c84e2838
  Set: 32 Way: 1 Address: 0x20159883e
  Set: 32 Way: 2 Address: 0x2f5d8e800
  Set: 32 Way: 3 Address: 0x1add800
  Set: 33 Way: 0 Address: 0x1c84e2854
  Set: 33 Way: 1 Address: 0x14bb10864
  Set: 33 Way: 2 Address: 0x201598840
  Set: 33 Way: 3 Address: 0x5588d87e
  Set: 33 Way: 4 Address: 0x2f5d8e840
  Set: 33 Way: 5 Address: 0x1add840
  Set: 34 Way: 0 Address: 0x1c84e2884
  Set: 34 Way: 1 Address: 0x5588d8a4
  Set: 34 Way: 2 Address: 0x14bb10880
  Set: 34 Way: 3 Address: 0x2f5d8e880
  Set: 34 Way: 4 Address: 0x1add880
  Set: 35 Way: 0 Address: 0x1c84e28ec
  Set: 35 Way: 1 Address: 0xee86f8c8
  Set: 35 Way: 2 Address: 0x5588d8c0
  Set: 35 Way: 3 Address: 0x14bb108c0
  Set: 35 Way: 4 Address: 0x181c818fe
  Set: 35 Way: 5 Address: 0x2f5d8e8c0
  Set: 35 Way: 6 Address: 0x1add8c0
  Set: 36 Way: 0 Address: 0x1c84e293c
  Set: 36 Way: 1 Address: 0x12c6fc934
  Set: 36 Way: 2 Address: 0x181c81928
  Set: 36 Way: 3 Address: 0x14bb10900
  Set: 36 Way: 4 Address: 0x2f5d8e900
  Set: 36 Way: 5 Address: 0x1add900
  Set: 37 Way: 0 Address: 0x1c84e2970
  Set: 37 Way: 1 Address: 0x6e620974
  Set: 37 Way: 2 Address: 0x12c6fc940
  Set: 37 Way: 3 Address: 0x181c81940
  Set: 37 Way: 4 Address: 0x14bb10940
  Set: 37 Way: 5 Address: 0x20159897c
  Set: 38 Way: 0 Address: 0x1c84e29b0
  Set: 38 Way: 1 Address: 0x1995f2980
  Set: 38 Way: 2 Address: 0x394edb980
  Set: 38 Way: 3 Address: 0x20159899c
  Set: 38 Way: 4 Address: 0x6e620980
  Set: 38 Way: 5 Address: 0x12c6fc980
  Set: 38 Way: 6 Address: 0x14bb10980
  Set: 39 Way: 0 Address: 0x1c84e29dc
  Set: 39 Way: 1 Address: 0x5588d9f0
  Set: 39 Way: 2 Address: 0x6e6209c0
  Set: 39 Way: 3 Address: 0x2015989c0
  Set: 39 Way: 4 Address: 0x12c6fc9c0
  Set: 39 Way: 5 Address: 0x14bb109c0
  Set: 40 Way: 0 Address: 0x1c84e2a18
  Set: 40 Way: 1 Address: 0x5588da08
  Set: 40 Way: 2 Address: 0x6e620a00
  Set: 40 Way: 3 Address: 0x12c6fca00
  Set: 40 Way: 4 Address: 0x14bb10a00
  Set: 41 Way: 0 Address: 0x1c84e2a58
  Set: 41 Way: 1 Address: 0x6d0c2a44
  Set: 41 Way: 2 Address: 0x181c81a7e
  Set: 41 Way: 3 Address: 0x6e620a40
  Set: 41 Way: 4 Address: 0x12c6fca40
  Set: 42 Way: 0 Address: 0x22272fa84
  Set: 42 Way: 1 Address: 0x1c84e2ab0
  Set: 42 Way: 2 Address: 0x181c81a88
  Set: 42 Way: 3 Address: 0x6d0c2a80
  Set: 42 Way: 4 Address: 0x23755dabe
  Set: 42 Way: 5 Address: 0x6e620a80
  Set: 42 Way: 6 Address: 0x12c6fca80
  Set: 43 Way: 0 Address: 0x1c84e2ae8
  Set: 43 Way: 1 Address: 0x201598af0
  Set: 43 Way: 2 Address: 0x22272fac0
  Set: 43 Way: 3 Address: 0x6d0c2ac0
  Set: 43 Way: 4 Address: 0x23755dac0
  Set: 43 Way: 5 Address: 0x6e620ac0
  Set: 43 Way: 6 Address: 0x12c6fcac0
  Set: 44 Way: 0 Address: 0x1995f2b08
  Set: 44 Way: 1 Address: 0x1c84e2b24
  Set: 44 Way: 2 Address: 0x201598b00
  Set: 44 Way: 3 Address: 0x5588db3e
  Set: 44 Way: 4 Address: 0x22272fb00
  Set: 44 Way: 5 Address: 0x6d0c2b00
  Set: 44 Way: 6 Address: 0x6e620b00
  Set: 44 Way: 7 Address: 0x23755db00
  Set: 44 Way: 8 Address: 0x12c6fcb00
  Set: 45 Way: 0 Address: 0x223edab68
  Set: 45 Way: 1 Address: 0xb8004b70
  Set: 45 Way: 2 Address: 0x3734eeb68
  Set: 45 Way: 3 Address: 0x5588db66
  Set: 45 Way: 4 Address: 0x1c84e2b6c
  Set: 45 Way: 5 Address: 0x22272fb40
  Set: 45 Way: 6 Address: 0x6d0c2b40
  Set: 45 Way: 7 Address: 0x6e620b40
  Set: 46 Way: 0 Address: 0x223edab80
  Set: 46 Way: 1 Address: 0x29484cbb0
  Set: 46 Way: 2 Address: 0x1b0f15b94
  Set: 46 Way: 3 Address: 0x1c84e2b8c
  Set: 46 Way: 4 Address: 0x5588db80
  Set: 46 Way: 5 Address: 0x181c81bbc
  Set: 46 Way: 6 Address: 0x22272fb80
  Set: 46 Way: 7 Address: 0x6d0c2b80
  Set: 47 Way: 0 Address: 0x1c84e2bc4
  Set: 47 Way: 1 Address: 0x181c81be8
  Set: 47 Way: 2 Address: 0x1b0f15bc0
  Set: 47 Way: 3 Address: 0x22272fbc0
  Set: 47 Way: 4 Address: 0x6d0c2bc0
  Set: 48 Way: 0 Address: 0x23755dc2e
  Set: 48 Way: 1 Address: 0x181c81c00
  Set: 48 Way: 2 Address: 0x1b0f15c00
  Set: 48 Way: 3 Address: 0x201598c3c
  Set: 48 Way: 4 Address: 0x22272fc00
  Set: 48 Way: 5 Address: 0x6d0c2c00
  Set: 49 Way: 0 Address: 0x201598c66
  Set: 49 Way: 1 Address: 0x23755dc40
  Set: 49 Way: 2 Address: 0x1b0f15c40
  Set: 49 Way: 3 Address: 0x22272fc40
  Set: 50 Way: 0 Address: 0x3bdd78ca4
  Set: 50 Way: 1 Address: 0x5588dcae
  Set: 50 Way: 2 Address: 0x201598c80
  Set: 50 Way: 3 Address: 0x1b0f15c80
  Set: 51 Way: 0 Address: 0x5588dcc4
  Set: 51 Way: 1 Address: 0x3bdd78cc0
  Set: 51 Way: 2 Address: 0x1b0f15cc0
  Set: 52 Way: 0 Address: 0x181c81d3c
  Set: 52 Way: 1 Address: 0x3bdd78d00
  Set: 52 Way: 2 Address: 0x1b0f15d00
  Set: 53 Way: 0 Address: 0x181c81d4a
  Set: 53 Way: 1 Address: 0x23755dd7e
  Set: 53 Way: 2 Address: 0x3bdd78d40
  Set: 53 Way: 3 Address: 0x1b0f15d40
  Set: 54 Way: 0 Address: 0x23755dd8e
  Set: 54 Way: 1 Address: 0x3232f3db4
  Set: 54 Way: 2 Address: 0x3bdd78d80
  Set: 54 Way: 3 Address: 0x201598da0
  Set: 55 Way: 0 Address: 0x3232f3dc0
  Set: 55 Way: 1 Address: 0x23755ddc0
  Set: 55 Way: 2 Address: 0x5588ddfe
  Set: 55 Way: 3 Address: 0x3bdd78dc0
  Set: 55 Way: 4 Address: 0x201598dc0
  Set: 56 Way: 0 Address: 0x5588de28
  Set: 56 Way: 1 Address: 0x3232f3e00
  Set: 56 Way: 2 Address: 0x3bdd78e00
  Set: 57 Way: 0 Address: 0x5588de40
  Set: 57 Way: 1 Address: 0x3232f3e40
  Set: 57 Way: 2 Address: 0x181c81e7c
  Set: 57 Way: 3 Address: 0x3bdd78e40
  Set: 58 Way: 0 Address: 0x181c81e98
  Set: 58 Way: 1 Address: 0x3232f3e80
  Set: 59 Way: 0 Address: 0x23755defc
  Set: 59 Way: 1 Address: 0x2c9898ec4
  Set: 59 Way: 2 Address: 0x181c81ec0
  Set: 59 Way: 3 Address: 0x3232f3ec0
  Set: 60 Way: 0 Address: 0x23755df00
  Set: 60 Way: 1 Address: 0x2c9898f00
  Set: 60 Way: 2 Address: 0x3232f3f00
  Set: 61 Way: 0 Address: 0x2ee369f58
  Set: 61 Way: 1 Address: 0x5588df6e
  Set: 61 Way: 2 Address: 0x2c9898f40
  Set: 61 Way: 3 Address: 0x3232f3f40
  Set: 62 Way: 0 Address: 0x2ee369fa4
  Set: 62 Way: 1 Address: 0x5588df88
  Set: 62 Way: 2 Address: 0x2c9898f80
  Set: 62 Way: 3 Address: 0x3232f3f80
  Set: 63 Way: 0 Address: 0x2a4841fe8
  Set: 63 Way: 1 Address: 0x2ee369fc8
  Set: 63 Way: 2 Address: 0x23756ffd4
  Set: 63 Way: 3 Address: 0x181c81ffe
  Set: 63 Way: 4 Address: 0x2c9898fc0
EndCache
Cache: cpu0_ITLB
  Set: 0 Way: 0 Address: 0x4608a0
  Set: 1 Way: 0 Address: 0x441543
EndCache
Cache: cpu0_DTLB
  Set: 0 Way: 0 Address: 0x1d7085c
  Set: 0 Way: 1 Address: 0x730650
  Set: 0 Way: 2 Address: 0x286030e
  Set: 0 Way: 3 Address: 0x2210974
  Set: 1 Way: 0 Address: 0x7618c8
  Set: 1 Way: 1 Address: 0x2211a84
  Set: 1 Way: 2 Address: 0x28610e8
  Set: 2 Way: 0 Address: 0x2862c62
  Set: 2 Way: 1 Address: 0x2212b94
  Set: 3 Way: 0 Address: 0x2213ca4
  Set: 4 Way: 0 Address: 0x2214db4
  Set: 5 Way: 0 Address: 0x7fff6ec35fc8
  Set: 5 Way: 1 Address: 0x2215ec4
  Set: 6 Way: 0 Address: 0x7fff6ec36000
  Set: 6 Way: 1 Address: 0x2216fd4
  Set: 7 Way: 0 Address: 0x2217004
  Set: 8 Way: 0 Address: 0x22180e4
  Set: 9 Way: 0 Address: 0x22191f4
  Set: 10 Way: 0 Address: 0x221a304
  Set: 11 Way: 0 Address: 0x221b410
  Set: 12 Way: 0 Address: 0x221c520
  Set: 13 Way: 0 Address: 0x1d6d934
  Set: 13 Way: 1 Address: 0x221d630
  Set: 14 Way: 0 Address: 0x1d6ea44
  Set: 14 Way: 1 Address: 0x220e140
  Set: 14 Way: 2 Address: 0x221e740
  Set: 15 Way: 0 Address: 0x285fefc
  Set: 15 Way: 1 Address: 0x220f864
EndCache
Cache: LLC
  Set: 3 Way: 0 Address: 0x342b400c8
  Set: 37 Way: 0 Address: 0x6e620974
  Set: 38 Way: 0 Address: 0x6e620980
  Set: 39 Way: 0 Address: 0x6e6209c0
  Set: 40 Way: 0 Address: 0x6e620a00
  Set: 41 Way: 0 Address: 0x6e620a40
  Set: 42 Way: 0 Address: 0x6e620a80
  Set: 43 Way: 0 Address: 0x6e620ac0
  Set: 44 Way: 0 Address: 0x6e620b00
  Set: 45 Way: 0 Address: 0x6e620b40
  Set: 66 Way: 0 Address: 0x181c810bc
  Set: 67 Way: 0 Address: 0x181c810d0
  Set: 68 Way: 0 Address: 0x181c81100
  Set: 70 Way: 0 Address: 0xf6e811a8
  Set: 72 Way: 0 Address: 0x113201208
  Set: 72 Way: 1 Address: 0x181c81200
  Set: 73 Way: 0 Address: 0x181c81248
  Set: 76 Way: 0 Address: 0x113201300
  Set: 77 Way: 0 Address: 0x181c8137e
  Set: 78 Way: 0 Address: 0x181c81380
  Set: 79 Way: 0 Address: 0x181c813c0
  Set: 83 Way: 0 Address: 0x181c814c0
  Set: 84 Way: 0 Address: 0x181c81504
  Set: 88 Way: 0 Address: 0x181c8163c
  Set: 89 Way: 0 Address: 0x181c81640
  Set: 90 Way: 0 Address: 0x181c81680
  Set: 94 Way: 0 Address: 0x181c817ae
  Set: 95 Way: 0 Address: 0x181c817ca
  Set: 99 Way: 0 Address: 0x181c818fc
  Set: 100 Way: 0 Address: 0x181c81910
  Set: 101 Way: 0 Address: 0x181c81940
  Set: 105 Way: 0 Address: 0x181c81a70
  Set: 106 Way: 0 Address: 0x181c81a80
  Set: 110 Way: 0 Address: 0x181c81bbe
  Set: 111 Way: 0 Address: 0x181c81bc0
  Set: 112 Way: 0 Address: 0x181c81c00
  Set: 116 Way: 0 Address: 0x181c81d30
  Set: 117 Way: 0 Address: 0x181c81d44
  Set: 121 Way: 0 Address: 0x181c81e7e
  Set: 122 Way: 0 Address: 0x181c81e8e
  Set: 123 Way: 0 Address: 0x181c81ec0
  Set: 127 Way: 0 Address: 0x2a4841fe8
  Set: 127 Way: 1 Address: 0x181c81fc0
  Set: 128 Way: 0 Address: 0x181c82000
  Set: 131 Way: 0 Address: 0x1064c20c0
  Set: 133 Way: 0 Address: 0x181c82140
  Set: 134 Way: 0 Address: 0x181c82180
  Set: 138 Way: 0 Address: 0x181c82280
  Set: 160 Way: 0 Address: 0x1c84e2838
  Set: 161 Way: 0 Address: 0x1c84e2878
  Set: 162 Way: 0 Address: 0x1c84e2884
  Set: 163 Way: 0 Address: 0x1c84e28ec
  Set: 164 Way: 0 Address: 0x1c84e293c
  Set: 165 Way: 0 Address: 0x1c84e2970
  Set: 166 Way: 0 Address: 0x1c84e29b0
  Set: 167 Way: 0 Address: 0x1c84e29dc
  Set: 168 Way: 0 Address: 0x1c84e2a18
  Set: 169 Way: 0 Address: 0x1c84e2a58
  Set: 169 Way: 1 Address: 0x6d0c2a44
  Set: 170 Way: 0 Address: 0x1c84e2ab0
  Set: 170 Way: 1 Address: 0x6d0c2a80
  Set: 171 Way: 0 Address: 0x1c84e2ae8
  Set: 171 Way: 1 Address: 0x6d0c2ac0
  Set: 172 Way: 0 Address: 0x1c84e2b24
  Set: 172 Way: 1 Address: 0x6d0c2b00
  Set: 173 Way: 0 Address: 0x1c84e2b6c
  Set: 173 Way: 1 Address: 0x6d0c2b40
  Set: 174 Way: 0 Address: 0x1c84e2b8c
  Set: 174 Way: 1 Address: 0x6d0c2b80
  Set: 175 Way: 0 Address: 0x1c84e2bc4
  Set: 175 Way: 1 Address: 0x6d0c2bc0
  Set: 176 Way: 0 Address: 0x6d0c2c00
  Set: 177 Way: 0 Address: 0x6d0c2c40
  Set: 194 Way: 0 Address: 0x3b08030b8
  Set: 195 Way: 0 Address: 0x3b08030d0
  Set: 258 Way: 0 Address: 0x1ab44088
  Set: 301 Way: 0 Address: 0xb8004b70
  Set: 387 Way: 0 Address: 0x3dae660e0
  Set: 387 Way: 1 Address: 0x3d87a60e4
  Set: 388 Way: 0 Address: 0x3d87a6100
  Set: 389 Way: 0 Address: 0x3d87a6140
  Set: 390 Way: 0 Address: 0x3d87a6180
  Set: 391 Way: 0 Address: 0x3d87a61c0
  Set: 392 Way: 0 Address: 0x3d87a6200
  Set: 393 Way: 0 Address: 0x3d87a6240
  Set: 394 Way: 0 Address: 0x3d87a6280
  Set: 396 Way: 0 Address: 0x27d4c6304
  Set: 397 Way: 0 Address: 0x27d4c6340
  Set: 398 Way: 0 Address: 0x27d4c6380
  Set: 399 Way: 0 Address: 0x27d4c63c0
  Set: 400 Way: 0 Address: 0x27d4c6400
  Set: 401 Way: 0 Address: 0x27d4c6440
  Set: 402 Way: 0 Address: 0x27d4c6480
  Set: 403 Way: 0 Address: 0x27d4c64c0
  Set: 448 Way: 0 Address: 0x309887000
  Set: 449 Way: 0 Address: 0x309887040
  Set: 450 Way: 0 Address: 0x309887080
  Set: 450 Way: 1 Address: 0xbeea70a8
  Set: 451 Way: 0 Address: 0x3098870c0
  Set: 451 Way: 1 Address: 0xbeea70c0
  Set: 452 Way: 0 Address: 0x309887100
  Set: 453 Way: 0 Address: 0x309887140
  Set: 454 Way: 0 Address: 0x309887180
  Set: 455 Way: 0 Address: 0x3098871e8
  Set: 637 Way: 0 Address: 0x2ee369f58
  Set: 638 Way: 0 Address: 0x2ee369fbc
  Set: 639 Way: 0 Address: 0x2ee369fe0
  Set: 814 Way: 0 Address: 0x29484cbb0
  Set: 832 Way: 0 Address: 0x5588d03e
  Set: 833 Way: 0 Address: 0x5588d04e
  Set: 834 Way: 0 Address: 0x5588d080
  Set: 838 Way: 0 Address: 0x5588d1ae
  Set: 839 Way: 0 Address: 0x5588d1c0
  Set: 843 Way: 0 Address: 0x5588d2fc
  Set: 844 Way: 0 Address: 0x5588d30e
  Set: 845 Way: 0 Address: 0x5588d340
  Set: 849 Way: 0 Address: 0x5588d46e
  Set: 850 Way: 0 Address: 0x5588d480
  Set: 854 Way: 0 Address: 0x5588d5be
  Set: 855 Way: 0 Address: 0x5588d5ce
  Set: 856 Way: 0 Address: 0x5588d600
  Set: 860 Way: 0 Address: 0x5588d72e
  Set: 861 Way: 0 Address: 0x5588d740
  Set: 865 Way: 0 Address: 0x5588d87c
  Set: 866 Way: 0 Address: 0x5588d88e
  Set: 867 Way: 0 Address: 0x5588d8c0
  Set: 871 Way: 0 Address: 0x5588d9f4
  Set: 872 Way: 0 Address: 0x5588da00
  Set: 876 Way: 0 Address: 0x5588db3c
  Set: 877 Way: 0 Address: 0x5588db40
  Set: 878 Way: 0 Address: 0x5588db80
  Set: 882 Way: 0 Address: 0x5588dc80
  Set: 883 Way: 0 Address: 0x5588dcc4
  Set: 887 Way: 0 Address: 0x5588ddc0
  Set: 888 Way: 0 Address: 0x5588de00
  Set: 889 Way: 0 Address: 0x5588de40
  Set: 893 Way: 0 Address: 0x5588df40
  Set: 894 Way: 0 Address: 0x5588df80
  Set: 897 Way: 0 Address: 0x1c084e078
  Set: 898 Way: 0 Address: 0x1c084e090
  Set: 899 Way: 0 Address: 0x2f5d8e0e8
  Set: 899 Way: 1 Address: 0x5588e0c0
  Set: 900 Way: 0 Address: 0x2f5d8e100
  Set: 900 Way: 1 Address: 0x5588e100
  Set: 901 Way: 0 Address: 0x2f5d8e140
  Set: 904 Way: 0 Address: 0x5588e200
  Set: 905 Way: 0 Address: 0x5588e240
  Set: 915 Way: 0 Address: 0x5588e4c0
  Set: 925 Way: 0 Address: 0x2f5d8e754
  Set: 926 Way: 0 Address: 0x2f5d8e780
  Set: 927 Way: 0 Address: 0x2f5d8e7c0
  Set: 928 Way: 0 Address: 0x2f5d8e800
  Set: 929 Way: 0 Address: 0x2f5d8e840
  Set: 930 Way: 0 Address: 0x2f5d8e880
  Set: 931 Way: 0 Address: 0x2f5d8e8c0
  Set: 932 Way: 0 Address: 0x2f5d8e900
  Set: 941 Way: 0 Address: 0x3734eeb68
  Set: 960 Way: 0 Address: 0x23756f000
  Set: 961 Way: 0 Address: 0x16390f070
  Set: 961 Way: 1 Address: 0x23756f040
  Set: 962 Way: 0 Address: 0x23756f080
  Set: 963 Way: 0 Address: 0x16390f0d8
  Set: 963 Way: 1 Address: 0x143ef0d8
  Set: 995 Way: 0 Address: 0xee86f8d0
  Set: 1002 Way: 0 Address: 0x22272fa84
  Set: 1003 Way: 0 Address: 0x22272fac0
  Set: 1004 Way: 0 Address: 0x22272fb00
  Set: 1005 Way: 0 Address: 0x22272fb40
  Set: 1006 Way: 0 Address: 0x22272fb80
  Set: 1007 Way: 0 Address: 0x22272fbc0
  Set: 1008 Way: 0 Address: 0x22272fc00
  Set: 1009 Way: 0 Address: 0x22272fc40
  Set: 1023 Way: 0 Address: 0x23756ffd4
  Set: 1026 Way: 0 Address: 0x2177f0090
  Set: 1057 Way: 0 Address: 0x14bb10864
  Set: 1058 Way: 0 Address: 0x14bb10880
  Set: 1059 Way: 0 Address: 0x14bb108c0
  Set: 1060 Way: 0 Address: 0x14bb10900
  Set: 1061 Way: 0 Address: 0x14bb10940
  Set: 1062 Way: 0 Address: 0x14bb10980
  Set: 1063 Way: 0 Address: 0x14bb109c0
  Set: 1064 Way: 0 Address: 0x14bb10a00
  Set: 1154 Way: 0 Address: 0x133c92080
  Set: 1164 Way: 0 Address: 0x9cff2300
  Set: 1190 Way: 0 Address: 0x1995f2980
  Set: 1196 Way: 0 Address: 0x1995f2b08
  Set: 1223 Way: 0 Address: 0x2577131f4
  Set: 1224 Way: 0 Address: 0x257713200
  Set: 1225 Way: 0 Address: 0x257713240
  Set: 1226 Way: 0 Address: 0x257713280
  Set: 1227 Way: 0 Address: 0x3c56b32f8
  Set: 1227 Way: 1 Address: 0x2577132c0
  Set: 1228 Way: 0 Address: 0x3c56b3310
  Set: 1228 Way: 1 Address: 0x257713300
  Set: 1229 Way: 0 Address: 0x257713340
  Set: 1230 Way: 0 Address: 0x257713380
  Set: 1231 Way: 0 Address: 0x2577133c0
  Set: 1236 Way: 0 Address: 0x2b2e93520
  Set: 1237 Way: 0 Address: 0x2b2e93540
  Set: 1238 Way: 0 Address: 0x2b2e93580
  Set: 1239 Way: 0 Address: 0x2b2e935c0
  Set: 1240 Way: 0 Address: 0x2b2e93600
  Set: 1241 Way: 0 Address: 0x2b2e93640
  Set: 1242 Way: 0 Address: 0x2b2e93680
  Set: 1243 Way: 0 Address: 0x2b2e936c0
  Set: 1247 Way: 0 Address: 0x263c137f8
  Set: 1270 Way: 0 Address: 0x3232f3db4
  Set: 1271 Way: 0 Address: 0x3232f3dc0
  Set: 1272 Way: 0 Address: 0x3232f3e00
  Set: 1273 Way: 0 Address: 0x3232f3e40
  Set: 1274 Way: 0 Address: 0x3232f3e80
  Set: 1275 Way: 0 Address: 0x3232f3ec0
  Set: 1276 Way: 0 Address: 0x3232f3f00
  Set: 1277 Way: 0 Address: 0x3232f3f40
  Set: 1278 Way: 0 Address: 0x3232f3f80
  Set: 1280 Way: 0 Address: 0x3de4d4018
  Set: 1281 Way: 0 Address: 0x3c1074078
  Set: 1282 Way: 0 Address: 0x3de4d40a0
  Set: 1282 Way: 1 Address: 0x3c1074080
  Set: 1283 Way: 0 Address: 0x3c10740f0
  Set: 1314 Way: 0 Address: 0x397bb48a0
  Set: 1344 Way: 0 Address: 0x195f15010
  Set: 1345 Way: 0 Address: 0x195f15070
  Set: 1346 Way: 0 Address: 0x195f150a0
  Set: 1356 Way: 0 Address: 0x354d35300
  Set: 1390 Way: 0 Address: 0x1b0f15b94
  Set: 1391 Way: 0 Address: 0x1b0f15bc0
  Set: 1392 Way: 0 Address: 0x1b0f15c00
  Set: 1393 Way: 0 Address: 0x1b0f15c40
  Set: 1394 Way: 0 Address: 0x1b0f15c80
  Set: 1395 Way: 0 Address: 0x1b0f15cc0
  Set: 1396 Way: 0 Address: 0x1b0f15d00
  Set: 1397 Way: 0 Address: 0x1b0f15d40
  Set: 1410 Way: 0 Address: 0x43736088
  Set: 1432 Way: 0 Address: 0x84896630
  Set: 1433 Way: 0 Address: 0x211d16650
  Set: 1433 Way: 1 Address: 0x84896640
  Set: 1434 Way: 0 Address: 0x84896680
  Set: 1435 Way: 0 Address: 0x848966c0
  Set: 1436 Way: 0 Address: 0x84896700
  Set: 1437 Way: 0 Address: 0x84896740
  Set: 1438 Way: 0 Address: 0x84896780
  Set: 1439 Way: 0 Address: 0x848967c0
  Set: 1488 Way: 0 Address: 0x276ff7410
  Set: 1489 Way: 0 Address: 0x276ff7440
  Set: 1490 Way: 0 Address: 0x276ff7480
  Set: 1491 Way: 0 Address: 0x276ff74c0
  Set: 1492 Way: 0 Address: 0x276ff7500
  Set: 1493 Way: 0 Address: 0x276ff7540
  Set: 1494 Way: 0 Address: 0x276ff7580
  Set: 1495 Way: 0 Address: 0x276ff75c0
  Set: 1536 Way: 0 Address: 0xc7078018
  Set: 1536 Way: 1 Address: 0x201598000
  Set: 1540 Way: 0 Address: 0x20159813e
  Set: 1541 Way: 0 Address: 0x20159814e
  Set: 1542 Way: 0 Address: 0x1aafb81b0
  Set: 1542 Way: 1 Address: 0x201598180
  Set: 1546 Way: 0 Address: 0x2015982b2
  Set: 1547 Way: 0 Address: 0x2015982c2
  Set: 1551 Way: 0 Address: 0x2015983fc
  Set: 1552 Way: 0 Address: 0x201598400
  Set: 1553 Way: 0 Address: 0x201598440
  Set: 1557 Way: 0 Address: 0x20159856e
  Set: 1558 Way: 0 Address: 0x201598580
  Set: 1562 Way: 0 Address: 0x2015986bc
  Set: 1563 Way: 0 Address: 0x2015986ce
  Set: 1564 Way: 0 Address: 0x201598700
  Set: 1568 Way: 0 Address: 0x201598832
  Set: 1569 Way: 0 Address: 0x201598840
  Set: 1573 Way: 0 Address: 0x20159897e
  Set: 1574 Way: 0 Address: 0x20159898e
  Set: 1575 Way: 0 Address: 0x2015989c0
  Set: 1579 Way: 0 Address: 0x201598ac0
  Set: 1580 Way: 0 Address: 0x201598b04
  Set: 1584 Way: 0 Address: 0x201598c3c
  Set: 1585 Way: 0 Address: 0x201598c54
  Set: 1586 Way: 0 Address: 0x3bdd78ca4
  Set: 1586 Way: 1 Address: 0x201598c80
  Set: 1587 Way: 0 Address: 0x3bdd78cc0
  Set: 1588 Way: 0 Address: 0x3bdd78d00
  Set: 1589 Way: 0 Address: 0x3bdd78d40
  Set: 1590 Way: 0 Address: 0x3bdd78d80
  Set: 1590 Way: 1 Address: 0x201598d80
  Set: 1591 Way: 0 Address: 0x3bdd78dc0
  Set: 1591 Way: 1 Address: 0x201598dc0
  Set: 1592 Way: 0 Address: 0x3bdd78e00
  Set: 1593 Way: 0 Address: 0x3bdd78e40
  Set: 1595 Way: 0 Address: 0x2c9898ec4
  Set: 1596 Way: 0 Address: 0x2c9898f00
  Set: 1597 Way: 0 Address: 0x201598f40
  Set: 1597 Way: 1 Address: 0x2c9898f40
  Set: 1598 Way: 0 Address: 0x2c9898f80
  Set: 1599 Way: 0 Address: 0x2c9898fc0
  Set: 1611 Way: 0 Address: 0x2929592f8
  Set: 1612 Way: 0 Address: 0x292959300
  Set: 1612 Way: 1 Address: 0x312099308
  Set: 1664 Way: 0 Address: 0x229b9a000
  Set: 1665 Way: 0 Address: 0x1d89da070
  Set: 1709 Way: 0 Address: 0x223edab70
  Set: 1710 Way: 0 Address: 0x223edab80
  Set: 1730 Way: 0 Address: 0x3b377b0a0
  Set: 1730 Way: 1 Address: 0xc0d9b0b0
  Set: 1730 Way: 2 Address: 0xcf83b0b8
  Set: 1766 Way: 0 Address: 0x394edb980
  Set: 1792 Way: 0 Address: 0xdf85c000
  Set: 1795 Way: 0 Address: 0x38e35c0e8
  Set: 1828 Way: 0 Address: 0x12c6fc934
  Set: 1829 Way: 0 Address: 0x12c6fc940
  Set: 1830 Way: 0 Address: 0x12c6fc980
  Set: 1831 Way: 0 Address: 0x12c6fc9c0
  Set: 1832 Way: 0 Address: 0x12c6fca00
  Set: 1833 Way: 0 Address: 0x12c6fca40
  Set: 1834 Way: 0 Address: 0x12c6fca80
  Set: 1835 Way: 0 Address: 0x12c6fcac0
  Set: 1836 Way: 0 Address: 0x12c6fcb00
  Set: 1837 Way: 0 Address: 0x12c6fcb40
  Set: 1885 Way: 0 Address: 0x1add740
  Set: 1886 Way: 0 Address: 0x1add780
  Set: 1887 Way: 0 Address: 0x1add7c0
  Set: 1888 Way: 0 Address: 0x1add800
  Set: 1889 Way: 0 Address: 0x1add840
  Set: 1890 Way: 0 Address: 0x1add880
  Set: 1891 Way: 0 Address: 0x1add8c0
  Set: 1892 Way: 0 Address: 0x1add900
  Set: 1898 Way: 0 Address: 0x23755dabc
  Set: 1899 Way: 0 Address: 0x23755dac2
  Set: 1900 Way: 0 Address: 0x23755db00
  Set: 1904 Way: 0 Address: 0x23755dc2e
  Set: 1905 Way: 0 Address: 0x23755dc40
  Set: 1909 Way: 0 Address: 0x23755dd7c
  Set: 1910 Way: 0 Address: 0x23755dd8e
  Set: 1911 Way: 0 Address: 0x23755ddc0
  Set: 1915 Way: 0 Address: 0x23755deee
  Set: 1916 Way: 0 Address: 0x23755df00
  Set: 1920 Way: 0 Address: 0x28b67e000
  Set: 1920 Way: 1 Address: 0x20597e000
  Set: 1921 Way: 0 Address: 0x23755e040
  Set: 1921 Way: 1 Address: 0x20597e040
  Set: 1922 Way: 0 Address: 0x2db79e098
  Set: 1922 Way: 1 Address: 0x23755e080
  Set: 1922 Way: 2 Address: 0x20597e080
  Set: 1923 Way: 0 Address: 0x20597e0c0
  Set: 1924 Way: 0 Address: 0x20597e100
  Set: 1925 Way: 0 Address: 0x20597e140
  Set: 1926 Way: 0 Address: 0x23755e180
  Set: 1926 Way: 1 Address: 0x20597e180
  Set: 1927 Way: 0 Address: 0x23755e1c0
  Set: 1934 Way: 0 Address: 0x1f919e390
  Set: 1935 Way: 0 Address: 0x1f919e3c0
  Set: 1936 Way: 0 Address: 0x1f919e405
  Set: 1937 Way: 0 Address: 0x1f919e446
  Set: 1938 Way: 0 Address: 0x1f919e489
  Set: 1939 Way: 0 Address: 0x1f919e4c1
  Set: 1940 Way: 0 Address: 0x1f919e501
  Set: 1941 Way: 0 Address: 0x1f919e543
  Set: 1943 Way: 0 Address: 0x1f919e5c8
  Set: 1944 Way: 0 Address: 0x1f919e600
  Set: 1945 Way: 0 Address: 0x1f919e645
  Set: 1951 Way: 0 Address: 0x28b67e7f8
EndCache
