Cache: cpu0_STLB
  Set: 38 Way: 0 Address: 0x20a6f48
  Set: 39 Way: 0 Address: 0x20a7d58
  Set: 40 Way: 0 Address: 0x20a8e68
  Set: 41 Way: 0 Address: 0x20a9f78
  Set: 42 Way: 0 Address: 0x20aa000
  Set: 43 Way: 0 Address: 0x20ab088
  Set: 44 Way: 0 Address: 0x20ac194
  Set: 45 Way: 0 Address: 0x20ad2a4
  Set: 46 Way: 0 Address: 0x20ae3b4
  Set: 47 Way: 0 Address: 0x20af4c4
  Set: 48 Way: 0 Address: 0x730650
  Set: 48 Way: 1 Address: 0x20b05d4
  Set: 49 Way: 0 Address: 0x20b16e4
  Set: 50 Way: 0 Address: 0x20b27f4
  Set: 51 Way: 0 Address: 0x20b3904
  Set: 52 Way: 0 Address: 0x20b4a14
  Set: 53 Way: 0 Address: 0x7fff6ec35ffc
  Set: 53 Way: 1 Address: 0x20b5b24
  Set: 54 Way: 0 Address: 0x7fff6ec360ac
  Set: 54 Way: 1 Address: 0x20b6c34
  Set: 55 Way: 0 Address: 0x20b7d44
  Set: 65 Way: 0 Address: 0x44149f
  Set: 95 Way: 0 Address: 0x295ff94
  Set: 96 Way: 0 Address: 0x4608a0
  Set: 96 Way: 1 Address: 0x29607fe
  Set: 97 Way: 0 Address: 0x7618c8
  Set: 97 Way: 1 Address: 0x2961034
  Set: 98 Way: 0 Address: 0x2962a54
  Set: 99 Way: 0 Address: 0x2963134
  Set: 100 Way: 0 Address: 0x2964034
  Set: 110 Way: 0 Address: 0x1d6e0f8
  Set: 111 Way: 0 Address: 0x1d6f208
  Set: 112 Way: 0 Address: 0x1d70874
EndCache
Cache: cpu0_L2C
  Set: 2 Way: 0 Address: 0x342b40092
  Set: 3 Way: 0 Address: 0x342b400d0
  Set: 7 Way: 0 Address: 0x342b401f2
  Set: 8 Way: 0 Address: 0x342b40200
  Set: 9 Way: 0 Address: 0x342b40240
  Set: 13 Way: 0 Address: 0x342b40356
  Set: 14 Way: 0 Address: 0x342b40380
  Set: 18 Way: 0 Address: 0x342b404b2
  Set: 19 Way: 0 Address: 0x342b404c0
  Set: 20 Way: 0 Address: 0x2177f0538
  Set: 20 Way: 1 Address: 0x342b40500
  Set: 21 Way: 0 Address: 0x2177f0540
  Set: 22 Way: 0 Address: 0x6e6205a0
  Set: 22 Way: 1 Address: 0x14bb105a8
  Set: 22 Way: 2 Address: 0x2177f05b8
  Set: 24 Way: 0 Address: 0x342b40600
  Set: 25 Way: 0 Address: 0x342b40640
  Set: 29 Way: 0 Address: 0x342b40772
  Set: 30 Way: 0 Address: 0x342b40780
  Set: 31 Way: 0 Address: 0x342b407c0
  Set: 35 Way: 0 Address: 0x342b408c0
  Set: 36 Way: 0 Address: 0x342b40900
  Set: 40 Way: 0 Address: 0x342b40a32
  Set: 41 Way: 0 Address: 0x342b40a54
  Set: 42 Way: 0 Address: 0x342b40a80
  Set: 46 Way: 0 Address: 0x342b40bb4
  Set: 47 Way: 0 Address: 0x342b40bc0
  Set: 51 Way: 0 Address: 0x342b40cf2
  Set: 52 Way: 0 Address: 0x342b40d14
  Set: 53 Way: 0 Address: 0x342b40d40
  Set: 57 Way: 0 Address: 0x342b40e74
  Set: 58 Way: 0 Address: 0x342b40e80
  Set: 62 Way: 0 Address: 0x342b40fb2
  Set: 62 Way: 1 Address: 0x28a940f94
  Set: 63 Way: 0 Address: 0x342b40fd4
  Set: 63 Way: 1 Address: 0x28a940fc0
  Set: 64 Way: 0 Address: 0x342b41000
  Set: 64 Way: 1 Address: 0x19c791034
  Set: 65 Way: 0 Address: 0x19c791040
  Set: 68 Way: 0 Address: 0x342b41100
  Set: 69 Way: 0 Address: 0x342b41140
  Set: 72 Way: 0 Address: 0x113201208
  Set: 73 Way: 0 Address: 0x28a941240
  Set: 74 Way: 0 Address: 0x342b41280
  Set: 74 Way: 1 Address: 0x28a941280
  Set: 75 Way: 0 Address: 0x342b412c0
  Set: 76 Way: 0 Address: 0x113201300
  Set: 76 Way: 1 Address: 0x19c791300
  Set: 79 Way: 0 Address: 0x342b413c0
  Set: 80 Way: 0 Address: 0x342b41400
  Set: 84 Way: 0 Address: 0x28a941500
  Set: 85 Way: 0 Address: 0x342b41540
  Set: 85 Way: 1 Address: 0x28a941540
  Set: 87 Way: 0 Address: 0x19c7915c0
  Set: 98 Way: 0 Address: 0x2a48418a0
  Set: 102 Way: 0 Address: 0xf6e81980
  Set: 117 Way: 0 Address: 0x181c81d58
  Set: 118 Way: 0 Address: 0x181c81d80
  Set: 119 Way: 0 Address: 0x181c81dc0
  Set: 120 Way: 0 Address: 0x181c81e00
  Set: 121 Way: 0 Address: 0x181c81e40
  Set: 122 Way: 0 Address: 0x181c81e80
  Set: 123 Way: 0 Address: 0x181c81ec0
  Set: 124 Way: 0 Address: 0x181c81f00
  Set: 131 Way: 0 Address: 0x1c84e20f6
  Set: 132 Way: 0 Address: 0x1c84e2116
  Set: 133 Way: 0 Address: 0x1c84e2140
  Set: 137 Way: 0 Address: 0x1c84e2276
  Set: 138 Way: 0 Address: 0x1c84e2280
  Set: 142 Way: 0 Address: 0x1c84e23b2
  Set: 143 Way: 0 Address: 0x1c84e23d8
  Set: 144 Way: 0 Address: 0x1c84e2400
  Set: 148 Way: 0 Address: 0x1c84e2536
  Set: 149 Way: 0 Address: 0x1c84e2540
  Set: 153 Way: 0 Address: 0x1c84e2678
  Set: 154 Way: 0 Address: 0x1c84e2696
  Set: 155 Way: 0 Address: 0x1c84e26c0
  Set: 159 Way: 0 Address: 0x9cff27f8
  Set: 159 Way: 1 Address: 0x1c84e27fe
  Set: 160 Way: 0 Address: 0x1c84e2800
  Set: 163 Way: 0 Address: 0x1995f28c8
  Set: 164 Way: 0 Address: 0x133c92904
  Set: 164 Way: 1 Address: 0x1c84e2934
  Set: 165 Way: 0 Address: 0x1c84e2954
  Set: 165 Way: 1 Address: 0x133c92940
  Set: 166 Way: 0 Address: 0x1c84e2980
  Set: 166 Way: 1 Address: 0x133c92980
  Set: 167 Way: 0 Address: 0x133c929c0
  Set: 168 Way: 0 Address: 0x133c92a00
  Set: 169 Way: 0 Address: 0x133c92a40
  Set: 170 Way: 0 Address: 0x1c84e2ab4
  Set: 170 Way: 1 Address: 0x133c92a80
  Set: 171 Way: 0 Address: 0x1c84e2ac0
  Set: 171 Way: 1 Address: 0x133c92ac0
  Set: 172 Way: 0 Address: 0x1064c2b10
  Set: 175 Way: 0 Address: 0x1c84e2bf4
  Set: 176 Way: 0 Address: 0x1c84e2c14
  Set: 177 Way: 0 Address: 0x1c84e2c40
  Set: 181 Way: 0 Address: 0x1c84e2d74
  Set: 182 Way: 0 Address: 0x1c84e2d80
  Set: 186 Way: 0 Address: 0x1c84e2eb4
  Set: 187 Way: 0 Address: 0x1c84e2ed6
  Set: 188 Way: 0 Address: 0x1c84e2f00
  Set: 189 Way: 0 Address: 0x6d0c2f58
  Set: 190 Way: 0 Address: 0x6d0c2fa4
  Set: 191 Way: 0 Address: 0x6d0c2ffc
  Set: 192 Way: 0 Address: 0x1c84e3000
  Set: 193 Way: 0 Address: 0x1c84e3040
  Set: 198 Way: 0 Address: 0x1c84e3180
  Set: 199 Way: 0 Address: 0x1c84e31c0
  Set: 200 Way: 0 Address: 0x3232f3208
  Set: 201 Way: 0 Address: 0x3232f3240
  Set: 202 Way: 0 Address: 0x3232f3280
  Set: 203 Way: 0 Address: 0x1c84e32c0
  Set: 203 Way: 1 Address: 0x3232f32c0
  Set: 204 Way: 0 Address: 0x263c13300
  Set: 204 Way: 1 Address: 0x3232f3300
  Set: 204 Way: 2 Address: 0x1c84e3300
  Set: 205 Way: 0 Address: 0x3232f3340
  Set: 206 Way: 0 Address: 0x3232f3380
  Set: 207 Way: 0 Address: 0x3232f33c0
  Set: 209 Way: 0 Address: 0x1c84e3440
  Set: 210 Way: 0 Address: 0x1c84e3480
  Set: 211 Way: 0 Address: 0x2b2e934c4
  Set: 212 Way: 0 Address: 0x3b0803538
  Set: 212 Way: 1 Address: 0x2b2e93500
  Set: 213 Way: 0 Address: 0x257713558
  Set: 213 Way: 1 Address: 0x2b2e93540
  Set: 213 Way: 2 Address: 0x34a873550
  Set: 214 Way: 0 Address: 0x2b2e93580
  Set: 215 Way: 0 Address: 0x2b2e935c0
  Set: 216 Way: 0 Address: 0x2b2e93600
  Set: 217 Way: 0 Address: 0x2b2e93640
  Set: 218 Way: 0 Address: 0x2b2e93680
  Set: 236 Way: 0 Address: 0x3c56b3b00
  Set: 256 Way: 0 Address: 0x3de4d4018
  Set: 258 Way: 0 Address: 0x3de4d40a0
  Set: 270 Way: 0 Address: 0x3c10743b4
  Set: 271 Way: 0 Address: 0x3c10743c0
  Set: 272 Way: 0 Address: 0x3c1074400
  Set: 273 Way: 0 Address: 0x3c1074440
  Set: 274 Way: 0 Address: 0x3c1074480
  Set: 275 Way: 0 Address: 0x3c10744c0
  Set: 276 Way: 0 Address: 0x3c1074500
  Set: 277 Way: 0 Address: 0x3c1074540
  Set: 278 Way: 0 Address: 0x3c1074580
  Set: 279 Way: 0 Address: 0x1ab445d4
  Set: 280 Way: 0 Address: 0x1ab44600
  Set: 281 Way: 0 Address: 0x1ab44640
  Set: 282 Way: 0 Address: 0x1ab44680
  Set: 283 Way: 0 Address: 0x1ab446c0
  Set: 284 Way: 0 Address: 0x1ab44700
  Set: 285 Way: 0 Address: 0x1ab44740
  Set: 286 Way: 0 Address: 0x1ab44780
  Set: 319 Way: 0 Address: 0x397bb4fe8
  Set: 320 Way: 0 Address: 0x195f15010
  Set: 320 Way: 1 Address: 0x272585000
  Set: 321 Way: 0 Address: 0x195f15070
  Set: 321 Way: 1 Address: 0x272585040
  Set: 322 Way: 0 Address: 0x195f150a0
  Set: 322 Way: 1 Address: 0x272585080
  Set: 323 Way: 0 Address: 0x2725850c0
  Set: 324 Way: 0 Address: 0x272585100
  Set: 325 Way: 0 Address: 0x272585140
  Set: 326 Way: 0 Address: 0x354d35194
  Set: 327 Way: 0 Address: 0x354d351c0
  Set: 328 Way: 0 Address: 0x354d35200
  Set: 329 Way: 0 Address: 0x354d35240
  Set: 330 Way: 0 Address: 0x354d35280
  Set: 331 Way: 0 Address: 0x354d352c0
  Set: 332 Way: 0 Address: 0x354d35300
  Set: 333 Way: 0 Address: 0x354d35340
  Set: 365 Way: 0 Address: 0x1b0f15b78
  Set: 384 Way: 0 Address: 0x43736018
  Set: 405 Way: 0 Address: 0x3dae66560
  Set: 405 Way: 1 Address: 0x27d4c6548
  Set: 406 Way: 0 Address: 0x3dae66580
  Set: 406 Way: 1 Address: 0x211d16598
  Set: 406 Way: 2 Address: 0x84896590
  Set: 427 Way: 0 Address: 0x3d87a6af8
  Set: 428 Way: 0 Address: 0x3d87a6b18
  Set: 470 Way: 0 Address: 0x276ff7580
  Set: 492 Way: 0 Address: 0x309887b08
  Set: 492 Way: 1 Address: 0xbeea7b24
  Set: 493 Way: 0 Address: 0xbeea7b40
  Set: 494 Way: 0 Address: 0xbeea7b80
  Set: 495 Way: 0 Address: 0xbeea7bc0
  Set: 496 Way: 0 Address: 0xbeea7c00
  Set: 497 Way: 0 Address: 0xbeea7c40
  Set: 498 Way: 0 Address: 0xbeea7c80
  Set: 499 Way: 0 Address: 0xbeea7cc0
  Set: 518 Way: 0 Address: 0x1aafb81b0
  Set: 518 Way: 1 Address: 0xc70781a8
  Set: 557 Way: 0 Address: 0x2c9898b70
  Set: 558 Way: 0 Address: 0x201598bb0
  Set: 565 Way: 0 Address: 0x3bdd78d44
  Set: 566 Way: 0 Address: 0x3bdd78d80
  Set: 567 Way: 0 Address: 0x3bdd78dc0
  Set: 568 Way: 0 Address: 0x3bdd78e00
  Set: 569 Way: 0 Address: 0x3bdd78e40
  Set: 570 Way: 0 Address: 0x3bdd78e80
  Set: 571 Way: 0 Address: 0x3bdd78ec0
  Set: 572 Way: 0 Address: 0x3bdd78f00
  Set: 576 Way: 0 Address: 0x292959000
  Set: 576 Way: 1 Address: 0x2c8749000
  Set: 576 Way: 2 Address: 0x312099000
  Set: 577 Way: 0 Address: 0x292959040
  Set: 578 Way: 0 Address: 0x2929590ac
  Set: 579 Way: 0 Address: 0x2929590c0
  Set: 580 Way: 0 Address: 0x292959100
  Set: 580 Way: 1 Address: 0x2c8749134
  Set: 581 Way: 0 Address: 0x292959140
  Set: 581 Way: 1 Address: 0x2c8749140
  Set: 582 Way: 0 Address: 0x292959180
  Set: 583 Way: 0 Address: 0x2929591c0
  Set: 585 Way: 0 Address: 0x2c8749272
  Set: 586 Way: 0 Address: 0x2c8749296
  Set: 587 Way: 0 Address: 0x2c87492c0
  Set: 591 Way: 0 Address: 0x2c87493f4
  Set: 592 Way: 0 Address: 0x2c8749400
  Set: 596 Way: 0 Address: 0x2c8749532
  Set: 597 Way: 0 Address: 0x2c8749554
  Set: 598 Way: 0 Address: 0x2c8749580
  Set: 602 Way: 0 Address: 0x2c87496b6
  Set: 603 Way: 0 Address: 0x2c87496c0
  Set: 607 Way: 0 Address: 0x2c87497f2
  Set: 608 Way: 0 Address: 0x2c8749816
  Set: 609 Way: 0 Address: 0x2c8749840
  Set: 613 Way: 0 Address: 0x2c8749974
  Set: 614 Way: 0 Address: 0x2c8749980
  Set: 618 Way: 0 Address: 0x2c8749ab2
  Set: 619 Way: 0 Address: 0x2c8749ad4
  Set: 619 Way: 1 Address: 0x2fa0c9af8
  Set: 620 Way: 0 Address: 0x2ee369b08
  Set: 620 Way: 1 Address: 0x2c8749b00
  Set: 620 Way: 2 Address: 0x2fa0c9b20
  Set: 624 Way: 0 Address: 0x2c8749c36
  Set: 625 Way: 0 Address: 0x2c8749c40
  Set: 629 Way: 0 Address: 0x2c8749d72
  Set: 630 Way: 0 Address: 0x2c8749d94
  Set: 631 Way: 0 Address: 0x2c8749dc0
  Set: 635 Way: 0 Address: 0x2c8749ef4
  Set: 636 Way: 0 Address: 0x2c8749f00
  Set: 637 Way: 0 Address: 0x312099f78
  Set: 638 Way: 0 Address: 0x312099f80
  Set: 639 Way: 0 Address: 0x312099fc0
  Set: 640 Way: 0 Address: 0x229b9a000
  Set: 641 Way: 0 Address: 0x1d89da070
  Set: 641 Way: 1 Address: 0x2c874a040
  Set: 642 Way: 0 Address: 0x2c874a080
  Set: 646 Way: 0 Address: 0x2c874a180
  Set: 647 Way: 0 Address: 0x2c874a1c0
  Set: 652 Way: 0 Address: 0x2c874a300
  Set: 653 Way: 0 Address: 0x2c874a340
  Set: 658 Way: 0 Address: 0x2c874a480
  Set: 684 Way: 0 Address: 0xc67dab20
  Set: 685 Way: 0 Address: 0x223edab78
  Set: 686 Way: 0 Address: 0x223edab80
  Set: 707 Way: 0 Address: 0xc0d9b0f8
  Set: 708 Way: 0 Address: 0xc0d9b100
  Set: 709 Way: 0 Address: 0xc0d9b140
  Set: 710 Way: 0 Address: 0xc0d9b180
  Set: 711 Way: 0 Address: 0xc0d9b1c0
  Set: 712 Way: 0 Address: 0xc0d9b200
  Set: 713 Way: 0 Address: 0xc0d9b240
  Set: 714 Way: 0 Address: 0x394edb2a4
  Set: 714 Way: 1 Address: 0xc0d9b280
  Set: 715 Way: 0 Address: 0x394edb2c0
  Set: 715 Way: 1 Address: 0xc0d9b2c0
  Set: 716 Way: 0 Address: 0x394edb300
  Set: 717 Way: 0 Address: 0x394edb340
  Set: 718 Way: 0 Address: 0x394edb380
  Set: 719 Way: 0 Address: 0x394edb3c0
  Set: 720 Way: 0 Address: 0x394edb400
  Set: 721 Way: 0 Address: 0x394edb440
  Set: 752 Way: 0 Address: 0x3b377bc34
  Set: 753 Way: 0 Address: 0x3b377bc40
  Set: 754 Way: 0 Address: 0x3b377bc80
  Set: 755 Way: 0 Address: 0x3b377bcc0
  Set: 756 Way: 0 Address: 0x3b377bd00
  Set: 757 Way: 0 Address: 0x3b377bd40
  Set: 758 Way: 0 Address: 0x3b377bd80
  Set: 759 Way: 0 Address: 0x3b377bdc0
  Set: 760 Way: 0 Address: 0x3b377be00
  Set: 761 Way: 0 Address: 0xcf83be68
  Set: 762 Way: 0 Address: 0xcf83be80
  Set: 763 Way: 0 Address: 0xcf83bec0
  Set: 764 Way: 0 Address: 0xcf83bf00
  Set: 765 Way: 0 Address: 0xcf83bf40
  Set: 766 Way: 0 Address: 0xcf83bf80
  Set: 767 Way: 0 Address: 0xcf83bfc0
  Set: 768 Way: 0 Address: 0xdf85c000
  Set: 768 Way: 1 Address: 0x38e35c034
  Set: 769 Way: 0 Address: 0x38e35c044
  Set: 773 Way: 0 Address: 0x38e35c174
  Set: 774 Way: 0 Address: 0x38e35c194
  Set: 775 Way: 0 Address: 0x38e35c1c0
  Set: 779 Way: 0 Address: 0x38e35c2f4
  Set: 780 Way: 0 Address: 0x38e35c300
  Set: 784 Way: 0 Address: 0x38e35c432
  Set: 785 Way: 0 Address: 0x38e35c454
  Set: 786 Way: 0 Address: 0x38e35c480
  Set: 790 Way: 0 Address: 0x38e35c5b4
  Set: 791 Way: 0 Address: 0x38e35c5c0
  Set: 793 Way: 0 Address: 0x12c6fc650
  Set: 795 Way: 0 Address: 0x38e35c6f2
  Set: 796 Way: 0 Address: 0x38e35c700
  Set: 797 Way: 0 Address: 0x38e35c740
  Set: 799 Way: 0 Address: 0x29484c7fc
  Set: 800 Way: 0 Address: 0x29484c83c
  Set: 801 Way: 0 Address: 0x29484c874
  Set: 801 Way: 1 Address: 0x38e35c852
  Set: 802 Way: 0 Address: 0x29484c8b8
  Set: 802 Way: 1 Address: 0x38e35c88e
  Set: 803 Way: 0 Address: 0x29484c8f4
  Set: 804 Way: 0 Address: 0x29484c93c
  Set: 805 Way: 0 Address: 0x29484c978
  Set: 806 Way: 0 Address: 0x29484c984
  Set: 806 Way: 1 Address: 0x38e35c9b8
  Set: 807 Way: 0 Address: 0x29484c9dc
  Set: 807 Way: 1 Address: 0x38e35c9c0
  Set: 808 Way: 0 Address: 0x29484ca1c
  Set: 808 Way: 1 Address: 0x38e35ca00
  Set: 809 Way: 0 Address: 0x29484ca50
  Set: 810 Way: 0 Address: 0x29484ca84
  Set: 811 Way: 0 Address: 0x29484caf0
  Set: 812 Way: 0 Address: 0x29484cb34
  Set: 812 Way: 1 Address: 0x38e35cb12
  Set: 813 Way: 0 Address: 0x29484cb78
  Set: 813 Way: 1 Address: 0x38e35cb4e
  Set: 814 Way: 0 Address: 0x29484cb98
  Set: 815 Way: 0 Address: 0x29484cbd0
  Set: 817 Way: 0 Address: 0x38e35cc72
  Set: 818 Way: 0 Address: 0x38e35cc80
  Set: 819 Way: 0 Address: 0x38e35ccc0
  Set: 823 Way: 0 Address: 0x38e35cdd4
  Set: 824 Way: 0 Address: 0x38e35ce0e
  Set: 828 Way: 0 Address: 0x38e35cf32
  Set: 829 Way: 0 Address: 0x38e35cf40
  Set: 830 Way: 0 Address: 0x38e35cf80
  Set: 834 Way: 0 Address: 0x38e35d080
  Set: 835 Way: 0 Address: 0x38e35d0c0
  Set: 840 Way: 0 Address: 0x38e35d200
  Set: 841 Way: 0 Address: 0x38e35d240
  Set: 845 Way: 0 Address: 0x38e35d340
  Set: 846 Way: 0 Address: 0x38e35d380
  Set: 851 Way: 0 Address: 0x38e35d4c0
  Set: 852 Way: 0 Address: 0x38e35d500
  Set: 854 Way: 0 Address: 0x1add588
  Set: 859 Way: 0 Address: 0x5588d6e4
  Set: 860 Way: 0 Address: 0x5588d700
  Set: 861 Way: 0 Address: 0x5588d740
  Set: 862 Way: 0 Address: 0x5588d780
  Set: 863 Way: 0 Address: 0x5588d7c0
  Set: 864 Way: 0 Address: 0x5588d800
  Set: 865 Way: 0 Address: 0x5588d840
  Set: 866 Way: 0 Address: 0x5588d880
  Set: 892 Way: 0 Address: 0x23755df20
  Set: 893 Way: 0 Address: 0x23755df48
  Set: 894 Way: 0 Address: 0x23755df90
  Set: 896 Way: 0 Address: 0x28b67e000
  Set: 898 Way: 0 Address: 0x3734ee080
  Set: 898 Way: 1 Address: 0x20597e088
  Set: 899 Way: 0 Address: 0x20597e0c0
  Set: 900 Way: 0 Address: 0x20597e100
  Set: 901 Way: 0 Address: 0x20597e140
  Set: 902 Way: 0 Address: 0x20597e180
  Set: 903 Way: 0 Address: 0x20597e1c0
  Set: 904 Way: 0 Address: 0x20597e200
  Set: 905 Way: 0 Address: 0x20597e240
  Set: 910 Way: 0 Address: 0x1f919e390
  Set: 911 Way: 0 Address: 0x1f919e3c0
  Set: 912 Way: 0 Address: 0x1f919e42a
  Set: 913 Way: 0 Address: 0x1f919e446
  Set: 914 Way: 0 Address: 0x1f919e49f
  Set: 915 Way: 0 Address: 0x1f919e4c1
  Set: 916 Way: 0 Address: 0x1f919e501
  Set: 917 Way: 0 Address: 0x1f919e543
  Set: 917 Way: 1 Address: 0x2f5d8e568
  Set: 919 Way: 0 Address: 0x1f919e5c8
  Set: 920 Way: 0 Address: 0x1f919e600
  Set: 921 Way: 0 Address: 0x1f919e645
  Set: 927 Way: 0 Address: 0x28b67e7f8
  Set: 927 Way: 1 Address: 0x1c084e7f4
  Set: 928 Way: 0 Address: 0x1c084e800
  Set: 929 Way: 0 Address: 0x1c084e840
  Set: 930 Way: 0 Address: 0x1c084e880
  Set: 931 Way: 0 Address: 0x1c084e8c0
  Set: 932 Way: 0 Address: 0x1c084e900
  Set: 933 Way: 0 Address: 0x1c084e940
  Set: 934 Way: 0 Address: 0x1c084e980
  Set: 935 Way: 0 Address: 0x1c084e9c0
  Set: 936 Way: 0 Address: 0x2db79ea14
  Set: 937 Way: 0 Address: 0x2db79ea40
  Set: 938 Way: 0 Address: 0x2db79ea80
  Set: 939 Way: 0 Address: 0x2db79eac0
  Set: 940 Way: 0 Address: 0x2db79eb00
  Set: 941 Way: 0 Address: 0x2db79eb40
  Set: 942 Way: 0 Address: 0x2db79eb80
  Set: 943 Way: 0 Address: 0x2db79ebc0
  Set: 980 Way: 0 Address: 0x16390f530
  Set: 981 Way: 0 Address: 0x16390f560
  Set: 981 Way: 1 Address: 0xee86f570
  Set: 981 Way: 2 Address: 0x143ef578
  Set: 981 Way: 3 Address: 0x23756f540
  Set: 982 Way: 0 Address: 0x22272f5b0
EndCache
Cache: cpu0_L1I
  Set: 14 Way: 0 Address: 0x1f919e390
  Set: 15 Way: 0 Address: 0x1f919e3f5
  Set: 16 Way: 0 Address: 0x1f919e431
  Set: 17 Way: 0 Address: 0x1f919e44c
  Set: 18 Way: 0 Address: 0x1f919e49f
  Set: 19 Way: 0 Address: 0x1f919e4dd
  Set: 20 Way: 0 Address: 0x1f919e519
  Set: 21 Way: 0 Address: 0x1f919e56a
  Set: 23 Way: 0 Address: 0x1f919e5c8
  Set: 24 Way: 0 Address: 0x1f919e600
  Set: 25 Way: 0 Address: 0x1f919e645
  Set: 34 Way: 0 Address: 0x2a48418ae
EndCache
Cache: cpu0_L1D
  Set: 0 Way: 0 Address: 0xdf85c000
  Set: 0 Way: 1 Address: 0x28b67e000
  Set: 0 Way: 2 Address: 0x229b9a000
  Set: 0 Way: 3 Address: 0x195f15010
  Set: 0 Way: 4 Address: 0x3de4d4018
  Set: 0 Way: 5 Address: 0x43736018
  Set: 0 Way: 6 Address: 0x38e35c03a
  Set: 0 Way: 7 Address: 0x29295901c
  Set: 0 Way: 8 Address: 0x2c8749000
  Set: 0 Way: 9 Address: 0x272585000
  Set: 0 Way: 10 Address: 0x19c791036
  Set: 0 Way: 11 Address: 0x312099000
  Set: 1 Way: 0 Address: 0x195f15070
  Set: 1 Way: 1 Address: 0x1d89da070
  Set: 1 Way: 2 Address: 0x38e35c050
  Set: 1 Way: 3 Address: 0x29295905a
  Set: 1 Way: 4 Address: 0x272585040
  Set: 1 Way: 5 Address: 0x19c79104e
  Set: 2 Way: 0 Address: 0x195f150a0
  Set: 2 Way: 1 Address: 0x3de4d40a0
  Set: 2 Way: 2 Address: 0x3734ee080
  Set: 2 Way: 3 Address: 0x2929590be
  Set: 2 Way: 4 Address: 0x20597e088
  Set: 2 Way: 5 Address: 0x342b400aa
  Set: 2 Way: 6 Address: 0x272585080
  Set: 3 Way: 0 Address: 0x2929590fe
  Set: 3 Way: 1 Address: 0xc0d9b0f8
  Set: 3 Way: 2 Address: 0x20597e0c0
  Set: 3 Way: 3 Address: 0x1c84e20f4
  Set: 3 Way: 4 Address: 0x342b400e8
  Set: 3 Way: 5 Address: 0x2725850c0
  Set: 4 Way: 0 Address: 0x292959100
  Set: 4 Way: 1 Address: 0x2c874913c
  Set: 4 Way: 2 Address: 0x1c84e2130
  Set: 4 Way: 3 Address: 0xc0d9b100
  Set: 4 Way: 4 Address: 0x20597e100
  Set: 4 Way: 5 Address: 0x272585100
  Set: 5 Way: 0 Address: 0x292959152
  Set: 5 Way: 1 Address: 0x2c8749152
  Set: 5 Way: 2 Address: 0x1c84e2140
  Set: 5 Way: 3 Address: 0xc0d9b140
  Set: 5 Way: 4 Address: 0x38e35c17c
  Set: 5 Way: 5 Address: 0x20597e140
  Set: 5 Way: 6 Address: 0x272585140
  Set: 6 Way: 0 Address: 0x1aafb81b0
  Set: 6 Way: 1 Address: 0xc70781a8
  Set: 6 Way: 2 Address: 0x354d35194
  Set: 6 Way: 3 Address: 0x29295919e
  Set: 6 Way: 4 Address: 0x38e35c1aa
  Set: 6 Way: 5 Address: 0xc0d9b180
  Set: 6 Way: 6 Address: 0x20597e180
  Set: 7 Way: 0 Address: 0x2929591da
  Set: 7 Way: 1 Address: 0x354d351c0
  Set: 7 Way: 2 Address: 0x38e35c1c0
  Set: 7 Way: 3 Address: 0x342b401fe
  Set: 7 Way: 4 Address: 0xc0d9b1c0
  Set: 7 Way: 5 Address: 0x20597e1c0
  Set: 8 Way: 0 Address: 0x113201208
  Set: 8 Way: 1 Address: 0x3232f3208
  Set: 8 Way: 2 Address: 0x354d35200
  Set: 8 Way: 3 Address: 0x342b4020a
  Set: 8 Way: 4 Address: 0xc0d9b200
  Set: 8 Way: 5 Address: 0x20597e200
  Set: 9 Way: 0 Address: 0x1c84e227c
  Set: 9 Way: 1 Address: 0x3232f3240
  Set: 9 Way: 2 Address: 0x354d35240
  Set: 9 Way: 3 Address: 0x342b4024c
  Set: 9 Way: 4 Address: 0x2c8749278
  Set: 9 Way: 5 Address: 0xc0d9b240
  Set: 9 Way: 6 Address: 0x20597e240
  Set: 10 Way: 0 Address: 0x394edb2a4
  Set: 10 Way: 1 Address: 0x2c87492b0
  Set: 10 Way: 2 Address: 0x1c84e228e
  Set: 10 Way: 3 Address: 0x3232f3280
  Set: 10 Way: 4 Address: 0x354d35280
  Set: 10 Way: 5 Address: 0xc0d9b280
  Set: 11 Way: 0 Address: 0x38e35c2fc
  Set: 11 Way: 1 Address: 0x394edb2c0
  Set: 11 Way: 2 Address: 0x2c87492c0
  Set: 11 Way: 3 Address: 0x3232f32c0
  Set: 11 Way: 4 Address: 0x354d352c0
  Set: 11 Way: 5 Address: 0xc0d9b2c0
  Set: 12 Way: 0 Address: 0x113201300
  Set: 12 Way: 1 Address: 0x263c13300
  Set: 12 Way: 2 Address: 0x38e35c30c
  Set: 12 Way: 3 Address: 0x394edb300
  Set: 12 Way: 4 Address: 0x3232f3300
  Set: 12 Way: 5 Address: 0x354d35300
  Set: 13 Way: 0 Address: 0x394edb340
  Set: 13 Way: 1 Address: 0x342b4036a
  Set: 13 Way: 2 Address: 0x3232f3340
  Set: 13 Way: 3 Address: 0x354d35340
  Set: 14 Way: 0 Address: 0x3c10743b4
  Set: 14 Way: 1 Address: 0x1c84e23b8
  Set: 14 Way: 2 Address: 0x342b4039a
  Set: 14 Way: 3 Address: 0x394edb380
  Set: 14 Way: 4 Address: 0x3232f3380
  Set: 15 Way: 0 Address: 0x2c87493fe
  Set: 15 Way: 1 Address: 0x1c84e23ee
  Set: 15 Way: 2 Address: 0x3c10743c0
  Set: 15 Way: 3 Address: 0x394edb3c0
  Set: 15 Way: 4 Address: 0x3232f33c0
  Set: 16 Way: 0 Address: 0x2c874940c
  Set: 16 Way: 1 Address: 0x1c84e2400
  Set: 16 Way: 2 Address: 0x3c1074400
  Set: 16 Way: 3 Address: 0x38e35c43e
  Set: 16 Way: 4 Address: 0x394edb400
  Set: 17 Way: 0 Address: 0x38e35c454
  Set: 17 Way: 1 Address: 0x3c1074440
  Set: 17 Way: 2 Address: 0x394edb440
  Set: 18 Way: 0 Address: 0x38e35c480
  Set: 18 Way: 1 Address: 0x342b404bc
  Set: 18 Way: 2 Address: 0x3c1074480
  Set: 19 Way: 0 Address: 0x2b2e934c4
  Set: 19 Way: 1 Address: 0x342b404cc
  Set: 19 Way: 2 Address: 0x3c10744c0
  Set: 20 Way: 0 Address: 0x16390f530
  Set: 20 Way: 1 Address: 0x2177f0538
  Set: 20 Way: 2 Address: 0x3b0803538
  Set: 20 Way: 3 Address: 0x1c84e2538
  Set: 20 Way: 4 Address: 0x2b2e93500
  Set: 20 Way: 5 Address: 0x342b4050c
  Set: 20 Way: 6 Address: 0x2c874953c
  Set: 20 Way: 7 Address: 0x3c1074500
  Set: 21 Way: 0 Address: 0x34a873550
  Set: 21 Way: 1 Address: 0x3c1074540
  Set: 21 Way: 2 Address: 0x2f5d8e568
  Set: 21 Way: 3 Address: 0x3dae66560
  Set: 21 Way: 4 Address: 0x143ef578
  Set: 21 Way: 5 Address: 0x2177f0548
  Set: 21 Way: 6 Address: 0x27d4c6548
  Set: 21 Way: 7 Address: 0x23756f540
  Set: 21 Way: 8 Address: 0x257713558
  Set: 21 Way: 9 Address: 0x2c8749560
  Set: 21 Way: 10 Address: 0x1c84e2550
  Set: 21 Way: 11 Address: 0x2b2e93540
  Set: 22 Way: 0 Address: 0x3c1074580
  Set: 22 Way: 1 Address: 0x1add588
  Set: 22 Way: 2 Address: 0x276ff7580
  Set: 22 Way: 3 Address: 0x211d16598
  Set: 22 Way: 4 Address: 0x84896590
  Set: 22 Way: 5 Address: 0x38e35c5bc
  Set: 22 Way: 6 Address: 0x6e6205a0
  Set: 22 Way: 7 Address: 0x22272f5b0
  Set: 22 Way: 8 Address: 0x14bb105a8
  Set: 22 Way: 9 Address: 0x2177f05b8
  Set: 22 Way: 10 Address: 0x2c8749580
  Set: 22 Way: 11 Address: 0x2b2e93580
  Set: 23 Way: 0 Address: 0x1ab445d4
  Set: 23 Way: 1 Address: 0x38e35c5cc
  Set: 23 Way: 2 Address: 0x2b2e935c0
  Set: 24 Way: 0 Address: 0x1ab44600
  Set: 24 Way: 1 Address: 0x342b4061a
  Set: 24 Way: 2 Address: 0x2b2e93600
  Set: 25 Way: 0 Address: 0x12c6fc650
  Set: 25 Way: 1 Address: 0x1c84e267c
  Set: 25 Way: 2 Address: 0x1ab44640
  Set: 25 Way: 3 Address: 0x342b40656
  Set: 25 Way: 4 Address: 0x2b2e93640
  Set: 26 Way: 0 Address: 0x2c87496bc
  Set: 26 Way: 1 Address: 0x1c84e26a6
  Set: 26 Way: 2 Address: 0x1ab44680
  Set: 26 Way: 3 Address: 0x2b2e93680
  Set: 27 Way: 0 Address: 0x5588d6e4
  Set: 27 Way: 1 Address: 0x2c87496cc
  Set: 27 Way: 2 Address: 0x1c84e26c0
  Set: 27 Way: 3 Address: 0x38e35c6fe
  Set: 27 Way: 4 Address: 0x1ab446c0
  Set: 28 Way: 0 Address: 0x5588d700
  Set: 28 Way: 1 Address: 0x38e35c70c
  Set: 28 Way: 2 Address: 0x1ab44700
  Set: 29 Way: 0 Address: 0x5588d740
  Set: 29 Way: 1 Address: 0x38e35c746
  Set: 29 Way: 2 Address: 0x342b40774
  Set: 29 Way: 3 Address: 0x1ab44740
  Set: 30 Way: 0 Address: 0x5588d780
  Set: 30 Way: 1 Address: 0x342b40788
  Set: 30 Way: 2 Address: 0x1ab44780
  Set: 31 Way: 0 Address: 0x28b67e7f8
  Set: 31 Way: 1 Address: 0x9cff27f8
  Set: 31 Way: 2 Address: 0x1c84e27fe
  Set: 31 Way: 3 Address: 0x1c084e7f4
  Set: 31 Way: 4 Address: 0x342b407c4
  Set: 31 Way: 5 Address: 0x5588d7c0
  Set: 31 Way: 6 Address: 0x2c87497f4
  Set: 31 Way: 7 Address: 0x29484c7fc
  Set: 32 Way: 0 Address: 0x1c84e2810
  Set: 32 Way: 1 Address: 0x29484c83c
  Set: 32 Way: 2 Address: 0x2c874982e
  Set: 32 Way: 3 Address: 0x1c084e800
  Set: 32 Way: 4 Address: 0x5588d800
  Set: 33 Way: 0 Address: 0x29484c874
  Set: 33 Way: 1 Address: 0x2c8749840
  Set: 33 Way: 2 Address: 0x1c084e840
  Set: 33 Way: 3 Address: 0x38e35c86a
  Set: 33 Way: 4 Address: 0x5588d840
  Set: 34 Way: 0 Address: 0x29484c890
  Set: 34 Way: 1 Address: 0x38e35c8a8
  Set: 34 Way: 2 Address: 0x1c084e880
  Set: 34 Way: 3 Address: 0x5588d880
  Set: 35 Way: 0 Address: 0x29484c8f4
  Set: 35 Way: 1 Address: 0x1995f28c8
  Set: 35 Way: 2 Address: 0x1c084e8c0
  Set: 35 Way: 3 Address: 0x342b408de
  Set: 36 Way: 0 Address: 0x29484c93c
  Set: 36 Way: 1 Address: 0x133c92904
  Set: 36 Way: 2 Address: 0x1c84e293e
  Set: 36 Way: 3 Address: 0x342b4091e
  Set: 36 Way: 4 Address: 0x1c084e900
  Set: 37 Way: 0 Address: 0x1c84e2954
  Set: 37 Way: 1 Address: 0x29484c978
  Set: 37 Way: 2 Address: 0x2c874997e
  Set: 37 Way: 3 Address: 0x133c92940
  Set: 37 Way: 4 Address: 0x1c084e940
  Set: 38 Way: 0 Address: 0x29484c984
  Set: 38 Way: 1 Address: 0xf6e81980
  Set: 38 Way: 2 Address: 0x2c874998e
  Set: 38 Way: 3 Address: 0x1c84e2980
  Set: 38 Way: 4 Address: 0x133c92980
  Set: 38 Way: 5 Address: 0x38e35c9bc
  Set: 38 Way: 6 Address: 0x1c084e980
  Set: 39 Way: 0 Address: 0x29484c9f4
  Set: 39 Way: 1 Address: 0x38e35c9d0
  Set: 39 Way: 2 Address: 0x133c929c0
  Set: 39 Way: 3 Address: 0x1c084e9c0
  Set: 40 Way: 0 Address: 0x29484ca1c
  Set: 40 Way: 1 Address: 0x2db79ea14
  Set: 40 Way: 2 Address: 0x38e35ca08
  Set: 40 Way: 3 Address: 0x342b40a3c
  Set: 40 Way: 4 Address: 0x133c92a00
  Set: 41 Way: 0 Address: 0x29484ca50
  Set: 41 Way: 1 Address: 0x342b40a70
  Set: 41 Way: 2 Address: 0x2db79ea40
  Set: 41 Way: 3 Address: 0x133c92a40
  Set: 42 Way: 0 Address: 0x1c84e2ab4
  Set: 42 Way: 1 Address: 0x29484ca84
  Set: 42 Way: 2 Address: 0x342b40a80
  Set: 42 Way: 3 Address: 0x2db79ea80
  Set: 42 Way: 4 Address: 0x2c8749abe
  Set: 42 Way: 5 Address: 0x133c92a80
  Set: 43 Way: 0 Address: 0x1c84e2ac0
  Set: 43 Way: 1 Address: 0x29484caf0
  Set: 43 Way: 2 Address: 0x2c8749ae0
  Set: 43 Way: 3 Address: 0x2db79eac0
  Set: 43 Way: 4 Address: 0x3d87a6af8
  Set: 43 Way: 5 Address: 0x2fa0c9af8
  Set: 43 Way: 6 Address: 0x133c92ac0
  Set: 44 Way: 0 Address: 0x3c56b3b00
  Set: 44 Way: 1 Address: 0x309887b08
  Set: 44 Way: 2 Address: 0x2ee369b08
  Set: 44 Way: 3 Address: 0x29484cb34
  Set: 44 Way: 4 Address: 0xbeea7b24
  Set: 44 Way: 5 Address: 0x1064c2b10
  Set: 44 Way: 6 Address: 0x3d87a6b18
  Set: 44 Way: 7 Address: 0x2c8749b00
  Set: 44 Way: 8 Address: 0x38e35cb2c
  Set: 44 Way: 9 Address: 0x2db79eb00
  Set: 44 Way: 10 Address: 0x2fa0c9b20
  Set: 44 Way: 11 Address: 0xc67dab20
  Set: 45 Way: 0 Address: 0x29484cb78
  Set: 45 Way: 1 Address: 0x223edab70
  Set: 45 Way: 2 Address: 0x1b0f15b78
  Set: 45 Way: 3 Address: 0x2c9898b70
  Set: 45 Way: 4 Address: 0xbeea7b40
  Set: 45 Way: 5 Address: 0x38e35cb66
  Set: 45 Way: 6 Address: 0x2db79eb40
  Set: 46 Way: 0 Address: 0x223edab80
  Set: 46 Way: 1 Address: 0x201598bb0
  Set: 46 Way: 2 Address: 0x29484cb98
  Set: 46 Way: 3 Address: 0x342b40bba
  Set: 46 Way: 4 Address: 0xbeea7b80
  Set: 46 Way: 5 Address: 0x2db79eb80
  Set: 47 Way: 0 Address: 0x29484cbd0
  Set: 47 Way: 1 Address: 0x342b40bcc
  Set: 47 Way: 2 Address: 0x1c84e2bfe
  Set: 47 Way: 3 Address: 0xbeea7bc0
  Set: 47 Way: 4 Address: 0x2db79ebc0
  Set: 48 Way: 0 Address: 0x1c84e2c14
  Set: 48 Way: 1 Address: 0x3b377bc34
  Set: 48 Way: 2 Address: 0x2c8749c3e
  Set: 48 Way: 3 Address: 0xbeea7c00
  Set: 49 Way: 0 Address: 0x2c8749c4e
  Set: 49 Way: 1 Address: 0x3b377bc40
  Set: 49 Way: 2 Address: 0x1c84e2c40
  Set: 49 Way: 3 Address: 0x38e35cc76
  Set: 49 Way: 4 Address: 0xbeea7c40
  Set: 50 Way: 0 Address: 0x3b377bc80
  Set: 50 Way: 1 Address: 0x38e35cc90
  Set: 50 Way: 2 Address: 0xbeea7c80
  Set: 51 Way: 0 Address: 0x3b377bcc0
  Set: 51 Way: 1 Address: 0x38e35ccca
  Set: 51 Way: 2 Address: 0x342b40cf6
  Set: 51 Way: 3 Address: 0xbeea7cc0
  Set: 52 Way: 0 Address: 0x342b40d16
  Set: 52 Way: 1 Address: 0x3b377bd00
  Set: 53 Way: 0 Address: 0x1c84e2d74
  Set: 53 Way: 1 Address: 0x3bdd78d44
  Set: 53 Way: 2 Address: 0x181c81d58
  Set: 53 Way: 3 Address: 0x342b40d40
  Set: 53 Way: 4 Address: 0x3b377bd40
  Set: 53 Way: 5 Address: 0x2c8749d74
  Set: 54 Way: 0 Address: 0x1c84e2d92
  Set: 54 Way: 1 Address: 0x2c8749d98
  Set: 54 Way: 2 Address: 0x181c81d80
  Set: 54 Way: 3 Address: 0x3bdd78d80
  Set: 54 Way: 4 Address: 0x3b377bd80
  Set: 55 Way: 0 Address: 0x2c8749dc0
  Set: 55 Way: 1 Address: 0x181c81dc0
  Set: 55 Way: 2 Address: 0x3bdd78dc0
  Set: 55 Way: 3 Address: 0x38e35cdec
  Set: 55 Way: 4 Address: 0x3b377bdc0
  Set: 56 Way: 0 Address: 0x38e35ce28
  Set: 56 Way: 1 Address: 0x181c81e00
  Set: 56 Way: 2 Address: 0x3bdd78e00
  Set: 56 Way: 3 Address: 0x3b377be00
  Set: 57 Way: 0 Address: 0x342b40e7e
  Set: 57 Way: 1 Address: 0xcf83be68
  Set: 57 Way: 2 Address: 0x181c81e40
  Set: 57 Way: 3 Address: 0x3bdd78e40
  Set: 58 Way: 0 Address: 0x342b40e8a
  Set: 58 Way: 1 Address: 0xcf83be80
  Set: 58 Way: 2 Address: 0x1c84e2eb2
  Set: 58 Way: 3 Address: 0x181c81e80
  Set: 58 Way: 4 Address: 0x3bdd78e80
  Set: 59 Way: 0 Address: 0x1c84e2ee6
  Set: 59 Way: 1 Address: 0x2c8749efe
  Set: 59 Way: 2 Address: 0xcf83bec0
  Set: 59 Way: 3 Address: 0x181c81ec0
  Set: 59 Way: 4 Address: 0x3bdd78ec0
  Set: 60 Way: 0 Address: 0x23755df30
  Set: 60 Way: 1 Address: 0x2c8749f0c
  Set: 60 Way: 2 Address: 0x1c84e2f00
  Set: 60 Way: 3 Address: 0xcf83bf00
  Set: 60 Way: 4 Address: 0x38e35cf3a
  Set: 60 Way: 5 Address: 0x181c81f00
  Set: 60 Way: 6 Address: 0x3bdd78f00
  Set: 61 Way: 0 Address: 0x6d0c2f58
  Set: 61 Way: 1 Address: 0x23755df48
  Set: 61 Way: 2 Address: 0x312099f78
  Set: 61 Way: 3 Address: 0x38e35cf48
  Set: 61 Way: 4 Address: 0xcf83bf40
  Set: 62 Way: 0 Address: 0x6d0c2fa4
  Set: 62 Way: 1 Address: 0x23755df98
  Set: 62 Way: 2 Address: 0x312099f80
  Set: 62 Way: 3 Address: 0x38e35cf8c
  Set: 62 Way: 4 Address: 0x342b40fb4
  Set: 62 Way: 5 Address: 0xcf83bf80
  Set: 62 Way: 6 Address: 0x28a940fac
  Set: 63 Way: 0 Address: 0x397bb4fe8
  Set: 63 Way: 1 Address: 0x6d0c2fc8
  Set: 63 Way: 2 Address: 0x342b40fe6
  Set: 63 Way: 3 Address: 0x312099fc0
  Set: 63 Way: 4 Address: 0xcf83bfc0
  Set: 63 Way: 5 Address: 0x28a940fc0
EndCache
Cache: cpu0_ITLB
  Set: 0 Way: 0 Address: 0x4608ae
  Set: 1 Way: 0 Address: 0x44156a
EndCache
Cache: cpu0_DTLB
  Set: 0 Way: 0 Address: 0x1d709f4
  Set: 0 Way: 1 Address: 0x296080a
  Set: 0 Way: 2 Address: 0x730650
  Set: 0 Way: 3 Address: 0x20b05d4
  Set: 1 Way: 0 Address: 0x7618c8
  Set: 1 Way: 1 Address: 0x2961050
  Set: 1 Way: 2 Address: 0x20b16e4
  Set: 2 Way: 0 Address: 0x20b27f4
  Set: 2 Way: 1 Address: 0x2962a70
  Set: 3 Way: 0 Address: 0x20b3904
  Set: 3 Way: 1 Address: 0x2963152
  Set: 4 Way: 0 Address: 0x20b4a14
  Set: 4 Way: 1 Address: 0x296404e
  Set: 5 Way: 0 Address: 0x7fff6ec35fc8
  Set: 5 Way: 1 Address: 0x20b5b24
  Set: 6 Way: 0 Address: 0x7fff6ec36100
  Set: 6 Way: 1 Address: 0x20a6f48
  Set: 6 Way: 2 Address: 0x20b6c34
  Set: 7 Way: 0 Address: 0x20b7d44
  Set: 7 Way: 1 Address: 0x20a7d58
  Set: 8 Way: 0 Address: 0x20a8e68
  Set: 9 Way: 0 Address: 0x20a9f78
  Set: 10 Way: 0 Address: 0x20aa000
  Set: 11 Way: 0 Address: 0x20ab088
  Set: 12 Way: 0 Address: 0x20ac194
  Set: 13 Way: 0 Address: 0x20ad2a4
  Set: 14 Way: 0 Address: 0x20ae3b4
  Set: 14 Way: 1 Address: 0x1d6e0f8
  Set: 15 Way: 0 Address: 0x20af4c4
  Set: 15 Way: 1 Address: 0x1d6f208
  Set: 15 Way: 2 Address: 0x295ffac
EndCache
Cache: LLC
  Set: 2 Way: 0 Address: 0x342b40092
  Set: 3 Way: 0 Address: 0x342b400d0
  Set: 7 Way: 0 Address: 0x342b401f2
  Set: 8 Way: 0 Address: 0x342b40200
  Set: 9 Way: 0 Address: 0x342b40240
  Set: 13 Way: 0 Address: 0x342b40356
  Set: 14 Way: 0 Address: 0x342b40380
  Set: 18 Way: 0 Address: 0x342b404b2
  Set: 19 Way: 0 Address: 0x342b404c0
  Set: 20 Way: 0 Address: 0x342b40500
  Set: 22 Way: 0 Address: 0x6e6205a0
  Set: 24 Way: 0 Address: 0x342b40600
  Set: 25 Way: 0 Address: 0x342b40640
  Set: 29 Way: 0 Address: 0x342b40772
  Set: 30 Way: 0 Address: 0x342b40780
  Set: 31 Way: 0 Address: 0x342b407c0
  Set: 35 Way: 0 Address: 0x342b408c0
  Set: 36 Way: 0 Address: 0x342b40900
  Set: 40 Way: 0 Address: 0x342b40a32
  Set: 41 Way: 0 Address: 0x342b40a54
  Set: 42 Way: 0 Address: 0x342b40a80
  Set: 43 Way: 0 Address: 0x342b40ac0
  Set: 46 Way: 0 Address: 0x342b40bb4
  Set: 47 Way: 0 Address: 0x342b40bc0
  Set: 51 Way: 0 Address: 0x342b40cf2
  Set: 52 Way: 0 Address: 0x342b40d14
  Set: 53 Way: 0 Address: 0x342b40d40
  Set: 57 Way: 0 Address: 0x342b40e74
  Set: 58 Way: 0 Address: 0x342b40e80
  Set: 62 Way: 0 Address: 0x342b40fb2
  Set: 62 Way: 1 Address: 0x28a940f94
  Set: 63 Way: 0 Address: 0x342b40fc0
  Set: 63 Way: 1 Address: 0x28a940fc0
  Set: 64 Way: 0 Address: 0x342b41000
  Set: 68 Way: 0 Address: 0x342b41100
  Set: 69 Way: 0 Address: 0x342b41140
  Set: 72 Way: 0 Address: 0x113201208
  Set: 73 Way: 0 Address: 0x342b41240
  Set: 73 Way: 1 Address: 0x28a941240
  Set: 74 Way: 0 Address: 0x342b41280
  Set: 74 Way: 1 Address: 0x28a941280
  Set: 75 Way: 0 Address: 0x342b412c0
  Set: 76 Way: 0 Address: 0x113201300
  Set: 76 Way: 1 Address: 0x342b41300
  Set: 79 Way: 0 Address: 0x342b413c0
  Set: 80 Way: 0 Address: 0x342b41400
  Set: 84 Way: 0 Address: 0x28a941500
  Set: 85 Way: 0 Address: 0x342b41540
  Set: 85 Way: 1 Address: 0x28a941540
  Set: 96 Way: 0 Address: 0x28a941800
  Set: 98 Way: 0 Address: 0x2a48418a0
  Set: 102 Way: 0 Address: 0xf6e81980
  Set: 117 Way: 0 Address: 0x181c81d58
  Set: 118 Way: 0 Address: 0x181c81d80
  Set: 119 Way: 0 Address: 0x181c81dc0
  Set: 120 Way: 0 Address: 0x181c81e00
  Set: 121 Way: 0 Address: 0x181c81e40
  Set: 122 Way: 0 Address: 0x181c81e80
  Set: 123 Way: 0 Address: 0x181c81ec0
  Set: 124 Way: 0 Address: 0x181c81f00
  Set: 131 Way: 0 Address: 0x1c84e20f6
  Set: 132 Way: 0 Address: 0x1c84e2116
  Set: 133 Way: 0 Address: 0x1c84e2140
  Set: 134 Way: 0 Address: 0x1c84e2180
  Set: 137 Way: 0 Address: 0x1c84e2276
  Set: 138 Way: 0 Address: 0x1c84e2280
  Set: 142 Way: 0 Address: 0x1c84e23b2
  Set: 143 Way: 0 Address: 0x1c84e23d8
  Set: 144 Way: 0 Address: 0x1c84e2400
  Set: 148 Way: 0 Address: 0x1c84e2536
  Set: 149 Way: 0 Address: 0x1c84e2540
  Set: 153 Way: 0 Address: 0x1c84e2678
  Set: 154 Way: 0 Address: 0x1c84e2680
  Set: 155 Way: 0 Address: 0x1c84e26c0
  Set: 159 Way: 0 Address: 0x1c84e27fe
  Set: 160 Way: 0 Address: 0x1c84e2800
  Set: 161 Way: 0 Address: 0x1c84e2840
  Set: 164 Way: 0 Address: 0x1c84e2934
  Set: 165 Way: 0 Address: 0x1c84e2954
  Set: 166 Way: 0 Address: 0x1c84e2980
  Set: 170 Way: 0 Address: 0x1c84e2ab4
  Set: 171 Way: 0 Address: 0x1c84e2ac0
  Set: 172 Way: 0 Address: 0x1064c2b10
  Set: 175 Way: 0 Address: 0x1c84e2bf4
  Set: 176 Way: 0 Address: 0x1c84e2c14
  Set: 177 Way: 0 Address: 0x1c84e2c40
  Set: 181 Way: 0 Address: 0x1c84e2d74
  Set: 182 Way: 0 Address: 0x1c84e2d80
  Set: 186 Way: 0 Address: 0x1c84e2e80
  Set: 187 Way: 0 Address: 0x1c84e2ed6
  Set: 188 Way: 0 Address: 0x1c84e2f00
  Set: 189 Way: 0 Address: 0x6d0c2f58
  Set: 190 Way: 0 Address: 0x6d0c2fa4
  Set: 191 Way: 0 Address: 0x6d0c2ffc
  Set: 192 Way: 0 Address: 0x1c84e3000
  Set: 193 Way: 0 Address: 0x1c84e3040
  Set: 198 Way: 0 Address: 0x1c84e3180
  Set: 199 Way: 0 Address: 0x1c84e31c0
  Set: 203 Way: 0 Address: 0x1c84e32c0
  Set: 204 Way: 0 Address: 0x1c84e3300
  Set: 209 Way: 0 Address: 0x1c84e3440
  Set: 210 Way: 0 Address: 0x1c84e3480
  Set: 212 Way: 0 Address: 0x3b0803538
  Set: 214 Way: 0 Address: 0x1c84e3580
  Set: 225 Way: 0 Address: 0x1c84e3840
  Set: 279 Way: 0 Address: 0x1ab445d4
  Set: 280 Way: 0 Address: 0x1ab44600
  Set: 281 Way: 0 Address: 0x1ab44640
  Set: 282 Way: 0 Address: 0x1ab44680
  Set: 283 Way: 0 Address: 0x1ab446c0
  Set: 284 Way: 0 Address: 0x1ab44700
  Set: 285 Way: 0 Address: 0x1ab44740
  Set: 286 Way: 0 Address: 0x1ab44780
  Set: 320 Way: 0 Address: 0x272585000
  Set: 321 Way: 0 Address: 0x272585040
  Set: 322 Way: 0 Address: 0x272585080
  Set: 323 Way: 0 Address: 0x2725850c0
  Set: 324 Way: 0 Address: 0x272585100
  Set: 325 Way: 0 Address: 0x272585140
  Set: 405 Way: 0 Address: 0x3dae66560
  Set: 405 Way: 1 Address: 0x27d4c6548
  Set: 406 Way: 0 Address: 0x3dae66580
  Set: 427 Way: 0 Address: 0x3d87a6af8
  Set: 428 Way: 0 Address: 0x3d87a6b18
  Set: 492 Way: 0 Address: 0x309887b08
  Set: 492 Way: 1 Address: 0xbeea7b24
  Set: 493 Way: 0 Address: 0xbeea7b40
  Set: 494 Way: 0 Address: 0xbeea7b80
  Set: 495 Way: 0 Address: 0xbeea7bc0
  Set: 496 Way: 0 Address: 0xbeea7c00
  Set: 497 Way: 0 Address: 0xbeea7c40
  Set: 498 Way: 0 Address: 0xbeea7c80
  Set: 499 Way: 0 Address: 0xbeea7cc0
  Set: 576 Way: 0 Address: 0x2c8749000
  Set: 580 Way: 0 Address: 0x2c8749134
  Set: 581 Way: 0 Address: 0x2c8749140
  Set: 585 Way: 0 Address: 0x2c8749272
  Set: 586 Way: 0 Address: 0x2c8749296
  Set: 587 Way: 0 Address: 0x2c87492c0
  Set: 591 Way: 0 Address: 0x2c87493f4
  Set: 592 Way: 0 Address: 0x2c8749400
  Set: 596 Way: 0 Address: 0x2c8749532
  Set: 597 Way: 0 Address: 0x2c8749540
  Set: 598 Way: 0 Address: 0x2c8749580
  Set: 602 Way: 0 Address: 0x2c87496b6
  Set: 603 Way: 0 Address: 0x2c87496c0
  Set: 607 Way: 0 Address: 0x2c87497f2
  Set: 608 Way: 0 Address: 0x2c8749816
  Set: 609 Way: 0 Address: 0x2c8749840
  Set: 613 Way: 0 Address: 0x2c8749974
  Set: 614 Way: 0 Address: 0x2c8749980
  Set: 618 Way: 0 Address: 0x2c8749ab2
  Set: 619 Way: 0 Address: 0x2c8749ac0
  Set: 619 Way: 1 Address: 0x2fa0c9af8
  Set: 620 Way: 0 Address: 0x2ee369b08
  Set: 620 Way: 1 Address: 0x2c8749b00
  Set: 620 Way: 2 Address: 0x2fa0c9b20
  Set: 624 Way: 0 Address: 0x2c8749c36
  Set: 625 Way: 0 Address: 0x2c8749c40
  Set: 629 Way: 0 Address: 0x2c8749d72
  Set: 630 Way: 0 Address: 0x2c8749d94
  Set: 631 Way: 0 Address: 0x2c8749dc0
  Set: 635 Way: 0 Address: 0x2c8749ec0
  Set: 636 Way: 0 Address: 0x2c8749f00
  Set: 641 Way: 0 Address: 0x2c874a040
  Set: 642 Way: 0 Address: 0x2c874a080
  Set: 646 Way: 0 Address: 0x2c874a180
  Set: 647 Way: 0 Address: 0x2c874a1c0
  Set: 652 Way: 0 Address: 0x2c874a300
  Set: 653 Way: 0 Address: 0x2c874a340
  Set: 654 Way: 0 Address: 0x2c874a380
  Set: 658 Way: 0 Address: 0x2c874a480
  Set: 663 Way: 0 Address: 0x2c874a5c0
  Set: 799 Way: 0 Address: 0x29484c7fc
  Set: 800 Way: 0 Address: 0x29484c83c
  Set: 801 Way: 0 Address: 0x29484c874
  Set: 802 Way: 0 Address: 0x29484c8b8
  Set: 803 Way: 0 Address: 0x29484c8f4
  Set: 804 Way: 0 Address: 0x29484c93c
  Set: 805 Way: 0 Address: 0x29484c978
  Set: 806 Way: 0 Address: 0x29484c984
  Set: 807 Way: 0 Address: 0x29484c9dc
  Set: 808 Way: 0 Address: 0x29484ca1c
  Set: 809 Way: 0 Address: 0x29484ca50
  Set: 810 Way: 0 Address: 0x29484ca84
  Set: 811 Way: 0 Address: 0x29484caf0
  Set: 812 Way: 0 Address: 0x29484cb34
  Set: 813 Way: 0 Address: 0x29484cb78
  Set: 814 Way: 0 Address: 0x29484cb98
  Set: 815 Way: 0 Address: 0x29484cbd0
  Set: 859 Way: 0 Address: 0x5588d6e4
  Set: 860 Way: 0 Address: 0x5588d700
  Set: 861 Way: 0 Address: 0x5588d740
  Set: 862 Way: 0 Address: 0x5588d780
  Set: 863 Way: 0 Address: 0x5588d7c0
  Set: 864 Way: 0 Address: 0x5588d800
  Set: 865 Way: 0 Address: 0x5588d840
  Set: 866 Way: 0 Address: 0x5588d880
  Set: 898 Way: 0 Address: 0x3734ee080
  Set: 917 Way: 0 Address: 0x2f5d8e568
  Set: 927 Way: 0 Address: 0x1c084e7f4
  Set: 928 Way: 0 Address: 0x1c084e800
  Set: 929 Way: 0 Address: 0x1c084e840
  Set: 930 Way: 0 Address: 0x1c084e880
  Set: 931 Way: 0 Address: 0x1c084e8c0
  Set: 932 Way: 0 Address: 0x1c084e900
  Set: 933 Way: 0 Address: 0x1c084e940
  Set: 934 Way: 0 Address: 0x1c084e980
  Set: 935 Way: 0 Address: 0x1c084e9c0
  Set: 980 Way: 0 Address: 0x16390f530
  Set: 981 Way: 0 Address: 0x16390f560
  Set: 981 Way: 1 Address: 0xee86f570
  Set: 981 Way: 2 Address: 0x143ef578
  Set: 981 Way: 3 Address: 0x23756f540
  Set: 982 Way: 0 Address: 0x22272f5b0
  Set: 1044 Way: 0 Address: 0x2177f0538
  Set: 1045 Way: 0 Address: 0x2177f0540
  Set: 1046 Way: 0 Address: 0x14bb105a8
  Set: 1046 Way: 1 Address: 0x2177f05b8
  Set: 1088 Way: 0 Address: 0x19c791034
  Set: 1089 Way: 0 Address: 0x19c791040
  Set: 1099 Way: 0 Address: 0x19c7912c0
  Set: 1100 Way: 0 Address: 0x19c791300
  Set: 1111 Way: 0 Address: 0x19c7915c0
  Set: 1183 Way: 0 Address: 0x9cff27f8
  Set: 1187 Way: 0 Address: 0x1995f28c8
  Set: 1188 Way: 0 Address: 0x133c92904
  Set: 1189 Way: 0 Address: 0x133c92940
  Set: 1190 Way: 0 Address: 0x133c92980
  Set: 1191 Way: 0 Address: 0x133c929c0
  Set: 1192 Way: 0 Address: 0x133c92a00
  Set: 1193 Way: 0 Address: 0x133c92a40
  Set: 1194 Way: 0 Address: 0x133c92a80
  Set: 1195 Way: 0 Address: 0x133c92ac0
  Set: 1224 Way: 0 Address: 0x3232f3208
  Set: 1225 Way: 0 Address: 0x3232f3240
  Set: 1226 Way: 0 Address: 0x3232f3280
  Set: 1227 Way: 0 Address: 0x3232f32c0
  Set: 1228 Way: 0 Address: 0x263c13300
  Set: 1228 Way: 1 Address: 0x3232f3300
  Set: 1229 Way: 0 Address: 0x3232f3340
  Set: 1230 Way: 0 Address: 0x3232f3380
  Set: 1231 Way: 0 Address: 0x3232f33c0
  Set: 1232 Way: 0 Address: 0x3232f3400
  Set: 1233 Way: 0 Address: 0x3232f3440
  Set: 1235 Way: 0 Address: 0x2b2e934c4
  Set: 1236 Way: 0 Address: 0x2b2e93500
  Set: 1237 Way: 0 Address: 0x257713558
  Set: 1237 Way: 1 Address: 0x2b2e93540
  Set: 1237 Way: 2 Address: 0x34a873550
  Set: 1238 Way: 0 Address: 0x2b2e93580
  Set: 1239 Way: 0 Address: 0x2b2e935c0
  Set: 1240 Way: 0 Address: 0x2b2e93600
  Set: 1241 Way: 0 Address: 0x2b2e93640
  Set: 1242 Way: 0 Address: 0x2b2e93680
  Set: 1260 Way: 0 Address: 0x3c56b3b00
  Set: 1280 Way: 0 Address: 0x3de4d4018
  Set: 1282 Way: 0 Address: 0x3de4d40a0
  Set: 1294 Way: 0 Address: 0x3c10743b4
  Set: 1295 Way: 0 Address: 0x3c10743c0
  Set: 1296 Way: 0 Address: 0x3c1074400
  Set: 1297 Way: 0 Address: 0x3c1074440
  Set: 1298 Way: 0 Address: 0x3c1074480
  Set: 1299 Way: 0 Address: 0x3c10744c0
  Set: 1300 Way: 0 Address: 0x3c1074500
  Set: 1301 Way: 0 Address: 0x3c1074540
  Set: 1302 Way: 0 Address: 0x3c1074580
  Set: 1343 Way: 0 Address: 0x397bb4fe8
  Set: 1344 Way: 0 Address: 0x195f15010
  Set: 1345 Way: 0 Address: 0x195f15070
  Set: 1346 Way: 0 Address: 0x195f150a0
  Set: 1350 Way: 0 Address: 0x354d35194
  Set: 1351 Way: 0 Address: 0x354d351c0
  Set: 1352 Way: 0 Address: 0x354d35200
  Set: 1353 Way: 0 Address: 0x354d35240
  Set: 1354 Way: 0 Address: 0x354d35280
  Set: 1355 Way: 0 Address: 0x354d352c0
  Set: 1356 Way: 0 Address: 0x354d35300
  Set: 1357 Way: 0 Address: 0x354d35340
  Set: 1389 Way: 0 Address: 0x1b0f15b78
  Set: 1408 Way: 0 Address: 0x43736018
  Set: 1430 Way: 0 Address: 0x211d16598
  Set: 1430 Way: 1 Address: 0x84896590
  Set: 1494 Way: 0 Address: 0x276ff7580
  Set: 1542 Way: 0 Address: 0x1aafb81b0
  Set: 1542 Way: 1 Address: 0xc70781a8
  Set: 1581 Way: 0 Address: 0x2c9898b70
  Set: 1582 Way: 0 Address: 0x201598bb0
  Set: 1589 Way: 0 Address: 0x3bdd78d44
  Set: 1590 Way: 0 Address: 0x3bdd78d80
  Set: 1591 Way: 0 Address: 0x3bdd78dc0
  Set: 1592 Way: 0 Address: 0x3bdd78e00
  Set: 1593 Way: 0 Address: 0x3bdd78e40
  Set: 1594 Way: 0 Address: 0x3bdd78e80
  Set: 1595 Way: 0 Address: 0x3bdd78ec0
  Set: 1596 Way: 0 Address: 0x3bdd78f00
  Set: 1600 Way: 0 Address: 0x292959000
  Set: 1600 Way: 1 Address: 0x312099000
  Set: 1601 Way: 0 Address: 0x292959040
  Set: 1602 Way: 0 Address: 0x2929590ac
  Set: 1603 Way: 0 Address: 0x2929590c0
  Set: 1604 Way: 0 Address: 0x292959100
  Set: 1605 Way: 0 Address: 0x292959140
  Set: 1606 Way: 0 Address: 0x292959180
  Set: 1607 Way: 0 Address: 0x2929591c0
  Set: 1661 Way: 0 Address: 0x312099f78
  Set: 1662 Way: 0 Address: 0x312099f80
  Set: 1663 Way: 0 Address: 0x312099fc0
  Set: 1664 Way: 0 Address: 0x229b9a000
  Set: 1665 Way: 0 Address: 0x1d89da070
  Set: 1708 Way: 0 Address: 0xc67dab20
  Set: 1709 Way: 0 Address: 0x223edab78
  Set: 1710 Way: 0 Address: 0x223edab80
  Set: 1731 Way: 0 Address: 0xc0d9b0f8
  Set: 1732 Way: 0 Address: 0xc0d9b100
  Set: 1733 Way: 0 Address: 0xc0d9b140
  Set: 1734 Way: 0 Address: 0xc0d9b180
  Set: 1735 Way: 0 Address: 0xc0d9b1c0
  Set: 1736 Way: 0 Address: 0xc0d9b200
  Set: 1737 Way: 0 Address: 0xc0d9b240
  Set: 1738 Way: 0 Address: 0x394edb2a4
  Set: 1738 Way: 1 Address: 0xc0d9b280
  Set: 1739 Way: 0 Address: 0x394edb2c0
  Set: 1739 Way: 1 Address: 0xc0d9b2c0
  Set: 1740 Way: 0 Address: 0x394edb300
  Set: 1740 Way: 1 Address: 0xc0d9b300
  Set: 1741 Way: 0 Address: 0x394edb340
  Set: 1741 Way: 1 Address: 0xc0d9b340
  Set: 1742 Way: 0 Address: 0x394edb380
  Set: 1742 Way: 1 Address: 0xc0d9b380
  Set: 1743 Way: 0 Address: 0x394edb3c0
  Set: 1744 Way: 0 Address: 0x394edb400
  Set: 1745 Way: 0 Address: 0x394edb440
  Set: 1776 Way: 0 Address: 0x3b377bc34
  Set: 1777 Way: 0 Address: 0x3b377bc40
  Set: 1778 Way: 0 Address: 0x3b377bc80
  Set: 1779 Way: 0 Address: 0x3b377bcc0
  Set: 1780 Way: 0 Address: 0x3b377bd00
  Set: 1781 Way: 0 Address: 0x3b377bd40
  Set: 1782 Way: 0 Address: 0x3b377bd80
  Set: 1783 Way: 0 Address: 0x3b377bdc0
  Set: 1784 Way: 0 Address: 0x3b377be00
  Set: 1785 Way: 0 Address: 0xcf83be68
  Set: 1786 Way: 0 Address: 0xcf83be80
  Set: 1787 Way: 0 Address: 0xcf83bec0
  Set: 1788 Way: 0 Address: 0xcf83bf00
  Set: 1789 Way: 0 Address: 0xcf83bf40
  Set: 1790 Way: 0 Address: 0xcf83bf80
  Set: 1791 Way: 0 Address: 0xcf83bfc0
  Set: 1792 Way: 0 Address: 0xdf85c000
  Set: 1792 Way: 1 Address: 0x38e35c034
  Set: 1793 Way: 0 Address: 0x38e35c044
  Set: 1794 Way: 0 Address: 0x38e35c080
  Set: 1797 Way: 0 Address: 0x38e35c174
  Set: 1798 Way: 0 Address: 0x38e35c194
  Set: 1799 Way: 0 Address: 0x38e35c1c0
  Set: 1803 Way: 0 Address: 0x38e35c2f4
  Set: 1804 Way: 0 Address: 0x38e35c300
  Set: 1808 Way: 0 Address: 0x38e35c432
  Set: 1809 Way: 0 Address: 0x38e35c440
  Set: 1810 Way: 0 Address: 0x38e35c480
  Set: 1814 Way: 0 Address: 0x38e35c5b4
  Set: 1815 Way: 0 Address: 0x38e35c5c0
  Set: 1817 Way: 0 Address: 0x12c6fc650
  Set: 1819 Way: 0 Address: 0x38e35c6f2
  Set: 1820 Way: 0 Address: 0x38e35c700
  Set: 1821 Way: 0 Address: 0x38e35c740
  Set: 1825 Way: 0 Address: 0x38e35c852
  Set: 1826 Way: 0 Address: 0x38e35c88e
  Set: 1830 Way: 0 Address: 0x38e35c9b8
  Set: 1831 Way: 0 Address: 0x38e35c9c0
  Set: 1832 Way: 0 Address: 0x38e35ca00
  Set: 1836 Way: 0 Address: 0x38e35cb12
  Set: 1837 Way: 0 Address: 0x38e35cb4e
  Set: 1841 Way: 0 Address: 0x38e35cc72
  Set: 1842 Way: 0 Address: 0x38e35cc80
  Set: 1843 Way: 0 Address: 0x38e35ccc0
  Set: 1847 Way: 0 Address: 0x38e35cdd4
  Set: 1848 Way: 0 Address: 0x38e35ce0e
  Set: 1852 Way: 0 Address: 0x38e35cf32
  Set: 1853 Way: 0 Address: 0x38e35cf40
  Set: 1854 Way: 0 Address: 0x38e35cf80
  Set: 1858 Way: 0 Address: 0x38e35d080
  Set: 1859 Way: 0 Address: 0x38e35d0c0
  Set: 1864 Way: 0 Address: 0x38e35d200
  Set: 1865 Way: 0 Address: 0x38e35d240
  Set: 1869 Way: 0 Address: 0x38e35d340
  Set: 1870 Way: 0 Address: 0x38e35d380
  Set: 1871 Way: 0 Address: 0x38e35d3c0
  Set: 1875 Way: 0 Address: 0x38e35d4c0
  Set: 1876 Way: 0 Address: 0x38e35d500
  Set: 1878 Way: 0 Address: 0x1add588
  Set: 1916 Way: 0 Address: 0x23755df20
  Set: 1917 Way: 0 Address: 0x23755df48
  Set: 1918 Way: 0 Address: 0x23755df90
  Set: 1919 Way: 0 Address: 0x23755dfc0
  Set: 1920 Way: 0 Address: 0x28b67e000
  Set: 1922 Way: 0 Address: 0x20597e088
  Set: 1923 Way: 0 Address: 0x20597e0c0
  Set: 1924 Way: 0 Address: 0x20597e100
  Set: 1925 Way: 0 Address: 0x20597e140
  Set: 1926 Way: 0 Address: 0x20597e180
  Set: 1927 Way: 0 Address: 0x20597e1c0
  Set: 1928 Way: 0 Address: 0x20597e200
  Set: 1929 Way: 0 Address: 0x20597e240
  Set: 1934 Way: 0 Address: 0x1f919e390
  Set: 1935 Way: 0 Address: 0x1f919e3c0
  Set: 1936 Way: 0 Address: 0x1f919e42a
  Set: 1937 Way: 0 Address: 0x1f919e446
  Set: 1938 Way: 0 Address: 0x1f919e49f
  Set: 1939 Way: 0 Address: 0x1f919e4c1
  Set: 1940 Way: 0 Address: 0x1f919e501
  Set: 1941 Way: 0 Address: 0x1f919e543
  Set: 1943 Way: 0 Address: 0x1f919e5c8
  Set: 1944 Way: 0 Address: 0x1f919e600
  Set: 1945 Way: 0 Address: 0x1f919e645
  Set: 1951 Way: 0 Address: 0x28b67e7f8
  Set: 1960 Way: 0 Address: 0x2db79ea14
  Set: 1961 Way: 0 Address: 0x2db79ea40
  Set: 1962 Way: 0 Address: 0x2db79ea80
  Set: 1963 Way: 0 Address: 0x2db79eac0
  Set: 1964 Way: 0 Address: 0x2db79eb00
  Set: 1965 Way: 0 Address: 0x2db79eb40
  Set: 1966 Way: 0 Address: 0x2db79eb80
  Set: 1967 Way: 0 Address: 0x2db79ebc0
EndCache
