Cache: cpu0_STLB
  Set: 12 Way: 0 Address: 0x2b0cb98
  Set: 13 Way: 0 Address: 0x2b0ddc0
  Set: 14 Way: 0 Address: 0x2b0e038
  Set: 15 Way: 0 Address: 0x2b0f0b8
  Set: 48 Way: 0 Address: 0x730650
  Set: 53 Way: 0 Address: 0x7fff6ec35ffc
  Set: 54 Way: 0 Address: 0x7fff6ec361d8
  Set: 65 Way: 0 Address: 0x441510
  Set: 80 Way: 0 Address: 0x1e50740
  Set: 81 Way: 0 Address: 0x1e5109c
  Set: 82 Way: 0 Address: 0x1e521ac
  Set: 83 Way: 0 Address: 0x1e532bc
  Set: 84 Way: 0 Address: 0x1e543cc
  Set: 85 Way: 0 Address: 0x1e554dc
  Set: 86 Way: 0 Address: 0x1e565ec
  Set: 87 Way: 0 Address: 0x1e576fc
  Set: 88 Way: 0 Address: 0x1e5880c
  Set: 89 Way: 0 Address: 0x1e5991c
  Set: 90 Way: 0 Address: 0x1e5aa2c
  Set: 91 Way: 0 Address: 0x1e5bb3c
  Set: 92 Way: 0 Address: 0x1e5cc4c
  Set: 93 Way: 0 Address: 0x1e5dd58
  Set: 94 Way: 0 Address: 0x1e5ee68
  Set: 95 Way: 0 Address: 0x1e5ff78
  Set: 96 Way: 0 Address: 0x4608a0
  Set: 96 Way: 1 Address: 0x1e60000
  Set: 97 Way: 0 Address: 0x7618c8
  Set: 97 Way: 1 Address: 0x1e61088
  Set: 109 Way: 0 Address: 0x1d6dc7c
  Set: 110 Way: 0 Address: 0x1d6ed8c
  Set: 112 Way: 0 Address: 0x1d70a34
EndCache
Cache: cpu0_L2C
  Set: 10 Way: 0 Address: 0x14bb10288
  Set: 10 Way: 1 Address: 0x6e6202a0
  Set: 10 Way: 2 Address: 0x2177f0298
  Set: 11 Way: 0 Address: 0x2177f02c0
  Set: 19 Way: 0 Address: 0x342b404dc
  Set: 20 Way: 0 Address: 0x342b40500
  Set: 21 Way: 0 Address: 0x342b40540
  Set: 22 Way: 0 Address: 0x342b40580
  Set: 23 Way: 0 Address: 0x342b405c0
  Set: 24 Way: 0 Address: 0x342b40600
  Set: 25 Way: 0 Address: 0x342b40640
  Set: 26 Way: 0 Address: 0x342b40680
  Set: 33 Way: 0 Address: 0x28a940878
  Set: 75 Way: 0 Address: 0x181c812e0
  Set: 76 Way: 0 Address: 0x181c81300
  Set: 76 Way: 1 Address: 0x19c791300
  Set: 98 Way: 0 Address: 0x2a48418a0
  Set: 128 Way: 0 Address: 0x1c84e2018
  Set: 128 Way: 1 Address: 0x133c92000
  Set: 129 Way: 0 Address: 0x1c84e2078
  Set: 134 Way: 0 Address: 0x1995f21b0
  Set: 139 Way: 0 Address: 0x1064c22c0
  Set: 142 Way: 0 Address: 0x9cff2390
  Set: 143 Way: 0 Address: 0x9cff23c0
  Set: 144 Way: 0 Address: 0x9cff242a
  Set: 145 Way: 0 Address: 0x9cff2446
  Set: 146 Way: 0 Address: 0x9cff2482
  Set: 147 Way: 0 Address: 0x9cff24c1
  Set: 148 Way: 0 Address: 0x9cff2510
  Set: 149 Way: 0 Address: 0x9cff2543
  Set: 151 Way: 0 Address: 0x9cff25c8
  Set: 152 Way: 0 Address: 0x9cff2600
  Set: 153 Way: 0 Address: 0x9cff2645
  Set: 153 Way: 1 Address: 0x6d0c2650
  Set: 189 Way: 0 Address: 0x133c92f78
  Set: 190 Way: 0 Address: 0x133c92f80
  Set: 191 Way: 0 Address: 0x133c92fc0
  Set: 193 Way: 0 Address: 0x3c56b3070
  Set: 202 Way: 0 Address: 0x3232f32b0
  Set: 203 Way: 0 Address: 0x2577132c8
  Set: 219 Way: 0 Address: 0x3b08036fc
  Set: 220 Way: 0 Address: 0x3b0803700
  Set: 221 Way: 0 Address: 0x3b0803740
  Set: 222 Way: 0 Address: 0x3b0803780
  Set: 223 Way: 0 Address: 0x3b08037c0
  Set: 224 Way: 0 Address: 0x3b0803800
  Set: 225 Way: 0 Address: 0x34a873870
  Set: 225 Way: 1 Address: 0x3b0803840
  Set: 226 Way: 0 Address: 0x3b0803880
  Set: 227 Way: 0 Address: 0x3b08038c0
  Set: 246 Way: 0 Address: 0x2b2e93d8c
  Set: 247 Way: 0 Address: 0x2b2e93dc0
  Set: 248 Way: 0 Address: 0x2b2e93e00
  Set: 249 Way: 0 Address: 0x2b2e93e40
  Set: 250 Way: 0 Address: 0x2b2e93e80
  Set: 251 Way: 0 Address: 0x2b2e93ec0
  Set: 252 Way: 0 Address: 0x2b2e93f00
  Set: 253 Way: 0 Address: 0x2b2e93f40
  Set: 258 Way: 0 Address: 0x397bb40a8
  Set: 266 Way: 0 Address: 0x3c1074280
  Set: 267 Way: 0 Address: 0x3c10742e8
  Set: 268 Way: 0 Address: 0x3de4d4300
  Set: 268 Way: 1 Address: 0x3c1074308
  Set: 289 Way: 0 Address: 0xb8004868
  Set: 313 Way: 0 Address: 0x1ab44e68
  Set: 314 Way: 0 Address: 0x1ab44e80
  Set: 315 Way: 0 Address: 0x1ab44ec0
  Set: 316 Way: 0 Address: 0x1ab44f00
  Set: 317 Way: 0 Address: 0x1ab44f40
  Set: 318 Way: 0 Address: 0x1ab44f80
  Set: 319 Way: 0 Address: 0x1ab44fc0
  Set: 320 Way: 0 Address: 0x195f15000
  Set: 330 Way: 0 Address: 0x1b0f152bc
  Set: 331 Way: 0 Address: 0x1b0f152c0
  Set: 332 Way: 0 Address: 0x1b0f15300
  Set: 333 Way: 0 Address: 0x1b0f15340
  Set: 334 Way: 0 Address: 0x1b0f15380
  Set: 335 Way: 0 Address: 0x1b0f153c0
  Set: 336 Way: 0 Address: 0x1b0f15400
  Set: 337 Way: 0 Address: 0x1b0f15440
  Set: 338 Way: 0 Address: 0x1b0f15480
  Set: 364 Way: 0 Address: 0x272585b3c
  Set: 365 Way: 0 Address: 0x272585b40
  Set: 366 Way: 0 Address: 0x272585b80
  Set: 367 Way: 0 Address: 0x272585bc0
  Set: 368 Way: 0 Address: 0x272585c00
  Set: 369 Way: 0 Address: 0x354d35c7c
  Set: 369 Way: 1 Address: 0x272585c40
  Set: 370 Way: 0 Address: 0x354d35c80
  Set: 370 Way: 1 Address: 0x272585c80
  Set: 371 Way: 0 Address: 0x354d35cc0
  Set: 371 Way: 1 Address: 0x272585cc0
  Set: 372 Way: 0 Address: 0x354d35d00
  Set: 372 Way: 1 Address: 0x272585d00
  Set: 373 Way: 0 Address: 0x354d35d40
  Set: 374 Way: 0 Address: 0x354d35d80
  Set: 375 Way: 0 Address: 0x354d35dc0
  Set: 376 Way: 0 Address: 0x354d35e00
  Set: 377 Way: 0 Address: 0x354d35e40
  Set: 384 Way: 0 Address: 0x3dae66000
  Set: 385 Way: 0 Address: 0x3dae66040
  Set: 386 Way: 0 Address: 0x3dae66080
  Set: 387 Way: 0 Address: 0x3dae660c0
  Set: 388 Way: 0 Address: 0x3dae66100
  Set: 389 Way: 0 Address: 0x3dae66140
  Set: 390 Way: 0 Address: 0x3dae66180
  Set: 391 Way: 0 Address: 0x3dae661d8
  Set: 395 Way: 0 Address: 0x848962f0
  Set: 395 Way: 1 Address: 0x211d162f8
  Set: 395 Way: 2 Address: 0x3d87a62d0
  Set: 416 Way: 0 Address: 0x27d4c680c
  Set: 417 Way: 0 Address: 0x27d4c6840
  Set: 418 Way: 0 Address: 0x27d4c6880
  Set: 419 Way: 0 Address: 0x27d4c68c0
  Set: 420 Way: 0 Address: 0x27d4c6900
  Set: 421 Way: 0 Address: 0x27d4c6940
  Set: 422 Way: 0 Address: 0x27d4c6980
  Set: 423 Way: 0 Address: 0x27d4c69c0
  Set: 429 Way: 0 Address: 0x43736b70
  Set: 430 Way: 0 Address: 0x43736b80
  Set: 463 Way: 0 Address: 0xbeea73cc
  Set: 464 Way: 0 Address: 0xbeea7400
  Set: 465 Way: 0 Address: 0xbeea7440
  Set: 466 Way: 0 Address: 0xbeea7480
  Set: 467 Way: 0 Address: 0xbeea74c0
  Set: 468 Way: 0 Address: 0xbeea7500
  Set: 469 Way: 0 Address: 0xbeea7540
  Set: 470 Way: 0 Address: 0xbeea7580
  Set: 475 Way: 0 Address: 0x276ff76e0
  Set: 476 Way: 0 Address: 0x276ff7700
  Set: 477 Way: 0 Address: 0x276ff7740
  Set: 478 Way: 0 Address: 0x3098877bc
  Set: 479 Way: 0 Address: 0x3098877ec
  Set: 480 Way: 0 Address: 0x309887838
  Set: 481 Way: 0 Address: 0x30988787c
  Set: 482 Way: 0 Address: 0x309887898
  Set: 483 Way: 0 Address: 0x3098878f0
  Set: 484 Way: 0 Address: 0x309887930
  Set: 485 Way: 0 Address: 0x309887944
  Set: 486 Way: 0 Address: 0x3098879b8
  Set: 487 Way: 0 Address: 0x3098879c8
  Set: 488 Way: 0 Address: 0x309887a34
  Set: 489 Way: 0 Address: 0x309887a54
  Set: 490 Way: 0 Address: 0x309887aac
  Set: 491 Way: 0 Address: 0x309887af0
  Set: 492 Way: 0 Address: 0x309887b30
  Set: 493 Way: 0 Address: 0x309887b74
  Set: 494 Way: 0 Address: 0x309887bb0
  Set: 495 Way: 0 Address: 0x309887bd8
  Set: 518 Way: 0 Address: 0x3bdd781ac
  Set: 519 Way: 0 Address: 0x3bdd781c0
  Set: 520 Way: 0 Address: 0x3bdd78200
  Set: 521 Way: 0 Address: 0x3bdd78240
  Set: 522 Way: 0 Address: 0x2c98982a8
  Set: 522 Way: 1 Address: 0x3bdd78280
  Set: 523 Way: 0 Address: 0x3bdd782c0
  Set: 524 Way: 0 Address: 0x3bdd78300
  Set: 525 Way: 0 Address: 0x3bdd78340
  Set: 556 Way: 0 Address: 0xc7078b08
  Set: 575 Way: 0 Address: 0x1aafb8fe8
  Set: 576 Way: 0 Address: 0x2fa0c9038
  Set: 577 Way: 0 Address: 0x2ee369078
  Set: 577 Way: 1 Address: 0x2fa0c9040
  Set: 578 Way: 0 Address: 0x2fa0c9086
  Set: 582 Way: 0 Address: 0x2fa0c9198
  Set: 583 Way: 0 Address: 0x2fa0c91ca
  Set: 587 Way: 0 Address: 0x3120992d8
  Set: 587 Way: 1 Address: 0x2fa0c92f8
  Set: 588 Way: 0 Address: 0x2fa0c9300
  Set: 589 Way: 0 Address: 0x2fa0c9340
  Set: 593 Way: 0 Address: 0x2fa0c945a
  Set: 594 Way: 0 Address: 0x2fa0c9488
  Set: 598 Way: 0 Address: 0x2fa0c95ba
  Set: 599 Way: 0 Address: 0x2fa0c95c0
  Set: 600 Way: 0 Address: 0x2fa0c9600
  Set: 604 Way: 0 Address: 0x2fa0c9718
  Set: 605 Way: 0 Address: 0x2fa0c9748
  Set: 609 Way: 0 Address: 0x2fa0c9878
  Set: 610 Way: 0 Address: 0x2fa0c9880
  Set: 611 Way: 0 Address: 0x2fa0c98c0
  Set: 615 Way: 0 Address: 0x2fa0c99d8
  Set: 616 Way: 0 Address: 0x2fa0c9a08
  Set: 620 Way: 0 Address: 0x2fa0c9b3a
  Set: 621 Way: 0 Address: 0x2fa0c9b40
  Set: 622 Way: 0 Address: 0x292959bb0
  Set: 622 Way: 1 Address: 0x2fa0c9b80
  Set: 625 Way: 0 Address: 0x2c8749c4c
  Set: 626 Way: 0 Address: 0x2c8749c80
  Set: 626 Way: 1 Address: 0x2fa0c9c9a
  Set: 627 Way: 0 Address: 0x2fa0c9cc8
  Set: 627 Way: 1 Address: 0x2c8749cc0
  Set: 628 Way: 0 Address: 0x2c8749d00
  Set: 629 Way: 0 Address: 0x2c8749d40
  Set: 630 Way: 0 Address: 0x2c8749d80
  Set: 631 Way: 0 Address: 0x2fa0c9df8
  Set: 631 Way: 1 Address: 0x2c8749dc0
  Set: 632 Way: 0 Address: 0x2fa0c9e00
  Set: 632 Way: 1 Address: 0x2c8749e00
  Set: 633 Way: 0 Address: 0x2fa0c9e40
  Set: 637 Way: 0 Address: 0x2fa0c9f58
  Set: 638 Way: 0 Address: 0x2fa0c9f8a
  Set: 642 Way: 0 Address: 0xc67da0b8
  Set: 643 Way: 0 Address: 0xc67da0c0
  Set: 644 Way: 0 Address: 0xc67da100
  Set: 648 Way: 0 Address: 0x1d89da208
  Set: 648 Way: 1 Address: 0xc67da21a
  Set: 649 Way: 0 Address: 0xc67da24a
  Set: 653 Way: 0 Address: 0xc67da378
  Set: 654 Way: 0 Address: 0xc67da380
  Set: 655 Way: 0 Address: 0xc67da3c2
  Set: 659 Way: 0 Address: 0xc67da4d8
  Set: 660 Way: 0 Address: 0xc67da508
  Set: 664 Way: 0 Address: 0xc67da638
  Set: 665 Way: 0 Address: 0xc67da640
  Set: 666 Way: 0 Address: 0xc67da680
  Set: 670 Way: 0 Address: 0xc67da79a
  Set: 671 Way: 0 Address: 0x223eda7f8
  Set: 671 Way: 1 Address: 0xc67da7c8
  Set: 675 Way: 0 Address: 0xc67da8fa
  Set: 676 Way: 0 Address: 0xc67da900
  Set: 677 Way: 0 Address: 0xc67da940
  Set: 681 Way: 0 Address: 0xc67daa5c
  Set: 682 Way: 0 Address: 0xc67daa80
  Set: 706 Way: 0 Address: 0x3b377b09c
  Set: 707 Way: 0 Address: 0x3b377b0c0
  Set: 708 Way: 0 Address: 0x3b377b100
  Set: 709 Way: 0 Address: 0x3b377b140
  Set: 710 Way: 0 Address: 0x3b377b180
  Set: 711 Way: 0 Address: 0x394edb1fc
  Set: 711 Way: 1 Address: 0x3b377b1c0
  Set: 712 Way: 0 Address: 0x394edb204
  Set: 712 Way: 1 Address: 0x3b377b200
  Set: 713 Way: 0 Address: 0x394edb240
  Set: 713 Way: 1 Address: 0x3b377b240
  Set: 714 Way: 0 Address: 0xc0d9b2b8
  Set: 717 Way: 0 Address: 0x394edb358
  Set: 718 Way: 0 Address: 0x394edb380
  Set: 722 Way: 0 Address: 0x394edb4b8
  Set: 723 Way: 0 Address: 0x394edb4c0
  Set: 724 Way: 0 Address: 0x394edb500
  Set: 728 Way: 0 Address: 0x394edb618
  Set: 729 Way: 0 Address: 0x394edb640
  Set: 733 Way: 0 Address: 0x394edb77e
  Set: 734 Way: 0 Address: 0x394edb786
  Set: 735 Way: 0 Address: 0x394edb7c0
  Set: 739 Way: 0 Address: 0x394edb8d8
  Set: 740 Way: 0 Address: 0x394edb900
  Set: 744 Way: 0 Address: 0xcf83ba2c
  Set: 744 Way: 1 Address: 0x394edba38
  Set: 745 Way: 0 Address: 0xcf83ba40
  Set: 745 Way: 1 Address: 0x394edba42
  Set: 746 Way: 0 Address: 0xcf83ba80
  Set: 746 Way: 1 Address: 0x394edba80
  Set: 747 Way: 0 Address: 0xcf83bac0
  Set: 748 Way: 0 Address: 0xcf83bb00
  Set: 749 Way: 0 Address: 0xcf83bb40
  Set: 750 Way: 0 Address: 0x394edbb98
  Set: 750 Way: 1 Address: 0xcf83bb80
  Set: 751 Way: 0 Address: 0x394edbbca
  Set: 751 Way: 1 Address: 0xcf83bbc0
  Set: 755 Way: 0 Address: 0x394edbcf8
  Set: 756 Way: 0 Address: 0x394edbd00
  Set: 757 Way: 0 Address: 0x394edbd40
  Set: 761 Way: 0 Address: 0x394edbe58
  Set: 762 Way: 0 Address: 0x394edbe88
  Set: 766 Way: 0 Address: 0x394edbfb8
  Set: 767 Way: 0 Address: 0x394edbfc0
  Set: 768 Way: 0 Address: 0xdf85c000
  Set: 768 Way: 1 Address: 0x32f48c000
  Set: 769 Way: 0 Address: 0x32f48c040
  Set: 770 Way: 0 Address: 0x32f48c080
  Set: 771 Way: 0 Address: 0x32f48c0c0
  Set: 772 Way: 0 Address: 0x32f48c100
  Set: 773 Way: 0 Address: 0x32f48c140
  Set: 803 Way: 0 Address: 0x12c6fc8c8
  Set: 829 Way: 0 Address: 0x38e35cf58
  Set: 830 Way: 0 Address: 0x38e35cfa4
  Set: 831 Way: 0 Address: 0x38e35cffc
  Set: 838 Way: 0 Address: 0x23755d1a8
  Set: 842 Way: 0 Address: 0x5588d288
  Set: 843 Way: 0 Address: 0x1add2e8
  Set: 844 Way: 0 Address: 0x5588d308
  Set: 896 Way: 0 Address: 0x28b67e000
  Set: 896 Way: 1 Address: 0x1f919e010
  Set: 897 Way: 0 Address: 0x1f919e070
  Set: 898 Way: 0 Address: 0x1f919e0a8
  Set: 898 Way: 1 Address: 0x1c084e088
  Set: 899 Way: 0 Address: 0x1c084e0c0
  Set: 900 Way: 0 Address: 0x1c084e100
  Set: 901 Way: 0 Address: 0x1c084e140
  Set: 902 Way: 0 Address: 0x1c084e180
  Set: 903 Way: 0 Address: 0x1c084e1c0
  Set: 904 Way: 0 Address: 0x1c084e200
  Set: 905 Way: 0 Address: 0x1c084e240
  Set: 927 Way: 0 Address: 0x28b67e7f8
  Set: 929 Way: 0 Address: 0x2f5d8e860
  Set: 932 Way: 0 Address: 0x20597e91c
  Set: 933 Way: 0 Address: 0x20597e940
  Set: 934 Way: 0 Address: 0x3734ee980
  Set: 934 Way: 1 Address: 0x20597e980
  Set: 935 Way: 0 Address: 0x20597e9c0
  Set: 936 Way: 0 Address: 0x20597ea00
  Set: 937 Way: 0 Address: 0x20597ea40
  Set: 938 Way: 0 Address: 0x20597ea80
  Set: 939 Way: 0 Address: 0x20597eac0
  Set: 949 Way: 0 Address: 0x2db79ed58
  Set: 950 Way: 0 Address: 0x2db79ed80
  Set: 951 Way: 0 Address: 0x2db79edc0
  Set: 952 Way: 0 Address: 0x2db79ee00
  Set: 953 Way: 0 Address: 0x2db79ee40
  Set: 954 Way: 0 Address: 0x2db79ee80
  Set: 955 Way: 0 Address: 0x2db79eec0
  Set: 956 Way: 0 Address: 0x2db79ef00
  Set: 960 Way: 0 Address: 0x16390f000
  Set: 964 Way: 0 Address: 0x16390f118
  Set: 965 Way: 0 Address: 0x16390f14c
  Set: 969 Way: 0 Address: 0x16390f278
  Set: 970 Way: 0 Address: 0x16390f280
  Set: 970 Way: 1 Address: 0x22272f290
  Set: 971 Way: 0 Address: 0x16390f2c2
  Set: 975 Way: 0 Address: 0x16390f3d8
  Set: 976 Way: 0 Address: 0x16390f40c
  Set: 980 Way: 0 Address: 0x16390f53e
  Set: 981 Way: 0 Address: 0x16390f540
  Set: 982 Way: 0 Address: 0x16390f580
  Set: 983 Way: 0 Address: 0x23756f5ec
  Set: 984 Way: 0 Address: 0x23756f600
  Set: 985 Way: 0 Address: 0x23756f640
  Set: 986 Way: 0 Address: 0x16390f69e
  Set: 986 Way: 1 Address: 0x23756f680
  Set: 987 Way: 0 Address: 0x16390f6c8
  Set: 987 Way: 1 Address: 0x23756f6c0
  Set: 988 Way: 0 Address: 0x23756f700
  Set: 989 Way: 0 Address: 0x23756f740
  Set: 990 Way: 0 Address: 0x23756f780
  Set: 991 Way: 0 Address: 0x16390f7f8
  Set: 992 Way: 0 Address: 0x16390f800
  Set: 993 Way: 0 Address: 0x16390f840
  Set: 997 Way: 0 Address: 0x16390f958
  Set: 998 Way: 0 Address: 0x16390f98e
  Set: 1002 Way: 0 Address: 0x16390fab8
  Set: 1003 Way: 0 Address: 0x16390fac0
  Set: 1004 Way: 0 Address: 0x16390fb00
  Set: 1005 Way: 0 Address: 0xee86fb68
  Set: 1005 Way: 1 Address: 0x143efb70
  Set: 1008 Way: 0 Address: 0x16390fc18
  Set: 1009 Way: 0 Address: 0x16390fc4a
  Set: 1013 Way: 0 Address: 0x16390fd78
  Set: 1014 Way: 0 Address: 0x16390fd80
  Set: 1015 Way: 0 Address: 0x16390fdc0
  Set: 1019 Way: 0 Address: 0x16390fed8
  Set: 1020 Way: 0 Address: 0x16390ff08
EndCache
Cache: cpu0_L1I
  Set: 14 Way: 0 Address: 0x9cff2390
  Set: 15 Way: 0 Address: 0x9cff23da
  Set: 16 Way: 0 Address: 0x9cff242a
  Set: 17 Way: 0 Address: 0x9cff2475
  Set: 18 Way: 0 Address: 0x9cff24bd
  Set: 19 Way: 0 Address: 0x9cff24dd
  Set: 20 Way: 0 Address: 0x9cff2538
  Set: 21 Way: 0 Address: 0x9cff2560
  Set: 23 Way: 0 Address: 0x9cff25f4
  Set: 24 Way: 0 Address: 0x9cff263b
  Set: 25 Way: 0 Address: 0x9cff2645
  Set: 34 Way: 0 Address: 0x2a48418a0
EndCache
Cache: cpu0_L1D
  Set: 0 Way: 0 Address: 0xdf85c000
  Set: 0 Way: 1 Address: 0x28b67e000
  Set: 0 Way: 2 Address: 0x195f15000
  Set: 0 Way: 3 Address: 0x1f919e010
  Set: 0 Way: 4 Address: 0x1c84e2018
  Set: 0 Way: 5 Address: 0x3dae66000
  Set: 0 Way: 6 Address: 0x2fa0c903e
  Set: 0 Way: 7 Address: 0x16390f006
  Set: 0 Way: 8 Address: 0x32f48c004
  Set: 0 Way: 9 Address: 0x133c92000
  Set: 1 Way: 0 Address: 0x1f919e070
  Set: 1 Way: 1 Address: 0x3c56b3070
  Set: 1 Way: 2 Address: 0x1c84e2078
  Set: 1 Way: 3 Address: 0x2ee369078
  Set: 1 Way: 4 Address: 0x3dae6605e
  Set: 1 Way: 5 Address: 0x2fa0c9052
  Set: 1 Way: 6 Address: 0x32f48c040
  Set: 2 Way: 0 Address: 0x1f919e0a8
  Set: 2 Way: 1 Address: 0x397bb40a8
  Set: 2 Way: 2 Address: 0x3dae66092
  Set: 2 Way: 3 Address: 0x1c084e088
  Set: 2 Way: 4 Address: 0x3b377b09c
  Set: 2 Way: 5 Address: 0x2fa0c9086
  Set: 2 Way: 6 Address: 0xc67da0be
  Set: 2 Way: 7 Address: 0x32f48c080
  Set: 3 Way: 0 Address: 0x3dae660dc
  Set: 3 Way: 1 Address: 0x3b377b0c0
  Set: 3 Way: 2 Address: 0x1c084e0c0
  Set: 3 Way: 3 Address: 0xc67da0d0
  Set: 3 Way: 4 Address: 0x32f48c0c0
  Set: 4 Way: 0 Address: 0x16390f128
  Set: 4 Way: 1 Address: 0x3dae66114
  Set: 4 Way: 2 Address: 0x3b377b100
  Set: 4 Way: 3 Address: 0xc67da102
  Set: 4 Way: 4 Address: 0x1c084e100
  Set: 4 Way: 5 Address: 0x32f48c100
  Set: 5 Way: 0 Address: 0x3dae6615c
  Set: 5 Way: 1 Address: 0x16390f158
  Set: 5 Way: 2 Address: 0x3b377b140
  Set: 5 Way: 3 Address: 0x1c084e140
  Set: 5 Way: 4 Address: 0x32f48c140
  Set: 6 Way: 0 Address: 0x1995f21b0
  Set: 6 Way: 1 Address: 0x23755d1a8
  Set: 6 Way: 2 Address: 0x3bdd781ac
  Set: 6 Way: 3 Address: 0x3dae6619a
  Set: 6 Way: 4 Address: 0x2fa0c91b2
  Set: 6 Way: 5 Address: 0x3b377b180
  Set: 6 Way: 6 Address: 0x1c084e180
  Set: 7 Way: 0 Address: 0x3dae661e6
  Set: 7 Way: 1 Address: 0x2fa0c91e2
  Set: 7 Way: 2 Address: 0x3bdd781c0
  Set: 7 Way: 3 Address: 0x394edb1fa
  Set: 7 Way: 4 Address: 0x3b377b1c0
  Set: 7 Way: 5 Address: 0x1c084e1c0
  Set: 8 Way: 0 Address: 0x1d89da208
  Set: 8 Way: 1 Address: 0x3bdd78200
  Set: 8 Way: 2 Address: 0xc67da232
  Set: 8 Way: 3 Address: 0x394edb208
  Set: 8 Way: 4 Address: 0x3b377b200
  Set: 8 Way: 5 Address: 0x1c084e200
  Set: 9 Way: 0 Address: 0x16390f27e
  Set: 9 Way: 1 Address: 0xc67da25c
  Set: 9 Way: 2 Address: 0x3bdd78240
  Set: 9 Way: 3 Address: 0x394edb240
  Set: 9 Way: 4 Address: 0x3b377b240
  Set: 9 Way: 5 Address: 0x1c084e240
  Set: 10 Way: 0 Address: 0x3c1074280
  Set: 10 Way: 1 Address: 0x5588d298
  Set: 10 Way: 2 Address: 0x16390f28e
  Set: 10 Way: 3 Address: 0x14bb10288
  Set: 10 Way: 4 Address: 0x6e6202a0
  Set: 10 Way: 5 Address: 0x22272f290
  Set: 10 Way: 6 Address: 0x2177f0298
  Set: 10 Way: 7 Address: 0x1b0f152bc
  Set: 10 Way: 8 Address: 0x2c98982a8
  Set: 10 Way: 9 Address: 0xc0d9b2b8
  Set: 10 Way: 10 Address: 0x3232f32b0
  Set: 10 Way: 11 Address: 0x3bdd78280
  Set: 11 Way: 0 Address: 0x2fa0c92fe
  Set: 11 Way: 1 Address: 0x3bdd782c0
  Set: 11 Way: 2 Address: 0x211d162f8
  Set: 11 Way: 3 Address: 0x1add2e8
  Set: 11 Way: 4 Address: 0x2177f02c0
  Set: 11 Way: 5 Address: 0x1064c22c0
  Set: 11 Way: 6 Address: 0x3d87a62d0
  Set: 11 Way: 7 Address: 0x2577132c8
  Set: 11 Way: 8 Address: 0x181c812e0
  Set: 11 Way: 9 Address: 0x3120992d8
  Set: 11 Way: 10 Address: 0x16390f2c2
  Set: 11 Way: 11 Address: 0x1b0f152c0
  Set: 12 Way: 0 Address: 0x3de4d4300
  Set: 12 Way: 1 Address: 0x3c1074308
  Set: 12 Way: 2 Address: 0x5588d308
  Set: 12 Way: 3 Address: 0x2fa0c9312
  Set: 12 Way: 4 Address: 0x1b0f15300
  Set: 12 Way: 5 Address: 0x181c81300
  Set: 12 Way: 6 Address: 0x19c791300
  Set: 12 Way: 7 Address: 0x3bdd78300
  Set: 13 Way: 0 Address: 0x2fa0c9346
  Set: 13 Way: 1 Address: 0xc67da37e
  Set: 13 Way: 2 Address: 0x1b0f15340
  Set: 13 Way: 3 Address: 0x394edb370
  Set: 13 Way: 4 Address: 0x3bdd78340
  Set: 14 Way: 0 Address: 0xc67da392
  Set: 14 Way: 1 Address: 0x394edb380
  Set: 14 Way: 2 Address: 0x1b0f15380
  Set: 15 Way: 0 Address: 0x16390f3f2
  Set: 15 Way: 1 Address: 0xbeea73cc
  Set: 15 Way: 2 Address: 0xc67da3c6
  Set: 15 Way: 3 Address: 0x1b0f153c0
  Set: 16 Way: 0 Address: 0x16390f422
  Set: 16 Way: 1 Address: 0xbeea7400
  Set: 16 Way: 2 Address: 0x1b0f15400
  Set: 17 Way: 0 Address: 0x2fa0c9472
  Set: 17 Way: 1 Address: 0xbeea7440
  Set: 17 Way: 2 Address: 0x1b0f15440
  Set: 18 Way: 0 Address: 0x2fa0c94a2
  Set: 18 Way: 1 Address: 0x394edb4bc
  Set: 18 Way: 2 Address: 0xbeea7480
  Set: 18 Way: 3 Address: 0x1b0f15480
  Set: 19 Way: 0 Address: 0x342b404dc
  Set: 19 Way: 1 Address: 0xc67da4ee
  Set: 19 Way: 2 Address: 0x394edb4d0
  Set: 19 Way: 3 Address: 0xbeea74c0
  Set: 20 Way: 0 Address: 0x16390f53c
  Set: 20 Way: 1 Address: 0x342b40500
  Set: 20 Way: 2 Address: 0xc67da520
  Set: 20 Way: 3 Address: 0xbeea7500
  Set: 20 Way: 4 Address: 0x394edb500
  Set: 21 Way: 0 Address: 0x16390f54c
  Set: 21 Way: 1 Address: 0x342b40540
  Set: 21 Way: 2 Address: 0xbeea7540
  Set: 22 Way: 0 Address: 0x16390f586
  Set: 22 Way: 1 Address: 0x2fa0c95b8
  Set: 22 Way: 2 Address: 0x342b40580
  Set: 22 Way: 3 Address: 0xbeea7580
  Set: 23 Way: 0 Address: 0x23756f5ec
  Set: 23 Way: 1 Address: 0x2fa0c95d2
  Set: 23 Way: 2 Address: 0x342b405c0
  Set: 24 Way: 0 Address: 0x23756f600
  Set: 24 Way: 1 Address: 0x2fa0c9606
  Set: 24 Way: 2 Address: 0xc67da63a
  Set: 24 Way: 3 Address: 0x394edb630
  Set: 24 Way: 4 Address: 0x342b40600
  Set: 25 Way: 0 Address: 0x6d0c2650
  Set: 25 Way: 1 Address: 0x23756f640
  Set: 25 Way: 2 Address: 0xc67da652
  Set: 25 Way: 3 Address: 0x394edb640
  Set: 25 Way: 4 Address: 0x342b40640
  Set: 26 Way: 0 Address: 0x16390f6ae
  Set: 26 Way: 1 Address: 0xc67da680
  Set: 26 Way: 2 Address: 0x23756f680
  Set: 26 Way: 3 Address: 0x342b40680
  Set: 27 Way: 0 Address: 0x276ff76f0
  Set: 27 Way: 1 Address: 0x3b08036fc
  Set: 27 Way: 2 Address: 0x16390f6cc
  Set: 27 Way: 3 Address: 0x23756f6c0
  Set: 28 Way: 0 Address: 0x276ff7710
  Set: 28 Way: 1 Address: 0x3b0803700
  Set: 28 Way: 2 Address: 0x2fa0c9732
  Set: 28 Way: 3 Address: 0x23756f700
  Set: 29 Way: 0 Address: 0x276ff7740
  Set: 29 Way: 1 Address: 0x2fa0c9760
  Set: 29 Way: 2 Address: 0x3b0803740
  Set: 29 Way: 3 Address: 0x394edb77e
  Set: 29 Way: 4 Address: 0x23756f740
  Set: 30 Way: 0 Address: 0x3b0803780
  Set: 30 Way: 1 Address: 0xc67da7b2
  Set: 30 Way: 2 Address: 0x394edb786
  Set: 30 Way: 3 Address: 0x3098877bc
  Set: 30 Way: 4 Address: 0x23756f780
  Set: 31 Way: 0 Address: 0x28b67e7f8
  Set: 31 Way: 1 Address: 0x223eda7f8
  Set: 31 Way: 2 Address: 0x16390f7fe
  Set: 31 Way: 3 Address: 0xc67da7e0
  Set: 31 Way: 4 Address: 0x3b08037c0
  Set: 31 Way: 5 Address: 0x394edb7c0
  Set: 31 Way: 6 Address: 0x3098877ec
  Set: 32 Way: 0 Address: 0x16390f812
  Set: 32 Way: 1 Address: 0x27d4c680c
  Set: 32 Way: 2 Address: 0x309887838
  Set: 32 Way: 3 Address: 0x3b0803800
  Set: 33 Way: 0 Address: 0xb8004868
  Set: 33 Way: 1 Address: 0x2f5d8e860
  Set: 33 Way: 2 Address: 0x34a873870
  Set: 33 Way: 3 Address: 0x30988787c
  Set: 33 Way: 4 Address: 0x16390f840
  Set: 33 Way: 5 Address: 0x2fa0c987e
  Set: 33 Way: 6 Address: 0x27d4c6840
  Set: 33 Way: 7 Address: 0x28a940878
  Set: 33 Way: 8 Address: 0x3b0803840
  Set: 34 Way: 0 Address: 0x309887898
  Set: 34 Way: 1 Address: 0x2fa0c9890
  Set: 34 Way: 2 Address: 0x27d4c6880
  Set: 34 Way: 3 Address: 0x3b0803880
  Set: 35 Way: 0 Address: 0x12c6fc8c8
  Set: 35 Way: 1 Address: 0x3098878f0
  Set: 35 Way: 2 Address: 0x2fa0c98c0
  Set: 35 Way: 3 Address: 0xc67da8fe
  Set: 35 Way: 4 Address: 0x394edb8e8
  Set: 35 Way: 5 Address: 0x27d4c68c0
  Set: 35 Way: 6 Address: 0x3b08038c0
  Set: 36 Way: 0 Address: 0x309887930
  Set: 36 Way: 1 Address: 0x20597e91c
  Set: 36 Way: 2 Address: 0xc67da912
  Set: 36 Way: 3 Address: 0x394edb900
  Set: 36 Way: 4 Address: 0x27d4c6900
  Set: 37 Way: 0 Address: 0x309887944
  Set: 37 Way: 1 Address: 0x16390f970
  Set: 37 Way: 2 Address: 0x20597e940
  Set: 37 Way: 3 Address: 0xc67da946
  Set: 37 Way: 4 Address: 0x27d4c6940
  Set: 38 Way: 0 Address: 0x3734ee980
  Set: 38 Way: 1 Address: 0x3098879b8
  Set: 38 Way: 2 Address: 0x16390f99c
  Set: 38 Way: 3 Address: 0x20597e980
  Set: 38 Way: 4 Address: 0x27d4c6980
  Set: 39 Way: 0 Address: 0x3098879c8
  Set: 39 Way: 1 Address: 0x2fa0c99f2
  Set: 39 Way: 2 Address: 0x20597e9c0
  Set: 39 Way: 3 Address: 0x27d4c69c0
  Set: 40 Way: 0 Address: 0x309887a28
  Set: 40 Way: 1 Address: 0xcf83ba2c
  Set: 40 Way: 2 Address: 0x2fa0c9a22
  Set: 40 Way: 3 Address: 0x394edba3a
  Set: 40 Way: 4 Address: 0x20597ea00
  Set: 41 Way: 0 Address: 0x309887a54
  Set: 41 Way: 1 Address: 0xcf83ba40
  Set: 41 Way: 2 Address: 0x394edba48
  Set: 41 Way: 3 Address: 0xc67daa6e
  Set: 41 Way: 4 Address: 0x20597ea40
  Set: 42 Way: 0 Address: 0x309887aac
  Set: 42 Way: 1 Address: 0x16390fabe
  Set: 42 Way: 2 Address: 0xcf83ba80
  Set: 42 Way: 3 Address: 0xc67daa80
  Set: 42 Way: 4 Address: 0x394edba80
  Set: 42 Way: 5 Address: 0x20597ea80
  Set: 43 Way: 0 Address: 0x16390fad0
  Set: 43 Way: 1 Address: 0x309887af0
  Set: 43 Way: 2 Address: 0xcf83bac0
  Set: 43 Way: 3 Address: 0x20597eac0
  Set: 44 Way: 0 Address: 0xc7078b08
  Set: 44 Way: 1 Address: 0x272585b3c
  Set: 44 Way: 2 Address: 0x309887b30
  Set: 44 Way: 3 Address: 0x16390fb02
  Set: 44 Way: 4 Address: 0x2fa0c9b3e
  Set: 44 Way: 5 Address: 0xcf83bb00
  Set: 45 Way: 0 Address: 0x309887b74
  Set: 45 Way: 1 Address: 0x43736b68
  Set: 45 Way: 2 Address: 0xee86fb68
  Set: 45 Way: 3 Address: 0x143efb70
  Set: 45 Way: 4 Address: 0x272585b40
  Set: 45 Way: 5 Address: 0x2fa0c9b50
  Set: 45 Way: 6 Address: 0xcf83bb40
  Set: 46 Way: 0 Address: 0x43736b80
  Set: 46 Way: 1 Address: 0x292959bb0
  Set: 46 Way: 2 Address: 0x309887bb0
  Set: 46 Way: 3 Address: 0x394edbb98
  Set: 46 Way: 4 Address: 0x2fa0c9b86
  Set: 46 Way: 5 Address: 0x272585b80
  Set: 46 Way: 6 Address: 0xcf83bb80
  Set: 47 Way: 0 Address: 0x309887bd8
  Set: 47 Way: 1 Address: 0x394edbbe2
  Set: 47 Way: 2 Address: 0x272585bc0
  Set: 47 Way: 3 Address: 0xcf83bbc0
  Set: 48 Way: 0 Address: 0x16390fc2a
  Set: 48 Way: 1 Address: 0x272585c00
  Set: 49 Way: 0 Address: 0x354d35c7c
  Set: 49 Way: 1 Address: 0x2c8749c4c
  Set: 49 Way: 2 Address: 0x16390fc5c
  Set: 49 Way: 3 Address: 0x272585c40
  Set: 50 Way: 0 Address: 0x354d35c80
  Set: 50 Way: 1 Address: 0x2c8749c80
  Set: 50 Way: 2 Address: 0x2fa0c9cb2
  Set: 50 Way: 3 Address: 0x272585c80
  Set: 51 Way: 0 Address: 0x394edbcf8
  Set: 51 Way: 1 Address: 0x354d35cc0
  Set: 51 Way: 2 Address: 0x2fa0c9ce6
  Set: 51 Way: 3 Address: 0x2c8749cc0
  Set: 51 Way: 4 Address: 0x272585cc0
  Set: 52 Way: 0 Address: 0x394edbd16
  Set: 52 Way: 1 Address: 0x354d35d00
  Set: 52 Way: 2 Address: 0x2c8749d00
  Set: 52 Way: 3 Address: 0x272585d00
  Set: 53 Way: 0 Address: 0x2db79ed58
  Set: 53 Way: 1 Address: 0x16390fd7c
  Set: 53 Way: 2 Address: 0x394edbd44
  Set: 53 Way: 3 Address: 0x354d35d40
  Set: 53 Way: 4 Address: 0x2c8749d40
  Set: 54 Way: 0 Address: 0x2b2e93d8c
  Set: 54 Way: 1 Address: 0x16390fd92
  Set: 54 Way: 2 Address: 0x2db79ed80
  Set: 54 Way: 3 Address: 0x354d35d80
  Set: 54 Way: 4 Address: 0x2c8749d80
  Set: 55 Way: 0 Address: 0x16390fdc4
  Set: 55 Way: 1 Address: 0x2b2e93dc0
  Set: 55 Way: 2 Address: 0x2fa0c9dfc
  Set: 55 Way: 3 Address: 0x2db79edc0
  Set: 55 Way: 4 Address: 0x354d35dc0
  Set: 55 Way: 5 Address: 0x2c8749dc0
  Set: 56 Way: 0 Address: 0x2fa0c9e10
  Set: 56 Way: 1 Address: 0x2b2e93e00
  Set: 56 Way: 2 Address: 0x2db79ee00
  Set: 56 Way: 3 Address: 0x354d35e00
  Set: 56 Way: 4 Address: 0x2c8749e00
  Set: 57 Way: 0 Address: 0x394edbe74
  Set: 57 Way: 1 Address: 0x1ab44e68
  Set: 57 Way: 2 Address: 0x2fa0c9e46
  Set: 57 Way: 3 Address: 0x2b2e93e40
  Set: 57 Way: 4 Address: 0x2db79ee40
  Set: 57 Way: 5 Address: 0x354d35e40
  Set: 58 Way: 0 Address: 0x394edbe9c
  Set: 58 Way: 1 Address: 0x1ab44e80
  Set: 58 Way: 2 Address: 0x2b2e93e80
  Set: 58 Way: 3 Address: 0x2db79ee80
  Set: 59 Way: 0 Address: 0x16390fed8
  Set: 59 Way: 1 Address: 0x1ab44ec0
  Set: 59 Way: 2 Address: 0x2b2e93ec0
  Set: 59 Way: 3 Address: 0x2db79eec0
  Set: 60 Way: 0 Address: 0x16390ff0e
  Set: 60 Way: 1 Address: 0x1ab44f00
  Set: 60 Way: 2 Address: 0x2b2e93f00
  Set: 60 Way: 3 Address: 0x2db79ef00
  Set: 61 Way: 0 Address: 0x38e35cf58
  Set: 61 Way: 1 Address: 0x133c92f78
  Set: 61 Way: 2 Address: 0x2fa0c9f74
  Set: 61 Way: 3 Address: 0x1ab44f40
  Set: 61 Way: 4 Address: 0x2b2e93f40
  Set: 62 Way: 0 Address: 0x38e35cfa0
  Set: 62 Way: 1 Address: 0x394edbfb8
  Set: 62 Way: 2 Address: 0x133c92f80
  Set: 62 Way: 3 Address: 0x2fa0c9fa0
  Set: 62 Way: 4 Address: 0x1ab44f80
  Set: 63 Way: 0 Address: 0x1aafb8fe8
  Set: 63 Way: 1 Address: 0x38e35cfc8
  Set: 63 Way: 2 Address: 0x394edbfd6
  Set: 63 Way: 3 Address: 0x133c92fc0
  Set: 63 Way: 4 Address: 0x1ab44fc0
EndCache
Cache: cpu0_ITLB
  Set: 0 Way: 0 Address: 0x4608a0
  Set: 1 Way: 0 Address: 0x44144c
EndCache
Cache: cpu0_DTLB
  Set: 0 Way: 0 Address: 0x1d70898
  Set: 0 Way: 1 Address: 0x730650
  Set: 0 Way: 2 Address: 0x1e50740
  Set: 0 Way: 3 Address: 0x1e60004
  Set: 1 Way: 0 Address: 0x7618c8
  Set: 1 Way: 1 Address: 0x1e61088
  Set: 1 Way: 2 Address: 0x1e5109c
  Set: 2 Way: 0 Address: 0x1e521ac
  Set: 3 Way: 0 Address: 0x1e532bc
  Set: 4 Way: 0 Address: 0x1e543cc
  Set: 5 Way: 0 Address: 0x7fff6ec35fc8
  Set: 5 Way: 1 Address: 0x1e554dc
  Set: 6 Way: 0 Address: 0x7fff6ec36000
  Set: 6 Way: 1 Address: 0x1e565ec
  Set: 7 Way: 0 Address: 0x1e576fc
  Set: 8 Way: 0 Address: 0x1e5880c
  Set: 9 Way: 0 Address: 0x1e5991c
  Set: 10 Way: 0 Address: 0x1e5aa2c
  Set: 11 Way: 0 Address: 0x1e5bb3c
  Set: 12 Way: 0 Address: 0x2b0cd16
  Set: 12 Way: 1 Address: 0x1e5cc4c
  Set: 13 Way: 0 Address: 0x2b0df08
  Set: 13 Way: 1 Address: 0x1d6dc7c
  Set: 13 Way: 2 Address: 0x1e5dd58
  Set: 14 Way: 0 Address: 0x1d6ed8c
  Set: 14 Way: 1 Address: 0x1e5ee68
  Set: 14 Way: 2 Address: 0x2b0e052
  Set: 15 Way: 0 Address: 0x1e5ff78
  Set: 15 Way: 1 Address: 0x2b0f0d0
EndCache
Cache: LLC
  Set: 10 Way: 0 Address: 0x6e6202a0
  Set: 19 Way: 0 Address: 0x342b404dc
  Set: 20 Way: 0 Address: 0x342b40500
  Set: 21 Way: 0 Address: 0x342b40540
  Set: 22 Way: 0 Address: 0x342b40580
  Set: 23 Way: 0 Address: 0x342b405c0
  Set: 24 Way: 0 Address: 0x342b40600
  Set: 25 Way: 0 Address: 0x342b40640
  Set: 26 Way: 0 Address: 0x342b40680
  Set: 33 Way: 0 Address: 0x28a940878
  Set: 75 Way: 0 Address: 0x181c812e0
  Set: 76 Way: 0 Address: 0x181c81300
  Set: 98 Way: 0 Address: 0x2a48418a0
  Set: 128 Way: 0 Address: 0x1c84e2018
  Set: 129 Way: 0 Address: 0x1c84e2078
  Set: 139 Way: 0 Address: 0x1064c22c0
  Set: 153 Way: 0 Address: 0x6d0c2650
  Set: 219 Way: 0 Address: 0x3b08036fc
  Set: 220 Way: 0 Address: 0x3b0803700
  Set: 221 Way: 0 Address: 0x3b0803740
  Set: 222 Way: 0 Address: 0x3b0803780
  Set: 223 Way: 0 Address: 0x3b08037c0
  Set: 224 Way: 0 Address: 0x3b0803800
  Set: 225 Way: 0 Address: 0x3b0803840
  Set: 226 Way: 0 Address: 0x3b0803880
  Set: 227 Way: 0 Address: 0x3b08038c0
  Set: 289 Way: 0 Address: 0xb8004868
  Set: 313 Way: 0 Address: 0x1ab44e68
  Set: 314 Way: 0 Address: 0x1ab44e80
  Set: 315 Way: 0 Address: 0x1ab44ec0
  Set: 316 Way: 0 Address: 0x1ab44f00
  Set: 317 Way: 0 Address: 0x1ab44f40
  Set: 318 Way: 0 Address: 0x1ab44f80
  Set: 319 Way: 0 Address: 0x1ab44fc0
  Set: 364 Way: 0 Address: 0x272585b3c
  Set: 365 Way: 0 Address: 0x272585b40
  Set: 366 Way: 0 Address: 0x272585b80
  Set: 367 Way: 0 Address: 0x272585bc0
  Set: 368 Way: 0 Address: 0x272585c00
  Set: 369 Way: 0 Address: 0x272585c40
  Set: 370 Way: 0 Address: 0x272585c80
  Set: 371 Way: 0 Address: 0x272585cc0
  Set: 372 Way: 0 Address: 0x272585d00
  Set: 384 Way: 0 Address: 0x3dae66000
  Set: 385 Way: 0 Address: 0x3dae66040
  Set: 386 Way: 0 Address: 0x3dae66080
  Set: 387 Way: 0 Address: 0x3dae660c0
  Set: 388 Way: 0 Address: 0x3dae66100
  Set: 389 Way: 0 Address: 0x3dae66140
  Set: 390 Way: 0 Address: 0x3dae66180
  Set: 391 Way: 0 Address: 0x3dae661d8
  Set: 395 Way: 0 Address: 0x3d87a62d0
  Set: 416 Way: 0 Address: 0x27d4c680c
  Set: 417 Way: 0 Address: 0x27d4c6840
  Set: 418 Way: 0 Address: 0x27d4c6880
  Set: 419 Way: 0 Address: 0x27d4c68c0
  Set: 420 Way: 0 Address: 0x27d4c6900
  Set: 421 Way: 0 Address: 0x27d4c6940
  Set: 422 Way: 0 Address: 0x27d4c6980
  Set: 423 Way: 0 Address: 0x27d4c69c0
  Set: 463 Way: 0 Address: 0xbeea73cc
  Set: 464 Way: 0 Address: 0xbeea7400
  Set: 465 Way: 0 Address: 0xbeea7440
  Set: 466 Way: 0 Address: 0xbeea7480
  Set: 467 Way: 0 Address: 0xbeea74c0
  Set: 468 Way: 0 Address: 0xbeea7500
  Set: 469 Way: 0 Address: 0xbeea7540
  Set: 470 Way: 0 Address: 0xbeea7580
  Set: 478 Way: 0 Address: 0x3098877bc
  Set: 479 Way: 0 Address: 0x3098877ec
  Set: 480 Way: 0 Address: 0x309887838
  Set: 481 Way: 0 Address: 0x30988787c
  Set: 482 Way: 0 Address: 0x309887898
  Set: 483 Way: 0 Address: 0x3098878f0
  Set: 484 Way: 0 Address: 0x309887930
  Set: 485 Way: 0 Address: 0x309887944
  Set: 486 Way: 0 Address: 0x3098879b8
  Set: 487 Way: 0 Address: 0x3098879c8
  Set: 488 Way: 0 Address: 0x309887a34
  Set: 489 Way: 0 Address: 0x309887a54
  Set: 490 Way: 0 Address: 0x309887aac
  Set: 491 Way: 0 Address: 0x309887af0
  Set: 492 Way: 0 Address: 0x309887b30
  Set: 493 Way: 0 Address: 0x309887b74
  Set: 494 Way: 0 Address: 0x309887bb0
  Set: 495 Way: 0 Address: 0x309887bd8
  Set: 576 Way: 0 Address: 0x2fa0c9038
  Set: 577 Way: 0 Address: 0x2ee369078
  Set: 577 Way: 1 Address: 0x2fa0c9040
  Set: 578 Way: 0 Address: 0x2fa0c9086
  Set: 582 Way: 0 Address: 0x2fa0c9180
  Set: 583 Way: 0 Address: 0x2fa0c91ca
  Set: 587 Way: 0 Address: 0x2fa0c92f8
  Set: 588 Way: 0 Address: 0x2fa0c9300
  Set: 589 Way: 0 Address: 0x2fa0c9340
  Set: 593 Way: 0 Address: 0x2fa0c945a
  Set: 594 Way: 0 Address: 0x2fa0c9488
  Set: 598 Way: 0 Address: 0x2fa0c95ba
  Set: 599 Way: 0 Address: 0x2fa0c95c0
  Set: 600 Way: 0 Address: 0x2fa0c9600
  Set: 604 Way: 0 Address: 0x2fa0c9718
  Set: 605 Way: 0 Address: 0x2fa0c9748
  Set: 609 Way: 0 Address: 0x2fa0c9840
  Set: 610 Way: 0 Address: 0x2fa0c9880
  Set: 611 Way: 0 Address: 0x2fa0c98c0
  Set: 615 Way: 0 Address: 0x2fa0c99c0
  Set: 616 Way: 0 Address: 0x2fa0c9a00
  Set: 620 Way: 0 Address: 0x2fa0c9b00
  Set: 621 Way: 0 Address: 0x2fa0c9b40
  Set: 622 Way: 0 Address: 0x2fa0c9b80
  Set: 625 Way: 0 Address: 0x2c8749c4c
  Set: 626 Way: 0 Address: 0x2c8749c80
  Set: 626 Way: 1 Address: 0x2fa0c9c80
  Set: 627 Way: 0 Address: 0x2fa0c9cc0
  Set: 627 Way: 1 Address: 0x2c8749cc0
  Set: 628 Way: 0 Address: 0x2c8749d00
  Set: 629 Way: 0 Address: 0x2c8749d40
  Set: 630 Way: 0 Address: 0x2c8749d80
  Set: 631 Way: 0 Address: 0x2fa0c9dc0
  Set: 631 Way: 1 Address: 0x2c8749dc0
  Set: 632 Way: 0 Address: 0x2fa0c9e00
  Set: 632 Way: 1 Address: 0x2c8749e00
  Set: 633 Way: 0 Address: 0x2fa0c9e40
  Set: 637 Way: 0 Address: 0x2fa0c9f40
  Set: 638 Way: 0 Address: 0x2fa0c9f80
  Set: 768 Way: 0 Address: 0x32f48c000
  Set: 769 Way: 0 Address: 0x32f48c040
  Set: 770 Way: 0 Address: 0x32f48c080
  Set: 771 Way: 0 Address: 0x32f48c0c0
  Set: 772 Way: 0 Address: 0x32f48c100
  Set: 773 Way: 0 Address: 0x32f48c140
  Set: 842 Way: 0 Address: 0x5588d288
  Set: 844 Way: 0 Address: 0x5588d308
  Set: 898 Way: 0 Address: 0x1c084e088
  Set: 899 Way: 0 Address: 0x1c084e0c0
  Set: 900 Way: 0 Address: 0x1c084e100
  Set: 901 Way: 0 Address: 0x1c084e140
  Set: 902 Way: 0 Address: 0x1c084e180
  Set: 903 Way: 0 Address: 0x1c084e1c0
  Set: 904 Way: 0 Address: 0x1c084e200
  Set: 905 Way: 0 Address: 0x1c084e240
  Set: 929 Way: 0 Address: 0x2f5d8e860
  Set: 934 Way: 0 Address: 0x3734ee980
  Set: 960 Way: 0 Address: 0x16390f000
  Set: 964 Way: 0 Address: 0x16390f118
  Set: 965 Way: 0 Address: 0x16390f14c
  Set: 969 Way: 0 Address: 0x16390f278
  Set: 970 Way: 0 Address: 0x16390f280
  Set: 970 Way: 1 Address: 0x22272f290
  Set: 971 Way: 0 Address: 0x16390f2c2
  Set: 975 Way: 0 Address: 0x16390f3d8
  Set: 976 Way: 0 Address: 0x16390f40c
  Set: 980 Way: 0 Address: 0x16390f53e
  Set: 981 Way: 0 Address: 0x16390f540
  Set: 982 Way: 0 Address: 0x16390f580
  Set: 983 Way: 0 Address: 0x23756f5ec
  Set: 984 Way: 0 Address: 0x23756f600
  Set: 985 Way: 0 Address: 0x23756f640
  Set: 986 Way: 0 Address: 0x16390f69e
  Set: 986 Way: 1 Address: 0x23756f680
  Set: 987 Way: 0 Address: 0x16390f6c8
  Set: 987 Way: 1 Address: 0x23756f6c0
  Set: 988 Way: 0 Address: 0x23756f700
  Set: 989 Way: 0 Address: 0x23756f740
  Set: 990 Way: 0 Address: 0x23756f780
  Set: 991 Way: 0 Address: 0x16390f7f8
  Set: 992 Way: 0 Address: 0x16390f800
  Set: 993 Way: 0 Address: 0x16390f840
  Set: 997 Way: 0 Address: 0x16390f958
  Set: 998 Way: 0 Address: 0x16390f98e
  Set: 1002 Way: 0 Address: 0x16390fab8
  Set: 1003 Way: 0 Address: 0x16390fac0
  Set: 1004 Way: 0 Address: 0x16390fb00
  Set: 1005 Way: 0 Address: 0xee86fb68
  Set: 1005 Way: 1 Address: 0x143efb70
  Set: 1008 Way: 0 Address: 0x16390fc00
  Set: 1009 Way: 0 Address: 0x16390fc40
  Set: 1013 Way: 0 Address: 0x16390fd40
  Set: 1014 Way: 0 Address: 0x16390fd80
  Set: 1015 Way: 0 Address: 0x16390fdc0
  Set: 1019 Way: 0 Address: 0x16390fed8
  Set: 1020 Way: 0 Address: 0x16390ff08
  Set: 1034 Way: 0 Address: 0x14bb10288
  Set: 1034 Way: 1 Address: 0x2177f0298
  Set: 1035 Way: 0 Address: 0x2177f02c0
  Set: 1100 Way: 0 Address: 0x19c791300
  Set: 1152 Way: 0 Address: 0x133c92000
  Set: 1158 Way: 0 Address: 0x1995f21b0
  Set: 1166 Way: 0 Address: 0x9cff2390
  Set: 1167 Way: 0 Address: 0x9cff23c0
  Set: 1168 Way: 0 Address: 0x9cff242a
  Set: 1169 Way: 0 Address: 0x9cff2446
  Set: 1170 Way: 0 Address: 0x9cff2482
  Set: 1171 Way: 0 Address: 0x9cff24c1
  Set: 1172 Way: 0 Address: 0x9cff2510
  Set: 1173 Way: 0 Address: 0x9cff2543
  Set: 1175 Way: 0 Address: 0x9cff25c8
  Set: 1176 Way: 0 Address: 0x9cff2600
  Set: 1177 Way: 0 Address: 0x9cff2645
  Set: 1213 Way: 0 Address: 0x133c92f78
  Set: 1214 Way: 0 Address: 0x133c92f80
  Set: 1215 Way: 0 Address: 0x133c92fc0
  Set: 1217 Way: 0 Address: 0x3c56b3070
  Set: 1226 Way: 0 Address: 0x3232f32b0
  Set: 1227 Way: 0 Address: 0x2577132c8
  Set: 1249 Way: 0 Address: 0x34a873870
  Set: 1270 Way: 0 Address: 0x2b2e93d8c
  Set: 1271 Way: 0 Address: 0x2b2e93dc0
  Set: 1272 Way: 0 Address: 0x2b2e93e00
  Set: 1273 Way: 0 Address: 0x2b2e93e40
  Set: 1274 Way: 0 Address: 0x2b2e93e80
  Set: 1275 Way: 0 Address: 0x2b2e93ec0
  Set: 1276 Way: 0 Address: 0x2b2e93f00
  Set: 1277 Way: 0 Address: 0x2b2e93f40
  Set: 1278 Way: 0 Address: 0x2b2e93f80
  Set: 1282 Way: 0 Address: 0x397bb40a8
  Set: 1290 Way: 0 Address: 0x3c1074280
  Set: 1291 Way: 0 Address: 0x3c10742e8
  Set: 1292 Way: 0 Address: 0x3de4d4300
  Set: 1292 Way: 1 Address: 0x3c1074308
  Set: 1344 Way: 0 Address: 0x195f15000
  Set: 1354 Way: 0 Address: 0x1b0f152bc
  Set: 1355 Way: 0 Address: 0x1b0f152c0
  Set: 1356 Way: 0 Address: 0x1b0f15300
  Set: 1357 Way: 0 Address: 0x1b0f15340
  Set: 1358 Way: 0 Address: 0x1b0f15380
  Set: 1359 Way: 0 Address: 0x1b0f153c0
  Set: 1360 Way: 0 Address: 0x1b0f15400
  Set: 1361 Way: 0 Address: 0x1b0f15440
  Set: 1362 Way: 0 Address: 0x1b0f15480
  Set: 1393 Way: 0 Address: 0x354d35c7c
  Set: 1394 Way: 0 Address: 0x354d35c80
  Set: 1395 Way: 0 Address: 0x354d35cc0
  Set: 1396 Way: 0 Address: 0x354d35d00
  Set: 1397 Way: 0 Address: 0x354d35d40
  Set: 1398 Way: 0 Address: 0x354d35d80
  Set: 1399 Way: 0 Address: 0x354d35dc0
  Set: 1400 Way: 0 Address: 0x354d35e00
  Set: 1401 Way: 0 Address: 0x354d35e40
  Set: 1402 Way: 0 Address: 0x354d35e80
  Set: 1419 Way: 0 Address: 0x848962f0
  Set: 1419 Way: 1 Address: 0x211d162f8
  Set: 1453 Way: 0 Address: 0x43736b70
  Set: 1454 Way: 0 Address: 0x43736b80
  Set: 1499 Way: 0 Address: 0x276ff76e0
  Set: 1500 Way: 0 Address: 0x276ff7700
  Set: 1501 Way: 0 Address: 0x276ff7740
  Set: 1542 Way: 0 Address: 0x3bdd781ac
  Set: 1543 Way: 0 Address: 0x3bdd781c0
  Set: 1544 Way: 0 Address: 0x3bdd78200
  Set: 1545 Way: 0 Address: 0x3bdd78240
  Set: 1546 Way: 0 Address: 0x2c98982a8
  Set: 1546 Way: 1 Address: 0x3bdd78280
  Set: 1547 Way: 0 Address: 0x3bdd782c0
  Set: 1548 Way: 0 Address: 0x3bdd78300
  Set: 1549 Way: 0 Address: 0x3bdd78340
  Set: 1580 Way: 0 Address: 0xc7078b08
  Set: 1599 Way: 0 Address: 0x1aafb8fe8
  Set: 1611 Way: 0 Address: 0x3120992d8
  Set: 1646 Way: 0 Address: 0x292959bb0
  Set: 1666 Way: 0 Address: 0xc67da0b8
  Set: 1667 Way: 0 Address: 0xc67da0c0
  Set: 1668 Way: 0 Address: 0xc67da100
  Set: 1672 Way: 0 Address: 0x1d89da208
  Set: 1672 Way: 1 Address: 0xc67da200
  Set: 1673 Way: 0 Address: 0xc67da240
  Set: 1677 Way: 0 Address: 0xc67da340
  Set: 1678 Way: 0 Address: 0xc67da380
  Set: 1679 Way: 0 Address: 0xc67da3c0
  Set: 1683 Way: 0 Address: 0xc67da4c0
  Set: 1684 Way: 0 Address: 0xc67da500
  Set: 1688 Way: 0 Address: 0xc67da600
  Set: 1689 Way: 0 Address: 0xc67da640
  Set: 1690 Way: 0 Address: 0xc67da680
  Set: 1694 Way: 0 Address: 0xc67da780
  Set: 1695 Way: 0 Address: 0x223eda7f8
  Set: 1695 Way: 1 Address: 0xc67da7c0
  Set: 1699 Way: 0 Address: 0xc67da8c0
  Set: 1700 Way: 0 Address: 0xc67da900
  Set: 1701 Way: 0 Address: 0xc67da940
  Set: 1705 Way: 0 Address: 0xc67daa40
  Set: 1706 Way: 0 Address: 0xc67daa80
  Set: 1710 Way: 0 Address: 0xc67dab80
  Set: 1730 Way: 0 Address: 0x3b377b09c
  Set: 1731 Way: 0 Address: 0x3b377b0c0
  Set: 1732 Way: 0 Address: 0x3b377b100
  Set: 1733 Way: 0 Address: 0x3b377b140
  Set: 1734 Way: 0 Address: 0x3b377b180
  Set: 1735 Way: 0 Address: 0x394edb1fc
  Set: 1735 Way: 1 Address: 0x3b377b1c0
  Set: 1736 Way: 0 Address: 0x394edb204
  Set: 1736 Way: 1 Address: 0x3b377b200
  Set: 1737 Way: 0 Address: 0x394edb240
  Set: 1737 Way: 1 Address: 0x3b377b240
  Set: 1738 Way: 0 Address: 0xc0d9b2b8
  Set: 1741 Way: 0 Address: 0x394edb358
  Set: 1742 Way: 0 Address: 0x394edb380
  Set: 1746 Way: 0 Address: 0x394edb4b8
  Set: 1747 Way: 0 Address: 0x394edb4c0
  Set: 1748 Way: 0 Address: 0x394edb500
  Set: 1752 Way: 0 Address: 0x394edb600
  Set: 1753 Way: 0 Address: 0x394edb640
  Set: 1757 Way: 0 Address: 0x394edb77e
  Set: 1758 Way: 0 Address: 0x394edb786
  Set: 1759 Way: 0 Address: 0x394edb7c0
  Set: 1763 Way: 0 Address: 0x394edb8c0
  Set: 1764 Way: 0 Address: 0x394edb900
  Set: 1768 Way: 0 Address: 0xcf83ba2c
  Set: 1768 Way: 1 Address: 0x394edba38
  Set: 1769 Way: 0 Address: 0xcf83ba40
  Set: 1769 Way: 1 Address: 0x394edba42
  Set: 1770 Way: 0 Address: 0xcf83ba80
  Set: 1770 Way: 1 Address: 0x394edba80
  Set: 1771 Way: 0 Address: 0xcf83bac0
  Set: 1772 Way: 0 Address: 0xcf83bb00
  Set: 1773 Way: 0 Address: 0xcf83bb40
  Set: 1774 Way: 0 Address: 0x394edbb98
  Set: 1774 Way: 1 Address: 0xcf83bb80
  Set: 1775 Way: 0 Address: 0x394edbbca
  Set: 1775 Way: 1 Address: 0xcf83bbc0
  Set: 1779 Way: 0 Address: 0x394edbcf8
  Set: 1780 Way: 0 Address: 0x394edbd00
  Set: 1781 Way: 0 Address: 0x394edbd40
  Set: 1785 Way: 0 Address: 0x394edbe58
  Set: 1786 Way: 0 Address: 0x394edbe88
  Set: 1790 Way: 0 Address: 0x394edbfb8
  Set: 1791 Way: 0 Address: 0x394edbfc0
  Set: 1792 Way: 0 Address: 0xdf85c000
  Set: 1827 Way: 0 Address: 0x12c6fc8c8
  Set: 1853 Way: 0 Address: 0x38e35cf58
  Set: 1854 Way: 0 Address: 0x38e35cfa4
  Set: 1855 Way: 0 Address: 0x38e35cffc
  Set: 1862 Way: 0 Address: 0x23755d1a8
  Set: 1867 Way: 0 Address: 0x1add2e8
  Set: 1920 Way: 0 Address: 0x28b67e000
  Set: 1920 Way: 1 Address: 0x1f919e010
  Set: 1921 Way: 0 Address: 0x1f919e070
  Set: 1922 Way: 0 Address: 0x1f919e0a8
  Set: 1951 Way: 0 Address: 0x28b67e7f8
  Set: 1956 Way: 0 Address: 0x20597e91c
  Set: 1957 Way: 0 Address: 0x20597e940
  Set: 1958 Way: 0 Address: 0x20597e980
  Set: 1959 Way: 0 Address: 0x20597e9c0
  Set: 1960 Way: 0 Address: 0x20597ea00
  Set: 1961 Way: 0 Address: 0x20597ea40
  Set: 1962 Way: 0 Address: 0x20597ea80
  Set: 1963 Way: 0 Address: 0x20597eac0
  Set: 1973 Way: 0 Address: 0x2db79ed58
  Set: 1974 Way: 0 Address: 0x2db79ed80
  Set: 1975 Way: 0 Address: 0x2db79edc0
  Set: 1976 Way: 0 Address: 0x2db79ee00
  Set: 1977 Way: 0 Address: 0x2db79ee40
  Set: 1978 Way: 0 Address: 0x2db79ee80
  Set: 1979 Way: 0 Address: 0x2db79eec0
  Set: 1980 Way: 0 Address: 0x2db79ef00
EndCache
