Cache: cpu0_STLB
  Set: 12 Way: 0 Address: 0x2b0c8f0
  Set: 13 Way: 0 Address: 0x2b0d136
  Set: 14 Way: 0 Address: 0x2b0ee1a
  Set: 15 Way: 0 Address: 0x2b0f0ce
  Set: 48 Way: 0 Address: 0x730650
  Set: 53 Way: 0 Address: 0x7fff6ec35fe0
  Set: 54 Way: 0 Address: 0x7fff6ec3616e
  Set: 65 Way: 0 Address: 0x4414b7
  Set: 80 Way: 0 Address: 0x1e50720
  Set: 81 Way: 0 Address: 0x1e51c3c
  Set: 82 Way: 0 Address: 0x1e52d4c
  Set: 83 Way: 0 Address: 0x1e53e5c
  Set: 84 Way: 0 Address: 0x1e54f6c
  Set: 85 Way: 0 Address: 0x1e55000
  Set: 86 Way: 0 Address: 0x1e5607c
  Set: 87 Way: 0 Address: 0x1e5718c
  Set: 88 Way: 0 Address: 0x1e5829c
  Set: 89 Way: 0 Address: 0x1e593a8
  Set: 90 Way: 0 Address: 0x1e5a4b8
  Set: 91 Way: 0 Address: 0x1e5b5c8
  Set: 92 Way: 0 Address: 0x1e5c6d8
  Set: 93 Way: 0 Address: 0x1e5d7e8
  Set: 94 Way: 0 Address: 0x1e5e8f8
  Set: 95 Way: 0 Address: 0x1e5fa08
  Set: 96 Way: 0 Address: 0x4608a0
  Set: 96 Way: 1 Address: 0x1e60b18
  Set: 97 Way: 0 Address: 0x7618c8
  Set: 109 Way: 0 Address: 0x1d6d70c
  Set: 110 Way: 0 Address: 0x1d6e81c
  Set: 112 Way: 0 Address: 0x1d70848
EndCache
Cache: cpu0_L2C
  Set: 0 Way: 0 Address: 0x342b40000
  Set: 4 Way: 0 Address: 0x342b40136
  Set: 5 Way: 0 Address: 0x342b40140
  Set: 9 Way: 0 Address: 0x342b4027e
  Set: 10 Way: 0 Address: 0x14bb10288
  Set: 10 Way: 1 Address: 0x342b40292
  Set: 11 Way: 0 Address: 0x342b402c0
  Set: 12 Way: 0 Address: 0x14bb10300
  Set: 15 Way: 0 Address: 0x342b403f0
  Set: 16 Way: 0 Address: 0x342b40400
  Set: 20 Way: 0 Address: 0x342b4053e
  Set: 21 Way: 0 Address: 0x342b40550
  Set: 22 Way: 0 Address: 0x342b40580
  Set: 26 Way: 0 Address: 0x342b406b0
  Set: 27 Way: 0 Address: 0x342b406c0
  Set: 28 Way: 0 Address: 0x6e62070c
  Set: 29 Way: 0 Address: 0x6e620740
  Set: 30 Way: 0 Address: 0x6e620780
  Set: 31 Way: 0 Address: 0x2177f07e8
  Set: 31 Way: 1 Address: 0x6e6207c0
  Set: 31 Way: 2 Address: 0x342b407fe
  Set: 32 Way: 0 Address: 0x342b40810
  Set: 32 Way: 1 Address: 0x2177f0800
  Set: 32 Way: 2 Address: 0x6e620800
  Set: 33 Way: 0 Address: 0x2177f0840
  Set: 33 Way: 1 Address: 0x6e620840
  Set: 33 Way: 2 Address: 0x342b40840
  Set: 34 Way: 0 Address: 0x2177f0880
  Set: 34 Way: 1 Address: 0x6e620880
  Set: 35 Way: 0 Address: 0x2177f08c0
  Set: 35 Way: 1 Address: 0x6e6208c0
  Set: 36 Way: 0 Address: 0x2177f0900
  Set: 37 Way: 0 Address: 0x342b40976
  Set: 37 Way: 1 Address: 0x2177f0940
  Set: 38 Way: 0 Address: 0x342b40984
  Set: 38 Way: 1 Address: 0x2177f0980
  Set: 42 Way: 0 Address: 0x342b40abe
  Set: 43 Way: 0 Address: 0x342b40ad0
  Set: 44 Way: 0 Address: 0x342b40b00
  Set: 48 Way: 0 Address: 0x342b40c30
  Set: 49 Way: 0 Address: 0x342b40c40
  Set: 53 Way: 0 Address: 0x342b40d7e
  Set: 54 Way: 0 Address: 0x342b40d90
  Set: 55 Way: 0 Address: 0x342b40dc0
  Set: 59 Way: 0 Address: 0x342b40ef0
  Set: 60 Way: 0 Address: 0x342b40f06
  Set: 64 Way: 0 Address: 0xf6e81002
  Set: 65 Way: 0 Address: 0xf6e81040
  Set: 65 Way: 1 Address: 0x342b41040
  Set: 66 Way: 0 Address: 0xf6e81080
  Set: 66 Way: 1 Address: 0x342b41080
  Set: 67 Way: 0 Address: 0xf6e810c0
  Set: 68 Way: 0 Address: 0xf6e81100
  Set: 69 Way: 0 Address: 0xf6e8116e
  Set: 70 Way: 0 Address: 0xf6e81180
  Set: 70 Way: 1 Address: 0x181c8118c
  Set: 70 Way: 2 Address: 0x342b41180
  Set: 71 Way: 0 Address: 0xf6e811c0
  Set: 71 Way: 1 Address: 0x181c811c0
  Set: 71 Way: 2 Address: 0x342b411c0
  Set: 72 Way: 0 Address: 0x113201208
  Set: 72 Way: 1 Address: 0x181c81200
  Set: 73 Way: 0 Address: 0x181c81240
  Set: 74 Way: 0 Address: 0x181c81280
  Set: 75 Way: 0 Address: 0x181c812c0
  Set: 76 Way: 0 Address: 0x113201300
  Set: 76 Way: 1 Address: 0x181c81300
  Set: 76 Way: 2 Address: 0x342b41300
  Set: 77 Way: 0 Address: 0x342b41340
  Set: 77 Way: 1 Address: 0x181c81340
  Set: 82 Way: 0 Address: 0x342b41480
  Set: 97 Way: 0 Address: 0x2a4841870
  Set: 139 Way: 0 Address: 0x133c922f8
  Set: 140 Way: 0 Address: 0x9cff2300
  Set: 172 Way: 0 Address: 0x6d0c2b08
  Set: 174 Way: 0 Address: 0x1c84e2bb0
  Set: 185 Way: 0 Address: 0x1064c2e5c
  Set: 186 Way: 0 Address: 0x1064c2e80
  Set: 187 Way: 0 Address: 0x1064c2ec0
  Set: 188 Way: 0 Address: 0x1064c2f00
  Set: 189 Way: 0 Address: 0x1995f2f58
  Set: 189 Way: 1 Address: 0x1064c2f40
  Set: 190 Way: 0 Address: 0x1995f2fbc
  Set: 190 Way: 1 Address: 0x1064c2f80
  Set: 191 Way: 0 Address: 0x1995f2fe0
  Set: 191 Way: 1 Address: 0x1064c2fc0
  Set: 194 Way: 0 Address: 0x263c130a8
  Set: 202 Way: 0 Address: 0x3b08032a0
  Set: 202 Way: 1 Address: 0x2577132a8
  Set: 203 Way: 0 Address: 0x2577132c0
  Set: 206 Way: 0 Address: 0x2b2e933a8
  Set: 207 Way: 0 Address: 0x2b2e933c0
  Set: 208 Way: 0 Address: 0x2b2e93400
  Set: 209 Way: 0 Address: 0x2b2e93440
  Set: 210 Way: 0 Address: 0x2b2e93480
  Set: 211 Way: 0 Address: 0x2b2e934c0
  Set: 212 Way: 0 Address: 0x2b2e93500
  Set: 213 Way: 0 Address: 0x2b2e93540
  Set: 237 Way: 0 Address: 0x3c56b3b70
  Set: 238 Way: 0 Address: 0x3c56b3b80
  Set: 240 Way: 0 Address: 0x3232f3c3c
  Set: 241 Way: 0 Address: 0x3232f3c40
  Set: 242 Way: 0 Address: 0x3232f3c80
  Set: 243 Way: 0 Address: 0x3232f3cc0
  Set: 244 Way: 0 Address: 0x3232f3d00
  Set: 245 Way: 0 Address: 0x3232f3d40
  Set: 246 Way: 0 Address: 0x3232f3d80
  Set: 247 Way: 0 Address: 0x3232f3dc0
  Set: 248 Way: 0 Address: 0x3232f3e00
  Set: 256 Way: 0 Address: 0x3de4d4018
  Set: 256 Way: 1 Address: 0xb8004018
  Set: 257 Way: 0 Address: 0x3de4d4070
  Set: 267 Way: 0 Address: 0x1ab442e8
  Set: 289 Way: 0 Address: 0x3c1074860
  Set: 290 Way: 0 Address: 0x397bb48a0
  Set: 320 Way: 0 Address: 0x195f15010
  Set: 321 Way: 0 Address: 0x195f15070
  Set: 322 Way: 0 Address: 0x195f150a8
  Set: 330 Way: 0 Address: 0x1b0f15298
  Set: 331 Way: 0 Address: 0x1b0f152c0
  Set: 365 Way: 0 Address: 0x354d35b70
  Set: 384 Way: 0 Address: 0x3d87a6000
  Set: 385 Way: 0 Address: 0x43736078
  Set: 394 Way: 0 Address: 0x27d4c62b8
  Set: 395 Way: 0 Address: 0x3dae662d8
  Set: 402 Way: 0 Address: 0x848964b8
  Set: 403 Way: 0 Address: 0x848964c0
  Set: 404 Way: 0 Address: 0x84896500
  Set: 405 Way: 0 Address: 0x84896540
  Set: 406 Way: 0 Address: 0x84896580
  Set: 407 Way: 0 Address: 0x848965c0
  Set: 408 Way: 0 Address: 0x84896600
  Set: 409 Way: 0 Address: 0x84896640
  Set: 410 Way: 0 Address: 0x84896680
  Set: 413 Way: 0 Address: 0x211d1677e
  Set: 414 Way: 0 Address: 0x211d16782
  Set: 415 Way: 0 Address: 0x211d167c0
  Set: 419 Way: 0 Address: 0x211d168f0
  Set: 420 Way: 0 Address: 0x211d16900
  Set: 424 Way: 0 Address: 0x211d16a3e
  Set: 425 Way: 0 Address: 0x211d16a50
  Set: 426 Way: 0 Address: 0x211d16a80
  Set: 430 Way: 0 Address: 0x211d16bb0
  Set: 431 Way: 0 Address: 0x211d16bc0
  Set: 435 Way: 0 Address: 0x211d16cfe
  Set: 436 Way: 0 Address: 0x211d16d10
  Set: 437 Way: 0 Address: 0x211d16d40
  Set: 441 Way: 0 Address: 0x211d16e76
  Set: 442 Way: 0 Address: 0x211d16e80
  Set: 445 Way: 0 Address: 0x3d87a6f6c
  Set: 446 Way: 0 Address: 0x3d87a6f80
  Set: 446 Way: 1 Address: 0x211d16fbe
  Set: 447 Way: 0 Address: 0x211d16fd0
  Set: 447 Way: 1 Address: 0x3d87a6fc0
  Set: 458 Way: 0 Address: 0x309887280
  Set: 458 Way: 1 Address: 0xbeea7288
  Set: 459 Way: 0 Address: 0x3098872c8
  Set: 475 Way: 0 Address: 0x276ff76d8
  Set: 476 Way: 0 Address: 0x276ff7700
  Set: 477 Way: 0 Address: 0x276ff7740
  Set: 478 Way: 0 Address: 0x276ff7780
  Set: 479 Way: 0 Address: 0x276ff77c0
  Set: 480 Way: 0 Address: 0x276ff7800
  Set: 481 Way: 0 Address: 0x276ff7840
  Set: 482 Way: 0 Address: 0x276ff7880
  Set: 518 Way: 0 Address: 0x1aafb81b0
  Set: 522 Way: 0 Address: 0x3bdd78290
  Set: 544 Way: 0 Address: 0x201598838
  Set: 545 Way: 0 Address: 0x201598848
  Set: 545 Way: 1 Address: 0xc7078878
  Set: 545 Way: 2 Address: 0x2c9898868
  Set: 546 Way: 0 Address: 0x201598894
  Set: 547 Way: 0 Address: 0x2015988c4
  Set: 548 Way: 0 Address: 0x201598914
  Set: 549 Way: 0 Address: 0x201598948
  Set: 550 Way: 0 Address: 0x20159899c
  Set: 551 Way: 0 Address: 0x2015989f4
  Set: 552 Way: 0 Address: 0x201598a04
  Set: 553 Way: 0 Address: 0x201598a44
  Set: 554 Way: 0 Address: 0x201598aa4
  Set: 555 Way: 0 Address: 0x201598ae0
  Set: 556 Way: 0 Address: 0x201598b24
  Set: 557 Way: 0 Address: 0x201598b60
  Set: 558 Way: 0 Address: 0x201598b8c
  Set: 559 Way: 0 Address: 0x201598bc0
  Set: 576 Way: 0 Address: 0x2c8749000
  Set: 577 Way: 0 Address: 0x31209907c
  Set: 577 Way: 1 Address: 0x2c8749040
  Set: 578 Way: 0 Address: 0x312099080
  Set: 578 Way: 1 Address: 0x2c8749080
  Set: 579 Way: 0 Address: 0x3120990c0
  Set: 579 Way: 1 Address: 0x2c87490c0
  Set: 580 Way: 0 Address: 0x312099100
  Set: 580 Way: 1 Address: 0x2c8749100
  Set: 581 Way: 0 Address: 0x312099140
  Set: 582 Way: 0 Address: 0x2929591a8
  Set: 582 Way: 1 Address: 0x312099180
  Set: 583 Way: 0 Address: 0x3120991c0
  Set: 584 Way: 0 Address: 0x312099200
  Set: 585 Way: 0 Address: 0x312099240
  Set: 601 Way: 0 Address: 0x2ee369650
  Set: 640 Way: 0 Address: 0x229b9a000
  Set: 671 Way: 0 Address: 0x1d89da7f8
  Set: 703 Way: 0 Address: 0x223edafe8
  Set: 714 Way: 0 Address: 0xcf83b29c
  Set: 715 Way: 0 Address: 0xcf83b2c0
  Set: 716 Way: 0 Address: 0xcf83b300
  Set: 717 Way: 0 Address: 0xcf83b340
  Set: 718 Way: 0 Address: 0xcf83b380
  Set: 719 Way: 0 Address: 0xcf83b3c0
  Set: 720 Way: 0 Address: 0xcf83b400
  Set: 721 Way: 0 Address: 0xcf83b440
  Set: 748 Way: 0 Address: 0x3b377bb18
  Set: 749 Way: 0 Address: 0x394edbb68
  Set: 749 Way: 1 Address: 0x3b377bb40
  Set: 750 Way: 0 Address: 0x3b377bb80
  Set: 751 Way: 0 Address: 0x3b377bbc0
  Set: 752 Way: 0 Address: 0x3b377bc00
  Set: 753 Way: 0 Address: 0x3b377bc40
  Set: 754 Way: 0 Address: 0x3b377bc80
  Set: 755 Way: 0 Address: 0x3b377bcc0
  Set: 757 Way: 0 Address: 0xc0d9bd4c
  Set: 758 Way: 0 Address: 0xc0d9bd80
  Set: 759 Way: 0 Address: 0xc0d9bdc0
  Set: 760 Way: 0 Address: 0xc0d9be00
  Set: 761 Way: 0 Address: 0xc0d9be40
  Set: 762 Way: 0 Address: 0xc0d9be80
  Set: 763 Way: 0 Address: 0xc0d9bec0
  Set: 764 Way: 0 Address: 0xc0d9bf00
  Set: 768 Way: 0 Address: 0xdf85c000
  Set: 768 Way: 1 Address: 0x29484c03e
  Set: 769 Way: 0 Address: 0x29484c050
  Set: 770 Way: 0 Address: 0x29484c080
  Set: 770 Way: 1 Address: 0x12c6fc0be
  Set: 771 Way: 0 Address: 0x12c6fc0ce
  Set: 774 Way: 0 Address: 0x29484c1b0
  Set: 775 Way: 0 Address: 0x29484c1c0
  Set: 776 Way: 0 Address: 0x12c6fc22e
  Set: 777 Way: 0 Address: 0x12c6fc240
  Set: 779 Way: 0 Address: 0x38e35c2e0
  Set: 779 Way: 1 Address: 0x29484c2fe
  Set: 780 Way: 0 Address: 0x38e35c300
  Set: 780 Way: 1 Address: 0x29484c310
  Set: 781 Way: 0 Address: 0x29484c340
  Set: 782 Way: 0 Address: 0x12c6fc38e
  Set: 785 Way: 0 Address: 0x29484c470
  Set: 786 Way: 0 Address: 0x29484c484
  Set: 787 Way: 0 Address: 0x12c6fc4e6
  Set: 788 Way: 0 Address: 0x12c6fc500
  Set: 790 Way: 0 Address: 0x29484c5be
  Set: 791 Way: 0 Address: 0x29484c5d2
  Set: 792 Way: 0 Address: 0x29484c600
  Set: 793 Way: 0 Address: 0x12c6fc640
  Set: 796 Way: 0 Address: 0x29484c732
  Set: 797 Way: 0 Address: 0x29484c740
  Set: 801 Way: 0 Address: 0x29484c87e
  Set: 802 Way: 0 Address: 0x29484c892
  Set: 803 Way: 0 Address: 0x29484c8c0
  Set: 807 Way: 0 Address: 0x29484c9f6
  Set: 808 Way: 0 Address: 0x29484ca00
  Set: 812 Way: 0 Address: 0x29484cb3e
  Set: 813 Way: 0 Address: 0x29484cb50
  Set: 814 Way: 0 Address: 0x29484cb80
  Set: 818 Way: 0 Address: 0x29484ccb0
  Set: 819 Way: 0 Address: 0x29484ccc0
  Set: 823 Way: 0 Address: 0x29484cdfe
  Set: 824 Way: 0 Address: 0x29484ce1a
  Set: 825 Way: 0 Address: 0x29484ce40
  Set: 829 Way: 0 Address: 0x29484cf6e
  Set: 830 Way: 0 Address: 0x29484cf80
  Set: 835 Way: 0 Address: 0x29484d0c0
  Set: 836 Way: 0 Address: 0x29484d100
  Set: 840 Way: 0 Address: 0x29484d200
  Set: 841 Way: 0 Address: 0x29484d240
  Set: 843 Way: 0 Address: 0x5588d2f0
  Set: 847 Way: 0 Address: 0x29484d3c0
  Set: 851 Way: 0 Address: 0x29484d4c0
  Set: 855 Way: 0 Address: 0x1add5c8
  Set: 856 Way: 0 Address: 0x1add600
  Set: 857 Way: 0 Address: 0x1add640
  Set: 858 Way: 0 Address: 0x1add680
  Set: 859 Way: 0 Address: 0x23755d6e0
  Set: 859 Way: 1 Address: 0x1add6c0
  Set: 860 Way: 0 Address: 0x23755d720
  Set: 860 Way: 1 Address: 0x1add700
  Set: 861 Way: 0 Address: 0x23755d740
  Set: 861 Way: 1 Address: 0x1add740
  Set: 862 Way: 0 Address: 0x1add780
  Set: 876 Way: 0 Address: 0x23755db2c
  Set: 877 Way: 0 Address: 0x23755db40
  Set: 878 Way: 0 Address: 0x23755db80
  Set: 879 Way: 0 Address: 0x23755dbc0
  Set: 880 Way: 0 Address: 0x23755dc00
  Set: 881 Way: 0 Address: 0x23755dc40
  Set: 882 Way: 0 Address: 0x23755dc80
  Set: 883 Way: 0 Address: 0x23755dcc0
  Set: 896 Way: 0 Address: 0x28b67e000
  Set: 906 Way: 0 Address: 0x20597e2a8
  Set: 910 Way: 0 Address: 0x1f919e390
  Set: 911 Way: 0 Address: 0x1f919e3c0
  Set: 912 Way: 0 Address: 0x1f919e410
  Set: 913 Way: 0 Address: 0x1f919e446
  Set: 914 Way: 0 Address: 0x1f919e4b7
  Set: 915 Way: 0 Address: 0x1f919e4c1
  Set: 916 Way: 0 Address: 0x1f919e501
  Set: 917 Way: 0 Address: 0x1f919e543
  Set: 919 Way: 0 Address: 0x1f919e5c8
  Set: 920 Way: 0 Address: 0x1f919e600
  Set: 921 Way: 0 Address: 0x1f919e645
  Set: 927 Way: 0 Address: 0x28b67e7f8
  Set: 928 Way: 0 Address: 0x1c084e81c
  Set: 929 Way: 0 Address: 0x1c084e840
  Set: 930 Way: 0 Address: 0x1c084e880
  Set: 931 Way: 0 Address: 0x2f5d8e8c8
  Set: 931 Way: 1 Address: 0x1c084e8c0
  Set: 932 Way: 0 Address: 0x1c084e900
  Set: 933 Way: 0 Address: 0x1c084e940
  Set: 934 Way: 0 Address: 0x1c084e980
  Set: 935 Way: 0 Address: 0x1c084e9c0
  Set: 936 Way: 0 Address: 0x2db79ea08
  Set: 937 Way: 0 Address: 0x2db79ea40
  Set: 938 Way: 0 Address: 0x2db79ea80
  Set: 939 Way: 0 Address: 0x2db79eac0
  Set: 940 Way: 0 Address: 0x2db79eb00
  Set: 941 Way: 0 Address: 0x2db79eb40
  Set: 942 Way: 0 Address: 0x2db79eb80
  Set: 943 Way: 0 Address: 0x2db79ebc0
  Set: 970 Way: 0 Address: 0x23756f2b0
  Set: 971 Way: 0 Address: 0xee86f2c8
  Set: 971 Way: 1 Address: 0x143ef2d0
  Set: 995 Way: 0 Address: 0x22272f8f8
  Set: 996 Way: 0 Address: 0x22272f900
  Set: 997 Way: 0 Address: 0x22272f940
  Set: 998 Way: 0 Address: 0x16390f980
  Set: 998 Way: 1 Address: 0x22272f980
  Set: 999 Way: 0 Address: 0x22272f9c0
  Set: 1000 Way: 0 Address: 0x22272fa00
  Set: 1001 Way: 0 Address: 0x22272fa40
  Set: 1002 Way: 0 Address: 0x22272fa80
  Set: 1003 Way: 0 Address: 0x22272fac0
EndCache
Cache: cpu0_L1I
  Set: 14 Way: 0 Address: 0x1f919e3af
  Set: 15 Way: 0 Address: 0x1f919e3ed
  Set: 16 Way: 0 Address: 0x1f919e431
  Set: 17 Way: 0 Address: 0x1f919e465
  Set: 18 Way: 0 Address: 0x1f919e4b7
  Set: 19 Way: 0 Address: 0x1f919e4df
  Set: 20 Way: 0 Address: 0x1f919e51d
  Set: 21 Way: 0 Address: 0x1f919e558
  Set: 23 Way: 0 Address: 0x1f919e5f0
  Set: 24 Way: 0 Address: 0x1f919e60d
  Set: 25 Way: 0 Address: 0x1f919e645
  Set: 34 Way: 0 Address: 0x397bb48a0
EndCache
Cache: cpu0_L1D
  Set: 0 Way: 0 Address: 0xdf85c000
  Set: 0 Way: 1 Address: 0x28b67e000
  Set: 0 Way: 2 Address: 0x229b9a000
  Set: 0 Way: 3 Address: 0x195f15010
  Set: 0 Way: 4 Address: 0x3de4d4018
  Set: 0 Way: 5 Address: 0xb8004018
  Set: 0 Way: 6 Address: 0xf6e8102a
  Set: 0 Way: 7 Address: 0x2c8749004
  Set: 0 Way: 8 Address: 0x342b40000
  Set: 0 Way: 9 Address: 0x29484c03e
  Set: 0 Way: 10 Address: 0x3d87a6000
  Set: 1 Way: 0 Address: 0x195f15070
  Set: 1 Way: 1 Address: 0x3de4d4070
  Set: 1 Way: 2 Address: 0x43736078
  Set: 1 Way: 3 Address: 0xf6e8105e
  Set: 1 Way: 4 Address: 0x31209907c
  Set: 1 Way: 5 Address: 0x29484c06a
  Set: 1 Way: 6 Address: 0x2c8749040
  Set: 2 Way: 0 Address: 0x195f150a8
  Set: 2 Way: 1 Address: 0x263c130a8
  Set: 2 Way: 2 Address: 0xf6e81096
  Set: 2 Way: 3 Address: 0x312099080
  Set: 2 Way: 4 Address: 0x2c8749080
  Set: 2 Way: 5 Address: 0x29484c080
  Set: 2 Way: 6 Address: 0x12c6fc0be
  Set: 3 Way: 0 Address: 0x12c6fc0ce
  Set: 3 Way: 1 Address: 0xf6e810de
  Set: 3 Way: 2 Address: 0x3120990c0
  Set: 3 Way: 3 Address: 0x2c87490c0
  Set: 4 Way: 0 Address: 0x342b40132
  Set: 4 Way: 1 Address: 0xf6e8111e
  Set: 4 Way: 2 Address: 0x312099100
  Set: 4 Way: 3 Address: 0x2c8749100
  Set: 5 Way: 0 Address: 0xf6e8117c
  Set: 5 Way: 1 Address: 0x342b4014a
  Set: 5 Way: 2 Address: 0x312099140
  Set: 6 Way: 0 Address: 0x1aafb81b0
  Set: 6 Way: 1 Address: 0x2929591a8
  Set: 6 Way: 2 Address: 0xf6e811be
  Set: 6 Way: 3 Address: 0x181c8118c
  Set: 6 Way: 4 Address: 0x29484c1ba
  Set: 6 Way: 5 Address: 0x312099180
  Set: 7 Way: 0 Address: 0xf6e811c0
  Set: 7 Way: 1 Address: 0x29484c1cc
  Set: 7 Way: 2 Address: 0x181c811c0
  Set: 7 Way: 3 Address: 0x3120991c0
  Set: 8 Way: 0 Address: 0x113201208
  Set: 8 Way: 1 Address: 0x12c6fc22e
  Set: 8 Way: 2 Address: 0x181c81200
  Set: 8 Way: 3 Address: 0x312099200
  Set: 9 Way: 0 Address: 0x12c6fc240
  Set: 9 Way: 1 Address: 0x181c81240
  Set: 9 Way: 2 Address: 0x342b4027e
  Set: 9 Way: 3 Address: 0x312099240
  Set: 10 Way: 0 Address: 0x181c81280
  Set: 10 Way: 1 Address: 0x14bb10298
  Set: 10 Way: 2 Address: 0xbeea7288
  Set: 10 Way: 3 Address: 0x3bdd78290
  Set: 10 Way: 4 Address: 0x1b0f15298
  Set: 10 Way: 5 Address: 0x342b402aa
  Set: 10 Way: 6 Address: 0x3b08032a0
  Set: 10 Way: 7 Address: 0x23756f2b0
  Set: 10 Way: 8 Address: 0x27d4c62b8
  Set: 10 Way: 9 Address: 0xcf83b29c
  Set: 10 Way: 10 Address: 0x2577132a8
  Set: 10 Way: 11 Address: 0x20597e2a8
  Set: 11 Way: 0 Address: 0x3098872d0
  Set: 11 Way: 1 Address: 0x342b402c0
  Set: 11 Way: 2 Address: 0x38e35c2e0
  Set: 11 Way: 3 Address: 0x29484c2fe
  Set: 11 Way: 4 Address: 0x143ef2d0
  Set: 11 Way: 5 Address: 0x5588d2f0
  Set: 11 Way: 6 Address: 0x1ab442e8
  Set: 11 Way: 7 Address: 0x133c922f8
  Set: 11 Way: 8 Address: 0x1b0f152c0
  Set: 11 Way: 9 Address: 0x2577132c0
  Set: 11 Way: 10 Address: 0xcf83b2c0
  Set: 11 Way: 11 Address: 0x181c812c0
  Set: 12 Way: 0 Address: 0x113201300
  Set: 12 Way: 1 Address: 0x9cff2300
  Set: 12 Way: 2 Address: 0x38e35c300
  Set: 12 Way: 3 Address: 0x14bb10300
  Set: 12 Way: 4 Address: 0x29484c328
  Set: 12 Way: 5 Address: 0xcf83b300
  Set: 12 Way: 6 Address: 0x181c81300
  Set: 13 Way: 0 Address: 0xcf83b340
  Set: 13 Way: 1 Address: 0x29484c340
  Set: 13 Way: 2 Address: 0x181c81340
  Set: 14 Way: 0 Address: 0x12c6fc38e
  Set: 14 Way: 1 Address: 0x2b2e933a8
  Set: 14 Way: 2 Address: 0xcf83b380
  Set: 15 Way: 0 Address: 0x342b403f0
  Set: 15 Way: 1 Address: 0x2b2e933c0
  Set: 15 Way: 2 Address: 0xcf83b3c0
  Set: 16 Way: 0 Address: 0x342b4040e
  Set: 16 Way: 1 Address: 0x2b2e93400
  Set: 16 Way: 2 Address: 0xcf83b400
  Set: 17 Way: 0 Address: 0x29484c47c
  Set: 17 Way: 1 Address: 0x2b2e93440
  Set: 17 Way: 2 Address: 0xcf83b440
  Set: 18 Way: 0 Address: 0x848964b8
  Set: 18 Way: 1 Address: 0x29484c484
  Set: 18 Way: 2 Address: 0x2b2e93480
  Set: 19 Way: 0 Address: 0x848964c0
  Set: 19 Way: 1 Address: 0x12c6fc4fc
  Set: 19 Way: 2 Address: 0x2b2e934c0
  Set: 20 Way: 0 Address: 0x84896500
  Set: 20 Way: 1 Address: 0x12c6fc500
  Set: 20 Way: 2 Address: 0x342b4053e
  Set: 20 Way: 3 Address: 0x2b2e93500
  Set: 21 Way: 0 Address: 0x342b40556
  Set: 21 Way: 1 Address: 0x84896540
  Set: 21 Way: 2 Address: 0x2b2e93540
  Set: 22 Way: 0 Address: 0x84896580
  Set: 22 Way: 1 Address: 0x342b40580
  Set: 22 Way: 2 Address: 0x29484c5be
  Set: 23 Way: 0 Address: 0x1add5c8
  Set: 23 Way: 1 Address: 0x29484c5d6
  Set: 23 Way: 2 Address: 0x848965c0
  Set: 24 Way: 0 Address: 0x1add600
  Set: 24 Way: 1 Address: 0x84896600
  Set: 24 Way: 2 Address: 0x29484c600
  Set: 25 Way: 0 Address: 0x2ee369650
  Set: 25 Way: 1 Address: 0x1add640
  Set: 25 Way: 2 Address: 0x84896640
  Set: 26 Way: 0 Address: 0x342b406b6
  Set: 26 Way: 1 Address: 0x1add680
  Set: 26 Way: 2 Address: 0x84896680
  Set: 27 Way: 0 Address: 0x276ff76d8
  Set: 27 Way: 1 Address: 0x23755d6f0
  Set: 27 Way: 2 Address: 0x342b406ca
  Set: 27 Way: 3 Address: 0x1add6c0
  Set: 28 Way: 0 Address: 0x23755d720
  Set: 28 Way: 1 Address: 0x6e62070c
  Set: 28 Way: 2 Address: 0x29484c73e
  Set: 28 Way: 3 Address: 0x276ff7700
  Set: 28 Way: 4 Address: 0x1add700
  Set: 29 Way: 0 Address: 0x23755d750
  Set: 29 Way: 1 Address: 0x29484c748
  Set: 29 Way: 2 Address: 0x6e620740
  Set: 29 Way: 3 Address: 0x276ff7740
  Set: 29 Way: 4 Address: 0x211d1677e
  Set: 29 Way: 5 Address: 0x1add740
  Set: 30 Way: 0 Address: 0x6e620780
  Set: 30 Way: 1 Address: 0x276ff7780
  Set: 30 Way: 2 Address: 0x211d1678e
  Set: 30 Way: 3 Address: 0x1add780
  Set: 31 Way: 0 Address: 0x28b67e7f8
  Set: 31 Way: 1 Address: 0x1d89da7f8
  Set: 31 Way: 2 Address: 0x2177f07e8
  Set: 31 Way: 3 Address: 0x6e6207c0
  Set: 31 Way: 4 Address: 0x276ff77c0
  Set: 31 Way: 5 Address: 0x342b407fe
  Set: 31 Way: 6 Address: 0x211d167c0
  Set: 32 Way: 0 Address: 0x1c084e81c
  Set: 32 Way: 1 Address: 0x342b4082e
  Set: 32 Way: 2 Address: 0x2177f0800
  Set: 32 Way: 3 Address: 0x201598838
  Set: 32 Way: 4 Address: 0x6e620800
  Set: 32 Way: 5 Address: 0x276ff7800
  Set: 33 Way: 0 Address: 0x2a4841870
  Set: 33 Way: 1 Address: 0x20159887c
  Set: 33 Way: 2 Address: 0xc7078878
  Set: 33 Way: 3 Address: 0x3c1074860
  Set: 33 Way: 4 Address: 0x2c9898868
  Set: 33 Way: 5 Address: 0x1c084e840
  Set: 33 Way: 6 Address: 0x2177f0840
  Set: 33 Way: 7 Address: 0x6e620840
  Set: 33 Way: 8 Address: 0x342b40840
  Set: 33 Way: 9 Address: 0x276ff7840
  Set: 33 Way: 10 Address: 0x29484c87e
  Set: 34 Way: 0 Address: 0x201598894
  Set: 34 Way: 1 Address: 0x29484c89a
  Set: 34 Way: 2 Address: 0x1c084e880
  Set: 34 Way: 3 Address: 0x2177f0880
  Set: 34 Way: 4 Address: 0x6e620880
  Set: 34 Way: 5 Address: 0x276ff7880
  Set: 35 Way: 0 Address: 0x2015988c4
  Set: 35 Way: 1 Address: 0x2f5d8e8c8
  Set: 35 Way: 2 Address: 0x211d168fe
  Set: 35 Way: 3 Address: 0x22272f8f8
  Set: 35 Way: 4 Address: 0x1c084e8c0
  Set: 35 Way: 5 Address: 0x2177f08c0
  Set: 35 Way: 6 Address: 0x29484c8c0
  Set: 35 Way: 7 Address: 0x6e6208c0
  Set: 36 Way: 0 Address: 0x201598914
  Set: 36 Way: 1 Address: 0x211d16904
  Set: 36 Way: 2 Address: 0x22272f900
  Set: 36 Way: 3 Address: 0x1c084e900
  Set: 36 Way: 4 Address: 0x2177f0900
  Set: 37 Way: 0 Address: 0x201598948
  Set: 37 Way: 1 Address: 0x342b40974
  Set: 37 Way: 2 Address: 0x22272f940
  Set: 37 Way: 3 Address: 0x1c084e940
  Set: 37 Way: 4 Address: 0x2177f0940
  Set: 38 Way: 0 Address: 0x20159899c
  Set: 38 Way: 1 Address: 0x16390f980
  Set: 38 Way: 2 Address: 0x342b40984
  Set: 38 Way: 3 Address: 0x22272f980
  Set: 38 Way: 4 Address: 0x1c084e980
  Set: 38 Way: 5 Address: 0x2177f0980
  Set: 39 Way: 0 Address: 0x2015989f4
  Set: 39 Way: 1 Address: 0x29484c9f6
  Set: 39 Way: 2 Address: 0x22272f9c0
  Set: 39 Way: 3 Address: 0x1c084e9c0
  Set: 40 Way: 0 Address: 0x201598a04
  Set: 40 Way: 1 Address: 0x2db79ea08
  Set: 40 Way: 2 Address: 0x29484ca00
  Set: 40 Way: 3 Address: 0x22272fa00
  Set: 40 Way: 4 Address: 0x211d16a3e
  Set: 41 Way: 0 Address: 0x211d16a58
  Set: 41 Way: 1 Address: 0x201598a44
  Set: 41 Way: 2 Address: 0x2db79ea40
  Set: 41 Way: 3 Address: 0x22272fa40
  Set: 42 Way: 0 Address: 0x201598aa4
  Set: 42 Way: 1 Address: 0x2db79ea80
  Set: 42 Way: 2 Address: 0x342b40abe
  Set: 42 Way: 3 Address: 0x211d16a80
  Set: 42 Way: 4 Address: 0x22272fa80
  Set: 43 Way: 0 Address: 0x342b40aee
  Set: 43 Way: 1 Address: 0x201598ae0
  Set: 43 Way: 2 Address: 0x2db79eac0
  Set: 43 Way: 3 Address: 0x22272fac0
  Set: 44 Way: 0 Address: 0x6d0c2b08
  Set: 44 Way: 1 Address: 0x3b377bb18
  Set: 44 Way: 2 Address: 0x23755db2c
  Set: 44 Way: 3 Address: 0x201598b24
  Set: 44 Way: 4 Address: 0x2db79eb00
  Set: 44 Way: 5 Address: 0x342b40b00
  Set: 44 Way: 6 Address: 0x29484cb3e
  Set: 45 Way: 0 Address: 0x3c56b3b68
  Set: 45 Way: 1 Address: 0x354d35b70
  Set: 45 Way: 2 Address: 0x394edbb68
  Set: 45 Way: 3 Address: 0x201598b60
  Set: 45 Way: 4 Address: 0x29484cb54
  Set: 45 Way: 5 Address: 0x23755db40
  Set: 45 Way: 6 Address: 0x3b377bb40
  Set: 45 Way: 7 Address: 0x2db79eb40
  Set: 46 Way: 0 Address: 0x3c56b3b80
  Set: 46 Way: 1 Address: 0x1c84e2bb0
  Set: 46 Way: 2 Address: 0x211d16bbc
  Set: 46 Way: 3 Address: 0x201598b8c
  Set: 46 Way: 4 Address: 0x23755db80
  Set: 46 Way: 5 Address: 0x3b377bb80
  Set: 46 Way: 6 Address: 0x2db79eb80
  Set: 46 Way: 7 Address: 0x29484cb80
  Set: 47 Way: 0 Address: 0x211d16bca
  Set: 47 Way: 1 Address: 0x201598bc0
  Set: 47 Way: 2 Address: 0x23755dbc0
  Set: 47 Way: 3 Address: 0x3b377bbc0
  Set: 47 Way: 4 Address: 0x2db79ebc0
  Set: 48 Way: 0 Address: 0x3232f3c3c
  Set: 48 Way: 1 Address: 0x342b40c30
  Set: 48 Way: 2 Address: 0x23755dc00
  Set: 48 Way: 3 Address: 0x3b377bc00
  Set: 49 Way: 0 Address: 0x342b40c44
  Set: 49 Way: 1 Address: 0x3232f3c40
  Set: 49 Way: 2 Address: 0x23755dc40
  Set: 49 Way: 3 Address: 0x3b377bc40
  Set: 50 Way: 0 Address: 0x29484ccbe
  Set: 50 Way: 1 Address: 0x3232f3c80
  Set: 50 Way: 2 Address: 0x23755dc80
  Set: 50 Way: 3 Address: 0x3b377bc80
  Set: 51 Way: 0 Address: 0x29484ccc8
  Set: 51 Way: 1 Address: 0x3232f3cc0
  Set: 51 Way: 2 Address: 0x211d16cfe
  Set: 51 Way: 3 Address: 0x23755dcc0
  Set: 51 Way: 4 Address: 0x3b377bcc0
  Set: 52 Way: 0 Address: 0x211d16d2a
  Set: 52 Way: 1 Address: 0x3232f3d00
  Set: 53 Way: 0 Address: 0xc0d9bd4c
  Set: 53 Way: 1 Address: 0x3232f3d40
  Set: 53 Way: 2 Address: 0x211d16d40
  Set: 53 Way: 3 Address: 0x342b40d7e
  Set: 54 Way: 0 Address: 0x342b40daa
  Set: 54 Way: 1 Address: 0xc0d9bd80
  Set: 54 Way: 2 Address: 0x3232f3d80
  Set: 55 Way: 0 Address: 0xc0d9bdc0
  Set: 55 Way: 1 Address: 0x342b40dc0
  Set: 55 Way: 2 Address: 0x3232f3dc0
  Set: 55 Way: 3 Address: 0x29484cdfe
  Set: 56 Way: 0 Address: 0x29484ce26
  Set: 56 Way: 1 Address: 0xc0d9be00
  Set: 56 Way: 2 Address: 0x3232f3e00
  Set: 57 Way: 0 Address: 0x211d16e7e
  Set: 57 Way: 1 Address: 0x1064c2e5c
  Set: 57 Way: 2 Address: 0xc0d9be40
  Set: 57 Way: 3 Address: 0x29484ce40
  Set: 58 Way: 0 Address: 0x211d16e86
  Set: 58 Way: 1 Address: 0x1064c2e80
  Set: 58 Way: 2 Address: 0xc0d9be80
  Set: 59 Way: 0 Address: 0x342b40efa
  Set: 59 Way: 1 Address: 0x1064c2ec0
  Set: 59 Way: 2 Address: 0xc0d9bec0
  Set: 60 Way: 0 Address: 0x342b40f04
  Set: 60 Way: 1 Address: 0x1064c2f00
  Set: 60 Way: 2 Address: 0xc0d9bf00
  Set: 61 Way: 0 Address: 0x29484cf6e
  Set: 61 Way: 1 Address: 0x1995f2f58
  Set: 61 Way: 2 Address: 0x3d87a6f6c
  Set: 61 Way: 3 Address: 0x1064c2f40
  Set: 62 Way: 0 Address: 0x29484cf80
  Set: 62 Way: 1 Address: 0x1995f2fa4
  Set: 62 Way: 2 Address: 0x3d87a6f80
  Set: 62 Way: 3 Address: 0x1064c2f80
  Set: 62 Way: 4 Address: 0x211d16fbe
  Set: 63 Way: 0 Address: 0x223edafe8
  Set: 63 Way: 1 Address: 0x1995f2fc8
  Set: 63 Way: 2 Address: 0x211d16fea
  Set: 63 Way: 3 Address: 0x3d87a6fc0
  Set: 63 Way: 4 Address: 0x1064c2fc0
EndCache
Cache: cpu0_ITLB
  Set: 0 Way: 0 Address: 0x4608a0
  Set: 1 Way: 0 Address: 0x441558
EndCache
Cache: cpu0_DTLB
  Set: 0 Way: 0 Address: 0x1d709f4
  Set: 0 Way: 1 Address: 0x1e50720
  Set: 0 Way: 2 Address: 0x730650
  Set: 0 Way: 3 Address: 0x1e60b18
  Set: 1 Way: 0 Address: 0x7618c8
  Set: 1 Way: 1 Address: 0x1e51c3c
  Set: 2 Way: 0 Address: 0x1e52d4c
  Set: 3 Way: 0 Address: 0x1e53e5c
  Set: 4 Way: 0 Address: 0x1e54f6c
  Set: 5 Way: 0 Address: 0x7fff6ec35fc8
  Set: 5 Way: 1 Address: 0x1e55004
  Set: 6 Way: 0 Address: 0x7fff6ec361be
  Set: 6 Way: 1 Address: 0x1e5607c
  Set: 7 Way: 0 Address: 0x1e5718c
  Set: 8 Way: 0 Address: 0x1e5829c
  Set: 9 Way: 0 Address: 0x1e593a8
  Set: 10 Way: 0 Address: 0x1e5a4b8
  Set: 11 Way: 0 Address: 0x1e5b5c8
  Set: 12 Way: 0 Address: 0x1e5c6d8
  Set: 12 Way: 1 Address: 0x2b0ca58
  Set: 13 Way: 0 Address: 0x1d6d70c
  Set: 13 Way: 1 Address: 0x1e5d7e8
  Set: 13 Way: 2 Address: 0x2b0d14a
  Set: 14 Way: 0 Address: 0x2b0ee26
  Set: 14 Way: 1 Address: 0x1d6e81c
  Set: 14 Way: 2 Address: 0x1e5e8f8
  Set: 15 Way: 0 Address: 0x2b0f240
  Set: 15 Way: 1 Address: 0x1e5fa08
EndCache
Cache: LLC
  Set: 0 Way: 0 Address: 0x342b40000
  Set: 4 Way: 0 Address: 0x342b40136
  Set: 5 Way: 0 Address: 0x342b40140
  Set: 6 Way: 0 Address: 0x342b40180
  Set: 9 Way: 0 Address: 0x342b4027e
  Set: 10 Way: 0 Address: 0x342b40292
  Set: 11 Way: 0 Address: 0x342b402c0
  Set: 15 Way: 0 Address: 0x342b403f0
  Set: 16 Way: 0 Address: 0x342b40400
  Set: 20 Way: 0 Address: 0x342b4053e
  Set: 21 Way: 0 Address: 0x342b40540
  Set: 22 Way: 0 Address: 0x342b40580
  Set: 26 Way: 0 Address: 0x342b406b0
  Set: 27 Way: 0 Address: 0x342b406c0
  Set: 28 Way: 0 Address: 0x6e62070c
  Set: 29 Way: 0 Address: 0x6e620740
  Set: 30 Way: 0 Address: 0x6e620780
  Set: 31 Way: 0 Address: 0x6e6207c0
  Set: 31 Way: 1 Address: 0x342b407fe
  Set: 32 Way: 0 Address: 0x342b40800
  Set: 32 Way: 1 Address: 0x6e620800
  Set: 33 Way: 0 Address: 0x6e620840
  Set: 33 Way: 1 Address: 0x342b40840
  Set: 34 Way: 0 Address: 0x6e620880
  Set: 35 Way: 0 Address: 0x6e6208c0
  Set: 36 Way: 0 Address: 0x6e620900
  Set: 37 Way: 0 Address: 0x342b40940
  Set: 38 Way: 0 Address: 0x342b40984
  Set: 42 Way: 0 Address: 0x342b40abe
  Set: 43 Way: 0 Address: 0x342b40ac0
  Set: 44 Way: 0 Address: 0x342b40b00
  Set: 48 Way: 0 Address: 0x342b40c00
  Set: 49 Way: 0 Address: 0x342b40c40
  Set: 53 Way: 0 Address: 0x342b40d7e
  Set: 54 Way: 0 Address: 0x342b40d90
  Set: 55 Way: 0 Address: 0x342b40dc0
  Set: 59 Way: 0 Address: 0x342b40ec0
  Set: 60 Way: 0 Address: 0x342b40f06
  Set: 64 Way: 0 Address: 0xf6e81002
  Set: 65 Way: 0 Address: 0xf6e81040
  Set: 65 Way: 1 Address: 0x342b41040
  Set: 66 Way: 0 Address: 0xf6e81080
  Set: 66 Way: 1 Address: 0x342b41080
  Set: 67 Way: 0 Address: 0xf6e810c0
  Set: 68 Way: 0 Address: 0xf6e81100
  Set: 69 Way: 0 Address: 0xf6e8116e
  Set: 70 Way: 0 Address: 0xf6e81180
  Set: 70 Way: 1 Address: 0x181c8118c
  Set: 70 Way: 2 Address: 0x342b41180
  Set: 71 Way: 0 Address: 0xf6e811c0
  Set: 71 Way: 1 Address: 0x181c811c0
  Set: 71 Way: 2 Address: 0x342b411c0
  Set: 72 Way: 0 Address: 0x113201208
  Set: 72 Way: 1 Address: 0x181c81200
  Set: 73 Way: 0 Address: 0x181c81240
  Set: 74 Way: 0 Address: 0x181c81280
  Set: 75 Way: 0 Address: 0x181c812c0
  Set: 76 Way: 0 Address: 0x113201300
  Set: 76 Way: 1 Address: 0x181c81300
  Set: 76 Way: 2 Address: 0x342b41300
  Set: 77 Way: 0 Address: 0x342b41340
  Set: 77 Way: 1 Address: 0x181c81340
  Set: 82 Way: 0 Address: 0x342b41480
  Set: 97 Way: 0 Address: 0x2a4841870
  Set: 172 Way: 0 Address: 0x6d0c2b08
  Set: 174 Way: 0 Address: 0x1c84e2bb0
  Set: 185 Way: 0 Address: 0x1064c2e5c
  Set: 186 Way: 0 Address: 0x1064c2e80
  Set: 187 Way: 0 Address: 0x1064c2ec0
  Set: 188 Way: 0 Address: 0x1064c2f00
  Set: 189 Way: 0 Address: 0x1064c2f40
  Set: 190 Way: 0 Address: 0x1064c2f80
  Set: 191 Way: 0 Address: 0x1064c2fc0
  Set: 202 Way: 0 Address: 0x3b08032a0
  Set: 256 Way: 0 Address: 0xb8004018
  Set: 267 Way: 0 Address: 0x1ab442e8
  Set: 384 Way: 0 Address: 0x3d87a6000
  Set: 394 Way: 0 Address: 0x27d4c62b8
  Set: 395 Way: 0 Address: 0x3dae662d8
  Set: 445 Way: 0 Address: 0x3d87a6f6c
  Set: 446 Way: 0 Address: 0x3d87a6f80
  Set: 447 Way: 0 Address: 0x3d87a6fc0
  Set: 458 Way: 0 Address: 0x309887280
  Set: 458 Way: 1 Address: 0xbeea7288
  Set: 459 Way: 0 Address: 0x3098872c8
  Set: 576 Way: 0 Address: 0x2c8749000
  Set: 577 Way: 0 Address: 0x2c8749040
  Set: 578 Way: 0 Address: 0x2c8749080
  Set: 579 Way: 0 Address: 0x2c87490c0
  Set: 580 Way: 0 Address: 0x2c8749100
  Set: 601 Way: 0 Address: 0x2ee369650
  Set: 768 Way: 0 Address: 0x29484c03e
  Set: 769 Way: 0 Address: 0x29484c050
  Set: 770 Way: 0 Address: 0x29484c080
  Set: 774 Way: 0 Address: 0x29484c1b0
  Set: 775 Way: 0 Address: 0x29484c1c0
  Set: 779 Way: 0 Address: 0x29484c2fe
  Set: 780 Way: 0 Address: 0x29484c310
  Set: 781 Way: 0 Address: 0x29484c340
  Set: 785 Way: 0 Address: 0x29484c440
  Set: 786 Way: 0 Address: 0x29484c484
  Set: 790 Way: 0 Address: 0x29484c5be
  Set: 791 Way: 0 Address: 0x29484c5d2
  Set: 792 Way: 0 Address: 0x29484c600
  Set: 796 Way: 0 Address: 0x29484c700
  Set: 797 Way: 0 Address: 0x29484c740
  Set: 801 Way: 0 Address: 0x29484c87e
  Set: 802 Way: 0 Address: 0x29484c892
  Set: 803 Way: 0 Address: 0x29484c8c0
  Set: 807 Way: 0 Address: 0x29484c9c0
  Set: 808 Way: 0 Address: 0x29484ca00
  Set: 812 Way: 0 Address: 0x29484cb3e
  Set: 813 Way: 0 Address: 0x29484cb50
  Set: 814 Way: 0 Address: 0x29484cb80
  Set: 818 Way: 0 Address: 0x29484cc80
  Set: 819 Way: 0 Address: 0x29484ccc0
  Set: 823 Way: 0 Address: 0x29484cdc0
  Set: 824 Way: 0 Address: 0x29484ce1a
  Set: 825 Way: 0 Address: 0x29484ce40
  Set: 829 Way: 0 Address: 0x29484cf6e
  Set: 830 Way: 0 Address: 0x29484cf80
  Set: 835 Way: 0 Address: 0x29484d0c0
  Set: 836 Way: 0 Address: 0x29484d100
  Set: 840 Way: 0 Address: 0x29484d200
  Set: 841 Way: 0 Address: 0x29484d240
  Set: 842 Way: 0 Address: 0x29484d280
  Set: 843 Way: 0 Address: 0x5588d2f0
  Set: 847 Way: 0 Address: 0x29484d3c0
  Set: 851 Way: 0 Address: 0x29484d4c0
  Set: 928 Way: 0 Address: 0x1c084e81c
  Set: 929 Way: 0 Address: 0x1c084e840
  Set: 930 Way: 0 Address: 0x1c084e880
  Set: 931 Way: 0 Address: 0x2f5d8e8c8
  Set: 931 Way: 1 Address: 0x1c084e8c0
  Set: 932 Way: 0 Address: 0x1c084e900
  Set: 933 Way: 0 Address: 0x1c084e940
  Set: 934 Way: 0 Address: 0x1c084e980
  Set: 935 Way: 0 Address: 0x1c084e9c0
  Set: 936 Way: 0 Address: 0x1c084ea00
  Set: 970 Way: 0 Address: 0x23756f2b0
  Set: 971 Way: 0 Address: 0xee86f2c8
  Set: 971 Way: 1 Address: 0x143ef2d0
  Set: 995 Way: 0 Address: 0x22272f8f8
  Set: 996 Way: 0 Address: 0x22272f900
  Set: 997 Way: 0 Address: 0x22272f940
  Set: 998 Way: 0 Address: 0x16390f980
  Set: 998 Way: 1 Address: 0x22272f980
  Set: 999 Way: 0 Address: 0x22272f9c0
  Set: 1000 Way: 0 Address: 0x22272fa00
  Set: 1001 Way: 0 Address: 0x22272fa40
  Set: 1002 Way: 0 Address: 0x22272fa80
  Set: 1003 Way: 0 Address: 0x22272fac0
  Set: 1034 Way: 0 Address: 0x14bb10288
  Set: 1036 Way: 0 Address: 0x14bb10300
  Set: 1055 Way: 0 Address: 0x2177f07e8
  Set: 1056 Way: 0 Address: 0x2177f0800
  Set: 1057 Way: 0 Address: 0x2177f0840
  Set: 1058 Way: 0 Address: 0x2177f0880
  Set: 1059 Way: 0 Address: 0x2177f08c0
  Set: 1060 Way: 0 Address: 0x2177f0900
  Set: 1061 Way: 0 Address: 0x2177f0940
  Set: 1062 Way: 0 Address: 0x2177f0980
  Set: 1163 Way: 0 Address: 0x133c922f8
  Set: 1164 Way: 0 Address: 0x9cff2300
  Set: 1213 Way: 0 Address: 0x1995f2f58
  Set: 1214 Way: 0 Address: 0x1995f2fbc
  Set: 1215 Way: 0 Address: 0x1995f2fe0
  Set: 1218 Way: 0 Address: 0x263c130a8
  Set: 1226 Way: 0 Address: 0x2577132a8
  Set: 1227 Way: 0 Address: 0x2577132c0
  Set: 1230 Way: 0 Address: 0x2b2e933a8
  Set: 1231 Way: 0 Address: 0x2b2e933c0
  Set: 1232 Way: 0 Address: 0x2b2e93400
  Set: 1233 Way: 0 Address: 0x2b2e93440
  Set: 1234 Way: 0 Address: 0x2b2e93480
  Set: 1235 Way: 0 Address: 0x2b2e934c0
  Set: 1236 Way: 0 Address: 0x2b2e93500
  Set: 1237 Way: 0 Address: 0x2b2e93540
  Set: 1261 Way: 0 Address: 0x3c56b3b70
  Set: 1262 Way: 0 Address: 0x3c56b3b80
  Set: 1264 Way: 0 Address: 0x3232f3c3c
  Set: 1265 Way: 0 Address: 0x3232f3c40
  Set: 1266 Way: 0 Address: 0x3232f3c80
  Set: 1267 Way: 0 Address: 0x3232f3cc0
  Set: 1268 Way: 0 Address: 0x3232f3d00
  Set: 1269 Way: 0 Address: 0x3232f3d40
  Set: 1270 Way: 0 Address: 0x3232f3d80
  Set: 1271 Way: 0 Address: 0x3232f3dc0
  Set: 1272 Way: 0 Address: 0x3232f3e00
  Set: 1280 Way: 0 Address: 0x3de4d4018
  Set: 1281 Way: 0 Address: 0x3de4d4070
  Set: 1313 Way: 0 Address: 0x3c1074860
  Set: 1314 Way: 0 Address: 0x397bb48a0
  Set: 1344 Way: 0 Address: 0x195f15010
  Set: 1345 Way: 0 Address: 0x195f15070
  Set: 1346 Way: 0 Address: 0x195f150a8
  Set: 1354 Way: 0 Address: 0x1b0f15298
  Set: 1355 Way: 0 Address: 0x1b0f152c0
  Set: 1389 Way: 0 Address: 0x354d35b70
  Set: 1409 Way: 0 Address: 0x43736078
  Set: 1426 Way: 0 Address: 0x848964b8
  Set: 1427 Way: 0 Address: 0x848964c0
  Set: 1428 Way: 0 Address: 0x84896500
  Set: 1429 Way: 0 Address: 0x84896540
  Set: 1430 Way: 0 Address: 0x84896580
  Set: 1431 Way: 0 Address: 0x848965c0
  Set: 1432 Way: 0 Address: 0x84896600
  Set: 1433 Way: 0 Address: 0x84896640
  Set: 1434 Way: 0 Address: 0x84896680
  Set: 1437 Way: 0 Address: 0x211d1677e
  Set: 1438 Way: 0 Address: 0x211d16782
  Set: 1439 Way: 0 Address: 0x211d167c0
  Set: 1443 Way: 0 Address: 0x211d168f0
  Set: 1444 Way: 0 Address: 0x211d16900
  Set: 1445 Way: 0 Address: 0x211d16940
  Set: 1448 Way: 0 Address: 0x211d16a3e
  Set: 1449 Way: 0 Address: 0x211d16a50
  Set: 1450 Way: 0 Address: 0x211d16a80
  Set: 1454 Way: 0 Address: 0x211d16bb0
  Set: 1455 Way: 0 Address: 0x211d16bc0
  Set: 1459 Way: 0 Address: 0x211d16cfe
  Set: 1460 Way: 0 Address: 0x211d16d10
  Set: 1461 Way: 0 Address: 0x211d16d40
  Set: 1465 Way: 0 Address: 0x211d16e76
  Set: 1466 Way: 0 Address: 0x211d16e80
  Set: 1470 Way: 0 Address: 0x211d16fbe
  Set: 1471 Way: 0 Address: 0x211d16fd0
  Set: 1499 Way: 0 Address: 0x276ff76d8
  Set: 1500 Way: 0 Address: 0x276ff7700
  Set: 1501 Way: 0 Address: 0x276ff7740
  Set: 1502 Way: 0 Address: 0x276ff7780
  Set: 1503 Way: 0 Address: 0x276ff77c0
  Set: 1504 Way: 0 Address: 0x276ff7800
  Set: 1505 Way: 0 Address: 0x276ff7840
  Set: 1506 Way: 0 Address: 0x276ff7880
  Set: 1542 Way: 0 Address: 0x1aafb81b0
  Set: 1546 Way: 0 Address: 0x3bdd78290
  Set: 1568 Way: 0 Address: 0x201598838
  Set: 1569 Way: 0 Address: 0x201598848
  Set: 1569 Way: 1 Address: 0xc7078878
  Set: 1569 Way: 2 Address: 0x2c9898868
  Set: 1570 Way: 0 Address: 0x201598894
  Set: 1571 Way: 0 Address: 0x2015988c4
  Set: 1572 Way: 0 Address: 0x201598914
  Set: 1573 Way: 0 Address: 0x201598948
  Set: 1574 Way: 0 Address: 0x20159899c
  Set: 1575 Way: 0 Address: 0x2015989f4
  Set: 1576 Way: 0 Address: 0x201598a04
  Set: 1577 Way: 0 Address: 0x201598a44
  Set: 1578 Way: 0 Address: 0x201598aa4
  Set: 1579 Way: 0 Address: 0x201598ae0
  Set: 1580 Way: 0 Address: 0x201598b24
  Set: 1581 Way: 0 Address: 0x201598b60
  Set: 1582 Way: 0 Address: 0x201598b8c
  Set: 1583 Way: 0 Address: 0x201598bc0
  Set: 1601 Way: 0 Address: 0x31209907c
  Set: 1602 Way: 0 Address: 0x312099080
  Set: 1603 Way: 0 Address: 0x3120990c0
  Set: 1604 Way: 0 Address: 0x312099100
  Set: 1605 Way: 0 Address: 0x312099140
  Set: 1606 Way: 0 Address: 0x2929591a8
  Set: 1606 Way: 1 Address: 0x312099180
  Set: 1607 Way: 0 Address: 0x3120991c0
  Set: 1608 Way: 0 Address: 0x312099200
  Set: 1609 Way: 0 Address: 0x312099240
  Set: 1664 Way: 0 Address: 0x229b9a000
  Set: 1695 Way: 0 Address: 0x1d89da7f8
  Set: 1727 Way: 0 Address: 0x223edafe8
  Set: 1738 Way: 0 Address: 0xcf83b29c
  Set: 1739 Way: 0 Address: 0xcf83b2c0
  Set: 1740 Way: 0 Address: 0xcf83b300
  Set: 1741 Way: 0 Address: 0xcf83b340
  Set: 1742 Way: 0 Address: 0xcf83b380
  Set: 1743 Way: 0 Address: 0xcf83b3c0
  Set: 1744 Way: 0 Address: 0xcf83b400
  Set: 1745 Way: 0 Address: 0xcf83b440
  Set: 1772 Way: 0 Address: 0x3b377bb18
  Set: 1773 Way: 0 Address: 0x394edbb68
  Set: 1773 Way: 1 Address: 0x3b377bb40
  Set: 1774 Way: 0 Address: 0x3b377bb80
  Set: 1775 Way: 0 Address: 0x3b377bbc0
  Set: 1776 Way: 0 Address: 0x3b377bc00
  Set: 1777 Way: 0 Address: 0x3b377bc40
  Set: 1778 Way: 0 Address: 0x3b377bc80
  Set: 1779 Way: 0 Address: 0x3b377bcc0
  Set: 1781 Way: 0 Address: 0xc0d9bd4c
  Set: 1782 Way: 0 Address: 0xc0d9bd80
  Set: 1783 Way: 0 Address: 0xc0d9bdc0
  Set: 1784 Way: 0 Address: 0xc0d9be00
  Set: 1785 Way: 0 Address: 0xc0d9be40
  Set: 1786 Way: 0 Address: 0xc0d9be80
  Set: 1787 Way: 0 Address: 0xc0d9bec0
  Set: 1788 Way: 0 Address: 0xc0d9bf00
  Set: 1792 Way: 0 Address: 0xdf85c000
  Set: 1794 Way: 0 Address: 0x12c6fc0be
  Set: 1795 Way: 0 Address: 0x12c6fc0ce
  Set: 1800 Way: 0 Address: 0x12c6fc22e
  Set: 1801 Way: 0 Address: 0x12c6fc240
  Set: 1803 Way: 0 Address: 0x38e35c2e0
  Set: 1804 Way: 0 Address: 0x38e35c300
  Set: 1806 Way: 0 Address: 0x12c6fc38e
  Set: 1811 Way: 0 Address: 0x12c6fc4e6
  Set: 1812 Way: 0 Address: 0x12c6fc500
  Set: 1817 Way: 0 Address: 0x12c6fc640
  Set: 1879 Way: 0 Address: 0x1add5c8
  Set: 1880 Way: 0 Address: 0x1add600
  Set: 1881 Way: 0 Address: 0x1add640
  Set: 1882 Way: 0 Address: 0x1add680
  Set: 1883 Way: 0 Address: 0x23755d6e0
  Set: 1883 Way: 1 Address: 0x1add6c0
  Set: 1884 Way: 0 Address: 0x23755d720
  Set: 1884 Way: 1 Address: 0x1add700
  Set: 1885 Way: 0 Address: 0x23755d740
  Set: 1885 Way: 1 Address: 0x1add740
  Set: 1886 Way: 0 Address: 0x23755d780
  Set: 1886 Way: 1 Address: 0x1add780
  Set: 1900 Way: 0 Address: 0x23755db2c
  Set: 1901 Way: 0 Address: 0x23755db40
  Set: 1902 Way: 0 Address: 0x23755db80
  Set: 1903 Way: 0 Address: 0x23755dbc0
  Set: 1904 Way: 0 Address: 0x23755dc00
  Set: 1905 Way: 0 Address: 0x23755dc40
  Set: 1906 Way: 0 Address: 0x23755dc80
  Set: 1907 Way: 0 Address: 0x23755dcc0
  Set: 1920 Way: 0 Address: 0x28b67e000
  Set: 1930 Way: 0 Address: 0x20597e2a8
  Set: 1934 Way: 0 Address: 0x1f919e390
  Set: 1935 Way: 0 Address: 0x1f919e3c0
  Set: 1936 Way: 0 Address: 0x1f919e410
  Set: 1937 Way: 0 Address: 0x1f919e446
  Set: 1938 Way: 0 Address: 0x1f919e4b7
  Set: 1939 Way: 0 Address: 0x1f919e4c1
  Set: 1940 Way: 0 Address: 0x1f919e501
  Set: 1941 Way: 0 Address: 0x1f919e543
  Set: 1943 Way: 0 Address: 0x1f919e5c8
  Set: 1944 Way: 0 Address: 0x1f919e600
  Set: 1945 Way: 0 Address: 0x1f919e645
  Set: 1951 Way: 0 Address: 0x28b67e7f8
  Set: 1960 Way: 0 Address: 0x2db79ea08
  Set: 1961 Way: 0 Address: 0x2db79ea40
  Set: 1962 Way: 0 Address: 0x2db79ea80
  Set: 1963 Way: 0 Address: 0x2db79eac0
  Set: 1964 Way: 0 Address: 0x2db79eb00
  Set: 1965 Way: 0 Address: 0x2db79eb40
  Set: 1966 Way: 0 Address: 0x2db79eb80
  Set: 1967 Way: 0 Address: 0x2db79ebc0
EndCache
