Cache: cpu0_STLB
  Set: 0 Way: 0 Address: 0x4003f0
  Set: 3 Way: 0 Address: 0x883038
  Set: 8 Way: 0 Address: 0x508ffd
  Set: 9 Way: 0 Address: 0x509003
  Set: 32 Way: 0 Address: 0x620ca0
  Set: 47 Way: 0 Address: 0x62f8e0
  Set: 48 Way: 0 Address: 0x6306c0
  Set: 49 Way: 0 Address: 0x6312f0
  Set: 53 Way: 0 Address: 0x535480
  Set: 69 Way: 0 Address: 0x44549f
  Set: 75 Way: 0 Address: 0x36cb3c8
  Set: 76 Way: 0 Address: 0x7f86f8a4c824
  Set: 76 Way: 1 Address: 0x36cc000
  Set: 77 Way: 0 Address: 0x7f86f8a4d000
  Set: 78 Way: 0 Address: 0x7f86f8a4e83c
  Set: 79 Way: 0 Address: 0x7f86f8a4f000
  Set: 89 Way: 0 Address: 0x5d9c48
  Set: 91 Way: 0 Address: 0x405ba00
  Set: 92 Way: 0 Address: 0x405ca40
  Set: 93 Way: 0 Address: 0x405da80
  Set: 93 Way: 1 Address: 0x5dd528
  Set: 94 Way: 0 Address: 0x405e000
  Set: 95 Way: 0 Address: 0x1edf4d0
  Set: 114 Way: 0 Address: 0x7ffe74df24d8
  Set: 120 Way: 0 Address: 0x5f8e20
  Set: 125 Way: 0 Address: 0x3efd910
  Set: 126 Way: 0 Address: 0x3efe000
  Set: 127 Way: 0 Address: 0x3eff000
EndCache
Cache: cpu0_L2C
  Set: 0 Way: 0 Address: 0x28a940000
  Set: 5 Way: 0 Address: 0x6e620178
  Set: 9 Way: 0 Address: 0x168ef0270
  Set: 11 Way: 0 Address: 0x2177f02e0
  Set: 11 Way: 1 Address: 0x342b402f0
  Set: 62 Way: 0 Address: 0x14bb10f90
  Set: 64 Way: 0 Address: 0x19c791000
  Set: 65 Way: 0 Address: 0x19c791040
  Set: 66 Way: 0 Address: 0x19c791080
  Set: 67 Way: 0 Address: 0x19c7910c0
  Set: 68 Way: 0 Address: 0x19c791100
  Set: 69 Way: 0 Address: 0x19c791140
  Set: 70 Way: 0 Address: 0x19c791180
  Set: 71 Way: 0 Address: 0x19c7911c0
  Set: 72 Way: 0 Address: 0x19c791200
  Set: 73 Way: 0 Address: 0x19c791240
  Set: 73 Way: 1 Address: 0x260091278
  Set: 74 Way: 0 Address: 0x19c791280
  Set: 75 Way: 0 Address: 0x19c7912c0
  Set: 76 Way: 0 Address: 0x19c791300
  Set: 77 Way: 0 Address: 0x19c791340
  Set: 78 Way: 0 Address: 0x19c791380
  Set: 79 Way: 0 Address: 0xf6e813f0
  Set: 79 Way: 1 Address: 0x19c7913c0
  Set: 80 Way: 0 Address: 0x19c791400
  Set: 81 Way: 0 Address: 0x19c791440
  Set: 82 Way: 0 Address: 0x19c791480
  Set: 83 Way: 0 Address: 0x19c7914c0
  Set: 84 Way: 0 Address: 0x181c81528
  Set: 84 Way: 1 Address: 0x19c791500
  Set: 85 Way: 0 Address: 0x19c791540
  Set: 86 Way: 0 Address: 0x19c791580
  Set: 87 Way: 0 Address: 0x19c7915c0
  Set: 88 Way: 0 Address: 0x19c791600
  Set: 89 Way: 0 Address: 0x19c791640
  Set: 90 Way: 0 Address: 0x19c791680
  Set: 91 Way: 0 Address: 0x19c7916c0
  Set: 92 Way: 0 Address: 0x19c791700
  Set: 93 Way: 0 Address: 0x19c791740
  Set: 94 Way: 0 Address: 0x19c791780
  Set: 95 Way: 0 Address: 0x19c7917c0
  Set: 96 Way: 0 Address: 0x19c791800
  Set: 97 Way: 0 Address: 0x19c791840
  Set: 98 Way: 0 Address: 0x19c791880
  Set: 99 Way: 0 Address: 0x19c7918c0
  Set: 100 Way: 0 Address: 0x19c791900
  Set: 101 Way: 0 Address: 0x19c791940
  Set: 102 Way: 0 Address: 0x19c791980
  Set: 103 Way: 0 Address: 0x19c7919c0
  Set: 104 Way: 0 Address: 0x19c791a00
  Set: 105 Way: 0 Address: 0x19c791a40
  Set: 106 Way: 0 Address: 0x19c791a80
  Set: 107 Way: 0 Address: 0x19c791ac0
  Set: 108 Way: 0 Address: 0x19c791b00
  Set: 109 Way: 0 Address: 0x19c791b40
  Set: 110 Way: 0 Address: 0x19c791b80
  Set: 111 Way: 0 Address: 0x19c791bc0
  Set: 112 Way: 0 Address: 0x19c791c00
  Set: 113 Way: 0 Address: 0x19c791c58
  Set: 114 Way: 0 Address: 0x19c791c80
  Set: 115 Way: 0 Address: 0x19c791cc0
  Set: 116 Way: 0 Address: 0x19c791d00
  Set: 117 Way: 0 Address: 0x19c791d40
  Set: 118 Way: 0 Address: 0x19c791d80
  Set: 119 Way: 0 Address: 0x19c791dc0
  Set: 131 Way: 0 Address: 0x1995f20f8
  Set: 143 Way: 0 Address: 0x1064c23c8
  Set: 144 Way: 0 Address: 0x1064c2400
  Set: 145 Way: 0 Address: 0x1064c2440
  Set: 146 Way: 0 Address: 0x1064c2480
  Set: 147 Way: 0 Address: 0x1064c24c0
  Set: 148 Way: 0 Address: 0x1064c2500
  Set: 149 Way: 0 Address: 0x1064c2540
  Set: 150 Way: 0 Address: 0x1064c2580
  Set: 151 Way: 0 Address: 0x1064c25c0
  Set: 152 Way: 0 Address: 0x1064c2600
  Set: 153 Way: 0 Address: 0x1064c2640
  Set: 154 Way: 0 Address: 0x1064c2680
  Set: 155 Way: 0 Address: 0x1064c26c0
  Set: 156 Way: 0 Address: 0x1064c2700
  Set: 157 Way: 0 Address: 0x1064c2740
  Set: 158 Way: 0 Address: 0x1064c2780
  Set: 159 Way: 0 Address: 0x1064c27c0
  Set: 160 Way: 0 Address: 0x1064c2800
  Set: 160 Way: 1 Address: 0x62d1283c
  Set: 161 Way: 0 Address: 0x1064c2840
  Set: 161 Way: 1 Address: 0x62d12840
  Set: 162 Way: 0 Address: 0x1064c2880
  Set: 162 Way: 1 Address: 0x62d12880
  Set: 163 Way: 0 Address: 0x1064c28c0
  Set: 163 Way: 1 Address: 0x62d128c0
  Set: 164 Way: 0 Address: 0x1064c2900
  Set: 164 Way: 1 Address: 0x62d12900
  Set: 165 Way: 0 Address: 0x1064c2940
  Set: 165 Way: 1 Address: 0x62d12940
  Set: 166 Way: 0 Address: 0x1064c2980
  Set: 166 Way: 1 Address: 0x62d12980
  Set: 167 Way: 0 Address: 0x1064c29c0
  Set: 167 Way: 1 Address: 0x62d129c0
  Set: 168 Way: 0 Address: 0x1064c2a00
  Set: 168 Way: 1 Address: 0x62d12a00
  Set: 169 Way: 0 Address: 0x1064c2a40
  Set: 169 Way: 1 Address: 0x62d12a40
  Set: 170 Way: 0 Address: 0x1064c2a80
  Set: 170 Way: 1 Address: 0x62d12a80
  Set: 171 Way: 0 Address: 0x1064c2ac0
  Set: 171 Way: 1 Address: 0x62d12ac0
  Set: 172 Way: 0 Address: 0x1064c2b00
  Set: 172 Way: 1 Address: 0x62d12b00
  Set: 173 Way: 0 Address: 0x1064c2b40
  Set: 173 Way: 1 Address: 0x62d12b40
  Set: 174 Way: 0 Address: 0x1064c2b80
  Set: 174 Way: 1 Address: 0x62d12b80
  Set: 175 Way: 0 Address: 0x1064c2bc0
  Set: 175 Way: 1 Address: 0x62d12bc0
  Set: 176 Way: 0 Address: 0x1064c2c28
  Set: 176 Way: 1 Address: 0x62d12c00
  Set: 177 Way: 0 Address: 0x1064c2c40
  Set: 177 Way: 1 Address: 0x62d12c40
  Set: 178 Way: 0 Address: 0x133c92ca0
  Set: 178 Way: 1 Address: 0x1064c2c80
  Set: 178 Way: 2 Address: 0x62d12c80
  Set: 179 Way: 0 Address: 0x133c92cc8
  Set: 179 Way: 1 Address: 0x1064c2cc0
  Set: 179 Way: 2 Address: 0x62d12cc0
  Set: 180 Way: 0 Address: 0x1064c2d00
  Set: 180 Way: 1 Address: 0x62d12d00
  Set: 181 Way: 0 Address: 0x1064c2d40
  Set: 181 Way: 1 Address: 0x62d12d40
  Set: 182 Way: 0 Address: 0x1064c2d80
  Set: 182 Way: 1 Address: 0x62d12d80
  Set: 183 Way: 0 Address: 0x1064c2dc0
  Set: 183 Way: 1 Address: 0x62d12dc0
  Set: 184 Way: 0 Address: 0x1064c2e00
  Set: 184 Way: 1 Address: 0x62d12e00
  Set: 185 Way: 0 Address: 0x1064c2e40
  Set: 185 Way: 1 Address: 0x62d12e40
  Set: 186 Way: 0 Address: 0x1064c2e80
  Set: 186 Way: 1 Address: 0x62d12e80
  Set: 187 Way: 0 Address: 0x6d0c2ec8
  Set: 187 Way: 1 Address: 0x1064c2ec0
  Set: 187 Way: 2 Address: 0x62d12ec0
  Set: 188 Way: 0 Address: 0x1064c2f00
  Set: 188 Way: 1 Address: 0x62d12f00
  Set: 189 Way: 0 Address: 0x1064c2f40
  Set: 189 Way: 1 Address: 0x62d12f40
  Set: 190 Way: 0 Address: 0x1064c2f80
  Set: 190 Way: 1 Address: 0x62d12f80
  Set: 191 Way: 0 Address: 0x1064c2fc0
  Set: 191 Way: 1 Address: 0x62d12fc0
  Set: 192 Way: 0 Address: 0x263c13000
  Set: 192 Way: 1 Address: 0x3b0803000
  Set: 193 Way: 0 Address: 0x3b0803040
  Set: 193 Way: 1 Address: 0x3232f3078
  Set: 193 Way: 2 Address: 0x257713078
  Set: 194 Way: 0 Address: 0x3b0803080
  Set: 195 Way: 0 Address: 0x3232f30d8
  Set: 195 Way: 1 Address: 0x3b08030c0
  Set: 196 Way: 0 Address: 0x3b0803100
  Set: 197 Way: 0 Address: 0x3b0803140
  Set: 198 Way: 0 Address: 0x2b2e93188
  Set: 198 Way: 1 Address: 0x3b0803180
  Set: 199 Way: 0 Address: 0x3b08031c0
  Set: 200 Way: 0 Address: 0x3b0803200
  Set: 201 Way: 0 Address: 0x3b0803240
  Set: 201 Way: 1 Address: 0x34a873260
  Set: 202 Way: 0 Address: 0x3b0803280
  Set: 203 Way: 0 Address: 0x3b08032c0
  Set: 204 Way: 0 Address: 0x3b0803300
  Set: 205 Way: 0 Address: 0x3b0803340
  Set: 206 Way: 0 Address: 0x3b0803380
  Set: 264 Way: 0 Address: 0x129934228
  Set: 264 Way: 1 Address: 0x1ab44228
  Set: 265 Way: 0 Address: 0x1ab44240
  Set: 266 Way: 0 Address: 0x1ab44280
  Set: 267 Way: 0 Address: 0x1ab442c0
  Set: 268 Way: 0 Address: 0x1ab44300
  Set: 269 Way: 0 Address: 0x1ab44340
  Set: 270 Way: 0 Address: 0x1ab44380
  Set: 271 Way: 0 Address: 0x1ab443c0
  Set: 272 Way: 0 Address: 0x1ab44400
  Set: 273 Way: 0 Address: 0x1ab44440
  Set: 274 Way: 0 Address: 0x1ab44480
  Set: 275 Way: 0 Address: 0x1ab444c0
  Set: 276 Way: 0 Address: 0x1ab44500
  Set: 277 Way: 0 Address: 0x1ab44540
  Set: 278 Way: 0 Address: 0x1ab44580
  Set: 279 Way: 0 Address: 0x1ab445c0
  Set: 280 Way: 0 Address: 0x1ab44600
  Set: 281 Way: 0 Address: 0x1ab44640
  Set: 282 Way: 0 Address: 0x1ab44680
  Set: 283 Way: 0 Address: 0x1ab446c0
  Set: 284 Way: 0 Address: 0x1ab44700
  Set: 285 Way: 0 Address: 0x1ab44740
  Set: 286 Way: 0 Address: 0x1ab44780
  Set: 287 Way: 0 Address: 0x3c10747e8
  Set: 287 Way: 1 Address: 0x1ab447c0
  Set: 288 Way: 0 Address: 0x1ab44800
  Set: 289 Way: 0 Address: 0x1ab44840
  Set: 290 Way: 0 Address: 0x1ab44880
  Set: 291 Way: 0 Address: 0x1ab448c0
  Set: 292 Way: 0 Address: 0x1ab44900
  Set: 293 Way: 0 Address: 0x1ab44940
  Set: 294 Way: 0 Address: 0xb80049a8
  Set: 294 Way: 1 Address: 0x1ab44980
  Set: 295 Way: 0 Address: 0x1ab449c0
  Set: 296 Way: 0 Address: 0x1ab44a00
  Set: 297 Way: 0 Address: 0x1ab44a40
  Set: 298 Way: 0 Address: 0x1ab44a80
  Set: 299 Way: 0 Address: 0x1ab44ac0
  Set: 300 Way: 0 Address: 0x1ab44b00
  Set: 301 Way: 0 Address: 0x1ab44b40
  Set: 302 Way: 0 Address: 0x1ab44b80
  Set: 303 Way: 0 Address: 0x1ab44bc0
  Set: 304 Way: 0 Address: 0x1ab44c00
  Set: 305 Way: 0 Address: 0x1ab44c40
  Set: 306 Way: 0 Address: 0x1ab44c80
  Set: 307 Way: 0 Address: 0x1ab44cc0
  Set: 308 Way: 0 Address: 0x1ab44d00
  Set: 309 Way: 0 Address: 0x1ab44d40
  Set: 310 Way: 0 Address: 0x1ab44d80
  Set: 311 Way: 0 Address: 0x1ab44dc0
  Set: 312 Way: 0 Address: 0x1ab44e00
  Set: 313 Way: 0 Address: 0x1ab44e40
  Set: 314 Way: 0 Address: 0x1ab44e80
  Set: 315 Way: 0 Address: 0xb8004ec8
  Set: 315 Way: 1 Address: 0x1ab44ec0
  Set: 316 Way: 0 Address: 0x1ab44f00
  Set: 317 Way: 0 Address: 0x1ab44f40
  Set: 318 Way: 0 Address: 0x1ab44f80
  Set: 319 Way: 0 Address: 0xb8004fc0
  Set: 319 Way: 1 Address: 0x1ab44fc0
  Set: 320 Way: 0 Address: 0x1b0f15000
  Set: 320 Way: 1 Address: 0x34a0e5000
  Set: 321 Way: 0 Address: 0x1b0f15040
  Set: 321 Way: 1 Address: 0x34a0e5040
  Set: 322 Way: 0 Address: 0x1b0f15080
  Set: 322 Way: 1 Address: 0x34a0e5080
  Set: 323 Way: 0 Address: 0x1b0f150c0
  Set: 323 Way: 1 Address: 0x34a0e50c0
  Set: 324 Way: 0 Address: 0x354d35100
  Set: 324 Way: 1 Address: 0x1b0f15100
  Set: 324 Way: 2 Address: 0x34a0e5100
  Set: 325 Way: 0 Address: 0x1b0f15140
  Set: 325 Way: 1 Address: 0x34a0e5140
  Set: 326 Way: 0 Address: 0x1b0f15180
  Set: 326 Way: 1 Address: 0x34a0e5180
  Set: 327 Way: 0 Address: 0x1b0f151c0
  Set: 327 Way: 1 Address: 0x34a0e51c0
  Set: 328 Way: 0 Address: 0x1b0f15200
  Set: 328 Way: 1 Address: 0x34a0e5200
  Set: 329 Way: 0 Address: 0x1b0f15240
  Set: 329 Way: 1 Address: 0x34a0e5240
  Set: 330 Way: 0 Address: 0x1b0f15280
  Set: 330 Way: 1 Address: 0x34a0e5280
  Set: 331 Way: 0 Address: 0x1b0f152c0
  Set: 331 Way: 1 Address: 0x34a0e52c0
  Set: 332 Way: 0 Address: 0x1b0f15300
  Set: 332 Way: 1 Address: 0x34a0e5300
  Set: 333 Way: 0 Address: 0x1b0f15340
  Set: 333 Way: 1 Address: 0x34a0e5340
  Set: 334 Way: 0 Address: 0x1b0f15380
  Set: 334 Way: 1 Address: 0x34a0e5380
  Set: 335 Way: 0 Address: 0x1b0f153c0
  Set: 335 Way: 1 Address: 0x34a0e53c0
  Set: 336 Way: 0 Address: 0x1b0f15400
  Set: 336 Way: 1 Address: 0x34a0e5400
  Set: 337 Way: 0 Address: 0x1b0f15440
  Set: 337 Way: 1 Address: 0x34a0e5440
  Set: 338 Way: 0 Address: 0x1b0f15480
  Set: 338 Way: 1 Address: 0x34a0e5480
  Set: 339 Way: 0 Address: 0x1b0f154c0
  Set: 340 Way: 0 Address: 0x1b0f15500
  Set: 341 Way: 0 Address: 0x1b0f15540
  Set: 342 Way: 0 Address: 0x1b0f15580
  Set: 343 Way: 0 Address: 0x1b0f155c0
  Set: 344 Way: 0 Address: 0x1b0f15600
  Set: 345 Way: 0 Address: 0x1b0f15640
  Set: 346 Way: 0 Address: 0x1b0f15680
  Set: 347 Way: 0 Address: 0x1b0f156c0
  Set: 348 Way: 0 Address: 0x1b0f15700
  Set: 349 Way: 0 Address: 0x1b0f15740
  Set: 350 Way: 0 Address: 0x1b0f15780
  Set: 351 Way: 0 Address: 0x1b0f157c0
  Set: 352 Way: 0 Address: 0x272585824
  Set: 352 Way: 1 Address: 0x1b0f15800
  Set: 353 Way: 0 Address: 0x272585840
  Set: 353 Way: 1 Address: 0x1b0f15840
  Set: 354 Way: 0 Address: 0x272585880
  Set: 354 Way: 1 Address: 0x1b0f15880
  Set: 355 Way: 0 Address: 0x2725858c0
  Set: 355 Way: 1 Address: 0x1b0f158c0
  Set: 356 Way: 0 Address: 0x272585900
  Set: 356 Way: 1 Address: 0x1b0f15900
  Set: 357 Way: 0 Address: 0x272585940
  Set: 357 Way: 1 Address: 0x1b0f15940
  Set: 358 Way: 0 Address: 0x272585980
  Set: 358 Way: 1 Address: 0x1b0f15980
  Set: 359 Way: 0 Address: 0x2725859c0
  Set: 359 Way: 1 Address: 0x1b0f159c0
  Set: 360 Way: 0 Address: 0x272585a00
  Set: 360 Way: 1 Address: 0x1b0f15a00
  Set: 361 Way: 0 Address: 0x1b0f15a40
  Set: 361 Way: 1 Address: 0x272585a40
  Set: 362 Way: 0 Address: 0x1b0f15a80
  Set: 362 Way: 1 Address: 0x272585a80
  Set: 363 Way: 0 Address: 0x1b0f15ac0
  Set: 363 Way: 1 Address: 0x272585ac0
  Set: 364 Way: 0 Address: 0x1b0f15b00
  Set: 364 Way: 1 Address: 0x272585b00
  Set: 365 Way: 0 Address: 0x1b0f15b40
  Set: 365 Way: 1 Address: 0x272585b40
  Set: 366 Way: 0 Address: 0x1b0f15b80
  Set: 366 Way: 1 Address: 0x272585b80
  Set: 367 Way: 0 Address: 0x1b0f15bc0
  Set: 367 Way: 1 Address: 0x272585bc0
  Set: 368 Way: 0 Address: 0x1b0f15c00
  Set: 368 Way: 1 Address: 0x272585c00
  Set: 369 Way: 0 Address: 0x1b0f15c40
  Set: 369 Way: 1 Address: 0x272585c40
  Set: 370 Way: 0 Address: 0x1b0f15c80
  Set: 370 Way: 1 Address: 0x272585c80
  Set: 371 Way: 0 Address: 0x1b0f15cc0
  Set: 371 Way: 1 Address: 0x272585cc0
  Set: 372 Way: 0 Address: 0x1b0f15d00
  Set: 372 Way: 1 Address: 0x272585d00
  Set: 373 Way: 0 Address: 0x1b0f15d40
  Set: 373 Way: 1 Address: 0x272585d40
  Set: 374 Way: 0 Address: 0x1b0f15d80
  Set: 374 Way: 1 Address: 0x272585d80
  Set: 375 Way: 0 Address: 0x1b0f15dc0
  Set: 375 Way: 1 Address: 0x272585dc0
  Set: 376 Way: 0 Address: 0x1b0f15e00
  Set: 376 Way: 1 Address: 0x272585e18
  Set: 377 Way: 0 Address: 0x1b0f15e40
  Set: 377 Way: 1 Address: 0x272585e40
  Set: 378 Way: 0 Address: 0x1b0f15e80
  Set: 378 Way: 1 Address: 0x272585e80
  Set: 379 Way: 0 Address: 0x1b0f15ec0
  Set: 379 Way: 1 Address: 0x272585ec0
  Set: 380 Way: 0 Address: 0x1b0f15f00
  Set: 380 Way: 1 Address: 0x272585f00
  Set: 381 Way: 0 Address: 0x1b0f15f40
  Set: 381 Way: 1 Address: 0x272585f40
  Set: 382 Way: 0 Address: 0x1b0f15f80
  Set: 382 Way: 1 Address: 0x272585f80
  Set: 383 Way: 0 Address: 0x1b0f15fc0
  Set: 383 Way: 1 Address: 0x272585fc0
  Set: 384 Way: 0 Address: 0x43736000
  Set: 384 Way: 1 Address: 0x211d16038
  Set: 384 Way: 2 Address: 0x27d4c6000
  Set: 385 Way: 0 Address: 0x27d4c6040
  Set: 386 Way: 0 Address: 0x27d4c6080
  Set: 387 Way: 0 Address: 0x27d4c60c0
  Set: 388 Way: 0 Address: 0x27d4c6100
  Set: 389 Way: 0 Address: 0x27d4c6140
  Set: 390 Way: 0 Address: 0x27d4c6180
  Set: 390 Way: 1 Address: 0x211d161a0
  Set: 391 Way: 0 Address: 0x27d4c61c0
  Set: 392 Way: 0 Address: 0x27d4c6200
  Set: 392 Way: 1 Address: 0x211d16200
  Set: 393 Way: 0 Address: 0x211d16240
  Set: 393 Way: 1 Address: 0x27d4c6240
  Set: 394 Way: 0 Address: 0x27d4c6280
  Set: 395 Way: 0 Address: 0x27d4c62c0
  Set: 396 Way: 0 Address: 0x27d4c6300
  Set: 397 Way: 0 Address: 0x27d4c6340
  Set: 398 Way: 0 Address: 0x27d4c6380
  Set: 399 Way: 0 Address: 0x27d4c63c0
  Set: 400 Way: 0 Address: 0x27d4c6400
  Set: 401 Way: 0 Address: 0x27d4c6440
  Set: 402 Way: 0 Address: 0x27d4c6480
  Set: 403 Way: 0 Address: 0x27d4c64c0
  Set: 404 Way: 0 Address: 0x27d4c6500
  Set: 405 Way: 0 Address: 0x27d4c6540
  Set: 406 Way: 0 Address: 0x27d4c6580
  Set: 407 Way: 0 Address: 0x27d4c65c0
  Set: 408 Way: 0 Address: 0x27d4c6600
  Set: 409 Way: 0 Address: 0x27d4c6640
  Set: 410 Way: 0 Address: 0x27d4c6680
  Set: 411 Way: 0 Address: 0x27d4c66c0
  Set: 412 Way: 0 Address: 0x27d4c6700
  Set: 413 Way: 0 Address: 0x27d4c6740
  Set: 414 Way: 0 Address: 0x27d4c6780
  Set: 415 Way: 0 Address: 0x27d4c67c0
  Set: 416 Way: 0 Address: 0x3dae66800
  Set: 416 Way: 1 Address: 0x27d4c6800
  Set: 417 Way: 0 Address: 0x27d4c6840
  Set: 418 Way: 0 Address: 0x27d4c6880
  Set: 419 Way: 0 Address: 0x27d4c68c0
  Set: 420 Way: 0 Address: 0x27d4c6900
  Set: 421 Way: 0 Address: 0x27d4c6940
  Set: 422 Way: 0 Address: 0x27d4c6980
  Set: 423 Way: 0 Address: 0x27d4c69c0
  Set: 424 Way: 0 Address: 0x27d4c6a00
  Set: 425 Way: 0 Address: 0x27d4c6a40
  Set: 426 Way: 0 Address: 0x27d4c6a80
  Set: 427 Way: 0 Address: 0x27d4c6ac0
  Set: 428 Way: 0 Address: 0x27d4c6b00
  Set: 429 Way: 0 Address: 0x27d4c6b40
  Set: 430 Way: 0 Address: 0x27d4c6b80
  Set: 431 Way: 0 Address: 0x27d4c6bc0
  Set: 432 Way: 0 Address: 0x27d4c6c00
  Set: 433 Way: 0 Address: 0x3dae66c48
  Set: 433 Way: 1 Address: 0x27d4c6c40
  Set: 434 Way: 0 Address: 0x27d4c6c80
  Set: 435 Way: 0 Address: 0x27d4c6cc0
  Set: 436 Way: 0 Address: 0x27d4c6d00
  Set: 437 Way: 0 Address: 0x27d4c6d40
  Set: 438 Way: 0 Address: 0x27d4c6d80
  Set: 439 Way: 0 Address: 0x27d4c6dc0
  Set: 440 Way: 0 Address: 0x27d4c6e00
  Set: 441 Way: 0 Address: 0x27d4c6e40
  Set: 442 Way: 0 Address: 0x27d4c6e80
  Set: 443 Way: 0 Address: 0x3d87a6ee8
  Set: 443 Way: 1 Address: 0x27d4c6ec0
  Set: 444 Way: 0 Address: 0x27d4c6f00
  Set: 445 Way: 0 Address: 0x27d4c6f40
  Set: 446 Way: 0 Address: 0x27d4c6f80
  Set: 447 Way: 0 Address: 0x27d4c6fc0
  Set: 466 Way: 0 Address: 0x309887480
  Set: 466 Way: 1 Address: 0xbeea74b8
  Set: 467 Way: 0 Address: 0x3098874c3
  Set: 467 Way: 1 Address: 0xbeea74d8
  Set: 468 Way: 0 Address: 0x309887501
  Set: 468 Way: 1 Address: 0xbeea7538
  Set: 469 Way: 0 Address: 0x309887544
  Set: 469 Way: 1 Address: 0xbeea7570
  Set: 470 Way: 0 Address: 0x309887584
  Set: 470 Way: 1 Address: 0xbeea7580
  Set: 471 Way: 0 Address: 0x3098875c5
  Set: 471 Way: 1 Address: 0xbeea75e0
  Set: 472 Way: 0 Address: 0x309887600
  Set: 504 Way: 0 Address: 0x276ff7e20
  Set: 512 Way: 0 Address: 0xc7078003
  Set: 512 Way: 1 Address: 0x3bdd78000
  Set: 513 Way: 0 Address: 0x3bdd78040
  Set: 514 Way: 0 Address: 0x3bdd78080
  Set: 515 Way: 0 Address: 0x3bdd780c0
  Set: 516 Way: 0 Address: 0x3bdd78100
  Set: 517 Way: 0 Address: 0x3bdd78140
  Set: 518 Way: 0 Address: 0x3bdd78180
  Set: 519 Way: 0 Address: 0x3bdd781c0
  Set: 520 Way: 0 Address: 0x3bdd78200
  Set: 521 Way: 0 Address: 0x3bdd78240
  Set: 522 Way: 0 Address: 0x3bdd78280
  Set: 523 Way: 0 Address: 0x3bdd782c0
  Set: 524 Way: 0 Address: 0x3bdd78300
  Set: 525 Way: 0 Address: 0x3bdd78340
  Set: 526 Way: 0 Address: 0x3bdd78380
  Set: 527 Way: 0 Address: 0x3bdd783c0
  Set: 528 Way: 0 Address: 0x3bdd78400
  Set: 529 Way: 0 Address: 0x3bdd78440
  Set: 530 Way: 0 Address: 0x3bdd78480
  Set: 531 Way: 0 Address: 0x3bdd784c0
  Set: 532 Way: 0 Address: 0x3bdd78500
  Set: 533 Way: 0 Address: 0x3bdd78540
  Set: 534 Way: 0 Address: 0x3bdd78580
  Set: 535 Way: 0 Address: 0x3bdd785c0
  Set: 536 Way: 0 Address: 0x3bdd78600
  Set: 537 Way: 0 Address: 0x3bdd78640
  Set: 538 Way: 0 Address: 0x3bdd78680
  Set: 539 Way: 0 Address: 0x2c98986c0
  Set: 539 Way: 1 Address: 0x3bdd786c0
  Set: 540 Way: 0 Address: 0x3bdd78700
  Set: 541 Way: 0 Address: 0x3bdd78740
  Set: 542 Way: 0 Address: 0x3bdd78780
  Set: 543 Way: 0 Address: 0x3bdd787c0
  Set: 544 Way: 0 Address: 0x3bdd78800
  Set: 545 Way: 0 Address: 0x201598840
  Set: 545 Way: 1 Address: 0x1aafb8848
  Set: 545 Way: 2 Address: 0x3bdd78840
  Set: 546 Way: 0 Address: 0x3bdd78880
  Set: 547 Way: 0 Address: 0x3bdd788c0
  Set: 548 Way: 0 Address: 0x3bdd78900
  Set: 549 Way: 0 Address: 0x3bdd78940
  Set: 550 Way: 0 Address: 0x3bdd78980
  Set: 551 Way: 0 Address: 0x3bdd789c0
  Set: 552 Way: 0 Address: 0x3bdd78a00
  Set: 553 Way: 0 Address: 0x3bdd78a40
  Set: 554 Way: 0 Address: 0x3bdd78a80
  Set: 555 Way: 0 Address: 0x3bdd78ac0
  Set: 556 Way: 0 Address: 0x3bdd78b00
  Set: 557 Way: 0 Address: 0x3bdd78b40
  Set: 558 Way: 0 Address: 0x3bdd78b80
  Set: 559 Way: 0 Address: 0x3bdd78bc0
  Set: 560 Way: 0 Address: 0x3bdd78c00
  Set: 561 Way: 0 Address: 0x3bdd78c40
  Set: 562 Way: 0 Address: 0x3bdd78c80
  Set: 563 Way: 0 Address: 0x3bdd78cc0
  Set: 564 Way: 0 Address: 0x3bdd78d00
  Set: 565 Way: 0 Address: 0x3bdd78d40
  Set: 566 Way: 0 Address: 0x3bdd78d80
  Set: 567 Way: 0 Address: 0x3bdd78dc0
  Set: 568 Way: 0 Address: 0x3bdd78e00
  Set: 569 Way: 0 Address: 0x3bdd78e40
  Set: 570 Way: 0 Address: 0x3bdd78e80
  Set: 571 Way: 0 Address: 0x3bdd78ec0
  Set: 572 Way: 0 Address: 0x3bdd78f00
  Set: 573 Way: 0 Address: 0x3bdd78f40
  Set: 574 Way: 0 Address: 0x3bdd78f80
  Set: 575 Way: 0 Address: 0x3bdd78fc0
  Set: 576 Way: 0 Address: 0x2ee369018
  Set: 579 Way: 0 Address: 0x2ee3690d8
  Set: 585 Way: 0 Address: 0x2fa0c9268
  Set: 590 Way: 0 Address: 0x292959390
  Set: 591 Way: 0 Address: 0x2929593c3
  Set: 592 Way: 0 Address: 0x292959401
  Set: 593 Way: 0 Address: 0x292959440
  Set: 594 Way: 0 Address: 0x29295949f
  Set: 595 Way: 0 Address: 0x2929594c3
  Set: 596 Way: 0 Address: 0x292959504
  Set: 603 Way: 0 Address: 0x3120996f8
  Set: 632 Way: 0 Address: 0x2c8749e28
  Set: 640 Way: 0 Address: 0x223eda010
  Set: 643 Way: 0 Address: 0x223eda0f8
  Set: 644 Way: 0 Address: 0x223eda100
  Set: 665 Way: 0 Address: 0xc67da660
  Set: 715 Way: 0 Address: 0x394edb2d8
  Set: 722 Way: 0 Address: 0xcf83b4b8
  Set: 723 Way: 0 Address: 0xcf83b4d0
  Set: 729 Way: 0 Address: 0xc0d9b658
  Set: 739 Way: 0 Address: 0x3b377b8e0
  Set: 747 Way: 0 Address: 0x3b377bad0
  Set: 768 Way: 0 Address: 0xdf85c000
  Set: 768 Way: 1 Address: 0x12c6fc020
  Set: 768 Way: 2 Address: 0x1ae2cc000
  Set: 769 Way: 0 Address: 0x1ae2cc040
  Set: 784 Way: 0 Address: 0x38e35c418
  Set: 799 Way: 0 Address: 0x32f48c7f8
  Set: 836 Way: 0 Address: 0x23755d100
  Set: 868 Way: 0 Address: 0x5588d910
  Set: 869 Way: 0 Address: 0x5588d940
  Set: 870 Way: 0 Address: 0x5588d980
  Set: 871 Way: 0 Address: 0x5588d9c0
  Set: 872 Way: 0 Address: 0x5588da00
  Set: 873 Way: 0 Address: 0x5588da40
  Set: 874 Way: 0 Address: 0x5588da80
  Set: 875 Way: 0 Address: 0x5588dac0
  Set: 876 Way: 0 Address: 0x5588db00
  Set: 877 Way: 0 Address: 0x5588db40
  Set: 878 Way: 0 Address: 0x5588db80
  Set: 879 Way: 0 Address: 0x5588dbc0
  Set: 880 Way: 0 Address: 0x5588dc00
  Set: 881 Way: 0 Address: 0x5588dc40
  Set: 882 Way: 0 Address: 0x5588dc80
  Set: 883 Way: 0 Address: 0x5588dcc0
  Set: 884 Way: 0 Address: 0x1addd30
  Set: 884 Way: 1 Address: 0x5588dd00
  Set: 885 Way: 0 Address: 0x5588dd40
  Set: 886 Way: 0 Address: 0x5588dd80
  Set: 887 Way: 0 Address: 0x5588ddc0
  Set: 888 Way: 0 Address: 0x5588de00
  Set: 889 Way: 0 Address: 0x5588de40
  Set: 890 Way: 0 Address: 0x5588de80
  Set: 891 Way: 0 Address: 0x5588dec0
  Set: 892 Way: 0 Address: 0x5588df00
  Set: 893 Way: 0 Address: 0x5588df40
  Set: 894 Way: 0 Address: 0x5588df80
  Set: 895 Way: 0 Address: 0x5588dfc0
  Set: 896 Way: 0 Address: 0x28b67e000
  Set: 899 Way: 0 Address: 0x20597e0d8
  Set: 902 Way: 0 Address: 0x2db79e180
  Set: 907 Way: 0 Address: 0x1c084e2f0
  Set: 927 Way: 0 Address: 0x28b67e7f8
  Set: 955 Way: 0 Address: 0x2f5d8eee8
  Set: 959 Way: 0 Address: 0x3734eeffd
  Set: 959 Way: 1 Address: 0x2f5d8efc0
  Set: 963 Way: 0 Address: 0x143ef0d8
  Set: 971 Way: 0 Address: 0x22272f2e8
  Set: 991 Way: 0 Address: 0x16390f7f8
  Set: 991 Way: 1 Address: 0x23756f7f0
  Set: 1023 Way: 0 Address: 0x143effc8
EndCache
Cache: cpu0_L1I
  Set: 0 Way: 0 Address: 0xc7078003
  Set: 14 Way: 0 Address: 0x292959390
  Set: 15 Way: 0 Address: 0xf6e813f0
  Set: 15 Way: 1 Address: 0x2929593e3
  Set: 16 Way: 0 Address: 0x292959420
  Set: 17 Way: 0 Address: 0x292959440
  Set: 18 Way: 0 Address: 0x29295949f
  Set: 18 Way: 1 Address: 0x3098874a8
  Set: 19 Way: 0 Address: 0x2929594c3
  Set: 19 Way: 1 Address: 0x3098874c3
  Set: 20 Way: 0 Address: 0x309887506
  Set: 20 Way: 1 Address: 0x292959504
  Set: 21 Way: 0 Address: 0x30988757a
  Set: 22 Way: 0 Address: 0x3098875b9
  Set: 23 Way: 0 Address: 0x3098875fa
  Set: 24 Way: 0 Address: 0x309887600
  Set: 63 Way: 0 Address: 0x3734eefe0
EndCache
Cache: cpu0_L1D
  Set: 0 Way: 0 Address: 0xdf85c000
  Set: 0 Way: 1 Address: 0x28a940018
  Set: 0 Way: 2 Address: 0x19c791018
  Set: 0 Way: 3 Address: 0x223eda010
  Set: 0 Way: 4 Address: 0x34a0e5000
  Set: 0 Way: 5 Address: 0x1ae2cc018
  Set: 0 Way: 6 Address: 0x2ee369018
  Set: 0 Way: 7 Address: 0x211d16038
  Set: 0 Way: 8 Address: 0x3b0803000
  Set: 0 Way: 9 Address: 0x3bdd78000
  Set: 0 Way: 10 Address: 0x1b0f15000
  Set: 0 Way: 11 Address: 0x27d4c6000
  Set: 1 Way: 0 Address: 0x3b0803040
  Set: 1 Way: 1 Address: 0x3bdd78040
  Set: 1 Way: 2 Address: 0x1b0f15040
  Set: 1 Way: 3 Address: 0x27d4c6040
  Set: 1 Way: 4 Address: 0x3232f3078
  Set: 1 Way: 5 Address: 0x257713078
  Set: 1 Way: 6 Address: 0x19c791040
  Set: 1 Way: 7 Address: 0x34a0e5040
  Set: 2 Way: 0 Address: 0x3b0803080
  Set: 2 Way: 1 Address: 0x3bdd78080
  Set: 2 Way: 2 Address: 0x1b0f15080
  Set: 2 Way: 3 Address: 0x27d4c6080
  Set: 2 Way: 4 Address: 0x19c791080
  Set: 2 Way: 5 Address: 0x34a0e5080
  Set: 3 Way: 0 Address: 0x223eda0f8
  Set: 3 Way: 1 Address: 0x1995f20f8
  Set: 3 Way: 2 Address: 0x2ee3690d8
  Set: 3 Way: 3 Address: 0x3232f30d8
  Set: 3 Way: 4 Address: 0x3b08030c0
  Set: 3 Way: 5 Address: 0x3bdd780c0
  Set: 3 Way: 6 Address: 0x1b0f150c0
  Set: 3 Way: 7 Address: 0x27d4c60c0
  Set: 3 Way: 8 Address: 0x143ef0d8
  Set: 3 Way: 9 Address: 0x20597e0d8
  Set: 3 Way: 10 Address: 0x19c7910c0
  Set: 3 Way: 11 Address: 0x34a0e50c0
  Set: 4 Way: 0 Address: 0x223eda100
  Set: 4 Way: 1 Address: 0x23755d100
  Set: 4 Way: 2 Address: 0x354d35100
  Set: 4 Way: 3 Address: 0x3b0803100
  Set: 4 Way: 4 Address: 0x3bdd78100
  Set: 4 Way: 5 Address: 0x1b0f15100
  Set: 4 Way: 6 Address: 0x27d4c6100
  Set: 4 Way: 7 Address: 0x19c791100
  Set: 4 Way: 8 Address: 0x34a0e5100
  Set: 5 Way: 0 Address: 0x6e620178
  Set: 5 Way: 1 Address: 0x3b0803140
  Set: 5 Way: 2 Address: 0x3bdd78140
  Set: 5 Way: 3 Address: 0x1b0f15140
  Set: 5 Way: 4 Address: 0x27d4c6140
  Set: 5 Way: 5 Address: 0x19c791158
  Set: 5 Way: 6 Address: 0x34a0e5140
  Set: 6 Way: 0 Address: 0x2b2e93188
  Set: 6 Way: 1 Address: 0x2db79e180
  Set: 6 Way: 2 Address: 0x3b0803180
  Set: 6 Way: 3 Address: 0x3bdd78180
  Set: 6 Way: 4 Address: 0x1b0f15180
  Set: 6 Way: 5 Address: 0x27d4c6180
  Set: 6 Way: 6 Address: 0x211d161a0
  Set: 6 Way: 7 Address: 0x19c791180
  Set: 6 Way: 8 Address: 0x34a0e5180
  Set: 7 Way: 0 Address: 0x3b08031c0
  Set: 7 Way: 1 Address: 0x3bdd781c0
  Set: 7 Way: 2 Address: 0x1b0f151c0
  Set: 7 Way: 3 Address: 0x27d4c61c0
  Set: 7 Way: 4 Address: 0x19c7911c0
  Set: 7 Way: 5 Address: 0x34a0e51c0
  Set: 8 Way: 0 Address: 0x129934228
  Set: 8 Way: 1 Address: 0x3b0803200
  Set: 8 Way: 2 Address: 0x3bdd78200
  Set: 8 Way: 3 Address: 0x1b0f15200
  Set: 8 Way: 4 Address: 0x27d4c6200
  Set: 8 Way: 5 Address: 0x211d16200
  Set: 8 Way: 6 Address: 0x1ab44238
  Set: 8 Way: 7 Address: 0x19c791200
  Set: 8 Way: 8 Address: 0x34a0e5200
  Set: 9 Way: 0 Address: 0x3b0803240
  Set: 9 Way: 1 Address: 0x3bdd78240
  Set: 9 Way: 2 Address: 0x1b0f15240
  Set: 9 Way: 3 Address: 0x34a873260
  Set: 9 Way: 4 Address: 0x211d16240
  Set: 9 Way: 5 Address: 0x1ab44278
  Set: 9 Way: 6 Address: 0x2fa0c9268
  Set: 9 Way: 7 Address: 0x27d4c6240
  Set: 9 Way: 8 Address: 0x19c791240
  Set: 9 Way: 9 Address: 0x34a0e5240
  Set: 9 Way: 10 Address: 0x168ef0270
  Set: 9 Way: 11 Address: 0x260091278
  Set: 10 Way: 0 Address: 0x3b0803280
  Set: 10 Way: 1 Address: 0x3bdd78280
  Set: 10 Way: 2 Address: 0x1b0f15280
  Set: 10 Way: 3 Address: 0x1ab442b8
  Set: 10 Way: 4 Address: 0x27d4c6280
  Set: 10 Way: 5 Address: 0x19c791280
  Set: 10 Way: 6 Address: 0x34a0e5280
  Set: 11 Way: 0 Address: 0x394edb2d8
  Set: 11 Way: 1 Address: 0x1c084e2f8
  Set: 11 Way: 2 Address: 0x22272f2e8
  Set: 11 Way: 3 Address: 0x2177f02e0
  Set: 11 Way: 4 Address: 0x342b402f0
  Set: 11 Way: 5 Address: 0x3b08032c0
  Set: 11 Way: 6 Address: 0x3bdd782c0
  Set: 11 Way: 7 Address: 0x1b0f152c0
  Set: 11 Way: 8 Address: 0x1ab442f8
  Set: 11 Way: 9 Address: 0x27d4c62c0
  Set: 11 Way: 10 Address: 0x19c7912c0
  Set: 11 Way: 11 Address: 0x34a0e52c0
  Set: 12 Way: 0 Address: 0x3b0803300
  Set: 12 Way: 1 Address: 0x3bdd78300
  Set: 12 Way: 2 Address: 0x1b0f15300
  Set: 12 Way: 3 Address: 0x1ab44338
  Set: 12 Way: 4 Address: 0x27d4c6300
  Set: 12 Way: 5 Address: 0x19c791300
  Set: 12 Way: 6 Address: 0x34a0e5300
  Set: 13 Way: 0 Address: 0x3b0803340
  Set: 13 Way: 1 Address: 0x3bdd78340
  Set: 13 Way: 2 Address: 0x1b0f15340
  Set: 13 Way: 3 Address: 0x1ab44378
  Set: 13 Way: 4 Address: 0x27d4c6340
  Set: 13 Way: 5 Address: 0x19c791350
  Set: 13 Way: 6 Address: 0x34a0e5340
  Set: 14 Way: 0 Address: 0x3b0803380
  Set: 14 Way: 1 Address: 0x3bdd78380
  Set: 14 Way: 2 Address: 0x1b0f15380
  Set: 14 Way: 3 Address: 0x1ab443b8
  Set: 14 Way: 4 Address: 0x27d4c6380
  Set: 14 Way: 5 Address: 0x19c791380
  Set: 14 Way: 6 Address: 0x34a0e5380
  Set: 15 Way: 0 Address: 0x1064c23f8
  Set: 15 Way: 1 Address: 0x3bdd783d8
  Set: 15 Way: 2 Address: 0x1b0f153d8
  Set: 15 Way: 3 Address: 0x1ab443f8
  Set: 15 Way: 4 Address: 0x27d4c63c0
  Set: 15 Way: 5 Address: 0x19c7913c0
  Set: 15 Way: 6 Address: 0x34a0e53c0
  Set: 16 Way: 0 Address: 0x38e35c418
  Set: 16 Way: 1 Address: 0x1064c2400
  Set: 16 Way: 2 Address: 0x3bdd78418
  Set: 16 Way: 3 Address: 0x1b0f15418
  Set: 16 Way: 4 Address: 0x1ab44438
  Set: 16 Way: 5 Address: 0x27d4c6400
  Set: 16 Way: 6 Address: 0x19c791400
  Set: 16 Way: 7 Address: 0x34a0e5400
  Set: 17 Way: 0 Address: 0x1064c2440
  Set: 17 Way: 1 Address: 0x3bdd78458
  Set: 17 Way: 2 Address: 0x1b0f15460
  Set: 17 Way: 3 Address: 0x1ab44478
  Set: 17 Way: 4 Address: 0x27d4c6440
  Set: 17 Way: 5 Address: 0x19c791440
  Set: 17 Way: 6 Address: 0x34a0e5440
  Set: 18 Way: 0 Address: 0xbeea749c
  Set: 18 Way: 1 Address: 0x1064c2488
  Set: 18 Way: 2 Address: 0xcf83b4a8
  Set: 18 Way: 3 Address: 0x3bdd784a0
  Set: 18 Way: 4 Address: 0x1b0f154a8
  Set: 18 Way: 5 Address: 0x1ab444b8
  Set: 18 Way: 6 Address: 0x27d4c6480
  Set: 18 Way: 7 Address: 0x19c791480
  Set: 19 Way: 0 Address: 0xbeea74e8
  Set: 19 Way: 1 Address: 0x1064c24c0
  Set: 19 Way: 2 Address: 0xcf83b4d0
  Set: 19 Way: 3 Address: 0x1b0f154e0
  Set: 19 Way: 4 Address: 0x3bdd784f8
  Set: 19 Way: 5 Address: 0x1ab444f8
  Set: 19 Way: 6 Address: 0x27d4c64c0
  Set: 19 Way: 7 Address: 0x19c7914c0
  Set: 20 Way: 0 Address: 0x1064c2508
  Set: 20 Way: 1 Address: 0xbeea7518
  Set: 20 Way: 2 Address: 0x181c81528
  Set: 20 Way: 3 Address: 0x3bdd78538
  Set: 20 Way: 4 Address: 0x1ab44538
  Set: 20 Way: 5 Address: 0x1b0f15538
  Set: 20 Way: 6 Address: 0x27d4c6500
  Set: 20 Way: 7 Address: 0x19c791500
  Set: 21 Way: 0 Address: 0xbeea7560
  Set: 21 Way: 1 Address: 0x1064c2540
  Set: 21 Way: 2 Address: 0x3bdd78578
  Set: 21 Way: 3 Address: 0x1ab44578
  Set: 21 Way: 4 Address: 0x1b0f15578
  Set: 21 Way: 5 Address: 0x27d4c6540
  Set: 21 Way: 6 Address: 0x19c791548
  Set: 22 Way: 0 Address: 0xbeea7580
  Set: 22 Way: 1 Address: 0x1064c2580
  Set: 22 Way: 2 Address: 0x3bdd785b8
  Set: 22 Way: 3 Address: 0x1ab445b8
  Set: 22 Way: 4 Address: 0x1b0f155b8
  Set: 22 Way: 5 Address: 0x27d4c6580
  Set: 22 Way: 6 Address: 0x19c791580
  Set: 23 Way: 0 Address: 0x1064c25c0
  Set: 23 Way: 1 Address: 0xbeea75e0
  Set: 23 Way: 2 Address: 0x3bdd785f8
  Set: 23 Way: 3 Address: 0x1ab445f8
  Set: 23 Way: 4 Address: 0x1b0f155f8
  Set: 23 Way: 5 Address: 0x27d4c65c0
  Set: 23 Way: 6 Address: 0x19c7915c0
  Set: 24 Way: 0 Address: 0x1064c2600
  Set: 24 Way: 1 Address: 0x1b0f15638
  Set: 24 Way: 2 Address: 0x3bdd78638
  Set: 24 Way: 3 Address: 0x1ab44638
  Set: 24 Way: 4 Address: 0x27d4c6600
  Set: 24 Way: 5 Address: 0x19c791600
  Set: 25 Way: 0 Address: 0xc0d9b658
  Set: 25 Way: 1 Address: 0x1064c2640
  Set: 25 Way: 2 Address: 0x3bdd78678
  Set: 25 Way: 3 Address: 0x1b0f15678
  Set: 25 Way: 4 Address: 0x1ab44678
  Set: 25 Way: 5 Address: 0x27d4c6640
  Set: 25 Way: 6 Address: 0xc67da660
  Set: 25 Way: 7 Address: 0x19c791640
  Set: 26 Way: 0 Address: 0x1064c2680
  Set: 26 Way: 1 Address: 0x1b0f156b8
  Set: 26 Way: 2 Address: 0x3bdd786b8
  Set: 26 Way: 3 Address: 0x1ab446b8
  Set: 26 Way: 4 Address: 0x27d4c6680
  Set: 26 Way: 5 Address: 0x19c791680
  Set: 27 Way: 0 Address: 0x2c98986c0
  Set: 27 Way: 1 Address: 0x1064c26c0
  Set: 27 Way: 2 Address: 0x3120996f8
  Set: 27 Way: 3 Address: 0x3bdd786f8
  Set: 27 Way: 4 Address: 0x1b0f156f8
  Set: 27 Way: 5 Address: 0x1ab446f8
  Set: 27 Way: 6 Address: 0x27d4c66c0
  Set: 27 Way: 7 Address: 0x19c7916c0
  Set: 28 Way: 0 Address: 0x1064c2708
  Set: 28 Way: 1 Address: 0x3bdd78738
  Set: 28 Way: 2 Address: 0x1b0f15738
  Set: 28 Way: 3 Address: 0x1ab44738
  Set: 28 Way: 4 Address: 0x27d4c6700
  Set: 28 Way: 5 Address: 0x19c791700
  Set: 29 Way: 0 Address: 0x1064c2740
  Set: 29 Way: 1 Address: 0x3bdd78778
  Set: 29 Way: 2 Address: 0x1b0f15778
  Set: 29 Way: 3 Address: 0x1ab44778
  Set: 29 Way: 4 Address: 0x27d4c6740
  Set: 29 Way: 5 Address: 0x19c791740
  Set: 30 Way: 0 Address: 0x1064c2780
  Set: 30 Way: 1 Address: 0x3bdd787b8
  Set: 30 Way: 2 Address: 0x1b0f157b8
  Set: 30 Way: 3 Address: 0x1ab447b8
  Set: 30 Way: 4 Address: 0x27d4c6780
  Set: 30 Way: 5 Address: 0x19c791780
  Set: 31 Way: 0 Address: 0x28b67e7f8
  Set: 31 Way: 1 Address: 0x16390f7f8
  Set: 31 Way: 2 Address: 0x3c10747e8
  Set: 31 Way: 3 Address: 0x1064c27c0
  Set: 31 Way: 4 Address: 0x23756f7f0
  Set: 31 Way: 5 Address: 0x3bdd787f8
  Set: 31 Way: 6 Address: 0x1b0f157f8
  Set: 31 Way: 7 Address: 0x1ab447f8
  Set: 31 Way: 8 Address: 0x27d4c67c0
  Set: 31 Way: 9 Address: 0x19c7917c0
  Set: 31 Way: 10 Address: 0x32f48c7f8
  Set: 32 Way: 0 Address: 0x3dae66800
  Set: 32 Way: 1 Address: 0x1064c2800
  Set: 32 Way: 2 Address: 0x27258583c
  Set: 32 Way: 3 Address: 0x3bdd78838
  Set: 32 Way: 4 Address: 0x1ab44838
  Set: 32 Way: 5 Address: 0x1b0f15838
  Set: 32 Way: 6 Address: 0x27d4c6800
  Set: 32 Way: 7 Address: 0x19c791800
  Set: 32 Way: 8 Address: 0x62d1283c
  Set: 33 Way: 0 Address: 0x201598840
  Set: 33 Way: 1 Address: 0x1aafb8848
  Set: 33 Way: 2 Address: 0x1064c2840
  Set: 33 Way: 3 Address: 0x272585858
  Set: 33 Way: 4 Address: 0x3bdd78878
  Set: 33 Way: 5 Address: 0x1ab44878
  Set: 33 Way: 6 Address: 0x1b0f15878
  Set: 33 Way: 7 Address: 0x27d4c6840
  Set: 33 Way: 8 Address: 0x19c791840
  Set: 33 Way: 9 Address: 0x62d12854
  Set: 34 Way: 0 Address: 0x1064c2880
  Set: 34 Way: 1 Address: 0x272585894
  Set: 34 Way: 2 Address: 0x3bdd788b8
  Set: 34 Way: 3 Address: 0x1b0f158b8
  Set: 34 Way: 4 Address: 0x1ab448b8
  Set: 34 Way: 5 Address: 0x27d4c6880
  Set: 34 Way: 6 Address: 0x19c791880
  Set: 34 Way: 7 Address: 0x62d12894
  Set: 35 Way: 0 Address: 0x3b377b8e0
  Set: 35 Way: 1 Address: 0x1064c28c0
  Set: 35 Way: 2 Address: 0x2725858d8
  Set: 35 Way: 3 Address: 0x3bdd788f8
  Set: 35 Way: 4 Address: 0x1b0f158f8
  Set: 35 Way: 5 Address: 0x1ab448f8
  Set: 35 Way: 6 Address: 0x27d4c68c0
  Set: 35 Way: 7 Address: 0x19c7918c0
  Set: 35 Way: 8 Address: 0x62d128c0
  Set: 36 Way: 0 Address: 0x5588d910
  Set: 36 Way: 1 Address: 0x1064c2908
  Set: 36 Way: 2 Address: 0x272585900
  Set: 36 Way: 3 Address: 0x3bdd78938
  Set: 36 Way: 4 Address: 0x1b0f15938
  Set: 36 Way: 5 Address: 0x1ab44938
  Set: 36 Way: 6 Address: 0x27d4c6900
  Set: 36 Way: 7 Address: 0x19c791900
  Set: 36 Way: 8 Address: 0x62d12914
  Set: 37 Way: 0 Address: 0x5588d940
  Set: 37 Way: 1 Address: 0x1064c2940
  Set: 37 Way: 2 Address: 0x272585940
  Set: 37 Way: 3 Address: 0x3bdd78978
  Set: 37 Way: 4 Address: 0x1b0f15978
  Set: 37 Way: 5 Address: 0x1ab44978
  Set: 37 Way: 6 Address: 0x27d4c6940
  Set: 37 Way: 7 Address: 0x19c791940
  Set: 37 Way: 8 Address: 0x62d12940
  Set: 38 Way: 0 Address: 0xb80049a8
  Set: 38 Way: 1 Address: 0x5588d980
  Set: 38 Way: 2 Address: 0x1064c2980
  Set: 38 Way: 3 Address: 0x272585980
  Set: 38 Way: 4 Address: 0x3bdd789b8
  Set: 38 Way: 5 Address: 0x1b0f159b8
  Set: 38 Way: 6 Address: 0x1ab449b8
  Set: 38 Way: 7 Address: 0x27d4c6980
  Set: 38 Way: 8 Address: 0x19c791980
  Set: 38 Way: 9 Address: 0x62d12980
  Set: 39 Way: 0 Address: 0x5588d9c0
  Set: 39 Way: 1 Address: 0x1064c29c0
  Set: 39 Way: 2 Address: 0x2725859c0
  Set: 39 Way: 3 Address: 0x3bdd789f8
  Set: 39 Way: 4 Address: 0x1ab449f8
  Set: 39 Way: 5 Address: 0x1b0f159f8
  Set: 39 Way: 6 Address: 0x27d4c69c0
  Set: 39 Way: 7 Address: 0x19c7919c0
  Set: 39 Way: 8 Address: 0x62d129c0
  Set: 40 Way: 0 Address: 0x1ab44a00
  Set: 40 Way: 1 Address: 0x5588da00
  Set: 40 Way: 2 Address: 0x1064c2a00
  Set: 40 Way: 3 Address: 0x272585a00
  Set: 40 Way: 4 Address: 0x1b0f15a38
  Set: 40 Way: 5 Address: 0x3bdd78a38
  Set: 40 Way: 6 Address: 0x27d4c6a00
  Set: 40 Way: 7 Address: 0x19c791a00
  Set: 40 Way: 8 Address: 0x62d12a00
  Set: 41 Way: 0 Address: 0x1b0f15a40
  Set: 41 Way: 1 Address: 0x1ab44a40
  Set: 41 Way: 2 Address: 0x5588da40
  Set: 41 Way: 3 Address: 0x1064c2a48
  Set: 41 Way: 4 Address: 0x272585a40
  Set: 41 Way: 5 Address: 0x3bdd78a78
  Set: 41 Way: 6 Address: 0x27d4c6a40
  Set: 41 Way: 7 Address: 0x19c791a40
  Set: 41 Way: 8 Address: 0x62d12a40
  Set: 42 Way: 0 Address: 0x3bdd78a80
  Set: 42 Way: 1 Address: 0x1b0f15a80
  Set: 42 Way: 2 Address: 0x5588da80
  Set: 42 Way: 3 Address: 0x1ab44a80
  Set: 42 Way: 4 Address: 0x1064c2a88
  Set: 42 Way: 5 Address: 0x272585a80
  Set: 42 Way: 6 Address: 0x27d4c6a80
  Set: 42 Way: 7 Address: 0x19c791a80
  Set: 42 Way: 8 Address: 0x62d12a80
  Set: 43 Way: 0 Address: 0x3b377bad0
  Set: 43 Way: 1 Address: 0x3bdd78ac0
  Set: 43 Way: 2 Address: 0x5588dac0
  Set: 43 Way: 3 Address: 0x1b0f15ac0
  Set: 43 Way: 4 Address: 0x1ab44ac0
  Set: 43 Way: 5 Address: 0x1064c2ac0
  Set: 43 Way: 6 Address: 0x272585ac0
  Set: 43 Way: 7 Address: 0x27d4c6ac0
  Set: 43 Way: 8 Address: 0x19c791ac0
  Set: 43 Way: 9 Address: 0x62d12ac0
  Set: 44 Way: 0 Address: 0x5588db00
  Set: 44 Way: 1 Address: 0x3bdd78b00
  Set: 44 Way: 2 Address: 0x1b0f15b00
  Set: 44 Way: 3 Address: 0x1ab44b00
  Set: 44 Way: 4 Address: 0x1064c2b00
  Set: 44 Way: 5 Address: 0x272585b00
  Set: 44 Way: 6 Address: 0x27d4c6b00
  Set: 44 Way: 7 Address: 0x19c791b18
  Set: 44 Way: 8 Address: 0x62d12b00
  Set: 45 Way: 0 Address: 0x1ab44b40
  Set: 45 Way: 1 Address: 0x3bdd78b40
  Set: 45 Way: 2 Address: 0x1b0f15b40
  Set: 45 Way: 3 Address: 0x5588db40
  Set: 45 Way: 4 Address: 0x1064c2b40
  Set: 45 Way: 5 Address: 0x272585b40
  Set: 45 Way: 6 Address: 0x27d4c6b40
  Set: 45 Way: 7 Address: 0x19c791b40
  Set: 45 Way: 8 Address: 0x62d12b58
  Set: 46 Way: 0 Address: 0x1ab44b80
  Set: 46 Way: 1 Address: 0x1b0f15b80
  Set: 46 Way: 2 Address: 0x3bdd78b80
  Set: 46 Way: 3 Address: 0x5588db80
  Set: 46 Way: 4 Address: 0x1064c2b80
  Set: 46 Way: 5 Address: 0x272585b80
  Set: 46 Way: 6 Address: 0x27d4c6b80
  Set: 46 Way: 7 Address: 0x19c791b80
  Set: 46 Way: 8 Address: 0x62d12b80
  Set: 47 Way: 0 Address: 0x1ab44bc0
  Set: 47 Way: 1 Address: 0x3bdd78bc0
  Set: 47 Way: 2 Address: 0x1b0f15bc0
  Set: 47 Way: 3 Address: 0x5588dbc0
  Set: 47 Way: 4 Address: 0x1064c2bc0
  Set: 47 Way: 5 Address: 0x272585bc0
  Set: 47 Way: 6 Address: 0x27d4c6bc0
  Set: 47 Way: 7 Address: 0x19c791bc0
  Set: 47 Way: 8 Address: 0x62d12bc0
  Set: 48 Way: 0 Address: 0x1ab44c00
  Set: 48 Way: 1 Address: 0x3bdd78c00
  Set: 48 Way: 2 Address: 0x1b0f15c00
  Set: 48 Way: 3 Address: 0x5588dc00
  Set: 48 Way: 4 Address: 0x272585c00
  Set: 48 Way: 5 Address: 0x1064c2c30
  Set: 48 Way: 6 Address: 0x27d4c6c00
  Set: 48 Way: 7 Address: 0x19c791c08
  Set: 48 Way: 8 Address: 0x62d12c00
  Set: 49 Way: 0 Address: 0x3dae66c48
  Set: 49 Way: 1 Address: 0x3bdd78c40
  Set: 49 Way: 2 Address: 0x1b0f15c40
  Set: 49 Way: 3 Address: 0x1ab44c40
  Set: 49 Way: 4 Address: 0x5588dc40
  Set: 49 Way: 5 Address: 0x272585c40
  Set: 49 Way: 6 Address: 0x1064c2c48
  Set: 49 Way: 7 Address: 0x27d4c6c40
  Set: 49 Way: 8 Address: 0x62d12c40
  Set: 49 Way: 9 Address: 0x19c791c60
  Set: 50 Way: 0 Address: 0x133c92cb0
  Set: 50 Way: 1 Address: 0x3bdd78c80
  Set: 50 Way: 2 Address: 0x1ab44c80
  Set: 50 Way: 3 Address: 0x1b0f15c80
  Set: 50 Way: 4 Address: 0x5588dc80
  Set: 50 Way: 5 Address: 0x272585c80
  Set: 50 Way: 6 Address: 0x1064c2c88
  Set: 50 Way: 7 Address: 0x27d4c6c80
  Set: 50 Way: 8 Address: 0x62d12c80
  Set: 50 Way: 9 Address: 0x19c791c80
  Set: 51 Way: 0 Address: 0x133c92cd0
  Set: 51 Way: 1 Address: 0x1ab44cc0
  Set: 51 Way: 2 Address: 0x3bdd78cc0
  Set: 51 Way: 3 Address: 0x1b0f15cc0
  Set: 51 Way: 4 Address: 0x5588dcc0
  Set: 51 Way: 5 Address: 0x272585cc0
  Set: 51 Way: 6 Address: 0x1064c2cc8
  Set: 51 Way: 7 Address: 0x27d4c6cc0
  Set: 51 Way: 8 Address: 0x62d12cc0
  Set: 51 Way: 9 Address: 0x19c791cc0
  Set: 52 Way: 0 Address: 0x1addd30
  Set: 52 Way: 1 Address: 0x3bdd78d00
  Set: 52 Way: 2 Address: 0x1b0f15d00
  Set: 52 Way: 3 Address: 0x1ab44d00
  Set: 52 Way: 4 Address: 0x5588dd00
  Set: 52 Way: 5 Address: 0x272585d00
  Set: 52 Way: 6 Address: 0x1064c2d08
  Set: 52 Way: 7 Address: 0x27d4c6d00
  Set: 52 Way: 8 Address: 0x62d12d00
  Set: 52 Way: 9 Address: 0x19c791d00
  Set: 53 Way: 0 Address: 0x3bdd78d40
  Set: 53 Way: 1 Address: 0x1ab44d40
  Set: 53 Way: 2 Address: 0x1b0f15d40
  Set: 53 Way: 3 Address: 0x5588dd40
  Set: 53 Way: 4 Address: 0x272585d40
  Set: 53 Way: 5 Address: 0x1064c2d48
  Set: 53 Way: 6 Address: 0x27d4c6d40
  Set: 53 Way: 7 Address: 0x62d12d40
  Set: 53 Way: 8 Address: 0x19c791d40
  Set: 54 Way: 0 Address: 0x1ab44d80
  Set: 54 Way: 1 Address: 0x3bdd78d80
  Set: 54 Way: 2 Address: 0x1b0f15d80
  Set: 54 Way: 3 Address: 0x5588dd80
  Set: 54 Way: 4 Address: 0x272585d80
  Set: 54 Way: 5 Address: 0x1064c2d88
  Set: 54 Way: 6 Address: 0x27d4c6d80
  Set: 54 Way: 7 Address: 0x62d12d80
  Set: 54 Way: 8 Address: 0x19c791d80
  Set: 55 Way: 0 Address: 0x3bdd78dc0
  Set: 55 Way: 1 Address: 0x1b0f15dc0
  Set: 55 Way: 2 Address: 0x1ab44dc0
  Set: 55 Way: 3 Address: 0x5588ddc0
  Set: 55 Way: 4 Address: 0x272585dc0
  Set: 55 Way: 5 Address: 0x1064c2dc8
  Set: 55 Way: 6 Address: 0x27d4c6dc0
  Set: 55 Way: 7 Address: 0x62d12dc0
  Set: 55 Way: 8 Address: 0x19c791dc0
  Set: 56 Way: 0 Address: 0x276ff7e20
  Set: 56 Way: 1 Address: 0x3bdd78e00
  Set: 56 Way: 2 Address: 0x1b0f15e00
  Set: 56 Way: 3 Address: 0x1ab44e00
  Set: 56 Way: 4 Address: 0x5588de00
  Set: 56 Way: 5 Address: 0x2c8749e28
  Set: 56 Way: 6 Address: 0x272585e00
  Set: 56 Way: 7 Address: 0x1064c2e08
  Set: 56 Way: 8 Address: 0x27d4c6e00
  Set: 56 Way: 9 Address: 0x62d12e00
  Set: 57 Way: 0 Address: 0x3bdd78e40
  Set: 57 Way: 1 Address: 0x1ab44e40
  Set: 57 Way: 2 Address: 0x1b0f15e40
  Set: 57 Way: 3 Address: 0x5588de40
  Set: 57 Way: 4 Address: 0x272585e40
  Set: 57 Way: 5 Address: 0x1064c2e48
  Set: 57 Way: 6 Address: 0x27d4c6e40
  Set: 57 Way: 7 Address: 0x62d12e40
  Set: 58 Way: 0 Address: 0x3bdd78e80
  Set: 58 Way: 1 Address: 0x1b0f15e80
  Set: 58 Way: 2 Address: 0x1ab44e80
  Set: 58 Way: 3 Address: 0x5588de80
  Set: 58 Way: 4 Address: 0x272585e80
  Set: 58 Way: 5 Address: 0x1064c2e88
  Set: 58 Way: 6 Address: 0x27d4c6e80
  Set: 58 Way: 7 Address: 0x62d12e80
  Set: 59 Way: 0 Address: 0xb8004ec8
  Set: 59 Way: 1 Address: 0x6d0c2ec8
  Set: 59 Way: 2 Address: 0x3bdd78ec0
  Set: 59 Way: 3 Address: 0x1ab44ec0
  Set: 59 Way: 4 Address: 0x1b0f15ec0
  Set: 59 Way: 5 Address: 0x5588dec0
  Set: 59 Way: 6 Address: 0x2f5d8eee8
  Set: 59 Way: 7 Address: 0x3d87a6ee8
  Set: 59 Way: 8 Address: 0x272585ec0
  Set: 59 Way: 9 Address: 0x1064c2ec8
  Set: 59 Way: 10 Address: 0x27d4c6ec0
  Set: 59 Way: 11 Address: 0x62d12ec0
  Set: 60 Way: 0 Address: 0x3bdd78f00
  Set: 60 Way: 1 Address: 0x1b0f15f00
  Set: 60 Way: 2 Address: 0x1ab44f00
  Set: 60 Way: 3 Address: 0x5588df00
  Set: 60 Way: 4 Address: 0x272585f00
  Set: 60 Way: 5 Address: 0x1064c2f08
  Set: 60 Way: 6 Address: 0x27d4c6f00
  Set: 60 Way: 7 Address: 0x62d12f00
  Set: 61 Way: 0 Address: 0x3bdd78f40
  Set: 61 Way: 1 Address: 0x1b0f15f40
  Set: 61 Way: 2 Address: 0x1ab44f40
  Set: 61 Way: 3 Address: 0x5588df40
  Set: 61 Way: 4 Address: 0x272585f40
  Set: 61 Way: 5 Address: 0x1064c2f48
  Set: 61 Way: 6 Address: 0x27d4c6f40
  Set: 61 Way: 7 Address: 0x62d12f40
  Set: 62 Way: 0 Address: 0x14bb10f90
  Set: 62 Way: 1 Address: 0x3bdd78f80
  Set: 62 Way: 2 Address: 0x1ab44f80
  Set: 62 Way: 3 Address: 0x1b0f15f80
  Set: 62 Way: 4 Address: 0x5588df80
  Set: 62 Way: 5 Address: 0x272585f80
  Set: 62 Way: 6 Address: 0x1064c2f80
  Set: 62 Way: 7 Address: 0x27d4c6f80
  Set: 62 Way: 8 Address: 0x62d12f80
  Set: 63 Way: 0 Address: 0xb8004fc0
  Set: 63 Way: 1 Address: 0x2f5d8efc0
  Set: 63 Way: 2 Address: 0x143effc8
  Set: 63 Way: 3 Address: 0x1ab44fc0
  Set: 63 Way: 4 Address: 0x3bdd78fc0
  Set: 63 Way: 5 Address: 0x1b0f15fc0
  Set: 63 Way: 6 Address: 0x5588dfc0
  Set: 63 Way: 7 Address: 0x272585fc0
  Set: 63 Way: 8 Address: 0x1064c2fc0
  Set: 63 Way: 9 Address: 0x27d4c6fc0
  Set: 63 Way: 10 Address: 0x62d12fc0
EndCache
Cache: cpu0_ITLB
  Set: 0 Way: 0 Address: 0x4003f0
  Set: 5 Way: 0 Address: 0x445440
  Set: 5 Way: 1 Address: 0x5354c3
  Set: 8 Way: 0 Address: 0x508fe0
  Set: 9 Way: 0 Address: 0x509003
EndCache
Cache: cpu0_DTLB
  Set: 0 Way: 0 Address: 0x620cd0
  Set: 0 Way: 1 Address: 0x6306c0
  Set: 1 Way: 0 Address: 0x6312f8
  Set: 2 Way: 0 Address: 0x7ffe74df2560
  Set: 3 Way: 0 Address: 0x883038
  Set: 8 Way: 0 Address: 0x5f8e20
  Set: 9 Way: 0 Address: 0x5d9800
  Set: 11 Way: 0 Address: 0x405ba00
  Set: 11 Way: 1 Address: 0x36cb3f8
  Set: 12 Way: 0 Address: 0x405ca40
  Set: 12 Way: 1 Address: 0x7f86f8a4c83c
  Set: 12 Way: 2 Address: 0x36cc018
  Set: 13 Way: 0 Address: 0x3efd910
  Set: 13 Way: 1 Address: 0x405da80
  Set: 13 Way: 2 Address: 0x5dd528
  Set: 13 Way: 3 Address: 0x7f86f8a4d018
  Set: 14 Way: 0 Address: 0x405e000
  Set: 14 Way: 1 Address: 0x3efe000
  Set: 14 Way: 2 Address: 0x7f86f8a4e854
  Set: 15 Way: 0 Address: 0x62fad0
  Set: 15 Way: 1 Address: 0x1edf4b8
  Set: 15 Way: 2 Address: 0x3eff000
  Set: 15 Way: 3 Address: 0x7f86f8a4f018
EndCache
Cache: LLC
  Set: 0 Way: 0 Address: 0x28a940000
  Set: 1 Way: 0 Address: 0x28a940040
  Set: 2 Way: 0 Address: 0x28a940080
  Set: 3 Way: 0 Address: 0x28a9400c0
  Set: 4 Way: 0 Address: 0x28a940100
  Set: 5 Way: 0 Address: 0x6e620178
  Set: 5 Way: 1 Address: 0x28a940140
  Set: 6 Way: 0 Address: 0x28a940180
  Set: 7 Way: 0 Address: 0x28a9401c0
  Set: 8 Way: 0 Address: 0x28a940200
  Set: 9 Way: 0 Address: 0x28a940240
  Set: 11 Way: 0 Address: 0x342b402f0
  Set: 79 Way: 0 Address: 0xf6e813f0
  Set: 84 Way: 0 Address: 0x181c81528
  Set: 143 Way: 0 Address: 0x1064c23c8
  Set: 144 Way: 0 Address: 0x1064c2400
  Set: 145 Way: 0 Address: 0x1064c2440
  Set: 146 Way: 0 Address: 0x1064c2480
  Set: 147 Way: 0 Address: 0x1064c24c0
  Set: 148 Way: 0 Address: 0x1064c2500
  Set: 149 Way: 0 Address: 0x1064c2540
  Set: 150 Way: 0 Address: 0x1064c2580
  Set: 151 Way: 0 Address: 0x1064c25c0
  Set: 152 Way: 0 Address: 0x1064c2600
  Set: 153 Way: 0 Address: 0x1064c2640
  Set: 154 Way: 0 Address: 0x1064c2680
  Set: 155 Way: 0 Address: 0x1064c26c0
  Set: 156 Way: 0 Address: 0x1064c2700
  Set: 157 Way: 0 Address: 0x1064c2740
  Set: 158 Way: 0 Address: 0x1064c2780
  Set: 159 Way: 0 Address: 0x1064c27c0
  Set: 160 Way: 0 Address: 0x1064c2800
  Set: 161 Way: 0 Address: 0x1064c2840
  Set: 162 Way: 0 Address: 0x1064c2880
  Set: 163 Way: 0 Address: 0x1064c28c0
  Set: 164 Way: 0 Address: 0x1064c2900
  Set: 165 Way: 0 Address: 0x1064c2940
  Set: 166 Way: 0 Address: 0x1064c2980
  Set: 167 Way: 0 Address: 0x1064c29c0
  Set: 168 Way: 0 Address: 0x1064c2a00
  Set: 169 Way: 0 Address: 0x1064c2a40
  Set: 170 Way: 0 Address: 0x1064c2a80
  Set: 171 Way: 0 Address: 0x1064c2ac0
  Set: 172 Way: 0 Address: 0x1064c2b00
  Set: 173 Way: 0 Address: 0x1064c2b40
  Set: 174 Way: 0 Address: 0x1064c2b80
  Set: 175 Way: 0 Address: 0x1064c2bc0
  Set: 176 Way: 0 Address: 0x1064c2c28
  Set: 177 Way: 0 Address: 0x1064c2c40
  Set: 178 Way: 0 Address: 0x1064c2c80
  Set: 179 Way: 0 Address: 0x1064c2cc0
  Set: 180 Way: 0 Address: 0x1064c2d00
  Set: 181 Way: 0 Address: 0x1064c2d40
  Set: 182 Way: 0 Address: 0x1064c2d80
  Set: 183 Way: 0 Address: 0x1064c2dc0
  Set: 184 Way: 0 Address: 0x1064c2e00
  Set: 185 Way: 0 Address: 0x1064c2e40
  Set: 186 Way: 0 Address: 0x1064c2e80
  Set: 187 Way: 0 Address: 0x6d0c2ec8
  Set: 187 Way: 1 Address: 0x1064c2ec0
  Set: 188 Way: 0 Address: 0x1064c2f00
  Set: 189 Way: 0 Address: 0x1064c2f40
  Set: 190 Way: 0 Address: 0x1064c2f80
  Set: 191 Way: 0 Address: 0x1064c2fc0
  Set: 192 Way: 0 Address: 0x3b0803000
  Set: 193 Way: 0 Address: 0x3b0803040
  Set: 194 Way: 0 Address: 0x3b0803080
  Set: 195 Way: 0 Address: 0x3b08030c0
  Set: 196 Way: 0 Address: 0x3b0803100
  Set: 197 Way: 0 Address: 0x3b0803140
  Set: 198 Way: 0 Address: 0x3b0803180
  Set: 199 Way: 0 Address: 0x3b08031c0
  Set: 200 Way: 0 Address: 0x3b0803200
  Set: 201 Way: 0 Address: 0x3b0803240
  Set: 202 Way: 0 Address: 0x3b0803280
  Set: 203 Way: 0 Address: 0x3b08032c0
  Set: 204 Way: 0 Address: 0x3b0803300
  Set: 205 Way: 0 Address: 0x3b0803340
  Set: 206 Way: 0 Address: 0x3b0803380
  Set: 207 Way: 0 Address: 0x3b08033c0
  Set: 208 Way: 0 Address: 0x3b0803400
  Set: 209 Way: 0 Address: 0x3b0803440
  Set: 210 Way: 0 Address: 0x3b0803480
  Set: 264 Way: 0 Address: 0x1ab44228
  Set: 265 Way: 0 Address: 0x1ab44240
  Set: 266 Way: 0 Address: 0x1ab44280
  Set: 267 Way: 0 Address: 0x1ab442c0
  Set: 268 Way: 0 Address: 0x1ab44300
  Set: 269 Way: 0 Address: 0x1ab44340
  Set: 270 Way: 0 Address: 0x1ab44380
  Set: 271 Way: 0 Address: 0x1ab443c0
  Set: 272 Way: 0 Address: 0x1ab44400
  Set: 273 Way: 0 Address: 0x1ab44440
  Set: 274 Way: 0 Address: 0x1ab44480
  Set: 275 Way: 0 Address: 0x1ab444c0
  Set: 276 Way: 0 Address: 0x1ab44500
  Set: 277 Way: 0 Address: 0x1ab44540
  Set: 278 Way: 0 Address: 0x1ab44580
  Set: 279 Way: 0 Address: 0x1ab445c0
  Set: 280 Way: 0 Address: 0x1ab44600
  Set: 281 Way: 0 Address: 0x1ab44640
  Set: 282 Way: 0 Address: 0x1ab44680
  Set: 283 Way: 0 Address: 0x1ab446c0
  Set: 284 Way: 0 Address: 0x1ab44700
  Set: 285 Way: 0 Address: 0x1ab44740
  Set: 286 Way: 0 Address: 0x1ab44780
  Set: 287 Way: 0 Address: 0x1ab447c0
  Set: 288 Way: 0 Address: 0x1ab44800
  Set: 289 Way: 0 Address: 0x1ab44840
  Set: 290 Way: 0 Address: 0x1ab44880
  Set: 291 Way: 0 Address: 0x1ab448c0
  Set: 292 Way: 0 Address: 0x1ab44900
  Set: 293 Way: 0 Address: 0x1ab44940
  Set: 294 Way: 0 Address: 0xb80049a8
  Set: 294 Way: 1 Address: 0x1ab44980
  Set: 295 Way: 0 Address: 0x1ab449c0
  Set: 296 Way: 0 Address: 0x1ab44a00
  Set: 297 Way: 0 Address: 0x1ab44a40
  Set: 298 Way: 0 Address: 0x1ab44a80
  Set: 299 Way: 0 Address: 0x1ab44ac0
  Set: 300 Way: 0 Address: 0x1ab44b00
  Set: 301 Way: 0 Address: 0x1ab44b40
  Set: 302 Way: 0 Address: 0x1ab44b80
  Set: 303 Way: 0 Address: 0x1ab44bc0
  Set: 304 Way: 0 Address: 0x1ab44c00
  Set: 305 Way: 0 Address: 0x1ab44c40
  Set: 306 Way: 0 Address: 0x1ab44c80
  Set: 307 Way: 0 Address: 0x1ab44cc0
  Set: 308 Way: 0 Address: 0x1ab44d00
  Set: 309 Way: 0 Address: 0x1ab44d40
  Set: 310 Way: 0 Address: 0x1ab44d80
  Set: 311 Way: 0 Address: 0x1ab44dc0
  Set: 312 Way: 0 Address: 0x1ab44e00
  Set: 313 Way: 0 Address: 0x1ab44e40
  Set: 314 Way: 0 Address: 0x1ab44e80
  Set: 315 Way: 0 Address: 0xb8004ec8
  Set: 315 Way: 1 Address: 0x1ab44ec0
  Set: 316 Way: 0 Address: 0x1ab44f00
  Set: 317 Way: 0 Address: 0x1ab44f40
  Set: 318 Way: 0 Address: 0x1ab44f80
  Set: 319 Way: 0 Address: 0xb8004fc0
  Set: 319 Way: 1 Address: 0x1ab44fc0
  Set: 320 Way: 0 Address: 0x34a0e5000
  Set: 321 Way: 0 Address: 0x34a0e5040
  Set: 322 Way: 0 Address: 0x34a0e5080
  Set: 323 Way: 0 Address: 0x34a0e50c0
  Set: 324 Way: 0 Address: 0x34a0e5100
  Set: 325 Way: 0 Address: 0x34a0e5140
  Set: 326 Way: 0 Address: 0x34a0e5180
  Set: 327 Way: 0 Address: 0x34a0e51c0
  Set: 328 Way: 0 Address: 0x34a0e5200
  Set: 329 Way: 0 Address: 0x34a0e5240
  Set: 330 Way: 0 Address: 0x34a0e5280
  Set: 331 Way: 0 Address: 0x34a0e52c0
  Set: 332 Way: 0 Address: 0x34a0e5300
  Set: 333 Way: 0 Address: 0x34a0e5340
  Set: 334 Way: 0 Address: 0x34a0e5380
  Set: 335 Way: 0 Address: 0x34a0e53c0
  Set: 336 Way: 0 Address: 0x34a0e5400
  Set: 337 Way: 0 Address: 0x34a0e5440
  Set: 338 Way: 0 Address: 0x34a0e5480
  Set: 339 Way: 0 Address: 0x34a0e54c0
  Set: 340 Way: 0 Address: 0x34a0e5500
  Set: 341 Way: 0 Address: 0x34a0e5540
  Set: 342 Way: 0 Address: 0x34a0e5580
  Set: 343 Way: 0 Address: 0x34a0e55c0
  Set: 344 Way: 0 Address: 0x34a0e5600
  Set: 345 Way: 0 Address: 0x34a0e5640
  Set: 352 Way: 0 Address: 0x272585824
  Set: 353 Way: 0 Address: 0x272585840
  Set: 354 Way: 0 Address: 0x272585880
  Set: 355 Way: 0 Address: 0x2725858c0
  Set: 356 Way: 0 Address: 0x272585900
  Set: 357 Way: 0 Address: 0x272585940
  Set: 358 Way: 0 Address: 0x272585980
  Set: 359 Way: 0 Address: 0x2725859c0
  Set: 360 Way: 0 Address: 0x272585a00
  Set: 361 Way: 0 Address: 0x272585a40
  Set: 362 Way: 0 Address: 0x272585a80
  Set: 363 Way: 0 Address: 0x272585ac0
  Set: 364 Way: 0 Address: 0x272585b00
  Set: 365 Way: 0 Address: 0x272585b40
  Set: 366 Way: 0 Address: 0x272585b80
  Set: 367 Way: 0 Address: 0x272585bc0
  Set: 368 Way: 0 Address: 0x272585c00
  Set: 369 Way: 0 Address: 0x272585c40
  Set: 370 Way: 0 Address: 0x272585c80
  Set: 371 Way: 0 Address: 0x272585cc0
  Set: 372 Way: 0 Address: 0x272585d00
  Set: 373 Way: 0 Address: 0x272585d40
  Set: 374 Way: 0 Address: 0x272585d80
  Set: 375 Way: 0 Address: 0x272585dc0
  Set: 376 Way: 0 Address: 0x272585e00
  Set: 377 Way: 0 Address: 0x272585e40
  Set: 378 Way: 0 Address: 0x272585e80
  Set: 379 Way: 0 Address: 0x272585ec0
  Set: 380 Way: 0 Address: 0x272585f00
  Set: 381 Way: 0 Address: 0x272585f40
  Set: 382 Way: 0 Address: 0x272585f80
  Set: 383 Way: 0 Address: 0x272585fc0
  Set: 384 Way: 0 Address: 0x27d4c6000
  Set: 385 Way: 0 Address: 0x27d4c6040
  Set: 386 Way: 0 Address: 0x27d4c6080
  Set: 387 Way: 0 Address: 0x27d4c60c0
  Set: 388 Way: 0 Address: 0x27d4c6100
  Set: 389 Way: 0 Address: 0x27d4c6140
  Set: 390 Way: 0 Address: 0x27d4c6180
  Set: 391 Way: 0 Address: 0x27d4c61c0
  Set: 392 Way: 0 Address: 0x27d4c6200
  Set: 393 Way: 0 Address: 0x27d4c6240
  Set: 394 Way: 0 Address: 0x27d4c6280
  Set: 395 Way: 0 Address: 0x27d4c62c0
  Set: 396 Way: 0 Address: 0x27d4c6300
  Set: 397 Way: 0 Address: 0x27d4c6340
  Set: 398 Way: 0 Address: 0x27d4c6380
  Set: 399 Way: 0 Address: 0x27d4c63c0
  Set: 400 Way: 0 Address: 0x27d4c6400
  Set: 401 Way: 0 Address: 0x27d4c6440
  Set: 402 Way: 0 Address: 0x27d4c6480
  Set: 403 Way: 0 Address: 0x27d4c64c0
  Set: 404 Way: 0 Address: 0x27d4c6500
  Set: 405 Way: 0 Address: 0x27d4c6540
  Set: 406 Way: 0 Address: 0x27d4c6580
  Set: 407 Way: 0 Address: 0x27d4c65c0
  Set: 408 Way: 0 Address: 0x27d4c6600
  Set: 409 Way: 0 Address: 0x27d4c6640
  Set: 410 Way: 0 Address: 0x27d4c6680
  Set: 411 Way: 0 Address: 0x27d4c66c0
  Set: 412 Way: 0 Address: 0x27d4c6700
  Set: 413 Way: 0 Address: 0x27d4c6740
  Set: 414 Way: 0 Address: 0x27d4c6780
  Set: 415 Way: 0 Address: 0x27d4c67c0
  Set: 416 Way: 0 Address: 0x3dae66800
  Set: 416 Way: 1 Address: 0x27d4c6800
  Set: 417 Way: 0 Address: 0x27d4c6840
  Set: 418 Way: 0 Address: 0x27d4c6880
  Set: 419 Way: 0 Address: 0x27d4c68c0
  Set: 420 Way: 0 Address: 0x27d4c6900
  Set: 421 Way: 0 Address: 0x27d4c6940
  Set: 422 Way: 0 Address: 0x27d4c6980
  Set: 423 Way: 0 Address: 0x27d4c69c0
  Set: 424 Way: 0 Address: 0x27d4c6a00
  Set: 425 Way: 0 Address: 0x27d4c6a40
  Set: 426 Way: 0 Address: 0x27d4c6a80
  Set: 427 Way: 0 Address: 0x27d4c6ac0
  Set: 428 Way: 0 Address: 0x27d4c6b00
  Set: 429 Way: 0 Address: 0x27d4c6b40
  Set: 430 Way: 0 Address: 0x27d4c6b80
  Set: 431 Way: 0 Address: 0x27d4c6bc0
  Set: 432 Way: 0 Address: 0x27d4c6c00
  Set: 433 Way: 0 Address: 0x3dae66c48
  Set: 433 Way: 1 Address: 0x27d4c6c40
  Set: 434 Way: 0 Address: 0x27d4c6c80
  Set: 435 Way: 0 Address: 0x27d4c6cc0
  Set: 436 Way: 0 Address: 0x27d4c6d00
  Set: 437 Way: 0 Address: 0x27d4c6d40
  Set: 438 Way: 0 Address: 0x27d4c6d80
  Set: 439 Way: 0 Address: 0x27d4c6dc0
  Set: 440 Way: 0 Address: 0x27d4c6e00
  Set: 441 Way: 0 Address: 0x27d4c6e40
  Set: 442 Way: 0 Address: 0x27d4c6e80
  Set: 443 Way: 0 Address: 0x3d87a6ee8
  Set: 443 Way: 1 Address: 0x27d4c6ec0
  Set: 444 Way: 0 Address: 0x27d4c6f00
  Set: 445 Way: 0 Address: 0x27d4c6f40
  Set: 446 Way: 0 Address: 0x27d4c6f80
  Set: 447 Way: 0 Address: 0x27d4c6fc0
  Set: 466 Way: 0 Address: 0x309887480
  Set: 466 Way: 1 Address: 0xbeea74b8
  Set: 467 Way: 0 Address: 0x3098874c3
  Set: 467 Way: 1 Address: 0xbeea74d8
  Set: 468 Way: 0 Address: 0x309887501
  Set: 468 Way: 1 Address: 0xbeea7538
  Set: 469 Way: 0 Address: 0x309887544
  Set: 469 Way: 1 Address: 0xbeea7570
  Set: 470 Way: 0 Address: 0x309887584
  Set: 470 Way: 1 Address: 0xbeea7580
  Set: 471 Way: 0 Address: 0x3098875c5
  Set: 471 Way: 1 Address: 0xbeea75e0
  Set: 472 Way: 0 Address: 0x309887600
  Set: 473 Way: 0 Address: 0x309887640
  Set: 576 Way: 0 Address: 0x2ee369018
  Set: 579 Way: 0 Address: 0x2ee3690d8
  Set: 585 Way: 0 Address: 0x2fa0c9268
  Set: 632 Way: 0 Address: 0x2c8749e28
  Set: 768 Way: 0 Address: 0x1ae2cc000
  Set: 769 Way: 0 Address: 0x1ae2cc040
  Set: 770 Way: 0 Address: 0x1ae2cc080
  Set: 771 Way: 0 Address: 0x1ae2cc0c0
  Set: 772 Way: 0 Address: 0x1ae2cc100
  Set: 773 Way: 0 Address: 0x1ae2cc140
  Set: 774 Way: 0 Address: 0x1ae2cc180
  Set: 775 Way: 0 Address: 0x1ae2cc1c0
  Set: 776 Way: 0 Address: 0x1ae2cc200
  Set: 777 Way: 0 Address: 0x1ae2cc240
  Set: 778 Way: 0 Address: 0x1ae2cc280
  Set: 779 Way: 0 Address: 0x1ae2cc2c0
  Set: 780 Way: 0 Address: 0x1ae2cc300
  Set: 781 Way: 0 Address: 0x1ae2cc340
  Set: 782 Way: 0 Address: 0x1ae2cc380
  Set: 783 Way: 0 Address: 0x1ae2cc3c0
  Set: 784 Way: 0 Address: 0x1ae2cc400
  Set: 799 Way: 0 Address: 0x32f48c7f8
  Set: 868 Way: 0 Address: 0x5588d910
  Set: 869 Way: 0 Address: 0x5588d940
  Set: 870 Way: 0 Address: 0x5588d980
  Set: 871 Way: 0 Address: 0x5588d9c0
  Set: 872 Way: 0 Address: 0x5588da00
  Set: 873 Way: 0 Address: 0x5588da40
  Set: 874 Way: 0 Address: 0x5588da80
  Set: 875 Way: 0 Address: 0x5588dac0
  Set: 876 Way: 0 Address: 0x5588db00
  Set: 877 Way: 0 Address: 0x5588db40
  Set: 878 Way: 0 Address: 0x5588db80
  Set: 879 Way: 0 Address: 0x5588dbc0
  Set: 880 Way: 0 Address: 0x5588dc00
  Set: 881 Way: 0 Address: 0x5588dc40
  Set: 882 Way: 0 Address: 0x5588dc80
  Set: 883 Way: 0 Address: 0x5588dcc0
  Set: 884 Way: 0 Address: 0x5588dd00
  Set: 885 Way: 0 Address: 0x5588dd40
  Set: 886 Way: 0 Address: 0x5588dd80
  Set: 887 Way: 0 Address: 0x5588ddc0
  Set: 888 Way: 0 Address: 0x5588de00
  Set: 889 Way: 0 Address: 0x5588de40
  Set: 890 Way: 0 Address: 0x5588de80
  Set: 891 Way: 0 Address: 0x5588dec0
  Set: 892 Way: 0 Address: 0x5588df00
  Set: 893 Way: 0 Address: 0x5588df40
  Set: 894 Way: 0 Address: 0x5588df80
  Set: 895 Way: 0 Address: 0x5588dfc0
  Set: 907 Way: 0 Address: 0x1c084e2f0
  Set: 955 Way: 0 Address: 0x2f5d8eee8
  Set: 959 Way: 0 Address: 0x3734eeffd
  Set: 959 Way: 1 Address: 0x2f5d8efc0
  Set: 963 Way: 0 Address: 0x143ef0d8
  Set: 971 Way: 0 Address: 0x22272f2e8
  Set: 991 Way: 0 Address: 0x16390f7f8
  Set: 991 Way: 1 Address: 0x23756f7f0
  Set: 1023 Way: 0 Address: 0x143effc8
  Set: 1033 Way: 0 Address: 0x168ef0270
  Set: 1035 Way: 0 Address: 0x2177f02e0
  Set: 1086 Way: 0 Address: 0x14bb10f90
  Set: 1088 Way: 0 Address: 0x19c791000
  Set: 1089 Way: 0 Address: 0x19c791040
  Set: 1090 Way: 0 Address: 0x19c791080
  Set: 1091 Way: 0 Address: 0x19c7910c0
  Set: 1092 Way: 0 Address: 0x19c791100
  Set: 1093 Way: 0 Address: 0x19c791140
  Set: 1094 Way: 0 Address: 0x19c791180
  Set: 1095 Way: 0 Address: 0x19c7911c0
  Set: 1096 Way: 0 Address: 0x19c791200
  Set: 1097 Way: 0 Address: 0x19c791240
  Set: 1097 Way: 1 Address: 0x260091278
  Set: 1098 Way: 0 Address: 0x19c791280
  Set: 1099 Way: 0 Address: 0x19c7912c0
  Set: 1100 Way: 0 Address: 0x19c791300
  Set: 1101 Way: 0 Address: 0x19c791340
  Set: 1102 Way: 0 Address: 0x19c791380
  Set: 1103 Way: 0 Address: 0x19c7913c0
  Set: 1104 Way: 0 Address: 0x19c791400
  Set: 1105 Way: 0 Address: 0x19c791440
  Set: 1106 Way: 0 Address: 0x19c791480
  Set: 1107 Way: 0 Address: 0x19c7914c0
  Set: 1108 Way: 0 Address: 0x19c791500
  Set: 1109 Way: 0 Address: 0x19c791540
  Set: 1110 Way: 0 Address: 0x19c791580
  Set: 1111 Way: 0 Address: 0x19c7915c0
  Set: 1112 Way: 0 Address: 0x19c791600
  Set: 1113 Way: 0 Address: 0x19c791640
  Set: 1114 Way: 0 Address: 0x19c791680
  Set: 1115 Way: 0 Address: 0x19c7916c0
  Set: 1116 Way: 0 Address: 0x19c791700
  Set: 1117 Way: 0 Address: 0x19c791740
  Set: 1118 Way: 0 Address: 0x19c791780
  Set: 1119 Way: 0 Address: 0x19c7917c0
  Set: 1120 Way: 0 Address: 0x19c791800
  Set: 1121 Way: 0 Address: 0x19c791840
  Set: 1122 Way: 0 Address: 0x19c791880
  Set: 1123 Way: 0 Address: 0x19c7918c0
  Set: 1124 Way: 0 Address: 0x19c791900
  Set: 1125 Way: 0 Address: 0x19c791940
  Set: 1126 Way: 0 Address: 0x19c791980
  Set: 1127 Way: 0 Address: 0x19c7919c0
  Set: 1128 Way: 0 Address: 0x19c791a00
  Set: 1129 Way: 0 Address: 0x19c791a40
  Set: 1130 Way: 0 Address: 0x19c791a80
  Set: 1131 Way: 0 Address: 0x19c791ac0
  Set: 1132 Way: 0 Address: 0x19c791b00
  Set: 1133 Way: 0 Address: 0x19c791b40
  Set: 1134 Way: 0 Address: 0x19c791b80
  Set: 1135 Way: 0 Address: 0x19c791bc0
  Set: 1136 Way: 0 Address: 0x19c791c00
  Set: 1137 Way: 0 Address: 0x19c791c58
  Set: 1138 Way: 0 Address: 0x19c791c80
  Set: 1139 Way: 0 Address: 0x19c791cc0
  Set: 1140 Way: 0 Address: 0x19c791d00
  Set: 1141 Way: 0 Address: 0x19c791d40
  Set: 1142 Way: 0 Address: 0x19c791d80
  Set: 1143 Way: 0 Address: 0x19c791dc0
  Set: 1155 Way: 0 Address: 0x1995f20f8
  Set: 1184 Way: 0 Address: 0x62d1283c
  Set: 1185 Way: 0 Address: 0x62d12840
  Set: 1186 Way: 0 Address: 0x62d12880
  Set: 1187 Way: 0 Address: 0x62d128c0
  Set: 1188 Way: 0 Address: 0x62d12900
  Set: 1189 Way: 0 Address: 0x62d12940
  Set: 1190 Way: 0 Address: 0x62d12980
  Set: 1191 Way: 0 Address: 0x62d129c0
  Set: 1192 Way: 0 Address: 0x62d12a00
  Set: 1193 Way: 0 Address: 0x62d12a40
  Set: 1194 Way: 0 Address: 0x62d12a80
  Set: 1195 Way: 0 Address: 0x62d12ac0
  Set: 1196 Way: 0 Address: 0x62d12b00
  Set: 1197 Way: 0 Address: 0x62d12b40
  Set: 1198 Way: 0 Address: 0x62d12b80
  Set: 1199 Way: 0 Address: 0x62d12bc0
  Set: 1200 Way: 0 Address: 0x62d12c00
  Set: 1201 Way: 0 Address: 0x62d12c40
  Set: 1202 Way: 0 Address: 0x133c92ca0
  Set: 1202 Way: 1 Address: 0x62d12c80
  Set: 1203 Way: 0 Address: 0x133c92cc8
  Set: 1203 Way: 1 Address: 0x62d12cc0
  Set: 1204 Way: 0 Address: 0x62d12d00
  Set: 1205 Way: 0 Address: 0x62d12d40
  Set: 1206 Way: 0 Address: 0x62d12d80
  Set: 1207 Way: 0 Address: 0x62d12dc0
  Set: 1208 Way: 0 Address: 0x62d12e00
  Set: 1209 Way: 0 Address: 0x62d12e40
  Set: 1210 Way: 0 Address: 0x62d12e80
  Set: 1211 Way: 0 Address: 0x62d12ec0
  Set: 1212 Way: 0 Address: 0x62d12f00
  Set: 1213 Way: 0 Address: 0x62d12f40
  Set: 1214 Way: 0 Address: 0x62d12f80
  Set: 1215 Way: 0 Address: 0x62d12fc0
  Set: 1216 Way: 0 Address: 0x263c13000
  Set: 1217 Way: 0 Address: 0x3232f3078
  Set: 1217 Way: 1 Address: 0x257713078
  Set: 1219 Way: 0 Address: 0x3232f30d8
  Set: 1222 Way: 0 Address: 0x2b2e93188
  Set: 1225 Way: 0 Address: 0x34a873260
  Set: 1288 Way: 0 Address: 0x129934228
  Set: 1311 Way: 0 Address: 0x3c10747e8
  Set: 1344 Way: 0 Address: 0x1b0f15000
  Set: 1345 Way: 0 Address: 0x1b0f15040
  Set: 1346 Way: 0 Address: 0x1b0f15080
  Set: 1347 Way: 0 Address: 0x1b0f150c0
  Set: 1348 Way: 0 Address: 0x354d35100
  Set: 1348 Way: 1 Address: 0x1b0f15100
  Set: 1349 Way: 0 Address: 0x1b0f15140
  Set: 1350 Way: 0 Address: 0x1b0f15180
  Set: 1351 Way: 0 Address: 0x1b0f151c0
  Set: 1352 Way: 0 Address: 0x1b0f15200
  Set: 1353 Way: 0 Address: 0x1b0f15240
  Set: 1354 Way: 0 Address: 0x1b0f15280
  Set: 1355 Way: 0 Address: 0x1b0f152c0
  Set: 1356 Way: 0 Address: 0x1b0f15300
  Set: 1357 Way: 0 Address: 0x1b0f15340
  Set: 1358 Way: 0 Address: 0x1b0f15380
  Set: 1359 Way: 0 Address: 0x1b0f153c0
  Set: 1360 Way: 0 Address: 0x1b0f15400
  Set: 1361 Way: 0 Address: 0x1b0f15440
  Set: 1362 Way: 0 Address: 0x1b0f15480
  Set: 1363 Way: 0 Address: 0x1b0f154c0
  Set: 1364 Way: 0 Address: 0x1b0f15500
  Set: 1365 Way: 0 Address: 0x1b0f15540
  Set: 1366 Way: 0 Address: 0x1b0f15580
  Set: 1367 Way: 0 Address: 0x1b0f155c0
  Set: 1368 Way: 0 Address: 0x1b0f15600
  Set: 1369 Way: 0 Address: 0x1b0f15640
  Set: 1370 Way: 0 Address: 0x1b0f15680
  Set: 1371 Way: 0 Address: 0x1b0f156c0
  Set: 1372 Way: 0 Address: 0x1b0f15700
  Set: 1373 Way: 0 Address: 0x1b0f15740
  Set: 1374 Way: 0 Address: 0x1b0f15780
  Set: 1375 Way: 0 Address: 0x1b0f157c0
  Set: 1376 Way: 0 Address: 0x1b0f15800
  Set: 1377 Way: 0 Address: 0x1b0f15840
  Set: 1378 Way: 0 Address: 0x1b0f15880
  Set: 1379 Way: 0 Address: 0x1b0f158c0
  Set: 1380 Way: 0 Address: 0x1b0f15900
  Set: 1381 Way: 0 Address: 0x1b0f15940
  Set: 1382 Way: 0 Address: 0x1b0f15980
  Set: 1383 Way: 0 Address: 0x1b0f159c0
  Set: 1384 Way: 0 Address: 0x1b0f15a00
  Set: 1385 Way: 0 Address: 0x1b0f15a40
  Set: 1386 Way: 0 Address: 0x1b0f15a80
  Set: 1387 Way: 0 Address: 0x1b0f15ac0
  Set: 1388 Way: 0 Address: 0x1b0f15b00
  Set: 1389 Way: 0 Address: 0x1b0f15b40
  Set: 1390 Way: 0 Address: 0x1b0f15b80
  Set: 1391 Way: 0 Address: 0x1b0f15bc0
  Set: 1392 Way: 0 Address: 0x1b0f15c00
  Set: 1393 Way: 0 Address: 0x1b0f15c40
  Set: 1394 Way: 0 Address: 0x1b0f15c80
  Set: 1395 Way: 0 Address: 0x1b0f15cc0
  Set: 1396 Way: 0 Address: 0x1b0f15d00
  Set: 1397 Way: 0 Address: 0x1b0f15d40
  Set: 1398 Way: 0 Address: 0x1b0f15d80
  Set: 1399 Way: 0 Address: 0x1b0f15dc0
  Set: 1400 Way: 0 Address: 0x1b0f15e00
  Set: 1401 Way: 0 Address: 0x1b0f15e40
  Set: 1402 Way: 0 Address: 0x1b0f15e80
  Set: 1403 Way: 0 Address: 0x1b0f15ec0
  Set: 1404 Way: 0 Address: 0x1b0f15f00
  Set: 1405 Way: 0 Address: 0x1b0f15f40
  Set: 1406 Way: 0 Address: 0x1b0f15f80
  Set: 1407 Way: 0 Address: 0x1b0f15fc0
  Set: 1408 Way: 0 Address: 0x43736000
  Set: 1408 Way: 1 Address: 0x211d16038
  Set: 1414 Way: 0 Address: 0x211d161a0
  Set: 1416 Way: 0 Address: 0x211d16200
  Set: 1417 Way: 0 Address: 0x211d16240
  Set: 1528 Way: 0 Address: 0x276ff7e20
  Set: 1536 Way: 0 Address: 0xc7078003
  Set: 1536 Way: 1 Address: 0x3bdd78000
  Set: 1537 Way: 0 Address: 0x3bdd78040
  Set: 1538 Way: 0 Address: 0x3bdd78080
  Set: 1539 Way: 0 Address: 0x3bdd780c0
  Set: 1540 Way: 0 Address: 0x3bdd78100
  Set: 1541 Way: 0 Address: 0x3bdd78140
  Set: 1542 Way: 0 Address: 0x3bdd78180
  Set: 1543 Way: 0 Address: 0x3bdd781c0
  Set: 1544 Way: 0 Address: 0x3bdd78200
  Set: 1545 Way: 0 Address: 0x3bdd78240
  Set: 1546 Way: 0 Address: 0x3bdd78280
  Set: 1547 Way: 0 Address: 0x3bdd782c0
  Set: 1548 Way: 0 Address: 0x3bdd78300
  Set: 1549 Way: 0 Address: 0x3bdd78340
  Set: 1550 Way: 0 Address: 0x3bdd78380
  Set: 1551 Way: 0 Address: 0x3bdd783c0
  Set: 1552 Way: 0 Address: 0x3bdd78400
  Set: 1553 Way: 0 Address: 0x3bdd78440
  Set: 1554 Way: 0 Address: 0x3bdd78480
  Set: 1555 Way: 0 Address: 0x3bdd784c0
  Set: 1556 Way: 0 Address: 0x3bdd78500
  Set: 1557 Way: 0 Address: 0x3bdd78540
  Set: 1558 Way: 0 Address: 0x3bdd78580
  Set: 1559 Way: 0 Address: 0x3bdd785c0
  Set: 1560 Way: 0 Address: 0x3bdd78600
  Set: 1561 Way: 0 Address: 0x3bdd78640
  Set: 1562 Way: 0 Address: 0x3bdd78680
  Set: 1563 Way: 0 Address: 0x2c98986c0
  Set: 1563 Way: 1 Address: 0x3bdd786c0
  Set: 1564 Way: 0 Address: 0x3bdd78700
  Set: 1565 Way: 0 Address: 0x3bdd78740
  Set: 1566 Way: 0 Address: 0x3bdd78780
  Set: 1567 Way: 0 Address: 0x3bdd787c0
  Set: 1568 Way: 0 Address: 0x3bdd78800
  Set: 1569 Way: 0 Address: 0x201598840
  Set: 1569 Way: 1 Address: 0x1aafb8848
  Set: 1569 Way: 2 Address: 0x3bdd78840
  Set: 1570 Way: 0 Address: 0x3bdd78880
  Set: 1571 Way: 0 Address: 0x3bdd788c0
  Set: 1572 Way: 0 Address: 0x3bdd78900
  Set: 1573 Way: 0 Address: 0x3bdd78940
  Set: 1574 Way: 0 Address: 0x3bdd78980
  Set: 1575 Way: 0 Address: 0x3bdd789c0
  Set: 1576 Way: 0 Address: 0x3bdd78a00
  Set: 1577 Way: 0 Address: 0x3bdd78a40
  Set: 1578 Way: 0 Address: 0x3bdd78a80
  Set: 1579 Way: 0 Address: 0x3bdd78ac0
  Set: 1580 Way: 0 Address: 0x3bdd78b00
  Set: 1581 Way: 0 Address: 0x3bdd78b40
  Set: 1582 Way: 0 Address: 0x3bdd78b80
  Set: 1583 Way: 0 Address: 0x3bdd78bc0
  Set: 1584 Way: 0 Address: 0x3bdd78c00
  Set: 1585 Way: 0 Address: 0x3bdd78c40
  Set: 1586 Way: 0 Address: 0x3bdd78c80
  Set: 1587 Way: 0 Address: 0x3bdd78cc0
  Set: 1588 Way: 0 Address: 0x3bdd78d00
  Set: 1589 Way: 0 Address: 0x3bdd78d40
  Set: 1590 Way: 0 Address: 0x3bdd78d80
  Set: 1591 Way: 0 Address: 0x3bdd78dc0
  Set: 1592 Way: 0 Address: 0x3bdd78e00
  Set: 1593 Way: 0 Address: 0x3bdd78e40
  Set: 1594 Way: 0 Address: 0x3bdd78e80
  Set: 1595 Way: 0 Address: 0x3bdd78ec0
  Set: 1596 Way: 0 Address: 0x3bdd78f00
  Set: 1597 Way: 0 Address: 0x3bdd78f40
  Set: 1598 Way: 0 Address: 0x3bdd78f80
  Set: 1599 Way: 0 Address: 0x3bdd78fc0
  Set: 1614 Way: 0 Address: 0x292959390
  Set: 1615 Way: 0 Address: 0x2929593c3
  Set: 1616 Way: 0 Address: 0x292959401
  Set: 1617 Way: 0 Address: 0x292959440
  Set: 1618 Way: 0 Address: 0x29295949f
  Set: 1619 Way: 0 Address: 0x2929594c3
  Set: 1620 Way: 0 Address: 0x292959504
  Set: 1627 Way: 0 Address: 0x3120996f8
  Set: 1664 Way: 0 Address: 0x223eda010
  Set: 1667 Way: 0 Address: 0x223eda0f8
  Set: 1668 Way: 0 Address: 0x223eda100
  Set: 1689 Way: 0 Address: 0xc67da660
  Set: 1739 Way: 0 Address: 0x394edb2d8
  Set: 1746 Way: 0 Address: 0xcf83b4b8
  Set: 1747 Way: 0 Address: 0xcf83b4d0
  Set: 1753 Way: 0 Address: 0xc0d9b658
  Set: 1763 Way: 0 Address: 0x3b377b8e0
  Set: 1771 Way: 0 Address: 0x3b377bad0
  Set: 1792 Way: 0 Address: 0xdf85c000
  Set: 1792 Way: 1 Address: 0x12c6fc020
  Set: 1808 Way: 0 Address: 0x38e35c418
  Set: 1860 Way: 0 Address: 0x23755d100
  Set: 1908 Way: 0 Address: 0x1addd30
  Set: 1920 Way: 0 Address: 0x28b67e000
  Set: 1923 Way: 0 Address: 0x20597e0d8
  Set: 1926 Way: 0 Address: 0x2db79e180
  Set: 1951 Way: 0 Address: 0x28b67e7f8
EndCache
