Cache: cpu0_STLB
  Set: 2 Way: 0 Address: 0x4027b0
  Set: 3 Way: 0 Address: 0x4033fb
  Set: 4 Way: 0 Address: 0x404c00
  Set: 6 Way: 0 Address: 0x7fd2fa7065d9
  Set: 7 Way: 0 Address: 0x7fd2fa7070d9
  Set: 8 Way: 0 Address: 0x7fd2fa708c70
  Set: 9 Way: 0 Address: 0x7fd2fa7091f0
  Set: 10 Way: 0 Address: 0x7fd2fa70a270
  Set: 11 Way: 0 Address: 0x7fd2fa70b014
  Set: 13 Way: 0 Address: 0x40d700
  Set: 14 Way: 0 Address: 0x40e7d0
  Set: 15 Way: 0 Address: 0x40ff14
  Set: 30 Way: 0 Address: 0x279ebbe
  Set: 38 Way: 0 Address: 0x52696c
  Set: 42 Way: 0 Address: 0x52aad8
  Set: 44 Way: 0 Address: 0x7fd2fa62cc52
  Set: 45 Way: 0 Address: 0x7fd2fa62dfae
  Set: 46 Way: 0 Address: 0x7fd2fa62e539
  Set: 47 Way: 0 Address: 0x7fd2fa62f039
  Set: 48 Way: 0 Address: 0x27b06de
  Set: 48 Way: 1 Address: 0x7fd2fa63036f
  Set: 49 Way: 0 Address: 0x7fd2fa63112f
  Set: 61 Way: 0 Address: 0x7fd2fa6bd7da
  Set: 62 Way: 0 Address: 0x43ede2
  Set: 62 Way: 1 Address: 0x7fd2fa6be01a
  Set: 63 Way: 0 Address: 0x7fd2fa6bfe79
  Set: 64 Way: 0 Address: 0x7fd2fa6c0139
  Set: 65 Way: 0 Address: 0x7fd2fa6c11b9
  Set: 66 Way: 0 Address: 0x7fd2fa6c221e
  Set: 67 Way: 0 Address: 0x7fd2fa6c329a
  Set: 68 Way: 0 Address: 0x444b03
  Set: 69 Way: 0 Address: 0x4450ef
  Set: 70 Way: 0 Address: 0x446106
  Set: 71 Way: 0 Address: 0x7ffedb247c6c
  Set: 72 Way: 0 Address: 0x7ffedb2487d8
  Set: 72 Way: 1 Address: 0x4482f4
  Set: 73 Way: 0 Address: 0x7ffedb249550
  Set: 74 Way: 0 Address: 0x44a870
  Set: 75 Way: 0 Address: 0x44b514
  Set: 82 Way: 0 Address: 0x27d206e
  Set: 93 Way: 0 Address: 0x275dc40
  Set: 94 Way: 0 Address: 0x275eaf8
  Set: 95 Way: 0 Address: 0x275ffd0
  Set: 96 Way: 0 Address: 0x2760a58
  Set: 96 Way: 1 Address: 0x21e03a0
  Set: 98 Way: 0 Address: 0x2762178
  Set: 100 Way: 0 Address: 0x21e45a0
  Set: 101 Way: 0 Address: 0x21e54e0
  Set: 103 Way: 0 Address: 0x21e7e18
  Set: 104 Way: 0 Address: 0x21e80f0
  Set: 105 Way: 0 Address: 0x26e9430
  Set: 109 Way: 0 Address: 0x276d3cc
  Set: 112 Way: 0 Address: 0x2770c3c
  Set: 117 Way: 0 Address: 0x7fd2fa675a51
  Set: 118 Way: 0 Address: 0x7fd2fa67656d
  Set: 119 Way: 0 Address: 0x7fd2fa677330
  Set: 120 Way: 0 Address: 0x7fd2fa6780f0
  Set: 121 Way: 0 Address: 0x7fd2fa679161
  Set: 122 Way: 0 Address: 0x7fd2fa67a1d9
  Set: 123 Way: 0 Address: 0x21fb30e
  Set: 124 Way: 0 Address: 0x7fd2fa37c530
  Set: 125 Way: 0 Address: 0x7fd2fa37d030
EndCache
Cache: cpu0_L2C
  Set: 3 Way: 0 Address: 0x342b400ef
  Set: 4 Way: 0 Address: 0x342b40105
  Set: 5 Way: 0 Address: 0x342b40146
  Set: 5 Way: 1 Address: 0x28a940178
  Set: 6 Way: 0 Address: 0x342b40180
  Set: 6 Way: 1 Address: 0x14bb10184
  Set: 6 Way: 2 Address: 0x28a940180
  Set: 7 Way: 0 Address: 0x342b401c0
  Set: 7 Way: 1 Address: 0x14bb101c0
  Set: 8 Way: 0 Address: 0x342b40201
  Set: 8 Way: 1 Address: 0x2177f021b
  Set: 9 Way: 0 Address: 0x342b40240
  Set: 9 Way: 1 Address: 0x2177f0240
  Set: 10 Way: 0 Address: 0x2177f0283
  Set: 11 Way: 0 Address: 0x2177f02f4
  Set: 12 Way: 0 Address: 0x2177f0300
  Set: 13 Way: 0 Address: 0x2177f0340
  Set: 19 Way: 0 Address: 0x168ef04e0
  Set: 22 Way: 0 Address: 0x14bb105a0
  Set: 23 Way: 0 Address: 0x14bb105c0
  Set: 23 Way: 1 Address: 0x1f8ce05d9
  Set: 24 Way: 0 Address: 0x14bb10600
  Set: 24 Way: 1 Address: 0x1f8ce0600
  Set: 25 Way: 0 Address: 0x14bb10640
  Set: 34 Way: 0 Address: 0x1f8ce0899
  Set: 35 Way: 0 Address: 0x1f8ce08c0
  Set: 42 Way: 0 Address: 0x342b40a90
  Set: 43 Way: 0 Address: 0x342b40ac3
  Set: 44 Way: 0 Address: 0x342b40b00
  Set: 45 Way: 0 Address: 0x342b40b43
  Set: 45 Way: 1 Address: 0x1f8ce0b59
  Set: 46 Way: 0 Address: 0x342b40b82
  Set: 46 Way: 1 Address: 0x1f8ce0b80
  Set: 47 Way: 0 Address: 0x342b40bc0
  Set: 48 Way: 0 Address: 0x342b40c01
  Set: 49 Way: 0 Address: 0x342b40c43
  Set: 50 Way: 0 Address: 0x342b40c85
  Set: 51 Way: 0 Address: 0x342b40cc0
  Set: 52 Way: 0 Address: 0x342b40d00
  Set: 53 Way: 0 Address: 0x342b40d41
  Set: 54 Way: 0 Address: 0x342b40d82
  Set: 55 Way: 0 Address: 0x342b40dc0
  Set: 56 Way: 0 Address: 0x342b40e00
  Set: 56 Way: 1 Address: 0x1f8ce0e19
  Set: 57 Way: 0 Address: 0x342b40e41
  Set: 57 Way: 1 Address: 0x1f8ce0e40
  Set: 58 Way: 0 Address: 0x342b40e80
  Set: 59 Way: 0 Address: 0x342b40ec0
  Set: 60 Way: 0 Address: 0x6e620f20
  Set: 65 Way: 0 Address: 0x113201078
  Set: 69 Way: 0 Address: 0x116e01160
  Set: 73 Way: 0 Address: 0x113201258
  Set: 91 Way: 0 Address: 0x2a48416c8
  Set: 99 Way: 0 Address: 0x181c818d0
  Set: 100 Way: 0 Address: 0x181c81900
  Set: 101 Way: 0 Address: 0x181c81948
  Set: 102 Way: 0 Address: 0x181c81980
  Set: 105 Way: 0 Address: 0xf6e81a58
  Set: 107 Way: 0 Address: 0x181c81af8
  Set: 108 Way: 0 Address: 0x181c81b00
  Set: 122 Way: 0 Address: 0x260091e88
  Set: 124 Way: 0 Address: 0x19c791f28
  Set: 130 Way: 0 Address: 0x1c65320a7
  Set: 131 Way: 0 Address: 0x1c65320c0
  Set: 133 Way: 0 Address: 0x3bdb2168
  Set: 135 Way: 0 Address: 0x1064c21f0
  Set: 136 Way: 0 Address: 0x1064c2228
  Set: 136 Way: 1 Address: 0x348de221e
  Set: 137 Way: 0 Address: 0x348de2240
  Set: 141 Way: 0 Address: 0x1c653236f
  Set: 142 Way: 0 Address: 0x1c6532380
  Set: 142 Way: 1 Address: 0xa3a523b8
  Set: 142 Way: 2 Address: 0x3bdb23b0
  Set: 143 Way: 0 Address: 0xa3a523c0
  Set: 143 Way: 1 Address: 0x1fd4123d0
  Set: 147 Way: 0 Address: 0x348de24de
  Set: 148 Way: 0 Address: 0x348de2500
  Set: 151 Way: 0 Address: 0x34e4a25e8
  Set: 152 Way: 0 Address: 0x1c653262f
  Set: 152 Way: 1 Address: 0x34e4a2610
  Set: 152 Way: 2 Address: 0x23a612618
  Set: 152 Way: 3 Address: 0x1fd412618
  Set: 153 Way: 0 Address: 0x1c6532640
  Set: 158 Way: 0 Address: 0x1c84e27b0
  Set: 158 Way: 1 Address: 0x348de279e
  Set: 159 Way: 0 Address: 0x1c84e27c4
  Set: 159 Way: 1 Address: 0x348de27c0
  Set: 160 Way: 0 Address: 0x1c84e2801
  Set: 160 Way: 1 Address: 0x34e4a2830
  Set: 160 Way: 2 Address: 0x23a612838
  Set: 161 Way: 0 Address: 0x1c84e2841
  Set: 162 Way: 0 Address: 0x1c84e2882
  Set: 163 Way: 0 Address: 0x1c84e28c1
  Set: 163 Way: 1 Address: 0x1c65328ef
  Set: 164 Way: 0 Address: 0x1c84e2900
  Set: 164 Way: 1 Address: 0x1c6532900
  Set: 165 Way: 0 Address: 0x6d0c296c
  Set: 166 Way: 0 Address: 0x6d0c2980
  Set: 169 Way: 0 Address: 0x1c84e2a40
  Set: 169 Way: 1 Address: 0x9cff2a58
  Set: 169 Way: 2 Address: 0x348de2a5e
  Set: 170 Way: 0 Address: 0x1c84e2a80
  Set: 170 Way: 1 Address: 0x348de2a80
  Set: 171 Way: 0 Address: 0x1c84e2ac0
  Set: 172 Way: 0 Address: 0x1c84e2b00
  Set: 174 Way: 0 Address: 0x1c6532baf
  Set: 175 Way: 0 Address: 0x31be12be0
  Set: 175 Way: 1 Address: 0x1c6532bc0
  Set: 176 Way: 0 Address: 0x62d12c00
  Set: 177 Way: 0 Address: 0x62d12c41
  Set: 178 Way: 0 Address: 0x62d12c80
  Set: 179 Way: 0 Address: 0x62d12cc0
  Set: 180 Way: 0 Address: 0x62d12d00
  Set: 180 Way: 1 Address: 0x1c84e2d1f
  Set: 180 Way: 2 Address: 0x348de2d1e
  Set: 181 Way: 0 Address: 0x1c84e2d40
  Set: 181 Way: 1 Address: 0x348de2d40
  Set: 185 Way: 0 Address: 0x1c6532e6f
  Set: 186 Way: 0 Address: 0x1c6532e80
  Set: 188 Way: 0 Address: 0x133c92f38
  Set: 191 Way: 0 Address: 0x9cff2fd8
  Set: 191 Way: 1 Address: 0x348de2fda
  Set: 192 Way: 0 Address: 0x263c13010
  Set: 192 Way: 1 Address: 0x348de3000
  Set: 193 Way: 0 Address: 0x34a87306e
  Set: 194 Way: 0 Address: 0x3c56b3080
  Set: 194 Way: 1 Address: 0x2b2e93098
  Set: 194 Way: 2 Address: 0x34a873080
  Set: 201 Way: 0 Address: 0x263c13258
  Set: 201 Way: 1 Address: 0x19097327a
  Set: 202 Way: 0 Address: 0xd78d329a
  Set: 202 Way: 1 Address: 0x190973291
  Set: 203 Way: 0 Address: 0xd78d32c0
  Set: 203 Way: 1 Address: 0x1909732c0
  Set: 212 Way: 0 Address: 0x19097353a
  Set: 213 Way: 0 Address: 0x19097356d
  Set: 214 Way: 0 Address: 0x190973580
  Set: 223 Way: 0 Address: 0x1909737fa
  Set: 224 Way: 0 Address: 0x19097382d
  Set: 225 Way: 0 Address: 0x190973840
  Set: 234 Way: 0 Address: 0x190973aba
  Set: 235 Way: 0 Address: 0x257713af0
  Set: 235 Way: 1 Address: 0x190973aed
  Set: 236 Way: 0 Address: 0x190973b00
  Set: 240 Way: 0 Address: 0x3232f3c3c
  Set: 245 Way: 0 Address: 0x190973d7a
  Set: 246 Way: 0 Address: 0x190973dad
  Set: 247 Way: 0 Address: 0x190973dc0
  Set: 252 Way: 0 Address: 0x3b0803f00
  Set: 256 Way: 0 Address: 0x3de4d4010
  Set: 257 Way: 0 Address: 0x3de4d4040
  Set: 257 Way: 1 Address: 0x3c107407f
  Set: 258 Way: 0 Address: 0x3de4d4080
  Set: 258 Way: 1 Address: 0x3c10740ae
  Set: 259 Way: 0 Address: 0x3de4d40c0
  Set: 259 Way: 1 Address: 0x3c10740c0
  Set: 263 Way: 0 Address: 0x1ab441c2
  Set: 264 Way: 0 Address: 0x1ab44200
  Set: 264 Way: 1 Address: 0x3de4d4210
  Set: 265 Way: 0 Address: 0x129934240
  Set: 265 Way: 1 Address: 0x3de4d4240
  Set: 265 Way: 2 Address: 0xb8004254
  Set: 266 Way: 0 Address: 0x3de4d4287
  Set: 266 Way: 1 Address: 0xb80042b8
  Set: 267 Way: 0 Address: 0xb80042da
  Set: 267 Way: 1 Address: 0x3de4d42c0
  Set: 268 Way: 0 Address: 0xb800430e
  Set: 268 Way: 1 Address: 0x3de4d4300
  Set: 268 Way: 2 Address: 0x3c107433f
  Set: 269 Way: 0 Address: 0xb8004340
  Set: 269 Way: 1 Address: 0x3de4d4340
  Set: 269 Way: 2 Address: 0x3c107436e
  Set: 270 Way: 0 Address: 0xb8004380
  Set: 270 Way: 1 Address: 0x3c1074380
  Set: 270 Way: 2 Address: 0x17e3643a8
  Set: 271 Way: 0 Address: 0x1ab443fb
  Set: 271 Way: 1 Address: 0xb80043c0
  Set: 272 Way: 0 Address: 0x1ab44400
  Set: 273 Way: 0 Address: 0x1ab44440
  Set: 273 Way: 1 Address: 0x3de4d445f
  Set: 274 Way: 0 Address: 0x3de4d4480
  Set: 275 Way: 0 Address: 0x3de4d44c0
  Set: 276 Way: 0 Address: 0x3de4d4514
  Set: 277 Way: 0 Address: 0x3de4d4541
  Set: 277 Way: 1 Address: 0x6b744550
  Set: 278 Way: 0 Address: 0x3de4d4580
  Set: 278 Way: 1 Address: 0x6b744580
  Set: 279 Way: 0 Address: 0x3c10745ff
  Set: 280 Way: 0 Address: 0x3c107462e
  Set: 281 Way: 0 Address: 0x3c1074640
  Set: 282 Way: 0 Address: 0x3de4d46b5
  Set: 283 Way: 0 Address: 0x3de4d46c3
  Set: 284 Way: 0 Address: 0x3de4d4702
  Set: 285 Way: 0 Address: 0x3de4d4743
  Set: 286 Way: 0 Address: 0x3de4d4780
  Set: 287 Way: 0 Address: 0x3de4d47c0
  Set: 289 Way: 0 Address: 0x17e364858
  Set: 290 Way: 0 Address: 0x3c10748bf
  Set: 291 Way: 0 Address: 0x3c10748ee
  Set: 292 Way: 0 Address: 0x3de4d4900
  Set: 292 Way: 1 Address: 0x3c1074900
  Set: 293 Way: 0 Address: 0x3de4d4943
  Set: 294 Way: 0 Address: 0x3de4d4980
  Set: 295 Way: 0 Address: 0x3de4d49c0
  Set: 301 Way: 0 Address: 0x3c1074b7f
  Set: 302 Way: 0 Address: 0x3de4d4bb2
  Set: 302 Way: 1 Address: 0x3c1074bae
  Set: 303 Way: 0 Address: 0x3de4d4bc1
  Set: 303 Way: 1 Address: 0x3c1074bc0
  Set: 304 Way: 0 Address: 0x3de4d4c00
  Set: 305 Way: 0 Address: 0x3de4d4c40
  Set: 312 Way: 0 Address: 0x3c1074e3b
  Set: 313 Way: 0 Address: 0x3c1074e79
  Set: 314 Way: 0 Address: 0x3c1074e80
  Set: 315 Way: 0 Address: 0x3c1074ec0
  Set: 320 Way: 0 Address: 0x195f15010
  Set: 320 Way: 1 Address: 0x354d35039
  Set: 321 Way: 0 Address: 0x354d35040
  Set: 322 Way: 0 Address: 0x195f15080
  Set: 322 Way: 1 Address: 0x354d35080
  Set: 330 Way: 0 Address: 0x354d352bd
  Set: 331 Way: 0 Address: 0x354d352f9
  Set: 332 Way: 0 Address: 0x354d35300
  Set: 333 Way: 0 Address: 0x354d35340
  Set: 334 Way: 0 Address: 0x1b0f153bc
  Set: 335 Way: 0 Address: 0x1b0f153cc
  Set: 339 Way: 0 Address: 0x1b0f154fc
  Set: 340 Way: 0 Address: 0x1b0f15508
  Set: 341 Way: 0 Address: 0x1b0f15540
  Set: 341 Way: 1 Address: 0x354d3557d
  Set: 342 Way: 0 Address: 0x354d355b9
  Set: 343 Way: 0 Address: 0x354d355c0
  Set: 344 Way: 0 Address: 0x354d35600
  Set: 347 Way: 0 Address: 0x34a0e56de
  Set: 352 Way: 0 Address: 0x354d3583d
  Set: 353 Way: 0 Address: 0x354d35879
  Set: 354 Way: 0 Address: 0x354d35880
  Set: 355 Way: 0 Address: 0x354d358c0
  Set: 356 Way: 0 Address: 0x57be5930
  Set: 357 Way: 0 Address: 0x57be5940
  Set: 363 Way: 0 Address: 0x57be5ad8
  Set: 364 Way: 0 Address: 0x57be5b00
  Set: 364 Way: 1 Address: 0x354d35b36
  Set: 365 Way: 0 Address: 0x354d35b40
  Set: 365 Way: 1 Address: 0x57be5b40
  Set: 375 Way: 0 Address: 0x272585de2
  Set: 375 Way: 1 Address: 0x354d35de7
  Set: 376 Way: 0 Address: 0x272585e02
  Set: 376 Way: 1 Address: 0x354d35e00
  Set: 377 Way: 0 Address: 0x272585e40
  Set: 384 Way: 0 Address: 0x1aa7b6014
  Set: 385 Way: 0 Address: 0x1aa7b6040
  Set: 388 Way: 0 Address: 0x1b7ae612f
  Set: 389 Way: 0 Address: 0x1b7ae6140
  Set: 389 Way: 1 Address: 0x37f426161
  Set: 390 Way: 0 Address: 0x848961b9
  Set: 390 Way: 1 Address: 0x37f426180
  Set: 391 Way: 0 Address: 0x848961c0
  Set: 391 Way: 1 Address: 0x696d61d9
  Set: 392 Way: 0 Address: 0x84896200
  Set: 392 Way: 1 Address: 0x696d6200
  Set: 392 Way: 2 Address: 0x3dae6623f
  Set: 393 Way: 0 Address: 0x3dae66276
  Set: 394 Way: 0 Address: 0x3dae66280
  Set: 395 Way: 0 Address: 0x1aa7b62d4
  Set: 396 Way: 0 Address: 0x1aa7b6300
  Set: 398 Way: 0 Address: 0x101c263b0
  Set: 399 Way: 0 Address: 0x1b7ae63ef
  Set: 400 Way: 0 Address: 0x1b7ae6400
  Set: 400 Way: 1 Address: 0x37f426421
  Set: 401 Way: 0 Address: 0x84896471
  Set: 401 Way: 1 Address: 0x37f426440
  Set: 402 Way: 0 Address: 0x84896480
  Set: 402 Way: 1 Address: 0x696d6499
  Set: 403 Way: 0 Address: 0x696d64c0
  Set: 403 Way: 1 Address: 0x3dae664fb
  Set: 404 Way: 0 Address: 0x3dae66539
  Set: 405 Way: 0 Address: 0x3dae66540
  Set: 406 Way: 0 Address: 0x3dae66580
  Set: 406 Way: 1 Address: 0x1aa7b6594
  Set: 407 Way: 0 Address: 0x192bc65f0
  Set: 407 Way: 1 Address: 0x1aa7b65c0
  Set: 408 Way: 0 Address: 0x101c26610
  Set: 410 Way: 0 Address: 0x1b7ae66af
  Set: 411 Way: 0 Address: 0x1b7ae66c0
  Set: 411 Way: 1 Address: 0x37f4266dd
  Set: 412 Way: 0 Address: 0x84896731
  Set: 412 Way: 1 Address: 0x37f426700
  Set: 413 Way: 0 Address: 0x84896740
  Set: 414 Way: 0 Address: 0x3dae667bf
  Set: 415 Way: 0 Address: 0x3dae667f9
  Set: 416 Way: 0 Address: 0x3dae66800
  Set: 416 Way: 1 Address: 0x192bc6838
  Set: 417 Way: 0 Address: 0x3dae66840
  Set: 417 Way: 1 Address: 0x247006848
  Set: 417 Way: 2 Address: 0x1aa7b6854
  Set: 418 Way: 0 Address: 0x1aa7b6880
  Set: 421 Way: 0 Address: 0x1b7ae695f
  Set: 422 Way: 0 Address: 0x37f42699d
  Set: 422 Way: 1 Address: 0x1b7ae6980
  Set: 423 Way: 0 Address: 0x37f4269c0
  Set: 423 Way: 1 Address: 0x848969de
  Set: 424 Way: 0 Address: 0x84896a00
  Set: 425 Way: 0 Address: 0x3dae66a7d
  Set: 426 Way: 0 Address: 0x3dae66ab9
  Set: 427 Way: 0 Address: 0x3dae66ac0
  Set: 427 Way: 1 Address: 0x27d4c6af8
  Set: 428 Way: 0 Address: 0x3dae66b00
  Set: 428 Way: 1 Address: 0x1aa7b6b14
  Set: 429 Way: 0 Address: 0x211d16b5c
  Set: 429 Way: 1 Address: 0x1aa7b6b40
  Set: 430 Way: 0 Address: 0x3d87a6bbe
  Set: 430 Way: 1 Address: 0x211d16b80
  Set: 431 Way: 0 Address: 0x3d87a6bc0
  Set: 431 Way: 1 Address: 0x211d16bc0
  Set: 432 Way: 0 Address: 0x43736c20
  Set: 433 Way: 0 Address: 0x43736c6c
  Set: 433 Way: 1 Address: 0x211d16c40
  Set: 433 Way: 2 Address: 0x37f426c5d
  Set: 434 Way: 0 Address: 0x43736c8c
  Set: 434 Way: 1 Address: 0x211d16c80
  Set: 434 Way: 2 Address: 0x37f426c80
  Set: 434 Way: 3 Address: 0x84896c9e
  Set: 435 Way: 0 Address: 0x43736cc0
  Set: 435 Way: 1 Address: 0x84896cc0
  Set: 436 Way: 0 Address: 0x43736d18
  Set: 436 Way: 1 Address: 0x3dae66d3d
  Set: 437 Way: 0 Address: 0x43736d64
  Set: 437 Way: 1 Address: 0x3dae66d79
  Set: 438 Way: 0 Address: 0x43736d88
  Set: 438 Way: 1 Address: 0x3dae66d80
  Set: 439 Way: 0 Address: 0x43736dc0
  Set: 439 Way: 1 Address: 0x3dae66dc0
  Set: 439 Way: 2 Address: 0x1aa7b6dd4
  Set: 440 Way: 0 Address: 0x43736e00
  Set: 440 Way: 1 Address: 0x1aa7b6e00
  Set: 441 Way: 0 Address: 0x43736e40
  Set: 442 Way: 0 Address: 0x43736e80
  Set: 443 Way: 0 Address: 0x43736ec0
  Set: 444 Way: 0 Address: 0x43736f00
  Set: 444 Way: 1 Address: 0x37f426f1d
  Set: 445 Way: 0 Address: 0x43736f40
  Set: 445 Way: 1 Address: 0x37f426f40
  Set: 445 Way: 2 Address: 0x84896f5e
  Set: 446 Way: 0 Address: 0x43736f80
  Set: 446 Way: 1 Address: 0x84896f80
  Set: 447 Way: 0 Address: 0x43736fc0
  Set: 447 Way: 1 Address: 0x3dae66ffd
  Set: 448 Way: 0 Address: 0x3dae67000
  Set: 449 Way: 0 Address: 0x12c077070
  Set: 451 Way: 0 Address: 0x1124170f0
  Set: 452 Way: 0 Address: 0x112417100
  Set: 454 Way: 0 Address: 0x3704c7180
  Set: 457 Way: 0 Address: 0x12c077250
  Set: 462 Way: 0 Address: 0x1124173b0
  Set: 463 Way: 0 Address: 0x2fbe973c0
  Set: 463 Way: 1 Address: 0x1124173c0
  Set: 472 Way: 0 Address: 0x276ff7608
  Set: 473 Way: 0 Address: 0x112417670
  Set: 474 Way: 0 Address: 0x112417680
  Set: 481 Way: 0 Address: 0x276ff7848
  Set: 481 Way: 1 Address: 0x3704c7840
  Set: 481 Way: 2 Address: 0x358da7870
  Set: 482 Way: 0 Address: 0x358da7881
  Set: 483 Way: 0 Address: 0x358da78c3
  Set: 484 Way: 0 Address: 0x358da7900
  Set: 484 Way: 1 Address: 0x112417921
  Set: 485 Way: 0 Address: 0x358da7946
  Set: 485 Way: 1 Address: 0x112417940
  Set: 486 Way: 0 Address: 0x358da7980
  Set: 490 Way: 0 Address: 0x358da7a87
  Set: 491 Way: 0 Address: 0x358da7ac3
  Set: 492 Way: 0 Address: 0xbeea7b00
  Set: 492 Way: 1 Address: 0x358da7b05
  Set: 493 Way: 0 Address: 0xbeea7b68
  Set: 493 Way: 1 Address: 0x358da7b40
  Set: 494 Way: 0 Address: 0x358da7b80
  Set: 495 Way: 0 Address: 0x358da7bc0
  Set: 495 Way: 1 Address: 0x112417be1
  Set: 496 Way: 0 Address: 0x358da7c03
  Set: 496 Way: 1 Address: 0x112417c00
  Set: 497 Way: 0 Address: 0x358da7c41
  Set: 498 Way: 0 Address: 0x358da7c80
  Set: 499 Way: 0 Address: 0x358da7cc1
  Set: 500 Way: 0 Address: 0x358da7d02
  Set: 501 Way: 0 Address: 0x358da7d40
  Set: 502 Way: 0 Address: 0x358da7d80
  Set: 506 Way: 0 Address: 0x112417ea1
  Set: 507 Way: 0 Address: 0x358da7ecf
  Set: 507 Way: 1 Address: 0x112417ec0
  Set: 508 Way: 0 Address: 0x358da7f00
  Set: 509 Way: 0 Address: 0x358da7f43
  Set: 510 Way: 0 Address: 0x358da7f80
  Set: 511 Way: 0 Address: 0x358da7fc4
  Set: 512 Way: 0 Address: 0x358da8000
  Set: 512 Way: 1 Address: 0x2db37803a
  Set: 513 Way: 0 Address: 0x16668068
  Set: 513 Way: 1 Address: 0x2db378070
  Set: 514 Way: 0 Address: 0x2db378080
  Set: 516 Way: 0 Address: 0x3fe58106
  Set: 517 Way: 0 Address: 0x3fe58142
  Set: 518 Way: 0 Address: 0x3fe58180
  Set: 519 Way: 0 Address: 0x3fe581c0
  Set: 520 Way: 0 Address: 0x16668230
  Set: 520 Way: 1 Address: 0x3fe58201
  Set: 521 Way: 0 Address: 0x3fe58240
  Set: 523 Way: 0 Address: 0x2db3782fa
  Set: 524 Way: 0 Address: 0x2db378330
  Set: 525 Way: 0 Address: 0x2db378340
  Set: 531 Way: 0 Address: 0x3fe584e1
  Set: 532 Way: 0 Address: 0x3fe58500
  Set: 533 Way: 0 Address: 0x3fe58542
  Set: 534 Way: 0 Address: 0x3fe58580
  Set: 534 Way: 1 Address: 0x2db3785ba
  Set: 535 Way: 0 Address: 0x2db3785f0
  Set: 535 Way: 1 Address: 0x3fe585c2
  Set: 536 Way: 0 Address: 0x2db378600
  Set: 536 Way: 1 Address: 0x3fe58605
  Set: 537 Way: 0 Address: 0x3fe58640
  Set: 538 Way: 0 Address: 0x3fe58697
  Set: 539 Way: 0 Address: 0x3fe586c0
  Set: 546 Way: 0 Address: 0x2db3788b0
  Set: 547 Way: 0 Address: 0x2db3788c0
  Set: 555 Way: 0 Address: 0x2c9898af8
  Set: 556 Way: 0 Address: 0x2c9898b00
  Set: 557 Way: 0 Address: 0x2db378b70
  Set: 558 Way: 0 Address: 0x3bdd78b80
  Set: 558 Way: 1 Address: 0x2db378b80
  Set: 563 Way: 0 Address: 0x2c9898cf0
  Set: 568 Way: 0 Address: 0x2db378e30
  Set: 569 Way: 0 Address: 0x2db378e40
  Set: 570 Way: 0 Address: 0x2c9898e90
  Set: 572 Way: 0 Address: 0xc7078f38
  Set: 573 Way: 0 Address: 0x1aafb8f40
  Set: 573 Way: 1 Address: 0xc7078f40
  Set: 575 Way: 0 Address: 0x1aafb8fd8
  Set: 576 Way: 0 Address: 0x292959018
  Set: 579 Way: 0 Address: 0x2ee3690f0
  Set: 579 Way: 1 Address: 0x7b4790d9
  Set: 580 Way: 0 Address: 0x2ee369100
  Set: 580 Way: 1 Address: 0x7b479100
  Set: 581 Way: 0 Address: 0x2ee369168
  Set: 582 Way: 0 Address: 0x2ee369180
  Set: 582 Way: 1 Address: 0x379d39180
  Set: 585 Way: 0 Address: 0x5d6e9250
  Set: 588 Way: 0 Address: 0x312099310
  Set: 589 Way: 0 Address: 0x312099340
  Set: 590 Way: 0 Address: 0x3120993a0
  Set: 590 Way: 1 Address: 0x7b479399
  Set: 591 Way: 0 Address: 0x3120993c0
  Set: 591 Way: 1 Address: 0x7b4793c0
  Set: 592 Way: 0 Address: 0x2c8749400
  Set: 593 Way: 0 Address: 0x2c8749478
  Set: 594 Way: 0 Address: 0x2c8749480
  Set: 600 Way: 0 Address: 0x2c8749634
  Set: 601 Way: 0 Address: 0x2c8749640
  Set: 601 Way: 1 Address: 0x7b479659
  Set: 602 Way: 0 Address: 0x7b479680
  Set: 604 Way: 0 Address: 0x16a859700
  Set: 605 Way: 0 Address: 0x16a859740
  Set: 606 Way: 0 Address: 0x16a859781
  Set: 607 Way: 0 Address: 0x16a8597c2
  Set: 608 Way: 0 Address: 0x16a859802
  Set: 609 Way: 0 Address: 0x8a579850
  Set: 609 Way: 1 Address: 0x16a859840
  Set: 612 Way: 0 Address: 0x292959930
  Set: 612 Way: 1 Address: 0x7b479919
  Set: 613 Way: 0 Address: 0x7b479940
  Set: 620 Way: 0 Address: 0x2fa0c9b10
  Set: 621 Way: 0 Address: 0x2c8749b44
  Set: 622 Way: 0 Address: 0x2c8749b80
  Set: 622 Way: 1 Address: 0x7b479bba
  Set: 623 Way: 0 Address: 0xb84a9be8
  Set: 623 Way: 1 Address: 0x7b479bc7
  Set: 624 Way: 0 Address: 0x7b479c00
  Set: 628 Way: 0 Address: 0x312099d24
  Set: 629 Way: 0 Address: 0x312099d40
  Set: 630 Way: 0 Address: 0x2fa0c9d80
  Set: 632 Way: 0 Address: 0x312099e00
  Set: 633 Way: 0 Address: 0x312099e40
  Set: 633 Way: 1 Address: 0x7b479e7a
  Set: 634 Way: 0 Address: 0x7b479e87
  Set: 635 Way: 0 Address: 0x7b479ec0
  Set: 639 Way: 0 Address: 0x2c8749fd0
  Set: 640 Way: 0 Address: 0x229b9a000
  Set: 640 Way: 1 Address: 0x223eda010
  Set: 640 Way: 2 Address: 0x2c874a000
  Set: 645 Way: 0 Address: 0x18db7a160
  Set: 646 Way: 0 Address: 0x1e561a188
  Set: 647 Way: 0 Address: 0x1132fa1f0
  Set: 648 Way: 0 Address: 0x1132fa200
  Set: 654 Way: 0 Address: 0x1e561a3b8
  Set: 654 Way: 1 Address: 0x18db7a3a8
  Set: 658 Way: 0 Address: 0x1132fa4b0
  Set: 659 Way: 0 Address: 0x1132fa4c0
  Set: 669 Way: 0 Address: 0xc67da748
  Set: 669 Way: 1 Address: 0x1132fa770
  Set: 670 Way: 0 Address: 0x1132fa780
  Set: 671 Way: 0 Address: 0x1d89da7f8
  Set: 671 Way: 1 Address: 0x8754a7d0
  Set: 672 Way: 0 Address: 0x8754a800
  Set: 673 Way: 0 Address: 0x8754a840
  Set: 674 Way: 0 Address: 0x8754a880
  Set: 676 Way: 0 Address: 0x223eda930
  Set: 680 Way: 0 Address: 0x1132faa30
  Set: 681 Way: 0 Address: 0x1132faa40
  Set: 691 Way: 0 Address: 0x1132facf0
  Set: 692 Way: 0 Address: 0x1132fad00
  Set: 694 Way: 0 Address: 0xc67dad80
  Set: 702 Way: 0 Address: 0x1132fafb0
  Set: 703 Way: 0 Address: 0x1132fafc0
  Set: 705 Way: 0 Address: 0x36889b070
  Set: 708 Way: 0 Address: 0xc0d9b130
  Set: 709 Way: 0 Address: 0x394edb178
  Set: 709 Way: 1 Address: 0xc0d9b140
  Set: 710 Way: 0 Address: 0x3b377b180
  Set: 711 Way: 0 Address: 0x3b377b1c1
  Set: 712 Way: 0 Address: 0x3b377b200
  Set: 712 Way: 1 Address: 0x36889b230
  Set: 713 Way: 0 Address: 0x3b377b242
  Set: 714 Way: 0 Address: 0x3b377b285
  Set: 715 Way: 0 Address: 0x3b377b2c1
  Set: 716 Way: 0 Address: 0x3b377b307
  Set: 717 Way: 0 Address: 0x3b377b340
  Set: 718 Way: 0 Address: 0x3b377b383
  Set: 719 Way: 0 Address: 0x3b377b3c5
  Set: 720 Way: 0 Address: 0x3b377b400
  Set: 720 Way: 1 Address: 0x28420b430
  Set: 721 Way: 0 Address: 0x3b377b449
  Set: 721 Way: 1 Address: 0x28420b440
  Set: 722 Way: 0 Address: 0x3b377b489
  Set: 722 Way: 1 Address: 0x28420b480
  Set: 723 Way: 0 Address: 0x3b377b4c7
  Set: 724 Way: 0 Address: 0x3b377b500
  Set: 725 Way: 0 Address: 0x3b377b540
  Set: 728 Way: 0 Address: 0x394edb608
  Set: 732 Way: 0 Address: 0x3b377b710
  Set: 733 Way: 0 Address: 0x3b377b740
  Set: 740 Way: 0 Address: 0x3b377b900
  Set: 741 Way: 0 Address: 0x3b377b945
  Set: 742 Way: 0 Address: 0x3b377b982
  Set: 743 Way: 0 Address: 0x3b377b9c0
  Set: 744 Way: 0 Address: 0x3b377ba00
  Set: 745 Way: 0 Address: 0xc0d9ba58
  Set: 745 Way: 1 Address: 0x3b377ba51
  Set: 745 Way: 2 Address: 0x157daba51
  Set: 746 Way: 0 Address: 0xc0d9ba80
  Set: 746 Way: 1 Address: 0x3b377ba80
  Set: 746 Way: 2 Address: 0x157daba80
  Set: 747 Way: 0 Address: 0x3b377bac2
  Set: 748 Way: 0 Address: 0x3b377bb03
  Set: 748 Way: 1 Address: 0xcf83bb10
  Set: 749 Way: 0 Address: 0x3b377bb45
  Set: 750 Way: 0 Address: 0x3b377bb83
  Set: 751 Way: 0 Address: 0x3b377bbc0
  Set: 753 Way: 0 Address: 0x3b377bc4d
  Set: 754 Way: 0 Address: 0x3b377bc80
  Set: 756 Way: 0 Address: 0x157dabd11
  Set: 757 Way: 0 Address: 0x3b377bd79
  Set: 757 Way: 1 Address: 0x157dabd40
  Set: 758 Way: 0 Address: 0x3b377bd81
  Set: 759 Way: 0 Address: 0x3b377bdc0
  Set: 762 Way: 0 Address: 0xcf83be90
  Set: 766 Way: 0 Address: 0x157dabfba
  Set: 767 Way: 0 Address: 0x157dabfd1
  Set: 768 Way: 0 Address: 0xdf85c000
  Set: 768 Way: 1 Address: 0x32f48c020
  Set: 768 Way: 2 Address: 0x157dac000
  Set: 771 Way: 0 Address: 0x38e35c0ff
  Set: 772 Way: 0 Address: 0x38e35c139
  Set: 773 Way: 0 Address: 0x38e35c140
  Set: 773 Way: 1 Address: 0x4dd9c168
  Set: 774 Way: 0 Address: 0x38e35c180
  Set: 774 Way: 1 Address: 0x28f0cc1bf
  Set: 775 Way: 0 Address: 0x28f0cc1d4
  Set: 776 Way: 0 Address: 0x29484c238
  Set: 776 Way: 1 Address: 0x28f0cc200
  Set: 783 Way: 0 Address: 0x38e35c3f9
  Set: 783 Way: 1 Address: 0x4dd9c3c8
  Set: 784 Way: 0 Address: 0x38e35c400
  Set: 785 Way: 0 Address: 0x38e35c440
  Set: 785 Way: 1 Address: 0x28f0cc47f
  Set: 786 Way: 0 Address: 0x28f0cc4ae
  Set: 787 Way: 0 Address: 0x28f0cc4c0
  Set: 791 Way: 0 Address: 0x2cd70c5e8
  Set: 794 Way: 0 Address: 0x38e35c6b9
  Set: 795 Way: 0 Address: 0x38e35c6c0
  Set: 796 Way: 0 Address: 0x38e35c700
  Set: 796 Way: 1 Address: 0x28f0cc73f
  Set: 797 Way: 0 Address: 0x32502c748
  Set: 797 Way: 1 Address: 0x28f0cc76e
  Set: 798 Way: 0 Address: 0x28f0cc780
  Set: 799 Way: 0 Address: 0x267bcc7da
  Set: 800 Way: 0 Address: 0xb77ac830
  Set: 800 Way: 1 Address: 0x267bcc800
  Set: 805 Way: 0 Address: 0x38e35c979
  Set: 805 Way: 1 Address: 0x32f48c950
  Set: 806 Way: 0 Address: 0x38e35c980
  Set: 807 Way: 0 Address: 0x38e35c9c0
  Set: 807 Way: 1 Address: 0x28f0cc9ff
  Set: 808 Way: 0 Address: 0x28f0cca2e
  Set: 809 Way: 0 Address: 0x28f0cca40
  Set: 810 Way: 0 Address: 0x267bcca9a
  Set: 811 Way: 0 Address: 0x267bccac0
  Set: 816 Way: 0 Address: 0x38e35cc39
  Set: 817 Way: 0 Address: 0x38e35cc40
  Set: 818 Way: 0 Address: 0x38e35cc80
  Set: 818 Way: 1 Address: 0x28f0cccbf
  Set: 819 Way: 0 Address: 0x28f0cccf0
  Set: 820 Way: 0 Address: 0x28f0ccd00
  Set: 821 Way: 0 Address: 0x267bccd5a
  Set: 822 Way: 0 Address: 0x267bccd80
  Set: 826 Way: 0 Address: 0x12c6fce98
  Set: 827 Way: 0 Address: 0x38e35cef9
  Set: 828 Way: 0 Address: 0x38e35cf00
  Set: 829 Way: 0 Address: 0x38e35cf40
  Set: 829 Way: 1 Address: 0x28f0ccf7f
  Set: 830 Way: 0 Address: 0x28f0ccfae
  Set: 831 Way: 0 Address: 0x28f0ccfc0
  Set: 832 Way: 0 Address: 0x5588d018
  Set: 832 Way: 1 Address: 0x3bcc0d01a
  Set: 833 Way: 0 Address: 0x15164d068
  Set: 833 Way: 1 Address: 0x3bcc0d040
  Set: 841 Way: 0 Address: 0x5588d240
  Set: 841 Way: 1 Address: 0xdb22d270
  Set: 842 Way: 0 Address: 0xdb22d280
  Set: 843 Way: 0 Address: 0x3bcc0d2da
  Set: 844 Way: 0 Address: 0x3bcc0d300
  Set: 851 Way: 0 Address: 0xe51bd4f8
  Set: 852 Way: 0 Address: 0xe51bd530
  Set: 852 Way: 1 Address: 0xdb22d530
  Set: 853 Way: 0 Address: 0xe51bd540
  Set: 853 Way: 1 Address: 0xdb22d540
  Set: 854 Way: 0 Address: 0x3bcc0d59a
  Set: 855 Way: 0 Address: 0x3bcc0d5c0
  Set: 862 Way: 0 Address: 0xe51bd7b8
  Set: 863 Way: 0 Address: 0xe51bd7f0
  Set: 864 Way: 0 Address: 0xe51bd800
  Set: 864 Way: 1 Address: 0x3bcc0d83f
  Set: 865 Way: 0 Address: 0x3bcc0d85a
  Set: 866 Way: 0 Address: 0x3bcc0d880
  Set: 869 Way: 0 Address: 0x15164d950
  Set: 873 Way: 0 Address: 0xe51bda78
  Set: 874 Way: 0 Address: 0xe51bdab0
  Set: 874 Way: 1 Address: 0xdb22da94
  Set: 875 Way: 0 Address: 0x1addae8
  Set: 875 Way: 1 Address: 0xe51bdac0
  Set: 875 Way: 2 Address: 0xdb22dac0
  Set: 875 Way: 3 Address: 0x3bcc0daff
  Set: 876 Way: 0 Address: 0x3bcc0db1a
  Set: 877 Way: 0 Address: 0x1addb68
  Set: 877 Way: 1 Address: 0x3bcc0db40
  Set: 878 Way: 0 Address: 0x1addb80
  Set: 881 Way: 0 Address: 0x3d747dc52
  Set: 882 Way: 0 Address: 0x3d747dc80
  Set: 884 Way: 0 Address: 0xe51bdd38
  Set: 885 Way: 0 Address: 0xe51bdd70
  Set: 885 Way: 1 Address: 0xdb22dd54
  Set: 886 Way: 0 Address: 0xe51bdd80
  Set: 886 Way: 1 Address: 0xdb22dd80
  Set: 886 Way: 2 Address: 0x3bcc0ddbf
  Set: 887 Way: 0 Address: 0x3bcc0ddd2
  Set: 888 Way: 0 Address: 0x3bcc0de00
  Set: 891 Way: 0 Address: 0x3d747deff
  Set: 892 Way: 0 Address: 0x3d747df12
  Set: 893 Way: 0 Address: 0x3d747df40
  Set: 895 Way: 0 Address: 0xe51bdff8
  Set: 896 Way: 0 Address: 0x28b67e000
  Set: 896 Way: 1 Address: 0x20597e020
  Set: 896 Way: 2 Address: 0x7d0ee030
  Set: 896 Way: 3 Address: 0xe51be000
  Set: 897 Way: 0 Address: 0x7d0ee040
  Set: 903 Way: 0 Address: 0x20597e1f0
  Set: 903 Way: 1 Address: 0x3734ee1d0
  Set: 904 Way: 0 Address: 0x2db79e220
  Set: 904 Way: 1 Address: 0x3734ee200
  Set: 905 Way: 0 Address: 0x3734ee248
  Set: 905 Way: 1 Address: 0x2c077e248
  Set: 906 Way: 0 Address: 0x3734ee280
  Set: 906 Way: 1 Address: 0x7d0ee2b8
  Set: 907 Way: 0 Address: 0x7d0ee2f0
  Set: 907 Way: 1 Address: 0x3734ee2e8
  Set: 908 Way: 0 Address: 0x7d0ee300
  Set: 908 Way: 1 Address: 0x3734ee318
  Set: 909 Way: 0 Address: 0x3734ee340
  Set: 910 Way: 0 Address: 0x3734ee390
  Set: 911 Way: 0 Address: 0x3734ee3c0
  Set: 911 Way: 1 Address: 0x108ede3d0
  Set: 912 Way: 0 Address: 0x3734ee400
  Set: 913 Way: 0 Address: 0x3734ee448
  Set: 916 Way: 0 Address: 0x3734ee508
  Set: 917 Way: 0 Address: 0x3734ee540
  Set: 917 Way: 1 Address: 0x7d0ee578
  Set: 918 Way: 0 Address: 0x7d0ee5b0
  Set: 918 Way: 1 Address: 0x3734ee580
  Set: 919 Way: 0 Address: 0x7d0ee5c0
  Set: 920 Way: 0 Address: 0x2f5d8e600
  Set: 920 Way: 1 Address: 0x3734ee618
  Set: 921 Way: 0 Address: 0x3734ee640
  Set: 922 Way: 0 Address: 0x3734ee680
  Set: 923 Way: 0 Address: 0x3734ee6d0
  Set: 924 Way: 0 Address: 0x3734ee730
  Set: 925 Way: 0 Address: 0x3734ee778
  Set: 926 Way: 0 Address: 0x3734ee780
  Set: 927 Way: 0 Address: 0x28b67e7f8
  Set: 927 Way: 1 Address: 0x3734ee7d8
  Set: 928 Way: 0 Address: 0x3734ee800
  Set: 928 Way: 1 Address: 0x7d0ee838
  Set: 929 Way: 0 Address: 0x7d0ee870
  Set: 929 Way: 1 Address: 0x108ede858
  Set: 930 Way: 0 Address: 0x7d0ee880
  Set: 934 Way: 0 Address: 0x3734ee9a8
  Set: 935 Way: 0 Address: 0x3734ee9c0
  Set: 936 Way: 0 Address: 0x3734eea00
  Set: 937 Way: 0 Address: 0x3734eea40
  Set: 945 Way: 0 Address: 0x1f919ec70
  Set: 946 Way: 0 Address: 0x1f919ecb6
  Set: 946 Way: 1 Address: 0x3734eec98
  Set: 947 Way: 0 Address: 0x1f919ecc0
  Set: 947 Way: 1 Address: 0x3734eecc0
  Set: 948 Way: 0 Address: 0x1f919ed00
  Set: 949 Way: 0 Address: 0x1f919ed41
  Set: 950 Way: 0 Address: 0x1f919ed83
  Set: 951 Way: 0 Address: 0x1f919edc0
  Set: 952 Way: 0 Address: 0x1c084ee18
  Set: 952 Way: 1 Address: 0x1f919ee01
  Set: 953 Way: 0 Address: 0x1c084ee40
  Set: 953 Way: 1 Address: 0x1f919ee41
  Set: 954 Way: 0 Address: 0x1f919ee81
  Set: 954 Way: 1 Address: 0x1c084ee80
  Set: 955 Way: 0 Address: 0x1f919eec2
  Set: 955 Way: 1 Address: 0x1c084eec0
  Set: 956 Way: 0 Address: 0x1f919ef14
  Set: 956 Way: 1 Address: 0x1c084ef00
  Set: 957 Way: 0 Address: 0x1f919ef43
  Set: 958 Way: 0 Address: 0x1f919ef81
  Set: 959 Way: 0 Address: 0x1f919efc0
  Set: 960 Way: 0 Address: 0x1f919f000
  Set: 964 Way: 0 Address: 0x3567df13a
  Set: 965 Way: 0 Address: 0xee86f170
  Set: 965 Way: 1 Address: 0x143ef178
  Set: 965 Way: 2 Address: 0x3567df147
  Set: 966 Way: 0 Address: 0x3567df180
  Set: 968 Way: 0 Address: 0x22272f220
  Set: 969 Way: 0 Address: 0x22272f240
  Set: 975 Way: 0 Address: 0x3567df3fa
  Set: 976 Way: 0 Address: 0x3567df407
  Set: 977 Way: 0 Address: 0x3567df440
  Set: 983 Way: 0 Address: 0x143ef5f8
  Set: 986 Way: 0 Address: 0x3567df6ba
  Set: 987 Way: 0 Address: 0x3567df6c7
  Set: 988 Way: 0 Address: 0x3567df700
  Set: 997 Way: 0 Address: 0x3567df97a
  Set: 998 Way: 0 Address: 0x3567df987
  Set: 999 Way: 0 Address: 0x3567df9c0
  Set: 1008 Way: 0 Address: 0x3567dfc3a
  Set: 1009 Way: 0 Address: 0x3567dfc70
  Set: 1010 Way: 0 Address: 0x3567dfc80
  Set: 1011 Way: 0 Address: 0x23756fcf0
  Set: 1019 Way: 0 Address: 0x3567dfefa
  Set: 1020 Way: 0 Address: 0x3567dff30
  Set: 1021 Way: 0 Address: 0x3567dff40
EndCache
Cache: cpu0_L1I
  Set: 0 Way: 0 Address: 0x3de4d4010
  Set: 1 Way: 0 Address: 0x3de4d4040
  Set: 2 Way: 0 Address: 0x3de4d40b3
  Set: 3 Way: 0 Address: 0x342b400ef
  Set: 4 Way: 0 Address: 0x342b40129
  Set: 4 Way: 1 Address: 0x3fe58135
  Set: 5 Way: 0 Address: 0x342b40146
  Set: 5 Way: 1 Address: 0x3fe58142
  Set: 6 Way: 0 Address: 0x342b401b0
  Set: 6 Way: 1 Address: 0x3b377b1a8
  Set: 6 Way: 2 Address: 0x3fe58181
  Set: 7 Way: 0 Address: 0x342b401ef
  Set: 7 Way: 1 Address: 0x3b377b1da
  Set: 7 Way: 2 Address: 0x1ab441c2
  Set: 7 Way: 3 Address: 0x3fe581c2
  Set: 8 Way: 0 Address: 0x342b40201
  Set: 8 Way: 1 Address: 0x3b377b222
  Set: 8 Way: 2 Address: 0x3fe58201
  Set: 8 Way: 3 Address: 0x2177f021b
  Set: 8 Way: 4 Address: 0x3de4d4210
  Set: 9 Way: 0 Address: 0x3b377b242
  Set: 9 Way: 1 Address: 0x2177f027a
  Set: 9 Way: 2 Address: 0x3de4d4277
  Set: 10 Way: 0 Address: 0x3b377b29f
  Set: 10 Way: 1 Address: 0x2177f0283
  Set: 10 Way: 2 Address: 0x3de4d4287
  Set: 11 Way: 0 Address: 0x2177f02f4
  Set: 11 Way: 1 Address: 0x3b377b2ea
  Set: 11 Way: 2 Address: 0x3de4d42c0
  Set: 12 Way: 0 Address: 0x2177f0300
  Set: 12 Way: 1 Address: 0x3b377b307
  Set: 12 Way: 2 Address: 0x3de4d4300
  Set: 13 Way: 0 Address: 0x3b377b345
  Set: 14 Way: 0 Address: 0x3b377b3aa
  Set: 15 Way: 0 Address: 0x1ab443fb
  Set: 15 Way: 1 Address: 0x3b377b3f2
  Set: 16 Way: 0 Address: 0x1ab44400
  Set: 16 Way: 1 Address: 0x3b377b43e
  Set: 17 Way: 0 Address: 0x3b377b449
  Set: 17 Way: 1 Address: 0x3de4d445f
  Set: 18 Way: 0 Address: 0x3b377b4bc
  Set: 18 Way: 1 Address: 0x3de4d4480
  Set: 19 Way: 0 Address: 0x3b377b4c7
  Set: 19 Way: 1 Address: 0x3fe584e1
  Set: 19 Way: 2 Address: 0x3de4d44c6
  Set: 20 Way: 0 Address: 0x3de4d453b
  Set: 20 Way: 1 Address: 0x3b377b50b
  Set: 20 Way: 2 Address: 0x3fe5852c
  Set: 21 Way: 0 Address: 0x3de4d4541
  Set: 21 Way: 1 Address: 0x3fe58542
  Set: 22 Way: 0 Address: 0x3fe585ad
  Set: 23 Way: 0 Address: 0x3fe585e6
  Set: 24 Way: 0 Address: 0x3fe58625
  Set: 25 Way: 0 Address: 0x3fe5865c
  Set: 26 Way: 0 Address: 0x3de4d46b5
  Set: 26 Way: 1 Address: 0x3fe58697
  Set: 27 Way: 0 Address: 0x3de4d46e2
  Set: 28 Way: 0 Address: 0x3de4d4723
  Set: 28 Way: 1 Address: 0x3b377b710
  Set: 28 Way: 2 Address: 0x16a85972d
  Set: 29 Way: 0 Address: 0x3de4d4743
  Set: 29 Way: 1 Address: 0x16a85975b
  Set: 30 Way: 0 Address: 0x1c84e27b0
  Set: 30 Way: 1 Address: 0x3de4d479c
  Set: 30 Way: 2 Address: 0x16a85979e
  Set: 31 Way: 0 Address: 0x1c84e27ef
  Set: 31 Way: 1 Address: 0x16a8597e4
  Set: 31 Way: 2 Address: 0x8754a7ea
  Set: 32 Way: 0 Address: 0x1c84e2836
  Set: 32 Way: 1 Address: 0x16a859802
  Set: 32 Way: 2 Address: 0x8754a801
  Set: 33 Way: 0 Address: 0x1c84e286c
  Set: 33 Way: 1 Address: 0x8754a843
  Set: 33 Way: 2 Address: 0x358da7870
  Set: 34 Way: 0 Address: 0x1c84e28ae
  Set: 34 Way: 1 Address: 0x358da78b2
  Set: 35 Way: 0 Address: 0x1c84e28cc
  Set: 35 Way: 1 Address: 0x358da78e4
  Set: 36 Way: 0 Address: 0x3de4d4900
  Set: 36 Way: 1 Address: 0x3b377b93a
  Set: 36 Way: 2 Address: 0x358da7906
  Set: 37 Way: 0 Address: 0x3de4d4968
  Set: 37 Way: 1 Address: 0x3b377b97d
  Set: 37 Way: 2 Address: 0x358da7969
  Set: 38 Way: 0 Address: 0x3de4d4980
  Set: 38 Way: 1 Address: 0x3b377b9b2
  Set: 39 Way: 0 Address: 0x3b377b9e1
  Set: 41 Way: 0 Address: 0x1c84e2a60
  Set: 41 Way: 1 Address: 0x3b377ba51
  Set: 42 Way: 0 Address: 0x1c84e2a80
  Set: 42 Way: 1 Address: 0x3b377baa1
  Set: 42 Way: 2 Address: 0x342b40a90
  Set: 42 Way: 3 Address: 0x358da7a87
  Set: 43 Way: 0 Address: 0x1c84e2ac0
  Set: 43 Way: 1 Address: 0x3b377bafe
  Set: 43 Way: 2 Address: 0x342b40ac3
  Set: 43 Way: 3 Address: 0x358da7ac3
  Set: 44 Way: 0 Address: 0x3b377bb3e
  Set: 44 Way: 1 Address: 0x342b40b2d
  Set: 44 Way: 2 Address: 0x358da7b22
  Set: 45 Way: 0 Address: 0x3b377bb7b
  Set: 45 Way: 1 Address: 0x342b40b7e
  Set: 45 Way: 2 Address: 0x358da7b43
  Set: 46 Way: 0 Address: 0x3de4d4bb2
  Set: 46 Way: 1 Address: 0x3b377bb83
  Set: 46 Way: 2 Address: 0x342b40bb0
  Set: 46 Way: 3 Address: 0x358da7ba0
  Set: 47 Way: 0 Address: 0x3de4d4bf7
  Set: 47 Way: 1 Address: 0x342b40bf1
  Set: 47 Way: 2 Address: 0x358da7bdd
  Set: 48 Way: 0 Address: 0x3de4d4c00
  Set: 48 Way: 1 Address: 0x62d12c30
  Set: 48 Way: 2 Address: 0x342b40c27
  Set: 48 Way: 3 Address: 0x358da7c19
  Set: 49 Way: 0 Address: 0x1f919ec70
  Set: 49 Way: 1 Address: 0x3b377bc4d
  Set: 49 Way: 2 Address: 0x62d12c59
  Set: 49 Way: 3 Address: 0x342b40c43
  Set: 49 Way: 4 Address: 0x358da7c41
  Set: 50 Way: 0 Address: 0x1f919ecb6
  Set: 50 Way: 1 Address: 0x62d12c98
  Set: 50 Way: 2 Address: 0x342b40c8d
  Set: 50 Way: 3 Address: 0x358da7c82
  Set: 51 Way: 0 Address: 0x1f919ecc0
  Set: 51 Way: 1 Address: 0x62d12cc1
  Set: 51 Way: 2 Address: 0x342b40cc1
  Set: 51 Way: 3 Address: 0x358da7cf3
  Set: 52 Way: 0 Address: 0x1f919ed25
  Set: 52 Way: 1 Address: 0x342b40d31
  Set: 52 Way: 2 Address: 0x1c84e2d1f
  Set: 52 Way: 3 Address: 0x358da7d02
  Set: 53 Way: 0 Address: 0x1f919ed60
  Set: 53 Way: 1 Address: 0x3b377bd79
  Set: 53 Way: 2 Address: 0x342b40d6b
  Set: 53 Way: 3 Address: 0x358da7d41
  Set: 54 Way: 0 Address: 0x1f919ed83
  Set: 54 Way: 1 Address: 0x3b377bd81
  Set: 54 Way: 2 Address: 0x342b40db5
  Set: 55 Way: 0 Address: 0x1f919ede2
  Set: 55 Way: 1 Address: 0x272585de2
  Set: 55 Way: 2 Address: 0x342b40df0
  Set: 56 Way: 0 Address: 0x1f919ee1f
  Set: 56 Way: 1 Address: 0x272585e02
  Set: 56 Way: 2 Address: 0x342b40e02
  Set: 57 Way: 0 Address: 0x1f919ee73
  Set: 57 Way: 1 Address: 0x342b40e61
  Set: 58 Way: 0 Address: 0x1f919eeb5
  Set: 58 Way: 1 Address: 0x342b40e81
  Set: 59 Way: 0 Address: 0x1f919eef7
  Set: 59 Way: 1 Address: 0x358da7ecf
  Set: 60 Way: 0 Address: 0x1f919ef36
  Set: 60 Way: 1 Address: 0x358da7f27
  Set: 61 Way: 0 Address: 0x1f919ef7f
  Set: 61 Way: 1 Address: 0x358da7f62
  Set: 62 Way: 0 Address: 0x1f919efbe
  Set: 62 Way: 1 Address: 0x358da7fa4
  Set: 63 Way: 0 Address: 0x1f919efc4
  Set: 63 Way: 1 Address: 0x358da7fee
EndCache
Cache: cpu0_L1D
  Set: 0 Way: 0 Address: 0x3bcc0d021
  Set: 0 Way: 1 Address: 0x1aa7b601b
  Set: 0 Way: 2 Address: 0x2db37803e
  Set: 0 Way: 3 Address: 0x195f15010
  Set: 0 Way: 4 Address: 0x263c13010
  Set: 0 Way: 5 Address: 0x223eda010
  Set: 0 Way: 6 Address: 0x354d35039
  Set: 0 Way: 7 Address: 0x292959018
  Set: 0 Way: 8 Address: 0x5588d018
  Set: 0 Way: 9 Address: 0x20597e020
  Set: 0 Way: 10 Address: 0x32f48c020
  Set: 0 Way: 11 Address: 0x7d0ee030
  Set: 1 Way: 0 Address: 0x113201078
  Set: 1 Way: 1 Address: 0x354d35040
  Set: 1 Way: 2 Address: 0x34a87306e
  Set: 1 Way: 3 Address: 0x15164d068
  Set: 1 Way: 4 Address: 0x16668068
  Set: 1 Way: 5 Address: 0x36889b070
  Set: 1 Way: 6 Address: 0x12c077070
  Set: 1 Way: 7 Address: 0x2db378077
  Set: 1 Way: 8 Address: 0x3c107407f
  Set: 2 Way: 0 Address: 0x195f15080
  Set: 2 Way: 1 Address: 0x3c56b3080
  Set: 2 Way: 2 Address: 0x2b2e93098
  Set: 2 Way: 3 Address: 0x1c65320a3
  Set: 2 Way: 4 Address: 0x3c10740aa
  Set: 3 Way: 0 Address: 0x2ee3690f0
  Set: 3 Way: 1 Address: 0x1124170f7
  Set: 3 Way: 2 Address: 0x7b4790df
  Set: 3 Way: 3 Address: 0x38e35c0fc
  Set: 4 Way: 0 Address: 0x38e35c139
  Set: 4 Way: 1 Address: 0xc0d9b130
  Set: 4 Way: 2 Address: 0x1b7ae612a
  Set: 4 Way: 3 Address: 0x3567df13e
  Set: 5 Way: 0 Address: 0xee86f170
  Set: 5 Way: 1 Address: 0x38e35c140
  Set: 5 Way: 2 Address: 0x143ef178
  Set: 5 Way: 3 Address: 0x394edb178
  Set: 5 Way: 4 Address: 0x28a940178
  Set: 5 Way: 5 Address: 0x2ee369168
  Set: 5 Way: 6 Address: 0x37f426168
  Set: 5 Way: 7 Address: 0x4dd9c168
  Set: 5 Way: 8 Address: 0x3bdb2168
  Set: 5 Way: 9 Address: 0x18db7a160
  Set: 5 Way: 10 Address: 0x116e01160
  Set: 5 Way: 11 Address: 0x3567df143
  Set: 6 Way: 0 Address: 0x848961bc
  Set: 6 Way: 1 Address: 0x14bb10184
  Set: 6 Way: 2 Address: 0x3704c7180
  Set: 6 Way: 3 Address: 0x379d39180
  Set: 6 Way: 4 Address: 0x1e561a188
  Set: 6 Way: 5 Address: 0x28f0cc1bf
  Set: 7 Way: 0 Address: 0x848961c0
  Set: 7 Way: 1 Address: 0x1064c21f0
  Set: 7 Way: 2 Address: 0x20597e1f0
  Set: 7 Way: 3 Address: 0x14bb101d0
  Set: 7 Way: 4 Address: 0x3734ee1e8
  Set: 7 Way: 5 Address: 0x1132fa1f6
  Set: 7 Way: 6 Address: 0x696d61d4
  Set: 7 Way: 7 Address: 0x28f0cc1d9
  Set: 8 Way: 0 Address: 0x29484c238
  Set: 8 Way: 1 Address: 0x22272f220
  Set: 8 Way: 2 Address: 0x2db79e220
  Set: 8 Way: 3 Address: 0x1064c2228
  Set: 8 Way: 4 Address: 0x3734ee210
  Set: 8 Way: 5 Address: 0x16668230
  Set: 8 Way: 6 Address: 0x36889b230
  Set: 8 Way: 7 Address: 0x348de221a
  Set: 8 Way: 8 Address: 0x3dae6623f
  Set: 9 Way: 0 Address: 0x19097327e
  Set: 9 Way: 1 Address: 0x263c13258
  Set: 9 Way: 2 Address: 0x129934240
  Set: 9 Way: 3 Address: 0x3734ee278
  Set: 9 Way: 4 Address: 0x5588d240
  Set: 9 Way: 5 Address: 0x22272f240
  Set: 9 Way: 6 Address: 0x2c077e248
  Set: 9 Way: 7 Address: 0xdb22d277
  Set: 9 Way: 8 Address: 0x3dae66271
  Set: 9 Way: 9 Address: 0x12c077250
  Set: 9 Way: 10 Address: 0x5d6e9250
  Set: 9 Way: 11 Address: 0xb8004254
  Set: 10 Way: 0 Address: 0x3734ee2a8
  Set: 10 Way: 1 Address: 0xb80042b8
  Set: 10 Way: 2 Address: 0xd78d3295
  Set: 10 Way: 3 Address: 0x190973298
  Set: 10 Way: 4 Address: 0x7d0ee2b8
  Set: 10 Way: 5 Address: 0x354d352b9
  Set: 11 Way: 0 Address: 0x354d352ff
  Set: 11 Way: 1 Address: 0x7d0ee2f0
  Set: 11 Way: 2 Address: 0x3734ee2f8
  Set: 11 Way: 3 Address: 0xb80042da
  Set: 11 Way: 4 Address: 0x3bcc0d2e1
  Set: 11 Way: 5 Address: 0x1aa7b62db
  Set: 11 Way: 6 Address: 0x2db3782fe
  Set: 12 Way: 0 Address: 0xb800430e
  Set: 12 Way: 1 Address: 0x354d35300
  Set: 12 Way: 2 Address: 0x312099310
  Set: 12 Way: 3 Address: 0x3734ee318
  Set: 12 Way: 4 Address: 0x2db378336
  Set: 12 Way: 5 Address: 0x3c107433f
  Set: 13 Way: 0 Address: 0x3734ee340
  Set: 13 Way: 1 Address: 0x1c653236c
  Set: 13 Way: 2 Address: 0xb800435c
  Set: 13 Way: 3 Address: 0x3c107436a
  Set: 14 Way: 0 Address: 0x3120993a0
  Set: 14 Way: 1 Address: 0x3734ee3b0
  Set: 14 Way: 2 Address: 0x1e561a3b8
  Set: 14 Way: 3 Address: 0xa3a523b8
  Set: 14 Way: 4 Address: 0x1124173b7
  Set: 14 Way: 5 Address: 0x3bdb23b0
  Set: 14 Way: 6 Address: 0x101c263b0
  Set: 14 Way: 7 Address: 0x7b4793a0
  Set: 14 Way: 8 Address: 0x1b0f153bc
  Set: 14 Way: 9 Address: 0x17e3643a8
  Set: 14 Way: 10 Address: 0x18db7a3a8
  Set: 14 Way: 11 Address: 0xb80043aa
  Set: 15 Way: 0 Address: 0x38e35c3f9
  Set: 15 Way: 1 Address: 0x1b0f153cc
  Set: 15 Way: 2 Address: 0x3734ee3f8
  Set: 15 Way: 3 Address: 0x1b7ae63ea
  Set: 15 Way: 4 Address: 0xa3a523c0
  Set: 15 Way: 5 Address: 0x2fbe973c0
  Set: 15 Way: 6 Address: 0x4dd9c3c8
  Set: 15 Way: 7 Address: 0x1fd4123d0
  Set: 15 Way: 8 Address: 0x108ede3d0
  Set: 15 Way: 9 Address: 0x3567df3fe
  Set: 16 Way: 0 Address: 0x38e35c400
  Set: 16 Way: 1 Address: 0x2c8749400
  Set: 16 Way: 2 Address: 0x28420b430
  Set: 16 Way: 3 Address: 0x3734ee418
  Set: 16 Way: 4 Address: 0x37f426428
  Set: 16 Way: 5 Address: 0x3567df403
  Set: 17 Way: 0 Address: 0x2c8749478
  Set: 17 Way: 1 Address: 0x28420b448
  Set: 17 Way: 2 Address: 0x3734ee448
  Set: 17 Way: 3 Address: 0x84896477
  Set: 17 Way: 4 Address: 0x28f0cc47f
  Set: 18 Way: 0 Address: 0x1132fa4b7
  Set: 18 Way: 1 Address: 0x28f0cc4aa
  Set: 18 Way: 2 Address: 0x696d6495
  Set: 19 Way: 0 Address: 0x168ef04e0
  Set: 19 Way: 1 Address: 0x1b0f154fc
  Set: 19 Way: 2 Address: 0x348de24da
  Set: 19 Way: 3 Address: 0xe51bd4f8
  Set: 19 Way: 4 Address: 0x3dae664fc
  Set: 20 Way: 0 Address: 0x3dae66539
  Set: 20 Way: 1 Address: 0xe51bd530
  Set: 20 Way: 2 Address: 0x1b0f1550c
  Set: 20 Way: 3 Address: 0x3734ee508
  Set: 20 Way: 4 Address: 0xdb22d537
  Set: 20 Way: 5 Address: 0x19097353e
  Set: 21 Way: 0 Address: 0x3dae66540
  Set: 21 Way: 1 Address: 0x6b744550
  Set: 21 Way: 2 Address: 0x3734ee557
  Set: 21 Way: 3 Address: 0x190973568
  Set: 21 Way: 4 Address: 0x7d0ee578
  Set: 21 Way: 5 Address: 0x354d35579
  Set: 22 Way: 0 Address: 0x354d355bc
  Set: 22 Way: 1 Address: 0x14bb105b6
  Set: 22 Way: 2 Address: 0x7d0ee5b0
  Set: 22 Way: 3 Address: 0x3734ee587
  Set: 22 Way: 4 Address: 0x3bcc0d5a1
  Set: 22 Way: 5 Address: 0x1aa7b659b
  Set: 22 Way: 6 Address: 0x2db3785bf
  Set: 23 Way: 0 Address: 0x143ef5f8
  Set: 23 Way: 1 Address: 0x354d355c0
  Set: 23 Way: 2 Address: 0x14bb105c7
  Set: 23 Way: 3 Address: 0x2db3785f7
  Set: 23 Way: 4 Address: 0x34e4a25e8
  Set: 23 Way: 5 Address: 0x2cd70c5e8
  Set: 23 Way: 6 Address: 0x1f8ce05df
  Set: 23 Way: 7 Address: 0x192bc65f0
  Set: 23 Way: 8 Address: 0x3c10745ff
  Set: 24 Way: 0 Address: 0x2f5d8e600
  Set: 24 Way: 1 Address: 0x394edb608
  Set: 24 Way: 2 Address: 0x276ff7608
  Set: 24 Way: 3 Address: 0x14bb10602
  Set: 24 Way: 4 Address: 0x3734ee630
  Set: 24 Way: 5 Address: 0x2c8749634
  Set: 24 Way: 6 Address: 0x1c653262a
  Set: 24 Way: 7 Address: 0x3c107462a
  Set: 24 Way: 8 Address: 0x101c26610
  Set: 24 Way: 9 Address: 0x34e4a2610
  Set: 24 Way: 10 Address: 0x23a612618
  Set: 24 Way: 11 Address: 0x1fd412618
  Set: 25 Way: 0 Address: 0x3734ee640
  Set: 25 Way: 1 Address: 0x112417677
  Set: 25 Way: 2 Address: 0x7b479660
  Set: 26 Way: 0 Address: 0x38e35c6bf
  Set: 26 Way: 1 Address: 0x3734ee68c
  Set: 26 Way: 2 Address: 0x1b7ae66aa
  Set: 26 Way: 3 Address: 0x3567df6be
  Set: 27 Way: 0 Address: 0x2a48416c8
  Set: 27 Way: 1 Address: 0x38e35c6c0
  Set: 27 Way: 2 Address: 0x3734ee6d0
  Set: 27 Way: 3 Address: 0x34a0e56de
  Set: 27 Way: 4 Address: 0x37f4266e4
  Set: 27 Way: 5 Address: 0x3567df6c3
  Set: 28 Way: 0 Address: 0x3734ee728
  Set: 28 Way: 1 Address: 0x84896736
  Set: 28 Way: 2 Address: 0x28f0cc73f
  Set: 29 Way: 0 Address: 0x3734ee778
  Set: 29 Way: 1 Address: 0xc67da748
  Set: 29 Way: 2 Address: 0x32502c748
  Set: 29 Way: 3 Address: 0x1132fa777
  Set: 29 Way: 4 Address: 0x28f0cc76a
  Set: 30 Way: 0 Address: 0x3734ee780
  Set: 30 Way: 1 Address: 0x348de279a
  Set: 30 Way: 2 Address: 0xe51bd7b8
  Set: 30 Way: 3 Address: 0x3dae667bb
  Set: 31 Way: 0 Address: 0x28b67e7f8
  Set: 31 Way: 1 Address: 0x1d89da7f8
  Set: 31 Way: 2 Address: 0x3734ee7d8
  Set: 31 Way: 3 Address: 0x3dae667f9
  Set: 31 Way: 4 Address: 0xe51bd7f0
  Set: 31 Way: 5 Address: 0x267bcc7de
  Set: 31 Way: 6 Address: 0x1909737fe
  Set: 32 Way: 0 Address: 0x3dae66800
  Set: 32 Way: 1 Address: 0x190973829
  Set: 32 Way: 2 Address: 0x34e4a2830
  Set: 32 Way: 3 Address: 0xb77ac830
  Set: 32 Way: 4 Address: 0x192bc6838
  Set: 32 Way: 5 Address: 0x23a612838
  Set: 32 Way: 6 Address: 0x3bcc0d83f
  Set: 32 Way: 7 Address: 0x7d0ee838
  Set: 32 Way: 8 Address: 0x354d35839
  Set: 33 Way: 0 Address: 0x354d3587e
  Set: 33 Way: 1 Address: 0x7d0ee870
  Set: 33 Way: 2 Address: 0x276ff7848
  Set: 33 Way: 3 Address: 0x247006848
  Set: 33 Way: 4 Address: 0x8a579850
  Set: 33 Way: 5 Address: 0x3704c7840
  Set: 33 Way: 6 Address: 0x3bcc0d861
  Set: 33 Way: 7 Address: 0x108ede858
  Set: 33 Way: 8 Address: 0x17e364858
  Set: 33 Way: 9 Address: 0x1aa7b685b
  Set: 34 Way: 0 Address: 0x354d35880
  Set: 34 Way: 1 Address: 0x2db3788b7
  Set: 34 Way: 2 Address: 0x1f8ce08a0
  Set: 34 Way: 3 Address: 0x3c10748bf
  Set: 35 Way: 0 Address: 0x181c818d0
  Set: 35 Way: 1 Address: 0x1c65328ea
  Set: 35 Way: 2 Address: 0x3c10748ea
  Set: 36 Way: 0 Address: 0x223eda930
  Set: 36 Way: 1 Address: 0x292959930
  Set: 36 Way: 2 Address: 0x57be5930
  Set: 36 Way: 3 Address: 0x112417928
  Set: 36 Way: 4 Address: 0x7b479920
  Set: 37 Way: 0 Address: 0x6d0c296c
  Set: 37 Way: 1 Address: 0x38e35c979
  Set: 37 Way: 2 Address: 0x181c81948
  Set: 37 Way: 3 Address: 0x32f48c950
  Set: 37 Way: 4 Address: 0x15164d950
  Set: 37 Way: 5 Address: 0x1b7ae695a
  Set: 37 Way: 6 Address: 0x3567df97e
  Set: 38 Way: 0 Address: 0x38e35c980
  Set: 38 Way: 1 Address: 0x3734ee9a8
  Set: 38 Way: 2 Address: 0x37f4269a4
  Set: 38 Way: 3 Address: 0x3567df983
  Set: 39 Way: 0 Address: 0x3734ee9d8
  Set: 39 Way: 1 Address: 0x848969d9
  Set: 39 Way: 2 Address: 0x28f0cc9ff
  Set: 40 Way: 0 Address: 0x3734eea08
  Set: 40 Way: 1 Address: 0x1132faa37
  Set: 40 Way: 2 Address: 0x28f0cca2a
  Set: 41 Way: 0 Address: 0x9cff2a58
  Set: 41 Way: 1 Address: 0xf6e81a58
  Set: 41 Way: 2 Address: 0xc0d9ba58
  Set: 41 Way: 3 Address: 0x348de2a5a
  Set: 41 Way: 4 Address: 0x157daba58
  Set: 41 Way: 5 Address: 0xe51bda78
  Set: 41 Way: 6 Address: 0x3dae66a78
  Set: 42 Way: 0 Address: 0x3dae66ab9
  Set: 42 Way: 1 Address: 0xe51bdab0
  Set: 42 Way: 2 Address: 0x267bccaa1
  Set: 42 Way: 3 Address: 0xdb22da95
  Set: 42 Way: 4 Address: 0x190973abe
  Set: 43 Way: 0 Address: 0x3dae66ac0
  Set: 43 Way: 1 Address: 0x1addae8
  Set: 43 Way: 2 Address: 0x2c9898af0
  Set: 43 Way: 3 Address: 0x257713af0
  Set: 43 Way: 4 Address: 0x27d4c6af8
  Set: 43 Way: 5 Address: 0x181c81af8
  Set: 43 Way: 6 Address: 0x57be5adc
  Set: 43 Way: 7 Address: 0x190973ae9
  Set: 43 Way: 8 Address: 0x3bcc0daff
  Set: 44 Way: 0 Address: 0xbeea7b00
  Set: 44 Way: 1 Address: 0x2c9898b00
  Set: 44 Way: 2 Address: 0xcf83bb10
  Set: 44 Way: 3 Address: 0x2fa0c9b10
  Set: 44 Way: 4 Address: 0x354d35b31
  Set: 44 Way: 5 Address: 0x57be5b32
  Set: 44 Way: 6 Address: 0x3bcc0db20
  Set: 44 Way: 7 Address: 0x1aa7b6b1b
  Set: 45 Way: 0 Address: 0x1addb68
  Set: 45 Way: 1 Address: 0xbeea7b68
  Set: 45 Way: 2 Address: 0x2c8749b44
  Set: 45 Way: 3 Address: 0x211d16b5c
  Set: 45 Way: 4 Address: 0x2db378b77
  Set: 45 Way: 5 Address: 0x1f8ce0b60
  Set: 45 Way: 6 Address: 0x3c1074b7f
  Set: 46 Way: 0 Address: 0x1addb80
  Set: 46 Way: 1 Address: 0x3bdd78b80
  Set: 46 Way: 2 Address: 0x3d87a6bbe
  Set: 46 Way: 3 Address: 0x211d16ba0
  Set: 46 Way: 4 Address: 0x1c6532baa
  Set: 46 Way: 5 Address: 0x3c1074baa
  Set: 46 Way: 6 Address: 0x7b479bbe
  Set: 47 Way: 0 Address: 0xb84a9be8
  Set: 47 Way: 1 Address: 0x31be12be0
  Set: 47 Way: 2 Address: 0x112417be8
  Set: 47 Way: 3 Address: 0x7b479bc3
  Set: 48 Way: 0 Address: 0x43736c28
  Set: 48 Way: 1 Address: 0x38e35cc3e
  Set: 48 Way: 2 Address: 0x3232f3c3c
  Set: 48 Way: 3 Address: 0x3567dfc3e
  Set: 49 Way: 0 Address: 0x43736c6c
  Set: 49 Way: 1 Address: 0x38e35cc40
  Set: 49 Way: 2 Address: 0x211d16c40
  Set: 49 Way: 3 Address: 0x3567dfc77
  Set: 49 Way: 4 Address: 0x37f426c64
  Set: 49 Way: 5 Address: 0x3d747dc58
  Set: 50 Way: 0 Address: 0x43736cb8
  Set: 50 Way: 1 Address: 0x3734eec98
  Set: 50 Way: 2 Address: 0x84896c9a
  Set: 50 Way: 3 Address: 0x28f0cccbf
  Set: 51 Way: 0 Address: 0x43736cff
  Set: 51 Way: 1 Address: 0x2c9898cf0
  Set: 51 Way: 2 Address: 0x23756fcf0
  Set: 51 Way: 3 Address: 0x1132facf7
  Set: 51 Way: 4 Address: 0x28f0cccee
  Set: 52 Way: 0 Address: 0x43736d10
  Set: 52 Way: 1 Address: 0x312099d24
  Set: 52 Way: 2 Address: 0x348de2d19
  Set: 52 Way: 3 Address: 0x157dabd18
  Set: 52 Way: 4 Address: 0xe51bdd38
  Set: 52 Way: 5 Address: 0x3dae66d39
  Set: 53 Way: 0 Address: 0x43736d64
  Set: 53 Way: 1 Address: 0x3dae66d7f
  Set: 53 Way: 2 Address: 0xe51bdd70
  Set: 53 Way: 3 Address: 0x267bccd60
  Set: 53 Way: 4 Address: 0xdb22dd5b
  Set: 53 Way: 5 Address: 0x190973d7e
  Set: 54 Way: 0 Address: 0x43736da8
  Set: 54 Way: 1 Address: 0x3dae66d80
  Set: 54 Way: 2 Address: 0x2fa0c9d80
  Set: 54 Way: 3 Address: 0xc67dad80
  Set: 54 Way: 4 Address: 0x190973da9
  Set: 54 Way: 5 Address: 0x3bcc0ddbf
  Set: 55 Way: 0 Address: 0x43736dc6
  Set: 55 Way: 1 Address: 0x354d35de2
  Set: 55 Way: 2 Address: 0x1aa7b6ddb
  Set: 55 Way: 3 Address: 0x3bcc0ddd8
  Set: 56 Way: 0 Address: 0x43736e27
  Set: 56 Way: 1 Address: 0x1c084ee18
  Set: 56 Way: 2 Address: 0x312099e00
  Set: 56 Way: 3 Address: 0x2db378e37
  Set: 56 Way: 4 Address: 0x1f8ce0e1f
  Set: 56 Way: 5 Address: 0x3c1074e3c
  Set: 57 Way: 0 Address: 0x3c1074e79
  Set: 57 Way: 1 Address: 0x1c084ee50
  Set: 57 Way: 2 Address: 0x1c6532e6a
  Set: 57 Way: 3 Address: 0x43736e47
  Set: 57 Way: 4 Address: 0x7b479e7e
  Set: 58 Way: 0 Address: 0x12c6fce98
  Set: 58 Way: 1 Address: 0x3c1074e80
  Set: 58 Way: 2 Address: 0x2c9898e90
  Set: 58 Way: 3 Address: 0xcf83be90
  Set: 58 Way: 4 Address: 0x260091e88
  Set: 58 Way: 5 Address: 0x43736e87
  Set: 58 Way: 6 Address: 0x112417ea8
  Set: 58 Way: 7 Address: 0x7b479e83
  Set: 59 Way: 0 Address: 0x38e35cefb
  Set: 59 Way: 1 Address: 0x1c084eec0
  Set: 59 Way: 2 Address: 0x43736ec7
  Set: 59 Way: 3 Address: 0x3d747deff
  Set: 59 Way: 4 Address: 0x3567dfeff
  Set: 60 Way: 0 Address: 0x38e35cf00
  Set: 60 Way: 1 Address: 0xc7078f38
  Set: 60 Way: 2 Address: 0x133c92f38
  Set: 60 Way: 3 Address: 0x6e620f20
  Set: 60 Way: 4 Address: 0x3b0803f00
  Set: 60 Way: 5 Address: 0x19c791f28
  Set: 60 Way: 6 Address: 0x3567dff37
  Set: 60 Way: 7 Address: 0x43736f07
  Set: 60 Way: 8 Address: 0x37f426f24
  Set: 60 Way: 9 Address: 0x3d747df19
  Set: 61 Way: 0 Address: 0x1aafb8f40
  Set: 61 Way: 1 Address: 0xc7078f40
  Set: 61 Way: 2 Address: 0x43736f47
  Set: 61 Way: 3 Address: 0x84896f5a
  Set: 61 Way: 4 Address: 0x28f0ccf7f
  Set: 62 Way: 0 Address: 0x1132fafb7
  Set: 62 Way: 1 Address: 0x43736f87
  Set: 62 Way: 2 Address: 0x28f0ccfaa
  Set: 62 Way: 3 Address: 0x157dabfbd
  Set: 63 Way: 0 Address: 0x9cff2fd8
  Set: 63 Way: 1 Address: 0x1aafb8fd8
  Set: 63 Way: 2 Address: 0x2c8749fd0
  Set: 63 Way: 3 Address: 0x43736fc7
  Set: 63 Way: 4 Address: 0x348de2fd5
  Set: 63 Way: 5 Address: 0x157dabfd8
  Set: 63 Way: 6 Address: 0xe51bdff8
  Set: 63 Way: 7 Address: 0x3dae66ff9
EndCache
Cache: cpu0_ITLB
  Set: 2 Way: 0 Address: 0x40286c
  Set: 3 Way: 0 Address: 0x4033fb
  Set: 4 Way: 0 Address: 0x444b7b
  Set: 4 Way: 1 Address: 0x404c98
  Set: 5 Way: 0 Address: 0x4450ef
  Set: 6 Way: 0 Address: 0x446135
  Set: 8 Way: 0 Address: 0x4482f4
  Set: 10 Way: 0 Address: 0x44a8e4
  Set: 11 Way: 0 Address: 0x44b723
  Set: 13 Way: 0 Address: 0x40d7e4
  Set: 14 Way: 0 Address: 0x43ee02
  Set: 14 Way: 1 Address: 0x40e7ea
  Set: 15 Way: 0 Address: 0x40ffbe
EndCache
Cache: cpu0_DTLB
  Set: 0 Way: 0 Address: 0x27b06ce
  Set: 0 Way: 1 Address: 0x2760a58
  Set: 0 Way: 2 Address: 0x21e03a0
  Set: 0 Way: 3 Address: 0x7fd2fa6c00f6
  Set: 1 Way: 0 Address: 0x7fd2fa6c11c0
  Set: 1 Way: 1 Address: 0x7fd2fa63112a
  Set: 2 Way: 0 Address: 0x27d206e
  Set: 2 Way: 1 Address: 0x2762178
  Set: 2 Way: 2 Address: 0x7fd2fa6c221a
  Set: 3 Way: 0 Address: 0x7fd2fa6c3295
  Set: 4 Way: 0 Address: 0x21e45b6
  Set: 5 Way: 0 Address: 0x21e54e0
  Set: 5 Way: 1 Address: 0x7fd2fa675a58
  Set: 6 Way: 0 Address: 0x52696c
  Set: 6 Way: 1 Address: 0x7fd2fa676568
  Set: 6 Way: 2 Address: 0x7fd2fa7065df
  Set: 7 Way: 0 Address: 0x7ffedb247da8
  Set: 7 Way: 1 Address: 0x21e7e18
  Set: 7 Way: 2 Address: 0x7fd2fa677336
  Set: 7 Way: 3 Address: 0x7fd2fa7070df
  Set: 8 Way: 0 Address: 0x7ffedb248780
  Set: 8 Way: 1 Address: 0x21e80f0
  Set: 8 Way: 2 Address: 0x7fd2fa708c77
  Set: 8 Way: 3 Address: 0x7fd2fa6780f7
  Set: 9 Way: 0 Address: 0x7ffedb249550
  Set: 9 Way: 1 Address: 0x26e9448
  Set: 9 Way: 2 Address: 0x7fd2fa7091f6
  Set: 9 Way: 3 Address: 0x7fd2fa679168
  Set: 10 Way: 0 Address: 0x52aadc
  Set: 10 Way: 1 Address: 0x7fd2fa70a277
  Set: 10 Way: 2 Address: 0x7fd2fa67a1d4
  Set: 11 Way: 0 Address: 0x21fb30e
  Set: 11 Way: 1 Address: 0x7fd2fa70b01b
  Set: 12 Way: 0 Address: 0x7fd2fa37cd70
  Set: 12 Way: 1 Address: 0x7fd2fa62cc58
  Set: 13 Way: 0 Address: 0x275dc40
  Set: 13 Way: 1 Address: 0x276d3cc
  Set: 13 Way: 2 Address: 0x7fd2fa62d1d3
  Set: 13 Way: 3 Address: 0x7fd2fa37d840
  Set: 14 Way: 0 Address: 0x7fd2fa62ed7d
  Set: 14 Way: 1 Address: 0x279ebbe
  Set: 14 Way: 2 Address: 0x275eaf8
  Set: 14 Way: 3 Address: 0x7fd2fa6be021
  Set: 15 Way: 0 Address: 0x7fd2fa6bfe80
  Set: 15 Way: 1 Address: 0x7fd2fa62f5bc
  Set: 15 Way: 2 Address: 0x275ffd0
EndCache
Cache: LLC
  Set: 3 Way: 0 Address: 0x342b400ef
  Set: 4 Way: 0 Address: 0x342b40100
  Set: 5 Way: 0 Address: 0x342b40140
  Set: 5 Way: 1 Address: 0x28a940178
  Set: 6 Way: 0 Address: 0x342b40180
  Set: 6 Way: 1 Address: 0x28a940180
  Set: 7 Way: 0 Address: 0x342b401c0
  Set: 8 Way: 0 Address: 0x342b40201
  Set: 9 Way: 0 Address: 0x342b40240
  Set: 23 Way: 0 Address: 0x1f8ce05d9
  Set: 24 Way: 0 Address: 0x1f8ce0600
  Set: 34 Way: 0 Address: 0x1f8ce0899
  Set: 35 Way: 0 Address: 0x1f8ce08c0
  Set: 42 Way: 0 Address: 0x342b40a90
  Set: 43 Way: 0 Address: 0x342b40ac3
  Set: 44 Way: 0 Address: 0x342b40b00
  Set: 45 Way: 0 Address: 0x342b40b43
  Set: 45 Way: 1 Address: 0x1f8ce0b59
  Set: 46 Way: 0 Address: 0x342b40b82
  Set: 46 Way: 1 Address: 0x1f8ce0b80
  Set: 47 Way: 0 Address: 0x342b40bc0
  Set: 48 Way: 0 Address: 0x342b40c00
  Set: 49 Way: 0 Address: 0x342b40c43
  Set: 50 Way: 0 Address: 0x342b40c85
  Set: 51 Way: 0 Address: 0x342b40cc0
  Set: 52 Way: 0 Address: 0x342b40d00
  Set: 53 Way: 0 Address: 0x342b40d41
  Set: 54 Way: 0 Address: 0x342b40d82
  Set: 55 Way: 0 Address: 0x342b40dc0
  Set: 56 Way: 0 Address: 0x342b40e00
  Set: 56 Way: 1 Address: 0x1f8ce0e19
  Set: 57 Way: 0 Address: 0x342b40e40
  Set: 57 Way: 1 Address: 0x1f8ce0e40
  Set: 58 Way: 0 Address: 0x342b40e80
  Set: 59 Way: 0 Address: 0x342b40ec0
  Set: 60 Way: 0 Address: 0x6e620f20
  Set: 65 Way: 0 Address: 0x113201078
  Set: 69 Way: 0 Address: 0x116e01160
  Set: 73 Way: 0 Address: 0x113201258
  Set: 91 Way: 0 Address: 0x2a48416c8
  Set: 99 Way: 0 Address: 0x181c818d0
  Set: 100 Way: 0 Address: 0x181c81900
  Set: 101 Way: 0 Address: 0x181c81948
  Set: 102 Way: 0 Address: 0x181c81980
  Set: 105 Way: 0 Address: 0xf6e81a58
  Set: 107 Way: 0 Address: 0x181c81af8
  Set: 108 Way: 0 Address: 0x181c81b00
  Set: 135 Way: 0 Address: 0x1064c21f0
  Set: 136 Way: 0 Address: 0x1064c2228
  Set: 136 Way: 1 Address: 0x348de221e
  Set: 137 Way: 0 Address: 0x348de2240
  Set: 147 Way: 0 Address: 0x348de24de
  Set: 148 Way: 0 Address: 0x348de2500
  Set: 151 Way: 0 Address: 0x34e4a25e8
  Set: 152 Way: 0 Address: 0x34e4a2610
  Set: 158 Way: 0 Address: 0x1c84e27b0
  Set: 158 Way: 1 Address: 0x348de279e
  Set: 159 Way: 0 Address: 0x1c84e27c4
  Set: 159 Way: 1 Address: 0x348de27c0
  Set: 160 Way: 0 Address: 0x1c84e2801
  Set: 160 Way: 1 Address: 0x34e4a2830
  Set: 161 Way: 0 Address: 0x1c84e2841
  Set: 162 Way: 0 Address: 0x1c84e2882
  Set: 163 Way: 0 Address: 0x1c84e28c1
  Set: 164 Way: 0 Address: 0x1c84e2900
  Set: 165 Way: 0 Address: 0x6d0c296c
  Set: 166 Way: 0 Address: 0x6d0c2980
  Set: 169 Way: 0 Address: 0x1c84e2a40
  Set: 169 Way: 1 Address: 0x348de2a5e
  Set: 170 Way: 0 Address: 0x1c84e2a80
  Set: 170 Way: 1 Address: 0x348de2a80
  Set: 171 Way: 0 Address: 0x1c84e2ac0
  Set: 172 Way: 0 Address: 0x1c84e2b00
  Set: 180 Way: 0 Address: 0x1c84e2d1f
  Set: 180 Way: 1 Address: 0x348de2d1e
  Set: 181 Way: 0 Address: 0x1c84e2d40
  Set: 181 Way: 1 Address: 0x348de2d40
  Set: 191 Way: 0 Address: 0x348de2fda
  Set: 192 Way: 0 Address: 0x348de3000
  Set: 252 Way: 0 Address: 0x3b0803f00
  Set: 263 Way: 0 Address: 0x1ab441c2
  Set: 264 Way: 0 Address: 0x1ab44200
  Set: 265 Way: 0 Address: 0xb8004254
  Set: 266 Way: 0 Address: 0xb80042b8
  Set: 267 Way: 0 Address: 0xb80042da
  Set: 268 Way: 0 Address: 0xb800430e
  Set: 269 Way: 0 Address: 0xb8004340
  Set: 270 Way: 0 Address: 0xb8004380
  Set: 270 Way: 1 Address: 0x17e3643a8
  Set: 271 Way: 0 Address: 0x1ab443fb
  Set: 271 Way: 1 Address: 0xb80043c0
  Set: 272 Way: 0 Address: 0x1ab44400
  Set: 273 Way: 0 Address: 0x1ab44440
  Set: 277 Way: 0 Address: 0x6b744550
  Set: 278 Way: 0 Address: 0x6b744580
  Set: 289 Way: 0 Address: 0x17e364858
  Set: 347 Way: 0 Address: 0x34a0e56de
  Set: 356 Way: 0 Address: 0x57be5930
  Set: 357 Way: 0 Address: 0x57be5940
  Set: 363 Way: 0 Address: 0x57be5ad8
  Set: 364 Way: 0 Address: 0x57be5b00
  Set: 365 Way: 0 Address: 0x57be5b40
  Set: 375 Way: 0 Address: 0x272585de2
  Set: 376 Way: 0 Address: 0x272585e02
  Set: 377 Way: 0 Address: 0x272585e40
  Set: 388 Way: 0 Address: 0x1b7ae612f
  Set: 389 Way: 0 Address: 0x1b7ae6140
  Set: 389 Way: 1 Address: 0x37f426161
  Set: 390 Way: 0 Address: 0x37f426180
  Set: 392 Way: 0 Address: 0x3dae6623f
  Set: 393 Way: 0 Address: 0x3dae66276
  Set: 394 Way: 0 Address: 0x3dae66280
  Set: 398 Way: 0 Address: 0x101c263b0
  Set: 399 Way: 0 Address: 0x1b7ae63ef
  Set: 400 Way: 0 Address: 0x1b7ae6400
  Set: 400 Way: 1 Address: 0x37f426421
  Set: 401 Way: 0 Address: 0x37f426440
  Set: 403 Way: 0 Address: 0x3dae664fb
  Set: 404 Way: 0 Address: 0x3dae66539
  Set: 405 Way: 0 Address: 0x3dae66540
  Set: 406 Way: 0 Address: 0x3dae66580
  Set: 407 Way: 0 Address: 0x192bc65f0
  Set: 408 Way: 0 Address: 0x101c26610
  Set: 410 Way: 0 Address: 0x1b7ae66af
  Set: 411 Way: 0 Address: 0x1b7ae66c0
  Set: 411 Way: 1 Address: 0x37f4266dd
  Set: 412 Way: 0 Address: 0x37f426700
  Set: 414 Way: 0 Address: 0x3dae667bf
  Set: 415 Way: 0 Address: 0x3dae667f9
  Set: 416 Way: 0 Address: 0x3dae66800
  Set: 416 Way: 1 Address: 0x192bc6838
  Set: 417 Way: 0 Address: 0x3dae66840
  Set: 417 Way: 1 Address: 0x247006848
  Set: 421 Way: 0 Address: 0x1b7ae695f
  Set: 422 Way: 0 Address: 0x37f42699d
  Set: 422 Way: 1 Address: 0x1b7ae6980
  Set: 423 Way: 0 Address: 0x37f4269c0
  Set: 425 Way: 0 Address: 0x3dae66a7d
  Set: 426 Way: 0 Address: 0x3dae66ab9
  Set: 427 Way: 0 Address: 0x3dae66ac0
  Set: 427 Way: 1 Address: 0x27d4c6af8
  Set: 428 Way: 0 Address: 0x3dae66b00
  Set: 430 Way: 0 Address: 0x3d87a6bbe
  Set: 431 Way: 0 Address: 0x3d87a6bc0
  Set: 433 Way: 0 Address: 0x37f426c5d
  Set: 434 Way: 0 Address: 0x37f426c80
  Set: 436 Way: 0 Address: 0x3dae66d3d
  Set: 437 Way: 0 Address: 0x3dae66d79
  Set: 438 Way: 0 Address: 0x3dae66d80
  Set: 439 Way: 0 Address: 0x3dae66dc0
  Set: 444 Way: 0 Address: 0x37f426f1d
  Set: 445 Way: 0 Address: 0x37f426f40
  Set: 447 Way: 0 Address: 0x3dae66ffd
  Set: 448 Way: 0 Address: 0x3dae67000
  Set: 454 Way: 0 Address: 0x3704c7180
  Set: 481 Way: 0 Address: 0x3704c7840
  Set: 481 Way: 1 Address: 0x358da7870
  Set: 482 Way: 0 Address: 0x358da7881
  Set: 483 Way: 0 Address: 0x358da78c3
  Set: 484 Way: 0 Address: 0x358da7900
  Set: 485 Way: 0 Address: 0x358da7946
  Set: 486 Way: 0 Address: 0x358da7980
  Set: 490 Way: 0 Address: 0x358da7a87
  Set: 491 Way: 0 Address: 0x358da7ac3
  Set: 492 Way: 0 Address: 0xbeea7b00
  Set: 492 Way: 1 Address: 0x358da7b05
  Set: 493 Way: 0 Address: 0xbeea7b68
  Set: 493 Way: 1 Address: 0x358da7b40
  Set: 494 Way: 0 Address: 0x358da7b80
  Set: 495 Way: 0 Address: 0x358da7bc0
  Set: 496 Way: 0 Address: 0x358da7c03
  Set: 497 Way: 0 Address: 0x358da7c41
  Set: 498 Way: 0 Address: 0x358da7c80
  Set: 499 Way: 0 Address: 0x358da7cc0
  Set: 500 Way: 0 Address: 0x358da7d02
  Set: 501 Way: 0 Address: 0x358da7d40
  Set: 502 Way: 0 Address: 0x358da7d80
  Set: 507 Way: 0 Address: 0x358da7ecf
  Set: 508 Way: 0 Address: 0x358da7f00
  Set: 509 Way: 0 Address: 0x358da7f43
  Set: 510 Way: 0 Address: 0x358da7f80
  Set: 511 Way: 0 Address: 0x358da7fc4
  Set: 512 Way: 0 Address: 0x358da8000
  Set: 513 Way: 0 Address: 0x16668068
  Set: 520 Way: 0 Address: 0x16668230
  Set: 579 Way: 0 Address: 0x2ee3690f0
  Set: 580 Way: 0 Address: 0x2ee369100
  Set: 581 Way: 0 Address: 0x2ee369168
  Set: 582 Way: 0 Address: 0x2ee369180
  Set: 585 Way: 0 Address: 0x5d6e9250
  Set: 592 Way: 0 Address: 0x2c8749400
  Set: 593 Way: 0 Address: 0x2c8749440
  Set: 594 Way: 0 Address: 0x2c8749480
  Set: 600 Way: 0 Address: 0x2c8749634
  Set: 601 Way: 0 Address: 0x2c8749640
  Set: 620 Way: 0 Address: 0x2fa0c9b10
  Set: 621 Way: 0 Address: 0x2c8749b44
  Set: 622 Way: 0 Address: 0x2c8749b80
  Set: 623 Way: 0 Address: 0xb84a9be8
  Set: 630 Way: 0 Address: 0x2fa0c9d80
  Set: 639 Way: 0 Address: 0x2c8749fd0
  Set: 640 Way: 0 Address: 0x2c874a000
  Set: 671 Way: 0 Address: 0x8754a7d0
  Set: 672 Way: 0 Address: 0x8754a800
  Set: 673 Way: 0 Address: 0x8754a840
  Set: 674 Way: 0 Address: 0x8754a880
  Set: 720 Way: 0 Address: 0x28420b430
  Set: 721 Way: 0 Address: 0x28420b440
  Set: 722 Way: 0 Address: 0x28420b480
  Set: 745 Way: 0 Address: 0x157daba51
  Set: 746 Way: 0 Address: 0x157daba80
  Set: 756 Way: 0 Address: 0x157dabd11
  Set: 757 Way: 0 Address: 0x157dabd40
  Set: 766 Way: 0 Address: 0x157dabfba
  Set: 767 Way: 0 Address: 0x157dabfd1
  Set: 768 Way: 0 Address: 0x32f48c020
  Set: 768 Way: 1 Address: 0x157dac000
  Set: 774 Way: 0 Address: 0x28f0cc1bf
  Set: 775 Way: 0 Address: 0x28f0cc1d4
  Set: 776 Way: 0 Address: 0x29484c238
  Set: 776 Way: 1 Address: 0x28f0cc200
  Set: 785 Way: 0 Address: 0x28f0cc47f
  Set: 786 Way: 0 Address: 0x28f0cc4ae
  Set: 787 Way: 0 Address: 0x28f0cc4c0
  Set: 791 Way: 0 Address: 0x2cd70c5e8
  Set: 796 Way: 0 Address: 0x28f0cc73f
  Set: 797 Way: 0 Address: 0x32502c748
  Set: 797 Way: 1 Address: 0x28f0cc76e
  Set: 798 Way: 0 Address: 0x28f0cc780
  Set: 799 Way: 0 Address: 0x267bcc7da
  Set: 800 Way: 0 Address: 0xb77ac830
  Set: 800 Way: 1 Address: 0x267bcc800
  Set: 805 Way: 0 Address: 0x32f48c950
  Set: 807 Way: 0 Address: 0x28f0cc9ff
  Set: 808 Way: 0 Address: 0x28f0cca2e
  Set: 809 Way: 0 Address: 0x28f0cca40
  Set: 810 Way: 0 Address: 0x267bcca9a
  Set: 811 Way: 0 Address: 0x267bccac0
  Set: 818 Way: 0 Address: 0x28f0cccbf
  Set: 819 Way: 0 Address: 0x28f0cccf0
  Set: 820 Way: 0 Address: 0x28f0ccd00
  Set: 821 Way: 0 Address: 0x267bccd5a
  Set: 822 Way: 0 Address: 0x267bccd80
  Set: 829 Way: 0 Address: 0x28f0ccf7f
  Set: 830 Way: 0 Address: 0x28f0ccfae
  Set: 831 Way: 0 Address: 0x28f0ccfc0
  Set: 832 Way: 0 Address: 0x5588d018
  Set: 832 Way: 1 Address: 0x3bcc0d01a
  Set: 833 Way: 0 Address: 0x15164d068
  Set: 833 Way: 1 Address: 0x3bcc0d040
  Set: 841 Way: 0 Address: 0x5588d240
  Set: 841 Way: 1 Address: 0xdb22d270
  Set: 842 Way: 0 Address: 0xdb22d280
  Set: 843 Way: 0 Address: 0x3bcc0d2da
  Set: 844 Way: 0 Address: 0x3bcc0d300
  Set: 852 Way: 0 Address: 0xdb22d530
  Set: 853 Way: 0 Address: 0xdb22d540
  Set: 854 Way: 0 Address: 0x3bcc0d59a
  Set: 855 Way: 0 Address: 0x3bcc0d5c0
  Set: 864 Way: 0 Address: 0x3bcc0d83f
  Set: 865 Way: 0 Address: 0x3bcc0d85a
  Set: 866 Way: 0 Address: 0x3bcc0d880
  Set: 869 Way: 0 Address: 0x15164d950
  Set: 874 Way: 0 Address: 0xdb22da94
  Set: 875 Way: 0 Address: 0xdb22dac0
  Set: 875 Way: 1 Address: 0x3bcc0daff
  Set: 876 Way: 0 Address: 0x3bcc0db1a
  Set: 877 Way: 0 Address: 0x3bcc0db40
  Set: 885 Way: 0 Address: 0xdb22dd54
  Set: 886 Way: 0 Address: 0xdb22dd80
  Set: 886 Way: 1 Address: 0x3bcc0ddbf
  Set: 887 Way: 0 Address: 0x3bcc0ddd2
  Set: 888 Way: 0 Address: 0x3bcc0de00
  Set: 896 Way: 0 Address: 0x7d0ee030
  Set: 897 Way: 0 Address: 0x7d0ee040
  Set: 903 Way: 0 Address: 0x3734ee1d0
  Set: 904 Way: 0 Address: 0x3734ee200
  Set: 905 Way: 0 Address: 0x3734ee248
  Set: 906 Way: 0 Address: 0x3734ee280
  Set: 906 Way: 1 Address: 0x7d0ee2b8
  Set: 907 Way: 0 Address: 0x7d0ee2f0
  Set: 907 Way: 1 Address: 0x3734ee2e8
  Set: 908 Way: 0 Address: 0x7d0ee300
  Set: 908 Way: 1 Address: 0x3734ee318
  Set: 909 Way: 0 Address: 0x3734ee340
  Set: 910 Way: 0 Address: 0x3734ee390
  Set: 911 Way: 0 Address: 0x3734ee3c0
  Set: 912 Way: 0 Address: 0x3734ee400
  Set: 913 Way: 0 Address: 0x3734ee448
  Set: 916 Way: 0 Address: 0x3734ee508
  Set: 917 Way: 0 Address: 0x3734ee540
  Set: 917 Way: 1 Address: 0x7d0ee578
  Set: 918 Way: 0 Address: 0x7d0ee5b0
  Set: 918 Way: 1 Address: 0x3734ee580
  Set: 919 Way: 0 Address: 0x7d0ee5c0
  Set: 920 Way: 0 Address: 0x2f5d8e600
  Set: 920 Way: 1 Address: 0x3734ee618
  Set: 921 Way: 0 Address: 0x3734ee640
  Set: 922 Way: 0 Address: 0x3734ee680
  Set: 923 Way: 0 Address: 0x3734ee6d0
  Set: 924 Way: 0 Address: 0x3734ee730
  Set: 925 Way: 0 Address: 0x3734ee778
  Set: 926 Way: 0 Address: 0x3734ee780
  Set: 927 Way: 0 Address: 0x3734ee7d8
  Set: 928 Way: 0 Address: 0x3734ee800
  Set: 928 Way: 1 Address: 0x7d0ee838
  Set: 929 Way: 0 Address: 0x7d0ee870
  Set: 930 Way: 0 Address: 0x7d0ee880
  Set: 934 Way: 0 Address: 0x3734ee9a8
  Set: 935 Way: 0 Address: 0x3734ee9c0
  Set: 936 Way: 0 Address: 0x3734eea00
  Set: 937 Way: 0 Address: 0x3734eea40
  Set: 946 Way: 0 Address: 0x3734eec98
  Set: 947 Way: 0 Address: 0x3734eecc0
  Set: 952 Way: 0 Address: 0x1c084ee18
  Set: 953 Way: 0 Address: 0x1c084ee40
  Set: 954 Way: 0 Address: 0x1c084ee80
  Set: 955 Way: 0 Address: 0x1c084eec0
  Set: 956 Way: 0 Address: 0x1c084ef00
  Set: 965 Way: 0 Address: 0xee86f170
  Set: 965 Way: 1 Address: 0x143ef178
  Set: 968 Way: 0 Address: 0x22272f220
  Set: 969 Way: 0 Address: 0x22272f240
  Set: 983 Way: 0 Address: 0x143ef5f8
  Set: 1011 Way: 0 Address: 0x23756fcf0
  Set: 1030 Way: 0 Address: 0x14bb10184
  Set: 1031 Way: 0 Address: 0x14bb101c0
  Set: 1032 Way: 0 Address: 0x2177f021b
  Set: 1033 Way: 0 Address: 0x2177f0240
  Set: 1034 Way: 0 Address: 0x2177f0283
  Set: 1035 Way: 0 Address: 0x2177f02f4
  Set: 1036 Way: 0 Address: 0x2177f0300
  Set: 1037 Way: 0 Address: 0x2177f0340
  Set: 1043 Way: 0 Address: 0x168ef04e0
  Set: 1046 Way: 0 Address: 0x14bb105a0
  Set: 1047 Way: 0 Address: 0x14bb105c0
  Set: 1048 Way: 0 Address: 0x14bb10600
  Set: 1049 Way: 0 Address: 0x14bb10640
  Set: 1146 Way: 0 Address: 0x260091e88
  Set: 1148 Way: 0 Address: 0x19c791f28
  Set: 1154 Way: 0 Address: 0x1c65320a7
  Set: 1155 Way: 0 Address: 0x1c65320c0
  Set: 1157 Way: 0 Address: 0x3bdb2168
  Set: 1165 Way: 0 Address: 0x1c653236f
  Set: 1166 Way: 0 Address: 0x1c6532380
  Set: 1166 Way: 1 Address: 0xa3a523b8
  Set: 1166 Way: 2 Address: 0x3bdb23b0
  Set: 1167 Way: 0 Address: 0xa3a523c0
  Set: 1167 Way: 1 Address: 0x1fd4123d0
  Set: 1176 Way: 0 Address: 0x1c653262f
  Set: 1176 Way: 1 Address: 0x23a612618
  Set: 1176 Way: 2 Address: 0x1fd412618
  Set: 1177 Way: 0 Address: 0x1c6532640
  Set: 1184 Way: 0 Address: 0x23a612838
  Set: 1187 Way: 0 Address: 0x1c65328ef
  Set: 1188 Way: 0 Address: 0x1c6532900
  Set: 1193 Way: 0 Address: 0x9cff2a58
  Set: 1198 Way: 0 Address: 0x1c6532baf
  Set: 1199 Way: 0 Address: 0x31be12be0
  Set: 1199 Way: 1 Address: 0x1c6532bc0
  Set: 1200 Way: 0 Address: 0x62d12c00
  Set: 1201 Way: 0 Address: 0x62d12c41
  Set: 1202 Way: 0 Address: 0x62d12c80
  Set: 1203 Way: 0 Address: 0x62d12cc0
  Set: 1204 Way: 0 Address: 0x62d12d00
  Set: 1209 Way: 0 Address: 0x1c6532e6f
  Set: 1210 Way: 0 Address: 0x1c6532e80
  Set: 1212 Way: 0 Address: 0x133c92f38
  Set: 1215 Way: 0 Address: 0x9cff2fd8
  Set: 1216 Way: 0 Address: 0x263c13010
  Set: 1217 Way: 0 Address: 0x34a87306e
  Set: 1218 Way: 0 Address: 0x3c56b3080
  Set: 1218 Way: 1 Address: 0x2b2e93098
  Set: 1218 Way: 2 Address: 0x34a873080
  Set: 1225 Way: 0 Address: 0x263c13258
  Set: 1225 Way: 1 Address: 0x19097327a
  Set: 1226 Way: 0 Address: 0xd78d329a
  Set: 1226 Way: 1 Address: 0x190973291
  Set: 1227 Way: 0 Address: 0xd78d32c0
  Set: 1227 Way: 1 Address: 0x1909732c0
  Set: 1236 Way: 0 Address: 0x19097353a
  Set: 1237 Way: 0 Address: 0x19097356d
  Set: 1238 Way: 0 Address: 0x190973580
  Set: 1247 Way: 0 Address: 0x1909737fa
  Set: 1248 Way: 0 Address: 0x19097382d
  Set: 1249 Way: 0 Address: 0x190973840
  Set: 1258 Way: 0 Address: 0x190973aba
  Set: 1259 Way: 0 Address: 0x257713af0
  Set: 1259 Way: 1 Address: 0x190973aed
  Set: 1260 Way: 0 Address: 0x190973b00
  Set: 1264 Way: 0 Address: 0x3232f3c3c
  Set: 1269 Way: 0 Address: 0x190973d7a
  Set: 1270 Way: 0 Address: 0x190973dad
  Set: 1271 Way: 0 Address: 0x190973dc0
  Set: 1280 Way: 0 Address: 0x3de4d4010
  Set: 1281 Way: 0 Address: 0x3de4d4040
  Set: 1281 Way: 1 Address: 0x3c107407f
  Set: 1282 Way: 0 Address: 0x3de4d4080
  Set: 1282 Way: 1 Address: 0x3c10740ae
  Set: 1283 Way: 0 Address: 0x3de4d40c0
  Set: 1283 Way: 1 Address: 0x3c10740c0
  Set: 1288 Way: 0 Address: 0x3de4d4210
  Set: 1289 Way: 0 Address: 0x129934240
  Set: 1289 Way: 1 Address: 0x3de4d4240
  Set: 1290 Way: 0 Address: 0x3de4d4287
  Set: 1291 Way: 0 Address: 0x3de4d42c0
  Set: 1292 Way: 0 Address: 0x3de4d4300
  Set: 1292 Way: 1 Address: 0x3c107433f
  Set: 1293 Way: 0 Address: 0x3de4d4340
  Set: 1293 Way: 1 Address: 0x3c107436e
  Set: 1294 Way: 0 Address: 0x3c1074380
  Set: 1297 Way: 0 Address: 0x3de4d445f
  Set: 1298 Way: 0 Address: 0x3de4d4480
  Set: 1299 Way: 0 Address: 0x3de4d44c0
  Set: 1300 Way: 0 Address: 0x3de4d4514
  Set: 1301 Way: 0 Address: 0x3de4d4541
  Set: 1302 Way: 0 Address: 0x3de4d4580
  Set: 1303 Way: 0 Address: 0x3c10745ff
  Set: 1304 Way: 0 Address: 0x3c107462e
  Set: 1305 Way: 0 Address: 0x3c1074640
  Set: 1306 Way: 0 Address: 0x3de4d46b5
  Set: 1307 Way: 0 Address: 0x3de4d46c3
  Set: 1308 Way: 0 Address: 0x3de4d4702
  Set: 1309 Way: 0 Address: 0x3de4d4743
  Set: 1310 Way: 0 Address: 0x3de4d4780
  Set: 1311 Way: 0 Address: 0x3de4d47c0
  Set: 1314 Way: 0 Address: 0x3c10748bf
  Set: 1315 Way: 0 Address: 0x3c10748ee
  Set: 1316 Way: 0 Address: 0x3de4d4900
  Set: 1316 Way: 1 Address: 0x3c1074900
  Set: 1317 Way: 0 Address: 0x3de4d4940
  Set: 1318 Way: 0 Address: 0x3de4d4980
  Set: 1319 Way: 0 Address: 0x3de4d49c0
  Set: 1325 Way: 0 Address: 0x3c1074b7f
  Set: 1326 Way: 0 Address: 0x3de4d4bb2
  Set: 1326 Way: 1 Address: 0x3c1074bae
  Set: 1327 Way: 0 Address: 0x3de4d4bc1
  Set: 1327 Way: 1 Address: 0x3c1074bc0
  Set: 1328 Way: 0 Address: 0x3de4d4c00
  Set: 1329 Way: 0 Address: 0x3de4d4c40
  Set: 1336 Way: 0 Address: 0x3c1074e3b
  Set: 1337 Way: 0 Address: 0x3c1074e79
  Set: 1338 Way: 0 Address: 0x3c1074e80
  Set: 1339 Way: 0 Address: 0x3c1074ec0
  Set: 1344 Way: 0 Address: 0x195f15010
  Set: 1344 Way: 1 Address: 0x354d35039
  Set: 1345 Way: 0 Address: 0x354d35040
  Set: 1346 Way: 0 Address: 0x195f15080
  Set: 1346 Way: 1 Address: 0x354d35080
  Set: 1354 Way: 0 Address: 0x354d352bd
  Set: 1355 Way: 0 Address: 0x354d352f9
  Set: 1356 Way: 0 Address: 0x354d35300
  Set: 1357 Way: 0 Address: 0x354d35340
  Set: 1358 Way: 0 Address: 0x1b0f153bc
  Set: 1359 Way: 0 Address: 0x1b0f153cc
  Set: 1363 Way: 0 Address: 0x1b0f154fc
  Set: 1364 Way: 0 Address: 0x1b0f15508
  Set: 1365 Way: 0 Address: 0x1b0f15540
  Set: 1365 Way: 1 Address: 0x354d3557d
  Set: 1366 Way: 0 Address: 0x354d355b9
  Set: 1367 Way: 0 Address: 0x354d355c0
  Set: 1368 Way: 0 Address: 0x354d35600
  Set: 1376 Way: 0 Address: 0x354d3583d
  Set: 1377 Way: 0 Address: 0x354d35879
  Set: 1378 Way: 0 Address: 0x354d35880
  Set: 1379 Way: 0 Address: 0x354d358c0
  Set: 1388 Way: 0 Address: 0x354d35b36
  Set: 1389 Way: 0 Address: 0x354d35b40
  Set: 1399 Way: 0 Address: 0x354d35de7
  Set: 1400 Way: 0 Address: 0x354d35e00
  Set: 1408 Way: 0 Address: 0x1aa7b6014
  Set: 1409 Way: 0 Address: 0x1aa7b6040
  Set: 1414 Way: 0 Address: 0x848961b9
  Set: 1415 Way: 0 Address: 0x848961c0
  Set: 1415 Way: 1 Address: 0x696d61d9
  Set: 1416 Way: 0 Address: 0x84896200
  Set: 1416 Way: 1 Address: 0x696d6200
  Set: 1419 Way: 0 Address: 0x1aa7b62d4
  Set: 1420 Way: 0 Address: 0x1aa7b6300
  Set: 1425 Way: 0 Address: 0x84896471
  Set: 1426 Way: 0 Address: 0x84896480
  Set: 1426 Way: 1 Address: 0x696d6499
  Set: 1427 Way: 0 Address: 0x696d64c0
  Set: 1430 Way: 0 Address: 0x1aa7b6594
  Set: 1431 Way: 0 Address: 0x1aa7b65c0
  Set: 1436 Way: 0 Address: 0x84896731
  Set: 1437 Way: 0 Address: 0x84896740
  Set: 1441 Way: 0 Address: 0x1aa7b6854
  Set: 1442 Way: 0 Address: 0x1aa7b6880
  Set: 1447 Way: 0 Address: 0x848969de
  Set: 1448 Way: 0 Address: 0x84896a00
  Set: 1452 Way: 0 Address: 0x1aa7b6b14
  Set: 1453 Way: 0 Address: 0x211d16b5c
  Set: 1453 Way: 1 Address: 0x1aa7b6b40
  Set: 1454 Way: 0 Address: 0x211d16b80
  Set: 1455 Way: 0 Address: 0x211d16bc0
  Set: 1456 Way: 0 Address: 0x43736c20
  Set: 1457 Way: 0 Address: 0x43736c6c
  Set: 1457 Way: 1 Address: 0x211d16c40
  Set: 1458 Way: 0 Address: 0x43736c8c
  Set: 1458 Way: 1 Address: 0x211d16c80
  Set: 1458 Way: 2 Address: 0x84896c9e
  Set: 1459 Way: 0 Address: 0x43736cc0
  Set: 1459 Way: 1 Address: 0x84896cc0
  Set: 1460 Way: 0 Address: 0x43736d18
  Set: 1461 Way: 0 Address: 0x43736d64
  Set: 1462 Way: 0 Address: 0x43736d88
  Set: 1463 Way: 0 Address: 0x43736dc0
  Set: 1463 Way: 1 Address: 0x1aa7b6dd4
  Set: 1464 Way: 0 Address: 0x43736e00
  Set: 1464 Way: 1 Address: 0x1aa7b6e00
  Set: 1465 Way: 0 Address: 0x43736e40
  Set: 1466 Way: 0 Address: 0x43736e80
  Set: 1467 Way: 0 Address: 0x43736ec0
  Set: 1468 Way: 0 Address: 0x43736f00
  Set: 1469 Way: 0 Address: 0x43736f40
  Set: 1469 Way: 1 Address: 0x84896f5e
  Set: 1470 Way: 0 Address: 0x43736f80
  Set: 1470 Way: 1 Address: 0x84896f80
  Set: 1471 Way: 0 Address: 0x43736fc0
  Set: 1473 Way: 0 Address: 0x12c077070
  Set: 1475 Way: 0 Address: 0x1124170f0
  Set: 1476 Way: 0 Address: 0x112417100
  Set: 1481 Way: 0 Address: 0x12c077250
  Set: 1486 Way: 0 Address: 0x1124173b0
  Set: 1487 Way: 0 Address: 0x2fbe973c0
  Set: 1487 Way: 1 Address: 0x1124173c0
  Set: 1496 Way: 0 Address: 0x276ff7608
  Set: 1497 Way: 0 Address: 0x112417670
  Set: 1498 Way: 0 Address: 0x112417680
  Set: 1505 Way: 0 Address: 0x276ff7848
  Set: 1508 Way: 0 Address: 0x112417921
  Set: 1509 Way: 0 Address: 0x112417940
  Set: 1519 Way: 0 Address: 0x112417be1
  Set: 1520 Way: 0 Address: 0x112417c00
  Set: 1530 Way: 0 Address: 0x112417ea1
  Set: 1531 Way: 0 Address: 0x112417ec0
  Set: 1536 Way: 0 Address: 0x2db37803a
  Set: 1537 Way: 0 Address: 0x2db378070
  Set: 1538 Way: 0 Address: 0x2db378080
  Set: 1540 Way: 0 Address: 0x3fe58106
  Set: 1541 Way: 0 Address: 0x3fe58142
  Set: 1542 Way: 0 Address: 0x3fe58180
  Set: 1543 Way: 0 Address: 0x3fe581c0
  Set: 1544 Way: 0 Address: 0x3fe58200
  Set: 1545 Way: 0 Address: 0x3fe58240
  Set: 1547 Way: 0 Address: 0x2db3782fa
  Set: 1548 Way: 0 Address: 0x2db378330
  Set: 1549 Way: 0 Address: 0x2db378340
  Set: 1555 Way: 0 Address: 0x3fe584e1
  Set: 1556 Way: 0 Address: 0x3fe58500
  Set: 1557 Way: 0 Address: 0x3fe58542
  Set: 1558 Way: 0 Address: 0x3fe58580
  Set: 1558 Way: 1 Address: 0x2db3785ba
  Set: 1559 Way: 0 Address: 0x2db3785f0
  Set: 1559 Way: 1 Address: 0x3fe585c2
  Set: 1560 Way: 0 Address: 0x2db378600
  Set: 1560 Way: 1 Address: 0x3fe58605
  Set: 1561 Way: 0 Address: 0x3fe58640
  Set: 1562 Way: 0 Address: 0x3fe58697
  Set: 1563 Way: 0 Address: 0x3fe586c0
  Set: 1570 Way: 0 Address: 0x2db3788b0
  Set: 1571 Way: 0 Address: 0x2db3788c0
  Set: 1579 Way: 0 Address: 0x2c9898af8
  Set: 1580 Way: 0 Address: 0x2c9898b00
  Set: 1581 Way: 0 Address: 0x2db378b70
  Set: 1582 Way: 0 Address: 0x3bdd78b80
  Set: 1582 Way: 1 Address: 0x2db378b80
  Set: 1587 Way: 0 Address: 0x2c9898cf0
  Set: 1592 Way: 0 Address: 0x2db378e30
  Set: 1593 Way: 0 Address: 0x2db378e40
  Set: 1594 Way: 0 Address: 0x2c9898e90
  Set: 1596 Way: 0 Address: 0xc7078f38
  Set: 1597 Way: 0 Address: 0x1aafb8f40
  Set: 1597 Way: 1 Address: 0xc7078f40
  Set: 1599 Way: 0 Address: 0x1aafb8fd8
  Set: 1600 Way: 0 Address: 0x292959018
  Set: 1603 Way: 0 Address: 0x7b4790d9
  Set: 1604 Way: 0 Address: 0x7b479100
  Set: 1606 Way: 0 Address: 0x379d39180
  Set: 1612 Way: 0 Address: 0x312099310
  Set: 1613 Way: 0 Address: 0x312099340
  Set: 1614 Way: 0 Address: 0x3120993a0
  Set: 1614 Way: 1 Address: 0x7b479399
  Set: 1615 Way: 0 Address: 0x3120993c0
  Set: 1615 Way: 1 Address: 0x7b4793c0
  Set: 1625 Way: 0 Address: 0x7b479659
  Set: 1626 Way: 0 Address: 0x7b479680
  Set: 1628 Way: 0 Address: 0x16a859700
  Set: 1629 Way: 0 Address: 0x16a859740
  Set: 1630 Way: 0 Address: 0x16a859781
  Set: 1631 Way: 0 Address: 0x16a8597c2
  Set: 1632 Way: 0 Address: 0x16a859800
  Set: 1633 Way: 0 Address: 0x8a579850
  Set: 1633 Way: 1 Address: 0x16a859840
  Set: 1636 Way: 0 Address: 0x292959930
  Set: 1636 Way: 1 Address: 0x7b479919
  Set: 1637 Way: 0 Address: 0x7b479940
  Set: 1646 Way: 0 Address: 0x7b479bba
  Set: 1647 Way: 0 Address: 0x7b479bc7
  Set: 1648 Way: 0 Address: 0x7b479c00
  Set: 1652 Way: 0 Address: 0x312099d24
  Set: 1653 Way: 0 Address: 0x312099d40
  Set: 1656 Way: 0 Address: 0x312099e00
  Set: 1657 Way: 0 Address: 0x312099e40
  Set: 1657 Way: 1 Address: 0x7b479e7a
  Set: 1658 Way: 0 Address: 0x7b479e87
  Set: 1659 Way: 0 Address: 0x7b479ec0
  Set: 1664 Way: 0 Address: 0x229b9a000
  Set: 1664 Way: 1 Address: 0x223eda010
  Set: 1669 Way: 0 Address: 0x18db7a160
  Set: 1670 Way: 0 Address: 0x1e561a188
  Set: 1671 Way: 0 Address: 0x1132fa1f0
  Set: 1672 Way: 0 Address: 0x1132fa200
  Set: 1678 Way: 0 Address: 0x1e561a3b8
  Set: 1678 Way: 1 Address: 0x18db7a3a8
  Set: 1682 Way: 0 Address: 0x1132fa4b0
  Set: 1683 Way: 0 Address: 0x1132fa4c0
  Set: 1693 Way: 0 Address: 0xc67da748
  Set: 1693 Way: 1 Address: 0x1132fa770
  Set: 1694 Way: 0 Address: 0x1132fa780
  Set: 1695 Way: 0 Address: 0x1d89da7f8
  Set: 1700 Way: 0 Address: 0x223eda930
  Set: 1704 Way: 0 Address: 0x1132faa30
  Set: 1705 Way: 0 Address: 0x1132faa40
  Set: 1715 Way: 0 Address: 0x1132facf0
  Set: 1716 Way: 0 Address: 0x1132fad00
  Set: 1718 Way: 0 Address: 0xc67dad80
  Set: 1726 Way: 0 Address: 0x1132fafb0
  Set: 1727 Way: 0 Address: 0x1132fafc0
  Set: 1729 Way: 0 Address: 0x36889b070
  Set: 1732 Way: 0 Address: 0xc0d9b130
  Set: 1733 Way: 0 Address: 0x394edb178
  Set: 1733 Way: 1 Address: 0xc0d9b140
  Set: 1734 Way: 0 Address: 0x3b377b180
  Set: 1735 Way: 0 Address: 0x3b377b1c1
  Set: 1736 Way: 0 Address: 0x3b377b200
  Set: 1736 Way: 1 Address: 0x36889b230
  Set: 1737 Way: 0 Address: 0x3b377b242
  Set: 1738 Way: 0 Address: 0x3b377b285
  Set: 1739 Way: 0 Address: 0x3b377b2c0
  Set: 1740 Way: 0 Address: 0x3b377b300
  Set: 1741 Way: 0 Address: 0x3b377b340
  Set: 1742 Way: 0 Address: 0x3b377b380
  Set: 1743 Way: 0 Address: 0x3b377b3c5
  Set: 1744 Way: 0 Address: 0x3b377b400
  Set: 1745 Way: 0 Address: 0x3b377b449
  Set: 1746 Way: 0 Address: 0x3b377b489
  Set: 1747 Way: 0 Address: 0x3b377b4c7
  Set: 1748 Way: 0 Address: 0x3b377b500
  Set: 1749 Way: 0 Address: 0x3b377b540
  Set: 1752 Way: 0 Address: 0x394edb608
  Set: 1756 Way: 0 Address: 0x3b377b710
  Set: 1757 Way: 0 Address: 0x3b377b740
  Set: 1764 Way: 0 Address: 0x3b377b900
  Set: 1765 Way: 0 Address: 0x3b377b945
  Set: 1766 Way: 0 Address: 0x3b377b982
  Set: 1767 Way: 0 Address: 0x3b377b9c0
  Set: 1768 Way: 0 Address: 0x3b377ba00
  Set: 1769 Way: 0 Address: 0xc0d9ba58
  Set: 1769 Way: 1 Address: 0x3b377ba51
  Set: 1770 Way: 0 Address: 0xc0d9ba80
  Set: 1770 Way: 1 Address: 0x3b377ba80
  Set: 1771 Way: 0 Address: 0x3b377bac2
  Set: 1772 Way: 0 Address: 0x3b377bb03
  Set: 1772 Way: 1 Address: 0xcf83bb10
  Set: 1773 Way: 0 Address: 0x3b377bb45
  Set: 1774 Way: 0 Address: 0x3b377bb83
  Set: 1775 Way: 0 Address: 0x3b377bbc0
  Set: 1777 Way: 0 Address: 0x3b377bc4d
  Set: 1778 Way: 0 Address: 0x3b377bc80
  Set: 1781 Way: 0 Address: 0x3b377bd79
  Set: 1782 Way: 0 Address: 0x3b377bd81
  Set: 1783 Way: 0 Address: 0x3b377bdc0
  Set: 1786 Way: 0 Address: 0xcf83be90
  Set: 1792 Way: 0 Address: 0xdf85c000
  Set: 1795 Way: 0 Address: 0x38e35c0ff
  Set: 1796 Way: 0 Address: 0x38e35c139
  Set: 1797 Way: 0 Address: 0x38e35c140
  Set: 1797 Way: 1 Address: 0x4dd9c168
  Set: 1798 Way: 0 Address: 0x38e35c180
  Set: 1807 Way: 0 Address: 0x38e35c3f9
  Set: 1807 Way: 1 Address: 0x4dd9c3c8
  Set: 1808 Way: 0 Address: 0x38e35c400
  Set: 1809 Way: 0 Address: 0x38e35c440
  Set: 1818 Way: 0 Address: 0x38e35c6b9
  Set: 1819 Way: 0 Address: 0x38e35c6c0
  Set: 1820 Way: 0 Address: 0x38e35c700
  Set: 1829 Way: 0 Address: 0x38e35c979
  Set: 1830 Way: 0 Address: 0x38e35c980
  Set: 1831 Way: 0 Address: 0x38e35c9c0
  Set: 1840 Way: 0 Address: 0x38e35cc39
  Set: 1841 Way: 0 Address: 0x38e35cc40
  Set: 1842 Way: 0 Address: 0x38e35cc80
  Set: 1850 Way: 0 Address: 0x12c6fce98
  Set: 1851 Way: 0 Address: 0x38e35cef9
  Set: 1852 Way: 0 Address: 0x38e35cf00
  Set: 1853 Way: 0 Address: 0x38e35cf40
  Set: 1875 Way: 0 Address: 0xe51bd4f8
  Set: 1876 Way: 0 Address: 0xe51bd530
  Set: 1877 Way: 0 Address: 0xe51bd540
  Set: 1886 Way: 0 Address: 0xe51bd7b8
  Set: 1887 Way: 0 Address: 0xe51bd7f0
  Set: 1888 Way: 0 Address: 0xe51bd800
  Set: 1897 Way: 0 Address: 0xe51bda78
  Set: 1898 Way: 0 Address: 0xe51bdab0
  Set: 1899 Way: 0 Address: 0x1addae8
  Set: 1899 Way: 1 Address: 0xe51bdac0
  Set: 1901 Way: 0 Address: 0x1addb68
  Set: 1902 Way: 0 Address: 0x1addb80
  Set: 1905 Way: 0 Address: 0x3d747dc52
  Set: 1906 Way: 0 Address: 0x3d747dc80
  Set: 1908 Way: 0 Address: 0xe51bdd38
  Set: 1909 Way: 0 Address: 0xe51bdd70
  Set: 1910 Way: 0 Address: 0xe51bdd80
  Set: 1915 Way: 0 Address: 0x3d747deff
  Set: 1916 Way: 0 Address: 0x3d747df12
  Set: 1917 Way: 0 Address: 0x3d747df40
  Set: 1919 Way: 0 Address: 0xe51bdff8
  Set: 1920 Way: 0 Address: 0x28b67e000
  Set: 1920 Way: 1 Address: 0x20597e020
  Set: 1920 Way: 2 Address: 0xe51be000
  Set: 1927 Way: 0 Address: 0x20597e1f0
  Set: 1928 Way: 0 Address: 0x2db79e220
  Set: 1929 Way: 0 Address: 0x2c077e248
  Set: 1935 Way: 0 Address: 0x108ede3d0
  Set: 1951 Way: 0 Address: 0x28b67e7f8
  Set: 1953 Way: 0 Address: 0x108ede858
  Set: 1969 Way: 0 Address: 0x1f919ec70
  Set: 1970 Way: 0 Address: 0x1f919ecb6
  Set: 1971 Way: 0 Address: 0x1f919ecc0
  Set: 1972 Way: 0 Address: 0x1f919ed00
  Set: 1973 Way: 0 Address: 0x1f919ed41
  Set: 1974 Way: 0 Address: 0x1f919ed83
  Set: 1975 Way: 0 Address: 0x1f919edc0
  Set: 1976 Way: 0 Address: 0x1f919ee01
  Set: 1977 Way: 0 Address: 0x1f919ee41
  Set: 1978 Way: 0 Address: 0x1f919ee81
  Set: 1979 Way: 0 Address: 0x1f919eec0
  Set: 1980 Way: 0 Address: 0x1f919ef14
  Set: 1981 Way: 0 Address: 0x1f919ef43
  Set: 1982 Way: 0 Address: 0x1f919ef81
  Set: 1983 Way: 0 Address: 0x1f919efc0
  Set: 1984 Way: 0 Address: 0x1f919f000
  Set: 1988 Way: 0 Address: 0x3567df13a
  Set: 1989 Way: 0 Address: 0x3567df147
  Set: 1990 Way: 0 Address: 0x3567df180
  Set: 1999 Way: 0 Address: 0x3567df3fa
  Set: 2000 Way: 0 Address: 0x3567df407
  Set: 2001 Way: 0 Address: 0x3567df440
  Set: 2010 Way: 0 Address: 0x3567df6ba
  Set: 2011 Way: 0 Address: 0x3567df6c7
  Set: 2012 Way: 0 Address: 0x3567df700
  Set: 2021 Way: 0 Address: 0x3567df97a
  Set: 2022 Way: 0 Address: 0x3567df987
  Set: 2023 Way: 0 Address: 0x3567df9c0
  Set: 2032 Way: 0 Address: 0x3567dfc3a
  Set: 2033 Way: 0 Address: 0x3567dfc70
  Set: 2034 Way: 0 Address: 0x3567dfc80
  Set: 2043 Way: 0 Address: 0x3567dfefa
  Set: 2044 Way: 0 Address: 0x3567dff30
  Set: 2045 Way: 0 Address: 0x3567dff40
EndCache
