Cache: cpu0_STLB
  Set: 2 Way: 0 Address: 0x4027b0
  Set: 3 Way: 0 Address: 0x4031c2
  Set: 4 Way: 0 Address: 0x404c00
  Set: 4 Way: 1 Address: 0x7fd2fa704dc8
  Set: 5 Way: 0 Address: 0x7fd2fa70508e
  Set: 6 Way: 0 Address: 0x7fd2fa706145
  Set: 7 Way: 0 Address: 0x7fd2fa7071c5
  Set: 8 Way: 0 Address: 0x7fd2fa708237
  Set: 13 Way: 0 Address: 0x40d74d
  Set: 14 Way: 0 Address: 0x40e817
  Set: 15 Way: 0 Address: 0x40fc70
  Set: 30 Way: 0 Address: 0x279eb50
  Set: 38 Way: 0 Address: 0x526968
  Set: 42 Way: 0 Address: 0x52ab32
  Set: 42 Way: 1 Address: 0x7fd2fa62aed3
  Set: 43 Way: 0 Address: 0x7fd2fa62b749
  Set: 44 Way: 0 Address: 0x7fd2fa62c50a
  Set: 45 Way: 0 Address: 0x7fd2fa62d00a
  Set: 46 Way: 0 Address: 0x7fd2fa62e07d
  Set: 48 Way: 0 Address: 0x27b0670
  Set: 59 Way: 0 Address: 0x7fd2fa6bbd0e
  Set: 60 Way: 0 Address: 0x7fd2fa6bc293
  Set: 61 Way: 0 Address: 0x7fd2fa6bd34b
  Set: 62 Way: 0 Address: 0x7fd2fa6be10b
  Set: 62 Way: 1 Address: 0x43ede2
  Set: 63 Way: 0 Address: 0x7fd2fa6bf17b
  Set: 68 Way: 0 Address: 0x444b03
  Set: 69 Way: 0 Address: 0x4450ef
  Set: 70 Way: 0 Address: 0x446558
  Set: 71 Way: 0 Address: 0x7ffedb247d64
  Set: 72 Way: 0 Address: 0x7ffedb248238
  Set: 72 Way: 1 Address: 0x44821b
  Set: 73 Way: 0 Address: 0x7ffedb249550
  Set: 74 Way: 0 Address: 0x44a870
  Set: 75 Way: 0 Address: 0x44b010
  Set: 81 Way: 0 Address: 0x27d1ffe
  Set: 82 Way: 0 Address: 0x27d2000
  Set: 93 Way: 0 Address: 0x275dc40
  Set: 94 Way: 0 Address: 0x275eaf8
  Set: 95 Way: 0 Address: 0x275ffd0
  Set: 96 Way: 0 Address: 0x2760a58
  Set: 96 Way: 1 Address: 0x21e03a0
  Set: 98 Way: 0 Address: 0x2762174
  Set: 100 Way: 0 Address: 0x21e45e1
  Set: 101 Way: 0 Address: 0x21e54e0
  Set: 103 Way: 0 Address: 0x21e7ec0
  Set: 104 Way: 0 Address: 0x21e80f0
  Set: 105 Way: 0 Address: 0x26e9430
  Set: 109 Way: 0 Address: 0x276d2f0
  Set: 112 Way: 0 Address: 0x2770b60
  Set: 115 Way: 0 Address: 0x7fd2fa673752
  Set: 116 Way: 0 Address: 0x7fd2fa67480a
  Set: 117 Way: 0 Address: 0x7fd2fa67504a
  Set: 118 Way: 0 Address: 0x7fd2fa6760bc
  Set: 119 Way: 0 Address: 0x7fd2fa67713c
  Set: 122 Way: 0 Address: 0x7fd2fa37aff8
  Set: 123 Way: 0 Address: 0x21fb310
  Set: 123 Way: 1 Address: 0x7fd2fa37b2b8
  Set: 124 Way: 0 Address: 0x7fd2fa37c078
EndCache
Cache: cpu0_L2C
  Set: 2 Way: 0 Address: 0x1f8ce008e
  Set: 7 Way: 0 Address: 0x6e6201c2
  Set: 13 Way: 0 Address: 0x1f8ce034e
  Set: 14 Way: 0 Address: 0x2177f03a0
  Set: 15 Way: 0 Address: 0x6e6203fb
  Set: 16 Way: 0 Address: 0x6e620400
  Set: 23 Way: 0 Address: 0x14bb105e8
  Set: 23 Way: 1 Address: 0x2177f05f0
  Set: 24 Way: 0 Address: 0x1f8ce060e
  Set: 32 Way: 0 Address: 0x342b40830
  Set: 35 Way: 0 Address: 0x1f8ce08ce
  Set: 45 Way: 0 Address: 0x168ef0b50
  Set: 46 Way: 0 Address: 0x1f8ce0b8e
  Set: 51 Way: 0 Address: 0x28a940cf0
  Set: 57 Way: 0 Address: 0x1f8ce0e40
  Set: 65 Way: 0 Address: 0x113201068
  Set: 68 Way: 0 Address: 0xf6e81106
  Set: 69 Way: 0 Address: 0xf6e81142
  Set: 70 Way: 0 Address: 0xf6e81181
  Set: 71 Way: 0 Address: 0xf6e811c2
  Set: 72 Way: 0 Address: 0xf6e81201
  Set: 76 Way: 0 Address: 0x260091310
  Set: 78 Way: 0 Address: 0x2600913a0
  Set: 83 Way: 0 Address: 0xf6e814e1
  Set: 84 Way: 0 Address: 0xf6e81500
  Set: 85 Way: 0 Address: 0xf6e81558
  Set: 86 Way: 0 Address: 0xf6e81582
  Set: 87 Way: 0 Address: 0xf6e815c2
  Set: 88 Way: 0 Address: 0xf6e81605
  Set: 89 Way: 0 Address: 0xf6e81640
  Set: 90 Way: 0 Address: 0xf6e81680
  Set: 105 Way: 0 Address: 0x2a4841a58
  Set: 107 Way: 0 Address: 0x19c791af0
  Set: 110 Way: 0 Address: 0x181c81b80
  Set: 116 Way: 0 Address: 0x260091d24
  Set: 120 Way: 0 Address: 0x260091e00
  Set: 127 Way: 0 Address: 0x2a4841fd8
  Set: 128 Way: 0 Address: 0x1064c2010
  Set: 129 Way: 0 Address: 0x1064c2040
  Set: 129 Way: 1 Address: 0x1c6532078
  Set: 130 Way: 0 Address: 0x1064c2082
  Set: 133 Way: 0 Address: 0x1995f2168
  Set: 136 Way: 0 Address: 0x1064c2210
  Set: 137 Way: 0 Address: 0x1064c2241
  Set: 138 Way: 0 Address: 0x1064c2287
  Set: 138 Way: 1 Address: 0x348de2293
  Set: 139 Way: 0 Address: 0x1064c22c0
  Set: 140 Way: 0 Address: 0x1064c2300
  Set: 140 Way: 1 Address: 0x1c6532338
  Set: 142 Way: 0 Address: 0x34e4a2398
  Set: 144 Way: 0 Address: 0x31be12400
  Set: 144 Way: 1 Address: 0xa3a52430
  Set: 145 Way: 0 Address: 0x1064c245f
  Set: 145 Way: 1 Address: 0x31be12478
  Set: 145 Way: 2 Address: 0xa3a52440
  Set: 146 Way: 0 Address: 0x1064c2480
  Set: 147 Way: 0 Address: 0x1064c24c6
  Set: 148 Way: 0 Address: 0x1064c2500
  Set: 149 Way: 0 Address: 0x1064c2541
  Set: 149 Way: 1 Address: 0x348de2553
  Set: 151 Way: 0 Address: 0x1995f25e8
  Set: 151 Way: 1 Address: 0x34e4a25e0
  Set: 152 Way: 0 Address: 0x31be12634
  Set: 154 Way: 0 Address: 0x1064c26b5
  Set: 155 Way: 0 Address: 0x1064c26c3
  Set: 156 Way: 0 Address: 0x1064c2702
  Set: 157 Way: 0 Address: 0x1064c2743
  Set: 158 Way: 0 Address: 0x1064c2783
  Set: 160 Way: 0 Address: 0x348de2813
  Set: 160 Way: 1 Address: 0x23a612820
  Set: 163 Way: 0 Address: 0x62d128d0
  Set: 164 Way: 0 Address: 0x1064c2900
  Set: 165 Way: 0 Address: 0x1064c2943
  Set: 165 Way: 1 Address: 0x62d12948
  Set: 166 Way: 0 Address: 0x1064c2980
  Set: 171 Way: 0 Address: 0x62d12af8
  Set: 171 Way: 1 Address: 0x348de2ad3
  Set: 173 Way: 0 Address: 0x31be12b44
  Set: 173 Way: 1 Address: 0x133c92b5c
  Set: 174 Way: 0 Address: 0x1064c2bb2
  Set: 174 Way: 1 Address: 0x133c92ba0
  Set: 175 Way: 0 Address: 0x1064c2bc1
  Set: 176 Way: 0 Address: 0x1064c2c00
  Set: 177 Way: 0 Address: 0x133c92c40
  Set: 182 Way: 0 Address: 0x348de2d93
  Set: 186 Way: 0 Address: 0x3bdb2e88
  Set: 188 Way: 0 Address: 0x9cff2f20
  Set: 188 Way: 1 Address: 0x6d0c2f38
  Set: 189 Way: 0 Address: 0x6d0c2f40
  Set: 191 Way: 0 Address: 0x9cff2fd8
  Set: 191 Way: 1 Address: 0x31be12fd0
  Set: 194 Way: 0 Address: 0x263c13080
  Set: 195 Way: 0 Address: 0x2b2e930f0
  Set: 196 Way: 0 Address: 0x34a873130
  Set: 196 Way: 1 Address: 0x190973100
  Set: 196 Way: 2 Address: 0x3b080310e
  Set: 197 Way: 0 Address: 0x3b0803145
  Set: 197 Way: 1 Address: 0x2b2e93168
  Set: 198 Way: 0 Address: 0x3c56b3198
  Set: 199 Way: 0 Address: 0x3c56b31cc
  Set: 200 Way: 0 Address: 0x257713220
  Set: 207 Way: 0 Address: 0x3b08033ce
  Set: 207 Way: 1 Address: 0x1909733ce
  Set: 208 Way: 0 Address: 0x3b0803405
  Set: 214 Way: 0 Address: 0x3c56b35a5
  Set: 215 Way: 0 Address: 0x3c56b35e1
  Set: 216 Way: 0 Address: 0x3c56b3605
  Set: 218 Way: 0 Address: 0x190973693
  Set: 218 Way: 1 Address: 0x3b080368e
  Set: 219 Way: 0 Address: 0x3b08036c5
  Set: 229 Way: 0 Address: 0x190973951
  Set: 230 Way: 0 Address: 0x3b0803985
  Set: 233 Way: 0 Address: 0x34a873a58
  Set: 240 Way: 0 Address: 0x3b0803c1b
  Set: 240 Way: 1 Address: 0x190973c13
  Set: 241 Way: 0 Address: 0x3232f3c70
  Set: 241 Way: 1 Address: 0x3b0803c45
  Set: 242 Way: 0 Address: 0x3232f3c81
  Set: 243 Way: 0 Address: 0x3232f3cd0
  Set: 244 Way: 0 Address: 0x3232f3d02
  Set: 245 Way: 0 Address: 0x3232f3d41
  Set: 246 Way: 0 Address: 0x3232f3d83
  Set: 247 Way: 0 Address: 0x3232f3dc1
  Set: 248 Way: 0 Address: 0x3232f3e01
  Set: 249 Way: 0 Address: 0x3232f3e41
  Set: 250 Way: 0 Address: 0x3232f3e81
  Set: 251 Way: 0 Address: 0x3232f3ec2
  Set: 251 Way: 1 Address: 0x3b0803edb
  Set: 251 Way: 2 Address: 0x190973ed3
  Set: 252 Way: 0 Address: 0x3232f3f04
  Set: 252 Way: 1 Address: 0x3b0803f00
  Set: 253 Way: 0 Address: 0x3232f3f43
  Set: 254 Way: 0 Address: 0x3232f3f81
  Set: 255 Way: 0 Address: 0x3232f3fc0
  Set: 257 Way: 0 Address: 0x3de4d4070
  Set: 262 Way: 0 Address: 0xb8004192
  Set: 264 Way: 0 Address: 0x3de4d4230
  Set: 264 Way: 1 Address: 0x3c1074238
  Set: 264 Way: 2 Address: 0x12993423b
  Set: 265 Way: 0 Address: 0x129934249
  Set: 265 Way: 1 Address: 0x3c1074248
  Set: 273 Way: 0 Address: 0xb8004452
  Set: 275 Way: 0 Address: 0x1299344fb
  Set: 276 Way: 0 Address: 0x12993450a
  Set: 284 Way: 0 Address: 0xb8004712
  Set: 285 Way: 0 Address: 0xb8004749
  Set: 286 Way: 0 Address: 0x1299347bb
  Set: 287 Way: 0 Address: 0x1299347ca
  Set: 295 Way: 0 Address: 0xb80049ff
  Set: 296 Way: 0 Address: 0xb8004a09
  Set: 296 Way: 1 Address: 0x129934a3e
  Set: 297 Way: 0 Address: 0x129934a7b
  Set: 298 Way: 0 Address: 0x129934a8a
  Set: 299 Way: 0 Address: 0x1ab44ae8
  Set: 301 Way: 0 Address: 0x1ab44b68
  Set: 302 Way: 0 Address: 0x1ab44b80
  Set: 306 Way: 0 Address: 0xb8004cbf
  Set: 307 Way: 0 Address: 0xb8004cc9
  Set: 307 Way: 1 Address: 0x129934cfd
  Set: 308 Way: 0 Address: 0x129934d3b
  Set: 309 Way: 0 Address: 0x129934d4a
  Set: 314 Way: 0 Address: 0x397bb4e98
  Set: 316 Way: 0 Address: 0x6b744f28
  Set: 317 Way: 0 Address: 0xb8004f7f
  Set: 318 Way: 0 Address: 0xb8004f89
  Set: 318 Way: 1 Address: 0x129934fbd
  Set: 319 Way: 0 Address: 0x129934fc0
  Set: 320 Way: 0 Address: 0x195f15010
  Set: 320 Way: 1 Address: 0x1b0f1502f
  Set: 321 Way: 0 Address: 0x1b0f1504a
  Set: 322 Way: 0 Address: 0x195f15080
  Set: 327 Way: 0 Address: 0x2725851f0
  Set: 328 Way: 0 Address: 0x272585228
  Set: 331 Way: 0 Address: 0x1b0f152ef
  Set: 332 Way: 0 Address: 0x1b0f1530a
  Set: 339 Way: 0 Address: 0x57be54e0
  Set: 342 Way: 0 Address: 0x1b0f155af
  Set: 343 Way: 0 Address: 0x1b0f155ca
  Set: 352 Way: 0 Address: 0x1b0f1583d
  Set: 353 Way: 0 Address: 0x1b0f1586f
  Set: 354 Way: 0 Address: 0x1b0f1588a
  Set: 363 Way: 0 Address: 0x1b0f15afd
  Set: 364 Way: 0 Address: 0x34a0e5b10
  Set: 364 Way: 1 Address: 0x1b0f15b2f
  Set: 365 Way: 0 Address: 0x1b0f15b4a
  Set: 374 Way: 0 Address: 0x1b0f15dbd
  Set: 375 Way: 0 Address: 0x1b0f15dfc
  Set: 376 Way: 0 Address: 0x1b0f15e00
  Set: 378 Way: 0 Address: 0x34a0e5e90
  Set: 380 Way: 0 Address: 0x354d35f00
  Set: 381 Way: 0 Address: 0x354d35f40
  Set: 384 Way: 0 Address: 0x3dae66010
  Set: 384 Way: 1 Address: 0x84896018
  Set: 386 Way: 0 Address: 0x211d16098
  Set: 389 Way: 0 Address: 0x101c26150
  Set: 389 Way: 1 Address: 0x27d4c617d
  Set: 390 Way: 0 Address: 0x3d87a6180
  Set: 390 Way: 1 Address: 0x27d4c6194
  Set: 391 Way: 0 Address: 0x27d4c61c5
  Set: 391 Way: 1 Address: 0x3d87a61c1
  Set: 391 Way: 2 Address: 0x37f4261fd
  Set: 392 Way: 0 Address: 0x3d87a6200
  Set: 392 Way: 1 Address: 0x37f426237
  Set: 393 Way: 0 Address: 0x3d87a6242
  Set: 393 Way: 1 Address: 0x1b7ae6248
  Set: 394 Way: 0 Address: 0x3d87a6285
  Set: 395 Way: 0 Address: 0x3d87a62c1
  Set: 396 Way: 0 Address: 0x3d87a6307
  Set: 397 Way: 0 Address: 0x3d87a6345
  Set: 398 Way: 0 Address: 0x3d87a6383
  Set: 399 Way: 0 Address: 0x3d87a63c5
  Set: 400 Way: 0 Address: 0x3d87a643e
  Set: 400 Way: 1 Address: 0x27d4c643d
  Set: 401 Way: 0 Address: 0x3d87a6449
  Set: 401 Way: 1 Address: 0x27d4c6454
  Set: 402 Way: 0 Address: 0x27d4c6485
  Set: 402 Way: 1 Address: 0x3d87a6489
  Set: 402 Way: 2 Address: 0x37f4264bd
  Set: 403 Way: 0 Address: 0x3d87a64c7
  Set: 403 Way: 1 Address: 0x37f4264f7
  Set: 404 Way: 0 Address: 0x3d87a650b
  Set: 407 Way: 0 Address: 0x101c265e0
  Set: 407 Way: 1 Address: 0x192bc65d8
  Set: 411 Way: 0 Address: 0x437366c8
  Set: 411 Way: 1 Address: 0x27d4c66fd
  Set: 412 Way: 0 Address: 0x3d87a6710
  Set: 412 Way: 1 Address: 0x27d4c6737
  Set: 413 Way: 0 Address: 0x37f42677c
  Set: 414 Way: 0 Address: 0x37f4267b7
  Set: 416 Way: 0 Address: 0x192bc6820
  Set: 420 Way: 0 Address: 0x84896930
  Set: 420 Way: 1 Address: 0x3d87a6900
  Set: 421 Way: 0 Address: 0x3dae66950
  Set: 421 Way: 1 Address: 0x3d87a6945
  Set: 422 Way: 0 Address: 0x3d87a6982
  Set: 422 Way: 1 Address: 0x27d4c69bd
  Set: 423 Way: 0 Address: 0x3d87a69c0
  Set: 423 Way: 1 Address: 0x27d4c69f7
  Set: 424 Way: 0 Address: 0x37f426a3c
  Set: 425 Way: 0 Address: 0x3d87a6a51
  Set: 425 Way: 1 Address: 0x37f426a77
  Set: 426 Way: 0 Address: 0x3d87a6a80
  Set: 427 Way: 0 Address: 0x3d87a6ac2
  Set: 428 Way: 0 Address: 0x3d87a6b03
  Set: 429 Way: 0 Address: 0x3d87a6b45
  Set: 430 Way: 0 Address: 0x3d87a6b83
  Set: 432 Way: 0 Address: 0x247006c00
  Set: 433 Way: 0 Address: 0x3d87a6c4d
  Set: 433 Way: 1 Address: 0x247006c41
  Set: 433 Way: 2 Address: 0x27d4c6c7d
  Set: 434 Way: 0 Address: 0x247006c80
  Set: 434 Way: 1 Address: 0x27d4c6cb7
  Set: 435 Way: 0 Address: 0x247006cc1
  Set: 435 Way: 1 Address: 0x37f426cfc
  Set: 436 Way: 0 Address: 0x37f426d30
  Set: 437 Way: 0 Address: 0x3d87a6d79
  Set: 438 Way: 0 Address: 0x3d87a6d81
  Set: 444 Way: 0 Address: 0x27d4c6f00
  Set: 445 Way: 0 Address: 0x27d4c6f77
  Set: 446 Way: 0 Address: 0x37f426f80
  Set: 447 Way: 0 Address: 0x37f426fc0
  Set: 448 Way: 0 Address: 0x276ff7010
  Set: 451 Way: 0 Address: 0x358da70fc
  Set: 452 Way: 0 Address: 0x358da713c
  Set: 452 Way: 1 Address: 0x11241713d
  Set: 453 Way: 0 Address: 0x11241717b
  Set: 453 Way: 1 Address: 0x2fbe97170
  Set: 454 Way: 0 Address: 0x112417180
  Set: 457 Way: 0 Address: 0xbeea7252
  Set: 462 Way: 0 Address: 0x12c0773b0
  Set: 463 Way: 0 Address: 0x1124173fd
  Set: 464 Way: 0 Address: 0x11241743d
  Set: 468 Way: 0 Address: 0xbeea7512
  Set: 471 Way: 0 Address: 0x2fbe975f8
  Set: 474 Way: 0 Address: 0x1124176bd
  Set: 475 Way: 0 Address: 0x1124176fd
  Set: 479 Way: 0 Address: 0xbeea77d2
  Set: 480 Way: 0 Address: 0xbeea780a
  Set: 484 Way: 0 Address: 0x276ff7930
  Set: 486 Way: 0 Address: 0x1124179bd
  Set: 490 Way: 0 Address: 0xbeea7a92
  Set: 491 Way: 0 Address: 0xbeea7aca
  Set: 495 Way: 0 Address: 0x3704c7be0
  Set: 497 Way: 0 Address: 0x112417c7d
  Set: 502 Way: 0 Address: 0xbeea7d8a
  Set: 507 Way: 0 Address: 0x112417ec0
  Set: 508 Way: 0 Address: 0x309887f38
  Set: 508 Way: 1 Address: 0x112417f3d
  Set: 511 Way: 0 Address: 0x309887fd8
  Set: 513 Way: 0 Address: 0x2c9898078
  Set: 513 Way: 1 Address: 0x3fe5807d
  Set: 514 Way: 0 Address: 0x3fe58080
  Set: 517 Way: 0 Address: 0x1aafb8158
  Set: 519 Way: 0 Address: 0xc70781d0
  Set: 520 Way: 0 Address: 0xc7078238
  Set: 521 Way: 0 Address: 0xc7078248
  Set: 521 Way: 1 Address: 0x2c9898258
  Set: 522 Way: 0 Address: 0xc70782b8
  Set: 523 Way: 0 Address: 0xc70782e8
  Set: 524 Way: 0 Address: 0xc7078328
  Set: 524 Way: 1 Address: 0x3fe5833d
  Set: 525 Way: 0 Address: 0xc7078344
  Set: 525 Way: 1 Address: 0x3fe58340
  Set: 526 Way: 0 Address: 0xc7078380
  Set: 526 Way: 1 Address: 0x3bdd783a8
  Set: 527 Way: 0 Address: 0xc70783c0
  Set: 528 Way: 0 Address: 0xc7078400
  Set: 529 Way: 0 Address: 0xc7078470
  Set: 532 Way: 0 Address: 0xc7078508
  Set: 533 Way: 0 Address: 0xc7078540
  Set: 533 Way: 1 Address: 0x2db378550
  Set: 534 Way: 0 Address: 0xc7078580
  Set: 535 Way: 0 Address: 0xc70785c0
  Set: 535 Way: 1 Address: 0x3fe585fd
  Set: 536 Way: 0 Address: 0xc7078618
  Set: 537 Way: 0 Address: 0xc7078640
  Set: 538 Way: 0 Address: 0xc707868c
  Set: 539 Way: 0 Address: 0xc70786d0
  Set: 540 Way: 0 Address: 0xc7078730
  Set: 541 Way: 0 Address: 0xc7078760
  Set: 542 Way: 0 Address: 0xc7078790
  Set: 543 Way: 0 Address: 0xc70787ec
  Set: 544 Way: 0 Address: 0x3bdd78830
  Set: 550 Way: 0 Address: 0xc70789a8
  Set: 551 Way: 0 Address: 0xc70789c0
  Set: 552 Way: 0 Address: 0xc7078a10
  Set: 555 Way: 0 Address: 0xc7078ac0
  Set: 556 Way: 0 Address: 0xc7078b00
  Set: 557 Way: 0 Address: 0xc7078b40
  Set: 558 Way: 0 Address: 0xc7078b80
  Set: 559 Way: 0 Address: 0x16668bd0
  Set: 562 Way: 0 Address: 0xc7078c98
  Set: 568 Way: 0 Address: 0x3fe58e00
  Set: 575 Way: 0 Address: 0x201598fd8
  Set: 576 Way: 0 Address: 0xb84a9000
  Set: 579 Way: 0 Address: 0x2fa0c90ef
  Set: 580 Way: 0 Address: 0x2fa0c9105
  Set: 581 Way: 0 Address: 0x2fa0c9146
  Set: 582 Way: 0 Address: 0x2fa0c9180
  Set: 583 Way: 0 Address: 0x2fa0c91c0
  Set: 584 Way: 0 Address: 0x292959230
  Set: 584 Way: 1 Address: 0x2fa0c9201
  Set: 585 Way: 0 Address: 0x292959240
  Set: 585 Way: 1 Address: 0x2ee369240
  Set: 590 Way: 0 Address: 0x5d6e93b8
  Set: 609 Way: 0 Address: 0x5d6e9840
  Set: 613 Way: 0 Address: 0x2ee369950
  Set: 618 Way: 0 Address: 0x2fa0c9a90
  Set: 619 Way: 0 Address: 0x2fa0c9ac3
  Set: 620 Way: 0 Address: 0x312099b00
  Set: 620 Way: 1 Address: 0x2fa0c9b00
  Set: 621 Way: 0 Address: 0x312099b68
  Set: 621 Way: 1 Address: 0x2c8749b60
  Set: 621 Way: 2 Address: 0x2fa0c9b43
  Set: 622 Way: 0 Address: 0x2fa0c9b82
  Set: 623 Way: 0 Address: 0x16a859bd8
  Set: 623 Way: 1 Address: 0x2fa0c9bc0
  Set: 624 Way: 0 Address: 0x2fa0c9c01
  Set: 625 Way: 0 Address: 0x2fa0c9c43
  Set: 626 Way: 0 Address: 0x2fa0c9c85
  Set: 627 Way: 0 Address: 0x2fa0c9cc1
  Set: 628 Way: 0 Address: 0x2fa0c9d00
  Set: 629 Way: 0 Address: 0x2fa0c9d41
  Set: 630 Way: 0 Address: 0x2fa0c9d82
  Set: 631 Way: 0 Address: 0x2fa0c9dc0
  Set: 631 Way: 1 Address: 0x7b479dc8
  Set: 632 Way: 0 Address: 0x2fa0c9e02
  Set: 633 Way: 0 Address: 0x2fa0c9e41
  Set: 634 Way: 0 Address: 0x2fa0c9e81
  Set: 639 Way: 0 Address: 0x379d39ff8
  Set: 640 Way: 0 Address: 0x229b9a000
  Set: 641 Way: 0 Address: 0x8754a07d
  Set: 642 Way: 0 Address: 0x8754a0bc
  Set: 652 Way: 0 Address: 0x8754a33d
  Set: 653 Way: 0 Address: 0x8754a37c
  Set: 663 Way: 0 Address: 0x8754a5fd
  Set: 664 Way: 0 Address: 0x8754a63c
  Set: 669 Way: 0 Address: 0x1e561a748
  Set: 671 Way: 0 Address: 0x1d89da7f8
  Set: 671 Way: 1 Address: 0x223eda7d0
  Set: 672 Way: 0 Address: 0x223eda817
  Set: 673 Way: 0 Address: 0x223eda843
  Set: 674 Way: 0 Address: 0x8754a8bd
  Set: 675 Way: 0 Address: 0x8754a8fc
  Set: 683 Way: 0 Address: 0xc67daaf8
  Set: 685 Way: 0 Address: 0x8754ab7d
  Set: 686 Way: 0 Address: 0x8754abbc
  Set: 696 Way: 0 Address: 0x8754ae00
  Set: 697 Way: 0 Address: 0x8754ae40
  Set: 698 Way: 0 Address: 0x1132fae88
  Set: 698 Way: 1 Address: 0x1e561ae88
  Set: 709 Way: 0 Address: 0x36889b170
  Set: 712 Way: 0 Address: 0xc0d9b220
  Set: 713 Way: 0 Address: 0xc0d9b258
  Set: 715 Way: 0 Address: 0xcf83b2f0
  Set: 718 Way: 0 Address: 0x3b377b3a0
  Set: 718 Way: 1 Address: 0x36889b3b0
  Set: 720 Way: 0 Address: 0xcf83b42c
  Set: 729 Way: 0 Address: 0x28420b670
  Set: 752 Way: 0 Address: 0x394edbc20
  Set: 753 Way: 0 Address: 0x394edbc50
  Set: 754 Way: 0 Address: 0x394edbcb8
  Set: 755 Way: 0 Address: 0x394edbcff
  Set: 756 Way: 0 Address: 0x394edbd38
  Set: 757 Way: 0 Address: 0x394edbd64
  Set: 758 Way: 0 Address: 0x394edbdb8
  Set: 759 Way: 0 Address: 0x394edbdc0
  Set: 760 Way: 0 Address: 0x394edbe00
  Set: 761 Way: 0 Address: 0x394edbe40
  Set: 762 Way: 0 Address: 0x394edbe80
  Set: 763 Way: 0 Address: 0x394edbec0
  Set: 764 Way: 0 Address: 0x394edbf00
  Set: 765 Way: 0 Address: 0x394edbf40
  Set: 766 Way: 0 Address: 0x394edbf80
  Set: 767 Way: 0 Address: 0x394edbfc0
  Set: 768 Way: 0 Address: 0xdf85c000
  Set: 768 Way: 1 Address: 0x1ae2cc020
  Set: 773 Way: 0 Address: 0x29484c160
  Set: 773 Way: 1 Address: 0x4dd9c150
  Set: 775 Way: 0 Address: 0x1ae2cc1f0
  Set: 775 Way: 1 Address: 0x2cd70c1cd
  Set: 782 Way: 0 Address: 0xb77ac398
  Set: 786 Way: 0 Address: 0x2cd70c48d
  Set: 791 Way: 0 Address: 0x267bcc5d8
  Set: 797 Way: 0 Address: 0x2cd70c752
  Set: 800 Way: 0 Address: 0xb77ac828
  Set: 800 Way: 1 Address: 0x267bcc828
  Set: 801 Way: 0 Address: 0x4dd9c840
  Set: 804 Way: 0 Address: 0x38e35c930
  Set: 808 Way: 0 Address: 0x2cd70ca12
  Set: 811 Way: 0 Address: 0x38e35cad8
  Set: 812 Way: 0 Address: 0x38e35cb32
  Set: 812 Way: 1 Address: 0x32502cb10
  Set: 819 Way: 0 Address: 0x2cd70ccd2
  Set: 822 Way: 0 Address: 0x32502cd80
  Set: 824 Way: 0 Address: 0x12c6fce00
  Set: 825 Way: 0 Address: 0x12c6fce50
  Set: 827 Way: 0 Address: 0x12c6fcec0
  Set: 828 Way: 0 Address: 0x32f48cf00
  Set: 830 Way: 0 Address: 0x2cd70cf92
  Set: 831 Way: 0 Address: 0x28f0ccffe
  Set: 832 Way: 0 Address: 0x23755d00a
  Set: 832 Way: 1 Address: 0x15164d020
  Set: 841 Way: 0 Address: 0x23755d27d
  Set: 842 Way: 0 Address: 0x23755d2bb
  Set: 843 Way: 0 Address: 0x23755d2c0
  Set: 852 Way: 0 Address: 0x23755d53d
  Set: 853 Way: 0 Address: 0x23755d57b
  Set: 854 Way: 0 Address: 0x23755d580
  Set: 861 Way: 0 Address: 0xe51bd748
  Set: 862 Way: 0 Address: 0x1add7b0
  Set: 863 Way: 0 Address: 0x1add7c4
  Set: 863 Way: 1 Address: 0x23755d7fd
  Set: 864 Way: 0 Address: 0x1add801
  Set: 864 Way: 1 Address: 0x23755d83d
  Set: 865 Way: 0 Address: 0x1add841
  Set: 865 Way: 1 Address: 0x23755d840
  Set: 866 Way: 0 Address: 0x1add882
  Set: 867 Way: 0 Address: 0x1add8c1
  Set: 869 Way: 0 Address: 0x5588d968
  Set: 873 Way: 0 Address: 0x1adda40
  Set: 874 Way: 0 Address: 0x1adda80
  Set: 874 Way: 1 Address: 0x23755dabd
  Set: 875 Way: 0 Address: 0x1addac0
  Set: 875 Way: 1 Address: 0x23755dafd
  Set: 876 Way: 0 Address: 0x23755db00
  Set: 884 Way: 0 Address: 0x1addd1f
  Set: 884 Way: 1 Address: 0x3bcc0dd0e
  Set: 885 Way: 0 Address: 0x23755dd7d
  Set: 886 Way: 0 Address: 0xe51bdd80
  Set: 886 Way: 1 Address: 0x23755ddbd
  Set: 887 Way: 0 Address: 0x23755ddc0
  Set: 895 Way: 0 Address: 0x3bcc0dfce
  Set: 896 Way: 0 Address: 0x28b67e000
  Set: 896 Way: 1 Address: 0x1c084e018
  Set: 897 Way: 0 Address: 0x1c084e078
  Set: 899 Way: 0 Address: 0x2db79e0fb
  Set: 900 Way: 0 Address: 0x2db79e10b
  Set: 901 Way: 0 Address: 0x7d0ee174
  Set: 904 Way: 0 Address: 0x2f5d8e21b
  Set: 904 Way: 1 Address: 0x3734ee238
  Set: 905 Way: 0 Address: 0x3734ee240
  Set: 905 Way: 1 Address: 0x2f5d8e240
  Set: 906 Way: 0 Address: 0x2f5d8e283
  Set: 907 Way: 0 Address: 0x2f5d8e2c7
  Set: 908 Way: 0 Address: 0x2f5d8e300
  Set: 909 Way: 0 Address: 0x2db79e37d
  Set: 910 Way: 0 Address: 0x2db79e3bb
  Set: 911 Way: 0 Address: 0x2db79e3cb
  Set: 920 Way: 0 Address: 0x2db79e63d
  Set: 921 Way: 0 Address: 0x2db79e67b
  Set: 922 Way: 0 Address: 0x2db79e68b
  Set: 924 Way: 0 Address: 0x1f919e720
  Set: 925 Way: 0 Address: 0x1f919e74d
  Set: 926 Way: 0 Address: 0x1f919e781
  Set: 927 Way: 0 Address: 0x1f919e7c2
  Set: 927 Way: 1 Address: 0x28b67e7f8
  Set: 928 Way: 0 Address: 0x1f919e802
  Set: 931 Way: 0 Address: 0x2db79e8fd
  Set: 932 Way: 0 Address: 0x2db79e93b
  Set: 933 Way: 0 Address: 0x2db79e94b
  Set: 939 Way: 0 Address: 0x20597eaf8
  Set: 940 Way: 0 Address: 0x20597eb00
  Set: 942 Way: 0 Address: 0x2db79ebbd
  Set: 943 Way: 0 Address: 0x2db79ebfb
  Set: 944 Way: 0 Address: 0x2db79ec00
  Set: 947 Way: 0 Address: 0x20597ecf0
  Set: 951 Way: 0 Address: 0x2c077ede2
  Set: 952 Way: 0 Address: 0x2c077ee02
  Set: 953 Way: 0 Address: 0x2db79ee7d
  Set: 954 Way: 0 Address: 0x20597ee90
  Set: 954 Way: 1 Address: 0x2db79ee80
  Set: 955 Way: 0 Address: 0x2db79eec0
  Set: 961 Way: 0 Address: 0x22272f053
  Set: 969 Way: 0 Address: 0xee86f250
  Set: 970 Way: 0 Address: 0x3567df2b8
  Set: 970 Way: 1 Address: 0x16390f2be
  Set: 971 Way: 0 Address: 0x16390f2f6
  Set: 972 Way: 0 Address: 0x16390f310
  Set: 972 Way: 1 Address: 0x22272f33f
  Set: 973 Way: 0 Address: 0x22272f34b
  Set: 973 Way: 1 Address: 0x16390f344
  Set: 981 Way: 0 Address: 0x3567df578
  Set: 983 Way: 0 Address: 0x23756f5f8
  Set: 983 Way: 1 Address: 0x22272f5ff
  Set: 984 Way: 0 Address: 0x22272f60b
  Set: 992 Way: 0 Address: 0x23756f838
  Set: 992 Way: 1 Address: 0x3567df838
  Set: 993 Way: 0 Address: 0x143ef870
  Set: 994 Way: 0 Address: 0x143ef881
  Set: 994 Way: 1 Address: 0x22272f8bf
  Set: 995 Way: 0 Address: 0x143ef8c3
  Set: 995 Way: 1 Address: 0x22272f8cb
  Set: 996 Way: 0 Address: 0x143ef906
  Set: 997 Way: 0 Address: 0x143ef946
  Set: 1002 Way: 0 Address: 0x143efa87
  Set: 1003 Way: 0 Address: 0x143efac3
  Set: 1003 Way: 1 Address: 0x3567dfaf8
  Set: 1004 Way: 0 Address: 0x143efb05
  Set: 1005 Way: 0 Address: 0x143efb43
  Set: 1005 Way: 1 Address: 0x22272fb7f
  Set: 1006 Way: 0 Address: 0x143efb80
  Set: 1006 Way: 1 Address: 0x22272fb8b
  Set: 1007 Way: 0 Address: 0x143efbc1
  Set: 1008 Way: 0 Address: 0x143efc03
  Set: 1009 Way: 0 Address: 0x143efc41
  Set: 1010 Way: 0 Address: 0x143efc82
  Set: 1011 Way: 0 Address: 0x143efcc1
  Set: 1012 Way: 0 Address: 0x143efd02
  Set: 1013 Way: 0 Address: 0x143efd41
  Set: 1014 Way: 0 Address: 0x3567dfdb8
  Set: 1016 Way: 0 Address: 0x22272fe3b
  Set: 1017 Way: 0 Address: 0x22272fe4b
  Set: 1019 Way: 0 Address: 0x143efecf
  Set: 1020 Way: 0 Address: 0x143eff27
  Set: 1021 Way: 0 Address: 0x143eff43
  Set: 1022 Way: 0 Address: 0x143eff80
  Set: 1023 Way: 0 Address: 0x143effc4
EndCache
Cache: cpu0_L1I
  Set: 0 Way: 0 Address: 0x1064c2010
  Set: 1 Way: 0 Address: 0x1064c2040
  Set: 2 Way: 0 Address: 0x1064c20b3
  Set: 3 Way: 0 Address: 0x2fa0c90ef
  Set: 4 Way: 0 Address: 0x2fa0c9129
  Set: 4 Way: 1 Address: 0xf6e81135
  Set: 5 Way: 0 Address: 0x2fa0c9146
  Set: 5 Way: 1 Address: 0xf6e81142
  Set: 6 Way: 0 Address: 0x2fa0c91b0
  Set: 6 Way: 1 Address: 0x3d87a61a8
  Set: 6 Way: 2 Address: 0xf6e81181
  Set: 7 Way: 0 Address: 0x6e6201c2
  Set: 7 Way: 1 Address: 0x2fa0c91ef
  Set: 7 Way: 2 Address: 0x3d87a61da
  Set: 7 Way: 3 Address: 0xf6e811c2
  Set: 8 Way: 0 Address: 0x2f5d8e21b
  Set: 8 Way: 1 Address: 0x1064c2210
  Set: 8 Way: 2 Address: 0x2fa0c9201
  Set: 8 Way: 3 Address: 0x3d87a6222
  Set: 8 Way: 4 Address: 0xf6e81201
  Set: 9 Way: 0 Address: 0x2f5d8e27a
  Set: 9 Way: 1 Address: 0x1064c2277
  Set: 9 Way: 2 Address: 0x3d87a6242
  Set: 10 Way: 0 Address: 0x2f5d8e283
  Set: 10 Way: 1 Address: 0x1064c2287
  Set: 10 Way: 2 Address: 0x3d87a629f
  Set: 11 Way: 0 Address: 0x2f5d8e2c7
  Set: 11 Way: 1 Address: 0x1064c22c0
  Set: 11 Way: 2 Address: 0x3d87a62dc
  Set: 12 Way: 0 Address: 0x1064c2300
  Set: 12 Way: 1 Address: 0x2f5d8e300
  Set: 12 Way: 2 Address: 0x3d87a6307
  Set: 13 Way: 0 Address: 0x3d87a6345
  Set: 14 Way: 0 Address: 0x3d87a63aa
  Set: 15 Way: 0 Address: 0x6e6203fb
  Set: 15 Way: 1 Address: 0x3d87a63f2
  Set: 16 Way: 0 Address: 0x6e620400
  Set: 16 Way: 1 Address: 0x3d87a643e
  Set: 17 Way: 0 Address: 0x1064c245f
  Set: 17 Way: 1 Address: 0x3d87a6449
  Set: 18 Way: 0 Address: 0x1064c2480
  Set: 18 Way: 1 Address: 0x3d87a64bc
  Set: 19 Way: 0 Address: 0x1064c24c6
  Set: 19 Way: 1 Address: 0x3d87a64c7
  Set: 19 Way: 2 Address: 0xf6e814e1
  Set: 20 Way: 0 Address: 0xf6e8152c
  Set: 20 Way: 1 Address: 0x1064c2500
  Set: 20 Way: 2 Address: 0x3d87a650b
  Set: 21 Way: 0 Address: 0xf6e81558
  Set: 21 Way: 1 Address: 0x1064c2541
  Set: 22 Way: 0 Address: 0xf6e815ad
  Set: 23 Way: 0 Address: 0xf6e815e6
  Set: 24 Way: 0 Address: 0xf6e81625
  Set: 25 Way: 0 Address: 0xf6e81651
  Set: 26 Way: 0 Address: 0xf6e81680
  Set: 26 Way: 1 Address: 0x1064c26b5
  Set: 27 Way: 0 Address: 0x1064c26e5
  Set: 28 Way: 0 Address: 0x1f919e720
  Set: 28 Way: 1 Address: 0x1064c272e
  Set: 28 Way: 2 Address: 0x3d87a6710
  Set: 29 Way: 0 Address: 0x1f919e779
  Set: 29 Way: 1 Address: 0x1064c2743
  Set: 30 Way: 0 Address: 0x1f919e7a6
  Set: 30 Way: 1 Address: 0x1add7b0
  Set: 30 Way: 2 Address: 0x1064c279c
  Set: 31 Way: 0 Address: 0x1f919e7ed
  Set: 31 Way: 1 Address: 0x223eda7ea
  Set: 31 Way: 2 Address: 0x1add7ef
  Set: 32 Way: 0 Address: 0x1f919e802
  Set: 32 Way: 1 Address: 0x223eda817
  Set: 32 Way: 2 Address: 0x1add81e
  Set: 33 Way: 0 Address: 0x223eda843
  Set: 33 Way: 1 Address: 0x143ef870
  Set: 33 Way: 2 Address: 0x1add867
  Set: 34 Way: 0 Address: 0x143ef8b2
  Set: 34 Way: 1 Address: 0x1add8ae
  Set: 35 Way: 0 Address: 0x143ef8e4
  Set: 35 Way: 1 Address: 0x1add8db
  Set: 36 Way: 0 Address: 0x143ef906
  Set: 36 Way: 1 Address: 0x1064c2900
  Set: 36 Way: 2 Address: 0x3d87a693a
  Set: 37 Way: 0 Address: 0x143ef969
  Set: 37 Way: 1 Address: 0x1064c2943
  Set: 37 Way: 2 Address: 0x3d87a697d
  Set: 38 Way: 0 Address: 0x3d87a69b2
  Set: 38 Way: 1 Address: 0x1064c2980
  Set: 39 Way: 0 Address: 0x3d87a69c0
  Set: 41 Way: 0 Address: 0x1adda6a
  Set: 41 Way: 1 Address: 0x3d87a6a51
  Set: 42 Way: 0 Address: 0x143efa87
  Set: 42 Way: 1 Address: 0x1adda80
  Set: 42 Way: 2 Address: 0x3d87a6aa1
  Set: 42 Way: 3 Address: 0x2fa0c9a90
  Set: 43 Way: 0 Address: 0x143efac3
  Set: 43 Way: 1 Address: 0x1addac0
  Set: 43 Way: 2 Address: 0x3d87a6afe
  Set: 43 Way: 3 Address: 0x2fa0c9ac3
  Set: 44 Way: 0 Address: 0x143efb22
  Set: 44 Way: 1 Address: 0x3d87a6b3e
  Set: 44 Way: 2 Address: 0x2fa0c9b2d
  Set: 45 Way: 0 Address: 0x143efb43
  Set: 45 Way: 1 Address: 0x3d87a6b7b
  Set: 45 Way: 2 Address: 0x2fa0c9b7e
  Set: 46 Way: 0 Address: 0x143efba0
  Set: 46 Way: 1 Address: 0x1064c2bb2
  Set: 46 Way: 2 Address: 0x3d87a6b83
  Set: 46 Way: 3 Address: 0x2fa0c9bb0
  Set: 47 Way: 0 Address: 0x143efbdd
  Set: 47 Way: 1 Address: 0x1064c2bf7
  Set: 47 Way: 2 Address: 0x2fa0c9bf1
  Set: 48 Way: 0 Address: 0x143efc19
  Set: 48 Way: 1 Address: 0x1064c2c00
  Set: 48 Way: 2 Address: 0x247006c30
  Set: 48 Way: 3 Address: 0x2fa0c9c27
  Set: 49 Way: 0 Address: 0x143efc65
  Set: 49 Way: 1 Address: 0x3232f3c70
  Set: 49 Way: 2 Address: 0x3d87a6c4d
  Set: 49 Way: 3 Address: 0x247006c59
  Set: 49 Way: 4 Address: 0x2fa0c9c43
  Set: 50 Way: 0 Address: 0x143efc82
  Set: 50 Way: 1 Address: 0x3232f3c81
  Set: 50 Way: 2 Address: 0x247006c98
  Set: 50 Way: 3 Address: 0x2fa0c9c8d
  Set: 51 Way: 0 Address: 0x143efcf3
  Set: 51 Way: 1 Address: 0x3232f3cfe
  Set: 51 Way: 2 Address: 0x247006cc1
  Set: 51 Way: 3 Address: 0x2fa0c9cc1
  Set: 52 Way: 0 Address: 0x1addd1f
  Set: 52 Way: 1 Address: 0x143efd02
  Set: 52 Way: 2 Address: 0x3232f3d25
  Set: 52 Way: 3 Address: 0x2fa0c9d31
  Set: 53 Way: 0 Address: 0x3232f3d60
  Set: 53 Way: 1 Address: 0x143efd41
  Set: 53 Way: 2 Address: 0x3d87a6d79
  Set: 53 Way: 3 Address: 0x2fa0c9d6b
  Set: 54 Way: 0 Address: 0x3232f3d83
  Set: 54 Way: 1 Address: 0x3d87a6d81
  Set: 54 Way: 2 Address: 0x2fa0c9db5
  Set: 55 Way: 0 Address: 0x3232f3de2
  Set: 55 Way: 1 Address: 0x2c077ede2
  Set: 55 Way: 2 Address: 0x2fa0c9df0
  Set: 56 Way: 0 Address: 0x3232f3e1f
  Set: 56 Way: 1 Address: 0x2c077ee02
  Set: 56 Way: 2 Address: 0x2fa0c9e02
  Set: 57 Way: 0 Address: 0x3232f3e73
  Set: 57 Way: 1 Address: 0x2fa0c9e61
  Set: 58 Way: 0 Address: 0x3232f3eb5
  Set: 58 Way: 1 Address: 0x2fa0c9e81
  Set: 59 Way: 0 Address: 0x3232f3ef7
  Set: 59 Way: 1 Address: 0x143efecf
  Set: 60 Way: 0 Address: 0x3232f3f39
  Set: 60 Way: 1 Address: 0x143eff27
  Set: 61 Way: 0 Address: 0x3232f3f7d
  Set: 61 Way: 1 Address: 0x143eff62
  Set: 62 Way: 0 Address: 0x3232f3fb6
  Set: 62 Way: 1 Address: 0x143effa4
  Set: 63 Way: 0 Address: 0x3232f3fc0
  Set: 63 Way: 1 Address: 0x143effee
EndCache
Cache: cpu0_L1D
  Set: 0 Way: 0 Address: 0x1b0f15030
  Set: 0 Way: 1 Address: 0x28b67e000
  Set: 0 Way: 2 Address: 0x229b9a000
  Set: 0 Way: 3 Address: 0x195f15010
  Set: 0 Way: 4 Address: 0x23755d005
  Set: 0 Way: 5 Address: 0x3dae66010
  Set: 0 Way: 6 Address: 0x276ff7010
  Set: 0 Way: 7 Address: 0x84896018
  Set: 0 Way: 8 Address: 0x1c084e018
  Set: 0 Way: 9 Address: 0xb84a9000
  Set: 0 Way: 10 Address: 0x1ae2cc020
  Set: 0 Way: 11 Address: 0x15164d020
  Set: 1 Way: 0 Address: 0x113201068
  Set: 1 Way: 1 Address: 0x3de4d4070
  Set: 1 Way: 2 Address: 0x1b0f15046
  Set: 1 Way: 3 Address: 0x1c084e078
  Set: 1 Way: 4 Address: 0x2c9898078
  Set: 1 Way: 5 Address: 0x1c6532078
  Set: 1 Way: 6 Address: 0x3fe58079
  Set: 1 Way: 7 Address: 0x22272f04f
  Set: 1 Way: 8 Address: 0x8754a07e
  Set: 2 Way: 0 Address: 0x195f15080
  Set: 2 Way: 1 Address: 0x263c13080
  Set: 2 Way: 2 Address: 0x211d16098
  Set: 2 Way: 3 Address: 0x3fe58080
  Set: 2 Way: 4 Address: 0x8754a0b8
  Set: 2 Way: 5 Address: 0x1f8ce0092
  Set: 3 Way: 0 Address: 0x2b2e930f0
  Set: 3 Way: 1 Address: 0x2db79e0ff
  Set: 3 Way: 2 Address: 0x358da70fd
  Set: 4 Way: 0 Address: 0x2db79e107
  Set: 4 Way: 1 Address: 0x34a873130
  Set: 4 Way: 2 Address: 0x358da7137
  Set: 4 Way: 3 Address: 0x190973100
  Set: 4 Way: 4 Address: 0x3b0803115
  Set: 4 Way: 5 Address: 0x11241713f
  Set: 5 Way: 0 Address: 0x29484c160
  Set: 5 Way: 1 Address: 0x1aafb8158
  Set: 5 Way: 2 Address: 0x1995f2168
  Set: 5 Way: 3 Address: 0x3b080314c
  Set: 5 Way: 4 Address: 0x7d0ee174
  Set: 5 Way: 5 Address: 0x2b2e93168
  Set: 5 Way: 6 Address: 0x11241717e
  Set: 5 Way: 7 Address: 0x2fbe97170
  Set: 5 Way: 8 Address: 0x36889b170
  Set: 5 Way: 9 Address: 0x4dd9c150
  Set: 5 Way: 10 Address: 0x101c26150
  Set: 5 Way: 11 Address: 0x27d4c617f
  Set: 6 Way: 0 Address: 0x3c56b3198
  Set: 6 Way: 1 Address: 0x112417182
  Set: 6 Way: 2 Address: 0x27d4c6198
  Set: 6 Way: 3 Address: 0xb800418e
  Set: 7 Way: 0 Address: 0x3c56b31c8
  Set: 7 Way: 1 Address: 0x27d4c61cc
  Set: 7 Way: 2 Address: 0x2725851f0
  Set: 7 Way: 3 Address: 0x1ae2cc1f0
  Set: 7 Way: 4 Address: 0xc70781f0
  Set: 7 Way: 5 Address: 0x2cd70c1cb
  Set: 7 Way: 6 Address: 0x37f4261fe
  Set: 8 Way: 0 Address: 0xc7078238
  Set: 8 Way: 1 Address: 0x3de4d4230
  Set: 8 Way: 2 Address: 0x292959230
  Set: 8 Way: 3 Address: 0x3734ee238
  Set: 8 Way: 4 Address: 0x3c1074238
  Set: 8 Way: 5 Address: 0xc0d9b220
  Set: 8 Way: 6 Address: 0x257713220
  Set: 8 Way: 7 Address: 0x272585228
  Set: 8 Way: 8 Address: 0x12993423d
  Set: 8 Way: 9 Address: 0x37f42623e
  Set: 9 Way: 0 Address: 0x129934245
  Set: 9 Way: 1 Address: 0x3734ee240
  Set: 9 Way: 2 Address: 0xc7078278
  Set: 9 Way: 3 Address: 0x292959240
  Set: 9 Way: 4 Address: 0x2ee369240
  Set: 9 Way: 5 Address: 0xee86f250
  Set: 9 Way: 6 Address: 0x2c9898258
  Set: 9 Way: 7 Address: 0xc0d9b258
  Set: 9 Way: 8 Address: 0x3c1074248
  Set: 9 Way: 9 Address: 0x1b7ae6248
  Set: 9 Way: 10 Address: 0xbeea724e
  Set: 9 Way: 11 Address: 0x23755d27e
  Set: 10 Way: 0 Address: 0xc70782b8
  Set: 10 Way: 1 Address: 0x3567df2b8
  Set: 10 Way: 2 Address: 0x23755d2be
  Set: 10 Way: 3 Address: 0x16390f2be
  Set: 10 Way: 4 Address: 0x348de2291
  Set: 11 Way: 0 Address: 0xc70782e8
  Set: 11 Way: 1 Address: 0x16390f2fe
  Set: 11 Way: 2 Address: 0xcf83b2f0
  Set: 11 Way: 3 Address: 0x23755d2c1
  Set: 11 Way: 4 Address: 0x1b0f152f6
  Set: 12 Way: 0 Address: 0xc7078328
  Set: 12 Way: 1 Address: 0x16390f306
  Set: 12 Way: 2 Address: 0x1b0f15306
  Set: 12 Way: 3 Address: 0x260091310
  Set: 12 Way: 4 Address: 0x1c6532338
  Set: 12 Way: 5 Address: 0x22272f33f
  Set: 12 Way: 6 Address: 0x3fe58339
  Set: 12 Way: 7 Address: 0x8754a33e
  Set: 13 Way: 0 Address: 0xc7078348
  Set: 13 Way: 1 Address: 0x22272f347
  Set: 13 Way: 2 Address: 0x3fe58340
  Set: 13 Way: 3 Address: 0x8754a378
  Set: 13 Way: 4 Address: 0x16390f344
  Set: 13 Way: 5 Address: 0x1f8ce0354
  Set: 13 Way: 6 Address: 0x2db79e37e
  Set: 14 Way: 0 Address: 0xc70783b0
  Set: 14 Way: 1 Address: 0x2177f03a0
  Set: 14 Way: 2 Address: 0x3b377b3a0
  Set: 14 Way: 3 Address: 0x3bdd783a8
  Set: 14 Way: 4 Address: 0x2600913a0
  Set: 14 Way: 5 Address: 0x2db79e3bc
  Set: 14 Way: 6 Address: 0x36889b3b0
  Set: 14 Way: 7 Address: 0x12c0773b0
  Set: 14 Way: 8 Address: 0x5d6e93b8
  Set: 14 Way: 9 Address: 0x34e4a2398
  Set: 14 Way: 10 Address: 0xb77ac398
  Set: 15 Way: 0 Address: 0xc70783c0
  Set: 15 Way: 1 Address: 0x2db79e3c7
  Set: 15 Way: 2 Address: 0x3b08033d4
  Set: 15 Way: 3 Address: 0x1909733ca
  Set: 15 Way: 4 Address: 0x1124173fe
  Set: 16 Way: 0 Address: 0xc7078400
  Set: 16 Way: 1 Address: 0x3b080340c
  Set: 16 Way: 2 Address: 0x31be12400
  Set: 16 Way: 3 Address: 0xcf83b428
  Set: 16 Way: 4 Address: 0xa3a52430
  Set: 16 Way: 5 Address: 0x112417438
  Set: 16 Way: 6 Address: 0x27d4c643f
  Set: 17 Way: 0 Address: 0xc7078448
  Set: 17 Way: 1 Address: 0x31be12478
  Set: 17 Way: 2 Address: 0xa3a52440
  Set: 17 Way: 3 Address: 0x27d4c645a
  Set: 17 Way: 4 Address: 0xb800444e
  Set: 18 Way: 0 Address: 0x27d4c648c
  Set: 18 Way: 1 Address: 0x2cd70c489
  Set: 18 Way: 2 Address: 0x37f4264bf
  Set: 19 Way: 0 Address: 0x57be54e0
  Set: 19 Way: 1 Address: 0x1299344ff
  Set: 19 Way: 2 Address: 0x37f4264fe
  Set: 20 Way: 0 Address: 0x129934505
  Set: 20 Way: 1 Address: 0xc7078508
  Set: 20 Way: 2 Address: 0xbeea750e
  Set: 20 Way: 3 Address: 0x23755d53e
  Set: 21 Way: 0 Address: 0xc7078540
  Set: 21 Way: 1 Address: 0x3567df578
  Set: 21 Way: 2 Address: 0x2db378550
  Set: 21 Way: 3 Address: 0x23755d57f
  Set: 21 Way: 4 Address: 0x348de254f
  Set: 22 Way: 0 Address: 0x3c56b35a5
  Set: 22 Way: 1 Address: 0xc7078580
  Set: 22 Way: 2 Address: 0x23755d581
  Set: 22 Way: 3 Address: 0x1b0f155b6
  Set: 23 Way: 0 Address: 0x3c56b35f1
  Set: 23 Way: 1 Address: 0x267bcc5d8
  Set: 23 Way: 2 Address: 0x14bb105e8
  Set: 23 Way: 3 Address: 0x192bc65d8
  Set: 23 Way: 4 Address: 0x1b0f155c6
  Set: 23 Way: 5 Address: 0x8754a5fe
  Set: 23 Way: 6 Address: 0x23756f5f8
  Set: 23 Way: 7 Address: 0x2fbe975f8
  Set: 23 Way: 8 Address: 0x22272f5fe
  Set: 23 Way: 9 Address: 0x3fe585f8
  Set: 23 Way: 10 Address: 0x101c265e0
  Set: 23 Way: 11 Address: 0x34e4a25e0
  Set: 24 Way: 0 Address: 0x3c56b3607
  Set: 24 Way: 1 Address: 0x22272f607
  Set: 24 Way: 2 Address: 0xc7078628
  Set: 24 Way: 3 Address: 0x31be12634
  Set: 24 Way: 4 Address: 0x8754a638
  Set: 24 Way: 5 Address: 0x1f8ce0615
  Set: 24 Way: 6 Address: 0x2db79e63f
  Set: 25 Way: 0 Address: 0xc7078640
  Set: 25 Way: 1 Address: 0x28420b670
  Set: 25 Way: 2 Address: 0x2db79e67f
  Set: 26 Way: 0 Address: 0x2db79e687
  Set: 26 Way: 1 Address: 0xc707868c
  Set: 26 Way: 2 Address: 0x19097368f
  Set: 26 Way: 3 Address: 0x3b0803695
  Set: 26 Way: 4 Address: 0x1124176bf
  Set: 27 Way: 0 Address: 0x437366c8
  Set: 27 Way: 1 Address: 0x3b08036cc
  Set: 27 Way: 2 Address: 0xc70786d0
  Set: 27 Way: 3 Address: 0x1124176f9
  Set: 27 Way: 4 Address: 0x27d4c66fe
  Set: 28 Way: 0 Address: 0xc7078728
  Set: 28 Way: 1 Address: 0x27d4c673b
  Set: 28 Way: 2 Address: 0xb800470e
  Set: 29 Way: 0 Address: 0xb8004749
  Set: 29 Way: 1 Address: 0xc7078774
  Set: 29 Way: 2 Address: 0xe51bd748
  Set: 29 Way: 3 Address: 0x1e561a748
  Set: 29 Way: 4 Address: 0x2cd70c74d
  Set: 29 Way: 5 Address: 0x37f42677f
  Set: 30 Way: 0 Address: 0xc7078790
  Set: 30 Way: 1 Address: 0x1299347bf
  Set: 30 Way: 2 Address: 0x37f4267be
  Set: 31 Way: 0 Address: 0x28b67e7f8
  Set: 31 Way: 1 Address: 0x1d89da7f8
  Set: 31 Way: 2 Address: 0x1299347c6
  Set: 31 Way: 3 Address: 0xc70787e4
  Set: 31 Way: 4 Address: 0xbeea77ce
  Set: 31 Way: 5 Address: 0x23755d7fe
  Set: 32 Way: 0 Address: 0xbeea7805
  Set: 32 Way: 1 Address: 0x3bdd78830
  Set: 32 Way: 2 Address: 0x342b40830
  Set: 32 Way: 3 Address: 0x23756f838
  Set: 32 Way: 4 Address: 0x3567df838
  Set: 32 Way: 5 Address: 0x23755d838
  Set: 32 Way: 6 Address: 0x348de280f
  Set: 32 Way: 7 Address: 0xb77ac828
  Set: 32 Way: 8 Address: 0x267bcc828
  Set: 32 Way: 9 Address: 0x192bc6820
  Set: 32 Way: 10 Address: 0x23a612820
  Set: 32 Way: 11 Address: 0x1b0f1583f
  Set: 33 Way: 0 Address: 0x23755d840
  Set: 33 Way: 1 Address: 0x5d6e9840
  Set: 33 Way: 2 Address: 0x4dd9c840
  Set: 33 Way: 3 Address: 0x1b0f15876
  Set: 34 Way: 0 Address: 0x1b0f15886
  Set: 34 Way: 1 Address: 0x22272f8bf
  Set: 34 Way: 2 Address: 0x8754a8be
  Set: 35 Way: 0 Address: 0x22272f8c7
  Set: 35 Way: 1 Address: 0x62d128d0
  Set: 35 Way: 2 Address: 0x8754a8f8
  Set: 35 Way: 3 Address: 0x1f8ce08d5
  Set: 35 Way: 4 Address: 0x2db79e8fe
  Set: 36 Way: 0 Address: 0x276ff7930
  Set: 36 Way: 1 Address: 0x84896930
  Set: 36 Way: 2 Address: 0x2db79e93c
  Set: 36 Way: 3 Address: 0x38e35c930
  Set: 37 Way: 0 Address: 0x2ee369950
  Set: 37 Way: 1 Address: 0x3dae66950
  Set: 37 Way: 2 Address: 0x5588d968
  Set: 37 Way: 3 Address: 0x2db79e946
  Set: 37 Way: 4 Address: 0x62d12948
  Set: 37 Way: 5 Address: 0x19097394f
  Set: 38 Way: 0 Address: 0x3b080398c
  Set: 38 Way: 1 Address: 0xc70789a8
  Set: 38 Way: 2 Address: 0x1124179b9
  Set: 38 Way: 3 Address: 0x27d4c69be
  Set: 39 Way: 0 Address: 0xc70789d8
  Set: 39 Way: 1 Address: 0xb80049ff
  Set: 39 Way: 2 Address: 0x27d4c69fe
  Set: 40 Way: 0 Address: 0xb8004a09
  Set: 40 Way: 1 Address: 0xc7078a08
  Set: 40 Way: 2 Address: 0x2cd70ca0e
  Set: 40 Way: 3 Address: 0x129934a3f
  Set: 40 Way: 4 Address: 0x37f426a3e
  Set: 41 Way: 0 Address: 0x2a4841a58
  Set: 41 Way: 1 Address: 0x34a873a58
  Set: 41 Way: 2 Address: 0x129934a7f
  Set: 41 Way: 3 Address: 0x37f426a7e
  Set: 42 Way: 0 Address: 0x129934a8a
  Set: 42 Way: 1 Address: 0xbeea7a8e
  Set: 42 Way: 2 Address: 0x23755dabe
  Set: 43 Way: 0 Address: 0x38e35cad8
  Set: 43 Way: 1 Address: 0x1ab44ae8
  Set: 43 Way: 2 Address: 0xbeea7ac6
  Set: 43 Way: 3 Address: 0x20597eaf0
  Set: 43 Way: 4 Address: 0x19c791af0
  Set: 43 Way: 5 Address: 0xc67daaf8
  Set: 43 Way: 6 Address: 0x62d12af8
  Set: 43 Way: 7 Address: 0xc7078ac0
  Set: 43 Way: 8 Address: 0x3567dfaf8
  Set: 43 Way: 9 Address: 0x23755daf9
  Set: 43 Way: 10 Address: 0x348de2acf
  Set: 43 Way: 11 Address: 0x1b0f15afe
  Set: 44 Way: 0 Address: 0x38e35cb32
  Set: 44 Way: 1 Address: 0x312099b00
  Set: 44 Way: 2 Address: 0x20597eb00
  Set: 44 Way: 3 Address: 0x34a0e5b10
  Set: 44 Way: 4 Address: 0xc7078b00
  Set: 44 Way: 5 Address: 0x32502cb10
  Set: 44 Way: 6 Address: 0x23755db00
  Set: 44 Way: 7 Address: 0x1b0f15b36
  Set: 45 Way: 0 Address: 0x1b0f15b46
  Set: 45 Way: 1 Address: 0x1ab44b68
  Set: 45 Way: 2 Address: 0x312099b68
  Set: 45 Way: 3 Address: 0x2c8749b60
  Set: 45 Way: 4 Address: 0x168ef0b50
  Set: 45 Way: 5 Address: 0x31be12b44
  Set: 45 Way: 6 Address: 0xc7078b40
  Set: 45 Way: 7 Address: 0x133c92b5c
  Set: 45 Way: 8 Address: 0x22272fb7f
  Set: 45 Way: 9 Address: 0x8754ab7e
  Set: 46 Way: 0 Address: 0x22272fb87
  Set: 46 Way: 1 Address: 0x1ab44b80
  Set: 46 Way: 2 Address: 0x181c81b80
  Set: 46 Way: 3 Address: 0xc7078b80
  Set: 46 Way: 4 Address: 0x133c92ba0
  Set: 46 Way: 5 Address: 0x8754abb8
  Set: 46 Way: 6 Address: 0x1f8ce0b95
  Set: 46 Way: 7 Address: 0x2db79ebbf
  Set: 47 Way: 0 Address: 0x16a859bd8
  Set: 47 Way: 1 Address: 0x16668bd0
  Set: 47 Way: 2 Address: 0x3704c7be0
  Set: 47 Way: 3 Address: 0x2db79ebff
  Set: 48 Way: 0 Address: 0x394edbc20
  Set: 48 Way: 1 Address: 0x2db79ec02
  Set: 48 Way: 2 Address: 0x3b0803c22
  Set: 48 Way: 3 Address: 0x190973c0f
  Set: 49 Way: 0 Address: 0x394edbc50
  Set: 49 Way: 1 Address: 0x133c92c40
  Set: 49 Way: 2 Address: 0x3b0803c4c
  Set: 49 Way: 3 Address: 0x112417c79
  Set: 49 Way: 4 Address: 0x27d4c6c7e
  Set: 50 Way: 0 Address: 0x394edbc98
  Set: 50 Way: 1 Address: 0xc7078c98
  Set: 50 Way: 2 Address: 0xb8004cbe
  Set: 50 Way: 3 Address: 0x27d4c6cbe
  Set: 51 Way: 0 Address: 0xb8004cc5
  Set: 51 Way: 1 Address: 0x394edbcff
  Set: 51 Way: 2 Address: 0x20597ecf0
  Set: 51 Way: 3 Address: 0x28a940cf0
  Set: 51 Way: 4 Address: 0x2cd70ccce
  Set: 51 Way: 5 Address: 0x129934cfe
  Set: 51 Way: 6 Address: 0x37f426cfe
  Set: 52 Way: 0 Address: 0x394edbd08
  Set: 52 Way: 1 Address: 0x260091d24
  Set: 52 Way: 2 Address: 0x129934d3f
  Set: 52 Way: 3 Address: 0x37f426d37
  Set: 52 Way: 4 Address: 0x3bcc0dd0a
  Set: 53 Way: 0 Address: 0x129934d4a
  Set: 53 Way: 1 Address: 0x394edbd68
  Set: 53 Way: 2 Address: 0x23755dd7e
  Set: 54 Way: 0 Address: 0x394edbd80
  Set: 54 Way: 1 Address: 0xbeea7d86
  Set: 54 Way: 2 Address: 0x32502cd80
  Set: 54 Way: 3 Address: 0xe51bdd80
  Set: 54 Way: 4 Address: 0x3567dfdb8
  Set: 54 Way: 5 Address: 0x23755ddb9
  Set: 54 Way: 6 Address: 0x348de2d8f
  Set: 54 Way: 7 Address: 0x1b0f15dbe
  Set: 55 Way: 0 Address: 0x394edbdc7
  Set: 55 Way: 1 Address: 0x23755ddc0
  Set: 55 Way: 2 Address: 0x1b0f15dfa
  Set: 55 Way: 3 Address: 0x7b479dc9
  Set: 56 Way: 0 Address: 0x1b0f15e00
  Set: 56 Way: 1 Address: 0x12c6fce00
  Set: 56 Way: 2 Address: 0x394edbe37
  Set: 56 Way: 3 Address: 0x260091e00
  Set: 56 Way: 4 Address: 0x22272fe3e
  Set: 56 Way: 5 Address: 0x3fe58e00
  Set: 56 Way: 6 Address: 0x8754ae00
  Set: 57 Way: 0 Address: 0x22272fe47
  Set: 57 Way: 1 Address: 0x12c6fce50
  Set: 57 Way: 2 Address: 0x8754ae40
  Set: 57 Way: 3 Address: 0x394edbe47
  Set: 57 Way: 4 Address: 0x1f8ce0e40
  Set: 57 Way: 5 Address: 0x2db79ee7f
  Set: 58 Way: 0 Address: 0x397bb4e98
  Set: 58 Way: 1 Address: 0x20597ee90
  Set: 58 Way: 2 Address: 0x34a0e5e90
  Set: 58 Way: 3 Address: 0x1132fae88
  Set: 58 Way: 4 Address: 0x2db79ee80
  Set: 58 Way: 5 Address: 0x1e561ae88
  Set: 58 Way: 6 Address: 0x3bdb2e88
  Set: 58 Way: 7 Address: 0x394edbe87
  Set: 59 Way: 0 Address: 0x12c6fcec0
  Set: 59 Way: 1 Address: 0x2db79eec0
  Set: 59 Way: 2 Address: 0x3b0803ee2
  Set: 59 Way: 3 Address: 0x394edbec7
  Set: 59 Way: 4 Address: 0x190973ecf
  Set: 59 Way: 5 Address: 0x112417ec0
  Set: 60 Way: 0 Address: 0x9cff2f20
  Set: 60 Way: 1 Address: 0x309887f38
  Set: 60 Way: 2 Address: 0x6d0c2f38
  Set: 60 Way: 3 Address: 0x3b0803f00
  Set: 60 Way: 4 Address: 0x354d35f00
  Set: 60 Way: 5 Address: 0x32f48cf00
  Set: 60 Way: 6 Address: 0x6b744f28
  Set: 60 Way: 7 Address: 0x112417f38
  Set: 60 Way: 8 Address: 0x394edbf07
  Set: 60 Way: 9 Address: 0x27d4c6f00
  Set: 61 Way: 0 Address: 0x6d0c2f40
  Set: 61 Way: 1 Address: 0x354d35f40
  Set: 61 Way: 2 Address: 0xb8004f7f
  Set: 61 Way: 3 Address: 0x27d4c6f7e
  Set: 61 Way: 4 Address: 0x394edbf47
  Set: 62 Way: 0 Address: 0xb8004f85
  Set: 62 Way: 1 Address: 0x394edbf87
  Set: 62 Way: 2 Address: 0x2cd70cf8e
  Set: 62 Way: 3 Address: 0x129934fbe
  Set: 62 Way: 4 Address: 0x37f426f80
  Set: 63 Way: 0 Address: 0x2a4841fd8
  Set: 63 Way: 1 Address: 0x201598fd8
  Set: 63 Way: 2 Address: 0x9cff2fd8
  Set: 63 Way: 3 Address: 0x309887fd8
  Set: 63 Way: 4 Address: 0x31be12fd0
  Set: 63 Way: 5 Address: 0x379d39ff8
  Set: 63 Way: 6 Address: 0x129934fc0
  Set: 63 Way: 7 Address: 0x37f426fc0
  Set: 63 Way: 8 Address: 0x28f0ccffe
  Set: 63 Way: 9 Address: 0x394edbfc7
  Set: 63 Way: 10 Address: 0x3bcc0dfca
EndCache
Cache: cpu0_ITLB
  Set: 2 Way: 0 Address: 0x40281e
  Set: 3 Way: 0 Address: 0x4031c2
  Set: 4 Way: 0 Address: 0x444b7b
  Set: 4 Way: 1 Address: 0x404c98
  Set: 5 Way: 0 Address: 0x4450ef
  Set: 6 Way: 0 Address: 0x446640
  Set: 8 Way: 0 Address: 0x44827a
  Set: 10 Way: 0 Address: 0x44a8e4
  Set: 11 Way: 0 Address: 0x44b040
  Set: 13 Way: 0 Address: 0x40d802
  Set: 14 Way: 0 Address: 0x40e817
  Set: 14 Way: 1 Address: 0x43ee02
  Set: 15 Way: 0 Address: 0x40fc81
EndCache
Cache: cpu0_DTLB
  Set: 0 Way: 0 Address: 0x2770b60
  Set: 0 Way: 1 Address: 0x2760a58
  Set: 0 Way: 2 Address: 0x21e03a0
  Set: 0 Way: 3 Address: 0x27b0670
  Set: 1 Way: 0 Address: 0x27d1ffe
  Set: 2 Way: 0 Address: 0x27d2000
  Set: 2 Way: 1 Address: 0x2762174
  Set: 3 Way: 0 Address: 0x7fd2fa67374d
  Set: 4 Way: 0 Address: 0x21e4605
  Set: 4 Way: 1 Address: 0x7fd2fa674805
  Set: 4 Way: 2 Address: 0x7fd2fa704dc9
  Set: 5 Way: 0 Address: 0x7fd2fa675046
  Set: 5 Way: 1 Address: 0x21e54e0
  Set: 5 Way: 2 Address: 0x7fd2fa705092
  Set: 6 Way: 0 Address: 0x526968
  Set: 6 Way: 1 Address: 0x7fd2fa70614c
  Set: 6 Way: 2 Address: 0x7fd2fa6760b8
  Set: 7 Way: 0 Address: 0x21e7ec0
  Set: 7 Way: 1 Address: 0x7ffedb247d28
  Set: 7 Way: 2 Address: 0x7fd2fa7071cc
  Set: 7 Way: 3 Address: 0x7fd2fa677137
  Set: 8 Way: 0 Address: 0x7ffedb248238
  Set: 8 Way: 1 Address: 0x21e80f0
  Set: 8 Way: 2 Address: 0x7fd2fa70823e
  Set: 9 Way: 0 Address: 0x26e9440
  Set: 9 Way: 1 Address: 0x7ffedb249550
  Set: 10 Way: 0 Address: 0x52aad8
  Set: 10 Way: 1 Address: 0x7fd2fa37aff8
  Set: 10 Way: 2 Address: 0x7fd2fa62aecf
  Set: 11 Way: 0 Address: 0x7fd2fa62bf85
  Set: 11 Way: 1 Address: 0x21fb2fe
  Set: 11 Way: 2 Address: 0x7fd2fa37bdb8
  Set: 11 Way: 3 Address: 0x7fd2fa6bbd0a
  Set: 12 Way: 0 Address: 0x7fd2fa62cd4a
  Set: 12 Way: 1 Address: 0x7fd2fa37c338
  Set: 12 Way: 2 Address: 0x7fd2fa6bc291
  Set: 13 Way: 0 Address: 0x7fd2fa62d005
  Set: 13 Way: 1 Address: 0x275dc40
  Set: 13 Way: 2 Address: 0x7fd2fa6bd347
  Set: 13 Way: 3 Address: 0x276d2f0
  Set: 14 Way: 0 Address: 0x7fd2fa6be107
  Set: 14 Way: 1 Address: 0x279eb50
  Set: 14 Way: 2 Address: 0x275eaf8
  Set: 14 Way: 3 Address: 0x7fd2fa62e079
  Set: 15 Way: 0 Address: 0x275ffd0
  Set: 15 Way: 1 Address: 0x7fd2fa6bf182
EndCache
Cache: LLC
  Set: 2 Way: 0 Address: 0x1f8ce008e
  Set: 7 Way: 0 Address: 0x6e6201c2
  Set: 13 Way: 0 Address: 0x1f8ce034e
  Set: 15 Way: 0 Address: 0x6e6203fb
  Set: 16 Way: 0 Address: 0x6e620400
  Set: 17 Way: 0 Address: 0x6e620440
  Set: 24 Way: 0 Address: 0x1f8ce060e
  Set: 32 Way: 0 Address: 0x342b40830
  Set: 35 Way: 0 Address: 0x1f8ce08ce
  Set: 46 Way: 0 Address: 0x1f8ce0b8e
  Set: 51 Way: 0 Address: 0x28a940cf0
  Set: 57 Way: 0 Address: 0x1f8ce0e40
  Set: 65 Way: 0 Address: 0x113201068
  Set: 68 Way: 0 Address: 0xf6e81106
  Set: 69 Way: 0 Address: 0xf6e81142
  Set: 70 Way: 0 Address: 0xf6e81181
  Set: 71 Way: 0 Address: 0xf6e811c2
  Set: 72 Way: 0 Address: 0xf6e81200
  Set: 73 Way: 0 Address: 0xf6e81240
  Set: 83 Way: 0 Address: 0xf6e814e1
  Set: 84 Way: 0 Address: 0xf6e81500
  Set: 85 Way: 0 Address: 0xf6e81558
  Set: 86 Way: 0 Address: 0xf6e81582
  Set: 87 Way: 0 Address: 0xf6e815c2
  Set: 88 Way: 0 Address: 0xf6e81605
  Set: 89 Way: 0 Address: 0xf6e81640
  Set: 90 Way: 0 Address: 0xf6e81680
  Set: 105 Way: 0 Address: 0x2a4841a58
  Set: 110 Way: 0 Address: 0x181c81b80
  Set: 127 Way: 0 Address: 0x2a4841fd8
  Set: 128 Way: 0 Address: 0x1064c2010
  Set: 129 Way: 0 Address: 0x1064c2040
  Set: 130 Way: 0 Address: 0x1064c2080
  Set: 131 Way: 0 Address: 0x1064c20c0
  Set: 136 Way: 0 Address: 0x1064c2210
  Set: 137 Way: 0 Address: 0x1064c2241
  Set: 138 Way: 0 Address: 0x1064c2287
  Set: 138 Way: 1 Address: 0x348de2293
  Set: 139 Way: 0 Address: 0x1064c22c0
  Set: 140 Way: 0 Address: 0x1064c2300
  Set: 141 Way: 0 Address: 0x1064c2340
  Set: 142 Way: 0 Address: 0x34e4a2398
  Set: 145 Way: 0 Address: 0x1064c245f
  Set: 146 Way: 0 Address: 0x1064c2480
  Set: 147 Way: 0 Address: 0x1064c24c6
  Set: 148 Way: 0 Address: 0x1064c2500
  Set: 149 Way: 0 Address: 0x1064c2541
  Set: 149 Way: 1 Address: 0x348de2553
  Set: 150 Way: 0 Address: 0x1064c2580
  Set: 151 Way: 0 Address: 0x34e4a25e0
  Set: 154 Way: 0 Address: 0x1064c26b5
  Set: 155 Way: 0 Address: 0x1064c26c3
  Set: 156 Way: 0 Address: 0x1064c2702
  Set: 157 Way: 0 Address: 0x1064c2743
  Set: 158 Way: 0 Address: 0x1064c2780
  Set: 159 Way: 0 Address: 0x1064c27c0
  Set: 160 Way: 0 Address: 0x348de2800
  Set: 164 Way: 0 Address: 0x1064c2900
  Set: 165 Way: 0 Address: 0x1064c2940
  Set: 166 Way: 0 Address: 0x1064c2980
  Set: 171 Way: 0 Address: 0x348de2ad3
  Set: 174 Way: 0 Address: 0x1064c2bb2
  Set: 175 Way: 0 Address: 0x1064c2bc1
  Set: 176 Way: 0 Address: 0x1064c2c00
  Set: 182 Way: 0 Address: 0x348de2d80
  Set: 188 Way: 0 Address: 0x6d0c2f38
  Set: 189 Way: 0 Address: 0x6d0c2f40
  Set: 196 Way: 0 Address: 0x3b080310e
  Set: 197 Way: 0 Address: 0x3b0803145
  Set: 207 Way: 0 Address: 0x3b08033ce
  Set: 208 Way: 0 Address: 0x3b0803405
  Set: 218 Way: 0 Address: 0x3b080368e
  Set: 219 Way: 0 Address: 0x3b08036c0
  Set: 230 Way: 0 Address: 0x3b0803985
  Set: 240 Way: 0 Address: 0x3b0803c1b
  Set: 241 Way: 0 Address: 0x3b0803c45
  Set: 251 Way: 0 Address: 0x3b0803edb
  Set: 252 Way: 0 Address: 0x3b0803f00
  Set: 262 Way: 0 Address: 0xb8004192
  Set: 273 Way: 0 Address: 0xb8004452
  Set: 284 Way: 0 Address: 0xb8004712
  Set: 285 Way: 0 Address: 0xb8004749
  Set: 295 Way: 0 Address: 0xb80049ff
  Set: 296 Way: 0 Address: 0xb8004a09
  Set: 299 Way: 0 Address: 0x1ab44ae8
  Set: 301 Way: 0 Address: 0x1ab44b68
  Set: 302 Way: 0 Address: 0x1ab44b80
  Set: 306 Way: 0 Address: 0xb8004cbf
  Set: 307 Way: 0 Address: 0xb8004cc9
  Set: 316 Way: 0 Address: 0x6b744f28
  Set: 317 Way: 0 Address: 0xb8004f7f
  Set: 318 Way: 0 Address: 0xb8004f89
  Set: 327 Way: 0 Address: 0x2725851f0
  Set: 328 Way: 0 Address: 0x272585228
  Set: 339 Way: 0 Address: 0x57be54e0
  Set: 364 Way: 0 Address: 0x34a0e5b10
  Set: 378 Way: 0 Address: 0x34a0e5e90
  Set: 384 Way: 0 Address: 0x3dae66010
  Set: 389 Way: 0 Address: 0x101c26150
  Set: 389 Way: 1 Address: 0x27d4c617d
  Set: 390 Way: 0 Address: 0x3d87a6180
  Set: 390 Way: 1 Address: 0x27d4c6194
  Set: 391 Way: 0 Address: 0x27d4c61c5
  Set: 391 Way: 1 Address: 0x3d87a61c1
  Set: 391 Way: 2 Address: 0x37f4261fd
  Set: 392 Way: 0 Address: 0x3d87a6200
  Set: 392 Way: 1 Address: 0x37f426237
  Set: 393 Way: 0 Address: 0x3d87a6242
  Set: 393 Way: 1 Address: 0x1b7ae6248
  Set: 394 Way: 0 Address: 0x3d87a6285
  Set: 395 Way: 0 Address: 0x3d87a62c1
  Set: 396 Way: 0 Address: 0x3d87a6307
  Set: 397 Way: 0 Address: 0x3d87a6340
  Set: 398 Way: 0 Address: 0x3d87a6383
  Set: 399 Way: 0 Address: 0x3d87a63c5
  Set: 400 Way: 0 Address: 0x3d87a6400
  Set: 400 Way: 1 Address: 0x27d4c643d
  Set: 401 Way: 0 Address: 0x3d87a6449
  Set: 401 Way: 1 Address: 0x27d4c6454
  Set: 402 Way: 0 Address: 0x27d4c6485
  Set: 402 Way: 1 Address: 0x3d87a6489
  Set: 402 Way: 2 Address: 0x37f4264bd
  Set: 403 Way: 0 Address: 0x3d87a64c7
  Set: 403 Way: 1 Address: 0x37f4264f7
  Set: 404 Way: 0 Address: 0x3d87a6500
  Set: 405 Way: 0 Address: 0x3d87a6540
  Set: 407 Way: 0 Address: 0x101c265e0
  Set: 407 Way: 1 Address: 0x192bc65d8
  Set: 411 Way: 0 Address: 0x27d4c66fd
  Set: 412 Way: 0 Address: 0x3d87a6710
  Set: 412 Way: 1 Address: 0x27d4c6737
  Set: 413 Way: 0 Address: 0x27d4c6740
  Set: 413 Way: 1 Address: 0x37f42677c
  Set: 414 Way: 0 Address: 0x37f426780
  Set: 416 Way: 0 Address: 0x192bc6820
  Set: 420 Way: 0 Address: 0x3d87a6900
  Set: 421 Way: 0 Address: 0x3dae66950
  Set: 421 Way: 1 Address: 0x3d87a6945
  Set: 422 Way: 0 Address: 0x3d87a6982
  Set: 422 Way: 1 Address: 0x27d4c69bd
  Set: 423 Way: 0 Address: 0x3d87a69c0
  Set: 423 Way: 1 Address: 0x27d4c69f7
  Set: 424 Way: 0 Address: 0x3d87a6a00
  Set: 424 Way: 1 Address: 0x37f426a3c
  Set: 425 Way: 0 Address: 0x3d87a6a51
  Set: 425 Way: 1 Address: 0x37f426a77
  Set: 426 Way: 0 Address: 0x3d87a6a80
  Set: 427 Way: 0 Address: 0x3d87a6ac2
  Set: 428 Way: 0 Address: 0x3d87a6b03
  Set: 429 Way: 0 Address: 0x3d87a6b45
  Set: 430 Way: 0 Address: 0x3d87a6b83
  Set: 431 Way: 0 Address: 0x3d87a6bc0
  Set: 432 Way: 0 Address: 0x247006c00
  Set: 433 Way: 0 Address: 0x3d87a6c4d
  Set: 433 Way: 1 Address: 0x247006c41
  Set: 433 Way: 2 Address: 0x27d4c6c40
  Set: 434 Way: 0 Address: 0x247006c80
  Set: 434 Way: 1 Address: 0x27d4c6cb7
  Set: 435 Way: 0 Address: 0x247006cc0
  Set: 435 Way: 1 Address: 0x37f426cc0
  Set: 436 Way: 0 Address: 0x247006d00
  Set: 436 Way: 1 Address: 0x37f426d30
  Set: 437 Way: 0 Address: 0x3d87a6d79
  Set: 438 Way: 0 Address: 0x3d87a6d81
  Set: 444 Way: 0 Address: 0x27d4c6f00
  Set: 445 Way: 0 Address: 0x27d4c6f77
  Set: 446 Way: 0 Address: 0x37f426f80
  Set: 447 Way: 0 Address: 0x37f426fc0
  Set: 451 Way: 0 Address: 0x358da70fc
  Set: 452 Way: 0 Address: 0x358da713c
  Set: 457 Way: 0 Address: 0xbeea7252
  Set: 468 Way: 0 Address: 0xbeea7512
  Set: 479 Way: 0 Address: 0xbeea77d2
  Set: 480 Way: 0 Address: 0xbeea780a
  Set: 490 Way: 0 Address: 0xbeea7a92
  Set: 491 Way: 0 Address: 0xbeea7aca
  Set: 495 Way: 0 Address: 0x3704c7be0
  Set: 502 Way: 0 Address: 0xbeea7d80
  Set: 508 Way: 0 Address: 0x309887f38
  Set: 511 Way: 0 Address: 0x309887fd8
  Set: 559 Way: 0 Address: 0x16668bd0
  Set: 576 Way: 0 Address: 0xb84a9000
  Set: 577 Way: 0 Address: 0xb84a9040
  Set: 579 Way: 0 Address: 0x2fa0c90ef
  Set: 580 Way: 0 Address: 0x2fa0c9105
  Set: 581 Way: 0 Address: 0x2fa0c9140
  Set: 582 Way: 0 Address: 0x2fa0c9180
  Set: 583 Way: 0 Address: 0x2fa0c91c0
  Set: 584 Way: 0 Address: 0x2fa0c9201
  Set: 585 Way: 0 Address: 0x2ee369240
  Set: 585 Way: 1 Address: 0x2fa0c9240
  Set: 590 Way: 0 Address: 0x5d6e93b8
  Set: 609 Way: 0 Address: 0x5d6e9840
  Set: 613 Way: 0 Address: 0x2ee369950
  Set: 618 Way: 0 Address: 0x2fa0c9a90
  Set: 619 Way: 0 Address: 0x2fa0c9ac3
  Set: 620 Way: 0 Address: 0x2fa0c9b00
  Set: 621 Way: 0 Address: 0x2c8749b60
  Set: 621 Way: 1 Address: 0x2fa0c9b43
  Set: 622 Way: 0 Address: 0x2fa0c9b82
  Set: 623 Way: 0 Address: 0x2fa0c9bc0
  Set: 624 Way: 0 Address: 0x2fa0c9c01
  Set: 625 Way: 0 Address: 0x2fa0c9c43
  Set: 626 Way: 0 Address: 0x2fa0c9c85
  Set: 627 Way: 0 Address: 0x2fa0c9cc0
  Set: 628 Way: 0 Address: 0x2fa0c9d00
  Set: 629 Way: 0 Address: 0x2fa0c9d41
  Set: 630 Way: 0 Address: 0x2fa0c9d82
  Set: 631 Way: 0 Address: 0x2fa0c9dc0
  Set: 632 Way: 0 Address: 0x2fa0c9e00
  Set: 633 Way: 0 Address: 0x2fa0c9e40
  Set: 634 Way: 0 Address: 0x2fa0c9e80
  Set: 635 Way: 0 Address: 0x2fa0c9ec0
  Set: 641 Way: 0 Address: 0x8754a07d
  Set: 642 Way: 0 Address: 0x8754a0bc
  Set: 652 Way: 0 Address: 0x8754a33d
  Set: 653 Way: 0 Address: 0x8754a37c
  Set: 663 Way: 0 Address: 0x8754a5fd
  Set: 664 Way: 0 Address: 0x8754a63c
  Set: 674 Way: 0 Address: 0x8754a8bd
  Set: 675 Way: 0 Address: 0x8754a8fc
  Set: 685 Way: 0 Address: 0x8754ab40
  Set: 686 Way: 0 Address: 0x8754abbc
  Set: 696 Way: 0 Address: 0x8754ae00
  Set: 697 Way: 0 Address: 0x8754ae40
  Set: 729 Way: 0 Address: 0x28420b670
  Set: 768 Way: 0 Address: 0x1ae2cc020
  Set: 773 Way: 0 Address: 0x29484c160
  Set: 775 Way: 0 Address: 0x1ae2cc1f0
  Set: 775 Way: 1 Address: 0x2cd70c1cd
  Set: 782 Way: 0 Address: 0xb77ac398
  Set: 786 Way: 0 Address: 0x2cd70c48d
  Set: 791 Way: 0 Address: 0x267bcc5d8
  Set: 797 Way: 0 Address: 0x2cd70c752
  Set: 800 Way: 0 Address: 0xb77ac828
  Set: 800 Way: 1 Address: 0x267bcc828
  Set: 808 Way: 0 Address: 0x2cd70ca12
  Set: 812 Way: 0 Address: 0x32502cb10
  Set: 819 Way: 0 Address: 0x2cd70ccd2
  Set: 822 Way: 0 Address: 0x32502cd80
  Set: 828 Way: 0 Address: 0x32f48cf00
  Set: 830 Way: 0 Address: 0x2cd70cf92
  Set: 831 Way: 0 Address: 0x28f0ccffe
  Set: 832 Way: 0 Address: 0x15164d020
  Set: 869 Way: 0 Address: 0x5588d968
  Set: 884 Way: 0 Address: 0x3bcc0dd0e
  Set: 895 Way: 0 Address: 0x3bcc0dfce
  Set: 896 Way: 0 Address: 0x1c084e018
  Set: 897 Way: 0 Address: 0x1c084e078
  Set: 901 Way: 0 Address: 0x7d0ee174
  Set: 904 Way: 0 Address: 0x2f5d8e21b
  Set: 904 Way: 1 Address: 0x3734ee238
  Set: 905 Way: 0 Address: 0x3734ee240
  Set: 905 Way: 1 Address: 0x2f5d8e240
  Set: 906 Way: 0 Address: 0x2f5d8e283
  Set: 907 Way: 0 Address: 0x2f5d8e2c0
  Set: 908 Way: 0 Address: 0x2f5d8e300
  Set: 909 Way: 0 Address: 0x2f5d8e340
  Set: 961 Way: 0 Address: 0x22272f053
  Set: 969 Way: 0 Address: 0xee86f250
  Set: 970 Way: 0 Address: 0x16390f2be
  Set: 971 Way: 0 Address: 0x16390f2f6
  Set: 972 Way: 0 Address: 0x16390f310
  Set: 972 Way: 1 Address: 0x22272f33f
  Set: 973 Way: 0 Address: 0x22272f34b
  Set: 973 Way: 1 Address: 0x16390f344
  Set: 983 Way: 0 Address: 0x23756f5f8
  Set: 983 Way: 1 Address: 0x22272f5ff
  Set: 984 Way: 0 Address: 0x22272f60b
  Set: 992 Way: 0 Address: 0x23756f838
  Set: 993 Way: 0 Address: 0x143ef870
  Set: 994 Way: 0 Address: 0x143ef881
  Set: 994 Way: 1 Address: 0x22272f8bf
  Set: 995 Way: 0 Address: 0x143ef8c3
  Set: 995 Way: 1 Address: 0x22272f8c0
  Set: 996 Way: 0 Address: 0x143ef900
  Set: 997 Way: 0 Address: 0x143ef946
  Set: 1002 Way: 0 Address: 0x143efa87
  Set: 1003 Way: 0 Address: 0x143efac3
  Set: 1004 Way: 0 Address: 0x143efb05
  Set: 1005 Way: 0 Address: 0x143efb43
  Set: 1005 Way: 1 Address: 0x22272fb40
  Set: 1006 Way: 0 Address: 0x143efb80
  Set: 1006 Way: 1 Address: 0x22272fb8b
  Set: 1007 Way: 0 Address: 0x143efbc1
  Set: 1008 Way: 0 Address: 0x143efc03
  Set: 1009 Way: 0 Address: 0x143efc41
  Set: 1010 Way: 0 Address: 0x143efc80
  Set: 1011 Way: 0 Address: 0x143efcc1
  Set: 1012 Way: 0 Address: 0x143efd02
  Set: 1013 Way: 0 Address: 0x143efd40
  Set: 1014 Way: 0 Address: 0x143efd80
  Set: 1016 Way: 0 Address: 0x22272fe3b
  Set: 1017 Way: 0 Address: 0x22272fe4b
  Set: 1019 Way: 0 Address: 0x143efecf
  Set: 1020 Way: 0 Address: 0x143eff27
  Set: 1021 Way: 0 Address: 0x143eff43
  Set: 1022 Way: 0 Address: 0x143eff80
  Set: 1023 Way: 0 Address: 0x143effc4
  Set: 1038 Way: 0 Address: 0x2177f03a0
  Set: 1047 Way: 0 Address: 0x14bb105e8
  Set: 1047 Way: 1 Address: 0x2177f05f0
  Set: 1069 Way: 0 Address: 0x168ef0b50
  Set: 1100 Way: 0 Address: 0x260091310
  Set: 1102 Way: 0 Address: 0x2600913a0
  Set: 1131 Way: 0 Address: 0x19c791af0
  Set: 1140 Way: 0 Address: 0x260091d24
  Set: 1144 Way: 0 Address: 0x260091e00
  Set: 1153 Way: 0 Address: 0x1c6532078
  Set: 1157 Way: 0 Address: 0x1995f2168
  Set: 1164 Way: 0 Address: 0x1c6532338
  Set: 1168 Way: 0 Address: 0x31be12400
  Set: 1168 Way: 1 Address: 0xa3a52430
  Set: 1169 Way: 0 Address: 0x31be12478
  Set: 1169 Way: 1 Address: 0xa3a52440
  Set: 1170 Way: 0 Address: 0xa3a52480
  Set: 1175 Way: 0 Address: 0x1995f25e8
  Set: 1176 Way: 0 Address: 0x31be12634
  Set: 1184 Way: 0 Address: 0x23a612820
  Set: 1187 Way: 0 Address: 0x31be128c0
  Set: 1187 Way: 1 Address: 0x62d128d0
  Set: 1189 Way: 0 Address: 0x62d12948
  Set: 1195 Way: 0 Address: 0x62d12af8
  Set: 1197 Way: 0 Address: 0x31be12b44
  Set: 1197 Way: 1 Address: 0x133c92b5c
  Set: 1198 Way: 0 Address: 0x133c92ba0
  Set: 1201 Way: 0 Address: 0x133c92c40
  Set: 1210 Way: 0 Address: 0x3bdb2e88
  Set: 1212 Way: 0 Address: 0x9cff2f20
  Set: 1215 Way: 0 Address: 0x9cff2fd8
  Set: 1215 Way: 1 Address: 0x31be12fd0
  Set: 1218 Way: 0 Address: 0x263c13080
  Set: 1219 Way: 0 Address: 0x2b2e930f0
  Set: 1220 Way: 0 Address: 0x34a873130
  Set: 1220 Way: 1 Address: 0x190973100
  Set: 1221 Way: 0 Address: 0x2b2e93168
  Set: 1222 Way: 0 Address: 0x3c56b3198
  Set: 1223 Way: 0 Address: 0x3c56b31cc
  Set: 1224 Way: 0 Address: 0x3c56b3200
  Set: 1224 Way: 1 Address: 0x257713220
  Set: 1231 Way: 0 Address: 0x1909733ce
  Set: 1238 Way: 0 Address: 0x3c56b35a5
  Set: 1239 Way: 0 Address: 0x3c56b35e1
  Set: 1240 Way: 0 Address: 0x3c56b3605
  Set: 1242 Way: 0 Address: 0x190973693
  Set: 1253 Way: 0 Address: 0x190973951
  Set: 1257 Way: 0 Address: 0x34a873a58
  Set: 1264 Way: 0 Address: 0x190973c13
  Set: 1265 Way: 0 Address: 0x3232f3c70
  Set: 1266 Way: 0 Address: 0x3232f3c81
  Set: 1267 Way: 0 Address: 0x3232f3cc0
  Set: 1268 Way: 0 Address: 0x3232f3d02
  Set: 1269 Way: 0 Address: 0x3232f3d41
  Set: 1270 Way: 0 Address: 0x3232f3d83
  Set: 1271 Way: 0 Address: 0x3232f3dc0
  Set: 1272 Way: 0 Address: 0x3232f3e01
  Set: 1273 Way: 0 Address: 0x3232f3e41
  Set: 1274 Way: 0 Address: 0x3232f3e81
  Set: 1275 Way: 0 Address: 0x3232f3ec2
  Set: 1275 Way: 1 Address: 0x190973ed3
  Set: 1276 Way: 0 Address: 0x3232f3f04
  Set: 1277 Way: 0 Address: 0x3232f3f43
  Set: 1278 Way: 0 Address: 0x3232f3f81
  Set: 1279 Way: 0 Address: 0x3232f3fc0
  Set: 1281 Way: 0 Address: 0x3de4d4070
  Set: 1288 Way: 0 Address: 0x3de4d4230
  Set: 1288 Way: 1 Address: 0x3c1074238
  Set: 1288 Way: 2 Address: 0x12993423b
  Set: 1289 Way: 0 Address: 0x129934249
  Set: 1289 Way: 1 Address: 0x3c1074248
  Set: 1299 Way: 0 Address: 0x1299344fb
  Set: 1300 Way: 0 Address: 0x12993450a
  Set: 1310 Way: 0 Address: 0x1299347bb
  Set: 1311 Way: 0 Address: 0x1299347ca
  Set: 1320 Way: 0 Address: 0x129934a3e
  Set: 1321 Way: 0 Address: 0x129934a7b
  Set: 1322 Way: 0 Address: 0x129934a8a
  Set: 1331 Way: 0 Address: 0x129934cfd
  Set: 1332 Way: 0 Address: 0x129934d3b
  Set: 1333 Way: 0 Address: 0x129934d4a
  Set: 1338 Way: 0 Address: 0x397bb4e98
  Set: 1342 Way: 0 Address: 0x129934fbd
  Set: 1343 Way: 0 Address: 0x129934fc0
  Set: 1344 Way: 0 Address: 0x195f15010
  Set: 1344 Way: 1 Address: 0x1b0f1502f
  Set: 1345 Way: 0 Address: 0x1b0f1504a
  Set: 1346 Way: 0 Address: 0x195f15080
  Set: 1355 Way: 0 Address: 0x1b0f152c0
  Set: 1356 Way: 0 Address: 0x1b0f1530a
  Set: 1366 Way: 0 Address: 0x1b0f155af
  Set: 1367 Way: 0 Address: 0x1b0f155ca
  Set: 1376 Way: 0 Address: 0x1b0f1583d
  Set: 1377 Way: 0 Address: 0x1b0f1586f
  Set: 1378 Way: 0 Address: 0x1b0f1588a
  Set: 1387 Way: 0 Address: 0x1b0f15afd
  Set: 1388 Way: 0 Address: 0x1b0f15b2f
  Set: 1389 Way: 0 Address: 0x1b0f15b4a
  Set: 1398 Way: 0 Address: 0x1b0f15dbd
  Set: 1399 Way: 0 Address: 0x1b0f15dfc
  Set: 1400 Way: 0 Address: 0x1b0f15e00
  Set: 1404 Way: 0 Address: 0x354d35f00
  Set: 1405 Way: 0 Address: 0x354d35f40
  Set: 1408 Way: 0 Address: 0x84896018
  Set: 1410 Way: 0 Address: 0x211d16098
  Set: 1435 Way: 0 Address: 0x437366c8
  Set: 1444 Way: 0 Address: 0x84896930
  Set: 1472 Way: 0 Address: 0x276ff7010
  Set: 1476 Way: 0 Address: 0x11241713d
  Set: 1477 Way: 0 Address: 0x11241717b
  Set: 1477 Way: 1 Address: 0x2fbe97170
  Set: 1478 Way: 0 Address: 0x112417180
  Set: 1479 Way: 0 Address: 0x1124171c0
  Set: 1486 Way: 0 Address: 0x12c0773b0
  Set: 1487 Way: 0 Address: 0x1124173fd
  Set: 1488 Way: 0 Address: 0x11241743d
  Set: 1495 Way: 0 Address: 0x2fbe975f8
  Set: 1498 Way: 0 Address: 0x1124176bd
  Set: 1499 Way: 0 Address: 0x1124176fd
  Set: 1508 Way: 0 Address: 0x276ff7930
  Set: 1509 Way: 0 Address: 0x112417940
  Set: 1510 Way: 0 Address: 0x1124179bd
  Set: 1521 Way: 0 Address: 0x112417c7d
  Set: 1531 Way: 0 Address: 0x112417ec0
  Set: 1532 Way: 0 Address: 0x112417f3d
  Set: 1537 Way: 0 Address: 0x2c9898078
  Set: 1537 Way: 1 Address: 0x3fe5807d
  Set: 1538 Way: 0 Address: 0x3fe58080
  Set: 1541 Way: 0 Address: 0x1aafb8158
  Set: 1543 Way: 0 Address: 0xc70781d0
  Set: 1544 Way: 0 Address: 0xc7078238
  Set: 1545 Way: 0 Address: 0xc7078248
  Set: 1545 Way: 1 Address: 0x2c9898258
  Set: 1546 Way: 0 Address: 0xc70782b8
  Set: 1547 Way: 0 Address: 0xc70782e8
  Set: 1548 Way: 0 Address: 0xc7078328
  Set: 1548 Way: 1 Address: 0x3fe58300
  Set: 1549 Way: 0 Address: 0xc7078344
  Set: 1549 Way: 1 Address: 0x3fe58340
  Set: 1550 Way: 0 Address: 0xc7078380
  Set: 1550 Way: 1 Address: 0x3bdd783a8
  Set: 1551 Way: 0 Address: 0xc70783c0
  Set: 1552 Way: 0 Address: 0xc7078400
  Set: 1553 Way: 0 Address: 0xc7078470
  Set: 1556 Way: 0 Address: 0xc7078508
  Set: 1557 Way: 0 Address: 0xc7078540
  Set: 1557 Way: 1 Address: 0x2db378550
  Set: 1558 Way: 0 Address: 0xc7078580
  Set: 1559 Way: 0 Address: 0xc70785c0
  Set: 1559 Way: 1 Address: 0x3fe585fd
  Set: 1560 Way: 0 Address: 0xc7078618
  Set: 1561 Way: 0 Address: 0xc7078640
  Set: 1562 Way: 0 Address: 0xc707868c
  Set: 1563 Way: 0 Address: 0xc70786d0
  Set: 1564 Way: 0 Address: 0xc7078730
  Set: 1565 Way: 0 Address: 0xc7078760
  Set: 1566 Way: 0 Address: 0xc7078790
  Set: 1567 Way: 0 Address: 0xc70787ec
  Set: 1568 Way: 0 Address: 0x3bdd78830
  Set: 1574 Way: 0 Address: 0xc70789a8
  Set: 1575 Way: 0 Address: 0xc70789c0
  Set: 1576 Way: 0 Address: 0xc7078a10
  Set: 1579 Way: 0 Address: 0xc7078ac0
  Set: 1580 Way: 0 Address: 0xc7078b00
  Set: 1581 Way: 0 Address: 0xc7078b40
  Set: 1582 Way: 0 Address: 0xc7078b80
  Set: 1586 Way: 0 Address: 0xc7078c98
  Set: 1592 Way: 0 Address: 0x3fe58e00
  Set: 1593 Way: 0 Address: 0xc7078e40
  Set: 1599 Way: 0 Address: 0x201598fd8
  Set: 1608 Way: 0 Address: 0x292959230
  Set: 1609 Way: 0 Address: 0x292959240
  Set: 1644 Way: 0 Address: 0x312099b00
  Set: 1645 Way: 0 Address: 0x312099b68
  Set: 1647 Way: 0 Address: 0x16a859bd8
  Set: 1655 Way: 0 Address: 0x7b479dc8
  Set: 1663 Way: 0 Address: 0x379d39ff8
  Set: 1664 Way: 0 Address: 0x229b9a000
  Set: 1693 Way: 0 Address: 0x1e561a748
  Set: 1695 Way: 0 Address: 0x1d89da7f8
  Set: 1695 Way: 1 Address: 0x223eda7d0
  Set: 1696 Way: 0 Address: 0x223eda817
  Set: 1697 Way: 0 Address: 0x223eda843
  Set: 1707 Way: 0 Address: 0xc67daaf8
  Set: 1722 Way: 0 Address: 0x1132fae88
  Set: 1722 Way: 1 Address: 0x1e561ae88
  Set: 1733 Way: 0 Address: 0x36889b170
  Set: 1736 Way: 0 Address: 0xc0d9b220
  Set: 1737 Way: 0 Address: 0xc0d9b258
  Set: 1739 Way: 0 Address: 0xcf83b2f0
  Set: 1742 Way: 0 Address: 0x3b377b3a0
  Set: 1742 Way: 1 Address: 0x36889b3b0
  Set: 1744 Way: 0 Address: 0xcf83b42c
  Set: 1776 Way: 0 Address: 0x394edbc20
  Set: 1777 Way: 0 Address: 0x394edbc50
  Set: 1778 Way: 0 Address: 0x394edbcb8
  Set: 1779 Way: 0 Address: 0x394edbcff
  Set: 1780 Way: 0 Address: 0x394edbd38
  Set: 1781 Way: 0 Address: 0x394edbd64
  Set: 1782 Way: 0 Address: 0x394edbdb8
  Set: 1783 Way: 0 Address: 0x394edbdc0
  Set: 1784 Way: 0 Address: 0x394edbe00
  Set: 1785 Way: 0 Address: 0x394edbe40
  Set: 1786 Way: 0 Address: 0x394edbe80
  Set: 1787 Way: 0 Address: 0x394edbec0
  Set: 1788 Way: 0 Address: 0x394edbf00
  Set: 1789 Way: 0 Address: 0x394edbf40
  Set: 1790 Way: 0 Address: 0x394edbf80
  Set: 1791 Way: 0 Address: 0x394edbfc0
  Set: 1792 Way: 0 Address: 0xdf85c000
  Set: 1797 Way: 0 Address: 0x4dd9c150
  Set: 1825 Way: 0 Address: 0x4dd9c840
  Set: 1828 Way: 0 Address: 0x38e35c930
  Set: 1835 Way: 0 Address: 0x38e35cad8
  Set: 1836 Way: 0 Address: 0x38e35cb32
  Set: 1848 Way: 0 Address: 0x12c6fce00
  Set: 1849 Way: 0 Address: 0x12c6fce50
  Set: 1851 Way: 0 Address: 0x12c6fcec0
  Set: 1856 Way: 0 Address: 0x23755d00a
  Set: 1865 Way: 0 Address: 0x23755d27d
  Set: 1866 Way: 0 Address: 0x23755d2bb
  Set: 1867 Way: 0 Address: 0x23755d2c0
  Set: 1876 Way: 0 Address: 0x23755d500
  Set: 1877 Way: 0 Address: 0x23755d57b
  Set: 1878 Way: 0 Address: 0x23755d580
  Set: 1885 Way: 0 Address: 0xe51bd748
  Set: 1886 Way: 0 Address: 0x1add7b0
  Set: 1887 Way: 0 Address: 0x1add7c4
  Set: 1887 Way: 1 Address: 0x23755d7fd
  Set: 1888 Way: 0 Address: 0x1add801
  Set: 1888 Way: 1 Address: 0x23755d83d
  Set: 1889 Way: 0 Address: 0x1add840
  Set: 1889 Way: 1 Address: 0x23755d840
  Set: 1890 Way: 0 Address: 0x1add882
  Set: 1891 Way: 0 Address: 0x1add8c1
  Set: 1897 Way: 0 Address: 0x1adda40
  Set: 1898 Way: 0 Address: 0x1adda80
  Set: 1898 Way: 1 Address: 0x23755dabd
  Set: 1899 Way: 0 Address: 0x1addac0
  Set: 1899 Way: 1 Address: 0x23755dafd
  Set: 1900 Way: 0 Address: 0x23755db00
  Set: 1908 Way: 0 Address: 0x1addd1f
  Set: 1909 Way: 0 Address: 0x23755dd7d
  Set: 1910 Way: 0 Address: 0xe51bdd80
  Set: 1910 Way: 1 Address: 0x23755ddbd
  Set: 1911 Way: 0 Address: 0x23755ddc0
  Set: 1920 Way: 0 Address: 0x28b67e000
  Set: 1923 Way: 0 Address: 0x2db79e0fb
  Set: 1924 Way: 0 Address: 0x2db79e10b
  Set: 1933 Way: 0 Address: 0x2db79e37d
  Set: 1934 Way: 0 Address: 0x2db79e3bb
  Set: 1935 Way: 0 Address: 0x2db79e3cb
  Set: 1944 Way: 0 Address: 0x2db79e63d
  Set: 1945 Way: 0 Address: 0x2db79e67b
  Set: 1946 Way: 0 Address: 0x2db79e680
  Set: 1948 Way: 0 Address: 0x1f919e720
  Set: 1949 Way: 0 Address: 0x1f919e74d
  Set: 1950 Way: 0 Address: 0x1f919e781
  Set: 1951 Way: 0 Address: 0x1f919e7c2
  Set: 1951 Way: 1 Address: 0x28b67e7f8
  Set: 1952 Way: 0 Address: 0x1f919e802
  Set: 1955 Way: 0 Address: 0x2db79e8fd
  Set: 1956 Way: 0 Address: 0x2db79e93b
  Set: 1957 Way: 0 Address: 0x2db79e940
  Set: 1963 Way: 0 Address: 0x20597eaf8
  Set: 1964 Way: 0 Address: 0x20597eb00
  Set: 1966 Way: 0 Address: 0x2db79ebbd
  Set: 1967 Way: 0 Address: 0x2db79ebfb
  Set: 1968 Way: 0 Address: 0x2db79ec00
  Set: 1971 Way: 0 Address: 0x20597ecf0
  Set: 1975 Way: 0 Address: 0x2c077ede2
  Set: 1976 Way: 0 Address: 0x2c077ee02
  Set: 1977 Way: 0 Address: 0x2c077ee40
  Set: 1977 Way: 1 Address: 0x2db79ee7d
  Set: 1978 Way: 0 Address: 0x20597ee90
  Set: 1978 Way: 1 Address: 0x2db79ee80
  Set: 1979 Way: 0 Address: 0x2db79eec0
  Set: 1994 Way: 0 Address: 0x3567df2b8
  Set: 2005 Way: 0 Address: 0x3567df578
  Set: 2016 Way: 0 Address: 0x3567df838
  Set: 2027 Way: 0 Address: 0x3567dfaf8
  Set: 2038 Way: 0 Address: 0x3567dfdb8
EndCache
