Cache: cpu0_STLB
  Set: 0 Way: 0 Address: 0x400330
  Set: 6 Way: 0 Address: 0x406fc7
  Set: 7 Way: 0 Address: 0x407008
  Set: 37 Way: 0 Address: 0x42552c
  Set: 40 Way: 0 Address: 0x728028
  Set: 41 Way: 0 Address: 0x7294b0
  Set: 43 Way: 0 Address: 0x42bde6
  Set: 44 Way: 0 Address: 0x42cc90
  Set: 45 Way: 0 Address: 0x42d0e4
  Set: 46 Way: 0 Address: 0x42e220
  Set: 47 Way: 0 Address: 0x42f3a0
  Set: 48 Way: 0 Address: 0x430900
  Set: 49 Way: 0 Address: 0x431060
  Set: 50 Way: 0 Address: 0x43233a
  Set: 51 Way: 0 Address: 0x7fff425b3fd0
  Set: 52 Way: 0 Address: 0x7fff425b42d0
  Set: 53 Way: 0 Address: 0x7fff425b51d0
  Set: 60 Way: 0 Address: 0x7f18f1abcdc0
  Set: 80 Way: 0 Address: 0x4d0370
  Set: 83 Way: 0 Address: 0x4d39c0
  Set: 97 Way: 0 Address: 0x4e1680
  Set: 97 Way: 1 Address: 0x461bf0
  Set: 107 Way: 0 Address: 0x4eb820
  Set: 111 Way: 0 Address: 0x4ef848
  Set: 113 Way: 0 Address: 0x4711d0
  Set: 114 Way: 0 Address: 0x472030
  Set: 114 Way: 1 Address: 0x4f2780
  Set: 115 Way: 0 Address: 0x4f32e8
  Set: 126 Way: 0 Address: 0x4fe6b0
  Set: 126 Way: 1 Address: 0x7f1b10ffe9a0
EndCache
Cache: cpu0_L2C
  Set: 16 Way: 0 Address: 0x14bb10438
  Set: 36 Way: 0 Address: 0x342b40900
  Set: 37 Way: 0 Address: 0x342b40944
  Set: 38 Way: 0 Address: 0x342b40983
  Set: 39 Way: 0 Address: 0x342b409c1
  Set: 40 Way: 0 Address: 0x342b40a02
  Set: 41 Way: 0 Address: 0x342b40a43
  Set: 47 Way: 0 Address: 0x342b40bc0
  Set: 49 Way: 0 Address: 0x6e620c68
  Set: 52 Way: 0 Address: 0x342b40d30
  Set: 53 Way: 0 Address: 0x342b40d40
  Set: 54 Way: 0 Address: 0x342b40d82
  Set: 55 Way: 0 Address: 0x342b40df0
  Set: 56 Way: 0 Address: 0x342b40e00
  Set: 57 Way: 0 Address: 0x342b40e50
  Set: 58 Way: 0 Address: 0x342b40e80
  Set: 59 Way: 0 Address: 0x342b40ec2
  Set: 60 Way: 0 Address: 0x342b40f01
  Set: 61 Way: 0 Address: 0x342b40f44
  Set: 62 Way: 0 Address: 0x342b40f80
  Set: 63 Way: 0 Address: 0x2177f0ff0
  Set: 63 Way: 1 Address: 0x342b40fd8
  Set: 64 Way: 0 Address: 0x113201000
  Set: 69 Way: 0 Address: 0x113201178
  Set: 70 Way: 0 Address: 0x181c81190
  Set: 78 Way: 0 Address: 0x113201388
  Set: 94 Way: 0 Address: 0x181c81798
  Set: 101 Way: 0 Address: 0xf6e81940
  Set: 127 Way: 0 Address: 0x2a4841fe8
  Set: 133 Way: 0 Address: 0x9cff2168
  Set: 133 Way: 1 Address: 0x1c84e2168
  Set: 133 Way: 2 Address: 0x6d0c2170
  Set: 133 Way: 3 Address: 0x1995f2160
  Set: 141 Way: 0 Address: 0x133c92360
  Set: 142 Way: 0 Address: 0x9cff2390
  Set: 157 Way: 0 Address: 0x1995f2778
  Set: 159 Way: 0 Address: 0x1c84e27f0
  Set: 160 Way: 0 Address: 0x1064c2820
  Set: 161 Way: 0 Address: 0x1064c2848
  Set: 162 Way: 0 Address: 0x1064c2880
  Set: 168 Way: 0 Address: 0x1064c2a20
  Set: 174 Way: 0 Address: 0x1064c2b80
  Set: 178 Way: 0 Address: 0x1064c2ca8
  Set: 180 Way: 0 Address: 0x1064c2d00
  Set: 181 Way: 0 Address: 0x1064c2d48
  Set: 182 Way: 0 Address: 0x1064c2da0
  Set: 192 Way: 0 Address: 0x2b2e93038
  Set: 192 Way: 1 Address: 0x25771300d
  Set: 193 Way: 0 Address: 0x257713060
  Set: 194 Way: 0 Address: 0x257713085
  Set: 195 Way: 0 Address: 0x2577130c1
  Set: 196 Way: 0 Address: 0x257713102
  Set: 197 Way: 0 Address: 0x257713150
  Set: 198 Way: 0 Address: 0x3b0803188
  Set: 198 Way: 1 Address: 0x257713190
  Set: 198 Way: 2 Address: 0x34a873190
  Set: 199 Way: 0 Address: 0x3c56b31d0
  Set: 199 Way: 1 Address: 0x2577131c1
  Set: 200 Way: 0 Address: 0x3c56b3210
  Set: 200 Way: 1 Address: 0x257713208
  Set: 201 Way: 0 Address: 0x3c56b3242
  Set: 201 Way: 1 Address: 0x257713240
  Set: 202 Way: 0 Address: 0x257713283
  Set: 203 Way: 0 Address: 0x2577132fa
  Set: 204 Way: 0 Address: 0x257713302
  Set: 205 Way: 0 Address: 0x257713341
  Set: 206 Way: 0 Address: 0x257713380
  Set: 207 Way: 0 Address: 0x2577133c2
  Set: 208 Way: 0 Address: 0x257713421
  Set: 209 Way: 0 Address: 0x257713445
  Set: 210 Way: 0 Address: 0x257713490
  Set: 211 Way: 0 Address: 0x2577134c1
  Set: 215 Way: 0 Address: 0x2577135e0
  Set: 216 Way: 0 Address: 0x257713620
  Set: 218 Way: 0 Address: 0x2b2e93680
  Set: 221 Way: 0 Address: 0x3232f3758
  Set: 221 Way: 1 Address: 0x257713758
  Set: 222 Way: 0 Address: 0x3b0803790
  Set: 222 Way: 1 Address: 0x2577137b0
  Set: 223 Way: 0 Address: 0x263c137f8
  Set: 223 Way: 1 Address: 0x2577137c1
  Set: 224 Way: 0 Address: 0x257713802
  Set: 225 Way: 0 Address: 0x257713841
  Set: 226 Way: 0 Address: 0x257713880
  Set: 227 Way: 0 Address: 0x2577138c3
  Set: 228 Way: 0 Address: 0x257713901
  Set: 229 Way: 0 Address: 0x257713964
  Set: 230 Way: 0 Address: 0x257713980
  Set: 231 Way: 0 Address: 0x2577139cf
  Set: 232 Way: 0 Address: 0x257713a05
  Set: 233 Way: 0 Address: 0x257713a5e
  Set: 234 Way: 0 Address: 0x257713a8d
  Set: 235 Way: 0 Address: 0x257713af3
  Set: 236 Way: 0 Address: 0x257713b14
  Set: 237 Way: 0 Address: 0x257713b40
  Set: 238 Way: 0 Address: 0x257713b86
  Set: 239 Way: 0 Address: 0x257713bc0
  Set: 247 Way: 0 Address: 0x257713df0
  Set: 248 Way: 0 Address: 0x257713e01
  Set: 249 Way: 0 Address: 0x257713e40
  Set: 250 Way: 0 Address: 0x257713e81
  Set: 251 Way: 0 Address: 0x257713ee7
  Set: 252 Way: 0 Address: 0x257713f02
  Set: 253 Way: 0 Address: 0x257713f40
  Set: 254 Way: 0 Address: 0x257713f86
  Set: 255 Way: 0 Address: 0x257713fc7
  Set: 256 Way: 0 Address: 0x397bb4030
  Set: 256 Way: 1 Address: 0x3c1074030
  Set: 256 Way: 2 Address: 0x129934030
  Set: 257 Way: 0 Address: 0x397bb4047
  Set: 257 Way: 1 Address: 0x129934040
  Set: 258 Way: 0 Address: 0x397bb4083
  Set: 258 Way: 1 Address: 0x1299340b0
  Set: 259 Way: 0 Address: 0x397bb40c2
  Set: 259 Way: 1 Address: 0x1299340e0
  Set: 260 Way: 0 Address: 0x3c1074128
  Set: 260 Way: 1 Address: 0x129934130
  Set: 261 Way: 0 Address: 0x129934168
  Set: 262 Way: 0 Address: 0x129934198
  Set: 263 Way: 0 Address: 0x1299341e8
  Set: 264 Way: 0 Address: 0x129934200
  Set: 265 Way: 0 Address: 0x129934278
  Set: 266 Way: 0 Address: 0x129934288
  Set: 267 Way: 0 Address: 0x1299342d0
  Set: 268 Way: 0 Address: 0x129934308
  Set: 269 Way: 0 Address: 0x129934378
  Set: 270 Way: 0 Address: 0x3de4d4388
  Set: 270 Way: 1 Address: 0x1299343b8
  Set: 271 Way: 0 Address: 0x1299343e0
  Set: 272 Way: 0 Address: 0x129934400
  Set: 273 Way: 0 Address: 0x129934440
  Set: 274 Way: 0 Address: 0x129934480
  Set: 275 Way: 0 Address: 0x1299344f8
  Set: 276 Way: 0 Address: 0x129934538
  Set: 277 Way: 0 Address: 0x129934558
  Set: 278 Way: 0 Address: 0x129934580
  Set: 279 Way: 0 Address: 0x1299345d0
  Set: 280 Way: 0 Address: 0x129934600
  Set: 281 Way: 0 Address: 0x129934640
  Set: 282 Way: 0 Address: 0x1299346b8
  Set: 283 Way: 0 Address: 0x1299346f8
  Set: 284 Way: 0 Address: 0x129934710
  Set: 285 Way: 0 Address: 0x129934740
  Set: 286 Way: 0 Address: 0x129934780
  Set: 287 Way: 0 Address: 0x1299347c0
  Set: 288 Way: 0 Address: 0x129934808
  Set: 289 Way: 0 Address: 0x129934860
  Set: 290 Way: 0 Address: 0x129934898
  Set: 291 Way: 0 Address: 0x1299348c0
  Set: 292 Way: 0 Address: 0x129934900
  Set: 293 Way: 0 Address: 0x129934970
  Set: 294 Way: 0 Address: 0x129934990
  Set: 295 Way: 0 Address: 0x1299349e8
  Set: 296 Way: 0 Address: 0x129934a00
  Set: 297 Way: 0 Address: 0x129934a40
  Set: 298 Way: 0 Address: 0x129934ab0
  Set: 299 Way: 0 Address: 0x129934ae0
  Set: 300 Way: 0 Address: 0x129934b38
  Set: 301 Way: 0 Address: 0x397bb4b70
  Set: 301 Way: 1 Address: 0x129934b40
  Set: 302 Way: 0 Address: 0x397bb4b80
  Set: 302 Way: 1 Address: 0x129934b80
  Set: 303 Way: 0 Address: 0x129934bc0
  Set: 304 Way: 0 Address: 0x129934c30
  Set: 305 Way: 0 Address: 0x397bb4c58
  Set: 306 Way: 0 Address: 0x129934cb8
  Set: 307 Way: 0 Address: 0x129934cd8
  Set: 311 Way: 0 Address: 0x129934dd0
  Set: 312 Way: 0 Address: 0x129934e00
  Set: 313 Way: 0 Address: 0x129934e40
  Set: 314 Way: 0 Address: 0x129934e80
  Set: 315 Way: 0 Address: 0x129934ec0
  Set: 316 Way: 0 Address: 0x129934f20
  Set: 317 Way: 0 Address: 0x129934f78
  Set: 318 Way: 0 Address: 0x129934f80
  Set: 320 Way: 0 Address: 0x195f15010
  Set: 320 Way: 1 Address: 0x354d35030
  Set: 324 Way: 0 Address: 0x27258510d
  Set: 325 Way: 0 Address: 0x272585144
  Set: 326 Way: 0 Address: 0x1b0f15180
  Set: 326 Way: 1 Address: 0x272585190
  Set: 332 Way: 0 Address: 0x27258533a
  Set: 333 Way: 0 Address: 0x272585358
  Set: 334 Way: 0 Address: 0x272585390
  Set: 346 Way: 0 Address: 0x1b0f15698
  Set: 349 Way: 0 Address: 0x1b0f15758
  Set: 384 Way: 0 Address: 0x43736018
  Set: 386 Way: 0 Address: 0x211d16088
  Set: 388 Way: 0 Address: 0x3dae66128
  Set: 389 Way: 0 Address: 0x3dae66158
  Set: 390 Way: 0 Address: 0x27d4c6188
  Set: 396 Way: 0 Address: 0x27d4c6308
  Set: 396 Way: 1 Address: 0x3d87a6308
  Set: 397 Way: 0 Address: 0x211d16370
  Set: 398 Way: 0 Address: 0x211d163a0
  Set: 410 Way: 0 Address: 0x84896680
  Set: 412 Way: 0 Address: 0x84896708
  Set: 414 Way: 0 Address: 0x3d87a6798
  Set: 448 Way: 0 Address: 0x309887028
  Set: 449 Way: 0 Address: 0x309887040
  Set: 474 Way: 0 Address: 0xbeea7698
  Set: 476 Way: 0 Address: 0xbeea7708
  Set: 490 Way: 0 Address: 0x276ff7ab0
  Set: 491 Way: 0 Address: 0x276ff7ac1
  Set: 492 Way: 0 Address: 0x276ff7b00
  Set: 493 Way: 0 Address: 0x276ff7b40
  Set: 494 Way: 0 Address: 0x276ff7b83
  Set: 495 Way: 0 Address: 0x276ff7bc5
  Set: 511 Way: 0 Address: 0x276ff7fc7
  Set: 512 Way: 0 Address: 0x1aafb8007
  Set: 513 Way: 0 Address: 0x1aafb8042
  Set: 514 Way: 0 Address: 0x1aafb8080
  Set: 515 Way: 0 Address: 0x1aafb80e4
  Set: 516 Way: 0 Address: 0x1aafb8101
  Set: 517 Way: 0 Address: 0x1aafb8140
  Set: 518 Way: 0 Address: 0x1aafb8190
  Set: 519 Way: 0 Address: 0x1aafb81c8
  Set: 523 Way: 0 Address: 0x1aafb82fc
  Set: 524 Way: 0 Address: 0x1aafb8304
  Set: 533 Way: 0 Address: 0xc7078550
  Set: 536 Way: 0 Address: 0xc7078610
  Set: 537 Way: 0 Address: 0x3bdd78650
  Set: 538 Way: 0 Address: 0xc70786b0
  Set: 538 Way: 1 Address: 0x3bdd78680
  Set: 539 Way: 0 Address: 0x3bdd786f0
  Set: 540 Way: 0 Address: 0x3bdd78700
  Set: 551 Way: 0 Address: 0x2c98989c0
  Set: 566 Way: 0 Address: 0x201598da0
  Set: 581 Way: 0 Address: 0x2ee369158
  Set: 605 Way: 0 Address: 0x2ee369778
  Set: 613 Way: 0 Address: 0x292959948
  Set: 614 Way: 0 Address: 0x2c87499a8
  Set: 615 Way: 0 Address: 0x2c87499e8
  Set: 616 Way: 0 Address: 0x2c8749a38
  Set: 617 Way: 0 Address: 0x2c8749a78
  Set: 618 Way: 0 Address: 0x2c8749a88
  Set: 619 Way: 0 Address: 0x2c8749af8
  Set: 620 Way: 0 Address: 0x2c8749b38
  Set: 621 Way: 0 Address: 0x2c8749b40
  Set: 622 Way: 0 Address: 0x2c8749b88
  Set: 623 Way: 0 Address: 0x312099bf0
  Set: 623 Way: 1 Address: 0x2c8749bd0
  Set: 624 Way: 0 Address: 0x312099c02
  Set: 624 Way: 1 Address: 0x2c8749c00
  Set: 625 Way: 0 Address: 0x312099c40
  Set: 625 Way: 1 Address: 0x2c8749c70
  Set: 626 Way: 0 Address: 0x312099c82
  Set: 626 Way: 1 Address: 0x2c8749c80
  Set: 627 Way: 0 Address: 0x2c8749ce0
  Set: 627 Way: 1 Address: 0x312099cde
  Set: 628 Way: 0 Address: 0x2c8749d00
  Set: 629 Way: 0 Address: 0x2c8749d40
  Set: 630 Way: 0 Address: 0x2c8749db8
  Set: 631 Way: 0 Address: 0x2c8749dd8
  Set: 632 Way: 0 Address: 0x2c8749e30
  Set: 633 Way: 0 Address: 0x2c8749e40
  Set: 634 Way: 0 Address: 0x2c8749e80
  Set: 635 Way: 0 Address: 0x2c8749ef8
  Set: 636 Way: 0 Address: 0x2c8749f28
  Set: 637 Way: 0 Address: 0x2c8749f78
  Set: 638 Way: 0 Address: 0x2c8749fb8
  Set: 639 Way: 0 Address: 0x2c8749fd0
  Set: 640 Way: 0 Address: 0x229b9a000
  Set: 640 Way: 1 Address: 0x1d89da000
  Set: 652 Way: 0 Address: 0x223eda330
  Set: 653 Way: 0 Address: 0x223eda360
  Set: 710 Way: 0 Address: 0xc0d9b180
  Set: 715 Way: 0 Address: 0xcf83b2e8
  Set: 717 Way: 0 Address: 0xcf83b340
  Set: 718 Way: 0 Address: 0xcf83b388
  Set: 719 Way: 0 Address: 0xcf83b3e0
  Set: 724 Way: 0 Address: 0x394edb52c
  Set: 725 Way: 0 Address: 0x394edb540
  Set: 726 Way: 0 Address: 0x394edb5a9
  Set: 734 Way: 0 Address: 0xc0d9b790
  Set: 742 Way: 0 Address: 0x3b377b9a0
  Set: 743 Way: 0 Address: 0x3b377b9c0
  Set: 744 Way: 0 Address: 0x3b377ba00
  Set: 745 Way: 0 Address: 0x3b377ba40
  Set: 768 Way: 0 Address: 0xdf85c000
  Set: 770 Way: 0 Address: 0x29484c090
  Set: 774 Way: 0 Address: 0x12c6fc190
  Set: 775 Way: 0 Address: 0x12c6fc1f0
  Set: 776 Way: 0 Address: 0x12c6fc220
  Set: 777 Way: 0 Address: 0x12c6fc242
  Set: 778 Way: 0 Address: 0x12c6fc282
  Set: 779 Way: 0 Address: 0x12c6fc2c3
  Set: 780 Way: 0 Address: 0x12c6fc301
  Set: 781 Way: 0 Address: 0x12c6fc340
  Set: 782 Way: 0 Address: 0x12c6fc381
  Set: 784 Way: 0 Address: 0x12c6fc420
  Set: 785 Way: 0 Address: 0x12c6fc459
  Set: 786 Way: 0 Address: 0x12c6fc481
  Set: 811 Way: 0 Address: 0x38e35caf0
  Set: 812 Way: 0 Address: 0x38e35cb03
  Set: 813 Way: 0 Address: 0x38e35cb42
  Set: 814 Way: 0 Address: 0x38e35cb81
  Set: 815 Way: 0 Address: 0x38e35cbc1
  Set: 816 Way: 0 Address: 0x38e35cc00
  Set: 817 Way: 0 Address: 0x38e35cc45
  Set: 821 Way: 0 Address: 0x38e35cd46
  Set: 822 Way: 0 Address: 0x38e35cd82
  Set: 823 Way: 0 Address: 0x38e35cde6
  Set: 824 Way: 0 Address: 0x38e35ce00
  Set: 825 Way: 0 Address: 0x38e35ce45
  Set: 829 Way: 0 Address: 0x38e35cf40
  Set: 831 Way: 0 Address: 0x38e35cff0
  Set: 832 Way: 0 Address: 0x1add008
  Set: 833 Way: 0 Address: 0x1add042
  Set: 834 Way: 0 Address: 0x1add084
  Set: 834 Way: 1 Address: 0x23755d098
  Set: 835 Way: 0 Address: 0x1add0c1
  Set: 836 Way: 0 Address: 0x1add103
  Set: 836 Way: 1 Address: 0x23755d100
  Set: 837 Way: 0 Address: 0x1add145
  Set: 837 Way: 1 Address: 0x23755d145
  Set: 838 Way: 0 Address: 0x1add181
  Set: 838 Way: 1 Address: 0x23755d186
  Set: 839 Way: 0 Address: 0x1add1c1
  Set: 839 Way: 1 Address: 0x23755d1e8
  Set: 840 Way: 0 Address: 0x1add206
  Set: 841 Way: 0 Address: 0x1add240
  Set: 841 Way: 1 Address: 0x23755d248
  Set: 842 Way: 0 Address: 0x1add280
  Set: 842 Way: 1 Address: 0x23755d28d
  Set: 843 Way: 0 Address: 0x1add2c8
  Set: 843 Way: 1 Address: 0x23755d2c1
  Set: 844 Way: 0 Address: 0x1add303
  Set: 845 Way: 0 Address: 0x1add342
  Set: 846 Way: 0 Address: 0x1add380
  Set: 847 Way: 0 Address: 0x1add3c3
  Set: 848 Way: 0 Address: 0x1add403
  Set: 849 Way: 0 Address: 0x1add445
  Set: 849 Way: 1 Address: 0x23755d449
  Set: 850 Way: 0 Address: 0x1add486
  Set: 850 Way: 1 Address: 0x23755d483
  Set: 851 Way: 0 Address: 0x23755d4f6
  Set: 860 Way: 0 Address: 0x23755d713
  Set: 861 Way: 0 Address: 0x23755d757
  Set: 862 Way: 0 Address: 0x23755d782
  Set: 863 Way: 0 Address: 0x5588d7f0
  Set: 863 Way: 1 Address: 0x23755d7c3
  Set: 864 Way: 0 Address: 0x23755d803
  Set: 865 Way: 0 Address: 0x23755d841
  Set: 866 Way: 0 Address: 0x23755d886
  Set: 874 Way: 0 Address: 0x23755daa0
  Set: 875 Way: 0 Address: 0x23755dac1
  Set: 876 Way: 0 Address: 0x23755db03
  Set: 877 Way: 0 Address: 0x23755db44
  Set: 878 Way: 0 Address: 0x23755db80
  Set: 879 Way: 0 Address: 0x23755dbc3
  Set: 880 Way: 0 Address: 0x23755dc03
  Set: 881 Way: 0 Address: 0x23755dc45
  Set: 882 Way: 0 Address: 0x23755dc90
  Set: 883 Way: 0 Address: 0x23755dcc0
  Set: 884 Way: 0 Address: 0x23755dd10
  Set: 885 Way: 0 Address: 0x23755dd68
  Set: 886 Way: 0 Address: 0x23755dd85
  Set: 887 Way: 0 Address: 0x23755ddc2
  Set: 888 Way: 0 Address: 0x23755de00
  Set: 892 Way: 0 Address: 0x23755df00
  Set: 893 Way: 0 Address: 0x23755df41
  Set: 894 Way: 0 Address: 0x23755dfb3
  Set: 895 Way: 0 Address: 0x23755dfc4
  Set: 896 Way: 0 Address: 0x28b67e000
  Set: 901 Way: 0 Address: 0x3734ee170
  Set: 904 Way: 0 Address: 0x1f919e220
  Set: 905 Way: 0 Address: 0x1f919e241
  Set: 906 Way: 0 Address: 0x1f919e2a0
  Set: 907 Way: 0 Address: 0x1f919e2d7
  Set: 908 Way: 0 Address: 0x1f919e303
  Set: 908 Way: 1 Address: 0x1c084e318
  Set: 909 Way: 0 Address: 0x1f919e340
  Set: 910 Way: 0 Address: 0x1f919e3a0
  Set: 911 Way: 0 Address: 0x1f919e3c3
  Set: 912 Way: 0 Address: 0x1f919e408
  Set: 927 Way: 0 Address: 0x28b67e7f8
  Set: 927 Way: 1 Address: 0x3734ee7f0
  Set: 950 Way: 0 Address: 0x2f5d8eda8
  Set: 950 Way: 1 Address: 0x20597ed98
  Set: 951 Way: 0 Address: 0x2db79edc0
  Set: 961 Way: 0 Address: 0x143ef070
  Set: 962 Way: 0 Address: 0x143ef0b8
  Set: 963 Way: 0 Address: 0x143ef0d0
  Set: 966 Way: 0 Address: 0x143ef1b8
  Set: 967 Way: 0 Address: 0x143ef1d0
  Set: 968 Way: 0 Address: 0x143ef210
  Set: 969 Way: 0 Address: 0x143ef260
  Set: 970 Way: 0 Address: 0x143ef280
  Set: 973 Way: 0 Address: 0x143ef378
  Set: 974 Way: 0 Address: 0x143ef38c
  Set: 975 Way: 0 Address: 0x143ef3f0
  Set: 976 Way: 0 Address: 0x143ef400
  Set: 976 Way: 1 Address: 0xee86f400
  Set: 977 Way: 0 Address: 0x143ef448
  Set: 977 Way: 1 Address: 0xee86f448
  Set: 978 Way: 0 Address: 0x16390f4b0
  Set: 978 Way: 1 Address: 0x143ef4b0
  Set: 979 Way: 0 Address: 0x16390f4f0
  Set: 979 Way: 1 Address: 0x143ef4d0
  Set: 980 Way: 0 Address: 0x143ef500
  Set: 982 Way: 0 Address: 0xee86f5a0
  Set: 983 Way: 0 Address: 0x22272f5e0
  Set: 983 Way: 1 Address: 0xee86f5f8
  Set: 984 Way: 0 Address: 0xee86f638
  Set: 985 Way: 0 Address: 0xee86f678
  Set: 986 Way: 0 Address: 0xee86f6a8
  Set: 988 Way: 0 Address: 0xee86f708
  Set: 989 Way: 0 Address: 0xee86f758
  Set: 990 Way: 0 Address: 0x23756f780
  Set: 990 Way: 1 Address: 0xee86f7b8
  Set: 991 Way: 0 Address: 0xee86f7f8
  Set: 992 Way: 0 Address: 0xee86f808
  Set: 993 Way: 0 Address: 0xee86f848
  Set: 1009 Way: 0 Address: 0xee86fc60
EndCache
Cache: cpu0_L1I
  Set: 0 Way: 0 Address: 0x397bb4030
  Set: 0 Way: 1 Address: 0x1add008
  Set: 0 Way: 2 Address: 0x1aafb8007
  Set: 0 Way: 3 Address: 0x25771300d
  Set: 1 Way: 0 Address: 0x397bb4055
  Set: 1 Way: 1 Address: 0x1add042
  Set: 1 Way: 2 Address: 0x257713060
  Set: 1 Way: 3 Address: 0x1aafb8042
  Set: 2 Way: 0 Address: 0x397bb4096
  Set: 2 Way: 1 Address: 0x1add0a9
  Set: 2 Way: 2 Address: 0x23755d098
  Set: 2 Way: 3 Address: 0x257713085
  Set: 2 Way: 4 Address: 0x1aafb8080
  Set: 3 Way: 0 Address: 0x397bb40c2
  Set: 3 Way: 1 Address: 0x1aafb80e4
  Set: 3 Way: 2 Address: 0x1add0f6
  Set: 3 Way: 3 Address: 0x2577130c1
  Set: 4 Way: 0 Address: 0x1aafb8101
  Set: 4 Way: 1 Address: 0x1add138
  Set: 4 Way: 2 Address: 0x23755d13f
  Set: 4 Way: 3 Address: 0x257713102
  Set: 4 Way: 4 Address: 0x27258510d
  Set: 5 Way: 0 Address: 0x1aafb8140
  Set: 5 Way: 1 Address: 0x1add14e
  Set: 5 Way: 2 Address: 0x23755d145
  Set: 5 Way: 3 Address: 0x257713150
  Set: 5 Way: 4 Address: 0x272585144
  Set: 6 Way: 0 Address: 0x1add1b3
  Set: 6 Way: 1 Address: 0x23755d186
  Set: 6 Way: 2 Address: 0x2577131ad
  Set: 6 Way: 3 Address: 0x12c6fc190
  Set: 6 Way: 4 Address: 0x272585190
  Set: 6 Way: 5 Address: 0x1aafb8190
  Set: 7 Way: 0 Address: 0x3c56b31d0
  Set: 7 Way: 1 Address: 0x1add1f8
  Set: 7 Way: 2 Address: 0x23755d1e8
  Set: 7 Way: 3 Address: 0x1aafb81c8
  Set: 7 Way: 4 Address: 0x2577131c1
  Set: 7 Way: 5 Address: 0x12c6fc1f0
  Set: 8 Way: 0 Address: 0x3c56b3232
  Set: 8 Way: 1 Address: 0x1f919e23e
  Set: 8 Way: 2 Address: 0x12c6fc220
  Set: 8 Way: 3 Address: 0x1add22e
  Set: 8 Way: 4 Address: 0x257713208
  Set: 9 Way: 0 Address: 0x3c56b3242
  Set: 9 Way: 1 Address: 0x1f919e274
  Set: 9 Way: 2 Address: 0x12c6fc242
  Set: 9 Way: 3 Address: 0x1add279
  Set: 9 Way: 4 Address: 0x23755d248
  Set: 9 Way: 5 Address: 0x257713268
  Set: 10 Way: 0 Address: 0x1f919e2a0
  Set: 10 Way: 1 Address: 0x12c6fc282
  Set: 10 Way: 2 Address: 0x1add2b2
  Set: 10 Way: 3 Address: 0x23755d28d
  Set: 10 Way: 4 Address: 0x257713283
  Set: 11 Way: 0 Address: 0x1f919e2f9
  Set: 11 Way: 1 Address: 0x12c6fc2ee
  Set: 11 Way: 2 Address: 0x1add2f1
  Set: 11 Way: 3 Address: 0x23755d2c1
  Set: 11 Way: 4 Address: 0x1aafb82fc
  Set: 11 Way: 5 Address: 0x2577132fa
  Set: 12 Way: 0 Address: 0x223eda330
  Set: 12 Way: 1 Address: 0x1f919e303
  Set: 12 Way: 2 Address: 0x12c6fc329
  Set: 12 Way: 3 Address: 0x1add303
  Set: 12 Way: 4 Address: 0x1aafb8304
  Set: 12 Way: 5 Address: 0x27258533a
  Set: 12 Way: 6 Address: 0x257713302
  Set: 13 Way: 0 Address: 0x1f919e370
  Set: 13 Way: 1 Address: 0x12c6fc340
  Set: 13 Way: 2 Address: 0x1add342
  Set: 13 Way: 3 Address: 0x223eda360
  Set: 13 Way: 4 Address: 0x272585358
  Set: 13 Way: 5 Address: 0x257713369
  Set: 14 Way: 0 Address: 0x1f919e383
  Set: 14 Way: 1 Address: 0x12c6fc381
  Set: 14 Way: 2 Address: 0x1add3ac
  Set: 14 Way: 3 Address: 0x272585390
  Set: 14 Way: 4 Address: 0x257713380
  Set: 15 Way: 0 Address: 0x1f919e3c3
  Set: 15 Way: 1 Address: 0x1add3f3
  Set: 15 Way: 2 Address: 0x2577133e2
  Set: 16 Way: 0 Address: 0x1f919e408
  Set: 16 Way: 1 Address: 0x1add43f
  Set: 16 Way: 2 Address: 0x257713421
  Set: 16 Way: 3 Address: 0x12c6fc420
  Set: 17 Way: 0 Address: 0x12c6fc459
  Set: 17 Way: 1 Address: 0x1add445
  Set: 17 Way: 2 Address: 0x23755d449
  Set: 17 Way: 3 Address: 0x257713445
  Set: 18 Way: 0 Address: 0x1add4b0
  Set: 18 Way: 1 Address: 0x23755d4aa
  Set: 18 Way: 2 Address: 0x12c6fc481
  Set: 18 Way: 3 Address: 0x2577134b1
  Set: 19 Way: 0 Address: 0x23755d4f6
  Set: 19 Way: 1 Address: 0x2577134c1
  Set: 20 Way: 0 Address: 0x394edb52c
  Set: 21 Way: 0 Address: 0x394edb540
  Set: 22 Way: 0 Address: 0x394edb5a9
  Set: 23 Way: 0 Address: 0x2577135e0
  Set: 24 Way: 0 Address: 0x257713620
  Set: 28 Way: 0 Address: 0x23755d713
  Set: 29 Way: 0 Address: 0x23755d757
  Set: 29 Way: 1 Address: 0x257713758
  Set: 30 Way: 0 Address: 0x23755d7b7
  Set: 30 Way: 1 Address: 0x2577137b0
  Set: 31 Way: 0 Address: 0x23755d7eb
  Set: 31 Way: 1 Address: 0x2577137fc
  Set: 32 Way: 0 Address: 0x23755d822
  Set: 32 Way: 1 Address: 0x257713802
  Set: 33 Way: 0 Address: 0x23755d879
  Set: 33 Way: 1 Address: 0x25771386b
  Set: 34 Way: 0 Address: 0x23755d886
  Set: 34 Way: 1 Address: 0x2577138b3
  Set: 35 Way: 0 Address: 0x2577138e2
  Set: 36 Way: 0 Address: 0x342b40930
  Set: 36 Way: 1 Address: 0x257713926
  Set: 37 Way: 0 Address: 0x342b40944
  Set: 37 Way: 1 Address: 0x257713964
  Set: 38 Way: 0 Address: 0x342b409bf
  Set: 38 Way: 1 Address: 0x257713980
  Set: 39 Way: 0 Address: 0x342b409f5
  Set: 39 Way: 1 Address: 0x2577139cf
  Set: 40 Way: 0 Address: 0x342b40a3f
  Set: 40 Way: 1 Address: 0x257713a33
  Set: 41 Way: 0 Address: 0x342b40a43
  Set: 41 Way: 1 Address: 0x257713a5e
  Set: 42 Way: 0 Address: 0x276ff7ab0
  Set: 42 Way: 1 Address: 0x23755daa0
  Set: 42 Way: 2 Address: 0x257713a8d
  Set: 43 Way: 0 Address: 0x276ff7aee
  Set: 43 Way: 1 Address: 0x38e35caf0
  Set: 43 Way: 2 Address: 0x23755dac1
  Set: 43 Way: 3 Address: 0x257713af3
  Set: 44 Way: 0 Address: 0x276ff7b29
  Set: 44 Way: 1 Address: 0x38e35cb03
  Set: 44 Way: 2 Address: 0x23755db03
  Set: 44 Way: 3 Address: 0x257713b14
  Set: 45 Way: 0 Address: 0x397bb4b70
  Set: 45 Way: 1 Address: 0x276ff7b69
  Set: 45 Way: 2 Address: 0x38e35cb6b
  Set: 45 Way: 3 Address: 0x257713b40
  Set: 45 Way: 4 Address: 0x23755db44
  Set: 46 Way: 0 Address: 0x397bb4b98
  Set: 46 Way: 1 Address: 0x276ff7bb5
  Set: 46 Way: 2 Address: 0x38e35cb81
  Set: 46 Way: 3 Address: 0x257713b86
  Set: 46 Way: 4 Address: 0x23755db80
  Set: 47 Way: 0 Address: 0x276ff7bc5
  Set: 47 Way: 1 Address: 0x38e35cbc1
  Set: 47 Way: 2 Address: 0x342b40bc0
  Set: 47 Way: 3 Address: 0x312099bf0
  Set: 47 Way: 4 Address: 0x257713bc0
  Set: 47 Way: 5 Address: 0x23755dbc3
  Set: 48 Way: 0 Address: 0x38e35cc2f
  Set: 48 Way: 1 Address: 0x312099c28
  Set: 48 Way: 2 Address: 0x23755dc03
  Set: 49 Way: 0 Address: 0x38e35cc45
  Set: 49 Way: 1 Address: 0x312099c40
  Set: 49 Way: 2 Address: 0x397bb4c58
  Set: 49 Way: 3 Address: 0x23755dc45
  Set: 50 Way: 0 Address: 0x23755dc90
  Set: 50 Way: 1 Address: 0x312099c82
  Set: 51 Way: 0 Address: 0x23755dcdb
  Set: 51 Way: 1 Address: 0x312099cde
  Set: 52 Way: 0 Address: 0x23755dd10
  Set: 52 Way: 1 Address: 0x342b40d30
  Set: 53 Way: 0 Address: 0x38e35cd46
  Set: 53 Way: 1 Address: 0x23755dd68
  Set: 53 Way: 2 Address: 0x342b40d40
  Set: 54 Way: 0 Address: 0x38e35cd82
  Set: 54 Way: 1 Address: 0x23755ddab
  Set: 54 Way: 2 Address: 0x342b40d82
  Set: 55 Way: 0 Address: 0x38e35cde6
  Set: 55 Way: 1 Address: 0x23755ddc2
  Set: 55 Way: 2 Address: 0x342b40df0
  Set: 55 Way: 3 Address: 0x257713df0
  Set: 56 Way: 0 Address: 0x38e35ce00
  Set: 56 Way: 1 Address: 0x23755de00
  Set: 56 Way: 2 Address: 0x342b40e22
  Set: 56 Way: 3 Address: 0x257713e01
  Set: 57 Way: 0 Address: 0x38e35ce45
  Set: 57 Way: 1 Address: 0x342b40e50
  Set: 57 Way: 2 Address: 0x257713e40
  Set: 58 Way: 0 Address: 0x342b40e80
  Set: 58 Way: 1 Address: 0x257713e81
  Set: 59 Way: 0 Address: 0x342b40ec2
  Set: 59 Way: 1 Address: 0x257713ee7
  Set: 60 Way: 0 Address: 0x23755df20
  Set: 60 Way: 1 Address: 0x342b40f29
  Set: 60 Way: 2 Address: 0x257713f31
  Set: 61 Way: 0 Address: 0x38e35cf40
  Set: 61 Way: 1 Address: 0x23755df41
  Set: 61 Way: 2 Address: 0x257713f40
  Set: 61 Way: 3 Address: 0x342b40f44
  Set: 62 Way: 0 Address: 0x23755dfb3
  Set: 62 Way: 1 Address: 0x257713fb2
  Set: 62 Way: 2 Address: 0x342b40f80
  Set: 63 Way: 0 Address: 0x276ff7fc7
  Set: 63 Way: 1 Address: 0x38e35cff0
  Set: 63 Way: 2 Address: 0x23755dfc4
  Set: 63 Way: 3 Address: 0x342b40fd8
  Set: 63 Way: 4 Address: 0x257713fc7
EndCache
Cache: cpu0_L1D
  Set: 0 Way: 0 Address: 0xdf85c000
  Set: 0 Way: 1 Address: 0x28b67e000
  Set: 0 Way: 2 Address: 0x229b9a000
  Set: 0 Way: 3 Address: 0x195f15010
  Set: 0 Way: 4 Address: 0x113201000
  Set: 0 Way: 5 Address: 0x1d89da000
  Set: 0 Way: 6 Address: 0x43736018
  Set: 0 Way: 7 Address: 0x309887028
  Set: 0 Way: 8 Address: 0x3c1074038
  Set: 0 Way: 9 Address: 0x354d35030
  Set: 0 Way: 10 Address: 0x2b2e93038
  Set: 0 Way: 11 Address: 0x129934030
  Set: 1 Way: 0 Address: 0x309887040
  Set: 1 Way: 1 Address: 0x129934040
  Set: 1 Way: 2 Address: 0x143ef070
  Set: 2 Way: 0 Address: 0x29484c090
  Set: 2 Way: 1 Address: 0x211d16088
  Set: 2 Way: 2 Address: 0x143ef090
  Set: 2 Way: 3 Address: 0x129934080
  Set: 3 Way: 0 Address: 0x143ef0d0
  Set: 3 Way: 1 Address: 0x1299340e8
  Set: 4 Way: 0 Address: 0x3dae66128
  Set: 4 Way: 1 Address: 0x3c1074128
  Set: 4 Way: 2 Address: 0x129934138
  Set: 5 Way: 0 Address: 0x113201178
  Set: 5 Way: 1 Address: 0x9cff2168
  Set: 5 Way: 2 Address: 0x1c84e2168
  Set: 5 Way: 3 Address: 0x3734ee170
  Set: 5 Way: 4 Address: 0x6d0c2170
  Set: 5 Way: 5 Address: 0x1995f2160
  Set: 5 Way: 6 Address: 0x2ee369158
  Set: 5 Way: 7 Address: 0x3dae66158
  Set: 5 Way: 8 Address: 0x129934178
  Set: 6 Way: 0 Address: 0x1b0f15180
  Set: 6 Way: 1 Address: 0xc0d9b180
  Set: 6 Way: 2 Address: 0x143ef1b8
  Set: 6 Way: 3 Address: 0x3b0803188
  Set: 6 Way: 4 Address: 0x27d4c6188
  Set: 6 Way: 5 Address: 0x129934188
  Set: 6 Way: 6 Address: 0x181c81190
  Set: 6 Way: 7 Address: 0x34a873190
  Set: 7 Way: 0 Address: 0x143ef1d0
  Set: 7 Way: 1 Address: 0x1299341f8
  Set: 8 Way: 0 Address: 0x143ef210
  Set: 8 Way: 1 Address: 0x129934228
  Set: 9 Way: 0 Address: 0x129934278
  Set: 9 Way: 1 Address: 0x143ef270
  Set: 10 Way: 0 Address: 0x129934288
  Set: 10 Way: 1 Address: 0x143ef298
  Set: 11 Way: 0 Address: 0x1299342e8
  Set: 11 Way: 1 Address: 0xcf83b2e8
  Set: 12 Way: 0 Address: 0x129934300
  Set: 12 Way: 1 Address: 0x1c084e318
  Set: 12 Way: 2 Address: 0x27d4c6308
  Set: 12 Way: 3 Address: 0x3d87a6308
  Set: 13 Way: 0 Address: 0x129934378
  Set: 13 Way: 1 Address: 0x211d16370
  Set: 13 Way: 2 Address: 0x143ef378
  Set: 13 Way: 3 Address: 0x133c92360
  Set: 13 Way: 4 Address: 0xcf83b340
  Set: 14 Way: 0 Address: 0x113201390
  Set: 14 Way: 1 Address: 0x3de4d4388
  Set: 14 Way: 2 Address: 0x9cff2390
  Set: 14 Way: 3 Address: 0x1299343a0
  Set: 14 Way: 4 Address: 0x143ef38c
  Set: 14 Way: 5 Address: 0x211d163a0
  Set: 14 Way: 6 Address: 0xcf83b388
  Set: 15 Way: 0 Address: 0x1299343c8
  Set: 15 Way: 1 Address: 0x143ef3f0
  Set: 15 Way: 2 Address: 0xcf83b3e0
  Set: 16 Way: 0 Address: 0x143ef400
  Set: 16 Way: 1 Address: 0x14bb10438
  Set: 16 Way: 2 Address: 0xee86f410
  Set: 16 Way: 3 Address: 0x129934428
  Set: 17 Way: 0 Address: 0x143ef448
  Set: 17 Way: 1 Address: 0xee86f448
  Set: 17 Way: 2 Address: 0x129934440
  Set: 18 Way: 0 Address: 0x16390f4b0
  Set: 18 Way: 1 Address: 0x143ef4a0
  Set: 18 Way: 2 Address: 0x1299344a0
  Set: 19 Way: 0 Address: 0x16390f4f0
  Set: 19 Way: 1 Address: 0x143ef4c0
  Set: 19 Way: 2 Address: 0x1299344c0
  Set: 20 Way: 0 Address: 0x143ef500
  Set: 20 Way: 1 Address: 0x129934528
  Set: 21 Way: 0 Address: 0x129934540
  Set: 21 Way: 1 Address: 0xc7078550
  Set: 22 Way: 0 Address: 0x1299345b8
  Set: 22 Way: 1 Address: 0xee86f5a0
  Set: 23 Way: 0 Address: 0x22272f5e0
  Set: 23 Way: 1 Address: 0xee86f5f8
  Set: 23 Way: 2 Address: 0x1299345c0
  Set: 24 Way: 0 Address: 0xc7078610
  Set: 24 Way: 1 Address: 0x129934638
  Set: 24 Way: 2 Address: 0xee86f638
  Set: 25 Way: 0 Address: 0x3bdd78650
  Set: 25 Way: 1 Address: 0x129934668
  Set: 25 Way: 2 Address: 0xee86f678
  Set: 26 Way: 0 Address: 0x1299346b8
  Set: 26 Way: 1 Address: 0xc70786b0
  Set: 26 Way: 2 Address: 0x2b2e93680
  Set: 26 Way: 3 Address: 0x84896680
  Set: 26 Way: 4 Address: 0x3bdd78680
  Set: 26 Way: 5 Address: 0xbeea7698
  Set: 26 Way: 6 Address: 0x1b0f15698
  Set: 26 Way: 7 Address: 0xee86f6a8
  Set: 27 Way: 0 Address: 0x1299346f8
  Set: 27 Way: 1 Address: 0x3bdd786f0
  Set: 28 Way: 0 Address: 0x129934700
  Set: 28 Way: 1 Address: 0x84896708
  Set: 28 Way: 2 Address: 0xbeea7708
  Set: 28 Way: 3 Address: 0x3bdd78728
  Set: 28 Way: 4 Address: 0xee86f700
  Set: 29 Way: 0 Address: 0x129934740
  Set: 29 Way: 1 Address: 0x1995f2778
  Set: 29 Way: 2 Address: 0x2ee369778
  Set: 29 Way: 3 Address: 0x1b0f15758
  Set: 29 Way: 4 Address: 0x3232f3758
  Set: 29 Way: 5 Address: 0xee86f758
  Set: 30 Way: 0 Address: 0x129934780
  Set: 30 Way: 1 Address: 0xc0d9b790
  Set: 30 Way: 2 Address: 0x3b0803790
  Set: 30 Way: 3 Address: 0x23756f788
  Set: 30 Way: 4 Address: 0x3d87a6798
  Set: 30 Way: 5 Address: 0x181c81798
  Set: 30 Way: 6 Address: 0xee86f7b8
  Set: 31 Way: 0 Address: 0x28b67e7f8
  Set: 31 Way: 1 Address: 0x263c137f8
  Set: 31 Way: 2 Address: 0x1c84e27f0
  Set: 31 Way: 3 Address: 0x1299347c0
  Set: 31 Way: 4 Address: 0x3734ee7f0
  Set: 31 Way: 5 Address: 0x5588d7f0
  Set: 31 Way: 6 Address: 0xee86f7f8
  Set: 32 Way: 0 Address: 0x129934830
  Set: 32 Way: 1 Address: 0x1064c2820
  Set: 32 Way: 2 Address: 0xee86f808
  Set: 33 Way: 0 Address: 0xee86f848
  Set: 33 Way: 1 Address: 0x129934860
  Set: 33 Way: 2 Address: 0x1064c2848
  Set: 34 Way: 0 Address: 0x129934890
  Set: 34 Way: 1 Address: 0x1064c2880
  Set: 35 Way: 0 Address: 0x1299348d0
  Set: 36 Way: 0 Address: 0x129934930
  Set: 37 Way: 0 Address: 0xf6e81940
  Set: 37 Way: 1 Address: 0x292959948
  Set: 37 Way: 2 Address: 0x129934970
  Set: 38 Way: 0 Address: 0x3b377b9b8
  Set: 38 Way: 1 Address: 0x129934980
  Set: 38 Way: 2 Address: 0x2c87499b8
  Set: 39 Way: 0 Address: 0x3b377b9f8
  Set: 39 Way: 1 Address: 0x2c98989c0
  Set: 39 Way: 2 Address: 0x1299349f8
  Set: 39 Way: 3 Address: 0x2c87499e8
  Set: 40 Way: 0 Address: 0x3b377ba38
  Set: 40 Way: 1 Address: 0x1064c2a20
  Set: 40 Way: 2 Address: 0x129934a20
  Set: 40 Way: 3 Address: 0x2c8749a38
  Set: 41 Way: 0 Address: 0x3b377ba60
  Set: 41 Way: 1 Address: 0x2c8749a78
  Set: 41 Way: 2 Address: 0x129934a70
  Set: 42 Way: 0 Address: 0x2c8749aa0
  Set: 42 Way: 1 Address: 0x129934aa0
  Set: 43 Way: 0 Address: 0x2c8749af8
  Set: 43 Way: 1 Address: 0x129934ac0
  Set: 44 Way: 0 Address: 0x129934b30
  Set: 44 Way: 1 Address: 0x2c8749b38
  Set: 45 Way: 0 Address: 0x129934b70
  Set: 45 Way: 1 Address: 0x2c8749b58
  Set: 46 Way: 0 Address: 0x129934b80
  Set: 46 Way: 1 Address: 0x1064c2b80
  Set: 46 Way: 2 Address: 0x2c8749b88
  Set: 47 Way: 0 Address: 0x2c8749bc0
  Set: 47 Way: 1 Address: 0x129934bf0
  Set: 48 Way: 0 Address: 0x129934c30
  Set: 48 Way: 1 Address: 0x2c8749c30
  Set: 49 Way: 0 Address: 0x6e620c68
  Set: 49 Way: 1 Address: 0xee86fc68
  Set: 49 Way: 2 Address: 0x2c8749c70
  Set: 50 Way: 0 Address: 0x1064c2ca8
  Set: 50 Way: 1 Address: 0x129934c80
  Set: 50 Way: 2 Address: 0x2c8749c80
  Set: 51 Way: 0 Address: 0x2c8749cf0
  Set: 51 Way: 1 Address: 0x129934cc0
  Set: 52 Way: 0 Address: 0x2c8749d38
  Set: 52 Way: 1 Address: 0x1064c2d00
  Set: 53 Way: 0 Address: 0x1064c2d48
  Set: 53 Way: 1 Address: 0x2c8749d40
  Set: 54 Way: 0 Address: 0x201598da0
  Set: 54 Way: 1 Address: 0x2f5d8eda8
  Set: 54 Way: 2 Address: 0x20597ed98
  Set: 54 Way: 3 Address: 0x2c8749d80
  Set: 54 Way: 4 Address: 0x1064c2da0
  Set: 55 Way: 0 Address: 0x129934df8
  Set: 55 Way: 1 Address: 0x2db79edc8
  Set: 55 Way: 2 Address: 0x2c8749dc0
  Set: 56 Way: 0 Address: 0x129934e38
  Set: 56 Way: 1 Address: 0x2c8749e38
  Set: 57 Way: 0 Address: 0x129934e78
  Set: 57 Way: 1 Address: 0x2c8749e78
  Set: 58 Way: 0 Address: 0x129934eb8
  Set: 58 Way: 1 Address: 0x2c8749e88
  Set: 59 Way: 0 Address: 0x129934ed8
  Set: 59 Way: 1 Address: 0x2c8749ef8
  Set: 60 Way: 0 Address: 0x2c8749f38
  Set: 60 Way: 1 Address: 0x129934f20
  Set: 61 Way: 0 Address: 0x2c8749f68
  Set: 61 Way: 1 Address: 0x129934f60
  Set: 62 Way: 0 Address: 0x2c8749f80
  Set: 62 Way: 1 Address: 0x129934f80
  Set: 63 Way: 0 Address: 0x2a4841fe8
  Set: 63 Way: 1 Address: 0x2177f0ff0
  Set: 63 Way: 2 Address: 0x2c8749fd0
EndCache
Cache: cpu0_ITLB
  Set: 0 Way: 0 Address: 0x400330
  Set: 0 Way: 1 Address: 0x430a3f
  Set: 1 Way: 0 Address: 0x471232
  Set: 1 Way: 1 Address: 0x431060
  Set: 1 Way: 2 Address: 0x461c28
  Set: 2 Way: 0 Address: 0x472077
  Set: 2 Way: 1 Address: 0x43233a
  Set: 5 Way: 0 Address: 0x42552c
  Set: 6 Way: 0 Address: 0x406fc7
  Set: 7 Way: 0 Address: 0x407138
  Set: 11 Way: 0 Address: 0x42bde6
  Set: 12 Way: 0 Address: 0x42cc90
  Set: 13 Way: 0 Address: 0x42d0e4
  Set: 14 Way: 0 Address: 0x42e242
  Set: 15 Way: 0 Address: 0x42f370
EndCache
Cache: cpu0_DTLB
  Set: 0 Way: 0 Address: 0x4d0370
  Set: 1 Way: 0 Address: 0x4e1680
  Set: 2 Way: 0 Address: 0x4f2788
  Set: 3 Way: 0 Address: 0x4d39c0
  Set: 3 Way: 1 Address: 0x4f32e8
  Set: 3 Way: 2 Address: 0x7fff425b3fd0
  Set: 4 Way: 0 Address: 0x7fff425b42e0
  Set: 5 Way: 0 Address: 0x7fff425b51d0
  Set: 8 Way: 0 Address: 0x728028
  Set: 9 Way: 0 Address: 0x7294f0
  Set: 11 Way: 0 Address: 0x4eb820
  Set: 12 Way: 0 Address: 0x7f18f1abcdc8
  Set: 14 Way: 0 Address: 0x4fe610
  Set: 14 Way: 1 Address: 0x7f1b10ffe9b8
  Set: 15 Way: 0 Address: 0x4ef848
EndCache
Cache: LLC
  Set: 36 Way: 0 Address: 0x342b40900
  Set: 37 Way: 0 Address: 0x342b40944
  Set: 38 Way: 0 Address: 0x342b40983
  Set: 39 Way: 0 Address: 0x342b409c1
  Set: 40 Way: 0 Address: 0x342b40a02
  Set: 41 Way: 0 Address: 0x342b40a43
  Set: 42 Way: 0 Address: 0x342b40a80
  Set: 47 Way: 0 Address: 0x342b40bc0
  Set: 49 Way: 0 Address: 0x6e620c68
  Set: 52 Way: 0 Address: 0x342b40d30
  Set: 53 Way: 0 Address: 0x342b40d40
  Set: 54 Way: 0 Address: 0x342b40d82
  Set: 55 Way: 0 Address: 0x342b40df0
  Set: 56 Way: 0 Address: 0x342b40e00
  Set: 57 Way: 0 Address: 0x342b40e40
  Set: 58 Way: 0 Address: 0x342b40e80
  Set: 59 Way: 0 Address: 0x342b40ec0
  Set: 60 Way: 0 Address: 0x342b40f01
  Set: 61 Way: 0 Address: 0x342b40f40
  Set: 62 Way: 0 Address: 0x342b40f80
  Set: 63 Way: 0 Address: 0x342b40fd8
  Set: 64 Way: 0 Address: 0x113201000
  Set: 69 Way: 0 Address: 0x113201178
  Set: 70 Way: 0 Address: 0x181c81190
  Set: 78 Way: 0 Address: 0x113201388
  Set: 94 Way: 0 Address: 0x181c81798
  Set: 101 Way: 0 Address: 0xf6e81940
  Set: 127 Way: 0 Address: 0x2a4841fe8
  Set: 133 Way: 0 Address: 0x1c84e2168
  Set: 133 Way: 1 Address: 0x6d0c2170
  Set: 159 Way: 0 Address: 0x1c84e27f0
  Set: 160 Way: 0 Address: 0x1064c2820
  Set: 161 Way: 0 Address: 0x1064c2848
  Set: 162 Way: 0 Address: 0x1064c2880
  Set: 168 Way: 0 Address: 0x1064c2a20
  Set: 174 Way: 0 Address: 0x1064c2b80
  Set: 178 Way: 0 Address: 0x1064c2ca8
  Set: 180 Way: 0 Address: 0x1064c2d00
  Set: 181 Way: 0 Address: 0x1064c2d48
  Set: 182 Way: 0 Address: 0x1064c2da0
  Set: 198 Way: 0 Address: 0x3b0803188
  Set: 222 Way: 0 Address: 0x3b0803790
  Set: 324 Way: 0 Address: 0x27258510d
  Set: 325 Way: 0 Address: 0x272585144
  Set: 326 Way: 0 Address: 0x272585190
  Set: 332 Way: 0 Address: 0x27258533a
  Set: 333 Way: 0 Address: 0x272585358
  Set: 334 Way: 0 Address: 0x272585390
  Set: 335 Way: 0 Address: 0x2725853c0
  Set: 388 Way: 0 Address: 0x3dae66128
  Set: 389 Way: 0 Address: 0x3dae66158
  Set: 390 Way: 0 Address: 0x27d4c6188
  Set: 396 Way: 0 Address: 0x27d4c6308
  Set: 396 Way: 1 Address: 0x3d87a6308
  Set: 414 Way: 0 Address: 0x3d87a6798
  Set: 448 Way: 0 Address: 0x309887028
  Set: 449 Way: 0 Address: 0x309887040
  Set: 450 Way: 0 Address: 0x309887080
  Set: 474 Way: 0 Address: 0xbeea7698
  Set: 476 Way: 0 Address: 0xbeea7708
  Set: 581 Way: 0 Address: 0x2ee369158
  Set: 605 Way: 0 Address: 0x2ee369778
  Set: 614 Way: 0 Address: 0x2c87499a8
  Set: 615 Way: 0 Address: 0x2c87499e8
  Set: 616 Way: 0 Address: 0x2c8749a38
  Set: 617 Way: 0 Address: 0x2c8749a78
  Set: 618 Way: 0 Address: 0x2c8749a88
  Set: 619 Way: 0 Address: 0x2c8749af8
  Set: 620 Way: 0 Address: 0x2c8749b38
  Set: 621 Way: 0 Address: 0x2c8749b40
  Set: 622 Way: 0 Address: 0x2c8749b88
  Set: 623 Way: 0 Address: 0x2c8749bd0
  Set: 624 Way: 0 Address: 0x2c8749c00
  Set: 625 Way: 0 Address: 0x2c8749c70
  Set: 626 Way: 0 Address: 0x2c8749c80
  Set: 627 Way: 0 Address: 0x2c8749ce0
  Set: 628 Way: 0 Address: 0x2c8749d00
  Set: 629 Way: 0 Address: 0x2c8749d40
  Set: 630 Way: 0 Address: 0x2c8749db8
  Set: 631 Way: 0 Address: 0x2c8749dd8
  Set: 632 Way: 0 Address: 0x2c8749e30
  Set: 633 Way: 0 Address: 0x2c8749e40
  Set: 634 Way: 0 Address: 0x2c8749e80
  Set: 635 Way: 0 Address: 0x2c8749ef8
  Set: 636 Way: 0 Address: 0x2c8749f28
  Set: 637 Way: 0 Address: 0x2c8749f78
  Set: 638 Way: 0 Address: 0x2c8749fb8
  Set: 639 Way: 0 Address: 0x2c8749fd0
  Set: 770 Way: 0 Address: 0x29484c090
  Set: 863 Way: 0 Address: 0x5588d7f0
  Set: 901 Way: 0 Address: 0x3734ee170
  Set: 908 Way: 0 Address: 0x1c084e318
  Set: 927 Way: 0 Address: 0x3734ee7f0
  Set: 950 Way: 0 Address: 0x2f5d8eda8
  Set: 961 Way: 0 Address: 0x143ef070
  Set: 962 Way: 0 Address: 0x143ef0b8
  Set: 963 Way: 0 Address: 0x143ef0d0
  Set: 966 Way: 0 Address: 0x143ef1b8
  Set: 967 Way: 0 Address: 0x143ef1d0
  Set: 968 Way: 0 Address: 0x143ef210
  Set: 969 Way: 0 Address: 0x143ef260
  Set: 970 Way: 0 Address: 0x143ef280
  Set: 973 Way: 0 Address: 0x143ef378
  Set: 974 Way: 0 Address: 0x143ef38c
  Set: 975 Way: 0 Address: 0x143ef3f0
  Set: 976 Way: 0 Address: 0x143ef400
  Set: 976 Way: 1 Address: 0xee86f400
  Set: 977 Way: 0 Address: 0x143ef448
  Set: 977 Way: 1 Address: 0xee86f448
  Set: 978 Way: 0 Address: 0x16390f4b0
  Set: 978 Way: 1 Address: 0x143ef4b0
  Set: 979 Way: 0 Address: 0x16390f4f0
  Set: 979 Way: 1 Address: 0x143ef4d0
  Set: 980 Way: 0 Address: 0x16390f500
  Set: 980 Way: 1 Address: 0x143ef500
  Set: 982 Way: 0 Address: 0xee86f5a0
  Set: 983 Way: 0 Address: 0x22272f5e0
  Set: 983 Way: 1 Address: 0xee86f5f8
  Set: 984 Way: 0 Address: 0xee86f638
  Set: 985 Way: 0 Address: 0xee86f678
  Set: 986 Way: 0 Address: 0xee86f6a8
  Set: 988 Way: 0 Address: 0xee86f708
  Set: 989 Way: 0 Address: 0xee86f758
  Set: 990 Way: 0 Address: 0x23756f780
  Set: 990 Way: 1 Address: 0xee86f7b8
  Set: 991 Way: 0 Address: 0xee86f7f8
  Set: 992 Way: 0 Address: 0xee86f808
  Set: 993 Way: 0 Address: 0xee86f848
  Set: 1009 Way: 0 Address: 0xee86fc60
  Set: 1040 Way: 0 Address: 0x14bb10438
  Set: 1087 Way: 0 Address: 0x2177f0ff0
  Set: 1157 Way: 0 Address: 0x9cff2168
  Set: 1157 Way: 1 Address: 0x1995f2160
  Set: 1165 Way: 0 Address: 0x133c92360
  Set: 1166 Way: 0 Address: 0x9cff2390
  Set: 1181 Way: 0 Address: 0x1995f2778
  Set: 1216 Way: 0 Address: 0x2b2e93038
  Set: 1216 Way: 1 Address: 0x25771300d
  Set: 1217 Way: 0 Address: 0x257713060
  Set: 1218 Way: 0 Address: 0x257713085
  Set: 1219 Way: 0 Address: 0x2577130c1
  Set: 1220 Way: 0 Address: 0x257713102
  Set: 1221 Way: 0 Address: 0x257713150
  Set: 1222 Way: 0 Address: 0x257713190
  Set: 1222 Way: 1 Address: 0x34a873190
  Set: 1223 Way: 0 Address: 0x3c56b31d0
  Set: 1223 Way: 1 Address: 0x2577131c1
  Set: 1224 Way: 0 Address: 0x3c56b3210
  Set: 1224 Way: 1 Address: 0x257713208
  Set: 1225 Way: 0 Address: 0x3c56b3242
  Set: 1225 Way: 1 Address: 0x257713240
  Set: 1226 Way: 0 Address: 0x257713283
  Set: 1227 Way: 0 Address: 0x2577132fa
  Set: 1228 Way: 0 Address: 0x257713302
  Set: 1229 Way: 0 Address: 0x257713341
  Set: 1230 Way: 0 Address: 0x257713380
  Set: 1231 Way: 0 Address: 0x2577133c2
  Set: 1232 Way: 0 Address: 0x257713421
  Set: 1233 Way: 0 Address: 0x257713445
  Set: 1234 Way: 0 Address: 0x257713490
  Set: 1235 Way: 0 Address: 0x2577134c1
  Set: 1239 Way: 0 Address: 0x2577135e0
  Set: 1240 Way: 0 Address: 0x257713620
  Set: 1242 Way: 0 Address: 0x2b2e93680
  Set: 1245 Way: 0 Address: 0x3232f3758
  Set: 1245 Way: 1 Address: 0x257713758
  Set: 1246 Way: 0 Address: 0x2577137b0
  Set: 1247 Way: 0 Address: 0x263c137f8
  Set: 1247 Way: 1 Address: 0x2577137c1
  Set: 1248 Way: 0 Address: 0x257713802
  Set: 1249 Way: 0 Address: 0x257713841
  Set: 1250 Way: 0 Address: 0x257713880
  Set: 1251 Way: 0 Address: 0x2577138c3
  Set: 1252 Way: 0 Address: 0x257713901
  Set: 1253 Way: 0 Address: 0x257713964
  Set: 1254 Way: 0 Address: 0x257713980
  Set: 1255 Way: 0 Address: 0x2577139cf
  Set: 1256 Way: 0 Address: 0x257713a05
  Set: 1257 Way: 0 Address: 0x257713a5e
  Set: 1258 Way: 0 Address: 0x257713a8d
  Set: 1259 Way: 0 Address: 0x257713af3
  Set: 1260 Way: 0 Address: 0x257713b14
  Set: 1261 Way: 0 Address: 0x257713b40
  Set: 1262 Way: 0 Address: 0x257713b86
  Set: 1263 Way: 0 Address: 0x257713bc0
  Set: 1271 Way: 0 Address: 0x257713df0
  Set: 1272 Way: 0 Address: 0x257713e01
  Set: 1273 Way: 0 Address: 0x257713e40
  Set: 1274 Way: 0 Address: 0x257713e81
  Set: 1275 Way: 0 Address: 0x257713ee7
  Set: 1276 Way: 0 Address: 0x257713f02
  Set: 1277 Way: 0 Address: 0x257713f40
  Set: 1278 Way: 0 Address: 0x257713f86
  Set: 1279 Way: 0 Address: 0x257713fc0
  Set: 1280 Way: 0 Address: 0x397bb4030
  Set: 1280 Way: 1 Address: 0x3c1074030
  Set: 1280 Way: 2 Address: 0x129934030
  Set: 1281 Way: 0 Address: 0x397bb4047
  Set: 1281 Way: 1 Address: 0x129934040
  Set: 1282 Way: 0 Address: 0x397bb4083
  Set: 1282 Way: 1 Address: 0x1299340b0
  Set: 1283 Way: 0 Address: 0x397bb40c2
  Set: 1283 Way: 1 Address: 0x1299340e0
  Set: 1284 Way: 0 Address: 0x3c1074128
  Set: 1284 Way: 1 Address: 0x129934130
  Set: 1285 Way: 0 Address: 0x129934168
  Set: 1286 Way: 0 Address: 0x129934198
  Set: 1287 Way: 0 Address: 0x1299341e8
  Set: 1288 Way: 0 Address: 0x129934200
  Set: 1289 Way: 0 Address: 0x129934278
  Set: 1290 Way: 0 Address: 0x129934288
  Set: 1291 Way: 0 Address: 0x1299342d0
  Set: 1292 Way: 0 Address: 0x129934308
  Set: 1293 Way: 0 Address: 0x129934340
  Set: 1294 Way: 0 Address: 0x3de4d4388
  Set: 1294 Way: 1 Address: 0x1299343b8
  Set: 1295 Way: 0 Address: 0x1299343e0
  Set: 1296 Way: 0 Address: 0x129934400
  Set: 1297 Way: 0 Address: 0x129934440
  Set: 1298 Way: 0 Address: 0x129934480
  Set: 1299 Way: 0 Address: 0x1299344f8
  Set: 1300 Way: 0 Address: 0x129934538
  Set: 1301 Way: 0 Address: 0x129934558
  Set: 1302 Way: 0 Address: 0x129934580
  Set: 1303 Way: 0 Address: 0x1299345d0
  Set: 1304 Way: 0 Address: 0x129934600
  Set: 1305 Way: 0 Address: 0x129934640
  Set: 1306 Way: 0 Address: 0x1299346b8
  Set: 1307 Way: 0 Address: 0x1299346f8
  Set: 1308 Way: 0 Address: 0x129934710
  Set: 1309 Way: 0 Address: 0x129934740
  Set: 1310 Way: 0 Address: 0x129934780
  Set: 1311 Way: 0 Address: 0x1299347c0
  Set: 1312 Way: 0 Address: 0x129934808
  Set: 1313 Way: 0 Address: 0x129934860
  Set: 1314 Way: 0 Address: 0x129934898
  Set: 1315 Way: 0 Address: 0x1299348c0
  Set: 1316 Way: 0 Address: 0x129934900
  Set: 1317 Way: 0 Address: 0x129934970
  Set: 1318 Way: 0 Address: 0x129934990
  Set: 1319 Way: 0 Address: 0x1299349e8
  Set: 1320 Way: 0 Address: 0x129934a00
  Set: 1321 Way: 0 Address: 0x129934a40
  Set: 1322 Way: 0 Address: 0x129934ab0
  Set: 1323 Way: 0 Address: 0x129934ae0
  Set: 1324 Way: 0 Address: 0x129934b38
  Set: 1325 Way: 0 Address: 0x397bb4b70
  Set: 1325 Way: 1 Address: 0x129934b40
  Set: 1326 Way: 0 Address: 0x397bb4b80
  Set: 1326 Way: 1 Address: 0x129934b80
  Set: 1327 Way: 0 Address: 0x129934bc0
  Set: 1328 Way: 0 Address: 0x129934c30
  Set: 1329 Way: 0 Address: 0x397bb4c58
  Set: 1330 Way: 0 Address: 0x129934cb8
  Set: 1331 Way: 0 Address: 0x129934cd8
  Set: 1335 Way: 0 Address: 0x129934dd0
  Set: 1336 Way: 0 Address: 0x129934e00
  Set: 1337 Way: 0 Address: 0x129934e40
  Set: 1338 Way: 0 Address: 0x129934e80
  Set: 1339 Way: 0 Address: 0x129934ec0
  Set: 1340 Way: 0 Address: 0x129934f20
  Set: 1341 Way: 0 Address: 0x129934f78
  Set: 1342 Way: 0 Address: 0x129934f80
  Set: 1344 Way: 0 Address: 0x195f15010
  Set: 1344 Way: 1 Address: 0x354d35030
  Set: 1350 Way: 0 Address: 0x1b0f15180
  Set: 1370 Way: 0 Address: 0x1b0f15698
  Set: 1373 Way: 0 Address: 0x1b0f15758
  Set: 1408 Way: 0 Address: 0x43736018
  Set: 1410 Way: 0 Address: 0x211d16088
  Set: 1421 Way: 0 Address: 0x211d16370
  Set: 1422 Way: 0 Address: 0x211d163a0
  Set: 1423 Way: 0 Address: 0x211d163c0
  Set: 1434 Way: 0 Address: 0x84896680
  Set: 1436 Way: 0 Address: 0x84896708
  Set: 1514 Way: 0 Address: 0x276ff7ab0
  Set: 1515 Way: 0 Address: 0x276ff7ac1
  Set: 1516 Way: 0 Address: 0x276ff7b00
  Set: 1517 Way: 0 Address: 0x276ff7b40
  Set: 1518 Way: 0 Address: 0x276ff7b83
  Set: 1519 Way: 0 Address: 0x276ff7bc5
  Set: 1520 Way: 0 Address: 0x276ff7c00
  Set: 1535 Way: 0 Address: 0x276ff7fc7
  Set: 1536 Way: 0 Address: 0x1aafb8007
  Set: 1537 Way: 0 Address: 0x1aafb8042
  Set: 1538 Way: 0 Address: 0x1aafb8080
  Set: 1539 Way: 0 Address: 0x1aafb80e4
  Set: 1540 Way: 0 Address: 0x1aafb8101
  Set: 1541 Way: 0 Address: 0x1aafb8140
  Set: 1542 Way: 0 Address: 0x1aafb8180
  Set: 1543 Way: 0 Address: 0x1aafb81c8
  Set: 1547 Way: 0 Address: 0x1aafb82fc
  Set: 1548 Way: 0 Address: 0x1aafb8304
  Set: 1557 Way: 0 Address: 0xc7078550
  Set: 1560 Way: 0 Address: 0xc7078610
  Set: 1561 Way: 0 Address: 0x3bdd78650
  Set: 1562 Way: 0 Address: 0xc70786b0
  Set: 1562 Way: 1 Address: 0x3bdd78680
  Set: 1563 Way: 0 Address: 0x3bdd786f0
  Set: 1564 Way: 0 Address: 0x3bdd78700
  Set: 1565 Way: 0 Address: 0x3bdd78740
  Set: 1575 Way: 0 Address: 0x2c98989c0
  Set: 1590 Way: 0 Address: 0x201598da0
  Set: 1637 Way: 0 Address: 0x292959948
  Set: 1647 Way: 0 Address: 0x312099bf0
  Set: 1648 Way: 0 Address: 0x312099c02
  Set: 1649 Way: 0 Address: 0x312099c40
  Set: 1650 Way: 0 Address: 0x312099c82
  Set: 1651 Way: 0 Address: 0x312099cc0
  Set: 1652 Way: 0 Address: 0x312099d00
  Set: 1664 Way: 0 Address: 0x229b9a000
  Set: 1664 Way: 1 Address: 0x1d89da000
  Set: 1676 Way: 0 Address: 0x223eda330
  Set: 1677 Way: 0 Address: 0x223eda360
  Set: 1678 Way: 0 Address: 0x223eda380
  Set: 1734 Way: 0 Address: 0xc0d9b180
  Set: 1739 Way: 0 Address: 0xcf83b2e8
  Set: 1741 Way: 0 Address: 0xcf83b340
  Set: 1742 Way: 0 Address: 0xcf83b388
  Set: 1743 Way: 0 Address: 0xcf83b3e0
  Set: 1748 Way: 0 Address: 0x394edb52c
  Set: 1749 Way: 0 Address: 0x394edb540
  Set: 1750 Way: 0 Address: 0x394edb580
  Set: 1751 Way: 0 Address: 0x394edb5c0
  Set: 1758 Way: 0 Address: 0xc0d9b790
  Set: 1766 Way: 0 Address: 0x3b377b9a0
  Set: 1767 Way: 0 Address: 0x3b377b9c0
  Set: 1768 Way: 0 Address: 0x3b377ba00
  Set: 1769 Way: 0 Address: 0x3b377ba40
  Set: 1792 Way: 0 Address: 0xdf85c000
  Set: 1798 Way: 0 Address: 0x12c6fc190
  Set: 1799 Way: 0 Address: 0x12c6fc1f0
  Set: 1800 Way: 0 Address: 0x12c6fc220
  Set: 1801 Way: 0 Address: 0x12c6fc242
  Set: 1802 Way: 0 Address: 0x12c6fc280
  Set: 1803 Way: 0 Address: 0x12c6fc2c3
  Set: 1804 Way: 0 Address: 0x12c6fc301
  Set: 1805 Way: 0 Address: 0x12c6fc340
  Set: 1806 Way: 0 Address: 0x12c6fc381
  Set: 1808 Way: 0 Address: 0x12c6fc420
  Set: 1809 Way: 0 Address: 0x12c6fc459
  Set: 1810 Way: 0 Address: 0x12c6fc481
  Set: 1835 Way: 0 Address: 0x38e35caf0
  Set: 1836 Way: 0 Address: 0x38e35cb03
  Set: 1837 Way: 0 Address: 0x38e35cb42
  Set: 1838 Way: 0 Address: 0x38e35cb81
  Set: 1839 Way: 0 Address: 0x38e35cbc1
  Set: 1840 Way: 0 Address: 0x38e35cc00
  Set: 1841 Way: 0 Address: 0x38e35cc45
  Set: 1845 Way: 0 Address: 0x38e35cd46
  Set: 1846 Way: 0 Address: 0x38e35cd82
  Set: 1847 Way: 0 Address: 0x38e35cde6
  Set: 1848 Way: 0 Address: 0x38e35ce00
  Set: 1849 Way: 0 Address: 0x38e35ce45
  Set: 1853 Way: 0 Address: 0x38e35cf40
  Set: 1855 Way: 0 Address: 0x38e35cff0
  Set: 1856 Way: 0 Address: 0x1add008
  Set: 1857 Way: 0 Address: 0x1add042
  Set: 1858 Way: 0 Address: 0x1add084
  Set: 1858 Way: 1 Address: 0x23755d098
  Set: 1859 Way: 0 Address: 0x1add0c1
  Set: 1860 Way: 0 Address: 0x1add103
  Set: 1860 Way: 1 Address: 0x23755d100
  Set: 1861 Way: 0 Address: 0x1add145
  Set: 1861 Way: 1 Address: 0x23755d145
  Set: 1862 Way: 0 Address: 0x1add181
  Set: 1862 Way: 1 Address: 0x23755d186
  Set: 1863 Way: 0 Address: 0x1add1c1
  Set: 1863 Way: 1 Address: 0x23755d1e8
  Set: 1864 Way: 0 Address: 0x1add206
  Set: 1865 Way: 0 Address: 0x1add240
  Set: 1865 Way: 1 Address: 0x23755d248
  Set: 1866 Way: 0 Address: 0x1add280
  Set: 1866 Way: 1 Address: 0x23755d28d
  Set: 1867 Way: 0 Address: 0x1add2c8
  Set: 1867 Way: 1 Address: 0x23755d2c1
  Set: 1868 Way: 0 Address: 0x1add303
  Set: 1868 Way: 1 Address: 0x23755d300
  Set: 1869 Way: 0 Address: 0x1add340
  Set: 1870 Way: 0 Address: 0x1add380
  Set: 1871 Way: 0 Address: 0x1add3c3
  Set: 1872 Way: 0 Address: 0x1add403
  Set: 1873 Way: 0 Address: 0x1add445
  Set: 1873 Way: 1 Address: 0x23755d449
  Set: 1874 Way: 0 Address: 0x1add486
  Set: 1874 Way: 1 Address: 0x23755d483
  Set: 1875 Way: 0 Address: 0x23755d4f6
  Set: 1875 Way: 1 Address: 0x1add4c0
  Set: 1884 Way: 0 Address: 0x23755d713
  Set: 1885 Way: 0 Address: 0x23755d757
  Set: 1886 Way: 0 Address: 0x23755d782
  Set: 1887 Way: 0 Address: 0x23755d7c3
  Set: 1888 Way: 0 Address: 0x23755d803
  Set: 1889 Way: 0 Address: 0x23755d841
  Set: 1890 Way: 0 Address: 0x23755d886
  Set: 1891 Way: 0 Address: 0x23755d8c0
  Set: 1898 Way: 0 Address: 0x23755daa0
  Set: 1899 Way: 0 Address: 0x23755dac1
  Set: 1900 Way: 0 Address: 0x23755db03
  Set: 1901 Way: 0 Address: 0x23755db44
  Set: 1902 Way: 0 Address: 0x23755db80
  Set: 1903 Way: 0 Address: 0x23755dbc3
  Set: 1904 Way: 0 Address: 0x23755dc03
  Set: 1905 Way: 0 Address: 0x23755dc45
  Set: 1906 Way: 0 Address: 0x23755dc90
  Set: 1907 Way: 0 Address: 0x23755dcc0
  Set: 1908 Way: 0 Address: 0x23755dd10
  Set: 1909 Way: 0 Address: 0x23755dd68
  Set: 1910 Way: 0 Address: 0x23755dd85
  Set: 1911 Way: 0 Address: 0x23755ddc2
  Set: 1912 Way: 0 Address: 0x23755de00
  Set: 1916 Way: 0 Address: 0x23755df00
  Set: 1917 Way: 0 Address: 0x23755df41
  Set: 1918 Way: 0 Address: 0x23755dfb3
  Set: 1919 Way: 0 Address: 0x23755dfc4
  Set: 1920 Way: 0 Address: 0x28b67e000
  Set: 1928 Way: 0 Address: 0x1f919e220
  Set: 1929 Way: 0 Address: 0x1f919e241
  Set: 1930 Way: 0 Address: 0x1f919e2a0
  Set: 1931 Way: 0 Address: 0x1f919e2d7
  Set: 1932 Way: 0 Address: 0x1f919e303
  Set: 1933 Way: 0 Address: 0x1f919e340
  Set: 1934 Way: 0 Address: 0x1f919e3a0
  Set: 1935 Way: 0 Address: 0x1f919e3c3
  Set: 1936 Way: 0 Address: 0x1f919e408
  Set: 1951 Way: 0 Address: 0x28b67e7f8
  Set: 1974 Way: 0 Address: 0x20597ed98
  Set: 1975 Way: 0 Address: 0x2db79edc0
EndCache
