Cache: cpu0_STLB
  Set: 0 Way: 0 Address: 0x4003f0
  Set: 3 Way: 0 Address: 0x883038
  Set: 8 Way: 0 Address: 0x508fe0
  Set: 9 Way: 0 Address: 0x509003
  Set: 13 Way: 0 Address: 0x370d1f8
  Set: 14 Way: 0 Address: 0x370e000
  Set: 32 Way: 0 Address: 0x620ca0
  Set: 47 Way: 0 Address: 0x62f8e0
  Set: 48 Way: 0 Address: 0x6306c0
  Set: 49 Way: 0 Address: 0x6312f8
  Set: 53 Way: 0 Address: 0x535480
  Set: 63 Way: 0 Address: 0x3f3f740
  Set: 64 Way: 0 Address: 0x3f40000
  Set: 65 Way: 0 Address: 0x3f41000
  Set: 69 Way: 0 Address: 0x44545a
  Set: 78 Way: 0 Address: 0x7f86f8acee3c
  Set: 79 Way: 0 Address: 0x7f86f8acf000
  Set: 80 Way: 0 Address: 0x7f86f8ad0e54
  Set: 81 Way: 0 Address: 0x7f86f8ad1000
  Set: 89 Way: 0 Address: 0x5d9c48
  Set: 91 Way: 0 Address: 0x405bc00
  Set: 92 Way: 0 Address: 0x405cc38
  Set: 93 Way: 0 Address: 0x405dc78
  Set: 93 Way: 1 Address: 0x5dd528
  Set: 94 Way: 0 Address: 0x405e000
  Set: 95 Way: 0 Address: 0x1edf4d0
  Set: 114 Way: 0 Address: 0x7ffe74df24e8
  Set: 120 Way: 0 Address: 0x5f8e20
EndCache
Cache: cpu0_L2C
  Set: 0 Way: 0 Address: 0x6e620000
  Set: 0 Way: 1 Address: 0x14bb10000
  Set: 0 Way: 2 Address: 0x28a940000
  Set: 1 Way: 0 Address: 0x6e620040
  Set: 1 Way: 1 Address: 0x14bb10040
  Set: 1 Way: 2 Address: 0x28a940040
  Set: 2 Way: 0 Address: 0x6e620080
  Set: 2 Way: 1 Address: 0x14bb10080
  Set: 2 Way: 2 Address: 0x28a940080
  Set: 3 Way: 0 Address: 0x2177f00f8
  Set: 3 Way: 1 Address: 0x6e6200c0
  Set: 3 Way: 2 Address: 0x14bb100c0
  Set: 3 Way: 3 Address: 0x28a9400c0
  Set: 4 Way: 0 Address: 0x6e620100
  Set: 4 Way: 1 Address: 0x14bb10100
  Set: 4 Way: 2 Address: 0x28a940100
  Set: 5 Way: 0 Address: 0x6e620140
  Set: 5 Way: 1 Address: 0x14bb10140
  Set: 5 Way: 2 Address: 0x28a940140
  Set: 6 Way: 0 Address: 0x6e620180
  Set: 6 Way: 1 Address: 0x14bb10180
  Set: 6 Way: 2 Address: 0x28a940180
  Set: 7 Way: 0 Address: 0x6e6201c0
  Set: 7 Way: 1 Address: 0x14bb101c0
  Set: 7 Way: 2 Address: 0x28a9401c0
  Set: 8 Way: 0 Address: 0x6e620200
  Set: 8 Way: 1 Address: 0x14bb10200
  Set: 8 Way: 2 Address: 0x28a940200
  Set: 9 Way: 0 Address: 0x6e620240
  Set: 9 Way: 1 Address: 0x14bb10240
  Set: 9 Way: 2 Address: 0x28a940240
  Set: 10 Way: 0 Address: 0x6e620280
  Set: 10 Way: 1 Address: 0x14bb10280
  Set: 10 Way: 2 Address: 0x28a940280
  Set: 11 Way: 0 Address: 0x6e6202c0
  Set: 11 Way: 1 Address: 0x14bb102c0
  Set: 11 Way: 2 Address: 0x28a9402c0
  Set: 12 Way: 0 Address: 0x6e620300
  Set: 12 Way: 1 Address: 0x14bb10300
  Set: 12 Way: 2 Address: 0x28a940300
  Set: 13 Way: 0 Address: 0x6e620340
  Set: 13 Way: 1 Address: 0x14bb10340
  Set: 13 Way: 2 Address: 0x28a940340
  Set: 14 Way: 0 Address: 0x6e620380
  Set: 14 Way: 1 Address: 0x14bb10380
  Set: 14 Way: 2 Address: 0x28a940380
  Set: 15 Way: 0 Address: 0x6e6203c0
  Set: 15 Way: 1 Address: 0x14bb103c0
  Set: 15 Way: 2 Address: 0x28a9403c0
  Set: 16 Way: 0 Address: 0x6e620400
  Set: 16 Way: 1 Address: 0x14bb10400
  Set: 16 Way: 2 Address: 0x28a940400
  Set: 17 Way: 0 Address: 0x6e620440
  Set: 17 Way: 1 Address: 0x14bb10440
  Set: 17 Way: 2 Address: 0x28a940440
  Set: 18 Way: 0 Address: 0x6e620480
  Set: 18 Way: 1 Address: 0x14bb10480
  Set: 18 Way: 2 Address: 0x28a940480
  Set: 19 Way: 0 Address: 0x6e6204c0
  Set: 19 Way: 1 Address: 0x14bb104c0
  Set: 19 Way: 2 Address: 0x28a9404c0
  Set: 20 Way: 0 Address: 0x6e620500
  Set: 20 Way: 1 Address: 0x14bb10500
  Set: 20 Way: 2 Address: 0x28a940500
  Set: 21 Way: 0 Address: 0x6e620540
  Set: 21 Way: 1 Address: 0x14bb10540
  Set: 21 Way: 2 Address: 0x28a940540
  Set: 22 Way: 0 Address: 0x6e620580
  Set: 22 Way: 1 Address: 0x14bb10580
  Set: 22 Way: 2 Address: 0x28a940580
  Set: 23 Way: 0 Address: 0x6e6205c0
  Set: 23 Way: 1 Address: 0x14bb105c0
  Set: 23 Way: 2 Address: 0x28a9405c0
  Set: 24 Way: 0 Address: 0x6e620600
  Set: 24 Way: 1 Address: 0x14bb10600
  Set: 24 Way: 2 Address: 0x28a940600
  Set: 25 Way: 0 Address: 0x14bb10640
  Set: 25 Way: 1 Address: 0x6e620640
  Set: 25 Way: 2 Address: 0x28a940640
  Set: 26 Way: 0 Address: 0x6e620680
  Set: 26 Way: 1 Address: 0x14bb10680
  Set: 26 Way: 2 Address: 0x28a940680
  Set: 27 Way: 0 Address: 0x6e6206c0
  Set: 27 Way: 1 Address: 0x14bb106c0
  Set: 27 Way: 2 Address: 0x28a9406c0
  Set: 28 Way: 0 Address: 0x6e620700
  Set: 28 Way: 1 Address: 0x14bb10700
  Set: 28 Way: 2 Address: 0x28a940700
  Set: 29 Way: 0 Address: 0x6e620740
  Set: 29 Way: 1 Address: 0x14bb10740
  Set: 29 Way: 2 Address: 0x28a940740
  Set: 30 Way: 0 Address: 0x6e620780
  Set: 30 Way: 1 Address: 0x14bb10780
  Set: 30 Way: 2 Address: 0x28a940780
  Set: 31 Way: 0 Address: 0x6e6207c0
  Set: 31 Way: 1 Address: 0x14bb107c0
  Set: 31 Way: 2 Address: 0x28a9407c0
  Set: 32 Way: 0 Address: 0x6e620800
  Set: 32 Way: 1 Address: 0x14bb10800
  Set: 32 Way: 2 Address: 0x28a940800
  Set: 33 Way: 0 Address: 0x6e620840
  Set: 33 Way: 1 Address: 0x14bb10840
  Set: 33 Way: 2 Address: 0x28a940840
  Set: 34 Way: 0 Address: 0x6e620880
  Set: 34 Way: 1 Address: 0x14bb10880
  Set: 34 Way: 2 Address: 0x28a940888
  Set: 35 Way: 0 Address: 0x6e6208c0
  Set: 35 Way: 1 Address: 0x14bb108c0
  Set: 35 Way: 2 Address: 0x28a9408c0
  Set: 36 Way: 0 Address: 0x6e620900
  Set: 36 Way: 1 Address: 0x14bb10900
  Set: 36 Way: 2 Address: 0x28a940900
  Set: 37 Way: 0 Address: 0x14bb10940
  Set: 37 Way: 1 Address: 0x6e620940
  Set: 37 Way: 2 Address: 0x28a940940
  Set: 38 Way: 0 Address: 0x6e620980
  Set: 38 Way: 1 Address: 0x14bb10980
  Set: 38 Way: 2 Address: 0x28a940980
  Set: 39 Way: 0 Address: 0x6e6209c0
  Set: 39 Way: 1 Address: 0x14bb109c0
  Set: 39 Way: 2 Address: 0x28a9409c0
  Set: 40 Way: 0 Address: 0x6e620a00
  Set: 40 Way: 1 Address: 0x14bb10a00
  Set: 40 Way: 2 Address: 0x28a940a00
  Set: 40 Way: 3 Address: 0x168ef0a08
  Set: 41 Way: 0 Address: 0x14bb10a40
  Set: 41 Way: 1 Address: 0x6e620a40
  Set: 41 Way: 2 Address: 0x28a940a40
  Set: 42 Way: 0 Address: 0x6e620a80
  Set: 42 Way: 1 Address: 0x14bb10a80
  Set: 42 Way: 2 Address: 0x28a940a80
  Set: 43 Way: 0 Address: 0x6e620ac0
  Set: 43 Way: 1 Address: 0x14bb10ac0
  Set: 43 Way: 2 Address: 0x28a940ac0
  Set: 44 Way: 0 Address: 0x6e620b00
  Set: 44 Way: 1 Address: 0x14bb10b00
  Set: 44 Way: 2 Address: 0x28a940b00
  Set: 45 Way: 0 Address: 0x6e620b40
  Set: 45 Way: 1 Address: 0x14bb10b40
  Set: 45 Way: 2 Address: 0x28a940b40
  Set: 46 Way: 0 Address: 0x6e620b80
  Set: 46 Way: 1 Address: 0x14bb10b80
  Set: 46 Way: 2 Address: 0x28a940b80
  Set: 47 Way: 0 Address: 0x6e620bc0
  Set: 47 Way: 1 Address: 0x14bb10bc0
  Set: 47 Way: 2 Address: 0x28a940bc0
  Set: 48 Way: 0 Address: 0x14bb10c38
  Set: 48 Way: 1 Address: 0x6e620c00
  Set: 49 Way: 0 Address: 0x6e620c78
  Set: 49 Way: 1 Address: 0x14bb10c40
  Set: 50 Way: 0 Address: 0x6e620c80
  Set: 50 Way: 1 Address: 0x14bb10c80
  Set: 51 Way: 0 Address: 0x6e620cc0
  Set: 51 Way: 1 Address: 0x14bb10cc0
  Set: 52 Way: 0 Address: 0x6e620d00
  Set: 52 Way: 1 Address: 0x14bb10d00
  Set: 53 Way: 0 Address: 0x6e620d40
  Set: 53 Way: 1 Address: 0x14bb10d40
  Set: 54 Way: 0 Address: 0x6e620d80
  Set: 54 Way: 1 Address: 0x14bb10d80
  Set: 55 Way: 0 Address: 0x6e620dc0
  Set: 55 Way: 1 Address: 0x14bb10dc0
  Set: 56 Way: 0 Address: 0x6e620e00
  Set: 56 Way: 1 Address: 0x14bb10e00
  Set: 57 Way: 0 Address: 0x6e620e40
  Set: 57 Way: 1 Address: 0x14bb10e40
  Set: 58 Way: 0 Address: 0x6e620e80
  Set: 58 Way: 1 Address: 0x14bb10e80
  Set: 59 Way: 0 Address: 0x6e620ec0
  Set: 59 Way: 1 Address: 0x14bb10ec0
  Set: 59 Way: 2 Address: 0x342b40ee8
  Set: 60 Way: 0 Address: 0x6e620f00
  Set: 60 Way: 1 Address: 0x14bb10f00
  Set: 61 Way: 0 Address: 0x6e620f40
  Set: 61 Way: 1 Address: 0x14bb10f40
  Set: 62 Way: 0 Address: 0x6e620f80
  Set: 62 Way: 1 Address: 0x14bb10f80
  Set: 63 Way: 0 Address: 0x6e620fc0
  Set: 63 Way: 1 Address: 0x14bb10fc0
  Set: 64 Way: 0 Address: 0xf6e81018
  Set: 64 Way: 1 Address: 0x6e621000
  Set: 64 Way: 2 Address: 0x14bb11000
  Set: 68 Way: 0 Address: 0xf6e81100
  Set: 89 Way: 0 Address: 0x181c81670
  Set: 121 Way: 0 Address: 0x19c791e54
  Set: 122 Way: 0 Address: 0x19c791e80
  Set: 123 Way: 0 Address: 0x19c791ec0
  Set: 124 Way: 0 Address: 0x19c791f00
  Set: 125 Way: 0 Address: 0x19c791f40
  Set: 126 Way: 0 Address: 0x19c791f80
  Set: 127 Way: 0 Address: 0x19c791fc0
  Set: 128 Way: 0 Address: 0x9cff2010
  Set: 128 Way: 1 Address: 0x1c84e2000
  Set: 128 Way: 2 Address: 0x1064c2000
  Set: 128 Way: 3 Address: 0x19c792000
  Set: 128 Way: 4 Address: 0x62d12000
  Set: 129 Way: 0 Address: 0x1064c2040
  Set: 129 Way: 1 Address: 0x62d12040
  Set: 130 Way: 0 Address: 0x1064c2080
  Set: 130 Way: 1 Address: 0x62d12080
  Set: 131 Way: 0 Address: 0x1064c20c0
  Set: 131 Way: 1 Address: 0x1995f20d8
  Set: 131 Way: 2 Address: 0x62d120c0
  Set: 132 Way: 0 Address: 0x1064c2100
  Set: 132 Way: 1 Address: 0x62d12100
  Set: 133 Way: 0 Address: 0x1064c2140
  Set: 133 Way: 1 Address: 0x62d12140
  Set: 134 Way: 0 Address: 0x1064c2180
  Set: 135 Way: 0 Address: 0x1064c21c0
  Set: 136 Way: 0 Address: 0x1064c2200
  Set: 137 Way: 0 Address: 0x1064c2240
  Set: 138 Way: 0 Address: 0x1064c2280
  Set: 139 Way: 0 Address: 0x133c922e0
  Set: 139 Way: 1 Address: 0x1064c22c0
  Set: 191 Way: 0 Address: 0x1995f2fc8
  Set: 193 Way: 0 Address: 0x3b0803078
  Set: 199 Way: 0 Address: 0x3232f31f8
  Set: 200 Way: 0 Address: 0x3232f3200
  Set: 201 Way: 0 Address: 0x3232f3240
  Set: 202 Way: 0 Address: 0x3232f3280
  Set: 203 Way: 0 Address: 0x3232f32c0
  Set: 204 Way: 0 Address: 0x3232f3300
  Set: 205 Way: 0 Address: 0x3232f3340
  Set: 206 Way: 0 Address: 0x3232f3380
  Set: 207 Way: 0 Address: 0x3232f33c0
  Set: 208 Way: 0 Address: 0x3232f3400
  Set: 209 Way: 0 Address: 0x3232f3440
  Set: 210 Way: 0 Address: 0x3232f3480
  Set: 210 Way: 1 Address: 0x2577134b8
  Set: 211 Way: 0 Address: 0x3232f34c0
  Set: 211 Way: 1 Address: 0x2577134d0
  Set: 212 Way: 0 Address: 0x3232f3500
  Set: 212 Way: 1 Address: 0x257713500
  Set: 213 Way: 0 Address: 0x3232f3540
  Set: 214 Way: 0 Address: 0x3232f3580
  Set: 215 Way: 0 Address: 0x3232f35c0
  Set: 216 Way: 0 Address: 0x3232f3600
  Set: 217 Way: 0 Address: 0x3232f3640
  Set: 218 Way: 0 Address: 0x3232f3680
  Set: 219 Way: 0 Address: 0x3232f36c0
  Set: 220 Way: 0 Address: 0x3232f3700
  Set: 221 Way: 0 Address: 0x3232f3740
  Set: 222 Way: 0 Address: 0x3232f3780
  Set: 223 Way: 0 Address: 0x3232f37c0
  Set: 224 Way: 0 Address: 0x3232f3800
  Set: 225 Way: 0 Address: 0x3232f3858
  Set: 226 Way: 0 Address: 0x3232f3880
  Set: 227 Way: 0 Address: 0x3232f38c0
  Set: 228 Way: 0 Address: 0x3232f3900
  Set: 229 Way: 0 Address: 0x3232f3940
  Set: 230 Way: 0 Address: 0x3232f3980
  Set: 231 Way: 0 Address: 0x3232f39c0
  Set: 232 Way: 0 Address: 0x3232f3a00
  Set: 232 Way: 1 Address: 0x34a873a00
  Set: 233 Way: 0 Address: 0x3232f3a40
  Set: 234 Way: 0 Address: 0x3232f3a80
  Set: 235 Way: 0 Address: 0x3232f3ac0
  Set: 236 Way: 0 Address: 0x3232f3b00
  Set: 237 Way: 0 Address: 0x3232f3b40
  Set: 238 Way: 0 Address: 0x3232f3b80
  Set: 239 Way: 0 Address: 0x3232f3bc0
  Set: 240 Way: 0 Address: 0x3232f3c00
  Set: 241 Way: 0 Address: 0x3232f3c40
  Set: 242 Way: 0 Address: 0x3232f3c80
  Set: 243 Way: 0 Address: 0x3232f3cc0
  Set: 244 Way: 0 Address: 0x3232f3d00
  Set: 245 Way: 0 Address: 0x3232f3d40
  Set: 246 Way: 0 Address: 0x3232f3d80
  Set: 247 Way: 0 Address: 0x3232f3dc0
  Set: 248 Way: 0 Address: 0x3232f3e00
  Set: 249 Way: 0 Address: 0x3232f3e40
  Set: 250 Way: 0 Address: 0x3232f3e80
  Set: 251 Way: 0 Address: 0x2b2e93ec8
  Set: 251 Way: 1 Address: 0x3232f3ec0
  Set: 252 Way: 0 Address: 0x3232f3f00
  Set: 253 Way: 0 Address: 0x3232f3f40
  Set: 254 Way: 0 Address: 0x3232f3f80
  Set: 255 Way: 0 Address: 0x3232f3fc0
  Set: 264 Way: 0 Address: 0x397bb4228
  Set: 267 Way: 0 Address: 0x1ab442e8
  Set: 274 Way: 0 Address: 0xb8004480
  Set: 275 Way: 0 Address: 0xb80044c3
  Set: 276 Way: 0 Address: 0xb8004501
  Set: 277 Way: 0 Address: 0xb8004544
  Set: 278 Way: 0 Address: 0xb8004584
  Set: 279 Way: 0 Address: 0xb80045c5
  Set: 280 Way: 0 Address: 0xb8004600
  Set: 281 Way: 0 Address: 0xb8004640
  Set: 306 Way: 0 Address: 0x3c1074ca0
  Set: 307 Way: 0 Address: 0x3c1074cc8
  Set: 308 Way: 0 Address: 0x3c1074d00
  Set: 319 Way: 0 Address: 0x129934fe0
  Set: 320 Way: 0 Address: 0x129935000
  Set: 320 Way: 1 Address: 0x272585000
  Set: 320 Way: 2 Address: 0x34a0e5000
  Set: 321 Way: 0 Address: 0x272585040
  Set: 321 Way: 1 Address: 0x34a0e5040
  Set: 322 Way: 0 Address: 0x272585080
  Set: 322 Way: 1 Address: 0x34a0e5080
  Set: 323 Way: 0 Address: 0x2725850c0
  Set: 323 Way: 1 Address: 0x34a0e50c0
  Set: 324 Way: 0 Address: 0x272585100
  Set: 324 Way: 1 Address: 0x34a0e5100
  Set: 325 Way: 0 Address: 0x272585140
  Set: 325 Way: 1 Address: 0x34a0e5140
  Set: 326 Way: 0 Address: 0x272585180
  Set: 326 Way: 1 Address: 0x34a0e5184
  Set: 327 Way: 0 Address: 0x2725851c0
  Set: 327 Way: 1 Address: 0x34a0e51c0
  Set: 328 Way: 0 Address: 0x272585200
  Set: 328 Way: 1 Address: 0x34a0e5200
  Set: 329 Way: 0 Address: 0x272585240
  Set: 329 Way: 1 Address: 0x34a0e5240
  Set: 330 Way: 0 Address: 0x272585280
  Set: 330 Way: 1 Address: 0x34a0e5280
  Set: 331 Way: 0 Address: 0x354d352f8
  Set: 331 Way: 1 Address: 0x2725852c0
  Set: 331 Way: 2 Address: 0x34a0e52c0
  Set: 332 Way: 0 Address: 0x354d35300
  Set: 332 Way: 1 Address: 0x272585300
  Set: 332 Way: 2 Address: 0x34a0e5300
  Set: 333 Way: 0 Address: 0x272585340
  Set: 333 Way: 1 Address: 0x34a0e5340
  Set: 334 Way: 0 Address: 0x272585380
  Set: 334 Way: 1 Address: 0x34a0e5380
  Set: 335 Way: 0 Address: 0x2725853c0
  Set: 335 Way: 1 Address: 0x34a0e53c0
  Set: 336 Way: 0 Address: 0x272585400
  Set: 336 Way: 1 Address: 0x34a0e5400
  Set: 337 Way: 0 Address: 0x272585440
  Set: 337 Way: 1 Address: 0x34a0e5440
  Set: 338 Way: 0 Address: 0x272585480
  Set: 338 Way: 1 Address: 0x34a0e5480
  Set: 339 Way: 0 Address: 0x2725854c0
  Set: 339 Way: 1 Address: 0x34a0e54c0
  Set: 340 Way: 0 Address: 0x272585500
  Set: 340 Way: 1 Address: 0x34a0e5500
  Set: 341 Way: 0 Address: 0x272585540
  Set: 341 Way: 1 Address: 0x34a0e5540
  Set: 342 Way: 0 Address: 0x272585580
  Set: 342 Way: 1 Address: 0x34a0e5580
  Set: 343 Way: 0 Address: 0x2725855c0
  Set: 343 Way: 1 Address: 0x34a0e55c0
  Set: 344 Way: 0 Address: 0x272585600
  Set: 344 Way: 1 Address: 0x34a0e5600
  Set: 345 Way: 0 Address: 0x272585640
  Set: 345 Way: 1 Address: 0x34a0e5644
  Set: 346 Way: 0 Address: 0x272585680
  Set: 346 Way: 1 Address: 0x34a0e5680
  Set: 347 Way: 0 Address: 0x2725856c0
  Set: 348 Way: 0 Address: 0x272585700
  Set: 349 Way: 0 Address: 0x1b0f15740
  Set: 349 Way: 1 Address: 0x272585740
  Set: 350 Way: 0 Address: 0x1b0f15780
  Set: 350 Way: 1 Address: 0x272585780
  Set: 351 Way: 0 Address: 0x1b0f157c0
  Set: 351 Way: 1 Address: 0x2725857c0
  Set: 352 Way: 0 Address: 0x1b0f15800
  Set: 352 Way: 1 Address: 0x272585800
  Set: 353 Way: 0 Address: 0x1b0f15840
  Set: 353 Way: 1 Address: 0x272585840
  Set: 354 Way: 0 Address: 0x1b0f15880
  Set: 354 Way: 1 Address: 0x272585880
  Set: 355 Way: 0 Address: 0x1b0f158c0
  Set: 355 Way: 1 Address: 0x2725858c0
  Set: 356 Way: 0 Address: 0x1b0f15900
  Set: 356 Way: 1 Address: 0x272585900
  Set: 357 Way: 0 Address: 0x1b0f15940
  Set: 357 Way: 1 Address: 0x272585940
  Set: 358 Way: 0 Address: 0x1b0f15980
  Set: 358 Way: 1 Address: 0x272585980
  Set: 359 Way: 0 Address: 0x1b0f159c0
  Set: 359 Way: 1 Address: 0x2725859c0
  Set: 360 Way: 0 Address: 0x1b0f15a00
  Set: 360 Way: 1 Address: 0x272585a00
  Set: 361 Way: 0 Address: 0x1b0f15a40
  Set: 361 Way: 1 Address: 0x272585a40
  Set: 362 Way: 0 Address: 0x1b0f15a80
  Set: 362 Way: 1 Address: 0x272585a80
  Set: 363 Way: 0 Address: 0x1b0f15ac0
  Set: 363 Way: 1 Address: 0x272585ac0
  Set: 364 Way: 0 Address: 0x1b0f15b00
  Set: 364 Way: 1 Address: 0x272585b00
  Set: 365 Way: 0 Address: 0x1b0f15b40
  Set: 365 Way: 1 Address: 0x272585b40
  Set: 366 Way: 0 Address: 0x1b0f15b80
  Set: 366 Way: 1 Address: 0x272585b80
  Set: 367 Way: 0 Address: 0x1b0f15bc0
  Set: 367 Way: 1 Address: 0x272585bc0
  Set: 368 Way: 0 Address: 0x1b0f15c00
  Set: 368 Way: 1 Address: 0x272585c00
  Set: 369 Way: 0 Address: 0x1b0f15c40
  Set: 369 Way: 1 Address: 0x272585c40
  Set: 370 Way: 0 Address: 0x1b0f15c80
  Set: 370 Way: 1 Address: 0x272585c80
  Set: 371 Way: 0 Address: 0x1b0f15cc0
  Set: 371 Way: 1 Address: 0x272585cc0
  Set: 372 Way: 0 Address: 0x1b0f15d00
  Set: 372 Way: 1 Address: 0x272585d00
  Set: 373 Way: 0 Address: 0x1b0f15d40
  Set: 373 Way: 1 Address: 0x272585d40
  Set: 374 Way: 0 Address: 0x1b0f15d80
  Set: 374 Way: 1 Address: 0x272585d80
  Set: 375 Way: 0 Address: 0x1b0f15dc0
  Set: 375 Way: 1 Address: 0x272585dc0
  Set: 376 Way: 0 Address: 0x1b0f15e00
  Set: 376 Way: 1 Address: 0x272585e00
  Set: 377 Way: 0 Address: 0x1b0f15e40
  Set: 377 Way: 1 Address: 0x272585e40
  Set: 378 Way: 0 Address: 0x1b0f15e80
  Set: 378 Way: 1 Address: 0x272585e80
  Set: 379 Way: 0 Address: 0x1b0f15ec0
  Set: 379 Way: 1 Address: 0x272585ec0
  Set: 380 Way: 0 Address: 0x1b0f15f00
  Set: 380 Way: 1 Address: 0x272585f00
  Set: 381 Way: 0 Address: 0x1b0f15f40
  Set: 381 Way: 1 Address: 0x272585f40
  Set: 382 Way: 0 Address: 0x1b0f15f80
  Set: 382 Way: 1 Address: 0x272585f80
  Set: 383 Way: 0 Address: 0x1b0f15fc0
  Set: 383 Way: 1 Address: 0x272585fc0
  Set: 384 Way: 0 Address: 0x3dae66038
  Set: 384 Way: 1 Address: 0x1b0f16000
  Set: 384 Way: 2 Address: 0x272586000
  Set: 385 Way: 0 Address: 0x3dae66040
  Set: 387 Way: 0 Address: 0x3d87a60d8
  Set: 390 Way: 0 Address: 0x3dae661a0
  Set: 391 Way: 0 Address: 0x3dae661c0
  Set: 392 Way: 0 Address: 0x3dae66200
  Set: 393 Way: 0 Address: 0x3dae66240
  Set: 394 Way: 0 Address: 0x3dae66280
  Set: 399 Way: 0 Address: 0x437363f0
  Set: 400 Way: 0 Address: 0x43736400
  Set: 404 Way: 0 Address: 0x27d4c6528
  Set: 405 Way: 0 Address: 0x27d4c6540
  Set: 416 Way: 0 Address: 0x211d16800
  Set: 417 Way: 0 Address: 0x211d16840
  Set: 433 Way: 0 Address: 0x211d16c48
  Set: 434 Way: 0 Address: 0x211d16c80
  Set: 456 Way: 0 Address: 0xbeea7228
  Set: 457 Way: 0 Address: 0xbeea7240
  Set: 458 Way: 0 Address: 0xbeea7280
  Set: 459 Way: 0 Address: 0xbeea72c0
  Set: 460 Way: 0 Address: 0xbeea7300
  Set: 461 Way: 0 Address: 0xbeea7340
  Set: 462 Way: 0 Address: 0xbeea7380
  Set: 463 Way: 0 Address: 0xbeea73c0
  Set: 464 Way: 0 Address: 0xbeea7400
  Set: 465 Way: 0 Address: 0xbeea7440
  Set: 466 Way: 0 Address: 0xbeea7480
  Set: 467 Way: 0 Address: 0xbeea74c0
  Set: 468 Way: 0 Address: 0xbeea7500
  Set: 469 Way: 0 Address: 0xbeea7540
  Set: 470 Way: 0 Address: 0xbeea7580
  Set: 471 Way: 0 Address: 0xbeea75c0
  Set: 472 Way: 0 Address: 0xbeea7600
  Set: 473 Way: 0 Address: 0xbeea7640
  Set: 474 Way: 0 Address: 0xbeea7680
  Set: 475 Way: 0 Address: 0xbeea76c0
  Set: 476 Way: 0 Address: 0xbeea7700
  Set: 477 Way: 0 Address: 0xbeea7740
  Set: 478 Way: 0 Address: 0xbeea7780
  Set: 479 Way: 0 Address: 0xbeea77c0
  Set: 480 Way: 0 Address: 0xbeea7800
  Set: 481 Way: 0 Address: 0xbeea7840
  Set: 482 Way: 0 Address: 0xbeea7880
  Set: 483 Way: 0 Address: 0xbeea78c0
  Set: 484 Way: 0 Address: 0xbeea7900
  Set: 485 Way: 0 Address: 0xbeea7940
  Set: 486 Way: 0 Address: 0xbeea7980
  Set: 487 Way: 0 Address: 0xbeea79c0
  Set: 488 Way: 0 Address: 0xbeea7a00
  Set: 489 Way: 0 Address: 0xbeea7a40
  Set: 490 Way: 0 Address: 0xbeea7a80
  Set: 491 Way: 0 Address: 0xbeea7ac0
  Set: 492 Way: 0 Address: 0xbeea7b00
  Set: 493 Way: 0 Address: 0xbeea7b40
  Set: 494 Way: 0 Address: 0xbeea7b80
  Set: 495 Way: 0 Address: 0xbeea7bc0
  Set: 496 Way: 0 Address: 0xbeea7c00
  Set: 497 Way: 0 Address: 0xbeea7c40
  Set: 498 Way: 0 Address: 0xbeea7c80
  Set: 499 Way: 0 Address: 0xbeea7cc0
  Set: 500 Way: 0 Address: 0xbeea7d00
  Set: 501 Way: 0 Address: 0xbeea7d40
  Set: 502 Way: 0 Address: 0xbeea7d80
  Set: 503 Way: 0 Address: 0xbeea7dc0
  Set: 504 Way: 0 Address: 0xbeea7e00
  Set: 505 Way: 0 Address: 0xbeea7e40
  Set: 506 Way: 0 Address: 0xbeea7e80
  Set: 507 Way: 0 Address: 0x309887ec8
  Set: 507 Way: 1 Address: 0xbeea7ec0
  Set: 508 Way: 0 Address: 0xbeea7f00
  Set: 509 Way: 0 Address: 0xbeea7f40
  Set: 510 Way: 0 Address: 0x276ff7f90
  Set: 510 Way: 1 Address: 0xbeea7f80
  Set: 511 Way: 0 Address: 0x309887fc0
  Set: 511 Way: 1 Address: 0xbeea7fc0
  Set: 512 Way: 0 Address: 0xbeea8000
  Set: 513 Way: 0 Address: 0x3bdd78078
  Set: 515 Way: 0 Address: 0x3bdd780d8
  Set: 526 Way: 0 Address: 0x1aafb8390
  Set: 527 Way: 0 Address: 0x1aafb83c3
  Set: 528 Way: 0 Address: 0x1aafb8401
  Set: 529 Way: 0 Address: 0x1aafb845a
  Set: 530 Way: 0 Address: 0x1aafb8480
  Set: 531 Way: 0 Address: 0x1aafb84c0
  Set: 532 Way: 0 Address: 0x1aafb8500
  Set: 533 Way: 0 Address: 0x1aafb8540
  Set: 543 Way: 0 Address: 0xc70787f8
  Set: 545 Way: 0 Address: 0x201598848
  Set: 545 Way: 1 Address: 0x2c9898868
  Set: 550 Way: 0 Address: 0x2015989a8
  Set: 575 Way: 0 Address: 0x201598fc0
  Set: 576 Way: 0 Address: 0x2c8749000
  Set: 577 Way: 0 Address: 0x2c8749040
  Set: 578 Way: 0 Address: 0x2c8749080
  Set: 579 Way: 0 Address: 0x2c87490c0
  Set: 580 Way: 0 Address: 0x2ee369100
  Set: 580 Way: 1 Address: 0x2c8749100
  Set: 581 Way: 0 Address: 0x2c8749140
  Set: 582 Way: 0 Address: 0x2c8749180
  Set: 583 Way: 0 Address: 0x2c87491c0
  Set: 584 Way: 0 Address: 0x2c8749200
  Set: 585 Way: 0 Address: 0x2c8749240
  Set: 586 Way: 0 Address: 0x2c8749280
  Set: 587 Way: 0 Address: 0x2c87492c0
  Set: 588 Way: 0 Address: 0x2c8749300
  Set: 589 Way: 0 Address: 0x2c8749340
  Set: 590 Way: 0 Address: 0x2c8749380
  Set: 591 Way: 0 Address: 0x2c87493c0
  Set: 592 Way: 0 Address: 0x2c8749400
  Set: 593 Way: 0 Address: 0x2c8749440
  Set: 594 Way: 0 Address: 0x2c8749480
  Set: 595 Way: 0 Address: 0x2c87494c0
  Set: 596 Way: 0 Address: 0x2c8749500
  Set: 597 Way: 0 Address: 0x2c8749540
  Set: 598 Way: 0 Address: 0x2c8749580
  Set: 599 Way: 0 Address: 0x2c87495c0
  Set: 600 Way: 0 Address: 0x2c8749600
  Set: 601 Way: 0 Address: 0x2c8749640
  Set: 609 Way: 0 Address: 0x292959848
  Set: 609 Way: 1 Address: 0x2fa0c9870
  Set: 632 Way: 0 Address: 0x312099e28
  Set: 666 Way: 0 Address: 0xc67da680
  Set: 715 Way: 0 Address: 0xc0d9b2f0
  Set: 739 Way: 0 Address: 0x394edb8e0
  Set: 740 Way: 0 Address: 0x394edb900
  Set: 743 Way: 0 Address: 0x3b377b9f8
  Set: 744 Way: 0 Address: 0x3b377ba00
  Set: 747 Way: 0 Address: 0x394edbad0
  Set: 748 Way: 0 Address: 0x394edbb00
  Set: 760 Way: 0 Address: 0xcf83be3c
  Set: 761 Way: 0 Address: 0xcf83be40
  Set: 762 Way: 0 Address: 0xcf83be80
  Set: 763 Way: 0 Address: 0xcf83bec0
  Set: 764 Way: 0 Address: 0xcf83bf00
  Set: 765 Way: 0 Address: 0xcf83bf40
  Set: 766 Way: 0 Address: 0xcf83bf80
  Set: 767 Way: 0 Address: 0xcf83bfc0
  Set: 768 Way: 0 Address: 0xdf85c000
  Set: 768 Way: 1 Address: 0xcf83c000
  Set: 784 Way: 0 Address: 0x12c6fc418
  Set: 794 Way: 0 Address: 0x32f48c688
  Set: 801 Way: 0 Address: 0x29484c840
  Set: 820 Way: 0 Address: 0x38e35cd30
  Set: 832 Way: 0 Address: 0x23755d003
  Set: 833 Way: 0 Address: 0x23755d040
  Set: 835 Way: 0 Address: 0x1add0f8
  Set: 836 Way: 0 Address: 0x1add100
  Set: 850 Way: 0 Address: 0x5588d4b8
  Set: 851 Way: 0 Address: 0x5588d4e8
  Set: 852 Way: 0 Address: 0x5588d538
  Set: 853 Way: 0 Address: 0x5588d560
  Set: 854 Way: 0 Address: 0x5588d580
  Set: 855 Way: 0 Address: 0x5588d5e0
  Set: 856 Way: 0 Address: 0x5588d600
  Set: 896 Way: 0 Address: 0x28b67e000
  Set: 896 Way: 1 Address: 0x1f919e000
  Set: 896 Way: 2 Address: 0x3734ee020
  Set: 901 Way: 0 Address: 0x2f5d8e178
  Set: 902 Way: 0 Address: 0x1c084e180
  Set: 921 Way: 0 Address: 0x20597e678
  Set: 922 Way: 0 Address: 0x20597e680
  Set: 923 Way: 0 Address: 0x2db79e6c0
  Set: 924 Way: 0 Address: 0x2db79e700
  Set: 927 Way: 0 Address: 0x28b67e7f8
  Set: 966 Way: 0 Address: 0xee86f188
  Set: 971 Way: 0 Address: 0x22272f2d8
  Set: 987 Way: 0 Address: 0x23756f6f8
  Set: 1016 Way: 0 Address: 0x143efe20
  Set: 1017 Way: 0 Address: 0x143efe40
EndCache
Cache: cpu0_L1I
  Set: 0 Way: 0 Address: 0x23755d003
  Set: 14 Way: 0 Address: 0x1aafb8390
  Set: 15 Way: 0 Address: 0x437363f0
  Set: 15 Way: 1 Address: 0x1aafb83e3
  Set: 16 Way: 0 Address: 0x1aafb8420
  Set: 17 Way: 0 Address: 0x1aafb845a
  Set: 18 Way: 0 Address: 0xb800449f
  Set: 18 Way: 1 Address: 0x1aafb8486
  Set: 19 Way: 0 Address: 0xb80044fb
  Set: 19 Way: 1 Address: 0x1aafb84c3
  Set: 20 Way: 0 Address: 0xb800453c
  Set: 20 Way: 1 Address: 0x1aafb8504
  Set: 21 Way: 0 Address: 0xb8004544
  Set: 22 Way: 0 Address: 0xb8004599
  Set: 23 Way: 0 Address: 0xb80045fa
  Set: 24 Way: 0 Address: 0xb8004600
  Set: 63 Way: 0 Address: 0x129934fe0
EndCache
Cache: cpu0_L1D
  Set: 0 Way: 0 Address: 0x272585000
  Set: 0 Way: 1 Address: 0x28a940018
  Set: 0 Way: 2 Address: 0x34a0e5018
  Set: 0 Way: 3 Address: 0x9cff2010
  Set: 0 Way: 4 Address: 0x62d12000
  Set: 0 Way: 5 Address: 0x3734ee020
  Set: 0 Way: 6 Address: 0xf6e81018
  Set: 0 Way: 7 Address: 0x3dae66038
  Set: 0 Way: 8 Address: 0x1064c2000
  Set: 0 Way: 9 Address: 0x6e620000
  Set: 0 Way: 10 Address: 0x14bb10000
  Set: 0 Way: 11 Address: 0x2c8749018
  Set: 1 Way: 0 Address: 0x1064c2040
  Set: 1 Way: 1 Address: 0x6e620040
  Set: 1 Way: 2 Address: 0x14bb10040
  Set: 1 Way: 3 Address: 0x3bdd78078
  Set: 1 Way: 4 Address: 0x3b0803078
  Set: 1 Way: 5 Address: 0x2c8749054
  Set: 1 Way: 6 Address: 0x272585040
  Set: 1 Way: 7 Address: 0x28a940048
  Set: 1 Way: 8 Address: 0x34a0e5040
  Set: 1 Way: 9 Address: 0x62d12040
  Set: 2 Way: 0 Address: 0x1064c2080
  Set: 2 Way: 1 Address: 0x6e620080
  Set: 2 Way: 2 Address: 0x14bb10080
  Set: 2 Way: 3 Address: 0x2c8749098
  Set: 2 Way: 4 Address: 0x272585080
  Set: 2 Way: 5 Address: 0x28a940080
  Set: 2 Way: 6 Address: 0x34a0e5094
  Set: 2 Way: 7 Address: 0x62d12080
  Set: 3 Way: 0 Address: 0x62d120c0
  Set: 3 Way: 1 Address: 0x2177f00f8
  Set: 3 Way: 2 Address: 0x3bdd780d8
  Set: 3 Way: 3 Address: 0x1064c20c0
  Set: 3 Way: 4 Address: 0x6e6200c0
  Set: 3 Way: 5 Address: 0x14bb100c0
  Set: 3 Way: 6 Address: 0x1995f20d8
  Set: 3 Way: 7 Address: 0x3d87a60d8
  Set: 3 Way: 8 Address: 0x2c87490c0
  Set: 3 Way: 9 Address: 0x2725850c0
  Set: 3 Way: 10 Address: 0x28a9400c0
  Set: 3 Way: 11 Address: 0x34a0e50d4
  Set: 4 Way: 0 Address: 0x2ee369100
  Set: 4 Way: 1 Address: 0xf6e81100
  Set: 4 Way: 2 Address: 0x1add100
  Set: 4 Way: 3 Address: 0x1064c2100
  Set: 4 Way: 4 Address: 0x6e620100
  Set: 4 Way: 5 Address: 0x14bb10100
  Set: 4 Way: 6 Address: 0x2c8749118
  Set: 4 Way: 7 Address: 0x272585100
  Set: 4 Way: 8 Address: 0x28a940100
  Set: 4 Way: 9 Address: 0x34a0e5118
  Set: 4 Way: 10 Address: 0x62d12100
  Set: 5 Way: 0 Address: 0x2f5d8e178
  Set: 5 Way: 1 Address: 0x1064c2140
  Set: 5 Way: 2 Address: 0x6e620140
  Set: 5 Way: 3 Address: 0x14bb10140
  Set: 5 Way: 4 Address: 0x2c8749140
  Set: 5 Way: 5 Address: 0x272585140
  Set: 5 Way: 6 Address: 0x28a940140
  Set: 5 Way: 7 Address: 0x34a0e5150
  Set: 5 Way: 8 Address: 0x62d12140
  Set: 6 Way: 0 Address: 0xee86f188
  Set: 6 Way: 1 Address: 0x1c084e180
  Set: 6 Way: 2 Address: 0x1064c2180
  Set: 6 Way: 3 Address: 0x6e620180
  Set: 6 Way: 4 Address: 0x14bb10180
  Set: 6 Way: 5 Address: 0x3dae661a0
  Set: 6 Way: 6 Address: 0x2c8749198
  Set: 6 Way: 7 Address: 0x272585180
  Set: 6 Way: 8 Address: 0x28a940180
  Set: 6 Way: 9 Address: 0x34a0e5194
  Set: 7 Way: 0 Address: 0x3232f31f8
  Set: 7 Way: 1 Address: 0x1064c21c0
  Set: 7 Way: 2 Address: 0x6e6201c0
  Set: 7 Way: 3 Address: 0x14bb101c0
  Set: 7 Way: 4 Address: 0x2c87491d4
  Set: 7 Way: 5 Address: 0x2725851c0
  Set: 7 Way: 6 Address: 0x28a9401c0
  Set: 7 Way: 7 Address: 0x34a0e51d8
  Set: 8 Way: 0 Address: 0x397bb4228
  Set: 8 Way: 1 Address: 0x3232f3220
  Set: 8 Way: 2 Address: 0x1064c2200
  Set: 8 Way: 3 Address: 0x6e620200
  Set: 8 Way: 4 Address: 0x14bb10200
  Set: 8 Way: 5 Address: 0x3dae66200
  Set: 8 Way: 6 Address: 0xbeea7238
  Set: 8 Way: 7 Address: 0x2c8749218
  Set: 8 Way: 8 Address: 0x272585200
  Set: 8 Way: 9 Address: 0x28a940200
  Set: 8 Way: 10 Address: 0x34a0e5214
  Set: 9 Way: 0 Address: 0x3232f3248
  Set: 9 Way: 1 Address: 0x1064c2240
  Set: 9 Way: 2 Address: 0x6e620240
  Set: 9 Way: 3 Address: 0x3dae66240
  Set: 9 Way: 4 Address: 0x14bb10270
  Set: 9 Way: 5 Address: 0xbeea7278
  Set: 9 Way: 6 Address: 0x2c8749258
  Set: 9 Way: 7 Address: 0x272585240
  Set: 9 Way: 8 Address: 0x28a940240
  Set: 9 Way: 9 Address: 0x34a0e5250
  Set: 10 Way: 0 Address: 0x3232f3280
  Set: 10 Way: 1 Address: 0x1064c2280
  Set: 10 Way: 2 Address: 0x6e6202b0
  Set: 10 Way: 3 Address: 0x14bb102b8
  Set: 10 Way: 4 Address: 0xbeea72b8
  Set: 10 Way: 5 Address: 0x2c8749298
  Set: 10 Way: 6 Address: 0x272585280
  Set: 10 Way: 7 Address: 0x28a940280
  Set: 10 Way: 8 Address: 0x34a0e5290
  Set: 11 Way: 0 Address: 0x354d352f8
  Set: 11 Way: 1 Address: 0x34a0e52d8
  Set: 11 Way: 2 Address: 0x133c922d8
  Set: 11 Way: 3 Address: 0x22272f2d8
  Set: 11 Way: 4 Address: 0x3232f32c0
  Set: 11 Way: 5 Address: 0xc0d9b2f0
  Set: 11 Way: 6 Address: 0x6e6202f8
  Set: 11 Way: 7 Address: 0xbeea72f8
  Set: 11 Way: 8 Address: 0x14bb102f8
  Set: 11 Way: 9 Address: 0x2c87492d8
  Set: 11 Way: 10 Address: 0x2725852c0
  Set: 11 Way: 11 Address: 0x28a9402c0
  Set: 12 Way: 0 Address: 0x3232f3308
  Set: 12 Way: 1 Address: 0x6e620338
  Set: 12 Way: 2 Address: 0x14bb10338
  Set: 12 Way: 3 Address: 0xbeea7338
  Set: 12 Way: 4 Address: 0x2c8749314
  Set: 12 Way: 5 Address: 0x272585300
  Set: 12 Way: 6 Address: 0x28a940308
  Set: 12 Way: 7 Address: 0x34a0e5318
  Set: 13 Way: 0 Address: 0x3232f3348
  Set: 13 Way: 1 Address: 0x6e620378
  Set: 13 Way: 2 Address: 0x14bb10378
  Set: 13 Way: 3 Address: 0xbeea7378
  Set: 13 Way: 4 Address: 0x2c8749354
  Set: 13 Way: 5 Address: 0x272585340
  Set: 13 Way: 6 Address: 0x28a940358
  Set: 13 Way: 7 Address: 0x34a0e5358
  Set: 14 Way: 0 Address: 0x3232f3380
  Set: 14 Way: 1 Address: 0x6e6203a8
  Set: 14 Way: 2 Address: 0xbeea73b8
  Set: 14 Way: 3 Address: 0x14bb103b8
  Set: 14 Way: 4 Address: 0x2c8749398
  Set: 14 Way: 5 Address: 0x272585380
  Set: 14 Way: 6 Address: 0x28a940380
  Set: 14 Way: 7 Address: 0x34a0e5398
  Set: 15 Way: 0 Address: 0x3232f33c0
  Set: 15 Way: 1 Address: 0x6e6203f8
  Set: 15 Way: 2 Address: 0x14bb103f8
  Set: 15 Way: 3 Address: 0xbeea73f8
  Set: 15 Way: 4 Address: 0x2c87493d8
  Set: 15 Way: 5 Address: 0x2725853c0
  Set: 15 Way: 6 Address: 0x28a9403c0
  Set: 15 Way: 7 Address: 0x34a0e53d8
  Set: 16 Way: 0 Address: 0x12c6fc418
  Set: 16 Way: 1 Address: 0x3232f3400
  Set: 16 Way: 2 Address: 0x6e620438
  Set: 16 Way: 3 Address: 0xbeea7438
  Set: 16 Way: 4 Address: 0x14bb10438
  Set: 16 Way: 5 Address: 0x2c8749418
  Set: 16 Way: 6 Address: 0x272585400
  Set: 16 Way: 7 Address: 0x28a940400
  Set: 16 Way: 8 Address: 0x34a0e5410
  Set: 17 Way: 0 Address: 0x3232f3440
  Set: 17 Way: 1 Address: 0x6e620478
  Set: 17 Way: 2 Address: 0x14bb10478
  Set: 17 Way: 3 Address: 0xbeea7478
  Set: 17 Way: 4 Address: 0x2c8749454
  Set: 17 Way: 5 Address: 0x272585440
  Set: 17 Way: 6 Address: 0x28a940440
  Set: 17 Way: 7 Address: 0x34a0e5458
  Set: 18 Way: 0 Address: 0x5588d488
  Set: 18 Way: 1 Address: 0x3232f3480
  Set: 18 Way: 2 Address: 0x2577134a8
  Set: 18 Way: 3 Address: 0x6e6204b8
  Set: 18 Way: 4 Address: 0xbeea74b8
  Set: 18 Way: 5 Address: 0x14bb104b8
  Set: 18 Way: 6 Address: 0x2c8749494
  Set: 18 Way: 7 Address: 0x272585480
  Set: 18 Way: 8 Address: 0x28a940480
  Set: 18 Way: 9 Address: 0x34a0e5480
  Set: 19 Way: 0 Address: 0x5588d4e8
  Set: 19 Way: 1 Address: 0x3232f34c0
  Set: 19 Way: 2 Address: 0x2577134d0
  Set: 19 Way: 3 Address: 0x6e6204f8
  Set: 19 Way: 4 Address: 0x14bb104f8
  Set: 19 Way: 5 Address: 0xbeea74f8
  Set: 19 Way: 6 Address: 0x2c87494d8
  Set: 19 Way: 7 Address: 0x2725854c0
  Set: 19 Way: 8 Address: 0x28a9404c0
  Set: 19 Way: 9 Address: 0x34a0e54d4
  Set: 20 Way: 0 Address: 0x3232f3500
  Set: 20 Way: 1 Address: 0x5588d518
  Set: 20 Way: 2 Address: 0x27d4c6528
  Set: 20 Way: 3 Address: 0x6e620538
  Set: 20 Way: 4 Address: 0x14bb10538
  Set: 20 Way: 5 Address: 0xbeea7538
  Set: 20 Way: 6 Address: 0x2c8749518
  Set: 20 Way: 7 Address: 0x272585500
  Set: 20 Way: 8 Address: 0x28a940500
  Set: 20 Way: 9 Address: 0x34a0e5500
  Set: 21 Way: 0 Address: 0x5588d578
  Set: 21 Way: 1 Address: 0x3232f3540
  Set: 21 Way: 2 Address: 0x6e620578
  Set: 21 Way: 3 Address: 0x14bb10578
  Set: 21 Way: 4 Address: 0xbeea7578
  Set: 21 Way: 5 Address: 0x2c8749558
  Set: 21 Way: 6 Address: 0x272585540
  Set: 21 Way: 7 Address: 0x28a940550
  Set: 21 Way: 8 Address: 0x34a0e5558
  Set: 22 Way: 0 Address: 0x5588d580
  Set: 22 Way: 1 Address: 0x3232f3580
  Set: 22 Way: 2 Address: 0x6e6205b8
  Set: 22 Way: 3 Address: 0xbeea75a8
  Set: 22 Way: 4 Address: 0x14bb105b8
  Set: 22 Way: 5 Address: 0x2c8749594
  Set: 22 Way: 6 Address: 0x272585580
  Set: 22 Way: 7 Address: 0x28a940580
  Set: 22 Way: 8 Address: 0x34a0e5580
  Set: 23 Way: 0 Address: 0x3232f35c0
  Set: 23 Way: 1 Address: 0x5588d5e0
  Set: 23 Way: 2 Address: 0x6e6205f8
  Set: 23 Way: 3 Address: 0x14bb105e8
  Set: 23 Way: 4 Address: 0xbeea75f8
  Set: 23 Way: 5 Address: 0x2c87495d4
  Set: 23 Way: 6 Address: 0x2725855c0
  Set: 23 Way: 7 Address: 0x28a9405c0
  Set: 23 Way: 8 Address: 0x34a0e55d4
  Set: 24 Way: 0 Address: 0x3232f3600
  Set: 24 Way: 1 Address: 0x6e620628
  Set: 24 Way: 2 Address: 0x14bb10638
  Set: 24 Way: 3 Address: 0xbeea7638
  Set: 24 Way: 4 Address: 0x2c8749600
  Set: 24 Way: 5 Address: 0x272585600
  Set: 24 Way: 6 Address: 0x28a940600
  Set: 24 Way: 7 Address: 0x34a0e5600
  Set: 25 Way: 0 Address: 0x3232f3640
  Set: 25 Way: 1 Address: 0x181c81670
  Set: 25 Way: 2 Address: 0x20597e678
  Set: 25 Way: 3 Address: 0x14bb10678
  Set: 25 Way: 4 Address: 0xbeea7678
  Set: 25 Way: 5 Address: 0x6e620678
  Set: 25 Way: 6 Address: 0x272585640
  Set: 25 Way: 7 Address: 0x28a940640
  Set: 25 Way: 8 Address: 0x34a0e5650
  Set: 26 Way: 0 Address: 0x3232f3680
  Set: 26 Way: 1 Address: 0x6e6206b8
  Set: 26 Way: 2 Address: 0x14bb106b8
  Set: 26 Way: 3 Address: 0xbeea76b8
  Set: 26 Way: 4 Address: 0x272585680
  Set: 26 Way: 5 Address: 0x28a940680
  Set: 26 Way: 6 Address: 0x20597e680
  Set: 26 Way: 7 Address: 0xc67da680
  Set: 26 Way: 8 Address: 0x32f48c688
  Set: 27 Way: 0 Address: 0x2db79e6c0
  Set: 27 Way: 1 Address: 0x3232f36c0
  Set: 27 Way: 2 Address: 0x23756f6f8
  Set: 27 Way: 3 Address: 0x6e6206f8
  Set: 27 Way: 4 Address: 0x14bb106f8
  Set: 27 Way: 5 Address: 0xbeea76f8
  Set: 27 Way: 6 Address: 0x2725856c0
  Set: 27 Way: 7 Address: 0x28a9406c0
  Set: 28 Way: 0 Address: 0x3232f3708
  Set: 28 Way: 1 Address: 0x6e620738
  Set: 28 Way: 2 Address: 0x14bb10738
  Set: 28 Way: 3 Address: 0xbeea7738
  Set: 28 Way: 4 Address: 0x272585700
  Set: 28 Way: 5 Address: 0x28a940708
  Set: 29 Way: 0 Address: 0x1b0f15740
  Set: 29 Way: 1 Address: 0x3232f3740
  Set: 29 Way: 2 Address: 0x6e620778
  Set: 29 Way: 3 Address: 0x14bb10778
  Set: 29 Way: 4 Address: 0xbeea7778
  Set: 29 Way: 5 Address: 0x272585740
  Set: 29 Way: 6 Address: 0x28a940748
  Set: 30 Way: 0 Address: 0x1b0f15780
  Set: 30 Way: 1 Address: 0x3232f3780
  Set: 30 Way: 2 Address: 0x6e6207b8
  Set: 30 Way: 3 Address: 0xbeea77b8
  Set: 30 Way: 4 Address: 0x14bb107b8
  Set: 30 Way: 5 Address: 0x272585780
  Set: 30 Way: 6 Address: 0x28a940788
  Set: 31 Way: 0 Address: 0x28b67e7f8
  Set: 31 Way: 1 Address: 0xc70787f8
  Set: 31 Way: 2 Address: 0x1b0f157c0
  Set: 31 Way: 3 Address: 0x3232f37c0
  Set: 31 Way: 4 Address: 0x6e6207f8
  Set: 31 Way: 5 Address: 0x14bb107f8
  Set: 31 Way: 6 Address: 0xbeea77f8
  Set: 31 Way: 7 Address: 0x2725857c0
  Set: 31 Way: 8 Address: 0x28a9407c0
  Set: 32 Way: 0 Address: 0x211d16800
  Set: 32 Way: 1 Address: 0x1b0f15800
  Set: 32 Way: 2 Address: 0x3232f3800
  Set: 32 Way: 3 Address: 0x6e620838
  Set: 32 Way: 4 Address: 0x14bb10838
  Set: 32 Way: 5 Address: 0xbeea7838
  Set: 32 Way: 6 Address: 0x272585800
  Set: 32 Way: 7 Address: 0x28a940800
  Set: 33 Way: 0 Address: 0x29484c840
  Set: 33 Way: 1 Address: 0x201598848
  Set: 33 Way: 2 Address: 0x292959848
  Set: 33 Way: 3 Address: 0x2c9898868
  Set: 33 Way: 4 Address: 0x1b0f15840
  Set: 33 Way: 5 Address: 0x6e620878
  Set: 33 Way: 6 Address: 0x14bb10878
  Set: 33 Way: 7 Address: 0xbeea7878
  Set: 33 Way: 8 Address: 0x3232f3860
  Set: 33 Way: 9 Address: 0x2fa0c9870
  Set: 33 Way: 10 Address: 0x272585840
  Set: 33 Way: 11 Address: 0x28a940840
  Set: 34 Way: 0 Address: 0x1b0f15880
  Set: 34 Way: 1 Address: 0x6e6208b8
  Set: 34 Way: 2 Address: 0x14bb108b8
  Set: 34 Way: 3 Address: 0xbeea78b8
  Set: 34 Way: 4 Address: 0x3232f3888
  Set: 34 Way: 5 Address: 0x272585880
  Set: 34 Way: 6 Address: 0x28a940890
  Set: 35 Way: 0 Address: 0x394edb8e0
  Set: 35 Way: 1 Address: 0x1b0f158c0
  Set: 35 Way: 2 Address: 0x6e6208f8
  Set: 35 Way: 3 Address: 0x14bb108f8
  Set: 35 Way: 4 Address: 0xbeea78f8
  Set: 35 Way: 5 Address: 0x3232f38c8
  Set: 35 Way: 6 Address: 0x2725858c0
  Set: 35 Way: 7 Address: 0x28a9408c8
  Set: 36 Way: 0 Address: 0x1b0f15900
  Set: 36 Way: 1 Address: 0x6e620938
  Set: 36 Way: 2 Address: 0x14bb10938
  Set: 36 Way: 3 Address: 0xbeea7938
  Set: 36 Way: 4 Address: 0x3232f3900
  Set: 36 Way: 5 Address: 0x272585900
  Set: 36 Way: 6 Address: 0x28a940900
  Set: 37 Way: 0 Address: 0x1b0f15940
  Set: 37 Way: 1 Address: 0x14bb10978
  Set: 37 Way: 2 Address: 0x6e620978
  Set: 37 Way: 3 Address: 0xbeea7978
  Set: 37 Way: 4 Address: 0x3232f3948
  Set: 37 Way: 5 Address: 0x272585940
  Set: 37 Way: 6 Address: 0x28a940940
  Set: 38 Way: 0 Address: 0x2015989a8
  Set: 38 Way: 1 Address: 0x1b0f15980
  Set: 38 Way: 2 Address: 0x6e6209b8
  Set: 38 Way: 3 Address: 0xbeea79a8
  Set: 38 Way: 4 Address: 0x14bb109b8
  Set: 38 Way: 5 Address: 0x3232f3988
  Set: 38 Way: 6 Address: 0x272585980
  Set: 38 Way: 7 Address: 0x28a940980
  Set: 39 Way: 0 Address: 0x3b377b9f8
  Set: 39 Way: 1 Address: 0x1b0f159c0
  Set: 39 Way: 2 Address: 0x6e6209f8
  Set: 39 Way: 3 Address: 0x14bb109f8
  Set: 39 Way: 4 Address: 0xbeea79f8
  Set: 39 Way: 5 Address: 0x3232f39c0
  Set: 39 Way: 6 Address: 0x2725859c0
  Set: 39 Way: 7 Address: 0x28a9409c0
  Set: 40 Way: 0 Address: 0x1b0f15a00
  Set: 40 Way: 1 Address: 0x6e620a38
  Set: 40 Way: 2 Address: 0x14bb10a38
  Set: 40 Way: 3 Address: 0xbeea7a38
  Set: 40 Way: 4 Address: 0x3232f3a00
  Set: 40 Way: 5 Address: 0x3b377ba00
  Set: 40 Way: 6 Address: 0x34a873a00
  Set: 40 Way: 7 Address: 0x272585a00
  Set: 40 Way: 8 Address: 0x28a940a08
  Set: 40 Way: 9 Address: 0x168ef0a08
  Set: 41 Way: 0 Address: 0x1b0f15a40
  Set: 41 Way: 1 Address: 0x14bb10a78
  Set: 41 Way: 2 Address: 0x6e620a78
  Set: 41 Way: 3 Address: 0xbeea7a78
  Set: 41 Way: 4 Address: 0x3232f3a40
  Set: 41 Way: 5 Address: 0x272585a40
  Set: 41 Way: 6 Address: 0x28a940a50
  Set: 42 Way: 0 Address: 0x1b0f15a80
  Set: 42 Way: 1 Address: 0x6e620ab8
  Set: 42 Way: 2 Address: 0xbeea7ab8
  Set: 42 Way: 3 Address: 0x14bb10ab8
  Set: 42 Way: 4 Address: 0x3232f3a80
  Set: 42 Way: 5 Address: 0x272585a80
  Set: 42 Way: 6 Address: 0x28a940a80
  Set: 43 Way: 0 Address: 0x394edbad0
  Set: 43 Way: 1 Address: 0x1b0f15ac0
  Set: 43 Way: 2 Address: 0x6e620af8
  Set: 43 Way: 3 Address: 0x14bb10af8
  Set: 43 Way: 4 Address: 0xbeea7af8
  Set: 43 Way: 5 Address: 0x3232f3ac8
  Set: 43 Way: 6 Address: 0x272585ac0
  Set: 43 Way: 7 Address: 0x28a940ac0
  Set: 44 Way: 0 Address: 0x1b0f15b00
  Set: 44 Way: 1 Address: 0x6e620b38
  Set: 44 Way: 2 Address: 0x14bb10b38
  Set: 44 Way: 3 Address: 0xbeea7b38
  Set: 44 Way: 4 Address: 0x3232f3b00
  Set: 44 Way: 5 Address: 0x272585b00
  Set: 44 Way: 6 Address: 0x28a940b08
  Set: 45 Way: 0 Address: 0x1b0f15b40
  Set: 45 Way: 1 Address: 0x6e620b78
  Set: 45 Way: 2 Address: 0x14bb10b78
  Set: 45 Way: 3 Address: 0xbeea7b78
  Set: 45 Way: 4 Address: 0x3232f3b40
  Set: 45 Way: 5 Address: 0x272585b40
  Set: 45 Way: 6 Address: 0x28a940b48
  Set: 46 Way: 0 Address: 0x1b0f15b80
  Set: 46 Way: 1 Address: 0x6e620bb8
  Set: 46 Way: 2 Address: 0xbeea7ba8
  Set: 46 Way: 3 Address: 0x14bb10bb8
  Set: 46 Way: 4 Address: 0x3232f3b88
  Set: 46 Way: 5 Address: 0x272585b80
  Set: 46 Way: 6 Address: 0x28a940b88
  Set: 47 Way: 0 Address: 0x1b0f15bc0
  Set: 47 Way: 1 Address: 0x6e620bf8
  Set: 47 Way: 2 Address: 0x14bb10bf8
  Set: 47 Way: 3 Address: 0xbeea7bf8
  Set: 47 Way: 4 Address: 0x3232f3bc8
  Set: 47 Way: 5 Address: 0x272585bc0
  Set: 47 Way: 6 Address: 0x28a940bc8
  Set: 48 Way: 0 Address: 0x14bb10c38
  Set: 48 Way: 1 Address: 0xbeea7c00
  Set: 48 Way: 2 Address: 0x1b0f15c00
  Set: 48 Way: 3 Address: 0x6e620c38
  Set: 48 Way: 4 Address: 0x3232f3c00
  Set: 48 Way: 5 Address: 0x272585c00
  Set: 49 Way: 0 Address: 0x211d16c48
  Set: 49 Way: 1 Address: 0x6e620c78
  Set: 49 Way: 2 Address: 0x14bb10c40
  Set: 49 Way: 3 Address: 0xbeea7c40
  Set: 49 Way: 4 Address: 0x1b0f15c40
  Set: 49 Way: 5 Address: 0x3232f3c40
  Set: 49 Way: 6 Address: 0x272585c40
  Set: 50 Way: 0 Address: 0x3c1074cb0
  Set: 50 Way: 1 Address: 0x6e620c80
  Set: 50 Way: 2 Address: 0x14bb10c80
  Set: 50 Way: 3 Address: 0xbeea7c80
  Set: 50 Way: 4 Address: 0x1b0f15c80
  Set: 50 Way: 5 Address: 0x3232f3c80
  Set: 50 Way: 6 Address: 0x272585c80
  Set: 51 Way: 0 Address: 0x3c1074cd0
  Set: 51 Way: 1 Address: 0x6e620cc0
  Set: 51 Way: 2 Address: 0x14bb10cc0
  Set: 51 Way: 3 Address: 0xbeea7cc0
  Set: 51 Way: 4 Address: 0x1b0f15cc0
  Set: 51 Way: 5 Address: 0x3232f3cc0
  Set: 51 Way: 6 Address: 0x272585cc0
  Set: 52 Way: 0 Address: 0x38e35cd30
  Set: 52 Way: 1 Address: 0x6e620d00
  Set: 52 Way: 2 Address: 0x14bb10d00
  Set: 52 Way: 3 Address: 0xbeea7d00
  Set: 52 Way: 4 Address: 0x1b0f15d00
  Set: 52 Way: 5 Address: 0x3232f3d00
  Set: 52 Way: 6 Address: 0x272585d00
  Set: 53 Way: 0 Address: 0x6e620d40
  Set: 53 Way: 1 Address: 0x14bb10d40
  Set: 53 Way: 2 Address: 0xbeea7d40
  Set: 53 Way: 3 Address: 0x1b0f15d40
  Set: 53 Way: 4 Address: 0x3232f3d40
  Set: 53 Way: 5 Address: 0x272585d40
  Set: 54 Way: 0 Address: 0x6e620d80
  Set: 54 Way: 1 Address: 0x14bb10d80
  Set: 54 Way: 2 Address: 0xbeea7d80
  Set: 54 Way: 3 Address: 0x1b0f15d98
  Set: 54 Way: 4 Address: 0x3232f3d80
  Set: 54 Way: 5 Address: 0x272585d80
  Set: 55 Way: 0 Address: 0x6e620dc0
  Set: 55 Way: 1 Address: 0x14bb10dc0
  Set: 55 Way: 2 Address: 0xbeea7dc0
  Set: 55 Way: 3 Address: 0x1b0f15dc0
  Set: 55 Way: 4 Address: 0x3232f3dc0
  Set: 55 Way: 5 Address: 0x272585dc8
  Set: 56 Way: 0 Address: 0x143efe20
  Set: 56 Way: 1 Address: 0x6e620e00
  Set: 56 Way: 2 Address: 0x14bb10e00
  Set: 56 Way: 3 Address: 0xbeea7e00
  Set: 56 Way: 4 Address: 0x312099e28
  Set: 56 Way: 5 Address: 0xcf83be3c
  Set: 56 Way: 6 Address: 0x1b0f15e00
  Set: 56 Way: 7 Address: 0x3232f3e00
  Set: 56 Way: 8 Address: 0x272585e00
  Set: 57 Way: 0 Address: 0x6e620e40
  Set: 57 Way: 1 Address: 0x14bb10e40
  Set: 57 Way: 2 Address: 0xbeea7e40
  Set: 57 Way: 3 Address: 0xcf83be54
  Set: 57 Way: 4 Address: 0x1b0f15e40
  Set: 57 Way: 5 Address: 0x3232f3e40
  Set: 57 Way: 6 Address: 0x19c791e6c
  Set: 57 Way: 7 Address: 0x272585e40
  Set: 58 Way: 0 Address: 0x6e620e80
  Set: 58 Way: 1 Address: 0x14bb10e80
  Set: 58 Way: 2 Address: 0xbeea7e80
  Set: 58 Way: 3 Address: 0xcf83be94
  Set: 58 Way: 4 Address: 0x1b0f15e80
  Set: 58 Way: 5 Address: 0x3232f3e88
  Set: 58 Way: 6 Address: 0x19c791e80
  Set: 58 Way: 7 Address: 0x272585e80
  Set: 59 Way: 0 Address: 0x309887ec8
  Set: 59 Way: 1 Address: 0x2b2e93ec8
  Set: 59 Way: 2 Address: 0x6e620ec0
  Set: 59 Way: 3 Address: 0x14bb10ec0
  Set: 59 Way: 4 Address: 0xbeea7ec0
  Set: 59 Way: 5 Address: 0x342b40ee8
  Set: 59 Way: 6 Address: 0xcf83bec0
  Set: 59 Way: 7 Address: 0x1b0f15ec0
  Set: 59 Way: 8 Address: 0x3232f3ec8
  Set: 59 Way: 9 Address: 0x19c791ed8
  Set: 59 Way: 10 Address: 0x272585ec0
  Set: 60 Way: 0 Address: 0x6e620f00
  Set: 60 Way: 1 Address: 0x14bb10f00
  Set: 60 Way: 2 Address: 0xbeea7f00
  Set: 60 Way: 3 Address: 0xcf83bf14
  Set: 60 Way: 4 Address: 0x1b0f15f00
  Set: 60 Way: 5 Address: 0x3232f3f00
  Set: 60 Way: 6 Address: 0x19c791f00
  Set: 60 Way: 7 Address: 0x272585f00
  Set: 61 Way: 0 Address: 0x6e620f40
  Set: 61 Way: 1 Address: 0x14bb10f40
  Set: 61 Way: 2 Address: 0xbeea7f40
  Set: 61 Way: 3 Address: 0xcf83bf58
  Set: 61 Way: 4 Address: 0x1b0f15f40
  Set: 61 Way: 5 Address: 0x3232f3f40
  Set: 61 Way: 6 Address: 0x19c791f58
  Set: 61 Way: 7 Address: 0x272585f40
  Set: 62 Way: 0 Address: 0x276ff7f90
  Set: 62 Way: 1 Address: 0x6e620f80
  Set: 62 Way: 2 Address: 0x14bb10f80
  Set: 62 Way: 3 Address: 0xbeea7f80
  Set: 62 Way: 4 Address: 0xcf83bf98
  Set: 62 Way: 5 Address: 0x1b0f15f80
  Set: 62 Way: 6 Address: 0x3232f3f88
  Set: 62 Way: 7 Address: 0x19c791f98
  Set: 62 Way: 8 Address: 0x272585f80
  Set: 63 Way: 0 Address: 0x201598fc0
  Set: 63 Way: 1 Address: 0x309887fc0
  Set: 63 Way: 2 Address: 0x1995f2fc8
  Set: 63 Way: 3 Address: 0x6e620fc0
  Set: 63 Way: 4 Address: 0x14bb10fc0
  Set: 63 Way: 5 Address: 0xbeea7fc0
  Set: 63 Way: 6 Address: 0xcf83bfd8
  Set: 63 Way: 7 Address: 0x1b0f15fc0
  Set: 63 Way: 8 Address: 0x3232f3fc8
  Set: 63 Way: 9 Address: 0x19c791fd8
  Set: 63 Way: 10 Address: 0x272585fc0
EndCache
Cache: cpu0_ITLB
  Set: 0 Way: 0 Address: 0x4003f0
  Set: 5 Way: 0 Address: 0x44545a
  Set: 5 Way: 1 Address: 0x535544
  Set: 8 Way: 0 Address: 0x508fe0
  Set: 9 Way: 0 Address: 0x509003
EndCache
Cache: cpu0_DTLB
  Set: 0 Way: 0 Address: 0x620cd0
  Set: 0 Way: 1 Address: 0x6306c0
  Set: 0 Way: 2 Address: 0x3f40000
  Set: 0 Way: 3 Address: 0x7f86f8ad0e6c
  Set: 1 Way: 0 Address: 0x6312f8
  Set: 1 Way: 1 Address: 0x7f86f8ad1018
  Set: 1 Way: 2 Address: 0x3f41000
  Set: 2 Way: 0 Address: 0x7ffe74df2488
  Set: 3 Way: 0 Address: 0x883038
  Set: 8 Way: 0 Address: 0x5f8e20
  Set: 9 Way: 0 Address: 0x5d9c48
  Set: 11 Way: 0 Address: 0x405bc00
  Set: 12 Way: 0 Address: 0x405cc40
  Set: 13 Way: 0 Address: 0x405dc80
  Set: 13 Way: 1 Address: 0x370d210
  Set: 13 Way: 2 Address: 0x5dd528
  Set: 14 Way: 0 Address: 0x405e000
  Set: 14 Way: 1 Address: 0x7f86f8acee54
  Set: 14 Way: 2 Address: 0x370e018
  Set: 15 Way: 0 Address: 0x62f8e0
  Set: 15 Way: 1 Address: 0x3f3f740
  Set: 15 Way: 2 Address: 0x1edf4b8
  Set: 15 Way: 3 Address: 0x7f86f8acf018
EndCache
Cache: LLC
  Set: 0 Way: 0 Address: 0x6e620000
  Set: 0 Way: 1 Address: 0x28a940000
  Set: 1 Way: 0 Address: 0x6e620040
  Set: 1 Way: 1 Address: 0x28a940040
  Set: 2 Way: 0 Address: 0x6e620080
  Set: 2 Way: 1 Address: 0x28a940080
  Set: 3 Way: 0 Address: 0x6e6200c0
  Set: 3 Way: 1 Address: 0x28a9400c0
  Set: 4 Way: 0 Address: 0x6e620100
  Set: 4 Way: 1 Address: 0x28a940100
  Set: 5 Way: 0 Address: 0x6e620140
  Set: 5 Way: 1 Address: 0x28a940140
  Set: 6 Way: 0 Address: 0x6e620180
  Set: 6 Way: 1 Address: 0x28a940180
  Set: 7 Way: 0 Address: 0x6e6201c0
  Set: 7 Way: 1 Address: 0x28a9401c0
  Set: 8 Way: 0 Address: 0x6e620200
  Set: 8 Way: 1 Address: 0x28a940200
  Set: 9 Way: 0 Address: 0x6e620240
  Set: 9 Way: 1 Address: 0x28a940240
  Set: 10 Way: 0 Address: 0x6e620280
  Set: 10 Way: 1 Address: 0x28a940280
  Set: 11 Way: 0 Address: 0x6e6202c0
  Set: 11 Way: 1 Address: 0x28a9402c0
  Set: 12 Way: 0 Address: 0x6e620300
  Set: 12 Way: 1 Address: 0x28a940300
  Set: 13 Way: 0 Address: 0x6e620340
  Set: 13 Way: 1 Address: 0x28a940340
  Set: 14 Way: 0 Address: 0x6e620380
  Set: 14 Way: 1 Address: 0x28a940380
  Set: 15 Way: 0 Address: 0x6e6203c0
  Set: 15 Way: 1 Address: 0x28a9403c0
  Set: 16 Way: 0 Address: 0x6e620400
  Set: 16 Way: 1 Address: 0x28a940400
  Set: 17 Way: 0 Address: 0x6e620440
  Set: 17 Way: 1 Address: 0x28a940440
  Set: 18 Way: 0 Address: 0x6e620480
  Set: 18 Way: 1 Address: 0x28a940480
  Set: 19 Way: 0 Address: 0x6e6204c0
  Set: 19 Way: 1 Address: 0x28a9404c0
  Set: 20 Way: 0 Address: 0x6e620500
  Set: 20 Way: 1 Address: 0x28a940500
  Set: 21 Way: 0 Address: 0x6e620540
  Set: 21 Way: 1 Address: 0x28a940540
  Set: 22 Way: 0 Address: 0x6e620580
  Set: 22 Way: 1 Address: 0x28a940580
  Set: 23 Way: 0 Address: 0x6e6205c0
  Set: 23 Way: 1 Address: 0x28a9405c0
  Set: 24 Way: 0 Address: 0x6e620600
  Set: 24 Way: 1 Address: 0x28a940600
  Set: 25 Way: 0 Address: 0x6e620640
  Set: 25 Way: 1 Address: 0x28a940640
  Set: 26 Way: 0 Address: 0x6e620680
  Set: 26 Way: 1 Address: 0x28a940680
  Set: 27 Way: 0 Address: 0x6e6206c0
  Set: 27 Way: 1 Address: 0x28a9406c0
  Set: 28 Way: 0 Address: 0x6e620700
  Set: 28 Way: 1 Address: 0x28a940700
  Set: 29 Way: 0 Address: 0x6e620740
  Set: 29 Way: 1 Address: 0x28a940740
  Set: 30 Way: 0 Address: 0x6e620780
  Set: 30 Way: 1 Address: 0x28a940780
  Set: 31 Way: 0 Address: 0x6e6207c0
  Set: 31 Way: 1 Address: 0x28a9407c0
  Set: 32 Way: 0 Address: 0x6e620800
  Set: 32 Way: 1 Address: 0x28a940800
  Set: 33 Way: 0 Address: 0x6e620840
  Set: 33 Way: 1 Address: 0x28a940840
  Set: 34 Way: 0 Address: 0x6e620880
  Set: 34 Way: 1 Address: 0x28a940888
  Set: 35 Way: 0 Address: 0x6e6208c0
  Set: 35 Way: 1 Address: 0x28a9408c0
  Set: 36 Way: 0 Address: 0x6e620900
  Set: 36 Way: 1 Address: 0x28a940900
  Set: 37 Way: 0 Address: 0x6e620940
  Set: 37 Way: 1 Address: 0x28a940940
  Set: 38 Way: 0 Address: 0x6e620980
  Set: 38 Way: 1 Address: 0x28a940980
  Set: 39 Way: 0 Address: 0x6e6209c0
  Set: 39 Way: 1 Address: 0x28a9409c0
  Set: 40 Way: 0 Address: 0x6e620a00
  Set: 40 Way: 1 Address: 0x28a940a00
  Set: 41 Way: 0 Address: 0x6e620a40
  Set: 41 Way: 1 Address: 0x28a940a40
  Set: 42 Way: 0 Address: 0x6e620a80
  Set: 42 Way: 1 Address: 0x28a940a80
  Set: 43 Way: 0 Address: 0x6e620ac0
  Set: 43 Way: 1 Address: 0x28a940ac0
  Set: 44 Way: 0 Address: 0x6e620b00
  Set: 44 Way: 1 Address: 0x28a940b00
  Set: 45 Way: 0 Address: 0x6e620b40
  Set: 45 Way: 1 Address: 0x28a940b40
  Set: 46 Way: 0 Address: 0x6e620b80
  Set: 46 Way: 1 Address: 0x28a940b80
  Set: 47 Way: 0 Address: 0x6e620bc0
  Set: 47 Way: 1 Address: 0x28a940bc0
  Set: 48 Way: 0 Address: 0x6e620c00
  Set: 49 Way: 0 Address: 0x6e620c78
  Set: 50 Way: 0 Address: 0x6e620c80
  Set: 51 Way: 0 Address: 0x6e620cc0
  Set: 52 Way: 0 Address: 0x6e620d00
  Set: 53 Way: 0 Address: 0x6e620d40
  Set: 54 Way: 0 Address: 0x6e620d80
  Set: 55 Way: 0 Address: 0x6e620dc0
  Set: 56 Way: 0 Address: 0x6e620e00
  Set: 57 Way: 0 Address: 0x6e620e40
  Set: 58 Way: 0 Address: 0x6e620e80
  Set: 59 Way: 0 Address: 0x6e620ec0
  Set: 59 Way: 1 Address: 0x342b40ee8
  Set: 60 Way: 0 Address: 0x6e620f00
  Set: 61 Way: 0 Address: 0x6e620f40
  Set: 62 Way: 0 Address: 0x6e620f80
  Set: 63 Way: 0 Address: 0x6e620fc0
  Set: 64 Way: 0 Address: 0xf6e81018
  Set: 64 Way: 1 Address: 0x6e621000
  Set: 68 Way: 0 Address: 0xf6e81100
  Set: 89 Way: 0 Address: 0x181c81670
  Set: 128 Way: 0 Address: 0x1c84e2000
  Set: 128 Way: 1 Address: 0x1064c2000
  Set: 129 Way: 0 Address: 0x1064c2040
  Set: 130 Way: 0 Address: 0x1064c2080
  Set: 131 Way: 0 Address: 0x1064c20c0
  Set: 132 Way: 0 Address: 0x1064c2100
  Set: 133 Way: 0 Address: 0x1064c2140
  Set: 134 Way: 0 Address: 0x1064c2180
  Set: 135 Way: 0 Address: 0x1064c21c0
  Set: 136 Way: 0 Address: 0x1064c2200
  Set: 137 Way: 0 Address: 0x1064c2240
  Set: 138 Way: 0 Address: 0x1064c2280
  Set: 139 Way: 0 Address: 0x1064c22c0
  Set: 193 Way: 0 Address: 0x3b0803078
  Set: 267 Way: 0 Address: 0x1ab442e8
  Set: 274 Way: 0 Address: 0xb8004480
  Set: 275 Way: 0 Address: 0xb80044c3
  Set: 276 Way: 0 Address: 0xb8004501
  Set: 277 Way: 0 Address: 0xb8004544
  Set: 278 Way: 0 Address: 0xb8004584
  Set: 279 Way: 0 Address: 0xb80045c5
  Set: 280 Way: 0 Address: 0xb8004600
  Set: 281 Way: 0 Address: 0xb8004640
  Set: 320 Way: 0 Address: 0x272585000
  Set: 320 Way: 1 Address: 0x34a0e5000
  Set: 321 Way: 0 Address: 0x272585040
  Set: 321 Way: 1 Address: 0x34a0e5040
  Set: 322 Way: 0 Address: 0x272585080
  Set: 322 Way: 1 Address: 0x34a0e5080
  Set: 323 Way: 0 Address: 0x2725850c0
  Set: 323 Way: 1 Address: 0x34a0e50c0
  Set: 324 Way: 0 Address: 0x272585100
  Set: 324 Way: 1 Address: 0x34a0e5100
  Set: 325 Way: 0 Address: 0x272585140
  Set: 325 Way: 1 Address: 0x34a0e5140
  Set: 326 Way: 0 Address: 0x272585180
  Set: 326 Way: 1 Address: 0x34a0e5180
  Set: 327 Way: 0 Address: 0x2725851c0
  Set: 327 Way: 1 Address: 0x34a0e51c0
  Set: 328 Way: 0 Address: 0x272585200
  Set: 328 Way: 1 Address: 0x34a0e5200
  Set: 329 Way: 0 Address: 0x272585240
  Set: 329 Way: 1 Address: 0x34a0e5240
  Set: 330 Way: 0 Address: 0x272585280
  Set: 330 Way: 1 Address: 0x34a0e5280
  Set: 331 Way: 0 Address: 0x2725852c0
  Set: 331 Way: 1 Address: 0x34a0e52c0
  Set: 332 Way: 0 Address: 0x272585300
  Set: 332 Way: 1 Address: 0x34a0e5300
  Set: 333 Way: 0 Address: 0x272585340
  Set: 333 Way: 1 Address: 0x34a0e5340
  Set: 334 Way: 0 Address: 0x272585380
  Set: 334 Way: 1 Address: 0x34a0e5380
  Set: 335 Way: 0 Address: 0x2725853c0
  Set: 335 Way: 1 Address: 0x34a0e53c0
  Set: 336 Way: 0 Address: 0x272585400
  Set: 336 Way: 1 Address: 0x34a0e5400
  Set: 337 Way: 0 Address: 0x272585440
  Set: 337 Way: 1 Address: 0x34a0e5440
  Set: 338 Way: 0 Address: 0x272585480
  Set: 338 Way: 1 Address: 0x34a0e5480
  Set: 339 Way: 0 Address: 0x2725854c0
  Set: 339 Way: 1 Address: 0x34a0e54c0
  Set: 340 Way: 0 Address: 0x272585500
  Set: 340 Way: 1 Address: 0x34a0e5500
  Set: 341 Way: 0 Address: 0x272585540
  Set: 341 Way: 1 Address: 0x34a0e5540
  Set: 342 Way: 0 Address: 0x272585580
  Set: 342 Way: 1 Address: 0x34a0e5580
  Set: 343 Way: 0 Address: 0x2725855c0
  Set: 343 Way: 1 Address: 0x34a0e55c0
  Set: 344 Way: 0 Address: 0x272585600
  Set: 344 Way: 1 Address: 0x34a0e5600
  Set: 345 Way: 0 Address: 0x272585640
  Set: 345 Way: 1 Address: 0x34a0e5640
  Set: 346 Way: 0 Address: 0x272585680
  Set: 346 Way: 1 Address: 0x34a0e5680
  Set: 347 Way: 0 Address: 0x2725856c0
  Set: 348 Way: 0 Address: 0x272585700
  Set: 349 Way: 0 Address: 0x272585740
  Set: 350 Way: 0 Address: 0x272585780
  Set: 351 Way: 0 Address: 0x2725857c0
  Set: 352 Way: 0 Address: 0x272585800
  Set: 353 Way: 0 Address: 0x272585840
  Set: 354 Way: 0 Address: 0x272585880
  Set: 355 Way: 0 Address: 0x2725858c0
  Set: 356 Way: 0 Address: 0x272585900
  Set: 357 Way: 0 Address: 0x272585940
  Set: 358 Way: 0 Address: 0x272585980
  Set: 359 Way: 0 Address: 0x2725859c0
  Set: 360 Way: 0 Address: 0x272585a00
  Set: 361 Way: 0 Address: 0x272585a40
  Set: 362 Way: 0 Address: 0x272585a80
  Set: 363 Way: 0 Address: 0x272585ac0
  Set: 364 Way: 0 Address: 0x272585b00
  Set: 365 Way: 0 Address: 0x272585b40
  Set: 366 Way: 0 Address: 0x272585b80
  Set: 367 Way: 0 Address: 0x272585bc0
  Set: 368 Way: 0 Address: 0x272585c00
  Set: 369 Way: 0 Address: 0x272585c40
  Set: 370 Way: 0 Address: 0x272585c80
  Set: 371 Way: 0 Address: 0x272585cc0
  Set: 372 Way: 0 Address: 0x272585d00
  Set: 373 Way: 0 Address: 0x272585d40
  Set: 374 Way: 0 Address: 0x272585d80
  Set: 375 Way: 0 Address: 0x272585dc0
  Set: 376 Way: 0 Address: 0x272585e00
  Set: 377 Way: 0 Address: 0x272585e40
  Set: 378 Way: 0 Address: 0x272585e80
  Set: 379 Way: 0 Address: 0x272585ec0
  Set: 380 Way: 0 Address: 0x272585f00
  Set: 381 Way: 0 Address: 0x272585f40
  Set: 382 Way: 0 Address: 0x272585f80
  Set: 383 Way: 0 Address: 0x272585fc0
  Set: 384 Way: 0 Address: 0x3dae66038
  Set: 384 Way: 1 Address: 0x272586000
  Set: 385 Way: 0 Address: 0x3dae66040
  Set: 387 Way: 0 Address: 0x3d87a60d8
  Set: 390 Way: 0 Address: 0x3dae661a0
  Set: 391 Way: 0 Address: 0x3dae661c0
  Set: 392 Way: 0 Address: 0x3dae66200
  Set: 393 Way: 0 Address: 0x3dae66240
  Set: 394 Way: 0 Address: 0x3dae66280
  Set: 404 Way: 0 Address: 0x27d4c6528
  Set: 405 Way: 0 Address: 0x27d4c6540
  Set: 456 Way: 0 Address: 0xbeea7228
  Set: 457 Way: 0 Address: 0xbeea7240
  Set: 458 Way: 0 Address: 0xbeea7280
  Set: 459 Way: 0 Address: 0xbeea72c0
  Set: 460 Way: 0 Address: 0xbeea7300
  Set: 461 Way: 0 Address: 0xbeea7340
  Set: 462 Way: 0 Address: 0xbeea7380
  Set: 463 Way: 0 Address: 0xbeea73c0
  Set: 464 Way: 0 Address: 0xbeea7400
  Set: 465 Way: 0 Address: 0xbeea7440
  Set: 466 Way: 0 Address: 0xbeea7480
  Set: 467 Way: 0 Address: 0xbeea74c0
  Set: 468 Way: 0 Address: 0xbeea7500
  Set: 469 Way: 0 Address: 0xbeea7540
  Set: 470 Way: 0 Address: 0xbeea7580
  Set: 471 Way: 0 Address: 0xbeea75c0
  Set: 472 Way: 0 Address: 0xbeea7600
  Set: 473 Way: 0 Address: 0xbeea7640
  Set: 474 Way: 0 Address: 0xbeea7680
  Set: 475 Way: 0 Address: 0xbeea76c0
  Set: 476 Way: 0 Address: 0xbeea7700
  Set: 477 Way: 0 Address: 0xbeea7740
  Set: 478 Way: 0 Address: 0xbeea7780
  Set: 479 Way: 0 Address: 0xbeea77c0
  Set: 480 Way: 0 Address: 0xbeea7800
  Set: 481 Way: 0 Address: 0xbeea7840
  Set: 482 Way: 0 Address: 0xbeea7880
  Set: 483 Way: 0 Address: 0xbeea78c0
  Set: 484 Way: 0 Address: 0xbeea7900
  Set: 485 Way: 0 Address: 0xbeea7940
  Set: 486 Way: 0 Address: 0xbeea7980
  Set: 487 Way: 0 Address: 0xbeea79c0
  Set: 488 Way: 0 Address: 0xbeea7a00
  Set: 489 Way: 0 Address: 0xbeea7a40
  Set: 490 Way: 0 Address: 0xbeea7a80
  Set: 491 Way: 0 Address: 0xbeea7ac0
  Set: 492 Way: 0 Address: 0xbeea7b00
  Set: 493 Way: 0 Address: 0xbeea7b40
  Set: 494 Way: 0 Address: 0xbeea7b80
  Set: 495 Way: 0 Address: 0xbeea7bc0
  Set: 496 Way: 0 Address: 0xbeea7c00
  Set: 497 Way: 0 Address: 0xbeea7c40
  Set: 498 Way: 0 Address: 0xbeea7c80
  Set: 499 Way: 0 Address: 0xbeea7cc0
  Set: 500 Way: 0 Address: 0xbeea7d00
  Set: 501 Way: 0 Address: 0xbeea7d40
  Set: 502 Way: 0 Address: 0xbeea7d80
  Set: 503 Way: 0 Address: 0xbeea7dc0
  Set: 504 Way: 0 Address: 0xbeea7e00
  Set: 505 Way: 0 Address: 0xbeea7e40
  Set: 506 Way: 0 Address: 0xbeea7e80
  Set: 507 Way: 0 Address: 0x309887ec8
  Set: 507 Way: 1 Address: 0xbeea7ec0
  Set: 508 Way: 0 Address: 0xbeea7f00
  Set: 509 Way: 0 Address: 0xbeea7f40
  Set: 510 Way: 0 Address: 0xbeea7f80
  Set: 511 Way: 0 Address: 0x309887fc0
  Set: 511 Way: 1 Address: 0xbeea7fc0
  Set: 512 Way: 0 Address: 0xbeea8000
  Set: 576 Way: 0 Address: 0x2c8749000
  Set: 577 Way: 0 Address: 0x2c8749040
  Set: 578 Way: 0 Address: 0x2c8749080
  Set: 579 Way: 0 Address: 0x2c87490c0
  Set: 580 Way: 0 Address: 0x2ee369100
  Set: 580 Way: 1 Address: 0x2c8749100
  Set: 581 Way: 0 Address: 0x2c8749140
  Set: 582 Way: 0 Address: 0x2c8749180
  Set: 583 Way: 0 Address: 0x2c87491c0
  Set: 584 Way: 0 Address: 0x2c8749200
  Set: 585 Way: 0 Address: 0x2c8749240
  Set: 586 Way: 0 Address: 0x2c8749280
  Set: 587 Way: 0 Address: 0x2c87492c0
  Set: 588 Way: 0 Address: 0x2c8749300
  Set: 589 Way: 0 Address: 0x2c8749340
  Set: 590 Way: 0 Address: 0x2c8749380
  Set: 591 Way: 0 Address: 0x2c87493c0
  Set: 592 Way: 0 Address: 0x2c8749400
  Set: 593 Way: 0 Address: 0x2c8749440
  Set: 594 Way: 0 Address: 0x2c8749480
  Set: 595 Way: 0 Address: 0x2c87494c0
  Set: 596 Way: 0 Address: 0x2c8749500
  Set: 597 Way: 0 Address: 0x2c8749540
  Set: 598 Way: 0 Address: 0x2c8749580
  Set: 599 Way: 0 Address: 0x2c87495c0
  Set: 600 Way: 0 Address: 0x2c8749600
  Set: 601 Way: 0 Address: 0x2c8749640
  Set: 609 Way: 0 Address: 0x2fa0c9870
  Set: 794 Way: 0 Address: 0x32f48c688
  Set: 801 Way: 0 Address: 0x29484c840
  Set: 850 Way: 0 Address: 0x5588d4b8
  Set: 851 Way: 0 Address: 0x5588d4e8
  Set: 852 Way: 0 Address: 0x5588d538
  Set: 853 Way: 0 Address: 0x5588d560
  Set: 854 Way: 0 Address: 0x5588d580
  Set: 855 Way: 0 Address: 0x5588d5e0
  Set: 856 Way: 0 Address: 0x5588d600
  Set: 896 Way: 0 Address: 0x3734ee020
  Set: 901 Way: 0 Address: 0x2f5d8e178
  Set: 902 Way: 0 Address: 0x1c084e180
  Set: 966 Way: 0 Address: 0xee86f188
  Set: 971 Way: 0 Address: 0x22272f2d8
  Set: 987 Way: 0 Address: 0x23756f6f8
  Set: 1016 Way: 0 Address: 0x143efe20
  Set: 1017 Way: 0 Address: 0x143efe40
  Set: 1024 Way: 0 Address: 0x14bb10000
  Set: 1025 Way: 0 Address: 0x14bb10040
  Set: 1026 Way: 0 Address: 0x14bb10080
  Set: 1027 Way: 0 Address: 0x2177f00f8
  Set: 1027 Way: 1 Address: 0x14bb100c0
  Set: 1028 Way: 0 Address: 0x14bb10100
  Set: 1029 Way: 0 Address: 0x14bb10140
  Set: 1030 Way: 0 Address: 0x14bb10180
  Set: 1031 Way: 0 Address: 0x14bb101c0
  Set: 1032 Way: 0 Address: 0x14bb10200
  Set: 1033 Way: 0 Address: 0x14bb10240
  Set: 1034 Way: 0 Address: 0x14bb10280
  Set: 1035 Way: 0 Address: 0x14bb102c0
  Set: 1036 Way: 0 Address: 0x14bb10300
  Set: 1037 Way: 0 Address: 0x14bb10340
  Set: 1038 Way: 0 Address: 0x14bb10380
  Set: 1039 Way: 0 Address: 0x14bb103c0
  Set: 1040 Way: 0 Address: 0x14bb10400
  Set: 1041 Way: 0 Address: 0x14bb10440
  Set: 1042 Way: 0 Address: 0x14bb10480
  Set: 1043 Way: 0 Address: 0x14bb104c0
  Set: 1044 Way: 0 Address: 0x14bb10500
  Set: 1045 Way: 0 Address: 0x14bb10540
  Set: 1046 Way: 0 Address: 0x14bb10580
  Set: 1047 Way: 0 Address: 0x14bb105c0
  Set: 1048 Way: 0 Address: 0x14bb10600
  Set: 1049 Way: 0 Address: 0x14bb10640
  Set: 1050 Way: 0 Address: 0x14bb10680
  Set: 1051 Way: 0 Address: 0x14bb106c0
  Set: 1052 Way: 0 Address: 0x14bb10700
  Set: 1053 Way: 0 Address: 0x14bb10740
  Set: 1054 Way: 0 Address: 0x14bb10780
  Set: 1055 Way: 0 Address: 0x14bb107c0
  Set: 1056 Way: 0 Address: 0x14bb10800
  Set: 1057 Way: 0 Address: 0x14bb10840
  Set: 1058 Way: 0 Address: 0x14bb10880
  Set: 1059 Way: 0 Address: 0x14bb108c0
  Set: 1060 Way: 0 Address: 0x14bb10900
  Set: 1061 Way: 0 Address: 0x14bb10940
  Set: 1062 Way: 0 Address: 0x14bb10980
  Set: 1063 Way: 0 Address: 0x14bb109c0
  Set: 1064 Way: 0 Address: 0x14bb10a00
  Set: 1064 Way: 1 Address: 0x168ef0a08
  Set: 1065 Way: 0 Address: 0x14bb10a40
  Set: 1066 Way: 0 Address: 0x14bb10a80
  Set: 1067 Way: 0 Address: 0x14bb10ac0
  Set: 1068 Way: 0 Address: 0x14bb10b00
  Set: 1069 Way: 0 Address: 0x14bb10b40
  Set: 1070 Way: 0 Address: 0x14bb10b80
  Set: 1071 Way: 0 Address: 0x14bb10bc0
  Set: 1072 Way: 0 Address: 0x14bb10c38
  Set: 1073 Way: 0 Address: 0x14bb10c40
  Set: 1074 Way: 0 Address: 0x14bb10c80
  Set: 1075 Way: 0 Address: 0x14bb10cc0
  Set: 1076 Way: 0 Address: 0x14bb10d00
  Set: 1077 Way: 0 Address: 0x14bb10d40
  Set: 1078 Way: 0 Address: 0x14bb10d80
  Set: 1079 Way: 0 Address: 0x14bb10dc0
  Set: 1080 Way: 0 Address: 0x14bb10e00
  Set: 1081 Way: 0 Address: 0x14bb10e40
  Set: 1082 Way: 0 Address: 0x14bb10e80
  Set: 1083 Way: 0 Address: 0x14bb10ec0
  Set: 1084 Way: 0 Address: 0x14bb10f00
  Set: 1085 Way: 0 Address: 0x14bb10f40
  Set: 1086 Way: 0 Address: 0x14bb10f80
  Set: 1087 Way: 0 Address: 0x14bb10fc0
  Set: 1088 Way: 0 Address: 0x14bb11000
  Set: 1145 Way: 0 Address: 0x19c791e54
  Set: 1146 Way: 0 Address: 0x19c791e80
  Set: 1147 Way: 0 Address: 0x19c791ec0
  Set: 1148 Way: 0 Address: 0x19c791f00
  Set: 1149 Way: 0 Address: 0x19c791f40
  Set: 1150 Way: 0 Address: 0x19c791f80
  Set: 1151 Way: 0 Address: 0x19c791fc0
  Set: 1152 Way: 0 Address: 0x9cff2010
  Set: 1152 Way: 1 Address: 0x19c792000
  Set: 1152 Way: 2 Address: 0x62d12000
  Set: 1153 Way: 0 Address: 0x62d12040
  Set: 1154 Way: 0 Address: 0x62d12080
  Set: 1155 Way: 0 Address: 0x1995f20d8
  Set: 1155 Way: 1 Address: 0x62d120c0
  Set: 1156 Way: 0 Address: 0x62d12100
  Set: 1157 Way: 0 Address: 0x62d12140
  Set: 1163 Way: 0 Address: 0x133c922e0
  Set: 1215 Way: 0 Address: 0x1995f2fc8
  Set: 1223 Way: 0 Address: 0x3232f31f8
  Set: 1224 Way: 0 Address: 0x3232f3200
  Set: 1225 Way: 0 Address: 0x3232f3240
  Set: 1226 Way: 0 Address: 0x3232f3280
  Set: 1227 Way: 0 Address: 0x3232f32c0
  Set: 1228 Way: 0 Address: 0x3232f3300
  Set: 1229 Way: 0 Address: 0x3232f3340
  Set: 1230 Way: 0 Address: 0x3232f3380
  Set: 1231 Way: 0 Address: 0x3232f33c0
  Set: 1232 Way: 0 Address: 0x3232f3400
  Set: 1233 Way: 0 Address: 0x3232f3440
  Set: 1234 Way: 0 Address: 0x3232f3480
  Set: 1234 Way: 1 Address: 0x2577134b8
  Set: 1235 Way: 0 Address: 0x3232f34c0
  Set: 1235 Way: 1 Address: 0x2577134d0
  Set: 1236 Way: 0 Address: 0x3232f3500
  Set: 1236 Way: 1 Address: 0x257713500
  Set: 1237 Way: 0 Address: 0x3232f3540
  Set: 1238 Way: 0 Address: 0x3232f3580
  Set: 1239 Way: 0 Address: 0x3232f35c0
  Set: 1240 Way: 0 Address: 0x3232f3600
  Set: 1241 Way: 0 Address: 0x3232f3640
  Set: 1242 Way: 0 Address: 0x3232f3680
  Set: 1243 Way: 0 Address: 0x3232f36c0
  Set: 1244 Way: 0 Address: 0x3232f3700
  Set: 1245 Way: 0 Address: 0x3232f3740
  Set: 1246 Way: 0 Address: 0x3232f3780
  Set: 1247 Way: 0 Address: 0x3232f37c0
  Set: 1248 Way: 0 Address: 0x3232f3800
  Set: 1249 Way: 0 Address: 0x3232f3858
  Set: 1250 Way: 0 Address: 0x3232f3880
  Set: 1251 Way: 0 Address: 0x3232f38c0
  Set: 1252 Way: 0 Address: 0x3232f3900
  Set: 1253 Way: 0 Address: 0x3232f3940
  Set: 1254 Way: 0 Address: 0x3232f3980
  Set: 1255 Way: 0 Address: 0x3232f39c0
  Set: 1256 Way: 0 Address: 0x3232f3a00
  Set: 1256 Way: 1 Address: 0x34a873a00
  Set: 1257 Way: 0 Address: 0x3232f3a40
  Set: 1258 Way: 0 Address: 0x3232f3a80
  Set: 1259 Way: 0 Address: 0x3232f3ac0
  Set: 1260 Way: 0 Address: 0x3232f3b00
  Set: 1261 Way: 0 Address: 0x3232f3b40
  Set: 1262 Way: 0 Address: 0x3232f3b80
  Set: 1263 Way: 0 Address: 0x3232f3bc0
  Set: 1264 Way: 0 Address: 0x3232f3c00
  Set: 1265 Way: 0 Address: 0x3232f3c40
  Set: 1266 Way: 0 Address: 0x3232f3c80
  Set: 1267 Way: 0 Address: 0x3232f3cc0
  Set: 1268 Way: 0 Address: 0x3232f3d00
  Set: 1269 Way: 0 Address: 0x3232f3d40
  Set: 1270 Way: 0 Address: 0x3232f3d80
  Set: 1271 Way: 0 Address: 0x3232f3dc0
  Set: 1272 Way: 0 Address: 0x3232f3e00
  Set: 1273 Way: 0 Address: 0x3232f3e40
  Set: 1274 Way: 0 Address: 0x3232f3e80
  Set: 1275 Way: 0 Address: 0x2b2e93ec8
  Set: 1275 Way: 1 Address: 0x3232f3ec0
  Set: 1276 Way: 0 Address: 0x3232f3f00
  Set: 1277 Way: 0 Address: 0x3232f3f40
  Set: 1278 Way: 0 Address: 0x3232f3f80
  Set: 1279 Way: 0 Address: 0x3232f3fc0
  Set: 1288 Way: 0 Address: 0x397bb4228
  Set: 1330 Way: 0 Address: 0x3c1074ca0
  Set: 1331 Way: 0 Address: 0x3c1074cc8
  Set: 1332 Way: 0 Address: 0x3c1074d00
  Set: 1343 Way: 0 Address: 0x129934fe0
  Set: 1344 Way: 0 Address: 0x129935000
  Set: 1355 Way: 0 Address: 0x354d352f8
  Set: 1356 Way: 0 Address: 0x354d35300
  Set: 1373 Way: 0 Address: 0x1b0f15740
  Set: 1374 Way: 0 Address: 0x1b0f15780
  Set: 1375 Way: 0 Address: 0x1b0f157c0
  Set: 1376 Way: 0 Address: 0x1b0f15800
  Set: 1377 Way: 0 Address: 0x1b0f15840
  Set: 1378 Way: 0 Address: 0x1b0f15880
  Set: 1379 Way: 0 Address: 0x1b0f158c0
  Set: 1380 Way: 0 Address: 0x1b0f15900
  Set: 1381 Way: 0 Address: 0x1b0f15940
  Set: 1382 Way: 0 Address: 0x1b0f15980
  Set: 1383 Way: 0 Address: 0x1b0f159c0
  Set: 1384 Way: 0 Address: 0x1b0f15a00
  Set: 1385 Way: 0 Address: 0x1b0f15a40
  Set: 1386 Way: 0 Address: 0x1b0f15a80
  Set: 1387 Way: 0 Address: 0x1b0f15ac0
  Set: 1388 Way: 0 Address: 0x1b0f15b00
  Set: 1389 Way: 0 Address: 0x1b0f15b40
  Set: 1390 Way: 0 Address: 0x1b0f15b80
  Set: 1391 Way: 0 Address: 0x1b0f15bc0
  Set: 1392 Way: 0 Address: 0x1b0f15c00
  Set: 1393 Way: 0 Address: 0x1b0f15c40
  Set: 1394 Way: 0 Address: 0x1b0f15c80
  Set: 1395 Way: 0 Address: 0x1b0f15cc0
  Set: 1396 Way: 0 Address: 0x1b0f15d00
  Set: 1397 Way: 0 Address: 0x1b0f15d40
  Set: 1398 Way: 0 Address: 0x1b0f15d80
  Set: 1399 Way: 0 Address: 0x1b0f15dc0
  Set: 1400 Way: 0 Address: 0x1b0f15e00
  Set: 1401 Way: 0 Address: 0x1b0f15e40
  Set: 1402 Way: 0 Address: 0x1b0f15e80
  Set: 1403 Way: 0 Address: 0x1b0f15ec0
  Set: 1404 Way: 0 Address: 0x1b0f15f00
  Set: 1405 Way: 0 Address: 0x1b0f15f40
  Set: 1406 Way: 0 Address: 0x1b0f15f80
  Set: 1407 Way: 0 Address: 0x1b0f15fc0
  Set: 1408 Way: 0 Address: 0x1b0f16000
  Set: 1423 Way: 0 Address: 0x437363f0
  Set: 1424 Way: 0 Address: 0x43736400
  Set: 1440 Way: 0 Address: 0x211d16800
  Set: 1441 Way: 0 Address: 0x211d16840
  Set: 1457 Way: 0 Address: 0x211d16c48
  Set: 1458 Way: 0 Address: 0x211d16c80
  Set: 1534 Way: 0 Address: 0x276ff7f90
  Set: 1537 Way: 0 Address: 0x3bdd78078
  Set: 1539 Way: 0 Address: 0x3bdd780d8
  Set: 1550 Way: 0 Address: 0x1aafb8390
  Set: 1551 Way: 0 Address: 0x1aafb83c3
  Set: 1552 Way: 0 Address: 0x1aafb8401
  Set: 1553 Way: 0 Address: 0x1aafb845a
  Set: 1554 Way: 0 Address: 0x1aafb8480
  Set: 1555 Way: 0 Address: 0x1aafb84c0
  Set: 1556 Way: 0 Address: 0x1aafb8500
  Set: 1557 Way: 0 Address: 0x1aafb8540
  Set: 1567 Way: 0 Address: 0xc70787f8
  Set: 1569 Way: 0 Address: 0x201598848
  Set: 1569 Way: 1 Address: 0x2c9898868
  Set: 1574 Way: 0 Address: 0x2015989a8
  Set: 1599 Way: 0 Address: 0x201598fc0
  Set: 1633 Way: 0 Address: 0x292959848
  Set: 1656 Way: 0 Address: 0x312099e28
  Set: 1690 Way: 0 Address: 0xc67da680
  Set: 1739 Way: 0 Address: 0xc0d9b2f0
  Set: 1763 Way: 0 Address: 0x394edb8e0
  Set: 1764 Way: 0 Address: 0x394edb900
  Set: 1767 Way: 0 Address: 0x3b377b9f8
  Set: 1768 Way: 0 Address: 0x3b377ba00
  Set: 1771 Way: 0 Address: 0x394edbad0
  Set: 1772 Way: 0 Address: 0x394edbb00
  Set: 1784 Way: 0 Address: 0xcf83be3c
  Set: 1785 Way: 0 Address: 0xcf83be40
  Set: 1786 Way: 0 Address: 0xcf83be80
  Set: 1787 Way: 0 Address: 0xcf83bec0
  Set: 1788 Way: 0 Address: 0xcf83bf00
  Set: 1789 Way: 0 Address: 0xcf83bf40
  Set: 1790 Way: 0 Address: 0xcf83bf80
  Set: 1791 Way: 0 Address: 0xcf83bfc0
  Set: 1792 Way: 0 Address: 0xdf85c000
  Set: 1792 Way: 1 Address: 0xcf83c000
  Set: 1808 Way: 0 Address: 0x12c6fc418
  Set: 1844 Way: 0 Address: 0x38e35cd30
  Set: 1856 Way: 0 Address: 0x23755d003
  Set: 1857 Way: 0 Address: 0x23755d040
  Set: 1859 Way: 0 Address: 0x1add0f8
  Set: 1860 Way: 0 Address: 0x1add100
  Set: 1920 Way: 0 Address: 0x28b67e000
  Set: 1920 Way: 1 Address: 0x1f919e000
  Set: 1945 Way: 0 Address: 0x20597e678
  Set: 1946 Way: 0 Address: 0x20597e680
  Set: 1947 Way: 0 Address: 0x2db79e6c0
  Set: 1948 Way: 0 Address: 0x2db79e700
  Set: 1951 Way: 0 Address: 0x28b67e7f8
EndCache
