Cache: cpu0_STLB
  Set: 47 Way: 0 Address: 0x202f418
  Set: 48 Way: 0 Address: 0x730650
  Set: 48 Way: 1 Address: 0x2030fbc
  Set: 49 Way: 0 Address: 0x2031000
  Set: 50 Way: 0 Address: 0x20320cc
  Set: 51 Way: 0 Address: 0x20331dc
  Set: 52 Way: 0 Address: 0x20342e8
  Set: 53 Way: 0 Address: 0x7fff6ec35ffc
  Set: 53 Way: 1 Address: 0x20353f8
  Set: 53 Way: 2 Address: 0x29b5d16
  Set: 54 Way: 0 Address: 0x7fff6ec360b2
  Set: 54 Way: 1 Address: 0x2036508
  Set: 54 Way: 2 Address: 0x29b6136
  Set: 55 Way: 0 Address: 0x2037618
  Set: 55 Way: 1 Address: 0x29b7058
  Set: 56 Way: 0 Address: 0x29b87c6
  Set: 56 Way: 1 Address: 0x2038728
  Set: 57 Way: 0 Address: 0x29b9000
  Set: 57 Way: 1 Address: 0x2039838
  Set: 58 Way: 0 Address: 0x203a948
  Set: 59 Way: 0 Address: 0x203ba58
  Set: 60 Way: 0 Address: 0x203cb68
  Set: 61 Way: 0 Address: 0x203dc78
  Set: 62 Way: 0 Address: 0x203ed88
  Set: 63 Way: 0 Address: 0x203fe98
  Set: 64 Way: 0 Address: 0x2040000
  Set: 65 Way: 0 Address: 0x4414df
  Set: 96 Way: 0 Address: 0x4608a0
  Set: 97 Way: 0 Address: 0x7618c8
  Set: 109 Way: 0 Address: 0x1d6dd8c
  Set: 110 Way: 0 Address: 0x1d6ee9c
  Set: 111 Way: 0 Address: 0x1d6f000
  Set: 112 Way: 0 Address: 0x1d709ec
EndCache
Cache: cpu0_L2C
  Set: 0 Way: 0 Address: 0x28a94003a
  Set: 1 Way: 0 Address: 0x28a940058
  Set: 2 Way: 0 Address: 0x28a940080
  Set: 6 Way: 0 Address: 0x28a9401b8
  Set: 7 Way: 0 Address: 0x28a9401c0
  Set: 8 Way: 0 Address: 0x168ef0200
  Set: 11 Way: 0 Address: 0x28a9402f6
  Set: 12 Way: 0 Address: 0x28a940300
  Set: 13 Way: 0 Address: 0x28a940340
  Set: 17 Way: 0 Address: 0x28a940456
  Set: 18 Way: 0 Address: 0x28a940480
  Set: 22 Way: 0 Address: 0x28a9405b6
  Set: 23 Way: 0 Address: 0x28a9405c0
  Set: 24 Way: 0 Address: 0x28a940600
  Set: 28 Way: 0 Address: 0x6e620728
  Set: 28 Way: 1 Address: 0x28a940716
  Set: 29 Way: 0 Address: 0x6e620740
  Set: 29 Way: 1 Address: 0x28a940740
  Set: 30 Way: 0 Address: 0x6e620780
  Set: 31 Way: 0 Address: 0x6e6207c0
  Set: 32 Way: 0 Address: 0x2177f0838
  Set: 32 Way: 1 Address: 0x6e620800
  Set: 33 Way: 0 Address: 0x2177f0840
  Set: 33 Way: 1 Address: 0x28a940878
  Set: 33 Way: 2 Address: 0x6e620840
  Set: 34 Way: 0 Address: 0x2177f0880
  Set: 34 Way: 1 Address: 0x28a940880
  Set: 34 Way: 2 Address: 0x6e620880
  Set: 35 Way: 0 Address: 0x28a9408c0
  Set: 35 Way: 1 Address: 0x2177f08c0
  Set: 35 Way: 2 Address: 0x6e6208c0
  Set: 36 Way: 0 Address: 0x2177f0900
  Set: 37 Way: 0 Address: 0x14bb10948
  Set: 37 Way: 1 Address: 0x2177f0940
  Set: 38 Way: 0 Address: 0x14bb10980
  Set: 38 Way: 1 Address: 0x2177f0980
  Set: 39 Way: 0 Address: 0x14bb109c0
  Set: 39 Way: 1 Address: 0x28a9409d8
  Set: 39 Way: 2 Address: 0x2177f09c0
  Set: 40 Way: 0 Address: 0x28a940a00
  Set: 40 Way: 1 Address: 0x14bb10a00
  Set: 40 Way: 2 Address: 0x2177f0a00
  Set: 41 Way: 0 Address: 0x14bb10a40
  Set: 42 Way: 0 Address: 0x14bb10a80
  Set: 43 Way: 0 Address: 0x14bb10ac0
  Set: 44 Way: 0 Address: 0x28a940b38
  Set: 44 Way: 1 Address: 0x14bb10b00
  Set: 45 Way: 0 Address: 0x342b40b68
  Set: 45 Way: 1 Address: 0x28a940b40
  Set: 46 Way: 0 Address: 0x28a940b80
  Set: 50 Way: 0 Address: 0x28a940c9a
  Set: 51 Way: 0 Address: 0x28a940ccc
  Set: 55 Way: 0 Address: 0x28a940dfc
  Set: 56 Way: 0 Address: 0x28a940e00
  Set: 57 Way: 0 Address: 0x28a940e40
  Set: 61 Way: 0 Address: 0x28a940f5c
  Set: 62 Way: 0 Address: 0x28a940f8c
  Set: 64 Way: 0 Address: 0x19c791000
  Set: 65 Way: 0 Address: 0x19c791040
  Set: 66 Way: 0 Address: 0xf6e810b6
  Set: 66 Way: 1 Address: 0x19c791080
  Set: 67 Way: 0 Address: 0xf6e810d6
  Set: 67 Way: 1 Address: 0x19c7910c0
  Set: 68 Way: 0 Address: 0xf6e81100
  Set: 68 Way: 1 Address: 0x19c791100
  Set: 69 Way: 0 Address: 0x19c791140
  Set: 70 Way: 0 Address: 0x181c81180
  Set: 70 Way: 1 Address: 0x19c791180
  Set: 72 Way: 0 Address: 0xf6e81236
  Set: 73 Way: 0 Address: 0xf6e81240
  Set: 77 Way: 0 Address: 0xf6e81376
  Set: 78 Way: 0 Address: 0xf6e8139a
  Set: 79 Way: 0 Address: 0xf6e813c0
  Set: 83 Way: 0 Address: 0xf6e814fc
  Set: 84 Way: 0 Address: 0xf6e81500
  Set: 88 Way: 0 Address: 0xf6e81638
  Set: 89 Way: 0 Address: 0xf6e8165a
  Set: 90 Way: 0 Address: 0xf6e81680
  Set: 94 Way: 0 Address: 0xf6e817b6
  Set: 95 Way: 0 Address: 0xf6e817c6
  Set: 98 Way: 0 Address: 0x2a48418a0
  Set: 99 Way: 0 Address: 0xf6e818f6
  Set: 100 Way: 0 Address: 0xf6e81914
  Set: 101 Way: 0 Address: 0xf6e81940
  Set: 105 Way: 0 Address: 0xf6e81a74
  Set: 106 Way: 0 Address: 0xf6e81a80
  Set: 110 Way: 0 Address: 0xf6e81bb6
  Set: 111 Way: 0 Address: 0xf6e81bd4
  Set: 112 Way: 0 Address: 0xf6e81c00
  Set: 116 Way: 0 Address: 0xf6e81d34
  Set: 117 Way: 0 Address: 0xf6e81d42
  Set: 121 Way: 0 Address: 0xf6e81e78
  Set: 122 Way: 0 Address: 0xf6e81e98
  Set: 123 Way: 0 Address: 0xf6e81ec0
  Set: 127 Way: 0 Address: 0xf6e81ff8
  Set: 128 Way: 0 Address: 0x1c84e2018
  Set: 128 Way: 1 Address: 0xf6e82000
  Set: 128 Way: 2 Address: 0x62d12000
  Set: 129 Way: 0 Address: 0x62d12040
  Set: 130 Way: 0 Address: 0x1c84e2080
  Set: 130 Way: 1 Address: 0x1995f2080
  Set: 134 Way: 0 Address: 0x6d0c21a8
  Set: 134 Way: 1 Address: 0xf6e82180
  Set: 135 Way: 0 Address: 0x133c921d0
  Set: 139 Way: 0 Address: 0xf6e822c0
  Set: 142 Way: 0 Address: 0x9cff2390
  Set: 143 Way: 0 Address: 0x9cff23c0
  Set: 144 Way: 0 Address: 0x9cff242a
  Set: 145 Way: 0 Address: 0x9cff2446
  Set: 146 Way: 0 Address: 0x9cff2482
  Set: 147 Way: 0 Address: 0x9cff24df
  Set: 148 Way: 0 Address: 0x9cff2501
  Set: 149 Way: 0 Address: 0x9cff2543
  Set: 151 Way: 0 Address: 0x9cff25c8
  Set: 152 Way: 0 Address: 0x9cff2600
  Set: 153 Way: 0 Address: 0x9cff2645
  Set: 173 Way: 0 Address: 0x1064c2b70
  Set: 192 Way: 0 Address: 0x2b2e93000
  Set: 192 Way: 1 Address: 0x34a873000
  Set: 193 Way: 0 Address: 0x3c56b3070
  Set: 193 Way: 1 Address: 0x34a873040
  Set: 196 Way: 0 Address: 0x2b2e93136
  Set: 197 Way: 0 Address: 0x2b2e93154
  Set: 198 Way: 0 Address: 0x2b2e93180
  Set: 202 Way: 0 Address: 0x2b2e932b4
  Set: 203 Way: 0 Address: 0x2b2e932c0
  Set: 207 Way: 0 Address: 0x2b2e933f6
  Set: 208 Way: 0 Address: 0x2b2e93414
  Set: 209 Way: 0 Address: 0x2b2e93440
  Set: 213 Way: 0 Address: 0x2b2e93574
  Set: 214 Way: 0 Address: 0x2b2e93580
  Set: 218 Way: 0 Address: 0x2b2e936b8
  Set: 219 Way: 0 Address: 0x2b2e936c0
  Set: 220 Way: 0 Address: 0x2b2e93700
  Set: 225 Way: 0 Address: 0x2b2e93840
  Set: 231 Way: 0 Address: 0x2b2e939c0
  Set: 236 Way: 0 Address: 0x2b2e93b00
  Set: 238 Way: 0 Address: 0x257713b9c
  Set: 239 Way: 0 Address: 0x257713bc0
  Set: 243 Way: 0 Address: 0x257713cfc
  Set: 244 Way: 0 Address: 0x257713d16
  Set: 245 Way: 0 Address: 0x257713d40
  Set: 246 Way: 0 Address: 0x3232f3d88
  Set: 246 Way: 1 Address: 0x3b0803d8c
  Set: 247 Way: 0 Address: 0x3b0803dc0
  Set: 247 Way: 1 Address: 0x3232f3dc0
  Set: 248 Way: 0 Address: 0x3b0803e00
  Set: 248 Way: 1 Address: 0x3232f3e00
  Set: 249 Way: 0 Address: 0x257713e76
  Set: 249 Way: 1 Address: 0x3b0803e40
  Set: 249 Way: 2 Address: 0x3232f3e40
  Set: 250 Way: 0 Address: 0x257713e80
  Set: 250 Way: 1 Address: 0x3b0803e80
  Set: 250 Way: 2 Address: 0x3232f3e80
  Set: 251 Way: 0 Address: 0x3b0803ec0
  Set: 251 Way: 1 Address: 0x3232f3ec0
  Set: 252 Way: 0 Address: 0x3b0803f00
  Set: 252 Way: 1 Address: 0x3232f3f00
  Set: 253 Way: 0 Address: 0x3b0803f40
  Set: 253 Way: 1 Address: 0x3232f3f40
  Set: 254 Way: 0 Address: 0x34a873fbc
  Set: 254 Way: 1 Address: 0x257713fb6
  Set: 255 Way: 0 Address: 0x257713fd6
  Set: 255 Way: 1 Address: 0x34a873fc0
  Set: 256 Way: 0 Address: 0x257714000
  Set: 258 Way: 0 Address: 0x397bb40a0
  Set: 261 Way: 0 Address: 0x257714140
  Set: 262 Way: 0 Address: 0x3c10741b0
  Set: 263 Way: 0 Address: 0x1ab441c8
  Set: 266 Way: 0 Address: 0x257714280
  Set: 267 Way: 0 Address: 0x2577142c0
  Set: 268 Way: 0 Address: 0x3de4d4300
  Set: 272 Way: 0 Address: 0x257714400
  Set: 277 Way: 0 Address: 0x257714540
  Set: 294 Way: 0 Address: 0xb8004980
  Set: 300 Way: 0 Address: 0xb8004b08
  Set: 301 Way: 0 Address: 0x129934b70
  Set: 302 Way: 0 Address: 0x129934b80
  Set: 320 Way: 0 Address: 0x195f15000
  Set: 320 Way: 1 Address: 0x34a0e5000
  Set: 321 Way: 0 Address: 0x34a0e5040
  Set: 326 Way: 0 Address: 0x354d351a0
  Set: 327 Way: 0 Address: 0x354d351c0
  Set: 327 Way: 1 Address: 0x2725851dc
  Set: 328 Way: 0 Address: 0x272585200
  Set: 329 Way: 0 Address: 0x272585240
  Set: 330 Way: 0 Address: 0x272585280
  Set: 331 Way: 0 Address: 0x2725852c0
  Set: 332 Way: 0 Address: 0x272585300
  Set: 333 Way: 0 Address: 0x272585340
  Set: 334 Way: 0 Address: 0x272585380
  Set: 369 Way: 0 Address: 0x1b0f15c78
  Set: 370 Way: 0 Address: 0x1b0f15c80
  Set: 371 Way: 0 Address: 0x1b0f15cc0
  Set: 372 Way: 0 Address: 0x1b0f15d00
  Set: 373 Way: 0 Address: 0x1b0f15d40
  Set: 374 Way: 0 Address: 0x1b0f15d80
  Set: 375 Way: 0 Address: 0x1b0f15dc0
  Set: 376 Way: 0 Address: 0x1b0f15e00
  Set: 377 Way: 0 Address: 0x1b0f15e40
  Set: 395 Way: 0 Address: 0x848962e8
  Set: 396 Way: 0 Address: 0x84896300
  Set: 397 Way: 0 Address: 0x84896340
  Set: 398 Way: 0 Address: 0x84896380
  Set: 399 Way: 0 Address: 0x848963c0
  Set: 400 Way: 0 Address: 0x84896400
  Set: 401 Way: 0 Address: 0x84896440
  Set: 402 Way: 0 Address: 0x84896480
  Set: 408 Way: 0 Address: 0x211d16618
  Set: 409 Way: 0 Address: 0x211d16640
  Set: 410 Way: 0 Address: 0x211d16680
  Set: 411 Way: 0 Address: 0x211d166c0
  Set: 412 Way: 0 Address: 0x211d16700
  Set: 413 Way: 0 Address: 0x211d16740
  Set: 414 Way: 0 Address: 0x211d16780
  Set: 415 Way: 0 Address: 0x211d167c0
  Set: 438 Way: 0 Address: 0x3dae66da8
  Set: 438 Way: 1 Address: 0x27d4c6da8
  Set: 438 Way: 2 Address: 0x3d87a6db0
  Set: 439 Way: 0 Address: 0x43736dc0
  Set: 439 Way: 1 Address: 0x3dae66dc8
  Set: 455 Way: 0 Address: 0xbeea71f0
  Set: 468 Way: 0 Address: 0x276ff7508
  Set: 469 Way: 0 Address: 0x276ff7540
  Set: 470 Way: 0 Address: 0x276ff7580
  Set: 471 Way: 0 Address: 0x276ff75c0
  Set: 472 Way: 0 Address: 0x276ff7600
  Set: 473 Way: 0 Address: 0x309887650
  Set: 473 Way: 1 Address: 0x276ff7640
  Set: 474 Way: 0 Address: 0x276ff7680
  Set: 475 Way: 0 Address: 0x276ff76c0
  Set: 518 Way: 0 Address: 0x3bdd78180
  Set: 519 Way: 0 Address: 0x3bdd781f8
  Set: 570 Way: 0 Address: 0x2c9898e98
  Set: 571 Way: 0 Address: 0x2c9898ec0
  Set: 572 Way: 0 Address: 0x2c9898f00
  Set: 573 Way: 0 Address: 0x2c9898f40
  Set: 574 Way: 0 Address: 0x2c9898f80
  Set: 575 Way: 0 Address: 0x201598fe8
  Set: 575 Way: 1 Address: 0x2c9898fc0
  Set: 576 Way: 0 Address: 0x312099000
  Set: 579 Way: 0 Address: 0x2c87490cc
  Set: 580 Way: 0 Address: 0x312099136
  Set: 580 Way: 1 Address: 0x2c8749100
  Set: 581 Way: 0 Address: 0x312099140
  Set: 581 Way: 1 Address: 0x2c8749140
  Set: 582 Way: 0 Address: 0x2c8749180
  Set: 583 Way: 0 Address: 0x2c87491c0
  Set: 584 Way: 0 Address: 0x2c8749200
  Set: 585 Way: 0 Address: 0x31209927a
  Set: 585 Way: 1 Address: 0x2c8749240
  Set: 586 Way: 0 Address: 0x31209929c
  Set: 586 Way: 1 Address: 0x2c8749280
  Set: 587 Way: 0 Address: 0x3120992c0
  Set: 591 Way: 0 Address: 0x3120993f6
  Set: 592 Way: 0 Address: 0x312099400
  Set: 596 Way: 0 Address: 0x312099536
  Set: 597 Way: 0 Address: 0x312099556
  Set: 598 Way: 0 Address: 0x312099580
  Set: 602 Way: 0 Address: 0x3120996b8
  Set: 603 Way: 0 Address: 0x3120996c0
  Set: 607 Way: 0 Address: 0x3120997fc
  Set: 607 Way: 1 Address: 0x2929597fc
  Set: 608 Way: 0 Address: 0x29295983c
  Set: 608 Way: 1 Address: 0x312099816
  Set: 609 Way: 0 Address: 0x292959850
  Set: 609 Way: 1 Address: 0x312099840
  Set: 610 Way: 0 Address: 0x292959894
  Set: 611 Way: 0 Address: 0x2929598fc
  Set: 612 Way: 0 Address: 0x292959930
  Set: 613 Way: 0 Address: 0x292959978
  Set: 613 Way: 1 Address: 0x312099976
  Set: 614 Way: 0 Address: 0x292959988
  Set: 614 Way: 1 Address: 0x312099980
  Set: 615 Way: 0 Address: 0x2929599ec
  Set: 616 Way: 0 Address: 0x292959a00
  Set: 617 Way: 0 Address: 0x292959a44
  Set: 618 Way: 0 Address: 0x292959a84
  Set: 618 Way: 1 Address: 0x312099ab8
  Set: 619 Way: 0 Address: 0x312099ad6
  Set: 619 Way: 1 Address: 0x292959aec
  Set: 620 Way: 0 Address: 0x292959b30
  Set: 620 Way: 1 Address: 0x312099b00
  Set: 621 Way: 0 Address: 0x292959b74
  Set: 622 Way: 0 Address: 0x292959b9c
  Set: 623 Way: 0 Address: 0x292959bd0
  Set: 624 Way: 0 Address: 0x312099c38
  Set: 624 Way: 1 Address: 0x292959c08
  Set: 625 Way: 0 Address: 0x312099c40
  Set: 629 Way: 0 Address: 0x312099d7a
  Set: 630 Way: 0 Address: 0x312099d9c
  Set: 630 Way: 1 Address: 0x2fa0c9db8
  Set: 631 Way: 0 Address: 0x312099dc0
  Set: 635 Way: 0 Address: 0x312099ef8
  Set: 636 Way: 0 Address: 0x312099f00
  Set: 637 Way: 0 Address: 0x2ee369f58
  Set: 638 Way: 0 Address: 0x2ee369fa4
  Set: 639 Way: 0 Address: 0x2ee369ffc
  Set: 641 Way: 0 Address: 0x31209a040
  Set: 642 Way: 0 Address: 0x31209a080
  Set: 646 Way: 0 Address: 0xc67da188
  Set: 646 Way: 1 Address: 0x31209a180
  Set: 647 Way: 0 Address: 0x31209a1c0
  Set: 648 Way: 0 Address: 0x1d89da208
  Set: 648 Way: 1 Address: 0xc67da200
  Set: 652 Way: 0 Address: 0x31209a300
  Set: 653 Way: 0 Address: 0x31209a340
  Set: 657 Way: 0 Address: 0x31209a440
  Set: 658 Way: 0 Address: 0x31209a480
  Set: 671 Way: 0 Address: 0x223eda7f8
  Set: 710 Way: 0 Address: 0x394edb1b8
  Set: 710 Way: 1 Address: 0xcf83b190
  Set: 711 Way: 0 Address: 0x3b377b1e8
  Set: 749 Way: 0 Address: 0xc0d9bb68
  Set: 750 Way: 0 Address: 0xc0d9bb80
  Set: 751 Way: 0 Address: 0xc0d9bbc0
  Set: 752 Way: 0 Address: 0xc0d9bc00
  Set: 753 Way: 0 Address: 0xc0d9bc40
  Set: 754 Way: 0 Address: 0xc0d9bc80
  Set: 755 Way: 0 Address: 0xc0d9bcc0
  Set: 756 Way: 0 Address: 0xc0d9bd00
  Set: 768 Way: 0 Address: 0xdf85c000
  Set: 774 Way: 0 Address: 0x38e35c1a8
  Set: 812 Way: 0 Address: 0x12c6fcb08
  Set: 813 Way: 0 Address: 0x32f48cb78
  Set: 832 Way: 0 Address: 0x23755d000
  Set: 833 Way: 0 Address: 0x23755d040
  Set: 834 Way: 0 Address: 0x23755d0b2
  Set: 835 Way: 0 Address: 0x23755d0c0
  Set: 836 Way: 0 Address: 0x23755d100
  Set: 837 Way: 0 Address: 0x23755d142
  Set: 838 Way: 0 Address: 0x23755d180
  Set: 839 Way: 0 Address: 0x5588d1c0
  Set: 839 Way: 1 Address: 0x23755d1c0
  Set: 847 Way: 0 Address: 0x1add3f8
  Set: 848 Way: 0 Address: 0x1add400
  Set: 849 Way: 0 Address: 0x1add440
  Set: 850 Way: 0 Address: 0x1add480
  Set: 851 Way: 0 Address: 0x1add4c0
  Set: 852 Way: 0 Address: 0x1add500
  Set: 853 Way: 0 Address: 0x1add540
  Set: 854 Way: 0 Address: 0x1add580
  Set: 855 Way: 0 Address: 0x1add5c0
  Set: 896 Way: 0 Address: 0x28b67e000
  Set: 896 Way: 1 Address: 0x1f919e010
  Set: 897 Way: 0 Address: 0x1f919e070
  Set: 898 Way: 0 Address: 0x1f919e0a0
  Set: 902 Way: 0 Address: 0x20597e198
  Set: 903 Way: 0 Address: 0x1c084e1d8
  Set: 903 Way: 1 Address: 0x2db79e1e0
  Set: 927 Way: 0 Address: 0x28b67e7f8
  Set: 931 Way: 0 Address: 0x2f5d8e8c8
  Set: 942 Way: 0 Address: 0x3734eebb0
  Set: 965 Way: 0 Address: 0xee86f178
  Set: 966 Way: 0 Address: 0x16390f1b0
  Set: 966 Way: 1 Address: 0xee86f1a0
  Set: 975 Way: 0 Address: 0x143ef3e0
  Set: 976 Way: 0 Address: 0x143ef418
  Set: 977 Way: 0 Address: 0x143ef440
  Set: 1001 Way: 0 Address: 0x22272fa58
  Set: 1002 Way: 0 Address: 0x22272fa80
  Set: 1003 Way: 0 Address: 0x22272fac0
  Set: 1004 Way: 0 Address: 0x22272fb00
  Set: 1005 Way: 0 Address: 0x22272fb40
  Set: 1006 Way: 0 Address: 0x22272fb80
  Set: 1007 Way: 0 Address: 0x22272fbc0
  Set: 1008 Way: 0 Address: 0x22272fc00
  Set: 1018 Way: 0 Address: 0x23756fe9c
  Set: 1018 Way: 1 Address: 0x143efeac
  Set: 1019 Way: 0 Address: 0x143efec0
  Set: 1019 Way: 1 Address: 0x23756fec0
  Set: 1020 Way: 0 Address: 0x143eff00
  Set: 1020 Way: 1 Address: 0x23756ff00
  Set: 1021 Way: 0 Address: 0x143eff40
  Set: 1021 Way: 1 Address: 0x23756ff40
  Set: 1022 Way: 0 Address: 0x143eff80
  Set: 1022 Way: 1 Address: 0x23756ff80
  Set: 1023 Way: 0 Address: 0x143effc0
  Set: 1023 Way: 1 Address: 0x23756ffc0
EndCache
Cache: cpu0_L1I
  Set: 14 Way: 0 Address: 0x9cff2390
  Set: 15 Way: 0 Address: 0x9cff23f5
  Set: 16 Way: 0 Address: 0x9cff242a
  Set: 17 Way: 0 Address: 0x9cff2469
  Set: 18 Way: 0 Address: 0x9cff2489
  Set: 19 Way: 0 Address: 0x9cff24df
  Set: 20 Way: 0 Address: 0x9cff251d
  Set: 21 Way: 0 Address: 0x9cff2558
  Set: 23 Way: 0 Address: 0x9cff25c8
  Set: 24 Way: 0 Address: 0x9cff2600
  Set: 25 Way: 0 Address: 0x9cff2645
  Set: 34 Way: 0 Address: 0x2a48418a0
EndCache
Cache: cpu0_L1D
  Set: 0 Way: 0 Address: 0xdf85c000
  Set: 0 Way: 1 Address: 0x62d12004
  Set: 0 Way: 2 Address: 0x195f15000
  Set: 0 Way: 3 Address: 0x1f919e010
  Set: 0 Way: 4 Address: 0x1c84e2018
  Set: 0 Way: 5 Address: 0x2b2e9300c
  Set: 0 Way: 6 Address: 0x23755d01c
  Set: 0 Way: 7 Address: 0x312099000
  Set: 0 Way: 8 Address: 0x19c791004
  Set: 0 Way: 9 Address: 0x28a940038
  Set: 0 Way: 10 Address: 0x34a873000
  Set: 0 Way: 11 Address: 0x34a0e5000
  Set: 1 Way: 0 Address: 0x1f919e070
  Set: 1 Way: 1 Address: 0x3c56b3070
  Set: 1 Way: 2 Address: 0x23755d05e
  Set: 1 Way: 3 Address: 0x28a940070
  Set: 1 Way: 4 Address: 0x19c791040
  Set: 1 Way: 5 Address: 0x34a873040
  Set: 1 Way: 6 Address: 0x34a0e5040
  Set: 1 Way: 7 Address: 0x62d12040
  Set: 2 Way: 0 Address: 0x1f919e0a0
  Set: 2 Way: 1 Address: 0x397bb40a0
  Set: 2 Way: 2 Address: 0x1c84e2080
  Set: 2 Way: 3 Address: 0x1995f2080
  Set: 2 Way: 4 Address: 0x23755d0be
  Set: 2 Way: 5 Address: 0x28a940080
  Set: 2 Way: 6 Address: 0xf6e810be
  Set: 2 Way: 7 Address: 0x19c791080
  Set: 3 Way: 0 Address: 0x23755d0fe
  Set: 3 Way: 1 Address: 0x2c87490cc
  Set: 3 Way: 2 Address: 0xf6e810f0
  Set: 3 Way: 3 Address: 0x19c7910c0
  Set: 4 Way: 0 Address: 0x23755d100
  Set: 4 Way: 1 Address: 0x31209913e
  Set: 4 Way: 2 Address: 0xf6e81100
  Set: 4 Way: 3 Address: 0x2c8749100
  Set: 4 Way: 4 Address: 0x2b2e93138
  Set: 4 Way: 5 Address: 0x19c791100
  Set: 5 Way: 0 Address: 0xee86f178
  Set: 5 Way: 1 Address: 0x23755d166
  Set: 5 Way: 2 Address: 0x2b2e93170
  Set: 5 Way: 3 Address: 0x312099154
  Set: 5 Way: 4 Address: 0x2c8749140
  Set: 5 Way: 5 Address: 0x19c791140
  Set: 6 Way: 0 Address: 0x28a9401be
  Set: 6 Way: 1 Address: 0x2b2e93180
  Set: 6 Way: 2 Address: 0xc67da188
  Set: 6 Way: 3 Address: 0x2c8749180
  Set: 6 Way: 4 Address: 0x19c791180
  Set: 6 Way: 5 Address: 0x354d351a0
  Set: 6 Way: 6 Address: 0x394edb1b8
  Set: 6 Way: 7 Address: 0x23755d192
  Set: 6 Way: 8 Address: 0x3bdd78198
  Set: 6 Way: 9 Address: 0xcf83b190
  Set: 6 Way: 10 Address: 0x181c81180
  Set: 6 Way: 11 Address: 0x20597e198
  Set: 7 Way: 0 Address: 0x2c87491c0
  Set: 7 Way: 1 Address: 0x5588d1c0
  Set: 7 Way: 2 Address: 0x133c921d0
  Set: 7 Way: 3 Address: 0x1c084e1d8
  Set: 7 Way: 4 Address: 0x23755d1da
  Set: 7 Way: 5 Address: 0x1ab441c8
  Set: 7 Way: 6 Address: 0x3b377b1e8
  Set: 7 Way: 7 Address: 0x3bdd781f8
  Set: 7 Way: 8 Address: 0xbeea71f0
  Set: 7 Way: 9 Address: 0x2db79e1e0
  Set: 7 Way: 10 Address: 0x2725851dc
  Set: 7 Way: 11 Address: 0x28a9401d0
  Set: 8 Way: 0 Address: 0x1d89da208
  Set: 8 Way: 1 Address: 0xf6e8123c
  Set: 8 Way: 2 Address: 0x272585200
  Set: 8 Way: 3 Address: 0x2c8749200
  Set: 8 Way: 4 Address: 0xc67da200
  Set: 8 Way: 5 Address: 0x168ef0200
  Set: 9 Way: 0 Address: 0xf6e8124e
  Set: 9 Way: 1 Address: 0x31209927c
  Set: 9 Way: 2 Address: 0x272585240
  Set: 9 Way: 3 Address: 0x2c8749240
  Set: 10 Way: 0 Address: 0x2b2e932b4
  Set: 10 Way: 1 Address: 0x3120992aa
  Set: 10 Way: 2 Address: 0x272585280
  Set: 10 Way: 3 Address: 0x2c8749280
  Set: 11 Way: 0 Address: 0x848962e8
  Set: 11 Way: 1 Address: 0x2b2e932ce
  Set: 11 Way: 2 Address: 0x3120992c0
  Set: 11 Way: 3 Address: 0x28a9402fe
  Set: 11 Way: 4 Address: 0x2725852c0
  Set: 12 Way: 0 Address: 0x3de4d4300
  Set: 12 Way: 1 Address: 0x84896300
  Set: 12 Way: 2 Address: 0x28a94030c
  Set: 12 Way: 3 Address: 0x272585300
  Set: 13 Way: 0 Address: 0x84896340
  Set: 13 Way: 1 Address: 0x28a940342
  Set: 13 Way: 2 Address: 0xf6e8137e
  Set: 13 Way: 3 Address: 0x272585340
  Set: 14 Way: 0 Address: 0xf6e813b0
  Set: 14 Way: 1 Address: 0x84896380
  Set: 14 Way: 2 Address: 0x272585380
  Set: 15 Way: 0 Address: 0x1add3f8
  Set: 15 Way: 1 Address: 0x143ef3f0
  Set: 15 Way: 2 Address: 0x3120993fe
  Set: 15 Way: 3 Address: 0xf6e813c0
  Set: 15 Way: 4 Address: 0x848963c0
  Set: 15 Way: 5 Address: 0x2b2e933fe
  Set: 16 Way: 0 Address: 0x143ef418
  Set: 16 Way: 1 Address: 0x2b2e9342e
  Set: 16 Way: 2 Address: 0x312099410
  Set: 16 Way: 3 Address: 0x1add400
  Set: 16 Way: 4 Address: 0x84896400
  Set: 17 Way: 0 Address: 0x143ef450
  Set: 17 Way: 1 Address: 0x2b2e93440
  Set: 17 Way: 2 Address: 0x1add440
  Set: 17 Way: 3 Address: 0x28a940470
  Set: 17 Way: 4 Address: 0x84896440
  Set: 18 Way: 0 Address: 0x28a94049a
  Set: 18 Way: 1 Address: 0x1add480
  Set: 18 Way: 2 Address: 0x84896480
  Set: 19 Way: 0 Address: 0xf6e814fe
  Set: 19 Way: 1 Address: 0x1add4c0
  Set: 20 Way: 0 Address: 0x276ff7508
  Set: 20 Way: 1 Address: 0xf6e81510
  Set: 20 Way: 2 Address: 0x31209953c
  Set: 20 Way: 3 Address: 0x1add500
  Set: 21 Way: 0 Address: 0x2b2e9357e
  Set: 21 Way: 1 Address: 0x31209956e
  Set: 21 Way: 2 Address: 0x276ff7540
  Set: 21 Way: 3 Address: 0x1add540
  Set: 22 Way: 0 Address: 0x2b2e9358e
  Set: 22 Way: 1 Address: 0x312099580
  Set: 22 Way: 2 Address: 0x28a9405be
  Set: 22 Way: 3 Address: 0x276ff7580
  Set: 22 Way: 4 Address: 0x1add580
  Set: 23 Way: 0 Address: 0x28a9405c8
  Set: 23 Way: 1 Address: 0x276ff75c0
  Set: 23 Way: 2 Address: 0x1add5c0
  Set: 24 Way: 0 Address: 0x211d16618
  Set: 24 Way: 1 Address: 0x28a940608
  Set: 24 Way: 2 Address: 0xf6e8163c
  Set: 24 Way: 3 Address: 0x276ff7600
  Set: 25 Way: 0 Address: 0x309887650
  Set: 25 Way: 1 Address: 0xf6e81668
  Set: 25 Way: 2 Address: 0x211d16640
  Set: 25 Way: 3 Address: 0x276ff7640
  Set: 26 Way: 0 Address: 0x3120996b6
  Set: 26 Way: 1 Address: 0xf6e81680
  Set: 26 Way: 2 Address: 0x211d16680
  Set: 26 Way: 3 Address: 0x2b2e936b6
  Set: 26 Way: 4 Address: 0x276ff7680
  Set: 27 Way: 0 Address: 0x3120996d0
  Set: 27 Way: 1 Address: 0x211d166c0
  Set: 27 Way: 2 Address: 0x2b2e936d4
  Set: 27 Way: 3 Address: 0x276ff76c0
  Set: 28 Way: 0 Address: 0x6e620728
  Set: 28 Way: 1 Address: 0x28a940730
  Set: 28 Way: 2 Address: 0x211d16700
  Set: 29 Way: 0 Address: 0x6e620740
  Set: 29 Way: 1 Address: 0x28a940754
  Set: 29 Way: 2 Address: 0x211d16740
  Set: 30 Way: 0 Address: 0xf6e817be
  Set: 30 Way: 1 Address: 0x6e620780
  Set: 30 Way: 2 Address: 0x211d16780
  Set: 31 Way: 0 Address: 0x28b67e7f8
  Set: 31 Way: 1 Address: 0x223eda7f8
  Set: 31 Way: 2 Address: 0xf6e817d2
  Set: 31 Way: 3 Address: 0x3120997fe
  Set: 31 Way: 4 Address: 0x6e6207c0
  Set: 31 Way: 5 Address: 0x2929597fc
  Set: 31 Way: 6 Address: 0x211d167c0
  Set: 32 Way: 0 Address: 0x29295983c
  Set: 32 Way: 1 Address: 0x2177f0838
  Set: 32 Way: 2 Address: 0x312099826
  Set: 32 Way: 3 Address: 0x6e620800
  Set: 33 Way: 0 Address: 0x292959850
  Set: 33 Way: 1 Address: 0x2177f0840
  Set: 33 Way: 2 Address: 0x312099840
  Set: 33 Way: 3 Address: 0x28a94087e
  Set: 33 Way: 4 Address: 0x6e620840
  Set: 34 Way: 0 Address: 0x292959894
  Set: 34 Way: 1 Address: 0x2177f0880
  Set: 34 Way: 2 Address: 0x28a94088a
  Set: 34 Way: 3 Address: 0x6e620880
  Set: 35 Way: 0 Address: 0x2929598fc
  Set: 35 Way: 1 Address: 0x2f5d8e8c8
  Set: 35 Way: 2 Address: 0x28a9408c0
  Set: 35 Way: 3 Address: 0x2177f08c0
  Set: 35 Way: 4 Address: 0xf6e818fc
  Set: 35 Way: 5 Address: 0x6e6208c0
  Set: 36 Way: 0 Address: 0xf6e81914
  Set: 36 Way: 1 Address: 0x292959930
  Set: 36 Way: 2 Address: 0x2177f0900
  Set: 37 Way: 0 Address: 0x292959978
  Set: 37 Way: 1 Address: 0x14bb10948
  Set: 37 Way: 2 Address: 0x31209997e
  Set: 37 Way: 3 Address: 0xf6e81940
  Set: 37 Way: 4 Address: 0x2177f0940
  Set: 38 Way: 0 Address: 0xb8004980
  Set: 38 Way: 1 Address: 0x292959988
  Set: 38 Way: 2 Address: 0x31209998e
  Set: 38 Way: 3 Address: 0x14bb10980
  Set: 38 Way: 4 Address: 0x2177f0980
  Set: 39 Way: 0 Address: 0x2929599f8
  Set: 39 Way: 1 Address: 0x14bb109c0
  Set: 39 Way: 2 Address: 0x28a9409f0
  Set: 39 Way: 3 Address: 0x2177f09c0
  Set: 40 Way: 0 Address: 0x292959a00
  Set: 40 Way: 1 Address: 0x28a940a10
  Set: 40 Way: 2 Address: 0x14bb10a00
  Set: 40 Way: 3 Address: 0x2177f0a00
  Set: 41 Way: 0 Address: 0xf6e81a74
  Set: 41 Way: 1 Address: 0x22272fa58
  Set: 41 Way: 2 Address: 0x292959a44
  Set: 41 Way: 3 Address: 0x14bb10a40
  Set: 42 Way: 0 Address: 0xf6e81a80
  Set: 42 Way: 1 Address: 0x292959a80
  Set: 42 Way: 2 Address: 0x22272fa80
  Set: 42 Way: 3 Address: 0x312099abc
  Set: 42 Way: 4 Address: 0x14bb10a80
  Set: 43 Way: 0 Address: 0x312099af0
  Set: 43 Way: 1 Address: 0x292959aec
  Set: 43 Way: 2 Address: 0x22272fac0
  Set: 43 Way: 3 Address: 0x14bb10ac0
  Set: 44 Way: 0 Address: 0xb8004b08
  Set: 44 Way: 1 Address: 0x12c6fcb08
  Set: 44 Way: 2 Address: 0x292959b30
  Set: 44 Way: 3 Address: 0x312099b00
  Set: 44 Way: 4 Address: 0x28a940b3c
  Set: 44 Way: 5 Address: 0x22272fb00
  Set: 44 Way: 6 Address: 0x14bb10b00
  Set: 45 Way: 0 Address: 0x129934b68
  Set: 45 Way: 1 Address: 0xc0d9bb68
  Set: 45 Way: 2 Address: 0x342b40b68
  Set: 45 Way: 3 Address: 0x1064c2b70
  Set: 45 Way: 4 Address: 0x292959b74
  Set: 45 Way: 5 Address: 0x28a940b50
  Set: 45 Way: 6 Address: 0x22272fb40
  Set: 45 Way: 7 Address: 0x32f48cb78
  Set: 46 Way: 0 Address: 0x129934b80
  Set: 46 Way: 1 Address: 0x3734eebb0
  Set: 46 Way: 2 Address: 0x292959b9c
  Set: 46 Way: 3 Address: 0xc0d9bb80
  Set: 46 Way: 4 Address: 0x28a940b84
  Set: 46 Way: 5 Address: 0xf6e81bbc
  Set: 46 Way: 6 Address: 0x22272fb80
  Set: 46 Way: 7 Address: 0x257713bae
  Set: 47 Way: 0 Address: 0xf6e81bd4
  Set: 47 Way: 1 Address: 0x292959bd0
  Set: 47 Way: 2 Address: 0xc0d9bbc0
  Set: 47 Way: 3 Address: 0x257713bc0
  Set: 47 Way: 4 Address: 0x22272fbc0
  Set: 48 Way: 0 Address: 0x312099c3e
  Set: 48 Way: 1 Address: 0xf6e81c00
  Set: 48 Way: 2 Address: 0x292959c08
  Set: 48 Way: 3 Address: 0xc0d9bc00
  Set: 48 Way: 4 Address: 0x22272fc00
  Set: 49 Way: 0 Address: 0x1b0f15c78
  Set: 49 Way: 1 Address: 0x312099c52
  Set: 49 Way: 2 Address: 0xc0d9bc40
  Set: 50 Way: 0 Address: 0x1b0f15c80
  Set: 50 Way: 1 Address: 0x28a940cae
  Set: 50 Way: 2 Address: 0xc0d9bc80
  Set: 51 Way: 0 Address: 0x1b0f15cc0
  Set: 51 Way: 1 Address: 0x257713cf8
  Set: 51 Way: 2 Address: 0x28a940ce4
  Set: 51 Way: 3 Address: 0xc0d9bcc0
  Set: 52 Way: 0 Address: 0xf6e81d34
  Set: 52 Way: 1 Address: 0x257713d32
  Set: 52 Way: 2 Address: 0x1b0f15d00
  Set: 52 Way: 3 Address: 0xc0d9bd00
  Set: 53 Way: 0 Address: 0xf6e81d50
  Set: 53 Way: 1 Address: 0x257713d40
  Set: 53 Way: 2 Address: 0x312099d7a
  Set: 53 Way: 3 Address: 0x1b0f15d40
  Set: 54 Way: 0 Address: 0x3232f3d88
  Set: 54 Way: 1 Address: 0x3b0803d8c
  Set: 54 Way: 2 Address: 0x3dae66da8
  Set: 54 Way: 3 Address: 0x27d4c6da8
  Set: 54 Way: 4 Address: 0x3d87a6db0
  Set: 54 Way: 5 Address: 0x312099da2
  Set: 54 Way: 6 Address: 0x2fa0c9db8
  Set: 54 Way: 7 Address: 0x1b0f15d80
  Set: 55 Way: 0 Address: 0x43736dc0
  Set: 55 Way: 1 Address: 0x3dae66dc8
  Set: 55 Way: 2 Address: 0x312099dc0
  Set: 55 Way: 3 Address: 0x3b0803dc0
  Set: 55 Way: 4 Address: 0x3232f3dc0
  Set: 55 Way: 5 Address: 0x28a940df6
  Set: 55 Way: 6 Address: 0x1b0f15dc0
  Set: 56 Way: 0 Address: 0x3b0803e00
  Set: 56 Way: 1 Address: 0x3232f3e00
  Set: 56 Way: 2 Address: 0x28a940e10
  Set: 56 Way: 3 Address: 0x1b0f15e00
  Set: 57 Way: 0 Address: 0x257713e7a
  Set: 57 Way: 1 Address: 0x28a940e46
  Set: 57 Way: 2 Address: 0x3b0803e40
  Set: 57 Way: 3 Address: 0x3232f3e40
  Set: 57 Way: 4 Address: 0xf6e81e7e
  Set: 57 Way: 5 Address: 0x1b0f15e40
  Set: 58 Way: 0 Address: 0xf6e81eb2
  Set: 58 Way: 1 Address: 0x2c9898e98
  Set: 58 Way: 2 Address: 0x23756fe9c
  Set: 58 Way: 3 Address: 0x257713e8c
  Set: 58 Way: 4 Address: 0x143efeac
  Set: 58 Way: 5 Address: 0x3b0803e80
  Set: 58 Way: 6 Address: 0x3232f3e80
  Set: 59 Way: 0 Address: 0x312099efc
  Set: 59 Way: 1 Address: 0x143efec0
  Set: 59 Way: 2 Address: 0x23756fec0
  Set: 59 Way: 3 Address: 0x2c9898ec0
  Set: 59 Way: 4 Address: 0xf6e81ec0
  Set: 59 Way: 5 Address: 0x3b0803ec0
  Set: 59 Way: 6 Address: 0x3232f3ec0
  Set: 60 Way: 0 Address: 0x312099f10
  Set: 60 Way: 1 Address: 0x143eff00
  Set: 60 Way: 2 Address: 0x23756ff00
  Set: 60 Way: 3 Address: 0x2c9898f00
  Set: 60 Way: 4 Address: 0x3b0803f00
  Set: 60 Way: 5 Address: 0x3232f3f00
  Set: 61 Way: 0 Address: 0x2ee369f58
  Set: 61 Way: 1 Address: 0x143eff40
  Set: 61 Way: 2 Address: 0x28a940f74
  Set: 61 Way: 3 Address: 0x23756ff40
  Set: 61 Way: 4 Address: 0x2c9898f40
  Set: 61 Way: 5 Address: 0x3b0803f40
  Set: 61 Way: 6 Address: 0x3232f3f40
  Set: 62 Way: 0 Address: 0x2ee369fa4
  Set: 62 Way: 1 Address: 0x34a873fbc
  Set: 62 Way: 2 Address: 0x257713fbe
  Set: 62 Way: 3 Address: 0x28a940fa4
  Set: 62 Way: 4 Address: 0x143eff80
  Set: 62 Way: 5 Address: 0x23756ff80
  Set: 62 Way: 6 Address: 0x2c9898f80
  Set: 63 Way: 0 Address: 0x201598fe8
  Set: 63 Way: 1 Address: 0x2ee369fc8
  Set: 63 Way: 2 Address: 0xf6e81ff8
  Set: 63 Way: 3 Address: 0x257713ff0
  Set: 63 Way: 4 Address: 0x34a873fc0
  Set: 63 Way: 5 Address: 0x143effc0
  Set: 63 Way: 6 Address: 0x23756ffc0
  Set: 63 Way: 7 Address: 0x2c9898fc0
EndCache
Cache: cpu0_ITLB
  Set: 0 Way: 0 Address: 0x4608a0
  Set: 1 Way: 0 Address: 0x441446
EndCache
Cache: cpu0_DTLB
  Set: 0 Way: 0 Address: 0x1d709f8
  Set: 0 Way: 1 Address: 0x730650
  Set: 0 Way: 2 Address: 0x2030fbc
  Set: 0 Way: 3 Address: 0x2040004
  Set: 1 Way: 0 Address: 0x7618c8
  Set: 1 Way: 1 Address: 0x2031004
  Set: 2 Way: 0 Address: 0x20320cc
  Set: 3 Way: 0 Address: 0x20331dc
  Set: 4 Way: 0 Address: 0x20342e8
  Set: 5 Way: 0 Address: 0x7fff6ec35fc8
  Set: 5 Way: 1 Address: 0x20353f8
  Set: 5 Way: 2 Address: 0x29b5d32
  Set: 6 Way: 0 Address: 0x7fff6ec36100
  Set: 6 Way: 1 Address: 0x2036508
  Set: 6 Way: 2 Address: 0x29b6154
  Set: 7 Way: 0 Address: 0x2037618
  Set: 7 Way: 1 Address: 0x29b7070
  Set: 8 Way: 0 Address: 0x29b87d2
  Set: 8 Way: 1 Address: 0x2038728
  Set: 9 Way: 0 Address: 0x29b900c
  Set: 9 Way: 1 Address: 0x2039838
  Set: 10 Way: 0 Address: 0x203a948
  Set: 11 Way: 0 Address: 0x203ba58
  Set: 12 Way: 0 Address: 0x203cb68
  Set: 13 Way: 0 Address: 0x203dc78
  Set: 13 Way: 1 Address: 0x1d6dd8c
  Set: 14 Way: 0 Address: 0x203ed88
  Set: 14 Way: 1 Address: 0x1d6ee9c
  Set: 15 Way: 0 Address: 0x202f418
  Set: 15 Way: 1 Address: 0x203fe98
  Set: 15 Way: 2 Address: 0x1d6f000
EndCache
Cache: LLC
  Set: 0 Way: 0 Address: 0x28a94003a
  Set: 1 Way: 0 Address: 0x28a940058
  Set: 2 Way: 0 Address: 0x28a940080
  Set: 6 Way: 0 Address: 0x28a940180
  Set: 7 Way: 0 Address: 0x28a9401c0
  Set: 11 Way: 0 Address: 0x28a9402f6
  Set: 12 Way: 0 Address: 0x28a940300
  Set: 13 Way: 0 Address: 0x28a940340
  Set: 17 Way: 0 Address: 0x28a940456
  Set: 18 Way: 0 Address: 0x28a940480
  Set: 22 Way: 0 Address: 0x28a9405b6
  Set: 23 Way: 0 Address: 0x28a9405c0
  Set: 24 Way: 0 Address: 0x28a940600
  Set: 28 Way: 0 Address: 0x6e620728
  Set: 28 Way: 1 Address: 0x28a940716
  Set: 29 Way: 0 Address: 0x6e620740
  Set: 29 Way: 1 Address: 0x28a940740
  Set: 30 Way: 0 Address: 0x6e620780
  Set: 31 Way: 0 Address: 0x6e6207c0
  Set: 32 Way: 0 Address: 0x6e620800
  Set: 33 Way: 0 Address: 0x28a940878
  Set: 33 Way: 1 Address: 0x6e620840
  Set: 34 Way: 0 Address: 0x28a940880
  Set: 34 Way: 1 Address: 0x6e620880
  Set: 35 Way: 0 Address: 0x28a9408c0
  Set: 35 Way: 1 Address: 0x6e6208c0
  Set: 39 Way: 0 Address: 0x28a9409d8
  Set: 40 Way: 0 Address: 0x28a940a00
  Set: 44 Way: 0 Address: 0x28a940b38
  Set: 45 Way: 0 Address: 0x342b40b68
  Set: 45 Way: 1 Address: 0x28a940b40
  Set: 46 Way: 0 Address: 0x28a940b80
  Set: 50 Way: 0 Address: 0x28a940c9a
  Set: 51 Way: 0 Address: 0x28a940ccc
  Set: 55 Way: 0 Address: 0x28a940dfc
  Set: 56 Way: 0 Address: 0x28a940e00
  Set: 57 Way: 0 Address: 0x28a940e40
  Set: 61 Way: 0 Address: 0x28a940f40
  Set: 62 Way: 0 Address: 0x28a940f80
  Set: 66 Way: 0 Address: 0xf6e810b6
  Set: 67 Way: 0 Address: 0xf6e810d6
  Set: 68 Way: 0 Address: 0xf6e81100
  Set: 70 Way: 0 Address: 0x181c81180
  Set: 72 Way: 0 Address: 0xf6e81236
  Set: 73 Way: 0 Address: 0xf6e81240
  Set: 77 Way: 0 Address: 0xf6e81376
  Set: 78 Way: 0 Address: 0xf6e8139a
  Set: 79 Way: 0 Address: 0xf6e813c0
  Set: 83 Way: 0 Address: 0xf6e814fc
  Set: 84 Way: 0 Address: 0xf6e81500
  Set: 88 Way: 0 Address: 0xf6e81638
  Set: 89 Way: 0 Address: 0xf6e81640
  Set: 90 Way: 0 Address: 0xf6e81680
  Set: 94 Way: 0 Address: 0xf6e817b6
  Set: 95 Way: 0 Address: 0xf6e817c6
  Set: 98 Way: 0 Address: 0x2a48418a0
  Set: 99 Way: 0 Address: 0xf6e818f6
  Set: 100 Way: 0 Address: 0xf6e81914
  Set: 101 Way: 0 Address: 0xf6e81940
  Set: 105 Way: 0 Address: 0xf6e81a74
  Set: 106 Way: 0 Address: 0xf6e81a80
  Set: 110 Way: 0 Address: 0xf6e81bb6
  Set: 111 Way: 0 Address: 0xf6e81bd4
  Set: 112 Way: 0 Address: 0xf6e81c00
  Set: 116 Way: 0 Address: 0xf6e81d34
  Set: 117 Way: 0 Address: 0xf6e81d42
  Set: 121 Way: 0 Address: 0xf6e81e78
  Set: 122 Way: 0 Address: 0xf6e81e98
  Set: 123 Way: 0 Address: 0xf6e81ec0
  Set: 127 Way: 0 Address: 0xf6e81ff8
  Set: 128 Way: 0 Address: 0x1c84e2018
  Set: 128 Way: 1 Address: 0xf6e82000
  Set: 130 Way: 0 Address: 0x1c84e2080
  Set: 134 Way: 0 Address: 0x6d0c21a8
  Set: 134 Way: 1 Address: 0xf6e82180
  Set: 139 Way: 0 Address: 0xf6e822c0
  Set: 145 Way: 0 Address: 0xf6e82440
  Set: 173 Way: 0 Address: 0x1064c2b70
  Set: 246 Way: 0 Address: 0x3b0803d8c
  Set: 247 Way: 0 Address: 0x3b0803dc0
  Set: 248 Way: 0 Address: 0x3b0803e00
  Set: 249 Way: 0 Address: 0x3b0803e40
  Set: 250 Way: 0 Address: 0x3b0803e80
  Set: 251 Way: 0 Address: 0x3b0803ec0
  Set: 252 Way: 0 Address: 0x3b0803f00
  Set: 253 Way: 0 Address: 0x3b0803f40
  Set: 254 Way: 0 Address: 0x3b0803f80
  Set: 263 Way: 0 Address: 0x1ab441c8
  Set: 294 Way: 0 Address: 0xb8004980
  Set: 300 Way: 0 Address: 0xb8004b08
  Set: 320 Way: 0 Address: 0x34a0e5000
  Set: 321 Way: 0 Address: 0x34a0e5040
  Set: 327 Way: 0 Address: 0x2725851dc
  Set: 328 Way: 0 Address: 0x272585200
  Set: 329 Way: 0 Address: 0x272585240
  Set: 330 Way: 0 Address: 0x272585280
  Set: 331 Way: 0 Address: 0x2725852c0
  Set: 331 Way: 1 Address: 0x34a0e52c0
  Set: 332 Way: 0 Address: 0x272585300
  Set: 333 Way: 0 Address: 0x272585340
  Set: 334 Way: 0 Address: 0x272585380
  Set: 438 Way: 0 Address: 0x3dae66da8
  Set: 438 Way: 1 Address: 0x27d4c6da8
  Set: 438 Way: 2 Address: 0x3d87a6db0
  Set: 439 Way: 0 Address: 0x3dae66dc8
  Set: 455 Way: 0 Address: 0xbeea71f0
  Set: 473 Way: 0 Address: 0x309887650
  Set: 579 Way: 0 Address: 0x2c87490cc
  Set: 580 Way: 0 Address: 0x2c8749100
  Set: 581 Way: 0 Address: 0x2c8749140
  Set: 582 Way: 0 Address: 0x2c8749180
  Set: 583 Way: 0 Address: 0x2c87491c0
  Set: 584 Way: 0 Address: 0x2c8749200
  Set: 585 Way: 0 Address: 0x2c8749240
  Set: 586 Way: 0 Address: 0x2c8749280
  Set: 630 Way: 0 Address: 0x2fa0c9db8
  Set: 637 Way: 0 Address: 0x2ee369f58
  Set: 638 Way: 0 Address: 0x2ee369fa4
  Set: 639 Way: 0 Address: 0x2ee369ffc
  Set: 813 Way: 0 Address: 0x32f48cb78
  Set: 839 Way: 0 Address: 0x5588d1c0
  Set: 903 Way: 0 Address: 0x1c084e1d8
  Set: 931 Way: 0 Address: 0x2f5d8e8c8
  Set: 942 Way: 0 Address: 0x3734eebb0
  Set: 965 Way: 0 Address: 0xee86f178
  Set: 966 Way: 0 Address: 0x16390f1b0
  Set: 966 Way: 1 Address: 0xee86f1a0
  Set: 975 Way: 0 Address: 0x143ef3e0
  Set: 976 Way: 0 Address: 0x143ef418
  Set: 977 Way: 0 Address: 0x143ef440
  Set: 978 Way: 0 Address: 0x143ef480
  Set: 1001 Way: 0 Address: 0x22272fa58
  Set: 1002 Way: 0 Address: 0x22272fa80
  Set: 1003 Way: 0 Address: 0x22272fac0
  Set: 1004 Way: 0 Address: 0x22272fb00
  Set: 1005 Way: 0 Address: 0x22272fb40
  Set: 1006 Way: 0 Address: 0x22272fb80
  Set: 1007 Way: 0 Address: 0x22272fbc0
  Set: 1008 Way: 0 Address: 0x22272fc00
  Set: 1018 Way: 0 Address: 0x23756fe9c
  Set: 1018 Way: 1 Address: 0x143efeac
  Set: 1019 Way: 0 Address: 0x143efec0
  Set: 1019 Way: 1 Address: 0x23756fec0
  Set: 1020 Way: 0 Address: 0x23756ff00
  Set: 1020 Way: 1 Address: 0x143eff00
  Set: 1021 Way: 0 Address: 0x143eff40
  Set: 1021 Way: 1 Address: 0x23756ff40
  Set: 1022 Way: 0 Address: 0x143eff80
  Set: 1022 Way: 1 Address: 0x23756ff80
  Set: 1023 Way: 0 Address: 0x143effc0
  Set: 1023 Way: 1 Address: 0x23756ffc0
  Set: 1032 Way: 0 Address: 0x168ef0200
  Set: 1056 Way: 0 Address: 0x2177f0838
  Set: 1057 Way: 0 Address: 0x2177f0840
  Set: 1058 Way: 0 Address: 0x2177f0880
  Set: 1059 Way: 0 Address: 0x2177f08c0
  Set: 1060 Way: 0 Address: 0x2177f0900
  Set: 1061 Way: 0 Address: 0x14bb10948
  Set: 1061 Way: 1 Address: 0x2177f0940
  Set: 1062 Way: 0 Address: 0x14bb10980
  Set: 1062 Way: 1 Address: 0x2177f0980
  Set: 1063 Way: 0 Address: 0x14bb109c0
  Set: 1063 Way: 1 Address: 0x2177f09c0
  Set: 1064 Way: 0 Address: 0x14bb10a00
  Set: 1064 Way: 1 Address: 0x2177f0a00
  Set: 1065 Way: 0 Address: 0x14bb10a40
  Set: 1066 Way: 0 Address: 0x14bb10a80
  Set: 1067 Way: 0 Address: 0x14bb10ac0
  Set: 1068 Way: 0 Address: 0x14bb10b00
  Set: 1088 Way: 0 Address: 0x19c791000
  Set: 1089 Way: 0 Address: 0x19c791040
  Set: 1090 Way: 0 Address: 0x19c791080
  Set: 1091 Way: 0 Address: 0x19c7910c0
  Set: 1092 Way: 0 Address: 0x19c791100
  Set: 1093 Way: 0 Address: 0x19c791140
  Set: 1094 Way: 0 Address: 0x19c791180
  Set: 1152 Way: 0 Address: 0x62d12000
  Set: 1153 Way: 0 Address: 0x62d12040
  Set: 1154 Way: 0 Address: 0x1995f2080
  Set: 1159 Way: 0 Address: 0x133c921d0
  Set: 1166 Way: 0 Address: 0x9cff2390
  Set: 1167 Way: 0 Address: 0x9cff23c0
  Set: 1168 Way: 0 Address: 0x9cff242a
  Set: 1169 Way: 0 Address: 0x9cff2446
  Set: 1170 Way: 0 Address: 0x9cff2482
  Set: 1171 Way: 0 Address: 0x9cff24df
  Set: 1172 Way: 0 Address: 0x9cff2501
  Set: 1173 Way: 0 Address: 0x9cff2543
  Set: 1175 Way: 0 Address: 0x9cff25c8
  Set: 1176 Way: 0 Address: 0x9cff2600
  Set: 1177 Way: 0 Address: 0x9cff2645
  Set: 1216 Way: 0 Address: 0x2b2e93000
  Set: 1216 Way: 1 Address: 0x34a873000
  Set: 1217 Way: 0 Address: 0x3c56b3070
  Set: 1217 Way: 1 Address: 0x34a873040
  Set: 1220 Way: 0 Address: 0x2b2e93136
  Set: 1221 Way: 0 Address: 0x2b2e93154
  Set: 1222 Way: 0 Address: 0x2b2e93180
  Set: 1226 Way: 0 Address: 0x2b2e932b4
  Set: 1227 Way: 0 Address: 0x2b2e932c0
  Set: 1231 Way: 0 Address: 0x2b2e933f6
  Set: 1232 Way: 0 Address: 0x2b2e93414
  Set: 1233 Way: 0 Address: 0x2b2e93440
  Set: 1237 Way: 0 Address: 0x2b2e93540
  Set: 1238 Way: 0 Address: 0x2b2e93580
  Set: 1242 Way: 0 Address: 0x2b2e936b8
  Set: 1243 Way: 0 Address: 0x2b2e936c0
  Set: 1244 Way: 0 Address: 0x2b2e93700
  Set: 1249 Way: 0 Address: 0x2b2e93840
  Set: 1254 Way: 0 Address: 0x2b2e93980
  Set: 1255 Way: 0 Address: 0x2b2e939c0
  Set: 1260 Way: 0 Address: 0x2b2e93b00
  Set: 1262 Way: 0 Address: 0x257713b9c
  Set: 1263 Way: 0 Address: 0x257713bc0
  Set: 1267 Way: 0 Address: 0x257713cfc
  Set: 1268 Way: 0 Address: 0x257713d16
  Set: 1269 Way: 0 Address: 0x257713d40
  Set: 1270 Way: 0 Address: 0x3232f3d88
  Set: 1271 Way: 0 Address: 0x3232f3dc0
  Set: 1272 Way: 0 Address: 0x3232f3e00
  Set: 1273 Way: 0 Address: 0x257713e76
  Set: 1273 Way: 1 Address: 0x3232f3e40
  Set: 1274 Way: 0 Address: 0x257713e80
  Set: 1274 Way: 1 Address: 0x3232f3e80
  Set: 1275 Way: 0 Address: 0x3232f3ec0
  Set: 1276 Way: 0 Address: 0x3232f3f00
  Set: 1277 Way: 0 Address: 0x3232f3f40
  Set: 1278 Way: 0 Address: 0x257713f80
  Set: 1278 Way: 1 Address: 0x34a873fbc
  Set: 1279 Way: 0 Address: 0x257713fd6
  Set: 1279 Way: 1 Address: 0x34a873fc0
  Set: 1280 Way: 0 Address: 0x257714000
  Set: 1282 Way: 0 Address: 0x397bb40a0
  Set: 1285 Way: 0 Address: 0x257714140
  Set: 1286 Way: 0 Address: 0x3c10741b0
  Set: 1290 Way: 0 Address: 0x257714280
  Set: 1291 Way: 0 Address: 0x2577142c0
  Set: 1292 Way: 0 Address: 0x3de4d4300
  Set: 1296 Way: 0 Address: 0x257714400
  Set: 1301 Way: 0 Address: 0x257714540
  Set: 1325 Way: 0 Address: 0x129934b70
  Set: 1326 Way: 0 Address: 0x129934b80
  Set: 1344 Way: 0 Address: 0x195f15000
  Set: 1350 Way: 0 Address: 0x354d351a0
  Set: 1351 Way: 0 Address: 0x354d351c0
  Set: 1393 Way: 0 Address: 0x1b0f15c78
  Set: 1394 Way: 0 Address: 0x1b0f15c80
  Set: 1395 Way: 0 Address: 0x1b0f15cc0
  Set: 1396 Way: 0 Address: 0x1b0f15d00
  Set: 1397 Way: 0 Address: 0x1b0f15d40
  Set: 1398 Way: 0 Address: 0x1b0f15d80
  Set: 1399 Way: 0 Address: 0x1b0f15dc0
  Set: 1400 Way: 0 Address: 0x1b0f15e00
  Set: 1401 Way: 0 Address: 0x1b0f15e40
  Set: 1419 Way: 0 Address: 0x848962e8
  Set: 1420 Way: 0 Address: 0x84896300
  Set: 1421 Way: 0 Address: 0x84896340
  Set: 1422 Way: 0 Address: 0x84896380
  Set: 1423 Way: 0 Address: 0x848963c0
  Set: 1424 Way: 0 Address: 0x84896400
  Set: 1425 Way: 0 Address: 0x84896440
  Set: 1426 Way: 0 Address: 0x84896480
  Set: 1432 Way: 0 Address: 0x211d16618
  Set: 1433 Way: 0 Address: 0x211d16640
  Set: 1434 Way: 0 Address: 0x211d16680
  Set: 1435 Way: 0 Address: 0x211d166c0
  Set: 1436 Way: 0 Address: 0x211d16700
  Set: 1437 Way: 0 Address: 0x211d16740
  Set: 1438 Way: 0 Address: 0x211d16780
  Set: 1439 Way: 0 Address: 0x211d167c0
  Set: 1463 Way: 0 Address: 0x43736dc0
  Set: 1492 Way: 0 Address: 0x276ff7508
  Set: 1493 Way: 0 Address: 0x276ff7540
  Set: 1494 Way: 0 Address: 0x276ff7580
  Set: 1495 Way: 0 Address: 0x276ff75c0
  Set: 1496 Way: 0 Address: 0x276ff7600
  Set: 1497 Way: 0 Address: 0x276ff7640
  Set: 1498 Way: 0 Address: 0x276ff7680
  Set: 1499 Way: 0 Address: 0x276ff76c0
  Set: 1542 Way: 0 Address: 0x3bdd78180
  Set: 1543 Way: 0 Address: 0x3bdd781f8
  Set: 1594 Way: 0 Address: 0x2c9898e98
  Set: 1595 Way: 0 Address: 0x2c9898ec0
  Set: 1596 Way: 0 Address: 0x2c9898f00
  Set: 1597 Way: 0 Address: 0x2c9898f40
  Set: 1598 Way: 0 Address: 0x2c9898f80
  Set: 1599 Way: 0 Address: 0x201598fe8
  Set: 1599 Way: 1 Address: 0x2c9898fc0
  Set: 1600 Way: 0 Address: 0x312099000
  Set: 1604 Way: 0 Address: 0x312099136
  Set: 1605 Way: 0 Address: 0x312099140
  Set: 1606 Way: 0 Address: 0x312099180
  Set: 1609 Way: 0 Address: 0x31209927a
  Set: 1610 Way: 0 Address: 0x31209929c
  Set: 1611 Way: 0 Address: 0x3120992c0
  Set: 1615 Way: 0 Address: 0x3120993f6
  Set: 1616 Way: 0 Address: 0x312099400
  Set: 1620 Way: 0 Address: 0x312099536
  Set: 1621 Way: 0 Address: 0x312099556
  Set: 1622 Way: 0 Address: 0x312099580
  Set: 1626 Way: 0 Address: 0x312099680
  Set: 1627 Way: 0 Address: 0x3120996c0
  Set: 1631 Way: 0 Address: 0x3120997fc
  Set: 1631 Way: 1 Address: 0x2929597fc
  Set: 1632 Way: 0 Address: 0x29295983c
  Set: 1632 Way: 1 Address: 0x312099800
  Set: 1633 Way: 0 Address: 0x292959850
  Set: 1633 Way: 1 Address: 0x312099840
  Set: 1634 Way: 0 Address: 0x292959894
  Set: 1635 Way: 0 Address: 0x2929598fc
  Set: 1636 Way: 0 Address: 0x292959930
  Set: 1637 Way: 0 Address: 0x292959978
  Set: 1637 Way: 1 Address: 0x312099976
  Set: 1638 Way: 0 Address: 0x292959988
  Set: 1638 Way: 1 Address: 0x312099980
  Set: 1639 Way: 0 Address: 0x2929599ec
  Set: 1640 Way: 0 Address: 0x292959a00
  Set: 1641 Way: 0 Address: 0x292959a44
  Set: 1642 Way: 0 Address: 0x292959a84
  Set: 1642 Way: 1 Address: 0x312099ab8
  Set: 1643 Way: 0 Address: 0x312099ad6
  Set: 1643 Way: 1 Address: 0x292959aec
  Set: 1644 Way: 0 Address: 0x292959b30
  Set: 1644 Way: 1 Address: 0x312099b00
  Set: 1645 Way: 0 Address: 0x292959b74
  Set: 1646 Way: 0 Address: 0x292959b9c
  Set: 1647 Way: 0 Address: 0x292959bd0
  Set: 1648 Way: 0 Address: 0x312099c00
  Set: 1648 Way: 1 Address: 0x292959c08
  Set: 1649 Way: 0 Address: 0x312099c40
  Set: 1653 Way: 0 Address: 0x312099d7a
  Set: 1654 Way: 0 Address: 0x312099d80
  Set: 1655 Way: 0 Address: 0x312099dc0
  Set: 1659 Way: 0 Address: 0x312099ec0
  Set: 1660 Way: 0 Address: 0x312099f00
  Set: 1665 Way: 0 Address: 0x31209a040
  Set: 1666 Way: 0 Address: 0x31209a080
  Set: 1670 Way: 0 Address: 0xc67da188
  Set: 1670 Way: 1 Address: 0x31209a180
  Set: 1671 Way: 0 Address: 0x31209a1c0
  Set: 1672 Way: 0 Address: 0x1d89da208
  Set: 1672 Way: 1 Address: 0xc67da200
  Set: 1676 Way: 0 Address: 0x31209a300
  Set: 1677 Way: 0 Address: 0x31209a340
  Set: 1681 Way: 0 Address: 0x31209a440
  Set: 1682 Way: 0 Address: 0x31209a480
  Set: 1695 Way: 0 Address: 0x223eda7f8
  Set: 1734 Way: 0 Address: 0x394edb1b8
  Set: 1734 Way: 1 Address: 0xcf83b190
  Set: 1735 Way: 0 Address: 0x3b377b1e8
  Set: 1773 Way: 0 Address: 0xc0d9bb68
  Set: 1774 Way: 0 Address: 0xc0d9bb80
  Set: 1775 Way: 0 Address: 0xc0d9bbc0
  Set: 1776 Way: 0 Address: 0xc0d9bc00
  Set: 1777 Way: 0 Address: 0xc0d9bc40
  Set: 1778 Way: 0 Address: 0xc0d9bc80
  Set: 1779 Way: 0 Address: 0xc0d9bcc0
  Set: 1780 Way: 0 Address: 0xc0d9bd00
  Set: 1792 Way: 0 Address: 0xdf85c000
  Set: 1798 Way: 0 Address: 0x38e35c1a8
  Set: 1836 Way: 0 Address: 0x12c6fcb08
  Set: 1856 Way: 0 Address: 0x23755d000
  Set: 1857 Way: 0 Address: 0x23755d040
  Set: 1858 Way: 0 Address: 0x23755d0b2
  Set: 1859 Way: 0 Address: 0x23755d0c0
  Set: 1860 Way: 0 Address: 0x23755d100
  Set: 1861 Way: 0 Address: 0x23755d142
  Set: 1862 Way: 0 Address: 0x23755d180
  Set: 1863 Way: 0 Address: 0x23755d1c0
  Set: 1871 Way: 0 Address: 0x1add3f8
  Set: 1872 Way: 0 Address: 0x1add400
  Set: 1873 Way: 0 Address: 0x1add440
  Set: 1874 Way: 0 Address: 0x1add480
  Set: 1875 Way: 0 Address: 0x1add4c0
  Set: 1876 Way: 0 Address: 0x1add500
  Set: 1877 Way: 0 Address: 0x1add540
  Set: 1878 Way: 0 Address: 0x1add580
  Set: 1879 Way: 0 Address: 0x1add5c0
  Set: 1920 Way: 0 Address: 0x28b67e000
  Set: 1920 Way: 1 Address: 0x1f919e010
  Set: 1921 Way: 0 Address: 0x1f919e070
  Set: 1922 Way: 0 Address: 0x1f919e0a0
  Set: 1926 Way: 0 Address: 0x20597e198
  Set: 1927 Way: 0 Address: 0x2db79e1e0
  Set: 1951 Way: 0 Address: 0x28b67e7f8
EndCache
