Cache: cpu0_STLB
  Set: 9 Way: 0 Address: 0x409fd0
  Set: 10 Way: 0 Address: 0x40a08a
  Set: 10 Way: 1 Address: 0x238add0
  Set: 19 Way: 0 Address: 0x2293df0
  Set: 20 Way: 0 Address: 0x2294128
  Set: 22 Way: 0 Address: 0x21696410
  Set: 32 Way: 0 Address: 0x21820ffc
  Set: 33 Way: 0 Address: 0x21821450
  Set: 34 Way: 0 Address: 0x21822464
  Set: 41 Way: 0 Address: 0x21629b94
  Set: 45 Way: 0 Address: 0x216ad8d0
  Set: 58 Way: 0 Address: 0x7ffc81bbaa98
  Set: 59 Way: 0 Address: 0x2163b528
  Set: 109 Way: 0 Address: 0x22ed740
  Set: 110 Way: 0 Address: 0x22ee138
EndCache
Cache: cpu0_L2C
  Set: 90 Way: 0 Address: 0x2a48416a5
  Set: 91 Way: 0 Address: 0x2a48416c0
  Set: 110 Way: 0 Address: 0xf6e81b94
  Set: 111 Way: 0 Address: 0xf6e81bc0
  Set: 127 Way: 0 Address: 0x2a4841fd0
  Set: 128 Way: 0 Address: 0x9cff2001
  Set: 128 Way: 1 Address: 0x2a4842000
  Set: 128 Way: 2 Address: 0x6d0c2030
  Set: 129 Way: 0 Address: 0x9cff2040
  Set: 129 Way: 1 Address: 0x6d0c2048
  Set: 130 Way: 0 Address: 0x9cff208a
  Set: 130 Way: 1 Address: 0x6d0c2080
  Set: 131 Way: 0 Address: 0x9cff20c3
  Set: 131 Way: 1 Address: 0x6d0c20c0
  Set: 132 Way: 0 Address: 0x9cff2100
  Set: 132 Way: 1 Address: 0x6d0c2128
  Set: 133 Way: 0 Address: 0x9cff2143
  Set: 133 Way: 1 Address: 0x6d0c2140
  Set: 134 Way: 0 Address: 0x9cff2190
  Set: 134 Way: 1 Address: 0x6d0c2180
  Set: 135 Way: 0 Address: 0x9cff21d0
  Set: 136 Way: 0 Address: 0x9cff2219
  Set: 137 Way: 0 Address: 0x9cff2240
  Set: 138 Way: 0 Address: 0x6d0c22a0
  Set: 138 Way: 1 Address: 0x9cff2280
  Set: 139 Way: 0 Address: 0x6d0c22d0
  Set: 139 Way: 1 Address: 0x9cff22c0
  Set: 140 Way: 0 Address: 0x6d0c2300
  Set: 140 Way: 1 Address: 0x9cff2300
  Set: 141 Way: 0 Address: 0x6d0c2378
  Set: 141 Way: 1 Address: 0x9cff2340
  Set: 142 Way: 0 Address: 0x6d0c23b0
  Set: 142 Way: 1 Address: 0x9cff2380
  Set: 143 Way: 0 Address: 0x6d0c23d8
  Set: 144 Way: 0 Address: 0x6d0c2438
  Set: 145 Way: 0 Address: 0x6d0c2448
  Set: 146 Way: 0 Address: 0x6d0c2480
  Set: 183 Way: 0 Address: 0x1995f2dd0
  Set: 194 Way: 0 Address: 0x3c56b3088
  Set: 212 Way: 0 Address: 0x2b2e93528
  Set: 213 Way: 0 Address: 0x2b2e93540
  Set: 257 Way: 0 Address: 0x3de4d4048
  Set: 261 Way: 0 Address: 0x129934148
  Set: 273 Way: 0 Address: 0x1ab4447c
  Set: 274 Way: 0 Address: 0x1299344b0
  Set: 274 Way: 1 Address: 0x1ab444bc
  Set: 275 Way: 0 Address: 0x1ab444fc
  Set: 276 Way: 0 Address: 0x1ab4453c
  Set: 277 Way: 0 Address: 0x1ab4457c
  Set: 278 Way: 0 Address: 0x1ab445bc
  Set: 279 Way: 0 Address: 0x1ab445fc
  Set: 280 Way: 0 Address: 0x1ab4463c
  Set: 281 Way: 0 Address: 0x1ab4467c
  Set: 282 Way: 0 Address: 0x1ab446bc
  Set: 283 Way: 0 Address: 0x1ab446fc
  Set: 284 Way: 0 Address: 0x1ab4473c
  Set: 285 Way: 0 Address: 0x1ab4477c
  Set: 286 Way: 0 Address: 0x1ab447bc
  Set: 287 Way: 0 Address: 0x397bb47f8
  Set: 287 Way: 1 Address: 0x1ab447fc
  Set: 288 Way: 0 Address: 0x1ab4483c
  Set: 289 Way: 0 Address: 0x3c1074860
  Set: 289 Way: 1 Address: 0x1ab4487c
  Set: 290 Way: 0 Address: 0x1ab448bc
  Set: 291 Way: 0 Address: 0x1ab448fc
  Set: 292 Way: 0 Address: 0x1ab4493c
  Set: 293 Way: 0 Address: 0x1ab4497c
  Set: 294 Way: 0 Address: 0x1ab449bc
  Set: 295 Way: 0 Address: 0x1ab449fc
  Set: 296 Way: 0 Address: 0x1ab44a3c
  Set: 297 Way: 0 Address: 0x1ab44a7c
  Set: 298 Way: 0 Address: 0x1ab44abc
  Set: 299 Way: 0 Address: 0x1ab44afc
  Set: 300 Way: 0 Address: 0x1ab44b3c
  Set: 301 Way: 0 Address: 0x1ab44b7c
  Set: 302 Way: 0 Address: 0x1ab44bbc
  Set: 303 Way: 0 Address: 0x1ab44bfc
  Set: 304 Way: 0 Address: 0x1ab44c3c
  Set: 305 Way: 0 Address: 0xb8004c50
  Set: 305 Way: 1 Address: 0x1ab44c7c
  Set: 306 Way: 0 Address: 0x1ab44cbc
  Set: 307 Way: 0 Address: 0x1ab44cfc
  Set: 308 Way: 0 Address: 0x1ab44d3c
  Set: 309 Way: 0 Address: 0x1ab44d7c
  Set: 310 Way: 0 Address: 0x1ab44dbc
  Set: 311 Way: 0 Address: 0x1ab44dfc
  Set: 312 Way: 0 Address: 0x1ab44e3c
  Set: 313 Way: 0 Address: 0x1ab44e7c
  Set: 314 Way: 0 Address: 0x1ab44ebc
  Set: 315 Way: 0 Address: 0x1ab44efc
  Set: 316 Way: 0 Address: 0x1ab44f3c
  Set: 317 Way: 0 Address: 0x1ab44f7c
  Set: 318 Way: 0 Address: 0x1ab44fbc
  Set: 319 Way: 0 Address: 0x1ab44ffc
  Set: 320 Way: 0 Address: 0x195f15000
  Set: 320 Way: 1 Address: 0x1ab45000
  Set: 324 Way: 0 Address: 0x354d35138
  Set: 325 Way: 0 Address: 0x354d35140
  Set: 326 Way: 0 Address: 0x354d35180
  Set: 384 Way: 0 Address: 0x211d1603c
  Set: 384 Way: 1 Address: 0x8489603c
  Set: 385 Way: 0 Address: 0x211d1607c
  Set: 385 Way: 1 Address: 0x8489607c
  Set: 386 Way: 0 Address: 0x211d160bc
  Set: 386 Way: 1 Address: 0x848960bc
  Set: 387 Way: 0 Address: 0x211d160fc
  Set: 387 Way: 1 Address: 0x848960fc
  Set: 388 Way: 0 Address: 0x211d1613c
  Set: 388 Way: 1 Address: 0x8489613c
  Set: 389 Way: 0 Address: 0x211d1617c
  Set: 389 Way: 1 Address: 0x8489617c
  Set: 390 Way: 0 Address: 0x211d161bc
  Set: 390 Way: 1 Address: 0x848961bc
  Set: 391 Way: 0 Address: 0x211d161fc
  Set: 391 Way: 1 Address: 0x848961fc
  Set: 392 Way: 0 Address: 0x211d1623c
  Set: 392 Way: 1 Address: 0x8489623c
  Set: 393 Way: 0 Address: 0x211d1627c
  Set: 393 Way: 1 Address: 0x8489627c
  Set: 394 Way: 0 Address: 0x211d162bc
  Set: 394 Way: 1 Address: 0x848962bc
  Set: 395 Way: 0 Address: 0x211d162fc
  Set: 395 Way: 1 Address: 0x848962fc
  Set: 396 Way: 0 Address: 0x211d1633c
  Set: 396 Way: 1 Address: 0x8489633c
  Set: 397 Way: 0 Address: 0x211d1637c
  Set: 397 Way: 1 Address: 0x8489637c
  Set: 398 Way: 0 Address: 0x211d163bc
  Set: 398 Way: 1 Address: 0x848963bc
  Set: 399 Way: 0 Address: 0x211d163fc
  Set: 399 Way: 1 Address: 0x848963fc
  Set: 400 Way: 0 Address: 0x8489643c
  Set: 400 Way: 1 Address: 0x211d1643c
  Set: 401 Way: 0 Address: 0x84896450
  Set: 401 Way: 1 Address: 0x211d16464
  Set: 402 Way: 0 Address: 0x43736498
  Set: 402 Way: 1 Address: 0x84896480
  Set: 402 Way: 2 Address: 0x211d16480
  Set: 403 Way: 0 Address: 0x848964fc
  Set: 404 Way: 0 Address: 0x8489653c
  Set: 405 Way: 0 Address: 0x8489657c
  Set: 406 Way: 0 Address: 0x848965bc
  Set: 407 Way: 0 Address: 0x848965fc
  Set: 408 Way: 0 Address: 0x8489663c
  Set: 409 Way: 0 Address: 0x8489667c
  Set: 410 Way: 0 Address: 0x848966bc
  Set: 411 Way: 0 Address: 0x848966fc
  Set: 412 Way: 0 Address: 0x8489673c
  Set: 413 Way: 0 Address: 0x3dae66770
  Set: 413 Way: 1 Address: 0x8489677c
  Set: 414 Way: 0 Address: 0x848967bc
  Set: 415 Way: 0 Address: 0x848967fc
  Set: 416 Way: 0 Address: 0x8489683c
  Set: 417 Way: 0 Address: 0x8489687c
  Set: 418 Way: 0 Address: 0x848968bc
  Set: 419 Way: 0 Address: 0x848968fc
  Set: 420 Way: 0 Address: 0x8489693c
  Set: 421 Way: 0 Address: 0x8489697c
  Set: 422 Way: 0 Address: 0x848969bc
  Set: 423 Way: 0 Address: 0x848969fc
  Set: 424 Way: 0 Address: 0x84896a3c
  Set: 425 Way: 0 Address: 0x84896a7c
  Set: 426 Way: 0 Address: 0x84896abc
  Set: 427 Way: 0 Address: 0x84896afc
  Set: 428 Way: 0 Address: 0x84896b3c
  Set: 429 Way: 0 Address: 0x84896b7c
  Set: 430 Way: 0 Address: 0x84896bbc
  Set: 431 Way: 0 Address: 0x84896bfc
  Set: 432 Way: 0 Address: 0x84896c3c
  Set: 433 Way: 0 Address: 0x84896c7c
  Set: 434 Way: 0 Address: 0x84896cbc
  Set: 435 Way: 0 Address: 0x84896cfc
  Set: 436 Way: 0 Address: 0x84896d3c
  Set: 437 Way: 0 Address: 0x84896d7c
  Set: 438 Way: 0 Address: 0x84896dbc
  Set: 439 Way: 0 Address: 0x84896dfc
  Set: 440 Way: 0 Address: 0x84896e3c
  Set: 441 Way: 0 Address: 0x84896e7c
  Set: 442 Way: 0 Address: 0x84896ebc
  Set: 443 Way: 0 Address: 0x84896efc
  Set: 444 Way: 0 Address: 0x84896f3c
  Set: 445 Way: 0 Address: 0x84896f7c
  Set: 446 Way: 0 Address: 0x84896fbc
  Set: 447 Way: 0 Address: 0x84896ffc
  Set: 448 Way: 0 Address: 0x84897000
  Set: 452 Way: 0 Address: 0x276ff7108
  Set: 484 Way: 0 Address: 0x309887928
  Set: 485 Way: 0 Address: 0x309887960
  Set: 486 Way: 0 Address: 0x3098879b8
  Set: 487 Way: 0 Address: 0x3098879d8
  Set: 488 Way: 0 Address: 0x309887a00
  Set: 489 Way: 0 Address: 0x309887a40
  Set: 490 Way: 0 Address: 0x309887a98
  Set: 491 Way: 0 Address: 0x309887ae8
  Set: 492 Way: 0 Address: 0x309887b00
  Set: 496 Way: 0 Address: 0x309887c18
  Set: 497 Way: 0 Address: 0x309887c40
  Set: 499 Way: 0 Address: 0x309887cd0
  Set: 500 Way: 0 Address: 0x309887d00
  Set: 501 Way: 0 Address: 0x309887d60
  Set: 502 Way: 0 Address: 0x309887d80
  Set: 503 Way: 0 Address: 0x309887df0
  Set: 504 Way: 0 Address: 0x309887e00
  Set: 505 Way: 0 Address: 0x309887e50
  Set: 506 Way: 0 Address: 0x309887e80
  Set: 507 Way: 0 Address: 0x309887ec0
  Set: 508 Way: 0 Address: 0x309887f00
  Set: 509 Way: 0 Address: 0x309887f70
  Set: 510 Way: 0 Address: 0x309887f90
  Set: 511 Way: 0 Address: 0x309887fc0
  Set: 512 Way: 0 Address: 0x309888000
  Set: 533 Way: 0 Address: 0x1aafb8568
  Set: 574 Way: 0 Address: 0xc7078f90
  Set: 576 Way: 0 Address: 0x292959030
  Set: 577 Way: 0 Address: 0x292959058
  Set: 578 Way: 0 Address: 0x292959080
  Set: 579 Way: 0 Address: 0x2929590c0
  Set: 580 Way: 0 Address: 0x292959130
  Set: 581 Way: 0 Address: 0x292959140
  Set: 582 Way: 0 Address: 0x292959190
  Set: 583 Way: 0 Address: 0x2929591d8
  Set: 583 Way: 1 Address: 0x2ee3691d8
  Set: 584 Way: 0 Address: 0x292959200
  Set: 585 Way: 0 Address: 0x292959270
  Set: 586 Way: 0 Address: 0x292959280
  Set: 587 Way: 0 Address: 0x2929592c0
  Set: 588 Way: 0 Address: 0x292959328
  Set: 589 Way: 0 Address: 0x292959340
  Set: 590 Way: 0 Address: 0x292959380
  Set: 591 Way: 0 Address: 0x2929593e8
  Set: 592 Way: 0 Address: 0x292959400
  Set: 593 Way: 0 Address: 0x292959448
  Set: 594 Way: 0 Address: 0x292959490
  Set: 594 Way: 1 Address: 0x2ee3694b0
  Set: 595 Way: 0 Address: 0x2929594c0
  Set: 596 Way: 0 Address: 0x292959538
  Set: 597 Way: 0 Address: 0x292959540
  Set: 598 Way: 0 Address: 0x292959598
  Set: 599 Way: 0 Address: 0x2929595d0
  Set: 600 Way: 0 Address: 0x292959600
  Set: 611 Way: 0 Address: 0x2929598d0
  Set: 612 Way: 0 Address: 0x292959928
  Set: 613 Way: 0 Address: 0x292959958
  Set: 614 Way: 0 Address: 0x292959980
  Set: 641 Way: 0 Address: 0x1d89da050
  Set: 673 Way: 0 Address: 0x223eda858
  Set: 768 Way: 0 Address: 0xdf85c000
  Set: 769 Way: 0 Address: 0x12c6fc068
  Set: 775 Way: 0 Address: 0x38e35c1d8
  Set: 836 Way: 0 Address: 0x1add110
  Set: 836 Way: 1 Address: 0x5588d100
  Set: 866 Way: 0 Address: 0x23755d898
  Set: 867 Way: 0 Address: 0x23755d8f8
  Set: 868 Way: 0 Address: 0x23755d938
  Set: 869 Way: 0 Address: 0x23755d948
  Set: 870 Way: 0 Address: 0x23755d9b8
  Set: 871 Way: 0 Address: 0x23755d9f8
  Set: 872 Way: 0 Address: 0x23755da38
  Set: 873 Way: 0 Address: 0x23755da78
  Set: 874 Way: 0 Address: 0x23755da98
  Set: 875 Way: 0 Address: 0x23755dad0
  Set: 876 Way: 0 Address: 0x23755db28
  Set: 877 Way: 0 Address: 0x23755db40
  Set: 878 Way: 0 Address: 0x23755db80
  Set: 879 Way: 0 Address: 0x23755dbc0
  Set: 880 Way: 0 Address: 0x23755dc28
  Set: 881 Way: 0 Address: 0x23755dc40
  Set: 882 Way: 0 Address: 0x23755dc88
  Set: 883 Way: 0 Address: 0x23755dcc0
  Set: 884 Way: 0 Address: 0x23755dd00
  Set: 885 Way: 0 Address: 0x23755dd54
  Set: 886 Way: 0 Address: 0x23755dd90
  Set: 887 Way: 0 Address: 0x23755ddc0
  Set: 888 Way: 0 Address: 0x23755de00
  Set: 889 Way: 0 Address: 0x23755de40
  Set: 896 Way: 0 Address: 0x28b67e000
  Set: 896 Way: 1 Address: 0x1f919e010
  Set: 898 Way: 0 Address: 0x1f919e088
  Set: 914 Way: 0 Address: 0x3734ee4a0
  Set: 925 Way: 0 Address: 0x3734ee768
  Set: 925 Way: 1 Address: 0x2f5d8e768
  Set: 927 Way: 0 Address: 0x28b67e7f8
  Set: 929 Way: 0 Address: 0x1f919e858
  Set: 976 Way: 0 Address: 0xee86f410
  Set: 977 Way: 0 Address: 0xee86f440
  Set: 988 Way: 0 Address: 0x143ef730
  Set: 989 Way: 0 Address: 0x143ef740
  Set: 990 Way: 0 Address: 0x143ef780
  Set: 1015 Way: 0 Address: 0x16390fdd0
  Set: 1016 Way: 0 Address: 0x16390fe00
EndCache
Cache: cpu0_L1I
  Set: 0 Way: 0 Address: 0x9cff2020
  Set: 1 Way: 0 Address: 0x9cff2076
  Set: 2 Way: 0 Address: 0x9cff208a
  Set: 3 Way: 0 Address: 0x9cff20e3
  Set: 4 Way: 0 Address: 0x9cff2103
  Set: 5 Way: 0 Address: 0x9cff216a
  Set: 6 Way: 0 Address: 0x9cff2190
  Set: 7 Way: 0 Address: 0x9cff21d0
  Set: 8 Way: 0 Address: 0x9cff2219
  Set: 9 Way: 0 Address: 0x9cff2242
  Set: 10 Way: 0 Address: 0x9cff2280
  Set: 11 Way: 0 Address: 0x9cff22c1
  Set: 12 Way: 0 Address: 0x9cff2323
  Set: 13 Way: 0 Address: 0x9cff2340
  Set: 26 Way: 0 Address: 0x2a48416a5
  Set: 63 Way: 0 Address: 0x2a4841ff1
EndCache
Cache: cpu0_L1D
  Set: 0 Way: 0 Address: 0xdf85c000
  Set: 0 Way: 1 Address: 0x28b67e000
  Set: 0 Way: 2 Address: 0x195f15000
  Set: 0 Way: 3 Address: 0x1f919e010
  Set: 0 Way: 4 Address: 0x292959030
  Set: 0 Way: 5 Address: 0x6d0c2030
  Set: 0 Way: 6 Address: 0x211d16028
  Set: 0 Way: 7 Address: 0x84896030
  Set: 1 Way: 0 Address: 0x1d89da050
  Set: 1 Way: 1 Address: 0x3de4d4048
  Set: 1 Way: 2 Address: 0x12c6fc068
  Set: 1 Way: 3 Address: 0x292959058
  Set: 1 Way: 4 Address: 0x6d0c2068
  Set: 1 Way: 5 Address: 0x211d16064
  Set: 1 Way: 6 Address: 0x84896070
  Set: 2 Way: 0 Address: 0x1f919e088
  Set: 2 Way: 1 Address: 0x3c56b3088
  Set: 2 Way: 2 Address: 0x6d0c20a0
  Set: 2 Way: 3 Address: 0x292959088
  Set: 2 Way: 4 Address: 0x211d160a8
  Set: 2 Way: 5 Address: 0x848960b0
  Set: 3 Way: 0 Address: 0x2929590d8
  Set: 3 Way: 1 Address: 0x211d160e8
  Set: 3 Way: 2 Address: 0x848960f0
  Set: 4 Way: 0 Address: 0x6d0c2138
  Set: 4 Way: 1 Address: 0x292959130
  Set: 4 Way: 2 Address: 0x354d35138
  Set: 4 Way: 3 Address: 0x276ff7108
  Set: 4 Way: 4 Address: 0x1add110
  Set: 4 Way: 5 Address: 0x211d16124
  Set: 4 Way: 6 Address: 0x84896130
  Set: 4 Way: 7 Address: 0x5588d100
  Set: 5 Way: 0 Address: 0x129934148
  Set: 5 Way: 1 Address: 0x6d0c2140
  Set: 5 Way: 2 Address: 0x292959148
  Set: 5 Way: 3 Address: 0x354d35140
  Set: 5 Way: 4 Address: 0x211d16168
  Set: 5 Way: 5 Address: 0x84896170
  Set: 6 Way: 0 Address: 0x292959180
  Set: 6 Way: 1 Address: 0x211d161a4
  Set: 6 Way: 2 Address: 0x848961b0
  Set: 7 Way: 0 Address: 0x2929591d8
  Set: 7 Way: 1 Address: 0x2ee3691d8
  Set: 7 Way: 2 Address: 0x38e35c1d8
  Set: 7 Way: 3 Address: 0x211d161e4
  Set: 7 Way: 4 Address: 0x848961f0
  Set: 8 Way: 0 Address: 0x292959228
  Set: 8 Way: 1 Address: 0x211d16224
  Set: 8 Way: 2 Address: 0x84896230
  Set: 9 Way: 0 Address: 0x292959270
  Set: 9 Way: 1 Address: 0x211d16268
  Set: 9 Way: 2 Address: 0x84896270
  Set: 10 Way: 0 Address: 0x6d0c22b0
  Set: 10 Way: 1 Address: 0x292959280
  Set: 10 Way: 2 Address: 0x211d162a4
  Set: 10 Way: 3 Address: 0x848962b0
  Set: 11 Way: 0 Address: 0x6d0c22d0
  Set: 11 Way: 1 Address: 0x2929592d0
  Set: 11 Way: 2 Address: 0x211d162e4
  Set: 11 Way: 3 Address: 0x848962f0
  Set: 12 Way: 0 Address: 0x292959328
  Set: 12 Way: 1 Address: 0x6d0c2308
  Set: 12 Way: 2 Address: 0x211d16324
  Set: 12 Way: 3 Address: 0x84896330
  Set: 13 Way: 0 Address: 0x292959340
  Set: 13 Way: 1 Address: 0x6d0c2378
  Set: 13 Way: 2 Address: 0x211d16364
  Set: 13 Way: 3 Address: 0x84896370
  Set: 14 Way: 0 Address: 0x6d0c23b0
  Set: 14 Way: 1 Address: 0x2929593a0
  Set: 14 Way: 2 Address: 0x211d163a8
  Set: 14 Way: 3 Address: 0x848963b0
  Set: 15 Way: 0 Address: 0x2929593e8
  Set: 15 Way: 1 Address: 0x6d0c23d8
  Set: 15 Way: 2 Address: 0x211d163e4
  Set: 15 Way: 3 Address: 0x848963f0
  Set: 16 Way: 0 Address: 0x6d0c2438
  Set: 16 Way: 1 Address: 0x292959438
  Set: 16 Way: 2 Address: 0xee86f410
  Set: 16 Way: 3 Address: 0x84896430
  Set: 16 Way: 4 Address: 0x211d16424
  Set: 17 Way: 0 Address: 0x6d0c2448
  Set: 17 Way: 1 Address: 0x292959448
  Set: 17 Way: 2 Address: 0x84896450
  Set: 17 Way: 3 Address: 0x211d16468
  Set: 17 Way: 4 Address: 0x1ab4447c
  Set: 18 Way: 0 Address: 0x43736498
  Set: 18 Way: 1 Address: 0x3734ee4a0
  Set: 18 Way: 2 Address: 0x292959490
  Set: 18 Way: 3 Address: 0x1299344b0
  Set: 18 Way: 4 Address: 0x2ee3694b0
  Set: 18 Way: 5 Address: 0x848964b4
  Set: 18 Way: 6 Address: 0x1ab444b8
  Set: 19 Way: 0 Address: 0x2929594f0
  Set: 19 Way: 1 Address: 0x848964e8
  Set: 19 Way: 2 Address: 0x1ab444f0
  Set: 20 Way: 0 Address: 0x292959528
  Set: 20 Way: 1 Address: 0x2b2e93528
  Set: 20 Way: 2 Address: 0x84896524
  Set: 20 Way: 3 Address: 0x1ab4453c
  Set: 21 Way: 0 Address: 0x1aafb8568
  Set: 21 Way: 1 Address: 0x292959550
  Set: 21 Way: 2 Address: 0x84896564
  Set: 21 Way: 3 Address: 0x1ab4457c
  Set: 22 Way: 0 Address: 0x292959598
  Set: 22 Way: 1 Address: 0x848965a8
  Set: 22 Way: 2 Address: 0x1ab445bc
  Set: 23 Way: 0 Address: 0x2929595d0
  Set: 23 Way: 1 Address: 0x848965fc
  Set: 23 Way: 2 Address: 0x1ab445fc
  Set: 24 Way: 0 Address: 0x8489663c
  Set: 24 Way: 1 Address: 0x1ab4463c
  Set: 25 Way: 0 Address: 0x8489667c
  Set: 25 Way: 1 Address: 0x1ab44670
  Set: 26 Way: 0 Address: 0x848966a4
  Set: 26 Way: 1 Address: 0x1ab446b0
  Set: 27 Way: 0 Address: 0x848966e8
  Set: 27 Way: 1 Address: 0x1ab446f0
  Set: 28 Way: 0 Address: 0x143ef730
  Set: 28 Way: 1 Address: 0x84896728
  Set: 28 Way: 2 Address: 0x1ab44730
  Set: 29 Way: 0 Address: 0x3734ee768
  Set: 29 Way: 1 Address: 0x2f5d8e768
  Set: 29 Way: 2 Address: 0x143ef740
  Set: 29 Way: 3 Address: 0x3dae66770
  Set: 29 Way: 4 Address: 0x84896764
  Set: 29 Way: 5 Address: 0x1ab44770
  Set: 30 Way: 0 Address: 0x848967a4
  Set: 30 Way: 1 Address: 0x1ab447b0
  Set: 31 Way: 0 Address: 0x28b67e7f8
  Set: 31 Way: 1 Address: 0x397bb47f8
  Set: 31 Way: 2 Address: 0x848967e4
  Set: 31 Way: 3 Address: 0x1ab447f0
  Set: 32 Way: 0 Address: 0x84896824
  Set: 32 Way: 1 Address: 0x1ab44830
  Set: 33 Way: 0 Address: 0x1f919e858
  Set: 33 Way: 1 Address: 0x223eda858
  Set: 33 Way: 2 Address: 0x3c1074860
  Set: 33 Way: 3 Address: 0x84896864
  Set: 33 Way: 4 Address: 0x1ab4487c
  Set: 34 Way: 0 Address: 0x23755d884
  Set: 34 Way: 1 Address: 0x848968a8
  Set: 34 Way: 2 Address: 0x1ab448bc
  Set: 35 Way: 0 Address: 0x2929598d0
  Set: 35 Way: 1 Address: 0x23755d8f8
  Set: 35 Way: 2 Address: 0x848968e8
  Set: 35 Way: 3 Address: 0x1ab448fc
  Set: 36 Way: 0 Address: 0x292959918
  Set: 36 Way: 1 Address: 0x23755d934
  Set: 36 Way: 2 Address: 0x309887938
  Set: 36 Way: 3 Address: 0x84896928
  Set: 36 Way: 4 Address: 0x1ab4493c
  Set: 37 Way: 0 Address: 0x292959948
  Set: 37 Way: 1 Address: 0x23755d970
  Set: 37 Way: 2 Address: 0x309887960
  Set: 37 Way: 3 Address: 0x84896964
  Set: 37 Way: 4 Address: 0x1ab4497c
  Set: 38 Way: 0 Address: 0x23755d980
  Set: 38 Way: 1 Address: 0x3098879b8
  Set: 38 Way: 2 Address: 0x848969a8
  Set: 38 Way: 3 Address: 0x1ab449bc
  Set: 39 Way: 0 Address: 0x23755d9e8
  Set: 39 Way: 1 Address: 0x3098879d8
  Set: 39 Way: 2 Address: 0x848969e8
  Set: 39 Way: 3 Address: 0x1ab449fc
  Set: 40 Way: 0 Address: 0x23755da38
  Set: 40 Way: 1 Address: 0x309887a00
  Set: 40 Way: 2 Address: 0x84896a24
  Set: 40 Way: 3 Address: 0x1ab44a3c
  Set: 41 Way: 0 Address: 0x23755da60
  Set: 41 Way: 1 Address: 0x309887a40
  Set: 41 Way: 2 Address: 0x84896a64
  Set: 41 Way: 3 Address: 0x1ab44a7c
  Set: 42 Way: 0 Address: 0x23755da94
  Set: 42 Way: 1 Address: 0x309887a98
  Set: 42 Way: 2 Address: 0x84896aa8
  Set: 42 Way: 3 Address: 0x1ab44abc
  Set: 43 Way: 0 Address: 0x23755dad0
  Set: 43 Way: 1 Address: 0x309887ae8
  Set: 43 Way: 2 Address: 0x84896ae4
  Set: 43 Way: 3 Address: 0x1ab44afc
  Set: 44 Way: 0 Address: 0x23755db28
  Set: 44 Way: 1 Address: 0x84896b28
  Set: 44 Way: 2 Address: 0x1ab44b3c
  Set: 45 Way: 0 Address: 0x23755db44
  Set: 45 Way: 1 Address: 0x84896b68
  Set: 45 Way: 2 Address: 0x1ab44b7c
  Set: 46 Way: 0 Address: 0xf6e81b94
  Set: 46 Way: 1 Address: 0x23755db80
  Set: 46 Way: 2 Address: 0x84896ba4
  Set: 46 Way: 3 Address: 0x1ab44bb0
  Set: 47 Way: 0 Address: 0x23755dbf8
  Set: 47 Way: 1 Address: 0x84896be4
  Set: 47 Way: 2 Address: 0x1ab44bf0
  Set: 48 Way: 0 Address: 0x23755dc00
  Set: 48 Way: 1 Address: 0x309887c20
  Set: 48 Way: 2 Address: 0x84896c28
  Set: 48 Way: 3 Address: 0x1ab44c30
  Set: 49 Way: 0 Address: 0xb8004c50
  Set: 49 Way: 1 Address: 0x23755dc40
  Set: 49 Way: 2 Address: 0x84896c64
  Set: 49 Way: 3 Address: 0x1ab44c78
  Set: 50 Way: 0 Address: 0x23755dc88
  Set: 50 Way: 1 Address: 0x84896ca4
  Set: 50 Way: 2 Address: 0x1ab44cb0
  Set: 51 Way: 0 Address: 0x309887cd0
  Set: 51 Way: 1 Address: 0x23755dcc8
  Set: 51 Way: 2 Address: 0x84896ce4
  Set: 51 Way: 3 Address: 0x1ab44cf0
  Set: 52 Way: 0 Address: 0x23755dd28
  Set: 52 Way: 1 Address: 0x84896d28
  Set: 52 Way: 2 Address: 0x1ab44d3c
  Set: 53 Way: 0 Address: 0x309887d60
  Set: 53 Way: 1 Address: 0x23755dd68
  Set: 53 Way: 2 Address: 0x84896d64
  Set: 53 Way: 3 Address: 0x1ab44d70
  Set: 54 Way: 0 Address: 0x23755ddb8
  Set: 54 Way: 1 Address: 0x84896da4
  Set: 54 Way: 2 Address: 0x1ab44db0
  Set: 55 Way: 0 Address: 0x309887df0
  Set: 55 Way: 1 Address: 0x16390fdd0
  Set: 55 Way: 2 Address: 0x1995f2dd0
  Set: 55 Way: 3 Address: 0x23755ddd8
  Set: 55 Way: 4 Address: 0x84896de8
  Set: 55 Way: 5 Address: 0x1ab44df0
  Set: 56 Way: 0 Address: 0x309887e00
  Set: 56 Way: 1 Address: 0x23755de08
  Set: 56 Way: 2 Address: 0x84896e24
  Set: 56 Way: 3 Address: 0x1ab44e30
  Set: 57 Way: 0 Address: 0x309887e50
  Set: 57 Way: 1 Address: 0x84896e64
  Set: 57 Way: 2 Address: 0x1ab44e70
  Set: 58 Way: 0 Address: 0x309887ea8
  Set: 58 Way: 1 Address: 0x84896ea4
  Set: 58 Way: 2 Address: 0x1ab44eb0
  Set: 59 Way: 0 Address: 0x309887ec0
  Set: 59 Way: 1 Address: 0x84896ee4
  Set: 59 Way: 2 Address: 0x1ab44ef0
  Set: 60 Way: 0 Address: 0x309887f28
  Set: 60 Way: 1 Address: 0x84896f24
  Set: 60 Way: 2 Address: 0x1ab44f30
  Set: 61 Way: 0 Address: 0x309887f70
  Set: 61 Way: 1 Address: 0x84896f68
  Set: 61 Way: 2 Address: 0x1ab44f70
  Set: 62 Way: 0 Address: 0xc7078f90
  Set: 62 Way: 1 Address: 0x309887f90
  Set: 62 Way: 2 Address: 0x84896fa8
  Set: 62 Way: 3 Address: 0x1ab44fb0
  Set: 63 Way: 0 Address: 0x309887fd0
  Set: 63 Way: 1 Address: 0x84896fe8
  Set: 63 Way: 2 Address: 0x1ab44ff0
EndCache
Cache: cpu0_ITLB
  Set: 9 Way: 0 Address: 0x409ff1
  Set: 10 Way: 0 Address: 0x40a040
EndCache
Cache: cpu0_DTLB
  Set: 0 Way: 0 Address: 0x21820ff0
  Set: 1 Way: 0 Address: 0x21821450
  Set: 2 Way: 0 Address: 0x21822468
  Set: 3 Way: 0 Address: 0x2293df0
  Set: 4 Way: 0 Address: 0x2294140
  Set: 6 Way: 0 Address: 0x21696410
  Set: 9 Way: 0 Address: 0x21629b94
  Set: 10 Way: 0 Address: 0x238add0
  Set: 10 Way: 1 Address: 0x7ffc81bbaad0
  Set: 11 Way: 0 Address: 0x2163b528
  Set: 13 Way: 0 Address: 0x216ad948
  Set: 13 Way: 1 Address: 0x22ed740
  Set: 14 Way: 0 Address: 0x22ee138
EndCache
Cache: LLC
  Set: 90 Way: 0 Address: 0x2a48416a5
  Set: 91 Way: 0 Address: 0x2a48416c0
  Set: 110 Way: 0 Address: 0xf6e81b94
  Set: 111 Way: 0 Address: 0xf6e81bc0
  Set: 127 Way: 0 Address: 0x2a4841fd0
  Set: 128 Way: 0 Address: 0x2a4842000
  Set: 128 Way: 1 Address: 0x6d0c2030
  Set: 129 Way: 0 Address: 0x6d0c2048
  Set: 130 Way: 0 Address: 0x6d0c2080
  Set: 131 Way: 0 Address: 0x6d0c20c0
  Set: 132 Way: 0 Address: 0x6d0c2128
  Set: 133 Way: 0 Address: 0x6d0c2140
  Set: 134 Way: 0 Address: 0x6d0c2180
  Set: 138 Way: 0 Address: 0x6d0c22a0
  Set: 139 Way: 0 Address: 0x6d0c22d0
  Set: 140 Way: 0 Address: 0x6d0c2300
  Set: 141 Way: 0 Address: 0x6d0c2378
  Set: 142 Way: 0 Address: 0x6d0c23b0
  Set: 143 Way: 0 Address: 0x6d0c23d8
  Set: 144 Way: 0 Address: 0x6d0c2438
  Set: 145 Way: 0 Address: 0x6d0c2448
  Set: 146 Way: 0 Address: 0x6d0c2480
  Set: 273 Way: 0 Address: 0x1ab4447c
  Set: 274 Way: 0 Address: 0x1ab444bc
  Set: 275 Way: 0 Address: 0x1ab444fc
  Set: 276 Way: 0 Address: 0x1ab4453c
  Set: 277 Way: 0 Address: 0x1ab4457c
  Set: 278 Way: 0 Address: 0x1ab445bc
  Set: 279 Way: 0 Address: 0x1ab445fc
  Set: 280 Way: 0 Address: 0x1ab4463c
  Set: 281 Way: 0 Address: 0x1ab4467c
  Set: 282 Way: 0 Address: 0x1ab446bc
  Set: 283 Way: 0 Address: 0x1ab446fc
  Set: 284 Way: 0 Address: 0x1ab4473c
  Set: 285 Way: 0 Address: 0x1ab4477c
  Set: 286 Way: 0 Address: 0x1ab447bc
  Set: 287 Way: 0 Address: 0x1ab447fc
  Set: 288 Way: 0 Address: 0x1ab4483c
  Set: 289 Way: 0 Address: 0x1ab4487c
  Set: 290 Way: 0 Address: 0x1ab448bc
  Set: 291 Way: 0 Address: 0x1ab448fc
  Set: 292 Way: 0 Address: 0x1ab4493c
  Set: 293 Way: 0 Address: 0x1ab4497c
  Set: 294 Way: 0 Address: 0x1ab449bc
  Set: 295 Way: 0 Address: 0x1ab449fc
  Set: 296 Way: 0 Address: 0x1ab44a3c
  Set: 297 Way: 0 Address: 0x1ab44a7c
  Set: 298 Way: 0 Address: 0x1ab44abc
  Set: 299 Way: 0 Address: 0x1ab44afc
  Set: 300 Way: 0 Address: 0x1ab44b3c
  Set: 301 Way: 0 Address: 0x1ab44b7c
  Set: 302 Way: 0 Address: 0x1ab44bbc
  Set: 303 Way: 0 Address: 0x1ab44bfc
  Set: 304 Way: 0 Address: 0x1ab44c3c
  Set: 305 Way: 0 Address: 0xb8004c50
  Set: 305 Way: 1 Address: 0x1ab44c7c
  Set: 306 Way: 0 Address: 0x1ab44cbc
  Set: 307 Way: 0 Address: 0x1ab44cfc
  Set: 308 Way: 0 Address: 0x1ab44d3c
  Set: 309 Way: 0 Address: 0x1ab44d7c
  Set: 310 Way: 0 Address: 0x1ab44dbc
  Set: 311 Way: 0 Address: 0x1ab44dfc
  Set: 312 Way: 0 Address: 0x1ab44e3c
  Set: 313 Way: 0 Address: 0x1ab44e7c
  Set: 314 Way: 0 Address: 0x1ab44ebc
  Set: 315 Way: 0 Address: 0x1ab44efc
  Set: 316 Way: 0 Address: 0x1ab44f3c
  Set: 317 Way: 0 Address: 0x1ab44f7c
  Set: 318 Way: 0 Address: 0x1ab44fbc
  Set: 319 Way: 0 Address: 0x1ab44ffc
  Set: 320 Way: 0 Address: 0x1ab45000
  Set: 413 Way: 0 Address: 0x3dae66770
  Set: 484 Way: 0 Address: 0x309887928
  Set: 485 Way: 0 Address: 0x309887960
  Set: 486 Way: 0 Address: 0x3098879b8
  Set: 487 Way: 0 Address: 0x3098879d8
  Set: 488 Way: 0 Address: 0x309887a00
  Set: 489 Way: 0 Address: 0x309887a40
  Set: 490 Way: 0 Address: 0x309887a98
  Set: 491 Way: 0 Address: 0x309887ae8
  Set: 492 Way: 0 Address: 0x309887b00
  Set: 496 Way: 0 Address: 0x309887c18
  Set: 497 Way: 0 Address: 0x309887c40
  Set: 499 Way: 0 Address: 0x309887cd0
  Set: 500 Way: 0 Address: 0x309887d00
  Set: 501 Way: 0 Address: 0x309887d60
  Set: 502 Way: 0 Address: 0x309887d80
  Set: 503 Way: 0 Address: 0x309887df0
  Set: 504 Way: 0 Address: 0x309887e00
  Set: 505 Way: 0 Address: 0x309887e50
  Set: 506 Way: 0 Address: 0x309887e80
  Set: 507 Way: 0 Address: 0x309887ec0
  Set: 508 Way: 0 Address: 0x309887f00
  Set: 509 Way: 0 Address: 0x309887f70
  Set: 510 Way: 0 Address: 0x309887f90
  Set: 511 Way: 0 Address: 0x309887fc0
  Set: 512 Way: 0 Address: 0x309888000
  Set: 583 Way: 0 Address: 0x2ee3691d8
  Set: 594 Way: 0 Address: 0x2ee3694b0
  Set: 836 Way: 0 Address: 0x5588d100
  Set: 914 Way: 0 Address: 0x3734ee4a0
  Set: 925 Way: 0 Address: 0x3734ee768
  Set: 925 Way: 1 Address: 0x2f5d8e768
  Set: 976 Way: 0 Address: 0xee86f410
  Set: 977 Way: 0 Address: 0xee86f440
  Set: 988 Way: 0 Address: 0x143ef730
  Set: 989 Way: 0 Address: 0x143ef740
  Set: 990 Way: 0 Address: 0x143ef780
  Set: 1015 Way: 0 Address: 0x16390fdd0
  Set: 1016 Way: 0 Address: 0x16390fe00
  Set: 1152 Way: 0 Address: 0x9cff2001
  Set: 1153 Way: 0 Address: 0x9cff2040
  Set: 1154 Way: 0 Address: 0x9cff208a
  Set: 1155 Way: 0 Address: 0x9cff20c3
  Set: 1156 Way: 0 Address: 0x9cff2100
  Set: 1157 Way: 0 Address: 0x9cff2140
  Set: 1158 Way: 0 Address: 0x9cff2180
  Set: 1159 Way: 0 Address: 0x9cff21d0
  Set: 1160 Way: 0 Address: 0x9cff2219
  Set: 1161 Way: 0 Address: 0x9cff2240
  Set: 1162 Way: 0 Address: 0x9cff2280
  Set: 1163 Way: 0 Address: 0x9cff22c0
  Set: 1164 Way: 0 Address: 0x9cff2300
  Set: 1165 Way: 0 Address: 0x9cff2340
  Set: 1166 Way: 0 Address: 0x9cff2380
  Set: 1207 Way: 0 Address: 0x1995f2dd0
  Set: 1218 Way: 0 Address: 0x3c56b3088
  Set: 1236 Way: 0 Address: 0x2b2e93528
  Set: 1237 Way: 0 Address: 0x2b2e93540
  Set: 1281 Way: 0 Address: 0x3de4d4048
  Set: 1285 Way: 0 Address: 0x129934148
  Set: 1298 Way: 0 Address: 0x1299344b0
  Set: 1311 Way: 0 Address: 0x397bb47f8
  Set: 1313 Way: 0 Address: 0x3c1074860
  Set: 1344 Way: 0 Address: 0x195f15000
  Set: 1348 Way: 0 Address: 0x354d35138
  Set: 1349 Way: 0 Address: 0x354d35140
  Set: 1350 Way: 0 Address: 0x354d35180
  Set: 1408 Way: 0 Address: 0x211d1603c
  Set: 1408 Way: 1 Address: 0x8489603c
  Set: 1409 Way: 0 Address: 0x211d1607c
  Set: 1409 Way: 1 Address: 0x8489607c
  Set: 1410 Way: 0 Address: 0x211d160bc
  Set: 1410 Way: 1 Address: 0x848960bc
  Set: 1411 Way: 0 Address: 0x211d160fc
  Set: 1411 Way: 1 Address: 0x848960fc
  Set: 1412 Way: 0 Address: 0x211d1613c
  Set: 1412 Way: 1 Address: 0x8489613c
  Set: 1413 Way: 0 Address: 0x211d1617c
  Set: 1413 Way: 1 Address: 0x8489617c
  Set: 1414 Way: 0 Address: 0x211d161bc
  Set: 1414 Way: 1 Address: 0x848961bc
  Set: 1415 Way: 0 Address: 0x211d161fc
  Set: 1415 Way: 1 Address: 0x848961fc
  Set: 1416 Way: 0 Address: 0x211d1623c
  Set: 1416 Way: 1 Address: 0x8489623c
  Set: 1417 Way: 0 Address: 0x211d1627c
  Set: 1417 Way: 1 Address: 0x8489627c
  Set: 1418 Way: 0 Address: 0x211d162bc
  Set: 1418 Way: 1 Address: 0x848962bc
  Set: 1419 Way: 0 Address: 0x211d162fc
  Set: 1419 Way: 1 Address: 0x848962fc
  Set: 1420 Way: 0 Address: 0x211d1633c
  Set: 1420 Way: 1 Address: 0x8489633c
  Set: 1421 Way: 0 Address: 0x211d1637c
  Set: 1421 Way: 1 Address: 0x8489637c
  Set: 1422 Way: 0 Address: 0x211d163bc
  Set: 1422 Way: 1 Address: 0x848963bc
  Set: 1423 Way: 0 Address: 0x211d163fc
  Set: 1423 Way: 1 Address: 0x848963fc
  Set: 1424 Way: 0 Address: 0x8489643c
  Set: 1424 Way: 1 Address: 0x211d1643c
  Set: 1425 Way: 0 Address: 0x84896450
  Set: 1425 Way: 1 Address: 0x211d16464
  Set: 1426 Way: 0 Address: 0x43736498
  Set: 1426 Way: 1 Address: 0x84896480
  Set: 1426 Way: 2 Address: 0x211d16480
  Set: 1427 Way: 0 Address: 0x848964fc
  Set: 1428 Way: 0 Address: 0x8489653c
  Set: 1429 Way: 0 Address: 0x8489657c
  Set: 1430 Way: 0 Address: 0x848965bc
  Set: 1431 Way: 0 Address: 0x848965fc
  Set: 1432 Way: 0 Address: 0x8489663c
  Set: 1433 Way: 0 Address: 0x8489667c
  Set: 1434 Way: 0 Address: 0x848966bc
  Set: 1435 Way: 0 Address: 0x848966fc
  Set: 1436 Way: 0 Address: 0x8489673c
  Set: 1437 Way: 0 Address: 0x8489677c
  Set: 1438 Way: 0 Address: 0x848967bc
  Set: 1439 Way: 0 Address: 0x848967fc
  Set: 1440 Way: 0 Address: 0x8489683c
  Set: 1441 Way: 0 Address: 0x8489687c
  Set: 1442 Way: 0 Address: 0x848968bc
  Set: 1443 Way: 0 Address: 0x848968fc
  Set: 1444 Way: 0 Address: 0x8489693c
  Set: 1445 Way: 0 Address: 0x8489697c
  Set: 1446 Way: 0 Address: 0x848969bc
  Set: 1447 Way: 0 Address: 0x848969fc
  Set: 1448 Way: 0 Address: 0x84896a3c
  Set: 1449 Way: 0 Address: 0x84896a7c
  Set: 1450 Way: 0 Address: 0x84896abc
  Set: 1451 Way: 0 Address: 0x84896afc
  Set: 1452 Way: 0 Address: 0x84896b3c
  Set: 1453 Way: 0 Address: 0x84896b7c
  Set: 1454 Way: 0 Address: 0x84896bbc
  Set: 1455 Way: 0 Address: 0x84896bfc
  Set: 1456 Way: 0 Address: 0x84896c3c
  Set: 1457 Way: 0 Address: 0x84896c7c
  Set: 1458 Way: 0 Address: 0x84896cbc
  Set: 1459 Way: 0 Address: 0x84896cfc
  Set: 1460 Way: 0 Address: 0x84896d3c
  Set: 1461 Way: 0 Address: 0x84896d7c
  Set: 1462 Way: 0 Address: 0x84896dbc
  Set: 1463 Way: 0 Address: 0x84896dfc
  Set: 1464 Way: 0 Address: 0x84896e3c
  Set: 1465 Way: 0 Address: 0x84896e7c
  Set: 1466 Way: 0 Address: 0x84896ebc
  Set: 1467 Way: 0 Address: 0x84896efc
  Set: 1468 Way: 0 Address: 0x84896f3c
  Set: 1469 Way: 0 Address: 0x84896f7c
  Set: 1470 Way: 0 Address: 0x84896fbc
  Set: 1471 Way: 0 Address: 0x84896ffc
  Set: 1472 Way: 0 Address: 0x84897000
  Set: 1476 Way: 0 Address: 0x276ff7108
  Set: 1557 Way: 0 Address: 0x1aafb8568
  Set: 1598 Way: 0 Address: 0xc7078f90
  Set: 1600 Way: 0 Address: 0x292959030
  Set: 1601 Way: 0 Address: 0x292959058
  Set: 1602 Way: 0 Address: 0x292959080
  Set: 1603 Way: 0 Address: 0x2929590c0
  Set: 1604 Way: 0 Address: 0x292959130
  Set: 1605 Way: 0 Address: 0x292959140
  Set: 1606 Way: 0 Address: 0x292959190
  Set: 1607 Way: 0 Address: 0x2929591d8
  Set: 1608 Way: 0 Address: 0x292959200
  Set: 1609 Way: 0 Address: 0x292959270
  Set: 1610 Way: 0 Address: 0x292959280
  Set: 1611 Way: 0 Address: 0x2929592c0
  Set: 1612 Way: 0 Address: 0x292959328
  Set: 1613 Way: 0 Address: 0x292959340
  Set: 1614 Way: 0 Address: 0x292959380
  Set: 1615 Way: 0 Address: 0x2929593e8
  Set: 1616 Way: 0 Address: 0x292959400
  Set: 1617 Way: 0 Address: 0x292959448
  Set: 1618 Way: 0 Address: 0x292959490
  Set: 1619 Way: 0 Address: 0x2929594c0
  Set: 1620 Way: 0 Address: 0x292959538
  Set: 1621 Way: 0 Address: 0x292959540
  Set: 1622 Way: 0 Address: 0x292959598
  Set: 1623 Way: 0 Address: 0x2929595d0
  Set: 1624 Way: 0 Address: 0x292959600
  Set: 1635 Way: 0 Address: 0x2929598d0
  Set: 1636 Way: 0 Address: 0x292959928
  Set: 1637 Way: 0 Address: 0x292959958
  Set: 1638 Way: 0 Address: 0x292959980
  Set: 1665 Way: 0 Address: 0x1d89da050
  Set: 1697 Way: 0 Address: 0x223eda858
  Set: 1792 Way: 0 Address: 0xdf85c000
  Set: 1793 Way: 0 Address: 0x12c6fc068
  Set: 1799 Way: 0 Address: 0x38e35c1d8
  Set: 1860 Way: 0 Address: 0x1add110
  Set: 1890 Way: 0 Address: 0x23755d898
  Set: 1891 Way: 0 Address: 0x23755d8f8
  Set: 1892 Way: 0 Address: 0x23755d938
  Set: 1893 Way: 0 Address: 0x23755d948
  Set: 1894 Way: 0 Address: 0x23755d9b8
  Set: 1895 Way: 0 Address: 0x23755d9f8
  Set: 1896 Way: 0 Address: 0x23755da38
  Set: 1897 Way: 0 Address: 0x23755da78
  Set: 1898 Way: 0 Address: 0x23755da98
  Set: 1899 Way: 0 Address: 0x23755dad0
  Set: 1900 Way: 0 Address: 0x23755db28
  Set: 1901 Way: 0 Address: 0x23755db40
  Set: 1902 Way: 0 Address: 0x23755db80
  Set: 1903 Way: 0 Address: 0x23755dbc0
  Set: 1904 Way: 0 Address: 0x23755dc28
  Set: 1905 Way: 0 Address: 0x23755dc40
  Set: 1906 Way: 0 Address: 0x23755dc80
  Set: 1907 Way: 0 Address: 0x23755dcc0
  Set: 1908 Way: 0 Address: 0x23755dd00
  Set: 1909 Way: 0 Address: 0x23755dd40
  Set: 1910 Way: 0 Address: 0x23755dd90
  Set: 1911 Way: 0 Address: 0x23755ddc0
  Set: 1912 Way: 0 Address: 0x23755de00
  Set: 1913 Way: 0 Address: 0x23755de40
  Set: 1920 Way: 0 Address: 0x28b67e000
  Set: 1920 Way: 1 Address: 0x1f919e010
  Set: 1922 Way: 0 Address: 0x1f919e088
  Set: 1951 Way: 0 Address: 0x28b67e7f8
  Set: 1953 Way: 0 Address: 0x1f919e858
EndCache
