Cache: cpu0_STLB
  Set: 2 Way: 0 Address: 0x20702670
  Set: 9 Way: 0 Address: 0x4096b5
  Set: 10 Way: 0 Address: 0x40a328
  Set: 19 Way: 0 Address: 0x413f10
  Set: 31 Way: 0 Address: 0x289f314
  Set: 32 Way: 0 Address: 0x21820b04
  Set: 33 Way: 0 Address: 0x218211d0
  Set: 42 Way: 0 Address: 0x7aac40
  Set: 44 Way: 0 Address: 0x7ac344
  Set: 44 Way: 1 Address: 0x152acd88
  Set: 45 Way: 0 Address: 0x152ad000
  Set: 46 Way: 0 Address: 0x152ae000
  Set: 47 Way: 0 Address: 0x152af368
  Set: 58 Way: 0 Address: 0x7ffc81bbade8
  Set: 67 Way: 0 Address: 0x2943798
  Set: 75 Way: 0 Address: 0x74b860
  Set: 76 Way: 0 Address: 0x74c158
  Set: 77 Way: 0 Address: 0x144d870
  Set: 91 Way: 0 Address: 0x28dbd04
  Set: 92 Way: 0 Address: 0x2185cf84
  Set: 93 Way: 0 Address: 0x2185d0dc
  Set: 112 Way: 0 Address: 0x470a50
  Set: 113 Way: 0 Address: 0x4710e0
  Set: 114 Way: 0 Address: 0x472ba0
EndCache
Cache: cpu0_L2C
  Set: 19 Way: 0 Address: 0x2177f04f8
  Set: 21 Way: 0 Address: 0x6e620578
  Set: 32 Way: 0 Address: 0x14bb10818
  Set: 65 Way: 0 Address: 0x113201050
  Set: 81 Way: 0 Address: 0x2a4841440
  Set: 82 Way: 0 Address: 0x2a4841480
  Set: 83 Way: 0 Address: 0x2a48414c0
  Set: 83 Way: 1 Address: 0xf6e814f8
  Set: 84 Way: 0 Address: 0x2a484150c
  Set: 85 Way: 0 Address: 0x2a4841540
  Set: 86 Way: 0 Address: 0x2a4841580
  Set: 87 Way: 0 Address: 0x2a48415e4
  Set: 88 Way: 0 Address: 0x2a4841600
  Set: 89 Way: 0 Address: 0x2a484165c
  Set: 90 Way: 0 Address: 0x2a48416b4
  Set: 91 Way: 0 Address: 0x2a48416c4
  Set: 91 Way: 1 Address: 0xf6e816d8
  Set: 92 Way: 0 Address: 0x2a4841700
  Set: 93 Way: 0 Address: 0x2a4841740
  Set: 94 Way: 0 Address: 0x2a4841794
  Set: 95 Way: 0 Address: 0x2a48417c0
  Set: 96 Way: 0 Address: 0x2a4841804
  Set: 97 Way: 0 Address: 0x2a4841840
  Set: 98 Way: 0 Address: 0x2a4841884
  Set: 99 Way: 0 Address: 0x2a48418f4
  Set: 100 Way: 0 Address: 0x2a484192c
  Set: 101 Way: 0 Address: 0x2a4841954
  Set: 102 Way: 0 Address: 0x2a4841980
  Set: 103 Way: 0 Address: 0x2a48419e4
  Set: 104 Way: 0 Address: 0x2a4841a00
  Set: 104 Way: 1 Address: 0xf6e81a18
  Set: 105 Way: 0 Address: 0x2a4841a40
  Set: 106 Way: 0 Address: 0x2a4841aac
  Set: 107 Way: 0 Address: 0x2a4841af4
  Set: 108 Way: 0 Address: 0x2a4841b04
  Set: 109 Way: 0 Address: 0x2a4841b4c
  Set: 110 Way: 0 Address: 0x2a4841bbc
  Set: 111 Way: 0 Address: 0x2a4841bcc
  Set: 112 Way: 0 Address: 0x2a4841c00
  Set: 113 Way: 0 Address: 0x2a4841c40
  Set: 114 Way: 0 Address: 0x2a4841c8c
  Set: 115 Way: 0 Address: 0x2a4841cd4
  Set: 116 Way: 0 Address: 0x2a4841d00
  Set: 117 Way: 0 Address: 0x2a4841d40
  Set: 118 Way: 0 Address: 0x2a4841db4
  Set: 119 Way: 0 Address: 0x2a4841dc0
  Set: 120 Way: 0 Address: 0x2a4841e1c
  Set: 121 Way: 0 Address: 0x2a4841e74
  Set: 122 Way: 0 Address: 0x2a4841e80
  Set: 123 Way: 0 Address: 0x2a4841ecc
  Set: 124 Way: 0 Address: 0x2a4841f00
  Set: 125 Way: 0 Address: 0x2a4841f5c
  Set: 126 Way: 0 Address: 0x2a4841f94
  Set: 127 Way: 0 Address: 0x2a4841fc0
  Set: 128 Way: 0 Address: 0x2a4842000
  Set: 128 Way: 1 Address: 0x1064c2000
  Set: 129 Way: 0 Address: 0x1064c2040
  Set: 130 Way: 0 Address: 0x1064c2080
  Set: 131 Way: 0 Address: 0x1064c20c0
  Set: 132 Way: 0 Address: 0x9cff2108
  Set: 132 Way: 1 Address: 0x1064c2100
  Set: 133 Way: 0 Address: 0x1064c2140
  Set: 134 Way: 0 Address: 0x1064c2180
  Set: 135 Way: 0 Address: 0x1064c21c0
  Set: 136 Way: 0 Address: 0x1064c2200
  Set: 137 Way: 0 Address: 0x1064c2240
  Set: 138 Way: 0 Address: 0x1064c2280
  Set: 139 Way: 0 Address: 0x9cff22e0
  Set: 139 Way: 1 Address: 0x1064c22c0
  Set: 140 Way: 0 Address: 0x1064c2300
  Set: 141 Way: 0 Address: 0x1064c2340
  Set: 142 Way: 0 Address: 0x133c92388
  Set: 142 Way: 1 Address: 0x1064c2380
  Set: 143 Way: 0 Address: 0x1064c23c0
  Set: 144 Way: 0 Address: 0x1064c2400
  Set: 145 Way: 0 Address: 0x1064c2440
  Set: 146 Way: 0 Address: 0x1064c2480
  Set: 147 Way: 0 Address: 0x1064c24c0
  Set: 148 Way: 0 Address: 0x1064c2500
  Set: 149 Way: 0 Address: 0x1064c2540
  Set: 150 Way: 0 Address: 0x1064c2580
  Set: 151 Way: 0 Address: 0x1064c25c0
  Set: 152 Way: 0 Address: 0x1064c2600
  Set: 153 Way: 0 Address: 0x1064c2640
  Set: 154 Way: 0 Address: 0x1064c2680
  Set: 155 Way: 0 Address: 0x1064c26c0
  Set: 174 Way: 0 Address: 0x1995f2ba0
  Set: 175 Way: 0 Address: 0x1995f2bc0
  Set: 176 Way: 0 Address: 0x1995f2c00
  Set: 177 Way: 0 Address: 0x1995f2c42
  Set: 178 Way: 0 Address: 0x1995f2c80
  Set: 183 Way: 0 Address: 0x1c84e2dd0
  Set: 188 Way: 0 Address: 0x6d0c2f10
  Set: 189 Way: 0 Address: 0x6d0c2f40
  Set: 194 Way: 0 Address: 0x263c130a0
  Set: 217 Way: 0 Address: 0x3232f3670
  Set: 223 Way: 0 Address: 0x3c56b37f8
  Set: 225 Way: 0 Address: 0x263c13860
  Set: 233 Way: 0 Address: 0x2b2e93a60
  Set: 245 Way: 0 Address: 0x2b2e93d50
  Set: 256 Way: 0 Address: 0x1ab44008
  Set: 257 Way: 0 Address: 0x1ab44040
  Set: 260 Way: 0 Address: 0x3de4d4100
  Set: 260 Way: 1 Address: 0x1ab44118
  Set: 261 Way: 0 Address: 0x1ab44158
  Set: 262 Way: 0 Address: 0x1ab44180
  Set: 267 Way: 0 Address: 0xb80042e8
  Set: 269 Way: 0 Address: 0x3c1074344
  Set: 270 Way: 0 Address: 0x3c1074380
  Set: 282 Way: 0 Address: 0x1299346b5
  Set: 283 Way: 0 Address: 0x1299346c0
  Set: 284 Way: 0 Address: 0x129934700
  Set: 285 Way: 0 Address: 0x129934741
  Set: 286 Way: 0 Address: 0x129934780
  Set: 287 Way: 0 Address: 0x1299347c0
  Set: 318 Way: 0 Address: 0x397bb4f90
  Set: 320 Way: 0 Address: 0x195f15010
  Set: 353 Way: 0 Address: 0x195f15860
  Set: 361 Way: 0 Address: 0x354d35a50
  Set: 362 Way: 0 Address: 0x354d35a82
  Set: 363 Way: 0 Address: 0x354d35ac0
  Set: 364 Way: 0 Address: 0x354d35b09
  Set: 365 Way: 0 Address: 0x354d35b40
  Set: 366 Way: 0 Address: 0x354d35b88
  Set: 367 Way: 0 Address: 0x354d35bc6
  Set: 368 Way: 0 Address: 0x354d35c01
  Set: 369 Way: 0 Address: 0x354d35c46
  Set: 370 Way: 0 Address: 0x354d35c80
  Set: 371 Way: 0 Address: 0x354d35cc6
  Set: 372 Way: 0 Address: 0x354d35d00
  Set: 372 Way: 1 Address: 0x1b0f15d04
  Set: 373 Way: 0 Address: 0x354d35d60
  Set: 374 Way: 0 Address: 0x354d35d80
  Set: 375 Way: 0 Address: 0x354d35dc0
  Set: 376 Way: 0 Address: 0x354d35e08
  Set: 377 Way: 0 Address: 0x354d35e40
  Set: 379 Way: 0 Address: 0x354d35ed8
  Set: 380 Way: 0 Address: 0x354d35f00
  Set: 381 Way: 0 Address: 0x354d35f40
  Set: 382 Way: 0 Address: 0x354d35f80
  Set: 395 Way: 0 Address: 0x437362e0
  Set: 405 Way: 0 Address: 0x84896560
  Set: 417 Way: 0 Address: 0x3dae66870
  Set: 418 Way: 0 Address: 0x3dae66880
  Set: 438 Way: 0 Address: 0x211d16d88
  Set: 439 Way: 0 Address: 0x211d16dc0
  Set: 440 Way: 0 Address: 0x211d16e00
  Set: 441 Way: 0 Address: 0x211d16e40
  Set: 442 Way: 0 Address: 0x211d16e80
  Set: 443 Way: 0 Address: 0x211d16ec0
  Set: 444 Way: 0 Address: 0x211d16f00
  Set: 445 Way: 0 Address: 0x211d16f44
  Set: 446 Way: 0 Address: 0x211d16f80
  Set: 447 Way: 0 Address: 0x211d16fc0
  Set: 478 Way: 0 Address: 0x309887798
  Set: 479 Way: 0 Address: 0x3098877c0
  Set: 480 Way: 0 Address: 0xbeea7810
  Set: 496 Way: 0 Address: 0x276ff7c30
  Set: 497 Way: 0 Address: 0x276ff7c40
  Set: 498 Way: 0 Address: 0x276ff7c80
  Set: 512 Way: 0 Address: 0xc707803c
  Set: 512 Way: 1 Address: 0x2c9898000
  Set: 513 Way: 0 Address: 0x1aafb8048
  Set: 513 Way: 1 Address: 0xc707807c
  Set: 513 Way: 2 Address: 0x2c9898040
  Set: 514 Way: 0 Address: 0xc70780bc
  Set: 514 Way: 1 Address: 0x1aafb8098
  Set: 514 Way: 2 Address: 0x2c9898080
  Set: 515 Way: 0 Address: 0xc70780dc
  Set: 515 Way: 1 Address: 0x2c98980c0
  Set: 516 Way: 0 Address: 0xc7078100
  Set: 516 Way: 1 Address: 0x2c9898100
  Set: 517 Way: 0 Address: 0x2c9898140
  Set: 518 Way: 0 Address: 0x2c9898180
  Set: 519 Way: 0 Address: 0x2c98981c0
  Set: 520 Way: 0 Address: 0x2c9898200
  Set: 521 Way: 0 Address: 0x2c9898240
  Set: 522 Way: 0 Address: 0x2c9898280
  Set: 523 Way: 0 Address: 0x2c98982c0
  Set: 524 Way: 0 Address: 0x3bdd78314
  Set: 524 Way: 1 Address: 0x2c9898300
  Set: 525 Way: 0 Address: 0x2c9898340
  Set: 526 Way: 0 Address: 0x2c9898380
  Set: 527 Way: 0 Address: 0x2c98983c0
  Set: 528 Way: 0 Address: 0x2c9898400
  Set: 529 Way: 0 Address: 0x2c9898440
  Set: 530 Way: 0 Address: 0x2c9898480
  Set: 531 Way: 0 Address: 0x2c98984c0
  Set: 532 Way: 0 Address: 0x2c9898500
  Set: 533 Way: 0 Address: 0x2c9898540
  Set: 534 Way: 0 Address: 0x2c9898580
  Set: 535 Way: 0 Address: 0x2c98985c0
  Set: 536 Way: 0 Address: 0x2c9898600
  Set: 537 Way: 0 Address: 0x2c9898640
  Set: 538 Way: 0 Address: 0x2c9898680
  Set: 539 Way: 0 Address: 0x2c98986c0
  Set: 540 Way: 0 Address: 0x2c9898700
  Set: 541 Way: 0 Address: 0x2c9898740
  Set: 542 Way: 0 Address: 0x2c9898780
  Set: 543 Way: 0 Address: 0x2c98987c0
  Set: 544 Way: 0 Address: 0x2c9898800
  Set: 545 Way: 0 Address: 0x2c9898840
  Set: 546 Way: 0 Address: 0x2c9898880
  Set: 547 Way: 0 Address: 0x2c98988c0
  Set: 548 Way: 0 Address: 0x2c9898900
  Set: 549 Way: 0 Address: 0x2c9898940
  Set: 550 Way: 0 Address: 0x2c9898980
  Set: 551 Way: 0 Address: 0x2c98989c0
  Set: 552 Way: 0 Address: 0x2c9898a00
  Set: 553 Way: 0 Address: 0x2c9898a40
  Set: 554 Way: 0 Address: 0x2c9898a80
  Set: 555 Way: 0 Address: 0x2c9898ac0
  Set: 556 Way: 0 Address: 0x2c9898b00
  Set: 557 Way: 0 Address: 0x2c9898b40
  Set: 558 Way: 0 Address: 0x2c9898b80
  Set: 559 Way: 0 Address: 0x2c9898bc0
  Set: 560 Way: 0 Address: 0x2c9898c00
  Set: 561 Way: 0 Address: 0x2c9898c40
  Set: 562 Way: 0 Address: 0x2c9898c80
  Set: 563 Way: 0 Address: 0x201598cf8
  Set: 563 Way: 1 Address: 0x2c9898cc0
  Set: 564 Way: 0 Address: 0x201598d00
  Set: 564 Way: 1 Address: 0x2c9898d00
  Set: 565 Way: 0 Address: 0x201598d40
  Set: 565 Way: 1 Address: 0x2c9898d40
  Set: 566 Way: 0 Address: 0x201598db8
  Set: 566 Way: 1 Address: 0x2c9898d80
  Set: 567 Way: 0 Address: 0x201598de8
  Set: 567 Way: 1 Address: 0x2c9898dc0
  Set: 568 Way: 0 Address: 0x201598e00
  Set: 568 Way: 1 Address: 0x2c9898e00
  Set: 569 Way: 0 Address: 0x201598e40
  Set: 569 Way: 1 Address: 0x2c9898e40
  Set: 570 Way: 0 Address: 0x201598e80
  Set: 570 Way: 1 Address: 0x2c9898e80
  Set: 571 Way: 0 Address: 0x201598ec8
  Set: 571 Way: 1 Address: 0x2c9898ec0
  Set: 572 Way: 0 Address: 0x201598f00
  Set: 572 Way: 1 Address: 0x2c9898f00
  Set: 573 Way: 0 Address: 0x2c9898f40
  Set: 574 Way: 0 Address: 0x2c9898f80
  Set: 575 Way: 0 Address: 0x2c9898fc0
  Set: 576 Way: 0 Address: 0x292959018
  Set: 577 Way: 0 Address: 0x292959050
  Set: 577 Way: 1 Address: 0x2ee369050
  Set: 578 Way: 0 Address: 0x2929590a0
  Set: 597 Way: 0 Address: 0x2ee369548
  Set: 640 Way: 0 Address: 0x229b9a000
  Set: 640 Way: 1 Address: 0x223eda01c
  Set: 641 Way: 0 Address: 0x223eda040
  Set: 642 Way: 0 Address: 0x223eda080
  Set: 643 Way: 0 Address: 0x223eda0dc
  Set: 644 Way: 0 Address: 0x223eda124
  Set: 645 Way: 0 Address: 0x223eda140
  Set: 646 Way: 0 Address: 0x223eda1ac
  Set: 647 Way: 0 Address: 0x223eda1d0
  Set: 648 Way: 0 Address: 0x223eda23c
  Set: 649 Way: 0 Address: 0x223eda27c
  Set: 650 Way: 0 Address: 0x223eda2bc
  Set: 651 Way: 0 Address: 0x223eda2fc
  Set: 652 Way: 0 Address: 0x223eda334
  Set: 653 Way: 0 Address: 0x223eda35c
  Set: 654 Way: 0 Address: 0x223eda380
  Set: 655 Way: 0 Address: 0x223eda3fc
  Set: 656 Way: 0 Address: 0x223eda43c
  Set: 657 Way: 0 Address: 0x223eda468
  Set: 658 Way: 0 Address: 0x223eda480
  Set: 659 Way: 0 Address: 0x223eda4c0
  Set: 660 Way: 0 Address: 0x223eda500
  Set: 661 Way: 0 Address: 0x223eda540
  Set: 662 Way: 0 Address: 0x223eda580
  Set: 663 Way: 0 Address: 0x223eda5c0
  Set: 664 Way: 0 Address: 0x223eda600
  Set: 665 Way: 0 Address: 0x223eda640
  Set: 666 Way: 0 Address: 0x223eda680
  Set: 667 Way: 0 Address: 0x223eda6c0
  Set: 668 Way: 0 Address: 0x223eda700
  Set: 669 Way: 0 Address: 0x223eda740
  Set: 670 Way: 0 Address: 0x223eda780
  Set: 671 Way: 0 Address: 0x223eda7c0
  Set: 672 Way: 0 Address: 0x223eda800
  Set: 673 Way: 0 Address: 0x223eda840
  Set: 674 Way: 0 Address: 0x223eda880
  Set: 675 Way: 0 Address: 0x223eda8c0
  Set: 676 Way: 0 Address: 0x223eda900
  Set: 677 Way: 0 Address: 0x223eda940
  Set: 678 Way: 0 Address: 0x223eda980
  Set: 679 Way: 0 Address: 0x223eda9c0
  Set: 680 Way: 0 Address: 0x223edaa00
  Set: 681 Way: 0 Address: 0x223edaa40
  Set: 682 Way: 0 Address: 0x223edaa94
  Set: 683 Way: 0 Address: 0x223edaac0
  Set: 684 Way: 0 Address: 0x223edab00
  Set: 685 Way: 0 Address: 0x223edab40
  Set: 686 Way: 0 Address: 0x223edab80
  Set: 687 Way: 0 Address: 0x223edabc0
  Set: 688 Way: 0 Address: 0x223edac00
  Set: 689 Way: 0 Address: 0x223edac40
  Set: 690 Way: 0 Address: 0x223edac80
  Set: 691 Way: 0 Address: 0x223edacc0
  Set: 692 Way: 0 Address: 0x223edad00
  Set: 693 Way: 0 Address: 0x223edad40
  Set: 694 Way: 0 Address: 0x223edad80
  Set: 695 Way: 0 Address: 0x223edadc0
  Set: 718 Way: 0 Address: 0x394edb380
  Set: 725 Way: 0 Address: 0x3b377b568
  Set: 725 Way: 1 Address: 0xc0d9b570
  Set: 768 Way: 0 Address: 0xdf85c000
  Set: 769 Way: 0 Address: 0x29484c068
  Set: 782 Way: 0 Address: 0x12c6fc390
  Set: 821 Way: 0 Address: 0x38e35cd60
  Set: 832 Way: 0 Address: 0x23755d018
  Set: 853 Way: 0 Address: 0x1add548
  Set: 864 Way: 0 Address: 0x1add818
  Set: 873 Way: 0 Address: 0x5588da60
  Set: 896 Way: 0 Address: 0x28b67e000
  Set: 897 Way: 0 Address: 0x1c084e07c
  Set: 898 Way: 0 Address: 0x1c084e080
  Set: 899 Way: 0 Address: 0x1c084e0e0
  Set: 900 Way: 0 Address: 0x1c084e100
  Set: 901 Way: 0 Address: 0x1c084e140
  Set: 904 Way: 0 Address: 0x1f919e230
  Set: 904 Way: 1 Address: 0x1c084e21c
  Set: 905 Way: 0 Address: 0x1f919e242
  Set: 905 Way: 1 Address: 0x1c084e241
  Set: 906 Way: 0 Address: 0x1f919e280
  Set: 906 Way: 1 Address: 0x1c084e280
  Set: 907 Way: 0 Address: 0x1f919e2d0
  Set: 907 Way: 1 Address: 0x1c084e2c0
  Set: 908 Way: 0 Address: 0x1f919e328
  Set: 908 Way: 1 Address: 0x1c084e300
  Set: 909 Way: 0 Address: 0x1f919e342
  Set: 909 Way: 1 Address: 0x1c084e340
  Set: 910 Way: 0 Address: 0x1f919e380
  Set: 923 Way: 0 Address: 0x2db79e6d8
  Set: 927 Way: 0 Address: 0x28b67e7f8
  Set: 937 Way: 0 Address: 0x2f5d8ea58
  Set: 948 Way: 0 Address: 0x1c084ed1d
  Set: 949 Way: 0 Address: 0x2f5d8ed60
  Set: 949 Way: 1 Address: 0x1c084ed42
  Set: 950 Way: 0 Address: 0x1c084ed80
  Set: 952 Way: 0 Address: 0x3734eee3c
  Set: 953 Way: 0 Address: 0x3734eee7c
  Set: 954 Way: 0 Address: 0x3734eeebc
  Set: 955 Way: 0 Address: 0x3734eeefc
  Set: 956 Way: 0 Address: 0x3734eef3c
  Set: 957 Way: 0 Address: 0x3734eef7c
  Set: 958 Way: 0 Address: 0x3734eef84
  Set: 959 Way: 0 Address: 0x3734eefc0
  Set: 960 Way: 0 Address: 0x3734ef000
  Set: 962 Way: 0 Address: 0x16390f098
  Set: 969 Way: 0 Address: 0xee86f268
  Set: 973 Way: 0 Address: 0x22272f368
  Set: 974 Way: 0 Address: 0x16390f390
  Set: 993 Way: 0 Address: 0x143ef860
  Set: 994 Way: 0 Address: 0x143ef880
  Set: 995 Way: 0 Address: 0x143ef8e0
  Set: 996 Way: 0 Address: 0x143ef900
  Set: 997 Way: 0 Address: 0x143ef950
  Set: 998 Way: 0 Address: 0x143ef980
EndCache
Cache: cpu0_L1I
  Set: 1 Way: 0 Address: 0x1c084e07c
  Set: 2 Way: 0 Address: 0x1c084e080
  Set: 3 Way: 0 Address: 0x1c084e0e0
  Set: 4 Way: 0 Address: 0x1c084e100
  Set: 8 Way: 0 Address: 0x1f919e230
  Set: 8 Way: 1 Address: 0x1c084e21c
  Set: 9 Way: 0 Address: 0x1f919e242
  Set: 9 Way: 1 Address: 0x1c084e26b
  Set: 10 Way: 0 Address: 0x1f919e289
  Set: 11 Way: 0 Address: 0x1f919e2ee
  Set: 11 Way: 1 Address: 0x1c084e2c0
  Set: 12 Way: 0 Address: 0x1f919e323
  Set: 12 Way: 1 Address: 0x1c084e326
  Set: 13 Way: 0 Address: 0x1f919e342
  Set: 26 Way: 0 Address: 0x1299346b5
  Set: 27 Way: 0 Address: 0x1299346c1
  Set: 28 Way: 0 Address: 0x129934730
  Set: 29 Way: 0 Address: 0x129934741
  Set: 30 Way: 0 Address: 0x129934780
  Set: 41 Way: 0 Address: 0x354d35a78
  Set: 42 Way: 0 Address: 0x354d35a82
  Set: 44 Way: 0 Address: 0x354d35b09
  Set: 45 Way: 0 Address: 0x354d35b61
  Set: 46 Way: 0 Address: 0x1995f2ba0
  Set: 46 Way: 1 Address: 0x354d35b88
  Set: 47 Way: 0 Address: 0x1995f2bc0
  Set: 47 Way: 1 Address: 0x354d35bf5
  Set: 48 Way: 0 Address: 0x354d35c24
  Set: 48 Way: 1 Address: 0x1995f2c00
  Set: 49 Way: 0 Address: 0x354d35c46
  Set: 49 Way: 1 Address: 0x1995f2c42
  Set: 50 Way: 0 Address: 0x354d35c9e
  Set: 51 Way: 0 Address: 0x354d35cc6
  Set: 52 Way: 0 Address: 0x354d35d00
  Set: 52 Way: 1 Address: 0x1c084ed1d
  Set: 53 Way: 0 Address: 0x354d35d60
  Set: 53 Way: 1 Address: 0x1c084ed42
  Set: 54 Way: 0 Address: 0x354d35d8f
  Set: 56 Way: 0 Address: 0x354d35e08
  Set: 59 Way: 0 Address: 0x354d35ed8
  Set: 60 Way: 0 Address: 0x6d0c2f10
  Set: 60 Way: 1 Address: 0x354d35f09
  Set: 61 Way: 0 Address: 0x354d35f67
EndCache
Cache: cpu0_L1D
  Set: 0 Way: 0 Address: 0xdf85c000
  Set: 0 Way: 1 Address: 0x28b67e000
  Set: 0 Way: 2 Address: 0x229b9a000
  Set: 0 Way: 3 Address: 0x195f15010
  Set: 0 Way: 4 Address: 0x223eda01c
  Set: 0 Way: 5 Address: 0xc7078038
  Set: 0 Way: 6 Address: 0x292959018
  Set: 0 Way: 7 Address: 0x23755d018
  Set: 0 Way: 8 Address: 0x1ab44008
  Set: 0 Way: 9 Address: 0x2c989803c
  Set: 0 Way: 10 Address: 0x1064c203c
  Set: 1 Way: 0 Address: 0x113201050
  Set: 1 Way: 1 Address: 0x223eda064
  Set: 1 Way: 2 Address: 0x29484c068
  Set: 1 Way: 3 Address: 0x1aafb8048
  Set: 1 Way: 4 Address: 0xc7078078
  Set: 1 Way: 5 Address: 0x292959050
  Set: 1 Way: 6 Address: 0x2ee369050
  Set: 1 Way: 7 Address: 0x2c989807c
  Set: 1 Way: 8 Address: 0x1064c207c
  Set: 2 Way: 0 Address: 0x223eda0bc
  Set: 2 Way: 1 Address: 0xc70780bc
  Set: 2 Way: 2 Address: 0x263c130a0
  Set: 2 Way: 3 Address: 0x2929590a0
  Set: 2 Way: 4 Address: 0x1aafb8098
  Set: 2 Way: 5 Address: 0x16390f098
  Set: 2 Way: 6 Address: 0x2c98980bc
  Set: 2 Way: 7 Address: 0x1064c20bc
  Set: 3 Way: 0 Address: 0x223eda0dc
  Set: 3 Way: 1 Address: 0xc70780dc
  Set: 3 Way: 2 Address: 0x2c98980fc
  Set: 3 Way: 3 Address: 0x1064c20fc
  Set: 4 Way: 0 Address: 0x3de4d4100
  Set: 4 Way: 1 Address: 0x9cff2108
  Set: 4 Way: 2 Address: 0x223eda128
  Set: 4 Way: 3 Address: 0x1ab44118
  Set: 4 Way: 4 Address: 0x2c989813c
  Set: 4 Way: 5 Address: 0x1064c213c
  Set: 5 Way: 0 Address: 0x223eda17c
  Set: 5 Way: 1 Address: 0x1ab44158
  Set: 5 Way: 2 Address: 0x2c989817c
  Set: 5 Way: 3 Address: 0x1064c217c
  Set: 6 Way: 0 Address: 0x223eda1ac
  Set: 6 Way: 1 Address: 0x2c98981bc
  Set: 6 Way: 2 Address: 0x1064c21bc
  Set: 7 Way: 0 Address: 0x223eda1d0
  Set: 7 Way: 1 Address: 0x2c98981fc
  Set: 7 Way: 2 Address: 0x1064c21fc
  Set: 8 Way: 0 Address: 0x223eda23c
  Set: 8 Way: 1 Address: 0x2c989823c
  Set: 8 Way: 2 Address: 0x1064c223c
  Set: 9 Way: 0 Address: 0x223eda27c
  Set: 9 Way: 1 Address: 0xee86f268
  Set: 9 Way: 2 Address: 0x2c989827c
  Set: 9 Way: 3 Address: 0x1064c227c
  Set: 10 Way: 0 Address: 0x223eda2bc
  Set: 10 Way: 1 Address: 0x2c98982bc
  Set: 10 Way: 2 Address: 0x1064c22bc
  Set: 11 Way: 0 Address: 0x223eda2fc
  Set: 11 Way: 1 Address: 0x9cff22e8
  Set: 11 Way: 2 Address: 0x437362e0
  Set: 11 Way: 3 Address: 0xb80042e8
  Set: 11 Way: 4 Address: 0x2c98982fc
  Set: 11 Way: 5 Address: 0x1064c22fc
  Set: 12 Way: 0 Address: 0x223eda334
  Set: 12 Way: 1 Address: 0x3bdd78314
  Set: 12 Way: 2 Address: 0x2c989833c
  Set: 12 Way: 3 Address: 0x1064c233c
  Set: 13 Way: 0 Address: 0x223eda360
  Set: 13 Way: 1 Address: 0x3c1074344
  Set: 13 Way: 2 Address: 0x22272f358
  Set: 13 Way: 3 Address: 0x2c989837c
  Set: 13 Way: 4 Address: 0x1064c237c
  Set: 14 Way: 0 Address: 0x223eda3bc
  Set: 14 Way: 1 Address: 0x16390f390
  Set: 14 Way: 2 Address: 0x12c6fc390
  Set: 14 Way: 3 Address: 0x394edb380
  Set: 14 Way: 4 Address: 0x133c92388
  Set: 14 Way: 5 Address: 0x2c98983bc
  Set: 14 Way: 6 Address: 0x1064c23bc
  Set: 15 Way: 0 Address: 0x223eda3fc
  Set: 15 Way: 1 Address: 0x2c98983fc
  Set: 15 Way: 2 Address: 0x1064c23fc
  Set: 16 Way: 0 Address: 0x223eda43c
  Set: 16 Way: 1 Address: 0x2c989843c
  Set: 16 Way: 2 Address: 0x1064c243c
  Set: 17 Way: 0 Address: 0x2a4841470
  Set: 17 Way: 1 Address: 0x223eda468
  Set: 17 Way: 2 Address: 0x2c989847c
  Set: 17 Way: 3 Address: 0x1064c247c
  Set: 18 Way: 0 Address: 0x2a48414a4
  Set: 18 Way: 1 Address: 0x2c98984bc
  Set: 18 Way: 2 Address: 0x223eda49c
  Set: 18 Way: 3 Address: 0x1064c24bc
  Set: 19 Way: 0 Address: 0x2a48414dc
  Set: 19 Way: 1 Address: 0xf6e814f8
  Set: 19 Way: 2 Address: 0x2177f04f8
  Set: 19 Way: 3 Address: 0x2c98984fc
  Set: 19 Way: 4 Address: 0x223eda4f4
  Set: 19 Way: 5 Address: 0x1064c24fc
  Set: 20 Way: 0 Address: 0x2a4841510
  Set: 20 Way: 1 Address: 0x2c989853c
  Set: 20 Way: 2 Address: 0x223eda53c
  Set: 20 Way: 3 Address: 0x1064c253c
  Set: 21 Way: 0 Address: 0x2a484157c
  Set: 21 Way: 1 Address: 0x2ee369548
  Set: 21 Way: 2 Address: 0x1add548
  Set: 21 Way: 3 Address: 0x84896560
  Set: 21 Way: 4 Address: 0x6e620578
  Set: 21 Way: 5 Address: 0x3b377b568
  Set: 21 Way: 6 Address: 0x2c989857c
  Set: 21 Way: 7 Address: 0x223eda55c
  Set: 21 Way: 8 Address: 0xc0d9b570
  Set: 21 Way: 9 Address: 0x1064c257c
  Set: 22 Way: 0 Address: 0x2a4841580
  Set: 22 Way: 1 Address: 0x2c98985bc
  Set: 22 Way: 2 Address: 0x223eda598
  Set: 22 Way: 3 Address: 0x1064c25bc
  Set: 23 Way: 0 Address: 0x2a48415e4
  Set: 23 Way: 1 Address: 0x2c98985fc
  Set: 23 Way: 2 Address: 0x223eda5d8
  Set: 23 Way: 3 Address: 0x1064c25fc
  Set: 24 Way: 0 Address: 0x2a484161c
  Set: 24 Way: 1 Address: 0x2c989863c
  Set: 24 Way: 2 Address: 0x223eda618
  Set: 24 Way: 3 Address: 0x1064c263c
  Set: 25 Way: 0 Address: 0x2a4841660
  Set: 25 Way: 1 Address: 0x3232f3670
  Set: 25 Way: 2 Address: 0x2c989867c
  Set: 25 Way: 3 Address: 0x223eda658
  Set: 25 Way: 4 Address: 0x1064c267c
  Set: 26 Way: 0 Address: 0x2a48416b4
  Set: 26 Way: 1 Address: 0x2c98986bc
  Set: 26 Way: 2 Address: 0x223eda698
  Set: 26 Way: 3 Address: 0x1064c26bc
  Set: 27 Way: 0 Address: 0x2a48416c8
  Set: 27 Way: 1 Address: 0xf6e816d8
  Set: 27 Way: 2 Address: 0x2db79e6d8
  Set: 27 Way: 3 Address: 0x2c98986fc
  Set: 27 Way: 4 Address: 0x223eda6d8
  Set: 27 Way: 5 Address: 0x1064c26fc
  Set: 28 Way: 0 Address: 0x2a4841710
  Set: 28 Way: 1 Address: 0x2c989873c
  Set: 28 Way: 2 Address: 0x223eda704
  Set: 29 Way: 0 Address: 0x2a4841774
  Set: 29 Way: 1 Address: 0x2c989877c
  Set: 29 Way: 2 Address: 0x223eda740
  Set: 30 Way: 0 Address: 0x2a4841794
  Set: 30 Way: 1 Address: 0x309887798
  Set: 30 Way: 2 Address: 0x2c98987bc
  Set: 30 Way: 3 Address: 0x223eda798
  Set: 31 Way: 0 Address: 0x2a48417fc
  Set: 31 Way: 1 Address: 0x28b67e7f8
  Set: 31 Way: 2 Address: 0x3c56b37f8
  Set: 31 Way: 3 Address: 0x2c98987fc
  Set: 31 Way: 4 Address: 0x223eda7d8
  Set: 32 Way: 0 Address: 0x2a4841804
  Set: 32 Way: 1 Address: 0x1add818
  Set: 32 Way: 2 Address: 0x14bb10818
  Set: 32 Way: 3 Address: 0xbeea7810
  Set: 32 Way: 4 Address: 0x2c989883c
  Set: 32 Way: 5 Address: 0x223eda83c
  Set: 33 Way: 0 Address: 0x195f15860
  Set: 33 Way: 1 Address: 0x263c13860
  Set: 33 Way: 2 Address: 0x2a4841864
  Set: 33 Way: 3 Address: 0x143ef860
  Set: 33 Way: 4 Address: 0x3dae66870
  Set: 33 Way: 5 Address: 0x2c989887c
  Set: 33 Way: 6 Address: 0x223eda858
  Set: 34 Way: 0 Address: 0x2a4841888
  Set: 34 Way: 1 Address: 0x2c98988bc
  Set: 34 Way: 2 Address: 0x223eda898
  Set: 35 Way: 0 Address: 0x2a48418f8
  Set: 35 Way: 1 Address: 0x143ef8e0
  Set: 35 Way: 2 Address: 0x2c98988fc
  Set: 35 Way: 3 Address: 0x223eda8d8
  Set: 36 Way: 0 Address: 0x2a484192c
  Set: 36 Way: 1 Address: 0x2c989893c
  Set: 36 Way: 2 Address: 0x223eda918
  Set: 37 Way: 0 Address: 0x2a4841958
  Set: 37 Way: 1 Address: 0x143ef950
  Set: 37 Way: 2 Address: 0x2c989897c
  Set: 37 Way: 3 Address: 0x223eda958
  Set: 38 Way: 0 Address: 0x2a4841984
  Set: 38 Way: 1 Address: 0x2c98989bc
  Set: 38 Way: 2 Address: 0x223eda998
  Set: 39 Way: 0 Address: 0x2a48419e8
  Set: 39 Way: 1 Address: 0x2c98989fc
  Set: 39 Way: 2 Address: 0x223eda9d8
  Set: 40 Way: 0 Address: 0x2a4841a00
  Set: 40 Way: 1 Address: 0xf6e81a18
  Set: 40 Way: 2 Address: 0x2c9898a3c
  Set: 40 Way: 3 Address: 0x223edaa18
  Set: 41 Way: 0 Address: 0x2a4841a4c
  Set: 41 Way: 1 Address: 0x2f5d8ea58
  Set: 41 Way: 2 Address: 0x2b2e93a60
  Set: 41 Way: 3 Address: 0x5588da60
  Set: 41 Way: 4 Address: 0x2c9898a7c
  Set: 41 Way: 5 Address: 0x223edaa44
  Set: 42 Way: 0 Address: 0x2a4841ab0
  Set: 42 Way: 1 Address: 0x2c9898abc
  Set: 42 Way: 2 Address: 0x223edaabc
  Set: 43 Way: 0 Address: 0x2a4841af4
  Set: 43 Way: 1 Address: 0x2c9898afc
  Set: 43 Way: 2 Address: 0x223edaad8
  Set: 44 Way: 0 Address: 0x2a4841b04
  Set: 44 Way: 1 Address: 0x2c9898b3c
  Set: 44 Way: 2 Address: 0x223edab18
  Set: 45 Way: 0 Address: 0x2a4841b4c
  Set: 45 Way: 1 Address: 0x2c9898b7c
  Set: 45 Way: 2 Address: 0x223edab58
  Set: 46 Way: 0 Address: 0x2a4841bbc
  Set: 46 Way: 1 Address: 0x2c9898bbc
  Set: 46 Way: 2 Address: 0x223edab98
  Set: 47 Way: 0 Address: 0x2a4841bcc
  Set: 47 Way: 1 Address: 0x2c9898bfc
  Set: 47 Way: 2 Address: 0x223edabd8
  Set: 48 Way: 0 Address: 0x2a4841c04
  Set: 48 Way: 1 Address: 0x276ff7c30
  Set: 48 Way: 2 Address: 0x2c9898c3c
  Set: 48 Way: 3 Address: 0x223edac18
  Set: 49 Way: 0 Address: 0x2a4841c7c
  Set: 49 Way: 1 Address: 0x276ff7c40
  Set: 49 Way: 2 Address: 0x2c9898c7c
  Set: 49 Way: 3 Address: 0x223edac58
  Set: 50 Way: 0 Address: 0x2a4841c8c
  Set: 50 Way: 1 Address: 0x2c9898cbc
  Set: 50 Way: 2 Address: 0x223edac98
  Set: 51 Way: 0 Address: 0x2a4841cd4
  Set: 51 Way: 1 Address: 0x201598cf8
  Set: 51 Way: 2 Address: 0x2c9898cfc
  Set: 51 Way: 3 Address: 0x223edacd8
  Set: 52 Way: 0 Address: 0x2a4841d3c
  Set: 52 Way: 1 Address: 0x201598d00
  Set: 52 Way: 2 Address: 0x1b0f15d04
  Set: 52 Way: 3 Address: 0x2c9898d3c
  Set: 52 Way: 4 Address: 0x223edad18
  Set: 53 Way: 0 Address: 0x2a4841d40
  Set: 53 Way: 1 Address: 0x2f5d8ed60
  Set: 53 Way: 2 Address: 0x38e35cd60
  Set: 53 Way: 3 Address: 0x2b2e93d50
  Set: 53 Way: 4 Address: 0x201598d60
  Set: 53 Way: 5 Address: 0x2c9898d7c
  Set: 53 Way: 6 Address: 0x223edad58
  Set: 54 Way: 0 Address: 0x2a4841db4
  Set: 54 Way: 1 Address: 0x201598d98
  Set: 54 Way: 2 Address: 0x211d16d88
  Set: 54 Way: 3 Address: 0x2c9898dbc
  Set: 54 Way: 4 Address: 0x223edad98
  Set: 55 Way: 0 Address: 0x2a4841dc4
  Set: 55 Way: 1 Address: 0x1c84e2dd0
  Set: 55 Way: 2 Address: 0x201598df8
  Set: 55 Way: 3 Address: 0x211d16dd4
  Set: 55 Way: 4 Address: 0x2c9898dfc
  Set: 55 Way: 5 Address: 0x223edadd8
  Set: 56 Way: 0 Address: 0x2a4841e1c
  Set: 56 Way: 1 Address: 0x201598e04
  Set: 56 Way: 2 Address: 0x3734eee3c
  Set: 56 Way: 3 Address: 0x211d16e3c
  Set: 56 Way: 4 Address: 0x2c9898e0c
  Set: 57 Way: 0 Address: 0x2a4841e78
  Set: 57 Way: 1 Address: 0x3734eee7c
  Set: 57 Way: 2 Address: 0x201598e48
  Set: 57 Way: 3 Address: 0x211d16e7c
  Set: 57 Way: 4 Address: 0x2c9898e7c
  Set: 58 Way: 0 Address: 0x2a4841ebc
  Set: 58 Way: 1 Address: 0x3734eeebc
  Set: 58 Way: 2 Address: 0x211d16ebc
  Set: 58 Way: 3 Address: 0x2c9898e8c
  Set: 59 Way: 0 Address: 0x2a4841ecc
  Set: 59 Way: 1 Address: 0x3734eeefc
  Set: 59 Way: 2 Address: 0x201598ec8
  Set: 59 Way: 3 Address: 0x211d16efc
  Set: 59 Way: 4 Address: 0x2c9898efc
  Set: 60 Way: 0 Address: 0x2a4841f0c
  Set: 60 Way: 1 Address: 0x3734eef3c
  Set: 60 Way: 2 Address: 0x211d16f3c
  Set: 60 Way: 3 Address: 0x2c9898f10
  Set: 61 Way: 0 Address: 0x2a4841f5c
  Set: 61 Way: 1 Address: 0x3734eef7c
  Set: 61 Way: 2 Address: 0x211d16f7c
  Set: 61 Way: 3 Address: 0x2c9898f7c
  Set: 62 Way: 0 Address: 0x2a4841f94
  Set: 62 Way: 1 Address: 0x397bb4f90
  Set: 62 Way: 2 Address: 0x3734eef84
  Set: 62 Way: 3 Address: 0x211d16fbc
  Set: 62 Way: 4 Address: 0x2c9898fbc
  Set: 63 Way: 0 Address: 0x2a4841fc0
  Set: 63 Way: 1 Address: 0x3734eeffc
  Set: 63 Way: 2 Address: 0x211d16ffc
  Set: 63 Way: 3 Address: 0x2c9898ffc
EndCache
Cache: cpu0_ITLB
  Set: 0 Way: 0 Address: 0x470a78
  Set: 1 Way: 0 Address: 0x4710e0
  Set: 2 Way: 0 Address: 0x472bc0
  Set: 3 Way: 0 Address: 0x413f10
  Set: 9 Way: 0 Address: 0x4096b5
  Set: 10 Way: 0 Address: 0x40a331
EndCache
Cache: cpu0_DTLB
  Set: 0 Way: 0 Address: 0x21820510
  Set: 1 Way: 0 Address: 0x218211d0
  Set: 2 Way: 0 Address: 0x20702670
  Set: 3 Way: 0 Address: 0x2943798
  Set: 10 Way: 0 Address: 0x7ffc81bbadf8
  Set: 10 Way: 1 Address: 0x7aac40
  Set: 11 Way: 0 Address: 0x74b860
  Set: 11 Way: 1 Address: 0x28dbd04
  Set: 12 Way: 0 Address: 0x2185cf84
  Set: 12 Way: 1 Address: 0x7ac344
  Set: 12 Way: 2 Address: 0x152acd88
  Set: 12 Way: 3 Address: 0x74c158
  Set: 13 Way: 0 Address: 0x2185d0dc
  Set: 13 Way: 1 Address: 0x144d870
  Set: 13 Way: 2 Address: 0x152ad03c
  Set: 14 Way: 0 Address: 0x152ae044
  Set: 15 Way: 0 Address: 0x152af358
  Set: 15 Way: 1 Address: 0x289f314
EndCache
Cache: LLC
  Set: 21 Way: 0 Address: 0x6e620578
  Set: 65 Way: 0 Address: 0x113201050
  Set: 81 Way: 0 Address: 0x2a4841440
  Set: 82 Way: 0 Address: 0x2a4841480
  Set: 83 Way: 0 Address: 0x2a48414c0
  Set: 83 Way: 1 Address: 0xf6e814f8
  Set: 84 Way: 0 Address: 0x2a484150c
  Set: 85 Way: 0 Address: 0x2a4841540
  Set: 86 Way: 0 Address: 0x2a4841580
  Set: 87 Way: 0 Address: 0x2a48415e4
  Set: 88 Way: 0 Address: 0x2a4841600
  Set: 89 Way: 0 Address: 0x2a484165c
  Set: 90 Way: 0 Address: 0x2a48416b4
  Set: 91 Way: 0 Address: 0x2a48416c4
  Set: 91 Way: 1 Address: 0xf6e816d8
  Set: 92 Way: 0 Address: 0x2a4841700
  Set: 93 Way: 0 Address: 0x2a4841740
  Set: 94 Way: 0 Address: 0x2a4841794
  Set: 95 Way: 0 Address: 0x2a48417c0
  Set: 96 Way: 0 Address: 0x2a4841804
  Set: 97 Way: 0 Address: 0x2a4841840
  Set: 98 Way: 0 Address: 0x2a4841884
  Set: 99 Way: 0 Address: 0x2a48418f4
  Set: 100 Way: 0 Address: 0x2a484192c
  Set: 101 Way: 0 Address: 0x2a4841954
  Set: 102 Way: 0 Address: 0x2a4841980
  Set: 103 Way: 0 Address: 0x2a48419e4
  Set: 104 Way: 0 Address: 0x2a4841a00
  Set: 104 Way: 1 Address: 0xf6e81a18
  Set: 105 Way: 0 Address: 0x2a4841a40
  Set: 106 Way: 0 Address: 0x2a4841aac
  Set: 107 Way: 0 Address: 0x2a4841af4
  Set: 108 Way: 0 Address: 0x2a4841b04
  Set: 109 Way: 0 Address: 0x2a4841b4c
  Set: 110 Way: 0 Address: 0x2a4841bbc
  Set: 111 Way: 0 Address: 0x2a4841bcc
  Set: 112 Way: 0 Address: 0x2a4841c00
  Set: 113 Way: 0 Address: 0x2a4841c40
  Set: 114 Way: 0 Address: 0x2a4841c8c
  Set: 115 Way: 0 Address: 0x2a4841cd4
  Set: 116 Way: 0 Address: 0x2a4841d00
  Set: 117 Way: 0 Address: 0x2a4841d40
  Set: 118 Way: 0 Address: 0x2a4841db4
  Set: 119 Way: 0 Address: 0x2a4841dc0
  Set: 120 Way: 0 Address: 0x2a4841e1c
  Set: 121 Way: 0 Address: 0x2a4841e74
  Set: 122 Way: 0 Address: 0x2a4841e80
  Set: 123 Way: 0 Address: 0x2a4841ecc
  Set: 124 Way: 0 Address: 0x2a4841f00
  Set: 125 Way: 0 Address: 0x2a4841f5c
  Set: 126 Way: 0 Address: 0x2a4841f94
  Set: 127 Way: 0 Address: 0x2a4841fc0
  Set: 128 Way: 0 Address: 0x2a4842000
  Set: 128 Way: 1 Address: 0x1064c2000
  Set: 129 Way: 0 Address: 0x1064c2040
  Set: 130 Way: 0 Address: 0x1064c2080
  Set: 131 Way: 0 Address: 0x1064c20c0
  Set: 132 Way: 0 Address: 0x1064c2100
  Set: 133 Way: 0 Address: 0x1064c2140
  Set: 134 Way: 0 Address: 0x1064c2180
  Set: 135 Way: 0 Address: 0x1064c21c0
  Set: 136 Way: 0 Address: 0x1064c2200
  Set: 137 Way: 0 Address: 0x1064c2240
  Set: 138 Way: 0 Address: 0x1064c2280
  Set: 139 Way: 0 Address: 0x1064c22c0
  Set: 140 Way: 0 Address: 0x1064c2300
  Set: 141 Way: 0 Address: 0x1064c2340
  Set: 142 Way: 0 Address: 0x1064c2380
  Set: 143 Way: 0 Address: 0x1064c23c0
  Set: 144 Way: 0 Address: 0x1064c2400
  Set: 145 Way: 0 Address: 0x1064c2440
  Set: 146 Way: 0 Address: 0x1064c2480
  Set: 147 Way: 0 Address: 0x1064c24c0
  Set: 148 Way: 0 Address: 0x1064c2500
  Set: 149 Way: 0 Address: 0x1064c2540
  Set: 150 Way: 0 Address: 0x1064c2580
  Set: 151 Way: 0 Address: 0x1064c25c0
  Set: 152 Way: 0 Address: 0x1064c2600
  Set: 153 Way: 0 Address: 0x1064c2640
  Set: 154 Way: 0 Address: 0x1064c2680
  Set: 155 Way: 0 Address: 0x1064c26c0
  Set: 183 Way: 0 Address: 0x1c84e2dd0
  Set: 188 Way: 0 Address: 0x6d0c2f10
  Set: 189 Way: 0 Address: 0x6d0c2f40
  Set: 256 Way: 0 Address: 0x1ab44008
  Set: 257 Way: 0 Address: 0x1ab44040
  Set: 260 Way: 0 Address: 0x1ab44118
  Set: 261 Way: 0 Address: 0x1ab44158
  Set: 262 Way: 0 Address: 0x1ab44180
  Set: 267 Way: 0 Address: 0xb80042e8
  Set: 417 Way: 0 Address: 0x3dae66870
  Set: 418 Way: 0 Address: 0x3dae66880
  Set: 478 Way: 0 Address: 0x309887798
  Set: 479 Way: 0 Address: 0x3098877c0
  Set: 480 Way: 0 Address: 0xbeea7810
  Set: 577 Way: 0 Address: 0x2ee369050
  Set: 597 Way: 0 Address: 0x2ee369548
  Set: 769 Way: 0 Address: 0x29484c068
  Set: 873 Way: 0 Address: 0x5588da60
  Set: 897 Way: 0 Address: 0x1c084e07c
  Set: 898 Way: 0 Address: 0x1c084e080
  Set: 899 Way: 0 Address: 0x1c084e0e0
  Set: 900 Way: 0 Address: 0x1c084e100
  Set: 901 Way: 0 Address: 0x1c084e140
  Set: 904 Way: 0 Address: 0x1c084e21c
  Set: 905 Way: 0 Address: 0x1c084e241
  Set: 906 Way: 0 Address: 0x1c084e280
  Set: 907 Way: 0 Address: 0x1c084e2c0
  Set: 908 Way: 0 Address: 0x1c084e300
  Set: 909 Way: 0 Address: 0x1c084e340
  Set: 937 Way: 0 Address: 0x2f5d8ea58
  Set: 948 Way: 0 Address: 0x1c084ed1d
  Set: 949 Way: 0 Address: 0x2f5d8ed60
  Set: 949 Way: 1 Address: 0x1c084ed42
  Set: 950 Way: 0 Address: 0x1c084ed80
  Set: 952 Way: 0 Address: 0x3734eee3c
  Set: 953 Way: 0 Address: 0x3734eee7c
  Set: 954 Way: 0 Address: 0x3734eeebc
  Set: 955 Way: 0 Address: 0x3734eeefc
  Set: 956 Way: 0 Address: 0x3734eef3c
  Set: 957 Way: 0 Address: 0x3734eef7c
  Set: 958 Way: 0 Address: 0x3734eef84
  Set: 959 Way: 0 Address: 0x3734eefc0
  Set: 960 Way: 0 Address: 0x3734ef000
  Set: 962 Way: 0 Address: 0x16390f098
  Set: 969 Way: 0 Address: 0xee86f268
  Set: 973 Way: 0 Address: 0x22272f368
  Set: 974 Way: 0 Address: 0x16390f390
  Set: 993 Way: 0 Address: 0x143ef860
  Set: 994 Way: 0 Address: 0x143ef880
  Set: 995 Way: 0 Address: 0x143ef8e0
  Set: 996 Way: 0 Address: 0x143ef900
  Set: 997 Way: 0 Address: 0x143ef950
  Set: 998 Way: 0 Address: 0x143ef980
  Set: 1043 Way: 0 Address: 0x2177f04f8
  Set: 1056 Way: 0 Address: 0x14bb10818
  Set: 1156 Way: 0 Address: 0x9cff2108
  Set: 1163 Way: 0 Address: 0x9cff22e0
  Set: 1166 Way: 0 Address: 0x133c92388
  Set: 1198 Way: 0 Address: 0x1995f2ba0
  Set: 1199 Way: 0 Address: 0x1995f2bc0
  Set: 1200 Way: 0 Address: 0x1995f2c00
  Set: 1201 Way: 0 Address: 0x1995f2c40
  Set: 1202 Way: 0 Address: 0x1995f2c80
  Set: 1218 Way: 0 Address: 0x263c130a0
  Set: 1241 Way: 0 Address: 0x3232f3670
  Set: 1247 Way: 0 Address: 0x3c56b37f8
  Set: 1249 Way: 0 Address: 0x263c13860
  Set: 1257 Way: 0 Address: 0x2b2e93a60
  Set: 1269 Way: 0 Address: 0x2b2e93d50
  Set: 1284 Way: 0 Address: 0x3de4d4100
  Set: 1293 Way: 0 Address: 0x3c1074344
  Set: 1294 Way: 0 Address: 0x3c1074380
  Set: 1306 Way: 0 Address: 0x1299346b5
  Set: 1307 Way: 0 Address: 0x1299346c0
  Set: 1308 Way: 0 Address: 0x129934700
  Set: 1309 Way: 0 Address: 0x129934741
  Set: 1310 Way: 0 Address: 0x129934780
  Set: 1311 Way: 0 Address: 0x1299347c0
  Set: 1342 Way: 0 Address: 0x397bb4f90
  Set: 1344 Way: 0 Address: 0x195f15010
  Set: 1377 Way: 0 Address: 0x195f15860
  Set: 1385 Way: 0 Address: 0x354d35a50
  Set: 1386 Way: 0 Address: 0x354d35a82
  Set: 1387 Way: 0 Address: 0x354d35ac0
  Set: 1388 Way: 0 Address: 0x354d35b09
  Set: 1389 Way: 0 Address: 0x354d35b40
  Set: 1390 Way: 0 Address: 0x354d35b88
  Set: 1391 Way: 0 Address: 0x354d35bc0
  Set: 1392 Way: 0 Address: 0x354d35c01
  Set: 1393 Way: 0 Address: 0x354d35c46
  Set: 1394 Way: 0 Address: 0x354d35c80
  Set: 1395 Way: 0 Address: 0x354d35cc6
  Set: 1396 Way: 0 Address: 0x354d35d00
  Set: 1396 Way: 1 Address: 0x1b0f15d04
  Set: 1397 Way: 0 Address: 0x354d35d40
  Set: 1398 Way: 0 Address: 0x354d35d80
  Set: 1399 Way: 0 Address: 0x354d35dc0
  Set: 1400 Way: 0 Address: 0x354d35e08
  Set: 1401 Way: 0 Address: 0x354d35e40
  Set: 1403 Way: 0 Address: 0x354d35ed8
  Set: 1404 Way: 0 Address: 0x354d35f00
  Set: 1405 Way: 0 Address: 0x354d35f40
  Set: 1406 Way: 0 Address: 0x354d35f80
  Set: 1419 Way: 0 Address: 0x437362e0
  Set: 1429 Way: 0 Address: 0x84896560
  Set: 1462 Way: 0 Address: 0x211d16d88
  Set: 1463 Way: 0 Address: 0x211d16dc0
  Set: 1464 Way: 0 Address: 0x211d16e00
  Set: 1465 Way: 0 Address: 0x211d16e40
  Set: 1466 Way: 0 Address: 0x211d16e80
  Set: 1467 Way: 0 Address: 0x211d16ec0
  Set: 1468 Way: 0 Address: 0x211d16f00
  Set: 1469 Way: 0 Address: 0x211d16f44
  Set: 1470 Way: 0 Address: 0x211d16f80
  Set: 1471 Way: 0 Address: 0x211d16fc0
  Set: 1520 Way: 0 Address: 0x276ff7c30
  Set: 1521 Way: 0 Address: 0x276ff7c40
  Set: 1522 Way: 0 Address: 0x276ff7c80
  Set: 1536 Way: 0 Address: 0xc707803c
  Set: 1536 Way: 1 Address: 0x2c9898000
  Set: 1537 Way: 0 Address: 0x1aafb8048
  Set: 1537 Way: 1 Address: 0xc707807c
  Set: 1537 Way: 2 Address: 0x2c9898040
  Set: 1538 Way: 0 Address: 0xc70780bc
  Set: 1538 Way: 1 Address: 0x1aafb8098
  Set: 1538 Way: 2 Address: 0x2c9898080
  Set: 1539 Way: 0 Address: 0xc70780dc
  Set: 1539 Way: 1 Address: 0x2c98980c0
  Set: 1540 Way: 0 Address: 0xc7078100
  Set: 1540 Way: 1 Address: 0x2c9898100
  Set: 1541 Way: 0 Address: 0x2c9898140
  Set: 1542 Way: 0 Address: 0x2c9898180
  Set: 1543 Way: 0 Address: 0x2c98981c0
  Set: 1544 Way: 0 Address: 0x2c9898200
  Set: 1545 Way: 0 Address: 0x2c9898240
  Set: 1546 Way: 0 Address: 0x2c9898280
  Set: 1547 Way: 0 Address: 0x2c98982c0
  Set: 1548 Way: 0 Address: 0x3bdd78314
  Set: 1548 Way: 1 Address: 0x2c9898300
  Set: 1549 Way: 0 Address: 0x2c9898340
  Set: 1550 Way: 0 Address: 0x2c9898380
  Set: 1551 Way: 0 Address: 0x2c98983c0
  Set: 1552 Way: 0 Address: 0x2c9898400
  Set: 1553 Way: 0 Address: 0x2c9898440
  Set: 1554 Way: 0 Address: 0x2c9898480
  Set: 1555 Way: 0 Address: 0x2c98984c0
  Set: 1556 Way: 0 Address: 0x2c9898500
  Set: 1557 Way: 0 Address: 0x2c9898540
  Set: 1558 Way: 0 Address: 0x2c9898580
  Set: 1559 Way: 0 Address: 0x2c98985c0
  Set: 1560 Way: 0 Address: 0x2c9898600
  Set: 1561 Way: 0 Address: 0x2c9898640
  Set: 1562 Way: 0 Address: 0x2c9898680
  Set: 1563 Way: 0 Address: 0x2c98986c0
  Set: 1564 Way: 0 Address: 0x2c9898700
  Set: 1565 Way: 0 Address: 0x2c9898740
  Set: 1566 Way: 0 Address: 0x2c9898780
  Set: 1567 Way: 0 Address: 0x2c98987c0
  Set: 1568 Way: 0 Address: 0x2c9898800
  Set: 1569 Way: 0 Address: 0x2c9898840
  Set: 1570 Way: 0 Address: 0x2c9898880
  Set: 1571 Way: 0 Address: 0x2c98988c0
  Set: 1572 Way: 0 Address: 0x2c9898900
  Set: 1573 Way: 0 Address: 0x2c9898940
  Set: 1574 Way: 0 Address: 0x2c9898980
  Set: 1575 Way: 0 Address: 0x2c98989c0
  Set: 1576 Way: 0 Address: 0x2c9898a00
  Set: 1577 Way: 0 Address: 0x2c9898a40
  Set: 1578 Way: 0 Address: 0x2c9898a80
  Set: 1579 Way: 0 Address: 0x2c9898ac0
  Set: 1580 Way: 0 Address: 0x2c9898b00
  Set: 1581 Way: 0 Address: 0x2c9898b40
  Set: 1582 Way: 0 Address: 0x2c9898b80
  Set: 1583 Way: 0 Address: 0x2c9898bc0
  Set: 1584 Way: 0 Address: 0x2c9898c00
  Set: 1585 Way: 0 Address: 0x2c9898c40
  Set: 1586 Way: 0 Address: 0x2c9898c80
  Set: 1587 Way: 0 Address: 0x201598cf8
  Set: 1587 Way: 1 Address: 0x2c9898cc0
  Set: 1588 Way: 0 Address: 0x201598d00
  Set: 1588 Way: 1 Address: 0x2c9898d00
  Set: 1589 Way: 0 Address: 0x201598d40
  Set: 1589 Way: 1 Address: 0x2c9898d40
  Set: 1590 Way: 0 Address: 0x201598db8
  Set: 1590 Way: 1 Address: 0x2c9898d80
  Set: 1591 Way: 0 Address: 0x201598de8
  Set: 1591 Way: 1 Address: 0x2c9898dc0
  Set: 1592 Way: 0 Address: 0x201598e00
  Set: 1592 Way: 1 Address: 0x2c9898e00
  Set: 1593 Way: 0 Address: 0x201598e40
  Set: 1593 Way: 1 Address: 0x2c9898e40
  Set: 1594 Way: 0 Address: 0x201598e80
  Set: 1594 Way: 1 Address: 0x2c9898e80
  Set: 1595 Way: 0 Address: 0x201598ec8
  Set: 1595 Way: 1 Address: 0x2c9898ec0
  Set: 1596 Way: 0 Address: 0x201598f00
  Set: 1596 Way: 1 Address: 0x2c9898f00
  Set: 1597 Way: 0 Address: 0x2c9898f40
  Set: 1598 Way: 0 Address: 0x2c9898f80
  Set: 1599 Way: 0 Address: 0x2c9898fc0
  Set: 1600 Way: 0 Address: 0x292959018
  Set: 1601 Way: 0 Address: 0x292959050
  Set: 1602 Way: 0 Address: 0x2929590a0
  Set: 1664 Way: 0 Address: 0x229b9a000
  Set: 1664 Way: 1 Address: 0x223eda01c
  Set: 1665 Way: 0 Address: 0x223eda040
  Set: 1666 Way: 0 Address: 0x223eda080
  Set: 1667 Way: 0 Address: 0x223eda0dc
  Set: 1668 Way: 0 Address: 0x223eda124
  Set: 1669 Way: 0 Address: 0x223eda140
  Set: 1670 Way: 0 Address: 0x223eda1ac
  Set: 1671 Way: 0 Address: 0x223eda1d0
  Set: 1672 Way: 0 Address: 0x223eda23c
  Set: 1673 Way: 0 Address: 0x223eda27c
  Set: 1674 Way: 0 Address: 0x223eda2bc
  Set: 1675 Way: 0 Address: 0x223eda2fc
  Set: 1676 Way: 0 Address: 0x223eda334
  Set: 1677 Way: 0 Address: 0x223eda35c
  Set: 1678 Way: 0 Address: 0x223eda380
  Set: 1679 Way: 0 Address: 0x223eda3fc
  Set: 1680 Way: 0 Address: 0x223eda43c
  Set: 1681 Way: 0 Address: 0x223eda468
  Set: 1682 Way: 0 Address: 0x223eda480
  Set: 1683 Way: 0 Address: 0x223eda4c0
  Set: 1684 Way: 0 Address: 0x223eda500
  Set: 1685 Way: 0 Address: 0x223eda540
  Set: 1686 Way: 0 Address: 0x223eda580
  Set: 1687 Way: 0 Address: 0x223eda5c0
  Set: 1688 Way: 0 Address: 0x223eda600
  Set: 1689 Way: 0 Address: 0x223eda640
  Set: 1690 Way: 0 Address: 0x223eda680
  Set: 1691 Way: 0 Address: 0x223eda6c0
  Set: 1692 Way: 0 Address: 0x223eda700
  Set: 1693 Way: 0 Address: 0x223eda740
  Set: 1694 Way: 0 Address: 0x223eda780
  Set: 1695 Way: 0 Address: 0x223eda7c0
  Set: 1696 Way: 0 Address: 0x223eda800
  Set: 1697 Way: 0 Address: 0x223eda840
  Set: 1698 Way: 0 Address: 0x223eda880
  Set: 1699 Way: 0 Address: 0x223eda8c0
  Set: 1700 Way: 0 Address: 0x223eda900
  Set: 1701 Way: 0 Address: 0x223eda940
  Set: 1702 Way: 0 Address: 0x223eda980
  Set: 1703 Way: 0 Address: 0x223eda9c0
  Set: 1704 Way: 0 Address: 0x223edaa00
  Set: 1705 Way: 0 Address: 0x223edaa40
  Set: 1706 Way: 0 Address: 0x223edaa80
  Set: 1707 Way: 0 Address: 0x223edaac0
  Set: 1708 Way: 0 Address: 0x223edab00
  Set: 1709 Way: 0 Address: 0x223edab40
  Set: 1710 Way: 0 Address: 0x223edab80
  Set: 1711 Way: 0 Address: 0x223edabc0
  Set: 1712 Way: 0 Address: 0x223edac00
  Set: 1713 Way: 0 Address: 0x223edac40
  Set: 1714 Way: 0 Address: 0x223edac80
  Set: 1715 Way: 0 Address: 0x223edacc0
  Set: 1716 Way: 0 Address: 0x223edad00
  Set: 1717 Way: 0 Address: 0x223edad40
  Set: 1718 Way: 0 Address: 0x223edad80
  Set: 1719 Way: 0 Address: 0x223edadc0
  Set: 1742 Way: 0 Address: 0x394edb380
  Set: 1749 Way: 0 Address: 0x3b377b568
  Set: 1749 Way: 1 Address: 0xc0d9b570
  Set: 1792 Way: 0 Address: 0xdf85c000
  Set: 1806 Way: 0 Address: 0x12c6fc390
  Set: 1845 Way: 0 Address: 0x38e35cd60
  Set: 1856 Way: 0 Address: 0x23755d018
  Set: 1877 Way: 0 Address: 0x1add548
  Set: 1888 Way: 0 Address: 0x1add818
  Set: 1920 Way: 0 Address: 0x28b67e000
  Set: 1928 Way: 0 Address: 0x1f919e230
  Set: 1929 Way: 0 Address: 0x1f919e242
  Set: 1930 Way: 0 Address: 0x1f919e280
  Set: 1931 Way: 0 Address: 0x1f919e2d0
  Set: 1932 Way: 0 Address: 0x1f919e328
  Set: 1933 Way: 0 Address: 0x1f919e342
  Set: 1934 Way: 0 Address: 0x1f919e380
  Set: 1947 Way: 0 Address: 0x2db79e6d8
  Set: 1951 Way: 0 Address: 0x28b67e7f8
EndCache
