Cache: cpu0_STLB
  Set: 2 Way: 0 Address: 0x402a6a
  Set: 3 Way: 0 Address: 0x4033fb
  Set: 4 Way: 0 Address: 0x7fd2fa7049ca
  Set: 4 Way: 1 Address: 0x404c00
  Set: 5 Way: 0 Address: 0x7fd2fa70520a
  Set: 13 Way: 0 Address: 0x40d700
  Set: 14 Way: 0 Address: 0x40e7d0
  Set: 15 Way: 0 Address: 0x40fc70
  Set: 30 Way: 0 Address: 0x279e9b2
  Set: 38 Way: 0 Address: 0x526964
  Set: 40 Way: 0 Address: 0x7fd2fa628ebd
  Set: 41 Way: 0 Address: 0x7fd2fa62978c
  Set: 42 Way: 0 Address: 0x7fd2fa62a80d
  Set: 42 Way: 1 Address: 0x52a930
  Set: 43 Way: 0 Address: 0x7fd2fa62b048
  Set: 48 Way: 0 Address: 0x27b04d2
  Set: 58 Way: 0 Address: 0x7fd2fa6ba7ff
  Set: 59 Way: 0 Address: 0x7fd2fa6bb38c
  Set: 60 Way: 0 Address: 0x7fd2fa6bc14c
  Set: 61 Way: 0 Address: 0x7fd2fa6bd1d0
  Set: 62 Way: 0 Address: 0x43ede2
  Set: 68 Way: 0 Address: 0x444b03
  Set: 69 Way: 0 Address: 0x445cad
  Set: 70 Way: 0 Address: 0x446106
  Set: 71 Way: 0 Address: 0x7ffedb247d64
  Set: 72 Way: 0 Address: 0x7ffedb248534
  Set: 72 Way: 1 Address: 0x44821b
  Set: 73 Way: 0 Address: 0x7ffedb249550
  Set: 74 Way: 0 Address: 0x44a870
  Set: 75 Way: 0 Address: 0x44b010
  Set: 81 Way: 0 Address: 0x27d1e62
  Set: 93 Way: 0 Address: 0x275dc40
  Set: 94 Way: 0 Address: 0x275eaf8
  Set: 95 Way: 0 Address: 0x275ffd0
  Set: 96 Way: 0 Address: 0x2760a58
  Set: 96 Way: 1 Address: 0x21e03a0
  Set: 98 Way: 0 Address: 0x276216c
  Set: 100 Way: 0 Address: 0x21e45a5
  Set: 101 Way: 0 Address: 0x21e54e0
  Set: 103 Way: 0 Address: 0x21e7e50
  Set: 104 Way: 0 Address: 0x21e80f0
  Set: 105 Way: 0 Address: 0x26e9430
  Set: 108 Way: 0 Address: 0x276cfb4
  Set: 109 Way: 0 Address: 0x276d0f0
  Set: 112 Way: 0 Address: 0x2770824
  Set: 113 Way: 0 Address: 0x7fd2fa671cbc
  Set: 114 Way: 0 Address: 0x7fd2fa67223c
  Set: 115 Way: 0 Address: 0x7fd2fa67360d
  Set: 116 Way: 0 Address: 0x7fd2fa674108
  Set: 118 Way: 0 Address: 0x7fd2fa376eb8
  Set: 119 Way: 0 Address: 0x7fd2fa377178
  Set: 120 Way: 0 Address: 0x7fd2fa378280
  Set: 121 Way: 0 Address: 0x7fd2fa379040
  Set: 123 Way: 0 Address: 0x21fb310
EndCache
Cache: cpu0_L2C
  Set: 4 Way: 0 Address: 0x168ef0130
  Set: 5 Way: 0 Address: 0x6e62017d
  Set: 6 Way: 0 Address: 0x6e620180
  Set: 8 Way: 0 Address: 0x2177f0230
  Set: 8 Way: 1 Address: 0x342b40238
  Set: 9 Way: 0 Address: 0x342b40248
  Set: 16 Way: 0 Address: 0x6e62043d
  Set: 17 Way: 0 Address: 0x6e620440
  Set: 19 Way: 0 Address: 0x6e6204d1
  Set: 23 Way: 0 Address: 0x14bb105e0
  Set: 27 Way: 0 Address: 0x6e6206fd
  Set: 28 Way: 0 Address: 0x6e620700
  Set: 30 Way: 0 Address: 0x6e62078c
  Set: 37 Way: 0 Address: 0x2177f0950
  Set: 38 Way: 0 Address: 0x6e6209bd
  Set: 39 Way: 0 Address: 0x6e6209c0
  Set: 41 Way: 0 Address: 0x6e620a4c
  Set: 41 Way: 1 Address: 0x168ef0a58
  Set: 45 Way: 0 Address: 0x28a940b60
  Set: 49 Way: 0 Address: 0x6e620c7d
  Set: 50 Way: 0 Address: 0x6e620c80
  Set: 52 Way: 0 Address: 0x6e620d0c
  Set: 60 Way: 0 Address: 0x6e620f3d
  Set: 61 Way: 0 Address: 0x6e620f40
  Set: 62 Way: 0 Address: 0x6e620fbd
  Set: 63 Way: 0 Address: 0x6e620fcc
  Set: 64 Way: 0 Address: 0x113201010
  Set: 64 Way: 1 Address: 0x181c81010
  Set: 64 Way: 2 Address: 0xf6e8103f
  Set: 65 Way: 0 Address: 0x113201068
  Set: 65 Way: 1 Address: 0x181c81040
  Set: 65 Way: 2 Address: 0xf6e8107f
  Set: 66 Way: 0 Address: 0xf6e8108f
  Set: 66 Way: 1 Address: 0x181c81082
  Set: 72 Way: 0 Address: 0x113201228
  Set: 72 Way: 1 Address: 0x2a4841228
  Set: 72 Way: 2 Address: 0x181c81210
  Set: 73 Way: 0 Address: 0x181c81241
  Set: 74 Way: 0 Address: 0x181c81287
  Set: 75 Way: 0 Address: 0x181c812c0
  Set: 75 Way: 1 Address: 0xf6e812ff
  Set: 76 Way: 0 Address: 0x181c81300
  Set: 76 Way: 1 Address: 0xf6e8133f
  Set: 77 Way: 0 Address: 0xf6e8134f
  Set: 81 Way: 0 Address: 0x181c8145f
  Set: 82 Way: 0 Address: 0x181c81480
  Set: 83 Way: 0 Address: 0x181c814c6
  Set: 84 Way: 0 Address: 0x181c81500
  Set: 85 Way: 0 Address: 0x181c81541
  Set: 86 Way: 0 Address: 0xf6e815bf
  Set: 87 Way: 0 Address: 0xf6e815ff
  Set: 88 Way: 0 Address: 0xf6e8160d
  Set: 90 Way: 0 Address: 0x181c816b5
  Set: 91 Way: 0 Address: 0x181c816c3
  Set: 92 Way: 0 Address: 0x181c81702
  Set: 93 Way: 0 Address: 0x181c81743
  Set: 94 Way: 0 Address: 0x181c81783
  Set: 97 Way: 0 Address: 0xf6e8187f
  Set: 98 Way: 0 Address: 0xf6e818bf
  Set: 99 Way: 0 Address: 0xf6e818c8
  Set: 100 Way: 0 Address: 0x181c81900
  Set: 101 Way: 0 Address: 0x181c81943
  Set: 102 Way: 0 Address: 0x181c81980
  Set: 107 Way: 0 Address: 0x260091af8
  Set: 108 Way: 0 Address: 0xf6e81b3f
  Set: 109 Way: 0 Address: 0xf6e81b7f
  Set: 110 Way: 0 Address: 0xf6e81b88
  Set: 110 Way: 1 Address: 0x181c81bb2
  Set: 111 Way: 0 Address: 0x181c81bc1
  Set: 112 Way: 0 Address: 0x181c81c00
  Set: 119 Way: 0 Address: 0xf6e81dff
  Set: 120 Way: 0 Address: 0xf6e81e3f
  Set: 121 Way: 0 Address: 0xf6e81e48
  Set: 126 Way: 0 Address: 0x19c791fb4
  Set: 128 Way: 0 Address: 0x9cff2018
  Set: 128 Way: 1 Address: 0xa3a52038
  Set: 129 Way: 0 Address: 0xa3a52040
  Set: 130 Way: 0 Address: 0x1995f2098
  Set: 133 Way: 0 Address: 0x6d0c2158
  Set: 135 Way: 0 Address: 0x1c84e21c2
  Set: 139 Way: 0 Address: 0xa3a522f8
  Set: 140 Way: 0 Address: 0xa3a52300
  Set: 142 Way: 0 Address: 0x348de2390
  Set: 143 Way: 0 Address: 0x1c84e23fb
  Set: 144 Way: 0 Address: 0x1c84e2400
  Set: 150 Way: 0 Address: 0xa3a525b8
  Set: 151 Way: 0 Address: 0xa3a525c0
  Set: 161 Way: 0 Address: 0x1064c2870
  Set: 162 Way: 0 Address: 0x1064c2881
  Set: 163 Way: 0 Address: 0x1064c28c3
  Set: 164 Way: 0 Address: 0x1064c2906
  Set: 165 Way: 0 Address: 0x133c92964
  Set: 165 Way: 1 Address: 0x1064c2946
  Set: 170 Way: 0 Address: 0x1064c2a87
  Set: 171 Way: 0 Address: 0x1064c2ac3
  Set: 172 Way: 0 Address: 0x1064c2b05
  Set: 173 Way: 0 Address: 0x1064c2b43
  Set: 174 Way: 0 Address: 0x1064c2b80
  Set: 175 Way: 0 Address: 0x1064c2bc1
  Set: 175 Way: 1 Address: 0x1c6532bc0
  Set: 175 Way: 2 Address: 0x3bdb2bfd
  Set: 176 Way: 0 Address: 0x1064c2c03
  Set: 177 Way: 0 Address: 0x1064c2c41
  Set: 178 Way: 0 Address: 0x1064c2c82
  Set: 178 Way: 1 Address: 0x34e4a2cbc
  Set: 179 Way: 0 Address: 0x1064c2cc1
  Set: 179 Way: 1 Address: 0x62d12cf0
  Set: 180 Way: 0 Address: 0x1064c2d02
  Set: 181 Way: 0 Address: 0x1064c2d41
  Set: 186 Way: 0 Address: 0x3bdb2ebd
  Set: 187 Way: 0 Address: 0x1064c2ecf
  Set: 187 Way: 1 Address: 0x3bdb2ec0
  Set: 188 Way: 0 Address: 0x1064c2f27
  Set: 188 Way: 1 Address: 0x31be12f00
  Set: 189 Way: 0 Address: 0x1064c2f43
  Set: 189 Way: 1 Address: 0x34e4a2f7c
  Set: 190 Way: 0 Address: 0x1064c2f80
  Set: 191 Way: 0 Address: 0x1064c2fc4
  Set: 193 Way: 0 Address: 0x257713078
  Set: 200 Way: 0 Address: 0x3232f321b
  Set: 200 Way: 1 Address: 0x34a87320a
  Set: 201 Way: 0 Address: 0x3232f3240
  Set: 201 Way: 1 Address: 0x257713258
  Set: 202 Way: 0 Address: 0x3232f3283
  Set: 203 Way: 0 Address: 0x3232f32c7
  Set: 204 Way: 0 Address: 0x3232f3300
  Set: 206 Way: 0 Address: 0x190973388
  Set: 211 Way: 0 Address: 0x34a8734ca
  Set: 222 Way: 0 Address: 0x34a87378a
  Set: 223 Way: 0 Address: 0x263c137f8
  Set: 233 Way: 0 Address: 0x3c56b3a58
  Set: 233 Way: 1 Address: 0x34a873a4a
  Set: 240 Way: 0 Address: 0x3b0803c20
  Set: 241 Way: 0 Address: 0x3b0803c50
  Set: 242 Way: 0 Address: 0x3b0803cb8
  Set: 243 Way: 0 Address: 0x3b0803cff
  Set: 244 Way: 0 Address: 0x3b0803d38
  Set: 244 Way: 1 Address: 0x34a873d0a
  Set: 245 Way: 0 Address: 0x3b0803d64
  Set: 246 Way: 0 Address: 0x3b0803db8
  Set: 247 Way: 0 Address: 0x3b0803dc0
  Set: 248 Way: 0 Address: 0x3b0803e00
  Set: 253 Way: 0 Address: 0x2b2e93f40
  Set: 255 Way: 0 Address: 0x2b2e93fd8
  Set: 261 Way: 0 Address: 0x1ab44148
  Set: 268 Way: 0 Address: 0x6b744310
  Set: 270 Way: 0 Address: 0x6b7443a0
  Set: 279 Way: 0 Address: 0x1ab445e0
  Set: 283 Way: 0 Address: 0xb80046c8
  Set: 308 Way: 0 Address: 0x6b744d24
  Set: 312 Way: 0 Address: 0x3c1074e00
  Set: 312 Way: 1 Address: 0x6b744e00
  Set: 313 Way: 0 Address: 0x3c1074e50
  Set: 314 Way: 0 Address: 0x129934e98
  Set: 315 Way: 0 Address: 0x3c1074ec0
  Set: 319 Way: 0 Address: 0x397bb4fd8
  Set: 320 Way: 0 Address: 0x195f15010
  Set: 322 Way: 0 Address: 0x195f15098
  Set: 327 Way: 0 Address: 0x2725851f0
  Set: 328 Way: 0 Address: 0x272585220
  Set: 351 Way: 0 Address: 0x1b0f157d0
  Set: 352 Way: 0 Address: 0x1b0f15801
  Set: 353 Way: 0 Address: 0x1b0f15843
  Set: 363 Way: 0 Address: 0x34a0e5af8
  Set: 364 Way: 0 Address: 0x34a0e5b00
  Set: 364 Way: 1 Address: 0x57be5b10
  Set: 365 Way: 0 Address: 0x354d35b5c
  Set: 366 Way: 0 Address: 0x354d35ba0
  Set: 369 Way: 0 Address: 0x354d35c40
  Set: 371 Way: 0 Address: 0x34a0e5cf0
  Set: 374 Way: 0 Address: 0x57be5d80
  Set: 378 Way: 0 Address: 0x34a0e5e88
  Set: 387 Way: 0 Address: 0x848960f0
  Set: 389 Way: 0 Address: 0x24700616c
  Set: 389 Way: 1 Address: 0x84896168
  Set: 389 Way: 2 Address: 0x37f426140
  Set: 390 Way: 0 Address: 0x27d4c61bd
  Set: 391 Way: 0 Address: 0x27d4c61d0
  Set: 391 Way: 1 Address: 0x1b7ae61f8
  Set: 392 Way: 0 Address: 0x211d16230
  Set: 393 Way: 0 Address: 0x1b7ae6278
  Set: 394 Way: 0 Address: 0x1b7ae6280
  Set: 404 Way: 0 Address: 0x1b7ae6538
  Set: 405 Way: 0 Address: 0x1b7ae6540
  Set: 407 Way: 0 Address: 0x37f4265d0
  Set: 415 Way: 0 Address: 0x1b7ae67f8
  Set: 415 Way: 1 Address: 0x101c267ff
  Set: 416 Way: 0 Address: 0x1b7ae6800
  Set: 420 Way: 0 Address: 0x211d16930
  Set: 426 Way: 0 Address: 0x1b7ae6ab8
  Set: 426 Way: 1 Address: 0x101c26abd
  Set: 427 Way: 0 Address: 0x1b7ae6ac0
  Set: 433 Way: 0 Address: 0x3d87a6c70
  Set: 434 Way: 0 Address: 0x3d87a6c81
  Set: 435 Way: 0 Address: 0x3d87a6cd0
  Set: 436 Way: 0 Address: 0x3d87a6d02
  Set: 437 Way: 0 Address: 0x3d87a6d41
  Set: 437 Way: 1 Address: 0x1b7ae6d78
  Set: 437 Way: 2 Address: 0x101c26d7d
  Set: 438 Way: 0 Address: 0x3d87a6d83
  Set: 438 Way: 1 Address: 0x1b7ae6d80
  Set: 439 Way: 0 Address: 0x3d87a6dc1
  Set: 440 Way: 0 Address: 0x3d87a6e01
  Set: 441 Way: 0 Address: 0x3d87a6e41
  Set: 442 Way: 0 Address: 0x3d87a6e81
  Set: 443 Way: 0 Address: 0x3d87a6ec2
  Set: 444 Way: 0 Address: 0x3dae66f38
  Set: 444 Way: 1 Address: 0x3d87a6f04
  Set: 445 Way: 0 Address: 0x3d87a6f43
  Set: 446 Way: 0 Address: 0x3d87a6f81
  Set: 447 Way: 0 Address: 0x3dae66fd8
  Set: 447 Way: 1 Address: 0x3d87a6fc0
  Set: 450 Way: 0 Address: 0x12c0770bc
  Set: 451 Way: 0 Address: 0x12c0770f0
  Set: 453 Way: 0 Address: 0x358da7178
  Set: 455 Way: 0 Address: 0x3098871fd
  Set: 456 Way: 0 Address: 0x30988723f
  Set: 457 Way: 0 Address: 0x30988727f
  Set: 458 Way: 0 Address: 0x30988728c
  Set: 459 Way: 0 Address: 0x276ff72f2
  Set: 460 Way: 0 Address: 0x276ff7310
  Set: 464 Way: 0 Address: 0x358da7438
  Set: 466 Way: 0 Address: 0x3098874bd
  Set: 467 Way: 0 Address: 0x3098874ff
  Set: 468 Way: 0 Address: 0x30988753f
  Set: 469 Way: 0 Address: 0x30988754c
  Set: 469 Way: 1 Address: 0x112417550
  Set: 475 Way: 0 Address: 0x358da76f8
  Set: 477 Way: 0 Address: 0x2fbe97748
  Set: 478 Way: 0 Address: 0x3098877bf
  Set: 479 Way: 0 Address: 0x3098877ff
  Set: 480 Way: 0 Address: 0x30988780d
  Set: 484 Way: 0 Address: 0xbeea7930
  Set: 486 Way: 0 Address: 0x358da79b8
  Set: 489 Way: 0 Address: 0x309887a7f
  Set: 490 Way: 0 Address: 0x309887abf
  Set: 491 Way: 0 Address: 0x309887ac8
  Set: 491 Way: 1 Address: 0xbeea7ad8
  Set: 492 Way: 0 Address: 0xbeea7b32
  Set: 493 Way: 0 Address: 0x2fbe97b68
  Set: 496 Way: 0 Address: 0x3704c7c00
  Set: 497 Way: 0 Address: 0x3704c7c41
  Set: 497 Way: 1 Address: 0x358da7c78
  Set: 498 Way: 0 Address: 0x3704c7c80
  Set: 499 Way: 0 Address: 0x3704c7cc1
  Set: 500 Way: 0 Address: 0x309887d3f
  Set: 501 Way: 0 Address: 0x309887d7f
  Set: 502 Way: 0 Address: 0x309887d88
  Set: 508 Way: 0 Address: 0x358da7f38
  Set: 511 Way: 0 Address: 0x309887fff
  Set: 513 Way: 0 Address: 0x3bdd78070
  Set: 515 Way: 0 Address: 0x2015980ef
  Set: 516 Way: 0 Address: 0x201598105
  Set: 517 Way: 0 Address: 0xc7078150
  Set: 517 Way: 1 Address: 0x201598146
  Set: 518 Way: 0 Address: 0x201598180
  Set: 519 Way: 0 Address: 0x2015981c0
  Set: 520 Way: 0 Address: 0x201598201
  Set: 521 Way: 0 Address: 0x3bdd78240
  Set: 521 Way: 1 Address: 0x2c9898240
  Set: 521 Way: 2 Address: 0x2db378248
  Set: 526 Way: 0 Address: 0xc70783a0
  Set: 530 Way: 0 Address: 0x166684be
  Set: 531 Way: 0 Address: 0x166684d2
  Set: 540 Way: 0 Address: 0x1aafb8700
  Set: 541 Way: 0 Address: 0x1aafb8740
  Set: 542 Way: 0 Address: 0x1aafb8781
  Set: 543 Way: 0 Address: 0x1aafb87c2
  Set: 544 Way: 0 Address: 0x1aafb8802
  Set: 554 Way: 0 Address: 0x201598a90
  Set: 555 Way: 0 Address: 0x201598ac3
  Set: 556 Way: 0 Address: 0x201598b00
  Set: 557 Way: 0 Address: 0x3fe58b68
  Set: 557 Way: 1 Address: 0x201598b43
  Set: 558 Way: 0 Address: 0x201598b82
  Set: 559 Way: 0 Address: 0x201598bc0
  Set: 560 Way: 0 Address: 0x201598c01
  Set: 561 Way: 0 Address: 0x201598c43
  Set: 562 Way: 0 Address: 0x201598cad
  Set: 563 Way: 0 Address: 0x201598cc1
  Set: 564 Way: 0 Address: 0x201598d00
  Set: 565 Way: 0 Address: 0x201598d41
  Set: 566 Way: 0 Address: 0x201598d82
  Set: 567 Way: 0 Address: 0x201598dc0
  Set: 568 Way: 0 Address: 0x201598e02
  Set: 569 Way: 0 Address: 0x201598e41
  Set: 570 Way: 0 Address: 0x201598e81
  Set: 581 Way: 0 Address: 0x2c8749140
  Set: 582 Way: 0 Address: 0x2fa0c9180
  Set: 583 Way: 0 Address: 0x2fa0c91c1
  Set: 584 Way: 0 Address: 0x292959238
  Set: 584 Way: 1 Address: 0x312099220
  Set: 584 Way: 2 Address: 0x2fa0c9200
  Set: 585 Way: 0 Address: 0x292959240
  Set: 585 Way: 1 Address: 0x312099258
  Set: 585 Way: 2 Address: 0x2fa0c9242
  Set: 586 Way: 0 Address: 0x2fa0c9285
  Set: 587 Way: 0 Address: 0x2fa0c92c1
  Set: 588 Way: 0 Address: 0x2fa0c9307
  Set: 589 Way: 0 Address: 0x2fa0c9345
  Set: 590 Way: 0 Address: 0x2fa0c9383
  Set: 591 Way: 0 Address: 0x2fa0c93c5
  Set: 592 Way: 0 Address: 0x2fa0c943e
  Set: 593 Way: 0 Address: 0x2fa0c9449
  Set: 594 Way: 0 Address: 0x2fa0c9489
  Set: 595 Way: 0 Address: 0x16a8594e0
  Set: 595 Way: 1 Address: 0x2fa0c94c7
  Set: 596 Way: 0 Address: 0x2fa0c950b
  Set: 604 Way: 0 Address: 0x2fa0c9710
  Set: 608 Way: 0 Address: 0x2c8749828
  Set: 612 Way: 0 Address: 0x2fa0c9900
  Set: 613 Way: 0 Address: 0x2fa0c9945
  Set: 614 Way: 0 Address: 0xb84a99b2
  Set: 614 Way: 1 Address: 0x2fa0c9982
  Set: 615 Way: 0 Address: 0x2fa0c99c0
  Set: 617 Way: 0 Address: 0x2fa0c9a51
  Set: 618 Way: 0 Address: 0x2fa0c9a80
  Set: 619 Way: 0 Address: 0x2fa0c9ac2
  Set: 620 Way: 0 Address: 0x2fa0c9b03
  Set: 621 Way: 0 Address: 0x2fa0c9b45
  Set: 622 Way: 0 Address: 0x2fa0c9b83
  Set: 622 Way: 1 Address: 0x5d6e9bb8
  Set: 625 Way: 0 Address: 0x2fa0c9c4d
  Set: 629 Way: 0 Address: 0x2fa0c9d79
  Set: 630 Way: 0 Address: 0x2fa0c9d81
  Set: 636 Way: 0 Address: 0x8a579f28
  Set: 640 Way: 0 Address: 0x229b9a000
  Set: 641 Way: 0 Address: 0x223eda068
  Set: 669 Way: 0 Address: 0x1132fa748
  Set: 676 Way: 0 Address: 0x223eda930
  Set: 684 Way: 0 Address: 0xc67dab00
  Set: 686 Way: 0 Address: 0xc67dab80
  Set: 686 Way: 1 Address: 0x1e561abb0
  Set: 686 Way: 2 Address: 0x8754abb0
  Set: 687 Way: 0 Address: 0x1e561abc8
  Set: 694 Way: 0 Address: 0x1132fad80
  Set: 705 Way: 0 Address: 0x3b377b070
  Set: 705 Way: 1 Address: 0xc0d9b078
  Set: 710 Way: 0 Address: 0x394edb194
  Set: 711 Way: 0 Address: 0x394edb1cc
  Set: 713 Way: 0 Address: 0xc0d9b250
  Set: 720 Way: 0 Address: 0x36889b430
  Set: 721 Way: 0 Address: 0x36889b440
  Set: 726 Way: 0 Address: 0x394edb5a5
  Set: 727 Way: 0 Address: 0x394edb5c5
  Set: 728 Way: 0 Address: 0x394edb605
  Set: 736 Way: 0 Address: 0xcf83b820
  Set: 741 Way: 0 Address: 0x3b377b950
  Set: 761 Way: 0 Address: 0x28420be62
  Set: 768 Way: 0 Address: 0xdf85c000
  Set: 773 Way: 0 Address: 0x12c6fc148
  Set: 776 Way: 0 Address: 0xb77ac23c
  Set: 782 Way: 0 Address: 0x12c6fc3a0
  Set: 782 Way: 1 Address: 0x28f0cc388
  Set: 787 Way: 0 Address: 0xb77ac4fc
  Set: 791 Way: 0 Address: 0x12c6fc5d8
  Set: 791 Way: 1 Address: 0x28f0cc5d0
  Set: 798 Way: 0 Address: 0xb77ac7bc
  Set: 799 Way: 0 Address: 0x32f48c7fc
  Set: 800 Way: 0 Address: 0x32f48c824
  Set: 803 Way: 0 Address: 0x32502c8d0
  Set: 805 Way: 0 Address: 0x32502c948
  Set: 809 Way: 0 Address: 0xb77aca7c
  Set: 811 Way: 0 Address: 0x38e35cae8
  Set: 811 Way: 1 Address: 0x1ae2ccaf0
  Set: 811 Way: 2 Address: 0x32502caf8
  Set: 813 Way: 0 Address: 0x38e35cb60
  Set: 814 Way: 0 Address: 0x38e35cb80
  Set: 820 Way: 0 Address: 0xb77acd3c
  Set: 826 Way: 0 Address: 0x4dd9ceb8
  Set: 831 Way: 0 Address: 0xb77acffc
  Set: 832 Way: 0 Address: 0xe51bd020
  Set: 832 Way: 1 Address: 0xdb22d020
  Set: 834 Way: 0 Address: 0x23755d080
  Set: 839 Way: 0 Address: 0xe51bd1f0
  Set: 855 Way: 0 Address: 0x5588d5d8
  Set: 885 Way: 0 Address: 0x15164dd60
  Set: 886 Way: 0 Address: 0x15164dd93
  Set: 887 Way: 0 Address: 0x15164dde2
  Set: 888 Way: 0 Address: 0x15164de02
  Set: 892 Way: 0 Address: 0x1addf00
  Set: 893 Way: 0 Address: 0x1addf40
  Set: 896 Way: 0 Address: 0x28b67e000
  Set: 896 Way: 1 Address: 0x2f5d8e03f
  Set: 896 Way: 2 Address: 0x1c084e03d
  Set: 897 Way: 0 Address: 0x2f5d8e048
  Set: 900 Way: 0 Address: 0x2db79e106
  Set: 901 Way: 0 Address: 0x2db79e142
  Set: 902 Way: 0 Address: 0x2db79e181
  Set: 903 Way: 0 Address: 0x2db79e1c2
  Set: 904 Way: 0 Address: 0x2db79e201
  Set: 906 Way: 0 Address: 0x2f5d8e2bf
  Set: 907 Way: 0 Address: 0x2f5d8e2ff
  Set: 907 Way: 1 Address: 0x1c084e2fd
  Set: 908 Way: 0 Address: 0x2f5d8e308
  Set: 910 Way: 0 Address: 0x3734ee398
  Set: 910 Way: 1 Address: 0x1c084e38e
  Set: 912 Way: 0 Address: 0x7d0ee400
  Set: 913 Way: 0 Address: 0x7d0ee478
  Set: 915 Way: 0 Address: 0x2db79e4e1
  Set: 916 Way: 0 Address: 0x2db79e500
  Set: 917 Way: 0 Address: 0x2db79e542
  Set: 917 Way: 1 Address: 0x2f5d8e57f
  Set: 918 Way: 0 Address: 0x2db79e582
  Set: 918 Way: 1 Address: 0x2f5d8e5bf
  Set: 918 Way: 2 Address: 0x1c084e5bd
  Set: 919 Way: 0 Address: 0x2f5d8e5c8
  Set: 919 Way: 1 Address: 0x2db79e5c2
  Set: 920 Way: 0 Address: 0x2db79e605
  Set: 920 Way: 1 Address: 0x7d0ee634
  Set: 921 Way: 0 Address: 0x1c084e64c
  Set: 921 Way: 1 Address: 0x2db79e640
  Set: 922 Way: 0 Address: 0x2db79e680
  Set: 926 Way: 0 Address: 0x1f919e7b0
  Set: 927 Way: 0 Address: 0x28b67e7f8
  Set: 927 Way: 1 Address: 0x1f919e7c4
  Set: 928 Way: 0 Address: 0x1f919e801
  Set: 929 Way: 0 Address: 0x1f919e841
  Set: 929 Way: 1 Address: 0x2f5d8e87d
  Set: 929 Way: 2 Address: 0x1c084e87d
  Set: 930 Way: 0 Address: 0x1f919e882
  Set: 930 Way: 1 Address: 0x2f5d8e88d
  Set: 931 Way: 0 Address: 0x1f919e8e0
  Set: 932 Way: 0 Address: 0x1c084e90c
  Set: 935 Way: 0 Address: 0x20597e9ca
  Set: 937 Way: 0 Address: 0x1f919ea6a
  Set: 938 Way: 0 Address: 0x1f919ea80
  Set: 939 Way: 0 Address: 0x1f919eac0
  Set: 940 Way: 0 Address: 0x2c077eb10
  Set: 940 Way: 1 Address: 0x1c084eb3d
  Set: 941 Way: 0 Address: 0x7d0eeb44
  Set: 942 Way: 0 Address: 0x1c084ebbd
  Set: 943 Way: 0 Address: 0x1c084ebcc
  Set: 946 Way: 0 Address: 0x20597ec8a
  Set: 948 Way: 0 Address: 0x1f919ed1f
  Set: 951 Way: 0 Address: 0x1c084edfd
  Set: 953 Way: 0 Address: 0x1c084ee7d
  Set: 954 Way: 0 Address: 0x1c084ee8c
  Set: 954 Way: 1 Address: 0x2c077ee88
  Set: 957 Way: 0 Address: 0x20597ef4a
  Set: 959 Way: 0 Address: 0x7d0eefd0
  Set: 962 Way: 0 Address: 0xee86f0bf
  Set: 963 Way: 0 Address: 0xee86f0ff
  Set: 964 Way: 0 Address: 0xee86f108
  Set: 964 Way: 1 Address: 0x22272f13d
  Set: 965 Way: 0 Address: 0x22272f14c
  Set: 967 Way: 0 Address: 0x16390f1e0
  Set: 968 Way: 0 Address: 0x16390f200
  Set: 969 Way: 0 Address: 0x16390f248
  Set: 970 Way: 0 Address: 0x16390f2b8
  Set: 971 Way: 0 Address: 0x16390f2d0
  Set: 972 Way: 0 Address: 0x16390f330
  Set: 973 Way: 0 Address: 0x16390f340
  Set: 973 Way: 1 Address: 0xee86f37f
  Set: 974 Way: 0 Address: 0x16390f390
  Set: 974 Way: 1 Address: 0xee86f3bf
  Set: 975 Way: 0 Address: 0xee86f3c8
  Set: 975 Way: 1 Address: 0x16390f3f8
  Set: 975 Way: 2 Address: 0x22272f3fd
  Set: 976 Way: 0 Address: 0x16390f418
  Set: 976 Way: 1 Address: 0x22272f40c
  Set: 977 Way: 0 Address: 0x16390f470
  Set: 980 Way: 0 Address: 0x16390f534
  Set: 981 Way: 0 Address: 0x16390f540
  Set: 982 Way: 0 Address: 0x16390f580
  Set: 983 Way: 0 Address: 0x23756f5e8
  Set: 984 Way: 0 Address: 0x16390f618
  Set: 985 Way: 0 Address: 0x16390f640
  Set: 986 Way: 0 Address: 0x16390f68c
  Set: 986 Way: 1 Address: 0x22272f6bd
  Set: 987 Way: 0 Address: 0x16390f6e2
  Set: 987 Way: 1 Address: 0x22272f6cc
  Set: 988 Way: 0 Address: 0x16390f730
  Set: 989 Way: 0 Address: 0x16390f778
  Set: 990 Way: 0 Address: 0x16390f780
  Set: 991 Way: 0 Address: 0x16390f7ec
  Set: 992 Way: 0 Address: 0x23756f820
  Set: 997 Way: 0 Address: 0x22272f97d
  Set: 998 Way: 0 Address: 0x22272f990
  Set: 998 Way: 1 Address: 0x16390f9a8
  Set: 999 Way: 0 Address: 0x16390f9c0
  Set: 1000 Way: 0 Address: 0x16390fa10
  Set: 1001 Way: 0 Address: 0x16390fa50
  Set: 1008 Way: 0 Address: 0x22272fc3d
  Set: 1009 Way: 0 Address: 0x22272fc50
  Set: 1010 Way: 0 Address: 0x16390fc98
  Set: 1018 Way: 0 Address: 0x3567dfe88
  Set: 1019 Way: 0 Address: 0x22272fefd
  Set: 1020 Way: 0 Address: 0x143eff20
  Set: 1020 Way: 1 Address: 0x22272ff10
EndCache
Cache: cpu0_L1I
  Set: 0 Way: 0 Address: 0x181c81010
  Set: 1 Way: 0 Address: 0x181c81040
  Set: 2 Way: 0 Address: 0x181c810b3
  Set: 3 Way: 0 Address: 0x2015980ef
  Set: 4 Way: 0 Address: 0x2db79e135
  Set: 4 Way: 1 Address: 0x201598129
  Set: 5 Way: 0 Address: 0x2db79e142
  Set: 5 Way: 1 Address: 0x201598146
  Set: 6 Way: 0 Address: 0x2db79e181
  Set: 6 Way: 1 Address: 0x2015981b0
  Set: 6 Way: 2 Address: 0x2fa0c91a8
  Set: 7 Way: 0 Address: 0x1c84e21c2
  Set: 7 Way: 1 Address: 0x2db79e1c2
  Set: 7 Way: 2 Address: 0x2015981ef
  Set: 7 Way: 3 Address: 0x2fa0c91da
  Set: 8 Way: 0 Address: 0x2db79e201
  Set: 8 Way: 1 Address: 0x3232f321b
  Set: 8 Way: 2 Address: 0x181c81210
  Set: 8 Way: 3 Address: 0x201598201
  Set: 8 Way: 4 Address: 0x2fa0c9222
  Set: 9 Way: 0 Address: 0x3232f327a
  Set: 9 Way: 1 Address: 0x181c81277
  Set: 9 Way: 2 Address: 0x2fa0c9242
  Set: 10 Way: 0 Address: 0x3232f32ae
  Set: 10 Way: 1 Address: 0x181c81287
  Set: 10 Way: 2 Address: 0x2fa0c929f
  Set: 11 Way: 0 Address: 0x3232f32c7
  Set: 11 Way: 1 Address: 0x181c812c0
  Set: 11 Way: 2 Address: 0x2fa0c92dc
  Set: 12 Way: 0 Address: 0x181c81300
  Set: 12 Way: 1 Address: 0x3232f3300
  Set: 12 Way: 2 Address: 0x2fa0c9307
  Set: 13 Way: 0 Address: 0x2fa0c9345
  Set: 14 Way: 0 Address: 0x2fa0c93aa
  Set: 15 Way: 0 Address: 0x1c84e23fb
  Set: 15 Way: 1 Address: 0x2fa0c93f2
  Set: 16 Way: 0 Address: 0x1c84e2400
  Set: 16 Way: 1 Address: 0x2fa0c943e
  Set: 17 Way: 0 Address: 0x181c8145f
  Set: 17 Way: 1 Address: 0x2fa0c9449
  Set: 18 Way: 0 Address: 0x181c81480
  Set: 18 Way: 1 Address: 0x2fa0c94bc
  Set: 19 Way: 0 Address: 0x2db79e4e1
  Set: 19 Way: 1 Address: 0x181c814c6
  Set: 19 Way: 2 Address: 0x2fa0c94c7
  Set: 20 Way: 0 Address: 0x2db79e52c
  Set: 20 Way: 1 Address: 0x181c81500
  Set: 20 Way: 2 Address: 0x2fa0c950b
  Set: 21 Way: 0 Address: 0x2db79e542
  Set: 21 Way: 1 Address: 0x181c81541
  Set: 22 Way: 0 Address: 0x2db79e5ad
  Set: 23 Way: 0 Address: 0x2db79e5e6
  Set: 24 Way: 0 Address: 0x2db79e625
  Set: 25 Way: 0 Address: 0x2db79e677
  Set: 26 Way: 0 Address: 0x2db79e680
  Set: 26 Way: 1 Address: 0x181c816b5
  Set: 27 Way: 0 Address: 0x181c816e5
  Set: 28 Way: 0 Address: 0x1aafb8720
  Set: 28 Way: 1 Address: 0x181c8172e
  Set: 28 Way: 2 Address: 0x2fa0c9710
  Set: 29 Way: 0 Address: 0x1aafb8762
  Set: 29 Way: 1 Address: 0x181c81743
  Set: 30 Way: 0 Address: 0x1aafb87bd
  Set: 30 Way: 1 Address: 0x1f919e7b0
  Set: 30 Way: 2 Address: 0x181c8179c
  Set: 31 Way: 0 Address: 0x1aafb87f1
  Set: 31 Way: 1 Address: 0x1f919e7ef
  Set: 31 Way: 2 Address: 0x1b0f157ea
  Set: 32 Way: 0 Address: 0x1aafb8802
  Set: 32 Way: 1 Address: 0x1f919e81e
  Set: 32 Way: 2 Address: 0x1b0f15801
  Set: 33 Way: 0 Address: 0x1f919e86c
  Set: 33 Way: 1 Address: 0x1b0f15843
  Set: 33 Way: 2 Address: 0x1064c2870
  Set: 34 Way: 0 Address: 0x1f919e882
  Set: 34 Way: 1 Address: 0x1064c28b2
  Set: 35 Way: 0 Address: 0x1f919e8e0
  Set: 35 Way: 1 Address: 0x1064c28e4
  Set: 36 Way: 0 Address: 0x1064c2906
  Set: 36 Way: 1 Address: 0x181c81900
  Set: 36 Way: 2 Address: 0x2fa0c993a
  Set: 37 Way: 0 Address: 0x1064c2969
  Set: 37 Way: 1 Address: 0x181c81968
  Set: 37 Way: 2 Address: 0x2fa0c997d
  Set: 38 Way: 0 Address: 0x181c81980
  Set: 38 Way: 1 Address: 0x2fa0c99b2
  Set: 39 Way: 0 Address: 0x2fa0c99e1
  Set: 41 Way: 0 Address: 0x1f919ea60
  Set: 41 Way: 1 Address: 0x2fa0c9a51
  Set: 42 Way: 0 Address: 0x1f919ea80
  Set: 42 Way: 1 Address: 0x1064c2a87
  Set: 42 Way: 2 Address: 0x2fa0c9aa1
  Set: 42 Way: 3 Address: 0x201598a90
  Set: 43 Way: 0 Address: 0x1f919eac0
  Set: 43 Way: 1 Address: 0x1064c2ac3
  Set: 43 Way: 2 Address: 0x2fa0c9afe
  Set: 43 Way: 3 Address: 0x201598ac3
  Set: 44 Way: 0 Address: 0x1064c2b22
  Set: 44 Way: 1 Address: 0x2fa0c9b3e
  Set: 44 Way: 2 Address: 0x201598b2d
  Set: 45 Way: 0 Address: 0x1064c2b43
  Set: 45 Way: 1 Address: 0x2fa0c9b7b
  Set: 45 Way: 2 Address: 0x201598b7e
  Set: 46 Way: 0 Address: 0x1064c2ba0
  Set: 46 Way: 1 Address: 0x181c81bb2
  Set: 46 Way: 2 Address: 0x2fa0c9b83
  Set: 46 Way: 3 Address: 0x201598b82
  Set: 47 Way: 0 Address: 0x1064c2bdd
  Set: 47 Way: 1 Address: 0x181c81bf7
  Set: 47 Way: 2 Address: 0x201598bf1
  Set: 48 Way: 0 Address: 0x1064c2c19
  Set: 48 Way: 1 Address: 0x181c81c00
  Set: 48 Way: 2 Address: 0x3704c7c30
  Set: 48 Way: 3 Address: 0x201598c27
  Set: 49 Way: 0 Address: 0x1064c2c65
  Set: 49 Way: 1 Address: 0x3d87a6c70
  Set: 49 Way: 2 Address: 0x2fa0c9c4d
  Set: 49 Way: 3 Address: 0x3704c7c59
  Set: 49 Way: 4 Address: 0x201598c43
  Set: 50 Way: 0 Address: 0x201598cad
  Set: 50 Way: 1 Address: 0x1064c2c82
  Set: 50 Way: 2 Address: 0x3d87a6c81
  Set: 50 Way: 3 Address: 0x3704c7c98
  Set: 51 Way: 0 Address: 0x201598cc1
  Set: 51 Way: 1 Address: 0x1064c2cf3
  Set: 51 Way: 2 Address: 0x3d87a6cfe
  Set: 51 Way: 3 Address: 0x3704c7cc1
  Set: 52 Way: 0 Address: 0x201598d31
  Set: 52 Way: 1 Address: 0x1f919ed1f
  Set: 52 Way: 2 Address: 0x1064c2d02
  Set: 52 Way: 3 Address: 0x3d87a6d25
  Set: 53 Way: 0 Address: 0x201598d6b
  Set: 53 Way: 1 Address: 0x3d87a6d60
  Set: 53 Way: 2 Address: 0x1064c2d41
  Set: 53 Way: 3 Address: 0x2fa0c9d79
  Set: 53 Way: 4 Address: 0x15164dd60
  Set: 54 Way: 0 Address: 0x201598db5
  Set: 54 Way: 1 Address: 0x3d87a6d83
  Set: 54 Way: 2 Address: 0x2fa0c9d81
  Set: 54 Way: 3 Address: 0x15164dd93
  Set: 55 Way: 0 Address: 0x201598df0
  Set: 55 Way: 1 Address: 0x3d87a6de2
  Set: 55 Way: 2 Address: 0x15164dde2
  Set: 56 Way: 0 Address: 0x201598e02
  Set: 56 Way: 1 Address: 0x3d87a6e1f
  Set: 56 Way: 2 Address: 0x15164de02
  Set: 57 Way: 0 Address: 0x201598e61
  Set: 57 Way: 1 Address: 0x3d87a6e73
  Set: 58 Way: 0 Address: 0x201598e81
  Set: 58 Way: 1 Address: 0x3d87a6eb5
  Set: 59 Way: 0 Address: 0x3d87a6ef7
  Set: 59 Way: 1 Address: 0x1064c2ecf
  Set: 60 Way: 0 Address: 0x3d87a6f39
  Set: 60 Way: 1 Address: 0x1064c2f27
  Set: 61 Way: 0 Address: 0x3d87a6f60
  Set: 61 Way: 1 Address: 0x1064c2f62
  Set: 62 Way: 0 Address: 0x3d87a6fb6
  Set: 62 Way: 1 Address: 0x1064c2fa4
  Set: 63 Way: 0 Address: 0x3d87a6fc0
  Set: 63 Way: 1 Address: 0x1064c2fee
EndCache
Cache: cpu0_L1D
  Set: 0 Way: 0 Address: 0xdf85c000
  Set: 0 Way: 1 Address: 0x28b67e000
  Set: 0 Way: 2 Address: 0x229b9a000
  Set: 0 Way: 3 Address: 0x195f15010
  Set: 0 Way: 4 Address: 0x113201010
  Set: 0 Way: 5 Address: 0x9cff2018
  Set: 0 Way: 6 Address: 0xe51bd020
  Set: 0 Way: 7 Address: 0xdb22d020
  Set: 0 Way: 8 Address: 0x2f5d8e03f
  Set: 0 Way: 9 Address: 0xa3a52038
  Set: 0 Way: 10 Address: 0xf6e8103f
  Set: 0 Way: 11 Address: 0x1c084e039
  Set: 1 Way: 0 Address: 0x113201068
  Set: 1 Way: 1 Address: 0x223eda068
  Set: 1 Way: 2 Address: 0x2f5d8e048
  Set: 1 Way: 3 Address: 0x3b377b070
  Set: 1 Way: 4 Address: 0x3bdd78070
  Set: 1 Way: 5 Address: 0xc0d9b078
  Set: 1 Way: 6 Address: 0x257713078
  Set: 1 Way: 7 Address: 0xa3a52040
  Set: 1 Way: 8 Address: 0xf6e8107f
  Set: 2 Way: 0 Address: 0x195f15080
  Set: 2 Way: 1 Address: 0x23755d080
  Set: 2 Way: 2 Address: 0x1995f2098
  Set: 2 Way: 3 Address: 0xf6e8108b
  Set: 2 Way: 4 Address: 0xee86f0bf
  Set: 2 Way: 5 Address: 0x12c0770bc
  Set: 3 Way: 0 Address: 0x848960f0
  Set: 3 Way: 1 Address: 0x12c0770f4
  Set: 3 Way: 2 Address: 0xee86f0ff
  Set: 4 Way: 0 Address: 0xee86f108
  Set: 4 Way: 1 Address: 0x168ef0130
  Set: 4 Way: 2 Address: 0x22272f139
  Set: 5 Way: 0 Address: 0xc7078150
  Set: 5 Way: 1 Address: 0x6d0c2158
  Set: 5 Way: 2 Address: 0x12c6fc148
  Set: 5 Way: 3 Address: 0x1ab44148
  Set: 5 Way: 4 Address: 0x22272f153
  Set: 5 Way: 5 Address: 0x24700616c
  Set: 5 Way: 6 Address: 0x84896168
  Set: 5 Way: 7 Address: 0x358da7178
  Set: 5 Way: 8 Address: 0x2c8749140
  Set: 5 Way: 9 Address: 0x37f426140
  Set: 5 Way: 10 Address: 0x6e620179
  Set: 6 Way: 0 Address: 0x394edb194
  Set: 6 Way: 1 Address: 0x27d4c61b8
  Set: 6 Way: 2 Address: 0x6e620180
  Set: 7 Way: 0 Address: 0x16390f1f0
  Set: 7 Way: 1 Address: 0x27d4c61cb
  Set: 7 Way: 2 Address: 0x394edb1c8
  Set: 7 Way: 3 Address: 0x2725851f0
  Set: 7 Way: 4 Address: 0xe51bd1f0
  Set: 7 Way: 5 Address: 0x1b7ae61f8
  Set: 7 Way: 6 Address: 0x3098871f9
  Set: 8 Way: 0 Address: 0x113201228
  Set: 8 Way: 1 Address: 0x2a4841228
  Set: 8 Way: 2 Address: 0x16390f210
  Set: 8 Way: 3 Address: 0x211d16230
  Set: 8 Way: 4 Address: 0x2177f0230
  Set: 8 Way: 5 Address: 0x292959238
  Set: 8 Way: 6 Address: 0x342b40238
  Set: 8 Way: 7 Address: 0x34a873211
  Set: 8 Way: 8 Address: 0x312099220
  Set: 8 Way: 9 Address: 0x272585220
  Set: 8 Way: 10 Address: 0x30988723f
  Set: 8 Way: 11 Address: 0xb77ac238
  Set: 9 Way: 0 Address: 0x292959240
  Set: 9 Way: 1 Address: 0x16390f248
  Set: 9 Way: 2 Address: 0x3bdd78240
  Set: 9 Way: 3 Address: 0x2c9898240
  Set: 9 Way: 4 Address: 0xc0d9b250
  Set: 9 Way: 5 Address: 0x257713258
  Set: 9 Way: 6 Address: 0x312099258
  Set: 9 Way: 7 Address: 0x342b40248
  Set: 9 Way: 8 Address: 0x2db378248
  Set: 9 Way: 9 Address: 0x30988727f
  Set: 9 Way: 10 Address: 0x1b7ae6278
  Set: 10 Way: 0 Address: 0x16390f2a0
  Set: 10 Way: 1 Address: 0x309887293
  Set: 10 Way: 2 Address: 0x1b7ae6280
  Set: 10 Way: 3 Address: 0x2f5d8e2bf
  Set: 11 Way: 0 Address: 0x16390f2d0
  Set: 11 Way: 1 Address: 0x276ff72f2
  Set: 11 Way: 2 Address: 0x2f5d8e2ff
  Set: 11 Way: 3 Address: 0xa3a522f8
  Set: 11 Way: 4 Address: 0xf6e812ff
  Set: 11 Way: 5 Address: 0x1c084e2f9
  Set: 12 Way: 0 Address: 0x2f5d8e308
  Set: 12 Way: 1 Address: 0x16390f300
  Set: 12 Way: 2 Address: 0x276ff7310
  Set: 12 Way: 3 Address: 0x6b744310
  Set: 12 Way: 4 Address: 0xa3a52300
  Set: 12 Way: 5 Address: 0xf6e8133f
  Set: 13 Way: 0 Address: 0x16390f340
  Set: 13 Way: 1 Address: 0xf6e8134b
  Set: 13 Way: 2 Address: 0xee86f37f
  Set: 14 Way: 0 Address: 0x3734ee398
  Set: 14 Way: 1 Address: 0xc70783a0
  Set: 14 Way: 2 Address: 0x12c6fc3a0
  Set: 14 Way: 3 Address: 0x16390f390
  Set: 14 Way: 4 Address: 0x1c084e390
  Set: 14 Way: 5 Address: 0x6b7443a0
  Set: 14 Way: 6 Address: 0xee86f3bf
  Set: 14 Way: 7 Address: 0x28f0cc388
  Set: 14 Way: 8 Address: 0x190973388
  Set: 14 Way: 9 Address: 0x348de2390
  Set: 15 Way: 0 Address: 0xee86f3c8
  Set: 15 Way: 1 Address: 0x16390f3f8
  Set: 15 Way: 2 Address: 0x22272f3f9
  Set: 16 Way: 0 Address: 0x16390f418
  Set: 16 Way: 1 Address: 0x22272f412
  Set: 16 Way: 2 Address: 0x7d0ee400
  Set: 16 Way: 3 Address: 0x36889b430
  Set: 16 Way: 4 Address: 0x358da7438
  Set: 16 Way: 5 Address: 0x6e620439
  Set: 17 Way: 0 Address: 0x16390f478
  Set: 17 Way: 1 Address: 0x7d0ee478
  Set: 17 Way: 2 Address: 0x36889b440
  Set: 17 Way: 3 Address: 0x6e620440
  Set: 18 Way: 0 Address: 0x3098874b8
  Set: 18 Way: 1 Address: 0x166684be
  Set: 19 Way: 0 Address: 0x6e6204cc
  Set: 19 Way: 1 Address: 0x34a8734d1
  Set: 19 Way: 2 Address: 0x166684d2
  Set: 19 Way: 3 Address: 0x16a8594e0
  Set: 19 Way: 4 Address: 0x3098874ff
  Set: 19 Way: 5 Address: 0xb77ac4f8
  Set: 20 Way: 0 Address: 0x16390f534
  Set: 20 Way: 1 Address: 0x30988753f
  Set: 20 Way: 2 Address: 0x1b7ae6538
  Set: 21 Way: 0 Address: 0x16390f543
  Set: 21 Way: 1 Address: 0x309887552
  Set: 21 Way: 2 Address: 0x1b7ae6540
  Set: 21 Way: 3 Address: 0x112417550
  Set: 21 Way: 4 Address: 0x2f5d8e57f
  Set: 22 Way: 0 Address: 0x16390f587
  Set: 22 Way: 1 Address: 0x394edb5b0
  Set: 22 Way: 2 Address: 0x2f5d8e5bf
  Set: 22 Way: 3 Address: 0xa3a525b8
  Set: 22 Way: 4 Address: 0xf6e815bf
  Set: 22 Way: 5 Address: 0x1c084e5b9
  Set: 23 Way: 0 Address: 0x2f5d8e5c8
  Set: 23 Way: 1 Address: 0x394edb5d1
  Set: 23 Way: 2 Address: 0x12c6fc5d8
  Set: 23 Way: 3 Address: 0x5588d5d8
  Set: 23 Way: 4 Address: 0x1ab445e0
  Set: 23 Way: 5 Address: 0x14bb105e0
  Set: 23 Way: 6 Address: 0x23756f5e8
  Set: 23 Way: 7 Address: 0xa3a525c0
  Set: 23 Way: 8 Address: 0xf6e815ff
  Set: 23 Way: 9 Address: 0x37f4265d0
  Set: 23 Way: 10 Address: 0x28f0cc5d0
  Set: 24 Way: 0 Address: 0xf6e8160f
  Set: 24 Way: 1 Address: 0x394edb611
  Set: 24 Way: 2 Address: 0x16390f630
  Set: 24 Way: 3 Address: 0x7d0ee634
  Set: 25 Way: 0 Address: 0x1c084e652
  Set: 25 Way: 1 Address: 0x16390f640
  Set: 26 Way: 0 Address: 0x16390f68c
  Set: 26 Way: 1 Address: 0x22272f6b9
  Set: 27 Way: 0 Address: 0xb80046c8
  Set: 27 Way: 1 Address: 0x16390f6e2
  Set: 27 Way: 2 Address: 0x22272f6d2
  Set: 27 Way: 3 Address: 0x358da76f8
  Set: 27 Way: 4 Address: 0x6e6206f9
  Set: 28 Way: 0 Address: 0x16390f728
  Set: 28 Way: 1 Address: 0x6e620700
  Set: 29 Way: 0 Address: 0x16390f778
  Set: 29 Way: 1 Address: 0x1132fa748
  Set: 29 Way: 2 Address: 0x2fbe97748
  Set: 30 Way: 0 Address: 0x16390f780
  Set: 30 Way: 1 Address: 0x6e620792
  Set: 30 Way: 2 Address: 0x34a873791
  Set: 30 Way: 3 Address: 0x3098877bf
  Set: 30 Way: 4 Address: 0xb77ac7b8
  Set: 31 Way: 0 Address: 0x28b67e7f8
  Set: 31 Way: 1 Address: 0x263c137f8
  Set: 31 Way: 2 Address: 0x16390f7e4
  Set: 31 Way: 3 Address: 0x3098877ff
  Set: 31 Way: 4 Address: 0x1b7ae67f8
  Set: 31 Way: 5 Address: 0x101c267f9
  Set: 31 Way: 6 Address: 0x32f48c7fc
  Set: 32 Way: 0 Address: 0x30988780e
  Set: 32 Way: 1 Address: 0x23756f820
  Set: 32 Way: 2 Address: 0xcf83b820
  Set: 32 Way: 3 Address: 0x2c8749828
  Set: 32 Way: 4 Address: 0x32f48c824
  Set: 32 Way: 5 Address: 0x1b7ae6800
  Set: 33 Way: 0 Address: 0x2f5d8e878
  Set: 33 Way: 1 Address: 0xf6e8187f
  Set: 33 Way: 2 Address: 0x1c084e879
  Set: 34 Way: 0 Address: 0x2f5d8e88b
  Set: 34 Way: 1 Address: 0xf6e818bf
  Set: 35 Way: 0 Address: 0xf6e818cc
  Set: 35 Way: 1 Address: 0x32502c8d0
  Set: 36 Way: 0 Address: 0x223eda930
  Set: 36 Way: 1 Address: 0x211d16930
  Set: 36 Way: 2 Address: 0x1c084e913
  Set: 36 Way: 3 Address: 0xbeea7930
  Set: 37 Way: 0 Address: 0x133c92974
  Set: 37 Way: 1 Address: 0x2177f0950
  Set: 37 Way: 2 Address: 0x3b377b950
  Set: 37 Way: 3 Address: 0x32502c948
  Set: 37 Way: 4 Address: 0x22272f979
  Set: 38 Way: 0 Address: 0x22272f98b
  Set: 38 Way: 1 Address: 0x16390f9b8
  Set: 38 Way: 2 Address: 0xb84a99b2
  Set: 38 Way: 3 Address: 0x358da79b8
  Set: 38 Way: 4 Address: 0x6e6209b9
  Set: 39 Way: 0 Address: 0x20597e9d1
  Set: 39 Way: 1 Address: 0x16390f9d8
  Set: 39 Way: 2 Address: 0x6e6209c0
  Set: 40 Way: 0 Address: 0x16390fa08
  Set: 41 Way: 0 Address: 0x3c56b3a58
  Set: 41 Way: 1 Address: 0x6e620a53
  Set: 41 Way: 2 Address: 0x34a873a51
  Set: 41 Way: 3 Address: 0x168ef0a58
  Set: 41 Way: 4 Address: 0x309887a7f
  Set: 41 Way: 5 Address: 0x16390fa50
  Set: 41 Way: 6 Address: 0xb77aca78
  Set: 42 Way: 0 Address: 0x309887abf
  Set: 42 Way: 1 Address: 0x1b7ae6ab8
  Set: 42 Way: 2 Address: 0x101c26ab9
  Set: 43 Way: 0 Address: 0x309887aca
  Set: 43 Way: 1 Address: 0x38e35cae8
  Set: 43 Way: 2 Address: 0xbeea7ad8
  Set: 43 Way: 3 Address: 0x34a0e5af0
  Set: 43 Way: 4 Address: 0x1ae2ccaf0
  Set: 43 Way: 5 Address: 0x260091af8
  Set: 43 Way: 6 Address: 0x32502caf8
  Set: 43 Way: 7 Address: 0x1b7ae6ac0
  Set: 44 Way: 0 Address: 0xbeea7b32
  Set: 44 Way: 1 Address: 0xc67dab00
  Set: 44 Way: 2 Address: 0x34a0e5b00
  Set: 44 Way: 3 Address: 0x2c077eb10
  Set: 44 Way: 4 Address: 0x57be5b10
  Set: 44 Way: 5 Address: 0xf6e81b3f
  Set: 44 Way: 6 Address: 0x1c084eb39
  Set: 45 Way: 0 Address: 0x38e35cb60
  Set: 45 Way: 1 Address: 0x28a940b60
  Set: 45 Way: 2 Address: 0x7d0eeb44
  Set: 45 Way: 3 Address: 0x354d35b5c
  Set: 45 Way: 4 Address: 0x2fbe97b68
  Set: 45 Way: 5 Address: 0x3fe58b68
  Set: 45 Way: 6 Address: 0xf6e81b7f
  Set: 46 Way: 0 Address: 0xf6e81b88
  Set: 46 Way: 1 Address: 0x38e35cb80
  Set: 46 Way: 2 Address: 0xc67dab80
  Set: 46 Way: 3 Address: 0x354d35ba0
  Set: 46 Way: 4 Address: 0x1c084ebbb
  Set: 46 Way: 5 Address: 0x1e561abb8
  Set: 46 Way: 6 Address: 0x5d6e9bb8
  Set: 46 Way: 7 Address: 0x8754abb0
  Set: 47 Way: 0 Address: 0x1c084ebd3
  Set: 47 Way: 1 Address: 0x1c6532bc0
  Set: 47 Way: 2 Address: 0x1e561abc8
  Set: 47 Way: 3 Address: 0x3bdb2bfd
  Set: 48 Way: 0 Address: 0x3b0803c30
  Set: 48 Way: 1 Address: 0x22272fc39
  Set: 49 Way: 0 Address: 0x354d35c40
  Set: 49 Way: 1 Address: 0x3b0803c50
  Set: 49 Way: 2 Address: 0x22272fc4c
  Set: 49 Way: 3 Address: 0x358da7c78
  Set: 49 Way: 4 Address: 0x6e620c79
  Set: 50 Way: 0 Address: 0x3b0803c98
  Set: 50 Way: 1 Address: 0x20597ec91
  Set: 50 Way: 2 Address: 0x16390fc98
  Set: 50 Way: 3 Address: 0x6e620c80
  Set: 50 Way: 4 Address: 0x34e4a2cb8
  Set: 51 Way: 0 Address: 0x3b0803cff
  Set: 51 Way: 1 Address: 0x34a0e5cf0
  Set: 51 Way: 2 Address: 0x62d12cf0
  Set: 52 Way: 0 Address: 0x6e620d13
  Set: 52 Way: 1 Address: 0x3b0803d08
  Set: 52 Way: 2 Address: 0x34a873d11
  Set: 52 Way: 3 Address: 0x6b744d24
  Set: 52 Way: 4 Address: 0x309887d3f
  Set: 52 Way: 5 Address: 0xb77acd38
  Set: 53 Way: 0 Address: 0x3b0803d70
  Set: 53 Way: 1 Address: 0x309887d7f
  Set: 53 Way: 2 Address: 0x1b7ae6d78
  Set: 53 Way: 3 Address: 0x101c26d79
  Set: 54 Way: 0 Address: 0x309887d88
  Set: 54 Way: 1 Address: 0x3b0803db8
  Set: 54 Way: 2 Address: 0x57be5d80
  Set: 54 Way: 3 Address: 0x1132fad80
  Set: 54 Way: 4 Address: 0x1b7ae6d80
  Set: 55 Way: 0 Address: 0x3b0803df7
  Set: 55 Way: 1 Address: 0xf6e81dff
  Set: 55 Way: 2 Address: 0x1c084edf8
  Set: 56 Way: 0 Address: 0x3c1074e00
  Set: 56 Way: 1 Address: 0x3b0803e37
  Set: 56 Way: 2 Address: 0x6b744e00
  Set: 56 Way: 3 Address: 0xf6e81e3f
  Set: 57 Way: 0 Address: 0xf6e81e48
  Set: 57 Way: 1 Address: 0x3c1074e50
  Set: 57 Way: 2 Address: 0x28420be62
  Set: 57 Way: 3 Address: 0x1c084ee79
  Set: 58 Way: 0 Address: 0x129934e98
  Set: 58 Way: 1 Address: 0x1c084ee93
  Set: 58 Way: 2 Address: 0x34a0e5e88
  Set: 58 Way: 3 Address: 0x2c077ee88
  Set: 58 Way: 4 Address: 0x3567dfe88
  Set: 58 Way: 5 Address: 0x4dd9ceb8
  Set: 58 Way: 6 Address: 0x3bdb2eb8
  Set: 59 Way: 0 Address: 0x3c1074ec0
  Set: 59 Way: 1 Address: 0x22272fef9
  Set: 59 Way: 2 Address: 0x3bdb2ec0
  Set: 60 Way: 0 Address: 0x3dae66f38
  Set: 60 Way: 1 Address: 0x143eff20
  Set: 60 Way: 2 Address: 0x22272ff0b
  Set: 60 Way: 3 Address: 0x1addf00
  Set: 60 Way: 4 Address: 0x31be12f00
  Set: 60 Way: 5 Address: 0x8a579f28
  Set: 60 Way: 6 Address: 0x358da7f38
  Set: 60 Way: 7 Address: 0x6e620f39
  Set: 61 Way: 0 Address: 0x2b2e93f40
  Set: 61 Way: 1 Address: 0x1addf40
  Set: 61 Way: 2 Address: 0x20597ef51
  Set: 61 Way: 3 Address: 0x6e620f40
  Set: 61 Way: 4 Address: 0x34e4a2f78
  Set: 62 Way: 0 Address: 0x19c791fb4
  Set: 62 Way: 1 Address: 0x6e620fb9
  Set: 63 Way: 0 Address: 0x397bb4fd8
  Set: 63 Way: 1 Address: 0x3dae66fd8
  Set: 63 Way: 2 Address: 0x2b2e93fd8
  Set: 63 Way: 3 Address: 0x6e620fd3
  Set: 63 Way: 4 Address: 0x7d0eefd0
  Set: 63 Way: 5 Address: 0x309887fff
  Set: 63 Way: 6 Address: 0xb77acff8
EndCache
Cache: cpu0_ITLB
  Set: 2 Way: 0 Address: 0x4028e0
  Set: 3 Way: 0 Address: 0x403400
  Set: 4 Way: 0 Address: 0x444b7b
  Set: 4 Way: 1 Address: 0x404c98
  Set: 5 Way: 0 Address: 0x445cc1
  Set: 6 Way: 0 Address: 0x446135
  Set: 8 Way: 0 Address: 0x4482ae
  Set: 10 Way: 0 Address: 0x44a8e4
  Set: 11 Way: 0 Address: 0x44b040
  Set: 13 Way: 0 Address: 0x40d7bd
  Set: 14 Way: 0 Address: 0x40e7ea
  Set: 14 Way: 1 Address: 0x43ee02
  Set: 15 Way: 0 Address: 0x40fc81
EndCache
Cache: cpu0_DTLB
  Set: 0 Way: 0 Address: 0x2770824
  Set: 0 Way: 1 Address: 0x2760a58
  Set: 0 Way: 2 Address: 0x21e03a0
  Set: 0 Way: 3 Address: 0x27b04d2
  Set: 1 Way: 0 Address: 0x27d1e62
  Set: 1 Way: 1 Address: 0x7fd2fa671cba
  Set: 2 Way: 0 Address: 0x276216c
  Set: 2 Way: 1 Address: 0x7fd2fa672238
  Set: 3 Way: 0 Address: 0x7fd2fa6738cc
  Set: 4 Way: 0 Address: 0x7fd2fa6743c8
  Set: 4 Way: 1 Address: 0x21e45d1
  Set: 4 Way: 2 Address: 0x7fd2fa7049d1
  Set: 5 Way: 0 Address: 0x7fd2fa705211
  Set: 5 Way: 1 Address: 0x21e54e0
  Set: 6 Way: 0 Address: 0x526974
  Set: 6 Way: 1 Address: 0x7fd2fa376eb8
  Set: 7 Way: 0 Address: 0x21e7e50
  Set: 7 Way: 1 Address: 0x7ffedb247d08
  Set: 7 Way: 2 Address: 0x7fd2fa377f38
  Set: 8 Way: 0 Address: 0x7ffedb2481f0
  Set: 8 Way: 1 Address: 0x21e80f0
  Set: 8 Way: 2 Address: 0x7fd2fa378d80
  Set: 8 Way: 3 Address: 0x7fd2fa628eb8
  Set: 9 Way: 0 Address: 0x7fd2fa629792
  Set: 9 Way: 1 Address: 0x7fd2fa3795c0
  Set: 9 Way: 2 Address: 0x7ffedb249550
  Set: 9 Way: 3 Address: 0x26e9440
  Set: 10 Way: 0 Address: 0x7fd2fa62aaca
  Set: 10 Way: 1 Address: 0x52a930
  Set: 10 Way: 2 Address: 0x7fd2fa6ba7f9
  Set: 11 Way: 0 Address: 0x7fd2fa62b5c8
  Set: 11 Way: 1 Address: 0x21fb310
  Set: 11 Way: 2 Address: 0x7fd2fa6bb38d
  Set: 12 Way: 0 Address: 0x7fd2fa6bc153
  Set: 12 Way: 1 Address: 0x276cfb4
  Set: 13 Way: 0 Address: 0x275dc40
  Set: 13 Way: 1 Address: 0x7fd2fa6bd1cb
  Set: 13 Way: 2 Address: 0x276d0f4
  Set: 14 Way: 0 Address: 0x279e9b2
  Set: 14 Way: 1 Address: 0x275eaf8
  Set: 15 Way: 0 Address: 0x275ffd0
EndCache
Cache: LLC
  Set: 5 Way: 0 Address: 0x6e62017d
  Set: 6 Way: 0 Address: 0x6e620180
  Set: 8 Way: 0 Address: 0x342b40238
  Set: 9 Way: 0 Address: 0x342b40248
  Set: 16 Way: 0 Address: 0x6e62043d
  Set: 17 Way: 0 Address: 0x6e620440
  Set: 19 Way: 0 Address: 0x6e6204d1
  Set: 27 Way: 0 Address: 0x6e6206fd
  Set: 28 Way: 0 Address: 0x6e620700
  Set: 30 Way: 0 Address: 0x6e62078c
  Set: 38 Way: 0 Address: 0x6e6209bd
  Set: 39 Way: 0 Address: 0x6e6209c0
  Set: 41 Way: 0 Address: 0x6e620a4c
  Set: 45 Way: 0 Address: 0x28a940b60
  Set: 49 Way: 0 Address: 0x6e620c7d
  Set: 50 Way: 0 Address: 0x6e620c80
  Set: 52 Way: 0 Address: 0x6e620d0c
  Set: 60 Way: 0 Address: 0x6e620f3d
  Set: 61 Way: 0 Address: 0x6e620f40
  Set: 62 Way: 0 Address: 0x6e620fbd
  Set: 63 Way: 0 Address: 0x6e620fcc
  Set: 64 Way: 0 Address: 0x113201010
  Set: 64 Way: 1 Address: 0x181c81010
  Set: 64 Way: 2 Address: 0xf6e8103f
  Set: 65 Way: 0 Address: 0x113201068
  Set: 65 Way: 1 Address: 0x181c81040
  Set: 65 Way: 2 Address: 0xf6e8107f
  Set: 66 Way: 0 Address: 0xf6e8108f
  Set: 66 Way: 1 Address: 0x181c81082
  Set: 72 Way: 0 Address: 0x113201228
  Set: 72 Way: 1 Address: 0x2a4841228
  Set: 72 Way: 2 Address: 0x181c81210
  Set: 73 Way: 0 Address: 0x181c81241
  Set: 74 Way: 0 Address: 0x181c81287
  Set: 75 Way: 0 Address: 0x181c812c0
  Set: 75 Way: 1 Address: 0xf6e812ff
  Set: 76 Way: 0 Address: 0x181c81300
  Set: 76 Way: 1 Address: 0xf6e8133f
  Set: 77 Way: 0 Address: 0xf6e8134f
  Set: 81 Way: 0 Address: 0x181c8145f
  Set: 82 Way: 0 Address: 0x181c81480
  Set: 83 Way: 0 Address: 0x181c814c6
  Set: 84 Way: 0 Address: 0x181c81500
  Set: 85 Way: 0 Address: 0x181c81541
  Set: 86 Way: 0 Address: 0xf6e815bf
  Set: 87 Way: 0 Address: 0xf6e815ff
  Set: 88 Way: 0 Address: 0xf6e8160d
  Set: 90 Way: 0 Address: 0x181c816b5
  Set: 91 Way: 0 Address: 0x181c816c3
  Set: 92 Way: 0 Address: 0x181c81702
  Set: 93 Way: 0 Address: 0x181c81743
  Set: 94 Way: 0 Address: 0x181c81783
  Set: 97 Way: 0 Address: 0xf6e8187f
  Set: 98 Way: 0 Address: 0xf6e818bf
  Set: 99 Way: 0 Address: 0xf6e818c8
  Set: 100 Way: 0 Address: 0x181c81900
  Set: 101 Way: 0 Address: 0x181c81943
  Set: 102 Way: 0 Address: 0x181c81980
  Set: 108 Way: 0 Address: 0xf6e81b3f
  Set: 109 Way: 0 Address: 0xf6e81b7f
  Set: 110 Way: 0 Address: 0xf6e81b88
  Set: 110 Way: 1 Address: 0x181c81bb2
  Set: 111 Way: 0 Address: 0x181c81bc1
  Set: 112 Way: 0 Address: 0x181c81c00
  Set: 119 Way: 0 Address: 0xf6e81dff
  Set: 120 Way: 0 Address: 0xf6e81e3f
  Set: 121 Way: 0 Address: 0xf6e81e48
  Set: 133 Way: 0 Address: 0x6d0c2158
  Set: 135 Way: 0 Address: 0x1c84e21c2
  Set: 142 Way: 0 Address: 0x348de2390
  Set: 143 Way: 0 Address: 0x1c84e23fb
  Set: 144 Way: 0 Address: 0x1c84e2400
  Set: 161 Way: 0 Address: 0x1064c2870
  Set: 162 Way: 0 Address: 0x1064c2881
  Set: 163 Way: 0 Address: 0x1064c28c3
  Set: 164 Way: 0 Address: 0x1064c2906
  Set: 165 Way: 0 Address: 0x1064c2946
  Set: 170 Way: 0 Address: 0x1064c2a87
  Set: 171 Way: 0 Address: 0x1064c2ac3
  Set: 172 Way: 0 Address: 0x1064c2b05
  Set: 173 Way: 0 Address: 0x1064c2b43
  Set: 174 Way: 0 Address: 0x1064c2b80
  Set: 175 Way: 0 Address: 0x1064c2bc1
  Set: 176 Way: 0 Address: 0x1064c2c03
  Set: 177 Way: 0 Address: 0x1064c2c41
  Set: 178 Way: 0 Address: 0x1064c2c82
  Set: 178 Way: 1 Address: 0x34e4a2cbc
  Set: 179 Way: 0 Address: 0x1064c2cc1
  Set: 180 Way: 0 Address: 0x1064c2d02
  Set: 181 Way: 0 Address: 0x1064c2d41
  Set: 187 Way: 0 Address: 0x1064c2ecf
  Set: 188 Way: 0 Address: 0x1064c2f27
  Set: 189 Way: 0 Address: 0x1064c2f43
  Set: 189 Way: 1 Address: 0x34e4a2f7c
  Set: 190 Way: 0 Address: 0x1064c2f80
  Set: 191 Way: 0 Address: 0x1064c2fc4
  Set: 240 Way: 0 Address: 0x3b0803c20
  Set: 241 Way: 0 Address: 0x3b0803c50
  Set: 242 Way: 0 Address: 0x3b0803cb8
  Set: 243 Way: 0 Address: 0x3b0803cff
  Set: 244 Way: 0 Address: 0x3b0803d38
  Set: 245 Way: 0 Address: 0x3b0803d64
  Set: 246 Way: 0 Address: 0x3b0803db8
  Set: 247 Way: 0 Address: 0x3b0803dc0
  Set: 248 Way: 0 Address: 0x3b0803e00
  Set: 261 Way: 0 Address: 0x1ab44148
  Set: 268 Way: 0 Address: 0x6b744310
  Set: 270 Way: 0 Address: 0x6b7443a0
  Set: 279 Way: 0 Address: 0x1ab445e0
  Set: 283 Way: 0 Address: 0xb80046c8
  Set: 308 Way: 0 Address: 0x6b744d24
  Set: 312 Way: 0 Address: 0x6b744e00
  Set: 327 Way: 0 Address: 0x2725851f0
  Set: 328 Way: 0 Address: 0x272585220
  Set: 363 Way: 0 Address: 0x34a0e5af8
  Set: 364 Way: 0 Address: 0x34a0e5b00
  Set: 364 Way: 1 Address: 0x57be5b10
  Set: 371 Way: 0 Address: 0x34a0e5cf0
  Set: 374 Way: 0 Address: 0x57be5d80
  Set: 378 Way: 0 Address: 0x34a0e5e88
  Set: 389 Way: 0 Address: 0x24700616c
  Set: 389 Way: 1 Address: 0x37f426140
  Set: 390 Way: 0 Address: 0x27d4c61bd
  Set: 391 Way: 0 Address: 0x27d4c61d0
  Set: 391 Way: 1 Address: 0x1b7ae61f8
  Set: 393 Way: 0 Address: 0x1b7ae6278
  Set: 394 Way: 0 Address: 0x1b7ae6280
  Set: 404 Way: 0 Address: 0x1b7ae6538
  Set: 405 Way: 0 Address: 0x1b7ae6540
  Set: 407 Way: 0 Address: 0x37f4265d0
  Set: 415 Way: 0 Address: 0x1b7ae67f8
  Set: 415 Way: 1 Address: 0x101c267ff
  Set: 416 Way: 0 Address: 0x1b7ae6800
  Set: 426 Way: 0 Address: 0x1b7ae6ab8
  Set: 426 Way: 1 Address: 0x101c26abd
  Set: 427 Way: 0 Address: 0x1b7ae6ac0
  Set: 433 Way: 0 Address: 0x3d87a6c70
  Set: 434 Way: 0 Address: 0x3d87a6c81
  Set: 435 Way: 0 Address: 0x3d87a6cd0
  Set: 436 Way: 0 Address: 0x3d87a6d02
  Set: 437 Way: 0 Address: 0x3d87a6d41
  Set: 437 Way: 1 Address: 0x1b7ae6d78
  Set: 437 Way: 2 Address: 0x101c26d7d
  Set: 438 Way: 0 Address: 0x3d87a6d83
  Set: 438 Way: 1 Address: 0x1b7ae6d80
  Set: 439 Way: 0 Address: 0x3d87a6dc1
  Set: 440 Way: 0 Address: 0x3d87a6e01
  Set: 441 Way: 0 Address: 0x3d87a6e41
  Set: 442 Way: 0 Address: 0x3d87a6e81
  Set: 443 Way: 0 Address: 0x3d87a6ec2
  Set: 444 Way: 0 Address: 0x3dae66f38
  Set: 444 Way: 1 Address: 0x3d87a6f04
  Set: 445 Way: 0 Address: 0x3d87a6f43
  Set: 446 Way: 0 Address: 0x3d87a6f81
  Set: 447 Way: 0 Address: 0x3dae66fd8
  Set: 447 Way: 1 Address: 0x3d87a6fc0
  Set: 453 Way: 0 Address: 0x358da7178
  Set: 455 Way: 0 Address: 0x3098871fd
  Set: 456 Way: 0 Address: 0x30988723f
  Set: 457 Way: 0 Address: 0x30988727f
  Set: 458 Way: 0 Address: 0x30988728c
  Set: 464 Way: 0 Address: 0x358da7438
  Set: 466 Way: 0 Address: 0x3098874bd
  Set: 467 Way: 0 Address: 0x3098874ff
  Set: 468 Way: 0 Address: 0x30988753f
  Set: 469 Way: 0 Address: 0x30988754c
  Set: 475 Way: 0 Address: 0x358da76f8
  Set: 478 Way: 0 Address: 0x3098877bf
  Set: 479 Way: 0 Address: 0x3098877ff
  Set: 480 Way: 0 Address: 0x30988780d
  Set: 484 Way: 0 Address: 0xbeea7930
  Set: 486 Way: 0 Address: 0x358da79b8
  Set: 489 Way: 0 Address: 0x309887a7f
  Set: 490 Way: 0 Address: 0x309887abf
  Set: 491 Way: 0 Address: 0x309887ac8
  Set: 491 Way: 1 Address: 0xbeea7ad8
  Set: 492 Way: 0 Address: 0xbeea7b32
  Set: 496 Way: 0 Address: 0x3704c7c00
  Set: 497 Way: 0 Address: 0x3704c7c41
  Set: 497 Way: 1 Address: 0x358da7c78
  Set: 498 Way: 0 Address: 0x3704c7c80
  Set: 499 Way: 0 Address: 0x3704c7cc1
  Set: 500 Way: 0 Address: 0x309887d3f
  Set: 501 Way: 0 Address: 0x309887d7f
  Set: 502 Way: 0 Address: 0x309887d88
  Set: 508 Way: 0 Address: 0x358da7f38
  Set: 511 Way: 0 Address: 0x309887fff
  Set: 530 Way: 0 Address: 0x166684be
  Set: 531 Way: 0 Address: 0x166684d2
  Set: 581 Way: 0 Address: 0x2c8749140
  Set: 582 Way: 0 Address: 0x2fa0c9180
  Set: 583 Way: 0 Address: 0x2fa0c91c1
  Set: 584 Way: 0 Address: 0x2fa0c9200
  Set: 585 Way: 0 Address: 0x2fa0c9242
  Set: 586 Way: 0 Address: 0x2fa0c9285
  Set: 587 Way: 0 Address: 0x2fa0c92c1
  Set: 588 Way: 0 Address: 0x2fa0c9307
  Set: 589 Way: 0 Address: 0x2fa0c9345
  Set: 590 Way: 0 Address: 0x2fa0c9383
  Set: 591 Way: 0 Address: 0x2fa0c93c5
  Set: 592 Way: 0 Address: 0x2fa0c943e
  Set: 593 Way: 0 Address: 0x2fa0c9449
  Set: 594 Way: 0 Address: 0x2fa0c9489
  Set: 595 Way: 0 Address: 0x2fa0c94c7
  Set: 596 Way: 0 Address: 0x2fa0c950b
  Set: 604 Way: 0 Address: 0x2fa0c9710
  Set: 608 Way: 0 Address: 0x2c8749828
  Set: 612 Way: 0 Address: 0x2fa0c9900
  Set: 613 Way: 0 Address: 0x2fa0c9945
  Set: 614 Way: 0 Address: 0xb84a99b2
  Set: 614 Way: 1 Address: 0x2fa0c9982
  Set: 615 Way: 0 Address: 0x2fa0c99c0
  Set: 617 Way: 0 Address: 0x2fa0c9a51
  Set: 618 Way: 0 Address: 0x2fa0c9a80
  Set: 619 Way: 0 Address: 0x2fa0c9ac2
  Set: 620 Way: 0 Address: 0x2fa0c9b03
  Set: 621 Way: 0 Address: 0x2fa0c9b45
  Set: 622 Way: 0 Address: 0x2fa0c9b83
  Set: 622 Way: 1 Address: 0x5d6e9bb8
  Set: 625 Way: 0 Address: 0x2fa0c9c4d
  Set: 629 Way: 0 Address: 0x2fa0c9d79
  Set: 630 Way: 0 Address: 0x2fa0c9d81
  Set: 686 Way: 0 Address: 0x8754abb0
  Set: 761 Way: 0 Address: 0x28420be62
  Set: 776 Way: 0 Address: 0xb77ac23c
  Set: 782 Way: 0 Address: 0x28f0cc388
  Set: 787 Way: 0 Address: 0xb77ac4fc
  Set: 791 Way: 0 Address: 0x28f0cc5d0
  Set: 798 Way: 0 Address: 0xb77ac7bc
  Set: 799 Way: 0 Address: 0x32f48c7fc
  Set: 800 Way: 0 Address: 0x32f48c824
  Set: 803 Way: 0 Address: 0x32502c8d0
  Set: 805 Way: 0 Address: 0x32502c948
  Set: 809 Way: 0 Address: 0xb77aca7c
  Set: 811 Way: 0 Address: 0x1ae2ccaf0
  Set: 811 Way: 1 Address: 0x32502caf8
  Set: 820 Way: 0 Address: 0xb77acd3c
  Set: 831 Way: 0 Address: 0xb77acffc
  Set: 832 Way: 0 Address: 0xdb22d020
  Set: 855 Way: 0 Address: 0x5588d5d8
  Set: 885 Way: 0 Address: 0x15164dd60
  Set: 886 Way: 0 Address: 0x15164dd93
  Set: 887 Way: 0 Address: 0x15164dde2
  Set: 888 Way: 0 Address: 0x15164de02
  Set: 896 Way: 0 Address: 0x2f5d8e03f
  Set: 896 Way: 1 Address: 0x1c084e03d
  Set: 897 Way: 0 Address: 0x2f5d8e048
  Set: 906 Way: 0 Address: 0x2f5d8e2bf
  Set: 907 Way: 0 Address: 0x2f5d8e2ff
  Set: 907 Way: 1 Address: 0x1c084e2fd
  Set: 908 Way: 0 Address: 0x2f5d8e308
  Set: 910 Way: 0 Address: 0x3734ee398
  Set: 910 Way: 1 Address: 0x1c084e38e
  Set: 912 Way: 0 Address: 0x7d0ee400
  Set: 913 Way: 0 Address: 0x7d0ee478
  Set: 917 Way: 0 Address: 0x2f5d8e57f
  Set: 918 Way: 0 Address: 0x2f5d8e5bf
  Set: 918 Way: 1 Address: 0x1c084e5bd
  Set: 919 Way: 0 Address: 0x2f5d8e5c8
  Set: 920 Way: 0 Address: 0x7d0ee634
  Set: 921 Way: 0 Address: 0x1c084e64c
  Set: 929 Way: 0 Address: 0x2f5d8e87d
  Set: 929 Way: 1 Address: 0x1c084e87d
  Set: 930 Way: 0 Address: 0x2f5d8e88d
  Set: 932 Way: 0 Address: 0x1c084e90c
  Set: 940 Way: 0 Address: 0x1c084eb3d
  Set: 941 Way: 0 Address: 0x7d0eeb44
  Set: 942 Way: 0 Address: 0x1c084ebbd
  Set: 943 Way: 0 Address: 0x1c084ebcc
  Set: 951 Way: 0 Address: 0x1c084edfd
  Set: 953 Way: 0 Address: 0x1c084ee7d
  Set: 954 Way: 0 Address: 0x1c084ee8c
  Set: 959 Way: 0 Address: 0x7d0eefd0
  Set: 962 Way: 0 Address: 0xee86f0bf
  Set: 963 Way: 0 Address: 0xee86f0ff
  Set: 964 Way: 0 Address: 0xee86f108
  Set: 964 Way: 1 Address: 0x22272f13d
  Set: 965 Way: 0 Address: 0x22272f14c
  Set: 967 Way: 0 Address: 0x16390f1e0
  Set: 968 Way: 0 Address: 0x16390f200
  Set: 969 Way: 0 Address: 0x16390f248
  Set: 970 Way: 0 Address: 0x16390f2b8
  Set: 971 Way: 0 Address: 0x16390f2d0
  Set: 972 Way: 0 Address: 0x16390f330
  Set: 973 Way: 0 Address: 0x16390f340
  Set: 973 Way: 1 Address: 0xee86f37f
  Set: 974 Way: 0 Address: 0x16390f390
  Set: 974 Way: 1 Address: 0xee86f3bf
  Set: 975 Way: 0 Address: 0xee86f3c8
  Set: 975 Way: 1 Address: 0x16390f3f8
  Set: 975 Way: 2 Address: 0x22272f3fd
  Set: 976 Way: 0 Address: 0x16390f418
  Set: 976 Way: 1 Address: 0x22272f40c
  Set: 977 Way: 0 Address: 0x16390f470
  Set: 980 Way: 0 Address: 0x16390f534
  Set: 981 Way: 0 Address: 0x16390f540
  Set: 982 Way: 0 Address: 0x16390f580
  Set: 983 Way: 0 Address: 0x23756f5e8
  Set: 984 Way: 0 Address: 0x16390f618
  Set: 985 Way: 0 Address: 0x16390f640
  Set: 986 Way: 0 Address: 0x16390f68c
  Set: 986 Way: 1 Address: 0x22272f6bd
  Set: 987 Way: 0 Address: 0x16390f6e2
  Set: 987 Way: 1 Address: 0x22272f6cc
  Set: 988 Way: 0 Address: 0x16390f730
  Set: 989 Way: 0 Address: 0x16390f778
  Set: 990 Way: 0 Address: 0x16390f780
  Set: 991 Way: 0 Address: 0x16390f7ec
  Set: 992 Way: 0 Address: 0x23756f820
  Set: 997 Way: 0 Address: 0x22272f97d
  Set: 998 Way: 0 Address: 0x22272f990
  Set: 998 Way: 1 Address: 0x16390f9a8
  Set: 999 Way: 0 Address: 0x16390f9c0
  Set: 1000 Way: 0 Address: 0x16390fa10
  Set: 1001 Way: 0 Address: 0x16390fa50
  Set: 1008 Way: 0 Address: 0x22272fc3d
  Set: 1009 Way: 0 Address: 0x22272fc50
  Set: 1010 Way: 0 Address: 0x16390fc98
  Set: 1019 Way: 0 Address: 0x22272fefd
  Set: 1020 Way: 0 Address: 0x143eff20
  Set: 1020 Way: 1 Address: 0x22272ff10
  Set: 1028 Way: 0 Address: 0x168ef0130
  Set: 1032 Way: 0 Address: 0x2177f0230
  Set: 1047 Way: 0 Address: 0x14bb105e0
  Set: 1061 Way: 0 Address: 0x2177f0950
  Set: 1065 Way: 0 Address: 0x168ef0a58
  Set: 1131 Way: 0 Address: 0x260091af8
  Set: 1150 Way: 0 Address: 0x19c791fb4
  Set: 1152 Way: 0 Address: 0x9cff2018
  Set: 1152 Way: 1 Address: 0xa3a52038
  Set: 1153 Way: 0 Address: 0xa3a52040
  Set: 1154 Way: 0 Address: 0x1995f2098
  Set: 1163 Way: 0 Address: 0xa3a522f8
  Set: 1164 Way: 0 Address: 0xa3a52300
  Set: 1174 Way: 0 Address: 0xa3a525b8
  Set: 1175 Way: 0 Address: 0xa3a525c0
  Set: 1189 Way: 0 Address: 0x133c92964
  Set: 1199 Way: 0 Address: 0x1c6532bc0
  Set: 1199 Way: 1 Address: 0x3bdb2bfd
  Set: 1203 Way: 0 Address: 0x62d12cf0
  Set: 1210 Way: 0 Address: 0x3bdb2ebd
  Set: 1211 Way: 0 Address: 0x3bdb2ec0
  Set: 1212 Way: 0 Address: 0x31be12f00
  Set: 1217 Way: 0 Address: 0x257713078
  Set: 1224 Way: 0 Address: 0x3232f321b
  Set: 1224 Way: 1 Address: 0x34a87320a
  Set: 1225 Way: 0 Address: 0x3232f3240
  Set: 1225 Way: 1 Address: 0x257713258
  Set: 1226 Way: 0 Address: 0x3232f3283
  Set: 1227 Way: 0 Address: 0x3232f32c7
  Set: 1228 Way: 0 Address: 0x3232f3300
  Set: 1230 Way: 0 Address: 0x190973388
  Set: 1235 Way: 0 Address: 0x34a8734ca
  Set: 1246 Way: 0 Address: 0x34a87378a
  Set: 1247 Way: 0 Address: 0x263c137f8
  Set: 1257 Way: 0 Address: 0x3c56b3a58
  Set: 1257 Way: 1 Address: 0x34a873a4a
  Set: 1268 Way: 0 Address: 0x34a873d0a
  Set: 1277 Way: 0 Address: 0x2b2e93f40
  Set: 1279 Way: 0 Address: 0x2b2e93fd8
  Set: 1336 Way: 0 Address: 0x3c1074e00
  Set: 1337 Way: 0 Address: 0x3c1074e50
  Set: 1338 Way: 0 Address: 0x129934e98
  Set: 1339 Way: 0 Address: 0x3c1074ec0
  Set: 1343 Way: 0 Address: 0x397bb4fd8
  Set: 1344 Way: 0 Address: 0x195f15010
  Set: 1346 Way: 0 Address: 0x195f15098
  Set: 1375 Way: 0 Address: 0x1b0f157d0
  Set: 1376 Way: 0 Address: 0x1b0f15801
  Set: 1377 Way: 0 Address: 0x1b0f15843
  Set: 1389 Way: 0 Address: 0x354d35b5c
  Set: 1390 Way: 0 Address: 0x354d35ba0
  Set: 1393 Way: 0 Address: 0x354d35c40
  Set: 1411 Way: 0 Address: 0x848960f0
  Set: 1413 Way: 0 Address: 0x84896168
  Set: 1416 Way: 0 Address: 0x211d16230
  Set: 1444 Way: 0 Address: 0x211d16930
  Set: 1474 Way: 0 Address: 0x12c0770bc
  Set: 1475 Way: 0 Address: 0x12c0770f0
  Set: 1483 Way: 0 Address: 0x276ff72f2
  Set: 1484 Way: 0 Address: 0x276ff7310
  Set: 1493 Way: 0 Address: 0x112417550
  Set: 1501 Way: 0 Address: 0x2fbe97748
  Set: 1517 Way: 0 Address: 0x2fbe97b68
  Set: 1537 Way: 0 Address: 0x3bdd78070
  Set: 1539 Way: 0 Address: 0x2015980ef
  Set: 1540 Way: 0 Address: 0x201598105
  Set: 1541 Way: 0 Address: 0xc7078150
  Set: 1541 Way: 1 Address: 0x201598146
  Set: 1542 Way: 0 Address: 0x201598180
  Set: 1543 Way: 0 Address: 0x2015981c0
  Set: 1544 Way: 0 Address: 0x201598201
  Set: 1545 Way: 0 Address: 0x3bdd78240
  Set: 1545 Way: 1 Address: 0x2c9898240
  Set: 1545 Way: 2 Address: 0x2db378248
  Set: 1550 Way: 0 Address: 0xc70783a0
  Set: 1564 Way: 0 Address: 0x1aafb8700
  Set: 1565 Way: 0 Address: 0x1aafb8740
  Set: 1566 Way: 0 Address: 0x1aafb8781
  Set: 1567 Way: 0 Address: 0x1aafb87c2
  Set: 1568 Way: 0 Address: 0x1aafb8802
  Set: 1578 Way: 0 Address: 0x201598a90
  Set: 1579 Way: 0 Address: 0x201598ac3
  Set: 1580 Way: 0 Address: 0x201598b00
  Set: 1581 Way: 0 Address: 0x3fe58b68
  Set: 1581 Way: 1 Address: 0x201598b43
  Set: 1582 Way: 0 Address: 0x201598b82
  Set: 1583 Way: 0 Address: 0x201598bc0
  Set: 1584 Way: 0 Address: 0x201598c01
  Set: 1585 Way: 0 Address: 0x201598c43
  Set: 1586 Way: 0 Address: 0x201598cad
  Set: 1587 Way: 0 Address: 0x201598cc1
  Set: 1588 Way: 0 Address: 0x201598d00
  Set: 1589 Way: 0 Address: 0x201598d41
  Set: 1590 Way: 0 Address: 0x201598d82
  Set: 1591 Way: 0 Address: 0x201598dc0
  Set: 1592 Way: 0 Address: 0x201598e02
  Set: 1593 Way: 0 Address: 0x201598e41
  Set: 1594 Way: 0 Address: 0x201598e81
  Set: 1608 Way: 0 Address: 0x292959238
  Set: 1608 Way: 1 Address: 0x312099220
  Set: 1609 Way: 0 Address: 0x292959240
  Set: 1609 Way: 1 Address: 0x312099258
  Set: 1619 Way: 0 Address: 0x16a8594e0
  Set: 1660 Way: 0 Address: 0x8a579f28
  Set: 1664 Way: 0 Address: 0x229b9a000
  Set: 1665 Way: 0 Address: 0x223eda068
  Set: 1693 Way: 0 Address: 0x1132fa748
  Set: 1700 Way: 0 Address: 0x223eda930
  Set: 1708 Way: 0 Address: 0xc67dab00
  Set: 1710 Way: 0 Address: 0xc67dab80
  Set: 1710 Way: 1 Address: 0x1e561abb0
  Set: 1711 Way: 0 Address: 0x1e561abc8
  Set: 1718 Way: 0 Address: 0x1132fad80
  Set: 1729 Way: 0 Address: 0x3b377b070
  Set: 1729 Way: 1 Address: 0xc0d9b078
  Set: 1734 Way: 0 Address: 0x394edb194
  Set: 1735 Way: 0 Address: 0x394edb1cc
  Set: 1737 Way: 0 Address: 0xc0d9b250
  Set: 1744 Way: 0 Address: 0x36889b430
  Set: 1745 Way: 0 Address: 0x36889b440
  Set: 1750 Way: 0 Address: 0x394edb5a5
  Set: 1751 Way: 0 Address: 0x394edb5c5
  Set: 1752 Way: 0 Address: 0x394edb605
  Set: 1760 Way: 0 Address: 0xcf83b820
  Set: 1765 Way: 0 Address: 0x3b377b950
  Set: 1792 Way: 0 Address: 0xdf85c000
  Set: 1797 Way: 0 Address: 0x12c6fc148
  Set: 1806 Way: 0 Address: 0x12c6fc3a0
  Set: 1815 Way: 0 Address: 0x12c6fc5d8
  Set: 1835 Way: 0 Address: 0x38e35cae8
  Set: 1837 Way: 0 Address: 0x38e35cb60
  Set: 1838 Way: 0 Address: 0x38e35cb80
  Set: 1850 Way: 0 Address: 0x4dd9ceb8
  Set: 1856 Way: 0 Address: 0xe51bd020
  Set: 1858 Way: 0 Address: 0x23755d080
  Set: 1863 Way: 0 Address: 0xe51bd1f0
  Set: 1916 Way: 0 Address: 0x1addf00
  Set: 1917 Way: 0 Address: 0x1addf40
  Set: 1920 Way: 0 Address: 0x28b67e000
  Set: 1924 Way: 0 Address: 0x2db79e106
  Set: 1925 Way: 0 Address: 0x2db79e142
  Set: 1926 Way: 0 Address: 0x2db79e181
  Set: 1927 Way: 0 Address: 0x2db79e1c2
  Set: 1928 Way: 0 Address: 0x2db79e201
  Set: 1939 Way: 0 Address: 0x2db79e4e1
  Set: 1940 Way: 0 Address: 0x2db79e500
  Set: 1941 Way: 0 Address: 0x2db79e542
  Set: 1942 Way: 0 Address: 0x2db79e582
  Set: 1943 Way: 0 Address: 0x2db79e5c2
  Set: 1944 Way: 0 Address: 0x2db79e605
  Set: 1945 Way: 0 Address: 0x2db79e640
  Set: 1946 Way: 0 Address: 0x2db79e680
  Set: 1950 Way: 0 Address: 0x1f919e7b0
  Set: 1951 Way: 0 Address: 0x28b67e7f8
  Set: 1951 Way: 1 Address: 0x1f919e7c4
  Set: 1952 Way: 0 Address: 0x1f919e801
  Set: 1953 Way: 0 Address: 0x1f919e841
  Set: 1954 Way: 0 Address: 0x1f919e882
  Set: 1955 Way: 0 Address: 0x1f919e8e0
  Set: 1959 Way: 0 Address: 0x20597e9ca
  Set: 1961 Way: 0 Address: 0x1f919ea6a
  Set: 1962 Way: 0 Address: 0x1f919ea80
  Set: 1963 Way: 0 Address: 0x1f919eac0
  Set: 1964 Way: 0 Address: 0x2c077eb10
  Set: 1970 Way: 0 Address: 0x20597ec8a
  Set: 1972 Way: 0 Address: 0x1f919ed1f
  Set: 1978 Way: 0 Address: 0x2c077ee88
  Set: 1981 Way: 0 Address: 0x20597ef4a
  Set: 2042 Way: 0 Address: 0x3567dfe88
EndCache
