Cache: cpu0_STLB
  Set: 2 Way: 0 Address: 0x20702670
  Set: 9 Way: 0 Address: 0x4096b5
  Set: 10 Way: 0 Address: 0x40a323
  Set: 19 Way: 0 Address: 0x413f10
  Set: 31 Way: 0 Address: 0x289f310
  Set: 32 Way: 0 Address: 0x21820458
  Set: 33 Way: 0 Address: 0x2182133c
  Set: 42 Way: 0 Address: 0x7aac40
  Set: 42 Way: 1 Address: 0x152aa738
  Set: 43 Way: 0 Address: 0x152ab000
  Set: 44 Way: 0 Address: 0x7ac344
  Set: 44 Way: 1 Address: 0x152acd98
  Set: 58 Way: 0 Address: 0x7ffc81bbade8
  Set: 67 Way: 0 Address: 0x2943790
  Set: 75 Way: 0 Address: 0x74b860
  Set: 76 Way: 0 Address: 0x74c158
  Set: 77 Way: 0 Address: 0x144d870
  Set: 91 Way: 0 Address: 0x28dbd00
  Set: 92 Way: 0 Address: 0x2185cf20
  Set: 93 Way: 0 Address: 0x2185d014
  Set: 112 Way: 0 Address: 0x470a50
  Set: 113 Way: 0 Address: 0x4710e0
  Set: 114 Way: 0 Address: 0x472ba0
EndCache
Cache: cpu0_L2C
  Set: 21 Way: 0 Address: 0x6e620560
  Set: 32 Way: 0 Address: 0x14bb10818
  Set: 32 Way: 1 Address: 0x2177f0810
  Set: 65 Way: 0 Address: 0x113201050
  Set: 81 Way: 0 Address: 0x2a4841458
  Set: 82 Way: 0 Address: 0x2a48414b4
  Set: 83 Way: 0 Address: 0x2a48414cc
  Set: 83 Way: 1 Address: 0xf6e814f8
  Set: 84 Way: 0 Address: 0x2a484152c
  Set: 85 Way: 0 Address: 0x2a4841564
  Set: 86 Way: 0 Address: 0x2a484159c
  Set: 87 Way: 0 Address: 0x2a48415fc
  Set: 88 Way: 0 Address: 0x2a484161c
  Set: 89 Way: 0 Address: 0x2a484165c
  Set: 90 Way: 0 Address: 0x2a4841694
  Set: 91 Way: 0 Address: 0x2a48416c0
  Set: 91 Way: 1 Address: 0xf6e816d8
  Set: 92 Way: 0 Address: 0x2a4841704
  Set: 93 Way: 0 Address: 0x2a4841740
  Set: 94 Way: 0 Address: 0x2a484179c
  Set: 95 Way: 0 Address: 0x2a48417fc
  Set: 96 Way: 0 Address: 0x2a4841800
  Set: 97 Way: 0 Address: 0x2a4841840
  Set: 98 Way: 0 Address: 0x2a4841884
  Set: 99 Way: 0 Address: 0x2a48418f4
  Set: 100 Way: 0 Address: 0x2a4841934
  Set: 101 Way: 0 Address: 0x2a484196c
  Set: 102 Way: 0 Address: 0x2a4841984
  Set: 103 Way: 0 Address: 0x2a48419cc
  Set: 104 Way: 0 Address: 0x2a4841a00
  Set: 104 Way: 1 Address: 0xf6e81a18
  Set: 105 Way: 0 Address: 0x2a4841a4c
  Set: 106 Way: 0 Address: 0x2a4841a84
  Set: 107 Way: 0 Address: 0x2a4841afc
  Set: 108 Way: 0 Address: 0x2a4841b00
  Set: 109 Way: 0 Address: 0x2a4841b7c
  Set: 110 Way: 0 Address: 0x2a4841bbc
  Set: 111 Way: 0 Address: 0x2a4841bc0
  Set: 112 Way: 0 Address: 0x2a4841c14
  Set: 113 Way: 0 Address: 0x2a4841c44
  Set: 114 Way: 0 Address: 0x2a4841c94
  Set: 115 Way: 0 Address: 0x2a4841ccc
  Set: 116 Way: 0 Address: 0x2a4841d14
  Set: 117 Way: 0 Address: 0x2a4841d7c
  Set: 118 Way: 0 Address: 0x2a4841db4
  Set: 119 Way: 0 Address: 0x2a4841dfc
  Set: 120 Way: 0 Address: 0x2a4841e2c
  Set: 121 Way: 0 Address: 0x2a4841e7c
  Set: 122 Way: 0 Address: 0x2a4841e9c
  Set: 123 Way: 0 Address: 0x2a4841ecc
  Set: 124 Way: 0 Address: 0x2a4841f1c
  Set: 125 Way: 0 Address: 0x2a4841f5c
  Set: 126 Way: 0 Address: 0x2a4841f80
  Set: 127 Way: 0 Address: 0x2a4841fc0
  Set: 132 Way: 0 Address: 0x9cff2108
  Set: 139 Way: 0 Address: 0x9cff22e0
  Set: 142 Way: 0 Address: 0x133c92388
  Set: 174 Way: 0 Address: 0x1995f2ba0
  Set: 175 Way: 0 Address: 0x1995f2bc0
  Set: 176 Way: 0 Address: 0x1995f2c00
  Set: 177 Way: 0 Address: 0x1995f2c42
  Set: 183 Way: 0 Address: 0x1c84e2dd0
  Set: 188 Way: 0 Address: 0x6d0c2f10
  Set: 192 Way: 0 Address: 0x3232f3000
  Set: 193 Way: 0 Address: 0x3232f3040
  Set: 194 Way: 0 Address: 0x263c130a0
  Set: 194 Way: 1 Address: 0x3232f3080
  Set: 195 Way: 0 Address: 0x3232f30c0
  Set: 196 Way: 0 Address: 0x3232f3100
  Set: 197 Way: 0 Address: 0x3232f3140
  Set: 198 Way: 0 Address: 0x3232f3180
  Set: 199 Way: 0 Address: 0x3232f31c0
  Set: 200 Way: 0 Address: 0x3232f3200
  Set: 201 Way: 0 Address: 0x3232f3240
  Set: 202 Way: 0 Address: 0x3232f3280
  Set: 203 Way: 0 Address: 0x3232f32c0
  Set: 204 Way: 0 Address: 0x3232f3300
  Set: 205 Way: 0 Address: 0x3232f3340
  Set: 206 Way: 0 Address: 0x3232f3380
  Set: 207 Way: 0 Address: 0x3232f33c0
  Set: 208 Way: 0 Address: 0x3232f3400
  Set: 209 Way: 0 Address: 0x3232f3440
  Set: 210 Way: 0 Address: 0x3232f3480
  Set: 211 Way: 0 Address: 0x3232f34c0
  Set: 212 Way: 0 Address: 0x3232f3500
  Set: 213 Way: 0 Address: 0x3232f3540
  Set: 214 Way: 0 Address: 0x3232f3580
  Set: 215 Way: 0 Address: 0x3232f35c0
  Set: 216 Way: 0 Address: 0x3232f3600
  Set: 217 Way: 0 Address: 0x3232f3640
  Set: 218 Way: 0 Address: 0x3232f3680
  Set: 219 Way: 0 Address: 0x3232f36c0
  Set: 220 Way: 0 Address: 0x3232f3700
  Set: 221 Way: 0 Address: 0x3232f3740
  Set: 222 Way: 0 Address: 0x3232f3780
  Set: 223 Way: 0 Address: 0x3c56b37f8
  Set: 223 Way: 1 Address: 0x3232f37c0
  Set: 224 Way: 0 Address: 0x3232f3800
  Set: 225 Way: 0 Address: 0x263c13860
  Set: 225 Way: 1 Address: 0x3232f3840
  Set: 226 Way: 0 Address: 0x3232f3880
  Set: 227 Way: 0 Address: 0x3232f38c0
  Set: 228 Way: 0 Address: 0x3232f3900
  Set: 233 Way: 0 Address: 0x2b2e93a60
  Set: 245 Way: 0 Address: 0x2b2e93d50
  Set: 256 Way: 0 Address: 0x1ab44018
  Set: 260 Way: 0 Address: 0x3de4d4100
  Set: 260 Way: 1 Address: 0x1ab44118
  Set: 261 Way: 0 Address: 0x1ab44158
  Set: 267 Way: 0 Address: 0xb80042e8
  Set: 269 Way: 0 Address: 0x3c1074344
  Set: 282 Way: 0 Address: 0x1299346b5
  Set: 283 Way: 0 Address: 0x1299346c1
  Set: 284 Way: 0 Address: 0x129934730
  Set: 285 Way: 0 Address: 0x129934741
  Set: 286 Way: 0 Address: 0x129934780
  Set: 318 Way: 0 Address: 0x397bb4f90
  Set: 320 Way: 0 Address: 0x195f15010
  Set: 353 Way: 0 Address: 0x195f15860
  Set: 361 Way: 0 Address: 0x354d35a50
  Set: 362 Way: 0 Address: 0x354d35a82
  Set: 364 Way: 0 Address: 0x354d35b09
  Set: 365 Way: 0 Address: 0x354d35b61
  Set: 366 Way: 0 Address: 0x354d35b88
  Set: 367 Way: 0 Address: 0x354d35bc6
  Set: 368 Way: 0 Address: 0x354d35c01
  Set: 369 Way: 0 Address: 0x354d35c46
  Set: 370 Way: 0 Address: 0x354d35c9e
  Set: 371 Way: 0 Address: 0x354d35cc6
  Set: 372 Way: 0 Address: 0x354d35d00
  Set: 372 Way: 1 Address: 0x1b0f15d00
  Set: 373 Way: 0 Address: 0x354d35d60
  Set: 374 Way: 0 Address: 0x354d35d8f
  Set: 376 Way: 0 Address: 0x354d35e08
  Set: 379 Way: 0 Address: 0x354d35ed8
  Set: 380 Way: 0 Address: 0x354d35f09
  Set: 381 Way: 0 Address: 0x354d35f40
  Set: 395 Way: 0 Address: 0x437362e0
  Set: 405 Way: 0 Address: 0x84896550
  Set: 412 Way: 0 Address: 0x211d16738
  Set: 413 Way: 0 Address: 0x211d16748
  Set: 414 Way: 0 Address: 0x211d16780
  Set: 415 Way: 0 Address: 0x211d167c0
  Set: 416 Way: 0 Address: 0x211d16800
  Set: 417 Way: 0 Address: 0x3dae66870
  Set: 417 Way: 1 Address: 0x211d16840
  Set: 418 Way: 0 Address: 0x211d16880
  Set: 419 Way: 0 Address: 0x211d168c0
  Set: 420 Way: 0 Address: 0x211d16900
  Set: 421 Way: 0 Address: 0x211d16940
  Set: 422 Way: 0 Address: 0x211d16980
  Set: 423 Way: 0 Address: 0x211d169c0
  Set: 424 Way: 0 Address: 0x211d16a00
  Set: 425 Way: 0 Address: 0x211d16a40
  Set: 426 Way: 0 Address: 0x211d16a80
  Set: 427 Way: 0 Address: 0x211d16ac0
  Set: 428 Way: 0 Address: 0x211d16b00
  Set: 429 Way: 0 Address: 0x211d16b40
  Set: 430 Way: 0 Address: 0x211d16b80
  Set: 431 Way: 0 Address: 0x211d16bc0
  Set: 432 Way: 0 Address: 0x211d16c00
  Set: 433 Way: 0 Address: 0x211d16c40
  Set: 434 Way: 0 Address: 0x211d16c80
  Set: 435 Way: 0 Address: 0x211d16cc0
  Set: 436 Way: 0 Address: 0x211d16d00
  Set: 437 Way: 0 Address: 0x211d16d40
  Set: 438 Way: 0 Address: 0x211d16d80
  Set: 439 Way: 0 Address: 0x211d16dc0
  Set: 440 Way: 0 Address: 0x211d16e00
  Set: 441 Way: 0 Address: 0x211d16e40
  Set: 442 Way: 0 Address: 0x211d16e80
  Set: 443 Way: 0 Address: 0x211d16ec0
  Set: 444 Way: 0 Address: 0x211d16f00
  Set: 445 Way: 0 Address: 0x211d16f40
  Set: 446 Way: 0 Address: 0x211d16f80
  Set: 447 Way: 0 Address: 0x211d16fc0
  Set: 473 Way: 0 Address: 0xbeea7670
  Set: 478 Way: 0 Address: 0x309887790
  Set: 496 Way: 0 Address: 0x276ff7c30
  Set: 497 Way: 0 Address: 0x276ff7c40
  Set: 512 Way: 0 Address: 0xc7078014
  Set: 513 Way: 0 Address: 0x1aafb8048
  Set: 514 Way: 0 Address: 0x1aafb8098
  Set: 524 Way: 0 Address: 0x3bdd78310
  Set: 533 Way: 0 Address: 0x2c9898558
  Set: 563 Way: 0 Address: 0x201598cf8
  Set: 564 Way: 0 Address: 0x201598d00
  Set: 565 Way: 0 Address: 0x201598d40
  Set: 566 Way: 0 Address: 0x201598db8
  Set: 567 Way: 0 Address: 0x201598de8
  Set: 568 Way: 0 Address: 0x201598e04
  Set: 569 Way: 0 Address: 0x201598e48
  Set: 571 Way: 0 Address: 0x201598ec8
  Set: 572 Way: 0 Address: 0x201598f00
  Set: 573 Way: 0 Address: 0x201598f40
  Set: 574 Way: 0 Address: 0x201598f80
  Set: 575 Way: 0 Address: 0x201598fc0
  Set: 576 Way: 0 Address: 0x292959018
  Set: 577 Way: 0 Address: 0x292959050
  Set: 577 Way: 1 Address: 0x2ee369050
  Set: 578 Way: 0 Address: 0x2929590a0
  Set: 597 Way: 0 Address: 0x2ee369548
  Set: 640 Way: 0 Address: 0x229b9a000
  Set: 640 Way: 1 Address: 0x223eda00c
  Set: 641 Way: 0 Address: 0x223eda05c
  Set: 642 Way: 0 Address: 0x223eda0bc
  Set: 643 Way: 0 Address: 0x223eda0cc
  Set: 644 Way: 0 Address: 0x223eda11c
  Set: 645 Way: 0 Address: 0x223eda15c
  Set: 646 Way: 0 Address: 0x223eda1bc
  Set: 647 Way: 0 Address: 0x223eda1c0
  Set: 648 Way: 0 Address: 0x223eda214
  Set: 649 Way: 0 Address: 0x223eda274
  Set: 650 Way: 0 Address: 0x223eda2bc
  Set: 651 Way: 0 Address: 0x223eda2fc
  Set: 652 Way: 0 Address: 0x223eda33c
  Set: 653 Way: 0 Address: 0x223eda340
  Set: 654 Way: 0 Address: 0x223eda394
  Set: 655 Way: 0 Address: 0x223eda3ec
  Set: 656 Way: 0 Address: 0x223eda404
  Set: 657 Way: 0 Address: 0x223eda47c
  Set: 658 Way: 0 Address: 0x223eda4bc
  Set: 659 Way: 0 Address: 0x223eda4fc
  Set: 660 Way: 0 Address: 0x223eda53c
  Set: 661 Way: 0 Address: 0x223eda548
  Set: 662 Way: 0 Address: 0x223eda580
  Set: 663 Way: 0 Address: 0x223eda5c0
  Set: 664 Way: 0 Address: 0x223eda600
  Set: 665 Way: 0 Address: 0x223eda640
  Set: 667 Way: 0 Address: 0x223eda6c0
  Set: 668 Way: 0 Address: 0x223eda700
  Set: 669 Way: 0 Address: 0x223eda740
  Set: 670 Way: 0 Address: 0x223eda780
  Set: 718 Way: 0 Address: 0x394edb380
  Set: 723 Way: 0 Address: 0x3b377b4f8
  Set: 768 Way: 0 Address: 0xdf85c000
  Set: 769 Way: 0 Address: 0x29484c068
  Set: 782 Way: 0 Address: 0x12c6fc390
  Set: 821 Way: 0 Address: 0x38e35cd60
  Set: 832 Way: 0 Address: 0x23755d018
  Set: 853 Way: 0 Address: 0x1add548
  Set: 864 Way: 0 Address: 0x1add818
  Set: 873 Way: 0 Address: 0x5588da60
  Set: 896 Way: 0 Address: 0x28b67e000
  Set: 897 Way: 0 Address: 0x1c084e07c
  Set: 898 Way: 0 Address: 0x1c084e080
  Set: 899 Way: 0 Address: 0x1c084e0e0
  Set: 900 Way: 0 Address: 0x1c084e100
  Set: 904 Way: 0 Address: 0x1f919e230
  Set: 904 Way: 1 Address: 0x1c084e21c
  Set: 905 Way: 0 Address: 0x1f919e242
  Set: 905 Way: 1 Address: 0x1c084e241
  Set: 906 Way: 0 Address: 0x1f919e289
  Set: 907 Way: 0 Address: 0x1f919e2d0
  Set: 907 Way: 1 Address: 0x1c084e2c0
  Set: 908 Way: 0 Address: 0x1f919e323
  Set: 908 Way: 1 Address: 0x1c084e300
  Set: 909 Way: 0 Address: 0x1f919e342
  Set: 923 Way: 0 Address: 0x2db79e6d8
  Set: 927 Way: 0 Address: 0x28b67e7f8
  Set: 937 Way: 0 Address: 0x2f5d8ea58
  Set: 946 Way: 0 Address: 0x3734eec80
  Set: 947 Way: 0 Address: 0x3734eecc0
  Set: 948 Way: 0 Address: 0x3734eed00
  Set: 948 Way: 1 Address: 0x1c084ed1d
  Set: 949 Way: 0 Address: 0x3734eed40
  Set: 949 Way: 1 Address: 0x2f5d8ed60
  Set: 949 Way: 2 Address: 0x1c084ed42
  Set: 952 Way: 0 Address: 0x3734eee3c
  Set: 953 Way: 0 Address: 0x3734eee7c
  Set: 954 Way: 0 Address: 0x3734eeebc
  Set: 955 Way: 0 Address: 0x3734eeefc
  Set: 956 Way: 0 Address: 0x3734eef20
  Set: 957 Way: 0 Address: 0x3734eef7c
  Set: 958 Way: 0 Address: 0x3734eefbc
  Set: 959 Way: 0 Address: 0x3734eeffc
  Set: 962 Way: 0 Address: 0x16390f098
  Set: 969 Way: 0 Address: 0xee86f268
  Set: 974 Way: 0 Address: 0x16390f390
  Set: 993 Way: 0 Address: 0x143ef860
  Set: 995 Way: 0 Address: 0x143ef8e0
  Set: 997 Way: 0 Address: 0x143ef950
  Set: 1003 Way: 0 Address: 0x143efac0
  Set: 1005 Way: 0 Address: 0x143efb40
  Set: 1007 Way: 0 Address: 0x143efbc0
  Set: 1009 Way: 0 Address: 0x143efc40
  Set: 1014 Way: 0 Address: 0x22272fd98
EndCache
Cache: cpu0_L1I
  Set: 1 Way: 0 Address: 0x1c084e07c
  Set: 2 Way: 0 Address: 0x1c084e080
  Set: 3 Way: 0 Address: 0x1c084e0e0
  Set: 4 Way: 0 Address: 0x1c084e100
  Set: 8 Way: 0 Address: 0x1f919e230
  Set: 8 Way: 1 Address: 0x1c084e21c
  Set: 9 Way: 0 Address: 0x1f919e242
  Set: 9 Way: 1 Address: 0x1c084e26b
  Set: 10 Way: 0 Address: 0x1f919e289
  Set: 11 Way: 0 Address: 0x1f919e2f9
  Set: 11 Way: 1 Address: 0x1c084e2c0
  Set: 12 Way: 0 Address: 0x1f919e311
  Set: 12 Way: 1 Address: 0x1c084e326
  Set: 13 Way: 0 Address: 0x1f919e342
  Set: 26 Way: 0 Address: 0x1299346b5
  Set: 27 Way: 0 Address: 0x1299346c1
  Set: 28 Way: 0 Address: 0x129934730
  Set: 29 Way: 0 Address: 0x129934741
  Set: 30 Way: 0 Address: 0x129934780
  Set: 41 Way: 0 Address: 0x354d35a78
  Set: 42 Way: 0 Address: 0x354d35a82
  Set: 44 Way: 0 Address: 0x354d35b09
  Set: 45 Way: 0 Address: 0x354d35b61
  Set: 46 Way: 0 Address: 0x1995f2ba0
  Set: 46 Way: 1 Address: 0x354d35b88
  Set: 47 Way: 0 Address: 0x1995f2bc0
  Set: 47 Way: 1 Address: 0x354d35bf5
  Set: 48 Way: 0 Address: 0x354d35c24
  Set: 48 Way: 1 Address: 0x1995f2c00
  Set: 49 Way: 0 Address: 0x354d35c46
  Set: 49 Way: 1 Address: 0x1995f2c42
  Set: 50 Way: 0 Address: 0x354d35c9e
  Set: 51 Way: 0 Address: 0x354d35cc6
  Set: 52 Way: 0 Address: 0x354d35d00
  Set: 52 Way: 1 Address: 0x1c084ed1d
  Set: 53 Way: 0 Address: 0x354d35d60
  Set: 53 Way: 1 Address: 0x1c084ed42
  Set: 54 Way: 0 Address: 0x354d35d8f
  Set: 56 Way: 0 Address: 0x354d35e08
  Set: 59 Way: 0 Address: 0x354d35ed8
  Set: 60 Way: 0 Address: 0x6d0c2f10
  Set: 60 Way: 1 Address: 0x354d35f09
  Set: 61 Way: 0 Address: 0x354d35f67
EndCache
Cache: cpu0_L1D
  Set: 0 Way: 0 Address: 0xdf85c000
  Set: 0 Way: 1 Address: 0x28b67e000
  Set: 0 Way: 2 Address: 0x229b9a000
  Set: 0 Way: 3 Address: 0x195f15010
  Set: 0 Way: 4 Address: 0x223eda010
  Set: 0 Way: 5 Address: 0xc7078014
  Set: 0 Way: 6 Address: 0x292959018
  Set: 0 Way: 7 Address: 0x23755d018
  Set: 0 Way: 8 Address: 0x1ab44018
  Set: 0 Way: 9 Address: 0x3232f303c
  Set: 1 Way: 0 Address: 0x113201050
  Set: 1 Way: 1 Address: 0x223eda060
  Set: 1 Way: 2 Address: 0x29484c068
  Set: 1 Way: 3 Address: 0x1aafb8048
  Set: 1 Way: 4 Address: 0x292959050
  Set: 1 Way: 5 Address: 0x2ee369050
  Set: 1 Way: 6 Address: 0x3232f307c
  Set: 2 Way: 0 Address: 0x223eda0bc
  Set: 2 Way: 1 Address: 0x263c130a0
  Set: 2 Way: 2 Address: 0x2929590a0
  Set: 2 Way: 3 Address: 0x1aafb8098
  Set: 2 Way: 4 Address: 0x16390f098
  Set: 2 Way: 5 Address: 0x3232f30bc
  Set: 3 Way: 0 Address: 0x223eda0d0
  Set: 3 Way: 1 Address: 0x3232f30fc
  Set: 4 Way: 0 Address: 0x3de4d4100
  Set: 4 Way: 1 Address: 0x9cff2108
  Set: 4 Way: 2 Address: 0x223eda120
  Set: 4 Way: 3 Address: 0x1ab44118
  Set: 4 Way: 4 Address: 0x3232f313c
  Set: 5 Way: 0 Address: 0x223eda15c
  Set: 5 Way: 1 Address: 0x1ab44158
  Set: 5 Way: 2 Address: 0x3232f317c
  Set: 6 Way: 0 Address: 0x223eda1bc
  Set: 6 Way: 1 Address: 0x3232f31bc
  Set: 7 Way: 0 Address: 0x223eda1c0
  Set: 7 Way: 1 Address: 0x3232f31fc
  Set: 8 Way: 0 Address: 0x223eda218
  Set: 8 Way: 1 Address: 0x3232f323c
  Set: 9 Way: 0 Address: 0x223eda274
  Set: 9 Way: 1 Address: 0xee86f268
  Set: 9 Way: 2 Address: 0x3232f327c
  Set: 10 Way: 0 Address: 0x223eda2bc
  Set: 10 Way: 1 Address: 0x3232f32bc
  Set: 11 Way: 0 Address: 0x223eda2fc
  Set: 11 Way: 1 Address: 0x9cff22e0
  Set: 11 Way: 2 Address: 0x437362e0
  Set: 11 Way: 3 Address: 0xb80042e8
  Set: 11 Way: 4 Address: 0x3232f32fc
  Set: 12 Way: 0 Address: 0x223eda33c
  Set: 12 Way: 1 Address: 0x3bdd78310
  Set: 12 Way: 2 Address: 0x3232f333c
  Set: 13 Way: 0 Address: 0x223eda340
  Set: 13 Way: 1 Address: 0x3c1074344
  Set: 13 Way: 2 Address: 0x3232f337c
  Set: 14 Way: 0 Address: 0x223eda398
  Set: 14 Way: 1 Address: 0x16390f390
  Set: 14 Way: 2 Address: 0x12c6fc390
  Set: 14 Way: 3 Address: 0x394edb380
  Set: 14 Way: 4 Address: 0x133c92388
  Set: 14 Way: 5 Address: 0x3232f33bc
  Set: 15 Way: 0 Address: 0x223eda3f0
  Set: 15 Way: 1 Address: 0x3232f33fc
  Set: 16 Way: 0 Address: 0x223eda408
  Set: 16 Way: 1 Address: 0x3232f343c
  Set: 17 Way: 0 Address: 0x2a4841458
  Set: 17 Way: 1 Address: 0x223eda47c
  Set: 17 Way: 2 Address: 0x3232f347c
  Set: 18 Way: 0 Address: 0x2a48414b4
  Set: 18 Way: 1 Address: 0x223eda4bc
  Set: 18 Way: 2 Address: 0x3232f34bc
  Set: 19 Way: 0 Address: 0x2a48414cc
  Set: 19 Way: 1 Address: 0x223eda4fc
  Set: 19 Way: 2 Address: 0xf6e814f8
  Set: 19 Way: 3 Address: 0x3b377b4f8
  Set: 19 Way: 4 Address: 0x3232f34fc
  Set: 20 Way: 0 Address: 0x2a484152c
  Set: 20 Way: 1 Address: 0x223eda53c
  Set: 20 Way: 2 Address: 0x3232f353c
  Set: 21 Way: 0 Address: 0x223eda548
  Set: 21 Way: 1 Address: 0x2a4841564
  Set: 21 Way: 2 Address: 0x2ee369548
  Set: 21 Way: 3 Address: 0x1add548
  Set: 21 Way: 4 Address: 0x84896550
  Set: 21 Way: 5 Address: 0x6e620560
  Set: 21 Way: 6 Address: 0x2c9898558
  Set: 21 Way: 7 Address: 0x3232f357c
  Set: 22 Way: 0 Address: 0x2a48415a0
  Set: 22 Way: 1 Address: 0x3232f35bc
  Set: 22 Way: 2 Address: 0x223eda5b8
  Set: 23 Way: 0 Address: 0x2a48415fc
  Set: 23 Way: 1 Address: 0x3232f35fc
  Set: 23 Way: 2 Address: 0x223eda5fc
  Set: 24 Way: 0 Address: 0x2a484161c
  Set: 24 Way: 1 Address: 0x3232f363c
  Set: 24 Way: 2 Address: 0x223eda618
  Set: 25 Way: 0 Address: 0x2a4841660
  Set: 25 Way: 1 Address: 0xbeea7670
  Set: 25 Way: 2 Address: 0x3232f367c
  Set: 25 Way: 3 Address: 0x223eda658
  Set: 26 Way: 0 Address: 0x2a4841694
  Set: 26 Way: 1 Address: 0x3232f36bc
  Set: 27 Way: 0 Address: 0x2a48416c0
  Set: 27 Way: 1 Address: 0xf6e816d8
  Set: 27 Way: 2 Address: 0x2db79e6d8
  Set: 27 Way: 3 Address: 0x3232f36fc
  Set: 27 Way: 4 Address: 0x223eda6c0
  Set: 28 Way: 0 Address: 0x2a4841704
  Set: 28 Way: 1 Address: 0x211d16738
  Set: 28 Way: 2 Address: 0x3232f373c
  Set: 28 Way: 3 Address: 0x223eda700
  Set: 29 Way: 0 Address: 0x2a4841740
  Set: 29 Way: 1 Address: 0x211d16748
  Set: 29 Way: 2 Address: 0x3232f377c
  Set: 29 Way: 3 Address: 0x223eda740
  Set: 30 Way: 0 Address: 0x2a484179c
  Set: 30 Way: 1 Address: 0x309887790
  Set: 30 Way: 2 Address: 0x211d167bc
  Set: 30 Way: 3 Address: 0x3232f37bc
  Set: 30 Way: 4 Address: 0x223eda780
  Set: 31 Way: 0 Address: 0x2a48417fc
  Set: 31 Way: 1 Address: 0x28b67e7f8
  Set: 31 Way: 2 Address: 0x3c56b37f8
  Set: 31 Way: 3 Address: 0x211d167fc
  Set: 31 Way: 4 Address: 0x3232f37fc
  Set: 32 Way: 0 Address: 0x2a4841800
  Set: 32 Way: 1 Address: 0x1add818
  Set: 32 Way: 2 Address: 0x14bb10818
  Set: 32 Way: 3 Address: 0x211d1683c
  Set: 32 Way: 4 Address: 0x2177f0810
  Set: 32 Way: 5 Address: 0x3232f383c
  Set: 33 Way: 0 Address: 0x195f15860
  Set: 33 Way: 1 Address: 0x263c13860
  Set: 33 Way: 2 Address: 0x2a4841840
  Set: 33 Way: 3 Address: 0x143ef860
  Set: 33 Way: 4 Address: 0x3dae66870
  Set: 33 Way: 5 Address: 0x211d1687c
  Set: 33 Way: 6 Address: 0x3232f387c
  Set: 34 Way: 0 Address: 0x2a4841884
  Set: 34 Way: 1 Address: 0x211d168bc
  Set: 34 Way: 2 Address: 0x3232f38bc
  Set: 35 Way: 0 Address: 0x2a48418f4
  Set: 35 Way: 1 Address: 0x143ef8e0
  Set: 35 Way: 2 Address: 0x211d168fc
  Set: 35 Way: 3 Address: 0x3232f38fc
  Set: 36 Way: 0 Address: 0x2a4841934
  Set: 36 Way: 1 Address: 0x211d1693c
  Set: 36 Way: 2 Address: 0x3232f393c
  Set: 37 Way: 0 Address: 0x2a484196c
  Set: 37 Way: 1 Address: 0x143ef950
  Set: 37 Way: 2 Address: 0x211d1697c
  Set: 38 Way: 0 Address: 0x2a4841984
  Set: 38 Way: 1 Address: 0x211d169bc
  Set: 39 Way: 0 Address: 0x2a48419cc
  Set: 39 Way: 1 Address: 0x211d169fc
  Set: 40 Way: 0 Address: 0x2a4841a00
  Set: 40 Way: 1 Address: 0xf6e81a18
  Set: 40 Way: 2 Address: 0x211d16a3c
  Set: 41 Way: 0 Address: 0x2a4841a4c
  Set: 41 Way: 1 Address: 0x2f5d8ea58
  Set: 41 Way: 2 Address: 0x2b2e93a60
  Set: 41 Way: 3 Address: 0x5588da60
  Set: 41 Way: 4 Address: 0x211d16a7c
  Set: 42 Way: 0 Address: 0x2a4841a84
  Set: 42 Way: 1 Address: 0x211d16abc
  Set: 43 Way: 0 Address: 0x2a4841afc
  Set: 43 Way: 1 Address: 0x143efac0
  Set: 43 Way: 2 Address: 0x211d16afc
  Set: 44 Way: 0 Address: 0x2a4841b00
  Set: 44 Way: 1 Address: 0x211d16b3c
  Set: 45 Way: 0 Address: 0x2a4841b7c
  Set: 45 Way: 1 Address: 0x143efb40
  Set: 45 Way: 2 Address: 0x211d16b7c
  Set: 46 Way: 0 Address: 0x2a4841bbc
  Set: 46 Way: 1 Address: 0x211d16bbc
  Set: 47 Way: 0 Address: 0x2a4841bc0
  Set: 47 Way: 1 Address: 0x143efbc0
  Set: 47 Way: 2 Address: 0x211d16bfc
  Set: 48 Way: 0 Address: 0x2a4841c14
  Set: 48 Way: 1 Address: 0x276ff7c30
  Set: 48 Way: 2 Address: 0x211d16c3c
  Set: 49 Way: 0 Address: 0x2a4841c48
  Set: 49 Way: 1 Address: 0x276ff7c40
  Set: 49 Way: 2 Address: 0x143efc40
  Set: 49 Way: 3 Address: 0x211d16c7c
  Set: 50 Way: 0 Address: 0x2a4841c98
  Set: 50 Way: 1 Address: 0x3734eec80
  Set: 50 Way: 2 Address: 0x211d16cbc
  Set: 51 Way: 0 Address: 0x2a4841ccc
  Set: 51 Way: 1 Address: 0x3734eecc0
  Set: 51 Way: 2 Address: 0x201598cf8
  Set: 51 Way: 3 Address: 0x211d16cfc
  Set: 52 Way: 0 Address: 0x2a4841d14
  Set: 52 Way: 1 Address: 0x3734eed00
  Set: 52 Way: 2 Address: 0x201598d00
  Set: 52 Way: 3 Address: 0x211d16d3c
  Set: 52 Way: 4 Address: 0x1b0f15d00
  Set: 53 Way: 0 Address: 0x2a4841d7c
  Set: 53 Way: 1 Address: 0x3734eed40
  Set: 53 Way: 2 Address: 0x2f5d8ed60
  Set: 53 Way: 3 Address: 0x38e35cd60
  Set: 53 Way: 4 Address: 0x2b2e93d50
  Set: 53 Way: 5 Address: 0x201598d60
  Set: 53 Way: 6 Address: 0x211d16d7c
  Set: 54 Way: 0 Address: 0x2a4841db4
  Set: 54 Way: 1 Address: 0x201598d98
  Set: 54 Way: 2 Address: 0x22272fd88
  Set: 54 Way: 3 Address: 0x211d16dbc
  Set: 55 Way: 0 Address: 0x2a4841dfc
  Set: 55 Way: 1 Address: 0x1c84e2dd0
  Set: 55 Way: 2 Address: 0x201598df8
  Set: 55 Way: 3 Address: 0x211d16dfc
  Set: 56 Way: 0 Address: 0x2a4841e2c
  Set: 56 Way: 1 Address: 0x201598e04
  Set: 56 Way: 2 Address: 0x3734eee34
  Set: 56 Way: 3 Address: 0x211d16e3c
  Set: 57 Way: 0 Address: 0x2a4841e7c
  Set: 57 Way: 1 Address: 0x3734eee7c
  Set: 57 Way: 2 Address: 0x201598e48
  Set: 57 Way: 3 Address: 0x211d16e7c
  Set: 58 Way: 0 Address: 0x2a4841ea0
  Set: 58 Way: 1 Address: 0x3734eeeac
  Set: 58 Way: 2 Address: 0x211d16ebc
  Set: 59 Way: 0 Address: 0x2a4841ecc
  Set: 59 Way: 1 Address: 0x3734eeefc
  Set: 59 Way: 2 Address: 0x201598ec8
  Set: 59 Way: 3 Address: 0x211d16efc
  Set: 60 Way: 0 Address: 0x2a4841f1c
  Set: 60 Way: 1 Address: 0x3734eef20
  Set: 60 Way: 2 Address: 0x201598f00
  Set: 60 Way: 3 Address: 0x211d16f3c
  Set: 61 Way: 0 Address: 0x2a4841f60
  Set: 61 Way: 1 Address: 0x3734eef7c
  Set: 61 Way: 2 Address: 0x201598f40
  Set: 61 Way: 3 Address: 0x211d16f7c
  Set: 62 Way: 0 Address: 0x2a4841f80
  Set: 62 Way: 1 Address: 0x397bb4f90
  Set: 62 Way: 2 Address: 0x3734eefbc
  Set: 62 Way: 3 Address: 0x201598f80
  Set: 62 Way: 4 Address: 0x211d16fbc
  Set: 63 Way: 0 Address: 0x2a4841fc0
  Set: 63 Way: 1 Address: 0x3734eeffc
  Set: 63 Way: 2 Address: 0x201598fc0
  Set: 63 Way: 3 Address: 0x211d16ffc
EndCache
Cache: cpu0_ITLB
  Set: 0 Way: 0 Address: 0x470a78
  Set: 1 Way: 0 Address: 0x4710e0
  Set: 2 Way: 0 Address: 0x472bc0
  Set: 3 Way: 0 Address: 0x413f10
  Set: 9 Way: 0 Address: 0x4096b5
  Set: 10 Way: 0 Address: 0x40a333
EndCache
Cache: cpu0_DTLB
  Set: 0 Way: 0 Address: 0x21820bbc
  Set: 1 Way: 0 Address: 0x2182133c
  Set: 2 Way: 0 Address: 0x20702670
  Set: 3 Way: 0 Address: 0x2943790
  Set: 10 Way: 0 Address: 0x7ffc81bbadf8
  Set: 10 Way: 1 Address: 0x7aac40
  Set: 10 Way: 2 Address: 0x152aa748
  Set: 11 Way: 0 Address: 0x74b860
  Set: 11 Way: 1 Address: 0x28dbd00
  Set: 11 Way: 2 Address: 0x152ab044
  Set: 12 Way: 0 Address: 0x2185cf20
  Set: 12 Way: 1 Address: 0x7ac344
  Set: 12 Way: 2 Address: 0x74c158
  Set: 12 Way: 3 Address: 0x152acd88
  Set: 13 Way: 0 Address: 0x2185d014
  Set: 13 Way: 1 Address: 0x144d870
  Set: 15 Way: 0 Address: 0x289f310
EndCache
Cache: LLC
  Set: 21 Way: 0 Address: 0x6e620560
  Set: 65 Way: 0 Address: 0x113201050
  Set: 81 Way: 0 Address: 0x2a4841458
  Set: 82 Way: 0 Address: 0x2a48414b4
  Set: 83 Way: 0 Address: 0x2a48414cc
  Set: 83 Way: 1 Address: 0xf6e814f8
  Set: 84 Way: 0 Address: 0x2a484152c
  Set: 85 Way: 0 Address: 0x2a4841564
  Set: 86 Way: 0 Address: 0x2a484159c
  Set: 87 Way: 0 Address: 0x2a48415fc
  Set: 88 Way: 0 Address: 0x2a484161c
  Set: 89 Way: 0 Address: 0x2a484165c
  Set: 90 Way: 0 Address: 0x2a4841694
  Set: 91 Way: 0 Address: 0x2a48416c0
  Set: 91 Way: 1 Address: 0xf6e816d8
  Set: 92 Way: 0 Address: 0x2a4841704
  Set: 93 Way: 0 Address: 0x2a4841740
  Set: 94 Way: 0 Address: 0x2a484179c
  Set: 95 Way: 0 Address: 0x2a48417fc
  Set: 96 Way: 0 Address: 0x2a4841800
  Set: 97 Way: 0 Address: 0x2a4841840
  Set: 98 Way: 0 Address: 0x2a4841884
  Set: 99 Way: 0 Address: 0x2a48418f4
  Set: 100 Way: 0 Address: 0x2a4841934
  Set: 101 Way: 0 Address: 0x2a484196c
  Set: 102 Way: 0 Address: 0x2a4841984
  Set: 103 Way: 0 Address: 0x2a48419cc
  Set: 104 Way: 0 Address: 0x2a4841a00
  Set: 104 Way: 1 Address: 0xf6e81a18
  Set: 105 Way: 0 Address: 0x2a4841a4c
  Set: 106 Way: 0 Address: 0x2a4841a84
  Set: 107 Way: 0 Address: 0x2a4841afc
  Set: 108 Way: 0 Address: 0x2a4841b00
  Set: 109 Way: 0 Address: 0x2a4841b7c
  Set: 110 Way: 0 Address: 0x2a4841bbc
  Set: 111 Way: 0 Address: 0x2a4841bc0
  Set: 112 Way: 0 Address: 0x2a4841c14
  Set: 113 Way: 0 Address: 0x2a4841c44
  Set: 114 Way: 0 Address: 0x2a4841c94
  Set: 115 Way: 0 Address: 0x2a4841ccc
  Set: 116 Way: 0 Address: 0x2a4841d14
  Set: 117 Way: 0 Address: 0x2a4841d7c
  Set: 118 Way: 0 Address: 0x2a4841db4
  Set: 119 Way: 0 Address: 0x2a4841dfc
  Set: 120 Way: 0 Address: 0x2a4841e2c
  Set: 121 Way: 0 Address: 0x2a4841e7c
  Set: 122 Way: 0 Address: 0x2a4841e9c
  Set: 123 Way: 0 Address: 0x2a4841ecc
  Set: 124 Way: 0 Address: 0x2a4841f1c
  Set: 125 Way: 0 Address: 0x2a4841f5c
  Set: 126 Way: 0 Address: 0x2a4841f80
  Set: 127 Way: 0 Address: 0x2a4841fc0
  Set: 183 Way: 0 Address: 0x1c84e2dd0
  Set: 188 Way: 0 Address: 0x6d0c2f10
  Set: 256 Way: 0 Address: 0x1ab44018
  Set: 260 Way: 0 Address: 0x1ab44118
  Set: 261 Way: 0 Address: 0x1ab44158
  Set: 267 Way: 0 Address: 0xb80042e8
  Set: 417 Way: 0 Address: 0x3dae66870
  Set: 473 Way: 0 Address: 0xbeea7670
  Set: 478 Way: 0 Address: 0x309887790
  Set: 577 Way: 0 Address: 0x2ee369050
  Set: 597 Way: 0 Address: 0x2ee369548
  Set: 769 Way: 0 Address: 0x29484c068
  Set: 873 Way: 0 Address: 0x5588da60
  Set: 897 Way: 0 Address: 0x1c084e07c
  Set: 898 Way: 0 Address: 0x1c084e080
  Set: 899 Way: 0 Address: 0x1c084e0e0
  Set: 900 Way: 0 Address: 0x1c084e100
  Set: 904 Way: 0 Address: 0x1c084e21c
  Set: 905 Way: 0 Address: 0x1c084e241
  Set: 907 Way: 0 Address: 0x1c084e2c0
  Set: 908 Way: 0 Address: 0x1c084e300
  Set: 937 Way: 0 Address: 0x2f5d8ea58
  Set: 946 Way: 0 Address: 0x3734eec80
  Set: 947 Way: 0 Address: 0x3734eecc0
  Set: 948 Way: 0 Address: 0x3734eed00
  Set: 948 Way: 1 Address: 0x1c084ed1d
  Set: 949 Way: 0 Address: 0x3734eed40
  Set: 949 Way: 1 Address: 0x2f5d8ed60
  Set: 949 Way: 2 Address: 0x1c084ed42
  Set: 952 Way: 0 Address: 0x3734eee3c
  Set: 953 Way: 0 Address: 0x3734eee7c
  Set: 954 Way: 0 Address: 0x3734eeebc
  Set: 955 Way: 0 Address: 0x3734eeefc
  Set: 956 Way: 0 Address: 0x3734eef20
  Set: 957 Way: 0 Address: 0x3734eef7c
  Set: 958 Way: 0 Address: 0x3734eefbc
  Set: 959 Way: 0 Address: 0x3734eeffc
  Set: 962 Way: 0 Address: 0x16390f098
  Set: 969 Way: 0 Address: 0xee86f268
  Set: 974 Way: 0 Address: 0x16390f390
  Set: 993 Way: 0 Address: 0x143ef860
  Set: 995 Way: 0 Address: 0x143ef8e0
  Set: 997 Way: 0 Address: 0x143ef950
  Set: 1003 Way: 0 Address: 0x143efac0
  Set: 1005 Way: 0 Address: 0x143efb40
  Set: 1007 Way: 0 Address: 0x143efbc0
  Set: 1009 Way: 0 Address: 0x143efc40
  Set: 1014 Way: 0 Address: 0x22272fd98
  Set: 1056 Way: 0 Address: 0x14bb10818
  Set: 1056 Way: 1 Address: 0x2177f0810
  Set: 1156 Way: 0 Address: 0x9cff2108
  Set: 1163 Way: 0 Address: 0x9cff22e0
  Set: 1166 Way: 0 Address: 0x133c92388
  Set: 1198 Way: 0 Address: 0x1995f2ba0
  Set: 1199 Way: 0 Address: 0x1995f2bc0
  Set: 1200 Way: 0 Address: 0x1995f2c00
  Set: 1201 Way: 0 Address: 0x1995f2c42
  Set: 1216 Way: 0 Address: 0x3232f3000
  Set: 1217 Way: 0 Address: 0x3232f3040
  Set: 1218 Way: 0 Address: 0x263c130a0
  Set: 1218 Way: 1 Address: 0x3232f3080
  Set: 1219 Way: 0 Address: 0x3232f30c0
  Set: 1220 Way: 0 Address: 0x3232f3100
  Set: 1221 Way: 0 Address: 0x3232f3140
  Set: 1222 Way: 0 Address: 0x3232f3180
  Set: 1223 Way: 0 Address: 0x3232f31c0
  Set: 1224 Way: 0 Address: 0x3232f3200
  Set: 1225 Way: 0 Address: 0x3232f3240
  Set: 1226 Way: 0 Address: 0x3232f3280
  Set: 1227 Way: 0 Address: 0x3232f32c0
  Set: 1228 Way: 0 Address: 0x3232f3300
  Set: 1229 Way: 0 Address: 0x3232f3340
  Set: 1230 Way: 0 Address: 0x3232f3380
  Set: 1231 Way: 0 Address: 0x3232f33c0
  Set: 1232 Way: 0 Address: 0x3232f3400
  Set: 1233 Way: 0 Address: 0x3232f3440
  Set: 1234 Way: 0 Address: 0x3232f3480
  Set: 1235 Way: 0 Address: 0x3232f34c0
  Set: 1236 Way: 0 Address: 0x3232f3500
  Set: 1237 Way: 0 Address: 0x3232f3540
  Set: 1238 Way: 0 Address: 0x3232f3580
  Set: 1239 Way: 0 Address: 0x3232f35c0
  Set: 1240 Way: 0 Address: 0x3232f3600
  Set: 1241 Way: 0 Address: 0x3232f3640
  Set: 1242 Way: 0 Address: 0x3232f3680
  Set: 1243 Way: 0 Address: 0x3232f36c0
  Set: 1244 Way: 0 Address: 0x3232f3700
  Set: 1245 Way: 0 Address: 0x3232f3740
  Set: 1246 Way: 0 Address: 0x3232f3780
  Set: 1247 Way: 0 Address: 0x3c56b37f8
  Set: 1247 Way: 1 Address: 0x3232f37c0
  Set: 1248 Way: 0 Address: 0x3232f3800
  Set: 1249 Way: 0 Address: 0x263c13860
  Set: 1249 Way: 1 Address: 0x3232f3840
  Set: 1250 Way: 0 Address: 0x3232f3880
  Set: 1251 Way: 0 Address: 0x3232f38c0
  Set: 1252 Way: 0 Address: 0x3232f3900
  Set: 1257 Way: 0 Address: 0x2b2e93a60
  Set: 1269 Way: 0 Address: 0x2b2e93d50
  Set: 1284 Way: 0 Address: 0x3de4d4100
  Set: 1293 Way: 0 Address: 0x3c1074344
  Set: 1306 Way: 0 Address: 0x1299346b5
  Set: 1307 Way: 0 Address: 0x1299346c1
  Set: 1308 Way: 0 Address: 0x129934730
  Set: 1309 Way: 0 Address: 0x129934741
  Set: 1310 Way: 0 Address: 0x129934780
  Set: 1311 Way: 0 Address: 0x1299347c0
  Set: 1342 Way: 0 Address: 0x397bb4f90
  Set: 1344 Way: 0 Address: 0x195f15010
  Set: 1377 Way: 0 Address: 0x195f15860
  Set: 1385 Way: 0 Address: 0x354d35a50
  Set: 1386 Way: 0 Address: 0x354d35a82
  Set: 1387 Way: 0 Address: 0x354d35ac0
  Set: 1388 Way: 0 Address: 0x354d35b09
  Set: 1389 Way: 0 Address: 0x354d35b61
  Set: 1390 Way: 0 Address: 0x354d35b88
  Set: 1391 Way: 0 Address: 0x354d35bc6
  Set: 1392 Way: 0 Address: 0x354d35c01
  Set: 1393 Way: 0 Address: 0x354d35c46
  Set: 1394 Way: 0 Address: 0x354d35c9e
  Set: 1395 Way: 0 Address: 0x354d35cc6
  Set: 1396 Way: 0 Address: 0x354d35d00
  Set: 1396 Way: 1 Address: 0x1b0f15d00
  Set: 1397 Way: 0 Address: 0x354d35d40
  Set: 1398 Way: 0 Address: 0x354d35d80
  Set: 1400 Way: 0 Address: 0x354d35e08
  Set: 1403 Way: 0 Address: 0x354d35ed8
  Set: 1404 Way: 0 Address: 0x354d35f09
  Set: 1405 Way: 0 Address: 0x354d35f40
  Set: 1419 Way: 0 Address: 0x437362e0
  Set: 1429 Way: 0 Address: 0x84896550
  Set: 1436 Way: 0 Address: 0x211d16738
  Set: 1437 Way: 0 Address: 0x211d16748
  Set: 1438 Way: 0 Address: 0x211d16780
  Set: 1439 Way: 0 Address: 0x211d167c0
  Set: 1440 Way: 0 Address: 0x211d16800
  Set: 1441 Way: 0 Address: 0x211d16840
  Set: 1442 Way: 0 Address: 0x211d16880
  Set: 1443 Way: 0 Address: 0x211d168c0
  Set: 1444 Way: 0 Address: 0x211d16900
  Set: 1445 Way: 0 Address: 0x211d16940
  Set: 1446 Way: 0 Address: 0x211d16980
  Set: 1447 Way: 0 Address: 0x211d169c0
  Set: 1448 Way: 0 Address: 0x211d16a00
  Set: 1449 Way: 0 Address: 0x211d16a40
  Set: 1450 Way: 0 Address: 0x211d16a80
  Set: 1451 Way: 0 Address: 0x211d16ac0
  Set: 1452 Way: 0 Address: 0x211d16b00
  Set: 1453 Way: 0 Address: 0x211d16b40
  Set: 1454 Way: 0 Address: 0x211d16b80
  Set: 1455 Way: 0 Address: 0x211d16bc0
  Set: 1456 Way: 0 Address: 0x211d16c00
  Set: 1457 Way: 0 Address: 0x211d16c40
  Set: 1458 Way: 0 Address: 0x211d16c80
  Set: 1459 Way: 0 Address: 0x211d16cc0
  Set: 1460 Way: 0 Address: 0x211d16d00
  Set: 1461 Way: 0 Address: 0x211d16d40
  Set: 1462 Way: 0 Address: 0x211d16d80
  Set: 1463 Way: 0 Address: 0x211d16dc0
  Set: 1464 Way: 0 Address: 0x211d16e00
  Set: 1465 Way: 0 Address: 0x211d16e40
  Set: 1466 Way: 0 Address: 0x211d16e80
  Set: 1467 Way: 0 Address: 0x211d16ec0
  Set: 1468 Way: 0 Address: 0x211d16f00
  Set: 1469 Way: 0 Address: 0x211d16f40
  Set: 1470 Way: 0 Address: 0x211d16f80
  Set: 1471 Way: 0 Address: 0x211d16fc0
  Set: 1520 Way: 0 Address: 0x276ff7c30
  Set: 1521 Way: 0 Address: 0x276ff7c40
  Set: 1536 Way: 0 Address: 0xc7078014
  Set: 1537 Way: 0 Address: 0x1aafb8048
  Set: 1538 Way: 0 Address: 0x1aafb8098
  Set: 1548 Way: 0 Address: 0x3bdd78310
  Set: 1557 Way: 0 Address: 0x2c9898558
  Set: 1587 Way: 0 Address: 0x201598cf8
  Set: 1588 Way: 0 Address: 0x201598d00
  Set: 1589 Way: 0 Address: 0x201598d40
  Set: 1590 Way: 0 Address: 0x201598db8
  Set: 1591 Way: 0 Address: 0x201598de8
  Set: 1592 Way: 0 Address: 0x201598e04
  Set: 1593 Way: 0 Address: 0x201598e48
  Set: 1595 Way: 0 Address: 0x201598ec8
  Set: 1596 Way: 0 Address: 0x201598f00
  Set: 1597 Way: 0 Address: 0x201598f40
  Set: 1598 Way: 0 Address: 0x201598f80
  Set: 1599 Way: 0 Address: 0x201598fc0
  Set: 1600 Way: 0 Address: 0x292959018
  Set: 1601 Way: 0 Address: 0x292959050
  Set: 1602 Way: 0 Address: 0x2929590a0
  Set: 1664 Way: 0 Address: 0x229b9a000
  Set: 1664 Way: 1 Address: 0x223eda00c
  Set: 1665 Way: 0 Address: 0x223eda05c
  Set: 1666 Way: 0 Address: 0x223eda0bc
  Set: 1667 Way: 0 Address: 0x223eda0cc
  Set: 1668 Way: 0 Address: 0x223eda11c
  Set: 1669 Way: 0 Address: 0x223eda15c
  Set: 1670 Way: 0 Address: 0x223eda1bc
  Set: 1671 Way: 0 Address: 0x223eda1c0
  Set: 1672 Way: 0 Address: 0x223eda214
  Set: 1673 Way: 0 Address: 0x223eda274
  Set: 1674 Way: 0 Address: 0x223eda2bc
  Set: 1675 Way: 0 Address: 0x223eda2fc
  Set: 1676 Way: 0 Address: 0x223eda33c
  Set: 1677 Way: 0 Address: 0x223eda340
  Set: 1678 Way: 0 Address: 0x223eda394
  Set: 1679 Way: 0 Address: 0x223eda3ec
  Set: 1680 Way: 0 Address: 0x223eda404
  Set: 1681 Way: 0 Address: 0x223eda47c
  Set: 1682 Way: 0 Address: 0x223eda4bc
  Set: 1683 Way: 0 Address: 0x223eda4fc
  Set: 1684 Way: 0 Address: 0x223eda53c
  Set: 1685 Way: 0 Address: 0x223eda548
  Set: 1686 Way: 0 Address: 0x223eda580
  Set: 1687 Way: 0 Address: 0x223eda5c0
  Set: 1688 Way: 0 Address: 0x223eda600
  Set: 1689 Way: 0 Address: 0x223eda640
  Set: 1691 Way: 0 Address: 0x223eda6c0
  Set: 1692 Way: 0 Address: 0x223eda700
  Set: 1693 Way: 0 Address: 0x223eda740
  Set: 1694 Way: 0 Address: 0x223eda780
  Set: 1742 Way: 0 Address: 0x394edb380
  Set: 1747 Way: 0 Address: 0x3b377b4f8
  Set: 1792 Way: 0 Address: 0xdf85c000
  Set: 1806 Way: 0 Address: 0x12c6fc390
  Set: 1845 Way: 0 Address: 0x38e35cd60
  Set: 1856 Way: 0 Address: 0x23755d018
  Set: 1877 Way: 0 Address: 0x1add548
  Set: 1888 Way: 0 Address: 0x1add818
  Set: 1920 Way: 0 Address: 0x28b67e000
  Set: 1928 Way: 0 Address: 0x1f919e230
  Set: 1929 Way: 0 Address: 0x1f919e242
  Set: 1930 Way: 0 Address: 0x1f919e289
  Set: 1931 Way: 0 Address: 0x1f919e2d0
  Set: 1932 Way: 0 Address: 0x1f919e323
  Set: 1933 Way: 0 Address: 0x1f919e342
  Set: 1947 Way: 0 Address: 0x2db79e6d8
  Set: 1951 Way: 0 Address: 0x28b67e7f8
EndCache
