Cache: cpu0_STLB
  Set: 0 Way: 0 Address: 0x400430
  Set: 3 Way: 0 Address: 0x403cb0
  Set: 5 Way: 0 Address: 0x405b3c
  Set: 6 Way: 0 Address: 0x406351
  Set: 27 Way: 0 Address: 0x69b180
  Set: 27 Way: 1 Address: 0x41bd60
  Set: 28 Way: 0 Address: 0x69c448
  Set: 31 Way: 0 Address: 0x69f688
  Set: 49 Way: 0 Address: 0x14b18d0
  Set: 65 Way: 0 Address: 0x7f4ad14417a9
  Set: 66 Way: 0 Address: 0x7f4ad1442000
  Set: 97 Way: 0 Address: 0x7ffec61e1d88
  Set: 98 Way: 0 Address: 0x7ffec61e2c15
  Set: 99 Way: 0 Address: 0x7ffec61e3000
  Set: 110 Way: 0 Address: 0x7f4b012ee7e0
  Set: 111 Way: 0 Address: 0x7f4b012ef000
EndCache
Cache: cpu0_L2C
  Set: 64 Way: 0 Address: 0x113201028
  Set: 68 Way: 0 Address: 0xf6e81100
  Set: 86 Way: 0 Address: 0x2a4841588
  Set: 90 Way: 0 Address: 0xf6e816a8
  Set: 91 Way: 0 Address: 0xf6e816df
  Set: 114 Way: 0 Address: 0xf6e81cb0
  Set: 115 Way: 0 Address: 0xf6e81cc4
  Set: 116 Way: 0 Address: 0xf6e81d02
  Set: 117 Way: 0 Address: 0xf6e81d42
  Set: 118 Way: 0 Address: 0xf6e81d81
  Set: 119 Way: 0 Address: 0xf6e81de0
  Set: 128 Way: 0 Address: 0x6d0c2000
  Set: 129 Way: 0 Address: 0x6d0c2040
  Set: 130 Way: 0 Address: 0x6d0c2080
  Set: 131 Way: 0 Address: 0x6d0c20c0
  Set: 132 Way: 0 Address: 0x6d0c2100
  Set: 133 Way: 0 Address: 0x6d0c2140
  Set: 134 Way: 0 Address: 0x6d0c2180
  Set: 135 Way: 0 Address: 0x6d0c21c0
  Set: 136 Way: 0 Address: 0x6d0c2200
  Set: 137 Way: 0 Address: 0x6d0c2240
  Set: 138 Way: 0 Address: 0x6d0c2280
  Set: 138 Way: 1 Address: 0x1995f22a0
  Set: 139 Way: 0 Address: 0x6d0c22c0
  Set: 139 Way: 1 Address: 0x1995f22c3
  Set: 140 Way: 0 Address: 0x6d0c2300
  Set: 140 Way: 1 Address: 0x1995f2328
  Set: 141 Way: 0 Address: 0x6d0c2340
  Set: 141 Way: 1 Address: 0x1995f2351
  Set: 142 Way: 0 Address: 0x6d0c2380
  Set: 142 Way: 1 Address: 0x1995f23bc
  Set: 143 Way: 0 Address: 0x6d0c23c0
  Set: 143 Way: 1 Address: 0x1995f23c0
  Set: 144 Way: 0 Address: 0x1995f2400
  Set: 147 Way: 0 Address: 0x9cff24d8
  Set: 159 Way: 0 Address: 0x1c84e27f0
  Set: 192 Way: 0 Address: 0x263c13018
  Set: 196 Way: 0 Address: 0x3c56b3128
  Set: 197 Way: 0 Address: 0x3c56b3158
  Set: 198 Way: 0 Address: 0x3c56b3180
  Set: 199 Way: 0 Address: 0x3c56b31e8
  Set: 200 Way: 0 Address: 0x3c56b3208
  Set: 201 Way: 0 Address: 0x3c56b3260
  Set: 202 Way: 0 Address: 0x3c56b3298
  Set: 203 Way: 0 Address: 0x3c56b32e8
  Set: 204 Way: 0 Address: 0x3c56b3338
  Set: 205 Way: 0 Address: 0x3c56b3350
  Set: 206 Way: 0 Address: 0x3c56b33bc
  Set: 207 Way: 0 Address: 0x3c56b33c8
  Set: 208 Way: 0 Address: 0x3c56b3418
  Set: 209 Way: 0 Address: 0x3c56b3454
  Set: 210 Way: 0 Address: 0x3c56b34b8
  Set: 211 Way: 0 Address: 0x3c56b34d8
  Set: 211 Way: 1 Address: 0x2b2e934e0
  Set: 212 Way: 0 Address: 0x3c56b350c
  Set: 256 Way: 0 Address: 0x129934000
  Set: 257 Way: 0 Address: 0x129934040
  Set: 258 Way: 0 Address: 0x129934080
  Set: 259 Way: 0 Address: 0x1299340c0
  Set: 260 Way: 0 Address: 0x129934100
  Set: 261 Way: 0 Address: 0x129934140
  Set: 262 Way: 0 Address: 0x129934180
  Set: 263 Way: 0 Address: 0x1299341c0
  Set: 264 Way: 0 Address: 0xb8004208
  Set: 264 Way: 1 Address: 0x129934200
  Set: 265 Way: 0 Address: 0x129934240
  Set: 266 Way: 0 Address: 0x129934280
  Set: 267 Way: 0 Address: 0x1299342c0
  Set: 268 Way: 0 Address: 0x129934300
  Set: 269 Way: 0 Address: 0x129934340
  Set: 270 Way: 0 Address: 0x129934380
  Set: 271 Way: 0 Address: 0x1299343c0
  Set: 272 Way: 0 Address: 0x129934400
  Set: 273 Way: 0 Address: 0x129934440
  Set: 274 Way: 0 Address: 0x129934480
  Set: 275 Way: 0 Address: 0x1299344c0
  Set: 276 Way: 0 Address: 0x129934500
  Set: 277 Way: 0 Address: 0x129934540
  Set: 278 Way: 0 Address: 0x129934580
  Set: 279 Way: 0 Address: 0x1299345c0
  Set: 280 Way: 0 Address: 0x129934600
  Set: 281 Way: 0 Address: 0x129934640
  Set: 282 Way: 0 Address: 0x129934680
  Set: 283 Way: 0 Address: 0x1299346c0
  Set: 284 Way: 0 Address: 0x129934700
  Set: 285 Way: 0 Address: 0x129934740
  Set: 286 Way: 0 Address: 0x129934780
  Set: 287 Way: 0 Address: 0x3de4d47f8
  Set: 287 Way: 1 Address: 0x3c10747e0
  Set: 287 Way: 2 Address: 0x1299347c0
  Set: 288 Way: 0 Address: 0x397bb4808
  Set: 288 Way: 1 Address: 0x3c1074800
  Set: 288 Way: 2 Address: 0x129934800
  Set: 289 Way: 0 Address: 0x397bb4870
  Set: 289 Way: 1 Address: 0x3c1074840
  Set: 289 Way: 2 Address: 0x129934840
  Set: 290 Way: 0 Address: 0x397bb48b0
  Set: 290 Way: 1 Address: 0x3c1074880
  Set: 290 Way: 2 Address: 0x129934880
  Set: 291 Way: 0 Address: 0x397bb48d0
  Set: 291 Way: 1 Address: 0x3c10748c0
  Set: 291 Way: 2 Address: 0x1299348c0
  Set: 292 Way: 0 Address: 0x397bb491e
  Set: 292 Way: 1 Address: 0x3c1074900
  Set: 292 Way: 2 Address: 0x129934900
  Set: 293 Way: 0 Address: 0x397bb4963
  Set: 293 Way: 1 Address: 0x3c1074940
  Set: 293 Way: 2 Address: 0x129934940
  Set: 294 Way: 0 Address: 0x3c1074980
  Set: 294 Way: 1 Address: 0x129934980
  Set: 295 Way: 0 Address: 0x3c10749c0
  Set: 295 Way: 1 Address: 0x1299349c0
  Set: 296 Way: 0 Address: 0x3c1074a00
  Set: 296 Way: 1 Address: 0x129934a00
  Set: 297 Way: 0 Address: 0x3c1074a40
  Set: 297 Way: 1 Address: 0x129934a40
  Set: 298 Way: 0 Address: 0x3c1074a80
  Set: 298 Way: 1 Address: 0x129934a80
  Set: 299 Way: 0 Address: 0x397bb4af8
  Set: 299 Way: 1 Address: 0x3c1074ac0
  Set: 299 Way: 2 Address: 0x129934ac0
  Set: 300 Way: 0 Address: 0x3c1074b00
  Set: 300 Way: 1 Address: 0x129934b00
  Set: 301 Way: 0 Address: 0x3c1074b40
  Set: 301 Way: 1 Address: 0x129934b40
  Set: 302 Way: 0 Address: 0x3c1074b80
  Set: 302 Way: 1 Address: 0x129934b80
  Set: 303 Way: 0 Address: 0x3c1074bc0
  Set: 303 Way: 1 Address: 0x129934bc0
  Set: 304 Way: 0 Address: 0x129934c15
  Set: 304 Way: 1 Address: 0x3c1074c00
  Set: 305 Way: 0 Address: 0x129934c40
  Set: 305 Way: 1 Address: 0x3c1074c40
  Set: 306 Way: 0 Address: 0x129934c80
  Set: 306 Way: 1 Address: 0x3c1074c80
  Set: 307 Way: 0 Address: 0x129934cc0
  Set: 307 Way: 1 Address: 0x3c1074cc0
  Set: 308 Way: 0 Address: 0x129934d00
  Set: 308 Way: 1 Address: 0x3c1074d00
  Set: 309 Way: 0 Address: 0x129934d40
  Set: 309 Way: 1 Address: 0x3c1074d40
  Set: 310 Way: 0 Address: 0x129934d80
  Set: 310 Way: 1 Address: 0x3c1074d80
  Set: 311 Way: 0 Address: 0x129934dc0
  Set: 311 Way: 1 Address: 0x3c1074dc0
  Set: 312 Way: 0 Address: 0x129934e00
  Set: 312 Way: 1 Address: 0x3c1074e00
  Set: 313 Way: 0 Address: 0x129934e40
  Set: 313 Way: 1 Address: 0x3c1074e40
  Set: 314 Way: 0 Address: 0x129934e80
  Set: 314 Way: 1 Address: 0x3c1074e80
  Set: 315 Way: 0 Address: 0x129934ec0
  Set: 315 Way: 1 Address: 0x3c1074ec0
  Set: 316 Way: 0 Address: 0x129934f00
  Set: 316 Way: 1 Address: 0x3c1074f00
  Set: 317 Way: 0 Address: 0x129934f40
  Set: 317 Way: 1 Address: 0x3c1074f40
  Set: 318 Way: 0 Address: 0x129934f80
  Set: 318 Way: 1 Address: 0x3c1074f80
  Set: 319 Way: 0 Address: 0x129934fc0
  Set: 319 Way: 1 Address: 0x3c1074fc0
  Set: 320 Way: 0 Address: 0x195f15010
  Set: 320 Way: 1 Address: 0x129935000
  Set: 320 Way: 2 Address: 0x3c1075000
  Set: 321 Way: 0 Address: 0x195f15050
  Set: 321 Way: 1 Address: 0x129935040
  Set: 321 Way: 2 Address: 0x3c1075040
  Set: 322 Way: 0 Address: 0x129935080
  Set: 322 Way: 1 Address: 0x3c1075080
  Set: 323 Way: 0 Address: 0x1299350c0
  Set: 323 Way: 1 Address: 0x3c10750c0
  Set: 324 Way: 0 Address: 0x3c1075100
  Set: 325 Way: 0 Address: 0x3c1075140
  Set: 326 Way: 0 Address: 0x3c1075180
  Set: 327 Way: 0 Address: 0x3c10751c0
  Set: 373 Way: 0 Address: 0x354d35d60
  Set: 375 Way: 0 Address: 0x354d35de0
  Set: 376 Way: 0 Address: 0x354d35e20
  Set: 378 Way: 0 Address: 0x354d35ea0
  Set: 379 Way: 0 Address: 0x354d35ec0
  Set: 384 Way: 0 Address: 0x84896000
  Set: 385 Way: 0 Address: 0x3dae66048
  Set: 385 Way: 1 Address: 0x84896040
  Set: 386 Way: 0 Address: 0x84896080
  Set: 387 Way: 0 Address: 0x848960c0
  Set: 388 Way: 0 Address: 0x84896100
  Set: 389 Way: 0 Address: 0x84896140
  Set: 390 Way: 0 Address: 0x84896180
  Set: 391 Way: 0 Address: 0x848961c0
  Set: 392 Way: 0 Address: 0x84896200
  Set: 392 Way: 1 Address: 0x211d16210
  Set: 393 Way: 0 Address: 0x84896240
  Set: 394 Way: 0 Address: 0x84896280
  Set: 395 Way: 0 Address: 0x848962c0
  Set: 396 Way: 0 Address: 0x84896300
  Set: 397 Way: 0 Address: 0x84896340
  Set: 398 Way: 0 Address: 0x84896380
  Set: 399 Way: 0 Address: 0x848963c0
  Set: 400 Way: 0 Address: 0x84896400
  Set: 401 Way: 0 Address: 0x43736450
  Set: 401 Way: 1 Address: 0x84896440
  Set: 402 Way: 0 Address: 0x84896480
  Set: 403 Way: 0 Address: 0x848964c0
  Set: 404 Way: 0 Address: 0x84896500
  Set: 405 Way: 0 Address: 0x84896540
  Set: 406 Way: 0 Address: 0x84896580
  Set: 407 Way: 0 Address: 0x848965c0
  Set: 408 Way: 0 Address: 0x84896600
  Set: 409 Way: 0 Address: 0x84896640
  Set: 410 Way: 0 Address: 0x84896680
  Set: 411 Way: 0 Address: 0x848966c0
  Set: 412 Way: 0 Address: 0x84896700
  Set: 413 Way: 0 Address: 0x84896740
  Set: 414 Way: 0 Address: 0x84896780
  Set: 415 Way: 0 Address: 0x848967c0
  Set: 416 Way: 0 Address: 0x84896800
  Set: 417 Way: 0 Address: 0x84896840
  Set: 418 Way: 0 Address: 0x84896880
  Set: 419 Way: 0 Address: 0x848968c0
  Set: 420 Way: 0 Address: 0x84896900
  Set: 421 Way: 0 Address: 0x84896940
  Set: 422 Way: 0 Address: 0x84896980
  Set: 423 Way: 0 Address: 0x848969c0
  Set: 424 Way: 0 Address: 0x84896a00
  Set: 425 Way: 0 Address: 0x84896a40
  Set: 426 Way: 0 Address: 0x84896a80
  Set: 427 Way: 0 Address: 0x84896ac0
  Set: 428 Way: 0 Address: 0x84896b00
  Set: 429 Way: 0 Address: 0x84896b40
  Set: 430 Way: 0 Address: 0x84896b80
  Set: 431 Way: 0 Address: 0x84896bc0
  Set: 432 Way: 0 Address: 0x84896c00
  Set: 433 Way: 0 Address: 0x84896c40
  Set: 434 Way: 0 Address: 0x84896c80
  Set: 435 Way: 0 Address: 0x84896cc0
  Set: 436 Way: 0 Address: 0x84896d00
  Set: 437 Way: 0 Address: 0x84896d40
  Set: 438 Way: 0 Address: 0x84896d80
  Set: 439 Way: 0 Address: 0x84896dc0
  Set: 440 Way: 0 Address: 0x84896e00
  Set: 441 Way: 0 Address: 0x84896e40
  Set: 442 Way: 0 Address: 0x84896e80
  Set: 443 Way: 0 Address: 0x84896ec0
  Set: 444 Way: 0 Address: 0x84896f00
  Set: 445 Way: 0 Address: 0x84896f40
  Set: 465 Way: 0 Address: 0x276ff7448
  Set: 502 Way: 0 Address: 0x309887d88
  Set: 503 Way: 0 Address: 0x309887dc0
  Set: 505 Way: 0 Address: 0x309887e40
  Set: 506 Way: 0 Address: 0x309887e80
  Set: 507 Way: 0 Address: 0x309887ec0
  Set: 508 Way: 0 Address: 0x309887f00
  Set: 509 Way: 0 Address: 0x309887f40
  Set: 510 Way: 0 Address: 0x309887f80
  Set: 511 Way: 0 Address: 0x309887fc0
  Set: 512 Way: 0 Address: 0xc7078018
  Set: 512 Way: 1 Address: 0x309888000
  Set: 513 Way: 0 Address: 0x309888040
  Set: 514 Way: 0 Address: 0x309888080
  Set: 515 Way: 0 Address: 0x3098880c0
  Set: 516 Way: 0 Address: 0x309888100
  Set: 517 Way: 0 Address: 0x309888140
  Set: 518 Way: 0 Address: 0x309888180
  Set: 519 Way: 0 Address: 0x3098881c0
  Set: 549 Way: 0 Address: 0x1aafb8958
  Set: 572 Way: 0 Address: 0x201598f10
  Set: 592 Way: 0 Address: 0x2ee369430
  Set: 593 Way: 0 Address: 0x2ee369441
  Set: 594 Way: 0 Address: 0x2ee369488
  Set: 603 Way: 0 Address: 0x2ee3696d0
  Set: 604 Way: 0 Address: 0x2ee369701
  Set: 605 Way: 0 Address: 0x2ee369740
  Set: 606 Way: 0 Address: 0x2ee36978c
  Set: 622 Way: 0 Address: 0x2ee369ba0
  Set: 623 Way: 0 Address: 0x2ee369bc2
  Set: 624 Way: 0 Address: 0x2ee369c05
  Set: 636 Way: 0 Address: 0x292959f08
  Set: 640 Way: 0 Address: 0x229b9a000
  Set: 641 Way: 0 Address: 0x1d89da050
  Set: 703 Way: 0 Address: 0x223edafd8
  Set: 707 Way: 0 Address: 0x394edb0d8
  Set: 768 Way: 0 Address: 0xdf85c000
  Set: 768 Way: 1 Address: 0x12c6fc030
  Set: 774 Way: 0 Address: 0x29484c180
  Set: 797 Way: 0 Address: 0x38e35c770
  Set: 832 Way: 0 Address: 0x23755d000
  Set: 832 Way: 1 Address: 0x5588d000
  Set: 833 Way: 0 Address: 0x5588d040
  Set: 834 Way: 0 Address: 0x5588d080
  Set: 835 Way: 0 Address: 0x23755d0d8
  Set: 835 Way: 1 Address: 0x5588d0c0
  Set: 836 Way: 0 Address: 0x5588d100
  Set: 837 Way: 0 Address: 0x5588d140
  Set: 838 Way: 0 Address: 0x5588d180
  Set: 839 Way: 0 Address: 0x5588d1c0
  Set: 840 Way: 0 Address: 0x5588d200
  Set: 841 Way: 0 Address: 0x5588d240
  Set: 842 Way: 0 Address: 0x5588d280
  Set: 843 Way: 0 Address: 0x5588d2c0
  Set: 844 Way: 0 Address: 0x5588d300
  Set: 845 Way: 0 Address: 0x5588d340
  Set: 846 Way: 0 Address: 0x5588d380
  Set: 847 Way: 0 Address: 0x5588d3c0
  Set: 848 Way: 0 Address: 0x5588d400
  Set: 849 Way: 0 Address: 0x5588d440
  Set: 850 Way: 0 Address: 0x5588d480
  Set: 851 Way: 0 Address: 0x5588d4c0
  Set: 852 Way: 0 Address: 0x5588d500
  Set: 853 Way: 0 Address: 0x5588d540
  Set: 854 Way: 0 Address: 0x5588d580
  Set: 855 Way: 0 Address: 0x5588d5c0
  Set: 861 Way: 0 Address: 0x1add778
  Set: 896 Way: 0 Address: 0x28b67e000
  Set: 915 Way: 0 Address: 0x2f5d8e4f8
  Set: 926 Way: 0 Address: 0x3734ee7a9
  Set: 927 Way: 0 Address: 0x28b67e7f8
  Set: 927 Way: 1 Address: 0x3734ee7c0
  Set: 928 Way: 0 Address: 0x3734ee800
  Set: 929 Way: 0 Address: 0x3734ee840
  Set: 930 Way: 0 Address: 0x3734ee880
  Set: 931 Way: 0 Address: 0x3734ee8c0
  Set: 931 Way: 1 Address: 0x1f919e8d0
  Set: 932 Way: 0 Address: 0x3734ee900
  Set: 933 Way: 0 Address: 0x3734ee940
  Set: 934 Way: 0 Address: 0x3734ee980
  Set: 935 Way: 0 Address: 0x3734ee9c0
  Set: 936 Way: 0 Address: 0x3734eea00
  Set: 936 Way: 1 Address: 0x1f919ea06
  Set: 937 Way: 0 Address: 0x3734eea40
  Set: 938 Way: 0 Address: 0x3734eea80
  Set: 939 Way: 0 Address: 0x1f919ead0
  Set: 939 Way: 1 Address: 0x3734eeac0
  Set: 940 Way: 0 Address: 0x1f919eb3c
  Set: 940 Way: 1 Address: 0x3734eeb00
  Set: 941 Way: 0 Address: 0x1f919eb40
  Set: 941 Way: 1 Address: 0x3734eeb40
  Set: 942 Way: 0 Address: 0x1f919ebaa
  Set: 942 Way: 1 Address: 0x3734eeb80
  Set: 943 Way: 0 Address: 0x1f919ebc4
  Set: 943 Way: 1 Address: 0x3734eebc0
  Set: 944 Way: 0 Address: 0x1f919ec35
  Set: 944 Way: 1 Address: 0x3734eec00
  Set: 945 Way: 0 Address: 0x1f919ec40
  Set: 945 Way: 1 Address: 0x3734eec40
  Set: 946 Way: 0 Address: 0x3734eec80
  Set: 947 Way: 0 Address: 0x1f919ecdb
  Set: 947 Way: 1 Address: 0x3734eecc0
  Set: 948 Way: 0 Address: 0x3734eed00
  Set: 949 Way: 0 Address: 0x3734eed40
  Set: 950 Way: 0 Address: 0x1f919edb0
  Set: 950 Way: 1 Address: 0x3734eed80
  Set: 951 Way: 0 Address: 0x3734eedc0
  Set: 952 Way: 0 Address: 0x1f919ee24
  Set: 952 Way: 1 Address: 0x3734eee00
  Set: 953 Way: 0 Address: 0x3734eee40
  Set: 954 Way: 0 Address: 0x3734eee80
  Set: 955 Way: 0 Address: 0x3734eeec0
  Set: 956 Way: 0 Address: 0x3734eef00
  Set: 957 Way: 0 Address: 0x3734eef40
  Set: 958 Way: 0 Address: 0x3734eef80
  Set: 959 Way: 0 Address: 0x3734eefc0
  Set: 986 Way: 0 Address: 0xee86f688
  Set: 997 Way: 0 Address: 0x143ef960
  Set: 1020 Way: 0 Address: 0x16390ff18
EndCache
Cache: cpu0_L1I
  Set: 4 Way: 0 Address: 0xf6e81100
  Set: 10 Way: 0 Address: 0x1995f22a0
  Set: 11 Way: 0 Address: 0x1995f22f2
  Set: 12 Way: 0 Address: 0x1995f2328
  Set: 13 Way: 0 Address: 0x1995f2351
  Set: 14 Way: 0 Address: 0x1995f23bc
  Set: 15 Way: 0 Address: 0x1995f23c0
  Set: 16 Way: 0 Address: 0x1995f2400
  Set: 16 Way: 1 Address: 0x2ee369430
  Set: 17 Way: 0 Address: 0x2ee369441
  Set: 18 Way: 0 Address: 0x2ee369488
  Set: 26 Way: 0 Address: 0xf6e816a8
  Set: 27 Way: 0 Address: 0xf6e816df
  Set: 27 Way: 1 Address: 0x2ee3696d0
  Set: 28 Way: 0 Address: 0x2ee369721
  Set: 29 Way: 0 Address: 0x2ee369740
  Set: 30 Way: 0 Address: 0x2ee36978c
  Set: 35 Way: 0 Address: 0x1f919e8f5
  Set: 40 Way: 0 Address: 0x1f919ea06
  Set: 43 Way: 0 Address: 0x1f919ead0
  Set: 44 Way: 0 Address: 0x1f919eb3c
  Set: 45 Way: 0 Address: 0x1f919eb40
  Set: 46 Way: 0 Address: 0x1f919ebaa
  Set: 46 Way: 1 Address: 0x2ee369ba0
  Set: 47 Way: 0 Address: 0x1f919ebc4
  Set: 47 Way: 1 Address: 0x2ee369bf5
  Set: 48 Way: 0 Address: 0x1f919ec35
  Set: 48 Way: 1 Address: 0x2ee369c05
  Set: 49 Way: 0 Address: 0x1f919ec40
  Set: 50 Way: 0 Address: 0xf6e81cb0
  Set: 51 Way: 0 Address: 0xf6e81cef
  Set: 51 Way: 1 Address: 0x1f919ecdb
  Set: 52 Way: 0 Address: 0xf6e81d23
  Set: 53 Way: 0 Address: 0xf6e81d5f
  Set: 53 Way: 1 Address: 0x354d35d60
  Set: 54 Way: 0 Address: 0xf6e81d81
  Set: 54 Way: 1 Address: 0x1f919edb0
  Set: 55 Way: 0 Address: 0xf6e81de0
  Set: 55 Way: 1 Address: 0x354d35de0
  Set: 56 Way: 0 Address: 0x1f919ee24
  Set: 56 Way: 1 Address: 0x354d35e20
  Set: 58 Way: 0 Address: 0x354d35ebb
  Set: 59 Way: 0 Address: 0x354d35eda
EndCache
Cache: cpu0_L1D
  Set: 0 Way: 0 Address: 0x3c1075000
  Set: 0 Way: 1 Address: 0x84896000
  Set: 0 Way: 2 Address: 0x309888000
  Set: 0 Way: 3 Address: 0x195f15010
  Set: 0 Way: 4 Address: 0x113201028
  Set: 0 Way: 5 Address: 0x5588d018
  Set: 0 Way: 6 Address: 0xc7078018
  Set: 0 Way: 7 Address: 0x129935000
  Set: 0 Way: 8 Address: 0x6d0c2000
  Set: 0 Way: 9 Address: 0x12c6fc030
  Set: 0 Way: 10 Address: 0x23755d000
  Set: 0 Way: 11 Address: 0x129934038
  Set: 1 Way: 0 Address: 0x195f15050
  Set: 1 Way: 1 Address: 0x1d89da050
  Set: 1 Way: 2 Address: 0x129935040
  Set: 1 Way: 3 Address: 0x6d0c2040
  Set: 1 Way: 4 Address: 0x3dae66048
  Set: 1 Way: 5 Address: 0x129934078
  Set: 1 Way: 6 Address: 0x3c1075040
  Set: 1 Way: 7 Address: 0x84896040
  Set: 1 Way: 8 Address: 0x309888040
  Set: 1 Way: 9 Address: 0x5588d048
  Set: 2 Way: 0 Address: 0x6d0c2080
  Set: 2 Way: 1 Address: 0x1299340b8
  Set: 2 Way: 2 Address: 0x3c1075080
  Set: 2 Way: 3 Address: 0x84896080
  Set: 2 Way: 4 Address: 0x309888080
  Set: 2 Way: 5 Address: 0x5588d089
  Set: 3 Way: 0 Address: 0x6d0c20c0
  Set: 3 Way: 1 Address: 0x23755d0d8
  Set: 3 Way: 2 Address: 0x394edb0d8
  Set: 3 Way: 3 Address: 0x1299340f8
  Set: 3 Way: 4 Address: 0x3c10750c0
  Set: 3 Way: 5 Address: 0x848960c0
  Set: 3 Way: 6 Address: 0x3098880c0
  Set: 3 Way: 7 Address: 0x5588d0ca
  Set: 4 Way: 0 Address: 0x3c56b3128
  Set: 4 Way: 1 Address: 0x6d0c2100
  Set: 4 Way: 2 Address: 0x129934138
  Set: 4 Way: 3 Address: 0x3c1075100
  Set: 4 Way: 4 Address: 0x84896100
  Set: 4 Way: 5 Address: 0x309888100
  Set: 4 Way: 6 Address: 0x5588d109
  Set: 5 Way: 0 Address: 0x3c56b3158
  Set: 5 Way: 1 Address: 0x6d0c2140
  Set: 5 Way: 2 Address: 0x129934178
  Set: 5 Way: 3 Address: 0x84896140
  Set: 5 Way: 4 Address: 0x309888140
  Set: 5 Way: 5 Address: 0x5588d149
  Set: 6 Way: 0 Address: 0x3c56b3180
  Set: 6 Way: 1 Address: 0x29484c180
  Set: 6 Way: 2 Address: 0x6d0c2180
  Set: 6 Way: 3 Address: 0x1299341b8
  Set: 6 Way: 4 Address: 0x84896180
  Set: 6 Way: 5 Address: 0x5588d189
  Set: 7 Way: 0 Address: 0x3c56b31e8
  Set: 7 Way: 1 Address: 0x6d0c21c0
  Set: 7 Way: 2 Address: 0x1299341f8
  Set: 7 Way: 3 Address: 0x848961c0
  Set: 7 Way: 4 Address: 0x5588d1c8
  Set: 8 Way: 0 Address: 0x3c56b3208
  Set: 8 Way: 1 Address: 0xb8004208
  Set: 8 Way: 2 Address: 0x6d0c2200
  Set: 8 Way: 3 Address: 0x129934238
  Set: 8 Way: 4 Address: 0x84896200
  Set: 8 Way: 5 Address: 0x211d16210
  Set: 8 Way: 6 Address: 0x5588d20a
  Set: 9 Way: 0 Address: 0x3c56b3260
  Set: 9 Way: 1 Address: 0x6d0c2240
  Set: 9 Way: 2 Address: 0x129934278
  Set: 9 Way: 3 Address: 0x84896240
  Set: 9 Way: 4 Address: 0x5588d261
  Set: 10 Way: 0 Address: 0x3c56b3298
  Set: 10 Way: 1 Address: 0x6d0c2280
  Set: 10 Way: 2 Address: 0x1299342b8
  Set: 10 Way: 3 Address: 0x84896280
  Set: 10 Way: 4 Address: 0x5588d28a
  Set: 11 Way: 0 Address: 0x3c56b32e8
  Set: 11 Way: 1 Address: 0x6d0c22c0
  Set: 11 Way: 2 Address: 0x1299342f8
  Set: 11 Way: 3 Address: 0x848962c0
  Set: 11 Way: 4 Address: 0x5588d2ca
  Set: 12 Way: 0 Address: 0x3c56b3338
  Set: 12 Way: 1 Address: 0x6d0c2300
  Set: 12 Way: 2 Address: 0x129934338
  Set: 12 Way: 3 Address: 0x84896300
  Set: 12 Way: 4 Address: 0x5588d30a
  Set: 13 Way: 0 Address: 0x3c56b3350
  Set: 13 Way: 1 Address: 0x6d0c2340
  Set: 13 Way: 2 Address: 0x129934378
  Set: 13 Way: 3 Address: 0x84896340
  Set: 13 Way: 4 Address: 0x5588d347
  Set: 14 Way: 0 Address: 0x3c56b33bc
  Set: 14 Way: 1 Address: 0x1299343b8
  Set: 14 Way: 2 Address: 0x84896380
  Set: 14 Way: 3 Address: 0x5588d385
  Set: 15 Way: 0 Address: 0x3c56b33c8
  Set: 15 Way: 1 Address: 0x1299343f8
  Set: 15 Way: 2 Address: 0x848963c0
  Set: 15 Way: 3 Address: 0x5588d3c7
  Set: 16 Way: 0 Address: 0x3c56b3418
  Set: 16 Way: 1 Address: 0x129934438
  Set: 16 Way: 2 Address: 0x84896400
  Set: 16 Way: 3 Address: 0x5588d409
  Set: 17 Way: 0 Address: 0x43736450
  Set: 17 Way: 1 Address: 0x3c56b3454
  Set: 17 Way: 2 Address: 0x276ff7448
  Set: 17 Way: 3 Address: 0x129934478
  Set: 17 Way: 4 Address: 0x84896440
  Set: 17 Way: 5 Address: 0x5588d449
  Set: 18 Way: 0 Address: 0x3c56b34b8
  Set: 18 Way: 1 Address: 0x1299344b8
  Set: 18 Way: 2 Address: 0x84896480
  Set: 18 Way: 3 Address: 0x5588d48c
  Set: 19 Way: 0 Address: 0x9cff24d8
  Set: 19 Way: 1 Address: 0x3c56b34d8
  Set: 19 Way: 2 Address: 0x2f5d8e4f8
  Set: 19 Way: 3 Address: 0x2b2e934e0
  Set: 19 Way: 4 Address: 0x1299344f8
  Set: 19 Way: 5 Address: 0x848964c0
  Set: 19 Way: 6 Address: 0x5588d4c5
  Set: 20 Way: 0 Address: 0x3c56b350c
  Set: 20 Way: 1 Address: 0x129934538
  Set: 20 Way: 2 Address: 0x84896500
  Set: 20 Way: 3 Address: 0x5588d509
  Set: 21 Way: 0 Address: 0x129934578
  Set: 21 Way: 1 Address: 0x84896540
  Set: 21 Way: 2 Address: 0x5588d54b
  Set: 22 Way: 0 Address: 0x2a4841588
  Set: 22 Way: 1 Address: 0x1299345b8
  Set: 22 Way: 2 Address: 0x84896580
  Set: 22 Way: 3 Address: 0x5588d589
  Set: 23 Way: 0 Address: 0x1299345f8
  Set: 23 Way: 1 Address: 0x848965c0
  Set: 23 Way: 2 Address: 0x5588d5c6
  Set: 24 Way: 0 Address: 0x129934638
  Set: 24 Way: 1 Address: 0x84896600
  Set: 25 Way: 0 Address: 0x129934658
  Set: 25 Way: 1 Address: 0x84896640
  Set: 26 Way: 0 Address: 0xee86f688
  Set: 26 Way: 1 Address: 0x1299346b8
  Set: 26 Way: 2 Address: 0x84896680
  Set: 27 Way: 0 Address: 0x1299346f8
  Set: 27 Way: 1 Address: 0x848966c0
  Set: 28 Way: 0 Address: 0x129934738
  Set: 28 Way: 1 Address: 0x84896700
  Set: 29 Way: 0 Address: 0x38e35c770
  Set: 29 Way: 1 Address: 0x1add778
  Set: 29 Way: 2 Address: 0x129934778
  Set: 29 Way: 3 Address: 0x84896740
  Set: 30 Way: 0 Address: 0x3734ee7b5
  Set: 30 Way: 1 Address: 0x1299347b8
  Set: 30 Way: 2 Address: 0x84896780
  Set: 31 Way: 0 Address: 0x28b67e7f8
  Set: 31 Way: 1 Address: 0x3de4d47f8
  Set: 31 Way: 2 Address: 0x1c84e27f0
  Set: 31 Way: 3 Address: 0x3734ee7cb
  Set: 31 Way: 4 Address: 0x3c10747e0
  Set: 31 Way: 5 Address: 0x1299347f8
  Set: 31 Way: 6 Address: 0x848967c0
  Set: 32 Way: 0 Address: 0x397bb4808
  Set: 32 Way: 1 Address: 0x3734ee80a
  Set: 32 Way: 2 Address: 0x3c1074800
  Set: 32 Way: 3 Address: 0x129934838
  Set: 32 Way: 4 Address: 0x84896800
  Set: 33 Way: 0 Address: 0x397bb4870
  Set: 33 Way: 1 Address: 0x3734ee84d
  Set: 33 Way: 2 Address: 0x3c1074840
  Set: 33 Way: 3 Address: 0x129934878
  Set: 33 Way: 4 Address: 0x84896840
  Set: 34 Way: 0 Address: 0x397bb48b0
  Set: 34 Way: 1 Address: 0x3734ee88c
  Set: 34 Way: 2 Address: 0x3c1074880
  Set: 34 Way: 3 Address: 0x1299348b8
  Set: 34 Way: 4 Address: 0x84896880
  Set: 35 Way: 0 Address: 0x397bb48dc
  Set: 35 Way: 1 Address: 0x3734ee8c9
  Set: 35 Way: 2 Address: 0x3c10748c0
  Set: 35 Way: 3 Address: 0x1299348f8
  Set: 35 Way: 4 Address: 0x848968c0
  Set: 36 Way: 0 Address: 0x397bb491e
  Set: 36 Way: 1 Address: 0x3734ee908
  Set: 36 Way: 2 Address: 0x3c1074900
  Set: 36 Way: 3 Address: 0x129934938
  Set: 36 Way: 4 Address: 0x84896900
  Set: 37 Way: 0 Address: 0x397bb4963
  Set: 37 Way: 1 Address: 0x1aafb8958
  Set: 37 Way: 2 Address: 0x3734ee948
  Set: 37 Way: 3 Address: 0x143ef960
  Set: 37 Way: 4 Address: 0x3c1074940
  Set: 37 Way: 5 Address: 0x129934978
  Set: 37 Way: 6 Address: 0x84896940
  Set: 38 Way: 0 Address: 0x3734ee98a
  Set: 38 Way: 1 Address: 0x3c1074980
  Set: 38 Way: 2 Address: 0x1299349b8
  Set: 38 Way: 3 Address: 0x84896980
  Set: 39 Way: 0 Address: 0x3734ee9c7
  Set: 39 Way: 1 Address: 0x3c10749c0
  Set: 39 Way: 2 Address: 0x1299349f8
  Set: 39 Way: 3 Address: 0x848969c0
  Set: 40 Way: 0 Address: 0x3734eea07
  Set: 40 Way: 1 Address: 0x3c1074a00
  Set: 40 Way: 2 Address: 0x129934a38
  Set: 40 Way: 3 Address: 0x84896a00
  Set: 41 Way: 0 Address: 0x3734eea49
  Set: 41 Way: 1 Address: 0x3c1074a40
  Set: 41 Way: 2 Address: 0x129934a78
  Set: 41 Way: 3 Address: 0x84896a40
  Set: 42 Way: 0 Address: 0x3734eea8a
  Set: 42 Way: 1 Address: 0x3c1074a80
  Set: 42 Way: 2 Address: 0x129934ab8
  Set: 42 Way: 3 Address: 0x84896a80
  Set: 43 Way: 0 Address: 0x397bb4af8
  Set: 43 Way: 1 Address: 0x3734eeac8
  Set: 43 Way: 2 Address: 0x3c1074ac0
  Set: 43 Way: 3 Address: 0x129934af8
  Set: 43 Way: 4 Address: 0x84896ac0
  Set: 44 Way: 0 Address: 0x3734eeb07
  Set: 44 Way: 1 Address: 0x3c1074b00
  Set: 44 Way: 2 Address: 0x129934b38
  Set: 44 Way: 3 Address: 0x84896b00
  Set: 45 Way: 0 Address: 0x3734eeb47
  Set: 45 Way: 1 Address: 0x3c1074b40
  Set: 45 Way: 2 Address: 0x129934b78
  Set: 45 Way: 3 Address: 0x84896b40
  Set: 46 Way: 0 Address: 0x3734eeb87
  Set: 46 Way: 1 Address: 0x3c1074b80
  Set: 46 Way: 2 Address: 0x129934bb8
  Set: 46 Way: 3 Address: 0x84896b80
  Set: 47 Way: 0 Address: 0x3c1074bc0
  Set: 47 Way: 1 Address: 0x129934bf8
  Set: 47 Way: 2 Address: 0x84896bc0
  Set: 47 Way: 3 Address: 0x3734eebc9
  Set: 48 Way: 0 Address: 0x129934c1d
  Set: 48 Way: 1 Address: 0x3c1074c00
  Set: 48 Way: 2 Address: 0x84896c00
  Set: 48 Way: 3 Address: 0x3734eec0b
  Set: 49 Way: 0 Address: 0x129934c44
  Set: 49 Way: 1 Address: 0x3c1074c40
  Set: 49 Way: 2 Address: 0x84896c40
  Set: 49 Way: 3 Address: 0x3734eec49
  Set: 50 Way: 0 Address: 0x129934c80
  Set: 50 Way: 1 Address: 0x3c1074c80
  Set: 50 Way: 2 Address: 0x84896c80
  Set: 50 Way: 3 Address: 0x3734eec86
  Set: 51 Way: 0 Address: 0x129934cc0
  Set: 51 Way: 1 Address: 0x3c1074cc0
  Set: 51 Way: 2 Address: 0x84896cc0
  Set: 51 Way: 3 Address: 0x3734eecc9
  Set: 52 Way: 0 Address: 0x129934d00
  Set: 52 Way: 1 Address: 0x3c1074d00
  Set: 52 Way: 2 Address: 0x84896d00
  Set: 52 Way: 3 Address: 0x3734eed09
  Set: 53 Way: 0 Address: 0x129934d40
  Set: 53 Way: 1 Address: 0x3c1074d40
  Set: 53 Way: 2 Address: 0x84896d40
  Set: 53 Way: 3 Address: 0x3734eed43
  Set: 54 Way: 0 Address: 0x309887d88
  Set: 54 Way: 1 Address: 0x129934d80
  Set: 54 Way: 2 Address: 0x3c1074d80
  Set: 54 Way: 3 Address: 0x84896d80
  Set: 54 Way: 4 Address: 0x3734eed89
  Set: 55 Way: 0 Address: 0x129934dc3
  Set: 55 Way: 1 Address: 0x309887dc0
  Set: 55 Way: 2 Address: 0x3c1074dc0
  Set: 55 Way: 3 Address: 0x84896dc0
  Set: 55 Way: 4 Address: 0x3734eedcb
  Set: 56 Way: 0 Address: 0x129934e00
  Set: 56 Way: 1 Address: 0x3c1074e00
  Set: 56 Way: 2 Address: 0x84896e00
  Set: 56 Way: 3 Address: 0x3734eee03
  Set: 57 Way: 0 Address: 0x129934e40
  Set: 57 Way: 1 Address: 0x309887e58
  Set: 57 Way: 2 Address: 0x3c1074e40
  Set: 57 Way: 3 Address: 0x84896e40
  Set: 57 Way: 4 Address: 0x3734eee45
  Set: 58 Way: 0 Address: 0x129934e80
  Set: 58 Way: 1 Address: 0x309887eb8
  Set: 58 Way: 2 Address: 0x3c1074e80
  Set: 58 Way: 3 Address: 0x84896e80
  Set: 58 Way: 4 Address: 0x3734eee87
  Set: 59 Way: 0 Address: 0x129934ec0
  Set: 59 Way: 1 Address: 0x309887ed8
  Set: 59 Way: 2 Address: 0x3c1074ec0
  Set: 59 Way: 3 Address: 0x84896ec0
  Set: 59 Way: 4 Address: 0x3734eeec7
  Set: 60 Way: 0 Address: 0x201598f10
  Set: 60 Way: 1 Address: 0x292959f08
  Set: 60 Way: 2 Address: 0x129934f00
  Set: 60 Way: 3 Address: 0x16390ff18
  Set: 60 Way: 4 Address: 0x309887f38
  Set: 60 Way: 5 Address: 0x3c1074f00
  Set: 60 Way: 6 Address: 0x84896f00
  Set: 60 Way: 7 Address: 0x3734eef07
  Set: 61 Way: 0 Address: 0x129934f40
  Set: 61 Way: 1 Address: 0x309887f78
  Set: 61 Way: 2 Address: 0x3c1074f40
  Set: 61 Way: 3 Address: 0x84896f40
  Set: 61 Way: 4 Address: 0x3734eef49
  Set: 62 Way: 0 Address: 0x129934f80
  Set: 62 Way: 1 Address: 0x309887fb8
  Set: 62 Way: 2 Address: 0x3c1074f80
  Set: 62 Way: 3 Address: 0x3734eef84
  Set: 63 Way: 0 Address: 0x223edafd8
  Set: 63 Way: 1 Address: 0x129934fc0
  Set: 63 Way: 2 Address: 0x309887ff8
  Set: 63 Way: 3 Address: 0x3c1074fc0
  Set: 63 Way: 4 Address: 0x3734eefc9
EndCache
Cache: cpu0_ITLB
  Set: 0 Way: 0 Address: 0x400441
  Set: 3 Way: 0 Address: 0x403cef
  Set: 5 Way: 0 Address: 0x405b2a
  Set: 6 Way: 0 Address: 0x406351
  Set: 11 Way: 0 Address: 0x41bd60
EndCache
Cache: cpu0_DTLB
  Set: 1 Way: 0 Address: 0x14b1870
  Set: 1 Way: 1 Address: 0x7f4ad14417b5
  Set: 1 Way: 2 Address: 0x7ffec61e1d88
  Set: 2 Way: 0 Address: 0x7ffec61e2c1d
  Set: 2 Way: 1 Address: 0x7f4ad144200f
  Set: 3 Way: 0 Address: 0x7ffec61e3000
  Set: 11 Way: 0 Address: 0x69b4d8
  Set: 12 Way: 0 Address: 0x69c448
  Set: 14 Way: 0 Address: 0x7f4b012ee7e0
  Set: 15 Way: 0 Address: 0x69f688
  Set: 15 Way: 1 Address: 0x7f4b012ef000
EndCache
Cache: LLC
  Set: 64 Way: 0 Address: 0x113201028
  Set: 68 Way: 0 Address: 0xf6e81100
  Set: 86 Way: 0 Address: 0x2a4841588
  Set: 90 Way: 0 Address: 0xf6e816a8
  Set: 91 Way: 0 Address: 0xf6e816df
  Set: 114 Way: 0 Address: 0xf6e81cb0
  Set: 115 Way: 0 Address: 0xf6e81cc4
  Set: 116 Way: 0 Address: 0xf6e81d02
  Set: 117 Way: 0 Address: 0xf6e81d42
  Set: 118 Way: 0 Address: 0xf6e81d81
  Set: 119 Way: 0 Address: 0xf6e81de0
  Set: 128 Way: 0 Address: 0x6d0c2000
  Set: 129 Way: 0 Address: 0x6d0c2040
  Set: 130 Way: 0 Address: 0x6d0c2080
  Set: 131 Way: 0 Address: 0x6d0c20c0
  Set: 132 Way: 0 Address: 0x6d0c2100
  Set: 133 Way: 0 Address: 0x6d0c2140
  Set: 134 Way: 0 Address: 0x6d0c2180
  Set: 135 Way: 0 Address: 0x6d0c21c0
  Set: 136 Way: 0 Address: 0x6d0c2200
  Set: 137 Way: 0 Address: 0x6d0c2240
  Set: 138 Way: 0 Address: 0x6d0c2280
  Set: 139 Way: 0 Address: 0x6d0c22c0
  Set: 140 Way: 0 Address: 0x6d0c2300
  Set: 141 Way: 0 Address: 0x6d0c2340
  Set: 142 Way: 0 Address: 0x6d0c2380
  Set: 143 Way: 0 Address: 0x6d0c23c0
  Set: 144 Way: 0 Address: 0x6d0c2400
  Set: 159 Way: 0 Address: 0x1c84e27f0
  Set: 264 Way: 0 Address: 0xb8004208
  Set: 385 Way: 0 Address: 0x3dae66048
  Set: 502 Way: 0 Address: 0x309887d88
  Set: 503 Way: 0 Address: 0x309887dc0
  Set: 505 Way: 0 Address: 0x309887e40
  Set: 506 Way: 0 Address: 0x309887e80
  Set: 507 Way: 0 Address: 0x309887ec0
  Set: 508 Way: 0 Address: 0x309887f00
  Set: 509 Way: 0 Address: 0x309887f40
  Set: 510 Way: 0 Address: 0x309887f80
  Set: 511 Way: 0 Address: 0x309887fc0
  Set: 512 Way: 0 Address: 0x309888000
  Set: 513 Way: 0 Address: 0x309888040
  Set: 514 Way: 0 Address: 0x309888080
  Set: 515 Way: 0 Address: 0x3098880c0
  Set: 516 Way: 0 Address: 0x309888100
  Set: 517 Way: 0 Address: 0x309888140
  Set: 518 Way: 0 Address: 0x309888180
  Set: 519 Way: 0 Address: 0x3098881c0
  Set: 520 Way: 0 Address: 0x309888200
  Set: 592 Way: 0 Address: 0x2ee369430
  Set: 593 Way: 0 Address: 0x2ee369441
  Set: 594 Way: 0 Address: 0x2ee369480
  Set: 595 Way: 0 Address: 0x2ee3694c0
  Set: 598 Way: 0 Address: 0x2ee369580
  Set: 603 Way: 0 Address: 0x2ee3696d0
  Set: 604 Way: 0 Address: 0x2ee369701
  Set: 605 Way: 0 Address: 0x2ee369740
  Set: 606 Way: 0 Address: 0x2ee36978c
  Set: 622 Way: 0 Address: 0x2ee369ba0
  Set: 623 Way: 0 Address: 0x2ee369bc2
  Set: 624 Way: 0 Address: 0x2ee369c05
  Set: 774 Way: 0 Address: 0x29484c180
  Set: 832 Way: 0 Address: 0x5588d000
  Set: 833 Way: 0 Address: 0x5588d040
  Set: 834 Way: 0 Address: 0x5588d080
  Set: 835 Way: 0 Address: 0x5588d0c0
  Set: 836 Way: 0 Address: 0x5588d100
  Set: 837 Way: 0 Address: 0x5588d140
  Set: 838 Way: 0 Address: 0x5588d180
  Set: 839 Way: 0 Address: 0x5588d1c0
  Set: 840 Way: 0 Address: 0x5588d200
  Set: 841 Way: 0 Address: 0x5588d240
  Set: 842 Way: 0 Address: 0x5588d280
  Set: 843 Way: 0 Address: 0x5588d2c0
  Set: 844 Way: 0 Address: 0x5588d300
  Set: 845 Way: 0 Address: 0x5588d340
  Set: 846 Way: 0 Address: 0x5588d380
  Set: 847 Way: 0 Address: 0x5588d3c0
  Set: 848 Way: 0 Address: 0x5588d400
  Set: 849 Way: 0 Address: 0x5588d440
  Set: 850 Way: 0 Address: 0x5588d480
  Set: 851 Way: 0 Address: 0x5588d4c0
  Set: 852 Way: 0 Address: 0x5588d500
  Set: 853 Way: 0 Address: 0x5588d540
  Set: 854 Way: 0 Address: 0x5588d580
  Set: 855 Way: 0 Address: 0x5588d5c0
  Set: 915 Way: 0 Address: 0x2f5d8e4f8
  Set: 926 Way: 0 Address: 0x3734ee7a9
  Set: 927 Way: 0 Address: 0x3734ee7c0
  Set: 928 Way: 0 Address: 0x3734ee800
  Set: 929 Way: 0 Address: 0x3734ee840
  Set: 930 Way: 0 Address: 0x3734ee880
  Set: 931 Way: 0 Address: 0x3734ee8c0
  Set: 932 Way: 0 Address: 0x3734ee900
  Set: 933 Way: 0 Address: 0x3734ee940
  Set: 934 Way: 0 Address: 0x3734ee980
  Set: 935 Way: 0 Address: 0x3734ee9c0
  Set: 936 Way: 0 Address: 0x3734eea00
  Set: 937 Way: 0 Address: 0x3734eea40
  Set: 938 Way: 0 Address: 0x3734eea80
  Set: 939 Way: 0 Address: 0x3734eeac0
  Set: 940 Way: 0 Address: 0x3734eeb00
  Set: 941 Way: 0 Address: 0x3734eeb40
  Set: 942 Way: 0 Address: 0x3734eeb80
  Set: 943 Way: 0 Address: 0x3734eebc0
  Set: 944 Way: 0 Address: 0x3734eec00
  Set: 945 Way: 0 Address: 0x3734eec40
  Set: 946 Way: 0 Address: 0x3734eec80
  Set: 947 Way: 0 Address: 0x3734eecc0
  Set: 948 Way: 0 Address: 0x3734eed00
  Set: 949 Way: 0 Address: 0x3734eed40
  Set: 950 Way: 0 Address: 0x3734eed80
  Set: 951 Way: 0 Address: 0x3734eedc0
  Set: 952 Way: 0 Address: 0x3734eee00
  Set: 953 Way: 0 Address: 0x3734eee40
  Set: 954 Way: 0 Address: 0x3734eee80
  Set: 955 Way: 0 Address: 0x3734eeec0
  Set: 956 Way: 0 Address: 0x3734eef00
  Set: 957 Way: 0 Address: 0x3734eef40
  Set: 958 Way: 0 Address: 0x3734eef80
  Set: 959 Way: 0 Address: 0x3734eefc0
  Set: 986 Way: 0 Address: 0xee86f688
  Set: 997 Way: 0 Address: 0x143ef960
  Set: 1020 Way: 0 Address: 0x16390ff18
  Set: 1162 Way: 0 Address: 0x1995f22a0
  Set: 1163 Way: 0 Address: 0x1995f22c3
  Set: 1164 Way: 0 Address: 0x1995f2328
  Set: 1165 Way: 0 Address: 0x1995f2351
  Set: 1166 Way: 0 Address: 0x1995f23bc
  Set: 1167 Way: 0 Address: 0x1995f23c0
  Set: 1168 Way: 0 Address: 0x1995f2400
  Set: 1171 Way: 0 Address: 0x9cff24d8
  Set: 1216 Way: 0 Address: 0x263c13018
  Set: 1220 Way: 0 Address: 0x3c56b3128
  Set: 1221 Way: 0 Address: 0x3c56b3158
  Set: 1222 Way: 0 Address: 0x3c56b3180
  Set: 1223 Way: 0 Address: 0x3c56b31e8
  Set: 1224 Way: 0 Address: 0x3c56b3208
  Set: 1225 Way: 0 Address: 0x3c56b3260
  Set: 1226 Way: 0 Address: 0x3c56b3298
  Set: 1227 Way: 0 Address: 0x3c56b32e8
  Set: 1228 Way: 0 Address: 0x3c56b3338
  Set: 1229 Way: 0 Address: 0x3c56b3350
  Set: 1230 Way: 0 Address: 0x3c56b33bc
  Set: 1231 Way: 0 Address: 0x3c56b33c8
  Set: 1232 Way: 0 Address: 0x3c56b3418
  Set: 1233 Way: 0 Address: 0x3c56b3454
  Set: 1234 Way: 0 Address: 0x3c56b34b8
  Set: 1235 Way: 0 Address: 0x3c56b34d8
  Set: 1235 Way: 1 Address: 0x2b2e934e0
  Set: 1236 Way: 0 Address: 0x3c56b350c
  Set: 1280 Way: 0 Address: 0x129934000
  Set: 1281 Way: 0 Address: 0x129934040
  Set: 1282 Way: 0 Address: 0x129934080
  Set: 1283 Way: 0 Address: 0x1299340c0
  Set: 1284 Way: 0 Address: 0x129934100
  Set: 1285 Way: 0 Address: 0x129934140
  Set: 1286 Way: 0 Address: 0x129934180
  Set: 1287 Way: 0 Address: 0x1299341c0
  Set: 1288 Way: 0 Address: 0x129934200
  Set: 1289 Way: 0 Address: 0x129934240
  Set: 1290 Way: 0 Address: 0x129934280
  Set: 1291 Way: 0 Address: 0x1299342c0
  Set: 1292 Way: 0 Address: 0x129934300
  Set: 1293 Way: 0 Address: 0x129934340
  Set: 1294 Way: 0 Address: 0x129934380
  Set: 1295 Way: 0 Address: 0x1299343c0
  Set: 1296 Way: 0 Address: 0x129934400
  Set: 1297 Way: 0 Address: 0x129934440
  Set: 1298 Way: 0 Address: 0x129934480
  Set: 1299 Way: 0 Address: 0x1299344c0
  Set: 1300 Way: 0 Address: 0x129934500
  Set: 1301 Way: 0 Address: 0x129934540
  Set: 1302 Way: 0 Address: 0x129934580
  Set: 1303 Way: 0 Address: 0x1299345c0
  Set: 1304 Way: 0 Address: 0x129934600
  Set: 1305 Way: 0 Address: 0x129934640
  Set: 1306 Way: 0 Address: 0x129934680
  Set: 1307 Way: 0 Address: 0x1299346c0
  Set: 1308 Way: 0 Address: 0x129934700
  Set: 1309 Way: 0 Address: 0x129934740
  Set: 1310 Way: 0 Address: 0x129934780
  Set: 1311 Way: 0 Address: 0x3de4d47f8
  Set: 1311 Way: 1 Address: 0x397bb47c0
  Set: 1311 Way: 2 Address: 0x3c10747e0
  Set: 1311 Way: 3 Address: 0x1299347c0
  Set: 1312 Way: 0 Address: 0x397bb4808
  Set: 1312 Way: 1 Address: 0x3c1074800
  Set: 1312 Way: 2 Address: 0x129934800
  Set: 1313 Way: 0 Address: 0x397bb4870
  Set: 1313 Way: 1 Address: 0x3c1074840
  Set: 1313 Way: 2 Address: 0x129934840
  Set: 1314 Way: 0 Address: 0x397bb48b0
  Set: 1314 Way: 1 Address: 0x3c1074880
  Set: 1314 Way: 2 Address: 0x129934880
  Set: 1315 Way: 0 Address: 0x397bb48d0
  Set: 1315 Way: 1 Address: 0x3c10748c0
  Set: 1315 Way: 2 Address: 0x1299348c0
  Set: 1316 Way: 0 Address: 0x397bb491e
  Set: 1316 Way: 1 Address: 0x3c1074900
  Set: 1316 Way: 2 Address: 0x129934900
  Set: 1317 Way: 0 Address: 0x397bb4963
  Set: 1317 Way: 1 Address: 0x3c1074940
  Set: 1317 Way: 2 Address: 0x129934940
  Set: 1318 Way: 0 Address: 0x3c1074980
  Set: 1318 Way: 1 Address: 0x129934980
  Set: 1319 Way: 0 Address: 0x3c10749c0
  Set: 1319 Way: 1 Address: 0x1299349c0
  Set: 1320 Way: 0 Address: 0x3c1074a00
  Set: 1320 Way: 1 Address: 0x129934a00
  Set: 1321 Way: 0 Address: 0x3c1074a40
  Set: 1321 Way: 1 Address: 0x129934a40
  Set: 1322 Way: 0 Address: 0x3c1074a80
  Set: 1322 Way: 1 Address: 0x129934a80
  Set: 1323 Way: 0 Address: 0x397bb4af8
  Set: 1323 Way: 1 Address: 0x3c1074ac0
  Set: 1323 Way: 2 Address: 0x129934ac0
  Set: 1324 Way: 0 Address: 0x3c1074b00
  Set: 1324 Way: 1 Address: 0x129934b00
  Set: 1325 Way: 0 Address: 0x3c1074b40
  Set: 1325 Way: 1 Address: 0x129934b40
  Set: 1326 Way: 0 Address: 0x3c1074b80
  Set: 1326 Way: 1 Address: 0x129934b80
  Set: 1327 Way: 0 Address: 0x3c1074bc0
  Set: 1327 Way: 1 Address: 0x129934bc0
  Set: 1328 Way: 0 Address: 0x129934c15
  Set: 1328 Way: 1 Address: 0x3c1074c00
  Set: 1329 Way: 0 Address: 0x129934c40
  Set: 1329 Way: 1 Address: 0x3c1074c40
  Set: 1330 Way: 0 Address: 0x129934c80
  Set: 1330 Way: 1 Address: 0x3c1074c80
  Set: 1331 Way: 0 Address: 0x129934cc0
  Set: 1331 Way: 1 Address: 0x3c1074cc0
  Set: 1332 Way: 0 Address: 0x129934d00
  Set: 1332 Way: 1 Address: 0x3c1074d00
  Set: 1333 Way: 0 Address: 0x129934d40
  Set: 1333 Way: 1 Address: 0x3c1074d40
  Set: 1334 Way: 0 Address: 0x129934d80
  Set: 1334 Way: 1 Address: 0x3c1074d80
  Set: 1335 Way: 0 Address: 0x129934dc0
  Set: 1335 Way: 1 Address: 0x3c1074dc0
  Set: 1336 Way: 0 Address: 0x129934e00
  Set: 1336 Way: 1 Address: 0x3c1074e00
  Set: 1337 Way: 0 Address: 0x129934e40
  Set: 1337 Way: 1 Address: 0x3c1074e40
  Set: 1338 Way: 0 Address: 0x129934e80
  Set: 1338 Way: 1 Address: 0x3c1074e80
  Set: 1339 Way: 0 Address: 0x129934ec0
  Set: 1339 Way: 1 Address: 0x3c1074ec0
  Set: 1340 Way: 0 Address: 0x129934f00
  Set: 1340 Way: 1 Address: 0x3c1074f00
  Set: 1341 Way: 0 Address: 0x129934f40
  Set: 1341 Way: 1 Address: 0x3c1074f40
  Set: 1342 Way: 0 Address: 0x129934f80
  Set: 1342 Way: 1 Address: 0x3c1074f80
  Set: 1343 Way: 0 Address: 0x129934fc0
  Set: 1343 Way: 1 Address: 0x3c1074fc0
  Set: 1344 Way: 0 Address: 0x195f15010
  Set: 1344 Way: 1 Address: 0x129935000
  Set: 1344 Way: 2 Address: 0x3c1075000
  Set: 1345 Way: 0 Address: 0x195f15050
  Set: 1345 Way: 1 Address: 0x129935040
  Set: 1345 Way: 2 Address: 0x3c1075040
  Set: 1346 Way: 0 Address: 0x129935080
  Set: 1346 Way: 1 Address: 0x3c1075080
  Set: 1347 Way: 0 Address: 0x1299350c0
  Set: 1347 Way: 1 Address: 0x3c10750c0
  Set: 1348 Way: 0 Address: 0x129935100
  Set: 1348 Way: 1 Address: 0x3c1075100
  Set: 1349 Way: 0 Address: 0x129935140
  Set: 1349 Way: 1 Address: 0x3c1075140
  Set: 1350 Way: 0 Address: 0x129935180
  Set: 1350 Way: 1 Address: 0x3c1075180
  Set: 1351 Way: 0 Address: 0x1299351c0
  Set: 1351 Way: 1 Address: 0x3c10751c0
  Set: 1352 Way: 0 Address: 0x129935200
  Set: 1353 Way: 0 Address: 0x129935240
  Set: 1397 Way: 0 Address: 0x354d35d60
  Set: 1399 Way: 0 Address: 0x354d35de0
  Set: 1400 Way: 0 Address: 0x354d35e20
  Set: 1402 Way: 0 Address: 0x354d35ea0
  Set: 1403 Way: 0 Address: 0x354d35ec0
  Set: 1408 Way: 0 Address: 0x84896000
  Set: 1409 Way: 0 Address: 0x84896040
  Set: 1410 Way: 0 Address: 0x84896080
  Set: 1411 Way: 0 Address: 0x848960c0
  Set: 1412 Way: 0 Address: 0x84896100
  Set: 1413 Way: 0 Address: 0x84896140
  Set: 1414 Way: 0 Address: 0x84896180
  Set: 1415 Way: 0 Address: 0x848961c0
  Set: 1416 Way: 0 Address: 0x84896200
  Set: 1416 Way: 1 Address: 0x211d16210
  Set: 1417 Way: 0 Address: 0x84896240
  Set: 1418 Way: 0 Address: 0x84896280
  Set: 1419 Way: 0 Address: 0x848962c0
  Set: 1420 Way: 0 Address: 0x84896300
  Set: 1421 Way: 0 Address: 0x84896340
  Set: 1422 Way: 0 Address: 0x84896380
  Set: 1423 Way: 0 Address: 0x848963c0
  Set: 1424 Way: 0 Address: 0x84896400
  Set: 1425 Way: 0 Address: 0x43736450
  Set: 1425 Way: 1 Address: 0x84896440
  Set: 1426 Way: 0 Address: 0x84896480
  Set: 1427 Way: 0 Address: 0x848964c0
  Set: 1428 Way: 0 Address: 0x84896500
  Set: 1429 Way: 0 Address: 0x84896540
  Set: 1430 Way: 0 Address: 0x84896580
  Set: 1431 Way: 0 Address: 0x848965c0
  Set: 1432 Way: 0 Address: 0x84896600
  Set: 1433 Way: 0 Address: 0x84896640
  Set: 1434 Way: 0 Address: 0x84896680
  Set: 1435 Way: 0 Address: 0x848966c0
  Set: 1436 Way: 0 Address: 0x84896700
  Set: 1437 Way: 0 Address: 0x84896740
  Set: 1438 Way: 0 Address: 0x84896780
  Set: 1439 Way: 0 Address: 0x848967c0
  Set: 1440 Way: 0 Address: 0x84896800
  Set: 1441 Way: 0 Address: 0x84896840
  Set: 1442 Way: 0 Address: 0x84896880
  Set: 1443 Way: 0 Address: 0x848968c0
  Set: 1444 Way: 0 Address: 0x84896900
  Set: 1445 Way: 0 Address: 0x84896940
  Set: 1446 Way: 0 Address: 0x84896980
  Set: 1447 Way: 0 Address: 0x848969c0
  Set: 1448 Way: 0 Address: 0x84896a00
  Set: 1449 Way: 0 Address: 0x84896a40
  Set: 1450 Way: 0 Address: 0x84896a80
  Set: 1451 Way: 0 Address: 0x84896ac0
  Set: 1452 Way: 0 Address: 0x84896b00
  Set: 1453 Way: 0 Address: 0x84896b40
  Set: 1454 Way: 0 Address: 0x84896b80
  Set: 1455 Way: 0 Address: 0x84896bc0
  Set: 1456 Way: 0 Address: 0x84896c00
  Set: 1457 Way: 0 Address: 0x84896c40
  Set: 1458 Way: 0 Address: 0x84896c80
  Set: 1459 Way: 0 Address: 0x84896cc0
  Set: 1460 Way: 0 Address: 0x84896d00
  Set: 1461 Way: 0 Address: 0x84896d40
  Set: 1462 Way: 0 Address: 0x84896d80
  Set: 1463 Way: 0 Address: 0x84896dc0
  Set: 1464 Way: 0 Address: 0x84896e00
  Set: 1465 Way: 0 Address: 0x84896e40
  Set: 1466 Way: 0 Address: 0x84896e80
  Set: 1467 Way: 0 Address: 0x84896ec0
  Set: 1468 Way: 0 Address: 0x84896f00
  Set: 1469 Way: 0 Address: 0x84896f40
  Set: 1470 Way: 0 Address: 0x84896f80
  Set: 1471 Way: 0 Address: 0x84896fc0
  Set: 1489 Way: 0 Address: 0x276ff7448
  Set: 1536 Way: 0 Address: 0xc7078018
  Set: 1573 Way: 0 Address: 0x1aafb8958
  Set: 1596 Way: 0 Address: 0x201598f10
  Set: 1660 Way: 0 Address: 0x292959f08
  Set: 1664 Way: 0 Address: 0x229b9a000
  Set: 1665 Way: 0 Address: 0x1d89da050
  Set: 1727 Way: 0 Address: 0x223edafd8
  Set: 1731 Way: 0 Address: 0x394edb0d8
  Set: 1792 Way: 0 Address: 0xdf85c000
  Set: 1792 Way: 1 Address: 0x12c6fc030
  Set: 1821 Way: 0 Address: 0x38e35c770
  Set: 1856 Way: 0 Address: 0x23755d000
  Set: 1859 Way: 0 Address: 0x23755d0d8
  Set: 1885 Way: 0 Address: 0x1add778
  Set: 1920 Way: 0 Address: 0x28b67e000
  Set: 1951 Way: 0 Address: 0x28b67e7f8
  Set: 1955 Way: 0 Address: 0x1f919e8d0
  Set: 1960 Way: 0 Address: 0x1f919ea06
  Set: 1963 Way: 0 Address: 0x1f919ead0
  Set: 1964 Way: 0 Address: 0x1f919eb3c
  Set: 1965 Way: 0 Address: 0x1f919eb40
  Set: 1966 Way: 0 Address: 0x1f919ebaa
  Set: 1967 Way: 0 Address: 0x1f919ebc4
  Set: 1968 Way: 0 Address: 0x1f919ec35
  Set: 1969 Way: 0 Address: 0x1f919ec40
  Set: 1971 Way: 0 Address: 0x1f919ecdb
  Set: 1974 Way: 0 Address: 0x1f919edb0
  Set: 1976 Way: 0 Address: 0x1f919ee24
EndCache
