Cache: cpu0_STLB
  Set: 0 Way: 0 Address: 0x400430
  Set: 3 Way: 0 Address: 0x403cb0
  Set: 5 Way: 0 Address: 0x405b07
  Set: 6 Way: 0 Address: 0x406351
  Set: 27 Way: 0 Address: 0x69b1ec
  Set: 27 Way: 1 Address: 0x41bd60
  Set: 28 Way: 0 Address: 0x69c448
  Set: 31 Way: 0 Address: 0x69f688
  Set: 48 Way: 0 Address: 0x7f4ad14308b5
  Set: 49 Way: 0 Address: 0x14b1870
  Set: 49 Way: 1 Address: 0x7f4ad1431000
  Set: 86 Way: 0 Address: 0x7f4b012d6140
  Set: 87 Way: 0 Address: 0x7f4b012d7000
  Set: 97 Way: 0 Address: 0x7ffec61e1d88
  Set: 98 Way: 0 Address: 0x7ffec61e25d4
  Set: 99 Way: 0 Address: 0x7ffec61e3000
EndCache
Cache: cpu0_L2C
  Set: 64 Way: 0 Address: 0x113201028
  Set: 70 Way: 0 Address: 0xf6e81180
  Set: 96 Way: 0 Address: 0x2a4841814
  Set: 97 Way: 0 Address: 0x2a4841870
  Set: 98 Way: 0 Address: 0x2a48418b0
  Set: 99 Way: 0 Address: 0x2a48418dc
  Set: 100 Way: 0 Address: 0x2a4841938
  Set: 101 Way: 0 Address: 0x2a484194f
  Set: 107 Way: 0 Address: 0x2a4841af8
  Set: 128 Way: 0 Address: 0x6d0c2000
  Set: 128 Way: 1 Address: 0x1995f2000
  Set: 129 Way: 0 Address: 0x6d0c2040
  Set: 129 Way: 1 Address: 0x1995f2040
  Set: 130 Way: 0 Address: 0x6d0c2080
  Set: 130 Way: 1 Address: 0x1995f2080
  Set: 131 Way: 0 Address: 0x6d0c20c0
  Set: 131 Way: 1 Address: 0x1995f20c0
  Set: 132 Way: 0 Address: 0x6d0c2100
  Set: 132 Way: 1 Address: 0x1995f2100
  Set: 133 Way: 0 Address: 0x6d0c2140
  Set: 133 Way: 1 Address: 0x1995f2140
  Set: 134 Way: 0 Address: 0x6d0c2180
  Set: 134 Way: 1 Address: 0x1995f2180
  Set: 135 Way: 0 Address: 0x6d0c21c0
  Set: 135 Way: 1 Address: 0x1995f21c0
  Set: 136 Way: 0 Address: 0x6d0c2200
  Set: 136 Way: 1 Address: 0x1995f2200
  Set: 137 Way: 0 Address: 0x6d0c2240
  Set: 137 Way: 1 Address: 0x1995f2240
  Set: 138 Way: 0 Address: 0x6d0c2280
  Set: 138 Way: 1 Address: 0x1995f2280
  Set: 139 Way: 0 Address: 0x6d0c22c0
  Set: 139 Way: 1 Address: 0x1995f22c0
  Set: 140 Way: 0 Address: 0x6d0c2300
  Set: 140 Way: 1 Address: 0x1995f2300
  Set: 141 Way: 0 Address: 0x6d0c2340
  Set: 141 Way: 1 Address: 0x1995f2340
  Set: 142 Way: 0 Address: 0x6d0c2380
  Set: 142 Way: 1 Address: 0x1995f2380
  Set: 143 Way: 0 Address: 0x6d0c23c0
  Set: 143 Way: 1 Address: 0x1995f23c0
  Set: 144 Way: 0 Address: 0x1995f2400
  Set: 145 Way: 0 Address: 0x1995f2440
  Set: 146 Way: 0 Address: 0x1995f2480
  Set: 147 Way: 0 Address: 0x1995f24c0
  Set: 148 Way: 0 Address: 0x1995f2500
  Set: 188 Way: 0 Address: 0x1c84e2f08
  Set: 191 Way: 0 Address: 0x9cff2fd8
  Set: 192 Way: 0 Address: 0x263c13018
  Set: 193 Way: 0 Address: 0x263c13050
  Set: 195 Way: 0 Address: 0x2b2e930d8
  Set: 252 Way: 0 Address: 0x3c56b3f10
  Set: 256 Way: 0 Address: 0x129934018
  Set: 256 Way: 1 Address: 0x397bb4000
  Set: 257 Way: 0 Address: 0x3c1074048
  Set: 257 Way: 1 Address: 0x397bb4040
  Set: 258 Way: 0 Address: 0xb8004080
  Set: 258 Way: 1 Address: 0x397bb4080
  Set: 259 Way: 0 Address: 0xb80040c0
  Set: 259 Way: 1 Address: 0x397bb40c0
  Set: 260 Way: 0 Address: 0xb8004130
  Set: 260 Way: 1 Address: 0x397bb4100
  Set: 261 Way: 0 Address: 0xb800416c
  Set: 261 Way: 1 Address: 0x397bb4140
  Set: 262 Way: 0 Address: 0xb80041b4
  Set: 262 Way: 1 Address: 0x397bb4180
  Set: 263 Way: 0 Address: 0xb80041ec
  Set: 263 Way: 1 Address: 0x397bb41c0
  Set: 264 Way: 0 Address: 0xb8004230
  Set: 264 Way: 1 Address: 0x397bb4200
  Set: 265 Way: 0 Address: 0xb800424c
  Set: 265 Way: 1 Address: 0x397bb4240
  Set: 266 Way: 0 Address: 0xb8004294
  Set: 266 Way: 1 Address: 0x397bb4280
  Set: 267 Way: 0 Address: 0xb80042d0
  Set: 267 Way: 1 Address: 0x397bb42c0
  Set: 268 Way: 0 Address: 0xb8004310
  Set: 268 Way: 1 Address: 0x397bb4300
  Set: 269 Way: 0 Address: 0xb8004364
  Set: 269 Way: 1 Address: 0x397bb4340
  Set: 270 Way: 0 Address: 0xb80043a4
  Set: 270 Way: 1 Address: 0x397bb4380
  Set: 271 Way: 0 Address: 0xb80043fc
  Set: 271 Way: 1 Address: 0x397bb43c0
  Set: 272 Way: 0 Address: 0xb8004438
  Set: 272 Way: 1 Address: 0x397bb4400
  Set: 273 Way: 0 Address: 0xb800447c
  Set: 273 Way: 1 Address: 0x397bb4440
  Set: 274 Way: 0 Address: 0xb8004488
  Set: 274 Way: 1 Address: 0x397bb4480
  Set: 275 Way: 0 Address: 0xb80044e0
  Set: 275 Way: 1 Address: 0x397bb44c0
  Set: 276 Way: 0 Address: 0xb8004508
  Set: 276 Way: 1 Address: 0x397bb4500
  Set: 277 Way: 0 Address: 0xb8004540
  Set: 277 Way: 1 Address: 0x397bb4540
  Set: 278 Way: 0 Address: 0x3de4d4588
  Set: 278 Way: 1 Address: 0xb8004580
  Set: 278 Way: 2 Address: 0x397bb4580
  Set: 279 Way: 0 Address: 0x397bb45d4
  Set: 279 Way: 1 Address: 0xb80045c0
  Set: 280 Way: 0 Address: 0xb8004600
  Set: 280 Way: 1 Address: 0x397bb4600
  Set: 281 Way: 0 Address: 0xb8004640
  Set: 281 Way: 1 Address: 0x397bb4640
  Set: 282 Way: 0 Address: 0x397bb4680
  Set: 283 Way: 0 Address: 0x397bb46c0
  Set: 284 Way: 0 Address: 0x397bb4700
  Set: 285 Way: 0 Address: 0x397bb4740
  Set: 286 Way: 0 Address: 0x397bb4780
  Set: 287 Way: 0 Address: 0x397bb47c0
  Set: 288 Way: 0 Address: 0x397bb4800
  Set: 289 Way: 0 Address: 0x397bb4840
  Set: 290 Way: 0 Address: 0x397bb4880
  Set: 291 Way: 0 Address: 0x397bb48c0
  Set: 292 Way: 0 Address: 0x397bb4900
  Set: 293 Way: 0 Address: 0x397bb4940
  Set: 294 Way: 0 Address: 0x397bb4980
  Set: 295 Way: 0 Address: 0x397bb49c0
  Set: 296 Way: 0 Address: 0x397bb4a00
  Set: 297 Way: 0 Address: 0x397bb4a40
  Set: 298 Way: 0 Address: 0x397bb4a80
  Set: 299 Way: 0 Address: 0x397bb4ac0
  Set: 300 Way: 0 Address: 0x397bb4b00
  Set: 301 Way: 0 Address: 0x397bb4b40
  Set: 302 Way: 0 Address: 0x397bb4b80
  Set: 303 Way: 0 Address: 0x397bb4bc0
  Set: 304 Way: 0 Address: 0x397bb4c00
  Set: 305 Way: 0 Address: 0x397bb4c40
  Set: 306 Way: 0 Address: 0x397bb4c80
  Set: 307 Way: 0 Address: 0x397bb4cc0
  Set: 308 Way: 0 Address: 0x397bb4d00
  Set: 309 Way: 0 Address: 0x397bb4d40
  Set: 310 Way: 0 Address: 0x397bb4d80
  Set: 311 Way: 0 Address: 0x397bb4dc0
  Set: 312 Way: 0 Address: 0x397bb4e00
  Set: 313 Way: 0 Address: 0x397bb4e40
  Set: 314 Way: 0 Address: 0x397bb4e80
  Set: 315 Way: 0 Address: 0x397bb4ec0
  Set: 316 Way: 0 Address: 0x397bb4f00
  Set: 317 Way: 0 Address: 0x397bb4f40
  Set: 318 Way: 0 Address: 0x397bb4f80
  Set: 319 Way: 0 Address: 0x397bb4fc0
  Set: 320 Way: 0 Address: 0x195f15010
  Set: 320 Way: 1 Address: 0x397bb5000
  Set: 321 Way: 0 Address: 0x195f15050
  Set: 321 Way: 1 Address: 0x397bb5040
  Set: 322 Way: 0 Address: 0x397bb5080
  Set: 323 Way: 0 Address: 0x397bb50c0
  Set: 324 Way: 0 Address: 0x397bb5100
  Set: 325 Way: 0 Address: 0x397bb5140
  Set: 325 Way: 1 Address: 0x354d35140
  Set: 326 Way: 0 Address: 0x397bb5180
  Set: 326 Way: 1 Address: 0x354d35180
  Set: 327 Way: 0 Address: 0x397bb51c0
  Set: 327 Way: 1 Address: 0x354d351c0
  Set: 328 Way: 0 Address: 0x397bb5200
  Set: 328 Way: 1 Address: 0x354d35200
  Set: 329 Way: 0 Address: 0x354d35240
  Set: 330 Way: 0 Address: 0x354d35280
  Set: 331 Way: 0 Address: 0x354d352c0
  Set: 332 Way: 0 Address: 0x354d35300
  Set: 333 Way: 0 Address: 0x354d35340
  Set: 334 Way: 0 Address: 0x354d35380
  Set: 335 Way: 0 Address: 0x354d353c0
  Set: 336 Way: 0 Address: 0x354d35400
  Set: 337 Way: 0 Address: 0x354d35440
  Set: 338 Way: 0 Address: 0x354d35480
  Set: 339 Way: 0 Address: 0x354d354c0
  Set: 340 Way: 0 Address: 0x354d35500
  Set: 341 Way: 0 Address: 0x354d35540
  Set: 342 Way: 0 Address: 0x354d35580
  Set: 343 Way: 0 Address: 0x354d355c0
  Set: 344 Way: 0 Address: 0x354d35600
  Set: 345 Way: 0 Address: 0x354d35640
  Set: 346 Way: 0 Address: 0x354d35680
  Set: 347 Way: 0 Address: 0x354d356c0
  Set: 348 Way: 0 Address: 0x354d35700
  Set: 349 Way: 0 Address: 0x354d35740
  Set: 350 Way: 0 Address: 0x354d35780
  Set: 351 Way: 0 Address: 0x354d357c0
  Set: 352 Way: 0 Address: 0x354d35800
  Set: 353 Way: 0 Address: 0x354d35840
  Set: 354 Way: 0 Address: 0x354d35880
  Set: 355 Way: 0 Address: 0x354d358c0
  Set: 356 Way: 0 Address: 0x354d35900
  Set: 357 Way: 0 Address: 0x354d35940
  Set: 358 Way: 0 Address: 0x354d35980
  Set: 359 Way: 0 Address: 0x354d359c0
  Set: 360 Way: 0 Address: 0x354d35a00
  Set: 361 Way: 0 Address: 0x354d35a40
  Set: 362 Way: 0 Address: 0x354d35a80
  Set: 363 Way: 0 Address: 0x354d35ac0
  Set: 364 Way: 0 Address: 0x354d35b00
  Set: 365 Way: 0 Address: 0x354d35b40
  Set: 366 Way: 0 Address: 0x354d35b80
  Set: 367 Way: 0 Address: 0x354d35bc0
  Set: 368 Way: 0 Address: 0x354d35c00
  Set: 369 Way: 0 Address: 0x354d35c40
  Set: 370 Way: 0 Address: 0x354d35c80
  Set: 371 Way: 0 Address: 0x354d35cc0
  Set: 372 Way: 0 Address: 0x354d35d00
  Set: 373 Way: 0 Address: 0x354d35d40
  Set: 374 Way: 0 Address: 0x354d35d80
  Set: 375 Way: 0 Address: 0x354d35dc0
  Set: 376 Way: 0 Address: 0x354d35e00
  Set: 377 Way: 0 Address: 0x354d35e40
  Set: 378 Way: 0 Address: 0x354d35e80
  Set: 379 Way: 0 Address: 0x354d35ec0
  Set: 380 Way: 0 Address: 0x354d35f00
  Set: 381 Way: 0 Address: 0x354d35f40
  Set: 382 Way: 0 Address: 0x354d35f80
  Set: 383 Way: 0 Address: 0x354d35fc0
  Set: 384 Way: 0 Address: 0x354d36000
  Set: 385 Way: 0 Address: 0x354d36040
  Set: 386 Way: 0 Address: 0x354d36080
  Set: 387 Way: 0 Address: 0x354d360c0
  Set: 388 Way: 0 Address: 0x354d36100
  Set: 389 Way: 0 Address: 0x354d36140
  Set: 390 Way: 0 Address: 0x354d36180
  Set: 391 Way: 0 Address: 0x354d361c0
  Set: 392 Way: 0 Address: 0x354d36200
  Set: 393 Way: 0 Address: 0x354d36240
  Set: 394 Way: 0 Address: 0x354d36280
  Set: 395 Way: 0 Address: 0x354d362c0
  Set: 396 Way: 0 Address: 0x354d36300
  Set: 397 Way: 0 Address: 0x354d36340
  Set: 401 Way: 0 Address: 0x84896448
  Set: 403 Way: 0 Address: 0x437364d8
  Set: 410 Way: 0 Address: 0x3dae66688
  Set: 410 Way: 1 Address: 0x211d166b8
  Set: 482 Way: 0 Address: 0x3098878b5
  Set: 483 Way: 0 Address: 0x3098878c0
  Set: 484 Way: 0 Address: 0x309887900
  Set: 485 Way: 0 Address: 0x309887940
  Set: 486 Way: 0 Address: 0x309887980
  Set: 487 Way: 0 Address: 0x3098879c0
  Set: 488 Way: 0 Address: 0x309887a00
  Set: 489 Way: 0 Address: 0x309887a40
  Set: 490 Way: 0 Address: 0x309887a80
  Set: 491 Way: 0 Address: 0x309887ac0
  Set: 492 Way: 0 Address: 0x309887b00
  Set: 493 Way: 0 Address: 0x309887b40
  Set: 494 Way: 0 Address: 0x309887b80
  Set: 495 Way: 0 Address: 0x309887bc0
  Set: 496 Way: 0 Address: 0x309887c00
  Set: 497 Way: 0 Address: 0x309887c40
  Set: 498 Way: 0 Address: 0x309887c80
  Set: 499 Way: 0 Address: 0x309887cc0
  Set: 500 Way: 0 Address: 0x309887d00
  Set: 501 Way: 0 Address: 0x309887d40
  Set: 501 Way: 1 Address: 0x276ff7d60
  Set: 502 Way: 0 Address: 0x309887d80
  Set: 503 Way: 0 Address: 0x309887dc0
  Set: 503 Way: 1 Address: 0x276ff7de0
  Set: 504 Way: 0 Address: 0x309887e00
  Set: 504 Way: 1 Address: 0x276ff7e20
  Set: 505 Way: 0 Address: 0x309887e40
  Set: 506 Way: 0 Address: 0x309887e80
  Set: 506 Way: 1 Address: 0x276ff7ea0
  Set: 507 Way: 0 Address: 0x309887ec0
  Set: 507 Way: 1 Address: 0x276ff7ec0
  Set: 508 Way: 0 Address: 0x309887f00
  Set: 509 Way: 0 Address: 0x309887f40
  Set: 510 Way: 0 Address: 0x309887f80
  Set: 511 Way: 0 Address: 0x309887fc0
  Set: 516 Way: 0 Address: 0x201598100
  Set: 538 Way: 0 Address: 0x2015986a8
  Set: 539 Way: 0 Address: 0x2015986df
  Set: 549 Way: 0 Address: 0xc7078958
  Set: 562 Way: 0 Address: 0x201598cb0
  Set: 563 Way: 0 Address: 0x201598cc4
  Set: 564 Way: 0 Address: 0x201598d02
  Set: 565 Way: 0 Address: 0x201598d42
  Set: 566 Way: 0 Address: 0x1aafb8d88
  Set: 566 Way: 1 Address: 0x201598d81
  Set: 567 Way: 0 Address: 0x201598de0
  Set: 567 Way: 1 Address: 0x1aafb8dc0
  Set: 569 Way: 0 Address: 0x1aafb8e40
  Set: 570 Way: 0 Address: 0x1aafb8e80
  Set: 571 Way: 0 Address: 0x1aafb8ec0
  Set: 572 Way: 0 Address: 0x1aafb8f00
  Set: 573 Way: 0 Address: 0x1aafb8f40
  Set: 574 Way: 0 Address: 0x1aafb8f80
  Set: 575 Way: 0 Address: 0x1aafb8fc0
  Set: 576 Way: 0 Address: 0x1aafb9000
  Set: 577 Way: 0 Address: 0x1aafb9040
  Set: 578 Way: 0 Address: 0x1aafb9080
  Set: 579 Way: 0 Address: 0x1aafb90c0
  Set: 580 Way: 0 Address: 0x1aafb9100
  Set: 581 Way: 0 Address: 0x1aafb9140
  Set: 582 Way: 0 Address: 0x1aafb9180
  Set: 583 Way: 0 Address: 0x1aafb91c0
  Set: 584 Way: 0 Address: 0x1aafb9200
  Set: 585 Way: 0 Address: 0x1aafb9240
  Set: 586 Way: 0 Address: 0x2ee3692a0
  Set: 587 Way: 0 Address: 0x2ee3692c3
  Set: 588 Way: 0 Address: 0x2ee369328
  Set: 589 Way: 0 Address: 0x2ee369351
  Set: 590 Way: 0 Address: 0x2ee3693bc
  Set: 591 Way: 0 Address: 0x2ee3693c0
  Set: 592 Way: 0 Address: 0x2ee369400
  Set: 593 Way: 0 Address: 0x292959450
  Set: 640 Way: 0 Address: 0x229b9a000
  Set: 646 Way: 0 Address: 0x223eda180
  Set: 671 Way: 0 Address: 0x1d89da7f8
  Set: 730 Way: 0 Address: 0x394edb6b0
  Set: 768 Way: 0 Address: 0xdf85c000
  Set: 768 Way: 1 Address: 0x29484c018
  Set: 774 Way: 0 Address: 0x12c6fc188
  Set: 805 Way: 0 Address: 0x38e35c960
  Set: 832 Way: 0 Address: 0x23755d030
  Set: 832 Way: 1 Address: 0x5588d000
  Set: 833 Way: 0 Address: 0x5588d040
  Set: 834 Way: 0 Address: 0x5588d080
  Set: 835 Way: 0 Address: 0x5588d0c0
  Set: 836 Way: 0 Address: 0x5588d100
  Set: 837 Way: 0 Address: 0x5588d140
  Set: 838 Way: 0 Address: 0x5588d180
  Set: 839 Way: 0 Address: 0x5588d1c0
  Set: 840 Way: 0 Address: 0x5588d200
  Set: 841 Way: 0 Address: 0x5588d240
  Set: 842 Way: 0 Address: 0x5588d280
  Set: 843 Way: 0 Address: 0x5588d2c0
  Set: 844 Way: 0 Address: 0x5588d300
  Set: 845 Way: 0 Address: 0x5588d340
  Set: 846 Way: 0 Address: 0x5588d380
  Set: 847 Way: 0 Address: 0x5588d3c0
  Set: 848 Way: 0 Address: 0x5588d400
  Set: 849 Way: 0 Address: 0x5588d440
  Set: 850 Way: 0 Address: 0x5588d480
  Set: 851 Way: 0 Address: 0x1add4e0
  Set: 851 Way: 1 Address: 0x5588d4c0
  Set: 852 Way: 0 Address: 0x5588d500
  Set: 853 Way: 0 Address: 0x5588d540
  Set: 854 Way: 0 Address: 0x5588d580
  Set: 855 Way: 0 Address: 0x5588d5c0
  Set: 856 Way: 0 Address: 0x5588d600
  Set: 857 Way: 0 Address: 0x5588d640
  Set: 858 Way: 0 Address: 0x5588d680
  Set: 859 Way: 0 Address: 0x5588d6c0
  Set: 860 Way: 0 Address: 0x5588d700
  Set: 861 Way: 0 Address: 0x5588d740
  Set: 862 Way: 0 Address: 0x5588d780
  Set: 896 Way: 0 Address: 0x28b67e000
  Set: 896 Way: 1 Address: 0x2f5d8e000
  Set: 899 Way: 0 Address: 0x2f5d8e0d8
  Set: 927 Way: 0 Address: 0x28b67e7f8
  Set: 927 Way: 1 Address: 0x3734ee7f0
  Set: 931 Way: 0 Address: 0x1f919e8d0
  Set: 936 Way: 0 Address: 0x1f919ea06
  Set: 939 Way: 0 Address: 0x1f919eaf0
  Set: 940 Way: 0 Address: 0x1f919eb07
  Set: 941 Way: 0 Address: 0x1f919eb40
  Set: 942 Way: 0 Address: 0x1f919ebaa
  Set: 943 Way: 0 Address: 0x1f919ebc4
  Set: 944 Way: 0 Address: 0x1f919ec35
  Set: 945 Way: 0 Address: 0x1f919ec40
  Set: 947 Way: 0 Address: 0x1f919ecdb
  Set: 950 Way: 0 Address: 0x1f919edb0
  Set: 952 Way: 0 Address: 0x1f919ee24
  Set: 976 Way: 0 Address: 0xee86f430
  Set: 977 Way: 0 Address: 0xee86f441
  Set: 978 Way: 0 Address: 0xee86f488
  Set: 979 Way: 0 Address: 0x143ef4f8
  Set: 987 Way: 0 Address: 0xee86f6d0
  Set: 988 Way: 0 Address: 0xee86f701
  Set: 989 Way: 0 Address: 0xee86f740
  Set: 990 Way: 0 Address: 0xee86f78c
  Set: 1006 Way: 0 Address: 0xee86fba0
  Set: 1007 Way: 0 Address: 0xee86fbc2
  Set: 1008 Way: 0 Address: 0xee86fc05
  Set: 1020 Way: 0 Address: 0x16390ff18
EndCache
Cache: cpu0_L1I
  Set: 4 Way: 0 Address: 0x201598100
  Set: 10 Way: 0 Address: 0x2ee3692a0
  Set: 11 Way: 0 Address: 0x2ee3692f2
  Set: 12 Way: 0 Address: 0x2ee369328
  Set: 13 Way: 0 Address: 0x2ee369351
  Set: 14 Way: 0 Address: 0x2ee3693bc
  Set: 15 Way: 0 Address: 0x2ee3693c0
  Set: 16 Way: 0 Address: 0x2ee369400
  Set: 16 Way: 1 Address: 0xee86f430
  Set: 17 Way: 0 Address: 0xee86f441
  Set: 18 Way: 0 Address: 0xee86f488
  Set: 26 Way: 0 Address: 0x2015986a8
  Set: 27 Way: 0 Address: 0x2015986df
  Set: 27 Way: 1 Address: 0xee86f6d0
  Set: 28 Way: 0 Address: 0xee86f721
  Set: 29 Way: 0 Address: 0xee86f740
  Set: 30 Way: 0 Address: 0xee86f78c
  Set: 35 Way: 0 Address: 0x1f919e8f5
  Set: 40 Way: 0 Address: 0x1f919ea06
  Set: 43 Way: 0 Address: 0x1f919eaf0
  Set: 44 Way: 0 Address: 0x1f919eb26
  Set: 45 Way: 0 Address: 0x1f919eb40
  Set: 46 Way: 0 Address: 0x1f919ebaa
  Set: 46 Way: 1 Address: 0xee86fba0
  Set: 47 Way: 0 Address: 0x1f919ebc4
  Set: 47 Way: 1 Address: 0xee86fbf5
  Set: 48 Way: 0 Address: 0x1f919ec35
  Set: 48 Way: 1 Address: 0xee86fc05
  Set: 49 Way: 0 Address: 0x1f919ec40
  Set: 50 Way: 0 Address: 0x201598cb0
  Set: 51 Way: 0 Address: 0x201598ce6
  Set: 51 Way: 1 Address: 0x1f919ecdb
  Set: 52 Way: 0 Address: 0x201598d23
  Set: 53 Way: 0 Address: 0x201598d5f
  Set: 53 Way: 1 Address: 0x276ff7d60
  Set: 54 Way: 0 Address: 0x201598d81
  Set: 54 Way: 1 Address: 0x1f919edb0
  Set: 55 Way: 0 Address: 0x201598de0
  Set: 55 Way: 1 Address: 0x276ff7de0
  Set: 56 Way: 0 Address: 0x1f919ee24
  Set: 56 Way: 1 Address: 0x276ff7e20
  Set: 58 Way: 0 Address: 0x276ff7ebb
  Set: 59 Way: 0 Address: 0x276ff7eda
EndCache
Cache: cpu0_L1D
  Set: 0 Way: 0 Address: 0x2f5d8e000
  Set: 0 Way: 1 Address: 0x397bb4038
  Set: 0 Way: 2 Address: 0x354d36000
  Set: 0 Way: 3 Address: 0x5588d000
  Set: 0 Way: 4 Address: 0x113201028
  Set: 0 Way: 5 Address: 0x29484c018
  Set: 0 Way: 6 Address: 0x1aafb9000
  Set: 0 Way: 7 Address: 0x129934018
  Set: 0 Way: 8 Address: 0x397bb5000
  Set: 0 Way: 9 Address: 0x6d0c2002
  Set: 0 Way: 10 Address: 0x1995f201d
  Set: 0 Way: 11 Address: 0x23755d030
  Set: 1 Way: 0 Address: 0x195f15050
  Set: 1 Way: 1 Address: 0x263c13050
  Set: 1 Way: 2 Address: 0x397bb5040
  Set: 1 Way: 3 Address: 0x6d0c2040
  Set: 1 Way: 4 Address: 0x1995f204b
  Set: 1 Way: 5 Address: 0x3c1074048
  Set: 1 Way: 6 Address: 0x397bb4078
  Set: 1 Way: 7 Address: 0x354d36040
  Set: 1 Way: 8 Address: 0x5588d040
  Set: 1 Way: 9 Address: 0x1aafb9040
  Set: 2 Way: 0 Address: 0x397bb5080
  Set: 2 Way: 1 Address: 0x6d0c2080
  Set: 2 Way: 2 Address: 0x1995f2086
  Set: 2 Way: 3 Address: 0x397bb40b8
  Set: 2 Way: 4 Address: 0x354d36080
  Set: 2 Way: 5 Address: 0x5588d080
  Set: 2 Way: 6 Address: 0x1aafb9080
  Set: 3 Way: 0 Address: 0x397bb50c0
  Set: 3 Way: 1 Address: 0x6d0c20c0
  Set: 3 Way: 2 Address: 0x2f5d8e0d8
  Set: 3 Way: 3 Address: 0x2b2e930d8
  Set: 3 Way: 4 Address: 0x397bb40f8
  Set: 3 Way: 5 Address: 0x354d360c0
  Set: 3 Way: 6 Address: 0x5588d0c0
  Set: 3 Way: 7 Address: 0x1aafb90c0
  Set: 3 Way: 8 Address: 0x1995f20c5
  Set: 4 Way: 0 Address: 0xb8004130
  Set: 4 Way: 1 Address: 0x397bb5100
  Set: 4 Way: 2 Address: 0x6d0c2100
  Set: 4 Way: 3 Address: 0x397bb4138
  Set: 4 Way: 4 Address: 0x354d36100
  Set: 4 Way: 5 Address: 0x5588d100
  Set: 4 Way: 6 Address: 0x1aafb9100
  Set: 4 Way: 7 Address: 0x1995f210a
  Set: 5 Way: 0 Address: 0xb800416c
  Set: 5 Way: 1 Address: 0x397bb5140
  Set: 5 Way: 2 Address: 0x6d0c2140
  Set: 5 Way: 3 Address: 0x354d35140
  Set: 5 Way: 4 Address: 0x397bb4178
  Set: 5 Way: 5 Address: 0x354d36140
  Set: 5 Way: 6 Address: 0x5588d140
  Set: 5 Way: 7 Address: 0x1aafb9140
  Set: 5 Way: 8 Address: 0x1995f2143
  Set: 6 Way: 0 Address: 0x223eda180
  Set: 6 Way: 1 Address: 0xb80041b4
  Set: 6 Way: 2 Address: 0xf6e81180
  Set: 6 Way: 3 Address: 0x397bb5180
  Set: 6 Way: 4 Address: 0x6d0c2180
  Set: 6 Way: 5 Address: 0x12c6fc188
  Set: 6 Way: 6 Address: 0x354d35180
  Set: 6 Way: 7 Address: 0x397bb41b8
  Set: 6 Way: 8 Address: 0x354d36180
  Set: 6 Way: 9 Address: 0x5588d180
  Set: 6 Way: 10 Address: 0x1aafb9180
  Set: 6 Way: 11 Address: 0x1995f2198
  Set: 7 Way: 0 Address: 0xb80041ec
  Set: 7 Way: 1 Address: 0x397bb51c0
  Set: 7 Way: 2 Address: 0x6d0c21c0
  Set: 7 Way: 3 Address: 0x354d351c0
  Set: 7 Way: 4 Address: 0x397bb41f8
  Set: 7 Way: 5 Address: 0x354d361c0
  Set: 7 Way: 6 Address: 0x5588d1c0
  Set: 7 Way: 7 Address: 0x1aafb91c0
  Set: 7 Way: 8 Address: 0x1995f21c9
  Set: 8 Way: 0 Address: 0xb8004230
  Set: 8 Way: 1 Address: 0x397bb5200
  Set: 8 Way: 2 Address: 0x6d0c2200
  Set: 8 Way: 3 Address: 0x354d35200
  Set: 8 Way: 4 Address: 0x397bb4238
  Set: 8 Way: 5 Address: 0x354d36200
  Set: 8 Way: 6 Address: 0x5588d200
  Set: 8 Way: 7 Address: 0x1aafb9200
  Set: 8 Way: 8 Address: 0x1995f2209
  Set: 9 Way: 0 Address: 0xb800424c
  Set: 9 Way: 1 Address: 0x6d0c2240
  Set: 9 Way: 2 Address: 0x354d35240
  Set: 9 Way: 3 Address: 0x397bb4278
  Set: 9 Way: 4 Address: 0x354d36240
  Set: 9 Way: 5 Address: 0x5588d240
  Set: 9 Way: 6 Address: 0x1aafb9240
  Set: 9 Way: 7 Address: 0x1995f2249
  Set: 10 Way: 0 Address: 0xb8004294
  Set: 10 Way: 1 Address: 0x6d0c2280
  Set: 10 Way: 2 Address: 0x354d35280
  Set: 10 Way: 3 Address: 0x397bb42b8
  Set: 10 Way: 4 Address: 0x354d36280
  Set: 10 Way: 5 Address: 0x5588d280
  Set: 10 Way: 6 Address: 0x1995f2284
  Set: 11 Way: 0 Address: 0xb80042d0
  Set: 11 Way: 1 Address: 0x6d0c22c0
  Set: 11 Way: 2 Address: 0x354d352c0
  Set: 11 Way: 3 Address: 0x397bb42f8
  Set: 11 Way: 4 Address: 0x354d362c0
  Set: 11 Way: 5 Address: 0x5588d2c0
  Set: 11 Way: 6 Address: 0x1995f22c9
  Set: 12 Way: 0 Address: 0xb8004310
  Set: 12 Way: 1 Address: 0x6d0c2300
  Set: 12 Way: 2 Address: 0x354d35300
  Set: 12 Way: 3 Address: 0x397bb4338
  Set: 12 Way: 4 Address: 0x354d36300
  Set: 12 Way: 5 Address: 0x5588d300
  Set: 12 Way: 6 Address: 0x1995f2309
  Set: 13 Way: 0 Address: 0xb8004364
  Set: 13 Way: 1 Address: 0x6d0c2340
  Set: 13 Way: 2 Address: 0x354d35340
  Set: 13 Way: 3 Address: 0x397bb4378
  Set: 13 Way: 4 Address: 0x5588d340
  Set: 13 Way: 5 Address: 0x1995f2347
  Set: 14 Way: 0 Address: 0xb80043a4
  Set: 14 Way: 1 Address: 0x6d0c2380
  Set: 14 Way: 2 Address: 0x354d35380
  Set: 14 Way: 3 Address: 0x397bb43b8
  Set: 14 Way: 4 Address: 0x5588d380
  Set: 14 Way: 5 Address: 0x1995f239d
  Set: 15 Way: 0 Address: 0xb80043fc
  Set: 15 Way: 1 Address: 0x6d0c23c0
  Set: 15 Way: 2 Address: 0x354d353c0
  Set: 15 Way: 3 Address: 0x397bb43f8
  Set: 15 Way: 4 Address: 0x5588d3c0
  Set: 15 Way: 5 Address: 0x1995f23c9
  Set: 16 Way: 0 Address: 0xb8004438
  Set: 16 Way: 1 Address: 0x354d35400
  Set: 16 Way: 2 Address: 0x397bb4438
  Set: 16 Way: 3 Address: 0x5588d400
  Set: 16 Way: 4 Address: 0x1995f2409
  Set: 17 Way: 0 Address: 0xb800447c
  Set: 17 Way: 1 Address: 0x292959450
  Set: 17 Way: 2 Address: 0x84896448
  Set: 17 Way: 3 Address: 0x354d35440
  Set: 17 Way: 4 Address: 0x397bb4478
  Set: 17 Way: 5 Address: 0x5588d440
  Set: 17 Way: 6 Address: 0x1995f2449
  Set: 18 Way: 0 Address: 0xb8004488
  Set: 18 Way: 1 Address: 0x354d35480
  Set: 18 Way: 2 Address: 0x397bb44b8
  Set: 18 Way: 3 Address: 0x5588d480
  Set: 18 Way: 4 Address: 0x1995f2489
  Set: 19 Way: 0 Address: 0x437364d8
  Set: 19 Way: 1 Address: 0xb80044e0
  Set: 19 Way: 2 Address: 0x143ef4f8
  Set: 19 Way: 3 Address: 0x1add4e0
  Set: 19 Way: 4 Address: 0x354d354c0
  Set: 19 Way: 5 Address: 0x397bb44f8
  Set: 19 Way: 6 Address: 0x5588d4c0
  Set: 19 Way: 7 Address: 0x1995f24c7
  Set: 20 Way: 0 Address: 0xb8004508
  Set: 20 Way: 1 Address: 0x354d35500
  Set: 20 Way: 2 Address: 0x397bb4538
  Set: 20 Way: 3 Address: 0x1995f2509
  Set: 21 Way: 0 Address: 0x354d35540
  Set: 21 Way: 1 Address: 0x397bb4578
  Set: 22 Way: 0 Address: 0x3de4d4588
  Set: 22 Way: 1 Address: 0x354d35580
  Set: 22 Way: 2 Address: 0x397bb45b8
  Set: 23 Way: 0 Address: 0x397bb45d6
  Set: 23 Way: 1 Address: 0x354d355c0
  Set: 24 Way: 0 Address: 0x397bb4603
  Set: 24 Way: 1 Address: 0x354d35600
  Set: 25 Way: 0 Address: 0x397bb4640
  Set: 25 Way: 1 Address: 0x354d35640
  Set: 26 Way: 0 Address: 0x397bb4680
  Set: 26 Way: 1 Address: 0x3dae66688
  Set: 26 Way: 2 Address: 0x394edb6b0
  Set: 26 Way: 3 Address: 0x354d35680
  Set: 26 Way: 4 Address: 0x211d166b8
  Set: 27 Way: 0 Address: 0x397bb46c3
  Set: 27 Way: 1 Address: 0x354d356c0
  Set: 28 Way: 0 Address: 0x397bb4703
  Set: 28 Way: 1 Address: 0x354d35700
  Set: 29 Way: 0 Address: 0x397bb4740
  Set: 29 Way: 1 Address: 0x354d35740
  Set: 30 Way: 0 Address: 0x397bb4780
  Set: 30 Way: 1 Address: 0x354d35780
  Set: 31 Way: 0 Address: 0x28b67e7f8
  Set: 31 Way: 1 Address: 0x1d89da7f8
  Set: 31 Way: 2 Address: 0x3734ee7f0
  Set: 31 Way: 3 Address: 0x397bb47c3
  Set: 31 Way: 4 Address: 0x354d357c0
  Set: 32 Way: 0 Address: 0x2a4841810
  Set: 32 Way: 1 Address: 0x397bb4803
  Set: 32 Way: 2 Address: 0x354d35800
  Set: 33 Way: 0 Address: 0x2a4841870
  Set: 33 Way: 1 Address: 0x397bb4840
  Set: 33 Way: 2 Address: 0x354d35840
  Set: 34 Way: 0 Address: 0x2a48418b0
  Set: 34 Way: 1 Address: 0x3098878bf
  Set: 34 Way: 2 Address: 0x397bb4880
  Set: 34 Way: 3 Address: 0x354d35880
  Set: 35 Way: 0 Address: 0x2a48418dc
  Set: 35 Way: 1 Address: 0x3098878cb
  Set: 35 Way: 2 Address: 0x397bb48c3
  Set: 35 Way: 3 Address: 0x354d358c0
  Set: 36 Way: 0 Address: 0x2a4841938
  Set: 36 Way: 1 Address: 0x30988791b
  Set: 36 Way: 2 Address: 0x397bb4903
  Set: 36 Way: 3 Address: 0x354d35900
  Set: 37 Way: 0 Address: 0x2a484194f
  Set: 37 Way: 1 Address: 0xc7078958
  Set: 37 Way: 2 Address: 0x309887941
  Set: 37 Way: 3 Address: 0x397bb4941
  Set: 37 Way: 4 Address: 0x38e35c960
  Set: 37 Way: 5 Address: 0x354d35940
  Set: 38 Way: 0 Address: 0x309887989
  Set: 38 Way: 1 Address: 0x397bb4980
  Set: 38 Way: 2 Address: 0x354d35980
  Set: 39 Way: 0 Address: 0x3098879ca
  Set: 39 Way: 1 Address: 0x397bb49c1
  Set: 39 Way: 2 Address: 0x354d359c0
  Set: 40 Way: 0 Address: 0x309887a09
  Set: 40 Way: 1 Address: 0x397bb4a00
  Set: 40 Way: 2 Address: 0x354d35a00
  Set: 41 Way: 0 Address: 0x309887a47
  Set: 41 Way: 1 Address: 0x397bb4a40
  Set: 41 Way: 2 Address: 0x354d35a40
  Set: 42 Way: 0 Address: 0x309887a89
  Set: 42 Way: 1 Address: 0x397bb4a80
  Set: 42 Way: 2 Address: 0x354d35a80
  Set: 43 Way: 0 Address: 0x2a4841af8
  Set: 43 Way: 1 Address: 0x309887aca
  Set: 43 Way: 2 Address: 0x397bb4ac0
  Set: 43 Way: 3 Address: 0x354d35ac0
  Set: 44 Way: 0 Address: 0x309887b04
  Set: 44 Way: 1 Address: 0x397bb4b00
  Set: 44 Way: 2 Address: 0x354d35b00
  Set: 45 Way: 0 Address: 0x397bb4b40
  Set: 45 Way: 1 Address: 0x309887b43
  Set: 45 Way: 2 Address: 0x354d35b40
  Set: 46 Way: 0 Address: 0x397bb4b80
  Set: 46 Way: 1 Address: 0x309887b8e
  Set: 46 Way: 2 Address: 0x354d35b80
  Set: 47 Way: 0 Address: 0x397bb4bc0
  Set: 47 Way: 1 Address: 0x309887bcd
  Set: 47 Way: 2 Address: 0x354d35bc0
  Set: 48 Way: 0 Address: 0x397bb4c00
  Set: 48 Way: 1 Address: 0x309887c0d
  Set: 48 Way: 2 Address: 0x354d35c00
  Set: 49 Way: 0 Address: 0x397bb4c40
  Set: 49 Way: 1 Address: 0x309887c51
  Set: 49 Way: 2 Address: 0x354d35c40
  Set: 50 Way: 0 Address: 0x397bb4c80
  Set: 50 Way: 1 Address: 0x309887c81
  Set: 50 Way: 2 Address: 0x354d35c80
  Set: 51 Way: 0 Address: 0x397bb4cc0
  Set: 51 Way: 1 Address: 0x309887cc9
  Set: 51 Way: 2 Address: 0x354d35cc0
  Set: 52 Way: 0 Address: 0x397bb4d00
  Set: 52 Way: 1 Address: 0x309887d0a
  Set: 52 Way: 2 Address: 0x354d35d00
  Set: 53 Way: 0 Address: 0x397bb4d40
  Set: 53 Way: 1 Address: 0x309887d4b
  Set: 53 Way: 2 Address: 0x354d35d40
  Set: 54 Way: 0 Address: 0x1aafb8d88
  Set: 54 Way: 1 Address: 0x397bb4d80
  Set: 54 Way: 2 Address: 0x309887d89
  Set: 54 Way: 3 Address: 0x354d35d80
  Set: 55 Way: 0 Address: 0x397bb4dc0
  Set: 55 Way: 1 Address: 0x309887dc8
  Set: 55 Way: 2 Address: 0x1aafb8dc0
  Set: 55 Way: 3 Address: 0x354d35dc0
  Set: 56 Way: 0 Address: 0x397bb4e00
  Set: 56 Way: 1 Address: 0x309887e03
  Set: 56 Way: 2 Address: 0x354d35e00
  Set: 57 Way: 0 Address: 0x397bb4e40
  Set: 57 Way: 1 Address: 0x309887e4c
  Set: 57 Way: 2 Address: 0x1aafb8e78
  Set: 57 Way: 3 Address: 0x354d35e40
  Set: 58 Way: 0 Address: 0x397bb4e80
  Set: 58 Way: 1 Address: 0x309887ea3
  Set: 58 Way: 2 Address: 0x1aafb8eb8
  Set: 58 Way: 3 Address: 0x354d35e80
  Set: 59 Way: 0 Address: 0x397bb4ec0
  Set: 59 Way: 1 Address: 0x309887ec6
  Set: 59 Way: 2 Address: 0x1aafb8ef8
  Set: 59 Way: 3 Address: 0x354d35ec0
  Set: 60 Way: 0 Address: 0x3c56b3f10
  Set: 60 Way: 1 Address: 0x1c84e2f08
  Set: 60 Way: 2 Address: 0x397bb4f00
  Set: 60 Way: 3 Address: 0x309887f09
  Set: 60 Way: 4 Address: 0x16390ff18
  Set: 60 Way: 5 Address: 0x1aafb8f38
  Set: 60 Way: 6 Address: 0x354d35f00
  Set: 61 Way: 0 Address: 0x397bb4f40
  Set: 61 Way: 1 Address: 0x309887f46
  Set: 61 Way: 2 Address: 0x1aafb8f78
  Set: 61 Way: 3 Address: 0x354d35f40
  Set: 62 Way: 0 Address: 0x397bb4f80
  Set: 62 Way: 1 Address: 0x309887f8e
  Set: 62 Way: 2 Address: 0x1aafb8fb8
  Set: 62 Way: 3 Address: 0x354d35f80
  Set: 63 Way: 0 Address: 0x9cff2fd8
  Set: 63 Way: 1 Address: 0x397bb4fc0
  Set: 63 Way: 2 Address: 0x309887fce
  Set: 63 Way: 3 Address: 0x1aafb8ff8
  Set: 63 Way: 4 Address: 0x354d35fc0
EndCache
Cache: cpu0_ITLB
  Set: 0 Way: 0 Address: 0x400441
  Set: 3 Way: 0 Address: 0x403ce6
  Set: 5 Way: 0 Address: 0x405af0
  Set: 6 Way: 0 Address: 0x406351
  Set: 11 Way: 0 Address: 0x41bd60
EndCache
Cache: cpu0_DTLB
  Set: 0 Way: 0 Address: 0x7f4ad14308c4
  Set: 1 Way: 0 Address: 0x14b1870
  Set: 1 Way: 1 Address: 0x7ffec61e1d88
  Set: 1 Way: 2 Address: 0x7f4ad143100f
  Set: 2 Way: 0 Address: 0x7ffec61e25d6
  Set: 3 Way: 0 Address: 0x7ffec61e3002
  Set: 6 Way: 0 Address: 0x7f4b012d6140
  Set: 7 Way: 0 Address: 0x7f4b012d7000
  Set: 11 Way: 0 Address: 0x69b1ec
  Set: 12 Way: 0 Address: 0x69c448
  Set: 15 Way: 0 Address: 0x69f688
EndCache
Cache: LLC
  Set: 64 Way: 0 Address: 0x113201028
  Set: 70 Way: 0 Address: 0xf6e81180
  Set: 96 Way: 0 Address: 0x2a4841814
  Set: 97 Way: 0 Address: 0x2a4841870
  Set: 98 Way: 0 Address: 0x2a48418b0
  Set: 99 Way: 0 Address: 0x2a48418dc
  Set: 100 Way: 0 Address: 0x2a4841938
  Set: 101 Way: 0 Address: 0x2a484194f
  Set: 107 Way: 0 Address: 0x2a4841af8
  Set: 128 Way: 0 Address: 0x6d0c2000
  Set: 129 Way: 0 Address: 0x6d0c2040
  Set: 130 Way: 0 Address: 0x6d0c2080
  Set: 131 Way: 0 Address: 0x6d0c20c0
  Set: 132 Way: 0 Address: 0x6d0c2100
  Set: 133 Way: 0 Address: 0x6d0c2140
  Set: 134 Way: 0 Address: 0x6d0c2180
  Set: 135 Way: 0 Address: 0x6d0c21c0
  Set: 136 Way: 0 Address: 0x6d0c2200
  Set: 137 Way: 0 Address: 0x6d0c2240
  Set: 138 Way: 0 Address: 0x6d0c2280
  Set: 139 Way: 0 Address: 0x6d0c22c0
  Set: 140 Way: 0 Address: 0x6d0c2300
  Set: 141 Way: 0 Address: 0x6d0c2340
  Set: 142 Way: 0 Address: 0x6d0c2380
  Set: 143 Way: 0 Address: 0x6d0c23c0
  Set: 144 Way: 0 Address: 0x6d0c2400
  Set: 145 Way: 0 Address: 0x6d0c2440
  Set: 146 Way: 0 Address: 0x6d0c2480
  Set: 147 Way: 0 Address: 0x6d0c24c0
  Set: 148 Way: 0 Address: 0x6d0c2500
  Set: 188 Way: 0 Address: 0x1c84e2f08
  Set: 256 Way: 0 Address: 0xb8004000
  Set: 257 Way: 0 Address: 0xb8004040
  Set: 258 Way: 0 Address: 0xb8004080
  Set: 259 Way: 0 Address: 0xb80040c0
  Set: 260 Way: 0 Address: 0xb8004130
  Set: 261 Way: 0 Address: 0xb800416c
  Set: 262 Way: 0 Address: 0xb80041b4
  Set: 263 Way: 0 Address: 0xb80041ec
  Set: 264 Way: 0 Address: 0xb8004230
  Set: 265 Way: 0 Address: 0xb800424c
  Set: 266 Way: 0 Address: 0xb8004294
  Set: 267 Way: 0 Address: 0xb80042d0
  Set: 268 Way: 0 Address: 0xb8004310
  Set: 269 Way: 0 Address: 0xb8004364
  Set: 270 Way: 0 Address: 0xb80043a4
  Set: 271 Way: 0 Address: 0xb80043fc
  Set: 272 Way: 0 Address: 0xb8004438
  Set: 273 Way: 0 Address: 0xb800447c
  Set: 274 Way: 0 Address: 0xb8004488
  Set: 275 Way: 0 Address: 0xb80044e0
  Set: 276 Way: 0 Address: 0xb8004508
  Set: 277 Way: 0 Address: 0xb8004540
  Set: 278 Way: 0 Address: 0xb8004580
  Set: 279 Way: 0 Address: 0xb80045c0
  Set: 280 Way: 0 Address: 0xb8004600
  Set: 281 Way: 0 Address: 0xb8004640
  Set: 282 Way: 0 Address: 0xb8004680
  Set: 283 Way: 0 Address: 0xb80046c0
  Set: 285 Way: 0 Address: 0xb8004740
  Set: 410 Way: 0 Address: 0x3dae66688
  Set: 482 Way: 0 Address: 0x3098878b5
  Set: 483 Way: 0 Address: 0x3098878c0
  Set: 484 Way: 0 Address: 0x309887900
  Set: 485 Way: 0 Address: 0x309887940
  Set: 486 Way: 0 Address: 0x309887980
  Set: 487 Way: 0 Address: 0x3098879c0
  Set: 488 Way: 0 Address: 0x309887a00
  Set: 489 Way: 0 Address: 0x309887a40
  Set: 490 Way: 0 Address: 0x309887a80
  Set: 491 Way: 0 Address: 0x309887ac0
  Set: 492 Way: 0 Address: 0x309887b00
  Set: 493 Way: 0 Address: 0x309887b40
  Set: 494 Way: 0 Address: 0x309887b80
  Set: 495 Way: 0 Address: 0x309887bc0
  Set: 496 Way: 0 Address: 0x309887c00
  Set: 497 Way: 0 Address: 0x309887c40
  Set: 498 Way: 0 Address: 0x309887c80
  Set: 499 Way: 0 Address: 0x309887cc0
  Set: 500 Way: 0 Address: 0x309887d00
  Set: 501 Way: 0 Address: 0x309887d40
  Set: 502 Way: 0 Address: 0x309887d80
  Set: 503 Way: 0 Address: 0x309887dc0
  Set: 504 Way: 0 Address: 0x309887e00
  Set: 505 Way: 0 Address: 0x309887e40
  Set: 506 Way: 0 Address: 0x309887e80
  Set: 507 Way: 0 Address: 0x309887ec0
  Set: 508 Way: 0 Address: 0x309887f00
  Set: 509 Way: 0 Address: 0x309887f40
  Set: 510 Way: 0 Address: 0x309887f80
  Set: 511 Way: 0 Address: 0x309887fc0
  Set: 586 Way: 0 Address: 0x2ee3692a0
  Set: 587 Way: 0 Address: 0x2ee3692c3
  Set: 588 Way: 0 Address: 0x2ee369328
  Set: 589 Way: 0 Address: 0x2ee369351
  Set: 590 Way: 0 Address: 0x2ee3693bc
  Set: 591 Way: 0 Address: 0x2ee3693c0
  Set: 592 Way: 0 Address: 0x2ee369400
  Set: 768 Way: 0 Address: 0x29484c018
  Set: 832 Way: 0 Address: 0x5588d000
  Set: 833 Way: 0 Address: 0x5588d040
  Set: 834 Way: 0 Address: 0x5588d080
  Set: 835 Way: 0 Address: 0x5588d0c0
  Set: 836 Way: 0 Address: 0x5588d100
  Set: 837 Way: 0 Address: 0x5588d140
  Set: 838 Way: 0 Address: 0x5588d180
  Set: 839 Way: 0 Address: 0x5588d1c0
  Set: 840 Way: 0 Address: 0x5588d200
  Set: 841 Way: 0 Address: 0x5588d240
  Set: 842 Way: 0 Address: 0x5588d280
  Set: 843 Way: 0 Address: 0x5588d2c0
  Set: 844 Way: 0 Address: 0x5588d300
  Set: 845 Way: 0 Address: 0x5588d340
  Set: 846 Way: 0 Address: 0x5588d380
  Set: 847 Way: 0 Address: 0x5588d3c0
  Set: 848 Way: 0 Address: 0x5588d400
  Set: 849 Way: 0 Address: 0x5588d440
  Set: 850 Way: 0 Address: 0x5588d480
  Set: 851 Way: 0 Address: 0x5588d4c0
  Set: 852 Way: 0 Address: 0x5588d500
  Set: 853 Way: 0 Address: 0x5588d540
  Set: 854 Way: 0 Address: 0x5588d580
  Set: 855 Way: 0 Address: 0x5588d5c0
  Set: 856 Way: 0 Address: 0x5588d600
  Set: 857 Way: 0 Address: 0x5588d640
  Set: 858 Way: 0 Address: 0x5588d680
  Set: 859 Way: 0 Address: 0x5588d6c0
  Set: 860 Way: 0 Address: 0x5588d700
  Set: 861 Way: 0 Address: 0x5588d740
  Set: 862 Way: 0 Address: 0x5588d780
  Set: 896 Way: 0 Address: 0x2f5d8e000
  Set: 899 Way: 0 Address: 0x2f5d8e0d8
  Set: 927 Way: 0 Address: 0x3734ee7f0
  Set: 976 Way: 0 Address: 0xee86f430
  Set: 977 Way: 0 Address: 0xee86f441
  Set: 978 Way: 0 Address: 0xee86f480
  Set: 979 Way: 0 Address: 0x143ef4f8
  Set: 979 Way: 1 Address: 0xee86f4c0
  Set: 987 Way: 0 Address: 0xee86f6d0
  Set: 988 Way: 0 Address: 0xee86f701
  Set: 989 Way: 0 Address: 0xee86f740
  Set: 990 Way: 0 Address: 0xee86f78c
  Set: 1006 Way: 0 Address: 0xee86fba0
  Set: 1007 Way: 0 Address: 0xee86fbc2
  Set: 1008 Way: 0 Address: 0xee86fc05
  Set: 1020 Way: 0 Address: 0x16390ff18
  Set: 1152 Way: 0 Address: 0x1995f2000
  Set: 1153 Way: 0 Address: 0x1995f2040
  Set: 1154 Way: 0 Address: 0x1995f2080
  Set: 1155 Way: 0 Address: 0x1995f20c0
  Set: 1156 Way: 0 Address: 0x1995f2100
  Set: 1157 Way: 0 Address: 0x1995f2140
  Set: 1158 Way: 0 Address: 0x1995f2180
  Set: 1159 Way: 0 Address: 0x1995f21c0
  Set: 1160 Way: 0 Address: 0x1995f2200
  Set: 1161 Way: 0 Address: 0x1995f2240
  Set: 1162 Way: 0 Address: 0x1995f2280
  Set: 1163 Way: 0 Address: 0x1995f22c0
  Set: 1164 Way: 0 Address: 0x1995f2300
  Set: 1165 Way: 0 Address: 0x1995f2340
  Set: 1166 Way: 0 Address: 0x1995f2380
  Set: 1167 Way: 0 Address: 0x1995f23c0
  Set: 1168 Way: 0 Address: 0x1995f2400
  Set: 1169 Way: 0 Address: 0x1995f2440
  Set: 1170 Way: 0 Address: 0x1995f2480
  Set: 1171 Way: 0 Address: 0x1995f24c0
  Set: 1172 Way: 0 Address: 0x1995f2500
  Set: 1215 Way: 0 Address: 0x9cff2fd8
  Set: 1216 Way: 0 Address: 0x263c13018
  Set: 1217 Way: 0 Address: 0x263c13050
  Set: 1219 Way: 0 Address: 0x2b2e930d8
  Set: 1276 Way: 0 Address: 0x3c56b3f10
  Set: 1280 Way: 0 Address: 0x129934018
  Set: 1280 Way: 1 Address: 0x397bb4000
  Set: 1281 Way: 0 Address: 0x3c1074048
  Set: 1281 Way: 1 Address: 0x397bb4040
  Set: 1282 Way: 0 Address: 0x397bb4080
  Set: 1283 Way: 0 Address: 0x397bb40c0
  Set: 1284 Way: 0 Address: 0x397bb4100
  Set: 1285 Way: 0 Address: 0x397bb4140
  Set: 1286 Way: 0 Address: 0x397bb4180
  Set: 1287 Way: 0 Address: 0x397bb41c0
  Set: 1288 Way: 0 Address: 0x397bb4200
  Set: 1289 Way: 0 Address: 0x397bb4240
  Set: 1290 Way: 0 Address: 0x397bb4280
  Set: 1291 Way: 0 Address: 0x397bb42c0
  Set: 1292 Way: 0 Address: 0x397bb4300
  Set: 1293 Way: 0 Address: 0x397bb4340
  Set: 1294 Way: 0 Address: 0x397bb4380
  Set: 1295 Way: 0 Address: 0x397bb43c0
  Set: 1296 Way: 0 Address: 0x397bb4400
  Set: 1297 Way: 0 Address: 0x397bb4440
  Set: 1298 Way: 0 Address: 0x397bb4480
  Set: 1299 Way: 0 Address: 0x397bb44c0
  Set: 1300 Way: 0 Address: 0x397bb4500
  Set: 1301 Way: 0 Address: 0x397bb4540
  Set: 1302 Way: 0 Address: 0x3de4d4588
  Set: 1302 Way: 1 Address: 0x397bb4580
  Set: 1303 Way: 0 Address: 0x397bb45d4
  Set: 1304 Way: 0 Address: 0x397bb4600
  Set: 1305 Way: 0 Address: 0x397bb4640
  Set: 1306 Way: 0 Address: 0x397bb4680
  Set: 1307 Way: 0 Address: 0x397bb46c0
  Set: 1308 Way: 0 Address: 0x397bb4700
  Set: 1309 Way: 0 Address: 0x397bb4740
  Set: 1310 Way: 0 Address: 0x397bb4780
  Set: 1311 Way: 0 Address: 0x397bb47c0
  Set: 1312 Way: 0 Address: 0x397bb4800
  Set: 1313 Way: 0 Address: 0x397bb4840
  Set: 1314 Way: 0 Address: 0x397bb4880
  Set: 1315 Way: 0 Address: 0x397bb48c0
  Set: 1316 Way: 0 Address: 0x397bb4900
  Set: 1317 Way: 0 Address: 0x397bb4940
  Set: 1318 Way: 0 Address: 0x397bb4980
  Set: 1319 Way: 0 Address: 0x397bb49c0
  Set: 1320 Way: 0 Address: 0x397bb4a00
  Set: 1321 Way: 0 Address: 0x397bb4a40
  Set: 1322 Way: 0 Address: 0x397bb4a80
  Set: 1323 Way: 0 Address: 0x397bb4ac0
  Set: 1324 Way: 0 Address: 0x397bb4b00
  Set: 1325 Way: 0 Address: 0x397bb4b40
  Set: 1326 Way: 0 Address: 0x397bb4b80
  Set: 1327 Way: 0 Address: 0x397bb4bc0
  Set: 1328 Way: 0 Address: 0x397bb4c00
  Set: 1329 Way: 0 Address: 0x397bb4c40
  Set: 1330 Way: 0 Address: 0x397bb4c80
  Set: 1331 Way: 0 Address: 0x397bb4cc0
  Set: 1332 Way: 0 Address: 0x397bb4d00
  Set: 1333 Way: 0 Address: 0x397bb4d40
  Set: 1334 Way: 0 Address: 0x397bb4d80
  Set: 1335 Way: 0 Address: 0x397bb4dc0
  Set: 1336 Way: 0 Address: 0x397bb4e00
  Set: 1337 Way: 0 Address: 0x397bb4e40
  Set: 1338 Way: 0 Address: 0x397bb4e80
  Set: 1339 Way: 0 Address: 0x397bb4ec0
  Set: 1340 Way: 0 Address: 0x397bb4f00
  Set: 1341 Way: 0 Address: 0x397bb4f40
  Set: 1342 Way: 0 Address: 0x397bb4f80
  Set: 1343 Way: 0 Address: 0x397bb4fc0
  Set: 1344 Way: 0 Address: 0x195f15010
  Set: 1344 Way: 1 Address: 0x397bb5000
  Set: 1345 Way: 0 Address: 0x195f15050
  Set: 1345 Way: 1 Address: 0x397bb5040
  Set: 1346 Way: 0 Address: 0x397bb5080
  Set: 1347 Way: 0 Address: 0x397bb50c0
  Set: 1348 Way: 0 Address: 0x397bb5100
  Set: 1349 Way: 0 Address: 0x397bb5140
  Set: 1349 Way: 1 Address: 0x354d35140
  Set: 1350 Way: 0 Address: 0x397bb5180
  Set: 1350 Way: 1 Address: 0x354d35180
  Set: 1351 Way: 0 Address: 0x397bb51c0
  Set: 1351 Way: 1 Address: 0x354d351c0
  Set: 1352 Way: 0 Address: 0x397bb5200
  Set: 1352 Way: 1 Address: 0x354d35200
  Set: 1353 Way: 0 Address: 0x397bb5240
  Set: 1353 Way: 1 Address: 0x354d35240
  Set: 1354 Way: 0 Address: 0x397bb5280
  Set: 1354 Way: 1 Address: 0x354d35280
  Set: 1355 Way: 0 Address: 0x354d352c0
  Set: 1356 Way: 0 Address: 0x354d35300
  Set: 1357 Way: 0 Address: 0x354d35340
  Set: 1358 Way: 0 Address: 0x354d35380
  Set: 1359 Way: 0 Address: 0x354d353c0
  Set: 1360 Way: 0 Address: 0x354d35400
  Set: 1361 Way: 0 Address: 0x354d35440
  Set: 1362 Way: 0 Address: 0x354d35480
  Set: 1363 Way: 0 Address: 0x354d354c0
  Set: 1364 Way: 0 Address: 0x354d35500
  Set: 1365 Way: 0 Address: 0x354d35540
  Set: 1366 Way: 0 Address: 0x354d35580
  Set: 1367 Way: 0 Address: 0x354d355c0
  Set: 1368 Way: 0 Address: 0x354d35600
  Set: 1369 Way: 0 Address: 0x354d35640
  Set: 1370 Way: 0 Address: 0x354d35680
  Set: 1371 Way: 0 Address: 0x354d356c0
  Set: 1372 Way: 0 Address: 0x354d35700
  Set: 1373 Way: 0 Address: 0x354d35740
  Set: 1374 Way: 0 Address: 0x354d35780
  Set: 1375 Way: 0 Address: 0x354d357c0
  Set: 1376 Way: 0 Address: 0x354d35800
  Set: 1377 Way: 0 Address: 0x354d35840
  Set: 1378 Way: 0 Address: 0x354d35880
  Set: 1379 Way: 0 Address: 0x354d358c0
  Set: 1380 Way: 0 Address: 0x354d35900
  Set: 1381 Way: 0 Address: 0x354d35940
  Set: 1382 Way: 0 Address: 0x354d35980
  Set: 1383 Way: 0 Address: 0x354d359c0
  Set: 1384 Way: 0 Address: 0x354d35a00
  Set: 1385 Way: 0 Address: 0x354d35a40
  Set: 1386 Way: 0 Address: 0x354d35a80
  Set: 1387 Way: 0 Address: 0x354d35ac0
  Set: 1388 Way: 0 Address: 0x354d35b00
  Set: 1389 Way: 0 Address: 0x354d35b40
  Set: 1390 Way: 0 Address: 0x354d35b80
  Set: 1391 Way: 0 Address: 0x354d35bc0
  Set: 1392 Way: 0 Address: 0x354d35c00
  Set: 1393 Way: 0 Address: 0x354d35c40
  Set: 1394 Way: 0 Address: 0x354d35c80
  Set: 1395 Way: 0 Address: 0x354d35cc0
  Set: 1396 Way: 0 Address: 0x354d35d00
  Set: 1397 Way: 0 Address: 0x354d35d40
  Set: 1398 Way: 0 Address: 0x354d35d80
  Set: 1399 Way: 0 Address: 0x354d35dc0
  Set: 1400 Way: 0 Address: 0x354d35e00
  Set: 1401 Way: 0 Address: 0x354d35e40
  Set: 1402 Way: 0 Address: 0x354d35e80
  Set: 1403 Way: 0 Address: 0x354d35ec0
  Set: 1404 Way: 0 Address: 0x354d35f00
  Set: 1405 Way: 0 Address: 0x354d35f40
  Set: 1406 Way: 0 Address: 0x354d35f80
  Set: 1407 Way: 0 Address: 0x354d35fc0
  Set: 1408 Way: 0 Address: 0x354d36000
  Set: 1409 Way: 0 Address: 0x354d36040
  Set: 1410 Way: 0 Address: 0x354d36080
  Set: 1411 Way: 0 Address: 0x354d360c0
  Set: 1412 Way: 0 Address: 0x354d36100
  Set: 1413 Way: 0 Address: 0x354d36140
  Set: 1414 Way: 0 Address: 0x354d36180
  Set: 1415 Way: 0 Address: 0x354d361c0
  Set: 1416 Way: 0 Address: 0x354d36200
  Set: 1417 Way: 0 Address: 0x354d36240
  Set: 1418 Way: 0 Address: 0x354d36280
  Set: 1419 Way: 0 Address: 0x354d362c0
  Set: 1420 Way: 0 Address: 0x354d36300
  Set: 1421 Way: 0 Address: 0x354d36340
  Set: 1422 Way: 0 Address: 0x354d36380
  Set: 1423 Way: 0 Address: 0x354d363c0
  Set: 1424 Way: 0 Address: 0x354d36400
  Set: 1425 Way: 0 Address: 0x84896448
  Set: 1425 Way: 1 Address: 0x354d36440
  Set: 1426 Way: 0 Address: 0x354d36480
  Set: 1427 Way: 0 Address: 0x437364d8
  Set: 1427 Way: 1 Address: 0x354d364c0
  Set: 1428 Way: 0 Address: 0x354d36500
  Set: 1429 Way: 0 Address: 0x354d36540
  Set: 1430 Way: 0 Address: 0x354d36580
  Set: 1431 Way: 0 Address: 0x354d365c0
  Set: 1434 Way: 0 Address: 0x211d166b8
  Set: 1525 Way: 0 Address: 0x276ff7d60
  Set: 1527 Way: 0 Address: 0x276ff7de0
  Set: 1528 Way: 0 Address: 0x276ff7e20
  Set: 1529 Way: 0 Address: 0x276ff7e40
  Set: 1530 Way: 0 Address: 0x276ff7ea0
  Set: 1531 Way: 0 Address: 0x276ff7ec0
  Set: 1540 Way: 0 Address: 0x201598100
  Set: 1562 Way: 0 Address: 0x2015986a8
  Set: 1563 Way: 0 Address: 0x2015986df
  Set: 1565 Way: 0 Address: 0x201598740
  Set: 1573 Way: 0 Address: 0xc7078958
  Set: 1586 Way: 0 Address: 0x201598cb0
  Set: 1587 Way: 0 Address: 0x201598cc4
  Set: 1588 Way: 0 Address: 0x201598d02
  Set: 1589 Way: 0 Address: 0x201598d42
  Set: 1590 Way: 0 Address: 0x1aafb8d88
  Set: 1590 Way: 1 Address: 0x201598d81
  Set: 1591 Way: 0 Address: 0x201598de0
  Set: 1591 Way: 1 Address: 0x1aafb8dc0
  Set: 1593 Way: 0 Address: 0x1aafb8e40
  Set: 1594 Way: 0 Address: 0x1aafb8e80
  Set: 1595 Way: 0 Address: 0x1aafb8ec0
  Set: 1596 Way: 0 Address: 0x1aafb8f00
  Set: 1597 Way: 0 Address: 0x1aafb8f40
  Set: 1598 Way: 0 Address: 0x1aafb8f80
  Set: 1599 Way: 0 Address: 0x1aafb8fc0
  Set: 1600 Way: 0 Address: 0x1aafb9000
  Set: 1601 Way: 0 Address: 0x1aafb9040
  Set: 1602 Way: 0 Address: 0x1aafb9080
  Set: 1603 Way: 0 Address: 0x1aafb90c0
  Set: 1604 Way: 0 Address: 0x1aafb9100
  Set: 1605 Way: 0 Address: 0x1aafb9140
  Set: 1606 Way: 0 Address: 0x1aafb9180
  Set: 1607 Way: 0 Address: 0x1aafb91c0
  Set: 1608 Way: 0 Address: 0x1aafb9200
  Set: 1609 Way: 0 Address: 0x1aafb9240
  Set: 1610 Way: 0 Address: 0x1aafb9280
  Set: 1611 Way: 0 Address: 0x1aafb92c0
  Set: 1612 Way: 0 Address: 0x1aafb9300
  Set: 1613 Way: 0 Address: 0x1aafb9340
  Set: 1617 Way: 0 Address: 0x292959450
  Set: 1664 Way: 0 Address: 0x229b9a000
  Set: 1670 Way: 0 Address: 0x223eda180
  Set: 1695 Way: 0 Address: 0x1d89da7f8
  Set: 1754 Way: 0 Address: 0x394edb6b0
  Set: 1792 Way: 0 Address: 0xdf85c000
  Set: 1798 Way: 0 Address: 0x12c6fc188
  Set: 1829 Way: 0 Address: 0x38e35c960
  Set: 1856 Way: 0 Address: 0x23755d030
  Set: 1875 Way: 0 Address: 0x1add4e0
  Set: 1920 Way: 0 Address: 0x28b67e000
  Set: 1951 Way: 0 Address: 0x28b67e7f8
  Set: 1955 Way: 0 Address: 0x1f919e8d0
  Set: 1960 Way: 0 Address: 0x1f919ea06
  Set: 1963 Way: 0 Address: 0x1f919eaf0
  Set: 1964 Way: 0 Address: 0x1f919eb07
  Set: 1965 Way: 0 Address: 0x1f919eb40
  Set: 1966 Way: 0 Address: 0x1f919ebaa
  Set: 1967 Way: 0 Address: 0x1f919ebc4
  Set: 1968 Way: 0 Address: 0x1f919ec35
  Set: 1969 Way: 0 Address: 0x1f919ec40
  Set: 1971 Way: 0 Address: 0x1f919ecdb
  Set: 1974 Way: 0 Address: 0x1f919edb0
  Set: 1976 Way: 0 Address: 0x1f919ee24
EndCache
