Cache: cpu0_STLB
  Set: 0 Way: 0 Address: 0x400430
  Set: 3 Way: 0 Address: 0x403cb0
  Set: 5 Way: 0 Address: 0x405bc6
  Set: 6 Way: 0 Address: 0x406351
  Set: 10 Way: 0 Address: 0x7f4ad140a2fb
  Set: 27 Way: 0 Address: 0x69b420
  Set: 27 Way: 1 Address: 0x41bd60
  Set: 28 Way: 0 Address: 0x7f4b0129cb48
  Set: 28 Way: 1 Address: 0x69c448
  Set: 29 Way: 0 Address: 0x7f4b0129d000
  Set: 31 Way: 0 Address: 0x69f688
  Set: 49 Way: 0 Address: 0x14b18dc
  Set: 97 Way: 0 Address: 0x7ffec61e1d88
  Set: 98 Way: 0 Address: 0x7ffec61e2000
  Set: 99 Way: 0 Address: 0x7ffec61e306c
EndCache
Cache: cpu0_L2C
  Set: 64 Way: 0 Address: 0x113201028
  Set: 86 Way: 0 Address: 0x2a4841588
  Set: 118 Way: 0 Address: 0xf6e81d88
  Set: 119 Way: 0 Address: 0xf6e81dc0
  Set: 121 Way: 0 Address: 0xf6e81e40
  Set: 122 Way: 0 Address: 0xf6e81e80
  Set: 123 Way: 0 Address: 0xf6e81ec0
  Set: 124 Way: 0 Address: 0xf6e81f00
  Set: 125 Way: 0 Address: 0xf6e81f40
  Set: 126 Way: 0 Address: 0xf6e81f80
  Set: 127 Way: 0 Address: 0xf6e81fc0
  Set: 128 Way: 0 Address: 0x9cff2018
  Set: 134 Way: 0 Address: 0x1c84e2180
  Set: 138 Way: 0 Address: 0x6d0c22a0
  Set: 139 Way: 0 Address: 0x6d0c22c3
  Set: 140 Way: 0 Address: 0x6d0c2328
  Set: 141 Way: 0 Address: 0x6d0c2351
  Set: 142 Way: 0 Address: 0x6d0c23bc
  Set: 143 Way: 0 Address: 0x6d0c23c0
  Set: 144 Way: 0 Address: 0x6d0c2400
  Set: 144 Way: 1 Address: 0x1995f2430
  Set: 145 Way: 0 Address: 0x1995f2441
  Set: 146 Way: 0 Address: 0x1995f2488
  Set: 155 Way: 0 Address: 0x1995f26d0
  Set: 156 Way: 0 Address: 0x1995f2701
  Set: 157 Way: 0 Address: 0x1995f2740
  Set: 158 Way: 0 Address: 0x1995f278c
  Set: 159 Way: 0 Address: 0x1995f27c0
  Set: 174 Way: 0 Address: 0x1995f2ba0
  Set: 175 Way: 0 Address: 0x1995f2bc2
  Set: 176 Way: 0 Address: 0x1995f2c05
  Set: 193 Way: 0 Address: 0x263c13050
  Set: 211 Way: 0 Address: 0x3c56b34d8
  Set: 252 Way: 0 Address: 0x2b2e93f10
  Set: 256 Way: 0 Address: 0x3de4d4018
  Set: 260 Way: 0 Address: 0x397bb4100
  Set: 282 Way: 0 Address: 0x397bb46a8
  Set: 283 Way: 0 Address: 0x397bb46df
  Set: 287 Way: 0 Address: 0x1299347f0
  Set: 293 Way: 0 Address: 0xb8004958
  Set: 306 Way: 0 Address: 0x397bb4cb0
  Set: 307 Way: 0 Address: 0x397bb4cc4
  Set: 308 Way: 0 Address: 0x397bb4d02
  Set: 309 Way: 0 Address: 0x397bb4d42
  Set: 309 Way: 1 Address: 0x3c1074d60
  Set: 310 Way: 0 Address: 0x397bb4da8
  Set: 311 Way: 0 Address: 0x397bb4dc1
  Set: 311 Way: 1 Address: 0x3c1074de0
  Set: 312 Way: 0 Address: 0x3c1074e20
  Set: 314 Way: 0 Address: 0x3c1074ea0
  Set: 315 Way: 0 Address: 0x3c1074ec0
  Set: 320 Way: 0 Address: 0x195f15010
  Set: 321 Way: 0 Address: 0x195f15050
  Set: 337 Way: 0 Address: 0x354d35448
  Set: 384 Way: 0 Address: 0x84896000
  Set: 384 Way: 1 Address: 0x43736000
  Set: 385 Way: 0 Address: 0x4373606c
  Set: 385 Way: 1 Address: 0x84896040
  Set: 386 Way: 0 Address: 0x43736080
  Set: 386 Way: 1 Address: 0x84896080
  Set: 387 Way: 0 Address: 0x437360c0
  Set: 387 Way: 1 Address: 0x848960c0
  Set: 388 Way: 0 Address: 0x43736100
  Set: 388 Way: 1 Address: 0x84896100
  Set: 389 Way: 0 Address: 0x43736140
  Set: 389 Way: 1 Address: 0x84896140
  Set: 390 Way: 0 Address: 0x43736180
  Set: 390 Way: 1 Address: 0x84896180
  Set: 391 Way: 0 Address: 0x437361c0
  Set: 391 Way: 1 Address: 0x848961c0
  Set: 392 Way: 0 Address: 0x4373622c
  Set: 392 Way: 1 Address: 0x84896200
  Set: 393 Way: 0 Address: 0x84896240
  Set: 394 Way: 0 Address: 0x84896280
  Set: 395 Way: 0 Address: 0x848962c0
  Set: 396 Way: 0 Address: 0x84896300
  Set: 397 Way: 0 Address: 0x84896340
  Set: 398 Way: 0 Address: 0x84896380
  Set: 399 Way: 0 Address: 0x848963c0
  Set: 400 Way: 0 Address: 0x84896400
  Set: 401 Way: 0 Address: 0x84896440
  Set: 402 Way: 0 Address: 0x84896480
  Set: 403 Way: 0 Address: 0x848964c0
  Set: 404 Way: 0 Address: 0x84896500
  Set: 405 Way: 0 Address: 0x84896540
  Set: 406 Way: 0 Address: 0x84896580
  Set: 407 Way: 0 Address: 0x848965c0
  Set: 408 Way: 0 Address: 0x84896600
  Set: 409 Way: 0 Address: 0x84896640
  Set: 410 Way: 0 Address: 0x84896680
  Set: 411 Way: 0 Address: 0x848966c0
  Set: 412 Way: 0 Address: 0x84896700
  Set: 413 Way: 0 Address: 0x84896740
  Set: 414 Way: 0 Address: 0x84896780
  Set: 415 Way: 0 Address: 0x848967c0
  Set: 416 Way: 0 Address: 0x84896800
  Set: 417 Way: 0 Address: 0x84896840
  Set: 418 Way: 0 Address: 0x84896880
  Set: 419 Way: 0 Address: 0x848968c0
  Set: 420 Way: 0 Address: 0x84896900
  Set: 421 Way: 0 Address: 0x84896940
  Set: 422 Way: 0 Address: 0x84896980
  Set: 423 Way: 0 Address: 0x848969c0
  Set: 424 Way: 0 Address: 0x84896a00
  Set: 425 Way: 0 Address: 0x84896a40
  Set: 426 Way: 0 Address: 0x84896a80
  Set: 427 Way: 0 Address: 0x84896ac0
  Set: 428 Way: 0 Address: 0x84896b00
  Set: 429 Way: 0 Address: 0x3dae66b48
  Set: 429 Way: 1 Address: 0x84896b40
  Set: 430 Way: 0 Address: 0x3dae66b80
  Set: 430 Way: 1 Address: 0x84896b80
  Set: 431 Way: 0 Address: 0x3dae66bc0
  Set: 431 Way: 1 Address: 0x84896bc0
  Set: 432 Way: 0 Address: 0x3dae66c00
  Set: 432 Way: 1 Address: 0x84896c00
  Set: 433 Way: 0 Address: 0x3dae66c40
  Set: 433 Way: 1 Address: 0x84896c40
  Set: 434 Way: 0 Address: 0x3dae66c80
  Set: 434 Way: 1 Address: 0x84896c80
  Set: 435 Way: 0 Address: 0x3dae66cc0
  Set: 435 Way: 1 Address: 0x84896cc0
  Set: 436 Way: 0 Address: 0x3dae66d00
  Set: 436 Way: 1 Address: 0x84896d00
  Set: 437 Way: 0 Address: 0x3dae66d40
  Set: 437 Way: 1 Address: 0x84896d40
  Set: 438 Way: 0 Address: 0x3dae66d80
  Set: 438 Way: 1 Address: 0x84896d80
  Set: 439 Way: 0 Address: 0x3dae66dc0
  Set: 439 Way: 1 Address: 0x84896dc0
  Set: 440 Way: 0 Address: 0x3dae66e00
  Set: 440 Way: 1 Address: 0x84896e00
  Set: 441 Way: 0 Address: 0x3dae66e40
  Set: 441 Way: 1 Address: 0x84896e40
  Set: 442 Way: 0 Address: 0x3dae66e80
  Set: 442 Way: 1 Address: 0x84896e80
  Set: 443 Way: 0 Address: 0x3dae66ec0
  Set: 443 Way: 1 Address: 0x84896ec0
  Set: 444 Way: 0 Address: 0x3dae66f00
  Set: 444 Way: 1 Address: 0x84896f00
  Set: 445 Way: 0 Address: 0x3dae66f40
  Set: 445 Way: 1 Address: 0x84896f40
  Set: 446 Way: 0 Address: 0x3dae66f80
  Set: 446 Way: 1 Address: 0x84896f80
  Set: 447 Way: 0 Address: 0x3dae66fc0
  Set: 447 Way: 1 Address: 0x84896fc0
  Set: 448 Way: 0 Address: 0x276ff7000
  Set: 448 Way: 1 Address: 0x3dae67000
  Set: 448 Way: 2 Address: 0x84897000
  Set: 449 Way: 0 Address: 0x276ff7040
  Set: 449 Way: 1 Address: 0x3dae67040
  Set: 449 Way: 2 Address: 0x84897040
  Set: 450 Way: 0 Address: 0x276ff7080
  Set: 450 Way: 1 Address: 0x3dae67080
  Set: 450 Way: 2 Address: 0x84897080
  Set: 451 Way: 0 Address: 0x276ff70c0
  Set: 451 Way: 1 Address: 0x3dae670c0
  Set: 451 Way: 2 Address: 0x848970c0
  Set: 452 Way: 0 Address: 0x276ff7100
  Set: 452 Way: 1 Address: 0x3dae67100
  Set: 452 Way: 2 Address: 0x84897100
  Set: 453 Way: 0 Address: 0x276ff7140
  Set: 453 Way: 1 Address: 0x3dae67140
  Set: 453 Way: 2 Address: 0x84897140
  Set: 454 Way: 0 Address: 0x276ff7180
  Set: 454 Way: 1 Address: 0x3dae67180
  Set: 454 Way: 2 Address: 0x84897180
  Set: 455 Way: 0 Address: 0x276ff71c0
  Set: 455 Way: 1 Address: 0x3dae671c0
  Set: 455 Way: 2 Address: 0x848971c0
  Set: 456 Way: 0 Address: 0x276ff7200
  Set: 456 Way: 1 Address: 0x3dae67200
  Set: 457 Way: 0 Address: 0x276ff7240
  Set: 458 Way: 0 Address: 0x276ff7280
  Set: 459 Way: 0 Address: 0x3098872fb
  Set: 459 Way: 1 Address: 0x276ff72c0
  Set: 460 Way: 0 Address: 0x309887300
  Set: 460 Way: 1 Address: 0x276ff7300
  Set: 461 Way: 0 Address: 0x309887340
  Set: 461 Way: 1 Address: 0x276ff7340
  Set: 462 Way: 0 Address: 0x309887380
  Set: 462 Way: 1 Address: 0x276ff7380
  Set: 463 Way: 0 Address: 0x3098873c0
  Set: 463 Way: 1 Address: 0x276ff73c0
  Set: 464 Way: 0 Address: 0x276ff7400
  Set: 464 Way: 1 Address: 0x309887400
  Set: 465 Way: 0 Address: 0x276ff7440
  Set: 465 Way: 1 Address: 0x309887440
  Set: 466 Way: 0 Address: 0x276ff7480
  Set: 466 Way: 1 Address: 0x309887480
  Set: 467 Way: 0 Address: 0x276ff74c0
  Set: 467 Way: 1 Address: 0x3098874c0
  Set: 468 Way: 0 Address: 0x276ff7500
  Set: 468 Way: 1 Address: 0x309887500
  Set: 469 Way: 0 Address: 0x276ff7540
  Set: 469 Way: 1 Address: 0x309887540
  Set: 470 Way: 0 Address: 0x276ff7580
  Set: 470 Way: 1 Address: 0x309887580
  Set: 471 Way: 0 Address: 0x276ff75c0
  Set: 471 Way: 1 Address: 0x3098875c0
  Set: 472 Way: 0 Address: 0x276ff7600
  Set: 472 Way: 1 Address: 0x309887600
  Set: 473 Way: 0 Address: 0x276ff7640
  Set: 473 Way: 1 Address: 0x309887640
  Set: 474 Way: 0 Address: 0x276ff7680
  Set: 474 Way: 1 Address: 0x309887680
  Set: 475 Way: 0 Address: 0x276ff76c0
  Set: 475 Way: 1 Address: 0x3098876c0
  Set: 476 Way: 0 Address: 0x276ff7700
  Set: 476 Way: 1 Address: 0x309887700
  Set: 477 Way: 0 Address: 0x276ff7740
  Set: 477 Way: 1 Address: 0x309887740
  Set: 478 Way: 0 Address: 0x276ff7780
  Set: 478 Way: 1 Address: 0x309887780
  Set: 479 Way: 0 Address: 0x276ff77c0
  Set: 479 Way: 1 Address: 0x3098877c0
  Set: 480 Way: 0 Address: 0x276ff7800
  Set: 480 Way: 1 Address: 0x309887800
  Set: 481 Way: 0 Address: 0x276ff7840
  Set: 481 Way: 1 Address: 0x309887840
  Set: 482 Way: 0 Address: 0x276ff7880
  Set: 482 Way: 1 Address: 0x309887880
  Set: 483 Way: 0 Address: 0x276ff78c0
  Set: 483 Way: 1 Address: 0x3098878c0
  Set: 484 Way: 0 Address: 0x276ff7900
  Set: 484 Way: 1 Address: 0x309887900
  Set: 485 Way: 0 Address: 0x276ff7940
  Set: 485 Way: 1 Address: 0x309887940
  Set: 486 Way: 0 Address: 0x276ff7980
  Set: 486 Way: 1 Address: 0x309887980
  Set: 487 Way: 0 Address: 0x276ff79c0
  Set: 487 Way: 1 Address: 0x3098879c0
  Set: 488 Way: 0 Address: 0x276ff7a00
  Set: 488 Way: 1 Address: 0x309887a00
  Set: 489 Way: 0 Address: 0x276ff7a40
  Set: 489 Way: 1 Address: 0x309887a40
  Set: 490 Way: 0 Address: 0x276ff7a80
  Set: 490 Way: 1 Address: 0x309887a80
  Set: 491 Way: 0 Address: 0x276ff7ac0
  Set: 491 Way: 1 Address: 0x309887ac0
  Set: 492 Way: 0 Address: 0x276ff7b00
  Set: 492 Way: 1 Address: 0x309887b00
  Set: 493 Way: 0 Address: 0x276ff7b40
  Set: 493 Way: 1 Address: 0x309887b40
  Set: 494 Way: 0 Address: 0x276ff7b80
  Set: 494 Way: 1 Address: 0x309887b80
  Set: 495 Way: 0 Address: 0x276ff7bc0
  Set: 495 Way: 1 Address: 0x309887bc0
  Set: 496 Way: 0 Address: 0x276ff7c00
  Set: 496 Way: 1 Address: 0x309887c00
  Set: 497 Way: 0 Address: 0x276ff7c40
  Set: 497 Way: 1 Address: 0x309887c40
  Set: 498 Way: 0 Address: 0x276ff7c80
  Set: 498 Way: 1 Address: 0x309887c80
  Set: 499 Way: 0 Address: 0x276ff7cc0
  Set: 499 Way: 1 Address: 0x309887cc0
  Set: 500 Way: 0 Address: 0x276ff7d00
  Set: 500 Way: 1 Address: 0x309887d00
  Set: 501 Way: 0 Address: 0x276ff7d40
  Set: 501 Way: 1 Address: 0x309887d40
  Set: 502 Way: 0 Address: 0x276ff7d80
  Set: 502 Way: 1 Address: 0x309887d80
  Set: 503 Way: 0 Address: 0x276ff7dc0
  Set: 503 Way: 1 Address: 0x309887dc0
  Set: 504 Way: 0 Address: 0x276ff7e00
  Set: 504 Way: 1 Address: 0x309887e00
  Set: 505 Way: 0 Address: 0x276ff7e40
  Set: 505 Way: 1 Address: 0x309887e40
  Set: 506 Way: 0 Address: 0x276ff7e80
  Set: 506 Way: 1 Address: 0x309887e80
  Set: 507 Way: 0 Address: 0x276ff7ec0
  Set: 507 Way: 1 Address: 0x309887ec0
  Set: 508 Way: 0 Address: 0x276ff7f00
  Set: 508 Way: 1 Address: 0x309887f00
  Set: 509 Way: 0 Address: 0x276ff7f40
  Set: 509 Way: 1 Address: 0x309887f40
  Set: 510 Way: 0 Address: 0x276ff7f80
  Set: 511 Way: 0 Address: 0x276ff7fc0
  Set: 516 Way: 0 Address: 0x201598128
  Set: 517 Way: 0 Address: 0x201598150
  Set: 518 Way: 0 Address: 0x2015981a4
  Set: 519 Way: 0 Address: 0x2015981e0
  Set: 520 Way: 0 Address: 0x201598204
  Set: 521 Way: 0 Address: 0x20159827c
  Set: 522 Way: 0 Address: 0x2015982a4
  Set: 523 Way: 0 Address: 0x2015982cc
  Set: 524 Way: 0 Address: 0x201598318
  Set: 525 Way: 0 Address: 0x201598378
  Set: 526 Way: 0 Address: 0x2015983bc
  Set: 527 Way: 0 Address: 0x2015983e0
  Set: 528 Way: 0 Address: 0x201598420
  Set: 529 Way: 0 Address: 0x201598464
  Set: 530 Way: 0 Address: 0x2015984bc
  Set: 531 Way: 0 Address: 0x2015984f0
  Set: 532 Way: 0 Address: 0x201598514
  Set: 572 Way: 0 Address: 0x1aafb8f18
  Set: 572 Way: 1 Address: 0xc7078f08
  Set: 577 Way: 0 Address: 0x292959050
  Set: 602 Way: 0 Address: 0x2ee369688
  Set: 640 Way: 0 Address: 0x229b9a000
  Set: 671 Way: 0 Address: 0x1d89da7f8
  Set: 703 Way: 0 Address: 0x223edafd8
  Set: 723 Way: 0 Address: 0x394edb4e0
  Set: 768 Way: 0 Address: 0xdf85c000
  Set: 768 Way: 1 Address: 0x12c6fc000
  Set: 771 Way: 0 Address: 0x12c6fc0d8
  Set: 771 Way: 1 Address: 0x38e35c0d8
  Set: 800 Way: 0 Address: 0x29484c808
  Set: 801 Way: 0 Address: 0x29484c870
  Set: 802 Way: 0 Address: 0x29484c8b0
  Set: 803 Way: 0 Address: 0x29484c8dc
  Set: 804 Way: 0 Address: 0x29484c920
  Set: 805 Way: 0 Address: 0x29484c951
  Set: 811 Way: 0 Address: 0x29484caf8
  Set: 851 Way: 0 Address: 0x23755d4f8
  Set: 851 Way: 1 Address: 0x1add4e8
  Set: 896 Way: 0 Address: 0x28b67e000
  Set: 913 Way: 0 Address: 0x3734ee450
  Set: 927 Way: 0 Address: 0x28b67e7f8
  Set: 931 Way: 0 Address: 0x1f919e8d0
  Set: 933 Way: 0 Address: 0x2f5d8e960
  Set: 936 Way: 0 Address: 0x1f919ea06
  Set: 939 Way: 0 Address: 0x1f919eaf0
  Set: 940 Way: 0 Address: 0x1f919eb00
  Set: 941 Way: 0 Address: 0x1f919eb40
  Set: 942 Way: 0 Address: 0x1f919ebaa
  Set: 943 Way: 0 Address: 0x1f919ebc6
  Set: 944 Way: 0 Address: 0x1f919ec35
  Set: 945 Way: 0 Address: 0x1f919ec40
  Set: 947 Way: 0 Address: 0x1f919ecdb
  Set: 950 Way: 0 Address: 0x1f919edb0
  Set: 952 Way: 0 Address: 0x1f919ee24
  Set: 960 Way: 0 Address: 0x16390f030
  Set: 961 Way: 0 Address: 0xee86f048
  Set: 979 Way: 0 Address: 0x143ef4e0
EndCache
Cache: cpu0_L1I
  Set: 4 Way: 0 Address: 0x397bb4100
  Set: 10 Way: 0 Address: 0x6d0c22a0
  Set: 11 Way: 0 Address: 0x6d0c22f2
  Set: 12 Way: 0 Address: 0x6d0c2328
  Set: 13 Way: 0 Address: 0x6d0c2351
  Set: 14 Way: 0 Address: 0x6d0c23bc
  Set: 15 Way: 0 Address: 0x6d0c23c0
  Set: 16 Way: 0 Address: 0x6d0c2400
  Set: 16 Way: 1 Address: 0x1995f2430
  Set: 17 Way: 0 Address: 0x1995f2441
  Set: 18 Way: 0 Address: 0x1995f2488
  Set: 26 Way: 0 Address: 0x397bb46a8
  Set: 27 Way: 0 Address: 0x397bb46df
  Set: 27 Way: 1 Address: 0x1995f26d0
  Set: 28 Way: 0 Address: 0x1995f2721
  Set: 29 Way: 0 Address: 0x1995f2740
  Set: 30 Way: 0 Address: 0x1995f278c
  Set: 35 Way: 0 Address: 0x1f919e8f5
  Set: 40 Way: 0 Address: 0x1f919ea06
  Set: 43 Way: 0 Address: 0x1f919eaf0
  Set: 44 Way: 0 Address: 0x1f919eb00
  Set: 45 Way: 0 Address: 0x1f919eb40
  Set: 46 Way: 0 Address: 0x1f919ebaa
  Set: 46 Way: 1 Address: 0x1995f2ba0
  Set: 47 Way: 0 Address: 0x1f919ebc6
  Set: 47 Way: 1 Address: 0x1995f2bf5
  Set: 48 Way: 0 Address: 0x1f919ec35
  Set: 48 Way: 1 Address: 0x1995f2c05
  Set: 49 Way: 0 Address: 0x1f919ec40
  Set: 50 Way: 0 Address: 0x397bb4cb0
  Set: 51 Way: 0 Address: 0x397bb4cdf
  Set: 51 Way: 1 Address: 0x1f919ecdb
  Set: 52 Way: 0 Address: 0x397bb4d02
  Set: 53 Way: 0 Address: 0x397bb4d62
  Set: 53 Way: 1 Address: 0x3c1074d60
  Set: 54 Way: 0 Address: 0x397bb4da8
  Set: 54 Way: 1 Address: 0x1f919edb0
  Set: 55 Way: 0 Address: 0x397bb4dc1
  Set: 55 Way: 1 Address: 0x3c1074de0
  Set: 56 Way: 0 Address: 0x1f919ee24
  Set: 56 Way: 1 Address: 0x3c1074e20
  Set: 58 Way: 0 Address: 0x3c1074ebb
  Set: 59 Way: 0 Address: 0x3c1074eda
EndCache
Cache: cpu0_L1D
  Set: 0 Way: 0 Address: 0x84897000
  Set: 0 Way: 1 Address: 0x43736038
  Set: 0 Way: 2 Address: 0x229b9a000
  Set: 0 Way: 3 Address: 0x195f15010
  Set: 0 Way: 4 Address: 0x113201028
  Set: 0 Way: 5 Address: 0x3de4d4018
  Set: 0 Way: 6 Address: 0x9cff2018
  Set: 0 Way: 7 Address: 0x16390f030
  Set: 0 Way: 8 Address: 0x12c6fc000
  Set: 0 Way: 9 Address: 0x276ff7038
  Set: 0 Way: 10 Address: 0x3dae67000
  Set: 0 Way: 11 Address: 0x84896000
  Set: 1 Way: 0 Address: 0x195f15050
  Set: 1 Way: 1 Address: 0x263c13050
  Set: 1 Way: 2 Address: 0x43736075
  Set: 1 Way: 3 Address: 0x292959050
  Set: 1 Way: 4 Address: 0xee86f048
  Set: 1 Way: 5 Address: 0x276ff7078
  Set: 1 Way: 6 Address: 0x3dae67040
  Set: 1 Way: 7 Address: 0x84896040
  Set: 1 Way: 8 Address: 0x84897040
  Set: 2 Way: 0 Address: 0x43736080
  Set: 2 Way: 1 Address: 0x276ff70b8
  Set: 2 Way: 2 Address: 0x3dae67080
  Set: 2 Way: 3 Address: 0x84896080
  Set: 2 Way: 4 Address: 0x84897080
  Set: 3 Way: 0 Address: 0x437360c0
  Set: 3 Way: 1 Address: 0x12c6fc0d8
  Set: 3 Way: 2 Address: 0x38e35c0d8
  Set: 3 Way: 3 Address: 0x276ff70f8
  Set: 3 Way: 4 Address: 0x3dae670c0
  Set: 3 Way: 5 Address: 0x848960c0
  Set: 3 Way: 6 Address: 0x848970c0
  Set: 4 Way: 0 Address: 0x201598128
  Set: 4 Way: 1 Address: 0x43736100
  Set: 4 Way: 2 Address: 0x276ff7138
  Set: 4 Way: 3 Address: 0x3dae67100
  Set: 4 Way: 4 Address: 0x84896100
  Set: 4 Way: 5 Address: 0x84897100
  Set: 5 Way: 0 Address: 0x201598150
  Set: 5 Way: 1 Address: 0x43736143
  Set: 5 Way: 2 Address: 0x276ff7178
  Set: 5 Way: 3 Address: 0x84896140
  Set: 5 Way: 4 Address: 0x84897140
  Set: 6 Way: 0 Address: 0x1c84e2180
  Set: 6 Way: 1 Address: 0x2015981a4
  Set: 6 Way: 2 Address: 0x43736183
  Set: 6 Way: 3 Address: 0x276ff71b8
  Set: 6 Way: 4 Address: 0x84896180
  Set: 6 Way: 5 Address: 0x84897180
  Set: 7 Way: 0 Address: 0x2015981e0
  Set: 7 Way: 1 Address: 0x437361c0
  Set: 7 Way: 2 Address: 0x276ff71f8
  Set: 7 Way: 3 Address: 0x848961c0
  Set: 7 Way: 4 Address: 0x848971c0
  Set: 8 Way: 0 Address: 0x201598204
  Set: 8 Way: 1 Address: 0x4373622c
  Set: 8 Way: 2 Address: 0x276ff7238
  Set: 8 Way: 3 Address: 0x84896200
  Set: 9 Way: 0 Address: 0x20159827c
  Set: 9 Way: 1 Address: 0x276ff7278
  Set: 9 Way: 2 Address: 0x84896240
  Set: 10 Way: 0 Address: 0x2015982a4
  Set: 10 Way: 1 Address: 0x276ff72b8
  Set: 10 Way: 2 Address: 0x84896280
  Set: 11 Way: 0 Address: 0x3098872ff
  Set: 11 Way: 1 Address: 0x2015982cc
  Set: 11 Way: 2 Address: 0x276ff72f0
  Set: 11 Way: 3 Address: 0x848962c0
  Set: 12 Way: 0 Address: 0x201598318
  Set: 12 Way: 1 Address: 0x30988730c
  Set: 12 Way: 2 Address: 0x276ff7338
  Set: 12 Way: 3 Address: 0x84896300
  Set: 13 Way: 0 Address: 0x201598378
  Set: 13 Way: 1 Address: 0x309887348
  Set: 13 Way: 2 Address: 0x276ff7378
  Set: 13 Way: 3 Address: 0x84896340
  Set: 14 Way: 0 Address: 0x2015983bc
  Set: 14 Way: 1 Address: 0x309887388
  Set: 14 Way: 2 Address: 0x276ff73b8
  Set: 14 Way: 3 Address: 0x84896380
  Set: 15 Way: 0 Address: 0x2015983e0
  Set: 15 Way: 1 Address: 0x3098873c0
  Set: 15 Way: 2 Address: 0x276ff73f8
  Set: 15 Way: 3 Address: 0x848963c0
  Set: 16 Way: 0 Address: 0x201598420
  Set: 16 Way: 1 Address: 0x276ff7438
  Set: 16 Way: 2 Address: 0x84896400
  Set: 16 Way: 3 Address: 0x30988740b
  Set: 17 Way: 0 Address: 0x201598450
  Set: 17 Way: 1 Address: 0x3734ee450
  Set: 17 Way: 2 Address: 0x354d35448
  Set: 17 Way: 3 Address: 0x276ff7478
  Set: 17 Way: 4 Address: 0x84896440
  Set: 17 Way: 5 Address: 0x30988744c
  Set: 18 Way: 0 Address: 0x2015984bc
  Set: 18 Way: 1 Address: 0x276ff74b8
  Set: 18 Way: 2 Address: 0x84896480
  Set: 18 Way: 3 Address: 0x309887487
  Set: 19 Way: 0 Address: 0x3c56b34d8
  Set: 19 Way: 1 Address: 0x2015984f0
  Set: 19 Way: 2 Address: 0x23755d4f8
  Set: 19 Way: 3 Address: 0x143ef4e0
  Set: 19 Way: 4 Address: 0x394edb4e0
  Set: 19 Way: 5 Address: 0x1add4e8
  Set: 19 Way: 6 Address: 0x276ff74f8
  Set: 19 Way: 7 Address: 0x848964c0
  Set: 19 Way: 8 Address: 0x3098874cc
  Set: 20 Way: 0 Address: 0x201598514
  Set: 20 Way: 1 Address: 0x276ff7538
  Set: 20 Way: 2 Address: 0x84896500
  Set: 20 Way: 3 Address: 0x309887510
  Set: 21 Way: 0 Address: 0x276ff7578
  Set: 21 Way: 1 Address: 0x84896540
  Set: 21 Way: 2 Address: 0x30988754a
  Set: 22 Way: 0 Address: 0x2a4841588
  Set: 22 Way: 1 Address: 0x276ff75b8
  Set: 22 Way: 2 Address: 0x84896580
  Set: 22 Way: 3 Address: 0x30988758b
  Set: 23 Way: 0 Address: 0x276ff75f8
  Set: 23 Way: 1 Address: 0x848965c0
  Set: 23 Way: 2 Address: 0x3098875c9
  Set: 24 Way: 0 Address: 0x276ff7638
  Set: 24 Way: 1 Address: 0x84896600
  Set: 24 Way: 2 Address: 0x309887606
  Set: 25 Way: 0 Address: 0x276ff7678
  Set: 25 Way: 1 Address: 0x84896640
  Set: 25 Way: 2 Address: 0x309887649
  Set: 26 Way: 0 Address: 0x2ee369688
  Set: 26 Way: 1 Address: 0x276ff76b8
  Set: 26 Way: 2 Address: 0x84896680
  Set: 26 Way: 3 Address: 0x30988768a
  Set: 27 Way: 0 Address: 0x276ff76f8
  Set: 27 Way: 1 Address: 0x848966c0
  Set: 27 Way: 2 Address: 0x3098876c9
  Set: 28 Way: 0 Address: 0x276ff7738
  Set: 28 Way: 1 Address: 0x84896700
  Set: 28 Way: 2 Address: 0x309887703
  Set: 29 Way: 0 Address: 0x276ff7778
  Set: 29 Way: 1 Address: 0x84896740
  Set: 29 Way: 2 Address: 0x309887746
  Set: 30 Way: 0 Address: 0x276ff77b8
  Set: 30 Way: 1 Address: 0x84896780
  Set: 30 Way: 2 Address: 0x30988778d
  Set: 31 Way: 0 Address: 0x28b67e7f8
  Set: 31 Way: 1 Address: 0x1d89da7f8
  Set: 31 Way: 2 Address: 0x1299347f0
  Set: 31 Way: 3 Address: 0x276ff77f8
  Set: 31 Way: 4 Address: 0x848967c0
  Set: 31 Way: 5 Address: 0x3098877cd
  Set: 32 Way: 0 Address: 0x29484c814
  Set: 32 Way: 1 Address: 0x276ff7838
  Set: 32 Way: 2 Address: 0x84896800
  Set: 32 Way: 3 Address: 0x30988780a
  Set: 33 Way: 0 Address: 0x29484c870
  Set: 33 Way: 1 Address: 0x276ff7878
  Set: 33 Way: 2 Address: 0x84896840
  Set: 33 Way: 3 Address: 0x309887841
  Set: 34 Way: 0 Address: 0x29484c8b0
  Set: 34 Way: 1 Address: 0x276ff78b8
  Set: 34 Way: 2 Address: 0x84896880
  Set: 34 Way: 3 Address: 0x309887889
  Set: 35 Way: 0 Address: 0x29484c8dc
  Set: 35 Way: 1 Address: 0x276ff78f8
  Set: 35 Way: 2 Address: 0x848968c0
  Set: 35 Way: 3 Address: 0x3098878c8
  Set: 36 Way: 0 Address: 0x29484c920
  Set: 36 Way: 1 Address: 0x276ff7938
  Set: 36 Way: 2 Address: 0x84896900
  Set: 36 Way: 3 Address: 0x30988790a
  Set: 37 Way: 0 Address: 0xb8004958
  Set: 37 Way: 1 Address: 0x29484c962
  Set: 37 Way: 2 Address: 0x2f5d8e960
  Set: 37 Way: 3 Address: 0x276ff7978
  Set: 37 Way: 4 Address: 0x84896940
  Set: 37 Way: 5 Address: 0x309887949
  Set: 38 Way: 0 Address: 0x276ff79b8
  Set: 38 Way: 1 Address: 0x84896980
  Set: 38 Way: 2 Address: 0x309887989
  Set: 39 Way: 0 Address: 0x276ff79f8
  Set: 39 Way: 1 Address: 0x848969c0
  Set: 39 Way: 2 Address: 0x3098879c9
  Set: 40 Way: 0 Address: 0x276ff7a38
  Set: 40 Way: 1 Address: 0x84896a00
  Set: 40 Way: 2 Address: 0x309887a09
  Set: 41 Way: 0 Address: 0x276ff7a78
  Set: 41 Way: 1 Address: 0x84896a40
  Set: 41 Way: 2 Address: 0x309887a49
  Set: 42 Way: 0 Address: 0x276ff7ab8
  Set: 42 Way: 1 Address: 0x84896a80
  Set: 42 Way: 2 Address: 0x309887a89
  Set: 43 Way: 0 Address: 0x29484caf8
  Set: 43 Way: 1 Address: 0x84896ac0
  Set: 43 Way: 2 Address: 0x276ff7af8
  Set: 43 Way: 3 Address: 0x309887ac6
  Set: 44 Way: 0 Address: 0x84896b00
  Set: 44 Way: 1 Address: 0x276ff7b38
  Set: 44 Way: 2 Address: 0x309887b09
  Set: 45 Way: 0 Address: 0x3dae66b48
  Set: 45 Way: 1 Address: 0x84896b40
  Set: 45 Way: 2 Address: 0x276ff7b78
  Set: 45 Way: 3 Address: 0x309887b4b
  Set: 46 Way: 0 Address: 0x3dae66b80
  Set: 46 Way: 1 Address: 0x84896b80
  Set: 46 Way: 2 Address: 0x276ff7bb8
  Set: 46 Way: 3 Address: 0x309887b8b
  Set: 47 Way: 0 Address: 0x3dae66bc0
  Set: 47 Way: 1 Address: 0x84896bc0
  Set: 47 Way: 2 Address: 0x276ff7bf8
  Set: 47 Way: 3 Address: 0x309887bc9
  Set: 48 Way: 0 Address: 0x3dae66c00
  Set: 48 Way: 1 Address: 0x84896c00
  Set: 48 Way: 2 Address: 0x276ff7c38
  Set: 48 Way: 3 Address: 0x309887c09
  Set: 49 Way: 0 Address: 0x3dae66c40
  Set: 49 Way: 1 Address: 0x84896c40
  Set: 49 Way: 2 Address: 0x276ff7c78
  Set: 49 Way: 3 Address: 0x309887c49
  Set: 50 Way: 0 Address: 0x3dae66c80
  Set: 50 Way: 1 Address: 0x276ff7cb8
  Set: 50 Way: 2 Address: 0x84896c80
  Set: 50 Way: 3 Address: 0x309887c89
  Set: 51 Way: 0 Address: 0x3dae66cc0
  Set: 51 Way: 1 Address: 0x276ff7cf8
  Set: 51 Way: 2 Address: 0x84896cc0
  Set: 51 Way: 3 Address: 0x309887cc9
  Set: 52 Way: 0 Address: 0x3dae66d00
  Set: 52 Way: 1 Address: 0x84896d00
  Set: 52 Way: 2 Address: 0x276ff7d38
  Set: 52 Way: 3 Address: 0x309887d0a
  Set: 53 Way: 0 Address: 0x3dae66d40
  Set: 53 Way: 1 Address: 0x276ff7d78
  Set: 53 Way: 2 Address: 0x84896d40
  Set: 53 Way: 3 Address: 0x309887d4b
  Set: 54 Way: 0 Address: 0xf6e81d88
  Set: 54 Way: 1 Address: 0x3dae66d80
  Set: 54 Way: 2 Address: 0x276ff7db8
  Set: 54 Way: 3 Address: 0x84896d80
  Set: 54 Way: 4 Address: 0x309887d89
  Set: 55 Way: 0 Address: 0xf6e81dc0
  Set: 55 Way: 1 Address: 0x3dae66dc0
  Set: 55 Way: 2 Address: 0x276ff7df8
  Set: 55 Way: 3 Address: 0x84896dc0
  Set: 55 Way: 4 Address: 0x309887dc9
  Set: 56 Way: 0 Address: 0x3dae66e00
  Set: 56 Way: 1 Address: 0x276ff7e38
  Set: 56 Way: 2 Address: 0x84896e00
  Set: 56 Way: 3 Address: 0x309887e0a
  Set: 57 Way: 0 Address: 0xf6e81e78
  Set: 57 Way: 1 Address: 0x3dae66e40
  Set: 57 Way: 2 Address: 0x276ff7e78
  Set: 57 Way: 3 Address: 0x84896e40
  Set: 57 Way: 4 Address: 0x309887e49
  Set: 58 Way: 0 Address: 0xf6e81eb8
  Set: 58 Way: 1 Address: 0x3dae66e80
  Set: 58 Way: 2 Address: 0x84896e80
  Set: 58 Way: 3 Address: 0x276ff7eb8
  Set: 58 Way: 4 Address: 0x309887e82
  Set: 59 Way: 0 Address: 0xf6e81ef0
  Set: 59 Way: 1 Address: 0x3dae66ec0
  Set: 59 Way: 2 Address: 0x84896ec0
  Set: 59 Way: 3 Address: 0x276ff7ef8
  Set: 59 Way: 4 Address: 0x309887ec8
  Set: 60 Way: 0 Address: 0x1aafb8f18
  Set: 60 Way: 1 Address: 0xc7078f08
  Set: 60 Way: 2 Address: 0xf6e81f30
  Set: 60 Way: 3 Address: 0x2b2e93f10
  Set: 60 Way: 4 Address: 0x3dae66f00
  Set: 60 Way: 5 Address: 0x84896f00
  Set: 60 Way: 6 Address: 0x276ff7f38
  Set: 60 Way: 7 Address: 0x309887f0a
  Set: 61 Way: 0 Address: 0xf6e81f78
  Set: 61 Way: 1 Address: 0x3dae66f40
  Set: 61 Way: 2 Address: 0x84896f40
  Set: 61 Way: 3 Address: 0x276ff7f78
  Set: 61 Way: 4 Address: 0x309887f4c
  Set: 62 Way: 0 Address: 0xf6e81fb8
  Set: 62 Way: 1 Address: 0x3dae66f80
  Set: 62 Way: 2 Address: 0x84896f80
  Set: 62 Way: 3 Address: 0x276ff7fb8
  Set: 63 Way: 0 Address: 0x223edafd8
  Set: 63 Way: 1 Address: 0xf6e81ff8
  Set: 63 Way: 2 Address: 0x3dae66fc0
  Set: 63 Way: 3 Address: 0x84896fc0
  Set: 63 Way: 4 Address: 0x276ff7ff8
EndCache
Cache: cpu0_ITLB
  Set: 0 Way: 0 Address: 0x400441
  Set: 3 Way: 0 Address: 0x403dc1
  Set: 5 Way: 0 Address: 0x405be6
  Set: 6 Way: 0 Address: 0x406351
  Set: 11 Way: 0 Address: 0x41bd60
EndCache
Cache: cpu0_DTLB
  Set: 1 Way: 0 Address: 0x14b18b0
  Set: 1 Way: 1 Address: 0x7ffec61e1d88
  Set: 2 Way: 0 Address: 0x7ffec61e2078
  Set: 3 Way: 0 Address: 0x7ffec61e3075
  Set: 10 Way: 0 Address: 0x7f4ad140a30a
  Set: 11 Way: 0 Address: 0x69b420
  Set: 12 Way: 0 Address: 0x7f4b0129cb48
  Set: 12 Way: 1 Address: 0x69c448
  Set: 13 Way: 0 Address: 0x7f4b0129d000
  Set: 15 Way: 0 Address: 0x69f688
EndCache
Cache: LLC
  Set: 64 Way: 0 Address: 0x113201028
  Set: 86 Way: 0 Address: 0x2a4841588
  Set: 118 Way: 0 Address: 0xf6e81d88
  Set: 119 Way: 0 Address: 0xf6e81dc0
  Set: 121 Way: 0 Address: 0xf6e81e40
  Set: 122 Way: 0 Address: 0xf6e81e80
  Set: 123 Way: 0 Address: 0xf6e81ec0
  Set: 124 Way: 0 Address: 0xf6e81f00
  Set: 125 Way: 0 Address: 0xf6e81f40
  Set: 126 Way: 0 Address: 0xf6e81f80
  Set: 127 Way: 0 Address: 0xf6e81fc0
  Set: 134 Way: 0 Address: 0x1c84e2180
  Set: 138 Way: 0 Address: 0x6d0c22a0
  Set: 139 Way: 0 Address: 0x6d0c22c3
  Set: 140 Way: 0 Address: 0x6d0c2328
  Set: 141 Way: 0 Address: 0x6d0c2351
  Set: 142 Way: 0 Address: 0x6d0c23bc
  Set: 143 Way: 0 Address: 0x6d0c23c0
  Set: 144 Way: 0 Address: 0x6d0c2400
  Set: 293 Way: 0 Address: 0xb8004958
  Set: 429 Way: 0 Address: 0x3dae66b48
  Set: 430 Way: 0 Address: 0x3dae66b80
  Set: 431 Way: 0 Address: 0x3dae66bc0
  Set: 432 Way: 0 Address: 0x3dae66c00
  Set: 433 Way: 0 Address: 0x3dae66c40
  Set: 434 Way: 0 Address: 0x3dae66c80
  Set: 435 Way: 0 Address: 0x3dae66cc0
  Set: 436 Way: 0 Address: 0x3dae66d00
  Set: 437 Way: 0 Address: 0x3dae66d40
  Set: 438 Way: 0 Address: 0x3dae66d80
  Set: 439 Way: 0 Address: 0x3dae66dc0
  Set: 440 Way: 0 Address: 0x3dae66e00
  Set: 441 Way: 0 Address: 0x3dae66e40
  Set: 442 Way: 0 Address: 0x3dae66e80
  Set: 443 Way: 0 Address: 0x3dae66ec0
  Set: 444 Way: 0 Address: 0x3dae66f00
  Set: 445 Way: 0 Address: 0x3dae66f40
  Set: 446 Way: 0 Address: 0x3dae66f80
  Set: 447 Way: 0 Address: 0x3dae66fc0
  Set: 448 Way: 0 Address: 0x3dae67000
  Set: 449 Way: 0 Address: 0x3dae67040
  Set: 450 Way: 0 Address: 0x3dae67080
  Set: 451 Way: 0 Address: 0x3dae670c0
  Set: 452 Way: 0 Address: 0x3dae67100
  Set: 453 Way: 0 Address: 0x3dae67140
  Set: 454 Way: 0 Address: 0x3dae67180
  Set: 455 Way: 0 Address: 0x3dae671c0
  Set: 456 Way: 0 Address: 0x3dae67200
  Set: 459 Way: 0 Address: 0x3098872fb
  Set: 460 Way: 0 Address: 0x309887300
  Set: 461 Way: 0 Address: 0x309887340
  Set: 462 Way: 0 Address: 0x309887380
  Set: 463 Way: 0 Address: 0x3098873c0
  Set: 464 Way: 0 Address: 0x309887400
  Set: 465 Way: 0 Address: 0x309887440
  Set: 466 Way: 0 Address: 0x309887480
  Set: 467 Way: 0 Address: 0x3098874c0
  Set: 468 Way: 0 Address: 0x309887500
  Set: 469 Way: 0 Address: 0x309887540
  Set: 470 Way: 0 Address: 0x309887580
  Set: 471 Way: 0 Address: 0x3098875c0
  Set: 472 Way: 0 Address: 0x309887600
  Set: 473 Way: 0 Address: 0x309887640
  Set: 474 Way: 0 Address: 0x309887680
  Set: 475 Way: 0 Address: 0x3098876c0
  Set: 476 Way: 0 Address: 0x309887700
  Set: 477 Way: 0 Address: 0x309887740
  Set: 478 Way: 0 Address: 0x309887780
  Set: 479 Way: 0 Address: 0x3098877c0
  Set: 480 Way: 0 Address: 0x309887800
  Set: 481 Way: 0 Address: 0x309887840
  Set: 482 Way: 0 Address: 0x309887880
  Set: 483 Way: 0 Address: 0x3098878c0
  Set: 484 Way: 0 Address: 0x309887900
  Set: 485 Way: 0 Address: 0x309887940
  Set: 486 Way: 0 Address: 0x309887980
  Set: 487 Way: 0 Address: 0x3098879c0
  Set: 488 Way: 0 Address: 0x309887a00
  Set: 489 Way: 0 Address: 0x309887a40
  Set: 490 Way: 0 Address: 0x309887a80
  Set: 491 Way: 0 Address: 0x309887ac0
  Set: 492 Way: 0 Address: 0x309887b00
  Set: 493 Way: 0 Address: 0x309887b40
  Set: 494 Way: 0 Address: 0x309887b80
  Set: 495 Way: 0 Address: 0x309887bc0
  Set: 496 Way: 0 Address: 0x309887c00
  Set: 497 Way: 0 Address: 0x309887c40
  Set: 498 Way: 0 Address: 0x309887c80
  Set: 499 Way: 0 Address: 0x309887cc0
  Set: 500 Way: 0 Address: 0x309887d00
  Set: 501 Way: 0 Address: 0x309887d40
  Set: 502 Way: 0 Address: 0x309887d80
  Set: 503 Way: 0 Address: 0x309887dc0
  Set: 504 Way: 0 Address: 0x309887e00
  Set: 505 Way: 0 Address: 0x309887e40
  Set: 506 Way: 0 Address: 0x309887e80
  Set: 507 Way: 0 Address: 0x309887ec0
  Set: 508 Way: 0 Address: 0x309887f00
  Set: 509 Way: 0 Address: 0x309887f40
  Set: 602 Way: 0 Address: 0x2ee369688
  Set: 800 Way: 0 Address: 0x29484c808
  Set: 801 Way: 0 Address: 0x29484c870
  Set: 802 Way: 0 Address: 0x29484c8b0
  Set: 803 Way: 0 Address: 0x29484c8dc
  Set: 804 Way: 0 Address: 0x29484c920
  Set: 805 Way: 0 Address: 0x29484c951
  Set: 811 Way: 0 Address: 0x29484caf8
  Set: 913 Way: 0 Address: 0x3734ee450
  Set: 933 Way: 0 Address: 0x2f5d8e960
  Set: 960 Way: 0 Address: 0x16390f030
  Set: 961 Way: 0 Address: 0xee86f048
  Set: 979 Way: 0 Address: 0x143ef4e0
  Set: 1152 Way: 0 Address: 0x9cff2018
  Set: 1168 Way: 0 Address: 0x1995f2430
  Set: 1169 Way: 0 Address: 0x1995f2441
  Set: 1170 Way: 0 Address: 0x1995f2480
  Set: 1179 Way: 0 Address: 0x1995f26d0
  Set: 1180 Way: 0 Address: 0x1995f2701
  Set: 1181 Way: 0 Address: 0x1995f2740
  Set: 1182 Way: 0 Address: 0x1995f278c
  Set: 1183 Way: 0 Address: 0x1995f27c0
  Set: 1184 Way: 0 Address: 0x1995f2800
  Set: 1185 Way: 0 Address: 0x1995f2840
  Set: 1186 Way: 0 Address: 0x1995f2880
  Set: 1187 Way: 0 Address: 0x1995f28c0
  Set: 1198 Way: 0 Address: 0x1995f2ba0
  Set: 1199 Way: 0 Address: 0x1995f2bc2
  Set: 1200 Way: 0 Address: 0x1995f2c05
  Set: 1217 Way: 0 Address: 0x263c13050
  Set: 1235 Way: 0 Address: 0x3c56b34d8
  Set: 1276 Way: 0 Address: 0x2b2e93f10
  Set: 1280 Way: 0 Address: 0x3de4d4018
  Set: 1284 Way: 0 Address: 0x397bb4100
  Set: 1306 Way: 0 Address: 0x397bb46a8
  Set: 1307 Way: 0 Address: 0x397bb46df
  Set: 1311 Way: 0 Address: 0x1299347f0
  Set: 1330 Way: 0 Address: 0x397bb4cb0
  Set: 1331 Way: 0 Address: 0x397bb4cc4
  Set: 1332 Way: 0 Address: 0x397bb4d02
  Set: 1333 Way: 0 Address: 0x397bb4d42
  Set: 1333 Way: 1 Address: 0x3c1074d60
  Set: 1334 Way: 0 Address: 0x397bb4da8
  Set: 1335 Way: 0 Address: 0x397bb4dc1
  Set: 1335 Way: 1 Address: 0x3c1074de0
  Set: 1336 Way: 0 Address: 0x3c1074e20
  Set: 1338 Way: 0 Address: 0x3c1074ea0
  Set: 1339 Way: 0 Address: 0x3c1074ec0
  Set: 1344 Way: 0 Address: 0x195f15010
  Set: 1345 Way: 0 Address: 0x195f15050
  Set: 1361 Way: 0 Address: 0x354d35448
  Set: 1408 Way: 0 Address: 0x84896000
  Set: 1408 Way: 1 Address: 0x43736000
  Set: 1409 Way: 0 Address: 0x4373606c
  Set: 1409 Way: 1 Address: 0x84896040
  Set: 1410 Way: 0 Address: 0x43736080
  Set: 1410 Way: 1 Address: 0x84896080
  Set: 1411 Way: 0 Address: 0x437360c0
  Set: 1411 Way: 1 Address: 0x848960c0
  Set: 1412 Way: 0 Address: 0x43736100
  Set: 1412 Way: 1 Address: 0x84896100
  Set: 1413 Way: 0 Address: 0x43736140
  Set: 1413 Way: 1 Address: 0x84896140
  Set: 1414 Way: 0 Address: 0x43736180
  Set: 1414 Way: 1 Address: 0x84896180
  Set: 1415 Way: 0 Address: 0x437361c0
  Set: 1415 Way: 1 Address: 0x848961c0
  Set: 1416 Way: 0 Address: 0x43736200
  Set: 1416 Way: 1 Address: 0x84896200
  Set: 1417 Way: 0 Address: 0x84896240
  Set: 1418 Way: 0 Address: 0x84896280
  Set: 1419 Way: 0 Address: 0x848962c0
  Set: 1420 Way: 0 Address: 0x84896300
  Set: 1421 Way: 0 Address: 0x84896340
  Set: 1422 Way: 0 Address: 0x84896380
  Set: 1423 Way: 0 Address: 0x848963c0
  Set: 1424 Way: 0 Address: 0x84896400
  Set: 1425 Way: 0 Address: 0x84896440
  Set: 1426 Way: 0 Address: 0x84896480
  Set: 1427 Way: 0 Address: 0x848964c0
  Set: 1428 Way: 0 Address: 0x84896500
  Set: 1429 Way: 0 Address: 0x84896540
  Set: 1430 Way: 0 Address: 0x84896580
  Set: 1431 Way: 0 Address: 0x848965c0
  Set: 1432 Way: 0 Address: 0x84896600
  Set: 1433 Way: 0 Address: 0x84896640
  Set: 1434 Way: 0 Address: 0x84896680
  Set: 1435 Way: 0 Address: 0x848966c0
  Set: 1436 Way: 0 Address: 0x84896700
  Set: 1437 Way: 0 Address: 0x84896740
  Set: 1438 Way: 0 Address: 0x84896780
  Set: 1439 Way: 0 Address: 0x848967c0
  Set: 1440 Way: 0 Address: 0x84896800
  Set: 1441 Way: 0 Address: 0x84896840
  Set: 1442 Way: 0 Address: 0x84896880
  Set: 1443 Way: 0 Address: 0x848968c0
  Set: 1444 Way: 0 Address: 0x84896900
  Set: 1445 Way: 0 Address: 0x84896940
  Set: 1446 Way: 0 Address: 0x84896980
  Set: 1447 Way: 0 Address: 0x848969c0
  Set: 1448 Way: 0 Address: 0x84896a00
  Set: 1449 Way: 0 Address: 0x84896a40
  Set: 1450 Way: 0 Address: 0x84896a80
  Set: 1451 Way: 0 Address: 0x84896ac0
  Set: 1452 Way: 0 Address: 0x84896b00
  Set: 1453 Way: 0 Address: 0x84896b40
  Set: 1454 Way: 0 Address: 0x84896b80
  Set: 1455 Way: 0 Address: 0x84896bc0
  Set: 1456 Way: 0 Address: 0x84896c00
  Set: 1457 Way: 0 Address: 0x84896c40
  Set: 1458 Way: 0 Address: 0x84896c80
  Set: 1459 Way: 0 Address: 0x84896cc0
  Set: 1460 Way: 0 Address: 0x84896d00
  Set: 1461 Way: 0 Address: 0x84896d40
  Set: 1462 Way: 0 Address: 0x84896d80
  Set: 1463 Way: 0 Address: 0x84896dc0
  Set: 1464 Way: 0 Address: 0x84896e00
  Set: 1465 Way: 0 Address: 0x84896e40
  Set: 1466 Way: 0 Address: 0x84896e80
  Set: 1467 Way: 0 Address: 0x84896ec0
  Set: 1468 Way: 0 Address: 0x84896f00
  Set: 1469 Way: 0 Address: 0x84896f40
  Set: 1470 Way: 0 Address: 0x84896f80
  Set: 1471 Way: 0 Address: 0x84896fc0
  Set: 1472 Way: 0 Address: 0x276ff7000
  Set: 1472 Way: 1 Address: 0x84897000
  Set: 1473 Way: 0 Address: 0x276ff7040
  Set: 1473 Way: 1 Address: 0x84897040
  Set: 1474 Way: 0 Address: 0x276ff7080
  Set: 1474 Way: 1 Address: 0x84897080
  Set: 1475 Way: 0 Address: 0x276ff70c0
  Set: 1475 Way: 1 Address: 0x848970c0
  Set: 1476 Way: 0 Address: 0x276ff7100
  Set: 1476 Way: 1 Address: 0x84897100
  Set: 1477 Way: 0 Address: 0x276ff7140
  Set: 1477 Way: 1 Address: 0x84897140
  Set: 1478 Way: 0 Address: 0x276ff7180
  Set: 1478 Way: 1 Address: 0x84897180
  Set: 1479 Way: 0 Address: 0x276ff71c0
  Set: 1479 Way: 1 Address: 0x848971c0
  Set: 1480 Way: 0 Address: 0x276ff7200
  Set: 1480 Way: 1 Address: 0x84897200
  Set: 1481 Way: 0 Address: 0x276ff7240
  Set: 1481 Way: 1 Address: 0x84897240
  Set: 1482 Way: 0 Address: 0x276ff7280
  Set: 1482 Way: 1 Address: 0x84897280
  Set: 1483 Way: 0 Address: 0x276ff72c0
  Set: 1483 Way: 1 Address: 0x848972c0
  Set: 1484 Way: 0 Address: 0x276ff7300
  Set: 1485 Way: 0 Address: 0x276ff7340
  Set: 1486 Way: 0 Address: 0x276ff7380
  Set: 1487 Way: 0 Address: 0x276ff73c0
  Set: 1488 Way: 0 Address: 0x276ff7400
  Set: 1489 Way: 0 Address: 0x276ff7440
  Set: 1490 Way: 0 Address: 0x276ff7480
  Set: 1491 Way: 0 Address: 0x276ff74c0
  Set: 1492 Way: 0 Address: 0x276ff7500
  Set: 1493 Way: 0 Address: 0x276ff7540
  Set: 1494 Way: 0 Address: 0x276ff7580
  Set: 1495 Way: 0 Address: 0x276ff75c0
  Set: 1496 Way: 0 Address: 0x276ff7600
  Set: 1497 Way: 0 Address: 0x276ff7640
  Set: 1498 Way: 0 Address: 0x276ff7680
  Set: 1499 Way: 0 Address: 0x276ff76c0
  Set: 1500 Way: 0 Address: 0x276ff7700
  Set: 1501 Way: 0 Address: 0x276ff7740
  Set: 1502 Way: 0 Address: 0x276ff7780
  Set: 1503 Way: 0 Address: 0x276ff77c0
  Set: 1504 Way: 0 Address: 0x276ff7800
  Set: 1505 Way: 0 Address: 0x276ff7840
  Set: 1506 Way: 0 Address: 0x276ff7880
  Set: 1507 Way: 0 Address: 0x276ff78c0
  Set: 1508 Way: 0 Address: 0x276ff7900
  Set: 1509 Way: 0 Address: 0x276ff7940
  Set: 1510 Way: 0 Address: 0x276ff7980
  Set: 1511 Way: 0 Address: 0x276ff79c0
  Set: 1512 Way: 0 Address: 0x276ff7a00
  Set: 1513 Way: 0 Address: 0x276ff7a40
  Set: 1514 Way: 0 Address: 0x276ff7a80
  Set: 1515 Way: 0 Address: 0x276ff7ac0
  Set: 1516 Way: 0 Address: 0x276ff7b00
  Set: 1517 Way: 0 Address: 0x276ff7b40
  Set: 1518 Way: 0 Address: 0x276ff7b80
  Set: 1519 Way: 0 Address: 0x276ff7bc0
  Set: 1520 Way: 0 Address: 0x276ff7c00
  Set: 1521 Way: 0 Address: 0x276ff7c40
  Set: 1522 Way: 0 Address: 0x276ff7c80
  Set: 1523 Way: 0 Address: 0x276ff7cc0
  Set: 1524 Way: 0 Address: 0x276ff7d00
  Set: 1525 Way: 0 Address: 0x276ff7d40
  Set: 1526 Way: 0 Address: 0x276ff7d80
  Set: 1527 Way: 0 Address: 0x276ff7dc0
  Set: 1528 Way: 0 Address: 0x276ff7e00
  Set: 1529 Way: 0 Address: 0x276ff7e40
  Set: 1530 Way: 0 Address: 0x276ff7e80
  Set: 1531 Way: 0 Address: 0x276ff7ec0
  Set: 1532 Way: 0 Address: 0x276ff7f00
  Set: 1533 Way: 0 Address: 0x276ff7f40
  Set: 1534 Way: 0 Address: 0x276ff7f80
  Set: 1535 Way: 0 Address: 0x276ff7fc0
  Set: 1540 Way: 0 Address: 0x201598128
  Set: 1541 Way: 0 Address: 0x201598150
  Set: 1542 Way: 0 Address: 0x2015981a4
  Set: 1543 Way: 0 Address: 0x2015981e0
  Set: 1544 Way: 0 Address: 0x201598204
  Set: 1545 Way: 0 Address: 0x20159827c
  Set: 1546 Way: 0 Address: 0x2015982a4
  Set: 1547 Way: 0 Address: 0x2015982cc
  Set: 1548 Way: 0 Address: 0x201598318
  Set: 1549 Way: 0 Address: 0x201598378
  Set: 1550 Way: 0 Address: 0x2015983bc
  Set: 1551 Way: 0 Address: 0x2015983e0
  Set: 1552 Way: 0 Address: 0x201598420
  Set: 1553 Way: 0 Address: 0x201598464
  Set: 1554 Way: 0 Address: 0x2015984bc
  Set: 1555 Way: 0 Address: 0x2015984f0
  Set: 1556 Way: 0 Address: 0x201598514
  Set: 1596 Way: 0 Address: 0x1aafb8f18
  Set: 1596 Way: 1 Address: 0xc7078f08
  Set: 1601 Way: 0 Address: 0x292959050
  Set: 1664 Way: 0 Address: 0x229b9a000
  Set: 1695 Way: 0 Address: 0x1d89da7f8
  Set: 1727 Way: 0 Address: 0x223edafd8
  Set: 1747 Way: 0 Address: 0x394edb4e0
  Set: 1792 Way: 0 Address: 0xdf85c000
  Set: 1792 Way: 1 Address: 0x12c6fc000
  Set: 1795 Way: 0 Address: 0x12c6fc0d8
  Set: 1795 Way: 1 Address: 0x38e35c0d8
  Set: 1875 Way: 0 Address: 0x23755d4f8
  Set: 1875 Way: 1 Address: 0x1add4e8
  Set: 1920 Way: 0 Address: 0x28b67e000
  Set: 1951 Way: 0 Address: 0x28b67e7f8
  Set: 1955 Way: 0 Address: 0x1f919e8d0
  Set: 1960 Way: 0 Address: 0x1f919ea06
  Set: 1963 Way: 0 Address: 0x1f919eaf0
  Set: 1964 Way: 0 Address: 0x1f919eb00
  Set: 1965 Way: 0 Address: 0x1f919eb40
  Set: 1966 Way: 0 Address: 0x1f919ebaa
  Set: 1967 Way: 0 Address: 0x1f919ebc6
  Set: 1968 Way: 0 Address: 0x1f919ec35
  Set: 1969 Way: 0 Address: 0x1f919ec40
  Set: 1971 Way: 0 Address: 0x1f919ecdb
  Set: 1974 Way: 0 Address: 0x1f919edb0
  Set: 1976 Way: 0 Address: 0x1f919ee24
EndCache
