Cache: cpu0_STLB
  Set: 2 Way: 0 Address: 0x4027b0
  Set: 3 Way: 0 Address: 0x4033fb
  Set: 4 Way: 0 Address: 0x404c00
  Set: 13 Way: 0 Address: 0x40d700
  Set: 14 Way: 0 Address: 0x40e7d0
  Set: 15 Way: 0 Address: 0x40fc70
  Set: 30 Way: 0 Address: 0x279eaec
  Set: 38 Way: 0 Address: 0x526963
  Set: 42 Way: 0 Address: 0x52a930
  Set: 43 Way: 0 Address: 0x7fd2fa62babd
  Set: 44 Way: 0 Address: 0x7fd2fa62ce75
  Set: 45 Way: 0 Address: 0x7fd2fa62d135
  Set: 46 Way: 0 Address: 0x7fd2fa62e1b5
  Set: 48 Way: 0 Address: 0x27b060c
  Set: 61 Way: 0 Address: 0x7fd2fa6bd3fd
  Set: 62 Way: 0 Address: 0x7fd2fa6be7b5
  Set: 62 Way: 1 Address: 0x43ede2
  Set: 63 Way: 0 Address: 0x7fd2fa6bf2b5
  Set: 68 Way: 0 Address: 0x444b03
  Set: 69 Way: 0 Address: 0x445cb4
  Set: 70 Way: 0 Address: 0x446106
  Set: 71 Way: 0 Address: 0x7ffedb247d64
  Set: 72 Way: 0 Address: 0x7ffedb2482d0
  Set: 72 Way: 1 Address: 0x44821b
  Set: 73 Way: 0 Address: 0x7ffedb249550
  Set: 74 Way: 0 Address: 0x44a870
  Set: 75 Way: 0 Address: 0x44b010
  Set: 81 Way: 0 Address: 0x27d1f9c
  Set: 93 Way: 0 Address: 0x275dc40
  Set: 94 Way: 0 Address: 0x275eaf8
  Set: 95 Way: 0 Address: 0x275ffd0
  Set: 96 Way: 0 Address: 0x2760a58
  Set: 96 Way: 1 Address: 0x21e03a0
  Set: 98 Way: 0 Address: 0x2762174
  Set: 100 Way: 0 Address: 0x21e45a5
  Set: 101 Way: 0 Address: 0x21e54e0
  Set: 103 Way: 0 Address: 0x21e7e50
  Set: 104 Way: 0 Address: 0x21e80f0
  Set: 105 Way: 0 Address: 0x26e9430
  Set: 109 Way: 0 Address: 0x276d228
  Set: 112 Way: 0 Address: 0x2770a98
  Set: 116 Way: 0 Address: 0x7fd2fa6748bc
  Set: 117 Way: 0 Address: 0x7fd2fa675c6f
  Set: 118 Way: 0 Address: 0x7fd2fa6761ef
  Set: 121 Way: 0 Address: 0x7fd2fa379ab8
  Set: 122 Way: 0 Address: 0x7fd2fa37ae68
  Set: 123 Way: 0 Address: 0x21fb310
  Set: 123 Way: 1 Address: 0x7fd2fa37b128
  Set: 124 Way: 0 Address: 0x7fd2fa37c1a8
EndCache
Cache: cpu0_L2C
  Set: 4 Way: 0 Address: 0x14bb10106
  Set: 4 Way: 1 Address: 0x28a940130
  Set: 5 Way: 0 Address: 0x14bb10142
  Set: 6 Way: 0 Address: 0x14bb10181
  Set: 6 Way: 1 Address: 0x342b401bd
  Set: 7 Way: 0 Address: 0x14bb101d8
  Set: 8 Way: 0 Address: 0x6e620230
  Set: 8 Way: 1 Address: 0x14bb10201
  Set: 16 Way: 0 Address: 0x168ef0400
  Set: 17 Way: 0 Address: 0x168ef0478
  Set: 17 Way: 1 Address: 0x342b40440
  Set: 19 Way: 0 Address: 0x14bb104e1
  Set: 20 Way: 0 Address: 0x14bb10500
  Set: 21 Way: 0 Address: 0x14bb10542
  Set: 22 Way: 0 Address: 0x14bb10582
  Set: 23 Way: 0 Address: 0x14bb105c2
  Set: 24 Way: 0 Address: 0x14bb10605
  Set: 24 Way: 1 Address: 0x168ef0634
  Set: 26 Way: 0 Address: 0x14bb10697
  Set: 28 Way: 0 Address: 0x342b4073d
  Set: 30 Way: 0 Address: 0x342b407b5
  Set: 36 Way: 0 Address: 0x2177f0930
  Set: 37 Way: 0 Address: 0x6e620950
  Set: 39 Way: 0 Address: 0x342b409c0
  Set: 41 Way: 0 Address: 0x342b40a75
  Set: 41 Way: 1 Address: 0x28a940a58
  Set: 43 Way: 0 Address: 0x2177f0ad8
  Set: 44 Way: 0 Address: 0x2177f0b32
  Set: 45 Way: 0 Address: 0x168ef0b44
  Set: 50 Way: 0 Address: 0x342b40c80
  Set: 52 Way: 0 Address: 0x342b40d35
  Set: 61 Way: 0 Address: 0x342b40f40
  Set: 63 Way: 0 Address: 0x342b40ff5
  Set: 63 Way: 1 Address: 0x168ef0fd0
  Set: 64 Way: 0 Address: 0x260091020
  Set: 69 Way: 0 Address: 0xf6e81160
  Set: 71 Way: 0 Address: 0x181c811f0
  Set: 71 Way: 1 Address: 0x2600911f0
  Set: 72 Way: 0 Address: 0x181c81220
  Set: 92 Way: 0 Address: 0x2a4841700
  Set: 93 Way: 0 Address: 0x2a4841740
  Set: 94 Way: 0 Address: 0x2a4841781
  Set: 95 Way: 0 Address: 0x2a48417c2
  Set: 96 Way: 0 Address: 0x2a4841802
  Set: 107 Way: 0 Address: 0x19c791af8
  Set: 122 Way: 0 Address: 0x19c791e88
  Set: 128 Way: 0 Address: 0x133c92018
  Set: 128 Way: 1 Address: 0x1c6532038
  Set: 130 Way: 0 Address: 0x1995f20bd
  Set: 131 Way: 0 Address: 0x9cff20ef
  Set: 131 Way: 1 Address: 0x1995f20ff
  Set: 132 Way: 0 Address: 0x1995f2135
  Set: 132 Way: 1 Address: 0x9cff2105
  Set: 133 Way: 0 Address: 0x9cff2146
  Set: 134 Way: 0 Address: 0x9cff2180
  Set: 135 Way: 0 Address: 0x6d0c21d0
  Set: 135 Way: 1 Address: 0x9cff21c0
  Set: 136 Way: 0 Address: 0x6d0c2200
  Set: 136 Way: 1 Address: 0x133c92230
  Set: 136 Way: 2 Address: 0x9cff2201
  Set: 137 Way: 0 Address: 0x6d0c2278
  Set: 137 Way: 1 Address: 0xa3a52248
  Set: 138 Way: 0 Address: 0x6d0c22b8
  Set: 139 Way: 0 Address: 0x6d0c22d0
  Set: 139 Way: 1 Address: 0x1c65322f8
  Set: 140 Way: 0 Address: 0x6d0c2330
  Set: 141 Way: 0 Address: 0x6d0c2340
  Set: 142 Way: 0 Address: 0x6d0c2390
  Set: 142 Way: 1 Address: 0x1995f23bf
  Set: 143 Way: 0 Address: 0x1995f23f5
  Set: 143 Way: 1 Address: 0x6d0c23f8
  Set: 144 Way: 0 Address: 0x6d0c2418
  Set: 145 Way: 0 Address: 0x6d0c2470
  Set: 148 Way: 0 Address: 0x6d0c2510
  Set: 149 Way: 0 Address: 0x6d0c2540
  Set: 150 Way: 0 Address: 0x6d0c2580
  Set: 150 Way: 1 Address: 0x1c65325b8
  Set: 151 Way: 0 Address: 0x1064c25f0
  Set: 152 Way: 0 Address: 0x6d0c2618
  Set: 153 Way: 0 Address: 0x6d0c2640
  Set: 153 Way: 1 Address: 0x1995f267f
  Set: 154 Way: 0 Address: 0x1995f26b5
  Set: 154 Way: 1 Address: 0x6d0c268c
  Set: 155 Way: 0 Address: 0x6d0c26e0
  Set: 156 Way: 0 Address: 0x6d0c2730
  Set: 157 Way: 0 Address: 0x6d0c2778
  Set: 158 Way: 0 Address: 0x6d0c2788
  Set: 159 Way: 0 Address: 0x6d0c27ec
  Set: 161 Way: 0 Address: 0x1c6532878
  Set: 163 Way: 0 Address: 0x31be128d0
  Set: 164 Way: 0 Address: 0x1995f293f
  Set: 165 Way: 0 Address: 0x1995f2975
  Set: 165 Way: 1 Address: 0x31be12948
  Set: 166 Way: 0 Address: 0x6d0c29a8
  Set: 167 Way: 0 Address: 0x6d0c29c0
  Set: 168 Way: 0 Address: 0x6d0c2a10
  Set: 169 Way: 0 Address: 0x6d0c2a50
  Set: 170 Way: 0 Address: 0x9cff2a90
  Set: 171 Way: 0 Address: 0x31be12af8
  Set: 171 Way: 1 Address: 0x9cff2ac3
  Set: 172 Way: 0 Address: 0x62d12b10
  Set: 172 Way: 1 Address: 0x9cff2b00
  Set: 172 Way: 2 Address: 0x1c6532b38
  Set: 173 Way: 0 Address: 0x9cff2b43
  Set: 174 Way: 0 Address: 0x9cff2b82
  Set: 175 Way: 0 Address: 0x9cff2bc0
  Set: 175 Way: 1 Address: 0x1995f2bff
  Set: 176 Way: 0 Address: 0x1995f2c35
  Set: 176 Way: 1 Address: 0x9cff2c01
  Set: 177 Way: 0 Address: 0x9cff2c43
  Set: 178 Way: 0 Address: 0x9cff2cb4
  Set: 178 Way: 1 Address: 0x6d0c2c98
  Set: 179 Way: 0 Address: 0x9cff2cc1
  Set: 180 Way: 0 Address: 0x9cff2d00
  Set: 181 Way: 0 Address: 0x9cff2d41
  Set: 182 Way: 0 Address: 0x9cff2d82
  Set: 183 Way: 0 Address: 0x9cff2dc0
  Set: 183 Way: 1 Address: 0x1c6532df8
  Set: 184 Way: 0 Address: 0x9cff2e02
  Set: 185 Way: 0 Address: 0x9cff2e74
  Set: 185 Way: 1 Address: 0x1c6532e68
  Set: 186 Way: 0 Address: 0x9cff2e81
  Set: 186 Way: 1 Address: 0x62d12e88
  Set: 186 Way: 2 Address: 0x1995f2ebf
  Set: 187 Way: 0 Address: 0x1995f2ef5
  Set: 191 Way: 0 Address: 0x1c84e2fd8
  Set: 194 Way: 0 Address: 0x3c56b3080
  Set: 197 Way: 0 Address: 0x3b0803158
  Set: 199 Way: 0 Address: 0x34a8731fc
  Set: 200 Way: 0 Address: 0x3232f3238
  Set: 200 Way: 1 Address: 0x34a873228
  Set: 201 Way: 0 Address: 0x3232f3248
  Set: 204 Way: 0 Address: 0x34a87333c
  Set: 205 Way: 0 Address: 0x34a873364
  Set: 206 Way: 0 Address: 0x2b2e933a8
  Set: 215 Way: 0 Address: 0x3b08035f8
  Set: 241 Way: 0 Address: 0x257713c70
  Set: 242 Way: 0 Address: 0x257713c81
  Set: 243 Way: 0 Address: 0x257713cd0
  Set: 244 Way: 0 Address: 0x257713d02
  Set: 245 Way: 0 Address: 0x257713d41
  Set: 246 Way: 0 Address: 0x257713d83
  Set: 247 Way: 0 Address: 0x257713dc1
  Set: 248 Way: 0 Address: 0x257713e01
  Set: 249 Way: 0 Address: 0x257713e41
  Set: 250 Way: 0 Address: 0x257713e81
  Set: 251 Way: 0 Address: 0x257713ec2
  Set: 252 Way: 0 Address: 0x257713f04
  Set: 253 Way: 0 Address: 0x257713f43
  Set: 254 Way: 0 Address: 0x257713f81
  Set: 255 Way: 0 Address: 0x257713fc0
  Set: 256 Way: 0 Address: 0x3de4d4010
  Set: 257 Way: 0 Address: 0x3de4d4068
  Set: 259 Way: 0 Address: 0x3c10740f0
  Set: 261 Way: 0 Address: 0x3c1074168
  Set: 285 Way: 0 Address: 0x6b744748
  Set: 301 Way: 0 Address: 0x1ab44b5c
  Set: 302 Way: 0 Address: 0x1ab44ba0
  Set: 305 Way: 0 Address: 0x1ab44c40
  Set: 310 Way: 0 Address: 0x6b744d80
  Set: 314 Way: 0 Address: 0xb8004e98
  Set: 316 Way: 0 Address: 0x129934f38
  Set: 317 Way: 0 Address: 0x129934f40
  Set: 319 Way: 0 Address: 0x129934fd8
  Set: 320 Way: 0 Address: 0x195f15000
  Set: 321 Way: 0 Address: 0x1b0f15078
  Set: 329 Way: 0 Address: 0x1b0f15250
  Set: 343 Way: 0 Address: 0x57be55fe
  Set: 344 Way: 0 Address: 0x57be560c
  Set: 357 Way: 0 Address: 0x354d35963
  Set: 361 Way: 0 Address: 0x272585a7c
  Set: 362 Way: 0 Address: 0x272585a98
  Set: 380 Way: 0 Address: 0x34a0e5f00
  Set: 385 Way: 0 Address: 0x27d4c6078
  Set: 386 Way: 0 Address: 0x211d16098
  Set: 389 Way: 0 Address: 0x3dae6617f
  Set: 390 Way: 0 Address: 0x3dae661b5
  Set: 390 Way: 1 Address: 0x848961bf
  Set: 391 Way: 0 Address: 0x848961ef
  Set: 392 Way: 0 Address: 0x3d87a6220
  Set: 393 Way: 0 Address: 0x27d4c6258
  Set: 393 Way: 1 Address: 0x3d87a6258
  Set: 401 Way: 0 Address: 0x3dae66475
  Set: 401 Way: 1 Address: 0x8489647f
  Set: 402 Way: 0 Address: 0x848964af
  Set: 403 Way: 0 Address: 0x2470064e0
  Set: 411 Way: 0 Address: 0x437366c8
  Set: 412 Way: 0 Address: 0x8489673f
  Set: 413 Way: 0 Address: 0x8489676f
  Set: 413 Way: 1 Address: 0x1b7ae6748
  Set: 423 Way: 0 Address: 0x848969ff
  Set: 424 Way: 0 Address: 0x84896a2f
  Set: 434 Way: 0 Address: 0x84896cbf
  Set: 435 Way: 0 Address: 0x84896cef
  Set: 445 Way: 0 Address: 0x84896f7f
  Set: 446 Way: 0 Address: 0x84896faf
  Set: 450 Way: 0 Address: 0x276ff70bf
  Set: 451 Way: 0 Address: 0x276ff70fc
  Set: 457 Way: 0 Address: 0xbeea7240
  Set: 461 Way: 0 Address: 0x276ff7340
  Set: 462 Way: 0 Address: 0x358da73a0
  Set: 462 Way: 1 Address: 0x276ff73bc
  Set: 469 Way: 0 Address: 0x2fbe97550
  Set: 472 Way: 0 Address: 0x276ff7600
  Set: 473 Way: 0 Address: 0x276ff7640
  Set: 479 Way: 0 Address: 0x12c0777fd
  Set: 483 Way: 0 Address: 0x276ff78ff
  Set: 484 Way: 0 Address: 0x276ff793c
  Set: 489 Way: 0 Address: 0x12c077a7f
  Set: 490 Way: 0 Address: 0x12c077abd
  Set: 491 Way: 0 Address: 0x12c077ac0
  Set: 494 Way: 0 Address: 0x276ff7bbf
  Set: 495 Way: 0 Address: 0x3704c7bd8
  Set: 495 Way: 1 Address: 0x112417bc8
  Set: 495 Way: 2 Address: 0x276ff7bc0
  Set: 496 Way: 0 Address: 0x276ff7c3f
  Set: 497 Way: 0 Address: 0x276ff7c6f
  Set: 500 Way: 0 Address: 0x12c077d3f
  Set: 501 Way: 0 Address: 0x12c077d7d
  Set: 502 Way: 0 Address: 0x12c077d80
  Set: 505 Way: 0 Address: 0x276ff7e40
  Set: 506 Way: 0 Address: 0x276ff7e80
  Set: 507 Way: 0 Address: 0x276ff7eff
  Set: 508 Way: 0 Address: 0x276ff7f2f
  Set: 511 Way: 0 Address: 0x12c077fff
  Set: 512 Way: 0 Address: 0x12c078000
  Set: 517 Way: 0 Address: 0x3fe58158
  Set: 517 Way: 1 Address: 0x276ff8140
  Set: 520 Way: 0 Address: 0x3bdd7821b
  Set: 521 Way: 0 Address: 0x3bdd78240
  Set: 522 Way: 0 Address: 0x3bdd78283
  Set: 522 Way: 1 Address: 0x12c078280
  Set: 523 Way: 0 Address: 0x3bdd782cc
  Set: 523 Way: 1 Address: 0x12c0782c0
  Set: 524 Way: 0 Address: 0x3bdd78300
  Set: 528 Way: 0 Address: 0x2db378430
  Set: 529 Way: 0 Address: 0x2db378440
  Set: 535 Way: 0 Address: 0x3fe585e8
  Set: 545 Way: 0 Address: 0x2c9898870
  Set: 546 Way: 0 Address: 0x2c9898881
  Set: 547 Way: 0 Address: 0x2c98988c3
  Set: 548 Way: 0 Address: 0x2c9898906
  Set: 549 Way: 0 Address: 0x2c9898946
  Set: 553 Way: 0 Address: 0x201598a58
  Set: 554 Way: 0 Address: 0x2c9898a87
  Set: 555 Way: 0 Address: 0x2c9898ac3
  Set: 556 Way: 0 Address: 0x2c9898b05
  Set: 557 Way: 0 Address: 0x2c9898b43
  Set: 558 Way: 0 Address: 0x2c9898b80
  Set: 559 Way: 0 Address: 0x2c9898bc1
  Set: 560 Way: 0 Address: 0x2c9898c03
  Set: 561 Way: 0 Address: 0x2c9898c41
  Set: 562 Way: 0 Address: 0x2c9898c82
  Set: 563 Way: 0 Address: 0x2c9898cc1
  Set: 564 Way: 0 Address: 0x2c9898d02
  Set: 565 Way: 0 Address: 0x2c9898d41
  Set: 568 Way: 0 Address: 0xc7078e00
  Set: 569 Way: 0 Address: 0xc7078e50
  Set: 571 Way: 0 Address: 0xc7078ec0
  Set: 571 Way: 1 Address: 0x2c9898ecf
  Set: 572 Way: 0 Address: 0x1aafb8f20
  Set: 572 Way: 1 Address: 0x2c9898f27
  Set: 573 Way: 0 Address: 0x2c9898f43
  Set: 574 Way: 0 Address: 0x2c9898f80
  Set: 575 Way: 0 Address: 0x2c9898fc4
  Set: 576 Way: 0 Address: 0x312099010
  Set: 577 Way: 0 Address: 0x312099040
  Set: 578 Way: 0 Address: 0x312099082
  Set: 580 Way: 0 Address: 0x379d39128
  Set: 581 Way: 0 Address: 0x2ee369170
  Set: 584 Way: 0 Address: 0x292959238
  Set: 584 Way: 1 Address: 0x312099210
  Set: 585 Way: 0 Address: 0x292959240
  Set: 585 Way: 1 Address: 0x312099241
  Set: 586 Way: 0 Address: 0x312099287
  Set: 587 Way: 0 Address: 0x3120992c0
  Set: 588 Way: 0 Address: 0x312099300
  Set: 588 Way: 1 Address: 0xb84a9310
  Set: 590 Way: 0 Address: 0x2ee3693a8
  Set: 590 Way: 1 Address: 0xb84a93a0
  Set: 591 Way: 0 Address: 0x379d393e8
  Set: 591 Way: 1 Address: 0x5d6e93fd
  Set: 593 Way: 0 Address: 0x31209945f
  Set: 594 Way: 0 Address: 0x312099480
  Set: 595 Way: 0 Address: 0x3120994c6
  Set: 596 Way: 0 Address: 0x312099500
  Set: 597 Way: 0 Address: 0x312099541
  Set: 602 Way: 0 Address: 0x3120996b5
  Set: 602 Way: 1 Address: 0x379d396a8
  Set: 602 Way: 2 Address: 0x5d6e96bd
  Set: 603 Way: 0 Address: 0x3120996c3
  Set: 604 Way: 0 Address: 0x312099702
  Set: 605 Way: 0 Address: 0x312099743
  Set: 606 Way: 0 Address: 0x312099783
  Set: 612 Way: 0 Address: 0x312099900
  Set: 613 Way: 0 Address: 0x312099943
  Set: 613 Way: 1 Address: 0x379d39968
  Set: 613 Way: 2 Address: 0x5d6e997d
  Set: 619 Way: 0 Address: 0x2fa0c9af8
  Set: 620 Way: 0 Address: 0x2c8749b00
  Set: 620 Way: 1 Address: 0x2fa0c9b00
  Set: 622 Way: 0 Address: 0x312099bb2
  Set: 622 Way: 1 Address: 0x2c8749b80
  Set: 623 Way: 0 Address: 0x312099bc1
  Set: 623 Way: 1 Address: 0x16a859bd0
  Set: 624 Way: 0 Address: 0x312099c00
  Set: 624 Way: 1 Address: 0x379d39c28
  Set: 624 Way: 2 Address: 0x5d6e9c3c
  Set: 627 Way: 0 Address: 0x2fa0c9cf0
  Set: 628 Way: 0 Address: 0xb84a9d24
  Set: 632 Way: 0 Address: 0xb84a9e00
  Set: 634 Way: 0 Address: 0x8a579e88
  Set: 635 Way: 0 Address: 0x379d39ee8
  Set: 635 Way: 1 Address: 0x5d6e9ec0
  Set: 646 Way: 0 Address: 0x1e561a1a8
  Set: 646 Way: 1 Address: 0x5d6ea180
  Set: 648 Way: 0 Address: 0x1d89da228
  Set: 654 Way: 0 Address: 0x8754a3a0
  Set: 657 Way: 0 Address: 0x5d6ea440
  Set: 663 Way: 0 Address: 0x8754a5e8
  Set: 671 Way: 0 Address: 0x223eda7f8
  Set: 683 Way: 0 Address: 0xc67daaf0
  Set: 688 Way: 0 Address: 0x1132fac00
  Set: 689 Way: 0 Address: 0x1132fac41
  Set: 690 Way: 0 Address: 0x1132fac80
  Set: 691 Way: 0 Address: 0x1132facc1
  Set: 704 Way: 0 Address: 0x394edb018
  Set: 710 Way: 0 Address: 0xcf83b180
  Set: 711 Way: 0 Address: 0xcf83b1c1
  Set: 712 Way: 0 Address: 0xcf83b200
  Set: 713 Way: 0 Address: 0xcf83b242
  Set: 714 Way: 0 Address: 0xcf83b285
  Set: 715 Way: 0 Address: 0xcf83b2c1
  Set: 716 Way: 0 Address: 0xcf83b307
  Set: 717 Way: 0 Address: 0xcf83b345
  Set: 718 Way: 0 Address: 0xcf83b383
  Set: 719 Way: 0 Address: 0xcf83b3c5
  Set: 720 Way: 0 Address: 0xcf83b43e
  Set: 721 Way: 0 Address: 0xcf83b449
  Set: 722 Way: 0 Address: 0xcf83b489
  Set: 723 Way: 0 Address: 0xcf83b4c7
  Set: 724 Way: 0 Address: 0xcf83b50b
  Set: 732 Way: 0 Address: 0xcf83b710
  Set: 735 Way: 0 Address: 0x3b377b7d0
  Set: 736 Way: 0 Address: 0x3b377b801
  Set: 737 Way: 0 Address: 0x3b377b843
  Set: 740 Way: 0 Address: 0x394edb930
  Set: 740 Way: 1 Address: 0xcf83b900
  Set: 741 Way: 0 Address: 0xcf83b945
  Set: 742 Way: 0 Address: 0xcf83b982
  Set: 743 Way: 0 Address: 0xcf83b9c0
  Set: 745 Way: 0 Address: 0xcf83ba51
  Set: 746 Way: 0 Address: 0xcf83ba80
  Set: 746 Way: 1 Address: 0x36889bab8
  Set: 747 Way: 0 Address: 0xcf83bac2
  Set: 748 Way: 0 Address: 0xcf83bb03
  Set: 749 Way: 0 Address: 0xcf83bb45
  Set: 750 Way: 0 Address: 0xcf83bb83
  Set: 752 Way: 0 Address: 0xc0d9bc20
  Set: 753 Way: 0 Address: 0xc0d9bc50
  Set: 753 Way: 1 Address: 0xcf83bc4d
  Set: 754 Way: 0 Address: 0xc0d9bcb8
  Set: 755 Way: 0 Address: 0xc0d9bcff
  Set: 756 Way: 0 Address: 0xc0d9bd38
  Set: 757 Way: 0 Address: 0xc0d9bd64
  Set: 757 Way: 1 Address: 0xcf83bd79
  Set: 757 Way: 2 Address: 0x36889bd78
  Set: 758 Way: 0 Address: 0xc0d9bdb8
  Set: 758 Way: 1 Address: 0xcf83bd81
  Set: 759 Way: 0 Address: 0xc0d9bdc0
  Set: 760 Way: 0 Address: 0xc0d9be00
  Set: 764 Way: 0 Address: 0x28420bf28
  Set: 768 Way: 0 Address: 0xdf85c000
  Set: 768 Way: 1 Address: 0x12c6fc03d
  Set: 769 Way: 0 Address: 0x12c6fc040
  Set: 778 Way: 0 Address: 0x12c6fc2bf
  Set: 779 Way: 0 Address: 0x12c6fc2fd
  Set: 780 Way: 0 Address: 0x38e35c310
  Set: 780 Way: 1 Address: 0x12c6fc300
  Set: 789 Way: 0 Address: 0x12c6fc540
  Set: 790 Way: 0 Address: 0x12c6fc5bd
  Set: 791 Way: 0 Address: 0x12c6fc5c0
  Set: 800 Way: 0 Address: 0x12c6fc83f
  Set: 801 Way: 0 Address: 0x12c6fc87d
  Set: 801 Way: 1 Address: 0x4dd9c87f
  Set: 802 Way: 0 Address: 0x12c6fc880
  Set: 802 Way: 1 Address: 0x4dd9c8bc
  Set: 811 Way: 0 Address: 0x1ae2ccaec
  Set: 811 Way: 1 Address: 0x12c6fcac0
  Set: 812 Way: 0 Address: 0x12c6fcb3d
  Set: 812 Way: 1 Address: 0x4dd9cb00
  Set: 813 Way: 0 Address: 0x12c6fcb40
  Set: 813 Way: 1 Address: 0x4dd9cb7c
  Set: 814 Way: 0 Address: 0x12c6fcbb5
  Set: 819 Way: 0 Address: 0x32f48ccf0
  Set: 821 Way: 0 Address: 0x32502cd60
  Set: 822 Way: 0 Address: 0x32502cd93
  Set: 822 Way: 1 Address: 0x12c6fcd80
  Set: 823 Way: 0 Address: 0x32502cde2
  Set: 823 Way: 1 Address: 0x12c6fcdfd
  Set: 823 Way: 2 Address: 0x4dd9cdff
  Set: 824 Way: 0 Address: 0x32502ce02
  Set: 824 Way: 1 Address: 0x12c6fce3f
  Set: 824 Way: 2 Address: 0x4dd9ce00
  Set: 825 Way: 0 Address: 0x12c6fce75
  Set: 832 Way: 0 Address: 0x23755d010
  Set: 832 Way: 1 Address: 0x15164d020
  Set: 833 Way: 0 Address: 0x12c6fd040
  Set: 834 Way: 0 Address: 0x12c6fd080
  Set: 834 Way: 1 Address: 0x4dd9d080
  Set: 835 Way: 0 Address: 0x4dd9d0c0
  Set: 837 Way: 0 Address: 0xe51bd174
  Set: 845 Way: 0 Address: 0x12c6fd340
  Set: 846 Way: 0 Address: 0x1add3b0
  Set: 846 Way: 1 Address: 0x4dd9d380
  Set: 855 Way: 0 Address: 0x1add5f0
  Set: 868 Way: 0 Address: 0x23755d930
  Set: 875 Way: 0 Address: 0x5588dae8
  Set: 877 Way: 0 Address: 0x5588db68
  Set: 878 Way: 0 Address: 0x5588db80
  Set: 896 Way: 0 Address: 0x28b67e000
  Set: 896 Way: 1 Address: 0x1f919e010
  Set: 897 Way: 0 Address: 0x2db79e070
  Set: 898 Way: 0 Address: 0x1f919e080
  Set: 902 Way: 0 Address: 0x3734ee194
  Set: 903 Way: 0 Address: 0x1c084e1c2
  Set: 903 Way: 1 Address: 0x3734ee1cc
  Set: 905 Way: 0 Address: 0x2db79e240
  Set: 911 Way: 0 Address: 0x1c084e3fb
  Set: 912 Way: 0 Address: 0x1c084e400
  Set: 918 Way: 0 Address: 0x3734ee5a5
  Set: 919 Way: 0 Address: 0x3734ee5c5
  Set: 920 Way: 0 Address: 0x3734ee605
  Set: 927 Way: 0 Address: 0x28b67e7f8
  Set: 940 Way: 0 Address: 0x7d0eeb10
  Set: 941 Way: 0 Address: 0x20597eb68
  Set: 950 Way: 0 Address: 0x7d0eed80
  Set: 958 Way: 0 Address: 0x2c077ef9c
  Set: 959 Way: 0 Address: 0x2f5d8efd8
  Set: 961 Way: 0 Address: 0x22272f070
  Set: 965 Way: 0 Address: 0x16390f168
  Set: 970 Way: 0 Address: 0x23756f2b5
  Set: 981 Way: 0 Address: 0x23756f575
  Set: 990 Way: 0 Address: 0xee86f7b0
  Set: 991 Way: 0 Address: 0xee86f7c4
  Set: 992 Way: 0 Address: 0xee86f801
  Set: 992 Way: 1 Address: 0x23756f835
  Set: 993 Way: 0 Address: 0xee86f841
  Set: 994 Way: 0 Address: 0xee86f882
  Set: 995 Way: 0 Address: 0xee86f8c1
  Set: 997 Way: 0 Address: 0x22272f950
  Set: 1001 Way: 0 Address: 0xee86fa40
  Set: 1002 Way: 0 Address: 0xee86fa80
  Set: 1003 Way: 0 Address: 0xee86fac0
  Set: 1003 Way: 1 Address: 0x23756faf5
  Set: 1007 Way: 0 Address: 0x3567dfbe0
  Set: 1012 Way: 0 Address: 0xee86fd1f
  Set: 1014 Way: 0 Address: 0x23756fdb5
  Set: 1020 Way: 0 Address: 0x143eff00
  Set: 1021 Way: 0 Address: 0x143eff40
EndCache
Cache: cpu0_L1I
  Set: 0 Way: 0 Address: 0x312099010
  Set: 1 Way: 0 Address: 0x312099040
  Set: 2 Way: 0 Address: 0x3120990b3
  Set: 3 Way: 0 Address: 0x9cff20ef
  Set: 4 Way: 0 Address: 0x14bb10135
  Set: 4 Way: 1 Address: 0x9cff2129
  Set: 5 Way: 0 Address: 0x14bb10142
  Set: 5 Way: 1 Address: 0x9cff2146
  Set: 6 Way: 0 Address: 0x14bb10181
  Set: 6 Way: 1 Address: 0x9cff21b0
  Set: 6 Way: 2 Address: 0xcf83b1a8
  Set: 7 Way: 0 Address: 0x14bb101d8
  Set: 7 Way: 1 Address: 0x1c084e1c2
  Set: 7 Way: 2 Address: 0x9cff21ef
  Set: 7 Way: 3 Address: 0xcf83b1da
  Set: 8 Way: 0 Address: 0x14bb10235
  Set: 8 Way: 1 Address: 0x3bdd7821b
  Set: 8 Way: 2 Address: 0x312099210
  Set: 8 Way: 3 Address: 0x9cff2201
  Set: 8 Way: 4 Address: 0xcf83b222
  Set: 9 Way: 0 Address: 0x3bdd7827a
  Set: 9 Way: 1 Address: 0x312099277
  Set: 9 Way: 2 Address: 0xcf83b242
  Set: 10 Way: 0 Address: 0x3bdd78283
  Set: 10 Way: 1 Address: 0x312099287
  Set: 10 Way: 2 Address: 0xcf83b29f
  Set: 11 Way: 0 Address: 0x3bdd782cc
  Set: 11 Way: 1 Address: 0x3120992c0
  Set: 11 Way: 2 Address: 0xcf83b2dc
  Set: 12 Way: 0 Address: 0x312099300
  Set: 12 Way: 1 Address: 0x3bdd78300
  Set: 12 Way: 2 Address: 0xcf83b307
  Set: 13 Way: 0 Address: 0xcf83b345
  Set: 14 Way: 0 Address: 0xcf83b3aa
  Set: 15 Way: 0 Address: 0x1c084e3fb
  Set: 15 Way: 1 Address: 0xcf83b3f2
  Set: 16 Way: 0 Address: 0x1c084e400
  Set: 16 Way: 1 Address: 0xcf83b43e
  Set: 17 Way: 0 Address: 0x31209945f
  Set: 17 Way: 1 Address: 0xcf83b449
  Set: 18 Way: 0 Address: 0x312099480
  Set: 18 Way: 1 Address: 0xcf83b4bc
  Set: 19 Way: 0 Address: 0x14bb104e1
  Set: 19 Way: 1 Address: 0x3120994c6
  Set: 19 Way: 2 Address: 0xcf83b4c7
  Set: 20 Way: 0 Address: 0x14bb1052c
  Set: 20 Way: 1 Address: 0x312099500
  Set: 20 Way: 2 Address: 0xcf83b50b
  Set: 21 Way: 0 Address: 0x14bb10542
  Set: 21 Way: 1 Address: 0x312099541
  Set: 22 Way: 0 Address: 0x14bb105ad
  Set: 23 Way: 0 Address: 0x14bb105e6
  Set: 24 Way: 0 Address: 0x14bb10625
  Set: 26 Way: 0 Address: 0x14bb10697
  Set: 26 Way: 1 Address: 0x3120996b5
  Set: 27 Way: 0 Address: 0x3120996e5
  Set: 28 Way: 0 Address: 0x2a4841735
  Set: 28 Way: 1 Address: 0x31209972e
  Set: 28 Way: 2 Address: 0xcf83b710
  Set: 29 Way: 0 Address: 0x2a4841762
  Set: 29 Way: 1 Address: 0x312099743
  Set: 30 Way: 0 Address: 0x2a48417a6
  Set: 30 Way: 1 Address: 0xee86f7b9
  Set: 30 Way: 2 Address: 0x31209979c
  Set: 31 Way: 0 Address: 0x2a48417e4
  Set: 31 Way: 1 Address: 0xee86f7ef
  Set: 31 Way: 2 Address: 0x3b377b7ea
  Set: 32 Way: 0 Address: 0x2a4841802
  Set: 32 Way: 1 Address: 0xee86f815
  Set: 32 Way: 2 Address: 0x3b377b801
  Set: 33 Way: 0 Address: 0xee86f86c
  Set: 33 Way: 1 Address: 0x3b377b843
  Set: 33 Way: 2 Address: 0x2c9898870
  Set: 34 Way: 0 Address: 0xee86f882
  Set: 34 Way: 1 Address: 0x2c98988b2
  Set: 35 Way: 0 Address: 0xee86f8db
  Set: 35 Way: 1 Address: 0x2c98988e4
  Set: 36 Way: 0 Address: 0x2c9898906
  Set: 36 Way: 1 Address: 0x312099900
  Set: 36 Way: 2 Address: 0xcf83b93a
  Set: 37 Way: 0 Address: 0x2c9898969
  Set: 37 Way: 1 Address: 0x312099943
  Set: 37 Way: 2 Address: 0xcf83b97d
  Set: 38 Way: 0 Address: 0xcf83b9b2
  Set: 39 Way: 0 Address: 0xcf83b9e1
  Set: 41 Way: 0 Address: 0xee86fa6a
  Set: 41 Way: 1 Address: 0xcf83ba51
  Set: 42 Way: 0 Address: 0xee86fa80
  Set: 42 Way: 1 Address: 0x2c9898a87
  Set: 42 Way: 2 Address: 0xcf83baa1
  Set: 42 Way: 3 Address: 0x9cff2a90
  Set: 43 Way: 0 Address: 0xee86fac0
  Set: 43 Way: 1 Address: 0x2c9898ac3
  Set: 43 Way: 2 Address: 0xcf83bafe
  Set: 43 Way: 3 Address: 0x9cff2ac3
  Set: 44 Way: 0 Address: 0x2c9898b22
  Set: 44 Way: 1 Address: 0xcf83bb03
  Set: 44 Way: 2 Address: 0x9cff2b2d
  Set: 45 Way: 0 Address: 0x2c9898b43
  Set: 45 Way: 1 Address: 0xcf83bb62
  Set: 45 Way: 2 Address: 0x9cff2b7e
  Set: 46 Way: 0 Address: 0x2c9898ba0
  Set: 46 Way: 1 Address: 0x312099bb2
  Set: 46 Way: 2 Address: 0xcf83bb83
  Set: 46 Way: 3 Address: 0x9cff2bb0
  Set: 47 Way: 0 Address: 0x2c9898bdd
  Set: 47 Way: 1 Address: 0x312099bf7
  Set: 47 Way: 2 Address: 0x9cff2bf1
  Set: 48 Way: 0 Address: 0x2c9898c19
  Set: 48 Way: 1 Address: 0x312099c00
  Set: 48 Way: 2 Address: 0x1132fac30
  Set: 48 Way: 3 Address: 0x9cff2c27
  Set: 49 Way: 0 Address: 0x2c9898c41
  Set: 49 Way: 1 Address: 0x257713c70
  Set: 49 Way: 2 Address: 0xcf83bc4d
  Set: 49 Way: 3 Address: 0x1132fac59
  Set: 49 Way: 4 Address: 0x9cff2c43
  Set: 50 Way: 0 Address: 0x9cff2cb4
  Set: 50 Way: 1 Address: 0x2c9898c82
  Set: 50 Way: 2 Address: 0x257713c81
  Set: 50 Way: 3 Address: 0x1132fac98
  Set: 51 Way: 0 Address: 0x9cff2cc1
  Set: 51 Way: 1 Address: 0x2c9898cf3
  Set: 51 Way: 2 Address: 0x257713cfe
  Set: 51 Way: 3 Address: 0x1132facc1
  Set: 52 Way: 0 Address: 0x9cff2d25
  Set: 52 Way: 1 Address: 0xee86fd1f
  Set: 52 Way: 2 Address: 0x2c9898d02
  Set: 52 Way: 3 Address: 0x257713d25
  Set: 53 Way: 0 Address: 0x9cff2d60
  Set: 53 Way: 1 Address: 0x257713d60
  Set: 53 Way: 2 Address: 0x2c9898d41
  Set: 53 Way: 3 Address: 0xcf83bd79
  Set: 53 Way: 4 Address: 0x32502cd60
  Set: 54 Way: 0 Address: 0x9cff2da4
  Set: 54 Way: 1 Address: 0x257713d83
  Set: 54 Way: 2 Address: 0xcf83bd81
  Set: 54 Way: 3 Address: 0x32502cd93
  Set: 55 Way: 0 Address: 0x9cff2dda
  Set: 55 Way: 1 Address: 0x257713de2
  Set: 55 Way: 2 Address: 0x32502cde2
  Set: 56 Way: 0 Address: 0x9cff2e02
  Set: 56 Way: 1 Address: 0x257713e1f
  Set: 56 Way: 2 Address: 0x32502ce02
  Set: 57 Way: 0 Address: 0x9cff2e74
  Set: 57 Way: 1 Address: 0x257713e73
  Set: 58 Way: 0 Address: 0x9cff2e81
  Set: 58 Way: 1 Address: 0x257713eb5
  Set: 59 Way: 0 Address: 0x257713ef7
  Set: 59 Way: 1 Address: 0x2c9898ecf
  Set: 60 Way: 0 Address: 0x257713f39
  Set: 60 Way: 1 Address: 0x2c9898f27
  Set: 61 Way: 0 Address: 0x257713f7d
  Set: 61 Way: 1 Address: 0x2c9898f62
  Set: 62 Way: 0 Address: 0x257713fb6
  Set: 62 Way: 1 Address: 0x2c9898fa4
  Set: 63 Way: 0 Address: 0x257713fc0
  Set: 63 Way: 1 Address: 0x2c9898fee
EndCache
Cache: cpu0_L1D
  Set: 0 Way: 0 Address: 0xdf85c000
  Set: 0 Way: 1 Address: 0x28b67e000
  Set: 0 Way: 2 Address: 0x195f15000
  Set: 0 Way: 3 Address: 0x1f919e010
  Set: 0 Way: 4 Address: 0x3de4d4010
  Set: 0 Way: 5 Address: 0x23755d010
  Set: 0 Way: 6 Address: 0x394edb018
  Set: 0 Way: 7 Address: 0x133c92018
  Set: 0 Way: 8 Address: 0x260091020
  Set: 0 Way: 9 Address: 0x15164d020
  Set: 0 Way: 10 Address: 0x1c6532038
  Set: 0 Way: 11 Address: 0x12c6fc039
  Set: 1 Way: 0 Address: 0x3de4d4068
  Set: 1 Way: 1 Address: 0x22272f070
  Set: 1 Way: 2 Address: 0x2db79e070
  Set: 1 Way: 3 Address: 0x1b0f15078
  Set: 1 Way: 4 Address: 0x27d4c6078
  Set: 1 Way: 5 Address: 0x12c6fc040
  Set: 2 Way: 0 Address: 0x1f919e080
  Set: 2 Way: 1 Address: 0x3c56b3080
  Set: 2 Way: 2 Address: 0x211d16098
  Set: 2 Way: 3 Address: 0x1995f20b8
  Set: 2 Way: 4 Address: 0x276ff70bf
  Set: 3 Way: 0 Address: 0x3c10740f0
  Set: 3 Way: 1 Address: 0x1995f20ff
  Set: 3 Way: 2 Address: 0x276ff70f7
  Set: 4 Way: 0 Address: 0x1995f2135
  Set: 4 Way: 1 Address: 0x28a940130
  Set: 4 Way: 2 Address: 0x379d39128
  Set: 5 Way: 0 Address: 0xf6e81160
  Set: 5 Way: 1 Address: 0x16390f168
  Set: 5 Way: 2 Address: 0x2ee369170
  Set: 5 Way: 3 Address: 0xe51bd174
  Set: 5 Way: 4 Address: 0x3c1074168
  Set: 5 Way: 5 Address: 0x3dae6617f
  Set: 5 Way: 6 Address: 0x3b0803158
  Set: 5 Way: 7 Address: 0x3fe58158
  Set: 6 Way: 0 Address: 0x3dae661b0
  Set: 6 Way: 1 Address: 0x3734ee194
  Set: 6 Way: 2 Address: 0x1e561a1a8
  Set: 6 Way: 3 Address: 0x848961bf
  Set: 6 Way: 4 Address: 0x342b401b8
  Set: 7 Way: 0 Address: 0x6d0c21d0
  Set: 7 Way: 1 Address: 0x848961f6
  Set: 7 Way: 2 Address: 0x3734ee1c8
  Set: 7 Way: 3 Address: 0x181c811f0
  Set: 7 Way: 4 Address: 0x2600911f0
  Set: 7 Way: 5 Address: 0x34a8731fc
  Set: 8 Way: 0 Address: 0x1d89da228
  Set: 8 Way: 1 Address: 0x6d0c2210
  Set: 8 Way: 2 Address: 0x133c92230
  Set: 8 Way: 3 Address: 0x6e620230
  Set: 8 Way: 4 Address: 0x292959238
  Set: 8 Way: 5 Address: 0x3232f3238
  Set: 8 Way: 6 Address: 0x3d87a6220
  Set: 8 Way: 7 Address: 0x181c81220
  Set: 8 Way: 8 Address: 0x34a873228
  Set: 9 Way: 0 Address: 0x292959240
  Set: 9 Way: 1 Address: 0x6d0c2278
  Set: 9 Way: 2 Address: 0x2db79e240
  Set: 9 Way: 3 Address: 0xbeea7240
  Set: 9 Way: 4 Address: 0x1b0f15250
  Set: 9 Way: 5 Address: 0x27d4c6258
  Set: 9 Way: 6 Address: 0x3d87a6258
  Set: 9 Way: 7 Address: 0x3232f3248
  Set: 9 Way: 8 Address: 0xa3a52248
  Set: 10 Way: 0 Address: 0x6d0c22b0
  Set: 10 Way: 1 Address: 0x23756f2b1
  Set: 10 Way: 2 Address: 0x12c6fc2bf
  Set: 11 Way: 0 Address: 0x6d0c22d0
  Set: 11 Way: 1 Address: 0x1c65322f8
  Set: 11 Way: 2 Address: 0x12c6fc2f9
  Set: 12 Way: 0 Address: 0x6d0c2308
  Set: 12 Way: 1 Address: 0x38e35c310
  Set: 12 Way: 2 Address: 0xb84a9310
  Set: 12 Way: 3 Address: 0x12c6fc300
  Set: 12 Way: 4 Address: 0x34a87333c
  Set: 13 Way: 0 Address: 0x6d0c2340
  Set: 13 Way: 1 Address: 0x34a873368
  Set: 13 Way: 2 Address: 0x276ff737f
  Set: 14 Way: 0 Address: 0x6d0c2390
  Set: 14 Way: 1 Address: 0x2ee3693a8
  Set: 14 Way: 2 Address: 0x2b2e933a8
  Set: 14 Way: 3 Address: 0x1add3b0
  Set: 14 Way: 4 Address: 0xb84a93a0
  Set: 14 Way: 5 Address: 0x1995f23bf
  Set: 14 Way: 6 Address: 0x8754a3a0
  Set: 14 Way: 7 Address: 0x358da73a0
  Set: 14 Way: 8 Address: 0x276ff73b8
  Set: 15 Way: 0 Address: 0x1995f23f5
  Set: 15 Way: 1 Address: 0x6d0c23f8
  Set: 15 Way: 2 Address: 0x379d393e8
  Set: 15 Way: 3 Address: 0x5d6e93f9
  Set: 16 Way: 0 Address: 0x6d0c2418
  Set: 16 Way: 1 Address: 0x168ef0400
  Set: 16 Way: 2 Address: 0x2db378430
  Set: 17 Way: 0 Address: 0x6d0c2478
  Set: 17 Way: 1 Address: 0x3dae66473
  Set: 17 Way: 2 Address: 0x168ef0478
  Set: 17 Way: 3 Address: 0x2db378440
  Set: 17 Way: 4 Address: 0x8489647f
  Set: 17 Way: 5 Address: 0x342b40479
  Set: 18 Way: 0 Address: 0x848964b1
  Set: 19 Way: 0 Address: 0x2470064e0
  Set: 20 Way: 0 Address: 0x6d0c2527
  Set: 21 Way: 0 Address: 0x6d0c2547
  Set: 21 Way: 1 Address: 0x23756f571
  Set: 21 Way: 2 Address: 0x2fbe97550
  Set: 21 Way: 3 Address: 0x12c6fc57f
  Set: 22 Way: 0 Address: 0x3734ee5b5
  Set: 22 Way: 1 Address: 0x6d0c2587
  Set: 22 Way: 2 Address: 0x1c65325b8
  Set: 22 Way: 3 Address: 0x12c6fc5b9
  Set: 23 Way: 0 Address: 0x3734ee5c5
  Set: 23 Way: 1 Address: 0x1add5f0
  Set: 23 Way: 2 Address: 0x1064c25f0
  Set: 23 Way: 3 Address: 0x3b08035f8
  Set: 23 Way: 4 Address: 0x12c6fc5c0
  Set: 23 Way: 5 Address: 0x3fe585e8
  Set: 23 Way: 6 Address: 0x8754a5e8
  Set: 23 Way: 7 Address: 0x57be55fe
  Set: 24 Way: 0 Address: 0x3734ee606
  Set: 24 Way: 1 Address: 0x6d0c2630
  Set: 24 Way: 2 Address: 0x168ef0634
  Set: 24 Way: 3 Address: 0x57be560c
  Set: 24 Way: 4 Address: 0x276ff763f
  Set: 25 Way: 0 Address: 0x6d0c2640
  Set: 25 Way: 1 Address: 0x1995f267f
  Set: 25 Way: 2 Address: 0x276ff7678
  Set: 26 Way: 0 Address: 0x1995f26b5
  Set: 26 Way: 1 Address: 0x6d0c268c
  Set: 26 Way: 2 Address: 0x379d396a8
  Set: 26 Way: 3 Address: 0x5d6e96b9
  Set: 27 Way: 0 Address: 0x437366c8
  Set: 27 Way: 1 Address: 0x6d0c26ee
  Set: 28 Way: 0 Address: 0x6d0c2728
  Set: 28 Way: 1 Address: 0x8489673f
  Set: 28 Way: 2 Address: 0x342b40738
  Set: 29 Way: 0 Address: 0x6d0c2778
  Set: 29 Way: 1 Address: 0x84896776
  Set: 29 Way: 2 Address: 0x6b744748
  Set: 29 Way: 3 Address: 0x1b7ae6748
  Set: 30 Way: 0 Address: 0x6d0c2788
  Set: 30 Way: 1 Address: 0x342b407b1
  Set: 31 Way: 0 Address: 0x28b67e7f8
  Set: 31 Way: 1 Address: 0x223eda7f8
  Set: 31 Way: 2 Address: 0x6d0c27e4
  Set: 31 Way: 3 Address: 0x12c0777fd
  Set: 32 Way: 0 Address: 0x23756f831
  Set: 32 Way: 1 Address: 0x12c6fc83f
  Set: 33 Way: 0 Address: 0x1c6532878
  Set: 33 Way: 1 Address: 0x12c6fc879
  Set: 33 Way: 2 Address: 0x4dd9c87f
  Set: 34 Way: 0 Address: 0x12c6fc880
  Set: 34 Way: 1 Address: 0x4dd9c8b8
  Set: 35 Way: 0 Address: 0x31be128d0
  Set: 35 Way: 1 Address: 0x276ff78ff
  Set: 36 Way: 0 Address: 0x23755d930
  Set: 36 Way: 1 Address: 0x394edb930
  Set: 36 Way: 2 Address: 0x2177f0930
  Set: 36 Way: 3 Address: 0x1995f293f
  Set: 36 Way: 4 Address: 0x276ff7937
  Set: 37 Way: 0 Address: 0x1995f2975
  Set: 37 Way: 1 Address: 0x354d35973
  Set: 37 Way: 2 Address: 0x6e620950
  Set: 37 Way: 3 Address: 0x22272f950
  Set: 37 Way: 4 Address: 0x31be12948
  Set: 37 Way: 5 Address: 0x379d39968
  Set: 37 Way: 6 Address: 0x5d6e9979
  Set: 38 Way: 0 Address: 0x6d0c29b8
  Set: 39 Way: 0 Address: 0x6d0c29d8
  Set: 39 Way: 1 Address: 0x848969ff
  Set: 39 Way: 2 Address: 0x342b409f8
  Set: 40 Way: 0 Address: 0x84896a34
  Set: 40 Way: 1 Address: 0x6d0c2a08
  Set: 41 Way: 0 Address: 0x201598a58
  Set: 41 Way: 1 Address: 0x342b40a71
  Set: 41 Way: 2 Address: 0x28a940a58
  Set: 41 Way: 3 Address: 0x6d0c2a50
  Set: 41 Way: 4 Address: 0x272585a7c
  Set: 41 Way: 5 Address: 0x12c077a7f
  Set: 42 Way: 0 Address: 0x272585a98
  Set: 42 Way: 1 Address: 0x36889bab8
  Set: 42 Way: 2 Address: 0x12c077ab8
  Set: 43 Way: 0 Address: 0x5588dae8
  Set: 43 Way: 1 Address: 0x2177f0ad8
  Set: 43 Way: 2 Address: 0x23756faf1
  Set: 43 Way: 3 Address: 0x2fa0c9af0
  Set: 43 Way: 4 Address: 0x19c791af8
  Set: 43 Way: 5 Address: 0xc67daaf0
  Set: 43 Way: 6 Address: 0x1ae2ccaec
  Set: 43 Way: 7 Address: 0x31be12af8
  Set: 43 Way: 8 Address: 0x12c077ac0
  Set: 43 Way: 9 Address: 0x12c6fcaff
  Set: 44 Way: 0 Address: 0x2177f0b32
  Set: 44 Way: 1 Address: 0x2c8749b00
  Set: 44 Way: 2 Address: 0x2fa0c9b00
  Set: 44 Way: 3 Address: 0x62d12b10
  Set: 44 Way: 4 Address: 0x7d0eeb10
  Set: 44 Way: 5 Address: 0x1c6532b38
  Set: 44 Way: 6 Address: 0x12c6fcb39
  Set: 44 Way: 7 Address: 0x4dd9cb3f
  Set: 45 Way: 0 Address: 0x5588db68
  Set: 45 Way: 1 Address: 0x20597eb68
  Set: 45 Way: 2 Address: 0x168ef0b44
  Set: 45 Way: 3 Address: 0x1ab44b5c
  Set: 45 Way: 4 Address: 0x12c6fcb40
  Set: 45 Way: 5 Address: 0x4dd9cb78
  Set: 46 Way: 0 Address: 0x12c6fcbb0
  Set: 46 Way: 1 Address: 0x5588db80
  Set: 46 Way: 2 Address: 0x2c8749b80
  Set: 46 Way: 3 Address: 0x1ab44ba0
  Set: 46 Way: 4 Address: 0x276ff7bbf
  Set: 47 Way: 0 Address: 0x3704c7bd8
  Set: 47 Way: 1 Address: 0x16a859bd0
  Set: 47 Way: 2 Address: 0x3567dfbe0
  Set: 47 Way: 3 Address: 0x1995f2bff
  Set: 47 Way: 4 Address: 0x112417bc8
  Set: 47 Way: 5 Address: 0x276ff7bf8
  Set: 48 Way: 0 Address: 0x1995f2c31
  Set: 48 Way: 1 Address: 0xc0d9bc30
  Set: 48 Way: 2 Address: 0x379d39c28
  Set: 48 Way: 3 Address: 0x276ff7c3f
  Set: 48 Way: 4 Address: 0x5d6e9c39
  Set: 49 Way: 0 Address: 0x276ff7c76
  Set: 49 Way: 1 Address: 0x1ab44c40
  Set: 49 Way: 2 Address: 0xc0d9bc50
  Set: 50 Way: 0 Address: 0xc0d9bcb8
  Set: 50 Way: 1 Address: 0x6d0c2c98
  Set: 50 Way: 2 Address: 0x84896cbf
  Set: 51 Way: 0 Address: 0x84896cf3
  Set: 51 Way: 1 Address: 0xc0d9bcff
  Set: 51 Way: 2 Address: 0x2fa0c9cf0
  Set: 51 Way: 3 Address: 0x32f48ccf0
  Set: 52 Way: 0 Address: 0xc0d9bd08
  Set: 52 Way: 1 Address: 0x342b40d31
  Set: 52 Way: 2 Address: 0xb84a9d24
  Set: 52 Way: 3 Address: 0x12c077d3f
  Set: 53 Way: 0 Address: 0xc0d9bd70
  Set: 53 Way: 1 Address: 0x36889bd78
  Set: 53 Way: 2 Address: 0x12c077d79
  Set: 54 Way: 0 Address: 0xc0d9bdb8
  Set: 54 Way: 1 Address: 0x23756fdb0
  Set: 54 Way: 2 Address: 0x7d0eed80
  Set: 54 Way: 3 Address: 0x6b744d80
  Set: 54 Way: 4 Address: 0x12c077d80
  Set: 54 Way: 5 Address: 0x12c6fcdbf
  Set: 55 Way: 0 Address: 0xc0d9bdd4
  Set: 55 Way: 1 Address: 0x1c6532df8
  Set: 55 Way: 2 Address: 0x12c6fcdf9
  Set: 55 Way: 3 Address: 0x4dd9cdff
  Set: 56 Way: 0 Address: 0xc7078e00
  Set: 56 Way: 1 Address: 0xc0d9be37
  Set: 56 Way: 2 Address: 0xb84a9e00
  Set: 56 Way: 3 Address: 0x12c6fce3f
  Set: 56 Way: 4 Address: 0x4dd9ce37
  Set: 57 Way: 0 Address: 0xc7078e50
  Set: 57 Way: 1 Address: 0x12c6fce70
  Set: 57 Way: 2 Address: 0x1c6532e68
  Set: 58 Way: 0 Address: 0xb8004e98
  Set: 58 Way: 1 Address: 0x19c791e88
  Set: 58 Way: 2 Address: 0x62d12e88
  Set: 58 Way: 3 Address: 0x8a579e88
  Set: 58 Way: 4 Address: 0x1995f2ebf
  Set: 59 Way: 0 Address: 0x1995f2ef1
  Set: 59 Way: 1 Address: 0xc7078ec0
  Set: 59 Way: 2 Address: 0x379d39ee8
  Set: 59 Way: 3 Address: 0x276ff7eff
  Set: 59 Way: 4 Address: 0x5d6e9ef9
  Set: 60 Way: 0 Address: 0x1aafb8f20
  Set: 60 Way: 1 Address: 0x129934f38
  Set: 60 Way: 2 Address: 0x276ff7f31
  Set: 60 Way: 3 Address: 0x143eff00
  Set: 60 Way: 4 Address: 0x34a0e5f00
  Set: 60 Way: 5 Address: 0x28420bf28
  Set: 61 Way: 0 Address: 0x129934f40
  Set: 61 Way: 1 Address: 0x143eff40
  Set: 61 Way: 2 Address: 0x84896f7f
  Set: 62 Way: 0 Address: 0x84896fb3
  Set: 62 Way: 1 Address: 0x2c077ef9c
  Set: 63 Way: 0 Address: 0x1c84e2fd8
  Set: 63 Way: 1 Address: 0x129934fd8
  Set: 63 Way: 2 Address: 0x2f5d8efd8
  Set: 63 Way: 3 Address: 0x342b40ff1
  Set: 63 Way: 4 Address: 0x168ef0fd0
  Set: 63 Way: 5 Address: 0x12c077fff
EndCache
Cache: cpu0_ITLB
  Set: 2 Way: 0 Address: 0x40286c
  Set: 3 Way: 0 Address: 0x4033fb
  Set: 4 Way: 0 Address: 0x444b03
  Set: 4 Way: 1 Address: 0x404c98
  Set: 5 Way: 0 Address: 0x445cb4
  Set: 6 Way: 0 Address: 0x446135
  Set: 8 Way: 0 Address: 0x44827a
  Set: 10 Way: 0 Address: 0x44a8e4
  Set: 11 Way: 0 Address: 0x44b040
  Set: 13 Way: 0 Address: 0x40d7a6
  Set: 14 Way: 0 Address: 0x40e7ea
  Set: 14 Way: 1 Address: 0x43ee02
  Set: 15 Way: 0 Address: 0x40fc81
EndCache
Cache: cpu0_DTLB
  Set: 0 Way: 0 Address: 0x2770a98
  Set: 0 Way: 1 Address: 0x2760a58
  Set: 0 Way: 2 Address: 0x21e03a0
  Set: 0 Way: 3 Address: 0x27b060c
  Set: 1 Way: 0 Address: 0x27d1f9c
  Set: 2 Way: 0 Address: 0x2762174
  Set: 4 Way: 0 Address: 0x21e45b1
  Set: 4 Way: 1 Address: 0x7fd2fa6748b8
  Set: 5 Way: 0 Address: 0x7fd2fa675f31
  Set: 5 Way: 1 Address: 0x21e54e0
  Set: 6 Way: 0 Address: 0x526973
  Set: 6 Way: 1 Address: 0x7fd2fa6764b0
  Set: 7 Way: 0 Address: 0x21e7e50
  Set: 7 Way: 1 Address: 0x7ffedb247d08
  Set: 8 Way: 0 Address: 0x7ffedb2482d0
  Set: 8 Way: 1 Address: 0x21e80f0
  Set: 9 Way: 0 Address: 0x26e9440
  Set: 9 Way: 1 Address: 0x7ffedb249550
  Set: 9 Way: 2 Address: 0x7fd2fa379d78
  Set: 10 Way: 0 Address: 0x52a930
  Set: 10 Way: 1 Address: 0x7fd2fa37ae68
  Set: 11 Way: 0 Address: 0x21fb310
  Set: 11 Way: 1 Address: 0x7fd2fa37bee8
  Set: 11 Way: 2 Address: 0x7fd2fa62bab8
  Set: 12 Way: 0 Address: 0x7fd2fa62ce70
  Set: 12 Way: 1 Address: 0x7fd2fa37c1a8
  Set: 13 Way: 0 Address: 0x7fd2fa62def1
  Set: 13 Way: 1 Address: 0x275dc40
  Set: 13 Way: 2 Address: 0x276d228
  Set: 13 Way: 3 Address: 0x7fd2fa6bd3f9
  Set: 14 Way: 0 Address: 0x7fd2fa62e1b0
  Set: 14 Way: 1 Address: 0x7fd2fa6be7b1
  Set: 14 Way: 2 Address: 0x279eaec
  Set: 14 Way: 3 Address: 0x275eaf8
  Set: 15 Way: 0 Address: 0x7fd2fa6bf2b1
  Set: 15 Way: 1 Address: 0x275ffd0
EndCache
Cache: LLC
  Set: 4 Way: 0 Address: 0x28a940130
  Set: 6 Way: 0 Address: 0x342b401bd
  Set: 8 Way: 0 Address: 0x6e620230
  Set: 17 Way: 0 Address: 0x342b40440
  Set: 18 Way: 0 Address: 0x342b40480
  Set: 28 Way: 0 Address: 0x342b40700
  Set: 30 Way: 0 Address: 0x342b407b5
  Set: 37 Way: 0 Address: 0x6e620950
  Set: 39 Way: 0 Address: 0x342b409c0
  Set: 41 Way: 0 Address: 0x342b40a75
  Set: 41 Way: 1 Address: 0x28a940a58
  Set: 50 Way: 0 Address: 0x342b40c80
  Set: 52 Way: 0 Address: 0x342b40d35
  Set: 61 Way: 0 Address: 0x342b40f40
  Set: 63 Way: 0 Address: 0x342b40ff5
  Set: 69 Way: 0 Address: 0xf6e81160
  Set: 71 Way: 0 Address: 0x181c811f0
  Set: 72 Way: 0 Address: 0x181c81220
  Set: 92 Way: 0 Address: 0x2a4841700
  Set: 93 Way: 0 Address: 0x2a4841740
  Set: 94 Way: 0 Address: 0x2a4841781
  Set: 95 Way: 0 Address: 0x2a48417c2
  Set: 96 Way: 0 Address: 0x2a4841802
  Set: 135 Way: 0 Address: 0x6d0c21d0
  Set: 136 Way: 0 Address: 0x6d0c2200
  Set: 137 Way: 0 Address: 0x6d0c2278
  Set: 138 Way: 0 Address: 0x6d0c22b8
  Set: 139 Way: 0 Address: 0x6d0c22d0
  Set: 140 Way: 0 Address: 0x6d0c2330
  Set: 141 Way: 0 Address: 0x6d0c2340
  Set: 142 Way: 0 Address: 0x6d0c2390
  Set: 143 Way: 0 Address: 0x6d0c23f8
  Set: 144 Way: 0 Address: 0x6d0c2418
  Set: 145 Way: 0 Address: 0x6d0c2470
  Set: 148 Way: 0 Address: 0x6d0c2510
  Set: 149 Way: 0 Address: 0x6d0c2540
  Set: 150 Way: 0 Address: 0x6d0c2580
  Set: 151 Way: 0 Address: 0x1064c25f0
  Set: 152 Way: 0 Address: 0x6d0c2618
  Set: 153 Way: 0 Address: 0x6d0c2640
  Set: 154 Way: 0 Address: 0x6d0c268c
  Set: 155 Way: 0 Address: 0x6d0c26e0
  Set: 156 Way: 0 Address: 0x6d0c2730
  Set: 157 Way: 0 Address: 0x6d0c2778
  Set: 158 Way: 0 Address: 0x6d0c2788
  Set: 159 Way: 0 Address: 0x6d0c27ec
  Set: 166 Way: 0 Address: 0x6d0c29a8
  Set: 167 Way: 0 Address: 0x6d0c29c0
  Set: 168 Way: 0 Address: 0x6d0c2a10
  Set: 169 Way: 0 Address: 0x6d0c2a50
  Set: 178 Way: 0 Address: 0x6d0c2c98
  Set: 191 Way: 0 Address: 0x1c84e2fd8
  Set: 197 Way: 0 Address: 0x3b0803158
  Set: 215 Way: 0 Address: 0x3b08035f8
  Set: 285 Way: 0 Address: 0x6b744748
  Set: 301 Way: 0 Address: 0x1ab44b5c
  Set: 302 Way: 0 Address: 0x1ab44ba0
  Set: 305 Way: 0 Address: 0x1ab44c40
  Set: 310 Way: 0 Address: 0x6b744d80
  Set: 314 Way: 0 Address: 0xb8004e98
  Set: 343 Way: 0 Address: 0x57be55fe
  Set: 344 Way: 0 Address: 0x57be560c
  Set: 361 Way: 0 Address: 0x272585a7c
  Set: 362 Way: 0 Address: 0x272585a98
  Set: 380 Way: 0 Address: 0x34a0e5f00
  Set: 385 Way: 0 Address: 0x27d4c6078
  Set: 389 Way: 0 Address: 0x3dae6617f
  Set: 390 Way: 0 Address: 0x3dae661b5
  Set: 392 Way: 0 Address: 0x3d87a6220
  Set: 393 Way: 0 Address: 0x27d4c6258
  Set: 393 Way: 1 Address: 0x3d87a6258
  Set: 401 Way: 0 Address: 0x3dae66475
  Set: 403 Way: 0 Address: 0x2470064e0
  Set: 412 Way: 0 Address: 0x3dae66700
  Set: 413 Way: 0 Address: 0x1b7ae6748
  Set: 457 Way: 0 Address: 0xbeea7240
  Set: 462 Way: 0 Address: 0x358da73a0
  Set: 495 Way: 0 Address: 0x3704c7bd8
  Set: 581 Way: 0 Address: 0x2ee369170
  Set: 588 Way: 0 Address: 0xb84a9310
  Set: 590 Way: 0 Address: 0x2ee3693a8
  Set: 590 Way: 1 Address: 0xb84a93a0
  Set: 591 Way: 0 Address: 0x5d6e93fd
  Set: 602 Way: 0 Address: 0x5d6e96bd
  Set: 613 Way: 0 Address: 0x5d6e9940
  Set: 619 Way: 0 Address: 0x2fa0c9af8
  Set: 620 Way: 0 Address: 0x2c8749b00
  Set: 620 Way: 1 Address: 0x2fa0c9b00
  Set: 622 Way: 0 Address: 0x2c8749b80
  Set: 624 Way: 0 Address: 0x5d6e9c3c
  Set: 627 Way: 0 Address: 0x2fa0c9cf0
  Set: 628 Way: 0 Address: 0xb84a9d24
  Set: 632 Way: 0 Address: 0xb84a9e00
  Set: 635 Way: 0 Address: 0x5d6e9ec0
  Set: 646 Way: 0 Address: 0x5d6ea180
  Set: 654 Way: 0 Address: 0x8754a3a0
  Set: 657 Way: 0 Address: 0x5d6ea440
  Set: 663 Way: 0 Address: 0x8754a5e8
  Set: 668 Way: 0 Address: 0x5d6ea700
  Set: 764 Way: 0 Address: 0x28420bf28
  Set: 811 Way: 0 Address: 0x1ae2ccaec
  Set: 819 Way: 0 Address: 0x32f48ccf0
  Set: 821 Way: 0 Address: 0x32502cd60
  Set: 822 Way: 0 Address: 0x32502cd93
  Set: 823 Way: 0 Address: 0x32502cde2
  Set: 824 Way: 0 Address: 0x32502ce02
  Set: 825 Way: 0 Address: 0x32502ce40
  Set: 832 Way: 0 Address: 0x15164d020
  Set: 875 Way: 0 Address: 0x5588dae8
  Set: 877 Way: 0 Address: 0x5588db68
  Set: 878 Way: 0 Address: 0x5588db80
  Set: 902 Way: 0 Address: 0x3734ee194
  Set: 903 Way: 0 Address: 0x1c084e1c2
  Set: 903 Way: 1 Address: 0x3734ee1cc
  Set: 911 Way: 0 Address: 0x1c084e3fb
  Set: 912 Way: 0 Address: 0x1c084e400
  Set: 913 Way: 0 Address: 0x1c084e440
  Set: 918 Way: 0 Address: 0x3734ee5a5
  Set: 919 Way: 0 Address: 0x3734ee5c5
  Set: 920 Way: 0 Address: 0x3734ee605
  Set: 940 Way: 0 Address: 0x7d0eeb10
  Set: 950 Way: 0 Address: 0x7d0eed80
  Set: 959 Way: 0 Address: 0x2f5d8efd8
  Set: 961 Way: 0 Address: 0x22272f070
  Set: 965 Way: 0 Address: 0x16390f168
  Set: 970 Way: 0 Address: 0x23756f2b5
  Set: 981 Way: 0 Address: 0x23756f575
  Set: 990 Way: 0 Address: 0xee86f7b0
  Set: 991 Way: 0 Address: 0xee86f7c4
  Set: 992 Way: 0 Address: 0xee86f801
  Set: 992 Way: 1 Address: 0x23756f835
  Set: 993 Way: 0 Address: 0xee86f841
  Set: 994 Way: 0 Address: 0xee86f882
  Set: 995 Way: 0 Address: 0xee86f8c1
  Set: 997 Way: 0 Address: 0x22272f950
  Set: 1001 Way: 0 Address: 0xee86fa40
  Set: 1002 Way: 0 Address: 0xee86fa80
  Set: 1003 Way: 0 Address: 0xee86fac0
  Set: 1003 Way: 1 Address: 0x23756faf5
  Set: 1012 Way: 0 Address: 0xee86fd1f
  Set: 1014 Way: 0 Address: 0x23756fdb5
  Set: 1020 Way: 0 Address: 0x143eff00
  Set: 1021 Way: 0 Address: 0x143eff40
  Set: 1028 Way: 0 Address: 0x14bb10106
  Set: 1029 Way: 0 Address: 0x14bb10142
  Set: 1030 Way: 0 Address: 0x14bb10180
  Set: 1031 Way: 0 Address: 0x14bb101d8
  Set: 1032 Way: 0 Address: 0x14bb10201
  Set: 1040 Way: 0 Address: 0x168ef0400
  Set: 1041 Way: 0 Address: 0x168ef0478
  Set: 1043 Way: 0 Address: 0x14bb104e1
  Set: 1044 Way: 0 Address: 0x14bb10500
  Set: 1045 Way: 0 Address: 0x14bb10542
  Set: 1046 Way: 0 Address: 0x14bb10582
  Set: 1047 Way: 0 Address: 0x14bb105c2
  Set: 1048 Way: 0 Address: 0x14bb10605
  Set: 1048 Way: 1 Address: 0x168ef0634
  Set: 1050 Way: 0 Address: 0x14bb10697
  Set: 1057 Way: 0 Address: 0x14bb10840
  Set: 1059 Way: 0 Address: 0x168ef08c0
  Set: 1060 Way: 0 Address: 0x2177f0930
  Set: 1067 Way: 0 Address: 0x2177f0ad8
  Set: 1068 Way: 0 Address: 0x2177f0b32
  Set: 1069 Way: 0 Address: 0x168ef0b44
  Set: 1087 Way: 0 Address: 0x168ef0fd0
  Set: 1088 Way: 0 Address: 0x260091020
  Set: 1095 Way: 0 Address: 0x2600911f0
  Set: 1131 Way: 0 Address: 0x19c791af8
  Set: 1146 Way: 0 Address: 0x19c791e88
  Set: 1152 Way: 0 Address: 0x133c92018
  Set: 1152 Way: 1 Address: 0x1c6532038
  Set: 1154 Way: 0 Address: 0x1995f20bd
  Set: 1155 Way: 0 Address: 0x9cff20ef
  Set: 1155 Way: 1 Address: 0x1995f20ff
  Set: 1156 Way: 0 Address: 0x1995f2135
  Set: 1156 Way: 1 Address: 0x9cff2105
  Set: 1157 Way: 0 Address: 0x9cff2146
  Set: 1158 Way: 0 Address: 0x9cff2180
  Set: 1159 Way: 0 Address: 0x9cff21c0
  Set: 1160 Way: 0 Address: 0x133c92230
  Set: 1160 Way: 1 Address: 0x9cff2201
  Set: 1161 Way: 0 Address: 0x9cff2240
  Set: 1161 Way: 1 Address: 0xa3a52248
  Set: 1163 Way: 0 Address: 0x1c65322f8
  Set: 1165 Way: 0 Address: 0x1995f2340
  Set: 1166 Way: 0 Address: 0x1995f23bf
  Set: 1167 Way: 0 Address: 0x1995f23f5
  Set: 1174 Way: 0 Address: 0x1c65325b8
  Set: 1177 Way: 0 Address: 0x1995f267f
  Set: 1178 Way: 0 Address: 0x1995f26b5
  Set: 1185 Way: 0 Address: 0x1c6532878
  Set: 1187 Way: 0 Address: 0x31be128d0
  Set: 1188 Way: 0 Address: 0x1995f293f
  Set: 1189 Way: 0 Address: 0x1995f2975
  Set: 1189 Way: 1 Address: 0x31be12948
  Set: 1194 Way: 0 Address: 0x9cff2a90
  Set: 1195 Way: 0 Address: 0x31be12af8
  Set: 1195 Way: 1 Address: 0x9cff2ac3
  Set: 1196 Way: 0 Address: 0x62d12b10
  Set: 1196 Way: 1 Address: 0x9cff2b00
  Set: 1196 Way: 2 Address: 0x1c6532b38
  Set: 1197 Way: 0 Address: 0x9cff2b43
  Set: 1198 Way: 0 Address: 0x9cff2b82
  Set: 1199 Way: 0 Address: 0x9cff2bc0
  Set: 1199 Way: 1 Address: 0x1995f2bc0
  Set: 1200 Way: 0 Address: 0x1995f2c35
  Set: 1200 Way: 1 Address: 0x9cff2c01
  Set: 1201 Way: 0 Address: 0x9cff2c43
  Set: 1202 Way: 0 Address: 0x9cff2cb4
  Set: 1203 Way: 0 Address: 0x9cff2cc1
  Set: 1204 Way: 0 Address: 0x9cff2d00
  Set: 1205 Way: 0 Address: 0x9cff2d41
  Set: 1206 Way: 0 Address: 0x9cff2d82
  Set: 1207 Way: 0 Address: 0x9cff2dc0
  Set: 1207 Way: 1 Address: 0x1c6532df8
  Set: 1208 Way: 0 Address: 0x9cff2e02
  Set: 1209 Way: 0 Address: 0x9cff2e74
  Set: 1209 Way: 1 Address: 0x1c6532e68
  Set: 1210 Way: 0 Address: 0x9cff2e81
  Set: 1210 Way: 1 Address: 0x62d12e88
  Set: 1210 Way: 2 Address: 0x1995f2ebf
  Set: 1211 Way: 0 Address: 0x1995f2ef5
  Set: 1218 Way: 0 Address: 0x3c56b3080
  Set: 1223 Way: 0 Address: 0x34a8731fc
  Set: 1224 Way: 0 Address: 0x3232f3238
  Set: 1224 Way: 1 Address: 0x34a873228
  Set: 1225 Way: 0 Address: 0x3232f3248
  Set: 1228 Way: 0 Address: 0x34a87333c
  Set: 1229 Way: 0 Address: 0x34a873364
  Set: 1230 Way: 0 Address: 0x2b2e933a8
  Set: 1265 Way: 0 Address: 0x257713c70
  Set: 1266 Way: 0 Address: 0x257713c81
  Set: 1267 Way: 0 Address: 0x257713cc0
  Set: 1268 Way: 0 Address: 0x257713d02
  Set: 1269 Way: 0 Address: 0x257713d41
  Set: 1270 Way: 0 Address: 0x257713d83
  Set: 1271 Way: 0 Address: 0x257713dc0
  Set: 1272 Way: 0 Address: 0x257713e01
  Set: 1273 Way: 0 Address: 0x257713e41
  Set: 1274 Way: 0 Address: 0x257713e81
  Set: 1275 Way: 0 Address: 0x257713ec2
  Set: 1276 Way: 0 Address: 0x257713f04
  Set: 1277 Way: 0 Address: 0x257713f43
  Set: 1278 Way: 0 Address: 0x257713f81
  Set: 1279 Way: 0 Address: 0x257713fc0
  Set: 1280 Way: 0 Address: 0x3de4d4010
  Set: 1281 Way: 0 Address: 0x3de4d4068
  Set: 1283 Way: 0 Address: 0x3c10740f0
  Set: 1285 Way: 0 Address: 0x3c1074168
  Set: 1340 Way: 0 Address: 0x129934f38
  Set: 1341 Way: 0 Address: 0x129934f40
  Set: 1343 Way: 0 Address: 0x129934fd8
  Set: 1344 Way: 0 Address: 0x195f15000
  Set: 1345 Way: 0 Address: 0x1b0f15078
  Set: 1353 Way: 0 Address: 0x1b0f15250
  Set: 1381 Way: 0 Address: 0x354d35963
  Set: 1410 Way: 0 Address: 0x211d16098
  Set: 1414 Way: 0 Address: 0x848961bf
  Set: 1415 Way: 0 Address: 0x848961ef
  Set: 1425 Way: 0 Address: 0x8489647f
  Set: 1426 Way: 0 Address: 0x848964af
  Set: 1435 Way: 0 Address: 0x437366c8
  Set: 1436 Way: 0 Address: 0x8489673f
  Set: 1437 Way: 0 Address: 0x8489676f
  Set: 1447 Way: 0 Address: 0x848969ff
  Set: 1448 Way: 0 Address: 0x84896a2f
  Set: 1458 Way: 0 Address: 0x84896c80
  Set: 1459 Way: 0 Address: 0x84896cef
  Set: 1469 Way: 0 Address: 0x84896f7f
  Set: 1470 Way: 0 Address: 0x84896faf
  Set: 1474 Way: 0 Address: 0x276ff70bf
  Set: 1475 Way: 0 Address: 0x276ff70fc
  Set: 1485 Way: 0 Address: 0x276ff7340
  Set: 1486 Way: 0 Address: 0x276ff7380
  Set: 1493 Way: 0 Address: 0x2fbe97550
  Set: 1496 Way: 0 Address: 0x276ff7600
  Set: 1497 Way: 0 Address: 0x276ff7640
  Set: 1503 Way: 0 Address: 0x12c0777fd
  Set: 1507 Way: 0 Address: 0x276ff78c0
  Set: 1508 Way: 0 Address: 0x276ff7900
  Set: 1513 Way: 0 Address: 0x12c077a7f
  Set: 1514 Way: 0 Address: 0x12c077abd
  Set: 1515 Way: 0 Address: 0x12c077ac0
  Set: 1518 Way: 0 Address: 0x276ff7b80
  Set: 1519 Way: 0 Address: 0x112417bc8
  Set: 1519 Way: 1 Address: 0x276ff7bc0
  Set: 1520 Way: 0 Address: 0x276ff7c3f
  Set: 1521 Way: 0 Address: 0x276ff7c6f
  Set: 1524 Way: 0 Address: 0x12c077d3f
  Set: 1525 Way: 0 Address: 0x12c077d7d
  Set: 1526 Way: 0 Address: 0x12c077d80
  Set: 1529 Way: 0 Address: 0x276ff7e40
  Set: 1530 Way: 0 Address: 0x276ff7e80
  Set: 1531 Way: 0 Address: 0x276ff7eff
  Set: 1532 Way: 0 Address: 0x276ff7f2f
  Set: 1535 Way: 0 Address: 0x12c077fff
  Set: 1536 Way: 0 Address: 0x12c078000
  Set: 1541 Way: 0 Address: 0x3fe58158
  Set: 1541 Way: 1 Address: 0x276ff8140
  Set: 1544 Way: 0 Address: 0x3bdd7821b
  Set: 1545 Way: 0 Address: 0x3bdd78240
  Set: 1546 Way: 0 Address: 0x3bdd78283
  Set: 1546 Way: 1 Address: 0x12c078280
  Set: 1547 Way: 0 Address: 0x3bdd782c0
  Set: 1547 Way: 1 Address: 0x12c0782c0
  Set: 1548 Way: 0 Address: 0x3bdd78300
  Set: 1549 Way: 0 Address: 0x3bdd78340
  Set: 1552 Way: 0 Address: 0x2db378430
  Set: 1552 Way: 1 Address: 0x276ff8400
  Set: 1553 Way: 0 Address: 0x2db378440
  Set: 1554 Way: 0 Address: 0x2db378480
  Set: 1558 Way: 0 Address: 0x12c078580
  Set: 1559 Way: 0 Address: 0x3fe585e8
  Set: 1569 Way: 0 Address: 0x2c9898870
  Set: 1570 Way: 0 Address: 0x2c9898881
  Set: 1571 Way: 0 Address: 0x2c98988c3
  Set: 1572 Way: 0 Address: 0x2c9898900
  Set: 1573 Way: 0 Address: 0x2c9898946
  Set: 1577 Way: 0 Address: 0x201598a58
  Set: 1578 Way: 0 Address: 0x2c9898a87
  Set: 1579 Way: 0 Address: 0x2c9898ac3
  Set: 1580 Way: 0 Address: 0x2c9898b05
  Set: 1581 Way: 0 Address: 0x2c9898b43
  Set: 1582 Way: 0 Address: 0x2c9898b80
  Set: 1583 Way: 0 Address: 0x2c9898bc1
  Set: 1584 Way: 0 Address: 0x2c9898c03
  Set: 1585 Way: 0 Address: 0x2c9898c41
  Set: 1586 Way: 0 Address: 0x2c9898c82
  Set: 1587 Way: 0 Address: 0x2c9898cc0
  Set: 1588 Way: 0 Address: 0x2c9898d02
  Set: 1589 Way: 0 Address: 0x2c9898d40
  Set: 1590 Way: 0 Address: 0x2c9898d80
  Set: 1592 Way: 0 Address: 0xc7078e00
  Set: 1593 Way: 0 Address: 0xc7078e50
  Set: 1595 Way: 0 Address: 0xc7078ec0
  Set: 1595 Way: 1 Address: 0x2c9898ecf
  Set: 1596 Way: 0 Address: 0x1aafb8f20
  Set: 1596 Way: 1 Address: 0x2c9898f27
  Set: 1597 Way: 0 Address: 0x2c9898f43
  Set: 1598 Way: 0 Address: 0x2c9898f80
  Set: 1599 Way: 0 Address: 0x2c9898fc4
  Set: 1600 Way: 0 Address: 0x312099010
  Set: 1601 Way: 0 Address: 0x312099040
  Set: 1602 Way: 0 Address: 0x312099080
  Set: 1603 Way: 0 Address: 0x3120990c0
  Set: 1604 Way: 0 Address: 0x379d39128
  Set: 1608 Way: 0 Address: 0x292959238
  Set: 1608 Way: 1 Address: 0x312099210
  Set: 1609 Way: 0 Address: 0x292959240
  Set: 1609 Way: 1 Address: 0x312099240
  Set: 1610 Way: 0 Address: 0x312099287
  Set: 1611 Way: 0 Address: 0x3120992c0
  Set: 1612 Way: 0 Address: 0x312099300
  Set: 1613 Way: 0 Address: 0x312099340
  Set: 1615 Way: 0 Address: 0x379d393e8
  Set: 1617 Way: 0 Address: 0x31209945f
  Set: 1618 Way: 0 Address: 0x312099480
  Set: 1619 Way: 0 Address: 0x3120994c6
  Set: 1620 Way: 0 Address: 0x312099500
  Set: 1621 Way: 0 Address: 0x312099541
  Set: 1622 Way: 0 Address: 0x312099580
  Set: 1626 Way: 0 Address: 0x3120996b5
  Set: 1626 Way: 1 Address: 0x379d396a8
  Set: 1627 Way: 0 Address: 0x3120996c3
  Set: 1628 Way: 0 Address: 0x312099700
  Set: 1629 Way: 0 Address: 0x312099743
  Set: 1630 Way: 0 Address: 0x312099780
  Set: 1631 Way: 0 Address: 0x3120997c0
  Set: 1636 Way: 0 Address: 0x312099900
  Set: 1637 Way: 0 Address: 0x312099940
  Set: 1637 Way: 1 Address: 0x379d39968
  Set: 1638 Way: 0 Address: 0x312099980
  Set: 1646 Way: 0 Address: 0x312099bb2
  Set: 1647 Way: 0 Address: 0x312099bc1
  Set: 1647 Way: 1 Address: 0x16a859bd0
  Set: 1648 Way: 0 Address: 0x312099c00
  Set: 1648 Way: 1 Address: 0x379d39c28
  Set: 1649 Way: 0 Address: 0x312099c40
  Set: 1658 Way: 0 Address: 0x8a579e88
  Set: 1659 Way: 0 Address: 0x379d39ee8
  Set: 1670 Way: 0 Address: 0x1e561a1a8
  Set: 1672 Way: 0 Address: 0x1d89da228
  Set: 1681 Way: 0 Address: 0x1e561a440
  Set: 1695 Way: 0 Address: 0x223eda7f8
  Set: 1707 Way: 0 Address: 0xc67daaf0
  Set: 1712 Way: 0 Address: 0x1132fac00
  Set: 1713 Way: 0 Address: 0x1132fac41
  Set: 1714 Way: 0 Address: 0x1132fac80
  Set: 1715 Way: 0 Address: 0x1132facc0
  Set: 1716 Way: 0 Address: 0x1132fad00
  Set: 1728 Way: 0 Address: 0x394edb018
  Set: 1734 Way: 0 Address: 0xcf83b180
  Set: 1735 Way: 0 Address: 0xcf83b1c1
  Set: 1736 Way: 0 Address: 0xcf83b200
  Set: 1737 Way: 0 Address: 0xcf83b242
  Set: 1738 Way: 0 Address: 0xcf83b285
  Set: 1739 Way: 0 Address: 0xcf83b2c1
  Set: 1740 Way: 0 Address: 0xcf83b307
  Set: 1741 Way: 0 Address: 0xcf83b340
  Set: 1742 Way: 0 Address: 0xcf83b383
  Set: 1743 Way: 0 Address: 0xcf83b3c5
  Set: 1744 Way: 0 Address: 0xcf83b400
  Set: 1745 Way: 0 Address: 0xcf83b449
  Set: 1746 Way: 0 Address: 0xcf83b489
  Set: 1747 Way: 0 Address: 0xcf83b4c7
  Set: 1748 Way: 0 Address: 0xcf83b500
  Set: 1749 Way: 0 Address: 0xcf83b540
  Set: 1756 Way: 0 Address: 0xcf83b710
  Set: 1759 Way: 0 Address: 0x3b377b7d0
  Set: 1760 Way: 0 Address: 0x3b377b801
  Set: 1761 Way: 0 Address: 0x3b377b840
  Set: 1762 Way: 0 Address: 0x3b377b880
  Set: 1764 Way: 0 Address: 0x394edb930
  Set: 1764 Way: 1 Address: 0xcf83b900
  Set: 1765 Way: 0 Address: 0xcf83b945
  Set: 1766 Way: 0 Address: 0xcf83b982
  Set: 1767 Way: 0 Address: 0xcf83b9c0
  Set: 1768 Way: 0 Address: 0xcf83ba00
  Set: 1769 Way: 0 Address: 0xcf83ba51
  Set: 1770 Way: 0 Address: 0xcf83ba80
  Set: 1770 Way: 1 Address: 0x36889bab8
  Set: 1771 Way: 0 Address: 0xcf83bac2
  Set: 1772 Way: 0 Address: 0xcf83bb03
  Set: 1773 Way: 0 Address: 0xcf83bb45
  Set: 1774 Way: 0 Address: 0xcf83bb83
  Set: 1775 Way: 0 Address: 0xcf83bbc0
  Set: 1776 Way: 0 Address: 0xc0d9bc20
  Set: 1777 Way: 0 Address: 0xc0d9bc50
  Set: 1777 Way: 1 Address: 0xcf83bc4d
  Set: 1778 Way: 0 Address: 0xc0d9bcb8
  Set: 1779 Way: 0 Address: 0xc0d9bcff
  Set: 1780 Way: 0 Address: 0xc0d9bd38
  Set: 1781 Way: 0 Address: 0xc0d9bd64
  Set: 1781 Way: 1 Address: 0xcf83bd79
  Set: 1781 Way: 2 Address: 0x36889bd78
  Set: 1782 Way: 0 Address: 0xc0d9bdb8
  Set: 1782 Way: 1 Address: 0xcf83bd81
  Set: 1783 Way: 0 Address: 0xc0d9bdc0
  Set: 1784 Way: 0 Address: 0xc0d9be00
  Set: 1792 Way: 0 Address: 0xdf85c000
  Set: 1792 Way: 1 Address: 0x12c6fc03d
  Set: 1793 Way: 0 Address: 0x12c6fc040
  Set: 1802 Way: 0 Address: 0x12c6fc2bf
  Set: 1803 Way: 0 Address: 0x12c6fc2fd
  Set: 1804 Way: 0 Address: 0x38e35c310
  Set: 1804 Way: 1 Address: 0x12c6fc300
  Set: 1813 Way: 0 Address: 0x12c6fc540
  Set: 1814 Way: 0 Address: 0x12c6fc5bd
  Set: 1815 Way: 0 Address: 0x12c6fc5c0
  Set: 1824 Way: 0 Address: 0x12c6fc800
  Set: 1825 Way: 0 Address: 0x12c6fc87d
  Set: 1825 Way: 1 Address: 0x4dd9c87f
  Set: 1826 Way: 0 Address: 0x12c6fc880
  Set: 1826 Way: 1 Address: 0x4dd9c8bc
  Set: 1835 Way: 0 Address: 0x12c6fcac0
  Set: 1836 Way: 0 Address: 0x12c6fcb00
  Set: 1836 Way: 1 Address: 0x4dd9cb00
  Set: 1837 Way: 0 Address: 0x12c6fcb40
  Set: 1837 Way: 1 Address: 0x4dd9cb40
  Set: 1838 Way: 0 Address: 0x12c6fcbb5
  Set: 1846 Way: 0 Address: 0x12c6fcd80
  Set: 1847 Way: 0 Address: 0x12c6fcdfd
  Set: 1847 Way: 1 Address: 0x4dd9cdc0
  Set: 1848 Way: 0 Address: 0x12c6fce3f
  Set: 1848 Way: 1 Address: 0x4dd9ce00
  Set: 1849 Way: 0 Address: 0x12c6fce75
  Set: 1856 Way: 0 Address: 0x23755d010
  Set: 1857 Way: 0 Address: 0x12c6fd040
  Set: 1858 Way: 0 Address: 0x12c6fd080
  Set: 1858 Way: 1 Address: 0x4dd9d080
  Set: 1859 Way: 0 Address: 0x4dd9d0c0
  Set: 1861 Way: 0 Address: 0xe51bd174
  Set: 1869 Way: 0 Address: 0x12c6fd340
  Set: 1870 Way: 0 Address: 0x1add3b0
  Set: 1870 Way: 1 Address: 0x4dd9d380
  Set: 1879 Way: 0 Address: 0x1add5f0
  Set: 1880 Way: 0 Address: 0x12c6fd600
  Set: 1881 Way: 0 Address: 0x4dd9d640
  Set: 1892 Way: 0 Address: 0x23755d930
  Set: 1920 Way: 0 Address: 0x28b67e000
  Set: 1920 Way: 1 Address: 0x1f919e010
  Set: 1921 Way: 0 Address: 0x2db79e070
  Set: 1922 Way: 0 Address: 0x1f919e080
  Set: 1929 Way: 0 Address: 0x2db79e240
  Set: 1951 Way: 0 Address: 0x28b67e7f8
  Set: 1965 Way: 0 Address: 0x20597eb68
  Set: 1982 Way: 0 Address: 0x2c077ef9c
  Set: 2031 Way: 0 Address: 0x3567dfbe0
EndCache
