Cache: cpu0_STLB
  Set: 2 Way: 0 Address: 0x20702670
  Set: 9 Way: 0 Address: 0x4096b5
  Set: 10 Way: 0 Address: 0x40a328
  Set: 19 Way: 0 Address: 0x413f10
  Set: 31 Way: 0 Address: 0x289f314
  Set: 32 Way: 0 Address: 0x21820b04
  Set: 33 Way: 0 Address: 0x218211d0
  Set: 42 Way: 0 Address: 0x7aac40
  Set: 44 Way: 0 Address: 0x7ac344
  Set: 44 Way: 1 Address: 0x152acd88
  Set: 45 Way: 0 Address: 0x152ad000
  Set: 46 Way: 0 Address: 0x152ae000
  Set: 47 Way: 0 Address: 0x152af368
  Set: 58 Way: 0 Address: 0x7ffc81bbade8
  Set: 67 Way: 0 Address: 0x2943798
  Set: 75 Way: 0 Address: 0x74b860
  Set: 76 Way: 0 Address: 0x74c158
  Set: 77 Way: 0 Address: 0x144d870
  Set: 91 Way: 0 Address: 0x28dbd04
  Set: 92 Way: 0 Address: 0x2185cf84
  Set: 93 Way: 0 Address: 0x2185d0dc
  Set: 112 Way: 0 Address: 0x470a50
  Set: 113 Way: 0 Address: 0x4710e0
  Set: 114 Way: 0 Address: 0x472ba0
EndCache
Cache: cpu0_L2C
  Set: 21 Way: 0 Address: 0x6e620578
  Set: 32 Way: 0 Address: 0x14bb10818
  Set: 32 Way: 1 Address: 0x2177f0810
  Set: 65 Way: 0 Address: 0x113201050
  Set: 81 Way: 0 Address: 0x2a4841440
  Set: 82 Way: 0 Address: 0x2a48414a4
  Set: 83 Way: 0 Address: 0x2a48414dc
  Set: 83 Way: 1 Address: 0xf6e814f8
  Set: 84 Way: 0 Address: 0x2a484150c
  Set: 85 Way: 0 Address: 0x2a484157c
  Set: 86 Way: 0 Address: 0x2a4841580
  Set: 87 Way: 0 Address: 0x2a48415e4
  Set: 88 Way: 0 Address: 0x2a484161c
  Set: 89 Way: 0 Address: 0x2a484165c
  Set: 90 Way: 0 Address: 0x2a48416b4
  Set: 91 Way: 0 Address: 0x2a48416c4
  Set: 91 Way: 1 Address: 0xf6e816d8
  Set: 92 Way: 0 Address: 0x2a484170c
  Set: 93 Way: 0 Address: 0x2a4841774
  Set: 94 Way: 0 Address: 0x2a4841794
  Set: 95 Way: 0 Address: 0x2a48417fc
  Set: 96 Way: 0 Address: 0x2a4841804
  Set: 97 Way: 0 Address: 0x2a4841864
  Set: 98 Way: 0 Address: 0x2a4841884
  Set: 99 Way: 0 Address: 0x2a48418f4
  Set: 100 Way: 0 Address: 0x2a484192c
  Set: 101 Way: 0 Address: 0x2a4841954
  Set: 102 Way: 0 Address: 0x2a4841984
  Set: 103 Way: 0 Address: 0x2a48419e4
  Set: 104 Way: 0 Address: 0x2a4841a00
  Set: 104 Way: 1 Address: 0xf6e81a18
  Set: 105 Way: 0 Address: 0x2a4841a4c
  Set: 106 Way: 0 Address: 0x2a4841aac
  Set: 107 Way: 0 Address: 0x2a4841af4
  Set: 108 Way: 0 Address: 0x2a4841b04
  Set: 109 Way: 0 Address: 0x2a4841b4c
  Set: 110 Way: 0 Address: 0x2a4841bbc
  Set: 111 Way: 0 Address: 0x2a4841bcc
  Set: 112 Way: 0 Address: 0x2a4841c04
  Set: 113 Way: 0 Address: 0x2a4841c7c
  Set: 114 Way: 0 Address: 0x2a4841c8c
  Set: 115 Way: 0 Address: 0x2a4841cd4
  Set: 116 Way: 0 Address: 0x2a4841d3c
  Set: 117 Way: 0 Address: 0x2a4841d40
  Set: 118 Way: 0 Address: 0x2a4841db4
  Set: 119 Way: 0 Address: 0x2a4841dc4
  Set: 120 Way: 0 Address: 0x2a4841e1c
  Set: 121 Way: 0 Address: 0x2a4841e74
  Set: 122 Way: 0 Address: 0x2a4841ebc
  Set: 123 Way: 0 Address: 0x2a4841ecc
  Set: 124 Way: 0 Address: 0x2a4841f0c
  Set: 125 Way: 0 Address: 0x2a4841f5c
  Set: 126 Way: 0 Address: 0x2a4841f94
  Set: 127 Way: 0 Address: 0x2a4841fc0
  Set: 128 Way: 0 Address: 0x1064c2000
  Set: 129 Way: 0 Address: 0x1064c2040
  Set: 130 Way: 0 Address: 0x1064c2080
  Set: 131 Way: 0 Address: 0x1064c20c0
  Set: 132 Way: 0 Address: 0x9cff2108
  Set: 132 Way: 1 Address: 0x1064c2100
  Set: 133 Way: 0 Address: 0x1064c2140
  Set: 134 Way: 0 Address: 0x1064c2180
  Set: 135 Way: 0 Address: 0x1064c21c0
  Set: 136 Way: 0 Address: 0x1064c2200
  Set: 137 Way: 0 Address: 0x1064c2240
  Set: 138 Way: 0 Address: 0x1064c2280
  Set: 139 Way: 0 Address: 0x9cff22e0
  Set: 139 Way: 1 Address: 0x1064c22c0
  Set: 140 Way: 0 Address: 0x1064c2300
  Set: 141 Way: 0 Address: 0x1064c2340
  Set: 142 Way: 0 Address: 0x133c92388
  Set: 142 Way: 1 Address: 0x1064c2380
  Set: 143 Way: 0 Address: 0x1064c23c0
  Set: 144 Way: 0 Address: 0x1064c2400
  Set: 145 Way: 0 Address: 0x1064c2440
  Set: 146 Way: 0 Address: 0x1064c2480
  Set: 147 Way: 0 Address: 0x1064c24c0
  Set: 148 Way: 0 Address: 0x1064c2500
  Set: 149 Way: 0 Address: 0x1064c2540
  Set: 150 Way: 0 Address: 0x1064c2580
  Set: 151 Way: 0 Address: 0x1064c25c0
  Set: 174 Way: 0 Address: 0x1995f2ba0
  Set: 175 Way: 0 Address: 0x1995f2bc0
  Set: 176 Way: 0 Address: 0x1995f2c00
  Set: 177 Way: 0 Address: 0x1995f2c42
  Set: 183 Way: 0 Address: 0x1c84e2dd0
  Set: 188 Way: 0 Address: 0x6d0c2f10
  Set: 192 Way: 0 Address: 0x3232f3000
  Set: 193 Way: 0 Address: 0x3232f3040
  Set: 194 Way: 0 Address: 0x263c130a0
  Set: 194 Way: 1 Address: 0x3232f3080
  Set: 195 Way: 0 Address: 0x3232f30c0
  Set: 196 Way: 0 Address: 0x3232f3100
  Set: 197 Way: 0 Address: 0x3232f3140
  Set: 198 Way: 0 Address: 0x3232f3180
  Set: 199 Way: 0 Address: 0x3232f31c0
  Set: 200 Way: 0 Address: 0x3232f3200
  Set: 201 Way: 0 Address: 0x3232f3240
  Set: 202 Way: 0 Address: 0x3232f3280
  Set: 203 Way: 0 Address: 0x3232f32c0
  Set: 204 Way: 0 Address: 0x3232f3300
  Set: 205 Way: 0 Address: 0x3232f3340
  Set: 206 Way: 0 Address: 0x3232f3380
  Set: 207 Way: 0 Address: 0x3232f33c0
  Set: 208 Way: 0 Address: 0x3232f3400
  Set: 209 Way: 0 Address: 0x3232f3440
  Set: 210 Way: 0 Address: 0x3232f3480
  Set: 211 Way: 0 Address: 0x3232f34c0
  Set: 212 Way: 0 Address: 0x3232f3500
  Set: 213 Way: 0 Address: 0x3232f3540
  Set: 214 Way: 0 Address: 0x3232f3580
  Set: 215 Way: 0 Address: 0x3232f35c0
  Set: 216 Way: 0 Address: 0x3232f3600
  Set: 217 Way: 0 Address: 0x3232f3640
  Set: 218 Way: 0 Address: 0x3232f3680
  Set: 219 Way: 0 Address: 0x3232f36c0
  Set: 220 Way: 0 Address: 0x3232f3700
  Set: 221 Way: 0 Address: 0x3232f3740
  Set: 222 Way: 0 Address: 0x3232f3780
  Set: 223 Way: 0 Address: 0x3c56b37f8
  Set: 223 Way: 1 Address: 0x3232f37c0
  Set: 224 Way: 0 Address: 0x3232f3800
  Set: 225 Way: 0 Address: 0x263c13860
  Set: 225 Way: 1 Address: 0x3232f3840
  Set: 226 Way: 0 Address: 0x3232f3880
  Set: 227 Way: 0 Address: 0x3232f38c0
  Set: 228 Way: 0 Address: 0x3232f3900
  Set: 229 Way: 0 Address: 0x3232f3940
  Set: 230 Way: 0 Address: 0x3232f3980
  Set: 231 Way: 0 Address: 0x3232f39c0
  Set: 232 Way: 0 Address: 0x3232f3a00
  Set: 233 Way: 0 Address: 0x2b2e93a60
  Set: 233 Way: 1 Address: 0x3232f3a40
  Set: 234 Way: 0 Address: 0x3232f3a80
  Set: 235 Way: 0 Address: 0x3232f3ac0
  Set: 236 Way: 0 Address: 0x3232f3b00
  Set: 237 Way: 0 Address: 0x3232f3b40
  Set: 238 Way: 0 Address: 0x3232f3b80
  Set: 239 Way: 0 Address: 0x3232f3bc0
  Set: 240 Way: 0 Address: 0x3232f3c00
  Set: 241 Way: 0 Address: 0x3232f3c40
  Set: 242 Way: 0 Address: 0x3232f3c80
  Set: 243 Way: 0 Address: 0x3232f3cc0
  Set: 244 Way: 0 Address: 0x3232f3d00
  Set: 245 Way: 0 Address: 0x2b2e93d50
  Set: 245 Way: 1 Address: 0x3232f3d40
  Set: 246 Way: 0 Address: 0x3232f3d80
  Set: 247 Way: 0 Address: 0x3232f3dc0
  Set: 248 Way: 0 Address: 0x3232f3e00
  Set: 249 Way: 0 Address: 0x3232f3e40
  Set: 250 Way: 0 Address: 0x3232f3e80
  Set: 251 Way: 0 Address: 0x3232f3ec0
  Set: 252 Way: 0 Address: 0x3232f3f00
  Set: 253 Way: 0 Address: 0x3232f3f40
  Set: 254 Way: 0 Address: 0x3232f3f80
  Set: 255 Way: 0 Address: 0x3232f3fc0
  Set: 256 Way: 0 Address: 0x1ab44008
  Set: 260 Way: 0 Address: 0x3de4d4100
  Set: 260 Way: 1 Address: 0x1ab44118
  Set: 261 Way: 0 Address: 0x1ab44158
  Set: 267 Way: 0 Address: 0xb80042e8
  Set: 269 Way: 0 Address: 0x3c1074344
  Set: 282 Way: 0 Address: 0x1299346b5
  Set: 283 Way: 0 Address: 0x1299346c1
  Set: 284 Way: 0 Address: 0x129934730
  Set: 285 Way: 0 Address: 0x129934741
  Set: 286 Way: 0 Address: 0x129934780
  Set: 318 Way: 0 Address: 0x397bb4f90
  Set: 320 Way: 0 Address: 0x195f15010
  Set: 332 Way: 0 Address: 0x1b0f15314
  Set: 353 Way: 0 Address: 0x195f15860
  Set: 361 Way: 0 Address: 0x354d35a50
  Set: 362 Way: 0 Address: 0x354d35a82
  Set: 364 Way: 0 Address: 0x354d35b09
  Set: 365 Way: 0 Address: 0x354d35b61
  Set: 366 Way: 0 Address: 0x354d35b88
  Set: 367 Way: 0 Address: 0x354d35bc6
  Set: 368 Way: 0 Address: 0x354d35c01
  Set: 369 Way: 0 Address: 0x354d35c46
  Set: 370 Way: 0 Address: 0x354d35c9e
  Set: 371 Way: 0 Address: 0x354d35cc6
  Set: 372 Way: 0 Address: 0x354d35d00
  Set: 373 Way: 0 Address: 0x354d35d60
  Set: 374 Way: 0 Address: 0x354d35d8f
  Set: 376 Way: 0 Address: 0x354d35e08
  Set: 379 Way: 0 Address: 0x354d35ed8
  Set: 380 Way: 0 Address: 0x354d35f09
  Set: 381 Way: 0 Address: 0x354d35f40
  Set: 395 Way: 0 Address: 0x437362e0
  Set: 405 Way: 0 Address: 0x84896560
  Set: 417 Way: 0 Address: 0x3dae66870
  Set: 438 Way: 0 Address: 0x211d16d88
  Set: 439 Way: 0 Address: 0x211d16dc0
  Set: 440 Way: 0 Address: 0x211d16e00
  Set: 441 Way: 0 Address: 0x211d16e40
  Set: 442 Way: 0 Address: 0x211d16e80
  Set: 443 Way: 0 Address: 0x211d16ec0
  Set: 444 Way: 0 Address: 0x211d16f00
  Set: 445 Way: 0 Address: 0x211d16f40
  Set: 446 Way: 0 Address: 0x211d16f80
  Set: 447 Way: 0 Address: 0x211d16fc0
  Set: 469 Way: 0 Address: 0xbeea7568
  Set: 478 Way: 0 Address: 0x309887798
  Set: 496 Way: 0 Address: 0x276ff7c30
  Set: 497 Way: 0 Address: 0x276ff7c40
  Set: 512 Way: 0 Address: 0xc707803c
  Set: 513 Way: 0 Address: 0x1aafb8048
  Set: 513 Way: 1 Address: 0xc707807c
  Set: 514 Way: 0 Address: 0xc70780bc
  Set: 514 Way: 1 Address: 0x1aafb8098
  Set: 515 Way: 0 Address: 0xc70780dc
  Set: 537 Way: 0 Address: 0x3bdd78670
  Set: 563 Way: 0 Address: 0x201598cf8
  Set: 564 Way: 0 Address: 0x201598d00
  Set: 564 Way: 1 Address: 0x2c9898d04
  Set: 565 Way: 0 Address: 0x201598d40
  Set: 566 Way: 0 Address: 0x201598db8
  Set: 567 Way: 0 Address: 0x201598de8
  Set: 568 Way: 0 Address: 0x201598e04
  Set: 569 Way: 0 Address: 0x201598e48
  Set: 571 Way: 0 Address: 0x201598ec8
  Set: 576 Way: 0 Address: 0x292959018
  Set: 577 Way: 0 Address: 0x292959050
  Set: 577 Way: 1 Address: 0x2ee369050
  Set: 578 Way: 0 Address: 0x2929590a0
  Set: 597 Way: 0 Address: 0x2ee369548
  Set: 640 Way: 0 Address: 0x229b9a000
  Set: 640 Way: 1 Address: 0x223eda01c
  Set: 641 Way: 0 Address: 0x223eda064
  Set: 642 Way: 0 Address: 0x223eda0bc
  Set: 643 Way: 0 Address: 0x223eda0dc
  Set: 644 Way: 0 Address: 0x223eda124
  Set: 645 Way: 0 Address: 0x223eda17c
  Set: 646 Way: 0 Address: 0x223eda1ac
  Set: 647 Way: 0 Address: 0x223eda1d0
  Set: 648 Way: 0 Address: 0x223eda23c
  Set: 649 Way: 0 Address: 0x223eda27c
  Set: 650 Way: 0 Address: 0x223eda2bc
  Set: 651 Way: 0 Address: 0x223eda2fc
  Set: 652 Way: 0 Address: 0x223eda33c
  Set: 653 Way: 0 Address: 0x223eda35c
  Set: 654 Way: 0 Address: 0x223eda3bc
  Set: 655 Way: 0 Address: 0x223eda3fc
  Set: 656 Way: 0 Address: 0x223eda43c
  Set: 657 Way: 0 Address: 0x223eda468
  Set: 658 Way: 0 Address: 0x223eda480
  Set: 659 Way: 0 Address: 0x223eda4c0
  Set: 660 Way: 0 Address: 0x223eda500
  Set: 661 Way: 0 Address: 0x223eda540
  Set: 662 Way: 0 Address: 0x223eda580
  Set: 663 Way: 0 Address: 0x223eda5c0
  Set: 664 Way: 0 Address: 0x223eda600
  Set: 665 Way: 0 Address: 0x223eda640
  Set: 666 Way: 0 Address: 0x223eda680
  Set: 667 Way: 0 Address: 0x223eda6c0
  Set: 668 Way: 0 Address: 0x223eda700
  Set: 669 Way: 0 Address: 0x223eda740
  Set: 670 Way: 0 Address: 0x223eda780
  Set: 671 Way: 0 Address: 0x223eda7c0
  Set: 672 Way: 0 Address: 0x223eda800
  Set: 673 Way: 0 Address: 0x223eda840
  Set: 674 Way: 0 Address: 0x223eda880
  Set: 675 Way: 0 Address: 0x223eda8c0
  Set: 676 Way: 0 Address: 0x223eda900
  Set: 677 Way: 0 Address: 0x223eda940
  Set: 678 Way: 0 Address: 0x223eda980
  Set: 679 Way: 0 Address: 0x223eda9c0
  Set: 680 Way: 0 Address: 0x223edaa00
  Set: 681 Way: 0 Address: 0x223edaa40
  Set: 682 Way: 0 Address: 0x223edaa80
  Set: 683 Way: 0 Address: 0x223edaac0
  Set: 684 Way: 0 Address: 0x223edab00
  Set: 685 Way: 0 Address: 0x223edab40
  Set: 686 Way: 0 Address: 0x223edab80
  Set: 687 Way: 0 Address: 0x223edabc0
  Set: 688 Way: 0 Address: 0x223edac00
  Set: 689 Way: 0 Address: 0x223edac40
  Set: 690 Way: 0 Address: 0x223edac80
  Set: 691 Way: 0 Address: 0x223edacc0
  Set: 692 Way: 0 Address: 0x223edad00
  Set: 693 Way: 0 Address: 0x223edad40
  Set: 694 Way: 0 Address: 0x223edad80
  Set: 695 Way: 0 Address: 0x223edadc0
  Set: 696 Way: 0 Address: 0x223edae00
  Set: 697 Way: 0 Address: 0x223edae40
  Set: 698 Way: 0 Address: 0x223edae80
  Set: 718 Way: 0 Address: 0x394edb380
  Set: 723 Way: 0 Address: 0x3b377b4f8
  Set: 725 Way: 0 Address: 0xc0d9b570
  Set: 768 Way: 0 Address: 0xdf85c000
  Set: 769 Way: 0 Address: 0x29484c068
  Set: 782 Way: 0 Address: 0x12c6fc390
  Set: 821 Way: 0 Address: 0x38e35cd60
  Set: 832 Way: 0 Address: 0x23755d018
  Set: 853 Way: 0 Address: 0x1add548
  Set: 864 Way: 0 Address: 0x1add818
  Set: 873 Way: 0 Address: 0x5588da60
  Set: 896 Way: 0 Address: 0x28b67e000
  Set: 897 Way: 0 Address: 0x1c084e07c
  Set: 898 Way: 0 Address: 0x1c084e080
  Set: 899 Way: 0 Address: 0x1c084e0e0
  Set: 900 Way: 0 Address: 0x1c084e100
  Set: 904 Way: 0 Address: 0x1f919e230
  Set: 904 Way: 1 Address: 0x1c084e21c
  Set: 905 Way: 0 Address: 0x1f919e242
  Set: 905 Way: 1 Address: 0x1c084e241
  Set: 906 Way: 0 Address: 0x1f919e289
  Set: 907 Way: 0 Address: 0x1f919e2d0
  Set: 907 Way: 1 Address: 0x1c084e2c0
  Set: 908 Way: 0 Address: 0x1f919e328
  Set: 908 Way: 1 Address: 0x1c084e300
  Set: 909 Way: 0 Address: 0x1f919e342
  Set: 923 Way: 0 Address: 0x2db79e6d8
  Set: 927 Way: 0 Address: 0x28b67e7f8
  Set: 937 Way: 0 Address: 0x2f5d8ea58
  Set: 948 Way: 0 Address: 0x1c084ed1d
  Set: 949 Way: 0 Address: 0x2f5d8ed60
  Set: 949 Way: 1 Address: 0x1c084ed42
  Set: 952 Way: 0 Address: 0x3734eee3c
  Set: 953 Way: 0 Address: 0x3734eee7c
  Set: 954 Way: 0 Address: 0x3734eeebc
  Set: 955 Way: 0 Address: 0x3734eeefc
  Set: 956 Way: 0 Address: 0x3734eef3c
  Set: 957 Way: 0 Address: 0x3734eef7c
  Set: 958 Way: 0 Address: 0x3734eef84
  Set: 959 Way: 0 Address: 0x3734eeffc
  Set: 962 Way: 0 Address: 0x16390f098
  Set: 969 Way: 0 Address: 0xee86f268
  Set: 973 Way: 0 Address: 0x22272f368
  Set: 974 Way: 0 Address: 0x16390f390
  Set: 993 Way: 0 Address: 0x143ef860
  Set: 995 Way: 0 Address: 0x143ef8e0
  Set: 997 Way: 0 Address: 0x143ef950
EndCache
Cache: cpu0_L1I
  Set: 1 Way: 0 Address: 0x1c084e07c
  Set: 2 Way: 0 Address: 0x1c084e080
  Set: 3 Way: 0 Address: 0x1c084e0e0
  Set: 4 Way: 0 Address: 0x1c084e100
  Set: 8 Way: 0 Address: 0x1f919e230
  Set: 8 Way: 1 Address: 0x1c084e21c
  Set: 9 Way: 0 Address: 0x1f919e242
  Set: 9 Way: 1 Address: 0x1c084e26b
  Set: 10 Way: 0 Address: 0x1f919e289
  Set: 11 Way: 0 Address: 0x1f919e2ee
  Set: 11 Way: 1 Address: 0x1c084e2c0
  Set: 12 Way: 0 Address: 0x1f919e323
  Set: 12 Way: 1 Address: 0x1c084e326
  Set: 13 Way: 0 Address: 0x1f919e342
  Set: 26 Way: 0 Address: 0x1299346b5
  Set: 27 Way: 0 Address: 0x1299346c1
  Set: 28 Way: 0 Address: 0x129934730
  Set: 29 Way: 0 Address: 0x129934741
  Set: 30 Way: 0 Address: 0x129934780
  Set: 41 Way: 0 Address: 0x354d35a78
  Set: 42 Way: 0 Address: 0x354d35a82
  Set: 44 Way: 0 Address: 0x354d35b09
  Set: 45 Way: 0 Address: 0x354d35b61
  Set: 46 Way: 0 Address: 0x1995f2ba0
  Set: 46 Way: 1 Address: 0x354d35b88
  Set: 47 Way: 0 Address: 0x1995f2bc0
  Set: 47 Way: 1 Address: 0x354d35bf5
  Set: 48 Way: 0 Address: 0x354d35c24
  Set: 48 Way: 1 Address: 0x1995f2c00
  Set: 49 Way: 0 Address: 0x354d35c46
  Set: 49 Way: 1 Address: 0x1995f2c42
  Set: 50 Way: 0 Address: 0x354d35c9e
  Set: 51 Way: 0 Address: 0x354d35cc6
  Set: 52 Way: 0 Address: 0x354d35d00
  Set: 52 Way: 1 Address: 0x1c084ed1d
  Set: 53 Way: 0 Address: 0x354d35d60
  Set: 53 Way: 1 Address: 0x1c084ed42
  Set: 54 Way: 0 Address: 0x354d35d8f
  Set: 56 Way: 0 Address: 0x354d35e08
  Set: 59 Way: 0 Address: 0x354d35ed8
  Set: 60 Way: 0 Address: 0x6d0c2f10
  Set: 60 Way: 1 Address: 0x354d35f09
  Set: 61 Way: 0 Address: 0x354d35f67
EndCache
Cache: cpu0_L1D
  Set: 0 Way: 0 Address: 0xdf85c000
  Set: 0 Way: 1 Address: 0x28b67e000
  Set: 0 Way: 2 Address: 0x229b9a000
  Set: 0 Way: 3 Address: 0x195f15010
  Set: 0 Way: 4 Address: 0x223eda01c
  Set: 0 Way: 5 Address: 0xc7078038
  Set: 0 Way: 6 Address: 0x292959018
  Set: 0 Way: 7 Address: 0x23755d018
  Set: 0 Way: 8 Address: 0x1ab44008
  Set: 0 Way: 9 Address: 0x3232f303c
  Set: 0 Way: 10 Address: 0x1064c203c
  Set: 1 Way: 0 Address: 0x113201050
  Set: 1 Way: 1 Address: 0x223eda064
  Set: 1 Way: 2 Address: 0x29484c068
  Set: 1 Way: 3 Address: 0x1aafb8048
  Set: 1 Way: 4 Address: 0xc7078078
  Set: 1 Way: 5 Address: 0x292959050
  Set: 1 Way: 6 Address: 0x2ee369050
  Set: 1 Way: 7 Address: 0x3232f307c
  Set: 1 Way: 8 Address: 0x1064c207c
  Set: 2 Way: 0 Address: 0x223eda0bc
  Set: 2 Way: 1 Address: 0xc70780bc
  Set: 2 Way: 2 Address: 0x263c130a0
  Set: 2 Way: 3 Address: 0x2929590a0
  Set: 2 Way: 4 Address: 0x1aafb8098
  Set: 2 Way: 5 Address: 0x16390f098
  Set: 2 Way: 6 Address: 0x3232f30bc
  Set: 2 Way: 7 Address: 0x1064c20bc
  Set: 3 Way: 0 Address: 0x223eda0dc
  Set: 3 Way: 1 Address: 0xc70780dc
  Set: 3 Way: 2 Address: 0x3232f30fc
  Set: 3 Way: 3 Address: 0x1064c20fc
  Set: 4 Way: 0 Address: 0x3de4d4100
  Set: 4 Way: 1 Address: 0x9cff2108
  Set: 4 Way: 2 Address: 0x223eda128
  Set: 4 Way: 3 Address: 0x1ab44118
  Set: 4 Way: 4 Address: 0x3232f313c
  Set: 4 Way: 5 Address: 0x1064c213c
  Set: 5 Way: 0 Address: 0x223eda17c
  Set: 5 Way: 1 Address: 0x1ab44158
  Set: 5 Way: 2 Address: 0x3232f317c
  Set: 5 Way: 3 Address: 0x1064c217c
  Set: 6 Way: 0 Address: 0x223eda1ac
  Set: 6 Way: 1 Address: 0x3232f31bc
  Set: 6 Way: 2 Address: 0x1064c21bc
  Set: 7 Way: 0 Address: 0x223eda1d0
  Set: 7 Way: 1 Address: 0x3232f31fc
  Set: 7 Way: 2 Address: 0x1064c21fc
  Set: 8 Way: 0 Address: 0x223eda23c
  Set: 8 Way: 1 Address: 0x3232f323c
  Set: 8 Way: 2 Address: 0x1064c223c
  Set: 9 Way: 0 Address: 0x223eda27c
  Set: 9 Way: 1 Address: 0xee86f268
  Set: 9 Way: 2 Address: 0x3232f327c
  Set: 9 Way: 3 Address: 0x1064c227c
  Set: 10 Way: 0 Address: 0x223eda2bc
  Set: 10 Way: 1 Address: 0x3232f32bc
  Set: 10 Way: 2 Address: 0x1064c22bc
  Set: 11 Way: 0 Address: 0x223eda2fc
  Set: 11 Way: 1 Address: 0x9cff22e0
  Set: 11 Way: 2 Address: 0x437362e0
  Set: 11 Way: 3 Address: 0xb80042e8
  Set: 11 Way: 4 Address: 0x3232f32fc
  Set: 11 Way: 5 Address: 0x1064c22fc
  Set: 12 Way: 0 Address: 0x223eda334
  Set: 12 Way: 1 Address: 0x1b0f15314
  Set: 12 Way: 2 Address: 0x3232f333c
  Set: 12 Way: 3 Address: 0x1064c233c
  Set: 13 Way: 0 Address: 0x223eda360
  Set: 13 Way: 1 Address: 0x3c1074344
  Set: 13 Way: 2 Address: 0x22272f358
  Set: 13 Way: 3 Address: 0x3232f337c
  Set: 13 Way: 4 Address: 0x1064c237c
  Set: 14 Way: 0 Address: 0x223eda3bc
  Set: 14 Way: 1 Address: 0x16390f390
  Set: 14 Way: 2 Address: 0x12c6fc390
  Set: 14 Way: 3 Address: 0x394edb380
  Set: 14 Way: 4 Address: 0x133c92388
  Set: 14 Way: 5 Address: 0x3232f33bc
  Set: 14 Way: 6 Address: 0x1064c23bc
  Set: 15 Way: 0 Address: 0x223eda3fc
  Set: 15 Way: 1 Address: 0x3232f33fc
  Set: 15 Way: 2 Address: 0x1064c23fc
  Set: 16 Way: 0 Address: 0x223eda43c
  Set: 16 Way: 1 Address: 0x3232f343c
  Set: 16 Way: 2 Address: 0x1064c243c
  Set: 17 Way: 0 Address: 0x2a4841470
  Set: 17 Way: 1 Address: 0x223eda468
  Set: 17 Way: 2 Address: 0x3232f347c
  Set: 17 Way: 3 Address: 0x1064c247c
  Set: 18 Way: 0 Address: 0x2a48414a4
  Set: 18 Way: 1 Address: 0x3232f34bc
  Set: 18 Way: 2 Address: 0x223eda4b8
  Set: 18 Way: 3 Address: 0x1064c24bc
  Set: 19 Way: 0 Address: 0x2a48414f0
  Set: 19 Way: 1 Address: 0xf6e814f8
  Set: 19 Way: 2 Address: 0x3b377b4f8
  Set: 19 Way: 3 Address: 0x3232f34fc
  Set: 19 Way: 4 Address: 0x223eda4fc
  Set: 19 Way: 5 Address: 0x1064c24fc
  Set: 20 Way: 0 Address: 0x2a4841510
  Set: 20 Way: 1 Address: 0x3232f353c
  Set: 20 Way: 2 Address: 0x223eda518
  Set: 20 Way: 3 Address: 0x1064c253c
  Set: 21 Way: 0 Address: 0x2a484157c
  Set: 21 Way: 1 Address: 0x2ee369548
  Set: 21 Way: 2 Address: 0x1add548
  Set: 21 Way: 3 Address: 0x84896560
  Set: 21 Way: 4 Address: 0x6e620578
  Set: 21 Way: 5 Address: 0xbeea7568
  Set: 21 Way: 6 Address: 0x3232f357c
  Set: 21 Way: 7 Address: 0x223eda558
  Set: 21 Way: 8 Address: 0xc0d9b570
  Set: 21 Way: 9 Address: 0x1064c257c
  Set: 22 Way: 0 Address: 0x2a4841580
  Set: 22 Way: 1 Address: 0x3232f35bc
  Set: 22 Way: 2 Address: 0x223eda598
  Set: 22 Way: 3 Address: 0x1064c25bc
  Set: 23 Way: 0 Address: 0x2a48415e4
  Set: 23 Way: 1 Address: 0x3232f35fc
  Set: 23 Way: 2 Address: 0x223eda5d8
  Set: 23 Way: 3 Address: 0x1064c25fc
  Set: 24 Way: 0 Address: 0x2a4841620
  Set: 24 Way: 1 Address: 0x3232f363c
  Set: 24 Way: 2 Address: 0x223eda618
  Set: 25 Way: 0 Address: 0x2a4841660
  Set: 25 Way: 1 Address: 0x3bdd78670
  Set: 25 Way: 2 Address: 0x3232f367c
  Set: 25 Way: 3 Address: 0x223eda658
  Set: 26 Way: 0 Address: 0x2a48416b4
  Set: 26 Way: 1 Address: 0x3232f36bc
  Set: 26 Way: 2 Address: 0x223eda698
  Set: 27 Way: 0 Address: 0x2a48416c8
  Set: 27 Way: 1 Address: 0xf6e816d8
  Set: 27 Way: 2 Address: 0x2db79e6d8
  Set: 27 Way: 3 Address: 0x3232f36fc
  Set: 27 Way: 4 Address: 0x223eda6d8
  Set: 28 Way: 0 Address: 0x2a4841710
  Set: 28 Way: 1 Address: 0x3232f373c
  Set: 28 Way: 2 Address: 0x223eda704
  Set: 29 Way: 0 Address: 0x2a4841774
  Set: 29 Way: 1 Address: 0x3232f377c
  Set: 29 Way: 2 Address: 0x223eda77c
  Set: 30 Way: 0 Address: 0x2a4841794
  Set: 30 Way: 1 Address: 0x309887798
  Set: 30 Way: 2 Address: 0x3232f37bc
  Set: 30 Way: 3 Address: 0x223eda798
  Set: 31 Way: 0 Address: 0x2a48417fc
  Set: 31 Way: 1 Address: 0x28b67e7f8
  Set: 31 Way: 2 Address: 0x3c56b37f8
  Set: 31 Way: 3 Address: 0x3232f37fc
  Set: 31 Way: 4 Address: 0x223eda7d8
  Set: 32 Way: 0 Address: 0x2a4841804
  Set: 32 Way: 1 Address: 0x1add818
  Set: 32 Way: 2 Address: 0x14bb10818
  Set: 32 Way: 3 Address: 0x2177f0810
  Set: 32 Way: 4 Address: 0x3232f383c
  Set: 32 Way: 5 Address: 0x223eda818
  Set: 33 Way: 0 Address: 0x195f15860
  Set: 33 Way: 1 Address: 0x263c13860
  Set: 33 Way: 2 Address: 0x2a4841864
  Set: 33 Way: 3 Address: 0x143ef860
  Set: 33 Way: 4 Address: 0x3dae66870
  Set: 33 Way: 5 Address: 0x3232f387c
  Set: 33 Way: 6 Address: 0x223eda858
  Set: 34 Way: 0 Address: 0x2a4841888
  Set: 34 Way: 1 Address: 0x3232f38bc
  Set: 34 Way: 2 Address: 0x223eda884
  Set: 35 Way: 0 Address: 0x2a48418f8
  Set: 35 Way: 1 Address: 0x143ef8e0
  Set: 35 Way: 2 Address: 0x3232f38fc
  Set: 35 Way: 3 Address: 0x223eda8fc
  Set: 36 Way: 0 Address: 0x2a484192c
  Set: 36 Way: 1 Address: 0x3232f393c
  Set: 36 Way: 2 Address: 0x223eda900
  Set: 37 Way: 0 Address: 0x2a4841958
  Set: 37 Way: 1 Address: 0x143ef950
  Set: 37 Way: 2 Address: 0x3232f397c
  Set: 37 Way: 3 Address: 0x223eda940
  Set: 38 Way: 0 Address: 0x2a4841984
  Set: 38 Way: 1 Address: 0x3232f39bc
  Set: 38 Way: 2 Address: 0x223eda980
  Set: 39 Way: 0 Address: 0x2a48419e8
  Set: 39 Way: 1 Address: 0x3232f39fc
  Set: 39 Way: 2 Address: 0x223eda9c0
  Set: 40 Way: 0 Address: 0x2a4841a00
  Set: 40 Way: 1 Address: 0xf6e81a18
  Set: 40 Way: 2 Address: 0x3232f3a3c
  Set: 40 Way: 3 Address: 0x223edaa00
  Set: 41 Way: 0 Address: 0x2a4841a50
  Set: 41 Way: 1 Address: 0x2f5d8ea58
  Set: 41 Way: 2 Address: 0x2b2e93a60
  Set: 41 Way: 3 Address: 0x5588da60
  Set: 41 Way: 4 Address: 0x3232f3a7c
  Set: 41 Way: 5 Address: 0x223edaa40
  Set: 42 Way: 0 Address: 0x2a4841ab0
  Set: 42 Way: 1 Address: 0x3232f3abc
  Set: 42 Way: 2 Address: 0x223edaa80
  Set: 43 Way: 0 Address: 0x2a4841af4
  Set: 43 Way: 1 Address: 0x3232f3afc
  Set: 43 Way: 2 Address: 0x223edaac0
  Set: 44 Way: 0 Address: 0x2a4841b04
  Set: 44 Way: 1 Address: 0x3232f3b3c
  Set: 44 Way: 2 Address: 0x223edab00
  Set: 45 Way: 0 Address: 0x2a4841b4c
  Set: 45 Way: 1 Address: 0x3232f3b7c
  Set: 45 Way: 2 Address: 0x223edab7c
  Set: 46 Way: 0 Address: 0x2a4841bbc
  Set: 46 Way: 1 Address: 0x3232f3bbc
  Set: 46 Way: 2 Address: 0x223edab80
  Set: 47 Way: 0 Address: 0x2a4841bcc
  Set: 47 Way: 1 Address: 0x3232f3bfc
  Set: 47 Way: 2 Address: 0x223edabf8
  Set: 48 Way: 0 Address: 0x2a4841c04
  Set: 48 Way: 1 Address: 0x276ff7c30
  Set: 48 Way: 2 Address: 0x3232f3c3c
  Set: 48 Way: 3 Address: 0x223edac00
  Set: 49 Way: 0 Address: 0x2a4841c7c
  Set: 49 Way: 1 Address: 0x276ff7c40
  Set: 49 Way: 2 Address: 0x3232f3c7c
  Set: 49 Way: 3 Address: 0x223edac40
  Set: 50 Way: 0 Address: 0x2a4841c8c
  Set: 50 Way: 1 Address: 0x3232f3cbc
  Set: 50 Way: 2 Address: 0x223edac80
  Set: 51 Way: 0 Address: 0x2a4841cd4
  Set: 51 Way: 1 Address: 0x201598cf8
  Set: 51 Way: 2 Address: 0x3232f3cfc
  Set: 51 Way: 3 Address: 0x223edacc0
  Set: 52 Way: 0 Address: 0x2a4841d3c
  Set: 52 Way: 1 Address: 0x201598d00
  Set: 52 Way: 2 Address: 0x2c9898d04
  Set: 52 Way: 3 Address: 0x3232f3d3c
  Set: 52 Way: 4 Address: 0x223edad00
  Set: 53 Way: 0 Address: 0x2a4841d40
  Set: 53 Way: 1 Address: 0x2f5d8ed60
  Set: 53 Way: 2 Address: 0x38e35cd60
  Set: 53 Way: 3 Address: 0x2b2e93d50
  Set: 53 Way: 4 Address: 0x201598d60
  Set: 53 Way: 5 Address: 0x3232f3d7c
  Set: 53 Way: 6 Address: 0x223edad40
  Set: 54 Way: 0 Address: 0x2a4841db4
  Set: 54 Way: 1 Address: 0x201598d98
  Set: 54 Way: 2 Address: 0x211d16d88
  Set: 54 Way: 3 Address: 0x3232f3dbc
  Set: 54 Way: 4 Address: 0x223edad80
  Set: 55 Way: 0 Address: 0x2a4841dc8
  Set: 55 Way: 1 Address: 0x1c84e2dd0
  Set: 55 Way: 2 Address: 0x201598df8
  Set: 55 Way: 3 Address: 0x211d16dfc
  Set: 55 Way: 4 Address: 0x3232f3dcc
  Set: 55 Way: 5 Address: 0x223edadc0
  Set: 56 Way: 0 Address: 0x2a4841e1c
  Set: 56 Way: 1 Address: 0x201598e04
  Set: 56 Way: 2 Address: 0x3734eee3c
  Set: 56 Way: 3 Address: 0x211d16e3c
  Set: 56 Way: 4 Address: 0x3232f3e0c
  Set: 56 Way: 5 Address: 0x223edae00
  Set: 57 Way: 0 Address: 0x2a4841e78
  Set: 57 Way: 1 Address: 0x3734eee7c
  Set: 57 Way: 2 Address: 0x201598e48
  Set: 57 Way: 3 Address: 0x211d16e7c
  Set: 57 Way: 4 Address: 0x3232f3e4c
  Set: 57 Way: 5 Address: 0x223edae40
  Set: 58 Way: 0 Address: 0x2a4841ebc
  Set: 58 Way: 1 Address: 0x3734eeebc
  Set: 58 Way: 2 Address: 0x211d16ebc
  Set: 58 Way: 3 Address: 0x3232f3e8c
  Set: 58 Way: 4 Address: 0x223edae80
  Set: 59 Way: 0 Address: 0x2a4841ecc
  Set: 59 Way: 1 Address: 0x3734eeefc
  Set: 59 Way: 2 Address: 0x201598ec8
  Set: 59 Way: 3 Address: 0x211d16efc
  Set: 59 Way: 4 Address: 0x3232f3ecc
  Set: 60 Way: 0 Address: 0x2a4841f10
  Set: 60 Way: 1 Address: 0x3734eef3c
  Set: 60 Way: 2 Address: 0x211d16f3c
  Set: 60 Way: 3 Address: 0x3232f3f3c
  Set: 61 Way: 0 Address: 0x2a4841f5c
  Set: 61 Way: 1 Address: 0x3734eef7c
  Set: 61 Way: 2 Address: 0x211d16f7c
  Set: 61 Way: 3 Address: 0x3232f3f4c
  Set: 62 Way: 0 Address: 0x2a4841f94
  Set: 62 Way: 1 Address: 0x397bb4f90
  Set: 62 Way: 2 Address: 0x3734eef84
  Set: 62 Way: 3 Address: 0x211d16fbc
  Set: 62 Way: 4 Address: 0x3232f3fbc
  Set: 63 Way: 0 Address: 0x2a4841fc0
  Set: 63 Way: 1 Address: 0x3734eeffc
  Set: 63 Way: 2 Address: 0x211d16ffc
  Set: 63 Way: 3 Address: 0x3232f3fcc
EndCache
Cache: cpu0_ITLB
  Set: 0 Way: 0 Address: 0x470a78
  Set: 1 Way: 0 Address: 0x4710e0
  Set: 2 Way: 0 Address: 0x472bc0
  Set: 3 Way: 0 Address: 0x413f10
  Set: 9 Way: 0 Address: 0x4096b5
  Set: 10 Way: 0 Address: 0x40a331
EndCache
Cache: cpu0_DTLB
  Set: 0 Way: 0 Address: 0x21820510
  Set: 1 Way: 0 Address: 0x218211d0
  Set: 2 Way: 0 Address: 0x20702670
  Set: 3 Way: 0 Address: 0x2943798
  Set: 10 Way: 0 Address: 0x7ffc81bbadf8
  Set: 10 Way: 1 Address: 0x7aac40
  Set: 11 Way: 0 Address: 0x74b860
  Set: 11 Way: 1 Address: 0x28dbd04
  Set: 12 Way: 0 Address: 0x2185cf84
  Set: 12 Way: 1 Address: 0x7ac344
  Set: 12 Way: 2 Address: 0x152acd88
  Set: 12 Way: 3 Address: 0x74c158
  Set: 13 Way: 0 Address: 0x2185d0dc
  Set: 13 Way: 1 Address: 0x144d870
  Set: 13 Way: 2 Address: 0x152ad03c
  Set: 14 Way: 0 Address: 0x152ae044
  Set: 15 Way: 0 Address: 0x152af358
  Set: 15 Way: 1 Address: 0x289f314
EndCache
Cache: LLC
  Set: 21 Way: 0 Address: 0x6e620578
  Set: 65 Way: 0 Address: 0x113201050
  Set: 81 Way: 0 Address: 0x2a4841440
  Set: 82 Way: 0 Address: 0x2a48414a4
  Set: 83 Way: 0 Address: 0x2a48414dc
  Set: 83 Way: 1 Address: 0xf6e814f8
  Set: 84 Way: 0 Address: 0x2a484150c
  Set: 85 Way: 0 Address: 0x2a484157c
  Set: 86 Way: 0 Address: 0x2a4841580
  Set: 87 Way: 0 Address: 0x2a48415e4
  Set: 88 Way: 0 Address: 0x2a484161c
  Set: 89 Way: 0 Address: 0x2a484165c
  Set: 90 Way: 0 Address: 0x2a48416b4
  Set: 91 Way: 0 Address: 0x2a48416c4
  Set: 91 Way: 1 Address: 0xf6e816d8
  Set: 92 Way: 0 Address: 0x2a484170c
  Set: 93 Way: 0 Address: 0x2a4841774
  Set: 94 Way: 0 Address: 0x2a4841794
  Set: 95 Way: 0 Address: 0x2a48417fc
  Set: 96 Way: 0 Address: 0x2a4841804
  Set: 97 Way: 0 Address: 0x2a4841864
  Set: 98 Way: 0 Address: 0x2a4841884
  Set: 99 Way: 0 Address: 0x2a48418f4
  Set: 100 Way: 0 Address: 0x2a484192c
  Set: 101 Way: 0 Address: 0x2a4841954
  Set: 102 Way: 0 Address: 0x2a4841984
  Set: 103 Way: 0 Address: 0x2a48419e4
  Set: 104 Way: 0 Address: 0x2a4841a00
  Set: 104 Way: 1 Address: 0xf6e81a18
  Set: 105 Way: 0 Address: 0x2a4841a4c
  Set: 106 Way: 0 Address: 0x2a4841aac
  Set: 107 Way: 0 Address: 0x2a4841af4
  Set: 108 Way: 0 Address: 0x2a4841b04
  Set: 109 Way: 0 Address: 0x2a4841b4c
  Set: 110 Way: 0 Address: 0x2a4841bbc
  Set: 111 Way: 0 Address: 0x2a4841bcc
  Set: 112 Way: 0 Address: 0x2a4841c04
  Set: 113 Way: 0 Address: 0x2a4841c7c
  Set: 114 Way: 0 Address: 0x2a4841c8c
  Set: 115 Way: 0 Address: 0x2a4841cd4
  Set: 116 Way: 0 Address: 0x2a4841d3c
  Set: 117 Way: 0 Address: 0x2a4841d40
  Set: 118 Way: 0 Address: 0x2a4841db4
  Set: 119 Way: 0 Address: 0x2a4841dc4
  Set: 120 Way: 0 Address: 0x2a4841e1c
  Set: 121 Way: 0 Address: 0x2a4841e74
  Set: 122 Way: 0 Address: 0x2a4841ebc
  Set: 123 Way: 0 Address: 0x2a4841ecc
  Set: 124 Way: 0 Address: 0x2a4841f0c
  Set: 125 Way: 0 Address: 0x2a4841f5c
  Set: 126 Way: 0 Address: 0x2a4841f94
  Set: 127 Way: 0 Address: 0x2a4841fc0
  Set: 128 Way: 0 Address: 0x1064c2000
  Set: 129 Way: 0 Address: 0x1064c2040
  Set: 130 Way: 0 Address: 0x1064c2080
  Set: 131 Way: 0 Address: 0x1064c20c0
  Set: 132 Way: 0 Address: 0x1064c2100
  Set: 133 Way: 0 Address: 0x1064c2140
  Set: 134 Way: 0 Address: 0x1064c2180
  Set: 135 Way: 0 Address: 0x1064c21c0
  Set: 136 Way: 0 Address: 0x1064c2200
  Set: 137 Way: 0 Address: 0x1064c2240
  Set: 138 Way: 0 Address: 0x1064c2280
  Set: 139 Way: 0 Address: 0x1064c22c0
  Set: 140 Way: 0 Address: 0x1064c2300
  Set: 141 Way: 0 Address: 0x1064c2340
  Set: 142 Way: 0 Address: 0x1064c2380
  Set: 143 Way: 0 Address: 0x1064c23c0
  Set: 144 Way: 0 Address: 0x1064c2400
  Set: 145 Way: 0 Address: 0x1064c2440
  Set: 146 Way: 0 Address: 0x1064c2480
  Set: 147 Way: 0 Address: 0x1064c24c0
  Set: 148 Way: 0 Address: 0x1064c2500
  Set: 149 Way: 0 Address: 0x1064c2540
  Set: 150 Way: 0 Address: 0x1064c2580
  Set: 151 Way: 0 Address: 0x1064c25c0
  Set: 152 Way: 0 Address: 0x1064c2600
  Set: 183 Way: 0 Address: 0x1c84e2dd0
  Set: 188 Way: 0 Address: 0x6d0c2f10
  Set: 256 Way: 0 Address: 0x1ab44008
  Set: 259 Way: 0 Address: 0x1ab440c0
  Set: 260 Way: 0 Address: 0x1ab44118
  Set: 261 Way: 0 Address: 0x1ab44158
  Set: 267 Way: 0 Address: 0xb80042e8
  Set: 417 Way: 0 Address: 0x3dae66870
  Set: 469 Way: 0 Address: 0xbeea7568
  Set: 478 Way: 0 Address: 0x309887798
  Set: 577 Way: 0 Address: 0x2ee369050
  Set: 597 Way: 0 Address: 0x2ee369548
  Set: 769 Way: 0 Address: 0x29484c068
  Set: 873 Way: 0 Address: 0x5588da60
  Set: 897 Way: 0 Address: 0x1c084e07c
  Set: 898 Way: 0 Address: 0x1c084e080
  Set: 899 Way: 0 Address: 0x1c084e0e0
  Set: 900 Way: 0 Address: 0x1c084e100
  Set: 904 Way: 0 Address: 0x1c084e21c
  Set: 905 Way: 0 Address: 0x1c084e241
  Set: 907 Way: 0 Address: 0x1c084e2c0
  Set: 908 Way: 0 Address: 0x1c084e300
  Set: 937 Way: 0 Address: 0x2f5d8ea58
  Set: 948 Way: 0 Address: 0x1c084ed1d
  Set: 949 Way: 0 Address: 0x2f5d8ed60
  Set: 949 Way: 1 Address: 0x1c084ed42
  Set: 952 Way: 0 Address: 0x3734eee3c
  Set: 953 Way: 0 Address: 0x3734eee7c
  Set: 954 Way: 0 Address: 0x3734eeebc
  Set: 955 Way: 0 Address: 0x3734eeefc
  Set: 956 Way: 0 Address: 0x3734eef3c
  Set: 957 Way: 0 Address: 0x3734eef7c
  Set: 958 Way: 0 Address: 0x3734eef84
  Set: 959 Way: 0 Address: 0x3734eeffc
  Set: 962 Way: 0 Address: 0x16390f098
  Set: 969 Way: 0 Address: 0xee86f268
  Set: 973 Way: 0 Address: 0x22272f368
  Set: 974 Way: 0 Address: 0x16390f390
  Set: 993 Way: 0 Address: 0x143ef860
  Set: 995 Way: 0 Address: 0x143ef8e0
  Set: 997 Way: 0 Address: 0x143ef950
  Set: 1056 Way: 0 Address: 0x14bb10818
  Set: 1056 Way: 1 Address: 0x2177f0810
  Set: 1156 Way: 0 Address: 0x9cff2108
  Set: 1163 Way: 0 Address: 0x9cff22e0
  Set: 1166 Way: 0 Address: 0x133c92388
  Set: 1198 Way: 0 Address: 0x1995f2ba0
  Set: 1199 Way: 0 Address: 0x1995f2bc0
  Set: 1200 Way: 0 Address: 0x1995f2c00
  Set: 1201 Way: 0 Address: 0x1995f2c42
  Set: 1216 Way: 0 Address: 0x3232f3000
  Set: 1217 Way: 0 Address: 0x3232f3040
  Set: 1218 Way: 0 Address: 0x263c130a0
  Set: 1218 Way: 1 Address: 0x3232f3080
  Set: 1219 Way: 0 Address: 0x3232f30c0
  Set: 1220 Way: 0 Address: 0x3232f3100
  Set: 1221 Way: 0 Address: 0x3232f3140
  Set: 1222 Way: 0 Address: 0x3232f3180
  Set: 1223 Way: 0 Address: 0x3232f31c0
  Set: 1224 Way: 0 Address: 0x3232f3200
  Set: 1225 Way: 0 Address: 0x3232f3240
  Set: 1226 Way: 0 Address: 0x3232f3280
  Set: 1227 Way: 0 Address: 0x3232f32c0
  Set: 1228 Way: 0 Address: 0x3232f3300
  Set: 1229 Way: 0 Address: 0x3232f3340
  Set: 1230 Way: 0 Address: 0x3232f3380
  Set: 1231 Way: 0 Address: 0x3232f33c0
  Set: 1232 Way: 0 Address: 0x3232f3400
  Set: 1233 Way: 0 Address: 0x3232f3440
  Set: 1234 Way: 0 Address: 0x3232f3480
  Set: 1235 Way: 0 Address: 0x3232f34c0
  Set: 1236 Way: 0 Address: 0x3232f3500
  Set: 1237 Way: 0 Address: 0x3232f3540
  Set: 1238 Way: 0 Address: 0x3232f3580
  Set: 1239 Way: 0 Address: 0x3232f35c0
  Set: 1240 Way: 0 Address: 0x3232f3600
  Set: 1241 Way: 0 Address: 0x3232f3640
  Set: 1242 Way: 0 Address: 0x3232f3680
  Set: 1243 Way: 0 Address: 0x3232f36c0
  Set: 1244 Way: 0 Address: 0x3232f3700
  Set: 1245 Way: 0 Address: 0x3232f3740
  Set: 1246 Way: 0 Address: 0x3232f3780
  Set: 1247 Way: 0 Address: 0x3c56b37f8
  Set: 1247 Way: 1 Address: 0x3232f37c0
  Set: 1248 Way: 0 Address: 0x3232f3800
  Set: 1249 Way: 0 Address: 0x263c13860
  Set: 1249 Way: 1 Address: 0x3232f3840
  Set: 1250 Way: 0 Address: 0x3232f3880
  Set: 1251 Way: 0 Address: 0x3232f38c0
  Set: 1252 Way: 0 Address: 0x3232f3900
  Set: 1253 Way: 0 Address: 0x3232f3940
  Set: 1254 Way: 0 Address: 0x3232f3980
  Set: 1255 Way: 0 Address: 0x3232f39c0
  Set: 1256 Way: 0 Address: 0x3232f3a00
  Set: 1257 Way: 0 Address: 0x2b2e93a60
  Set: 1257 Way: 1 Address: 0x3232f3a40
  Set: 1258 Way: 0 Address: 0x3232f3a80
  Set: 1259 Way: 0 Address: 0x3232f3ac0
  Set: 1260 Way: 0 Address: 0x3232f3b00
  Set: 1261 Way: 0 Address: 0x3232f3b40
  Set: 1262 Way: 0 Address: 0x3232f3b80
  Set: 1263 Way: 0 Address: 0x3232f3bc0
  Set: 1264 Way: 0 Address: 0x3232f3c00
  Set: 1265 Way: 0 Address: 0x3232f3c40
  Set: 1266 Way: 0 Address: 0x3232f3c80
  Set: 1267 Way: 0 Address: 0x3232f3cc0
  Set: 1268 Way: 0 Address: 0x3232f3d00
  Set: 1269 Way: 0 Address: 0x2b2e93d50
  Set: 1269 Way: 1 Address: 0x3232f3d40
  Set: 1270 Way: 0 Address: 0x3232f3d80
  Set: 1271 Way: 0 Address: 0x3232f3dc0
  Set: 1272 Way: 0 Address: 0x3232f3e00
  Set: 1273 Way: 0 Address: 0x3232f3e40
  Set: 1274 Way: 0 Address: 0x3232f3e80
  Set: 1275 Way: 0 Address: 0x3232f3ec0
  Set: 1276 Way: 0 Address: 0x3232f3f00
  Set: 1277 Way: 0 Address: 0x3232f3f40
  Set: 1278 Way: 0 Address: 0x3232f3f80
  Set: 1279 Way: 0 Address: 0x3232f3fc0
  Set: 1284 Way: 0 Address: 0x3de4d4100
  Set: 1293 Way: 0 Address: 0x3c1074344
  Set: 1306 Way: 0 Address: 0x1299346b5
  Set: 1307 Way: 0 Address: 0x1299346c1
  Set: 1308 Way: 0 Address: 0x129934730
  Set: 1309 Way: 0 Address: 0x129934741
  Set: 1310 Way: 0 Address: 0x129934780
  Set: 1311 Way: 0 Address: 0x1299347c0
  Set: 1342 Way: 0 Address: 0x397bb4f90
  Set: 1344 Way: 0 Address: 0x195f15010
  Set: 1356 Way: 0 Address: 0x1b0f15314
  Set: 1377 Way: 0 Address: 0x195f15860
  Set: 1385 Way: 0 Address: 0x354d35a50
  Set: 1386 Way: 0 Address: 0x354d35a82
  Set: 1387 Way: 0 Address: 0x354d35ac0
  Set: 1388 Way: 0 Address: 0x354d35b09
  Set: 1389 Way: 0 Address: 0x354d35b61
  Set: 1390 Way: 0 Address: 0x354d35b88
  Set: 1391 Way: 0 Address: 0x354d35bc6
  Set: 1392 Way: 0 Address: 0x354d35c01
  Set: 1393 Way: 0 Address: 0x354d35c46
  Set: 1394 Way: 0 Address: 0x354d35c9e
  Set: 1395 Way: 0 Address: 0x354d35cc6
  Set: 1396 Way: 0 Address: 0x354d35d00
  Set: 1397 Way: 0 Address: 0x354d35d40
  Set: 1398 Way: 0 Address: 0x354d35d80
  Set: 1400 Way: 0 Address: 0x354d35e08
  Set: 1403 Way: 0 Address: 0x354d35ed8
  Set: 1404 Way: 0 Address: 0x354d35f09
  Set: 1405 Way: 0 Address: 0x354d35f40
  Set: 1419 Way: 0 Address: 0x437362e0
  Set: 1429 Way: 0 Address: 0x84896560
  Set: 1462 Way: 0 Address: 0x211d16d88
  Set: 1463 Way: 0 Address: 0x211d16dc0
  Set: 1464 Way: 0 Address: 0x211d16e00
  Set: 1465 Way: 0 Address: 0x211d16e40
  Set: 1466 Way: 0 Address: 0x211d16e80
  Set: 1467 Way: 0 Address: 0x211d16ec0
  Set: 1468 Way: 0 Address: 0x211d16f00
  Set: 1469 Way: 0 Address: 0x211d16f40
  Set: 1470 Way: 0 Address: 0x211d16f80
  Set: 1471 Way: 0 Address: 0x211d16fc0
  Set: 1519 Way: 0 Address: 0x276ff7bc0
  Set: 1520 Way: 0 Address: 0x276ff7c30
  Set: 1521 Way: 0 Address: 0x276ff7c40
  Set: 1536 Way: 0 Address: 0xc707803c
  Set: 1537 Way: 0 Address: 0x1aafb8048
  Set: 1537 Way: 1 Address: 0xc707807c
  Set: 1538 Way: 0 Address: 0xc70780bc
  Set: 1538 Way: 1 Address: 0x1aafb8098
  Set: 1539 Way: 0 Address: 0xc70780dc
  Set: 1561 Way: 0 Address: 0x3bdd78670
  Set: 1587 Way: 0 Address: 0x201598cf8
  Set: 1588 Way: 0 Address: 0x201598d00
  Set: 1588 Way: 1 Address: 0x2c9898d04
  Set: 1589 Way: 0 Address: 0x201598d40
  Set: 1590 Way: 0 Address: 0x201598db8
  Set: 1591 Way: 0 Address: 0x201598de8
  Set: 1592 Way: 0 Address: 0x201598e04
  Set: 1593 Way: 0 Address: 0x201598e48
  Set: 1595 Way: 0 Address: 0x201598ec8
  Set: 1600 Way: 0 Address: 0x292959018
  Set: 1601 Way: 0 Address: 0x292959050
  Set: 1602 Way: 0 Address: 0x2929590a0
  Set: 1664 Way: 0 Address: 0x229b9a000
  Set: 1664 Way: 1 Address: 0x223eda01c
  Set: 1665 Way: 0 Address: 0x223eda064
  Set: 1666 Way: 0 Address: 0x223eda0bc
  Set: 1667 Way: 0 Address: 0x223eda0dc
  Set: 1668 Way: 0 Address: 0x223eda124
  Set: 1669 Way: 0 Address: 0x223eda17c
  Set: 1670 Way: 0 Address: 0x223eda1ac
  Set: 1671 Way: 0 Address: 0x223eda1d0
  Set: 1672 Way: 0 Address: 0x223eda23c
  Set: 1673 Way: 0 Address: 0x223eda27c
  Set: 1674 Way: 0 Address: 0x223eda2bc
  Set: 1675 Way: 0 Address: 0x223eda2fc
  Set: 1676 Way: 0 Address: 0x223eda33c
  Set: 1677 Way: 0 Address: 0x223eda35c
  Set: 1678 Way: 0 Address: 0x223eda3bc
  Set: 1679 Way: 0 Address: 0x223eda3fc
  Set: 1680 Way: 0 Address: 0x223eda43c
  Set: 1681 Way: 0 Address: 0x223eda468
  Set: 1682 Way: 0 Address: 0x223eda480
  Set: 1683 Way: 0 Address: 0x223eda4c0
  Set: 1684 Way: 0 Address: 0x223eda500
  Set: 1685 Way: 0 Address: 0x223eda540
  Set: 1686 Way: 0 Address: 0x223eda580
  Set: 1687 Way: 0 Address: 0x223eda5c0
  Set: 1688 Way: 0 Address: 0x223eda600
  Set: 1689 Way: 0 Address: 0x223eda640
  Set: 1690 Way: 0 Address: 0x223eda680
  Set: 1691 Way: 0 Address: 0x223eda6c0
  Set: 1692 Way: 0 Address: 0x223eda700
  Set: 1693 Way: 0 Address: 0x223eda740
  Set: 1694 Way: 0 Address: 0x223eda780
  Set: 1695 Way: 0 Address: 0x223eda7c0
  Set: 1696 Way: 0 Address: 0x223eda800
  Set: 1697 Way: 0 Address: 0x223eda840
  Set: 1698 Way: 0 Address: 0x223eda880
  Set: 1699 Way: 0 Address: 0x223eda8c0
  Set: 1700 Way: 0 Address: 0x223eda900
  Set: 1701 Way: 0 Address: 0x223eda940
  Set: 1702 Way: 0 Address: 0x223eda980
  Set: 1703 Way: 0 Address: 0x223eda9c0
  Set: 1704 Way: 0 Address: 0x223edaa00
  Set: 1705 Way: 0 Address: 0x223edaa40
  Set: 1706 Way: 0 Address: 0x223edaa80
  Set: 1707 Way: 0 Address: 0x223edaac0
  Set: 1708 Way: 0 Address: 0x223edab00
  Set: 1709 Way: 0 Address: 0x223edab40
  Set: 1710 Way: 0 Address: 0x223edab80
  Set: 1711 Way: 0 Address: 0x223edabc0
  Set: 1712 Way: 0 Address: 0x223edac00
  Set: 1713 Way: 0 Address: 0x223edac40
  Set: 1714 Way: 0 Address: 0x223edac80
  Set: 1715 Way: 0 Address: 0x223edacc0
  Set: 1716 Way: 0 Address: 0x223edad00
  Set: 1717 Way: 0 Address: 0x223edad40
  Set: 1718 Way: 0 Address: 0x223edad80
  Set: 1719 Way: 0 Address: 0x223edadc0
  Set: 1720 Way: 0 Address: 0x223edae00
  Set: 1721 Way: 0 Address: 0x223edae40
  Set: 1722 Way: 0 Address: 0x223edae80
  Set: 1742 Way: 0 Address: 0x394edb380
  Set: 1747 Way: 0 Address: 0x3b377b4f8
  Set: 1749 Way: 0 Address: 0xc0d9b570
  Set: 1792 Way: 0 Address: 0xdf85c000
  Set: 1806 Way: 0 Address: 0x12c6fc390
  Set: 1845 Way: 0 Address: 0x38e35cd60
  Set: 1856 Way: 0 Address: 0x23755d018
  Set: 1877 Way: 0 Address: 0x1add548
  Set: 1888 Way: 0 Address: 0x1add818
  Set: 1920 Way: 0 Address: 0x28b67e000
  Set: 1928 Way: 0 Address: 0x1f919e230
  Set: 1929 Way: 0 Address: 0x1f919e242
  Set: 1930 Way: 0 Address: 0x1f919e289
  Set: 1931 Way: 0 Address: 0x1f919e2d0
  Set: 1932 Way: 0 Address: 0x1f919e328
  Set: 1933 Way: 0 Address: 0x1f919e342
  Set: 1947 Way: 0 Address: 0x2db79e6d8
  Set: 1951 Way: 0 Address: 0x28b67e7f8
EndCache
