Cache: cpu0_STLB
  Set: 22 Way: 0 Address: 0x21965c0
  Set: 23 Way: 0 Address: 0x21979b0
  Set: 24 Way: 0 Address: 0x2198ac0
  Set: 25 Way: 0 Address: 0x2199bd0
  Set: 26 Way: 0 Address: 0x219acdc
  Set: 27 Way: 0 Address: 0x219bdec
  Set: 28 Way: 0 Address: 0x219cefc
  Set: 29 Way: 0 Address: 0x219d000
  Set: 30 Way: 0 Address: 0x219e00c
  Set: 31 Way: 0 Address: 0x219f11c
  Set: 32 Way: 0 Address: 0x21a022c
  Set: 33 Way: 0 Address: 0x21a133c
  Set: 34 Way: 0 Address: 0x21a244c
  Set: 35 Way: 0 Address: 0x21a355c
  Set: 36 Way: 0 Address: 0x21a466c
  Set: 37 Way: 0 Address: 0x21a577c
  Set: 38 Way: 0 Address: 0x21a688c
  Set: 48 Way: 0 Address: 0x730650
  Set: 53 Way: 0 Address: 0x7fff6ec35ffc
  Set: 53 Way: 1 Address: 0x28b5984
  Set: 54 Way: 0 Address: 0x28b6a04
  Set: 54 Way: 1 Address: 0x7fff6ec360a0
  Set: 55 Way: 0 Address: 0x28b70e4
  Set: 56 Way: 0 Address: 0x28b8004
  Set: 65 Way: 0 Address: 0x441568
  Set: 96 Way: 0 Address: 0x4608a0
  Set: 97 Way: 0 Address: 0x7618c8
  Set: 109 Way: 0 Address: 0x1d6d5c0
  Set: 110 Way: 0 Address: 0x1d6e6d0
  Set: 112 Way: 0 Address: 0x1d70a08
EndCache
Cache: cpu0_L2C
  Set: 4 Way: 0 Address: 0x14bb1011c
  Set: 5 Way: 0 Address: 0x14bb10140
  Set: 6 Way: 0 Address: 0x14bb10180
  Set: 7 Way: 0 Address: 0x14bb101c0
  Set: 8 Way: 0 Address: 0x14bb10200
  Set: 9 Way: 0 Address: 0x14bb10240
  Set: 10 Way: 0 Address: 0x14bb10280
  Set: 11 Way: 0 Address: 0x14bb102c0
  Set: 12 Way: 0 Address: 0x2177f033c
  Set: 13 Way: 0 Address: 0x2177f0340
  Set: 14 Way: 0 Address: 0x2177f0380
  Set: 15 Way: 0 Address: 0x2177f03c0
  Set: 16 Way: 0 Address: 0x2177f0400
  Set: 17 Way: 0 Address: 0x2177f0440
  Set: 18 Way: 0 Address: 0x2177f0480
  Set: 19 Way: 0 Address: 0x2177f04c0
  Set: 20 Way: 0 Address: 0x2177f0500
  Set: 45 Way: 0 Address: 0x342b40b70
  Set: 51 Way: 0 Address: 0x28a940ce8
  Set: 59 Way: 0 Address: 0x6e620efc
  Set: 60 Way: 0 Address: 0x6e620f00
  Set: 61 Way: 0 Address: 0x6e620f40
  Set: 62 Way: 0 Address: 0x6e620f80
  Set: 63 Way: 0 Address: 0x6e620fc0
  Set: 98 Way: 0 Address: 0x2a48418a0
  Set: 99 Way: 0 Address: 0x2a48418c0
  Set: 102 Way: 0 Address: 0x181c819b0
  Set: 103 Way: 0 Address: 0x181c819c0
  Set: 104 Way: 0 Address: 0x181c81a00
  Set: 105 Way: 0 Address: 0x181c81a40
  Set: 106 Way: 0 Address: 0x181c81a80
  Set: 107 Way: 0 Address: 0x181c81ac0
  Set: 108 Way: 0 Address: 0x181c81b00
  Set: 109 Way: 0 Address: 0x181c81b40
  Set: 129 Way: 0 Address: 0x6d0c2064
  Set: 130 Way: 0 Address: 0x1c84e20a0
  Set: 130 Way: 1 Address: 0x6d0c2080
  Set: 131 Way: 0 Address: 0x6d0c20c0
  Set: 134 Way: 0 Address: 0x1995f21a8
  Set: 135 Way: 0 Address: 0x6d0c21c4
  Set: 136 Way: 0 Address: 0x6d0c2200
  Set: 140 Way: 0 Address: 0x6d0c233c
  Set: 141 Way: 0 Address: 0x6d0c2340
  Set: 142 Way: 0 Address: 0x9cff2390
  Set: 142 Way: 1 Address: 0x6d0c2380
  Set: 143 Way: 0 Address: 0x9cff23c0
  Set: 144 Way: 0 Address: 0x9cff242a
  Set: 145 Way: 0 Address: 0x9cff2446
  Set: 146 Way: 0 Address: 0x9cff2482
  Set: 146 Way: 1 Address: 0x6d0c249c
  Set: 147 Way: 0 Address: 0x9cff24c1
  Set: 147 Way: 1 Address: 0x6d0c24c0
  Set: 148 Way: 0 Address: 0x9cff2501
  Set: 149 Way: 0 Address: 0x9cff2568
  Set: 150 Way: 0 Address: 0x9cff2580
  Set: 151 Way: 0 Address: 0x9cff25c8
  Set: 151 Way: 1 Address: 0x6d0c25fc
  Set: 152 Way: 0 Address: 0x9cff2600
  Set: 152 Way: 1 Address: 0x6d0c2602
  Set: 153 Way: 0 Address: 0x9cff2640
  Set: 153 Way: 1 Address: 0x6d0c2640
  Set: 154 Way: 0 Address: 0x9cff2680
  Set: 157 Way: 0 Address: 0x6d0c275c
  Set: 158 Way: 0 Address: 0x6d0c2780
  Set: 162 Way: 0 Address: 0x6d0c28bc
  Set: 163 Way: 0 Address: 0x6d0c28c2
  Set: 164 Way: 0 Address: 0x6d0c2900
  Set: 168 Way: 0 Address: 0x6d0c2a04
  Set: 169 Way: 0 Address: 0x6d0c2a40
  Set: 173 Way: 0 Address: 0x6d0c2b64
  Set: 173 Way: 1 Address: 0x1064c2b68
  Set: 174 Way: 0 Address: 0x6d0c2b80
  Set: 175 Way: 0 Address: 0x6d0c2bc0
  Set: 179 Way: 0 Address: 0x6d0c2cc4
  Set: 179 Way: 1 Address: 0x133c92cdc
  Set: 180 Way: 0 Address: 0x6d0c2d00
  Set: 180 Way: 1 Address: 0x133c92d00
  Set: 181 Way: 0 Address: 0x133c92d40
  Set: 182 Way: 0 Address: 0x133c92d80
  Set: 183 Way: 0 Address: 0x133c92dc0
  Set: 184 Way: 0 Address: 0x6d0c2e24
  Set: 184 Way: 1 Address: 0x133c92e00
  Set: 185 Way: 0 Address: 0x6d0c2e40
  Set: 185 Way: 1 Address: 0x133c92e40
  Set: 186 Way: 0 Address: 0x6d0c2e80
  Set: 186 Way: 1 Address: 0x133c92e80
  Set: 190 Way: 0 Address: 0x6d0c2f84
  Set: 191 Way: 0 Address: 0x6d0c2fc0
  Set: 192 Way: 0 Address: 0x3c56b3018
  Set: 192 Way: 1 Address: 0x34a873004
  Set: 193 Way: 0 Address: 0x34a873040
  Set: 197 Way: 0 Address: 0x34a873164
  Set: 198 Way: 0 Address: 0x34a873182
  Set: 199 Way: 0 Address: 0x34a8731c0
  Set: 203 Way: 0 Address: 0x34a8732c4
  Set: 204 Way: 0 Address: 0x34a873300
  Set: 213 Way: 0 Address: 0x3b080355c
  Set: 214 Way: 0 Address: 0x3b0803580
  Set: 215 Way: 0 Address: 0x3b08035c0
  Set: 216 Way: 0 Address: 0x3b0803600
  Set: 217 Way: 0 Address: 0x3b0803640
  Set: 218 Way: 0 Address: 0x3b0803680
  Set: 219 Way: 0 Address: 0x3b08036c0
  Set: 220 Way: 0 Address: 0x3b0803700
  Set: 221 Way: 0 Address: 0x3232f377c
  Set: 222 Way: 0 Address: 0x3232f3780
  Set: 223 Way: 0 Address: 0x3232f37c0
  Set: 224 Way: 0 Address: 0x3232f3800
  Set: 225 Way: 0 Address: 0x3232f3840
  Set: 226 Way: 0 Address: 0x3232f3880
  Set: 227 Way: 0 Address: 0x3232f38c0
  Set: 228 Way: 0 Address: 0x3232f3900
  Set: 229 Way: 0 Address: 0x3232f3940
  Set: 242 Way: 0 Address: 0x257713cb8
  Set: 243 Way: 0 Address: 0x2b2e93ce0
  Set: 268 Way: 0 Address: 0x3de4d4300
  Set: 278 Way: 0 Address: 0x3c10745a0
  Set: 279 Way: 0 Address: 0x3c10745c0
  Set: 280 Way: 0 Address: 0x3c1074600
  Set: 281 Way: 0 Address: 0x3c1074640
  Set: 290 Way: 0 Address: 0x3c10748a0
  Set: 291 Way: 0 Address: 0x3c10748c0
  Set: 292 Way: 0 Address: 0x3c1074900
  Set: 293 Way: 0 Address: 0x3c1074940
  Set: 294 Way: 0 Address: 0x3c1074980
  Set: 295 Way: 0 Address: 0x3c10749c0
  Set: 296 Way: 0 Address: 0x3c1074a00
  Set: 297 Way: 0 Address: 0x3c1074a40
  Set: 300 Way: 0 Address: 0xb8004b08
  Set: 311 Way: 0 Address: 0x1ab44dec
  Set: 312 Way: 0 Address: 0x1ab44e00
  Set: 313 Way: 0 Address: 0x1ab44e40
  Set: 314 Way: 0 Address: 0x1ab44e80
  Set: 315 Way: 0 Address: 0x1ab44ec0
  Set: 316 Way: 0 Address: 0x1ab44f00
  Set: 317 Way: 0 Address: 0x1ab44f40
  Set: 318 Way: 0 Address: 0x1ab44f80
  Set: 320 Way: 0 Address: 0x195f15000
  Set: 342 Way: 0 Address: 0x2725855a8
  Set: 370 Way: 0 Address: 0x1b0f15cb8
  Set: 371 Way: 0 Address: 0x354d35cd8
  Set: 371 Way: 1 Address: 0x1b0f15cc0
  Set: 372 Way: 0 Address: 0x1b0f15d30
  Set: 407 Way: 0 Address: 0x27d4c65c0
  Set: 408 Way: 0 Address: 0x27d4c6600
  Set: 409 Way: 0 Address: 0x27d4c6640
  Set: 410 Way: 0 Address: 0x27d4c6680
  Set: 411 Way: 0 Address: 0x27d4c66c0
  Set: 412 Way: 0 Address: 0x27d4c6700
  Set: 413 Way: 0 Address: 0x27d4c6740
  Set: 414 Way: 0 Address: 0x27d4c6780
  Set: 415 Way: 0 Address: 0x27d4c67c0
  Set: 422 Way: 0 Address: 0x43736980
  Set: 434 Way: 0 Address: 0x3dae66cb0
  Set: 435 Way: 0 Address: 0x3dae66cd0
  Set: 435 Way: 1 Address: 0x3d87a6cc0
  Set: 436 Way: 0 Address: 0x3dae66d00
  Set: 436 Way: 1 Address: 0x84896d00
  Set: 436 Way: 2 Address: 0x211d16d08
  Set: 473 Way: 0 Address: 0x309887650
  Set: 474 Way: 0 Address: 0x309887680
  Set: 499 Way: 0 Address: 0x276ff7cf0
  Set: 500 Way: 0 Address: 0xbeea7d20
  Set: 513 Way: 0 Address: 0x201598070
  Set: 514 Way: 0 Address: 0x201598080
  Set: 546 Way: 0 Address: 0x2c989888c
  Set: 547 Way: 0 Address: 0x2c98988c0
  Set: 548 Way: 0 Address: 0x2c9898900
  Set: 549 Way: 0 Address: 0x2c9898940
  Set: 550 Way: 0 Address: 0x2c9898980
  Set: 551 Way: 0 Address: 0x2c98989c0
  Set: 552 Way: 0 Address: 0x2c9898a00
  Set: 553 Way: 0 Address: 0x2c9898a40
  Set: 557 Way: 0 Address: 0xc7078b70
  Set: 558 Way: 0 Address: 0xc7078b80
  Set: 564 Way: 0 Address: 0x3bdd78d28
  Set: 575 Way: 0 Address: 0x1aafb8fe8
  Set: 598 Way: 0 Address: 0x2c87495a8
  Set: 599 Way: 0 Address: 0x2c87495c0
  Set: 608 Way: 0 Address: 0x2fa0c9822
  Set: 609 Way: 0 Address: 0x2fa0c9840
  Set: 610 Way: 0 Address: 0x2fa0c9880
  Set: 614 Way: 0 Address: 0x2fa0c9984
  Set: 615 Way: 0 Address: 0x2fa0c99c0
  Set: 619 Way: 0 Address: 0x2fa0c9ae8
  Set: 620 Way: 0 Address: 0x2fa0c9b00
  Set: 621 Way: 0 Address: 0x2fa0c9b40
  Set: 622 Way: 0 Address: 0x292959bb0
  Set: 625 Way: 0 Address: 0x2fa0c9c44
  Set: 626 Way: 0 Address: 0x2fa0c9c80
  Set: 627 Way: 0 Address: 0x312099cc8
  Set: 630 Way: 0 Address: 0x2fa0c9da8
  Set: 631 Way: 0 Address: 0x2fa0c9dc0
  Set: 632 Way: 0 Address: 0x2fa0c9e00
  Set: 636 Way: 0 Address: 0x2fa0c9f04
  Set: 637 Way: 0 Address: 0x2ee369f58
  Set: 637 Way: 1 Address: 0x2fa0c9f40
  Set: 638 Way: 0 Address: 0x2ee369fa4
  Set: 639 Way: 0 Address: 0x2ee369ffc
  Set: 640 Way: 0 Address: 0x2ee36a000
  Set: 640 Way: 1 Address: 0xc67da000
  Set: 641 Way: 0 Address: 0xc67da040
  Set: 642 Way: 0 Address: 0xc67da080
  Set: 643 Way: 0 Address: 0xc67da0c0
  Set: 648 Way: 0 Address: 0x1d89da208
  Set: 671 Way: 0 Address: 0x223eda7f8
  Set: 729 Way: 0 Address: 0xc0d9b66c
  Set: 730 Way: 0 Address: 0xc0d9b680
  Set: 731 Way: 0 Address: 0xc0d9b6c0
  Set: 732 Way: 0 Address: 0xc0d9b700
  Set: 733 Way: 0 Address: 0xc0d9b740
  Set: 734 Way: 0 Address: 0xc0d9b780
  Set: 735 Way: 0 Address: 0xc0d9b7c0
  Set: 736 Way: 0 Address: 0xc0d9b800
  Set: 751 Way: 0 Address: 0xcf83bbd0
  Set: 752 Way: 0 Address: 0xcf83bc00
  Set: 753 Way: 0 Address: 0xcf83bc40
  Set: 754 Way: 0 Address: 0xcf83bc80
  Set: 755 Way: 0 Address: 0x394edbcd0
  Set: 755 Way: 1 Address: 0xcf83bcc0
  Set: 756 Way: 0 Address: 0x3b377bd18
  Set: 756 Way: 1 Address: 0xcf83bd00
  Set: 757 Way: 0 Address: 0xcf83bd40
  Set: 758 Way: 0 Address: 0xcf83bd80
  Set: 768 Way: 0 Address: 0xdf85c000
  Set: 771 Way: 0 Address: 0x38e35c0e4
  Set: 772 Way: 0 Address: 0x38e35c100
  Set: 773 Way: 0 Address: 0x38e35c140
  Set: 777 Way: 0 Address: 0x38e35c244
  Set: 778 Way: 0 Address: 0x38e35c280
  Set: 782 Way: 0 Address: 0x38e35c3a4
  Set: 783 Way: 0 Address: 0x38e35c3c0
  Set: 784 Way: 0 Address: 0x38e35c400
  Set: 788 Way: 0 Address: 0x38e35c504
  Set: 789 Way: 0 Address: 0x38e35c540
  Set: 793 Way: 0 Address: 0x38e35c664
  Set: 794 Way: 0 Address: 0x38e35c680
  Set: 795 Way: 0 Address: 0x38e35c6c0
  Set: 799 Way: 0 Address: 0x38e35c7c4
  Set: 800 Way: 0 Address: 0x38e35c800
  Set: 800 Way: 1 Address: 0x12c6fc838
  Set: 801 Way: 0 Address: 0x12c6fc870
  Set: 802 Way: 0 Address: 0x12c6fc894
  Set: 803 Way: 0 Address: 0x12c6fc8fc
  Set: 804 Way: 0 Address: 0x12c6fc900
  Set: 804 Way: 1 Address: 0x38e35c924
  Set: 805 Way: 0 Address: 0x12c6fc958
  Set: 805 Way: 1 Address: 0x38e35c940
  Set: 806 Way: 0 Address: 0x12c6fc980
  Set: 806 Way: 1 Address: 0x38e35c980
  Set: 807 Way: 0 Address: 0x12c6fc9f4
  Set: 808 Way: 0 Address: 0x12c6fca08
  Set: 809 Way: 0 Address: 0x12c6fca40
  Set: 810 Way: 0 Address: 0x12c6fca80
  Set: 810 Way: 1 Address: 0x38e35ca84
  Set: 811 Way: 0 Address: 0x12c6fcac0
  Set: 811 Way: 1 Address: 0x38e35cac0
  Set: 812 Way: 0 Address: 0x12c6fcb10
  Set: 813 Way: 0 Address: 0x12c6fcb40
  Set: 814 Way: 0 Address: 0x12c6fcbac
  Set: 815 Way: 0 Address: 0x12c6fcbc0
  Set: 815 Way: 1 Address: 0x38e35cbe4
  Set: 816 Way: 0 Address: 0x38e35cc00
  Set: 816 Way: 1 Address: 0x12c6fcc00
  Set: 817 Way: 0 Address: 0x38e35cc40
  Set: 821 Way: 0 Address: 0x38e35cd44
  Set: 822 Way: 0 Address: 0x38e35cd80
  Set: 826 Way: 0 Address: 0x38e35cea6
  Set: 827 Way: 0 Address: 0x38e35cec0
  Set: 828 Way: 0 Address: 0x38e35cf00
  Set: 838 Way: 0 Address: 0x23755d1b0
  Set: 883 Way: 0 Address: 0x1addcf8
  Set: 884 Way: 0 Address: 0x5588dd10
  Set: 896 Way: 0 Address: 0x28b67e000
  Set: 896 Way: 1 Address: 0x1f919e010
  Set: 896 Way: 2 Address: 0x1c084e00c
  Set: 896 Way: 3 Address: 0x2f5d8e000
  Set: 897 Way: 0 Address: 0x1f919e070
  Set: 897 Way: 1 Address: 0x2f5d8e040
  Set: 897 Way: 2 Address: 0x1c084e040
  Set: 898 Way: 0 Address: 0x1f919e0a0
  Set: 898 Way: 1 Address: 0x2f5d8e0a0
  Set: 898 Way: 2 Address: 0x1c084e080
  Set: 899 Way: 0 Address: 0x2f5d8e0c0
  Set: 899 Way: 1 Address: 0x1c084e0c0
  Set: 900 Way: 0 Address: 0x2f5d8e100
  Set: 900 Way: 1 Address: 0x1c084e100
  Set: 901 Way: 0 Address: 0x2f5d8e140
  Set: 901 Way: 1 Address: 0x1c084e140
  Set: 902 Way: 0 Address: 0x2f5d8e180
  Set: 902 Way: 1 Address: 0x1c084e180
  Set: 903 Way: 0 Address: 0x2f5d8e1c0
  Set: 903 Way: 1 Address: 0x1c084e1c0
  Set: 904 Way: 0 Address: 0x2f5d8e200
  Set: 913 Way: 0 Address: 0x2db79e44c
  Set: 914 Way: 0 Address: 0x2db79e480
  Set: 915 Way: 0 Address: 0x2db79e4c0
  Set: 916 Way: 0 Address: 0x2db79e500
  Set: 917 Way: 0 Address: 0x2db79e540
  Set: 918 Way: 0 Address: 0x3734ee5b0
  Set: 918 Way: 1 Address: 0x2db79e580
  Set: 919 Way: 0 Address: 0x2db79e5c0
  Set: 920 Way: 0 Address: 0x2db79e600
  Set: 927 Way: 0 Address: 0x28b67e7f8
  Set: 939 Way: 0 Address: 0x20597eac0
  Set: 940 Way: 0 Address: 0x20597eb00
  Set: 941 Way: 0 Address: 0x20597eb40
  Set: 942 Way: 0 Address: 0x20597eb80
  Set: 943 Way: 0 Address: 0x20597ebc0
  Set: 944 Way: 0 Address: 0x20597ec00
  Set: 945 Way: 0 Address: 0x20597ec40
  Set: 946 Way: 0 Address: 0x20597ec80
  Set: 962 Way: 0 Address: 0xee86f080
  Set: 968 Way: 0 Address: 0x22272f22c
  Set: 969 Way: 0 Address: 0x22272f240
  Set: 970 Way: 0 Address: 0x22272f280
  Set: 971 Way: 0 Address: 0x22272f2c0
  Set: 972 Way: 0 Address: 0x22272f300
  Set: 973 Way: 0 Address: 0x22272f340
  Set: 974 Way: 0 Address: 0x22272f380
  Set: 975 Way: 0 Address: 0x22272f3c0
  Set: 982 Way: 0 Address: 0x143ef5b8
  Set: 983 Way: 0 Address: 0x143ef5c0
  Set: 987 Way: 0 Address: 0x23756f6d0
  Set: 988 Way: 0 Address: 0x23756f700
  Set: 989 Way: 0 Address: 0x23756f740
  Set: 990 Way: 0 Address: 0x23756f780
  Set: 991 Way: 0 Address: 0x23756f7c0
  Set: 992 Way: 0 Address: 0x23756f800
  Set: 993 Way: 0 Address: 0x23756f840
  Set: 994 Way: 0 Address: 0x23756f880
  Set: 995 Way: 0 Address: 0x16390f8c8
  Set: 995 Way: 1 Address: 0x23756f8c0
  Set: 996 Way: 0 Address: 0x16390f900
EndCache
Cache: cpu0_L1I
  Set: 14 Way: 0 Address: 0x9cff2390
  Set: 15 Way: 0 Address: 0x9cff23f5
  Set: 16 Way: 0 Address: 0x9cff242a
  Set: 17 Way: 0 Address: 0x9cff2469
  Set: 18 Way: 0 Address: 0x9cff24a2
  Set: 19 Way: 0 Address: 0x9cff24ee
  Set: 20 Way: 0 Address: 0x9cff2501
  Set: 21 Way: 0 Address: 0x9cff2568
  Set: 23 Way: 0 Address: 0x9cff25fc
  Set: 24 Way: 0 Address: 0x9cff2600
  Set: 25 Way: 0 Address: 0x9cff2645
  Set: 34 Way: 0 Address: 0x2a48418a0
EndCache
Cache: cpu0_L1D
  Set: 0 Way: 0 Address: 0xdf85c000
  Set: 0 Way: 1 Address: 0x28b67e000
  Set: 0 Way: 2 Address: 0x195f15000
  Set: 0 Way: 3 Address: 0x1f919e010
  Set: 0 Way: 4 Address: 0x3c56b3018
  Set: 0 Way: 5 Address: 0x1c084e00c
  Set: 0 Way: 6 Address: 0x2f5d8e01a
  Set: 0 Way: 7 Address: 0x34a873020
  Set: 0 Way: 8 Address: 0xc67da004
  Set: 1 Way: 0 Address: 0x1f919e070
  Set: 1 Way: 1 Address: 0x201598070
  Set: 1 Way: 2 Address: 0x2f5d8e04a
  Set: 1 Way: 3 Address: 0x1c084e040
  Set: 1 Way: 4 Address: 0x6d0c207c
  Set: 1 Way: 5 Address: 0xc67da040
  Set: 2 Way: 0 Address: 0x1f919e0a0
  Set: 2 Way: 1 Address: 0x1c84e20a0
  Set: 2 Way: 2 Address: 0x2f5d8e0b0
  Set: 2 Way: 3 Address: 0x201598080
  Set: 2 Way: 4 Address: 0xee86f080
  Set: 2 Way: 5 Address: 0x6d0c2080
  Set: 2 Way: 6 Address: 0x1c084e080
  Set: 2 Way: 7 Address: 0xc67da080
  Set: 3 Way: 0 Address: 0x2f5d8e0f6
  Set: 3 Way: 1 Address: 0x38e35c0f6
  Set: 3 Way: 2 Address: 0x1c084e0c0
  Set: 3 Way: 3 Address: 0xc67da0c0
  Set: 4 Way: 0 Address: 0x2f5d8e100
  Set: 4 Way: 1 Address: 0x38e35c100
  Set: 4 Way: 2 Address: 0x14bb1011c
  Set: 4 Way: 3 Address: 0x1c084e100
  Set: 5 Way: 0 Address: 0x2f5d8e14a
  Set: 5 Way: 1 Address: 0x14bb10140
  Set: 5 Way: 2 Address: 0x34a87317c
  Set: 5 Way: 3 Address: 0x1c084e140
  Set: 6 Way: 0 Address: 0x1995f21a8
  Set: 6 Way: 1 Address: 0x23755d1b0
  Set: 6 Way: 2 Address: 0x2f5d8e182
  Set: 6 Way: 3 Address: 0x34a873182
  Set: 6 Way: 4 Address: 0x14bb10180
  Set: 6 Way: 5 Address: 0x1c084e180
  Set: 7 Way: 0 Address: 0x2f5d8e1c2
  Set: 7 Way: 1 Address: 0x6d0c21d6
  Set: 7 Way: 2 Address: 0x14bb101c0
  Set: 7 Way: 3 Address: 0x1c084e1c0
  Set: 8 Way: 0 Address: 0x1d89da208
  Set: 8 Way: 1 Address: 0x22272f22c
  Set: 8 Way: 2 Address: 0x14bb10200
  Set: 9 Way: 0 Address: 0x38e35c248
  Set: 9 Way: 1 Address: 0x22272f240
  Set: 9 Way: 2 Address: 0x14bb10240
  Set: 10 Way: 0 Address: 0x22272f280
  Set: 10 Way: 1 Address: 0x14bb10280
  Set: 11 Way: 0 Address: 0x22272f2c0
  Set: 11 Way: 1 Address: 0x34a8732d6
  Set: 11 Way: 2 Address: 0x14bb102c0
  Set: 12 Way: 0 Address: 0x3de4d4300
  Set: 12 Way: 1 Address: 0x2177f033c
  Set: 12 Way: 2 Address: 0x6d0c233c
  Set: 12 Way: 3 Address: 0x22272f300
  Set: 13 Way: 0 Address: 0x6d0c2356
  Set: 13 Way: 1 Address: 0x2177f0340
  Set: 13 Way: 2 Address: 0x22272f340
  Set: 14 Way: 0 Address: 0x38e35c3b6
  Set: 14 Way: 1 Address: 0x2177f0384
  Set: 14 Way: 2 Address: 0x22272f380
  Set: 15 Way: 0 Address: 0x38e35c3c0
  Set: 15 Way: 1 Address: 0x2177f03c0
  Set: 15 Way: 2 Address: 0x22272f3c0
  Set: 16 Way: 0 Address: 0x2177f0400
  Set: 17 Way: 0 Address: 0x2db79e44c
  Set: 17 Way: 1 Address: 0x2177f0440
  Set: 18 Way: 0 Address: 0x6d0c24b6
  Set: 18 Way: 1 Address: 0x2db79e480
  Set: 18 Way: 2 Address: 0x2177f0480
  Set: 19 Way: 0 Address: 0x2db79e4c0
  Set: 19 Way: 1 Address: 0x2177f04c0
  Set: 20 Way: 0 Address: 0x38e35c51e
  Set: 20 Way: 1 Address: 0x2db79e500
  Set: 20 Way: 2 Address: 0x2177f0500
  Set: 21 Way: 0 Address: 0x3b080355c
  Set: 21 Way: 1 Address: 0x2db79e540
  Set: 22 Way: 0 Address: 0x3734ee5b0
  Set: 22 Way: 1 Address: 0x143ef5b8
  Set: 22 Way: 2 Address: 0x3c10745b0
  Set: 22 Way: 3 Address: 0x3b0803580
  Set: 22 Way: 4 Address: 0x2c87495a8
  Set: 22 Way: 5 Address: 0x2725855a8
  Set: 22 Way: 6 Address: 0x2db79e580
  Set: 23 Way: 0 Address: 0x3c10745c0
  Set: 23 Way: 1 Address: 0x27d4c65c0
  Set: 23 Way: 2 Address: 0x6d0c25fe
  Set: 23 Way: 3 Address: 0x143ef5c0
  Set: 23 Way: 4 Address: 0x2c87495c0
  Set: 23 Way: 5 Address: 0x3b08035c0
  Set: 23 Way: 6 Address: 0x2db79e5c0
  Set: 24 Way: 0 Address: 0x3c1074600
  Set: 24 Way: 1 Address: 0x6d0c2616
  Set: 24 Way: 2 Address: 0x27d4c6600
  Set: 24 Way: 3 Address: 0x3b0803600
  Set: 24 Way: 4 Address: 0x2db79e600
  Set: 25 Way: 0 Address: 0x309887650
  Set: 25 Way: 1 Address: 0x38e35c666
  Set: 25 Way: 2 Address: 0xc0d9b66c
  Set: 25 Way: 3 Address: 0x27d4c6640
  Set: 25 Way: 4 Address: 0x3b0803640
  Set: 26 Way: 0 Address: 0x38e35c680
  Set: 26 Way: 1 Address: 0xc0d9b680
  Set: 26 Way: 2 Address: 0x27d4c6680
  Set: 26 Way: 3 Address: 0x3b0803680
  Set: 27 Way: 0 Address: 0x23756f6d0
  Set: 27 Way: 1 Address: 0xc0d9b6c0
  Set: 27 Way: 2 Address: 0x27d4c66c0
  Set: 27 Way: 3 Address: 0x3b08036c0
  Set: 28 Way: 0 Address: 0x23756f700
  Set: 28 Way: 1 Address: 0xc0d9b700
  Set: 28 Way: 2 Address: 0x27d4c6700
  Set: 28 Way: 3 Address: 0x3b0803700
  Set: 29 Way: 0 Address: 0x3232f377c
  Set: 29 Way: 1 Address: 0x6d0c2774
  Set: 29 Way: 2 Address: 0x23756f740
  Set: 29 Way: 3 Address: 0xc0d9b740
  Set: 29 Way: 4 Address: 0x27d4c6740
  Set: 30 Way: 0 Address: 0x3232f3780
  Set: 30 Way: 1 Address: 0x23756f780
  Set: 30 Way: 2 Address: 0xc0d9b780
  Set: 30 Way: 3 Address: 0x27d4c6780
  Set: 31 Way: 0 Address: 0x28b67e7f8
  Set: 31 Way: 1 Address: 0x223eda7f8
  Set: 31 Way: 2 Address: 0x38e35c7de
  Set: 31 Way: 3 Address: 0x3232f37c0
  Set: 31 Way: 4 Address: 0x23756f7c0
  Set: 31 Way: 5 Address: 0xc0d9b7c0
  Set: 32 Way: 0 Address: 0x12c6fc838
  Set: 32 Way: 1 Address: 0x3232f3800
  Set: 32 Way: 2 Address: 0x2fa0c9838
  Set: 32 Way: 3 Address: 0x23756f800
  Set: 32 Way: 4 Address: 0xc0d9b800
  Set: 33 Way: 0 Address: 0x12c6fc870
  Set: 33 Way: 1 Address: 0x3232f3840
  Set: 33 Way: 2 Address: 0x2fa0c9840
  Set: 33 Way: 3 Address: 0x23756f840
  Set: 34 Way: 0 Address: 0x12c6fc894
  Set: 34 Way: 1 Address: 0x2c989888c
  Set: 34 Way: 2 Address: 0x6d0c28bc
  Set: 34 Way: 3 Address: 0x3c10748a0
  Set: 34 Way: 4 Address: 0x3232f3880
  Set: 34 Way: 5 Address: 0x23756f880
  Set: 35 Way: 0 Address: 0x16390f8c8
  Set: 35 Way: 1 Address: 0x12c6fc8fc
  Set: 35 Way: 2 Address: 0x6d0c28d2
  Set: 35 Way: 3 Address: 0x3c10748c0
  Set: 35 Way: 4 Address: 0x2c98988c0
  Set: 35 Way: 5 Address: 0x3232f38c0
  Set: 36 Way: 0 Address: 0x12c6fc910
  Set: 36 Way: 1 Address: 0x38e35c93a
  Set: 36 Way: 2 Address: 0x3c1074900
  Set: 36 Way: 3 Address: 0x2c9898900
  Set: 36 Way: 4 Address: 0x3232f3900
  Set: 37 Way: 0 Address: 0x12c6fc958
  Set: 37 Way: 1 Address: 0x38e35c940
  Set: 37 Way: 2 Address: 0x3c1074940
  Set: 37 Way: 3 Address: 0x2c9898940
  Set: 37 Way: 4 Address: 0x3232f3940
  Set: 38 Way: 0 Address: 0x43736980
  Set: 38 Way: 1 Address: 0x12c6fc9a8
  Set: 38 Way: 2 Address: 0x181c819b0
  Set: 38 Way: 3 Address: 0x2fa0c99a2
  Set: 38 Way: 4 Address: 0x3c1074980
  Set: 38 Way: 5 Address: 0x2c9898980
  Set: 39 Way: 0 Address: 0x12c6fc9fc
  Set: 39 Way: 1 Address: 0x181c819c0
  Set: 39 Way: 2 Address: 0x3c10749c0
  Set: 39 Way: 3 Address: 0x2c98989c0
  Set: 40 Way: 0 Address: 0x6d0c2a10
  Set: 40 Way: 1 Address: 0x12c6fca1c
  Set: 40 Way: 2 Address: 0x181c81a00
  Set: 40 Way: 3 Address: 0x3c1074a00
  Set: 40 Way: 4 Address: 0x2c9898a00
  Set: 41 Way: 0 Address: 0x12c6fca44
  Set: 41 Way: 1 Address: 0x181c81a40
  Set: 41 Way: 2 Address: 0x3c1074a40
  Set: 41 Way: 3 Address: 0x2c9898a40
  Set: 42 Way: 0 Address: 0x12c6fca84
  Set: 42 Way: 1 Address: 0x38e35ca9e
  Set: 42 Way: 2 Address: 0x181c81a80
  Set: 43 Way: 0 Address: 0x12c6fcacc
  Set: 43 Way: 1 Address: 0x20597eac4
  Set: 43 Way: 2 Address: 0x2fa0c9afe
  Set: 43 Way: 3 Address: 0x181c81ac0
  Set: 44 Way: 0 Address: 0xb8004b08
  Set: 44 Way: 1 Address: 0x12c6fcb10
  Set: 44 Way: 2 Address: 0x2fa0c9b00
  Set: 44 Way: 3 Address: 0x20597eb00
  Set: 44 Way: 4 Address: 0x181c81b00
  Set: 45 Way: 0 Address: 0x6d0c2b64
  Set: 45 Way: 1 Address: 0xc7078b68
  Set: 45 Way: 2 Address: 0x342b40b70
  Set: 45 Way: 3 Address: 0x1064c2b68
  Set: 45 Way: 4 Address: 0x12c6fcb40
  Set: 45 Way: 5 Address: 0x20597eb40
  Set: 45 Way: 6 Address: 0x181c81b40
  Set: 46 Way: 0 Address: 0xc7078b80
  Set: 46 Way: 1 Address: 0x292959bb0
  Set: 46 Way: 2 Address: 0x6d0c2b80
  Set: 46 Way: 3 Address: 0x12c6fcbac
  Set: 46 Way: 4 Address: 0x20597eb80
  Set: 47 Way: 0 Address: 0xcf83bbd4
  Set: 47 Way: 1 Address: 0x38e35cbfc
  Set: 47 Way: 2 Address: 0x12c6fcbc4
  Set: 47 Way: 3 Address: 0x20597ebc0
  Set: 48 Way: 0 Address: 0x38e35cc00
  Set: 48 Way: 1 Address: 0xcf83bc00
  Set: 48 Way: 2 Address: 0x20597ec00
  Set: 49 Way: 0 Address: 0x2fa0c9c58
  Set: 49 Way: 1 Address: 0xcf83bc40
  Set: 49 Way: 2 Address: 0x20597ec40
  Set: 50 Way: 0 Address: 0x3dae66cb0
  Set: 50 Way: 1 Address: 0x1b0f15cb8
  Set: 50 Way: 2 Address: 0x257713cb8
  Set: 50 Way: 3 Address: 0xcf83bc80
  Set: 50 Way: 4 Address: 0x20597ec80
  Set: 51 Way: 0 Address: 0x6d0c2cc4
  Set: 51 Way: 1 Address: 0x28a940ce8
  Set: 51 Way: 2 Address: 0x354d35cd8
  Set: 51 Way: 3 Address: 0x394edbcd0
  Set: 51 Way: 4 Address: 0x276ff7cf0
  Set: 51 Way: 5 Address: 0x2b2e93ce0
  Set: 51 Way: 6 Address: 0x1addcf8
  Set: 51 Way: 7 Address: 0x133c92cdc
  Set: 51 Way: 8 Address: 0x1b0f15cc8
  Set: 51 Way: 9 Address: 0x312099cc8
  Set: 51 Way: 10 Address: 0x3d87a6cc0
  Set: 51 Way: 11 Address: 0xcf83bcc0
  Set: 52 Way: 0 Address: 0x3dae66d00
  Set: 52 Way: 1 Address: 0x84896d00
  Set: 52 Way: 2 Address: 0x211d16d08
  Set: 52 Way: 3 Address: 0x5588dd10
  Set: 52 Way: 4 Address: 0x1b0f15d30
  Set: 52 Way: 5 Address: 0x3bdd78d28
  Set: 52 Way: 6 Address: 0xbeea7d20
  Set: 52 Way: 7 Address: 0x3b377bd18
  Set: 52 Way: 8 Address: 0x133c92d00
  Set: 52 Way: 9 Address: 0xcf83bd00
  Set: 53 Way: 0 Address: 0x38e35cd62
  Set: 53 Way: 1 Address: 0x133c92d40
  Set: 53 Way: 2 Address: 0xcf83bd40
  Set: 54 Way: 0 Address: 0x2fa0c9dbe
  Set: 54 Way: 1 Address: 0x133c92d80
  Set: 54 Way: 2 Address: 0xcf83bd80
  Set: 55 Way: 0 Address: 0x1ab44dec
  Set: 55 Way: 1 Address: 0x2fa0c9dc0
  Set: 55 Way: 2 Address: 0x133c92dc0
  Set: 56 Way: 0 Address: 0x6d0c2e24
  Set: 56 Way: 1 Address: 0x1ab44e00
  Set: 56 Way: 2 Address: 0x133c92e00
  Set: 57 Way: 0 Address: 0x6d0c2e40
  Set: 57 Way: 1 Address: 0x1ab44e40
  Set: 57 Way: 2 Address: 0x133c92e40
  Set: 58 Way: 0 Address: 0x38e35cebe
  Set: 58 Way: 1 Address: 0x1ab44e80
  Set: 58 Way: 2 Address: 0x133c92e80
  Set: 59 Way: 0 Address: 0x6e620efc
  Set: 59 Way: 1 Address: 0x38e35cec0
  Set: 59 Way: 2 Address: 0x1ab44ec0
  Set: 60 Way: 0 Address: 0x6e620f00
  Set: 60 Way: 1 Address: 0x2fa0c9f1c
  Set: 60 Way: 2 Address: 0x1ab44f00
  Set: 61 Way: 0 Address: 0x2ee369f58
  Set: 61 Way: 1 Address: 0x6e620f40
  Set: 61 Way: 2 Address: 0x1ab44f40
  Set: 62 Way: 0 Address: 0x2ee369fa4
  Set: 62 Way: 1 Address: 0x6d0c2fa2
  Set: 62 Way: 2 Address: 0x6e620f80
  Set: 62 Way: 3 Address: 0x1ab44f80
  Set: 63 Way: 0 Address: 0x1aafb8fe8
  Set: 63 Way: 1 Address: 0x2ee369fc8
  Set: 63 Way: 2 Address: 0x6e620fc0
EndCache
Cache: cpu0_ITLB
  Set: 0 Way: 0 Address: 0x4608a0
  Set: 1 Way: 0 Address: 0x4414a2
EndCache
Cache: cpu0_DTLB
  Set: 0 Way: 0 Address: 0x730650
  Set: 0 Way: 1 Address: 0x1d709fc
  Set: 0 Way: 2 Address: 0x21a022c
  Set: 1 Way: 0 Address: 0x7618c8
  Set: 1 Way: 1 Address: 0x21a133c
  Set: 2 Way: 0 Address: 0x21a244c
  Set: 3 Way: 0 Address: 0x21a355c
  Set: 4 Way: 0 Address: 0x21a466c
  Set: 5 Way: 0 Address: 0x7fff6ec35fe0
  Set: 5 Way: 1 Address: 0x21a577c
  Set: 5 Way: 2 Address: 0x28b59a2
  Set: 6 Way: 0 Address: 0x28b6a10
  Set: 6 Way: 1 Address: 0x7fff6ec360f6
  Set: 6 Way: 2 Address: 0x21965c0
  Set: 6 Way: 3 Address: 0x21a688c
  Set: 7 Way: 0 Address: 0x28b7248
  Set: 7 Way: 1 Address: 0x21979b0
  Set: 8 Way: 0 Address: 0x2198ac0
  Set: 8 Way: 1 Address: 0x28b8020
  Set: 9 Way: 0 Address: 0x2199bd0
  Set: 10 Way: 0 Address: 0x219acdc
  Set: 11 Way: 0 Address: 0x219bdec
  Set: 12 Way: 0 Address: 0x219cefc
  Set: 13 Way: 0 Address: 0x1d6d5c0
  Set: 13 Way: 1 Address: 0x219d000
  Set: 14 Way: 0 Address: 0x219e00c
  Set: 14 Way: 1 Address: 0x1d6e6d0
  Set: 15 Way: 0 Address: 0x219f11c
EndCache
Cache: LLC
  Set: 45 Way: 0 Address: 0x342b40b70
  Set: 51 Way: 0 Address: 0x28a940ce8
  Set: 59 Way: 0 Address: 0x6e620efc
  Set: 60 Way: 0 Address: 0x6e620f00
  Set: 61 Way: 0 Address: 0x6e620f40
  Set: 62 Way: 0 Address: 0x6e620f80
  Set: 63 Way: 0 Address: 0x6e620fc0
  Set: 98 Way: 0 Address: 0x2a48418a0
  Set: 99 Way: 0 Address: 0x2a48418c0
  Set: 102 Way: 0 Address: 0x181c819b0
  Set: 103 Way: 0 Address: 0x181c819c0
  Set: 104 Way: 0 Address: 0x181c81a00
  Set: 105 Way: 0 Address: 0x181c81a40
  Set: 106 Way: 0 Address: 0x181c81a80
  Set: 107 Way: 0 Address: 0x181c81ac0
  Set: 108 Way: 0 Address: 0x181c81b00
  Set: 109 Way: 0 Address: 0x181c81b40
  Set: 129 Way: 0 Address: 0x6d0c2064
  Set: 130 Way: 0 Address: 0x1c84e20a0
  Set: 130 Way: 1 Address: 0x6d0c2080
  Set: 131 Way: 0 Address: 0x6d0c20c0
  Set: 135 Way: 0 Address: 0x6d0c21c4
  Set: 136 Way: 0 Address: 0x6d0c2200
  Set: 140 Way: 0 Address: 0x6d0c233c
  Set: 141 Way: 0 Address: 0x6d0c2340
  Set: 142 Way: 0 Address: 0x6d0c2380
  Set: 146 Way: 0 Address: 0x6d0c249c
  Set: 147 Way: 0 Address: 0x6d0c24c0
  Set: 151 Way: 0 Address: 0x6d0c25fc
  Set: 152 Way: 0 Address: 0x6d0c2602
  Set: 153 Way: 0 Address: 0x6d0c2640
  Set: 157 Way: 0 Address: 0x6d0c275c
  Set: 158 Way: 0 Address: 0x6d0c2780
  Set: 162 Way: 0 Address: 0x6d0c28bc
  Set: 163 Way: 0 Address: 0x6d0c28c2
  Set: 164 Way: 0 Address: 0x6d0c2900
  Set: 168 Way: 0 Address: 0x6d0c2a04
  Set: 169 Way: 0 Address: 0x6d0c2a40
  Set: 173 Way: 0 Address: 0x6d0c2b64
  Set: 173 Way: 1 Address: 0x1064c2b68
  Set: 174 Way: 0 Address: 0x6d0c2b80
  Set: 175 Way: 0 Address: 0x6d0c2bc0
  Set: 179 Way: 0 Address: 0x6d0c2cc4
  Set: 180 Way: 0 Address: 0x6d0c2d00
  Set: 184 Way: 0 Address: 0x6d0c2e24
  Set: 185 Way: 0 Address: 0x6d0c2e40
  Set: 186 Way: 0 Address: 0x6d0c2e80
  Set: 190 Way: 0 Address: 0x6d0c2f84
  Set: 191 Way: 0 Address: 0x6d0c2fc0
  Set: 213 Way: 0 Address: 0x3b080355c
  Set: 214 Way: 0 Address: 0x3b0803580
  Set: 215 Way: 0 Address: 0x3b08035c0
  Set: 216 Way: 0 Address: 0x3b0803600
  Set: 217 Way: 0 Address: 0x3b0803640
  Set: 218 Way: 0 Address: 0x3b0803680
  Set: 219 Way: 0 Address: 0x3b08036c0
  Set: 220 Way: 0 Address: 0x3b0803700
  Set: 300 Way: 0 Address: 0xb8004b08
  Set: 311 Way: 0 Address: 0x1ab44dec
  Set: 312 Way: 0 Address: 0x1ab44e00
  Set: 313 Way: 0 Address: 0x1ab44e40
  Set: 314 Way: 0 Address: 0x1ab44e80
  Set: 315 Way: 0 Address: 0x1ab44ec0
  Set: 316 Way: 0 Address: 0x1ab44f00
  Set: 317 Way: 0 Address: 0x1ab44f40
  Set: 318 Way: 0 Address: 0x1ab44f80
  Set: 342 Way: 0 Address: 0x2725855a8
  Set: 407 Way: 0 Address: 0x27d4c65c0
  Set: 408 Way: 0 Address: 0x27d4c6600
  Set: 409 Way: 0 Address: 0x27d4c6640
  Set: 410 Way: 0 Address: 0x27d4c6680
  Set: 411 Way: 0 Address: 0x27d4c66c0
  Set: 412 Way: 0 Address: 0x27d4c6700
  Set: 413 Way: 0 Address: 0x27d4c6740
  Set: 414 Way: 0 Address: 0x27d4c6780
  Set: 415 Way: 0 Address: 0x27d4c67c0
  Set: 434 Way: 0 Address: 0x3dae66cb0
  Set: 435 Way: 0 Address: 0x3dae66cd0
  Set: 435 Way: 1 Address: 0x3d87a6cc0
  Set: 436 Way: 0 Address: 0x3dae66d00
  Set: 473 Way: 0 Address: 0x309887650
  Set: 474 Way: 0 Address: 0x309887680
  Set: 500 Way: 0 Address: 0xbeea7d20
  Set: 598 Way: 0 Address: 0x2c87495a8
  Set: 599 Way: 0 Address: 0x2c87495c0
  Set: 608 Way: 0 Address: 0x2fa0c9822
  Set: 609 Way: 0 Address: 0x2fa0c9840
  Set: 610 Way: 0 Address: 0x2fa0c9880
  Set: 614 Way: 0 Address: 0x2fa0c9984
  Set: 615 Way: 0 Address: 0x2fa0c99c0
  Set: 619 Way: 0 Address: 0x2fa0c9ae8
  Set: 620 Way: 0 Address: 0x2fa0c9b00
  Set: 621 Way: 0 Address: 0x2fa0c9b40
  Set: 625 Way: 0 Address: 0x2fa0c9c44
  Set: 626 Way: 0 Address: 0x2fa0c9c80
  Set: 630 Way: 0 Address: 0x2fa0c9da8
  Set: 631 Way: 0 Address: 0x2fa0c9dc0
  Set: 632 Way: 0 Address: 0x2fa0c9e00
  Set: 636 Way: 0 Address: 0x2fa0c9f04
  Set: 637 Way: 0 Address: 0x2ee369f58
  Set: 637 Way: 1 Address: 0x2fa0c9f40
  Set: 638 Way: 0 Address: 0x2ee369fa4
  Set: 639 Way: 0 Address: 0x2ee369ffc
  Set: 640 Way: 0 Address: 0x2ee36a000
  Set: 884 Way: 0 Address: 0x5588dd10
  Set: 896 Way: 0 Address: 0x1c084e00c
  Set: 896 Way: 1 Address: 0x2f5d8e000
  Set: 897 Way: 0 Address: 0x2f5d8e040
  Set: 897 Way: 1 Address: 0x1c084e040
  Set: 898 Way: 0 Address: 0x2f5d8e0a0
  Set: 898 Way: 1 Address: 0x1c084e080
  Set: 899 Way: 0 Address: 0x2f5d8e0c0
  Set: 899 Way: 1 Address: 0x1c084e0c0
  Set: 900 Way: 0 Address: 0x2f5d8e100
  Set: 900 Way: 1 Address: 0x1c084e100
  Set: 901 Way: 0 Address: 0x2f5d8e140
  Set: 901 Way: 1 Address: 0x1c084e140
  Set: 902 Way: 0 Address: 0x2f5d8e180
  Set: 902 Way: 1 Address: 0x1c084e180
  Set: 903 Way: 0 Address: 0x2f5d8e1c0
  Set: 903 Way: 1 Address: 0x1c084e1c0
  Set: 904 Way: 0 Address: 0x2f5d8e200
  Set: 918 Way: 0 Address: 0x3734ee5b0
  Set: 962 Way: 0 Address: 0xee86f080
  Set: 968 Way: 0 Address: 0x22272f22c
  Set: 969 Way: 0 Address: 0x22272f240
  Set: 970 Way: 0 Address: 0x22272f280
  Set: 971 Way: 0 Address: 0x22272f2c0
  Set: 972 Way: 0 Address: 0x22272f300
  Set: 973 Way: 0 Address: 0x22272f340
  Set: 974 Way: 0 Address: 0x22272f380
  Set: 975 Way: 0 Address: 0x22272f3c0
  Set: 982 Way: 0 Address: 0x143ef5b8
  Set: 983 Way: 0 Address: 0x143ef5c0
  Set: 987 Way: 0 Address: 0x23756f6d0
  Set: 988 Way: 0 Address: 0x23756f700
  Set: 989 Way: 0 Address: 0x23756f740
  Set: 990 Way: 0 Address: 0x23756f780
  Set: 991 Way: 0 Address: 0x23756f7c0
  Set: 992 Way: 0 Address: 0x23756f800
  Set: 993 Way: 0 Address: 0x23756f840
  Set: 994 Way: 0 Address: 0x23756f880
  Set: 995 Way: 0 Address: 0x16390f8c8
  Set: 995 Way: 1 Address: 0x23756f8c0
  Set: 996 Way: 0 Address: 0x16390f900
  Set: 1028 Way: 0 Address: 0x14bb1011c
  Set: 1029 Way: 0 Address: 0x14bb10140
  Set: 1030 Way: 0 Address: 0x14bb10180
  Set: 1031 Way: 0 Address: 0x14bb101c0
  Set: 1032 Way: 0 Address: 0x14bb10200
  Set: 1033 Way: 0 Address: 0x14bb10240
  Set: 1034 Way: 0 Address: 0x14bb10280
  Set: 1035 Way: 0 Address: 0x14bb102c0
  Set: 1036 Way: 0 Address: 0x2177f033c
  Set: 1037 Way: 0 Address: 0x2177f0340
  Set: 1038 Way: 0 Address: 0x2177f0380
  Set: 1039 Way: 0 Address: 0x2177f03c0
  Set: 1040 Way: 0 Address: 0x2177f0400
  Set: 1041 Way: 0 Address: 0x2177f0440
  Set: 1042 Way: 0 Address: 0x2177f0480
  Set: 1043 Way: 0 Address: 0x2177f04c0
  Set: 1044 Way: 0 Address: 0x2177f0500
  Set: 1158 Way: 0 Address: 0x1995f21a8
  Set: 1166 Way: 0 Address: 0x9cff2390
  Set: 1167 Way: 0 Address: 0x9cff23c0
  Set: 1168 Way: 0 Address: 0x9cff242a
  Set: 1169 Way: 0 Address: 0x9cff2446
  Set: 1170 Way: 0 Address: 0x9cff2482
  Set: 1171 Way: 0 Address: 0x9cff24c1
  Set: 1172 Way: 0 Address: 0x9cff2501
  Set: 1173 Way: 0 Address: 0x9cff2568
  Set: 1174 Way: 0 Address: 0x9cff2580
  Set: 1175 Way: 0 Address: 0x9cff25c8
  Set: 1176 Way: 0 Address: 0x9cff2600
  Set: 1177 Way: 0 Address: 0x9cff2640
  Set: 1178 Way: 0 Address: 0x9cff2680
  Set: 1203 Way: 0 Address: 0x133c92cdc
  Set: 1204 Way: 0 Address: 0x133c92d00
  Set: 1205 Way: 0 Address: 0x133c92d40
  Set: 1206 Way: 0 Address: 0x133c92d80
  Set: 1207 Way: 0 Address: 0x133c92dc0
  Set: 1208 Way: 0 Address: 0x133c92e00
  Set: 1209 Way: 0 Address: 0x133c92e40
  Set: 1210 Way: 0 Address: 0x133c92e80
  Set: 1216 Way: 0 Address: 0x3c56b3018
  Set: 1216 Way: 1 Address: 0x34a873004
  Set: 1217 Way: 0 Address: 0x34a873040
  Set: 1221 Way: 0 Address: 0x34a873164
  Set: 1222 Way: 0 Address: 0x34a873180
  Set: 1223 Way: 0 Address: 0x34a8731c0
  Set: 1227 Way: 0 Address: 0x34a8732c4
  Set: 1228 Way: 0 Address: 0x34a873300
  Set: 1245 Way: 0 Address: 0x3232f377c
  Set: 1246 Way: 0 Address: 0x3232f3780
  Set: 1247 Way: 0 Address: 0x3232f37c0
  Set: 1248 Way: 0 Address: 0x3232f3800
  Set: 1249 Way: 0 Address: 0x3232f3840
  Set: 1250 Way: 0 Address: 0x3232f3880
  Set: 1251 Way: 0 Address: 0x3232f38c0
  Set: 1252 Way: 0 Address: 0x3232f3900
  Set: 1253 Way: 0 Address: 0x3232f3940
  Set: 1266 Way: 0 Address: 0x257713cb8
  Set: 1267 Way: 0 Address: 0x2b2e93ce0
  Set: 1292 Way: 0 Address: 0x3de4d4300
  Set: 1302 Way: 0 Address: 0x3c10745a0
  Set: 1303 Way: 0 Address: 0x3c10745c0
  Set: 1304 Way: 0 Address: 0x3c1074600
  Set: 1305 Way: 0 Address: 0x3c1074640
  Set: 1314 Way: 0 Address: 0x3c10748a0
  Set: 1315 Way: 0 Address: 0x3c10748c0
  Set: 1316 Way: 0 Address: 0x3c1074900
  Set: 1317 Way: 0 Address: 0x3c1074940
  Set: 1318 Way: 0 Address: 0x3c1074980
  Set: 1319 Way: 0 Address: 0x3c10749c0
  Set: 1320 Way: 0 Address: 0x3c1074a00
  Set: 1321 Way: 0 Address: 0x3c1074a40
  Set: 1344 Way: 0 Address: 0x195f15000
  Set: 1394 Way: 0 Address: 0x1b0f15cb8
  Set: 1395 Way: 0 Address: 0x354d35cd8
  Set: 1395 Way: 1 Address: 0x1b0f15cc0
  Set: 1396 Way: 0 Address: 0x1b0f15d30
  Set: 1446 Way: 0 Address: 0x43736980
  Set: 1460 Way: 0 Address: 0x84896d00
  Set: 1460 Way: 1 Address: 0x211d16d08
  Set: 1523 Way: 0 Address: 0x276ff7cf0
  Set: 1537 Way: 0 Address: 0x201598070
  Set: 1538 Way: 0 Address: 0x201598080
  Set: 1570 Way: 0 Address: 0x2c989888c
  Set: 1571 Way: 0 Address: 0x2c98988c0
  Set: 1572 Way: 0 Address: 0x2c9898900
  Set: 1573 Way: 0 Address: 0x2c9898940
  Set: 1574 Way: 0 Address: 0x2c9898980
  Set: 1575 Way: 0 Address: 0x2c98989c0
  Set: 1576 Way: 0 Address: 0x2c9898a00
  Set: 1577 Way: 0 Address: 0x2c9898a40
  Set: 1581 Way: 0 Address: 0xc7078b70
  Set: 1582 Way: 0 Address: 0xc7078b80
  Set: 1588 Way: 0 Address: 0x3bdd78d28
  Set: 1599 Way: 0 Address: 0x1aafb8fe8
  Set: 1646 Way: 0 Address: 0x292959bb0
  Set: 1651 Way: 0 Address: 0x312099cc8
  Set: 1664 Way: 0 Address: 0xc67da000
  Set: 1665 Way: 0 Address: 0xc67da040
  Set: 1666 Way: 0 Address: 0xc67da080
  Set: 1667 Way: 0 Address: 0xc67da0c0
  Set: 1672 Way: 0 Address: 0x1d89da208
  Set: 1695 Way: 0 Address: 0x223eda7f8
  Set: 1753 Way: 0 Address: 0xc0d9b66c
  Set: 1754 Way: 0 Address: 0xc0d9b680
  Set: 1755 Way: 0 Address: 0xc0d9b6c0
  Set: 1756 Way: 0 Address: 0xc0d9b700
  Set: 1757 Way: 0 Address: 0xc0d9b740
  Set: 1758 Way: 0 Address: 0xc0d9b780
  Set: 1759 Way: 0 Address: 0xc0d9b7c0
  Set: 1760 Way: 0 Address: 0xc0d9b800
  Set: 1775 Way: 0 Address: 0xcf83bbd0
  Set: 1776 Way: 0 Address: 0xcf83bc00
  Set: 1777 Way: 0 Address: 0xcf83bc40
  Set: 1778 Way: 0 Address: 0xcf83bc80
  Set: 1779 Way: 0 Address: 0x394edbcd0
  Set: 1779 Way: 1 Address: 0xcf83bcc0
  Set: 1780 Way: 0 Address: 0x3b377bd18
  Set: 1780 Way: 1 Address: 0xcf83bd00
  Set: 1781 Way: 0 Address: 0xcf83bd40
  Set: 1782 Way: 0 Address: 0xcf83bd80
  Set: 1792 Way: 0 Address: 0xdf85c000
  Set: 1795 Way: 0 Address: 0x38e35c0e4
  Set: 1796 Way: 0 Address: 0x38e35c100
  Set: 1797 Way: 0 Address: 0x38e35c140
  Set: 1801 Way: 0 Address: 0x38e35c244
  Set: 1802 Way: 0 Address: 0x38e35c280
  Set: 1806 Way: 0 Address: 0x38e35c3a4
  Set: 1807 Way: 0 Address: 0x38e35c3c0
  Set: 1808 Way: 0 Address: 0x38e35c400
  Set: 1812 Way: 0 Address: 0x38e35c504
  Set: 1813 Way: 0 Address: 0x38e35c540
  Set: 1817 Way: 0 Address: 0x38e35c664
  Set: 1818 Way: 0 Address: 0x38e35c680
  Set: 1819 Way: 0 Address: 0x38e35c6c0
  Set: 1823 Way: 0 Address: 0x38e35c7c4
  Set: 1824 Way: 0 Address: 0x38e35c800
  Set: 1824 Way: 1 Address: 0x12c6fc838
  Set: 1825 Way: 0 Address: 0x12c6fc870
  Set: 1826 Way: 0 Address: 0x12c6fc894
  Set: 1827 Way: 0 Address: 0x12c6fc8fc
  Set: 1828 Way: 0 Address: 0x12c6fc900
  Set: 1828 Way: 1 Address: 0x38e35c924
  Set: 1829 Way: 0 Address: 0x12c6fc958
  Set: 1829 Way: 1 Address: 0x38e35c940
  Set: 1830 Way: 0 Address: 0x12c6fc980
  Set: 1830 Way: 1 Address: 0x38e35c980
  Set: 1831 Way: 0 Address: 0x12c6fc9f4
  Set: 1832 Way: 0 Address: 0x12c6fca08
  Set: 1833 Way: 0 Address: 0x12c6fca40
  Set: 1834 Way: 0 Address: 0x12c6fca80
  Set: 1834 Way: 1 Address: 0x38e35ca84
  Set: 1835 Way: 0 Address: 0x12c6fcac0
  Set: 1835 Way: 1 Address: 0x38e35cac0
  Set: 1836 Way: 0 Address: 0x12c6fcb10
  Set: 1837 Way: 0 Address: 0x12c6fcb40
  Set: 1838 Way: 0 Address: 0x12c6fcbac
  Set: 1839 Way: 0 Address: 0x12c6fcbc0
  Set: 1839 Way: 1 Address: 0x38e35cbe4
  Set: 1840 Way: 0 Address: 0x38e35cc00
  Set: 1840 Way: 1 Address: 0x12c6fcc00
  Set: 1841 Way: 0 Address: 0x38e35cc40
  Set: 1845 Way: 0 Address: 0x38e35cd44
  Set: 1846 Way: 0 Address: 0x38e35cd80
  Set: 1850 Way: 0 Address: 0x38e35cea6
  Set: 1851 Way: 0 Address: 0x38e35cec0
  Set: 1852 Way: 0 Address: 0x38e35cf00
  Set: 1862 Way: 0 Address: 0x23755d1b0
  Set: 1907 Way: 0 Address: 0x1addcf8
  Set: 1920 Way: 0 Address: 0x28b67e000
  Set: 1920 Way: 1 Address: 0x1f919e010
  Set: 1921 Way: 0 Address: 0x1f919e070
  Set: 1922 Way: 0 Address: 0x1f919e0a0
  Set: 1937 Way: 0 Address: 0x2db79e44c
  Set: 1938 Way: 0 Address: 0x2db79e480
  Set: 1939 Way: 0 Address: 0x2db79e4c0
  Set: 1940 Way: 0 Address: 0x2db79e500
  Set: 1941 Way: 0 Address: 0x2db79e540
  Set: 1942 Way: 0 Address: 0x2db79e580
  Set: 1943 Way: 0 Address: 0x2db79e5c0
  Set: 1944 Way: 0 Address: 0x2db79e600
  Set: 1951 Way: 0 Address: 0x28b67e7f8
  Set: 1963 Way: 0 Address: 0x20597eac0
  Set: 1964 Way: 0 Address: 0x20597eb00
  Set: 1965 Way: 0 Address: 0x20597eb40
  Set: 1966 Way: 0 Address: 0x20597eb80
  Set: 1967 Way: 0 Address: 0x20597ebc0
  Set: 1968 Way: 0 Address: 0x20597ec00
  Set: 1969 Way: 0 Address: 0x20597ec40
  Set: 1970 Way: 0 Address: 0x20597ec80
EndCache
