Cache: cpu0_STLB
  Set: 11 Way: 0 Address: 0x2a0b3ae
  Set: 12 Way: 0 Address: 0x2a0c00e
  Set: 13 Way: 0 Address: 0x2a0d052
  Set: 14 Way: 0 Address: 0x2a0e0d2
  Set: 15 Way: 0 Address: 0x2a0f000
  Set: 48 Way: 0 Address: 0x730650
  Set: 53 Way: 0 Address: 0x7fff6ec35fe0
  Set: 54 Way: 0 Address: 0x7fff6ec361fe
  Set: 55 Way: 0 Address: 0x1fb7900
  Set: 56 Way: 0 Address: 0x1fb8740
  Set: 57 Way: 0 Address: 0x1fb9850
  Set: 58 Way: 0 Address: 0x1fba960
  Set: 59 Way: 0 Address: 0x1fbba70
  Set: 60 Way: 0 Address: 0x1fbcb80
  Set: 61 Way: 0 Address: 0x1fbdc90
  Set: 62 Way: 0 Address: 0x1fbeda0
  Set: 63 Way: 0 Address: 0x1fbfeb0
  Set: 64 Way: 0 Address: 0x1fc0fc0
  Set: 65 Way: 0 Address: 0x44154c
  Set: 65 Way: 1 Address: 0x1fc1000
  Set: 66 Way: 0 Address: 0x1fc20d0
  Set: 67 Way: 0 Address: 0x1fc31e0
  Set: 68 Way: 0 Address: 0x1fc42f0
  Set: 69 Way: 0 Address: 0x1fc53fc
  Set: 70 Way: 0 Address: 0x1fc650c
  Set: 71 Way: 0 Address: 0x1fc761c
  Set: 72 Way: 0 Address: 0x1fc872c
  Set: 96 Way: 0 Address: 0x4608a0
  Set: 97 Way: 0 Address: 0x7618d0
  Set: 110 Way: 0 Address: 0x1d6e160
  Set: 111 Way: 0 Address: 0x1d6f270
  Set: 112 Way: 0 Address: 0x1d70a2c
EndCache
Cache: cpu0_L2C
  Set: 1 Way: 0 Address: 0x28a940070
  Set: 33 Way: 0 Address: 0x14bb10850
  Set: 34 Way: 0 Address: 0x14bb10880
  Set: 35 Way: 0 Address: 0x14bb108c0
  Set: 36 Way: 0 Address: 0x14bb10900
  Set: 37 Way: 0 Address: 0x14bb10940
  Set: 38 Way: 0 Address: 0x14bb10980
  Set: 39 Way: 0 Address: 0x14bb109c0
  Set: 40 Way: 0 Address: 0x14bb10a00
  Set: 41 Way: 0 Address: 0x2177f0a70
  Set: 42 Way: 0 Address: 0x2177f0a80
  Set: 43 Way: 0 Address: 0x2177f0ac0
  Set: 44 Way: 0 Address: 0x2177f0b00
  Set: 45 Way: 0 Address: 0x2177f0b40
  Set: 46 Way: 0 Address: 0x2177f0b80
  Set: 47 Way: 0 Address: 0x2177f0bc0
  Set: 48 Way: 0 Address: 0x2177f0c00
  Set: 55 Way: 0 Address: 0x6e620dd8
  Set: 58 Way: 0 Address: 0x342b40eb0
  Set: 59 Way: 0 Address: 0x342b40ec0
  Set: 60 Way: 0 Address: 0x342b40f00
  Set: 61 Way: 0 Address: 0x342b40f40
  Set: 62 Way: 0 Address: 0x342b40f80
  Set: 63 Way: 0 Address: 0x342b40fc0
  Set: 64 Way: 0 Address: 0x181c81000
  Set: 65 Way: 0 Address: 0x19c791078
  Set: 65 Way: 1 Address: 0x181c81040
  Set: 72 Way: 0 Address: 0x113201208
  Set: 76 Way: 0 Address: 0x113201300
  Set: 76 Way: 1 Address: 0x2a4841300
  Set: 110 Way: 0 Address: 0xf6e81bb0
  Set: 127 Way: 0 Address: 0x181c81fc0
  Set: 129 Way: 0 Address: 0x9cff2078
  Set: 134 Way: 0 Address: 0x1995f21a8
  Set: 162 Way: 0 Address: 0x6d0c28a0
  Set: 163 Way: 0 Address: 0x6d0c28c0
  Set: 164 Way: 0 Address: 0x6d0c2900
  Set: 165 Way: 0 Address: 0x6d0c2940
  Set: 173 Way: 0 Address: 0x1c84e2b70
  Set: 178 Way: 0 Address: 0x1064c2c90
  Set: 179 Way: 0 Address: 0x1064c2cc0
  Set: 180 Way: 0 Address: 0x1064c2d00
  Set: 181 Way: 0 Address: 0x1064c2d40
  Set: 182 Way: 0 Address: 0x1064c2d80
  Set: 183 Way: 0 Address: 0x133c92dc8
  Set: 183 Way: 1 Address: 0x1064c2dc0
  Set: 184 Way: 0 Address: 0x1064c2e00
  Set: 185 Way: 0 Address: 0x1064c2e40
  Set: 192 Way: 0 Address: 0x3b080300e
  Set: 193 Way: 0 Address: 0x263c13070
  Set: 193 Way: 1 Address: 0x3b0803040
  Set: 193 Way: 2 Address: 0x34a873052
  Set: 194 Way: 0 Address: 0x263c130a8
  Set: 194 Way: 1 Address: 0x34a873080
  Set: 195 Way: 0 Address: 0x34a8730c0
  Set: 196 Way: 0 Address: 0x3b0803132
  Set: 197 Way: 0 Address: 0x3b080316e
  Set: 198 Way: 0 Address: 0x3b0803180
  Set: 198 Way: 1 Address: 0x34a8731b2
  Set: 199 Way: 0 Address: 0x3b08031c0
  Set: 199 Way: 1 Address: 0x34a8731c0
  Set: 200 Way: 0 Address: 0x34a873200
  Set: 201 Way: 0 Address: 0x34a873240
  Set: 202 Way: 0 Address: 0x3b0803292
  Set: 203 Way: 0 Address: 0x3b08032d0
  Set: 204 Way: 0 Address: 0x3b0803300
  Set: 204 Way: 1 Address: 0x34a873312
  Set: 205 Way: 0 Address: 0x34a873340
  Set: 206 Way: 0 Address: 0x34a873380
  Set: 207 Way: 0 Address: 0x3b08033f4
  Set: 208 Way: 0 Address: 0x3b080342e
  Set: 209 Way: 0 Address: 0x3b0803440
  Set: 209 Way: 1 Address: 0x34a873472
  Set: 210 Way: 0 Address: 0x3b0803480
  Set: 210 Way: 1 Address: 0x34a873480
  Set: 211 Way: 0 Address: 0x34a8734c0
  Set: 212 Way: 0 Address: 0x34a873500
  Set: 213 Way: 0 Address: 0x3b0803552
  Set: 214 Way: 0 Address: 0x3b080358e
  Set: 215 Way: 0 Address: 0x3b08035c0
  Set: 215 Way: 1 Address: 0x34a8735d2
  Set: 216 Way: 0 Address: 0x34a873600
  Set: 217 Way: 0 Address: 0x34a873640
  Set: 218 Way: 0 Address: 0x3b08036b2
  Set: 219 Way: 0 Address: 0x3b08036ee
  Set: 220 Way: 0 Address: 0x3b0803700
  Set: 220 Way: 1 Address: 0x34a873734
  Set: 221 Way: 0 Address: 0x3b0803740
  Set: 221 Way: 1 Address: 0x34a873740
  Set: 222 Way: 0 Address: 0x34a873780
  Set: 223 Way: 0 Address: 0x34a8737c0
  Set: 224 Way: 0 Address: 0x3b0803812
  Set: 225 Way: 0 Address: 0x3b080384e
  Set: 226 Way: 0 Address: 0x3b0803880
  Set: 226 Way: 1 Address: 0x34a873892
  Set: 227 Way: 0 Address: 0x34a8738c0
  Set: 228 Way: 0 Address: 0x34a873900
  Set: 229 Way: 0 Address: 0x3b0803972
  Set: 230 Way: 0 Address: 0x2b2e93980
  Set: 230 Way: 1 Address: 0x3b0803980
  Set: 231 Way: 0 Address: 0x3b08039c0
  Set: 231 Way: 1 Address: 0x34a8739f2
  Set: 232 Way: 0 Address: 0x3b0803a00
  Set: 232 Way: 1 Address: 0x34a873a00
  Set: 233 Way: 0 Address: 0x34a873a40
  Set: 234 Way: 0 Address: 0x34a873a80
  Set: 235 Way: 0 Address: 0x3b0803ad2
  Set: 236 Way: 0 Address: 0x3b0803b00
  Set: 237 Way: 0 Address: 0x3b0803b40
  Set: 237 Way: 1 Address: 0x34a873b52
  Set: 238 Way: 0 Address: 0x34a873b80
  Set: 239 Way: 0 Address: 0x34a873bc0
  Set: 240 Way: 0 Address: 0x3b0803c32
  Set: 241 Way: 0 Address: 0x3b0803c40
  Set: 242 Way: 0 Address: 0x3b0803c80
  Set: 242 Way: 1 Address: 0x34a873cb2
  Set: 243 Way: 0 Address: 0x3b0803cc0
  Set: 243 Way: 1 Address: 0x34a873cc0
  Set: 244 Way: 0 Address: 0x34a873d00
  Set: 245 Way: 0 Address: 0x34a873d40
  Set: 246 Way: 0 Address: 0x3232f3da0
  Set: 246 Way: 1 Address: 0x3b0803d92
  Set: 247 Way: 0 Address: 0x3b0803dc0
  Set: 247 Way: 1 Address: 0x3232f3dc0
  Set: 248 Way: 0 Address: 0x257713e18
  Set: 248 Way: 1 Address: 0x3b0803e00
  Set: 248 Way: 2 Address: 0x3232f3e00
  Set: 248 Way: 3 Address: 0x34a873e12
  Set: 249 Way: 0 Address: 0x34a873e40
  Set: 249 Way: 1 Address: 0x3232f3e40
  Set: 250 Way: 0 Address: 0x34a873e80
  Set: 250 Way: 1 Address: 0x3232f3e80
  Set: 251 Way: 0 Address: 0x3b0803ef2
  Set: 251 Way: 1 Address: 0x3232f3ec0
  Set: 252 Way: 0 Address: 0x3b0803f00
  Set: 252 Way: 1 Address: 0x3232f3f00
  Set: 253 Way: 0 Address: 0x3b0803f40
  Set: 253 Way: 1 Address: 0x34a873f72
  Set: 253 Way: 2 Address: 0x3232f3f40
  Set: 254 Way: 0 Address: 0x3b0803f80
  Set: 254 Way: 1 Address: 0x34a873f80
  Set: 255 Way: 0 Address: 0x34a873fc0
  Set: 256 Way: 0 Address: 0x34a874000
  Set: 290 Way: 0 Address: 0xb80048a0
  Set: 291 Way: 0 Address: 0xb80048c0
  Set: 301 Way: 0 Address: 0x129934b78
  Set: 311 Way: 0 Address: 0x1ab44dc0
  Set: 312 Way: 0 Address: 0x3c1074e30
  Set: 320 Way: 0 Address: 0x195f15010
  Set: 321 Way: 0 Address: 0x195f15070
  Set: 375 Way: 0 Address: 0x354d35dc0
  Set: 375 Way: 1 Address: 0x1b0f15df8
  Set: 376 Way: 0 Address: 0x1b0f15e00
  Set: 376 Way: 1 Address: 0x272585e08
  Set: 377 Way: 0 Address: 0x354d35e40
  Set: 392 Way: 0 Address: 0x3dae66212
  Set: 393 Way: 0 Address: 0x3dae66240
  Set: 394 Way: 0 Address: 0x3dae66280
  Set: 397 Way: 0 Address: 0x3dae66374
  Set: 398 Way: 0 Address: 0x3dae663ae
  Set: 399 Way: 0 Address: 0x3dae663c0
  Set: 400 Way: 0 Address: 0x3dae66400
  Set: 403 Way: 0 Address: 0x3dae664d2
  Set: 404 Way: 0 Address: 0x3dae6650e
  Set: 405 Way: 0 Address: 0x3dae66540
  Set: 408 Way: 0 Address: 0x8489661c
  Set: 408 Way: 1 Address: 0x3dae66632
  Set: 409 Way: 0 Address: 0x3dae6666e
  Set: 409 Way: 1 Address: 0x211d16650
  Set: 409 Way: 2 Address: 0x84896640
  Set: 410 Way: 0 Address: 0x3dae66680
  Set: 410 Way: 1 Address: 0x84896680
  Set: 411 Way: 0 Address: 0x3dae666c0
  Set: 411 Way: 1 Address: 0x848966c0
  Set: 412 Way: 0 Address: 0x84896700
  Set: 413 Way: 0 Address: 0x84896740
  Set: 414 Way: 0 Address: 0x3dae66792
  Set: 414 Way: 1 Address: 0x84896780
  Set: 415 Way: 0 Address: 0x3dae667ce
  Set: 415 Way: 1 Address: 0x848967c0
  Set: 416 Way: 0 Address: 0x3dae66800
  Set: 419 Way: 0 Address: 0x3dae668f4
  Set: 420 Way: 0 Address: 0x3dae6692e
  Set: 421 Way: 0 Address: 0x3dae66940
  Set: 422 Way: 0 Address: 0x3dae66980
  Set: 425 Way: 0 Address: 0x3dae66a52
  Set: 426 Way: 0 Address: 0x3dae66a8e
  Set: 427 Way: 0 Address: 0x3dae66ac0
  Set: 430 Way: 0 Address: 0x3dae66bb2
  Set: 431 Way: 0 Address: 0x3dae66bee
  Set: 432 Way: 0 Address: 0x3dae66c00
  Set: 433 Way: 0 Address: 0x3dae66c40
  Set: 436 Way: 0 Address: 0x3dae66d12
  Set: 437 Way: 0 Address: 0x3dae66d4e
  Set: 438 Way: 0 Address: 0x43736db8
  Set: 438 Way: 1 Address: 0x3dae66d80
  Set: 440 Way: 0 Address: 0x43736e28
  Set: 440 Way: 1 Address: 0x27d4c6e10
  Set: 440 Way: 2 Address: 0x3d87a6e20
  Set: 441 Way: 0 Address: 0x43736e40
  Set: 441 Way: 1 Address: 0x3dae66e72
  Set: 442 Way: 0 Address: 0x3dae66eb4
  Set: 443 Way: 0 Address: 0x3dae66ec0
  Set: 444 Way: 0 Address: 0x3dae66f00
  Set: 447 Way: 0 Address: 0x3dae66fd2
  Set: 448 Way: 0 Address: 0x3dae67000
  Set: 463 Way: 0 Address: 0x276ff73fc
  Set: 464 Way: 0 Address: 0x276ff7400
  Set: 465 Way: 0 Address: 0x276ff7440
  Set: 466 Way: 0 Address: 0x276ff7480
  Set: 467 Way: 0 Address: 0x276ff74c0
  Set: 468 Way: 0 Address: 0x276ff7500
  Set: 469 Way: 0 Address: 0x276ff7540
  Set: 470 Way: 0 Address: 0x276ff7580
  Set: 471 Way: 0 Address: 0x276ff75c0
  Set: 503 Way: 0 Address: 0xbeea7de8
  Set: 513 Way: 0 Address: 0x2c9898060
  Set: 543 Way: 0 Address: 0xc70787fc
  Set: 544 Way: 0 Address: 0xc7078838
  Set: 545 Way: 0 Address: 0xc7078864
  Set: 546 Way: 0 Address: 0xc70788ac
  Set: 547 Way: 0 Address: 0xc70788f0
  Set: 548 Way: 0 Address: 0xc7078914
  Set: 549 Way: 0 Address: 0xc7078940
  Set: 550 Way: 0 Address: 0xc7078980
  Set: 551 Way: 0 Address: 0xc70789fc
  Set: 552 Way: 0 Address: 0xc7078a2c
  Set: 553 Way: 0 Address: 0xc7078a40
  Set: 554 Way: 0 Address: 0xc7078a80
  Set: 555 Way: 0 Address: 0xc7078ac0
  Set: 556 Way: 0 Address: 0xc7078b00
  Set: 557 Way: 0 Address: 0xc7078b40
  Set: 558 Way: 0 Address: 0xc7078bb4
  Set: 559 Way: 0 Address: 0xc7078bc0
  Set: 560 Way: 0 Address: 0xc7078c00
  Set: 567 Way: 0 Address: 0x3bdd78df0
  Set: 575 Way: 0 Address: 0x201598fe8
  Set: 576 Way: 0 Address: 0x2fa0c9000
  Set: 577 Way: 0 Address: 0x2c8749068
  Set: 577 Way: 1 Address: 0x2fa0c9040
  Set: 578 Way: 0 Address: 0x2ee3690a8
  Set: 578 Way: 1 Address: 0x2fa0c9080
  Set: 579 Way: 0 Address: 0x3120990d0
  Set: 579 Way: 1 Address: 0x2fa0c90c0
  Set: 580 Way: 0 Address: 0x312099100
  Set: 580 Way: 1 Address: 0x2fa0c9100
  Set: 581 Way: 0 Address: 0x292959160
  Set: 581 Way: 1 Address: 0x312099140
  Set: 581 Way: 2 Address: 0x2fa0c9140
  Set: 582 Way: 0 Address: 0x292959180
  Set: 582 Way: 1 Address: 0x312099180
  Set: 582 Way: 2 Address: 0x2fa0c9180
  Set: 583 Way: 0 Address: 0x2929591c0
  Set: 583 Way: 1 Address: 0x3120991c0
  Set: 584 Way: 0 Address: 0x292959200
  Set: 584 Way: 1 Address: 0x312099200
  Set: 585 Way: 0 Address: 0x292959240
  Set: 585 Way: 1 Address: 0x312099240
  Set: 586 Way: 0 Address: 0x292959280
  Set: 586 Way: 1 Address: 0x312099280
  Set: 587 Way: 0 Address: 0x2929592c0
  Set: 588 Way: 0 Address: 0x292959300
  Set: 589 Way: 0 Address: 0x292959340
  Set: 640 Way: 0 Address: 0x229b9a000
  Set: 640 Way: 1 Address: 0x223eda018
  Set: 643 Way: 0 Address: 0xc67da0d2
  Set: 644 Way: 0 Address: 0xc67da100
  Set: 645 Way: 0 Address: 0xc67da140
  Set: 648 Way: 0 Address: 0xc67da232
  Set: 649 Way: 0 Address: 0xc67da240
  Set: 650 Way: 0 Address: 0xc67da280
  Set: 651 Way: 0 Address: 0xc67da2c0
  Set: 654 Way: 0 Address: 0xc67da394
  Set: 655 Way: 0 Address: 0xc67da3c0
  Set: 656 Way: 0 Address: 0xc67da400
  Set: 659 Way: 0 Address: 0xc67da4f2
  Set: 660 Way: 0 Address: 0xc67da500
  Set: 661 Way: 0 Address: 0xc67da540
  Set: 662 Way: 0 Address: 0xc67da580
  Set: 665 Way: 0 Address: 0xc67da652
  Set: 666 Way: 0 Address: 0xc67da680
  Set: 667 Way: 0 Address: 0xc67da6c0
  Set: 670 Way: 0 Address: 0xc67da7b2
  Set: 671 Way: 0 Address: 0x1d89da7f8
  Set: 671 Way: 1 Address: 0xc67da7c0
  Set: 672 Way: 0 Address: 0xc67da800
  Set: 673 Way: 0 Address: 0xc67da840
  Set: 676 Way: 0 Address: 0xc67da912
  Set: 677 Way: 0 Address: 0xc67da940
  Set: 678 Way: 0 Address: 0xc67da980
  Set: 681 Way: 0 Address: 0xc67daa72
  Set: 682 Way: 0 Address: 0xc67daa80
  Set: 683 Way: 0 Address: 0xc67daac0
  Set: 684 Way: 0 Address: 0xc67dab00
  Set: 687 Way: 0 Address: 0xc67dabd4
  Set: 688 Way: 0 Address: 0xc67dac00
  Set: 689 Way: 0 Address: 0xc67dac40
  Set: 692 Way: 0 Address: 0xc67dad32
  Set: 693 Way: 0 Address: 0xc67dad40
  Set: 694 Way: 0 Address: 0xc67dad80
  Set: 695 Way: 0 Address: 0xc67dadc0
  Set: 698 Way: 0 Address: 0xc67dae92
  Set: 699 Way: 0 Address: 0xc67daec0
  Set: 700 Way: 0 Address: 0xc67daf00
  Set: 703 Way: 0 Address: 0xc67daff2
  Set: 704 Way: 0 Address: 0xc67db000
  Set: 715 Way: 0 Address: 0xcf83b2f0
  Set: 716 Way: 0 Address: 0xcf83b300
  Set: 717 Way: 0 Address: 0xcf83b340
  Set: 718 Way: 0 Address: 0xcf83b380
  Set: 719 Way: 0 Address: 0xcf83b3c0
  Set: 720 Way: 0 Address: 0xcf83b400
  Set: 721 Way: 0 Address: 0xcf83b440
  Set: 722 Way: 0 Address: 0xcf83b480
  Set: 750 Way: 0 Address: 0xc0d9bb80
  Set: 751 Way: 0 Address: 0xc0d9bbc0
  Set: 752 Way: 0 Address: 0xc0d9bc00
  Set: 753 Way: 0 Address: 0xc0d9bc40
  Set: 754 Way: 0 Address: 0xc0d9bc80
  Set: 755 Way: 0 Address: 0xc0d9bcc0
  Set: 756 Way: 0 Address: 0xc0d9bd00
  Set: 757 Way: 0 Address: 0xc0d9bd40
  Set: 759 Way: 0 Address: 0x3b377bde0
  Set: 760 Way: 0 Address: 0x394edbe38
  Set: 768 Way: 0 Address: 0xdf85c000
  Set: 768 Way: 1 Address: 0x32f48c000
  Set: 769 Way: 0 Address: 0x32f48c040
  Set: 770 Way: 0 Address: 0x32f48c080
  Set: 773 Way: 0 Address: 0x32f48c152
  Set: 774 Way: 0 Address: 0x32f48c180
  Set: 775 Way: 0 Address: 0x32f48c1c0
  Set: 778 Way: 0 Address: 0x32f48c2b2
  Set: 779 Way: 0 Address: 0x32f48c2c0
  Set: 780 Way: 0 Address: 0x32f48c300
  Set: 781 Way: 0 Address: 0x32f48c340
  Set: 803 Way: 0 Address: 0x12c6fc8d0
  Set: 804 Way: 0 Address: 0x12c6fc900
  Set: 814 Way: 0 Address: 0x29484cb80
  Set: 824 Way: 0 Address: 0x38e35ce28
  Set: 838 Way: 0 Address: 0x23755d1b0
  Set: 852 Way: 0 Address: 0x1add50c
  Set: 853 Way: 0 Address: 0x1add540
  Set: 854 Way: 0 Address: 0x1add580
  Set: 855 Way: 0 Address: 0x1add5c0
  Set: 856 Way: 0 Address: 0x1add600
  Set: 857 Way: 0 Address: 0x1add640
  Set: 858 Way: 0 Address: 0x1add680
  Set: 859 Way: 0 Address: 0x1add6c0
  Set: 860 Way: 0 Address: 0x5588d72c
  Set: 861 Way: 0 Address: 0x5588d740
  Set: 862 Way: 0 Address: 0x5588d780
  Set: 863 Way: 0 Address: 0x5588d7c0
  Set: 864 Way: 0 Address: 0x5588d800
  Set: 865 Way: 0 Address: 0x5588d840
  Set: 866 Way: 0 Address: 0x5588d880
  Set: 867 Way: 0 Address: 0x5588d8c0
  Set: 896 Way: 0 Address: 0x28b67e000
  Set: 903 Way: 0 Address: 0x20597e1e0
  Set: 904 Way: 0 Address: 0x20597e200
  Set: 905 Way: 0 Address: 0x20597e240
  Set: 906 Way: 0 Address: 0x20597e280
  Set: 907 Way: 0 Address: 0x20597e2c0
  Set: 908 Way: 0 Address: 0x20597e300
  Set: 909 Way: 0 Address: 0x20597e340
  Set: 910 Way: 0 Address: 0x1f919e390
  Set: 910 Way: 1 Address: 0x20597e380
  Set: 911 Way: 0 Address: 0x1f919e3c0
  Set: 912 Way: 0 Address: 0x1f919e405
  Set: 913 Way: 0 Address: 0x1f919e446
  Set: 914 Way: 0 Address: 0x1f919e482
  Set: 915 Way: 0 Address: 0x1f919e4c1
  Set: 916 Way: 0 Address: 0x1f919e501
  Set: 917 Way: 0 Address: 0x1f919e54c
  Set: 918 Way: 0 Address: 0x1f919e580
  Set: 919 Way: 0 Address: 0x1f919e5c8
  Set: 920 Way: 0 Address: 0x1f919e600
  Set: 921 Way: 0 Address: 0x1f919e645
  Set: 922 Way: 0 Address: 0x1f919e680
  Set: 927 Way: 0 Address: 0x28b67e7f8
  Set: 933 Way: 0 Address: 0x2db79e960
  Set: 934 Way: 0 Address: 0x3734ee980
  Set: 934 Way: 1 Address: 0x2db79e980
  Set: 935 Way: 0 Address: 0x2db79e9c0
  Set: 936 Way: 0 Address: 0x2db79ea00
  Set: 937 Way: 0 Address: 0x2db79ea40
  Set: 938 Way: 0 Address: 0x2db79ea80
  Set: 939 Way: 0 Address: 0x2db79eac0
  Set: 940 Way: 0 Address: 0x3734eeb08
  Set: 940 Way: 1 Address: 0x2db79eb00
  Set: 951 Way: 0 Address: 0x1c084edd0
  Set: 957 Way: 0 Address: 0x2f5d8ef58
  Set: 958 Way: 0 Address: 0x2f5d8efbc
  Set: 959 Way: 0 Address: 0x2f5d8efe0
  Set: 960 Way: 0 Address: 0x2f5d8f000
  Set: 960 Way: 1 Address: 0xee86f000
  Set: 961 Way: 0 Address: 0x143ef058
  Set: 961 Way: 1 Address: 0xee86f040
  Set: 962 Way: 0 Address: 0xee86f080
  Set: 963 Way: 0 Address: 0xee86f0c0
  Set: 964 Way: 0 Address: 0xee86f100
  Set: 965 Way: 0 Address: 0xee86f140
  Set: 966 Way: 0 Address: 0xee86f180
  Set: 967 Way: 0 Address: 0xee86f1fe
  Set: 968 Way: 0 Address: 0xee86f200
  Set: 969 Way: 0 Address: 0x16390f270
  Set: 970 Way: 0 Address: 0x16390f280
  Set: 971 Way: 0 Address: 0x16390f2c0
  Set: 972 Way: 0 Address: 0x16390f300
  Set: 973 Way: 0 Address: 0x16390f340
  Set: 974 Way: 0 Address: 0x16390f380
  Set: 975 Way: 0 Address: 0x16390f3c0
  Set: 976 Way: 0 Address: 0x16390f400
  Set: 977 Way: 0 Address: 0x16390f440
  Set: 989 Way: 0 Address: 0x22272f740
  Set: 990 Way: 0 Address: 0x22272f780
  Set: 991 Way: 0 Address: 0x22272f7c0
  Set: 992 Way: 0 Address: 0x22272f800
  Set: 993 Way: 0 Address: 0x22272f840
  Set: 994 Way: 0 Address: 0x22272f880
  Set: 995 Way: 0 Address: 0x22272f8c0
  Set: 996 Way: 0 Address: 0x22272f900
  Set: 1016 Way: 0 Address: 0x23756fe00
EndCache
Cache: cpu0_L1I
  Set: 14 Way: 0 Address: 0x1f919e390
  Set: 15 Way: 0 Address: 0x1f919e3dc
  Set: 16 Way: 0 Address: 0x1f919e43a
  Set: 17 Way: 0 Address: 0x1f919e44c
  Set: 18 Way: 0 Address: 0x1f919e4a6
  Set: 19 Way: 0 Address: 0x1f919e4e3
  Set: 20 Way: 0 Address: 0x1f919e501
  Set: 21 Way: 0 Address: 0x1f919e54c
  Set: 23 Way: 0 Address: 0x1f919e5f8
  Set: 24 Way: 0 Address: 0x1f919e63f
  Set: 25 Way: 0 Address: 0x1f919e645
  Set: 34 Way: 0 Address: 0xb80048a0
EndCache
Cache: cpu0_L1D
  Set: 0 Way: 0 Address: 0xdf85c000
  Set: 0 Way: 1 Address: 0x28b67e000
  Set: 0 Way: 2 Address: 0x229b9a000
  Set: 0 Way: 3 Address: 0x195f15010
  Set: 0 Way: 4 Address: 0x223eda018
  Set: 0 Way: 5 Address: 0xee86f000
  Set: 0 Way: 6 Address: 0x3b0803028
  Set: 0 Way: 7 Address: 0x2fa0c9004
  Set: 0 Way: 8 Address: 0x32f48c00c
  Set: 0 Way: 9 Address: 0x181c81000
  Set: 1 Way: 0 Address: 0x181c81040
  Set: 1 Way: 1 Address: 0x263c13070
  Set: 1 Way: 2 Address: 0x9cff2078
  Set: 1 Way: 3 Address: 0x143ef058
  Set: 1 Way: 4 Address: 0xee86f040
  Set: 1 Way: 5 Address: 0x2c9898060
  Set: 1 Way: 6 Address: 0x2c8749068
  Set: 1 Way: 7 Address: 0x34a87306a
  Set: 1 Way: 8 Address: 0x2fa0c9040
  Set: 1 Way: 9 Address: 0x28a940070
  Set: 1 Way: 10 Address: 0x19c791078
  Set: 1 Way: 11 Address: 0x32f48c046
  Set: 2 Way: 0 Address: 0x263c130a8
  Set: 2 Way: 1 Address: 0x2ee3690a8
  Set: 2 Way: 2 Address: 0xee86f088
  Set: 2 Way: 3 Address: 0x34a873096
  Set: 2 Way: 4 Address: 0x2fa0c9080
  Set: 3 Way: 0 Address: 0xee86f0d2
  Set: 3 Way: 1 Address: 0x3120990d0
  Set: 3 Way: 2 Address: 0xc67da0ec
  Set: 3 Way: 3 Address: 0x2fa0c90c0
  Set: 4 Way: 0 Address: 0xee86f106
  Set: 4 Way: 1 Address: 0x3b080313e
  Set: 4 Way: 2 Address: 0x312099100
  Set: 4 Way: 3 Address: 0xc67da11e
  Set: 4 Way: 4 Address: 0x2fa0c9100
  Set: 5 Way: 0 Address: 0x292959160
  Set: 5 Way: 1 Address: 0xee86f148
  Set: 5 Way: 2 Address: 0x3b080317e
  Set: 5 Way: 3 Address: 0x312099140
  Set: 5 Way: 4 Address: 0x32f48c16e
  Set: 5 Way: 5 Address: 0x2fa0c9140
  Set: 6 Way: 0 Address: 0x1995f21a8
  Set: 6 Way: 1 Address: 0x23755d1b0
  Set: 6 Way: 2 Address: 0x3b0803182
  Set: 6 Way: 3 Address: 0xee86f18e
  Set: 6 Way: 4 Address: 0x292959180
  Set: 6 Way: 5 Address: 0x34a8731be
  Set: 6 Way: 6 Address: 0x312099180
  Set: 6 Way: 7 Address: 0x32f48c19a
  Set: 6 Way: 8 Address: 0x2fa0c9180
  Set: 7 Way: 0 Address: 0xee86f1fe
  Set: 7 Way: 1 Address: 0x20597e1e0
  Set: 7 Way: 2 Address: 0x34a8731cc
  Set: 7 Way: 3 Address: 0x2929591c0
  Set: 7 Way: 4 Address: 0x3120991c0
  Set: 8 Way: 0 Address: 0x113201208
  Set: 8 Way: 1 Address: 0x20597e200
  Set: 8 Way: 2 Address: 0x34a873206
  Set: 8 Way: 3 Address: 0xc67da23e
  Set: 8 Way: 4 Address: 0x292959200
  Set: 8 Way: 5 Address: 0x3dae6622a
  Set: 8 Way: 6 Address: 0x312099200
  Set: 9 Way: 0 Address: 0x16390f270
  Set: 9 Way: 1 Address: 0x20597e240
  Set: 9 Way: 2 Address: 0xc67da24c
  Set: 9 Way: 3 Address: 0x292959240
  Set: 9 Way: 4 Address: 0x3dae66240
  Set: 9 Way: 5 Address: 0x312099240
  Set: 10 Way: 0 Address: 0x3b08032ac
  Set: 10 Way: 1 Address: 0x16390f280
  Set: 10 Way: 2 Address: 0xc67da282
  Set: 10 Way: 3 Address: 0x20597e280
  Set: 10 Way: 4 Address: 0x32f48c2be
  Set: 10 Way: 5 Address: 0x292959280
  Set: 10 Way: 6 Address: 0x312099280
  Set: 11 Way: 0 Address: 0x3b08032e8
  Set: 11 Way: 1 Address: 0xcf83b2f0
  Set: 11 Way: 2 Address: 0x16390f2c0
  Set: 11 Way: 3 Address: 0x20597e2c0
  Set: 11 Way: 4 Address: 0x32f48c2cc
  Set: 11 Way: 5 Address: 0x2929592c0
  Set: 12 Way: 0 Address: 0x113201300
  Set: 12 Way: 1 Address: 0x2a4841300
  Set: 12 Way: 2 Address: 0xcf83b300
  Set: 12 Way: 3 Address: 0x34a87332c
  Set: 12 Way: 4 Address: 0x16390f300
  Set: 12 Way: 5 Address: 0x20597e300
  Set: 12 Way: 6 Address: 0x292959300
  Set: 12 Way: 7 Address: 0x32f48c300
  Set: 13 Way: 0 Address: 0x34a873350
  Set: 13 Way: 1 Address: 0xcf83b340
  Set: 13 Way: 2 Address: 0x16390f340
  Set: 13 Way: 3 Address: 0x3dae6637c
  Set: 13 Way: 4 Address: 0x20597e340
  Set: 14 Way: 0 Address: 0x3dae663ae
  Set: 14 Way: 1 Address: 0xcf83b380
  Set: 14 Way: 2 Address: 0xc67da3ac
  Set: 14 Way: 3 Address: 0x16390f380
  Set: 14 Way: 4 Address: 0x20597e380
  Set: 15 Way: 0 Address: 0x3dae663c0
  Set: 15 Way: 1 Address: 0x276ff73fc
  Set: 15 Way: 2 Address: 0x3b08033fc
  Set: 15 Way: 3 Address: 0xc67da3de
  Set: 15 Way: 4 Address: 0xcf83b3c0
  Set: 15 Way: 5 Address: 0x16390f3c0
  Set: 16 Way: 0 Address: 0x3b080342e
  Set: 16 Way: 1 Address: 0x276ff7400
  Set: 16 Way: 2 Address: 0xcf83b400
  Set: 16 Way: 3 Address: 0x16390f400
  Set: 17 Way: 0 Address: 0x3b080344a
  Set: 17 Way: 1 Address: 0x276ff7440
  Set: 17 Way: 2 Address: 0x34a87347e
  Set: 17 Way: 3 Address: 0xcf83b440
  Set: 17 Way: 4 Address: 0x16390f440
  Set: 18 Way: 0 Address: 0x34a87348c
  Set: 18 Way: 1 Address: 0x276ff7480
  Set: 18 Way: 2 Address: 0xcf83b480
  Set: 19 Way: 0 Address: 0x3dae664f0
  Set: 19 Way: 1 Address: 0x34a8734ca
  Set: 19 Way: 2 Address: 0xc67da4fc
  Set: 19 Way: 3 Address: 0x276ff74c0
  Set: 20 Way: 0 Address: 0x3dae6650e
  Set: 20 Way: 1 Address: 0x1add50c
  Set: 20 Way: 2 Address: 0xc67da50a
  Set: 20 Way: 3 Address: 0x276ff7500
  Set: 21 Way: 0 Address: 0x3b080356c
  Set: 21 Way: 1 Address: 0x1add540
  Set: 21 Way: 2 Address: 0xc67da546
  Set: 21 Way: 3 Address: 0x276ff7540
  Set: 22 Way: 0 Address: 0x3b08035a6
  Set: 22 Way: 1 Address: 0x1add580
  Set: 22 Way: 2 Address: 0x276ff7580
  Set: 23 Way: 0 Address: 0x34a8735ea
  Set: 23 Way: 1 Address: 0x1add5c0
  Set: 23 Way: 2 Address: 0x276ff75c0
  Set: 24 Way: 0 Address: 0x8489661c
  Set: 24 Way: 1 Address: 0x3dae6663e
  Set: 24 Way: 2 Address: 0x34a87361a
  Set: 24 Way: 3 Address: 0x1add600
  Set: 25 Way: 0 Address: 0x3dae6666e
  Set: 25 Way: 1 Address: 0x211d16650
  Set: 25 Way: 2 Address: 0x84896640
  Set: 25 Way: 3 Address: 0xc67da66c
  Set: 25 Way: 4 Address: 0x1add640
  Set: 26 Way: 0 Address: 0x3dae66680
  Set: 26 Way: 1 Address: 0x3b08036be
  Set: 26 Way: 2 Address: 0x84896680
  Set: 26 Way: 3 Address: 0xc67da69c
  Set: 26 Way: 4 Address: 0x1add680
  Set: 27 Way: 0 Address: 0x3b08036fe
  Set: 27 Way: 1 Address: 0x848966c0
  Set: 27 Way: 2 Address: 0x1add6c0
  Set: 28 Way: 0 Address: 0x5588d72c
  Set: 28 Way: 1 Address: 0x3b0803708
  Set: 28 Way: 2 Address: 0x34a87373a
  Set: 28 Way: 3 Address: 0x84896700
  Set: 29 Way: 0 Address: 0x22272f740
  Set: 29 Way: 1 Address: 0x5588d740
  Set: 29 Way: 2 Address: 0x34a873746
  Set: 29 Way: 3 Address: 0x84896740
  Set: 30 Way: 0 Address: 0x3dae667aa
  Set: 30 Way: 1 Address: 0x22272f780
  Set: 30 Way: 2 Address: 0x5588d780
  Set: 30 Way: 3 Address: 0x34a873784
  Set: 30 Way: 4 Address: 0xc67da7be
  Set: 30 Way: 5 Address: 0x84896780
  Set: 31 Way: 0 Address: 0x28b67e7f8
  Set: 31 Way: 1 Address: 0x1d89da7f8
  Set: 31 Way: 2 Address: 0x3dae667e0
  Set: 31 Way: 3 Address: 0x22272f7c0
  Set: 31 Way: 4 Address: 0x5588d7c0
  Set: 31 Way: 5 Address: 0xc67da7cc
  Set: 31 Way: 6 Address: 0xc70787fc
  Set: 31 Way: 7 Address: 0x848967c0
  Set: 32 Way: 0 Address: 0xc7078838
  Set: 32 Way: 1 Address: 0x3b080382a
  Set: 32 Way: 2 Address: 0xc67da800
  Set: 32 Way: 3 Address: 0x22272f800
  Set: 32 Way: 4 Address: 0x5588d800
  Set: 33 Way: 0 Address: 0x14bb10850
  Set: 33 Way: 1 Address: 0x3b0803868
  Set: 33 Way: 2 Address: 0xc7078864
  Set: 33 Way: 3 Address: 0x22272f840
  Set: 33 Way: 4 Address: 0x5588d840
  Set: 34 Way: 0 Address: 0xc70788ac
  Set: 34 Way: 1 Address: 0x6d0c28a0
  Set: 34 Way: 2 Address: 0x14bb10880
  Set: 34 Way: 3 Address: 0x34a8738aa
  Set: 34 Way: 4 Address: 0x22272f880
  Set: 34 Way: 5 Address: 0x5588d880
  Set: 35 Way: 0 Address: 0x12c6fc8c8
  Set: 35 Way: 1 Address: 0xc70788f0
  Set: 35 Way: 2 Address: 0x6d0c28d0
  Set: 35 Way: 3 Address: 0x3dae668fc
  Set: 35 Way: 4 Address: 0x34a8738de
  Set: 35 Way: 5 Address: 0x14bb108c0
  Set: 35 Way: 6 Address: 0x22272f8c0
  Set: 35 Way: 7 Address: 0x5588d8c0
  Set: 36 Way: 0 Address: 0x6d0c2900
  Set: 36 Way: 1 Address: 0xc7078914
  Set: 36 Way: 2 Address: 0x3dae6693e
  Set: 36 Way: 3 Address: 0x14bb10900
  Set: 36 Way: 4 Address: 0xc67da92c
  Set: 36 Way: 5 Address: 0x22272f900
  Set: 37 Way: 0 Address: 0xc707896c
  Set: 37 Way: 1 Address: 0x3dae66946
  Set: 37 Way: 2 Address: 0x2db79e960
  Set: 37 Way: 3 Address: 0x3b080397c
  Set: 37 Way: 4 Address: 0xc67da95a
  Set: 37 Way: 5 Address: 0x14bb10940
  Set: 38 Way: 0 Address: 0x3734ee980
  Set: 38 Way: 1 Address: 0x2b2e93980
  Set: 38 Way: 2 Address: 0xc70789b8
  Set: 38 Way: 3 Address: 0x3b080398c
  Set: 38 Way: 4 Address: 0x2db79e980
  Set: 38 Way: 5 Address: 0x14bb10980
  Set: 39 Way: 0 Address: 0xc70789fc
  Set: 39 Way: 1 Address: 0x3b08039c8
  Set: 39 Way: 2 Address: 0x2db79e9c0
  Set: 39 Way: 3 Address: 0x34a8739fe
  Set: 39 Way: 4 Address: 0x14bb109c0
  Set: 40 Way: 0 Address: 0xc7078a1c
  Set: 40 Way: 1 Address: 0x34a873a0c
  Set: 40 Way: 2 Address: 0x2db79ea00
  Set: 40 Way: 3 Address: 0x14bb10a00
  Set: 41 Way: 0 Address: 0xc7078a58
  Set: 41 Way: 1 Address: 0x2177f0a70
  Set: 41 Way: 2 Address: 0x3dae66a6c
  Set: 41 Way: 3 Address: 0x34a873a4a
  Set: 41 Way: 4 Address: 0xc67daa78
  Set: 41 Way: 5 Address: 0x2db79ea40
  Set: 42 Way: 0 Address: 0x3dae66aa4
  Set: 42 Way: 1 Address: 0xc7078ab4
  Set: 42 Way: 2 Address: 0x2177f0a80
  Set: 42 Way: 3 Address: 0xc67daa8a
  Set: 42 Way: 4 Address: 0x2db79ea80
  Set: 43 Way: 0 Address: 0xc7078adc
  Set: 43 Way: 1 Address: 0x3b0803aec
  Set: 43 Way: 2 Address: 0x2177f0ac0
  Set: 43 Way: 3 Address: 0xc67daac2
  Set: 43 Way: 4 Address: 0x2db79eac0
  Set: 44 Way: 0 Address: 0x3734eeb08
  Set: 44 Way: 1 Address: 0xc7078b00
  Set: 44 Way: 2 Address: 0x3b0803b10
  Set: 44 Way: 3 Address: 0x2177f0b00
  Set: 44 Way: 4 Address: 0x2db79eb00
  Set: 45 Way: 0 Address: 0x1c84e2b70
  Set: 45 Way: 1 Address: 0x129934b78
  Set: 45 Way: 2 Address: 0xc7078b4c
  Set: 45 Way: 3 Address: 0x34a873b6c
  Set: 45 Way: 4 Address: 0x2177f0b40
  Set: 46 Way: 0 Address: 0x29484cb80
  Set: 46 Way: 1 Address: 0xf6e81bb0
  Set: 46 Way: 2 Address: 0xc0d9bb80
  Set: 46 Way: 3 Address: 0xc7078bb4
  Set: 46 Way: 4 Address: 0x3dae66bbe
  Set: 46 Way: 5 Address: 0x34a873b9e
  Set: 46 Way: 6 Address: 0x2177f0b80
  Set: 47 Way: 0 Address: 0x3dae66bfe
  Set: 47 Way: 1 Address: 0xc7078bd0
  Set: 47 Way: 2 Address: 0xc0d9bbc0
  Set: 47 Way: 3 Address: 0xc67dabec
  Set: 47 Way: 4 Address: 0x2177f0bc0
  Set: 48 Way: 0 Address: 0x3dae66c08
  Set: 48 Way: 1 Address: 0x3b0803c3e
  Set: 48 Way: 2 Address: 0xc0d9bc00
  Set: 48 Way: 3 Address: 0xc67dac1a
  Set: 48 Way: 4 Address: 0x2177f0c00
  Set: 49 Way: 0 Address: 0x3b0803c46
  Set: 49 Way: 1 Address: 0xc0d9bc40
  Set: 50 Way: 0 Address: 0x1064c2c90
  Set: 50 Way: 1 Address: 0x3b0803c84
  Set: 50 Way: 2 Address: 0x34a873cb6
  Set: 50 Way: 3 Address: 0xc0d9bc80
  Set: 51 Way: 0 Address: 0x1064c2cc0
  Set: 51 Way: 1 Address: 0x34a873ccc
  Set: 51 Way: 2 Address: 0xc0d9bcc0
  Set: 52 Way: 0 Address: 0x3dae66d2a
  Set: 52 Way: 1 Address: 0x1064c2d00
  Set: 52 Way: 2 Address: 0x34a873d04
  Set: 52 Way: 3 Address: 0xc67dad3e
  Set: 52 Way: 4 Address: 0xc0d9bd00
  Set: 53 Way: 0 Address: 0x3dae66d6a
  Set: 53 Way: 1 Address: 0x1064c2d40
  Set: 53 Way: 2 Address: 0xc67dad4c
  Set: 53 Way: 3 Address: 0xc0d9bd40
  Set: 54 Way: 0 Address: 0x43736db8
  Set: 54 Way: 1 Address: 0x3232f3da0
  Set: 54 Way: 2 Address: 0x3b0803dac
  Set: 54 Way: 3 Address: 0xc67dad82
  Set: 54 Way: 4 Address: 0x1064c2d80
  Set: 55 Way: 0 Address: 0x354d35dd8
  Set: 55 Way: 1 Address: 0x133c92dc8
  Set: 55 Way: 2 Address: 0x1ab44dc0
  Set: 55 Way: 3 Address: 0x6e620dd8
  Set: 55 Way: 4 Address: 0x1c084edd0
  Set: 55 Way: 5 Address: 0x3bdd78df0
  Set: 55 Way: 6 Address: 0x3b377bde0
  Set: 55 Way: 7 Address: 0xbeea7de8
  Set: 55 Way: 8 Address: 0x1b0f15df8
  Set: 55 Way: 9 Address: 0x3232f3dc0
  Set: 55 Way: 10 Address: 0x3b0803de0
  Set: 55 Way: 11 Address: 0x1064c2dc0
  Set: 56 Way: 0 Address: 0x1064c2e00
  Set: 56 Way: 1 Address: 0x38e35ce28
  Set: 56 Way: 2 Address: 0x3c1074e30
  Set: 56 Way: 3 Address: 0x394edbe38
  Set: 56 Way: 4 Address: 0x1b0f15e18
  Set: 56 Way: 5 Address: 0x27d4c6e10
  Set: 56 Way: 6 Address: 0x23756fe00
  Set: 56 Way: 7 Address: 0x3d87a6e20
  Set: 56 Way: 8 Address: 0x257713e18
  Set: 56 Way: 9 Address: 0x272585e08
  Set: 56 Way: 10 Address: 0x3232f3e00
  Set: 56 Way: 11 Address: 0x34a873e2a
  Set: 57 Way: 0 Address: 0x43736e40
  Set: 57 Way: 1 Address: 0x354d35e40
  Set: 57 Way: 2 Address: 0x3dae66e76
  Set: 57 Way: 3 Address: 0x34a873e56
  Set: 57 Way: 4 Address: 0x3232f3e40
  Set: 57 Way: 5 Address: 0x1064c2e40
  Set: 58 Way: 0 Address: 0x3dae66eb4
  Set: 58 Way: 1 Address: 0x342b40eb0
  Set: 58 Way: 2 Address: 0xc67daeaa
  Set: 58 Way: 3 Address: 0x3232f3e80
  Set: 59 Way: 0 Address: 0x3dae66eca
  Set: 59 Way: 1 Address: 0x342b40ec0
  Set: 59 Way: 2 Address: 0x3b0803efc
  Set: 59 Way: 3 Address: 0xc67daeda
  Set: 59 Way: 4 Address: 0x3232f3ec0
  Set: 60 Way: 0 Address: 0x3b0803f0c
  Set: 60 Way: 1 Address: 0x342b40f00
  Set: 60 Way: 2 Address: 0x3232f3f00
  Set: 61 Way: 0 Address: 0x2f5d8ef58
  Set: 61 Way: 1 Address: 0x3b0803f48
  Set: 61 Way: 2 Address: 0x34a873f74
  Set: 61 Way: 3 Address: 0x342b40f40
  Set: 61 Way: 4 Address: 0x3232f3f40
  Set: 62 Way: 0 Address: 0x2f5d8efa4
  Set: 62 Way: 1 Address: 0x34a873f84
  Set: 62 Way: 2 Address: 0x342b40f80
  Set: 63 Way: 0 Address: 0x201598fe8
  Set: 63 Way: 1 Address: 0x2f5d8eff8
  Set: 63 Way: 2 Address: 0x181c81fc0
  Set: 63 Way: 3 Address: 0x3dae66fec
  Set: 63 Way: 4 Address: 0x34a873fc8
  Set: 63 Way: 5 Address: 0xc67daff4
  Set: 63 Way: 6 Address: 0x342b40fc0
EndCache
Cache: cpu0_ITLB
  Set: 0 Way: 0 Address: 0x4608a0
  Set: 1 Way: 0 Address: 0x4413c0
EndCache
Cache: cpu0_DTLB
  Set: 0 Way: 0 Address: 0x1d70a1c
  Set: 0 Way: 1 Address: 0x730650
  Set: 0 Way: 2 Address: 0x1fc0fc0
  Set: 1 Way: 0 Address: 0x7618d0
  Set: 1 Way: 1 Address: 0x1fc1000
  Set: 2 Way: 0 Address: 0x1fc20d0
  Set: 3 Way: 0 Address: 0x1fc31e0
  Set: 4 Way: 0 Address: 0x1fc42f0
  Set: 5 Way: 0 Address: 0x7fff6ec35fc8
  Set: 5 Way: 1 Address: 0x1fc53fc
  Set: 6 Way: 0 Address: 0x7fff6ec36000
  Set: 6 Way: 1 Address: 0x1fc650c
  Set: 7 Way: 0 Address: 0x1fb7900
  Set: 7 Way: 1 Address: 0x1fc761c
  Set: 8 Way: 0 Address: 0x1fc872c
  Set: 8 Way: 1 Address: 0x1fb8740
  Set: 9 Way: 0 Address: 0x1fb9850
  Set: 10 Way: 0 Address: 0x1fba960
  Set: 11 Way: 0 Address: 0x2a0b7e0
  Set: 11 Way: 1 Address: 0x1fbba70
  Set: 12 Way: 0 Address: 0x1fbcb80
  Set: 12 Way: 1 Address: 0x2a0c028
  Set: 13 Way: 0 Address: 0x1fbdc90
  Set: 13 Way: 1 Address: 0x2a0d06a
  Set: 14 Way: 0 Address: 0x1d6e160
  Set: 14 Way: 1 Address: 0x1fbeda0
  Set: 14 Way: 2 Address: 0x2a0e0ec
  Set: 15 Way: 0 Address: 0x1d6f270
  Set: 15 Way: 1 Address: 0x1fbfeb0
  Set: 15 Way: 2 Address: 0x2a0f00c
EndCache
Cache: LLC
  Set: 1 Way: 0 Address: 0x28a940070
  Set: 55 Way: 0 Address: 0x6e620dd8
  Set: 58 Way: 0 Address: 0x342b40eb0
  Set: 59 Way: 0 Address: 0x342b40ec0
  Set: 60 Way: 0 Address: 0x342b40f00
  Set: 61 Way: 0 Address: 0x342b40f40
  Set: 62 Way: 0 Address: 0x342b40f80
  Set: 63 Way: 0 Address: 0x342b40fc0
  Set: 64 Way: 0 Address: 0x181c81000
  Set: 65 Way: 0 Address: 0x181c81040
  Set: 72 Way: 0 Address: 0x113201208
  Set: 76 Way: 0 Address: 0x113201300
  Set: 76 Way: 1 Address: 0x2a4841300
  Set: 110 Way: 0 Address: 0xf6e81bb0
  Set: 127 Way: 0 Address: 0x181c81fc0
  Set: 162 Way: 0 Address: 0x6d0c28a0
  Set: 163 Way: 0 Address: 0x6d0c28c0
  Set: 164 Way: 0 Address: 0x6d0c2900
  Set: 165 Way: 0 Address: 0x6d0c2940
  Set: 173 Way: 0 Address: 0x1c84e2b70
  Set: 178 Way: 0 Address: 0x1064c2c90
  Set: 179 Way: 0 Address: 0x1064c2cc0
  Set: 180 Way: 0 Address: 0x1064c2d00
  Set: 181 Way: 0 Address: 0x1064c2d40
  Set: 182 Way: 0 Address: 0x1064c2d80
  Set: 183 Way: 0 Address: 0x1064c2dc0
  Set: 184 Way: 0 Address: 0x1064c2e00
  Set: 185 Way: 0 Address: 0x1064c2e40
  Set: 192 Way: 0 Address: 0x3b080300e
  Set: 193 Way: 0 Address: 0x3b0803040
  Set: 196 Way: 0 Address: 0x3b0803132
  Set: 197 Way: 0 Address: 0x3b080316e
  Set: 198 Way: 0 Address: 0x3b0803180
  Set: 199 Way: 0 Address: 0x3b08031c0
  Set: 202 Way: 0 Address: 0x3b0803292
  Set: 203 Way: 0 Address: 0x3b08032d0
  Set: 204 Way: 0 Address: 0x3b0803300
  Set: 207 Way: 0 Address: 0x3b08033f4
  Set: 208 Way: 0 Address: 0x3b080342e
  Set: 209 Way: 0 Address: 0x3b0803440
  Set: 210 Way: 0 Address: 0x3b0803480
  Set: 213 Way: 0 Address: 0x3b0803552
  Set: 214 Way: 0 Address: 0x3b080358e
  Set: 215 Way: 0 Address: 0x3b08035c0
  Set: 218 Way: 0 Address: 0x3b08036b2
  Set: 219 Way: 0 Address: 0x3b08036ee
  Set: 220 Way: 0 Address: 0x3b0803700
  Set: 221 Way: 0 Address: 0x3b0803740
  Set: 224 Way: 0 Address: 0x3b0803812
  Set: 225 Way: 0 Address: 0x3b080384e
  Set: 226 Way: 0 Address: 0x3b0803880
  Set: 229 Way: 0 Address: 0x3b0803972
  Set: 230 Way: 0 Address: 0x3b0803980
  Set: 231 Way: 0 Address: 0x3b08039c0
  Set: 232 Way: 0 Address: 0x3b0803a00
  Set: 235 Way: 0 Address: 0x3b0803ad2
  Set: 236 Way: 0 Address: 0x3b0803b00
  Set: 237 Way: 0 Address: 0x3b0803b40
  Set: 240 Way: 0 Address: 0x3b0803c32
  Set: 241 Way: 0 Address: 0x3b0803c40
  Set: 242 Way: 0 Address: 0x3b0803c80
  Set: 243 Way: 0 Address: 0x3b0803cc0
  Set: 246 Way: 0 Address: 0x3b0803d92
  Set: 247 Way: 0 Address: 0x3b0803dc0
  Set: 248 Way: 0 Address: 0x3b0803e00
  Set: 251 Way: 0 Address: 0x3b0803ef2
  Set: 252 Way: 0 Address: 0x3b0803f00
  Set: 253 Way: 0 Address: 0x3b0803f40
  Set: 254 Way: 0 Address: 0x3b0803f80
  Set: 290 Way: 0 Address: 0xb80048a0
  Set: 291 Way: 0 Address: 0xb80048c0
  Set: 311 Way: 0 Address: 0x1ab44dc0
  Set: 376 Way: 0 Address: 0x272585e08
  Set: 392 Way: 0 Address: 0x3dae66212
  Set: 393 Way: 0 Address: 0x3dae66240
  Set: 394 Way: 0 Address: 0x3dae66280
  Set: 397 Way: 0 Address: 0x3dae66374
  Set: 398 Way: 0 Address: 0x3dae663ae
  Set: 399 Way: 0 Address: 0x3dae663c0
  Set: 400 Way: 0 Address: 0x3dae66400
  Set: 403 Way: 0 Address: 0x3dae664d2
  Set: 404 Way: 0 Address: 0x3dae6650e
  Set: 405 Way: 0 Address: 0x3dae66540
  Set: 408 Way: 0 Address: 0x3dae66632
  Set: 409 Way: 0 Address: 0x3dae6666e
  Set: 410 Way: 0 Address: 0x3dae66680
  Set: 411 Way: 0 Address: 0x3dae666c0
  Set: 414 Way: 0 Address: 0x3dae66792
  Set: 415 Way: 0 Address: 0x3dae667ce
  Set: 416 Way: 0 Address: 0x3dae66800
  Set: 419 Way: 0 Address: 0x3dae668f4
  Set: 420 Way: 0 Address: 0x3dae6692e
  Set: 421 Way: 0 Address: 0x3dae66940
  Set: 422 Way: 0 Address: 0x3dae66980
  Set: 425 Way: 0 Address: 0x3dae66a52
  Set: 426 Way: 0 Address: 0x3dae66a8e
  Set: 427 Way: 0 Address: 0x3dae66ac0
  Set: 430 Way: 0 Address: 0x3dae66bb2
  Set: 431 Way: 0 Address: 0x3dae66bee
  Set: 432 Way: 0 Address: 0x3dae66c00
  Set: 433 Way: 0 Address: 0x3dae66c40
  Set: 436 Way: 0 Address: 0x3dae66d12
  Set: 437 Way: 0 Address: 0x3dae66d4e
  Set: 438 Way: 0 Address: 0x3dae66d80
  Set: 440 Way: 0 Address: 0x27d4c6e10
  Set: 440 Way: 1 Address: 0x3d87a6e20
  Set: 441 Way: 0 Address: 0x3dae66e72
  Set: 442 Way: 0 Address: 0x3dae66eb4
  Set: 443 Way: 0 Address: 0x3dae66ec0
  Set: 444 Way: 0 Address: 0x3dae66f00
  Set: 447 Way: 0 Address: 0x3dae66fd2
  Set: 448 Way: 0 Address: 0x3dae67000
  Set: 503 Way: 0 Address: 0xbeea7de8
  Set: 576 Way: 0 Address: 0x2fa0c9000
  Set: 577 Way: 0 Address: 0x2c8749068
  Set: 577 Way: 1 Address: 0x2fa0c9040
  Set: 578 Way: 0 Address: 0x2ee3690a8
  Set: 578 Way: 1 Address: 0x2fa0c9080
  Set: 579 Way: 0 Address: 0x2fa0c90c0
  Set: 580 Way: 0 Address: 0x2fa0c9100
  Set: 581 Way: 0 Address: 0x2fa0c9140
  Set: 582 Way: 0 Address: 0x2fa0c9180
  Set: 768 Way: 0 Address: 0x32f48c000
  Set: 769 Way: 0 Address: 0x32f48c040
  Set: 770 Way: 0 Address: 0x32f48c080
  Set: 773 Way: 0 Address: 0x32f48c152
  Set: 774 Way: 0 Address: 0x32f48c180
  Set: 775 Way: 0 Address: 0x32f48c1c0
  Set: 778 Way: 0 Address: 0x32f48c2b2
  Set: 779 Way: 0 Address: 0x32f48c2c0
  Set: 780 Way: 0 Address: 0x32f48c300
  Set: 781 Way: 0 Address: 0x32f48c340
  Set: 814 Way: 0 Address: 0x29484cb80
  Set: 860 Way: 0 Address: 0x5588d72c
  Set: 861 Way: 0 Address: 0x5588d740
  Set: 862 Way: 0 Address: 0x5588d780
  Set: 863 Way: 0 Address: 0x5588d7c0
  Set: 864 Way: 0 Address: 0x5588d800
  Set: 865 Way: 0 Address: 0x5588d840
  Set: 866 Way: 0 Address: 0x5588d880
  Set: 867 Way: 0 Address: 0x5588d8c0
  Set: 934 Way: 0 Address: 0x3734ee980
  Set: 940 Way: 0 Address: 0x3734eeb08
  Set: 951 Way: 0 Address: 0x1c084edd0
  Set: 957 Way: 0 Address: 0x2f5d8ef58
  Set: 958 Way: 0 Address: 0x2f5d8efbc
  Set: 959 Way: 0 Address: 0x2f5d8efe0
  Set: 960 Way: 0 Address: 0x2f5d8f000
  Set: 960 Way: 1 Address: 0xee86f000
  Set: 961 Way: 0 Address: 0x143ef058
  Set: 961 Way: 1 Address: 0xee86f040
  Set: 962 Way: 0 Address: 0xee86f080
  Set: 963 Way: 0 Address: 0xee86f0c0
  Set: 964 Way: 0 Address: 0xee86f100
  Set: 965 Way: 0 Address: 0xee86f140
  Set: 966 Way: 0 Address: 0xee86f180
  Set: 967 Way: 0 Address: 0xee86f1fe
  Set: 968 Way: 0 Address: 0xee86f200
  Set: 969 Way: 0 Address: 0x16390f270
  Set: 970 Way: 0 Address: 0x16390f280
  Set: 971 Way: 0 Address: 0x16390f2c0
  Set: 972 Way: 0 Address: 0x16390f300
  Set: 973 Way: 0 Address: 0x16390f340
  Set: 974 Way: 0 Address: 0x16390f380
  Set: 975 Way: 0 Address: 0x16390f3c0
  Set: 976 Way: 0 Address: 0x16390f400
  Set: 977 Way: 0 Address: 0x16390f440
  Set: 989 Way: 0 Address: 0x22272f740
  Set: 990 Way: 0 Address: 0x22272f780
  Set: 991 Way: 0 Address: 0x22272f7c0
  Set: 992 Way: 0 Address: 0x22272f800
  Set: 993 Way: 0 Address: 0x22272f840
  Set: 994 Way: 0 Address: 0x22272f880
  Set: 995 Way: 0 Address: 0x22272f8c0
  Set: 996 Way: 0 Address: 0x22272f900
  Set: 1016 Way: 0 Address: 0x23756fe00
  Set: 1057 Way: 0 Address: 0x14bb10850
  Set: 1058 Way: 0 Address: 0x14bb10880
  Set: 1059 Way: 0 Address: 0x14bb108c0
  Set: 1060 Way: 0 Address: 0x14bb10900
  Set: 1061 Way: 0 Address: 0x14bb10940
  Set: 1062 Way: 0 Address: 0x14bb10980
  Set: 1063 Way: 0 Address: 0x14bb109c0
  Set: 1064 Way: 0 Address: 0x14bb10a00
  Set: 1065 Way: 0 Address: 0x2177f0a70
  Set: 1066 Way: 0 Address: 0x2177f0a80
  Set: 1067 Way: 0 Address: 0x2177f0ac0
  Set: 1068 Way: 0 Address: 0x2177f0b00
  Set: 1069 Way: 0 Address: 0x2177f0b40
  Set: 1070 Way: 0 Address: 0x2177f0b80
  Set: 1071 Way: 0 Address: 0x2177f0bc0
  Set: 1072 Way: 0 Address: 0x2177f0c00
  Set: 1089 Way: 0 Address: 0x19c791078
  Set: 1153 Way: 0 Address: 0x9cff2078
  Set: 1158 Way: 0 Address: 0x1995f21a8
  Set: 1207 Way: 0 Address: 0x133c92dc8
  Set: 1217 Way: 0 Address: 0x263c13070
  Set: 1217 Way: 1 Address: 0x34a873052
  Set: 1218 Way: 0 Address: 0x263c130a8
  Set: 1218 Way: 1 Address: 0x34a873080
  Set: 1219 Way: 0 Address: 0x34a8730c0
  Set: 1222 Way: 0 Address: 0x34a8731b2
  Set: 1223 Way: 0 Address: 0x34a8731c0
  Set: 1224 Way: 0 Address: 0x34a873200
  Set: 1225 Way: 0 Address: 0x34a873240
  Set: 1228 Way: 0 Address: 0x34a873312
  Set: 1229 Way: 0 Address: 0x34a873340
  Set: 1230 Way: 0 Address: 0x34a873380
  Set: 1233 Way: 0 Address: 0x34a873472
  Set: 1234 Way: 0 Address: 0x34a873480
  Set: 1235 Way: 0 Address: 0x34a8734c0
  Set: 1236 Way: 0 Address: 0x34a873500
  Set: 1239 Way: 0 Address: 0x34a8735d2
  Set: 1240 Way: 0 Address: 0x34a873600
  Set: 1241 Way: 0 Address: 0x34a873640
  Set: 1244 Way: 0 Address: 0x34a873734
  Set: 1245 Way: 0 Address: 0x34a873740
  Set: 1246 Way: 0 Address: 0x34a873780
  Set: 1247 Way: 0 Address: 0x34a8737c0
  Set: 1250 Way: 0 Address: 0x34a873892
  Set: 1251 Way: 0 Address: 0x34a8738c0
  Set: 1252 Way: 0 Address: 0x34a873900
  Set: 1254 Way: 0 Address: 0x2b2e93980
  Set: 1255 Way: 0 Address: 0x34a8739f2
  Set: 1256 Way: 0 Address: 0x34a873a00
  Set: 1257 Way: 0 Address: 0x34a873a40
  Set: 1258 Way: 0 Address: 0x34a873a80
  Set: 1261 Way: 0 Address: 0x34a873b52
  Set: 1262 Way: 0 Address: 0x34a873b80
  Set: 1263 Way: 0 Address: 0x34a873bc0
  Set: 1266 Way: 0 Address: 0x34a873cb2
  Set: 1267 Way: 0 Address: 0x34a873cc0
  Set: 1268 Way: 0 Address: 0x34a873d00
  Set: 1269 Way: 0 Address: 0x34a873d40
  Set: 1270 Way: 0 Address: 0x3232f3da0
  Set: 1271 Way: 0 Address: 0x3232f3dc0
  Set: 1272 Way: 0 Address: 0x257713e18
  Set: 1272 Way: 1 Address: 0x3232f3e00
  Set: 1272 Way: 2 Address: 0x34a873e12
  Set: 1273 Way: 0 Address: 0x34a873e40
  Set: 1273 Way: 1 Address: 0x3232f3e40
  Set: 1274 Way: 0 Address: 0x34a873e80
  Set: 1274 Way: 1 Address: 0x3232f3e80
  Set: 1275 Way: 0 Address: 0x3232f3ec0
  Set: 1276 Way: 0 Address: 0x3232f3f00
  Set: 1277 Way: 0 Address: 0x34a873f72
  Set: 1277 Way: 1 Address: 0x3232f3f40
  Set: 1278 Way: 0 Address: 0x34a873f80
  Set: 1279 Way: 0 Address: 0x34a873fc0
  Set: 1280 Way: 0 Address: 0x34a874000
  Set: 1325 Way: 0 Address: 0x129934b78
  Set: 1336 Way: 0 Address: 0x3c1074e30
  Set: 1344 Way: 0 Address: 0x195f15010
  Set: 1345 Way: 0 Address: 0x195f15070
  Set: 1399 Way: 0 Address: 0x354d35dc0
  Set: 1399 Way: 1 Address: 0x1b0f15df8
  Set: 1400 Way: 0 Address: 0x1b0f15e00
  Set: 1401 Way: 0 Address: 0x354d35e40
  Set: 1432 Way: 0 Address: 0x8489661c
  Set: 1433 Way: 0 Address: 0x211d16650
  Set: 1433 Way: 1 Address: 0x84896640
  Set: 1434 Way: 0 Address: 0x84896680
  Set: 1435 Way: 0 Address: 0x848966c0
  Set: 1436 Way: 0 Address: 0x84896700
  Set: 1437 Way: 0 Address: 0x84896740
  Set: 1438 Way: 0 Address: 0x84896780
  Set: 1439 Way: 0 Address: 0x848967c0
  Set: 1462 Way: 0 Address: 0x43736db8
  Set: 1464 Way: 0 Address: 0x43736e28
  Set: 1465 Way: 0 Address: 0x43736e40
  Set: 1487 Way: 0 Address: 0x276ff73fc
  Set: 1488 Way: 0 Address: 0x276ff7400
  Set: 1489 Way: 0 Address: 0x276ff7440
  Set: 1490 Way: 0 Address: 0x276ff7480
  Set: 1491 Way: 0 Address: 0x276ff74c0
  Set: 1492 Way: 0 Address: 0x276ff7500
  Set: 1493 Way: 0 Address: 0x276ff7540
  Set: 1494 Way: 0 Address: 0x276ff7580
  Set: 1495 Way: 0 Address: 0x276ff75c0
  Set: 1537 Way: 0 Address: 0x2c9898060
  Set: 1567 Way: 0 Address: 0xc70787fc
  Set: 1568 Way: 0 Address: 0xc7078838
  Set: 1569 Way: 0 Address: 0xc7078864
  Set: 1570 Way: 0 Address: 0xc70788ac
  Set: 1571 Way: 0 Address: 0xc70788f0
  Set: 1572 Way: 0 Address: 0xc7078914
  Set: 1573 Way: 0 Address: 0xc7078940
  Set: 1574 Way: 0 Address: 0xc7078980
  Set: 1575 Way: 0 Address: 0xc70789fc
  Set: 1576 Way: 0 Address: 0xc7078a2c
  Set: 1577 Way: 0 Address: 0xc7078a40
  Set: 1578 Way: 0 Address: 0xc7078a80
  Set: 1579 Way: 0 Address: 0xc7078ac0
  Set: 1580 Way: 0 Address: 0xc7078b00
  Set: 1581 Way: 0 Address: 0xc7078b40
  Set: 1582 Way: 0 Address: 0xc7078bb4
  Set: 1583 Way: 0 Address: 0xc7078bc0
  Set: 1584 Way: 0 Address: 0xc7078c00
  Set: 1591 Way: 0 Address: 0x3bdd78df0
  Set: 1599 Way: 0 Address: 0x201598fe8
  Set: 1603 Way: 0 Address: 0x3120990d0
  Set: 1604 Way: 0 Address: 0x312099100
  Set: 1605 Way: 0 Address: 0x292959160
  Set: 1605 Way: 1 Address: 0x312099140
  Set: 1606 Way: 0 Address: 0x292959180
  Set: 1606 Way: 1 Address: 0x312099180
  Set: 1607 Way: 0 Address: 0x2929591c0
  Set: 1607 Way: 1 Address: 0x3120991c0
  Set: 1608 Way: 0 Address: 0x292959200
  Set: 1608 Way: 1 Address: 0x312099200
  Set: 1609 Way: 0 Address: 0x292959240
  Set: 1609 Way: 1 Address: 0x312099240
  Set: 1610 Way: 0 Address: 0x292959280
  Set: 1610 Way: 1 Address: 0x312099280
  Set: 1611 Way: 0 Address: 0x2929592c0
  Set: 1612 Way: 0 Address: 0x292959300
  Set: 1613 Way: 0 Address: 0x292959340
  Set: 1664 Way: 0 Address: 0x229b9a000
  Set: 1664 Way: 1 Address: 0x223eda018
  Set: 1667 Way: 0 Address: 0xc67da0d2
  Set: 1668 Way: 0 Address: 0xc67da100
  Set: 1669 Way: 0 Address: 0xc67da140
  Set: 1672 Way: 0 Address: 0xc67da232
  Set: 1673 Way: 0 Address: 0xc67da240
  Set: 1674 Way: 0 Address: 0xc67da280
  Set: 1675 Way: 0 Address: 0xc67da2c0
  Set: 1678 Way: 0 Address: 0xc67da394
  Set: 1679 Way: 0 Address: 0xc67da3c0
  Set: 1680 Way: 0 Address: 0xc67da400
  Set: 1683 Way: 0 Address: 0xc67da4f2
  Set: 1684 Way: 0 Address: 0xc67da500
  Set: 1685 Way: 0 Address: 0xc67da540
  Set: 1686 Way: 0 Address: 0xc67da580
  Set: 1689 Way: 0 Address: 0xc67da652
  Set: 1690 Way: 0 Address: 0xc67da680
  Set: 1691 Way: 0 Address: 0xc67da6c0
  Set: 1694 Way: 0 Address: 0xc67da7b2
  Set: 1695 Way: 0 Address: 0x1d89da7f8
  Set: 1695 Way: 1 Address: 0xc67da7c0
  Set: 1696 Way: 0 Address: 0xc67da800
  Set: 1697 Way: 0 Address: 0xc67da840
  Set: 1700 Way: 0 Address: 0xc67da912
  Set: 1701 Way: 0 Address: 0xc67da940
  Set: 1702 Way: 0 Address: 0xc67da980
  Set: 1705 Way: 0 Address: 0xc67daa72
  Set: 1706 Way: 0 Address: 0xc67daa80
  Set: 1707 Way: 0 Address: 0xc67daac0
  Set: 1708 Way: 0 Address: 0xc67dab00
  Set: 1711 Way: 0 Address: 0xc67dabd4
  Set: 1712 Way: 0 Address: 0xc67dac00
  Set: 1713 Way: 0 Address: 0xc67dac40
  Set: 1716 Way: 0 Address: 0xc67dad32
  Set: 1717 Way: 0 Address: 0xc67dad40
  Set: 1718 Way: 0 Address: 0xc67dad80
  Set: 1719 Way: 0 Address: 0xc67dadc0
  Set: 1722 Way: 0 Address: 0xc67dae92
  Set: 1723 Way: 0 Address: 0xc67daec0
  Set: 1724 Way: 0 Address: 0xc67daf00
  Set: 1727 Way: 0 Address: 0xc67daff2
  Set: 1728 Way: 0 Address: 0xc67db000
  Set: 1739 Way: 0 Address: 0xcf83b2f0
  Set: 1740 Way: 0 Address: 0xcf83b300
  Set: 1741 Way: 0 Address: 0xcf83b340
  Set: 1742 Way: 0 Address: 0xcf83b380
  Set: 1743 Way: 0 Address: 0xcf83b3c0
  Set: 1744 Way: 0 Address: 0xcf83b400
  Set: 1745 Way: 0 Address: 0xcf83b440
  Set: 1746 Way: 0 Address: 0xcf83b480
  Set: 1774 Way: 0 Address: 0xc0d9bb80
  Set: 1775 Way: 0 Address: 0xc0d9bbc0
  Set: 1776 Way: 0 Address: 0xc0d9bc00
  Set: 1777 Way: 0 Address: 0xc0d9bc40
  Set: 1778 Way: 0 Address: 0xc0d9bc80
  Set: 1779 Way: 0 Address: 0xc0d9bcc0
  Set: 1780 Way: 0 Address: 0xc0d9bd00
  Set: 1781 Way: 0 Address: 0xc0d9bd40
  Set: 1783 Way: 0 Address: 0x3b377bde0
  Set: 1784 Way: 0 Address: 0x394edbe38
  Set: 1792 Way: 0 Address: 0xdf85c000
  Set: 1827 Way: 0 Address: 0x12c6fc8d0
  Set: 1828 Way: 0 Address: 0x12c6fc900
  Set: 1848 Way: 0 Address: 0x38e35ce28
  Set: 1862 Way: 0 Address: 0x23755d1b0
  Set: 1876 Way: 0 Address: 0x1add50c
  Set: 1877 Way: 0 Address: 0x1add540
  Set: 1878 Way: 0 Address: 0x1add580
  Set: 1879 Way: 0 Address: 0x1add5c0
  Set: 1880 Way: 0 Address: 0x1add600
  Set: 1881 Way: 0 Address: 0x1add640
  Set: 1882 Way: 0 Address: 0x1add680
  Set: 1883 Way: 0 Address: 0x1add6c0
  Set: 1920 Way: 0 Address: 0x28b67e000
  Set: 1927 Way: 0 Address: 0x20597e1e0
  Set: 1928 Way: 0 Address: 0x20597e200
  Set: 1929 Way: 0 Address: 0x20597e240
  Set: 1930 Way: 0 Address: 0x20597e280
  Set: 1931 Way: 0 Address: 0x20597e2c0
  Set: 1932 Way: 0 Address: 0x20597e300
  Set: 1933 Way: 0 Address: 0x20597e340
  Set: 1934 Way: 0 Address: 0x1f919e390
  Set: 1934 Way: 1 Address: 0x20597e380
  Set: 1935 Way: 0 Address: 0x1f919e3c0
  Set: 1936 Way: 0 Address: 0x1f919e405
  Set: 1937 Way: 0 Address: 0x1f919e446
  Set: 1938 Way: 0 Address: 0x1f919e482
  Set: 1939 Way: 0 Address: 0x1f919e4c1
  Set: 1940 Way: 0 Address: 0x1f919e501
  Set: 1941 Way: 0 Address: 0x1f919e54c
  Set: 1942 Way: 0 Address: 0x1f919e580
  Set: 1943 Way: 0 Address: 0x1f919e5c8
  Set: 1944 Way: 0 Address: 0x1f919e600
  Set: 1945 Way: 0 Address: 0x1f919e645
  Set: 1946 Way: 0 Address: 0x1f919e680
  Set: 1951 Way: 0 Address: 0x28b67e7f8
  Set: 1957 Way: 0 Address: 0x2db79e960
  Set: 1958 Way: 0 Address: 0x2db79e980
  Set: 1959 Way: 0 Address: 0x2db79e9c0
  Set: 1960 Way: 0 Address: 0x2db79ea00
  Set: 1961 Way: 0 Address: 0x2db79ea40
  Set: 1962 Way: 0 Address: 0x2db79ea80
  Set: 1963 Way: 0 Address: 0x2db79eac0
  Set: 1964 Way: 0 Address: 0x2db79eb00
EndCache
