Cache: cpu0_STLB
  Set: 47 Way: 0 Address: 0x202f400
  Set: 48 Way: 0 Address: 0x730650
  Set: 48 Way: 1 Address: 0x203024c
  Set: 49 Way: 0 Address: 0x203135c
  Set: 50 Way: 0 Address: 0x203246c
  Set: 51 Way: 0 Address: 0x203357c
  Set: 52 Way: 0 Address: 0x2034688
  Set: 53 Way: 0 Address: 0x7fff6ec35fe0
  Set: 53 Way: 1 Address: 0x2035798
  Set: 53 Way: 2 Address: 0x29b5a62
  Set: 54 Way: 0 Address: 0x7fff6ec360fe
  Set: 54 Way: 1 Address: 0x20368a8
  Set: 54 Way: 2 Address: 0x29b6000
  Set: 55 Way: 0 Address: 0x20379b8
  Set: 55 Way: 1 Address: 0x29b7032
  Set: 56 Way: 0 Address: 0x29b8ea0
  Set: 56 Way: 1 Address: 0x2038ac8
  Set: 57 Way: 0 Address: 0x29b9000
  Set: 57 Way: 1 Address: 0x2039bd8
  Set: 58 Way: 0 Address: 0x203ace8
  Set: 59 Way: 0 Address: 0x203bdf8
  Set: 60 Way: 0 Address: 0x203cf08
  Set: 61 Way: 0 Address: 0x203d000
  Set: 62 Way: 0 Address: 0x203e018
  Set: 63 Way: 0 Address: 0x203f128
  Set: 64 Way: 0 Address: 0x2040238
  Set: 65 Way: 0 Address: 0x44154c
  Set: 96 Way: 0 Address: 0x4608a0
  Set: 97 Way: 0 Address: 0x7618c8
  Set: 110 Way: 0 Address: 0x1d6e12c
  Set: 111 Way: 0 Address: 0x1d6f23c
  Set: 112 Way: 0 Address: 0x1d709f8
EndCache
Cache: cpu0_L2C
  Set: 0 Way: 0 Address: 0x168ef0000
  Set: 1 Way: 0 Address: 0x168ef0040
  Set: 2 Way: 0 Address: 0x168ef0080
  Set: 3 Way: 0 Address: 0x168ef00c0
  Set: 7 Way: 0 Address: 0x2177f01f0
  Set: 9 Way: 0 Address: 0x28a94024c
  Set: 10 Way: 0 Address: 0x28a940280
  Set: 11 Way: 0 Address: 0x28a9402c0
  Set: 12 Way: 0 Address: 0x28a940300
  Set: 13 Way: 0 Address: 0x28a940340
  Set: 14 Way: 0 Address: 0x28a940380
  Set: 15 Way: 0 Address: 0x28a9403c0
  Set: 16 Way: 0 Address: 0x28a940400
  Set: 30 Way: 0 Address: 0x6e620798
  Set: 31 Way: 0 Address: 0x6e6207c0
  Set: 32 Way: 0 Address: 0x6e620800
  Set: 33 Way: 0 Address: 0x6e620840
  Set: 34 Way: 0 Address: 0x6e620880
  Set: 35 Way: 0 Address: 0x6e6208c0
  Set: 36 Way: 0 Address: 0x6e620900
  Set: 37 Way: 0 Address: 0x6e620940
  Set: 45 Way: 0 Address: 0x342b40b70
  Set: 55 Way: 0 Address: 0x14bb10df8
  Set: 56 Way: 0 Address: 0x14bb10e00
  Set: 57 Way: 0 Address: 0x14bb10e40
  Set: 58 Way: 0 Address: 0x14bb10e80
  Set: 59 Way: 0 Address: 0x14bb10ec0
  Set: 60 Way: 0 Address: 0x14bb10f00
  Set: 61 Way: 0 Address: 0x14bb10f40
  Set: 62 Way: 0 Address: 0x14bb10f80
  Set: 63 Way: 0 Address: 0x14bb10fc0
  Set: 70 Way: 0 Address: 0x181c81188
  Set: 98 Way: 0 Address: 0x2a48418a0
  Set: 99 Way: 0 Address: 0x2a48418c0
  Set: 118 Way: 0 Address: 0x19c791db8
  Set: 119 Way: 0 Address: 0xf6e81dc0
  Set: 128 Way: 0 Address: 0x1c84e2018
  Set: 142 Way: 0 Address: 0x9cff2390
  Set: 143 Way: 0 Address: 0x9cff23c0
  Set: 144 Way: 0 Address: 0x9cff2410
  Set: 145 Way: 0 Address: 0x9cff2446
  Set: 146 Way: 0 Address: 0x9cff2482
  Set: 147 Way: 0 Address: 0x9cff24c1
  Set: 148 Way: 0 Address: 0x9cff2501
  Set: 149 Way: 0 Address: 0x9cff254c
  Set: 150 Way: 0 Address: 0x9cff2580
  Set: 151 Way: 0 Address: 0x9cff25c8
  Set: 152 Way: 0 Address: 0x9cff2600
  Set: 153 Way: 0 Address: 0x9cff2640
  Set: 153 Way: 1 Address: 0x1995f2650
  Set: 154 Way: 0 Address: 0x1995f2680
  Set: 154 Way: 1 Address: 0x9cff2680
  Set: 166 Way: 0 Address: 0x133c929b8
  Set: 167 Way: 0 Address: 0x133c929c0
  Set: 168 Way: 0 Address: 0x133c92a00
  Set: 169 Way: 0 Address: 0x133c92a40
  Set: 170 Way: 0 Address: 0x133c92a80
  Set: 171 Way: 0 Address: 0x133c92ac0
  Set: 172 Way: 0 Address: 0x133c92b00
  Set: 173 Way: 0 Address: 0x1064c2b78
  Set: 173 Way: 1 Address: 0x133c92b40
  Set: 174 Way: 0 Address: 0x133c92b80
  Set: 192 Way: 0 Address: 0x34a873000
  Set: 193 Way: 0 Address: 0x34a873040
  Set: 196 Way: 0 Address: 0x3232f3128
  Set: 196 Way: 1 Address: 0x34a873112
  Set: 197 Way: 0 Address: 0x34a873142
  Set: 197 Way: 1 Address: 0x3232f3140
  Set: 198 Way: 0 Address: 0x2b2e931b0
  Set: 198 Way: 1 Address: 0x34a873180
  Set: 198 Way: 2 Address: 0x3232f3180
  Set: 199 Way: 0 Address: 0x3232f31c0
  Set: 200 Way: 0 Address: 0x3b0803238
  Set: 200 Way: 1 Address: 0x3232f3200
  Set: 201 Way: 0 Address: 0x3b0803240
  Set: 201 Way: 1 Address: 0x34a873272
  Set: 201 Way: 2 Address: 0x3232f3240
  Set: 202 Way: 0 Address: 0x34a8732a2
  Set: 202 Way: 1 Address: 0x3b0803280
  Set: 202 Way: 2 Address: 0x3232f3280
  Set: 203 Way: 0 Address: 0x34a8732c0
  Set: 203 Way: 1 Address: 0x3b08032c0
  Set: 203 Way: 2 Address: 0x3232f32c0
  Set: 204 Way: 0 Address: 0x34a873300
  Set: 204 Way: 1 Address: 0x3b0803300
  Set: 205 Way: 0 Address: 0x3b0803340
  Set: 206 Way: 0 Address: 0x3b0803380
  Set: 207 Way: 0 Address: 0x34a8733d2
  Set: 207 Way: 1 Address: 0x3b08033c0
  Set: 208 Way: 0 Address: 0x34a873402
  Set: 208 Way: 1 Address: 0x3b0803400
  Set: 209 Way: 0 Address: 0x34a873440
  Set: 212 Way: 0 Address: 0x34a873532
  Set: 213 Way: 0 Address: 0x34a873562
  Set: 214 Way: 0 Address: 0x34a873580
  Set: 215 Way: 0 Address: 0x34a8735c0
  Set: 218 Way: 0 Address: 0x34a873692
  Set: 219 Way: 0 Address: 0x34a8736c2
  Set: 220 Way: 0 Address: 0x34a873700
  Set: 223 Way: 0 Address: 0x3c56b37f8
  Set: 223 Way: 1 Address: 0x34a8737f2
  Set: 224 Way: 0 Address: 0x34a873822
  Set: 225 Way: 0 Address: 0x34a873840
  Set: 226 Way: 0 Address: 0x34a873880
  Set: 229 Way: 0 Address: 0x34a873952
  Set: 230 Way: 0 Address: 0x34a873984
  Set: 231 Way: 0 Address: 0x34a8739c0
  Set: 234 Way: 0 Address: 0x34a873ab2
  Set: 235 Way: 0 Address: 0x34a873ae8
  Set: 236 Way: 0 Address: 0x34a873b00
  Set: 237 Way: 0 Address: 0x34a873b40
  Set: 240 Way: 0 Address: 0x34a873c12
  Set: 241 Way: 0 Address: 0x34a873c42
  Set: 242 Way: 0 Address: 0x34a873c80
  Set: 245 Way: 0 Address: 0x34a873d72
  Set: 246 Way: 0 Address: 0x257713da8
  Set: 246 Way: 1 Address: 0x34a873da2
  Set: 247 Way: 0 Address: 0x34a873dc0
  Set: 248 Way: 0 Address: 0x34a873e00
  Set: 251 Way: 0 Address: 0x34a873ed2
  Set: 252 Way: 0 Address: 0x34a873f06
  Set: 253 Way: 0 Address: 0x34a873f40
  Set: 256 Way: 0 Address: 0x3c1074000
  Set: 257 Way: 0 Address: 0x3c1074040
  Set: 260 Way: 0 Address: 0x3c1074132
  Set: 261 Way: 0 Address: 0x3c1074160
  Set: 262 Way: 0 Address: 0x3c1074180
  Set: 263 Way: 0 Address: 0x3c10741c0
  Set: 266 Way: 0 Address: 0x3c1074294
  Set: 267 Way: 0 Address: 0x3c10742c0
  Set: 268 Way: 0 Address: 0x3de4d4300
  Set: 268 Way: 1 Address: 0x3c1074300
  Set: 271 Way: 0 Address: 0x3c10743f2
  Set: 272 Way: 0 Address: 0x3c1074420
  Set: 273 Way: 0 Address: 0x3c1074440
  Set: 274 Way: 0 Address: 0x3c1074480
  Set: 277 Way: 0 Address: 0x3c1074554
  Set: 278 Way: 0 Address: 0x3c1074582
  Set: 279 Way: 0 Address: 0x3c10745c0
  Set: 282 Way: 0 Address: 0x1ab44688
  Set: 282 Way: 1 Address: 0x3c10746b2
  Set: 283 Way: 0 Address: 0x3c10746e0
  Set: 283 Way: 1 Address: 0x1ab446c0
  Set: 284 Way: 0 Address: 0x3c1074700
  Set: 284 Way: 1 Address: 0x1ab44700
  Set: 285 Way: 0 Address: 0x3c1074740
  Set: 285 Way: 1 Address: 0x1ab44740
  Set: 286 Way: 0 Address: 0x1ab44780
  Set: 287 Way: 0 Address: 0x1ab447c0
  Set: 288 Way: 0 Address: 0x3c1074812
  Set: 288 Way: 1 Address: 0x1ab44800
  Set: 289 Way: 0 Address: 0x3c1074840
  Set: 289 Way: 1 Address: 0x1ab44840
  Set: 290 Way: 0 Address: 0x3c1074880
  Set: 293 Way: 0 Address: 0x3c1074972
  Set: 294 Way: 0 Address: 0x3c1074980
  Set: 295 Way: 0 Address: 0x3c10749c0
  Set: 301 Way: 0 Address: 0x129934b78
  Set: 302 Way: 0 Address: 0x129934b80
  Set: 320 Way: 0 Address: 0x195f15000
  Set: 326 Way: 0 Address: 0x354d351a8
  Set: 326 Way: 1 Address: 0x1b0f15180
  Set: 327 Way: 0 Address: 0x34a0e51e8
  Set: 328 Way: 0 Address: 0x1b0f15200
  Set: 337 Way: 0 Address: 0x27258546c
  Set: 338 Way: 0 Address: 0x272585480
  Set: 339 Way: 0 Address: 0x2725854c0
  Set: 340 Way: 0 Address: 0x272585500
  Set: 341 Way: 0 Address: 0x272585540
  Set: 342 Way: 0 Address: 0x272585580
  Set: 343 Way: 0 Address: 0x2725855c0
  Set: 344 Way: 0 Address: 0x272585600
  Set: 384 Way: 0 Address: 0x3dae66000
  Set: 385 Way: 0 Address: 0x3dae66040
  Set: 386 Way: 0 Address: 0x3dae66080
  Set: 387 Way: 0 Address: 0x3dae660fe
  Set: 388 Way: 0 Address: 0x3dae66100
  Set: 389 Way: 0 Address: 0x3dae66140
  Set: 390 Way: 0 Address: 0x3dae66180
  Set: 391 Way: 0 Address: 0x3dae661c0
  Set: 391 Way: 1 Address: 0x211d161d0
  Set: 391 Way: 2 Address: 0x848961c8
  Set: 392 Way: 0 Address: 0x3dae66200
  Set: 392 Way: 1 Address: 0x27d4c623c
  Set: 393 Way: 0 Address: 0x27d4c6240
  Set: 394 Way: 0 Address: 0x27d4c6280
  Set: 395 Way: 0 Address: 0x27d4c62c0
  Set: 396 Way: 0 Address: 0x27d4c6300
  Set: 397 Way: 0 Address: 0x27d4c6340
  Set: 398 Way: 0 Address: 0x27d4c6380
  Set: 399 Way: 0 Address: 0x27d4c63c0
  Set: 400 Way: 0 Address: 0x27d4c6400
  Set: 401 Way: 0 Address: 0x27d4c6440
  Set: 419 Way: 0 Address: 0x3d87a68d2
  Set: 420 Way: 0 Address: 0x3d87a6900
  Set: 421 Way: 0 Address: 0x3d87a6940
  Set: 424 Way: 0 Address: 0x3d87a6a32
  Set: 425 Way: 0 Address: 0x3d87a6a62
  Set: 426 Way: 0 Address: 0x3d87a6a80
  Set: 427 Way: 0 Address: 0x3d87a6ac0
  Set: 430 Way: 0 Address: 0x3d87a6b92
  Set: 431 Way: 0 Address: 0x3d87a6bc2
  Set: 432 Way: 0 Address: 0x3d87a6c00
  Set: 435 Way: 0 Address: 0x3d87a6cf6
  Set: 436 Way: 0 Address: 0x3d87a6d28
  Set: 437 Way: 0 Address: 0x3d87a6d40
  Set: 438 Way: 0 Address: 0x3d87a6d80
  Set: 441 Way: 0 Address: 0x3d87a6e52
  Set: 442 Way: 0 Address: 0x3d87a6e86
  Set: 443 Way: 0 Address: 0x3d87a6ec0
  Set: 446 Way: 0 Address: 0x3d87a6fb2
  Set: 447 Way: 0 Address: 0x43736fe8
  Set: 447 Way: 1 Address: 0x3d87a6fe2
  Set: 448 Way: 0 Address: 0x3d87a7000
  Set: 454 Way: 0 Address: 0x276ff71b8
  Set: 479 Way: 0 Address: 0x3098877f8
  Set: 480 Way: 0 Address: 0x309887834
  Set: 481 Way: 0 Address: 0x309887858
  Set: 482 Way: 0 Address: 0x309887884
  Set: 483 Way: 0 Address: 0x3098878c0
  Set: 484 Way: 0 Address: 0x309887900
  Set: 485 Way: 0 Address: 0x30988797c
  Set: 486 Way: 0 Address: 0x309887980
  Set: 487 Way: 0 Address: 0x3098879f8
  Set: 488 Way: 0 Address: 0x309887a00
  Set: 489 Way: 0 Address: 0x309887a40
  Set: 490 Way: 0 Address: 0x309887a80
  Set: 491 Way: 0 Address: 0xbeea7ac8
  Set: 491 Way: 1 Address: 0x309887ac0
  Set: 492 Way: 0 Address: 0x309887b18
  Set: 492 Way: 1 Address: 0xbeea7b00
  Set: 493 Way: 0 Address: 0x309887b40
  Set: 493 Way: 1 Address: 0xbeea7b40
  Set: 494 Way: 0 Address: 0x309887b80
  Set: 494 Way: 1 Address: 0xbeea7b80
  Set: 495 Way: 0 Address: 0x309887bc8
  Set: 495 Way: 1 Address: 0xbeea7bc0
  Set: 496 Way: 0 Address: 0x309887c00
  Set: 496 Way: 1 Address: 0xbeea7c00
  Set: 497 Way: 0 Address: 0x309887c40
  Set: 497 Way: 1 Address: 0xbeea7c40
  Set: 498 Way: 0 Address: 0xbeea7c80
  Set: 512 Way: 0 Address: 0x2c9898018
  Set: 513 Way: 0 Address: 0x2c9898040
  Set: 514 Way: 0 Address: 0x2015980a0
  Set: 514 Way: 1 Address: 0x2c9898080
  Set: 515 Way: 0 Address: 0x2c98980c0
  Set: 516 Way: 0 Address: 0x2c9898100
  Set: 517 Way: 0 Address: 0x2c9898140
  Set: 518 Way: 0 Address: 0x2c9898180
  Set: 519 Way: 0 Address: 0x2c98981c0
  Set: 550 Way: 0 Address: 0xc7078980
  Set: 559 Way: 0 Address: 0x3bdd78bd8
  Set: 560 Way: 0 Address: 0x3bdd78c00
  Set: 561 Way: 0 Address: 0x3bdd78c40
  Set: 562 Way: 0 Address: 0x3bdd78c80
  Set: 563 Way: 0 Address: 0x3bdd78cc0
  Set: 564 Way: 0 Address: 0x3bdd78d00
  Set: 565 Way: 0 Address: 0x3bdd78d40
  Set: 566 Way: 0 Address: 0x3bdd78d80
  Set: 578 Way: 0 Address: 0x2ee3690b2
  Set: 579 Way: 0 Address: 0x2ee3690c0
  Set: 580 Way: 0 Address: 0x2ee369100
  Set: 581 Way: 0 Address: 0x2ee369140
  Set: 582 Way: 0 Address: 0x2c8749180
  Set: 583 Way: 0 Address: 0x2c87491e8
  Set: 584 Way: 0 Address: 0x2ee369212
  Set: 585 Way: 0 Address: 0x2ee369240
  Set: 586 Way: 0 Address: 0x2ee369280
  Set: 589 Way: 0 Address: 0x2fa0c935c
  Set: 589 Way: 1 Address: 0x2ee369372
  Set: 590 Way: 0 Address: 0x2ee3693a2
  Set: 590 Way: 1 Address: 0x2fa0c9380
  Set: 591 Way: 0 Address: 0x2ee3693c0
  Set: 591 Way: 1 Address: 0x2fa0c93c0
  Set: 592 Way: 0 Address: 0x2ee369400
  Set: 592 Way: 1 Address: 0x2fa0c9400
  Set: 593 Way: 0 Address: 0x2fa0c9440
  Set: 594 Way: 0 Address: 0x2fa0c9480
  Set: 595 Way: 0 Address: 0x2ee3694d2
  Set: 595 Way: 1 Address: 0x2fa0c94c0
  Set: 596 Way: 0 Address: 0x2ee369502
  Set: 596 Way: 1 Address: 0x2fa0c9500
  Set: 597 Way: 0 Address: 0x2ee369540
  Set: 600 Way: 0 Address: 0x2ee369632
  Set: 601 Way: 0 Address: 0x2ee369666
  Set: 602 Way: 0 Address: 0x2ee369680
  Set: 603 Way: 0 Address: 0x2ee3696c0
  Set: 606 Way: 0 Address: 0x2ee369792
  Set: 607 Way: 0 Address: 0x2ee3697c2
  Set: 608 Way: 0 Address: 0x2ee369800
  Set: 611 Way: 0 Address: 0x2ee3698f2
  Set: 612 Way: 0 Address: 0x2ee369922
  Set: 613 Way: 0 Address: 0x2ee369940
  Set: 614 Way: 0 Address: 0x2ee369980
  Set: 617 Way: 0 Address: 0x2ee369a52
  Set: 618 Way: 0 Address: 0x2ee369a82
  Set: 619 Way: 0 Address: 0x2ee369ac0
  Set: 620 Way: 0 Address: 0x292959b08
  Set: 622 Way: 0 Address: 0x2ee369bb2
  Set: 623 Way: 0 Address: 0x2ee369be2
  Set: 624 Way: 0 Address: 0x2ee369c00
  Set: 625 Way: 0 Address: 0x2ee369c40
  Set: 628 Way: 0 Address: 0x2ee369d12
  Set: 629 Way: 0 Address: 0x2ee369d42
  Set: 630 Way: 0 Address: 0x312099db0
  Set: 630 Way: 1 Address: 0x2ee369d80
  Set: 633 Way: 0 Address: 0x2ee369e72
  Set: 634 Way: 0 Address: 0x2ee369ea0
  Set: 635 Way: 0 Address: 0x2ee369ec0
  Set: 636 Way: 0 Address: 0x2ee369f00
  Set: 639 Way: 0 Address: 0x2ee369fd2
  Set: 640 Way: 0 Address: 0x2ee36a000
  Set: 641 Way: 0 Address: 0x223eda070
  Set: 648 Way: 0 Address: 0x1d89da208
  Set: 661 Way: 0 Address: 0xc67da57c
  Set: 662 Way: 0 Address: 0xc67da580
  Set: 663 Way: 0 Address: 0xc67da5c0
  Set: 664 Way: 0 Address: 0xc67da600
  Set: 665 Way: 0 Address: 0xc67da640
  Set: 666 Way: 0 Address: 0xc67da680
  Set: 667 Way: 0 Address: 0xc67da6c0
  Set: 668 Way: 0 Address: 0xc67da700
  Set: 669 Way: 0 Address: 0xc67da740
  Set: 710 Way: 0 Address: 0x394edb1a0
  Set: 710 Way: 1 Address: 0xcf83b190
  Set: 711 Way: 0 Address: 0x3b377b1f8
  Set: 764 Way: 0 Address: 0xc0d9bf08
  Set: 765 Way: 0 Address: 0xc0d9bf40
  Set: 766 Way: 0 Address: 0xc0d9bf80
  Set: 767 Way: 0 Address: 0xc0d9bfc0
  Set: 768 Way: 0 Address: 0xdf85c000
  Set: 768 Way: 1 Address: 0x32f48c032
  Set: 769 Way: 0 Address: 0x32f48c040
  Set: 770 Way: 0 Address: 0x29484c080
  Set: 770 Way: 1 Address: 0x32f48c080
  Set: 771 Way: 0 Address: 0x32f48c0c0
  Set: 774 Way: 0 Address: 0x32f48c192
  Set: 775 Way: 0 Address: 0x32f48c1c0
  Set: 776 Way: 0 Address: 0x32f48c200
  Set: 779 Way: 0 Address: 0x32f48c2f2
  Set: 780 Way: 0 Address: 0x32f48c300
  Set: 781 Way: 0 Address: 0x32f48c340
  Set: 782 Way: 0 Address: 0x32f48c380
  Set: 783 Way: 0 Address: 0x12c6fc3e0
  Set: 784 Way: 0 Address: 0x12c6fc400
  Set: 785 Way: 0 Address: 0x12c6fc440
  Set: 785 Way: 1 Address: 0x32f48c452
  Set: 786 Way: 0 Address: 0x12c6fc480
  Set: 786 Way: 1 Address: 0x32f48c480
  Set: 787 Way: 0 Address: 0x32f48c4c0
  Set: 790 Way: 0 Address: 0x32f48c5b2
  Set: 791 Way: 0 Address: 0x32f48c5c0
  Set: 792 Way: 0 Address: 0x32f48c600
  Set: 793 Way: 0 Address: 0x32f48c640
  Set: 796 Way: 0 Address: 0x32f48c712
  Set: 797 Way: 0 Address: 0x32f48c740
  Set: 798 Way: 0 Address: 0x32f48c780
  Set: 801 Way: 0 Address: 0x32f48c872
  Set: 802 Way: 0 Address: 0x32f48c880
  Set: 803 Way: 0 Address: 0x32f48c8c0
  Set: 804 Way: 0 Address: 0x32f48c900
  Set: 807 Way: 0 Address: 0x32f48c9d8
  Set: 808 Way: 0 Address: 0x32f48ca00
  Set: 809 Way: 0 Address: 0x32f48ca40
  Set: 812 Way: 0 Address: 0x32f48cb34
  Set: 813 Way: 0 Address: 0x32f48cb40
  Set: 814 Way: 0 Address: 0x32f48cb80
  Set: 815 Way: 0 Address: 0x32f48cbc0
  Set: 818 Way: 0 Address: 0x32f48cc92
  Set: 819 Way: 0 Address: 0x32f48ccc0
  Set: 820 Way: 0 Address: 0x32f48cd00
  Set: 823 Way: 0 Address: 0x32f48cdf4
  Set: 824 Way: 0 Address: 0x32f48ce00
  Set: 825 Way: 0 Address: 0x32f48ce40
  Set: 826 Way: 0 Address: 0x32f48ce80
  Set: 829 Way: 0 Address: 0x38e35cf58
  Set: 829 Way: 1 Address: 0x32f48cf52
  Set: 830 Way: 0 Address: 0x38e35cfbc
  Set: 830 Way: 1 Address: 0x32f48cf80
  Set: 831 Way: 0 Address: 0x38e35cfe0
  Set: 831 Way: 1 Address: 0x32f48cfc0
  Set: 832 Way: 0 Address: 0x38e35d000
  Set: 839 Way: 0 Address: 0x5588d1d8
  Set: 839 Way: 1 Address: 0x1add1c0
  Set: 840 Way: 0 Address: 0x5588d200
  Set: 867 Way: 0 Address: 0x23755d8c8
  Set: 868 Way: 0 Address: 0x23755d900
  Set: 896 Way: 0 Address: 0x28b67e000
  Set: 896 Way: 1 Address: 0x1f919e010
  Set: 897 Way: 0 Address: 0x1f919e070
  Set: 898 Way: 0 Address: 0x1f919e080
  Set: 901 Way: 0 Address: 0x3734ee178
  Set: 902 Way: 0 Address: 0x2f5d8e1b0
  Set: 902 Way: 1 Address: 0x3734ee1a0
  Set: 902 Way: 2 Address: 0x20597e198
  Set: 903 Way: 0 Address: 0x3734ee1c0
  Set: 903 Way: 1 Address: 0x2db79e1e0
  Set: 927 Way: 0 Address: 0x28b67e7f8
  Set: 930 Way: 0 Address: 0x1c084e8a8
  Set: 931 Way: 0 Address: 0x1c084e8c0
  Set: 932 Way: 0 Address: 0x1c084e900
  Set: 933 Way: 0 Address: 0x1c084e940
  Set: 934 Way: 0 Address: 0x1c084e980
  Set: 935 Way: 0 Address: 0x1c084e9c0
  Set: 936 Way: 0 Address: 0x1c084ea00
  Set: 937 Way: 0 Address: 0x1c084ea40
  Set: 964 Way: 0 Address: 0x23756f12c
  Set: 965 Way: 0 Address: 0x23756f140
  Set: 966 Way: 0 Address: 0xee86f1a8
  Set: 966 Way: 1 Address: 0x23756f180
  Set: 967 Way: 0 Address: 0x23756f1c0
  Set: 968 Way: 0 Address: 0x23756f200
  Set: 969 Way: 0 Address: 0x23756f240
  Set: 970 Way: 0 Address: 0x23756f280
  Set: 971 Way: 0 Address: 0x23756f2c0
  Set: 972 Way: 0 Address: 0x23756f300
  Set: 1006 Way: 0 Address: 0x16390fbb0
  Set: 1011 Way: 0 Address: 0x22272fce8
  Set: 1012 Way: 0 Address: 0x22272fd00
  Set: 1013 Way: 0 Address: 0x22272fd40
  Set: 1014 Way: 0 Address: 0x143efda8
  Set: 1014 Way: 1 Address: 0x22272fd80
  Set: 1015 Way: 0 Address: 0x143efdc8
  Set: 1015 Way: 1 Address: 0x22272fdc0
  Set: 1016 Way: 0 Address: 0x22272fe00
  Set: 1017 Way: 0 Address: 0x22272fe40
  Set: 1018 Way: 0 Address: 0x22272fe80
EndCache
Cache: cpu0_L1I
  Set: 14 Way: 0 Address: 0x9cff2390
  Set: 15 Way: 0 Address: 0x9cff23f5
  Set: 16 Way: 0 Address: 0x9cff2435
  Set: 17 Way: 0 Address: 0x9cff2469
  Set: 18 Way: 0 Address: 0x9cff24a6
  Set: 19 Way: 0 Address: 0x9cff24e3
  Set: 20 Way: 0 Address: 0x9cff2510
  Set: 21 Way: 0 Address: 0x9cff254c
  Set: 23 Way: 0 Address: 0x9cff25f8
  Set: 24 Way: 0 Address: 0x9cff2600
  Set: 25 Way: 0 Address: 0x9cff2645
  Set: 34 Way: 0 Address: 0x2a48418a0
EndCache
Cache: cpu0_L1D
  Set: 0 Way: 0 Address: 0xdf85c000
  Set: 0 Way: 1 Address: 0x28b67e000
  Set: 0 Way: 2 Address: 0x195f15000
  Set: 0 Way: 3 Address: 0x1f919e010
  Set: 0 Way: 4 Address: 0x1c84e2018
  Set: 0 Way: 5 Address: 0x3c1074000
  Set: 0 Way: 6 Address: 0x2c9898018
  Set: 0 Way: 7 Address: 0x3dae6601c
  Set: 0 Way: 8 Address: 0x34a873000
  Set: 0 Way: 9 Address: 0x32f48c03a
  Set: 0 Way: 10 Address: 0x168ef0004
  Set: 1 Way: 0 Address: 0x1f919e070
  Set: 1 Way: 1 Address: 0x223eda070
  Set: 1 Way: 2 Address: 0x3dae66048
  Set: 1 Way: 3 Address: 0x2c9898040
  Set: 1 Way: 4 Address: 0x32f48c050
  Set: 1 Way: 5 Address: 0x168ef0040
  Set: 2 Way: 0 Address: 0x1f919e080
  Set: 2 Way: 1 Address: 0x29484c080
  Set: 2 Way: 2 Address: 0x2015980a0
  Set: 2 Way: 3 Address: 0x3dae66090
  Set: 2 Way: 4 Address: 0x32f48c088
  Set: 2 Way: 5 Address: 0x2c9898080
  Set: 2 Way: 6 Address: 0x2ee3690be
  Set: 2 Way: 7 Address: 0x168ef0080
  Set: 3 Way: 0 Address: 0x3dae660fe
  Set: 3 Way: 1 Address: 0x2ee3690cc
  Set: 3 Way: 2 Address: 0x2c98980c0
  Set: 3 Way: 3 Address: 0x168ef00c0
  Set: 4 Way: 0 Address: 0x3dae66104
  Set: 4 Way: 1 Address: 0x3232f3128
  Set: 4 Way: 2 Address: 0x23756f12c
  Set: 4 Way: 3 Address: 0x34a87312a
  Set: 4 Way: 4 Address: 0x2ee36910a
  Set: 4 Way: 5 Address: 0x2c9898100
  Set: 4 Way: 6 Address: 0x3c107413e
  Set: 5 Way: 0 Address: 0x3734ee178
  Set: 5 Way: 1 Address: 0x3dae66156
  Set: 5 Way: 2 Address: 0x3c1074176
  Set: 5 Way: 3 Address: 0x34a873156
  Set: 5 Way: 4 Address: 0x23756f140
  Set: 5 Way: 5 Address: 0x3232f3140
  Set: 5 Way: 6 Address: 0x2c9898140
  Set: 6 Way: 0 Address: 0x20597e198
  Set: 6 Way: 1 Address: 0x3c1074180
  Set: 6 Way: 2 Address: 0x32f48c1a8
  Set: 6 Way: 3 Address: 0x3dae66188
  Set: 6 Way: 4 Address: 0x23756f180
  Set: 6 Way: 5 Address: 0x3232f3180
  Set: 6 Way: 6 Address: 0x2c9898180
  Set: 6 Way: 7 Address: 0x354d351a8
  Set: 6 Way: 8 Address: 0x1b0f15198
  Set: 6 Way: 9 Address: 0xcf83b190
  Set: 6 Way: 10 Address: 0x181c81188
  Set: 6 Way: 11 Address: 0x2c8749180
  Set: 7 Way: 0 Address: 0x2c87491e8
  Set: 7 Way: 1 Address: 0x3dae661c2
  Set: 7 Way: 2 Address: 0x2c98981c0
  Set: 7 Way: 3 Address: 0x34a0e51e8
  Set: 7 Way: 4 Address: 0x1add1c0
  Set: 7 Way: 5 Address: 0x848961c8
  Set: 7 Way: 6 Address: 0x2177f01f0
  Set: 7 Way: 7 Address: 0x3b377b1f8
  Set: 7 Way: 8 Address: 0x2db79e1e0
  Set: 7 Way: 9 Address: 0x32f48c1d0
  Set: 7 Way: 10 Address: 0x23756f1c0
  Set: 7 Way: 11 Address: 0x3232f31c0
  Set: 8 Way: 0 Address: 0x1d89da208
  Set: 8 Way: 1 Address: 0x5588d200
  Set: 8 Way: 2 Address: 0x1b0f15200
  Set: 8 Way: 3 Address: 0x3b0803238
  Set: 8 Way: 4 Address: 0x27d4c623c
  Set: 8 Way: 5 Address: 0x2ee369228
  Set: 8 Way: 6 Address: 0x23756f200
  Set: 8 Way: 7 Address: 0x3232f3200
  Set: 9 Way: 0 Address: 0x28a94024c
  Set: 9 Way: 1 Address: 0x27d4c6240
  Set: 9 Way: 2 Address: 0x3b0803240
  Set: 9 Way: 3 Address: 0x34a87327e
  Set: 9 Way: 4 Address: 0x2ee369260
  Set: 9 Way: 5 Address: 0x23756f240
  Set: 9 Way: 6 Address: 0x3232f3240
  Set: 10 Way: 0 Address: 0x34a8732ba
  Set: 10 Way: 1 Address: 0x28a940280
  Set: 10 Way: 2 Address: 0x27d4c6280
  Set: 10 Way: 3 Address: 0x3b0803280
  Set: 10 Way: 4 Address: 0x3c10742ac
  Set: 10 Way: 5 Address: 0x23756f280
  Set: 10 Way: 6 Address: 0x3232f3280
  Set: 11 Way: 0 Address: 0x3c10742c0
  Set: 11 Way: 1 Address: 0x34a8732c0
  Set: 11 Way: 2 Address: 0x32f48c2fe
  Set: 11 Way: 3 Address: 0x28a9402c0
  Set: 11 Way: 4 Address: 0x27d4c62c0
  Set: 11 Way: 5 Address: 0x3b08032c0
  Set: 11 Way: 6 Address: 0x23756f2c0
  Set: 11 Way: 7 Address: 0x3232f32c0
  Set: 12 Way: 0 Address: 0x3de4d4300
  Set: 12 Way: 1 Address: 0x32f48c30e
  Set: 12 Way: 2 Address: 0x28a940300
  Set: 12 Way: 3 Address: 0x27d4c6300
  Set: 12 Way: 4 Address: 0x3b0803300
  Set: 13 Way: 0 Address: 0x2fa0c935c
  Set: 13 Way: 1 Address: 0x32f48c342
  Set: 13 Way: 2 Address: 0x2ee36937e
  Set: 13 Way: 3 Address: 0x28a940340
  Set: 13 Way: 4 Address: 0x27d4c6340
  Set: 13 Way: 5 Address: 0x3b0803340
  Set: 14 Way: 0 Address: 0x2ee3693be
  Set: 14 Way: 1 Address: 0x2fa0c9380
  Set: 14 Way: 2 Address: 0x28a940380
  Set: 14 Way: 3 Address: 0x27d4c6380
  Set: 14 Way: 4 Address: 0x3b0803380
  Set: 15 Way: 0 Address: 0x12c6fc3f0
  Set: 15 Way: 1 Address: 0x2ee3693c0
  Set: 15 Way: 2 Address: 0x34a8733ec
  Set: 15 Way: 3 Address: 0x2fa0c93c0
  Set: 15 Way: 4 Address: 0x3c10743fc
  Set: 15 Way: 5 Address: 0x28a9403c0
  Set: 15 Way: 6 Address: 0x27d4c63c0
  Set: 15 Way: 7 Address: 0x3b08033c0
  Set: 16 Way: 0 Address: 0x12c6fc400
  Set: 16 Way: 1 Address: 0x3c107443a
  Set: 16 Way: 2 Address: 0x34a87341e
  Set: 16 Way: 3 Address: 0x2fa0c9400
  Set: 16 Way: 4 Address: 0x28a940400
  Set: 16 Way: 5 Address: 0x27d4c6400
  Set: 16 Way: 6 Address: 0x3b0803400
  Set: 17 Way: 0 Address: 0x12c6fc440
  Set: 17 Way: 1 Address: 0x27258546c
  Set: 17 Way: 2 Address: 0x3c1074440
  Set: 17 Way: 3 Address: 0x32f48c468
  Set: 17 Way: 4 Address: 0x2fa0c9440
  Set: 18 Way: 0 Address: 0x272585480
  Set: 18 Way: 1 Address: 0x32f48c4a0
  Set: 18 Way: 2 Address: 0x2fa0c9480
  Set: 19 Way: 0 Address: 0x2725854c0
  Set: 19 Way: 1 Address: 0x2ee3694ee
  Set: 19 Way: 2 Address: 0x2fa0c94c0
  Set: 20 Way: 0 Address: 0x2ee36951a
  Set: 20 Way: 1 Address: 0x34a873532
  Set: 20 Way: 2 Address: 0x272585500
  Set: 20 Way: 3 Address: 0x2fa0c9500
  Set: 21 Way: 0 Address: 0xc67da57c
  Set: 21 Way: 1 Address: 0x34a873574
  Set: 21 Way: 2 Address: 0x272585540
  Set: 21 Way: 3 Address: 0x3c107456c
  Set: 22 Way: 0 Address: 0x3c107459c
  Set: 22 Way: 1 Address: 0x34a873580
  Set: 22 Way: 2 Address: 0xc67da580
  Set: 22 Way: 3 Address: 0x32f48c5bc
  Set: 22 Way: 4 Address: 0x272585580
  Set: 23 Way: 0 Address: 0xc67da5c0
  Set: 23 Way: 1 Address: 0x32f48c5c8
  Set: 23 Way: 2 Address: 0x2725855c0
  Set: 24 Way: 0 Address: 0x32f48c608
  Set: 24 Way: 1 Address: 0xc67da600
  Set: 24 Way: 2 Address: 0x2ee36963e
  Set: 24 Way: 3 Address: 0x272585600
  Set: 25 Way: 0 Address: 0x1995f2650
  Set: 25 Way: 1 Address: 0x2ee369672
  Set: 25 Way: 2 Address: 0xc67da640
  Set: 26 Way: 0 Address: 0x1ab44688
  Set: 26 Way: 1 Address: 0x2ee369680
  Set: 26 Way: 2 Address: 0x34a8736ac
  Set: 26 Way: 3 Address: 0xc67da680
  Set: 26 Way: 4 Address: 0x3c10746b4
  Set: 27 Way: 0 Address: 0x3c10746fc
  Set: 27 Way: 1 Address: 0x34a8736da
  Set: 27 Way: 2 Address: 0x1ab446c0
  Set: 27 Way: 3 Address: 0xc67da6c0
  Set: 28 Way: 0 Address: 0x3c1074700
  Set: 28 Way: 1 Address: 0x32f48c724
  Set: 28 Way: 2 Address: 0x1ab44700
  Set: 28 Way: 3 Address: 0xc67da700
  Set: 29 Way: 0 Address: 0x32f48c75a
  Set: 29 Way: 1 Address: 0x1ab44740
  Set: 29 Way: 2 Address: 0xc67da740
  Set: 30 Way: 0 Address: 0x6e620798
  Set: 30 Way: 1 Address: 0x2ee3697aa
  Set: 30 Way: 2 Address: 0x1ab44780
  Set: 31 Way: 0 Address: 0x28b67e7f8
  Set: 31 Way: 1 Address: 0x3c56b37f8
  Set: 31 Way: 2 Address: 0x2ee3697dc
  Set: 31 Way: 3 Address: 0x6e6207c0
  Set: 31 Way: 4 Address: 0x34a8737fe
  Set: 31 Way: 5 Address: 0x3098877f8
  Set: 31 Way: 6 Address: 0x1ab447c0
  Set: 32 Way: 0 Address: 0x34a873836
  Set: 32 Way: 1 Address: 0x6e620800
  Set: 32 Way: 2 Address: 0x309887834
  Set: 32 Way: 3 Address: 0x3c107482c
  Set: 32 Way: 4 Address: 0x1ab44800
  Set: 33 Way: 0 Address: 0x309887858
  Set: 33 Way: 1 Address: 0x3c107485a
  Set: 33 Way: 2 Address: 0x34a873840
  Set: 33 Way: 3 Address: 0x32f48c87a
  Set: 33 Way: 4 Address: 0x6e620840
  Set: 33 Way: 5 Address: 0x1ab44840
  Set: 34 Way: 0 Address: 0x309887884
  Set: 34 Way: 1 Address: 0x1c084e8a8
  Set: 34 Way: 2 Address: 0x32f48c88e
  Set: 34 Way: 3 Address: 0x6e620880
  Set: 35 Way: 0 Address: 0x23755d8c8
  Set: 35 Way: 1 Address: 0x3098878d4
  Set: 35 Way: 2 Address: 0x1c084e8c0
  Set: 35 Way: 3 Address: 0x32f48c8c4
  Set: 35 Way: 4 Address: 0x2ee3698fe
  Set: 35 Way: 5 Address: 0x6e6208c0
  Set: 35 Way: 6 Address: 0x3d87a68ec
  Set: 36 Way: 0 Address: 0x309887918
  Set: 36 Way: 1 Address: 0x2ee369922
  Set: 36 Way: 2 Address: 0x1c084e900
  Set: 36 Way: 3 Address: 0x6e620900
  Set: 36 Way: 4 Address: 0x3d87a6900
  Set: 37 Way: 0 Address: 0x30988797c
  Set: 37 Way: 1 Address: 0x2ee369940
  Set: 37 Way: 2 Address: 0x34a87396c
  Set: 37 Way: 3 Address: 0x1c084e940
  Set: 37 Way: 4 Address: 0x3c107497e
  Set: 37 Way: 5 Address: 0x6e620940
  Set: 38 Way: 0 Address: 0xc7078980
  Set: 38 Way: 1 Address: 0x309887980
  Set: 38 Way: 2 Address: 0x133c929b8
  Set: 38 Way: 3 Address: 0x34a87399c
  Set: 38 Way: 4 Address: 0x1c084e980
  Set: 38 Way: 5 Address: 0x3c107498a
  Set: 39 Way: 0 Address: 0x3098879f4
  Set: 39 Way: 1 Address: 0x133c929c0
  Set: 39 Way: 2 Address: 0x32f48c9ec
  Set: 39 Way: 3 Address: 0x1c084e9c0
  Set: 40 Way: 0 Address: 0x309887a10
  Set: 40 Way: 1 Address: 0x3d87a6a38
  Set: 40 Way: 2 Address: 0x133c92a00
  Set: 40 Way: 3 Address: 0x32f48ca1a
  Set: 40 Way: 4 Address: 0x1c084ea00
  Set: 41 Way: 0 Address: 0x3d87a6a7e
  Set: 41 Way: 1 Address: 0x309887a6c
  Set: 41 Way: 2 Address: 0x133c92a40
  Set: 41 Way: 3 Address: 0x2ee369a6a
  Set: 41 Way: 4 Address: 0x1c084ea40
  Set: 42 Way: 0 Address: 0x3d87a6a80
  Set: 42 Way: 1 Address: 0x309887aa4
  Set: 42 Way: 2 Address: 0x2ee369a98
  Set: 42 Way: 3 Address: 0x34a873ab2
  Set: 42 Way: 4 Address: 0x133c92a80
  Set: 43 Way: 0 Address: 0xbeea7ac8
  Set: 43 Way: 1 Address: 0x34a873aea
  Set: 43 Way: 2 Address: 0x309887afc
  Set: 43 Way: 3 Address: 0x133c92ac0
  Set: 44 Way: 0 Address: 0x292959b08
  Set: 44 Way: 1 Address: 0x34a873b00
  Set: 44 Way: 2 Address: 0x309887b18
  Set: 44 Way: 3 Address: 0xbeea7b00
  Set: 44 Way: 4 Address: 0x32f48cb3e
  Set: 44 Way: 5 Address: 0x133c92b00
  Set: 45 Way: 0 Address: 0x129934b70
  Set: 45 Way: 1 Address: 0x342b40b70
  Set: 45 Way: 2 Address: 0x1064c2b78
  Set: 45 Way: 3 Address: 0x309887b40
  Set: 45 Way: 4 Address: 0xbeea7b40
  Set: 45 Way: 5 Address: 0x32f48cb4c
  Set: 45 Way: 6 Address: 0x133c92b40
  Set: 46 Way: 0 Address: 0x129934b80
  Set: 46 Way: 1 Address: 0x16390fbb0
  Set: 46 Way: 2 Address: 0x309887b94
  Set: 46 Way: 3 Address: 0x3d87a6ba8
  Set: 46 Way: 4 Address: 0x32f48cb80
  Set: 46 Way: 5 Address: 0xbeea7b80
  Set: 46 Way: 6 Address: 0x2ee369bbe
  Set: 46 Way: 7 Address: 0x133c92b80
  Set: 47 Way: 0 Address: 0x3bdd78bd8
  Set: 47 Way: 1 Address: 0x3d87a6bda
  Set: 47 Way: 2 Address: 0x309887bc8
  Set: 47 Way: 3 Address: 0x2ee369bfc
  Set: 47 Way: 4 Address: 0xbeea7bc0
  Set: 48 Way: 0 Address: 0x2ee369c00
  Set: 48 Way: 1 Address: 0x309887c0c
  Set: 48 Way: 2 Address: 0x3bdd78c00
  Set: 48 Way: 3 Address: 0x34a873c2a
  Set: 48 Way: 4 Address: 0xbeea7c00
  Set: 49 Way: 0 Address: 0x34a873c5c
  Set: 49 Way: 1 Address: 0x3bdd78c40
  Set: 49 Way: 2 Address: 0xbeea7c40
  Set: 50 Way: 0 Address: 0x32f48ccaa
  Set: 50 Way: 1 Address: 0x3bdd78c80
  Set: 50 Way: 2 Address: 0xbeea7c80
  Set: 51 Way: 0 Address: 0x22272fce8
  Set: 51 Way: 1 Address: 0x3d87a6cfc
  Set: 51 Way: 2 Address: 0x32f48ccdc
  Set: 51 Way: 3 Address: 0x3bdd78cc0
  Set: 52 Way: 0 Address: 0x3d87a6d3a
  Set: 52 Way: 1 Address: 0x22272fd00
  Set: 52 Way: 2 Address: 0x2ee369d2a
  Set: 52 Way: 3 Address: 0x3bdd78d00
  Set: 53 Way: 0 Address: 0x3d87a6d40
  Set: 53 Way: 1 Address: 0x2ee369d5a
  Set: 53 Way: 2 Address: 0x34a873d7c
  Set: 53 Way: 3 Address: 0x22272fd40
  Set: 53 Way: 4 Address: 0x3bdd78d40
  Set: 54 Way: 0 Address: 0x143efda8
  Set: 54 Way: 1 Address: 0x257713da8
  Set: 54 Way: 2 Address: 0x312099db0
  Set: 54 Way: 3 Address: 0x34a873db6
  Set: 54 Way: 4 Address: 0x19c791db8
  Set: 54 Way: 5 Address: 0x22272fd80
  Set: 54 Way: 6 Address: 0x3bdd78d80
  Set: 55 Way: 0 Address: 0xf6e81dc0
  Set: 55 Way: 1 Address: 0x143efdc8
  Set: 55 Way: 2 Address: 0x14bb10df8
  Set: 55 Way: 3 Address: 0x34a873dc0
  Set: 55 Way: 4 Address: 0x32f48cdfe
  Set: 55 Way: 5 Address: 0x22272fdc0
  Set: 56 Way: 0 Address: 0x14bb10e00
  Set: 56 Way: 1 Address: 0x32f48ce10
  Set: 56 Way: 2 Address: 0x22272fe00
  Set: 57 Way: 0 Address: 0x3d87a6e6a
  Set: 57 Way: 1 Address: 0x14bb10e40
  Set: 57 Way: 2 Address: 0x32f48ce40
  Set: 57 Way: 3 Address: 0x2ee369e7c
  Set: 57 Way: 4 Address: 0x22272fe40
  Set: 58 Way: 0 Address: 0x2ee369ea4
  Set: 58 Way: 1 Address: 0x3d87a6e9a
  Set: 58 Way: 2 Address: 0x14bb10e80
  Set: 58 Way: 3 Address: 0x22272fe80
  Set: 59 Way: 0 Address: 0x2ee369ec0
  Set: 59 Way: 1 Address: 0x34a873eea
  Set: 59 Way: 2 Address: 0x14bb10ec0
  Set: 60 Way: 0 Address: 0xc0d9bf08
  Set: 60 Way: 1 Address: 0x34a873f1c
  Set: 60 Way: 2 Address: 0x14bb10f00
  Set: 61 Way: 0 Address: 0x38e35cf58
  Set: 61 Way: 1 Address: 0xc0d9bf40
  Set: 61 Way: 2 Address: 0x32f48cf6c
  Set: 61 Way: 3 Address: 0x14bb10f40
  Set: 62 Way: 0 Address: 0x38e35cfa4
  Set: 62 Way: 1 Address: 0x3d87a6fb2
  Set: 62 Way: 2 Address: 0xc0d9bf80
  Set: 62 Way: 3 Address: 0x32f48cfa0
  Set: 62 Way: 4 Address: 0x14bb10f80
  Set: 63 Way: 0 Address: 0x43736fe8
  Set: 63 Way: 1 Address: 0x38e35cfc8
  Set: 63 Way: 2 Address: 0x3d87a6ff4
  Set: 63 Way: 3 Address: 0xc0d9bfc0
  Set: 63 Way: 4 Address: 0x2ee369fec
  Set: 63 Way: 5 Address: 0x14bb10fc0
EndCache
Cache: cpu0_ITLB
  Set: 0 Way: 0 Address: 0x4608a0
  Set: 1 Way: 0 Address: 0x44144c
EndCache
Cache: cpu0_DTLB
  Set: 0 Way: 0 Address: 0x1d70858
  Set: 0 Way: 1 Address: 0x730650
  Set: 0 Way: 2 Address: 0x2040238
  Set: 0 Way: 3 Address: 0x203024c
  Set: 1 Way: 0 Address: 0x7618c8
  Set: 1 Way: 1 Address: 0x203135c
  Set: 2 Way: 0 Address: 0x203246c
  Set: 3 Way: 0 Address: 0x203357c
  Set: 4 Way: 0 Address: 0x2034688
  Set: 5 Way: 0 Address: 0x7fff6ec35fc8
  Set: 5 Way: 1 Address: 0x2035798
  Set: 5 Way: 2 Address: 0x29b5a80
  Set: 6 Way: 0 Address: 0x7fff6ec36156
  Set: 6 Way: 1 Address: 0x20368a8
  Set: 6 Way: 2 Address: 0x29b6152
  Set: 7 Way: 0 Address: 0x20379b8
  Set: 7 Way: 1 Address: 0x29b7050
  Set: 8 Way: 0 Address: 0x29b8ea4
  Set: 8 Way: 1 Address: 0x2038ac8
  Set: 9 Way: 0 Address: 0x29b9160
  Set: 9 Way: 1 Address: 0x2039bd8
  Set: 10 Way: 0 Address: 0x203ace8
  Set: 11 Way: 0 Address: 0x203bdf8
  Set: 12 Way: 0 Address: 0x203cf08
  Set: 13 Way: 0 Address: 0x203d000
  Set: 14 Way: 0 Address: 0x203e018
  Set: 14 Way: 1 Address: 0x1d6e12c
  Set: 15 Way: 0 Address: 0x202f400
  Set: 15 Way: 1 Address: 0x203f128
  Set: 15 Way: 2 Address: 0x1d6f23c
EndCache
Cache: LLC
  Set: 9 Way: 0 Address: 0x28a94024c
  Set: 10 Way: 0 Address: 0x28a940280
  Set: 11 Way: 0 Address: 0x28a9402c0
  Set: 12 Way: 0 Address: 0x28a940300
  Set: 13 Way: 0 Address: 0x28a940340
  Set: 14 Way: 0 Address: 0x28a940380
  Set: 15 Way: 0 Address: 0x28a9403c0
  Set: 16 Way: 0 Address: 0x28a940400
  Set: 30 Way: 0 Address: 0x6e620798
  Set: 31 Way: 0 Address: 0x6e6207c0
  Set: 32 Way: 0 Address: 0x6e620800
  Set: 33 Way: 0 Address: 0x6e620840
  Set: 34 Way: 0 Address: 0x6e620880
  Set: 35 Way: 0 Address: 0x6e6208c0
  Set: 36 Way: 0 Address: 0x6e620900
  Set: 37 Way: 0 Address: 0x6e620940
  Set: 45 Way: 0 Address: 0x342b40b70
  Set: 70 Way: 0 Address: 0x181c81188
  Set: 98 Way: 0 Address: 0x2a48418a0
  Set: 99 Way: 0 Address: 0x2a48418c0
  Set: 119 Way: 0 Address: 0xf6e81dc0
  Set: 128 Way: 0 Address: 0x1c84e2018
  Set: 173 Way: 0 Address: 0x1064c2b78
  Set: 200 Way: 0 Address: 0x3b0803238
  Set: 201 Way: 0 Address: 0x3b0803240
  Set: 202 Way: 0 Address: 0x3b0803280
  Set: 203 Way: 0 Address: 0x3b08032c0
  Set: 204 Way: 0 Address: 0x3b0803300
  Set: 205 Way: 0 Address: 0x3b0803340
  Set: 206 Way: 0 Address: 0x3b0803380
  Set: 207 Way: 0 Address: 0x3b08033c0
  Set: 208 Way: 0 Address: 0x3b0803400
  Set: 282 Way: 0 Address: 0x1ab44688
  Set: 283 Way: 0 Address: 0x1ab446c0
  Set: 284 Way: 0 Address: 0x1ab44700
  Set: 285 Way: 0 Address: 0x1ab44740
  Set: 286 Way: 0 Address: 0x1ab44780
  Set: 287 Way: 0 Address: 0x1ab447c0
  Set: 288 Way: 0 Address: 0x1ab44800
  Set: 289 Way: 0 Address: 0x1ab44840
  Set: 327 Way: 0 Address: 0x34a0e51e8
  Set: 337 Way: 0 Address: 0x27258546c
  Set: 338 Way: 0 Address: 0x272585480
  Set: 339 Way: 0 Address: 0x2725854c0
  Set: 340 Way: 0 Address: 0x272585500
  Set: 341 Way: 0 Address: 0x272585540
  Set: 342 Way: 0 Address: 0x272585580
  Set: 343 Way: 0 Address: 0x2725855c0
  Set: 344 Way: 0 Address: 0x272585600
  Set: 384 Way: 0 Address: 0x3dae66000
  Set: 385 Way: 0 Address: 0x3dae66040
  Set: 386 Way: 0 Address: 0x3dae66080
  Set: 387 Way: 0 Address: 0x3dae660fe
  Set: 388 Way: 0 Address: 0x3dae66100
  Set: 389 Way: 0 Address: 0x3dae66140
  Set: 390 Way: 0 Address: 0x3dae66180
  Set: 391 Way: 0 Address: 0x3dae661c0
  Set: 392 Way: 0 Address: 0x3dae66200
  Set: 392 Way: 1 Address: 0x27d4c623c
  Set: 393 Way: 0 Address: 0x27d4c6240
  Set: 394 Way: 0 Address: 0x27d4c6280
  Set: 395 Way: 0 Address: 0x27d4c62c0
  Set: 396 Way: 0 Address: 0x27d4c6300
  Set: 397 Way: 0 Address: 0x27d4c6340
  Set: 398 Way: 0 Address: 0x27d4c6380
  Set: 399 Way: 0 Address: 0x27d4c63c0
  Set: 400 Way: 0 Address: 0x27d4c6400
  Set: 401 Way: 0 Address: 0x27d4c6440
  Set: 419 Way: 0 Address: 0x3d87a68d2
  Set: 420 Way: 0 Address: 0x3d87a6900
  Set: 421 Way: 0 Address: 0x3d87a6940
  Set: 424 Way: 0 Address: 0x3d87a6a32
  Set: 425 Way: 0 Address: 0x3d87a6a62
  Set: 426 Way: 0 Address: 0x3d87a6a80
  Set: 427 Way: 0 Address: 0x3d87a6ac0
  Set: 430 Way: 0 Address: 0x3d87a6b92
  Set: 431 Way: 0 Address: 0x3d87a6bc2
  Set: 432 Way: 0 Address: 0x3d87a6c00
  Set: 435 Way: 0 Address: 0x3d87a6cf6
  Set: 436 Way: 0 Address: 0x3d87a6d28
  Set: 437 Way: 0 Address: 0x3d87a6d40
  Set: 438 Way: 0 Address: 0x3d87a6d80
  Set: 441 Way: 0 Address: 0x3d87a6e52
  Set: 442 Way: 0 Address: 0x3d87a6e86
  Set: 443 Way: 0 Address: 0x3d87a6ec0
  Set: 446 Way: 0 Address: 0x3d87a6fb2
  Set: 447 Way: 0 Address: 0x3d87a6fe2
  Set: 448 Way: 0 Address: 0x3d87a7000
  Set: 479 Way: 0 Address: 0x3098877f8
  Set: 480 Way: 0 Address: 0x309887834
  Set: 481 Way: 0 Address: 0x309887858
  Set: 482 Way: 0 Address: 0x309887884
  Set: 483 Way: 0 Address: 0x3098878c0
  Set: 484 Way: 0 Address: 0x309887900
  Set: 485 Way: 0 Address: 0x30988797c
  Set: 486 Way: 0 Address: 0x309887980
  Set: 487 Way: 0 Address: 0x3098879f8
  Set: 488 Way: 0 Address: 0x309887a00
  Set: 489 Way: 0 Address: 0x309887a40
  Set: 490 Way: 0 Address: 0x309887a80
  Set: 491 Way: 0 Address: 0xbeea7ac8
  Set: 491 Way: 1 Address: 0x309887ac0
  Set: 492 Way: 0 Address: 0x309887b18
  Set: 492 Way: 1 Address: 0xbeea7b00
  Set: 493 Way: 0 Address: 0x309887b40
  Set: 493 Way: 1 Address: 0xbeea7b40
  Set: 494 Way: 0 Address: 0x309887b80
  Set: 494 Way: 1 Address: 0xbeea7b80
  Set: 495 Way: 0 Address: 0x309887bc8
  Set: 495 Way: 1 Address: 0xbeea7bc0
  Set: 496 Way: 0 Address: 0x309887c00
  Set: 496 Way: 1 Address: 0xbeea7c00
  Set: 497 Way: 0 Address: 0x309887c40
  Set: 497 Way: 1 Address: 0xbeea7c40
  Set: 498 Way: 0 Address: 0xbeea7c80
  Set: 578 Way: 0 Address: 0x2ee3690b2
  Set: 579 Way: 0 Address: 0x2ee3690c0
  Set: 580 Way: 0 Address: 0x2ee369100
  Set: 581 Way: 0 Address: 0x2ee369140
  Set: 582 Way: 0 Address: 0x2c8749180
  Set: 583 Way: 0 Address: 0x2c87491e8
  Set: 584 Way: 0 Address: 0x2ee369212
  Set: 585 Way: 0 Address: 0x2ee369240
  Set: 586 Way: 0 Address: 0x2ee369280
  Set: 589 Way: 0 Address: 0x2fa0c935c
  Set: 589 Way: 1 Address: 0x2ee369372
  Set: 590 Way: 0 Address: 0x2ee3693a2
  Set: 590 Way: 1 Address: 0x2fa0c9380
  Set: 591 Way: 0 Address: 0x2ee3693c0
  Set: 591 Way: 1 Address: 0x2fa0c93c0
  Set: 592 Way: 0 Address: 0x2ee369400
  Set: 592 Way: 1 Address: 0x2fa0c9400
  Set: 593 Way: 0 Address: 0x2fa0c9440
  Set: 594 Way: 0 Address: 0x2fa0c9480
  Set: 595 Way: 0 Address: 0x2ee3694d2
  Set: 595 Way: 1 Address: 0x2fa0c94c0
  Set: 596 Way: 0 Address: 0x2ee369502
  Set: 596 Way: 1 Address: 0x2fa0c9500
  Set: 597 Way: 0 Address: 0x2ee369540
  Set: 600 Way: 0 Address: 0x2ee369632
  Set: 601 Way: 0 Address: 0x2ee369666
  Set: 602 Way: 0 Address: 0x2ee369680
  Set: 603 Way: 0 Address: 0x2ee3696c0
  Set: 606 Way: 0 Address: 0x2ee369792
  Set: 607 Way: 0 Address: 0x2ee3697c2
  Set: 608 Way: 0 Address: 0x2ee369800
  Set: 611 Way: 0 Address: 0x2ee3698f2
  Set: 612 Way: 0 Address: 0x2ee369922
  Set: 613 Way: 0 Address: 0x2ee369940
  Set: 614 Way: 0 Address: 0x2ee369980
  Set: 617 Way: 0 Address: 0x2ee369a52
  Set: 618 Way: 0 Address: 0x2ee369a82
  Set: 619 Way: 0 Address: 0x2ee369ac0
  Set: 622 Way: 0 Address: 0x2ee369bb2
  Set: 623 Way: 0 Address: 0x2ee369be2
  Set: 624 Way: 0 Address: 0x2ee369c00
  Set: 625 Way: 0 Address: 0x2ee369c40
  Set: 628 Way: 0 Address: 0x2ee369d12
  Set: 629 Way: 0 Address: 0x2ee369d42
  Set: 630 Way: 0 Address: 0x2ee369d80
  Set: 633 Way: 0 Address: 0x2ee369e72
  Set: 634 Way: 0 Address: 0x2ee369ea0
  Set: 635 Way: 0 Address: 0x2ee369ec0
  Set: 636 Way: 0 Address: 0x2ee369f00
  Set: 639 Way: 0 Address: 0x2ee369fd2
  Set: 640 Way: 0 Address: 0x2ee36a000
  Set: 768 Way: 0 Address: 0x32f48c032
  Set: 769 Way: 0 Address: 0x32f48c040
  Set: 770 Way: 0 Address: 0x29484c080
  Set: 770 Way: 1 Address: 0x32f48c080
  Set: 771 Way: 0 Address: 0x32f48c0c0
  Set: 774 Way: 0 Address: 0x32f48c192
  Set: 775 Way: 0 Address: 0x32f48c1c0
  Set: 776 Way: 0 Address: 0x32f48c200
  Set: 779 Way: 0 Address: 0x32f48c2f2
  Set: 780 Way: 0 Address: 0x32f48c300
  Set: 781 Way: 0 Address: 0x32f48c340
  Set: 782 Way: 0 Address: 0x32f48c380
  Set: 785 Way: 0 Address: 0x32f48c452
  Set: 786 Way: 0 Address: 0x32f48c480
  Set: 787 Way: 0 Address: 0x32f48c4c0
  Set: 790 Way: 0 Address: 0x32f48c5b2
  Set: 791 Way: 0 Address: 0x32f48c5c0
  Set: 792 Way: 0 Address: 0x32f48c600
  Set: 793 Way: 0 Address: 0x32f48c640
  Set: 796 Way: 0 Address: 0x32f48c712
  Set: 797 Way: 0 Address: 0x32f48c740
  Set: 798 Way: 0 Address: 0x32f48c780
  Set: 801 Way: 0 Address: 0x32f48c872
  Set: 802 Way: 0 Address: 0x32f48c880
  Set: 803 Way: 0 Address: 0x32f48c8c0
  Set: 804 Way: 0 Address: 0x32f48c900
  Set: 807 Way: 0 Address: 0x32f48c9d8
  Set: 808 Way: 0 Address: 0x32f48ca00
  Set: 809 Way: 0 Address: 0x32f48ca40
  Set: 812 Way: 0 Address: 0x32f48cb34
  Set: 813 Way: 0 Address: 0x32f48cb40
  Set: 814 Way: 0 Address: 0x32f48cb80
  Set: 815 Way: 0 Address: 0x32f48cbc0
  Set: 818 Way: 0 Address: 0x32f48cc92
  Set: 819 Way: 0 Address: 0x32f48ccc0
  Set: 820 Way: 0 Address: 0x32f48cd00
  Set: 823 Way: 0 Address: 0x32f48cdf4
  Set: 824 Way: 0 Address: 0x32f48ce00
  Set: 825 Way: 0 Address: 0x32f48ce40
  Set: 826 Way: 0 Address: 0x32f48ce80
  Set: 829 Way: 0 Address: 0x32f48cf52
  Set: 830 Way: 0 Address: 0x32f48cf80
  Set: 831 Way: 0 Address: 0x32f48cfc0
  Set: 839 Way: 0 Address: 0x5588d1d8
  Set: 840 Way: 0 Address: 0x5588d200
  Set: 901 Way: 0 Address: 0x3734ee178
  Set: 902 Way: 0 Address: 0x2f5d8e1b0
  Set: 902 Way: 1 Address: 0x3734ee1a0
  Set: 903 Way: 0 Address: 0x3734ee1c0
  Set: 930 Way: 0 Address: 0x1c084e8a8
  Set: 931 Way: 0 Address: 0x1c084e8c0
  Set: 932 Way: 0 Address: 0x1c084e900
  Set: 933 Way: 0 Address: 0x1c084e940
  Set: 934 Way: 0 Address: 0x1c084e980
  Set: 935 Way: 0 Address: 0x1c084e9c0
  Set: 936 Way: 0 Address: 0x1c084ea00
  Set: 937 Way: 0 Address: 0x1c084ea40
  Set: 964 Way: 0 Address: 0x23756f12c
  Set: 965 Way: 0 Address: 0x23756f140
  Set: 966 Way: 0 Address: 0xee86f1a8
  Set: 966 Way: 1 Address: 0x23756f180
  Set: 967 Way: 0 Address: 0x23756f1c0
  Set: 968 Way: 0 Address: 0x23756f200
  Set: 969 Way: 0 Address: 0x23756f240
  Set: 970 Way: 0 Address: 0x23756f280
  Set: 971 Way: 0 Address: 0x23756f2c0
  Set: 972 Way: 0 Address: 0x23756f300
  Set: 1006 Way: 0 Address: 0x16390fbb0
  Set: 1011 Way: 0 Address: 0x22272fce8
  Set: 1012 Way: 0 Address: 0x22272fd00
  Set: 1013 Way: 0 Address: 0x22272fd40
  Set: 1014 Way: 0 Address: 0x143efda8
  Set: 1014 Way: 1 Address: 0x22272fd80
  Set: 1015 Way: 0 Address: 0x143efdc8
  Set: 1015 Way: 1 Address: 0x22272fdc0
  Set: 1016 Way: 0 Address: 0x22272fe00
  Set: 1017 Way: 0 Address: 0x22272fe40
  Set: 1018 Way: 0 Address: 0x22272fe80
  Set: 1024 Way: 0 Address: 0x168ef0000
  Set: 1025 Way: 0 Address: 0x168ef0040
  Set: 1026 Way: 0 Address: 0x168ef0080
  Set: 1027 Way: 0 Address: 0x168ef00c0
  Set: 1031 Way: 0 Address: 0x2177f01f0
  Set: 1079 Way: 0 Address: 0x14bb10df8
  Set: 1080 Way: 0 Address: 0x14bb10e00
  Set: 1081 Way: 0 Address: 0x14bb10e40
  Set: 1082 Way: 0 Address: 0x14bb10e80
  Set: 1083 Way: 0 Address: 0x14bb10ec0
  Set: 1084 Way: 0 Address: 0x14bb10f00
  Set: 1085 Way: 0 Address: 0x14bb10f40
  Set: 1086 Way: 0 Address: 0x14bb10f80
  Set: 1087 Way: 0 Address: 0x14bb10fc0
  Set: 1142 Way: 0 Address: 0x19c791db8
  Set: 1166 Way: 0 Address: 0x9cff2390
  Set: 1167 Way: 0 Address: 0x9cff23c0
  Set: 1168 Way: 0 Address: 0x9cff2410
  Set: 1169 Way: 0 Address: 0x9cff2446
  Set: 1170 Way: 0 Address: 0x9cff2482
  Set: 1171 Way: 0 Address: 0x9cff24c1
  Set: 1172 Way: 0 Address: 0x9cff2501
  Set: 1173 Way: 0 Address: 0x9cff254c
  Set: 1174 Way: 0 Address: 0x9cff2580
  Set: 1175 Way: 0 Address: 0x9cff25c8
  Set: 1176 Way: 0 Address: 0x9cff2600
  Set: 1177 Way: 0 Address: 0x9cff2640
  Set: 1177 Way: 1 Address: 0x1995f2650
  Set: 1178 Way: 0 Address: 0x1995f2680
  Set: 1178 Way: 1 Address: 0x9cff2680
  Set: 1190 Way: 0 Address: 0x133c929b8
  Set: 1191 Way: 0 Address: 0x133c929c0
  Set: 1192 Way: 0 Address: 0x133c92a00
  Set: 1193 Way: 0 Address: 0x133c92a40
  Set: 1194 Way: 0 Address: 0x133c92a80
  Set: 1195 Way: 0 Address: 0x133c92ac0
  Set: 1196 Way: 0 Address: 0x133c92b00
  Set: 1197 Way: 0 Address: 0x133c92b40
  Set: 1198 Way: 0 Address: 0x133c92b80
  Set: 1216 Way: 0 Address: 0x34a873000
  Set: 1217 Way: 0 Address: 0x34a873040
  Set: 1220 Way: 0 Address: 0x3232f3128
  Set: 1220 Way: 1 Address: 0x34a873112
  Set: 1221 Way: 0 Address: 0x34a873142
  Set: 1221 Way: 1 Address: 0x3232f3140
  Set: 1222 Way: 0 Address: 0x2b2e931b0
  Set: 1222 Way: 1 Address: 0x34a873180
  Set: 1222 Way: 2 Address: 0x3232f3180
  Set: 1223 Way: 0 Address: 0x3232f31c0
  Set: 1224 Way: 0 Address: 0x3232f3200
  Set: 1225 Way: 0 Address: 0x34a873272
  Set: 1225 Way: 1 Address: 0x3232f3240
  Set: 1226 Way: 0 Address: 0x34a8732a2
  Set: 1226 Way: 1 Address: 0x3232f3280
  Set: 1227 Way: 0 Address: 0x34a8732c0
  Set: 1227 Way: 1 Address: 0x3232f32c0
  Set: 1228 Way: 0 Address: 0x34a873300
  Set: 1231 Way: 0 Address: 0x34a8733d2
  Set: 1232 Way: 0 Address: 0x34a873402
  Set: 1233 Way: 0 Address: 0x34a873440
  Set: 1236 Way: 0 Address: 0x34a873532
  Set: 1237 Way: 0 Address: 0x34a873562
  Set: 1238 Way: 0 Address: 0x34a873580
  Set: 1239 Way: 0 Address: 0x34a8735c0
  Set: 1242 Way: 0 Address: 0x34a873692
  Set: 1243 Way: 0 Address: 0x34a8736c2
  Set: 1244 Way: 0 Address: 0x34a873700
  Set: 1247 Way: 0 Address: 0x3c56b37f8
  Set: 1247 Way: 1 Address: 0x34a8737f2
  Set: 1248 Way: 0 Address: 0x34a873822
  Set: 1249 Way: 0 Address: 0x34a873840
  Set: 1250 Way: 0 Address: 0x34a873880
  Set: 1253 Way: 0 Address: 0x34a873952
  Set: 1254 Way: 0 Address: 0x34a873984
  Set: 1255 Way: 0 Address: 0x34a8739c0
  Set: 1258 Way: 0 Address: 0x34a873ab2
  Set: 1259 Way: 0 Address: 0x34a873ae8
  Set: 1260 Way: 0 Address: 0x34a873b00
  Set: 1261 Way: 0 Address: 0x34a873b40
  Set: 1264 Way: 0 Address: 0x34a873c12
  Set: 1265 Way: 0 Address: 0x34a873c42
  Set: 1266 Way: 0 Address: 0x34a873c80
  Set: 1269 Way: 0 Address: 0x34a873d72
  Set: 1270 Way: 0 Address: 0x257713da8
  Set: 1270 Way: 1 Address: 0x34a873da2
  Set: 1271 Way: 0 Address: 0x34a873dc0
  Set: 1272 Way: 0 Address: 0x34a873e00
  Set: 1275 Way: 0 Address: 0x34a873ed2
  Set: 1276 Way: 0 Address: 0x34a873f06
  Set: 1277 Way: 0 Address: 0x34a873f40
  Set: 1280 Way: 0 Address: 0x3c1074000
  Set: 1281 Way: 0 Address: 0x3c1074040
  Set: 1284 Way: 0 Address: 0x3c1074132
  Set: 1285 Way: 0 Address: 0x3c1074160
  Set: 1286 Way: 0 Address: 0x3c1074180
  Set: 1287 Way: 0 Address: 0x3c10741c0
  Set: 1290 Way: 0 Address: 0x3c1074294
  Set: 1291 Way: 0 Address: 0x3c10742c0
  Set: 1292 Way: 0 Address: 0x3de4d4300
  Set: 1292 Way: 1 Address: 0x3c1074300
  Set: 1295 Way: 0 Address: 0x3c10743f2
  Set: 1296 Way: 0 Address: 0x3c1074420
  Set: 1297 Way: 0 Address: 0x3c1074440
  Set: 1298 Way: 0 Address: 0x3c1074480
  Set: 1301 Way: 0 Address: 0x3c1074554
  Set: 1302 Way: 0 Address: 0x3c1074582
  Set: 1303 Way: 0 Address: 0x3c10745c0
  Set: 1306 Way: 0 Address: 0x3c10746b2
  Set: 1307 Way: 0 Address: 0x3c10746e0
  Set: 1308 Way: 0 Address: 0x3c1074700
  Set: 1309 Way: 0 Address: 0x3c1074740
  Set: 1312 Way: 0 Address: 0x3c1074812
  Set: 1313 Way: 0 Address: 0x3c1074840
  Set: 1314 Way: 0 Address: 0x3c1074880
  Set: 1317 Way: 0 Address: 0x3c1074972
  Set: 1318 Way: 0 Address: 0x3c1074980
  Set: 1319 Way: 0 Address: 0x3c10749c0
  Set: 1325 Way: 0 Address: 0x129934b78
  Set: 1326 Way: 0 Address: 0x129934b80
  Set: 1344 Way: 0 Address: 0x195f15000
  Set: 1350 Way: 0 Address: 0x354d351a8
  Set: 1350 Way: 1 Address: 0x1b0f15180
  Set: 1352 Way: 0 Address: 0x1b0f15200
  Set: 1415 Way: 0 Address: 0x211d161d0
  Set: 1415 Way: 1 Address: 0x848961c8
  Set: 1471 Way: 0 Address: 0x43736fe8
  Set: 1478 Way: 0 Address: 0x276ff71b8
  Set: 1536 Way: 0 Address: 0x2c9898018
  Set: 1537 Way: 0 Address: 0x2c9898040
  Set: 1538 Way: 0 Address: 0x2015980a0
  Set: 1538 Way: 1 Address: 0x2c9898080
  Set: 1539 Way: 0 Address: 0x2c98980c0
  Set: 1540 Way: 0 Address: 0x2c9898100
  Set: 1541 Way: 0 Address: 0x2c9898140
  Set: 1542 Way: 0 Address: 0x2c9898180
  Set: 1543 Way: 0 Address: 0x2c98981c0
  Set: 1574 Way: 0 Address: 0xc7078980
  Set: 1583 Way: 0 Address: 0x3bdd78bd8
  Set: 1584 Way: 0 Address: 0x3bdd78c00
  Set: 1585 Way: 0 Address: 0x3bdd78c40
  Set: 1586 Way: 0 Address: 0x3bdd78c80
  Set: 1587 Way: 0 Address: 0x3bdd78cc0
  Set: 1588 Way: 0 Address: 0x3bdd78d00
  Set: 1589 Way: 0 Address: 0x3bdd78d40
  Set: 1590 Way: 0 Address: 0x3bdd78d80
  Set: 1644 Way: 0 Address: 0x292959b08
  Set: 1654 Way: 0 Address: 0x312099db0
  Set: 1665 Way: 0 Address: 0x223eda070
  Set: 1672 Way: 0 Address: 0x1d89da208
  Set: 1685 Way: 0 Address: 0xc67da57c
  Set: 1686 Way: 0 Address: 0xc67da580
  Set: 1687 Way: 0 Address: 0xc67da5c0
  Set: 1688 Way: 0 Address: 0xc67da600
  Set: 1689 Way: 0 Address: 0xc67da640
  Set: 1690 Way: 0 Address: 0xc67da680
  Set: 1691 Way: 0 Address: 0xc67da6c0
  Set: 1692 Way: 0 Address: 0xc67da700
  Set: 1693 Way: 0 Address: 0xc67da740
  Set: 1734 Way: 0 Address: 0x394edb1a0
  Set: 1734 Way: 1 Address: 0xcf83b190
  Set: 1735 Way: 0 Address: 0x3b377b1f8
  Set: 1788 Way: 0 Address: 0xc0d9bf08
  Set: 1789 Way: 0 Address: 0xc0d9bf40
  Set: 1790 Way: 0 Address: 0xc0d9bf80
  Set: 1791 Way: 0 Address: 0xc0d9bfc0
  Set: 1792 Way: 0 Address: 0xdf85c000
  Set: 1807 Way: 0 Address: 0x12c6fc3e0
  Set: 1808 Way: 0 Address: 0x12c6fc400
  Set: 1809 Way: 0 Address: 0x12c6fc440
  Set: 1810 Way: 0 Address: 0x12c6fc480
  Set: 1853 Way: 0 Address: 0x38e35cf58
  Set: 1854 Way: 0 Address: 0x38e35cfbc
  Set: 1855 Way: 0 Address: 0x38e35cfe0
  Set: 1856 Way: 0 Address: 0x38e35d000
  Set: 1863 Way: 0 Address: 0x1add1c0
  Set: 1891 Way: 0 Address: 0x23755d8c8
  Set: 1892 Way: 0 Address: 0x23755d900
  Set: 1920 Way: 0 Address: 0x28b67e000
  Set: 1920 Way: 1 Address: 0x1f919e010
  Set: 1921 Way: 0 Address: 0x1f919e070
  Set: 1922 Way: 0 Address: 0x1f919e080
  Set: 1926 Way: 0 Address: 0x20597e198
  Set: 1927 Way: 0 Address: 0x2db79e1e0
  Set: 1951 Way: 0 Address: 0x28b67e7f8
EndCache
