Cache: cpu0_STLB
  Set: 6 Way: 0 Address: 0x406a7e
  Set: 15 Way: 0 Address: 0x40fc70
  Set: 20 Way: 0 Address: 0x7940c0
  Set: 30 Way: 0 Address: 0x279eb8c
  Set: 46 Way: 0 Address: 0x7fd2fa62e478
  Set: 47 Way: 0 Address: 0x7fd2fa62f4f5
  Set: 48 Way: 0 Address: 0x7fd2fa630280
  Set: 62 Way: 0 Address: 0x43e7ea
  Set: 69 Way: 0 Address: 0x7ffedb245294
  Set: 93 Way: 0 Address: 0x275dc34
  Set: 96 Way: 0 Address: 0x2760a60
  Set: 103 Way: 0 Address: 0x21e7de0
  Set: 124 Way: 0 Address: 0x7fd2fa37c470
  Set: 125 Way: 0 Address: 0x7fd2fa37d230
  Set: 126 Way: 0 Address: 0x7fd2fa37e280
EndCache
Cache: cpu0_L2C
  Set: 64 Way: 0 Address: 0x113201030
  Set: 65 Way: 0 Address: 0x113201078
  Set: 65 Way: 1 Address: 0x2a4841078
  Set: 67 Way: 0 Address: 0xf6e810f0
  Set: 68 Way: 0 Address: 0xf6e81138
  Set: 69 Way: 0 Address: 0xf6e81168
  Set: 70 Way: 0 Address: 0xf6e81198
  Set: 71 Way: 0 Address: 0x1132011f0
  Set: 71 Way: 1 Address: 0xf6e811e0
  Set: 72 Way: 0 Address: 0xf6e81228
  Set: 73 Way: 0 Address: 0xf6e81260
  Set: 74 Way: 0 Address: 0xf6e81294
  Set: 135 Way: 0 Address: 0x9cff21f0
  Set: 175 Way: 0 Address: 0x1995f2be8
  Set: 177 Way: 0 Address: 0x1c84e2c70
  Set: 178 Way: 0 Address: 0x1c84e2c81
  Set: 179 Way: 0 Address: 0x1c84e2cd0
  Set: 180 Way: 0 Address: 0x1c84e2d02
  Set: 181 Way: 0 Address: 0x1c84e2d41
  Set: 182 Way: 0 Address: 0x1c84e2d83
  Set: 183 Way: 0 Address: 0x1c84e2dc1
  Set: 183 Way: 1 Address: 0x6d0c2de0
  Set: 184 Way: 0 Address: 0x1c84e2e01
  Set: 185 Way: 0 Address: 0x1c84e2e41
  Set: 186 Way: 0 Address: 0x1c84e2e81
  Set: 187 Way: 0 Address: 0x1c84e2ec2
  Set: 188 Way: 0 Address: 0x1c84e2f04
  Set: 189 Way: 0 Address: 0x1c84e2f43
  Set: 190 Way: 0 Address: 0x1c84e2f81
  Set: 191 Way: 0 Address: 0x1c84e2fc0
  Set: 198 Way: 0 Address: 0x2b2e93180
  Set: 223 Way: 0 Address: 0x263c137f8
  Set: 255 Way: 0 Address: 0x3c56b3fd8
  Set: 258 Way: 0 Address: 0x3de4d4098
  Set: 259 Way: 0 Address: 0x3c10740c0
  Set: 264 Way: 0 Address: 0xb8004228
  Set: 299 Way: 0 Address: 0x397bb4ae8
  Set: 300 Way: 0 Address: 0x397bb4b00
  Set: 304 Way: 0 Address: 0x129934c34
  Set: 305 Way: 0 Address: 0x129934c40
  Set: 320 Way: 0 Address: 0x195f15010
  Set: 322 Way: 0 Address: 0x195f15098
  Set: 337 Way: 0 Address: 0x354d35478
  Set: 338 Way: 0 Address: 0x354d35480
  Set: 339 Way: 0 Address: 0x354d354c0
  Set: 340 Way: 0 Address: 0x354d35500
  Set: 341 Way: 0 Address: 0x354d35540
  Set: 342 Way: 0 Address: 0x354d35580
  Set: 343 Way: 0 Address: 0x354d355c0
  Set: 344 Way: 0 Address: 0x354d35600
  Set: 345 Way: 0 Address: 0x354d35641
  Set: 346 Way: 0 Address: 0x354d35680
  Set: 348 Way: 0 Address: 0x354d35738
  Set: 349 Way: 0 Address: 0x354d35742
  Set: 350 Way: 0 Address: 0x354d35781
  Set: 351 Way: 0 Address: 0x354d357c2
  Set: 352 Way: 0 Address: 0x354d35802
  Set: 353 Way: 0 Address: 0x354d35841
  Set: 354 Way: 0 Address: 0x354d35881
  Set: 355 Way: 0 Address: 0x354d358c0
  Set: 356 Way: 0 Address: 0x354d35902
  Set: 357 Way: 0 Address: 0x354d35940
  Set: 359 Way: 0 Address: 0x354d359f8
  Set: 360 Way: 0 Address: 0x354d35a00
  Set: 361 Way: 0 Address: 0x354d35a40
  Set: 362 Way: 0 Address: 0x354d35a80
  Set: 363 Way: 0 Address: 0x354d35ac0
  Set: 364 Way: 0 Address: 0x354d35b00
  Set: 365 Way: 0 Address: 0x354d35b40
  Set: 366 Way: 0 Address: 0x354d35b82
  Set: 367 Way: 0 Address: 0x354d35bc0
  Set: 368 Way: 0 Address: 0x354d35c00
  Set: 370 Way: 0 Address: 0x354d35cb8
  Set: 371 Way: 0 Address: 0x354d35cc1
  Set: 372 Way: 0 Address: 0x354d35d00
  Set: 373 Way: 0 Address: 0x354d35d40
  Set: 374 Way: 0 Address: 0x354d35d80
  Set: 375 Way: 0 Address: 0x354d35dc0
  Set: 376 Way: 0 Address: 0x354d35e00
  Set: 377 Way: 0 Address: 0x354d35e42
  Set: 378 Way: 0 Address: 0x354d35e80
  Set: 379 Way: 0 Address: 0x354d35ec2
  Set: 381 Way: 0 Address: 0x354d35f78
  Set: 382 Way: 0 Address: 0x354d35f80
  Set: 383 Way: 0 Address: 0x354d35fc1
  Set: 384 Way: 0 Address: 0x3dae66018
  Set: 384 Way: 1 Address: 0x84896000
  Set: 385 Way: 0 Address: 0x84896040
  Set: 386 Way: 0 Address: 0x84896080
  Set: 387 Way: 0 Address: 0x848960c0
  Set: 389 Way: 0 Address: 0x43736178
  Set: 394 Way: 0 Address: 0x84896280
  Set: 395 Way: 0 Address: 0x848962c0
  Set: 396 Way: 0 Address: 0x84896300
  Set: 397 Way: 0 Address: 0x84896340
  Set: 398 Way: 0 Address: 0x84896380
  Set: 405 Way: 0 Address: 0x84896540
  Set: 406 Way: 0 Address: 0x84896580
  Set: 407 Way: 0 Address: 0x848965c0
  Set: 408 Way: 0 Address: 0x84896600
  Set: 409 Way: 0 Address: 0x84896640
  Set: 416 Way: 0 Address: 0x84896800
  Set: 417 Way: 0 Address: 0x84896840
  Set: 418 Way: 0 Address: 0x84896880
  Set: 419 Way: 0 Address: 0x848968c0
  Set: 420 Way: 0 Address: 0x84896900
  Set: 427 Way: 0 Address: 0x84896ac0
  Set: 428 Way: 0 Address: 0x84896b00
  Set: 429 Way: 0 Address: 0x84896b40
  Set: 430 Way: 0 Address: 0x84896b80
  Set: 431 Way: 0 Address: 0x84896bc0
  Set: 438 Way: 0 Address: 0x84896d80
  Set: 439 Way: 0 Address: 0x84896dc0
  Set: 440 Way: 0 Address: 0x84896e00
  Set: 441 Way: 0 Address: 0x84896e40
  Set: 442 Way: 0 Address: 0x84896e80
  Set: 448 Way: 0 Address: 0x276ff7000
  Set: 449 Way: 0 Address: 0x276ff7040
  Set: 450 Way: 0 Address: 0x276ff7080
  Set: 451 Way: 0 Address: 0x276ff70c2
  Set: 458 Way: 0 Address: 0x276ff7280
  Set: 459 Way: 0 Address: 0x276ff72c0
  Set: 460 Way: 0 Address: 0x276ff7300
  Set: 461 Way: 0 Address: 0x276ff7340
  Set: 462 Way: 0 Address: 0x276ff7382
  Set: 469 Way: 0 Address: 0x276ff7540
  Set: 470 Way: 0 Address: 0x276ff7580
  Set: 471 Way: 0 Address: 0x276ff75c1
  Set: 472 Way: 0 Address: 0x276ff7601
  Set: 473 Way: 0 Address: 0x276ff7642
  Set: 480 Way: 0 Address: 0x276ff7800
  Set: 481 Way: 0 Address: 0x276ff7840
  Set: 482 Way: 0 Address: 0x276ff7880
  Set: 483 Way: 0 Address: 0x276ff78c0
  Set: 484 Way: 0 Address: 0x276ff7902
  Set: 491 Way: 0 Address: 0x276ff7ac0
  Set: 492 Way: 0 Address: 0x276ff7b00
  Set: 493 Way: 0 Address: 0x276ff7b40
  Set: 494 Way: 0 Address: 0x276ff7b80
  Set: 495 Way: 0 Address: 0x276ff7bc2
  Set: 502 Way: 0 Address: 0x276ff7d80
  Set: 503 Way: 0 Address: 0x276ff7dc0
  Set: 504 Way: 0 Address: 0x276ff7e00
  Set: 505 Way: 0 Address: 0x276ff7e40
  Set: 506 Way: 0 Address: 0x276ff7e80
  Set: 508 Way: 0 Address: 0x309887f38
  Set: 539 Way: 0 Address: 0x1aafb86c8
  Set: 570 Way: 0 Address: 0x201598e98
  Set: 570 Way: 1 Address: 0xc7078e88
  Set: 576 Way: 0 Address: 0x292959001
  Set: 577 Way: 0 Address: 0x292959041
  Set: 578 Way: 0 Address: 0x292959080
  Set: 579 Way: 0 Address: 0x2929590c1
  Set: 580 Way: 0 Address: 0x292959102
  Set: 581 Way: 0 Address: 0x292959140
  Set: 582 Way: 0 Address: 0x292959182
  Set: 584 Way: 0 Address: 0x292959238
  Set: 585 Way: 0 Address: 0x292959240
  Set: 586 Way: 0 Address: 0x292959280
  Set: 587 Way: 0 Address: 0x2929592c0
  Set: 588 Way: 0 Address: 0x292959300
  Set: 589 Way: 0 Address: 0x292959340
  Set: 590 Way: 0 Address: 0x292959380
  Set: 591 Way: 0 Address: 0x2929593c2
  Set: 592 Way: 0 Address: 0x292959400
  Set: 593 Way: 0 Address: 0x292959442
  Set: 595 Way: 0 Address: 0x2929594f5
  Set: 596 Way: 0 Address: 0x292959500
  Set: 597 Way: 0 Address: 0x292959540
  Set: 598 Way: 0 Address: 0x292959580
  Set: 599 Way: 0 Address: 0x2929595c0
  Set: 600 Way: 0 Address: 0x292959600
  Set: 601 Way: 0 Address: 0x292959640
  Set: 602 Way: 0 Address: 0x292959682
  Set: 603 Way: 0 Address: 0x2929596c0
  Set: 604 Way: 0 Address: 0x292959702
  Set: 606 Way: 0 Address: 0x2929597b0
  Set: 607 Way: 0 Address: 0x2929597c0
  Set: 608 Way: 0 Address: 0x292959800
  Set: 609 Way: 0 Address: 0x292959840
  Set: 610 Way: 0 Address: 0x292959880
  Set: 611 Way: 0 Address: 0x2929598c0
  Set: 612 Way: 0 Address: 0x292959900
  Set: 613 Way: 0 Address: 0x292959942
  Set: 614 Way: 0 Address: 0x292959980
  Set: 615 Way: 0 Address: 0x2929599c2
  Set: 617 Way: 0 Address: 0x292959a40
  Set: 618 Way: 0 Address: 0x292959a80
  Set: 619 Way: 0 Address: 0x292959ac0
  Set: 620 Way: 0 Address: 0x2ee369b00
  Set: 620 Way: 1 Address: 0x292959b00
  Set: 621 Way: 0 Address: 0x292959b40
  Set: 627 Way: 0 Address: 0x2ee369cf0
  Set: 628 Way: 0 Address: 0x292959d00
  Set: 629 Way: 0 Address: 0x292959d41
  Set: 630 Way: 0 Address: 0x292959d81
  Set: 631 Way: 0 Address: 0x292959dc0
  Set: 632 Way: 0 Address: 0x292959e00
  Set: 633 Way: 0 Address: 0x292959e40
  Set: 634 Way: 0 Address: 0x292959e80
  Set: 635 Way: 0 Address: 0x292959ec0
  Set: 636 Way: 0 Address: 0x292959f00
  Set: 637 Way: 0 Address: 0x292959f40
  Set: 639 Way: 0 Address: 0x292959fc0
  Set: 640 Way: 0 Address: 0x229b9a000
  Set: 681 Way: 0 Address: 0x223edaa58
  Set: 709 Way: 0 Address: 0x394edb170
  Set: 710 Way: 0 Address: 0x394edb180
  Set: 768 Way: 0 Address: 0xdf85c000
  Set: 785 Way: 0 Address: 0x12c6fc470
  Set: 786 Way: 0 Address: 0x12c6fc480
  Set: 787 Way: 0 Address: 0x12c6fc4c0
  Set: 788 Way: 0 Address: 0x12c6fc500
  Set: 789 Way: 0 Address: 0x12c6fc540
  Set: 790 Way: 0 Address: 0x12c6fc580
  Set: 791 Way: 0 Address: 0x12c6fc5c0
  Set: 792 Way: 0 Address: 0x12c6fc606
  Set: 793 Way: 0 Address: 0x12c6fc640
  Set: 794 Way: 0 Address: 0x12c6fc686
  Set: 796 Way: 0 Address: 0x12c6fc730
  Set: 797 Way: 0 Address: 0x12c6fc740
  Set: 797 Way: 1 Address: 0x29484c770
  Set: 798 Way: 0 Address: 0x29484c7b0
  Set: 798 Way: 1 Address: 0x12c6fc780
  Set: 799 Way: 0 Address: 0x29484c7ea
  Set: 799 Way: 1 Address: 0x12c6fc7c0
  Set: 800 Way: 0 Address: 0x29484c800
  Set: 800 Way: 1 Address: 0x12c6fc800
  Set: 801 Way: 0 Address: 0x29484c842
  Set: 801 Way: 1 Address: 0x12c6fc840
  Set: 802 Way: 0 Address: 0x12c6fc880
  Set: 803 Way: 0 Address: 0x12c6fc8c0
  Set: 804 Way: 0 Address: 0x12c6fc900
  Set: 805 Way: 0 Address: 0x12c6fc940
  Set: 807 Way: 0 Address: 0x12c6fc9f0
  Set: 808 Way: 0 Address: 0x12c6fca00
  Set: 809 Way: 0 Address: 0x12c6fca40
  Set: 810 Way: 0 Address: 0x12c6fca80
  Set: 811 Way: 0 Address: 0x12c6fcac0
  Set: 812 Way: 0 Address: 0x12c6fcb00
  Set: 813 Way: 0 Address: 0x12c6fcb40
  Set: 814 Way: 0 Address: 0x12c6fcb80
  Set: 815 Way: 0 Address: 0x12c6fcbc0
  Set: 816 Way: 0 Address: 0x12c6fcc00
  Set: 818 Way: 0 Address: 0x12c6fccb0
  Set: 818 Way: 1 Address: 0x38e35cca0
  Set: 819 Way: 0 Address: 0x12c6fccc0
  Set: 820 Way: 0 Address: 0x12c6fcd00
  Set: 821 Way: 0 Address: 0x12c6fcd40
  Set: 822 Way: 0 Address: 0x12c6fcd80
  Set: 823 Way: 0 Address: 0x12c6fcdc0
  Set: 824 Way: 0 Address: 0x12c6fce00
  Set: 825 Way: 0 Address: 0x12c6fce40
  Set: 826 Way: 0 Address: 0x12c6fce80
  Set: 827 Way: 0 Address: 0x12c6fcec0
  Set: 829 Way: 0 Address: 0x12c6fcf70
  Set: 830 Way: 0 Address: 0x12c6fcf80
  Set: 831 Way: 0 Address: 0x12c6fcfc0
  Set: 832 Way: 0 Address: 0x23755d000
  Set: 833 Way: 0 Address: 0x23755d040
  Set: 834 Way: 0 Address: 0x23755d080
  Set: 835 Way: 0 Address: 0x23755d0c0
  Set: 836 Way: 0 Address: 0x23755d100
  Set: 837 Way: 0 Address: 0x23755d140
  Set: 838 Way: 0 Address: 0x23755d180
  Set: 840 Way: 0 Address: 0x23755d230
  Set: 841 Way: 0 Address: 0x23755d240
  Set: 842 Way: 0 Address: 0x23755d280
  Set: 843 Way: 0 Address: 0x23755d2c0
  Set: 844 Way: 0 Address: 0x23755d300
  Set: 845 Way: 0 Address: 0x23755d340
  Set: 846 Way: 0 Address: 0x23755d380
  Set: 847 Way: 0 Address: 0x23755d3c0
  Set: 848 Way: 0 Address: 0x23755d400
  Set: 849 Way: 0 Address: 0x23755d440
  Set: 851 Way: 0 Address: 0x23755d4f0
  Set: 852 Way: 0 Address: 0x23755d500
  Set: 853 Way: 0 Address: 0x23755d540
  Set: 854 Way: 0 Address: 0x23755d580
  Set: 855 Way: 0 Address: 0x23755d5c0
  Set: 856 Way: 0 Address: 0x23755d600
  Set: 857 Way: 0 Address: 0x23755d640
  Set: 858 Way: 0 Address: 0x23755d680
  Set: 859 Way: 0 Address: 0x23755d6c0
  Set: 860 Way: 0 Address: 0x23755d700
  Set: 862 Way: 0 Address: 0x23755d7b0
  Set: 863 Way: 0 Address: 0x23755d7c0
  Set: 864 Way: 0 Address: 0x23755d800
  Set: 865 Way: 0 Address: 0x23755d840
  Set: 866 Way: 0 Address: 0x23755d880
  Set: 867 Way: 0 Address: 0x23755d8c0
  Set: 868 Way: 0 Address: 0x23755d900
  Set: 869 Way: 0 Address: 0x23755d940
  Set: 870 Way: 0 Address: 0x23755d980
  Set: 871 Way: 0 Address: 0x23755d9c0
  Set: 873 Way: 0 Address: 0x23755da40
  Set: 874 Way: 0 Address: 0x23755da80
  Set: 875 Way: 0 Address: 0x23755dac0
  Set: 876 Way: 0 Address: 0x23755db00
  Set: 877 Way: 0 Address: 0x23755db46
  Set: 879 Way: 0 Address: 0x1addbf0
  Set: 884 Way: 0 Address: 0x23755dd00
  Set: 885 Way: 0 Address: 0x23755dd40
  Set: 886 Way: 0 Address: 0x23755dd80
  Set: 887 Way: 0 Address: 0x23755ddc0
  Set: 888 Way: 0 Address: 0x23755de00
  Set: 889 Way: 0 Address: 0x23755de40
  Set: 890 Way: 0 Address: 0x23755de80
  Set: 891 Way: 0 Address: 0x23755dec0
  Set: 892 Way: 0 Address: 0x23755df00
  Set: 893 Way: 0 Address: 0x23755df40
  Set: 895 Way: 0 Address: 0x23755dfc0
  Set: 896 Way: 0 Address: 0x28b67e000
  Set: 896 Way: 1 Address: 0x3734ee018
  Set: 898 Way: 0 Address: 0x3734ee080
  Set: 927 Way: 0 Address: 0x28b67e7f8
  Set: 927 Way: 1 Address: 0x1f919e7e0
  Set: 935 Way: 0 Address: 0x1f919e9e0
  Set: 936 Way: 0 Address: 0x1f919ea03
  Set: 937 Way: 0 Address: 0x1f919ea7e
  Set: 937 Way: 1 Address: 0x2f5d8ea60
  Set: 938 Way: 0 Address: 0x1f919ea81
  Set: 939 Way: 0 Address: 0x1f919eac0
  Set: 1006 Way: 0 Address: 0x143efb8c
  Set: 1007 Way: 0 Address: 0x16390fbe0
  Set: 1007 Way: 1 Address: 0x143efbc0
  Set: 1008 Way: 0 Address: 0x143efc00
  Set: 1009 Way: 0 Address: 0x143efc40
  Set: 1011 Way: 0 Address: 0xee86fcf0
  Set: 1011 Way: 1 Address: 0x143efcc0
  Set: 1012 Way: 0 Address: 0x143efd00
  Set: 1013 Way: 0 Address: 0x143efd40
  Set: 1014 Way: 0 Address: 0x143efd80
EndCache
Cache: cpu0_L1I
  Set: 29 Way: 0 Address: 0x29484c770
  Set: 30 Way: 0 Address: 0x29484c7b0
  Set: 31 Way: 0 Address: 0x29484c7ea
  Set: 31 Way: 1 Address: 0x1f919e7e0
  Set: 32 Way: 0 Address: 0x29484c800
  Set: 33 Way: 0 Address: 0x29484c842
  Set: 39 Way: 0 Address: 0x1f919e9fd
  Set: 40 Way: 0 Address: 0x1f919ea2b
  Set: 41 Way: 0 Address: 0x1f919ea7e
  Set: 42 Way: 0 Address: 0x1f919eaab
  Set: 43 Way: 0 Address: 0x1f919eaec
  Set: 49 Way: 0 Address: 0x1c84e2c70
  Set: 50 Way: 0 Address: 0x1c84e2c81
  Set: 51 Way: 0 Address: 0x1c84e2cf0
  Set: 52 Way: 0 Address: 0x1c84e2d19
  Set: 53 Way: 0 Address: 0x1c84e2d6d
  Set: 54 Way: 0 Address: 0x1c84e2d83
  Set: 55 Way: 0 Address: 0x1c84e2dff
  Set: 56 Way: 0 Address: 0x1c84e2e01
  Set: 57 Way: 0 Address: 0x1c84e2e55
  Set: 58 Way: 0 Address: 0x1c84e2e81
  Set: 59 Way: 0 Address: 0x1c84e2ec2
  Set: 60 Way: 0 Address: 0x1c84e2f04
  Set: 61 Way: 0 Address: 0x1c84e2f62
  Set: 62 Way: 0 Address: 0x1c84e2f99
  Set: 63 Way: 0 Address: 0x1c84e2fc0
EndCache
Cache: cpu0_L1D
  Set: 0 Way: 0 Address: 0xdf85c000
  Set: 0 Way: 1 Address: 0x28b67e000
  Set: 0 Way: 2 Address: 0x229b9a000
  Set: 0 Way: 3 Address: 0x195f15010
  Set: 0 Way: 4 Address: 0x113201030
  Set: 0 Way: 5 Address: 0x3734ee018
  Set: 0 Way: 6 Address: 0x3dae66018
  Set: 0 Way: 7 Address: 0x292959007
  Set: 0 Way: 8 Address: 0x23755d006
  Set: 0 Way: 9 Address: 0x276ff7007
  Set: 0 Way: 10 Address: 0x84896007
  Set: 1 Way: 0 Address: 0x113201078
  Set: 1 Way: 1 Address: 0x2a4841078
  Set: 1 Way: 2 Address: 0x292959047
  Set: 1 Way: 3 Address: 0x23755d046
  Set: 1 Way: 4 Address: 0x276ff7047
  Set: 1 Way: 5 Address: 0x84896040
  Set: 2 Way: 0 Address: 0x195f15098
  Set: 2 Way: 1 Address: 0x3de4d4098
  Set: 2 Way: 2 Address: 0x3734ee080
  Set: 2 Way: 3 Address: 0x292959087
  Set: 2 Way: 4 Address: 0x23755d083
  Set: 2 Way: 5 Address: 0x276ff7087
  Set: 2 Way: 6 Address: 0x84896086
  Set: 3 Way: 0 Address: 0xf6e810fc
  Set: 3 Way: 1 Address: 0x3c10740c0
  Set: 3 Way: 2 Address: 0x2929590c7
  Set: 3 Way: 3 Address: 0x23755d0c6
  Set: 3 Way: 4 Address: 0x276ff70c7
  Set: 3 Way: 5 Address: 0x848960c6
  Set: 4 Way: 0 Address: 0xf6e8112c
  Set: 4 Way: 1 Address: 0x292959107
  Set: 4 Way: 2 Address: 0x23755d103
  Set: 5 Way: 0 Address: 0x43736178
  Set: 5 Way: 1 Address: 0xf6e81168
  Set: 5 Way: 2 Address: 0x394edb170
  Set: 5 Way: 3 Address: 0x292959147
  Set: 5 Way: 4 Address: 0x23755d143
  Set: 6 Way: 0 Address: 0xf6e81198
  Set: 6 Way: 1 Address: 0x292959187
  Set: 6 Way: 2 Address: 0x23755d186
  Set: 6 Way: 3 Address: 0x394edb180
  Set: 6 Way: 4 Address: 0x2b2e93180
  Set: 7 Way: 0 Address: 0x1132011f0
  Set: 7 Way: 1 Address: 0x9cff21f0
  Set: 7 Way: 2 Address: 0xf6e811e0
  Set: 8 Way: 0 Address: 0xb8004228
  Set: 8 Way: 1 Address: 0x23755d237
  Set: 8 Way: 2 Address: 0x29295923f
  Set: 8 Way: 3 Address: 0xf6e81228
  Set: 9 Way: 0 Address: 0xf6e81260
  Set: 9 Way: 1 Address: 0x292959247
  Set: 9 Way: 2 Address: 0x23755d246
  Set: 10 Way: 0 Address: 0xf6e81294
  Set: 10 Way: 1 Address: 0x292959287
  Set: 10 Way: 2 Address: 0x23755d286
  Set: 10 Way: 3 Address: 0x276ff7287
  Set: 10 Way: 4 Address: 0x84896283
  Set: 11 Way: 0 Address: 0x2929592c7
  Set: 11 Way: 1 Address: 0x23755d2c6
  Set: 11 Way: 2 Address: 0x276ff72c7
  Set: 11 Way: 3 Address: 0x848962c0
  Set: 12 Way: 0 Address: 0x292959307
  Set: 12 Way: 1 Address: 0x23755d306
  Set: 12 Way: 2 Address: 0x276ff7307
  Set: 12 Way: 3 Address: 0x84896302
  Set: 13 Way: 0 Address: 0x292959347
  Set: 13 Way: 1 Address: 0x23755d346
  Set: 13 Way: 2 Address: 0x276ff7347
  Set: 13 Way: 3 Address: 0x84896346
  Set: 14 Way: 0 Address: 0x292959387
  Set: 14 Way: 1 Address: 0x23755d383
  Set: 14 Way: 2 Address: 0x276ff7387
  Set: 14 Way: 3 Address: 0x84896386
  Set: 15 Way: 0 Address: 0x2929593c7
  Set: 15 Way: 1 Address: 0x23755d3c3
  Set: 16 Way: 0 Address: 0x292959407
  Set: 16 Way: 1 Address: 0x23755d403
  Set: 17 Way: 0 Address: 0x12c6fc470
  Set: 17 Way: 1 Address: 0x354d3547f
  Set: 17 Way: 2 Address: 0x292959447
  Set: 17 Way: 3 Address: 0x23755d442
  Set: 18 Way: 0 Address: 0x354d35487
  Set: 18 Way: 1 Address: 0x12c6fc483
  Set: 19 Way: 0 Address: 0x2929594f7
  Set: 19 Way: 1 Address: 0x23755d4f7
  Set: 19 Way: 2 Address: 0x354d354c7
  Set: 19 Way: 3 Address: 0x12c6fc4c5
  Set: 20 Way: 0 Address: 0x292959507
  Set: 20 Way: 1 Address: 0x23755d501
  Set: 20 Way: 2 Address: 0x354d35507
  Set: 20 Way: 3 Address: 0x12c6fc505
  Set: 21 Way: 0 Address: 0x292959547
  Set: 21 Way: 1 Address: 0x23755d541
  Set: 21 Way: 2 Address: 0x354d35547
  Set: 21 Way: 3 Address: 0x12c6fc545
  Set: 21 Way: 4 Address: 0x276ff7547
  Set: 21 Way: 5 Address: 0x84896543
  Set: 22 Way: 0 Address: 0x292959587
  Set: 22 Way: 1 Address: 0x23755d581
  Set: 22 Way: 2 Address: 0x354d35587
  Set: 22 Way: 3 Address: 0x12c6fc585
  Set: 22 Way: 4 Address: 0x276ff7587
  Set: 22 Way: 5 Address: 0x84896585
  Set: 23 Way: 0 Address: 0x2929595c7
  Set: 23 Way: 1 Address: 0x23755d5c1
  Set: 23 Way: 2 Address: 0x354d355c7
  Set: 23 Way: 3 Address: 0x12c6fc5c5
  Set: 23 Way: 4 Address: 0x276ff75c7
  Set: 23 Way: 5 Address: 0x848965c3
  Set: 24 Way: 0 Address: 0x292959607
  Set: 24 Way: 1 Address: 0x23755d601
  Set: 24 Way: 2 Address: 0x354d35607
  Set: 24 Way: 3 Address: 0x12c6fc603
  Set: 24 Way: 4 Address: 0x276ff7607
  Set: 24 Way: 5 Address: 0x84896603
  Set: 25 Way: 0 Address: 0x292959647
  Set: 25 Way: 1 Address: 0x23755d640
  Set: 25 Way: 2 Address: 0x354d35647
  Set: 25 Way: 3 Address: 0x12c6fc645
  Set: 25 Way: 4 Address: 0x276ff7647
  Set: 25 Way: 5 Address: 0x84896646
  Set: 26 Way: 0 Address: 0x292959687
  Set: 26 Way: 1 Address: 0x23755d682
  Set: 26 Way: 2 Address: 0x354d35687
  Set: 26 Way: 3 Address: 0x12c6fc683
  Set: 27 Way: 0 Address: 0x1aafb86c8
  Set: 27 Way: 1 Address: 0x2929596c7
  Set: 27 Way: 2 Address: 0x23755d6c0
  Set: 28 Way: 0 Address: 0x12c6fc730
  Set: 28 Way: 1 Address: 0x354d3573f
  Set: 28 Way: 2 Address: 0x292959707
  Set: 28 Way: 3 Address: 0x23755d707
  Set: 29 Way: 0 Address: 0x354d35747
  Set: 29 Way: 1 Address: 0x12c6fc746
  Set: 30 Way: 0 Address: 0x2929597b4
  Set: 30 Way: 1 Address: 0x23755d7b3
  Set: 30 Way: 2 Address: 0x354d35787
  Set: 30 Way: 3 Address: 0x12c6fc780
  Set: 31 Way: 0 Address: 0x28b67e7f8
  Set: 31 Way: 1 Address: 0x263c137f8
  Set: 31 Way: 2 Address: 0x2929597c7
  Set: 31 Way: 3 Address: 0x23755d7c2
  Set: 31 Way: 4 Address: 0x354d357c7
  Set: 31 Way: 5 Address: 0x12c6fc7c6
  Set: 32 Way: 0 Address: 0x292959807
  Set: 32 Way: 1 Address: 0x23755d802
  Set: 32 Way: 2 Address: 0x354d35807
  Set: 32 Way: 3 Address: 0x12c6fc800
  Set: 32 Way: 4 Address: 0x276ff7807
  Set: 32 Way: 5 Address: 0x84896806
  Set: 33 Way: 0 Address: 0x292959847
  Set: 33 Way: 1 Address: 0x23755d842
  Set: 33 Way: 2 Address: 0x354d35847
  Set: 33 Way: 3 Address: 0x12c6fc843
  Set: 33 Way: 4 Address: 0x276ff7847
  Set: 33 Way: 5 Address: 0x84896842
  Set: 34 Way: 0 Address: 0x292959887
  Set: 34 Way: 1 Address: 0x23755d887
  Set: 34 Way: 2 Address: 0x354d35887
  Set: 34 Way: 3 Address: 0x12c6fc880
  Set: 34 Way: 4 Address: 0x276ff7887
  Set: 34 Way: 5 Address: 0x84896883
  Set: 35 Way: 0 Address: 0x2929598c7
  Set: 35 Way: 1 Address: 0x23755d8c2
  Set: 35 Way: 2 Address: 0x354d358c7
  Set: 35 Way: 3 Address: 0x12c6fc8c3
  Set: 35 Way: 4 Address: 0x276ff78c7
  Set: 35 Way: 5 Address: 0x848968c2
  Set: 36 Way: 0 Address: 0x292959907
  Set: 36 Way: 1 Address: 0x23755d902
  Set: 36 Way: 2 Address: 0x354d35907
  Set: 36 Way: 3 Address: 0x12c6fc903
  Set: 36 Way: 4 Address: 0x276ff7907
  Set: 36 Way: 5 Address: 0x84896902
  Set: 37 Way: 0 Address: 0x292959947
  Set: 37 Way: 1 Address: 0x23755d941
  Set: 37 Way: 2 Address: 0x354d35947
  Set: 37 Way: 3 Address: 0x12c6fc940
  Set: 38 Way: 0 Address: 0x292959987
  Set: 38 Way: 1 Address: 0x23755d982
  Set: 39 Way: 0 Address: 0x12c6fc9f0
  Set: 39 Way: 1 Address: 0x354d359ff
  Set: 39 Way: 2 Address: 0x2929599c7
  Set: 39 Way: 3 Address: 0x23755d9c5
  Set: 40 Way: 0 Address: 0x354d35a07
  Set: 40 Way: 1 Address: 0x12c6fca01
  Set: 41 Way: 0 Address: 0x223edaa58
  Set: 41 Way: 1 Address: 0x2f5d8ea60
  Set: 41 Way: 2 Address: 0x354d35a47
  Set: 41 Way: 3 Address: 0x12c6fca46
  Set: 41 Way: 4 Address: 0x292959a47
  Set: 41 Way: 5 Address: 0x23755da43
  Set: 42 Way: 0 Address: 0x354d35a87
  Set: 42 Way: 1 Address: 0x12c6fca81
  Set: 42 Way: 2 Address: 0x292959a87
  Set: 42 Way: 3 Address: 0x23755da85
  Set: 43 Way: 0 Address: 0x397bb4ae8
  Set: 43 Way: 1 Address: 0x354d35ac7
  Set: 43 Way: 2 Address: 0x12c6fcac6
  Set: 43 Way: 3 Address: 0x276ff7ac7
  Set: 43 Way: 4 Address: 0x84896ac1
  Set: 43 Way: 5 Address: 0x292959ac7
  Set: 43 Way: 6 Address: 0x23755dac1
  Set: 44 Way: 0 Address: 0x397bb4b00
  Set: 44 Way: 1 Address: 0x2ee369b00
  Set: 44 Way: 2 Address: 0x354d35b07
  Set: 44 Way: 3 Address: 0x12c6fcb00
  Set: 44 Way: 4 Address: 0x276ff7b07
  Set: 44 Way: 5 Address: 0x84896b07
  Set: 44 Way: 6 Address: 0x292959b07
  Set: 44 Way: 7 Address: 0x23755db01
  Set: 45 Way: 0 Address: 0x354d35b47
  Set: 45 Way: 1 Address: 0x12c6fcb46
  Set: 45 Way: 2 Address: 0x276ff7b47
  Set: 45 Way: 3 Address: 0x84896b47
  Set: 45 Way: 4 Address: 0x292959b47
  Set: 45 Way: 5 Address: 0x23755db43
  Set: 46 Way: 0 Address: 0x143efb8c
  Set: 46 Way: 1 Address: 0x354d35b87
  Set: 46 Way: 2 Address: 0x12c6fcb80
  Set: 46 Way: 3 Address: 0x276ff7b87
  Set: 46 Way: 4 Address: 0x84896b87
  Set: 47 Way: 0 Address: 0x16390fbe0
  Set: 47 Way: 1 Address: 0x1995f2be8
  Set: 47 Way: 2 Address: 0x143efbc0
  Set: 47 Way: 3 Address: 0x354d35bc7
  Set: 47 Way: 4 Address: 0x12c6fcbc0
  Set: 47 Way: 5 Address: 0x1addbf0
  Set: 47 Way: 6 Address: 0x276ff7bc7
  Set: 47 Way: 7 Address: 0x84896bc7
  Set: 48 Way: 0 Address: 0x129934c34
  Set: 48 Way: 1 Address: 0x143efc00
  Set: 48 Way: 2 Address: 0x354d35c07
  Set: 48 Way: 3 Address: 0x12c6fcc01
  Set: 49 Way: 0 Address: 0x129934c40
  Set: 49 Way: 1 Address: 0x143efc40
  Set: 50 Way: 0 Address: 0x12c6fccb0
  Set: 50 Way: 1 Address: 0x38e35cca0
  Set: 50 Way: 2 Address: 0x354d35cbf
  Set: 51 Way: 0 Address: 0x2ee369cf0
  Set: 51 Way: 1 Address: 0xee86fcf0
  Set: 51 Way: 2 Address: 0x354d35cc7
  Set: 51 Way: 3 Address: 0x12c6fccc2
  Set: 51 Way: 4 Address: 0x143efcc0
  Set: 52 Way: 0 Address: 0x354d35d07
  Set: 52 Way: 1 Address: 0x12c6fcd07
  Set: 52 Way: 2 Address: 0x143efd00
  Set: 52 Way: 3 Address: 0x292959d07
  Set: 52 Way: 4 Address: 0x23755dd03
  Set: 53 Way: 0 Address: 0x354d35d47
  Set: 53 Way: 1 Address: 0x12c6fcd47
  Set: 53 Way: 2 Address: 0x143efd40
  Set: 53 Way: 3 Address: 0x292959d47
  Set: 53 Way: 4 Address: 0x23755dd43
  Set: 54 Way: 0 Address: 0x354d35d87
  Set: 54 Way: 1 Address: 0x12c6fcd87
  Set: 54 Way: 2 Address: 0x143efd80
  Set: 54 Way: 3 Address: 0x276ff7d87
  Set: 54 Way: 4 Address: 0x84896d87
  Set: 54 Way: 5 Address: 0x292959d87
  Set: 54 Way: 6 Address: 0x23755dd83
  Set: 55 Way: 0 Address: 0x6d0c2de0
  Set: 55 Way: 1 Address: 0x292959dc0
  Set: 55 Way: 2 Address: 0x23755ddc0
  Set: 55 Way: 3 Address: 0x354d35dc7
  Set: 55 Way: 4 Address: 0x12c6fcdc2
  Set: 55 Way: 5 Address: 0x276ff7dc7
  Set: 55 Way: 6 Address: 0x84896dc7
  Set: 56 Way: 0 Address: 0x292959e00
  Set: 56 Way: 1 Address: 0x23755de00
  Set: 56 Way: 2 Address: 0x354d35e07
  Set: 56 Way: 3 Address: 0x12c6fce07
  Set: 56 Way: 4 Address: 0x276ff7e00
  Set: 56 Way: 5 Address: 0x84896e00
  Set: 57 Way: 0 Address: 0x292959e40
  Set: 57 Way: 1 Address: 0x23755de40
  Set: 57 Way: 2 Address: 0x354d35e47
  Set: 57 Way: 3 Address: 0x12c6fce42
  Set: 57 Way: 4 Address: 0x276ff7e40
  Set: 57 Way: 5 Address: 0x84896e40
  Set: 58 Way: 0 Address: 0x201598e98
  Set: 58 Way: 1 Address: 0xc7078e88
  Set: 58 Way: 2 Address: 0x292959e80
  Set: 58 Way: 3 Address: 0x23755de80
  Set: 58 Way: 4 Address: 0x354d35e87
  Set: 58 Way: 5 Address: 0x12c6fce82
  Set: 58 Way: 6 Address: 0x276ff7e80
  Set: 58 Way: 7 Address: 0x84896e80
  Set: 59 Way: 0 Address: 0x292959ec0
  Set: 59 Way: 1 Address: 0x23755dec0
  Set: 59 Way: 2 Address: 0x354d35ec7
  Set: 59 Way: 3 Address: 0x12c6fcec7
  Set: 60 Way: 0 Address: 0x309887f38
  Set: 60 Way: 1 Address: 0x292959f00
  Set: 60 Way: 2 Address: 0x23755df00
  Set: 61 Way: 0 Address: 0x12c6fcf77
  Set: 61 Way: 1 Address: 0x354d35f7f
  Set: 61 Way: 2 Address: 0x292959f40
  Set: 61 Way: 3 Address: 0x23755df40
  Set: 62 Way: 0 Address: 0x354d35f87
  Set: 62 Way: 1 Address: 0x12c6fcf83
  Set: 63 Way: 0 Address: 0x3c56b3fd8
  Set: 63 Way: 1 Address: 0x23755dfc0
  Set: 63 Way: 2 Address: 0x354d35fc7
  Set: 63 Way: 3 Address: 0x12c6fcfc6
  Set: 63 Way: 4 Address: 0x292959fc7
EndCache
Cache: cpu0_ITLB
  Set: 6 Way: 0 Address: 0x4069fd
  Set: 14 Way: 0 Address: 0x43e800
  Set: 15 Way: 0 Address: 0x40fd41
EndCache
Cache: cpu0_DTLB
  Set: 0 Way: 0 Address: 0x2760a60
  Set: 0 Way: 1 Address: 0x7fd2fa630287
  Set: 4 Way: 0 Address: 0x7940c0
  Set: 5 Way: 0 Address: 0x7ffedb245260
  Set: 7 Way: 0 Address: 0x21e7de0
  Set: 12 Way: 0 Address: 0x7fd2fa37ccb0
  Set: 13 Way: 0 Address: 0x275dc34
  Set: 13 Way: 1 Address: 0x7fd2fa37d4f7
  Set: 14 Way: 0 Address: 0x279eb8c
  Set: 14 Way: 1 Address: 0x7fd2fa62e47f
  Set: 14 Way: 2 Address: 0x7fd2fa37e283
  Set: 15 Way: 0 Address: 0x7fd2fa62f7b4
EndCache
Cache: LLC
  Set: 64 Way: 0 Address: 0x113201030
  Set: 65 Way: 0 Address: 0x113201078
  Set: 65 Way: 1 Address: 0x2a4841078
  Set: 67 Way: 0 Address: 0xf6e810f0
  Set: 68 Way: 0 Address: 0xf6e81138
  Set: 69 Way: 0 Address: 0xf6e81168
  Set: 70 Way: 0 Address: 0xf6e81198
  Set: 71 Way: 0 Address: 0x1132011f0
  Set: 71 Way: 1 Address: 0xf6e811e0
  Set: 72 Way: 0 Address: 0xf6e81228
  Set: 73 Way: 0 Address: 0xf6e81260
  Set: 74 Way: 0 Address: 0xf6e81294
  Set: 177 Way: 0 Address: 0x1c84e2c70
  Set: 178 Way: 0 Address: 0x1c84e2c81
  Set: 179 Way: 0 Address: 0x1c84e2cd0
  Set: 180 Way: 0 Address: 0x1c84e2d02
  Set: 181 Way: 0 Address: 0x1c84e2d41
  Set: 182 Way: 0 Address: 0x1c84e2d83
  Set: 183 Way: 0 Address: 0x1c84e2dc1
  Set: 183 Way: 1 Address: 0x6d0c2de0
  Set: 184 Way: 0 Address: 0x1c84e2e00
  Set: 185 Way: 0 Address: 0x1c84e2e41
  Set: 186 Way: 0 Address: 0x1c84e2e80
  Set: 187 Way: 0 Address: 0x1c84e2ec0
  Set: 188 Way: 0 Address: 0x1c84e2f00
  Set: 189 Way: 0 Address: 0x1c84e2f40
  Set: 190 Way: 0 Address: 0x1c84e2f81
  Set: 191 Way: 0 Address: 0x1c84e2fc0
  Set: 264 Way: 0 Address: 0xb8004228
  Set: 384 Way: 0 Address: 0x3dae66018
  Set: 508 Way: 0 Address: 0x309887f38
  Set: 620 Way: 0 Address: 0x2ee369b00
  Set: 627 Way: 0 Address: 0x2ee369cf0
  Set: 797 Way: 0 Address: 0x29484c770
  Set: 798 Way: 0 Address: 0x29484c7b0
  Set: 799 Way: 0 Address: 0x29484c7ea
  Set: 800 Way: 0 Address: 0x29484c800
  Set: 801 Way: 0 Address: 0x29484c842
  Set: 809 Way: 0 Address: 0x29484ca40
  Set: 896 Way: 0 Address: 0x3734ee018
  Set: 898 Way: 0 Address: 0x3734ee080
  Set: 937 Way: 0 Address: 0x2f5d8ea60
  Set: 982 Way: 0 Address: 0x143ef580
  Set: 1006 Way: 0 Address: 0x143efb8c
  Set: 1007 Way: 0 Address: 0x16390fbe0
  Set: 1007 Way: 1 Address: 0x143efbc0
  Set: 1008 Way: 0 Address: 0x143efc00
  Set: 1009 Way: 0 Address: 0x143efc40
  Set: 1011 Way: 0 Address: 0xee86fcf0
  Set: 1011 Way: 1 Address: 0x143efcc0
  Set: 1012 Way: 0 Address: 0x143efd00
  Set: 1013 Way: 0 Address: 0x143efd40
  Set: 1014 Way: 0 Address: 0x143efd80
  Set: 1159 Way: 0 Address: 0x9cff21f0
  Set: 1199 Way: 0 Address: 0x1995f2be8
  Set: 1222 Way: 0 Address: 0x2b2e93180
  Set: 1247 Way: 0 Address: 0x263c137f8
  Set: 1279 Way: 0 Address: 0x3c56b3fd8
  Set: 1282 Way: 0 Address: 0x3de4d4098
  Set: 1283 Way: 0 Address: 0x3c10740c0
  Set: 1323 Way: 0 Address: 0x397bb4ae8
  Set: 1324 Way: 0 Address: 0x397bb4b00
  Set: 1328 Way: 0 Address: 0x129934c34
  Set: 1329 Way: 0 Address: 0x129934c40
  Set: 1330 Way: 0 Address: 0x129934c80
  Set: 1344 Way: 0 Address: 0x195f15010
  Set: 1346 Way: 0 Address: 0x195f15098
  Set: 1361 Way: 0 Address: 0x354d35478
  Set: 1362 Way: 0 Address: 0x354d35480
  Set: 1363 Way: 0 Address: 0x354d354c0
  Set: 1364 Way: 0 Address: 0x354d35500
  Set: 1365 Way: 0 Address: 0x354d35540
  Set: 1366 Way: 0 Address: 0x354d35580
  Set: 1367 Way: 0 Address: 0x354d355c0
  Set: 1368 Way: 0 Address: 0x354d35600
  Set: 1369 Way: 0 Address: 0x354d35640
  Set: 1370 Way: 0 Address: 0x354d35680
  Set: 1371 Way: 0 Address: 0x354d356c0
  Set: 1372 Way: 0 Address: 0x354d35738
  Set: 1373 Way: 0 Address: 0x354d35742
  Set: 1374 Way: 0 Address: 0x354d35780
  Set: 1375 Way: 0 Address: 0x354d357c0
  Set: 1376 Way: 0 Address: 0x354d35802
  Set: 1377 Way: 0 Address: 0x354d35840
  Set: 1378 Way: 0 Address: 0x354d35881
  Set: 1379 Way: 0 Address: 0x354d358c0
  Set: 1380 Way: 0 Address: 0x354d35902
  Set: 1381 Way: 0 Address: 0x354d35940
  Set: 1382 Way: 0 Address: 0x354d35980
  Set: 1383 Way: 0 Address: 0x354d359c0
  Set: 1384 Way: 0 Address: 0x354d35a00
  Set: 1385 Way: 0 Address: 0x354d35a40
  Set: 1386 Way: 0 Address: 0x354d35a80
  Set: 1387 Way: 0 Address: 0x354d35ac0
  Set: 1388 Way: 0 Address: 0x354d35b00
  Set: 1389 Way: 0 Address: 0x354d35b40
  Set: 1390 Way: 0 Address: 0x354d35b80
  Set: 1391 Way: 0 Address: 0x354d35bc0
  Set: 1392 Way: 0 Address: 0x354d35c00
  Set: 1393 Way: 0 Address: 0x354d35c40
  Set: 1394 Way: 0 Address: 0x354d35cb8
  Set: 1395 Way: 0 Address: 0x354d35cc1
  Set: 1396 Way: 0 Address: 0x354d35d00
  Set: 1397 Way: 0 Address: 0x354d35d40
  Set: 1398 Way: 0 Address: 0x354d35d80
  Set: 1399 Way: 0 Address: 0x354d35dc0
  Set: 1400 Way: 0 Address: 0x354d35e00
  Set: 1401 Way: 0 Address: 0x354d35e42
  Set: 1402 Way: 0 Address: 0x354d35e80
  Set: 1403 Way: 0 Address: 0x354d35ec0
  Set: 1404 Way: 0 Address: 0x354d35f00
  Set: 1405 Way: 0 Address: 0x354d35f78
  Set: 1406 Way: 0 Address: 0x354d35f80
  Set: 1407 Way: 0 Address: 0x354d35fc1
  Set: 1408 Way: 0 Address: 0x84896000
  Set: 1409 Way: 0 Address: 0x84896040
  Set: 1410 Way: 0 Address: 0x84896080
  Set: 1411 Way: 0 Address: 0x848960c0
  Set: 1412 Way: 0 Address: 0x84896100
  Set: 1413 Way: 0 Address: 0x43736178
  Set: 1418 Way: 0 Address: 0x84896280
  Set: 1419 Way: 0 Address: 0x848962c0
  Set: 1420 Way: 0 Address: 0x84896300
  Set: 1421 Way: 0 Address: 0x84896340
  Set: 1422 Way: 0 Address: 0x84896380
  Set: 1423 Way: 0 Address: 0x848963c0
  Set: 1429 Way: 0 Address: 0x84896540
  Set: 1430 Way: 0 Address: 0x84896580
  Set: 1431 Way: 0 Address: 0x848965c0
  Set: 1432 Way: 0 Address: 0x84896600
  Set: 1433 Way: 0 Address: 0x84896640
  Set: 1434 Way: 0 Address: 0x84896680
  Set: 1440 Way: 0 Address: 0x84896800
  Set: 1441 Way: 0 Address: 0x84896840
  Set: 1442 Way: 0 Address: 0x84896880
  Set: 1443 Way: 0 Address: 0x848968c0
  Set: 1444 Way: 0 Address: 0x84896900
  Set: 1451 Way: 0 Address: 0x84896ac0
  Set: 1452 Way: 0 Address: 0x84896b00
  Set: 1453 Way: 0 Address: 0x84896b40
  Set: 1454 Way: 0 Address: 0x84896b80
  Set: 1455 Way: 0 Address: 0x84896bc0
  Set: 1462 Way: 0 Address: 0x84896d80
  Set: 1463 Way: 0 Address: 0x84896dc0
  Set: 1464 Way: 0 Address: 0x84896e00
  Set: 1465 Way: 0 Address: 0x84896e40
  Set: 1466 Way: 0 Address: 0x84896e80
  Set: 1467 Way: 0 Address: 0x84896ec0
  Set: 1472 Way: 0 Address: 0x276ff7000
  Set: 1473 Way: 0 Address: 0x276ff7040
  Set: 1474 Way: 0 Address: 0x276ff7080
  Set: 1475 Way: 0 Address: 0x276ff70c0
  Set: 1476 Way: 0 Address: 0x276ff7100
  Set: 1482 Way: 0 Address: 0x276ff7280
  Set: 1483 Way: 0 Address: 0x276ff72c0
  Set: 1484 Way: 0 Address: 0x276ff7300
  Set: 1485 Way: 0 Address: 0x276ff7340
  Set: 1486 Way: 0 Address: 0x276ff7380
  Set: 1487 Way: 0 Address: 0x276ff73c0
  Set: 1493 Way: 0 Address: 0x276ff7540
  Set: 1494 Way: 0 Address: 0x276ff7580
  Set: 1495 Way: 0 Address: 0x276ff75c0
  Set: 1496 Way: 0 Address: 0x276ff7600
  Set: 1497 Way: 0 Address: 0x276ff7640
  Set: 1498 Way: 0 Address: 0x276ff7680
  Set: 1504 Way: 0 Address: 0x276ff7800
  Set: 1505 Way: 0 Address: 0x276ff7840
  Set: 1506 Way: 0 Address: 0x276ff7880
  Set: 1507 Way: 0 Address: 0x276ff78c0
  Set: 1508 Way: 0 Address: 0x276ff7900
  Set: 1509 Way: 0 Address: 0x276ff7940
  Set: 1515 Way: 0 Address: 0x276ff7ac0
  Set: 1516 Way: 0 Address: 0x276ff7b00
  Set: 1517 Way: 0 Address: 0x276ff7b40
  Set: 1518 Way: 0 Address: 0x276ff7b80
  Set: 1519 Way: 0 Address: 0x276ff7bc2
  Set: 1526 Way: 0 Address: 0x276ff7d80
  Set: 1527 Way: 0 Address: 0x276ff7dc0
  Set: 1528 Way: 0 Address: 0x276ff7e00
  Set: 1529 Way: 0 Address: 0x276ff7e40
  Set: 1530 Way: 0 Address: 0x276ff7e80
  Set: 1531 Way: 0 Address: 0x276ff7ec0
  Set: 1563 Way: 0 Address: 0x1aafb86c8
  Set: 1594 Way: 0 Address: 0x201598e98
  Set: 1594 Way: 1 Address: 0xc7078e88
  Set: 1600 Way: 0 Address: 0x292959001
  Set: 1601 Way: 0 Address: 0x292959041
  Set: 1602 Way: 0 Address: 0x292959080
  Set: 1603 Way: 0 Address: 0x2929590c0
  Set: 1604 Way: 0 Address: 0x292959100
  Set: 1605 Way: 0 Address: 0x292959140
  Set: 1606 Way: 0 Address: 0x292959180
  Set: 1607 Way: 0 Address: 0x2929591c0
  Set: 1608 Way: 0 Address: 0x292959238
  Set: 1609 Way: 0 Address: 0x292959240
  Set: 1610 Way: 0 Address: 0x292959280
  Set: 1611 Way: 0 Address: 0x2929592c0
  Set: 1612 Way: 0 Address: 0x292959300
  Set: 1613 Way: 0 Address: 0x292959340
  Set: 1614 Way: 0 Address: 0x292959380
  Set: 1615 Way: 0 Address: 0x2929593c2
  Set: 1616 Way: 0 Address: 0x292959400
  Set: 1617 Way: 0 Address: 0x292959440
  Set: 1618 Way: 0 Address: 0x292959480
  Set: 1619 Way: 0 Address: 0x2929594f5
  Set: 1620 Way: 0 Address: 0x292959500
  Set: 1621 Way: 0 Address: 0x292959540
  Set: 1622 Way: 0 Address: 0x292959580
  Set: 1623 Way: 0 Address: 0x2929595c0
  Set: 1624 Way: 0 Address: 0x292959600
  Set: 1625 Way: 0 Address: 0x292959640
  Set: 1626 Way: 0 Address: 0x292959680
  Set: 1627 Way: 0 Address: 0x2929596c0
  Set: 1628 Way: 0 Address: 0x292959700
  Set: 1629 Way: 0 Address: 0x292959740
  Set: 1630 Way: 0 Address: 0x2929597b0
  Set: 1631 Way: 0 Address: 0x2929597c0
  Set: 1632 Way: 0 Address: 0x292959800
  Set: 1633 Way: 0 Address: 0x292959840
  Set: 1634 Way: 0 Address: 0x292959880
  Set: 1635 Way: 0 Address: 0x2929598c0
  Set: 1636 Way: 0 Address: 0x292959900
  Set: 1637 Way: 0 Address: 0x292959942
  Set: 1638 Way: 0 Address: 0x292959980
  Set: 1639 Way: 0 Address: 0x2929599c0
  Set: 1640 Way: 0 Address: 0x292959a00
  Set: 1641 Way: 0 Address: 0x292959a40
  Set: 1642 Way: 0 Address: 0x292959a80
  Set: 1643 Way: 0 Address: 0x292959ac0
  Set: 1644 Way: 0 Address: 0x292959b00
  Set: 1645 Way: 0 Address: 0x292959b40
  Set: 1652 Way: 0 Address: 0x292959d00
  Set: 1653 Way: 0 Address: 0x292959d41
  Set: 1654 Way: 0 Address: 0x292959d81
  Set: 1655 Way: 0 Address: 0x292959dc0
  Set: 1656 Way: 0 Address: 0x292959e00
  Set: 1657 Way: 0 Address: 0x292959e40
  Set: 1658 Way: 0 Address: 0x292959e80
  Set: 1659 Way: 0 Address: 0x292959ec0
  Set: 1660 Way: 0 Address: 0x292959f00
  Set: 1661 Way: 0 Address: 0x292959f40
  Set: 1662 Way: 0 Address: 0x292959f80
  Set: 1663 Way: 0 Address: 0x292959fc0
  Set: 1664 Way: 0 Address: 0x229b9a000
  Set: 1705 Way: 0 Address: 0x223edaa58
  Set: 1733 Way: 0 Address: 0x394edb170
  Set: 1734 Way: 0 Address: 0x394edb180
  Set: 1792 Way: 0 Address: 0xdf85c000
  Set: 1809 Way: 0 Address: 0x12c6fc470
  Set: 1810 Way: 0 Address: 0x12c6fc480
  Set: 1811 Way: 0 Address: 0x12c6fc4c0
  Set: 1812 Way: 0 Address: 0x12c6fc500
  Set: 1813 Way: 0 Address: 0x12c6fc540
  Set: 1814 Way: 0 Address: 0x12c6fc580
  Set: 1815 Way: 0 Address: 0x12c6fc5c0
  Set: 1816 Way: 0 Address: 0x12c6fc600
  Set: 1817 Way: 0 Address: 0x12c6fc640
  Set: 1818 Way: 0 Address: 0x12c6fc680
  Set: 1819 Way: 0 Address: 0x12c6fc6c0
  Set: 1820 Way: 0 Address: 0x12c6fc730
  Set: 1821 Way: 0 Address: 0x12c6fc740
  Set: 1822 Way: 0 Address: 0x12c6fc780
  Set: 1823 Way: 0 Address: 0x12c6fc7c0
  Set: 1824 Way: 0 Address: 0x12c6fc800
  Set: 1825 Way: 0 Address: 0x12c6fc840
  Set: 1826 Way: 0 Address: 0x12c6fc880
  Set: 1827 Way: 0 Address: 0x12c6fc8c0
  Set: 1828 Way: 0 Address: 0x12c6fc900
  Set: 1829 Way: 0 Address: 0x12c6fc940
  Set: 1830 Way: 0 Address: 0x12c6fc980
  Set: 1831 Way: 0 Address: 0x12c6fc9f0
  Set: 1832 Way: 0 Address: 0x12c6fca00
  Set: 1833 Way: 0 Address: 0x12c6fca40
  Set: 1834 Way: 0 Address: 0x12c6fca80
  Set: 1835 Way: 0 Address: 0x12c6fcac0
  Set: 1836 Way: 0 Address: 0x12c6fcb00
  Set: 1837 Way: 0 Address: 0x12c6fcb40
  Set: 1838 Way: 0 Address: 0x12c6fcb80
  Set: 1839 Way: 0 Address: 0x12c6fcbc0
  Set: 1840 Way: 0 Address: 0x12c6fcc00
  Set: 1841 Way: 0 Address: 0x12c6fcc40
  Set: 1842 Way: 0 Address: 0x12c6fccb0
  Set: 1842 Way: 1 Address: 0x38e35cca0
  Set: 1843 Way: 0 Address: 0x12c6fccc0
  Set: 1844 Way: 0 Address: 0x12c6fcd00
  Set: 1845 Way: 0 Address: 0x12c6fcd40
  Set: 1846 Way: 0 Address: 0x12c6fcd80
  Set: 1847 Way: 0 Address: 0x12c6fcdc0
  Set: 1848 Way: 0 Address: 0x12c6fce00
  Set: 1849 Way: 0 Address: 0x12c6fce40
  Set: 1850 Way: 0 Address: 0x12c6fce80
  Set: 1851 Way: 0 Address: 0x12c6fcec0
  Set: 1852 Way: 0 Address: 0x12c6fcf00
  Set: 1853 Way: 0 Address: 0x12c6fcf70
  Set: 1854 Way: 0 Address: 0x12c6fcf80
  Set: 1855 Way: 0 Address: 0x12c6fcfc0
  Set: 1856 Way: 0 Address: 0x23755d000
  Set: 1857 Way: 0 Address: 0x23755d040
  Set: 1858 Way: 0 Address: 0x23755d080
  Set: 1859 Way: 0 Address: 0x23755d0c0
  Set: 1860 Way: 0 Address: 0x23755d100
  Set: 1861 Way: 0 Address: 0x23755d140
  Set: 1862 Way: 0 Address: 0x23755d180
  Set: 1863 Way: 0 Address: 0x23755d1c0
  Set: 1864 Way: 0 Address: 0x23755d230
  Set: 1865 Way: 0 Address: 0x23755d240
  Set: 1866 Way: 0 Address: 0x23755d280
  Set: 1867 Way: 0 Address: 0x23755d2c0
  Set: 1868 Way: 0 Address: 0x23755d300
  Set: 1869 Way: 0 Address: 0x23755d340
  Set: 1870 Way: 0 Address: 0x23755d380
  Set: 1871 Way: 0 Address: 0x23755d3c0
  Set: 1872 Way: 0 Address: 0x23755d400
  Set: 1873 Way: 0 Address: 0x23755d440
  Set: 1874 Way: 0 Address: 0x23755d480
  Set: 1875 Way: 0 Address: 0x23755d4f0
  Set: 1876 Way: 0 Address: 0x23755d500
  Set: 1877 Way: 0 Address: 0x23755d540
  Set: 1878 Way: 0 Address: 0x23755d580
  Set: 1879 Way: 0 Address: 0x23755d5c0
  Set: 1880 Way: 0 Address: 0x23755d600
  Set: 1881 Way: 0 Address: 0x23755d640
  Set: 1882 Way: 0 Address: 0x23755d680
  Set: 1883 Way: 0 Address: 0x23755d6c0
  Set: 1884 Way: 0 Address: 0x23755d700
  Set: 1885 Way: 0 Address: 0x23755d740
  Set: 1886 Way: 0 Address: 0x23755d7b0
  Set: 1887 Way: 0 Address: 0x23755d7c0
  Set: 1888 Way: 0 Address: 0x23755d800
  Set: 1889 Way: 0 Address: 0x23755d840
  Set: 1890 Way: 0 Address: 0x23755d880
  Set: 1891 Way: 0 Address: 0x23755d8c0
  Set: 1892 Way: 0 Address: 0x23755d900
  Set: 1893 Way: 0 Address: 0x23755d940
  Set: 1894 Way: 0 Address: 0x23755d980
  Set: 1895 Way: 0 Address: 0x23755d9c0
  Set: 1896 Way: 0 Address: 0x23755da00
  Set: 1897 Way: 0 Address: 0x23755da40
  Set: 1898 Way: 0 Address: 0x23755da80
  Set: 1899 Way: 0 Address: 0x23755dac0
  Set: 1900 Way: 0 Address: 0x23755db00
  Set: 1901 Way: 0 Address: 0x23755db46
  Set: 1903 Way: 0 Address: 0x1addbf0
  Set: 1908 Way: 0 Address: 0x23755dd00
  Set: 1909 Way: 0 Address: 0x23755dd40
  Set: 1910 Way: 0 Address: 0x23755dd80
  Set: 1911 Way: 0 Address: 0x23755ddc0
  Set: 1912 Way: 0 Address: 0x23755de00
  Set: 1913 Way: 0 Address: 0x23755de40
  Set: 1914 Way: 0 Address: 0x23755de80
  Set: 1915 Way: 0 Address: 0x23755dec0
  Set: 1916 Way: 0 Address: 0x23755df00
  Set: 1917 Way: 0 Address: 0x23755df40
  Set: 1918 Way: 0 Address: 0x23755df80
  Set: 1919 Way: 0 Address: 0x23755dfc0
  Set: 1920 Way: 0 Address: 0x28b67e000
  Set: 1951 Way: 0 Address: 0x28b67e7f8
  Set: 1951 Way: 1 Address: 0x1f919e7e0
  Set: 1959 Way: 0 Address: 0x1f919e9e0
  Set: 1960 Way: 0 Address: 0x1f919ea03
  Set: 1961 Way: 0 Address: 0x1f919ea7e
  Set: 1962 Way: 0 Address: 0x1f919ea81
  Set: 1963 Way: 0 Address: 0x1f919eac0
EndCache
