Cache: cpu0_STLB
  Set: 11 Way: 0 Address: 0x70bc24
  Set: 11 Way: 1 Address: 0x40bc3d
  Set: 12 Way: 0 Address: 0x40c610
  Set: 12 Way: 1 Address: 0x70c498
  Set: 13 Way: 0 Address: 0x70d880
  Set: 14 Way: 0 Address: 0x70e974
  Set: 15 Way: 0 Address: 0x70f6d0
  Set: 16 Way: 0 Address: 0x710d80
  Set: 26 Way: 0 Address: 0x41ac73
  Set: 37 Way: 0 Address: 0x1a25898
  Set: 48 Way: 0 Address: 0x1a30fdc
  Set: 88 Way: 0 Address: 0x458d30
  Set: 90 Way: 0 Address: 0x7ffec9ada5f0
  Set: 90 Way: 1 Address: 0x45a1f0
  Set: 91 Way: 0 Address: 0x7ffec9adb2d0
  Set: 92 Way: 0 Address: 0x45c9c0
EndCache
Cache: cpu0_L2C
  Set: 65 Way: 0 Address: 0x113201060
  Set: 67 Way: 0 Address: 0x1132010d0
  Set: 75 Way: 0 Address: 0x1132012e0
  Set: 75 Way: 1 Address: 0x2a48412c0
  Set: 91 Way: 0 Address: 0xf6e816d8
  Set: 132 Way: 0 Address: 0x6d0c2128
  Set: 139 Way: 0 Address: 0x9cff22e0
  Set: 139 Way: 1 Address: 0x1995f22d0
  Set: 180 Way: 0 Address: 0x1c84e2d30
  Set: 181 Way: 0 Address: 0x1c84e2d41
  Set: 182 Way: 0 Address: 0x1c84e2d82
  Set: 183 Way: 0 Address: 0x1c84e2dc0
  Set: 184 Way: 0 Address: 0x1c84e2e0c
  Set: 185 Way: 0 Address: 0x1c84e2e4d
  Set: 196 Way: 0 Address: 0x3c56b3128
  Set: 198 Way: 0 Address: 0x3c56b3180
  Set: 219 Way: 0 Address: 0x2b2e936d0
  Set: 223 Way: 0 Address: 0x263c137f8
  Set: 223 Way: 1 Address: 0x2b2e937f0
  Set: 224 Way: 0 Address: 0x2b2e93800
  Set: 256 Way: 0 Address: 0xb8004018
  Set: 256 Way: 1 Address: 0x397bb4005
  Set: 257 Way: 0 Address: 0x3de4d4060
  Set: 257 Way: 1 Address: 0x397bb4043
  Set: 258 Way: 0 Address: 0x397bb4080
  Set: 259 Way: 0 Address: 0x397bb40c6
  Set: 260 Way: 0 Address: 0x397bb4106
  Set: 261 Way: 0 Address: 0x397bb4141
  Set: 262 Way: 0 Address: 0x397bb4180
  Set: 263 Way: 0 Address: 0x397bb41c4
  Set: 264 Way: 0 Address: 0x397bb4200
  Set: 265 Way: 0 Address: 0x397bb4240
  Set: 266 Way: 0 Address: 0x397bb4281
  Set: 267 Way: 0 Address: 0x397bb42c0
  Set: 268 Way: 0 Address: 0x397bb4300
  Set: 269 Way: 0 Address: 0x397bb434e
  Set: 269 Way: 1 Address: 0x3c107434c
  Set: 270 Way: 0 Address: 0x397bb4382
  Set: 270 Way: 1 Address: 0x3c1074394
  Set: 271 Way: 0 Address: 0x397bb43c7
  Set: 271 Way: 1 Address: 0x3c10743dc
  Set: 272 Way: 0 Address: 0x397bb4402
  Set: 272 Way: 1 Address: 0x3c1074400
  Set: 273 Way: 0 Address: 0x397bb4442
  Set: 273 Way: 1 Address: 0x3c1074448
  Set: 274 Way: 0 Address: 0x397bb4482
  Set: 274 Way: 1 Address: 0x3c10744b4
  Set: 275 Way: 0 Address: 0x397bb44c2
  Set: 275 Way: 1 Address: 0x3c10744d8
  Set: 276 Way: 0 Address: 0x397bb4504
  Set: 276 Way: 1 Address: 0x3c1074518
  Set: 277 Way: 0 Address: 0x397bb4540
  Set: 277 Way: 1 Address: 0x3c1074540
  Set: 278 Way: 0 Address: 0x397bb4584
  Set: 278 Way: 1 Address: 0x3c1074588
  Set: 279 Way: 0 Address: 0x397bb45c1
  Set: 279 Way: 1 Address: 0x3c10745f8
  Set: 280 Way: 0 Address: 0x397bb4610
  Set: 280 Way: 1 Address: 0x3c107461c
  Set: 281 Way: 0 Address: 0x397bb4640
  Set: 281 Way: 1 Address: 0x3c1074640
  Set: 282 Way: 0 Address: 0x397bb4684
  Set: 282 Way: 1 Address: 0x3c1074680
  Set: 283 Way: 0 Address: 0x1299346d0
  Set: 283 Way: 1 Address: 0x397bb46c1
  Set: 283 Way: 2 Address: 0x3c10746cc
  Set: 284 Way: 0 Address: 0x3c107473c
  Set: 284 Way: 1 Address: 0x397bb4704
  Set: 285 Way: 0 Address: 0x3c1074760
  Set: 285 Way: 1 Address: 0x397bb4745
  Set: 286 Way: 0 Address: 0x3c1074784
  Set: 286 Way: 1 Address: 0x397bb4781
  Set: 287 Way: 0 Address: 0x397bb47c3
  Set: 287 Way: 1 Address: 0x3c10747c4
  Set: 288 Way: 0 Address: 0x397bb4806
  Set: 288 Way: 1 Address: 0x3c107480c
  Set: 289 Way: 0 Address: 0x3c1074878
  Set: 289 Way: 1 Address: 0x397bb4842
  Set: 290 Way: 0 Address: 0x3c1074880
  Set: 290 Way: 1 Address: 0x397bb4889
  Set: 291 Way: 0 Address: 0x3c10748c8
  Set: 291 Way: 1 Address: 0x397bb48c5
  Set: 292 Way: 0 Address: 0x397bb4905
  Set: 292 Way: 1 Address: 0x3c1074908
  Set: 293 Way: 0 Address: 0x397bb4941
  Set: 293 Way: 1 Address: 0x3c1074950
  Set: 294 Way: 0 Address: 0x3c10749bc
  Set: 294 Way: 1 Address: 0x397bb4982
  Set: 295 Way: 0 Address: 0x3c10749c4
  Set: 295 Way: 1 Address: 0x397bb49c3
  Set: 296 Way: 0 Address: 0x3c1074a0c
  Set: 296 Way: 1 Address: 0x397bb4a1e
  Set: 297 Way: 0 Address: 0x3c1074a4c
  Set: 298 Way: 0 Address: 0x397bb4a97
  Set: 298 Way: 1 Address: 0x3c1074a98
  Set: 299 Way: 0 Address: 0x397bb4ac7
  Set: 299 Way: 1 Address: 0x3c1074ac0
  Set: 300 Way: 0 Address: 0x3c1074b08
  Set: 301 Way: 0 Address: 0x3c1074b50
  Set: 302 Way: 0 Address: 0x3c1074b94
  Set: 303 Way: 0 Address: 0x3c1074bd8
  Set: 304 Way: 0 Address: 0x3c1074c00
  Set: 305 Way: 0 Address: 0x3c1074c4c
  Set: 306 Way: 0 Address: 0x3c1074c94
  Set: 307 Way: 0 Address: 0x3c1074cd4
  Set: 308 Way: 0 Address: 0x3c1074d00
  Set: 309 Way: 0 Address: 0x3c1074d40
  Set: 310 Way: 0 Address: 0x3c1074d90
  Set: 311 Way: 0 Address: 0x3c1074dd8
  Set: 312 Way: 0 Address: 0x3c1074e18
  Set: 313 Way: 0 Address: 0x3c1074e40
  Set: 314 Way: 0 Address: 0x3c1074e84
  Set: 315 Way: 0 Address: 0x3c1074ed4
  Set: 316 Way: 0 Address: 0x3c1074f1c
  Set: 317 Way: 0 Address: 0x3c1074f40
  Set: 318 Way: 0 Address: 0x3c1074f80
  Set: 319 Way: 0 Address: 0x3c1074fc8
  Set: 320 Way: 0 Address: 0x195f15010
  Set: 321 Way: 0 Address: 0x195f15068
  Set: 352 Way: 0 Address: 0x354d35804
  Set: 374 Way: 0 Address: 0x354d35d80
  Set: 385 Way: 0 Address: 0x84896058
  Set: 407 Way: 0 Address: 0x437365f0
  Set: 408 Way: 0 Address: 0x43736638
  Set: 409 Way: 0 Address: 0x43736678
  Set: 410 Way: 0 Address: 0x437366b8
  Set: 411 Way: 0 Address: 0x437366f8
  Set: 412 Way: 0 Address: 0x43736700
  Set: 417 Way: 0 Address: 0x3dae66870
  Set: 418 Way: 0 Address: 0x3dae66898
  Set: 419 Way: 0 Address: 0x437368f8
  Set: 420 Way: 0 Address: 0x43736920
  Set: 421 Way: 0 Address: 0x43736960
  Set: 422 Way: 0 Address: 0x43736990
  Set: 423 Way: 0 Address: 0x437369c8
  Set: 424 Way: 0 Address: 0x43736a18
  Set: 425 Way: 0 Address: 0x43736a40
  Set: 431 Way: 0 Address: 0x211d16bc8
  Set: 432 Way: 0 Address: 0x211d16c3d
  Set: 433 Way: 0 Address: 0x43736c60
  Set: 433 Way: 1 Address: 0x211d16c43
  Set: 434 Way: 0 Address: 0x43736cb0
  Set: 434 Way: 1 Address: 0x211d16c81
  Set: 435 Way: 0 Address: 0x43736cf0
  Set: 435 Way: 1 Address: 0x211d16cc1
  Set: 436 Way: 0 Address: 0x43736d20
  Set: 436 Way: 1 Address: 0x211d16d06
  Set: 437 Way: 0 Address: 0x43736d70
  Set: 437 Way: 1 Address: 0x211d16d46
  Set: 438 Way: 0 Address: 0x43736d80
  Set: 438 Way: 1 Address: 0x211d16d80
  Set: 439 Way: 0 Address: 0x43736dd0
  Set: 439 Way: 1 Address: 0x211d16dc6
  Set: 440 Way: 0 Address: 0x211d16e06
  Set: 440 Way: 1 Address: 0x43736e00
  Set: 441 Way: 0 Address: 0x211d16e46
  Set: 441 Way: 1 Address: 0x43736e50
  Set: 442 Way: 0 Address: 0x211d16e82
  Set: 442 Way: 1 Address: 0x43736ea0
  Set: 443 Way: 0 Address: 0x211d16ec0
  Set: 443 Way: 1 Address: 0x43736ed0
  Set: 444 Way: 0 Address: 0x211d16f04
  Set: 444 Way: 1 Address: 0x43736f20
  Set: 445 Way: 0 Address: 0x211d16f47
  Set: 445 Way: 1 Address: 0x43736f70
  Set: 446 Way: 0 Address: 0x43736f80
  Set: 446 Way: 1 Address: 0x211d16f81
  Set: 447 Way: 0 Address: 0x211d16fc0
  Set: 481 Way: 0 Address: 0x276ff7870
  Set: 513 Way: 0 Address: 0xc7078058
  Set: 521 Way: 0 Address: 0x201598268
  Set: 523 Way: 0 Address: 0xc70782d0
  Set: 575 Way: 0 Address: 0x1aafb8fdc
  Set: 609 Way: 0 Address: 0x2ee369858
  Set: 640 Way: 0 Address: 0x229b9a000
  Set: 640 Way: 1 Address: 0x1d89da018
  Set: 641 Way: 0 Address: 0x1d89da068
  Set: 703 Way: 0 Address: 0x223edafd8
  Set: 722 Way: 0 Address: 0x394edb498
  Set: 768 Way: 0 Address: 0xdf85c000
  Set: 775 Way: 0 Address: 0x12c6fc1f0
  Set: 776 Way: 0 Address: 0x12c6fc201
  Set: 777 Way: 0 Address: 0x12c6fc242
  Set: 780 Way: 0 Address: 0x12c6fc301
  Set: 781 Way: 0 Address: 0x29484c340
  Set: 782 Way: 0 Address: 0x29484c389
  Set: 783 Way: 0 Address: 0x29484c3c1
  Set: 801 Way: 0 Address: 0x12c6fc85f
  Set: 807 Way: 0 Address: 0x29484c9c0
  Set: 814 Way: 0 Address: 0x38e35cba0
  Set: 816 Way: 0 Address: 0x38e35cc24
  Set: 865 Way: 0 Address: 0x23755d878
  Set: 869 Way: 0 Address: 0x1add974
  Set: 896 Way: 0 Address: 0x28b67e000
  Set: 927 Way: 0 Address: 0x28b67e7f8
  Set: 929 Way: 0 Address: 0x2f5d8e860
  Set: 939 Way: 0 Address: 0x1f919ead0
  Set: 940 Way: 0 Address: 0x1f919eb02
  Set: 941 Way: 0 Address: 0x1f919eb42
  Set: 942 Way: 0 Address: 0x1f919eb81
  Set: 943 Way: 0 Address: 0x1f919ebdf
  Set: 944 Way: 0 Address: 0x1f919ec00
  Set: 945 Way: 0 Address: 0x1f919ec73
  Set: 946 Way: 0 Address: 0x1f919eca8
  Set: 947 Way: 0 Address: 0x1f919ecc2
  Set: 948 Way: 0 Address: 0x1f919ed25
  Set: 949 Way: 0 Address: 0x1f919ed41
  Set: 950 Way: 0 Address: 0x1f919eda8
  Set: 952 Way: 0 Address: 0x1f919ee00
  Set: 953 Way: 0 Address: 0x1f919ee7f
  Set: 954 Way: 0 Address: 0x1f919ee84
  Set: 993 Way: 0 Address: 0xee86f868
  Set: 993 Way: 1 Address: 0x143ef870
  Set: 994 Way: 0 Address: 0x143ef880
EndCache
Cache: cpu0_L1I
  Set: 0 Way: 0 Address: 0x397bb4005
  Set: 1 Way: 0 Address: 0x397bb4070
  Set: 2 Way: 0 Address: 0x397bb409f
  Set: 3 Way: 0 Address: 0x397bb40c6
  Set: 4 Way: 0 Address: 0x397bb4106
  Set: 5 Way: 0 Address: 0x397bb4141
  Set: 6 Way: 0 Address: 0x397bb4180
  Set: 7 Way: 0 Address: 0x12c6fc1fa
  Set: 7 Way: 1 Address: 0x397bb41c4
  Set: 8 Way: 0 Address: 0x12c6fc237
  Set: 8 Way: 1 Address: 0x397bb4200
  Set: 9 Way: 0 Address: 0x12c6fc25b
  Set: 9 Way: 1 Address: 0x397bb4275
  Set: 10 Way: 0 Address: 0x397bb4281
  Set: 11 Way: 0 Address: 0x397bb42c4
  Set: 12 Way: 0 Address: 0x12c6fc327
  Set: 12 Way: 1 Address: 0x397bb4301
  Set: 13 Way: 0 Address: 0x397bb437e
  Set: 13 Way: 1 Address: 0x29484c353
  Set: 14 Way: 0 Address: 0x397bb4382
  Set: 14 Way: 1 Address: 0x29484c389
  Set: 15 Way: 0 Address: 0x397bb43de
  Set: 15 Way: 1 Address: 0x29484c3e2
  Set: 16 Way: 0 Address: 0x397bb440a
  Set: 17 Way: 0 Address: 0x397bb4442
  Set: 18 Way: 0 Address: 0x397bb4482
  Set: 19 Way: 0 Address: 0x397bb44c2
  Set: 20 Way: 0 Address: 0x397bb4504
  Set: 21 Way: 0 Address: 0x397bb4540
  Set: 22 Way: 0 Address: 0x397bb4584
  Set: 23 Way: 0 Address: 0x397bb45c1
  Set: 24 Way: 0 Address: 0x397bb4610
  Set: 25 Way: 0 Address: 0x397bb4640
  Set: 26 Way: 0 Address: 0x397bb46af
  Set: 27 Way: 0 Address: 0x397bb46e6
  Set: 28 Way: 0 Address: 0x397bb4704
  Set: 29 Way: 0 Address: 0x397bb4745
  Set: 30 Way: 0 Address: 0x397bb4781
  Set: 31 Way: 0 Address: 0x397bb47e6
  Set: 32 Way: 0 Address: 0x397bb4806
  Set: 33 Way: 0 Address: 0x12c6fc85f
  Set: 33 Way: 1 Address: 0x397bb486a
  Set: 34 Way: 0 Address: 0x397bb48b5
  Set: 35 Way: 0 Address: 0x397bb48eb
  Set: 36 Way: 0 Address: 0x397bb4905
  Set: 37 Way: 0 Address: 0x397bb4941
  Set: 38 Way: 0 Address: 0x397bb4982
  Set: 39 Way: 0 Address: 0x29484c9e7
  Set: 39 Way: 1 Address: 0x397bb49fb
  Set: 40 Way: 0 Address: 0x397bb4a1e
  Set: 42 Way: 0 Address: 0x397bb4a97
  Set: 43 Way: 0 Address: 0x1f919eaf6
  Set: 43 Way: 1 Address: 0x397bb4ac7
  Set: 44 Way: 0 Address: 0x1f919eb02
  Set: 45 Way: 0 Address: 0x1f919eb71
  Set: 46 Way: 0 Address: 0x1f919eb81
  Set: 47 Way: 0 Address: 0x1f919ebdf
  Set: 47 Way: 1 Address: 0x211d16bc8
  Set: 48 Way: 0 Address: 0x1f919ec00
  Set: 48 Way: 1 Address: 0x211d16c3d
  Set: 49 Way: 0 Address: 0x1f919ec73
  Set: 49 Way: 1 Address: 0x211d16c43
  Set: 50 Way: 0 Address: 0x1f919eca8
  Set: 50 Way: 1 Address: 0x211d16ca7
  Set: 51 Way: 0 Address: 0x1f919ecf0
  Set: 51 Way: 1 Address: 0x211d16cc1
  Set: 52 Way: 0 Address: 0x1f919ed01
  Set: 52 Way: 1 Address: 0x1c84e2d30
  Set: 52 Way: 2 Address: 0x211d16d06
  Set: 53 Way: 0 Address: 0x1f919ed41
  Set: 53 Way: 1 Address: 0x1c84e2d73
  Set: 53 Way: 2 Address: 0x211d16d7d
  Set: 54 Way: 0 Address: 0x1f919eda8
  Set: 54 Way: 1 Address: 0x1c84e2dae
  Set: 54 Way: 2 Address: 0x211d16daa
  Set: 55 Way: 0 Address: 0x1c84e2dfc
  Set: 55 Way: 1 Address: 0x211d16dc6
  Set: 56 Way: 0 Address: 0x1c84e2e0c
  Set: 56 Way: 1 Address: 0x1f919ee00
  Set: 56 Way: 2 Address: 0x211d16e06
  Set: 57 Way: 0 Address: 0x1c84e2e4d
  Set: 57 Way: 1 Address: 0x1f919ee7f
  Set: 57 Way: 2 Address: 0x211d16e75
  Set: 58 Way: 0 Address: 0x1f919ee84
  Set: 58 Way: 1 Address: 0x211d16e98
  Set: 59 Way: 0 Address: 0x211d16ef3
  Set: 60 Way: 0 Address: 0x211d16f04
  Set: 61 Way: 0 Address: 0x211d16f71
  Set: 62 Way: 0 Address: 0x211d16f81
  Set: 63 Way: 0 Address: 0x211d16fc0
EndCache
Cache: cpu0_L1D
  Set: 0 Way: 0 Address: 0xdf85c000
  Set: 0 Way: 1 Address: 0x28b67e000
  Set: 0 Way: 2 Address: 0x229b9a000
  Set: 0 Way: 3 Address: 0x195f15010
  Set: 0 Way: 4 Address: 0x1d89da018
  Set: 0 Way: 5 Address: 0xb8004018
  Set: 1 Way: 0 Address: 0x195f15068
  Set: 1 Way: 1 Address: 0x113201060
  Set: 1 Way: 2 Address: 0x1d89da068
  Set: 1 Way: 3 Address: 0x3de4d4060
  Set: 1 Way: 4 Address: 0xc7078058
  Set: 1 Way: 5 Address: 0x84896058
  Set: 3 Way: 0 Address: 0x1132010d0
  Set: 4 Way: 0 Address: 0x3c56b3128
  Set: 4 Way: 1 Address: 0x6d0c2128
  Set: 6 Way: 0 Address: 0x3c56b3180
  Set: 9 Way: 0 Address: 0x201598268
  Set: 11 Way: 0 Address: 0x1132012c0
  Set: 11 Way: 1 Address: 0x9cff22e0
  Set: 11 Way: 2 Address: 0x2a48412c0
  Set: 11 Way: 3 Address: 0xc70782d0
  Set: 11 Way: 4 Address: 0x1995f22d0
  Set: 13 Way: 0 Address: 0x3c107434c
  Set: 14 Way: 0 Address: 0x3c1074394
  Set: 15 Way: 0 Address: 0x3c10743e4
  Set: 16 Way: 0 Address: 0x3c1074408
  Set: 17 Way: 0 Address: 0x3c1074450
  Set: 18 Way: 0 Address: 0x394edb498
  Set: 18 Way: 1 Address: 0x3c10744b4
  Set: 19 Way: 0 Address: 0x3c10744d8
  Set: 20 Way: 0 Address: 0x3c1074520
  Set: 21 Way: 0 Address: 0x3c1074544
  Set: 22 Way: 0 Address: 0x3c107458c
  Set: 23 Way: 0 Address: 0x437365f8
  Set: 23 Way: 1 Address: 0x3c10745f8
  Set: 24 Way: 0 Address: 0x43736638
  Set: 24 Way: 1 Address: 0x3c107461c
  Set: 25 Way: 0 Address: 0x43736678
  Set: 25 Way: 1 Address: 0x3c1074640
  Set: 26 Way: 0 Address: 0x437366b8
  Set: 26 Way: 1 Address: 0x3c1074684
  Set: 27 Way: 0 Address: 0x1299346d0
  Set: 27 Way: 1 Address: 0x437366f8
  Set: 27 Way: 2 Address: 0xf6e816d8
  Set: 27 Way: 3 Address: 0x2b2e936d0
  Set: 27 Way: 4 Address: 0x3c10746f0
  Set: 28 Way: 0 Address: 0x43736728
  Set: 28 Way: 1 Address: 0x3c107473c
  Set: 29 Way: 0 Address: 0x3c1074760
  Set: 30 Way: 0 Address: 0x3c1074784
  Set: 31 Way: 0 Address: 0x28b67e7f8
  Set: 31 Way: 1 Address: 0x263c137f8
  Set: 31 Way: 2 Address: 0x2b2e937f0
  Set: 31 Way: 3 Address: 0x3c10747c8
  Set: 32 Way: 0 Address: 0x2b2e93800
  Set: 32 Way: 1 Address: 0x354d35804
  Set: 32 Way: 2 Address: 0x3c1074814
  Set: 33 Way: 0 Address: 0x2ee369858
  Set: 33 Way: 1 Address: 0xee86f868
  Set: 33 Way: 2 Address: 0x2f5d8e860
  Set: 33 Way: 3 Address: 0x23755d878
  Set: 33 Way: 4 Address: 0x3dae66870
  Set: 33 Way: 5 Address: 0x143ef870
  Set: 33 Way: 6 Address: 0x276ff7870
  Set: 33 Way: 7 Address: 0x3c1074878
  Set: 34 Way: 0 Address: 0x143ef880
  Set: 34 Way: 1 Address: 0x3dae66898
  Set: 34 Way: 2 Address: 0x3c1074880
  Set: 35 Way: 0 Address: 0x3c10748c8
  Set: 35 Way: 1 Address: 0x437368f8
  Set: 36 Way: 0 Address: 0x43736920
  Set: 36 Way: 1 Address: 0x3c1074908
  Set: 37 Way: 0 Address: 0x43736960
  Set: 37 Way: 1 Address: 0x1add974
  Set: 37 Way: 2 Address: 0x3c1074954
  Set: 38 Way: 0 Address: 0x43736990
  Set: 38 Way: 1 Address: 0x3c10749bc
  Set: 39 Way: 0 Address: 0x437369f8
  Set: 39 Way: 1 Address: 0x3c10749c4
  Set: 40 Way: 0 Address: 0x43736a10
  Set: 40 Way: 1 Address: 0x3c1074a0c
  Set: 41 Way: 0 Address: 0x43736a40
  Set: 41 Way: 1 Address: 0x3c1074a50
  Set: 42 Way: 0 Address: 0x3c1074a94
  Set: 43 Way: 0 Address: 0x3c1074ac0
  Set: 44 Way: 0 Address: 0x3c1074b08
  Set: 45 Way: 0 Address: 0x3c1074b50
  Set: 46 Way: 0 Address: 0x38e35cba0
  Set: 46 Way: 1 Address: 0x3c1074b94
  Set: 47 Way: 0 Address: 0x3c1074bd8
  Set: 48 Way: 0 Address: 0x38e35cc20
  Set: 48 Way: 1 Address: 0x3c1074c04
  Set: 49 Way: 0 Address: 0x3c1074c4c
  Set: 49 Way: 1 Address: 0x43736c58
  Set: 50 Way: 0 Address: 0x3c1074c94
  Set: 50 Way: 1 Address: 0x43736c90
  Set: 51 Way: 0 Address: 0x43736cd0
  Set: 51 Way: 1 Address: 0x3c1074cd4
  Set: 52 Way: 0 Address: 0x43736d20
  Set: 52 Way: 1 Address: 0x3c1074d00
  Set: 53 Way: 0 Address: 0x43736d60
  Set: 53 Way: 1 Address: 0x3c1074d40
  Set: 54 Way: 0 Address: 0x354d35d80
  Set: 54 Way: 1 Address: 0x43736da0
  Set: 54 Way: 2 Address: 0x3c1074d90
  Set: 55 Way: 0 Address: 0x43736dc8
  Set: 55 Way: 1 Address: 0x3c1074dd8
  Set: 56 Way: 0 Address: 0x43736e30
  Set: 56 Way: 1 Address: 0x3c1074e18
  Set: 57 Way: 0 Address: 0x43736e48
  Set: 57 Way: 1 Address: 0x3c1074e40
  Set: 58 Way: 0 Address: 0x43736e80
  Set: 58 Way: 1 Address: 0x3c1074e84
  Set: 59 Way: 0 Address: 0x3c1074ed4
  Set: 59 Way: 1 Address: 0x43736ec8
  Set: 60 Way: 0 Address: 0x3c1074f1c
  Set: 60 Way: 1 Address: 0x43736f00
  Set: 61 Way: 0 Address: 0x43736f40
  Set: 61 Way: 1 Address: 0x3c1074f40
  Set: 62 Way: 0 Address: 0x43736f88
  Set: 62 Way: 1 Address: 0x3c1074f80
  Set: 63 Way: 0 Address: 0x223edafd8
  Set: 63 Way: 1 Address: 0x1aafb8fe1
  Set: 63 Way: 2 Address: 0x3c1074fc8
EndCache
Cache: cpu0_ITLB
  Set: 8 Way: 0 Address: 0x458dae
  Set: 10 Way: 0 Address: 0x41ad01
  Set: 10 Way: 1 Address: 0x45a25b
  Set: 11 Way: 0 Address: 0x40bca7
  Set: 12 Way: 0 Address: 0x40c610
  Set: 12 Way: 1 Address: 0x45c9e7
EndCache
Cache: cpu0_DTLB
  Set: 0 Way: 0 Address: 0x1a30fe1
  Set: 0 Way: 1 Address: 0x710d80
  Set: 5 Way: 0 Address: 0x1a25870
  Set: 10 Way: 0 Address: 0x7ffec9ada638
  Set: 11 Way: 0 Address: 0x7ffec9adb2d0
  Set: 11 Way: 1 Address: 0x70bc20
  Set: 12 Way: 0 Address: 0x70c498
  Set: 13 Way: 0 Address: 0x70d8c8
  Set: 14 Way: 0 Address: 0x70e974
  Set: 15 Way: 0 Address: 0x70f800
EndCache
Cache: LLC
  Set: 65 Way: 0 Address: 0x113201060
  Set: 67 Way: 0 Address: 0x1132010d0
  Set: 75 Way: 0 Address: 0x1132012e0
  Set: 75 Way: 1 Address: 0x2a48412c0
  Set: 91 Way: 0 Address: 0xf6e816d8
  Set: 132 Way: 0 Address: 0x6d0c2128
  Set: 180 Way: 0 Address: 0x1c84e2d30
  Set: 181 Way: 0 Address: 0x1c84e2d41
  Set: 182 Way: 0 Address: 0x1c84e2d82
  Set: 183 Way: 0 Address: 0x1c84e2dc0
  Set: 184 Way: 0 Address: 0x1c84e2e0c
  Set: 185 Way: 0 Address: 0x1c84e2e4d
  Set: 186 Way: 0 Address: 0x1c84e2e80
  Set: 256 Way: 0 Address: 0xb8004018
  Set: 417 Way: 0 Address: 0x3dae66870
  Set: 418 Way: 0 Address: 0x3dae66898
  Set: 609 Way: 0 Address: 0x2ee369858
  Set: 781 Way: 0 Address: 0x29484c340
  Set: 782 Way: 0 Address: 0x29484c389
  Set: 783 Way: 0 Address: 0x29484c3c1
  Set: 807 Way: 0 Address: 0x29484c9c0
  Set: 929 Way: 0 Address: 0x2f5d8e860
  Set: 993 Way: 0 Address: 0xee86f868
  Set: 993 Way: 1 Address: 0x143ef870
  Set: 994 Way: 0 Address: 0x143ef880
  Set: 1163 Way: 0 Address: 0x9cff22e0
  Set: 1163 Way: 1 Address: 0x1995f22d0
  Set: 1220 Way: 0 Address: 0x3c56b3128
  Set: 1222 Way: 0 Address: 0x3c56b3180
  Set: 1243 Way: 0 Address: 0x2b2e936d0
  Set: 1247 Way: 0 Address: 0x263c137f8
  Set: 1247 Way: 1 Address: 0x2b2e937f0
  Set: 1248 Way: 0 Address: 0x2b2e93800
  Set: 1280 Way: 0 Address: 0x397bb4005
  Set: 1281 Way: 0 Address: 0x3de4d4060
  Set: 1281 Way: 1 Address: 0x397bb4043
  Set: 1282 Way: 0 Address: 0x397bb4080
  Set: 1283 Way: 0 Address: 0x397bb40c6
  Set: 1284 Way: 0 Address: 0x397bb4106
  Set: 1285 Way: 0 Address: 0x397bb4141
  Set: 1286 Way: 0 Address: 0x397bb4180
  Set: 1287 Way: 0 Address: 0x397bb41c4
  Set: 1288 Way: 0 Address: 0x397bb4200
  Set: 1289 Way: 0 Address: 0x397bb4240
  Set: 1290 Way: 0 Address: 0x397bb4280
  Set: 1291 Way: 0 Address: 0x397bb42c0
  Set: 1292 Way: 0 Address: 0x397bb4300
  Set: 1293 Way: 0 Address: 0x397bb434e
  Set: 1293 Way: 1 Address: 0x3c107434c
  Set: 1294 Way: 0 Address: 0x397bb4382
  Set: 1294 Way: 1 Address: 0x3c1074394
  Set: 1295 Way: 0 Address: 0x397bb43c7
  Set: 1295 Way: 1 Address: 0x3c10743dc
  Set: 1296 Way: 0 Address: 0x397bb4402
  Set: 1296 Way: 1 Address: 0x3c1074400
  Set: 1297 Way: 0 Address: 0x397bb4442
  Set: 1297 Way: 1 Address: 0x3c1074440
  Set: 1298 Way: 0 Address: 0x397bb4482
  Set: 1298 Way: 1 Address: 0x3c10744b4
  Set: 1299 Way: 0 Address: 0x397bb44c2
  Set: 1299 Way: 1 Address: 0x3c10744d8
  Set: 1300 Way: 0 Address: 0x397bb4504
  Set: 1300 Way: 1 Address: 0x3c1074518
  Set: 1301 Way: 0 Address: 0x397bb4540
  Set: 1301 Way: 1 Address: 0x3c1074540
  Set: 1302 Way: 0 Address: 0x397bb4580
  Set: 1302 Way: 1 Address: 0x3c1074588
  Set: 1303 Way: 0 Address: 0x397bb45c1
  Set: 1303 Way: 1 Address: 0x3c10745f8
  Set: 1304 Way: 0 Address: 0x397bb4610
  Set: 1304 Way: 1 Address: 0x3c107461c
  Set: 1305 Way: 0 Address: 0x397bb4640
  Set: 1305 Way: 1 Address: 0x3c1074640
  Set: 1306 Way: 0 Address: 0x397bb4680
  Set: 1306 Way: 1 Address: 0x3c1074680
  Set: 1307 Way: 0 Address: 0x1299346d0
  Set: 1307 Way: 1 Address: 0x397bb46c1
  Set: 1307 Way: 2 Address: 0x3c10746cc
  Set: 1308 Way: 0 Address: 0x3c107473c
  Set: 1308 Way: 1 Address: 0x397bb4704
  Set: 1309 Way: 0 Address: 0x3c1074760
  Set: 1309 Way: 1 Address: 0x397bb4745
  Set: 1310 Way: 0 Address: 0x3c1074784
  Set: 1310 Way: 1 Address: 0x397bb4781
  Set: 1311 Way: 0 Address: 0x397bb47c3
  Set: 1311 Way: 1 Address: 0x3c10747c4
  Set: 1312 Way: 0 Address: 0x397bb4806
  Set: 1312 Way: 1 Address: 0x3c107480c
  Set: 1313 Way: 0 Address: 0x3c1074878
  Set: 1313 Way: 1 Address: 0x397bb4842
  Set: 1314 Way: 0 Address: 0x3c1074880
  Set: 1314 Way: 1 Address: 0x397bb4880
  Set: 1315 Way: 0 Address: 0x3c10748c8
  Set: 1315 Way: 1 Address: 0x397bb48c5
  Set: 1316 Way: 0 Address: 0x3c1074900
  Set: 1316 Way: 1 Address: 0x397bb4900
  Set: 1317 Way: 0 Address: 0x397bb4940
  Set: 1317 Way: 1 Address: 0x3c1074950
  Set: 1318 Way: 0 Address: 0x3c10749bc
  Set: 1318 Way: 1 Address: 0x397bb4980
  Set: 1319 Way: 0 Address: 0x3c10749c4
  Set: 1319 Way: 1 Address: 0x397bb49c0
  Set: 1320 Way: 0 Address: 0x3c1074a0c
  Set: 1320 Way: 1 Address: 0x397bb4a1e
  Set: 1321 Way: 0 Address: 0x3c1074a4c
  Set: 1322 Way: 0 Address: 0x397bb4a97
  Set: 1322 Way: 1 Address: 0x3c1074a98
  Set: 1323 Way: 0 Address: 0x397bb4ac7
  Set: 1323 Way: 1 Address: 0x3c1074ac0
  Set: 1324 Way: 0 Address: 0x3c1074b08
  Set: 1325 Way: 0 Address: 0x3c1074b50
  Set: 1326 Way: 0 Address: 0x3c1074b94
  Set: 1327 Way: 0 Address: 0x3c1074bd8
  Set: 1328 Way: 0 Address: 0x3c1074c00
  Set: 1329 Way: 0 Address: 0x3c1074c4c
  Set: 1330 Way: 0 Address: 0x3c1074c94
  Set: 1331 Way: 0 Address: 0x3c1074cd4
  Set: 1332 Way: 0 Address: 0x3c1074d00
  Set: 1333 Way: 0 Address: 0x3c1074d40
  Set: 1334 Way: 0 Address: 0x3c1074d90
  Set: 1335 Way: 0 Address: 0x3c1074dd8
  Set: 1336 Way: 0 Address: 0x3c1074e18
  Set: 1337 Way: 0 Address: 0x3c1074e40
  Set: 1338 Way: 0 Address: 0x3c1074e80
  Set: 1339 Way: 0 Address: 0x3c1074ed4
  Set: 1340 Way: 0 Address: 0x3c1074f1c
  Set: 1341 Way: 0 Address: 0x3c1074f40
  Set: 1342 Way: 0 Address: 0x3c1074f80
  Set: 1343 Way: 0 Address: 0x3c1074fc0
  Set: 1344 Way: 0 Address: 0x195f15010
  Set: 1345 Way: 0 Address: 0x195f15068
  Set: 1376 Way: 0 Address: 0x354d35804
  Set: 1398 Way: 0 Address: 0x354d35d80
  Set: 1409 Way: 0 Address: 0x84896058
  Set: 1431 Way: 0 Address: 0x437365f0
  Set: 1432 Way: 0 Address: 0x43736638
  Set: 1433 Way: 0 Address: 0x43736678
  Set: 1434 Way: 0 Address: 0x437366b8
  Set: 1435 Way: 0 Address: 0x437366c0
  Set: 1436 Way: 0 Address: 0x43736700
  Set: 1443 Way: 0 Address: 0x437368f8
  Set: 1444 Way: 0 Address: 0x43736920
  Set: 1445 Way: 0 Address: 0x43736960
  Set: 1446 Way: 0 Address: 0x43736990
  Set: 1447 Way: 0 Address: 0x437369c8
  Set: 1448 Way: 0 Address: 0x43736a18
  Set: 1449 Way: 0 Address: 0x43736a40
  Set: 1455 Way: 0 Address: 0x211d16bc8
  Set: 1456 Way: 0 Address: 0x211d16c3d
  Set: 1457 Way: 0 Address: 0x43736c60
  Set: 1457 Way: 1 Address: 0x211d16c43
  Set: 1458 Way: 0 Address: 0x43736cb0
  Set: 1458 Way: 1 Address: 0x211d16c81
  Set: 1459 Way: 0 Address: 0x43736cf0
  Set: 1459 Way: 1 Address: 0x211d16cc1
  Set: 1460 Way: 0 Address: 0x43736d20
  Set: 1460 Way: 1 Address: 0x211d16d00
  Set: 1461 Way: 0 Address: 0x43736d70
  Set: 1461 Way: 1 Address: 0x211d16d46
  Set: 1462 Way: 0 Address: 0x43736d80
  Set: 1462 Way: 1 Address: 0x211d16d80
  Set: 1463 Way: 0 Address: 0x43736dd0
  Set: 1463 Way: 1 Address: 0x211d16dc6
  Set: 1464 Way: 0 Address: 0x211d16e06
  Set: 1464 Way: 1 Address: 0x43736e00
  Set: 1465 Way: 0 Address: 0x211d16e46
  Set: 1465 Way: 1 Address: 0x43736e50
  Set: 1466 Way: 0 Address: 0x211d16e82
  Set: 1466 Way: 1 Address: 0x43736ea0
  Set: 1467 Way: 0 Address: 0x211d16ec0
  Set: 1467 Way: 1 Address: 0x43736ed0
  Set: 1468 Way: 0 Address: 0x211d16f04
  Set: 1468 Way: 1 Address: 0x43736f20
  Set: 1469 Way: 0 Address: 0x211d16f47
  Set: 1469 Way: 1 Address: 0x43736f70
  Set: 1470 Way: 0 Address: 0x43736f80
  Set: 1470 Way: 1 Address: 0x211d16f81
  Set: 1471 Way: 0 Address: 0x211d16fc0
  Set: 1505 Way: 0 Address: 0x276ff7870
  Set: 1537 Way: 0 Address: 0xc7078058
  Set: 1545 Way: 0 Address: 0x201598268
  Set: 1547 Way: 0 Address: 0xc70782d0
  Set: 1599 Way: 0 Address: 0x1aafb8fdc
  Set: 1664 Way: 0 Address: 0x229b9a000
  Set: 1664 Way: 1 Address: 0x1d89da018
  Set: 1665 Way: 0 Address: 0x1d89da068
  Set: 1727 Way: 0 Address: 0x223edafd8
  Set: 1746 Way: 0 Address: 0x394edb498
  Set: 1792 Way: 0 Address: 0xdf85c000
  Set: 1799 Way: 0 Address: 0x12c6fc1f0
  Set: 1800 Way: 0 Address: 0x12c6fc201
  Set: 1801 Way: 0 Address: 0x12c6fc242
  Set: 1802 Way: 0 Address: 0x12c6fc280
  Set: 1804 Way: 0 Address: 0x12c6fc301
  Set: 1825 Way: 0 Address: 0x12c6fc85f
  Set: 1838 Way: 0 Address: 0x38e35cba0
  Set: 1840 Way: 0 Address: 0x38e35cc24
  Set: 1889 Way: 0 Address: 0x23755d878
  Set: 1893 Way: 0 Address: 0x1add974
  Set: 1920 Way: 0 Address: 0x28b67e000
  Set: 1951 Way: 0 Address: 0x28b67e7f8
  Set: 1963 Way: 0 Address: 0x1f919ead0
  Set: 1964 Way: 0 Address: 0x1f919eb02
  Set: 1965 Way: 0 Address: 0x1f919eb42
  Set: 1966 Way: 0 Address: 0x1f919eb81
  Set: 1967 Way: 0 Address: 0x1f919ebdf
  Set: 1968 Way: 0 Address: 0x1f919ec00
  Set: 1969 Way: 0 Address: 0x1f919ec73
  Set: 1970 Way: 0 Address: 0x1f919eca8
  Set: 1971 Way: 0 Address: 0x1f919ecc2
  Set: 1972 Way: 0 Address: 0x1f919ed25
  Set: 1973 Way: 0 Address: 0x1f919ed41
  Set: 1974 Way: 0 Address: 0x1f919eda8
  Set: 1976 Way: 0 Address: 0x1f919ee00
  Set: 1977 Way: 0 Address: 0x1f919ee7f
  Set: 1978 Way: 0 Address: 0x1f919ee84
  Set: 1979 Way: 0 Address: 0x1f919eec0
EndCache
