Cache: cpu0_STLB
  Set: 20 Way: 0 Address: 0x1814394
  Set: 22 Way: 0 Address: 0x1796c04
  Set: 23 Way: 0 Address: 0x17974b8
  Set: 25 Way: 0 Address: 0x1799a5c
  Set: 31 Way: 0 Address: 0x499ff10
  Set: 37 Way: 0 Address: 0x1625eb0
  Set: 38 Way: 0 Address: 0x1626534
  Set: 42 Way: 0 Address: 0x4caa5c4
  Set: 43 Way: 0 Address: 0x13abb30
  Set: 44 Way: 0 Address: 0x13ac1ab
  Set: 45 Way: 0 Address: 0x49ad870
  Set: 46 Way: 0 Address: 0x4d2ef90
  Set: 47 Way: 0 Address: 0x4d2f7dc
  Set: 48 Way: 0 Address: 0x13b0e6c
  Set: 48 Way: 1 Address: 0x4d3028c
  Set: 49 Way: 0 Address: 0x13b1008
  Set: 50 Way: 0 Address: 0x13b2095
  Set: 56 Way: 0 Address: 0x17b88fc
  Set: 59 Way: 0 Address: 0x4cbbd84
  Set: 68 Way: 0 Address: 0x1b44e58
  Set: 79 Way: 0 Address: 0x49cf7e4
  Set: 80 Way: 0 Address: 0x4a50970
  Set: 83 Way: 0 Address: 0x1853b00
  Set: 90 Way: 0 Address: 0x17da304
  Set: 90 Way: 1 Address: 0x705ad20
  Set: 93 Way: 0 Address: 0x16dd704
  Set: 93 Way: 1 Address: 0x49dd140
  Set: 95 Way: 0 Address: 0x16dfa54
  Set: 97 Way: 0 Address: 0x17e1814
  Set: 99 Way: 0 Address: 0x16e38a4
  Set: 102 Way: 0 Address: 0x1766950
  Set: 103 Way: 0 Address: 0x16e77c8
  Set: 103 Way: 1 Address: 0x17674c0
  Set: 106 Way: 0 Address: 0x4cea780
  Set: 109 Way: 0 Address: 0x17ed51c
  Set: 112 Way: 0 Address: 0x4cf04c0
  Set: 114 Way: 0 Address: 0x15f2450
  Set: 115 Way: 0 Address: 0x15f3c9b
  Set: 115 Way: 1 Address: 0x7ffe2a6734f0
EndCache
Cache: cpu0_L2C
  Set: 23 Way: 0 Address: 0x28a9405c4
  Set: 30 Way: 0 Address: 0x14bb10780
  Set: 37 Way: 0 Address: 0x342b40970
  Set: 38 Way: 0 Address: 0x14bb10980
  Set: 53 Way: 0 Address: 0x6e620d68
  Set: 53 Way: 1 Address: 0x168ef0d58
  Set: 59 Way: 0 Address: 0x6e620ee8
  Set: 60 Way: 0 Address: 0x2177f0f10
  Set: 68 Way: 0 Address: 0x113201130
  Set: 92 Way: 0 Address: 0x113201738
  Set: 93 Way: 0 Address: 0x181c81750
  Set: 95 Way: 0 Address: 0x19c7917e4
  Set: 100 Way: 0 Address: 0xf6e81900
  Set: 101 Way: 0 Address: 0xf6e81940
  Set: 101 Way: 1 Address: 0x181c81978
  Set: 102 Way: 0 Address: 0xf6e81980
  Set: 103 Way: 0 Address: 0xf6e819c0
  Set: 106 Way: 0 Address: 0xf6e81aa8
  Set: 107 Way: 0 Address: 0xf6e81acc
  Set: 108 Way: 0 Address: 0xf6e81b00
  Set: 114 Way: 0 Address: 0x113201cb8
  Set: 114 Way: 1 Address: 0x2a4841cb8
  Set: 119 Way: 0 Address: 0x113201dc0
  Set: 125 Way: 0 Address: 0x113201f68
  Set: 126 Way: 0 Address: 0x260091f90
  Set: 130 Way: 0 Address: 0x1c84e20a0
  Set: 130 Way: 1 Address: 0x31be120a0
  Set: 132 Way: 0 Address: 0x9cff2128
  Set: 132 Way: 1 Address: 0x133c92128
  Set: 135 Way: 0 Address: 0x133c921c0
  Set: 138 Way: 0 Address: 0x1c84e2298
  Set: 169 Way: 0 Address: 0x1064c2a54
  Set: 170 Way: 0 Address: 0x6d0c2a98
  Set: 172 Way: 0 Address: 0x62d12b30
  Set: 173 Way: 0 Address: 0x62d12b41
  Set: 174 Way: 0 Address: 0x62d12b82
  Set: 175 Way: 0 Address: 0x62d12bc2
  Set: 176 Way: 0 Address: 0x62d12c02
  Set: 177 Way: 0 Address: 0x62d12c42
  Set: 178 Way: 0 Address: 0x62d12c82
  Set: 179 Way: 0 Address: 0x62d12cc4
  Set: 180 Way: 0 Address: 0x62d12d02
  Set: 181 Way: 0 Address: 0x62d12d46
  Set: 182 Way: 0 Address: 0x1995f2d80
  Set: 182 Way: 1 Address: 0x62d12d84
  Set: 183 Way: 0 Address: 0x62d12dc1
  Set: 184 Way: 0 Address: 0x62d12e00
  Set: 185 Way: 0 Address: 0x62d12e45
  Set: 186 Way: 0 Address: 0x62d12e81
  Set: 187 Way: 0 Address: 0x62d12ec2
  Set: 188 Way: 0 Address: 0x62d12f01
  Set: 189 Way: 0 Address: 0x62d12f42
  Set: 190 Way: 0 Address: 0x62d12f80
  Set: 191 Way: 0 Address: 0x62d12fc1
  Set: 193 Way: 0 Address: 0x263c13060
  Set: 219 Way: 0 Address: 0x3232f36f8
  Set: 242 Way: 0 Address: 0x3b0803cb0
  Set: 242 Way: 1 Address: 0x257713cb0
  Set: 243 Way: 0 Address: 0x257713cc8
  Set: 246 Way: 0 Address: 0x2b2e93d88
  Set: 247 Way: 0 Address: 0x3c56b3dc0
  Set: 249 Way: 0 Address: 0x34a873e78
  Set: 251 Way: 0 Address: 0x34a873ee8
  Set: 252 Way: 0 Address: 0x3232f3f08
  Set: 252 Way: 1 Address: 0x3b0803f08
  Set: 257 Way: 0 Address: 0x3de4d4048
  Set: 257 Way: 1 Address: 0x6b744068
  Set: 260 Way: 0 Address: 0x3de4d4130
  Set: 263 Way: 0 Address: 0x3de4d41c0
  Set: 275 Way: 0 Address: 0x3c10744f0
  Set: 276 Way: 0 Address: 0xb800451c
  Set: 276 Way: 1 Address: 0x3c1074500
  Set: 277 Way: 0 Address: 0x3c1074564
  Set: 278 Way: 0 Address: 0x3c1074588
  Set: 279 Way: 0 Address: 0x3c10745c0
  Set: 280 Way: 0 Address: 0x3c1074600
  Set: 281 Way: 0 Address: 0x3c1074640
  Set: 282 Way: 0 Address: 0x3c1074680
  Set: 283 Way: 0 Address: 0x397bb46e8
  Set: 283 Way: 1 Address: 0x3c10746c0
  Set: 284 Way: 0 Address: 0x397bb4738
  Set: 284 Way: 1 Address: 0x3c1074720
  Set: 285 Way: 0 Address: 0x3c1074750
  Set: 286 Way: 0 Address: 0x3c10747b8
  Set: 287 Way: 0 Address: 0x3c10747f0
  Set: 288 Way: 0 Address: 0x3c1074810
  Set: 289 Way: 0 Address: 0x3c1074870
  Set: 290 Way: 0 Address: 0x3c1074890
  Set: 295 Way: 0 Address: 0x3c10749c0
  Set: 297 Way: 0 Address: 0x3c1074a40
  Set: 299 Way: 0 Address: 0x3c1074ac0
  Set: 300 Way: 0 Address: 0x397bb4b38
  Set: 301 Way: 0 Address: 0x3c1074b40
  Set: 314 Way: 0 Address: 0x129934eb0
  Set: 315 Way: 0 Address: 0x129934ee8
  Set: 315 Way: 1 Address: 0x397bb4ed0
  Set: 316 Way: 0 Address: 0x129934f01
  Set: 317 Way: 0 Address: 0x129934f60
  Set: 318 Way: 0 Address: 0x129934f82
  Set: 319 Way: 0 Address: 0x129934fc0
  Set: 320 Way: 0 Address: 0x1b0f15005
  Set: 321 Way: 0 Address: 0x195f15058
  Set: 321 Way: 1 Address: 0x1b0f15040
  Set: 322 Way: 0 Address: 0x1b0f15095
  Set: 323 Way: 0 Address: 0x1b0f150c2
  Set: 324 Way: 0 Address: 0x1b0f15102
  Set: 325 Way: 0 Address: 0x1b0f15140
  Set: 326 Way: 0 Address: 0x1b0f15180
  Set: 327 Way: 0 Address: 0x1b0f151c8
  Set: 328 Way: 0 Address: 0x1b0f15201
  Set: 329 Way: 0 Address: 0x1b0f15242
  Set: 330 Way: 0 Address: 0x1b0f15280
  Set: 331 Way: 0 Address: 0x1b0f152c1
  Set: 332 Way: 0 Address: 0x354d35304
  Set: 332 Way: 1 Address: 0x1b0f15302
  Set: 333 Way: 0 Address: 0x1b0f15341
  Set: 334 Way: 0 Address: 0x1b0f15382
  Set: 335 Way: 0 Address: 0x1b0f153c3
  Set: 336 Way: 0 Address: 0x1b0f15404
  Set: 337 Way: 0 Address: 0x1b0f15443
  Set: 338 Way: 0 Address: 0x1b0f15484
  Set: 340 Way: 0 Address: 0x1b0f1553b
  Set: 341 Way: 0 Address: 0x1b0f15543
  Set: 341 Way: 1 Address: 0x272585550
  Set: 343 Way: 0 Address: 0x2725855d8
  Set: 343 Way: 1 Address: 0x34a0e55d8
  Set: 357 Way: 0 Address: 0x272585970
  Set: 361 Way: 0 Address: 0x34a0e5a5c
  Set: 384 Way: 0 Address: 0x84896008
  Set: 385 Way: 0 Address: 0x84896040
  Set: 386 Way: 0 Address: 0x84896080
  Set: 387 Way: 0 Address: 0x848960c5
  Set: 388 Way: 0 Address: 0x211d16130
  Set: 388 Way: 1 Address: 0x84896102
  Set: 389 Way: 0 Address: 0x84896140
  Set: 390 Way: 0 Address: 0x84896180
  Set: 391 Way: 0 Address: 0x848961c0
  Set: 392 Way: 0 Address: 0x84896204
  Set: 393 Way: 0 Address: 0x84896240
  Set: 394 Way: 0 Address: 0x84896283
  Set: 395 Way: 0 Address: 0x848962c5
  Set: 396 Way: 0 Address: 0x84896300
  Set: 397 Way: 0 Address: 0x84896340
  Set: 398 Way: 0 Address: 0x84896382
  Set: 399 Way: 0 Address: 0x848963c1
  Set: 400 Way: 0 Address: 0x84896400
  Set: 401 Way: 0 Address: 0x84896440
  Set: 402 Way: 0 Address: 0x437364b8
  Set: 402 Way: 1 Address: 0x84896483
  Set: 403 Way: 0 Address: 0x3d87a64c0
  Set: 403 Way: 1 Address: 0x848964c2
  Set: 404 Way: 0 Address: 0x84896504
  Set: 405 Way: 0 Address: 0x84896540
  Set: 406 Way: 0 Address: 0x84896580
  Set: 407 Way: 0 Address: 0x848965c0
  Set: 408 Way: 0 Address: 0x84896601
  Set: 409 Way: 0 Address: 0x84896642
  Set: 410 Way: 0 Address: 0x84896683
  Set: 411 Way: 0 Address: 0x3dae666f8
  Set: 411 Way: 1 Address: 0x848966c8
  Set: 412 Way: 0 Address: 0x84896700
  Set: 413 Way: 0 Address: 0x27d4c6750
  Set: 413 Way: 1 Address: 0x84896740
  Set: 414 Way: 0 Address: 0x27d4c6780
  Set: 414 Way: 1 Address: 0x84896780
  Set: 415 Way: 0 Address: 0x848967c1
  Set: 416 Way: 0 Address: 0x84896807
  Set: 417 Way: 0 Address: 0x84896840
  Set: 418 Way: 0 Address: 0x84896884
  Set: 419 Way: 0 Address: 0x848968c6
  Set: 420 Way: 0 Address: 0x84896902
  Set: 421 Way: 0 Address: 0x84896941
  Set: 422 Way: 0 Address: 0x84896980
  Set: 423 Way: 0 Address: 0x848969c0
  Set: 424 Way: 0 Address: 0x84896a00
  Set: 425 Way: 0 Address: 0x84896a42
  Set: 426 Way: 0 Address: 0x84896a81
  Set: 427 Way: 0 Address: 0x84896ac5
  Set: 428 Way: 0 Address: 0x3dae66b30
  Set: 428 Way: 1 Address: 0x84896b00
  Set: 429 Way: 0 Address: 0x84896b40
  Set: 430 Way: 0 Address: 0x84896b80
  Set: 431 Way: 0 Address: 0x84896bc2
  Set: 432 Way: 0 Address: 0x84896c00
  Set: 433 Way: 0 Address: 0x84896c40
  Set: 434 Way: 0 Address: 0x84896c80
  Set: 435 Way: 0 Address: 0x84896cc6
  Set: 436 Way: 0 Address: 0x84896d02
  Set: 437 Way: 0 Address: 0x84896d41
  Set: 438 Way: 0 Address: 0x84896d80
  Set: 439 Way: 0 Address: 0x84896dc0
  Set: 440 Way: 0 Address: 0x84896e00
  Set: 441 Way: 0 Address: 0x84896e42
  Set: 442 Way: 0 Address: 0x84896e81
  Set: 443 Way: 0 Address: 0x84896ec1
  Set: 444 Way: 0 Address: 0x84896f00
  Set: 445 Way: 0 Address: 0x84896f40
  Set: 446 Way: 0 Address: 0x84896f80
  Set: 447 Way: 0 Address: 0x84896fc3
  Set: 485 Way: 0 Address: 0x276ff7950
  Set: 486 Way: 0 Address: 0x276ff798c
  Set: 495 Way: 0 Address: 0x309887be0
  Set: 498 Way: 0 Address: 0x309887c9b
  Set: 499 Way: 0 Address: 0x309887cfe
  Set: 500 Way: 0 Address: 0xbeea7d20
  Set: 500 Way: 1 Address: 0x309887d00
  Set: 513 Way: 0 Address: 0x2c9898068
  Set: 516 Way: 0 Address: 0x2c9898128
  Set: 542 Way: 0 Address: 0xc70787b4
  Set: 543 Way: 0 Address: 0xc70787c8
  Set: 565 Way: 0 Address: 0x1aafb8d60
  Set: 565 Way: 1 Address: 0x3bdd78d58
  Set: 566 Way: 0 Address: 0x1aafb8d80
  Set: 566 Way: 1 Address: 0x3bdd78d90
  Set: 574 Way: 0 Address: 0x201598f98
  Set: 578 Way: 0 Address: 0x2c87490bc
  Set: 579 Way: 0 Address: 0x2c87490c0
  Set: 581 Way: 0 Address: 0x2fa0c9140
  Set: 583 Way: 0 Address: 0x2c87491ec
  Set: 588 Way: 0 Address: 0x2c874931c
  Set: 589 Way: 0 Address: 0xb84a937c
  Set: 590 Way: 0 Address: 0xb84a9394
  Set: 597 Way: 0 Address: 0x2c874957c
  Set: 598 Way: 0 Address: 0x2c8749580
  Set: 602 Way: 0 Address: 0x2c87496ac
  Set: 603 Way: 0 Address: 0x2ee3696e8
  Set: 607 Way: 0 Address: 0x2c87497dc
  Set: 624 Way: 0 Address: 0x312099c04
  Set: 639 Way: 0 Address: 0x292959fc0
  Set: 640 Way: 0 Address: 0x229b9a000
  Set: 641 Way: 0 Address: 0x1d89da050
  Set: 697 Way: 0 Address: 0xc67dae78
  Set: 701 Way: 0 Address: 0x223edaf68
  Set: 714 Way: 0 Address: 0x3b377b28c
  Set: 714 Way: 1 Address: 0xc0d9b280
  Set: 731 Way: 0 Address: 0x394edb6f8
  Set: 732 Way: 0 Address: 0x394edb704
  Set: 734 Way: 0 Address: 0xcf83b780
  Set: 744 Way: 0 Address: 0x28420ba20
  Set: 755 Way: 0 Address: 0x394edbcd8
  Set: 766 Way: 0 Address: 0x394edbfb0
  Set: 768 Way: 0 Address: 0xdf85c000
  Set: 785 Way: 0 Address: 0x1ae2cc450
  Set: 786 Way: 0 Address: 0x1ae2cc490
  Set: 787 Way: 0 Address: 0x1ae2cc4c2
  Set: 788 Way: 0 Address: 0x1ae2cc502
  Set: 789 Way: 0 Address: 0x1ae2cc578
  Set: 790 Way: 0 Address: 0x1ae2cc580
  Set: 791 Way: 0 Address: 0x1ae2cc5e8
  Set: 792 Way: 0 Address: 0x1ae2cc603
  Set: 793 Way: 0 Address: 0x1ae2cc650
  Set: 794 Way: 0 Address: 0x1ae2cc680
  Set: 796 Way: 0 Address: 0x12c6fc718
  Set: 799 Way: 0 Address: 0x29484c7f8
  Set: 805 Way: 0 Address: 0x32502c970
  Set: 819 Way: 0 Address: 0x32f48ccc8
  Set: 824 Way: 0 Address: 0x38e35ce24
  Set: 825 Way: 0 Address: 0x38e35ce6c
  Set: 826 Way: 0 Address: 0x38e35ce82
  Set: 827 Way: 0 Address: 0x38e35cec7
  Set: 828 Way: 0 Address: 0x38e35cf07
  Set: 829 Way: 0 Address: 0x38e35cf42
  Set: 830 Way: 0 Address: 0x38e35cf80
  Set: 831 Way: 0 Address: 0x38e35cfc3
  Set: 836 Way: 0 Address: 0x5588d120
  Set: 836 Way: 1 Address: 0x1add11c
  Set: 846 Way: 0 Address: 0x23755d398
  Set: 850 Way: 0 Address: 0x1add4b0
  Set: 851 Way: 0 Address: 0x1add4c0
  Set: 858 Way: 0 Address: 0x1add694
  Set: 862 Way: 0 Address: 0x1add780
  Set: 881 Way: 0 Address: 0x1addc58
  Set: 889 Way: 0 Address: 0xe51bde60
  Set: 889 Way: 1 Address: 0x15164de58
  Set: 894 Way: 0 Address: 0xe51bdf90
  Set: 896 Way: 0 Address: 0x28b67e000
  Set: 896 Way: 1 Address: 0x1f919e000
  Set: 899 Way: 0 Address: 0x1f919e0c8
  Set: 900 Way: 0 Address: 0x1f919e100
  Set: 904 Way: 0 Address: 0x1f919e220
  Set: 905 Way: 0 Address: 0x1f919e242
  Set: 906 Way: 0 Address: 0x1f919e281
  Set: 907 Way: 0 Address: 0x1f919e2c2
  Set: 908 Way: 0 Address: 0x1f919e301
  Set: 909 Way: 0 Address: 0x1f919e370
  Set: 910 Way: 0 Address: 0x1f919e3a0
  Set: 912 Way: 0 Address: 0x1f919e435
  Set: 913 Way: 0 Address: 0x1f919e447
  Set: 914 Way: 0 Address: 0x1f919e481
  Set: 915 Way: 0 Address: 0x1f919e4c1
  Set: 916 Way: 0 Address: 0x1f919e534
  Set: 917 Way: 0 Address: 0x1f919e541
  Set: 917 Way: 1 Address: 0x20597e550
  Set: 918 Way: 0 Address: 0x1f919e582
  Set: 919 Way: 0 Address: 0x1f919e5c0
  Set: 919 Way: 1 Address: 0x2c077e5d8
  Set: 920 Way: 0 Address: 0x1f919e603
  Set: 921 Way: 0 Address: 0x1f919e641
  Set: 922 Way: 0 Address: 0x1f919e681
  Set: 923 Way: 0 Address: 0x1f919e6c4
  Set: 924 Way: 0 Address: 0x1f919e703
  Set: 925 Way: 0 Address: 0x1f919e742
  Set: 926 Way: 0 Address: 0x1f919e7b0
  Set: 927 Way: 0 Address: 0x1f919e7c1
  Set: 927 Way: 1 Address: 0x28b67e7f8
  Set: 928 Way: 0 Address: 0x1f919e800
  Set: 929 Way: 0 Address: 0x2db79e870
  Set: 929 Way: 1 Address: 0x1f919e849
  Set: 931 Way: 0 Address: 0x3734ee8fc
  Set: 933 Way: 0 Address: 0x20597e978
  Set: 947 Way: 0 Address: 0x1c084ecf8
  Set: 950 Way: 0 Address: 0x7d0eed84
  Set: 955 Way: 0 Address: 0x2f5d8eed0
  Set: 960 Way: 0 Address: 0x16390f003
  Set: 961 Way: 0 Address: 0x16390f044
  Set: 962 Way: 0 Address: 0x16390f084
  Set: 963 Way: 0 Address: 0x16390f0c2
  Set: 964 Way: 0 Address: 0x16390f100
  Set: 965 Way: 0 Address: 0x16390f140
  Set: 966 Way: 0 Address: 0x16390f1ab
  Set: 967 Way: 0 Address: 0x16390f1c7
  Set: 968 Way: 0 Address: 0x16390f200
  Set: 969 Way: 0 Address: 0x16390f241
  Set: 970 Way: 0 Address: 0x16390f2bc
  Set: 971 Way: 0 Address: 0x16390f2c2
  Set: 971 Way: 1 Address: 0x22272f2d0
  Set: 972 Way: 0 Address: 0x16390f328
  Set: 973 Way: 0 Address: 0x16390f343
  Set: 992 Way: 0 Address: 0x23756f814
  Set: 994 Way: 0 Address: 0xee86f8a4
  Set: 995 Way: 0 Address: 0xee86f8f0
  Set: 1004 Way: 0 Address: 0x143efb38
EndCache
Cache: cpu0_L1I
  Set: 0 Way: 0 Address: 0x84896008
  Set: 0 Way: 1 Address: 0x16390f003
  Set: 0 Way: 2 Address: 0x1f919e000
  Set: 0 Way: 3 Address: 0x1b0f1503a
  Set: 1 Way: 0 Address: 0x16390f044
  Set: 1 Way: 1 Address: 0x84896040
  Set: 1 Way: 2 Address: 0x1b0f15070
  Set: 2 Way: 0 Address: 0x1b0f15095
  Set: 2 Way: 1 Address: 0x16390f0ac
  Set: 2 Way: 2 Address: 0x84896080
  Set: 3 Way: 0 Address: 0x1f919e0c8
  Set: 3 Way: 1 Address: 0x1b0f150c2
  Set: 3 Way: 2 Address: 0x848960c5
  Set: 3 Way: 3 Address: 0x16390f0c2
  Set: 4 Way: 0 Address: 0x1f919e107
  Set: 4 Way: 1 Address: 0x1b0f15102
  Set: 4 Way: 2 Address: 0x84896102
  Set: 4 Way: 3 Address: 0x16390f101
  Set: 5 Way: 0 Address: 0x1b0f15140
  Set: 5 Way: 1 Address: 0x84896143
  Set: 5 Way: 2 Address: 0x16390f142
  Set: 6 Way: 0 Address: 0x16390f1ab
  Set: 6 Way: 1 Address: 0x1b0f15180
  Set: 6 Way: 2 Address: 0x84896181
  Set: 7 Way: 0 Address: 0x16390f1fa
  Set: 7 Way: 1 Address: 0x1b0f151c8
  Set: 7 Way: 2 Address: 0x848961c3
  Set: 8 Way: 0 Address: 0x1f919e220
  Set: 8 Way: 1 Address: 0x1b0f15201
  Set: 8 Way: 2 Address: 0x16390f21d
  Set: 8 Way: 3 Address: 0x84896204
  Set: 9 Way: 0 Address: 0x1f919e242
  Set: 9 Way: 1 Address: 0x1b0f15242
  Set: 9 Way: 2 Address: 0x16390f241
  Set: 9 Way: 3 Address: 0x84896242
  Set: 10 Way: 0 Address: 0x16390f2bc
  Set: 10 Way: 1 Address: 0x1f919e281
  Set: 10 Way: 2 Address: 0x1b0f15280
  Set: 10 Way: 3 Address: 0x84896283
  Set: 11 Way: 0 Address: 0x16390f2c2
  Set: 11 Way: 1 Address: 0x1f919e2f5
  Set: 11 Way: 2 Address: 0x1b0f152c1
  Set: 11 Way: 3 Address: 0x848962c5
  Set: 12 Way: 0 Address: 0x16390f328
  Set: 12 Way: 1 Address: 0x1f919e301
  Set: 12 Way: 2 Address: 0x1b0f15302
  Set: 12 Way: 3 Address: 0x84896302
  Set: 13 Way: 0 Address: 0x16390f343
  Set: 13 Way: 1 Address: 0x1f919e370
  Set: 13 Way: 2 Address: 0x1b0f15341
  Set: 13 Way: 3 Address: 0x84896342
  Set: 14 Way: 0 Address: 0x1f919e3a0
  Set: 14 Way: 1 Address: 0x1b0f15382
  Set: 14 Way: 2 Address: 0x84896382
  Set: 15 Way: 0 Address: 0x1b0f153c3
  Set: 15 Way: 1 Address: 0x848963c1
  Set: 16 Way: 0 Address: 0x1f919e435
  Set: 16 Way: 1 Address: 0x1b0f15404
  Set: 16 Way: 2 Address: 0x84896407
  Set: 17 Way: 0 Address: 0x1f919e46c
  Set: 17 Way: 1 Address: 0x1b0f15443
  Set: 17 Way: 2 Address: 0x1ae2cc450
  Set: 17 Way: 3 Address: 0x84896444
  Set: 18 Way: 0 Address: 0x1f919e4aa
  Set: 18 Way: 1 Address: 0x1b0f15484
  Set: 18 Way: 2 Address: 0x1ae2cc490
  Set: 18 Way: 3 Address: 0x84896483
  Set: 19 Way: 0 Address: 0x1f919e4ff
  Set: 19 Way: 1 Address: 0x1ae2cc4ea
  Set: 19 Way: 2 Address: 0x848964fd
  Set: 20 Way: 0 Address: 0x1f919e534
  Set: 20 Way: 1 Address: 0x1b0f1553b
  Set: 20 Way: 2 Address: 0x1ae2cc532
  Set: 20 Way: 3 Address: 0x84896504
  Set: 21 Way: 0 Address: 0x1f919e568
  Set: 21 Way: 1 Address: 0x1b0f15543
  Set: 21 Way: 2 Address: 0x1ae2cc578
  Set: 21 Way: 3 Address: 0x84896543
  Set: 22 Way: 0 Address: 0x1f919e5ab
  Set: 22 Way: 1 Address: 0x1ae2cc580
  Set: 22 Way: 2 Address: 0x84896581
  Set: 23 Way: 0 Address: 0x1f919e5fc
  Set: 23 Way: 1 Address: 0x1ae2cc5e8
  Set: 23 Way: 2 Address: 0x848965c2
  Set: 24 Way: 0 Address: 0x1f919e603
  Set: 24 Way: 1 Address: 0x1ae2cc603
  Set: 24 Way: 2 Address: 0x8489663f
  Set: 25 Way: 0 Address: 0x1f919e641
  Set: 25 Way: 1 Address: 0x1ae2cc650
  Set: 25 Way: 2 Address: 0x84896642
  Set: 26 Way: 0 Address: 0x1f919e6a6
  Set: 26 Way: 1 Address: 0x1ae2cc680
  Set: 26 Way: 2 Address: 0x84896683
  Set: 27 Way: 0 Address: 0x1f919e6f8
  Set: 27 Way: 1 Address: 0x848966c8
  Set: 28 Way: 0 Address: 0x1f919e727
  Set: 28 Way: 1 Address: 0x84896700
  Set: 29 Way: 0 Address: 0x1f919e761
  Set: 29 Way: 1 Address: 0x84896742
  Set: 30 Way: 0 Address: 0x1f919e7b0
  Set: 30 Way: 1 Address: 0x84896786
  Set: 31 Way: 0 Address: 0x1f919e7d0
  Set: 31 Way: 1 Address: 0x848967ee
  Set: 32 Way: 0 Address: 0x1f919e800
  Set: 32 Way: 1 Address: 0x84896807
  Set: 33 Way: 0 Address: 0x84896842
  Set: 33 Way: 1 Address: 0x1f919e849
  Set: 34 Way: 0 Address: 0x84896884
  Set: 35 Way: 0 Address: 0x848968c6
  Set: 36 Way: 0 Address: 0x84896939
  Set: 37 Way: 0 Address: 0x84896941
  Set: 38 Way: 0 Address: 0x84896987
  Set: 39 Way: 0 Address: 0x848969c4
  Set: 40 Way: 0 Address: 0x84896a03
  Set: 41 Way: 0 Address: 0x84896a79
  Set: 42 Way: 0 Address: 0x84896ab7
  Set: 43 Way: 0 Address: 0x84896ac5
  Set: 44 Way: 0 Address: 0x62d12b30
  Set: 44 Way: 1 Address: 0x84896b03
  Set: 45 Way: 0 Address: 0x62d12b79
  Set: 45 Way: 1 Address: 0x84896b46
  Set: 46 Way: 0 Address: 0x62d12b82
  Set: 46 Way: 1 Address: 0x84896b80
  Set: 47 Way: 0 Address: 0x309887be0
  Set: 47 Way: 1 Address: 0x62d12bc2
  Set: 47 Way: 2 Address: 0x84896bc2
  Set: 48 Way: 0 Address: 0x62d12c02
  Set: 48 Way: 1 Address: 0x84896c08
  Set: 49 Way: 0 Address: 0x62d12c42
  Set: 49 Way: 1 Address: 0x84896c45
  Set: 50 Way: 0 Address: 0x309887cbf
  Set: 50 Way: 1 Address: 0x62d12c82
  Set: 50 Way: 2 Address: 0x84896c80
  Set: 51 Way: 0 Address: 0x309887cc3
  Set: 51 Way: 1 Address: 0x62d12cc4
  Set: 51 Way: 2 Address: 0x84896cfc
  Set: 52 Way: 0 Address: 0x62d12d02
  Set: 52 Way: 1 Address: 0x84896d3d
  Set: 52 Way: 2 Address: 0x309887d2e
  Set: 53 Way: 0 Address: 0x62d12d46
  Set: 53 Way: 1 Address: 0x84896d41
  Set: 54 Way: 0 Address: 0x62d12d84
  Set: 54 Way: 1 Address: 0x84896d81
  Set: 55 Way: 0 Address: 0x62d12dc1
  Set: 55 Way: 1 Address: 0x84896dc4
  Set: 56 Way: 0 Address: 0x38e35ce24
  Set: 56 Way: 1 Address: 0x62d12e00
  Set: 56 Way: 2 Address: 0x84896e2f
  Set: 57 Way: 0 Address: 0x38e35ce6c
  Set: 57 Way: 1 Address: 0x62d12e6a
  Set: 57 Way: 2 Address: 0x84896e72
  Set: 58 Way: 0 Address: 0x129934eb0
  Set: 58 Way: 1 Address: 0x38e35ce82
  Set: 58 Way: 2 Address: 0x62d12ea6
  Set: 58 Way: 3 Address: 0x84896e81
  Set: 59 Way: 0 Address: 0x129934ee8
  Set: 59 Way: 1 Address: 0x38e35cec7
  Set: 59 Way: 2 Address: 0x62d12ec2
  Set: 59 Way: 3 Address: 0x84896ec1
  Set: 60 Way: 0 Address: 0x129934f26
  Set: 60 Way: 1 Address: 0x38e35cf29
  Set: 60 Way: 2 Address: 0x62d12f01
  Set: 60 Way: 3 Address: 0x84896f04
  Set: 61 Way: 0 Address: 0x129934f60
  Set: 61 Way: 1 Address: 0x38e35cf6a
  Set: 61 Way: 2 Address: 0x62d12f42
  Set: 61 Way: 3 Address: 0x84896f6f
  Set: 62 Way: 0 Address: 0x129934f82
  Set: 62 Way: 1 Address: 0x38e35cfb2
  Set: 62 Way: 2 Address: 0x62d12fae
  Set: 62 Way: 3 Address: 0x84896fb0
  Set: 63 Way: 0 Address: 0x129934fc0
  Set: 63 Way: 1 Address: 0x38e35cfc3
  Set: 63 Way: 2 Address: 0x62d12fc1
  Set: 63 Way: 3 Address: 0x84896fe3
EndCache
Cache: cpu0_L1D
  Set: 0 Way: 0 Address: 0xdf85c000
  Set: 0 Way: 1 Address: 0x28b67e000
  Set: 0 Way: 2 Address: 0x229b9a000
  Set: 1 Way: 0 Address: 0x195f15058
  Set: 1 Way: 1 Address: 0x263c13060
  Set: 1 Way: 2 Address: 0x1d89da050
  Set: 1 Way: 3 Address: 0x3de4d4048
  Set: 1 Way: 4 Address: 0x2c9898068
  Set: 1 Way: 5 Address: 0x6b744068
  Set: 2 Way: 0 Address: 0x2c87490bc
  Set: 2 Way: 1 Address: 0x1c84e20a0
  Set: 2 Way: 2 Address: 0x31be120a0
  Set: 3 Way: 0 Address: 0x2c87490c0
  Set: 4 Way: 0 Address: 0x113201130
  Set: 4 Way: 1 Address: 0x9cff2128
  Set: 4 Way: 2 Address: 0x3de4d4120
  Set: 4 Way: 3 Address: 0x5588d120
  Set: 4 Way: 4 Address: 0x211d16130
  Set: 4 Way: 5 Address: 0x1add11c
  Set: 4 Way: 6 Address: 0x133c92128
  Set: 4 Way: 7 Address: 0x2c9898128
  Set: 5 Way: 0 Address: 0x2fa0c9140
  Set: 7 Way: 0 Address: 0x3de4d41c0
  Set: 7 Way: 1 Address: 0x133c921c0
  Set: 7 Way: 2 Address: 0x2c87491ec
  Set: 10 Way: 0 Address: 0x1c84e2298
  Set: 10 Way: 1 Address: 0x3b377b28c
  Set: 10 Way: 2 Address: 0xc0d9b280
  Set: 11 Way: 0 Address: 0x22272f2d0
  Set: 12 Way: 0 Address: 0x354d35304
  Set: 12 Way: 1 Address: 0x2c874931c
  Set: 13 Way: 0 Address: 0xb84a937c
  Set: 14 Way: 0 Address: 0x23755d398
  Set: 14 Way: 1 Address: 0xb84a938c
  Set: 18 Way: 0 Address: 0x437364b8
  Set: 18 Way: 1 Address: 0x1add4b0
  Set: 19 Way: 0 Address: 0x3c10744f0
  Set: 19 Way: 1 Address: 0x1add4c0
  Set: 19 Way: 2 Address: 0x3d87a64c0
  Set: 20 Way: 0 Address: 0xb800451c
  Set: 20 Way: 1 Address: 0x3c1074528
  Set: 21 Way: 0 Address: 0x3c1074578
  Set: 21 Way: 1 Address: 0x2c874957c
  Set: 21 Way: 2 Address: 0x20597e550
  Set: 21 Way: 3 Address: 0x272585550
  Set: 22 Way: 0 Address: 0x3c10745a8
  Set: 22 Way: 1 Address: 0x2c8749580
  Set: 23 Way: 0 Address: 0x3c10745c0
  Set: 23 Way: 1 Address: 0x28a9405c4
  Set: 23 Way: 2 Address: 0x2725855d8
  Set: 23 Way: 3 Address: 0x2c077e5d8
  Set: 23 Way: 4 Address: 0x34a0e55d8
  Set: 24 Way: 0 Address: 0x3c1074600
  Set: 25 Way: 0 Address: 0x3c1074640
  Set: 26 Way: 0 Address: 0x3c1074680
  Set: 26 Way: 1 Address: 0x2c87496ac
  Set: 26 Way: 2 Address: 0x1add694
  Set: 27 Way: 0 Address: 0x397bb46e8
  Set: 27 Way: 1 Address: 0x2ee3696e8
  Set: 27 Way: 2 Address: 0x3c10746c0
  Set: 27 Way: 3 Address: 0x3dae666f8
  Set: 27 Way: 4 Address: 0x3232f36f8
  Set: 27 Way: 5 Address: 0x394edb6f8
  Set: 28 Way: 0 Address: 0x113201738
  Set: 28 Way: 1 Address: 0x397bb4738
  Set: 28 Way: 2 Address: 0x12c6fc718
  Set: 28 Way: 3 Address: 0x3c1074720
  Set: 28 Way: 4 Address: 0x394edb704
  Set: 29 Way: 0 Address: 0x3c1074750
  Set: 29 Way: 1 Address: 0x27d4c6750
  Set: 29 Way: 2 Address: 0x181c81750
  Set: 30 Way: 0 Address: 0xc70787b4
  Set: 30 Way: 1 Address: 0x3c10747b8
  Set: 30 Way: 2 Address: 0x14bb10780
  Set: 30 Way: 3 Address: 0x27d4c6780
  Set: 30 Way: 4 Address: 0xcf83b780
  Set: 30 Way: 5 Address: 0x1add780
  Set: 31 Way: 0 Address: 0x28b67e7f8
  Set: 31 Way: 1 Address: 0x29484c7f8
  Set: 31 Way: 2 Address: 0xc70787c8
  Set: 31 Way: 3 Address: 0x3c10747f0
  Set: 31 Way: 4 Address: 0x2c87497dc
  Set: 31 Way: 5 Address: 0x19c7917e4
  Set: 32 Way: 0 Address: 0x3c1074810
  Set: 32 Way: 1 Address: 0x23756f814
  Set: 33 Way: 0 Address: 0x2db79e870
  Set: 33 Way: 1 Address: 0x3c1074868
  Set: 34 Way: 0 Address: 0xee86f8a4
  Set: 34 Way: 1 Address: 0x3c1074890
  Set: 35 Way: 0 Address: 0x3734ee8fc
  Set: 35 Way: 1 Address: 0xee86f8f0
  Set: 36 Way: 0 Address: 0xf6e81900
  Set: 37 Way: 0 Address: 0xf6e81940
  Set: 37 Way: 1 Address: 0x276ff7970
  Set: 37 Way: 2 Address: 0x342b40970
  Set: 37 Way: 3 Address: 0x181c81978
  Set: 37 Way: 4 Address: 0x20597e978
  Set: 37 Way: 5 Address: 0x272585970
  Set: 37 Way: 6 Address: 0x32502c970
  Set: 38 Way: 0 Address: 0xf6e81980
  Set: 38 Way: 1 Address: 0x14bb10980
  Set: 38 Way: 2 Address: 0x276ff798c
  Set: 39 Way: 0 Address: 0xf6e819c0
  Set: 39 Way: 1 Address: 0x3c10749c0
  Set: 40 Way: 0 Address: 0x28420ba20
  Set: 41 Way: 0 Address: 0x1064c2a54
  Set: 41 Way: 1 Address: 0x3c1074a40
  Set: 41 Way: 2 Address: 0x34a0e5a5c
  Set: 42 Way: 0 Address: 0xf6e81ab0
  Set: 42 Way: 1 Address: 0x6d0c2a98
  Set: 43 Way: 0 Address: 0xf6e81ac4
  Set: 43 Way: 1 Address: 0x3c1074ac0
  Set: 44 Way: 0 Address: 0xf6e81b10
  Set: 44 Way: 1 Address: 0x397bb4b30
  Set: 44 Way: 2 Address: 0x3dae66b30
  Set: 44 Way: 3 Address: 0x143efb38
  Set: 45 Way: 0 Address: 0x3c1074b40
  Set: 48 Way: 0 Address: 0x312099c04
  Set: 49 Way: 0 Address: 0x1addc58
  Set: 50 Way: 0 Address: 0x113201cb8
  Set: 50 Way: 1 Address: 0x2a4841cb8
  Set: 50 Way: 2 Address: 0x3b0803cb0
  Set: 50 Way: 3 Address: 0x257713cb0
  Set: 51 Way: 0 Address: 0x1c084ecf8
  Set: 51 Way: 1 Address: 0x257713cc8
  Set: 51 Way: 2 Address: 0x32f48ccc8
  Set: 51 Way: 3 Address: 0x394edbcd8
  Set: 52 Way: 0 Address: 0xbeea7d20
  Set: 53 Way: 0 Address: 0x1aafb8d60
  Set: 53 Way: 1 Address: 0x6e620d68
  Set: 53 Way: 2 Address: 0x3bdd78d58
  Set: 53 Way: 3 Address: 0x168ef0d58
  Set: 54 Way: 0 Address: 0x1aafb8d80
  Set: 54 Way: 1 Address: 0x1995f2d80
  Set: 54 Way: 2 Address: 0x2b2e93d88
  Set: 54 Way: 3 Address: 0x3bdd78d90
  Set: 54 Way: 4 Address: 0x7d0eed84
  Set: 55 Way: 0 Address: 0x113201dc0
  Set: 55 Way: 1 Address: 0x3c56b3dc0
  Set: 57 Way: 0 Address: 0x34a873e78
  Set: 57 Way: 1 Address: 0xc67dae78
  Set: 57 Way: 2 Address: 0xe51bde60
  Set: 57 Way: 3 Address: 0x15164de58
  Set: 59 Way: 0 Address: 0x397bb4ed0
  Set: 59 Way: 1 Address: 0x2f5d8eed0
  Set: 59 Way: 2 Address: 0x6e620ee8
  Set: 59 Way: 3 Address: 0x34a873ee8
  Set: 60 Way: 0 Address: 0x2177f0f10
  Set: 60 Way: 1 Address: 0x3232f3f08
  Set: 60 Way: 2 Address: 0x3b0803f08
  Set: 61 Way: 0 Address: 0x113201f68
  Set: 61 Way: 1 Address: 0x223edaf68
  Set: 62 Way: 0 Address: 0x201598f98
  Set: 62 Way: 1 Address: 0x394edbfb0
  Set: 62 Way: 2 Address: 0x260091f90
  Set: 62 Way: 3 Address: 0xe51bdf90
  Set: 63 Way: 0 Address: 0x292959fc0
EndCache
Cache: cpu0_ITLB
  Set: 0 Way: 0 Address: 0x13b0faa
  Set: 1 Way: 0 Address: 0x13b1008
  Set: 2 Way: 0 Address: 0x13b2095
  Set: 2 Way: 1 Address: 0x15f2450
  Set: 3 Way: 0 Address: 0x15f3be0
  Set: 5 Way: 0 Address: 0x1625ee8
  Set: 6 Way: 0 Address: 0x16265da
  Set: 11 Way: 0 Address: 0x13abb79
  Set: 12 Way: 0 Address: 0x13ac1ab
EndCache
Cache: cpu0_DTLB
  Set: 0 Way: 0 Address: 0x4d3028c
  Set: 0 Way: 1 Address: 0x4a50970
  Set: 0 Way: 2 Address: 0x4cf04c0
  Set: 1 Way: 0 Address: 0x17e1814
  Set: 3 Way: 0 Address: 0x1853b20
  Set: 3 Way: 1 Address: 0x16e38a4
  Set: 3 Way: 2 Address: 0x7ffe2a673588
  Set: 4 Way: 0 Address: 0x181438c
  Set: 4 Way: 1 Address: 0x1b44e58
  Set: 6 Way: 0 Address: 0x1766970
  Set: 6 Way: 1 Address: 0x1796c04
  Set: 7 Way: 0 Address: 0x17974b8
  Set: 7 Way: 1 Address: 0x16e77b4
  Set: 7 Way: 2 Address: 0x17674c0
  Set: 8 Way: 0 Address: 0x17b88fc
  Set: 9 Way: 0 Address: 0x1799a5c
  Set: 10 Way: 0 Address: 0x17da304
  Set: 10 Way: 1 Address: 0x705ad20
  Set: 10 Way: 2 Address: 0x4cea780
  Set: 10 Way: 3 Address: 0x4caa5c4
  Set: 11 Way: 0 Address: 0x4cbbd84
  Set: 13 Way: 0 Address: 0x17ed51c
  Set: 13 Way: 1 Address: 0x16ddfb0
  Set: 13 Way: 2 Address: 0x49ad870
  Set: 13 Way: 3 Address: 0x49dd140
  Set: 14 Way: 0 Address: 0x4d2ee60
  Set: 15 Way: 0 Address: 0x499ff10
  Set: 15 Way: 1 Address: 0x16dfa54
  Set: 15 Way: 2 Address: 0x4d2f57c
  Set: 15 Way: 3 Address: 0x49cf7e4
EndCache
Cache: LLC
  Set: 23 Way: 0 Address: 0x28a9405c4
  Set: 37 Way: 0 Address: 0x342b40970
  Set: 53 Way: 0 Address: 0x6e620d68
  Set: 59 Way: 0 Address: 0x6e620ee8
  Set: 68 Way: 0 Address: 0x113201130
  Set: 92 Way: 0 Address: 0x113201738
  Set: 93 Way: 0 Address: 0x181c81750
  Set: 100 Way: 0 Address: 0xf6e81900
  Set: 101 Way: 0 Address: 0xf6e81940
  Set: 101 Way: 1 Address: 0x181c81978
  Set: 102 Way: 0 Address: 0xf6e81980
  Set: 103 Way: 0 Address: 0xf6e819c0
  Set: 106 Way: 0 Address: 0xf6e81aa8
  Set: 107 Way: 0 Address: 0xf6e81acc
  Set: 108 Way: 0 Address: 0xf6e81b00
  Set: 114 Way: 0 Address: 0x113201cb8
  Set: 114 Way: 1 Address: 0x2a4841cb8
  Set: 119 Way: 0 Address: 0x113201dc0
  Set: 125 Way: 0 Address: 0x113201f68
  Set: 130 Way: 0 Address: 0x1c84e20a0
  Set: 138 Way: 0 Address: 0x1c84e2298
  Set: 169 Way: 0 Address: 0x1064c2a54
  Set: 170 Way: 0 Address: 0x6d0c2a98
  Set: 242 Way: 0 Address: 0x3b0803cb0
  Set: 252 Way: 0 Address: 0x3b0803f08
  Set: 257 Way: 0 Address: 0x6b744068
  Set: 276 Way: 0 Address: 0xb800451c
  Set: 341 Way: 0 Address: 0x272585550
  Set: 343 Way: 0 Address: 0x2725855d8
  Set: 343 Way: 1 Address: 0x34a0e55d8
  Set: 357 Way: 0 Address: 0x272585970
  Set: 361 Way: 0 Address: 0x34a0e5a5c
  Set: 403 Way: 0 Address: 0x3d87a64c0
  Set: 411 Way: 0 Address: 0x3dae666f8
  Set: 413 Way: 0 Address: 0x27d4c6750
  Set: 414 Way: 0 Address: 0x27d4c6780
  Set: 428 Way: 0 Address: 0x3dae66b30
  Set: 495 Way: 0 Address: 0x309887be0
  Set: 498 Way: 0 Address: 0x309887c9b
  Set: 499 Way: 0 Address: 0x309887cfe
  Set: 500 Way: 0 Address: 0x309887d00
  Set: 500 Way: 1 Address: 0xbeea7d20
  Set: 578 Way: 0 Address: 0x2c87490bc
  Set: 579 Way: 0 Address: 0x2c87490c0
  Set: 581 Way: 0 Address: 0x2fa0c9140
  Set: 583 Way: 0 Address: 0x2c87491ec
  Set: 588 Way: 0 Address: 0x2c874931c
  Set: 589 Way: 0 Address: 0xb84a937c
  Set: 590 Way: 0 Address: 0xb84a9394
  Set: 597 Way: 0 Address: 0x2c874957c
  Set: 598 Way: 0 Address: 0x2c8749580
  Set: 602 Way: 0 Address: 0x2c87496ac
  Set: 603 Way: 0 Address: 0x2ee3696e8
  Set: 607 Way: 0 Address: 0x2c87497dc
  Set: 744 Way: 0 Address: 0x28420ba20
  Set: 785 Way: 0 Address: 0x1ae2cc450
  Set: 786 Way: 0 Address: 0x1ae2cc490
  Set: 787 Way: 0 Address: 0x1ae2cc4c0
  Set: 788 Way: 0 Address: 0x1ae2cc502
  Set: 789 Way: 0 Address: 0x1ae2cc578
  Set: 790 Way: 0 Address: 0x1ae2cc580
  Set: 791 Way: 0 Address: 0x1ae2cc5e8
  Set: 792 Way: 0 Address: 0x1ae2cc600
  Set: 793 Way: 0 Address: 0x1ae2cc650
  Set: 794 Way: 0 Address: 0x1ae2cc680
  Set: 799 Way: 0 Address: 0x29484c7f8
  Set: 805 Way: 0 Address: 0x32502c970
  Set: 819 Way: 0 Address: 0x32f48ccc8
  Set: 836 Way: 0 Address: 0x5588d120
  Set: 889 Way: 0 Address: 0x15164de58
  Set: 931 Way: 0 Address: 0x3734ee8fc
  Set: 947 Way: 0 Address: 0x1c084ecf8
  Set: 950 Way: 0 Address: 0x7d0eed84
  Set: 955 Way: 0 Address: 0x2f5d8eed0
  Set: 960 Way: 0 Address: 0x16390f003
  Set: 961 Way: 0 Address: 0x16390f044
  Set: 962 Way: 0 Address: 0x16390f084
  Set: 963 Way: 0 Address: 0x16390f0c0
  Set: 964 Way: 0 Address: 0x16390f100
  Set: 965 Way: 0 Address: 0x16390f140
  Set: 966 Way: 0 Address: 0x16390f1ab
  Set: 967 Way: 0 Address: 0x16390f1c7
  Set: 968 Way: 0 Address: 0x16390f200
  Set: 969 Way: 0 Address: 0x16390f241
  Set: 970 Way: 0 Address: 0x16390f2bc
  Set: 971 Way: 0 Address: 0x16390f2c2
  Set: 971 Way: 1 Address: 0x22272f2d0
  Set: 972 Way: 0 Address: 0x16390f328
  Set: 973 Way: 0 Address: 0x16390f343
  Set: 974 Way: 0 Address: 0x16390f380
  Set: 975 Way: 0 Address: 0x16390f3c0
  Set: 976 Way: 0 Address: 0x16390f400
  Set: 977 Way: 0 Address: 0x16390f440
  Set: 992 Way: 0 Address: 0x23756f814
  Set: 994 Way: 0 Address: 0xee86f8a4
  Set: 995 Way: 0 Address: 0xee86f8f0
  Set: 996 Way: 0 Address: 0xee86f900
  Set: 1004 Way: 0 Address: 0x143efb38
  Set: 1054 Way: 0 Address: 0x14bb10780
  Set: 1062 Way: 0 Address: 0x14bb10980
  Set: 1077 Way: 0 Address: 0x168ef0d58
  Set: 1084 Way: 0 Address: 0x2177f0f10
  Set: 1119 Way: 0 Address: 0x19c7917e4
  Set: 1150 Way: 0 Address: 0x260091f90
  Set: 1154 Way: 0 Address: 0x31be120a0
  Set: 1156 Way: 0 Address: 0x9cff2128
  Set: 1156 Way: 1 Address: 0x133c92128
  Set: 1159 Way: 0 Address: 0x133c921c0
  Set: 1196 Way: 0 Address: 0x62d12b30
  Set: 1197 Way: 0 Address: 0x62d12b41
  Set: 1198 Way: 0 Address: 0x62d12b80
  Set: 1199 Way: 0 Address: 0x62d12bc2
  Set: 1200 Way: 0 Address: 0x62d12c00
  Set: 1201 Way: 0 Address: 0x62d12c40
  Set: 1202 Way: 0 Address: 0x62d12c80
  Set: 1203 Way: 0 Address: 0x62d12cc0
  Set: 1204 Way: 0 Address: 0x62d12d02
  Set: 1205 Way: 0 Address: 0x62d12d40
  Set: 1206 Way: 0 Address: 0x1995f2d80
  Set: 1206 Way: 1 Address: 0x62d12d80
  Set: 1207 Way: 0 Address: 0x62d12dc1
  Set: 1208 Way: 0 Address: 0x62d12e00
  Set: 1209 Way: 0 Address: 0x62d12e45
  Set: 1210 Way: 0 Address: 0x62d12e81
  Set: 1211 Way: 0 Address: 0x62d12ec2
  Set: 1212 Way: 0 Address: 0x62d12f00
  Set: 1213 Way: 0 Address: 0x62d12f42
  Set: 1214 Way: 0 Address: 0x62d12f80
  Set: 1215 Way: 0 Address: 0x62d12fc1
  Set: 1217 Way: 0 Address: 0x263c13060
  Set: 1243 Way: 0 Address: 0x3232f36f8
  Set: 1266 Way: 0 Address: 0x257713cb0
  Set: 1267 Way: 0 Address: 0x257713cc8
  Set: 1270 Way: 0 Address: 0x2b2e93d88
  Set: 1271 Way: 0 Address: 0x3c56b3dc0
  Set: 1273 Way: 0 Address: 0x34a873e78
  Set: 1275 Way: 0 Address: 0x34a873ee8
  Set: 1276 Way: 0 Address: 0x3232f3f08
  Set: 1281 Way: 0 Address: 0x3de4d4048
  Set: 1284 Way: 0 Address: 0x3de4d4130
  Set: 1287 Way: 0 Address: 0x3de4d41c0
  Set: 1299 Way: 0 Address: 0x3c10744f0
  Set: 1300 Way: 0 Address: 0x3c1074500
  Set: 1301 Way: 0 Address: 0x3c1074564
  Set: 1302 Way: 0 Address: 0x3c1074588
  Set: 1303 Way: 0 Address: 0x3c10745c0
  Set: 1304 Way: 0 Address: 0x3c1074600
  Set: 1305 Way: 0 Address: 0x3c1074640
  Set: 1306 Way: 0 Address: 0x3c1074680
  Set: 1307 Way: 0 Address: 0x397bb46e8
  Set: 1307 Way: 1 Address: 0x3c10746c0
  Set: 1308 Way: 0 Address: 0x397bb4738
  Set: 1308 Way: 1 Address: 0x3c1074720
  Set: 1309 Way: 0 Address: 0x3c1074750
  Set: 1310 Way: 0 Address: 0x3c10747b8
  Set: 1311 Way: 0 Address: 0x3c10747f0
  Set: 1312 Way: 0 Address: 0x3c1074810
  Set: 1313 Way: 0 Address: 0x3c1074870
  Set: 1314 Way: 0 Address: 0x3c1074890
  Set: 1319 Way: 0 Address: 0x3c10749c0
  Set: 1321 Way: 0 Address: 0x3c1074a40
  Set: 1323 Way: 0 Address: 0x3c1074ac0
  Set: 1324 Way: 0 Address: 0x397bb4b38
  Set: 1325 Way: 0 Address: 0x3c1074b40
  Set: 1338 Way: 0 Address: 0x129934eb0
  Set: 1339 Way: 0 Address: 0x129934ee8
  Set: 1339 Way: 1 Address: 0x397bb4ed0
  Set: 1340 Way: 0 Address: 0x129934f01
  Set: 1341 Way: 0 Address: 0x129934f60
  Set: 1342 Way: 0 Address: 0x129934f82
  Set: 1343 Way: 0 Address: 0x129934fc0
  Set: 1344 Way: 0 Address: 0x1b0f15005
  Set: 1345 Way: 0 Address: 0x195f15058
  Set: 1345 Way: 1 Address: 0x1b0f15040
  Set: 1346 Way: 0 Address: 0x1b0f15095
  Set: 1347 Way: 0 Address: 0x1b0f150c2
  Set: 1348 Way: 0 Address: 0x1b0f15100
  Set: 1349 Way: 0 Address: 0x1b0f15140
  Set: 1350 Way: 0 Address: 0x1b0f15180
  Set: 1351 Way: 0 Address: 0x1b0f151c0
  Set: 1352 Way: 0 Address: 0x1b0f15200
  Set: 1353 Way: 0 Address: 0x1b0f15240
  Set: 1354 Way: 0 Address: 0x1b0f15280
  Set: 1355 Way: 0 Address: 0x1b0f152c0
  Set: 1356 Way: 0 Address: 0x354d35304
  Set: 1356 Way: 1 Address: 0x1b0f15302
  Set: 1357 Way: 0 Address: 0x1b0f15340
  Set: 1358 Way: 0 Address: 0x1b0f15380
  Set: 1359 Way: 0 Address: 0x1b0f153c0
  Set: 1360 Way: 0 Address: 0x1b0f15400
  Set: 1361 Way: 0 Address: 0x1b0f15440
  Set: 1362 Way: 0 Address: 0x1b0f15480
  Set: 1363 Way: 0 Address: 0x1b0f154c0
  Set: 1364 Way: 0 Address: 0x1b0f1553b
  Set: 1365 Way: 0 Address: 0x1b0f15543
  Set: 1408 Way: 0 Address: 0x84896008
  Set: 1409 Way: 0 Address: 0x84896040
  Set: 1410 Way: 0 Address: 0x84896080
  Set: 1411 Way: 0 Address: 0x848960c0
  Set: 1412 Way: 0 Address: 0x211d16130
  Set: 1412 Way: 1 Address: 0x84896102
  Set: 1413 Way: 0 Address: 0x84896140
  Set: 1414 Way: 0 Address: 0x84896180
  Set: 1415 Way: 0 Address: 0x848961c0
  Set: 1416 Way: 0 Address: 0x84896200
  Set: 1417 Way: 0 Address: 0x84896240
  Set: 1418 Way: 0 Address: 0x84896280
  Set: 1419 Way: 0 Address: 0x848962c0
  Set: 1420 Way: 0 Address: 0x84896300
  Set: 1421 Way: 0 Address: 0x84896340
  Set: 1422 Way: 0 Address: 0x84896380
  Set: 1423 Way: 0 Address: 0x848963c0
  Set: 1424 Way: 0 Address: 0x84896400
  Set: 1425 Way: 0 Address: 0x84896440
  Set: 1426 Way: 0 Address: 0x437364b8
  Set: 1426 Way: 1 Address: 0x84896480
  Set: 1427 Way: 0 Address: 0x848964c0
  Set: 1428 Way: 0 Address: 0x84896500
  Set: 1429 Way: 0 Address: 0x84896540
  Set: 1430 Way: 0 Address: 0x84896580
  Set: 1431 Way: 0 Address: 0x848965c0
  Set: 1432 Way: 0 Address: 0x84896600
  Set: 1433 Way: 0 Address: 0x84896640
  Set: 1434 Way: 0 Address: 0x84896680
  Set: 1435 Way: 0 Address: 0x848966c0
  Set: 1436 Way: 0 Address: 0x84896700
  Set: 1437 Way: 0 Address: 0x84896740
  Set: 1438 Way: 0 Address: 0x84896780
  Set: 1439 Way: 0 Address: 0x848967c0
  Set: 1440 Way: 0 Address: 0x84896800
  Set: 1441 Way: 0 Address: 0x84896840
  Set: 1442 Way: 0 Address: 0x84896880
  Set: 1443 Way: 0 Address: 0x848968c0
  Set: 1444 Way: 0 Address: 0x84896900
  Set: 1445 Way: 0 Address: 0x84896940
  Set: 1446 Way: 0 Address: 0x84896980
  Set: 1447 Way: 0 Address: 0x848969c0
  Set: 1448 Way: 0 Address: 0x84896a00
  Set: 1449 Way: 0 Address: 0x84896a40
  Set: 1450 Way: 0 Address: 0x84896a80
  Set: 1451 Way: 0 Address: 0x84896ac0
  Set: 1452 Way: 0 Address: 0x84896b00
  Set: 1453 Way: 0 Address: 0x84896b40
  Set: 1454 Way: 0 Address: 0x84896b80
  Set: 1455 Way: 0 Address: 0x84896bc0
  Set: 1456 Way: 0 Address: 0x84896c00
  Set: 1457 Way: 0 Address: 0x84896c40
  Set: 1458 Way: 0 Address: 0x84896c80
  Set: 1459 Way: 0 Address: 0x84896cc0
  Set: 1460 Way: 0 Address: 0x84896d00
  Set: 1461 Way: 0 Address: 0x84896d40
  Set: 1462 Way: 0 Address: 0x84896d80
  Set: 1463 Way: 0 Address: 0x84896dc0
  Set: 1464 Way: 0 Address: 0x84896e00
  Set: 1465 Way: 0 Address: 0x84896e40
  Set: 1466 Way: 0 Address: 0x84896e80
  Set: 1467 Way: 0 Address: 0x84896ec0
  Set: 1468 Way: 0 Address: 0x84896f00
  Set: 1469 Way: 0 Address: 0x84896f40
  Set: 1470 Way: 0 Address: 0x84896f80
  Set: 1471 Way: 0 Address: 0x84896fc0
  Set: 1509 Way: 0 Address: 0x276ff7950
  Set: 1510 Way: 0 Address: 0x276ff798c
  Set: 1511 Way: 0 Address: 0x276ff79c0
  Set: 1537 Way: 0 Address: 0x2c9898068
  Set: 1540 Way: 0 Address: 0x2c9898128
  Set: 1566 Way: 0 Address: 0xc70787b4
  Set: 1567 Way: 0 Address: 0xc70787c8
  Set: 1589 Way: 0 Address: 0x1aafb8d60
  Set: 1589 Way: 1 Address: 0x3bdd78d58
  Set: 1590 Way: 0 Address: 0x1aafb8d80
  Set: 1590 Way: 1 Address: 0x3bdd78d90
  Set: 1598 Way: 0 Address: 0x201598f98
  Set: 1648 Way: 0 Address: 0x312099c04
  Set: 1663 Way: 0 Address: 0x292959fc0
  Set: 1664 Way: 0 Address: 0x229b9a000
  Set: 1665 Way: 0 Address: 0x1d89da050
  Set: 1721 Way: 0 Address: 0xc67dae78
  Set: 1725 Way: 0 Address: 0x223edaf68
  Set: 1738 Way: 0 Address: 0x3b377b28c
  Set: 1738 Way: 1 Address: 0xc0d9b280
  Set: 1755 Way: 0 Address: 0x394edb6f8
  Set: 1756 Way: 0 Address: 0x394edb704
  Set: 1758 Way: 0 Address: 0xcf83b780
  Set: 1779 Way: 0 Address: 0x394edbcd8
  Set: 1790 Way: 0 Address: 0x394edbfb0
  Set: 1792 Way: 0 Address: 0xdf85c000
  Set: 1820 Way: 0 Address: 0x12c6fc718
  Set: 1848 Way: 0 Address: 0x38e35ce24
  Set: 1849 Way: 0 Address: 0x38e35ce6c
  Set: 1850 Way: 0 Address: 0x38e35ce82
  Set: 1851 Way: 0 Address: 0x38e35cec0
  Set: 1852 Way: 0 Address: 0x38e35cf07
  Set: 1853 Way: 0 Address: 0x38e35cf42
  Set: 1854 Way: 0 Address: 0x38e35cf80
  Set: 1855 Way: 0 Address: 0x38e35cfc3
  Set: 1860 Way: 0 Address: 0x1add11c
  Set: 1870 Way: 0 Address: 0x23755d398
  Set: 1874 Way: 0 Address: 0x1add4b0
  Set: 1875 Way: 0 Address: 0x1add4c0
  Set: 1882 Way: 0 Address: 0x1add694
  Set: 1886 Way: 0 Address: 0x1add780
  Set: 1905 Way: 0 Address: 0x1addc58
  Set: 1913 Way: 0 Address: 0xe51bde60
  Set: 1918 Way: 0 Address: 0xe51bdf90
  Set: 1920 Way: 0 Address: 0x28b67e000
  Set: 1920 Way: 1 Address: 0x1f919e000
  Set: 1923 Way: 0 Address: 0x1f919e0c8
  Set: 1924 Way: 0 Address: 0x1f919e100
  Set: 1928 Way: 0 Address: 0x1f919e220
  Set: 1929 Way: 0 Address: 0x1f919e242
  Set: 1930 Way: 0 Address: 0x1f919e281
  Set: 1931 Way: 0 Address: 0x1f919e2c2
  Set: 1932 Way: 0 Address: 0x1f919e301
  Set: 1933 Way: 0 Address: 0x1f919e370
  Set: 1934 Way: 0 Address: 0x1f919e3a0
  Set: 1936 Way: 0 Address: 0x1f919e435
  Set: 1937 Way: 0 Address: 0x1f919e447
  Set: 1938 Way: 0 Address: 0x1f919e481
  Set: 1939 Way: 0 Address: 0x1f919e4c1
  Set: 1940 Way: 0 Address: 0x1f919e534
  Set: 1941 Way: 0 Address: 0x1f919e541
  Set: 1941 Way: 1 Address: 0x20597e550
  Set: 1942 Way: 0 Address: 0x1f919e582
  Set: 1943 Way: 0 Address: 0x1f919e5c0
  Set: 1943 Way: 1 Address: 0x2c077e5d8
  Set: 1944 Way: 0 Address: 0x1f919e603
  Set: 1945 Way: 0 Address: 0x1f919e641
  Set: 1946 Way: 0 Address: 0x1f919e681
  Set: 1947 Way: 0 Address: 0x1f919e6c4
  Set: 1948 Way: 0 Address: 0x1f919e703
  Set: 1949 Way: 0 Address: 0x1f919e742
  Set: 1950 Way: 0 Address: 0x1f919e7b0
  Set: 1951 Way: 0 Address: 0x1f919e7c1
  Set: 1951 Way: 1 Address: 0x28b67e7f8
  Set: 1952 Way: 0 Address: 0x1f919e800
  Set: 1953 Way: 0 Address: 0x2db79e870
  Set: 1953 Way: 1 Address: 0x1f919e849
  Set: 1957 Way: 0 Address: 0x20597e978
EndCache
