Cache: cpu0_STLB
  Set: 38 Way: 0 Address: 0x20a6f38
  Set: 39 Way: 0 Address: 0x20a7614
  Set: 40 Way: 0 Address: 0x20a8724
  Set: 41 Way: 0 Address: 0x20a9834
  Set: 42 Way: 0 Address: 0x20aa944
  Set: 43 Way: 0 Address: 0x20aba54
  Set: 44 Way: 0 Address: 0x20acb64
  Set: 45 Way: 0 Address: 0x20adc74
  Set: 46 Way: 0 Address: 0x20aed84
  Set: 47 Way: 0 Address: 0x20afe94
  Set: 48 Way: 0 Address: 0x730650
  Set: 48 Way: 1 Address: 0x20b0fa4
  Set: 49 Way: 0 Address: 0x20b1000
  Set: 50 Way: 0 Address: 0x20b20b4
  Set: 51 Way: 0 Address: 0x20b31c4
  Set: 52 Way: 0 Address: 0x20b42d4
  Set: 53 Way: 0 Address: 0x7fff6ec35ffc
  Set: 53 Way: 1 Address: 0x20b53e4
  Set: 54 Way: 0 Address: 0x7fff6ec36020
  Set: 54 Way: 1 Address: 0x20b64f4
  Set: 55 Way: 0 Address: 0x20b7604
  Set: 65 Way: 0 Address: 0x441564
  Set: 96 Way: 0 Address: 0x4608a0
  Set: 96 Way: 1 Address: 0x2960ee4
  Set: 97 Way: 0 Address: 0x7618c8
  Set: 97 Way: 1 Address: 0x296101c
  Set: 98 Way: 0 Address: 0x296209c
  Set: 99 Way: 0 Address: 0x2963000
  Set: 109 Way: 0 Address: 0x1d6d9b8
  Set: 110 Way: 0 Address: 0x1d6eac8
  Set: 112 Way: 0 Address: 0x1d70a10
EndCache
Cache: cpu0_L2C
  Set: 21 Way: 0 Address: 0x2177f0578
  Set: 22 Way: 0 Address: 0x342b405a0
  Set: 37 Way: 0 Address: 0x6e620944
  Set: 38 Way: 0 Address: 0x6e620980
  Set: 39 Way: 0 Address: 0x6e6209c0
  Set: 40 Way: 0 Address: 0x6e620a00
  Set: 41 Way: 0 Address: 0x6e620a40
  Set: 42 Way: 0 Address: 0x6e620a80
  Set: 43 Way: 0 Address: 0x6e620ac0
  Set: 44 Way: 0 Address: 0x28a940b18
  Set: 44 Way: 1 Address: 0x6e620b00
  Set: 49 Way: 0 Address: 0x14bb10c74
  Set: 50 Way: 0 Address: 0x14bb10c80
  Set: 51 Way: 0 Address: 0x14bb10cc0
  Set: 52 Way: 0 Address: 0x14bb10d00
  Set: 53 Way: 0 Address: 0x14bb10d40
  Set: 54 Way: 0 Address: 0x14bb10d80
  Set: 55 Way: 0 Address: 0x14bb10dc0
  Set: 56 Way: 0 Address: 0x14bb10e00
  Set: 57 Way: 0 Address: 0x14bb10e40
  Set: 83 Way: 0 Address: 0x181c814f4
  Set: 84 Way: 0 Address: 0x181c81500
  Set: 85 Way: 0 Address: 0x181c81540
  Set: 86 Way: 0 Address: 0x19c791588
  Set: 86 Way: 1 Address: 0x181c81580
  Set: 87 Way: 0 Address: 0x181c815c0
  Set: 88 Way: 0 Address: 0x181c81600
  Set: 89 Way: 0 Address: 0x181c81640
  Set: 90 Way: 0 Address: 0x181c81680
  Set: 98 Way: 0 Address: 0x2a48418a0
  Set: 99 Way: 0 Address: 0x2a48418c0
  Set: 128 Way: 0 Address: 0x6d0c201c
  Set: 128 Way: 1 Address: 0x1064c2000
  Set: 129 Way: 0 Address: 0x6d0c2040
  Set: 129 Way: 1 Address: 0x1064c2040
  Set: 130 Way: 0 Address: 0x1c84e20a0
  Set: 130 Way: 1 Address: 0x6d0c2080
  Set: 133 Way: 0 Address: 0x6d0c217c
  Set: 134 Way: 0 Address: 0x6d0c2180
  Set: 134 Way: 1 Address: 0x1995f21a8
  Set: 135 Way: 0 Address: 0x6d0c21c0
  Set: 136 Way: 0 Address: 0x6d0c2200
  Set: 139 Way: 0 Address: 0x6d0c22dc
  Set: 140 Way: 0 Address: 0x6d0c2300
  Set: 141 Way: 0 Address: 0x6d0c2340
  Set: 142 Way: 0 Address: 0x9cff2390
  Set: 143 Way: 0 Address: 0x9cff23c0
  Set: 144 Way: 0 Address: 0x9cff242a
  Set: 144 Way: 1 Address: 0x6d0c243c
  Set: 145 Way: 0 Address: 0x9cff2446
  Set: 145 Way: 1 Address: 0x6d0c2440
  Set: 146 Way: 0 Address: 0x9cff2482
  Set: 146 Way: 1 Address: 0x6d0c2480
  Set: 147 Way: 0 Address: 0x9cff24c1
  Set: 147 Way: 1 Address: 0x6d0c24c0
  Set: 148 Way: 0 Address: 0x9cff2501
  Set: 149 Way: 0 Address: 0x9cff2564
  Set: 150 Way: 0 Address: 0x9cff2580
  Set: 150 Way: 1 Address: 0x6d0c259c
  Set: 151 Way: 0 Address: 0x9cff25c8
  Set: 151 Way: 1 Address: 0x6d0c25c0
  Set: 152 Way: 0 Address: 0x9cff2600
  Set: 152 Way: 1 Address: 0x6d0c2600
  Set: 153 Way: 0 Address: 0x9cff2640
  Set: 154 Way: 0 Address: 0x9cff2680
  Set: 155 Way: 0 Address: 0x6d0c26fc
  Set: 156 Way: 0 Address: 0x6d0c2704
  Set: 157 Way: 0 Address: 0x6d0c2740
  Set: 158 Way: 0 Address: 0x6d0c2780
  Set: 161 Way: 0 Address: 0x6d0c2860
  Set: 162 Way: 0 Address: 0x6d0c2880
  Set: 163 Way: 0 Address: 0x6d0c28c0
  Set: 166 Way: 0 Address: 0x6d0c29be
  Set: 167 Way: 0 Address: 0x6d0c29c4
  Set: 168 Way: 0 Address: 0x6d0c2a00
  Set: 169 Way: 0 Address: 0x133c92a54
  Set: 169 Way: 1 Address: 0x6d0c2a40
  Set: 170 Way: 0 Address: 0x133c92a80
  Set: 171 Way: 0 Address: 0x133c92ac0
  Set: 172 Way: 0 Address: 0x6d0c2b1c
  Set: 172 Way: 1 Address: 0x133c92b00
  Set: 173 Way: 0 Address: 0x6d0c2b40
  Set: 173 Way: 1 Address: 0x133c92b40
  Set: 174 Way: 0 Address: 0x6d0c2b80
  Set: 174 Way: 1 Address: 0x133c92b80
  Set: 175 Way: 0 Address: 0x133c92bc0
  Set: 176 Way: 0 Address: 0x133c92c00
  Set: 177 Way: 0 Address: 0x6d0c2c7c
  Set: 178 Way: 0 Address: 0x6d0c2c80
  Set: 179 Way: 0 Address: 0x6d0c2cc0
  Set: 180 Way: 0 Address: 0x6d0c2d00
  Set: 183 Way: 0 Address: 0x6d0c2dde
  Set: 184 Way: 0 Address: 0x6d0c2e00
  Set: 185 Way: 0 Address: 0x6d0c2e40
  Set: 188 Way: 0 Address: 0x6d0c2f3c
  Set: 189 Way: 0 Address: 0x6d0c2f46
  Set: 190 Way: 0 Address: 0x6d0c2f80
  Set: 190 Way: 1 Address: 0x1064c2fa4
  Set: 191 Way: 0 Address: 0x6d0c2fc0
  Set: 191 Way: 1 Address: 0x1064c2fc0
  Set: 192 Way: 0 Address: 0x3c56b3018
  Set: 199 Way: 0 Address: 0x3232f31c4
  Set: 200 Way: 0 Address: 0x3232f3200
  Set: 201 Way: 0 Address: 0x3232f3240
  Set: 202 Way: 0 Address: 0x3232f3280
  Set: 203 Way: 0 Address: 0x3232f32c0
  Set: 204 Way: 0 Address: 0x3232f3300
  Set: 205 Way: 0 Address: 0x3232f3340
  Set: 206 Way: 0 Address: 0x3232f3380
  Set: 207 Way: 0 Address: 0x2577133e4
  Set: 208 Way: 0 Address: 0x257713400
  Set: 209 Way: 0 Address: 0x257713440
  Set: 210 Way: 0 Address: 0x257713480
  Set: 211 Way: 0 Address: 0x2577134c0
  Set: 212 Way: 0 Address: 0x257713500
  Set: 213 Way: 0 Address: 0x2b2e93558
  Set: 213 Way: 1 Address: 0x257713540
  Set: 214 Way: 0 Address: 0x3b08035a8
  Set: 214 Way: 1 Address: 0x257713580
  Set: 235 Way: 0 Address: 0x34a873ac8
  Set: 236 Way: 0 Address: 0x34a873b00
  Set: 237 Way: 0 Address: 0x34a873b40
  Set: 238 Way: 0 Address: 0x34a873b80
  Set: 239 Way: 0 Address: 0x34a873bc0
  Set: 240 Way: 0 Address: 0x34a873c00
  Set: 241 Way: 0 Address: 0x34a873c40
  Set: 242 Way: 0 Address: 0x34a873c80
  Set: 243 Way: 0 Address: 0x34a873cc0
  Set: 268 Way: 0 Address: 0x3de4d4300
  Set: 277 Way: 0 Address: 0x3c1074540
  Set: 284 Way: 0 Address: 0x1ab44724
  Set: 285 Way: 0 Address: 0x1ab44740
  Set: 286 Way: 0 Address: 0x1ab44780
  Set: 287 Way: 0 Address: 0x1ab447c0
  Set: 288 Way: 0 Address: 0x1ab44800
  Set: 289 Way: 0 Address: 0x1ab44840
  Set: 290 Way: 0 Address: 0x1ab44880
  Set: 291 Way: 0 Address: 0x1ab448c0
  Set: 300 Way: 0 Address: 0xb8004b08
  Set: 320 Way: 0 Address: 0x195f15000
  Set: 341 Way: 0 Address: 0x354d35550
  Set: 364 Way: 0 Address: 0x272585b00
  Set: 378 Way: 0 Address: 0x1b0f15e94
  Set: 379 Way: 0 Address: 0x1b0f15ec0
  Set: 380 Way: 0 Address: 0x1b0f15f00
  Set: 381 Way: 0 Address: 0x1b0f15f40
  Set: 382 Way: 0 Address: 0x1b0f15f80
  Set: 383 Way: 0 Address: 0x1b0f15fc0
  Set: 395 Way: 0 Address: 0x3d87a62d4
  Set: 396 Way: 0 Address: 0x3d87a6300
  Set: 397 Way: 0 Address: 0x3d87a6340
  Set: 398 Way: 0 Address: 0x3d87a6380
  Set: 399 Way: 0 Address: 0x3d87a63c0
  Set: 400 Way: 0 Address: 0x3d87a6400
  Set: 401 Way: 0 Address: 0x3d87a6440
  Set: 402 Way: 0 Address: 0x3d87a6480
  Set: 405 Way: 0 Address: 0x84896570
  Set: 406 Way: 0 Address: 0x84896580
  Set: 406 Way: 1 Address: 0x27d4c65b8
  Set: 408 Way: 0 Address: 0x211d16614
  Set: 409 Way: 0 Address: 0x211d16640
  Set: 410 Way: 0 Address: 0x211d16680
  Set: 411 Way: 0 Address: 0x211d166c0
  Set: 412 Way: 0 Address: 0x211d16700
  Set: 413 Way: 0 Address: 0x211d16740
  Set: 414 Way: 0 Address: 0x211d16780
  Set: 415 Way: 0 Address: 0x211d167c0
  Set: 422 Way: 0 Address: 0x43736980
  Set: 444 Way: 0 Address: 0x3dae66f38
  Set: 445 Way: 0 Address: 0x3dae66f40
  Set: 446 Way: 0 Address: 0x3dae66f80
  Set: 447 Way: 0 Address: 0x3dae66fc0
  Set: 469 Way: 0 Address: 0x276ff7560
  Set: 470 Way: 0 Address: 0xbeea7598
  Set: 473 Way: 0 Address: 0x309887650
  Set: 474 Way: 0 Address: 0x309887680
  Set: 513 Way: 0 Address: 0x201598070
  Set: 514 Way: 0 Address: 0x201598080
  Set: 514 Way: 1 Address: 0x2c989809c
  Set: 515 Way: 0 Address: 0x2c98980c0
  Set: 516 Way: 0 Address: 0x2c9898100
  Set: 519 Way: 0 Address: 0x2c98981fc
  Set: 520 Way: 0 Address: 0x2c9898200
  Set: 521 Way: 0 Address: 0x2c9898240
  Set: 522 Way: 0 Address: 0x2c9898280
  Set: 525 Way: 0 Address: 0x2c989835c
  Set: 526 Way: 0 Address: 0x2c9898380
  Set: 527 Way: 0 Address: 0x2c98983c0
  Set: 530 Way: 0 Address: 0x2c98984bc
  Set: 531 Way: 0 Address: 0x2c98984c0
  Set: 532 Way: 0 Address: 0x2c9898500
  Set: 533 Way: 0 Address: 0x2c9898540
  Set: 534 Way: 0 Address: 0x3bdd78580
  Set: 536 Way: 0 Address: 0x2c989861c
  Set: 537 Way: 0 Address: 0x2c9898640
  Set: 538 Way: 0 Address: 0x2c9898680
  Set: 541 Way: 0 Address: 0x2c989877c
  Set: 542 Way: 0 Address: 0x2c9898780
  Set: 543 Way: 0 Address: 0x2c98987c0
  Set: 544 Way: 0 Address: 0x2c9898800
  Set: 547 Way: 0 Address: 0x2c98988dc
  Set: 548 Way: 0 Address: 0x2c9898900
  Set: 549 Way: 0 Address: 0x2c9898940
  Set: 552 Way: 0 Address: 0x2c9898a3e
  Set: 553 Way: 0 Address: 0x2c9898a40
  Set: 554 Way: 0 Address: 0x2c9898a80
  Set: 555 Way: 0 Address: 0x2c9898ac0
  Set: 557 Way: 0 Address: 0xc7078b70
  Set: 558 Way: 0 Address: 0xc7078b80
  Set: 558 Way: 1 Address: 0x2c9898b9c
  Set: 559 Way: 0 Address: 0x2c9898bc0
  Set: 560 Way: 0 Address: 0x2c9898c00
  Set: 563 Way: 0 Address: 0x2c9898cfc
  Set: 564 Way: 0 Address: 0x2c9898d00
  Set: 565 Way: 0 Address: 0x2c9898d40
  Set: 566 Way: 0 Address: 0x2c9898d80
  Set: 569 Way: 0 Address: 0x2c9898e5c
  Set: 570 Way: 0 Address: 0x2c9898e80
  Set: 571 Way: 0 Address: 0x2c9898ec0
  Set: 574 Way: 0 Address: 0x2c9898fbc
  Set: 575 Way: 0 Address: 0x1aafb8fe8
  Set: 575 Way: 1 Address: 0x2c9898fc0
  Set: 576 Way: 0 Address: 0x2c9899000
  Set: 600 Way: 0 Address: 0x312099604
  Set: 601 Way: 0 Address: 0x312099640
  Set: 601 Way: 1 Address: 0x2fa0c967c
  Set: 602 Way: 0 Address: 0x312099680
  Set: 602 Way: 1 Address: 0x2fa0c9686
  Set: 603 Way: 0 Address: 0x2fa0c96c0
  Set: 603 Way: 1 Address: 0x3120996c0
  Set: 604 Way: 0 Address: 0x312099700
  Set: 604 Way: 1 Address: 0x2fa0c9700
  Set: 605 Way: 0 Address: 0x312099740
  Set: 606 Way: 0 Address: 0x312099780
  Set: 607 Way: 0 Address: 0x2fa0c97de
  Set: 607 Way: 1 Address: 0x3120997c0
  Set: 608 Way: 0 Address: 0x2fa0c9800
  Set: 609 Way: 0 Address: 0x2fa0c9840
  Set: 612 Way: 0 Address: 0x2fa0c993c
  Set: 613 Way: 0 Address: 0x2fa0c9940
  Set: 614 Way: 0 Address: 0x2c87499b8
  Set: 614 Way: 1 Address: 0x2fa0c9980
  Set: 615 Way: 0 Address: 0x2c87499c0
  Set: 615 Way: 1 Address: 0x2fa0c99c0
  Set: 616 Way: 0 Address: 0x2c8749a00
  Set: 617 Way: 0 Address: 0x2c8749a40
  Set: 618 Way: 0 Address: 0x2fa0c9a9c
  Set: 618 Way: 1 Address: 0x2c8749a80
  Set: 619 Way: 0 Address: 0x2fa0c9ac0
  Set: 619 Way: 1 Address: 0x2c8749ac0
  Set: 620 Way: 0 Address: 0x2fa0c9b00
  Set: 620 Way: 1 Address: 0x2c8749b00
  Set: 621 Way: 0 Address: 0x2c8749b40
  Set: 622 Way: 0 Address: 0x292959bb0
  Set: 622 Way: 1 Address: 0x2c8749b80
  Set: 623 Way: 0 Address: 0x2fa0c9bfc
  Set: 623 Way: 1 Address: 0x2c8749bc0
  Set: 624 Way: 0 Address: 0x2fa0c9c04
  Set: 625 Way: 0 Address: 0x2fa0c9c40
  Set: 626 Way: 0 Address: 0x2fa0c9c80
  Set: 629 Way: 0 Address: 0x2fa0c9d5c
  Set: 630 Way: 0 Address: 0x2fa0c9d80
  Set: 631 Way: 0 Address: 0x2fa0c9dc0
  Set: 634 Way: 0 Address: 0x2fa0c9ebc
  Set: 635 Way: 0 Address: 0x2fa0c9ee4
  Set: 636 Way: 0 Address: 0x2fa0c9f00
  Set: 637 Way: 0 Address: 0x2ee369f58
  Set: 637 Way: 1 Address: 0x2fa0c9f40
  Set: 638 Way: 0 Address: 0x2ee369fa4
  Set: 639 Way: 0 Address: 0x2ee369ffc
  Set: 640 Way: 0 Address: 0x2ee36a000
  Set: 640 Way: 1 Address: 0xc67da000
  Set: 641 Way: 0 Address: 0xc67da040
  Set: 644 Way: 0 Address: 0xc67da11c
  Set: 645 Way: 0 Address: 0xc67da140
  Set: 646 Way: 0 Address: 0xc67da180
  Set: 648 Way: 0 Address: 0x1d89da208
  Set: 649 Way: 0 Address: 0xc67da27c
  Set: 650 Way: 0 Address: 0xc67da280
  Set: 651 Way: 0 Address: 0xc67da2c0
  Set: 652 Way: 0 Address: 0xc67da300
  Set: 655 Way: 0 Address: 0xc67da3dc
  Set: 656 Way: 0 Address: 0xc67da400
  Set: 657 Way: 0 Address: 0xc67da440
  Set: 660 Way: 0 Address: 0xc67da53c
  Set: 661 Way: 0 Address: 0xc67da540
  Set: 662 Way: 0 Address: 0xc67da580
  Set: 663 Way: 0 Address: 0xc67da5c0
  Set: 666 Way: 0 Address: 0xc67da69c
  Set: 667 Way: 0 Address: 0xc67da6c0
  Set: 668 Way: 0 Address: 0xc67da700
  Set: 671 Way: 0 Address: 0x223eda7f8
  Set: 671 Way: 1 Address: 0xc67da7fc
  Set: 672 Way: 0 Address: 0xc67da800
  Set: 673 Way: 0 Address: 0xc67da840
  Set: 674 Way: 0 Address: 0xc67da880
  Set: 677 Way: 0 Address: 0xc67da95e
  Set: 678 Way: 0 Address: 0xc67da980
  Set: 679 Way: 0 Address: 0xc67da9c0
  Set: 706 Way: 0 Address: 0xc0d9b0b4
  Set: 707 Way: 0 Address: 0xc0d9b0c0
  Set: 708 Way: 0 Address: 0xc0d9b100
  Set: 709 Way: 0 Address: 0xc0d9b140
  Set: 710 Way: 0 Address: 0xc0d9b180
  Set: 711 Way: 0 Address: 0xc0d9b1c0
  Set: 712 Way: 0 Address: 0xc0d9b200
  Set: 713 Way: 0 Address: 0xc0d9b240
  Set: 725 Way: 0 Address: 0x394edb548
  Set: 726 Way: 0 Address: 0x3b377b590
  Set: 749 Way: 0 Address: 0xcf83bb70
  Set: 768 Way: 0 Address: 0xdf85c000
  Set: 768 Way: 1 Address: 0x32f48c000
  Set: 769 Way: 0 Address: 0x32f48c040
  Set: 770 Way: 0 Address: 0x32f48c080
  Set: 771 Way: 0 Address: 0x32f48c0c0
  Set: 772 Way: 0 Address: 0x32f48c100
  Set: 773 Way: 0 Address: 0x32f48c140
  Set: 788 Way: 0 Address: 0x38e35c538
  Set: 800 Way: 0 Address: 0x12c6fc83c
  Set: 801 Way: 0 Address: 0x12c6fc878
  Set: 802 Way: 0 Address: 0x12c6fc8b8
  Set: 803 Way: 0 Address: 0x12c6fc8c0
  Set: 804 Way: 0 Address: 0x12c6fc938
  Set: 805 Way: 0 Address: 0x12c6fc948
  Set: 806 Way: 0 Address: 0x12c6fc984
  Set: 807 Way: 0 Address: 0x12c6fc9fc
  Set: 808 Way: 0 Address: 0x12c6fca10
  Set: 809 Way: 0 Address: 0x12c6fca40
  Set: 810 Way: 0 Address: 0x12c6fca80
  Set: 811 Way: 0 Address: 0x12c6fcac0
  Set: 812 Way: 0 Address: 0x12c6fcb28
  Set: 813 Way: 0 Address: 0x12c6fcb40
  Set: 814 Way: 0 Address: 0x12c6fcb90
  Set: 815 Way: 0 Address: 0x12c6fcbc4
  Set: 816 Way: 0 Address: 0x12c6fcc00
  Set: 838 Way: 0 Address: 0x23755d1b0
  Set: 853 Way: 0 Address: 0x1add568
  Set: 864 Way: 0 Address: 0x5588d834
  Set: 865 Way: 0 Address: 0x5588d840
  Set: 866 Way: 0 Address: 0x5588d880
  Set: 867 Way: 0 Address: 0x5588d8c0
  Set: 868 Way: 0 Address: 0x5588d900
  Set: 869 Way: 0 Address: 0x5588d940
  Set: 870 Way: 0 Address: 0x5588d980
  Set: 871 Way: 0 Address: 0x5588d9c0
  Set: 872 Way: 0 Address: 0x5588da00
  Set: 896 Way: 0 Address: 0x28b67e000
  Set: 896 Way: 1 Address: 0x1f919e010
  Set: 896 Way: 2 Address: 0x2f5d8e020
  Set: 897 Way: 0 Address: 0x1f919e070
  Set: 897 Way: 1 Address: 0x2f5d8e040
  Set: 898 Way: 0 Address: 0x1f919e0a0
  Set: 898 Way: 1 Address: 0x2f5d8e080
  Set: 899 Way: 0 Address: 0x2f5d8e0c0
  Set: 900 Way: 0 Address: 0x2f5d8e100
  Set: 901 Way: 0 Address: 0x2f5d8e140
  Set: 902 Way: 0 Address: 0x2f5d8e180
  Set: 903 Way: 0 Address: 0x2f5d8e1c0
  Set: 904 Way: 0 Address: 0x2f5d8e200
  Set: 927 Way: 0 Address: 0x28b67e7f8
  Set: 940 Way: 0 Address: 0x3734eeb08
  Set: 940 Way: 1 Address: 0x2db79eb10
  Set: 941 Way: 0 Address: 0x1c084eb64
  Set: 941 Way: 1 Address: 0x20597eb68
  Set: 942 Way: 0 Address: 0x1c084eb80
  Set: 943 Way: 0 Address: 0x1c084ebc0
  Set: 944 Way: 0 Address: 0x1c084ec00
  Set: 945 Way: 0 Address: 0x1c084ec40
  Set: 946 Way: 0 Address: 0x1c084ec80
  Set: 947 Way: 0 Address: 0x1c084ecc0
  Set: 948 Way: 0 Address: 0x1c084ed00
  Set: 962 Way: 0 Address: 0xee86f080
  Set: 980 Way: 0 Address: 0x143ef530
  Set: 981 Way: 0 Address: 0x143ef540
  Set: 982 Way: 0 Address: 0x23756f5b0
  Set: 995 Way: 0 Address: 0x16390f8c8
  Set: 996 Way: 0 Address: 0x16390f900
  Set: 1014 Way: 0 Address: 0x22272fd84
  Set: 1015 Way: 0 Address: 0x22272fdc0
  Set: 1016 Way: 0 Address: 0x22272fe00
  Set: 1017 Way: 0 Address: 0x22272fe40
  Set: 1018 Way: 0 Address: 0x22272fe80
  Set: 1019 Way: 0 Address: 0x22272fec0
  Set: 1020 Way: 0 Address: 0x22272ff00
  Set: 1021 Way: 0 Address: 0x22272ff40
EndCache
Cache: cpu0_L1I
  Set: 14 Way: 0 Address: 0x9cff2390
  Set: 15 Way: 0 Address: 0x9cff23f5
  Set: 16 Way: 0 Address: 0x9cff242a
  Set: 17 Way: 0 Address: 0x9cff2465
  Set: 18 Way: 0 Address: 0x9cff249f
  Set: 19 Way: 0 Address: 0x9cff24ea
  Set: 20 Way: 0 Address: 0x9cff2501
  Set: 21 Way: 0 Address: 0x9cff2564
  Set: 23 Way: 0 Address: 0x9cff25fc
  Set: 24 Way: 0 Address: 0x9cff2600
  Set: 25 Way: 0 Address: 0x9cff2645
  Set: 34 Way: 0 Address: 0x2a48418a0
EndCache
Cache: cpu0_L1D
  Set: 0 Way: 0 Address: 0xdf85c000
  Set: 0 Way: 1 Address: 0x28b67e000
  Set: 0 Way: 2 Address: 0x195f15000
  Set: 0 Way: 3 Address: 0x1f919e010
  Set: 0 Way: 4 Address: 0x3c56b3018
  Set: 0 Way: 5 Address: 0x6d0c2028
  Set: 0 Way: 6 Address: 0x2f5d8e02e
  Set: 0 Way: 7 Address: 0xc67da000
  Set: 0 Way: 8 Address: 0x32f48c004
  Set: 0 Way: 9 Address: 0x1064c2000
  Set: 1 Way: 0 Address: 0x1f919e070
  Set: 1 Way: 1 Address: 0x201598070
  Set: 1 Way: 2 Address: 0x2f5d8e07e
  Set: 1 Way: 3 Address: 0x6d0c2050
  Set: 1 Way: 4 Address: 0x32f48c040
  Set: 1 Way: 5 Address: 0x1064c2040
  Set: 2 Way: 0 Address: 0x1f919e0a0
  Set: 2 Way: 1 Address: 0x1c84e20a0
  Set: 2 Way: 2 Address: 0x201598080
  Set: 2 Way: 3 Address: 0x2f5d8e080
  Set: 2 Way: 4 Address: 0xee86f080
  Set: 2 Way: 5 Address: 0x2c98980ba
  Set: 2 Way: 6 Address: 0xc0d9b0b4
  Set: 2 Way: 7 Address: 0x32f48c080
  Set: 3 Way: 0 Address: 0x2f5d8e0c0
  Set: 3 Way: 1 Address: 0x2c98980d2
  Set: 3 Way: 2 Address: 0xc0d9b0c0
  Set: 3 Way: 3 Address: 0x32f48c0c0
  Set: 4 Way: 0 Address: 0x2f5d8e106
  Set: 4 Way: 1 Address: 0xc0d9b100
  Set: 4 Way: 2 Address: 0xc67da136
  Set: 4 Way: 3 Address: 0x32f48c100
  Set: 5 Way: 0 Address: 0x6d0c217c
  Set: 5 Way: 1 Address: 0x2f5d8e142
  Set: 5 Way: 2 Address: 0xc67da150
  Set: 5 Way: 3 Address: 0xc0d9b140
  Set: 5 Way: 4 Address: 0x32f48c140
  Set: 6 Way: 0 Address: 0x6d0c2180
  Set: 6 Way: 1 Address: 0x1995f21a8
  Set: 6 Way: 2 Address: 0x23755d1b0
  Set: 6 Way: 3 Address: 0x2f5d8e192
  Set: 6 Way: 4 Address: 0xc0d9b180
  Set: 7 Way: 0 Address: 0x3232f31c4
  Set: 7 Way: 1 Address: 0x2f5d8e1c6
  Set: 7 Way: 2 Address: 0x2c98981fe
  Set: 7 Way: 3 Address: 0x6d0c21c0
  Set: 7 Way: 4 Address: 0xc0d9b1c0
  Set: 8 Way: 0 Address: 0x1d89da208
  Set: 8 Way: 1 Address: 0x2c9898214
  Set: 8 Way: 2 Address: 0x3232f3200
  Set: 8 Way: 3 Address: 0xc0d9b200
  Set: 9 Way: 0 Address: 0x2c9898240
  Set: 9 Way: 1 Address: 0xc67da27e
  Set: 9 Way: 2 Address: 0x3232f3240
  Set: 9 Way: 3 Address: 0xc0d9b240
  Set: 10 Way: 0 Address: 0xc67da296
  Set: 10 Way: 1 Address: 0x3232f3280
  Set: 11 Way: 0 Address: 0x6d0c22f0
  Set: 11 Way: 1 Address: 0x3d87a62d4
  Set: 11 Way: 2 Address: 0xc67da2c0
  Set: 11 Way: 3 Address: 0x3232f32c0
  Set: 12 Way: 0 Address: 0x3de4d4300
  Set: 12 Way: 1 Address: 0x6d0c2312
  Set: 12 Way: 2 Address: 0x3d87a6300
  Set: 12 Way: 3 Address: 0x3232f3300
  Set: 13 Way: 0 Address: 0x2c9898376
  Set: 13 Way: 1 Address: 0x3d87a6340
  Set: 13 Way: 2 Address: 0x3232f3340
  Set: 14 Way: 0 Address: 0x2c9898394
  Set: 14 Way: 1 Address: 0x3d87a6380
  Set: 14 Way: 2 Address: 0x3232f3380
  Set: 15 Way: 0 Address: 0x2577133e4
  Set: 15 Way: 1 Address: 0xc67da3f4
  Set: 15 Way: 2 Address: 0x3d87a63c0
  Set: 16 Way: 0 Address: 0x6d0c243c
  Set: 16 Way: 1 Address: 0x257713400
  Set: 16 Way: 2 Address: 0xc67da40e
  Set: 16 Way: 3 Address: 0x3d87a6400
  Set: 17 Way: 0 Address: 0x6d0c2440
  Set: 17 Way: 1 Address: 0x257713440
  Set: 17 Way: 2 Address: 0x3d87a6440
  Set: 18 Way: 0 Address: 0x6d0c2480
  Set: 18 Way: 1 Address: 0x2c98984bc
  Set: 18 Way: 2 Address: 0x257713480
  Set: 18 Way: 3 Address: 0x3d87a6480
  Set: 19 Way: 0 Address: 0x181c814f4
  Set: 19 Way: 1 Address: 0x2c98984d6
  Set: 19 Way: 2 Address: 0x2577134c0
  Set: 20 Way: 0 Address: 0x143ef530
  Set: 20 Way: 1 Address: 0x38e35c538
  Set: 20 Way: 2 Address: 0x2c9898502
  Set: 20 Way: 3 Address: 0x181c81500
  Set: 20 Way: 4 Address: 0xc67da53c
  Set: 20 Way: 5 Address: 0x257713500
  Set: 21 Way: 0 Address: 0x143ef568
  Set: 21 Way: 1 Address: 0x394edb548
  Set: 21 Way: 2 Address: 0x3c1074540
  Set: 21 Way: 3 Address: 0x2b2e93558
  Set: 21 Way: 4 Address: 0x276ff7560
  Set: 21 Way: 5 Address: 0x354d35550
  Set: 21 Way: 6 Address: 0x1add568
  Set: 21 Way: 7 Address: 0x84896570
  Set: 21 Way: 8 Address: 0x2177f0578
  Set: 21 Way: 9 Address: 0x181c81540
  Set: 21 Way: 10 Address: 0xc67da554
  Set: 21 Way: 11 Address: 0x257713540
  Set: 22 Way: 0 Address: 0x6d0c25b2
  Set: 22 Way: 1 Address: 0x257713580
  Set: 22 Way: 2 Address: 0xbeea7598
  Set: 22 Way: 3 Address: 0x3b377b590
  Set: 22 Way: 4 Address: 0x3bdd78580
  Set: 22 Way: 5 Address: 0x3b08035a8
  Set: 22 Way: 6 Address: 0x342b405a0
  Set: 22 Way: 7 Address: 0x27d4c65b8
  Set: 22 Way: 8 Address: 0x23756f5b0
  Set: 22 Way: 9 Address: 0x19c791588
  Set: 22 Way: 10 Address: 0xc67da580
  Set: 22 Way: 11 Address: 0x181c81580
  Set: 23 Way: 0 Address: 0x6d0c25d8
  Set: 23 Way: 1 Address: 0x181c815c0
  Set: 24 Way: 0 Address: 0x211d16614
  Set: 24 Way: 1 Address: 0x312099604
  Set: 24 Way: 2 Address: 0x2c989863a
  Set: 24 Way: 3 Address: 0x181c81600
  Set: 25 Way: 0 Address: 0x309887650
  Set: 25 Way: 1 Address: 0x2c989864a
  Set: 25 Way: 2 Address: 0x211d16640
  Set: 25 Way: 3 Address: 0x312099640
  Set: 25 Way: 4 Address: 0x2fa0c967c
  Set: 25 Way: 5 Address: 0x181c81640
  Set: 26 Way: 0 Address: 0x211d16680
  Set: 26 Way: 1 Address: 0xc67da6b4
  Set: 26 Way: 2 Address: 0x312099680
  Set: 26 Way: 3 Address: 0x2fa0c9696
  Set: 26 Way: 4 Address: 0x181c81680
  Set: 27 Way: 0 Address: 0x6d0c26fc
  Set: 27 Way: 1 Address: 0xc67da6d6
  Set: 27 Way: 2 Address: 0x211d166c0
  Set: 27 Way: 3 Address: 0x3120996c0
  Set: 27 Way: 4 Address: 0x2fa0c96c0
  Set: 28 Way: 0 Address: 0x6d0c271a
  Set: 28 Way: 1 Address: 0x1ab44724
  Set: 28 Way: 2 Address: 0x211d16700
  Set: 28 Way: 3 Address: 0x312099700
  Set: 29 Way: 0 Address: 0x6d0c2742
  Set: 29 Way: 1 Address: 0x2c989877c
  Set: 29 Way: 2 Address: 0x1ab44740
  Set: 29 Way: 3 Address: 0x211d16740
  Set: 29 Way: 4 Address: 0x312099740
  Set: 30 Way: 0 Address: 0x2c9898798
  Set: 30 Way: 1 Address: 0x1ab44780
  Set: 30 Way: 2 Address: 0x211d16780
  Set: 30 Way: 3 Address: 0x312099780
  Set: 31 Way: 0 Address: 0x28b67e7f8
  Set: 31 Way: 1 Address: 0x223eda7f8
  Set: 31 Way: 2 Address: 0x2c98987c0
  Set: 31 Way: 3 Address: 0xc67da7fc
  Set: 31 Way: 4 Address: 0x2fa0c97f6
  Set: 31 Way: 5 Address: 0x1ab447c0
  Set: 31 Way: 6 Address: 0x211d167c0
  Set: 31 Way: 7 Address: 0x3120997c0
  Set: 32 Way: 0 Address: 0x5588d834
  Set: 32 Way: 1 Address: 0x12c6fc83c
  Set: 32 Way: 2 Address: 0xc67da818
  Set: 32 Way: 3 Address: 0x2fa0c9800
  Set: 32 Way: 4 Address: 0x1ab44800
  Set: 33 Way: 0 Address: 0x6d0c285c
  Set: 33 Way: 1 Address: 0x12c6fc878
  Set: 33 Way: 2 Address: 0x5588d840
  Set: 33 Way: 3 Address: 0xc67da842
  Set: 33 Way: 4 Address: 0x1ab44840
  Set: 34 Way: 0 Address: 0x12c6fc8b8
  Set: 34 Way: 1 Address: 0x6d0c2898
  Set: 34 Way: 2 Address: 0x5588d880
  Set: 34 Way: 3 Address: 0x1ab44880
  Set: 35 Way: 0 Address: 0x16390f8c8
  Set: 35 Way: 1 Address: 0x12c6fc8d4
  Set: 35 Way: 2 Address: 0x2c98988f4
  Set: 35 Way: 3 Address: 0x5588d8c0
  Set: 35 Way: 4 Address: 0x1ab448c0
  Set: 36 Way: 0 Address: 0x12c6fc938
  Set: 36 Way: 1 Address: 0x2c9898910
  Set: 36 Way: 2 Address: 0x2fa0c993c
  Set: 36 Way: 3 Address: 0x5588d900
  Set: 37 Way: 0 Address: 0x6e620944
  Set: 37 Way: 1 Address: 0x12c6fc948
  Set: 37 Way: 2 Address: 0x2fa0c9958
  Set: 37 Way: 3 Address: 0xc67da974
  Set: 37 Way: 4 Address: 0x5588d940
  Set: 38 Way: 0 Address: 0x43736980
  Set: 38 Way: 1 Address: 0x6d0c29be
  Set: 38 Way: 2 Address: 0x12c6fc984
  Set: 38 Way: 3 Address: 0x2c87499b8
  Set: 38 Way: 4 Address: 0x6e620980
  Set: 38 Way: 5 Address: 0xc67da980
  Set: 38 Way: 6 Address: 0x2fa0c9980
  Set: 38 Way: 7 Address: 0x5588d980
  Set: 39 Way: 0 Address: 0x12c6fc9fc
  Set: 39 Way: 1 Address: 0x6d0c29da
  Set: 39 Way: 2 Address: 0x2c87499c0
  Set: 39 Way: 3 Address: 0x6e6209c0
  Set: 39 Way: 4 Address: 0x5588d9c0
  Set: 40 Way: 0 Address: 0x12c6fca14
  Set: 40 Way: 1 Address: 0x6d0c2a00
  Set: 40 Way: 2 Address: 0x2c9898a3e
  Set: 40 Way: 3 Address: 0x2c8749a00
  Set: 40 Way: 4 Address: 0x6e620a00
  Set: 40 Way: 5 Address: 0x5588da00
  Set: 41 Way: 0 Address: 0x133c92a54
  Set: 41 Way: 1 Address: 0x12c6fca4c
  Set: 41 Way: 2 Address: 0x2c9898a4a
  Set: 41 Way: 3 Address: 0x2c8749a40
  Set: 41 Way: 4 Address: 0x6e620a40
  Set: 42 Way: 0 Address: 0x12c6fca88
  Set: 42 Way: 1 Address: 0x133c92a80
  Set: 42 Way: 2 Address: 0x2c9898a82
  Set: 42 Way: 3 Address: 0x2fa0c9ab4
  Set: 42 Way: 4 Address: 0x2c8749a80
  Set: 42 Way: 5 Address: 0x6e620a80
  Set: 43 Way: 0 Address: 0x34a873ac8
  Set: 43 Way: 1 Address: 0x12c6fcaf4
  Set: 43 Way: 2 Address: 0x133c92ac0
  Set: 43 Way: 3 Address: 0x2fa0c9ac0
  Set: 43 Way: 4 Address: 0x2c8749ac0
  Set: 43 Way: 5 Address: 0x6e620ac0
  Set: 44 Way: 0 Address: 0xb8004b08
  Set: 44 Way: 1 Address: 0x3734eeb08
  Set: 44 Way: 2 Address: 0x6d0c2b36
  Set: 44 Way: 3 Address: 0x2db79eb10
  Set: 44 Way: 4 Address: 0x272585b00
  Set: 44 Way: 5 Address: 0x12c6fcb28
  Set: 44 Way: 6 Address: 0x34a873b00
  Set: 44 Way: 7 Address: 0x28a940b18
  Set: 44 Way: 8 Address: 0x133c92b00
  Set: 44 Way: 9 Address: 0x2c8749b00
  Set: 44 Way: 10 Address: 0x6e620b00
  Set: 45 Way: 0 Address: 0x1c084eb64
  Set: 45 Way: 1 Address: 0xc7078b68
  Set: 45 Way: 2 Address: 0x20597eb68
  Set: 45 Way: 3 Address: 0xcf83bb70
  Set: 45 Way: 4 Address: 0x6d0c2b52
  Set: 45 Way: 5 Address: 0x12c6fcb6c
  Set: 45 Way: 6 Address: 0x34a873b40
  Set: 45 Way: 7 Address: 0x133c92b40
  Set: 45 Way: 8 Address: 0x2c8749b40
  Set: 46 Way: 0 Address: 0xc7078b80
  Set: 46 Way: 1 Address: 0x292959bb0
  Set: 46 Way: 2 Address: 0x12c6fcb90
  Set: 46 Way: 3 Address: 0x1c084eb80
  Set: 46 Way: 4 Address: 0x2c9898bb4
  Set: 46 Way: 5 Address: 0x34a873b80
  Set: 46 Way: 6 Address: 0x133c92b80
  Set: 46 Way: 7 Address: 0x2c8749b80
  Set: 47 Way: 0 Address: 0x12c6fcbc4
  Set: 47 Way: 1 Address: 0x2c9898bce
  Set: 47 Way: 2 Address: 0x1c084ebc0
  Set: 47 Way: 3 Address: 0x2fa0c9bfc
  Set: 47 Way: 4 Address: 0x34a873bc0
  Set: 47 Way: 5 Address: 0x133c92bc0
  Set: 48 Way: 0 Address: 0x2fa0c9c1a
  Set: 48 Way: 1 Address: 0x1c084ec00
  Set: 48 Way: 2 Address: 0x34a873c00
  Set: 48 Way: 3 Address: 0x133c92c00
  Set: 49 Way: 0 Address: 0x14bb10c74
  Set: 49 Way: 1 Address: 0x6d0c2c7e
  Set: 49 Way: 2 Address: 0x1c084ec40
  Set: 49 Way: 3 Address: 0x2fa0c9c40
  Set: 49 Way: 4 Address: 0x34a873c40
  Set: 50 Way: 0 Address: 0x6d0c2c96
  Set: 50 Way: 1 Address: 0x14bb10c80
  Set: 50 Way: 2 Address: 0x1c084ec80
  Set: 50 Way: 3 Address: 0x34a873c80
  Set: 51 Way: 0 Address: 0x6d0c2cc2
  Set: 51 Way: 1 Address: 0x2c9898cfc
  Set: 51 Way: 2 Address: 0x14bb10cc0
  Set: 51 Way: 3 Address: 0x1c084ecc0
  Set: 52 Way: 0 Address: 0x2c9898d16
  Set: 52 Way: 1 Address: 0x14bb10d00
  Set: 52 Way: 2 Address: 0x1c084ed00
  Set: 53 Way: 0 Address: 0x2c9898d40
  Set: 53 Way: 1 Address: 0x2fa0c9d74
  Set: 53 Way: 2 Address: 0x14bb10d40
  Set: 54 Way: 0 Address: 0x22272fd84
  Set: 54 Way: 1 Address: 0x2fa0c9d80
  Set: 54 Way: 2 Address: 0x14bb10d80
  Set: 55 Way: 0 Address: 0x6d0c2df4
  Set: 55 Way: 1 Address: 0x22272fdc0
  Set: 55 Way: 2 Address: 0x14bb10dc0
  Set: 56 Way: 0 Address: 0x6d0c2e14
  Set: 56 Way: 1 Address: 0x22272fe00
  Set: 56 Way: 2 Address: 0x14bb10e00
  Set: 57 Way: 0 Address: 0x2c9898e74
  Set: 57 Way: 1 Address: 0x22272fe40
  Set: 57 Way: 2 Address: 0x14bb10e40
  Set: 58 Way: 0 Address: 0x1b0f15e94
  Set: 58 Way: 1 Address: 0x2c9898e92
  Set: 58 Way: 2 Address: 0x2fa0c9ebc
  Set: 58 Way: 3 Address: 0x22272fe80
  Set: 59 Way: 0 Address: 0x2fa0c9efc
  Set: 59 Way: 1 Address: 0x1b0f15ec0
  Set: 59 Way: 2 Address: 0x22272fec0
  Set: 60 Way: 0 Address: 0x3dae66f38
  Set: 60 Way: 1 Address: 0x6d0c2f3c
  Set: 60 Way: 2 Address: 0x2fa0c9f00
  Set: 60 Way: 3 Address: 0x1b0f15f00
  Set: 60 Way: 4 Address: 0x22272ff00
  Set: 61 Way: 0 Address: 0x2ee369f58
  Set: 61 Way: 1 Address: 0x3dae66f50
  Set: 61 Way: 2 Address: 0x6d0c2f52
  Set: 61 Way: 3 Address: 0x1b0f15f40
  Set: 61 Way: 4 Address: 0x22272ff40
  Set: 62 Way: 0 Address: 0x2ee369fa4
  Set: 62 Way: 1 Address: 0x1064c2fa4
  Set: 62 Way: 2 Address: 0x3dae66f90
  Set: 62 Way: 3 Address: 0x6d0c2f80
  Set: 62 Way: 4 Address: 0x2c9898fbe
  Set: 62 Way: 5 Address: 0x1b0f15f80
  Set: 63 Way: 0 Address: 0x1aafb8fe8
  Set: 63 Way: 1 Address: 0x2ee369fc8
  Set: 63 Way: 2 Address: 0x1064c2fc0
  Set: 63 Way: 3 Address: 0x2c9898fd6
  Set: 63 Way: 4 Address: 0x1b0f15fc0
EndCache
Cache: cpu0_ITLB
  Set: 0 Way: 0 Address: 0x4608a0
  Set: 1 Way: 0 Address: 0x44149f
EndCache
Cache: cpu0_DTLB
  Set: 0 Way: 0 Address: 0x730650
  Set: 0 Way: 1 Address: 0x1d70a14
  Set: 0 Way: 2 Address: 0x20b0fa4
  Set: 0 Way: 3 Address: 0x2960f00
  Set: 1 Way: 0 Address: 0x7618c8
  Set: 1 Way: 1 Address: 0x2961028
  Set: 1 Way: 2 Address: 0x20b1000
  Set: 2 Way: 0 Address: 0x29620ba
  Set: 2 Way: 1 Address: 0x20b20b4
  Set: 3 Way: 0 Address: 0x20b31c4
  Set: 3 Way: 1 Address: 0x2963000
  Set: 4 Way: 0 Address: 0x20b42d4
  Set: 5 Way: 0 Address: 0x7fff6ec35fe0
  Set: 5 Way: 1 Address: 0x20b53e4
  Set: 6 Way: 0 Address: 0x7fff6ec3607e
  Set: 6 Way: 1 Address: 0x20a6f38
  Set: 6 Way: 2 Address: 0x20b64f4
  Set: 7 Way: 0 Address: 0x20a7614
  Set: 7 Way: 1 Address: 0x20b7604
  Set: 8 Way: 0 Address: 0x20a8724
  Set: 9 Way: 0 Address: 0x20a9834
  Set: 10 Way: 0 Address: 0x20aa944
  Set: 11 Way: 0 Address: 0x20aba54
  Set: 12 Way: 0 Address: 0x20acb64
  Set: 13 Way: 0 Address: 0x20adc74
  Set: 13 Way: 1 Address: 0x1d6d9b8
  Set: 14 Way: 0 Address: 0x20aed84
  Set: 14 Way: 1 Address: 0x1d6eac8
  Set: 15 Way: 0 Address: 0x20afe94
EndCache
Cache: LLC
  Set: 22 Way: 0 Address: 0x342b405a0
  Set: 37 Way: 0 Address: 0x6e620944
  Set: 38 Way: 0 Address: 0x6e620980
  Set: 39 Way: 0 Address: 0x6e6209c0
  Set: 40 Way: 0 Address: 0x6e620a00
  Set: 41 Way: 0 Address: 0x6e620a40
  Set: 42 Way: 0 Address: 0x6e620a80
  Set: 43 Way: 0 Address: 0x6e620ac0
  Set: 44 Way: 0 Address: 0x28a940b18
  Set: 44 Way: 1 Address: 0x6e620b00
  Set: 83 Way: 0 Address: 0x181c814f4
  Set: 84 Way: 0 Address: 0x181c81500
  Set: 85 Way: 0 Address: 0x181c81540
  Set: 86 Way: 0 Address: 0x181c81580
  Set: 87 Way: 0 Address: 0x181c815c0
  Set: 88 Way: 0 Address: 0x181c81600
  Set: 89 Way: 0 Address: 0x181c81640
  Set: 90 Way: 0 Address: 0x181c81680
  Set: 98 Way: 0 Address: 0x2a48418a0
  Set: 99 Way: 0 Address: 0x2a48418c0
  Set: 128 Way: 0 Address: 0x6d0c201c
  Set: 128 Way: 1 Address: 0x1064c2000
  Set: 129 Way: 0 Address: 0x6d0c2040
  Set: 129 Way: 1 Address: 0x1064c2040
  Set: 130 Way: 0 Address: 0x1c84e20a0
  Set: 130 Way: 1 Address: 0x6d0c2080
  Set: 133 Way: 0 Address: 0x6d0c217c
  Set: 134 Way: 0 Address: 0x6d0c2180
  Set: 135 Way: 0 Address: 0x6d0c21c0
  Set: 136 Way: 0 Address: 0x6d0c2200
  Set: 139 Way: 0 Address: 0x6d0c22dc
  Set: 140 Way: 0 Address: 0x6d0c2300
  Set: 141 Way: 0 Address: 0x6d0c2340
  Set: 144 Way: 0 Address: 0x6d0c243c
  Set: 145 Way: 0 Address: 0x6d0c2440
  Set: 146 Way: 0 Address: 0x6d0c2480
  Set: 147 Way: 0 Address: 0x6d0c24c0
  Set: 150 Way: 0 Address: 0x6d0c259c
  Set: 151 Way: 0 Address: 0x6d0c25c0
  Set: 152 Way: 0 Address: 0x6d0c2600
  Set: 155 Way: 0 Address: 0x6d0c26fc
  Set: 156 Way: 0 Address: 0x6d0c2704
  Set: 157 Way: 0 Address: 0x6d0c2740
  Set: 158 Way: 0 Address: 0x6d0c2780
  Set: 161 Way: 0 Address: 0x6d0c2860
  Set: 162 Way: 0 Address: 0x6d0c2880
  Set: 163 Way: 0 Address: 0x6d0c28c0
  Set: 166 Way: 0 Address: 0x6d0c29be
  Set: 167 Way: 0 Address: 0x6d0c29c4
  Set: 168 Way: 0 Address: 0x6d0c2a00
  Set: 169 Way: 0 Address: 0x6d0c2a40
  Set: 172 Way: 0 Address: 0x6d0c2b1c
  Set: 173 Way: 0 Address: 0x6d0c2b40
  Set: 174 Way: 0 Address: 0x6d0c2b80
  Set: 177 Way: 0 Address: 0x6d0c2c7c
  Set: 178 Way: 0 Address: 0x6d0c2c80
  Set: 179 Way: 0 Address: 0x6d0c2cc0
  Set: 180 Way: 0 Address: 0x6d0c2d00
  Set: 183 Way: 0 Address: 0x6d0c2dde
  Set: 184 Way: 0 Address: 0x6d0c2e00
  Set: 185 Way: 0 Address: 0x6d0c2e40
  Set: 188 Way: 0 Address: 0x6d0c2f3c
  Set: 189 Way: 0 Address: 0x6d0c2f46
  Set: 190 Way: 0 Address: 0x6d0c2f80
  Set: 190 Way: 1 Address: 0x1064c2fa4
  Set: 191 Way: 0 Address: 0x6d0c2fc0
  Set: 191 Way: 1 Address: 0x1064c2fc0
  Set: 214 Way: 0 Address: 0x3b08035a8
  Set: 284 Way: 0 Address: 0x1ab44724
  Set: 285 Way: 0 Address: 0x1ab44740
  Set: 286 Way: 0 Address: 0x1ab44780
  Set: 287 Way: 0 Address: 0x1ab447c0
  Set: 288 Way: 0 Address: 0x1ab44800
  Set: 289 Way: 0 Address: 0x1ab44840
  Set: 290 Way: 0 Address: 0x1ab44880
  Set: 291 Way: 0 Address: 0x1ab448c0
  Set: 300 Way: 0 Address: 0xb8004b08
  Set: 364 Way: 0 Address: 0x272585b00
  Set: 395 Way: 0 Address: 0x3d87a62d4
  Set: 396 Way: 0 Address: 0x3d87a6300
  Set: 397 Way: 0 Address: 0x3d87a6340
  Set: 398 Way: 0 Address: 0x3d87a6380
  Set: 399 Way: 0 Address: 0x3d87a63c0
  Set: 400 Way: 0 Address: 0x3d87a6400
  Set: 401 Way: 0 Address: 0x3d87a6440
  Set: 402 Way: 0 Address: 0x3d87a6480
  Set: 406 Way: 0 Address: 0x27d4c65b8
  Set: 444 Way: 0 Address: 0x3dae66f38
  Set: 445 Way: 0 Address: 0x3dae66f40
  Set: 446 Way: 0 Address: 0x3dae66f80
  Set: 447 Way: 0 Address: 0x3dae66fc0
  Set: 470 Way: 0 Address: 0xbeea7598
  Set: 473 Way: 0 Address: 0x309887650
  Set: 474 Way: 0 Address: 0x309887680
  Set: 601 Way: 0 Address: 0x2fa0c967c
  Set: 602 Way: 0 Address: 0x2fa0c9686
  Set: 603 Way: 0 Address: 0x2fa0c96c0
  Set: 604 Way: 0 Address: 0x2fa0c9700
  Set: 607 Way: 0 Address: 0x2fa0c97de
  Set: 608 Way: 0 Address: 0x2fa0c9800
  Set: 609 Way: 0 Address: 0x2fa0c9840
  Set: 612 Way: 0 Address: 0x2fa0c993c
  Set: 613 Way: 0 Address: 0x2fa0c9940
  Set: 614 Way: 0 Address: 0x2c87499b8
  Set: 614 Way: 1 Address: 0x2fa0c9980
  Set: 615 Way: 0 Address: 0x2c87499c0
  Set: 615 Way: 1 Address: 0x2fa0c99c0
  Set: 616 Way: 0 Address: 0x2c8749a00
  Set: 617 Way: 0 Address: 0x2c8749a40
  Set: 618 Way: 0 Address: 0x2fa0c9a9c
  Set: 618 Way: 1 Address: 0x2c8749a80
  Set: 619 Way: 0 Address: 0x2fa0c9ac0
  Set: 619 Way: 1 Address: 0x2c8749ac0
  Set: 620 Way: 0 Address: 0x2fa0c9b00
  Set: 620 Way: 1 Address: 0x2c8749b00
  Set: 621 Way: 0 Address: 0x2c8749b40
  Set: 622 Way: 0 Address: 0x2c8749b80
  Set: 623 Way: 0 Address: 0x2fa0c9bfc
  Set: 623 Way: 1 Address: 0x2c8749bc0
  Set: 624 Way: 0 Address: 0x2fa0c9c04
  Set: 625 Way: 0 Address: 0x2fa0c9c40
  Set: 626 Way: 0 Address: 0x2fa0c9c80
  Set: 629 Way: 0 Address: 0x2fa0c9d5c
  Set: 630 Way: 0 Address: 0x2fa0c9d80
  Set: 631 Way: 0 Address: 0x2fa0c9dc0
  Set: 634 Way: 0 Address: 0x2fa0c9ebc
  Set: 635 Way: 0 Address: 0x2fa0c9ee4
  Set: 636 Way: 0 Address: 0x2fa0c9f00
  Set: 637 Way: 0 Address: 0x2ee369f58
  Set: 637 Way: 1 Address: 0x2fa0c9f40
  Set: 638 Way: 0 Address: 0x2ee369fa4
  Set: 639 Way: 0 Address: 0x2ee369ffc
  Set: 640 Way: 0 Address: 0x2ee36a000
  Set: 768 Way: 0 Address: 0x32f48c000
  Set: 769 Way: 0 Address: 0x32f48c040
  Set: 770 Way: 0 Address: 0x32f48c080
  Set: 771 Way: 0 Address: 0x32f48c0c0
  Set: 772 Way: 0 Address: 0x32f48c100
  Set: 773 Way: 0 Address: 0x32f48c140
  Set: 864 Way: 0 Address: 0x5588d834
  Set: 865 Way: 0 Address: 0x5588d840
  Set: 866 Way: 0 Address: 0x5588d880
  Set: 867 Way: 0 Address: 0x5588d8c0
  Set: 868 Way: 0 Address: 0x5588d900
  Set: 869 Way: 0 Address: 0x5588d940
  Set: 870 Way: 0 Address: 0x5588d980
  Set: 871 Way: 0 Address: 0x5588d9c0
  Set: 872 Way: 0 Address: 0x5588da00
  Set: 896 Way: 0 Address: 0x2f5d8e020
  Set: 897 Way: 0 Address: 0x2f5d8e040
  Set: 898 Way: 0 Address: 0x2f5d8e080
  Set: 899 Way: 0 Address: 0x2f5d8e0c0
  Set: 900 Way: 0 Address: 0x2f5d8e100
  Set: 901 Way: 0 Address: 0x2f5d8e140
  Set: 902 Way: 0 Address: 0x2f5d8e180
  Set: 903 Way: 0 Address: 0x2f5d8e1c0
  Set: 904 Way: 0 Address: 0x2f5d8e200
  Set: 940 Way: 0 Address: 0x3734eeb08
  Set: 941 Way: 0 Address: 0x1c084eb64
  Set: 942 Way: 0 Address: 0x1c084eb80
  Set: 943 Way: 0 Address: 0x1c084ebc0
  Set: 944 Way: 0 Address: 0x1c084ec00
  Set: 945 Way: 0 Address: 0x1c084ec40
  Set: 946 Way: 0 Address: 0x1c084ec80
  Set: 947 Way: 0 Address: 0x1c084ecc0
  Set: 948 Way: 0 Address: 0x1c084ed00
  Set: 962 Way: 0 Address: 0xee86f080
  Set: 980 Way: 0 Address: 0x143ef530
  Set: 981 Way: 0 Address: 0x143ef540
  Set: 982 Way: 0 Address: 0x23756f5b0
  Set: 995 Way: 0 Address: 0x16390f8c8
  Set: 996 Way: 0 Address: 0x16390f900
  Set: 1014 Way: 0 Address: 0x22272fd84
  Set: 1015 Way: 0 Address: 0x22272fdc0
  Set: 1016 Way: 0 Address: 0x22272fe00
  Set: 1017 Way: 0 Address: 0x22272fe40
  Set: 1018 Way: 0 Address: 0x22272fe80
  Set: 1019 Way: 0 Address: 0x22272fec0
  Set: 1020 Way: 0 Address: 0x22272ff00
  Set: 1021 Way: 0 Address: 0x22272ff40
  Set: 1045 Way: 0 Address: 0x2177f0578
  Set: 1073 Way: 0 Address: 0x14bb10c74
  Set: 1074 Way: 0 Address: 0x14bb10c80
  Set: 1075 Way: 0 Address: 0x14bb10cc0
  Set: 1076 Way: 0 Address: 0x14bb10d00
  Set: 1077 Way: 0 Address: 0x14bb10d40
  Set: 1078 Way: 0 Address: 0x14bb10d80
  Set: 1079 Way: 0 Address: 0x14bb10dc0
  Set: 1080 Way: 0 Address: 0x14bb10e00
  Set: 1081 Way: 0 Address: 0x14bb10e40
  Set: 1110 Way: 0 Address: 0x19c791588
  Set: 1158 Way: 0 Address: 0x1995f21a8
  Set: 1166 Way: 0 Address: 0x9cff2390
  Set: 1167 Way: 0 Address: 0x9cff23c0
  Set: 1168 Way: 0 Address: 0x9cff242a
  Set: 1169 Way: 0 Address: 0x9cff2446
  Set: 1170 Way: 0 Address: 0x9cff2482
  Set: 1171 Way: 0 Address: 0x9cff24c1
  Set: 1172 Way: 0 Address: 0x9cff2501
  Set: 1173 Way: 0 Address: 0x9cff2564
  Set: 1174 Way: 0 Address: 0x9cff2580
  Set: 1175 Way: 0 Address: 0x9cff25c8
  Set: 1176 Way: 0 Address: 0x9cff2600
  Set: 1177 Way: 0 Address: 0x9cff2640
  Set: 1178 Way: 0 Address: 0x9cff2680
  Set: 1193 Way: 0 Address: 0x133c92a54
  Set: 1194 Way: 0 Address: 0x133c92a80
  Set: 1195 Way: 0 Address: 0x133c92ac0
  Set: 1196 Way: 0 Address: 0x133c92b00
  Set: 1197 Way: 0 Address: 0x133c92b40
  Set: 1198 Way: 0 Address: 0x133c92b80
  Set: 1199 Way: 0 Address: 0x133c92bc0
  Set: 1200 Way: 0 Address: 0x133c92c00
  Set: 1216 Way: 0 Address: 0x3c56b3018
  Set: 1223 Way: 0 Address: 0x3232f31c4
  Set: 1224 Way: 0 Address: 0x3232f3200
  Set: 1225 Way: 0 Address: 0x3232f3240
  Set: 1226 Way: 0 Address: 0x3232f3280
  Set: 1227 Way: 0 Address: 0x3232f32c0
  Set: 1228 Way: 0 Address: 0x3232f3300
  Set: 1229 Way: 0 Address: 0x3232f3340
  Set: 1230 Way: 0 Address: 0x3232f3380
  Set: 1231 Way: 0 Address: 0x2577133e4
  Set: 1232 Way: 0 Address: 0x257713400
  Set: 1233 Way: 0 Address: 0x257713440
  Set: 1234 Way: 0 Address: 0x257713480
  Set: 1235 Way: 0 Address: 0x2577134c0
  Set: 1236 Way: 0 Address: 0x257713500
  Set: 1237 Way: 0 Address: 0x2b2e93558
  Set: 1237 Way: 1 Address: 0x257713540
  Set: 1238 Way: 0 Address: 0x257713580
  Set: 1259 Way: 0 Address: 0x34a873ac8
  Set: 1260 Way: 0 Address: 0x34a873b00
  Set: 1261 Way: 0 Address: 0x34a873b40
  Set: 1262 Way: 0 Address: 0x34a873b80
  Set: 1263 Way: 0 Address: 0x34a873bc0
  Set: 1264 Way: 0 Address: 0x34a873c00
  Set: 1265 Way: 0 Address: 0x34a873c40
  Set: 1266 Way: 0 Address: 0x34a873c80
  Set: 1267 Way: 0 Address: 0x34a873cc0
  Set: 1292 Way: 0 Address: 0x3de4d4300
  Set: 1301 Way: 0 Address: 0x3c1074540
  Set: 1344 Way: 0 Address: 0x195f15000
  Set: 1365 Way: 0 Address: 0x354d35550
  Set: 1402 Way: 0 Address: 0x1b0f15e94
  Set: 1403 Way: 0 Address: 0x1b0f15ec0
  Set: 1404 Way: 0 Address: 0x1b0f15f00
  Set: 1405 Way: 0 Address: 0x1b0f15f40
  Set: 1406 Way: 0 Address: 0x1b0f15f80
  Set: 1407 Way: 0 Address: 0x1b0f15fc0
  Set: 1429 Way: 0 Address: 0x84896570
  Set: 1430 Way: 0 Address: 0x84896580
  Set: 1432 Way: 0 Address: 0x211d16614
  Set: 1433 Way: 0 Address: 0x211d16640
  Set: 1434 Way: 0 Address: 0x211d16680
  Set: 1435 Way: 0 Address: 0x211d166c0
  Set: 1436 Way: 0 Address: 0x211d16700
  Set: 1437 Way: 0 Address: 0x211d16740
  Set: 1438 Way: 0 Address: 0x211d16780
  Set: 1439 Way: 0 Address: 0x211d167c0
  Set: 1446 Way: 0 Address: 0x43736980
  Set: 1493 Way: 0 Address: 0x276ff7560
  Set: 1537 Way: 0 Address: 0x201598070
  Set: 1538 Way: 0 Address: 0x201598080
  Set: 1538 Way: 1 Address: 0x2c989809c
  Set: 1539 Way: 0 Address: 0x2c98980c0
  Set: 1540 Way: 0 Address: 0x2c9898100
  Set: 1543 Way: 0 Address: 0x2c98981fc
  Set: 1544 Way: 0 Address: 0x2c9898200
  Set: 1545 Way: 0 Address: 0x2c9898240
  Set: 1546 Way: 0 Address: 0x2c9898280
  Set: 1549 Way: 0 Address: 0x2c989835c
  Set: 1550 Way: 0 Address: 0x2c9898380
  Set: 1551 Way: 0 Address: 0x2c98983c0
  Set: 1554 Way: 0 Address: 0x2c98984bc
  Set: 1555 Way: 0 Address: 0x2c98984c0
  Set: 1556 Way: 0 Address: 0x2c9898500
  Set: 1557 Way: 0 Address: 0x2c9898540
  Set: 1558 Way: 0 Address: 0x3bdd78580
  Set: 1560 Way: 0 Address: 0x2c989861c
  Set: 1561 Way: 0 Address: 0x2c9898640
  Set: 1562 Way: 0 Address: 0x2c9898680
  Set: 1565 Way: 0 Address: 0x2c989877c
  Set: 1566 Way: 0 Address: 0x2c9898780
  Set: 1567 Way: 0 Address: 0x2c98987c0
  Set: 1568 Way: 0 Address: 0x2c9898800
  Set: 1571 Way: 0 Address: 0x2c98988dc
  Set: 1572 Way: 0 Address: 0x2c9898900
  Set: 1573 Way: 0 Address: 0x2c9898940
  Set: 1576 Way: 0 Address: 0x2c9898a3e
  Set: 1577 Way: 0 Address: 0x2c9898a40
  Set: 1578 Way: 0 Address: 0x2c9898a80
  Set: 1579 Way: 0 Address: 0x2c9898ac0
  Set: 1581 Way: 0 Address: 0xc7078b70
  Set: 1582 Way: 0 Address: 0xc7078b80
  Set: 1582 Way: 1 Address: 0x2c9898b9c
  Set: 1583 Way: 0 Address: 0x2c9898bc0
  Set: 1584 Way: 0 Address: 0x2c9898c00
  Set: 1587 Way: 0 Address: 0x2c9898cfc
  Set: 1588 Way: 0 Address: 0x2c9898d00
  Set: 1589 Way: 0 Address: 0x2c9898d40
  Set: 1590 Way: 0 Address: 0x2c9898d80
  Set: 1593 Way: 0 Address: 0x2c9898e5c
  Set: 1594 Way: 0 Address: 0x2c9898e80
  Set: 1595 Way: 0 Address: 0x2c9898ec0
  Set: 1598 Way: 0 Address: 0x2c9898fbc
  Set: 1599 Way: 0 Address: 0x1aafb8fe8
  Set: 1599 Way: 1 Address: 0x2c9898fc0
  Set: 1600 Way: 0 Address: 0x2c9899000
  Set: 1624 Way: 0 Address: 0x312099604
  Set: 1625 Way: 0 Address: 0x312099640
  Set: 1626 Way: 0 Address: 0x312099680
  Set: 1627 Way: 0 Address: 0x3120996c0
  Set: 1628 Way: 0 Address: 0x312099700
  Set: 1629 Way: 0 Address: 0x312099740
  Set: 1630 Way: 0 Address: 0x312099780
  Set: 1631 Way: 0 Address: 0x3120997c0
  Set: 1646 Way: 0 Address: 0x292959bb0
  Set: 1664 Way: 0 Address: 0xc67da000
  Set: 1665 Way: 0 Address: 0xc67da040
  Set: 1668 Way: 0 Address: 0xc67da11c
  Set: 1669 Way: 0 Address: 0xc67da140
  Set: 1670 Way: 0 Address: 0xc67da180
  Set: 1672 Way: 0 Address: 0x1d89da208
  Set: 1673 Way: 0 Address: 0xc67da27c
  Set: 1674 Way: 0 Address: 0xc67da280
  Set: 1675 Way: 0 Address: 0xc67da2c0
  Set: 1676 Way: 0 Address: 0xc67da300
  Set: 1679 Way: 0 Address: 0xc67da3dc
  Set: 1680 Way: 0 Address: 0xc67da400
  Set: 1681 Way: 0 Address: 0xc67da440
  Set: 1684 Way: 0 Address: 0xc67da53c
  Set: 1685 Way: 0 Address: 0xc67da540
  Set: 1686 Way: 0 Address: 0xc67da580
  Set: 1687 Way: 0 Address: 0xc67da5c0
  Set: 1690 Way: 0 Address: 0xc67da69c
  Set: 1691 Way: 0 Address: 0xc67da6c0
  Set: 1692 Way: 0 Address: 0xc67da700
  Set: 1695 Way: 0 Address: 0x223eda7f8
  Set: 1695 Way: 1 Address: 0xc67da7fc
  Set: 1696 Way: 0 Address: 0xc67da800
  Set: 1697 Way: 0 Address: 0xc67da840
  Set: 1698 Way: 0 Address: 0xc67da880
  Set: 1701 Way: 0 Address: 0xc67da95e
  Set: 1702 Way: 0 Address: 0xc67da980
  Set: 1703 Way: 0 Address: 0xc67da9c0
  Set: 1730 Way: 0 Address: 0xc0d9b0b4
  Set: 1731 Way: 0 Address: 0xc0d9b0c0
  Set: 1732 Way: 0 Address: 0xc0d9b100
  Set: 1733 Way: 0 Address: 0xc0d9b140
  Set: 1734 Way: 0 Address: 0xc0d9b180
  Set: 1735 Way: 0 Address: 0xc0d9b1c0
  Set: 1736 Way: 0 Address: 0xc0d9b200
  Set: 1737 Way: 0 Address: 0xc0d9b240
  Set: 1749 Way: 0 Address: 0x394edb548
  Set: 1750 Way: 0 Address: 0x3b377b590
  Set: 1773 Way: 0 Address: 0xcf83bb70
  Set: 1792 Way: 0 Address: 0xdf85c000
  Set: 1812 Way: 0 Address: 0x38e35c538
  Set: 1824 Way: 0 Address: 0x12c6fc83c
  Set: 1825 Way: 0 Address: 0x12c6fc878
  Set: 1826 Way: 0 Address: 0x12c6fc8b8
  Set: 1827 Way: 0 Address: 0x12c6fc8c0
  Set: 1828 Way: 0 Address: 0x12c6fc900
  Set: 1829 Way: 0 Address: 0x12c6fc948
  Set: 1830 Way: 0 Address: 0x12c6fc984
  Set: 1831 Way: 0 Address: 0x12c6fc9fc
  Set: 1832 Way: 0 Address: 0x12c6fca10
  Set: 1833 Way: 0 Address: 0x12c6fca40
  Set: 1834 Way: 0 Address: 0x12c6fca80
  Set: 1835 Way: 0 Address: 0x12c6fcac0
  Set: 1836 Way: 0 Address: 0x12c6fcb28
  Set: 1837 Way: 0 Address: 0x12c6fcb40
  Set: 1838 Way: 0 Address: 0x12c6fcb80
  Set: 1839 Way: 0 Address: 0x12c6fcbc4
  Set: 1840 Way: 0 Address: 0x12c6fcc00
  Set: 1862 Way: 0 Address: 0x23755d1b0
  Set: 1877 Way: 0 Address: 0x1add568
  Set: 1920 Way: 0 Address: 0x28b67e000
  Set: 1920 Way: 1 Address: 0x1f919e010
  Set: 1921 Way: 0 Address: 0x1f919e070
  Set: 1922 Way: 0 Address: 0x1f919e0a0
  Set: 1951 Way: 0 Address: 0x28b67e7f8
  Set: 1964 Way: 0 Address: 0x2db79eb10
  Set: 1965 Way: 0 Address: 0x20597eb68
EndCache
