Cache: cpu0_STLB
  Set: 0 Way: 0 Address: 0x400430
  Set: 3 Way: 0 Address: 0x403cb0
  Set: 5 Way: 0 Address: 0x405bc6
  Set: 6 Way: 0 Address: 0x406351
  Set: 27 Way: 0 Address: 0x69b244
  Set: 27 Way: 1 Address: 0x41bd60
  Set: 28 Way: 0 Address: 0x69c448
  Set: 31 Way: 0 Address: 0x7f4ad141fef3
  Set: 31 Way: 1 Address: 0x69f688
  Set: 32 Way: 0 Address: 0x7f4ad1420000
  Set: 49 Way: 0 Address: 0x14b18dc
  Set: 61 Way: 0 Address: 0x7f4b012bdaa0
  Set: 62 Way: 0 Address: 0x7f4b012be000
  Set: 97 Way: 0 Address: 0x7ffec61e1f07
  Set: 98 Way: 0 Address: 0x7ffec61e2000
  Set: 99 Way: 0 Address: 0x7ffec61e3000
EndCache
Cache: cpu0_L2C
  Set: 64 Way: 0 Address: 0x113201028
  Set: 86 Way: 0 Address: 0x2a4841588
  Set: 124 Way: 0 Address: 0xf6e81f10
  Set: 128 Way: 0 Address: 0x9cff2018
  Set: 128 Way: 1 Address: 0x6d0c2000
  Set: 128 Way: 2 Address: 0x1995f2000
  Set: 129 Way: 0 Address: 0x6d0c2040
  Set: 129 Way: 1 Address: 0x1995f2040
  Set: 130 Way: 0 Address: 0x6d0c2080
  Set: 130 Way: 1 Address: 0x1995f2080
  Set: 131 Way: 0 Address: 0x6d0c20c0
  Set: 131 Way: 1 Address: 0x1995f20c0
  Set: 132 Way: 0 Address: 0x6d0c2100
  Set: 132 Way: 1 Address: 0x1995f2100
  Set: 133 Way: 0 Address: 0x6d0c2141
  Set: 133 Way: 1 Address: 0x1995f2140
  Set: 134 Way: 0 Address: 0x1c84e2180
  Set: 134 Way: 1 Address: 0x6d0c2180
  Set: 134 Way: 2 Address: 0x1995f2180
  Set: 135 Way: 0 Address: 0x6d0c21c0
  Set: 135 Way: 1 Address: 0x1995f21c0
  Set: 136 Way: 0 Address: 0x6d0c2200
  Set: 136 Way: 1 Address: 0x1995f2200
  Set: 137 Way: 0 Address: 0x6d0c2240
  Set: 137 Way: 1 Address: 0x1995f2240
  Set: 138 Way: 0 Address: 0x6d0c2280
  Set: 138 Way: 1 Address: 0x1995f2280
  Set: 139 Way: 0 Address: 0x6d0c22c0
  Set: 139 Way: 1 Address: 0x1995f22c0
  Set: 140 Way: 0 Address: 0x6d0c2300
  Set: 140 Way: 1 Address: 0x1995f2300
  Set: 141 Way: 0 Address: 0x6d0c2340
  Set: 141 Way: 1 Address: 0x1995f2340
  Set: 142 Way: 0 Address: 0x6d0c2380
  Set: 142 Way: 1 Address: 0x1995f2380
  Set: 143 Way: 0 Address: 0x6d0c23c0
  Set: 143 Way: 1 Address: 0x1995f23c0
  Set: 144 Way: 0 Address: 0x6d0c2400
  Set: 144 Way: 1 Address: 0x1995f2400
  Set: 145 Way: 0 Address: 0x6d0c2440
  Set: 146 Way: 0 Address: 0x6d0c2480
  Set: 147 Way: 0 Address: 0x6d0c24c0
  Set: 148 Way: 0 Address: 0x6d0c2500
  Set: 149 Way: 0 Address: 0x6d0c2540
  Set: 150 Way: 0 Address: 0x6d0c2580
  Set: 151 Way: 0 Address: 0x6d0c25c0
  Set: 152 Way: 0 Address: 0x6d0c2600
  Set: 153 Way: 0 Address: 0x6d0c2640
  Set: 154 Way: 0 Address: 0x6d0c2680
  Set: 155 Way: 0 Address: 0x6d0c26c0
  Set: 156 Way: 0 Address: 0x6d0c2700
  Set: 157 Way: 0 Address: 0x6d0c2740
  Set: 158 Way: 0 Address: 0x6d0c2780
  Set: 159 Way: 0 Address: 0x6d0c27c0
  Set: 160 Way: 0 Address: 0x6d0c2800
  Set: 161 Way: 0 Address: 0x6d0c2840
  Set: 162 Way: 0 Address: 0x6d0c2880
  Set: 163 Way: 0 Address: 0x6d0c28c0
  Set: 164 Way: 0 Address: 0x6d0c2900
  Set: 165 Way: 0 Address: 0x6d0c2940
  Set: 166 Way: 0 Address: 0x6d0c2980
  Set: 167 Way: 0 Address: 0x6d0c29c0
  Set: 168 Way: 0 Address: 0x6d0c2a00
  Set: 169 Way: 0 Address: 0x6d0c2a40
  Set: 170 Way: 0 Address: 0x6d0c2a80
  Set: 171 Way: 0 Address: 0x6d0c2ac0
  Set: 172 Way: 0 Address: 0x6d0c2b00
  Set: 173 Way: 0 Address: 0x6d0c2b40
  Set: 174 Way: 0 Address: 0x6d0c2b80
  Set: 193 Way: 0 Address: 0x263c13050
  Set: 195 Way: 0 Address: 0x2b2e930d8
  Set: 211 Way: 0 Address: 0x3c56b34d8
  Set: 256 Way: 0 Address: 0x3de4d4018
  Set: 257 Way: 0 Address: 0x3c1074048
  Set: 260 Way: 0 Address: 0x397bb4100
  Set: 282 Way: 0 Address: 0x397bb46a8
  Set: 283 Way: 0 Address: 0x397bb46df
  Set: 287 Way: 0 Address: 0x1299347f0
  Set: 293 Way: 0 Address: 0xb8004958
  Set: 306 Way: 0 Address: 0x397bb4cb0
  Set: 307 Way: 0 Address: 0x397bb4cc4
  Set: 308 Way: 0 Address: 0x397bb4d02
  Set: 309 Way: 0 Address: 0x397bb4d42
  Set: 310 Way: 0 Address: 0x397bb4da8
  Set: 311 Way: 0 Address: 0x397bb4dc1
  Set: 320 Way: 0 Address: 0x195f15010
  Set: 321 Way: 0 Address: 0x195f15050
  Set: 362 Way: 0 Address: 0x354d35aa0
  Set: 363 Way: 0 Address: 0x354d35ac0
  Set: 364 Way: 0 Address: 0x354d35b00
  Set: 365 Way: 0 Address: 0x354d35b40
  Set: 366 Way: 0 Address: 0x354d35b80
  Set: 367 Way: 0 Address: 0x354d35bc0
  Set: 368 Way: 0 Address: 0x354d35c00
  Set: 369 Way: 0 Address: 0x354d35c40
  Set: 370 Way: 0 Address: 0x354d35c80
  Set: 371 Way: 0 Address: 0x354d35cc0
  Set: 372 Way: 0 Address: 0x354d35d00
  Set: 373 Way: 0 Address: 0x354d35d40
  Set: 374 Way: 0 Address: 0x354d35d80
  Set: 375 Way: 0 Address: 0x354d35dc0
  Set: 376 Way: 0 Address: 0x354d35e00
  Set: 377 Way: 0 Address: 0x354d35e40
  Set: 378 Way: 0 Address: 0x354d35e80
  Set: 379 Way: 0 Address: 0x354d35ec0
  Set: 380 Way: 0 Address: 0x354d35f00
  Set: 381 Way: 0 Address: 0x354d35f40
  Set: 382 Way: 0 Address: 0x354d35f80
  Set: 383 Way: 0 Address: 0x354d35fc0
  Set: 384 Way: 0 Address: 0x354d36000
  Set: 385 Way: 0 Address: 0x354d36040
  Set: 386 Way: 0 Address: 0x354d36080
  Set: 387 Way: 0 Address: 0x354d360c0
  Set: 388 Way: 0 Address: 0x354d36100
  Set: 389 Way: 0 Address: 0x354d36140
  Set: 390 Way: 0 Address: 0x354d36180
  Set: 391 Way: 0 Address: 0x354d361c0
  Set: 392 Way: 0 Address: 0x354d36200
  Set: 401 Way: 0 Address: 0x84896448
  Set: 407 Way: 0 Address: 0x211d165f0
  Set: 410 Way: 0 Address: 0x3dae66688
  Set: 438 Way: 0 Address: 0x43736d88
  Set: 439 Way: 0 Address: 0x43736dc0
  Set: 441 Way: 0 Address: 0x43736e40
  Set: 442 Way: 0 Address: 0x43736e80
  Set: 443 Way: 0 Address: 0x43736ec0
  Set: 444 Way: 0 Address: 0x43736f07
  Set: 445 Way: 0 Address: 0x43736f40
  Set: 446 Way: 0 Address: 0x43736f80
  Set: 447 Way: 0 Address: 0x43736fc0
  Set: 448 Way: 0 Address: 0x309887000
  Set: 448 Way: 1 Address: 0x43737000
  Set: 449 Way: 0 Address: 0x309887040
  Set: 449 Way: 1 Address: 0x43737040
  Set: 450 Way: 0 Address: 0x309887080
  Set: 450 Way: 1 Address: 0x43737080
  Set: 451 Way: 0 Address: 0x3098870c0
  Set: 452 Way: 0 Address: 0x309887100
  Set: 453 Way: 0 Address: 0x309887140
  Set: 454 Way: 0 Address: 0x309887180
  Set: 455 Way: 0 Address: 0x3098871c0
  Set: 456 Way: 0 Address: 0x309887200
  Set: 457 Way: 0 Address: 0x309887240
  Set: 458 Way: 0 Address: 0x309887280
  Set: 459 Way: 0 Address: 0x3098872c0
  Set: 460 Way: 0 Address: 0x309887300
  Set: 461 Way: 0 Address: 0x309887340
  Set: 462 Way: 0 Address: 0x309887380
  Set: 463 Way: 0 Address: 0x3098873c0
  Set: 464 Way: 0 Address: 0x309887400
  Set: 465 Way: 0 Address: 0x309887440
  Set: 466 Way: 0 Address: 0x309887480
  Set: 467 Way: 0 Address: 0x3098874c0
  Set: 468 Way: 0 Address: 0x309887500
  Set: 469 Way: 0 Address: 0x309887540
  Set: 470 Way: 0 Address: 0x309887580
  Set: 471 Way: 0 Address: 0x3098875c0
  Set: 472 Way: 0 Address: 0x309887600
  Set: 473 Way: 0 Address: 0x309887640
  Set: 474 Way: 0 Address: 0x309887680
  Set: 475 Way: 0 Address: 0x3098876c0
  Set: 476 Way: 0 Address: 0x309887700
  Set: 477 Way: 0 Address: 0x309887740
  Set: 478 Way: 0 Address: 0x309887780
  Set: 479 Way: 0 Address: 0x3098877c0
  Set: 480 Way: 0 Address: 0x309887800
  Set: 481 Way: 0 Address: 0x309887840
  Set: 482 Way: 0 Address: 0x309887880
  Set: 483 Way: 0 Address: 0x3098878c0
  Set: 484 Way: 0 Address: 0x309887900
  Set: 485 Way: 0 Address: 0x309887940
  Set: 486 Way: 0 Address: 0x309887980
  Set: 487 Way: 0 Address: 0x3098879c0
  Set: 488 Way: 0 Address: 0x309887a00
  Set: 489 Way: 0 Address: 0x309887a40
  Set: 490 Way: 0 Address: 0x309887a80
  Set: 491 Way: 0 Address: 0x309887ac0
  Set: 492 Way: 0 Address: 0x309887b00
  Set: 493 Way: 0 Address: 0x309887b40
  Set: 494 Way: 0 Address: 0x309887b80
  Set: 495 Way: 0 Address: 0x309887bc0
  Set: 496 Way: 0 Address: 0x309887c00
  Set: 497 Way: 0 Address: 0x309887c40
  Set: 498 Way: 0 Address: 0x309887c80
  Set: 499 Way: 0 Address: 0x309887cc0
  Set: 500 Way: 0 Address: 0x309887d00
  Set: 501 Way: 0 Address: 0x309887d40
  Set: 501 Way: 1 Address: 0x276ff7d60
  Set: 502 Way: 0 Address: 0x309887d80
  Set: 503 Way: 0 Address: 0x309887dc0
  Set: 503 Way: 1 Address: 0x276ff7de0
  Set: 504 Way: 0 Address: 0x309887e00
  Set: 504 Way: 1 Address: 0x276ff7e20
  Set: 505 Way: 0 Address: 0x309887e40
  Set: 506 Way: 0 Address: 0x309887e80
  Set: 506 Way: 1 Address: 0x276ff7ea0
  Set: 507 Way: 0 Address: 0x309887ec0
  Set: 507 Way: 1 Address: 0x276ff7ec0
  Set: 508 Way: 0 Address: 0x309887f00
  Set: 509 Way: 0 Address: 0x309887f40
  Set: 510 Way: 0 Address: 0x309887f80
  Set: 511 Way: 0 Address: 0x309887fc0
  Set: 512 Way: 0 Address: 0x309888000
  Set: 513 Way: 0 Address: 0x309888040
  Set: 514 Way: 0 Address: 0x309888080
  Set: 515 Way: 0 Address: 0xc70780f8
  Set: 515 Way: 1 Address: 0x3098880c0
  Set: 516 Way: 0 Address: 0x20159813c
  Set: 516 Way: 1 Address: 0xc7078100
  Set: 516 Way: 2 Address: 0x309888100
  Set: 517 Way: 0 Address: 0x201598168
  Set: 517 Way: 1 Address: 0x309888140
  Set: 518 Way: 0 Address: 0x2015981bc
  Set: 518 Way: 1 Address: 0x309888180
  Set: 519 Way: 0 Address: 0x2015981f0
  Set: 519 Way: 1 Address: 0x3098881c0
  Set: 520 Way: 0 Address: 0x201598200
  Set: 521 Way: 0 Address: 0x201598244
  Set: 522 Way: 0 Address: 0x201598288
  Set: 523 Way: 0 Address: 0x2015982fc
  Set: 524 Way: 0 Address: 0x201598324
  Set: 525 Way: 0 Address: 0x201598360
  Set: 526 Way: 0 Address: 0x201598388
  Set: 527 Way: 0 Address: 0x2015983e4
  Set: 528 Way: 0 Address: 0x201598408
  Set: 529 Way: 0 Address: 0x201598468
  Set: 530 Way: 0 Address: 0x2015984b8
  Set: 531 Way: 0 Address: 0x2015984f8
  Set: 532 Way: 0 Address: 0x201598500
  Set: 572 Way: 0 Address: 0x1aafb8f08
  Set: 586 Way: 0 Address: 0x2ee3692a0
  Set: 587 Way: 0 Address: 0x2ee3692c3
  Set: 588 Way: 0 Address: 0x2ee369328
  Set: 589 Way: 0 Address: 0x2ee369351
  Set: 590 Way: 0 Address: 0x2ee3693bc
  Set: 591 Way: 0 Address: 0x2ee3693c0
  Set: 592 Way: 0 Address: 0x2ee369400
  Set: 635 Way: 0 Address: 0x292959ef3
  Set: 636 Way: 0 Address: 0x292959f00
  Set: 637 Way: 0 Address: 0x292959f40
  Set: 638 Way: 0 Address: 0x292959f80
  Set: 639 Way: 0 Address: 0x292959fc0
  Set: 640 Way: 0 Address: 0x229b9a000
  Set: 671 Way: 0 Address: 0x1d89da7f8
  Set: 703 Way: 0 Address: 0x223edafd8
  Set: 727 Way: 0 Address: 0x394edb5e8
  Set: 768 Way: 0 Address: 0xdf85c000
  Set: 800 Way: 0 Address: 0x29484c808
  Set: 801 Way: 0 Address: 0x29484c870
  Set: 802 Way: 0 Address: 0x29484c8b0
  Set: 803 Way: 0 Address: 0x29484c8dc
  Set: 804 Way: 0 Address: 0x29484c92a
  Set: 805 Way: 0 Address: 0x29484c953
  Set: 805 Way: 1 Address: 0x38e35c960
  Set: 811 Way: 0 Address: 0x29484caf8
  Set: 828 Way: 0 Address: 0x12c6fcf18
  Set: 832 Way: 0 Address: 0x23755d030
  Set: 832 Way: 1 Address: 0x5588d000
  Set: 833 Way: 0 Address: 0x5588d040
  Set: 834 Way: 0 Address: 0x5588d080
  Set: 835 Way: 0 Address: 0x5588d0c0
  Set: 836 Way: 0 Address: 0x5588d100
  Set: 837 Way: 0 Address: 0x5588d140
  Set: 838 Way: 0 Address: 0x5588d180
  Set: 839 Way: 0 Address: 0x5588d1c0
  Set: 840 Way: 0 Address: 0x5588d200
  Set: 841 Way: 0 Address: 0x5588d240
  Set: 842 Way: 0 Address: 0x5588d280
  Set: 843 Way: 0 Address: 0x5588d2c0
  Set: 844 Way: 0 Address: 0x5588d300
  Set: 845 Way: 0 Address: 0x5588d340
  Set: 846 Way: 0 Address: 0x5588d380
  Set: 847 Way: 0 Address: 0x5588d3c0
  Set: 848 Way: 0 Address: 0x5588d400
  Set: 849 Way: 0 Address: 0x5588d440
  Set: 850 Way: 0 Address: 0x5588d480
  Set: 851 Way: 0 Address: 0x1add4e0
  Set: 851 Way: 1 Address: 0x5588d4c0
  Set: 852 Way: 0 Address: 0x5588d500
  Set: 853 Way: 0 Address: 0x5588d540
  Set: 854 Way: 0 Address: 0x5588d580
  Set: 855 Way: 0 Address: 0x5588d5c0
  Set: 856 Way: 0 Address: 0x5588d600
  Set: 857 Way: 0 Address: 0x5588d640
  Set: 858 Way: 0 Address: 0x5588d680
  Set: 859 Way: 0 Address: 0x5588d6c0
  Set: 860 Way: 0 Address: 0x5588d700
  Set: 861 Way: 0 Address: 0x5588d740
  Set: 862 Way: 0 Address: 0x5588d780
  Set: 863 Way: 0 Address: 0x5588d7c0
  Set: 864 Way: 0 Address: 0x5588d800
  Set: 865 Way: 0 Address: 0x5588d840
  Set: 866 Way: 0 Address: 0x5588d880
  Set: 867 Way: 0 Address: 0x5588d8c0
  Set: 868 Way: 0 Address: 0x5588d900
  Set: 869 Way: 0 Address: 0x5588d940
  Set: 870 Way: 0 Address: 0x5588d980
  Set: 871 Way: 0 Address: 0x5588d9c0
  Set: 872 Way: 0 Address: 0x5588da00
  Set: 873 Way: 0 Address: 0x5588da40
  Set: 874 Way: 0 Address: 0x5588da80
  Set: 875 Way: 0 Address: 0x5588dac0
  Set: 876 Way: 0 Address: 0x5588db00
  Set: 877 Way: 0 Address: 0x5588db40
  Set: 878 Way: 0 Address: 0x5588db80
  Set: 879 Way: 0 Address: 0x5588dbc0
  Set: 880 Way: 0 Address: 0x5588dc00
  Set: 881 Way: 0 Address: 0x5588dc40
  Set: 882 Way: 0 Address: 0x5588dc80
  Set: 883 Way: 0 Address: 0x5588dcc0
  Set: 884 Way: 0 Address: 0x5588dd00
  Set: 885 Way: 0 Address: 0x5588dd40
  Set: 886 Way: 0 Address: 0x5588dd80
  Set: 887 Way: 0 Address: 0x5588ddc0
  Set: 888 Way: 0 Address: 0x5588de00
  Set: 889 Way: 0 Address: 0x5588de40
  Set: 890 Way: 0 Address: 0x5588de80
  Set: 891 Way: 0 Address: 0x5588dec0
  Set: 892 Way: 0 Address: 0x5588df00
  Set: 893 Way: 0 Address: 0x5588df40
  Set: 894 Way: 0 Address: 0x5588df80
  Set: 895 Way: 0 Address: 0x5588dfc0
  Set: 896 Way: 0 Address: 0x28b67e000
  Set: 896 Way: 1 Address: 0x2f5d8e000
  Set: 896 Way: 2 Address: 0x5588e000
  Set: 897 Way: 0 Address: 0x5588e040
  Set: 898 Way: 0 Address: 0x5588e080
  Set: 899 Way: 0 Address: 0x2f5d8e0d8
  Set: 899 Way: 1 Address: 0x5588e0c0
  Set: 900 Way: 0 Address: 0x5588e100
  Set: 901 Way: 0 Address: 0x5588e140
  Set: 913 Way: 0 Address: 0x3734ee450
  Set: 927 Way: 0 Address: 0x28b67e7f8
  Set: 931 Way: 0 Address: 0x1f919e8d0
  Set: 936 Way: 0 Address: 0x1f919ea06
  Set: 939 Way: 0 Address: 0x1f919eaf0
  Set: 940 Way: 0 Address: 0x1f919eb00
  Set: 941 Way: 0 Address: 0x1f919eb40
  Set: 942 Way: 0 Address: 0x1f919ebaa
  Set: 943 Way: 0 Address: 0x1f919ebc6
  Set: 944 Way: 0 Address: 0x1f919ec35
  Set: 945 Way: 0 Address: 0x1f919ec40
  Set: 947 Way: 0 Address: 0x1f919ecdb
  Set: 950 Way: 0 Address: 0x1f919edb0
  Set: 952 Way: 0 Address: 0x1f919ee24
  Set: 964 Way: 0 Address: 0x16390f100
  Set: 976 Way: 0 Address: 0xee86f430
  Set: 977 Way: 0 Address: 0xee86f441
  Set: 978 Way: 0 Address: 0xee86f488
  Set: 979 Way: 0 Address: 0x143ef4f8
  Set: 987 Way: 0 Address: 0xee86f6d0
  Set: 988 Way: 0 Address: 0xee86f701
  Set: 989 Way: 0 Address: 0xee86f740
  Set: 990 Way: 0 Address: 0xee86f78c
  Set: 1006 Way: 0 Address: 0xee86fba0
  Set: 1007 Way: 0 Address: 0xee86fbc2
  Set: 1008 Way: 0 Address: 0xee86fc05
EndCache
Cache: cpu0_L1I
  Set: 4 Way: 0 Address: 0x397bb4100
  Set: 10 Way: 0 Address: 0x2ee3692a0
  Set: 11 Way: 0 Address: 0x2ee3692f2
  Set: 12 Way: 0 Address: 0x2ee369328
  Set: 13 Way: 0 Address: 0x2ee369351
  Set: 14 Way: 0 Address: 0x2ee3693bc
  Set: 15 Way: 0 Address: 0x2ee3693c0
  Set: 16 Way: 0 Address: 0x2ee369400
  Set: 16 Way: 1 Address: 0xee86f430
  Set: 17 Way: 0 Address: 0xee86f441
  Set: 18 Way: 0 Address: 0xee86f488
  Set: 26 Way: 0 Address: 0x397bb46a8
  Set: 27 Way: 0 Address: 0x397bb46df
  Set: 27 Way: 1 Address: 0xee86f6d0
  Set: 28 Way: 0 Address: 0xee86f721
  Set: 29 Way: 0 Address: 0xee86f740
  Set: 30 Way: 0 Address: 0xee86f78c
  Set: 35 Way: 0 Address: 0x1f919e8f5
  Set: 40 Way: 0 Address: 0x1f919ea06
  Set: 43 Way: 0 Address: 0x1f919eaf0
  Set: 44 Way: 0 Address: 0x1f919eb00
  Set: 45 Way: 0 Address: 0x1f919eb40
  Set: 46 Way: 0 Address: 0x1f919ebaa
  Set: 46 Way: 1 Address: 0xee86fba0
  Set: 47 Way: 0 Address: 0x1f919ebc6
  Set: 47 Way: 1 Address: 0xee86fbf5
  Set: 48 Way: 0 Address: 0x1f919ec35
  Set: 48 Way: 1 Address: 0xee86fc05
  Set: 49 Way: 0 Address: 0x1f919ec40
  Set: 50 Way: 0 Address: 0x397bb4cb0
  Set: 51 Way: 0 Address: 0x397bb4cdd
  Set: 51 Way: 1 Address: 0x1f919ecdb
  Set: 52 Way: 0 Address: 0x397bb4d02
  Set: 53 Way: 0 Address: 0x397bb4d62
  Set: 53 Way: 1 Address: 0x276ff7d60
  Set: 54 Way: 0 Address: 0x397bb4da8
  Set: 54 Way: 1 Address: 0x1f919edb0
  Set: 55 Way: 0 Address: 0x397bb4dde
  Set: 55 Way: 1 Address: 0x276ff7de0
  Set: 56 Way: 0 Address: 0x1f919ee24
  Set: 56 Way: 1 Address: 0x276ff7e20
  Set: 58 Way: 0 Address: 0x276ff7ebb
  Set: 59 Way: 0 Address: 0x276ff7eda
EndCache
Cache: cpu0_L1D
  Set: 0 Way: 0 Address: 0x2f5d8e000
  Set: 0 Way: 1 Address: 0x354d36000
  Set: 0 Way: 2 Address: 0x5588d000
  Set: 0 Way: 3 Address: 0x195f15010
  Set: 0 Way: 4 Address: 0x113201028
  Set: 0 Way: 5 Address: 0x5588e000
  Set: 0 Way: 6 Address: 0x9cff2018
  Set: 0 Way: 7 Address: 0x309887000
  Set: 0 Way: 8 Address: 0x6d0c2018
  Set: 0 Way: 9 Address: 0x309888000
  Set: 0 Way: 10 Address: 0x1995f2000
  Set: 0 Way: 11 Address: 0x23755d030
  Set: 1 Way: 0 Address: 0x195f15050
  Set: 1 Way: 1 Address: 0x263c13050
  Set: 1 Way: 2 Address: 0x309887040
  Set: 1 Way: 3 Address: 0x6d0c2044
  Set: 1 Way: 4 Address: 0x309888040
  Set: 1 Way: 5 Address: 0x1995f2040
  Set: 1 Way: 6 Address: 0x3c1074048
  Set: 1 Way: 7 Address: 0x354d36040
  Set: 1 Way: 8 Address: 0x5588d040
  Set: 1 Way: 9 Address: 0x5588e040
  Set: 2 Way: 0 Address: 0x309887080
  Set: 2 Way: 1 Address: 0x6d0c2089
  Set: 2 Way: 2 Address: 0x309888080
  Set: 2 Way: 3 Address: 0x1995f2080
  Set: 2 Way: 4 Address: 0x354d36080
  Set: 2 Way: 5 Address: 0x5588d080
  Set: 2 Way: 6 Address: 0x5588e080
  Set: 3 Way: 0 Address: 0xc70780f8
  Set: 3 Way: 1 Address: 0x3098870c0
  Set: 3 Way: 2 Address: 0x6d0c20ca
  Set: 3 Way: 3 Address: 0x3098880c0
  Set: 3 Way: 4 Address: 0x1995f20c0
  Set: 3 Way: 5 Address: 0x2f5d8e0d8
  Set: 3 Way: 6 Address: 0x2b2e930d8
  Set: 3 Way: 7 Address: 0x354d360c0
  Set: 3 Way: 8 Address: 0x5588d0c0
  Set: 3 Way: 9 Address: 0x5588e0c0
  Set: 4 Way: 0 Address: 0x20159813c
  Set: 4 Way: 1 Address: 0xc7078100
  Set: 4 Way: 2 Address: 0x16390f100
  Set: 4 Way: 3 Address: 0x309887103
  Set: 4 Way: 4 Address: 0x6d0c2109
  Set: 4 Way: 5 Address: 0x309888100
  Set: 4 Way: 6 Address: 0x1995f2100
  Set: 4 Way: 7 Address: 0x354d36100
  Set: 4 Way: 8 Address: 0x5588d100
  Set: 4 Way: 9 Address: 0x5588e100
  Set: 5 Way: 0 Address: 0x201598168
  Set: 5 Way: 1 Address: 0x309887142
  Set: 5 Way: 2 Address: 0x6d0c2148
  Set: 5 Way: 3 Address: 0x309888140
  Set: 5 Way: 4 Address: 0x1995f2140
  Set: 5 Way: 5 Address: 0x5588d140
  Set: 6 Way: 0 Address: 0x1c84e2180
  Set: 6 Way: 1 Address: 0x2015981bc
  Set: 6 Way: 2 Address: 0x309887180
  Set: 6 Way: 3 Address: 0x6d0c2188
  Set: 6 Way: 4 Address: 0x1995f2180
  Set: 6 Way: 5 Address: 0x5588d180
  Set: 7 Way: 0 Address: 0x2015981f0
  Set: 7 Way: 1 Address: 0x3098871c0
  Set: 7 Way: 2 Address: 0x6d0c21c9
  Set: 7 Way: 3 Address: 0x1995f21c0
  Set: 7 Way: 4 Address: 0x5588d1c0
  Set: 8 Way: 0 Address: 0x201598200
  Set: 8 Way: 1 Address: 0x309887203
  Set: 8 Way: 2 Address: 0x6d0c220b
  Set: 8 Way: 3 Address: 0x1995f2200
  Set: 8 Way: 4 Address: 0x5588d200
  Set: 9 Way: 0 Address: 0x201598244
  Set: 9 Way: 1 Address: 0x309887243
  Set: 9 Way: 2 Address: 0x6d0c224f
  Set: 9 Way: 3 Address: 0x1995f2240
  Set: 9 Way: 4 Address: 0x5588d240
  Set: 10 Way: 0 Address: 0x2015982a8
  Set: 10 Way: 1 Address: 0x309887283
  Set: 10 Way: 2 Address: 0x6d0c228f
  Set: 10 Way: 3 Address: 0x1995f2280
  Set: 10 Way: 4 Address: 0x5588d280
  Set: 11 Way: 0 Address: 0x2015982fc
  Set: 11 Way: 1 Address: 0x3098872c0
  Set: 11 Way: 2 Address: 0x6d0c22ce
  Set: 11 Way: 3 Address: 0x1995f22c0
  Set: 11 Way: 4 Address: 0x5588d2c0
  Set: 12 Way: 0 Address: 0x201598324
  Set: 12 Way: 1 Address: 0x309887301
  Set: 12 Way: 2 Address: 0x6d0c2310
  Set: 12 Way: 3 Address: 0x1995f2300
  Set: 12 Way: 4 Address: 0x5588d300
  Set: 13 Way: 0 Address: 0x201598360
  Set: 13 Way: 1 Address: 0x309887340
  Set: 13 Way: 2 Address: 0x6d0c234d
  Set: 13 Way: 3 Address: 0x1995f2340
  Set: 13 Way: 4 Address: 0x5588d340
  Set: 14 Way: 0 Address: 0x201598388
  Set: 14 Way: 1 Address: 0x309887380
  Set: 14 Way: 2 Address: 0x6d0c238d
  Set: 14 Way: 3 Address: 0x5588d380
  Set: 15 Way: 0 Address: 0x2015983e4
  Set: 15 Way: 1 Address: 0x3098873c0
  Set: 15 Way: 2 Address: 0x6d0c23c9
  Set: 15 Way: 3 Address: 0x5588d3c0
  Set: 16 Way: 0 Address: 0x201598408
  Set: 16 Way: 1 Address: 0x309887400
  Set: 16 Way: 2 Address: 0x6d0c2409
  Set: 16 Way: 3 Address: 0x5588d400
  Set: 17 Way: 0 Address: 0x3734ee450
  Set: 17 Way: 1 Address: 0x201598468
  Set: 17 Way: 2 Address: 0x309887440
  Set: 17 Way: 3 Address: 0x6d0c2449
  Set: 17 Way: 4 Address: 0x84896448
  Set: 17 Way: 5 Address: 0x5588d440
  Set: 18 Way: 0 Address: 0x2015984b8
  Set: 18 Way: 1 Address: 0x309887480
  Set: 18 Way: 2 Address: 0x6d0c248e
  Set: 18 Way: 3 Address: 0x5588d480
  Set: 19 Way: 0 Address: 0x3c56b34d8
  Set: 19 Way: 1 Address: 0x2015984f8
  Set: 19 Way: 2 Address: 0x3098874c0
  Set: 19 Way: 3 Address: 0x6d0c24cb
  Set: 19 Way: 4 Address: 0x143ef4f8
  Set: 19 Way: 5 Address: 0x1add4e0
  Set: 19 Way: 6 Address: 0x5588d4c0
  Set: 20 Way: 0 Address: 0x201598500
  Set: 20 Way: 1 Address: 0x309887500
  Set: 20 Way: 2 Address: 0x6d0c250e
  Set: 20 Way: 3 Address: 0x5588d500
  Set: 21 Way: 0 Address: 0x309887540
  Set: 21 Way: 1 Address: 0x6d0c254e
  Set: 21 Way: 2 Address: 0x5588d540
  Set: 22 Way: 0 Address: 0x2a4841588
  Set: 22 Way: 1 Address: 0x309887580
  Set: 22 Way: 2 Address: 0x6d0c258d
  Set: 22 Way: 3 Address: 0x5588d580
  Set: 23 Way: 0 Address: 0x3098875c0
  Set: 23 Way: 1 Address: 0x6d0c25ca
  Set: 23 Way: 2 Address: 0x394edb5e8
  Set: 23 Way: 3 Address: 0x211d165f0
  Set: 23 Way: 4 Address: 0x5588d5c0
  Set: 24 Way: 0 Address: 0x309887600
  Set: 24 Way: 1 Address: 0x6d0c260a
  Set: 24 Way: 2 Address: 0x5588d600
  Set: 25 Way: 0 Address: 0x309887640
  Set: 25 Way: 1 Address: 0x6d0c2648
  Set: 25 Way: 2 Address: 0x5588d640
  Set: 26 Way: 0 Address: 0x309887680
  Set: 26 Way: 1 Address: 0x6d0c268c
  Set: 26 Way: 2 Address: 0x3dae66688
  Set: 26 Way: 3 Address: 0x5588d680
  Set: 27 Way: 0 Address: 0x3098876c0
  Set: 27 Way: 1 Address: 0x6d0c26ca
  Set: 27 Way: 2 Address: 0x5588d6c0
  Set: 28 Way: 0 Address: 0x309887700
  Set: 28 Way: 1 Address: 0x6d0c2706
  Set: 28 Way: 2 Address: 0x5588d700
  Set: 29 Way: 0 Address: 0x309887740
  Set: 29 Way: 1 Address: 0x6d0c2749
  Set: 29 Way: 2 Address: 0x5588d740
  Set: 30 Way: 0 Address: 0x309887780
  Set: 30 Way: 1 Address: 0x6d0c2788
  Set: 30 Way: 2 Address: 0x5588d780
  Set: 31 Way: 0 Address: 0x28b67e7f8
  Set: 31 Way: 1 Address: 0x1d89da7f8
  Set: 31 Way: 2 Address: 0x1299347f0
  Set: 31 Way: 3 Address: 0x3098877c0
  Set: 31 Way: 4 Address: 0x6d0c27c9
  Set: 31 Way: 5 Address: 0x5588d7c0
  Set: 32 Way: 0 Address: 0x29484c814
  Set: 32 Way: 1 Address: 0x309887800
  Set: 32 Way: 2 Address: 0x6d0c2809
  Set: 32 Way: 3 Address: 0x5588d800
  Set: 33 Way: 0 Address: 0x29484c870
  Set: 33 Way: 1 Address: 0x309887840
  Set: 33 Way: 2 Address: 0x6d0c2843
  Set: 33 Way: 3 Address: 0x5588d840
  Set: 34 Way: 0 Address: 0x29484c8b0
  Set: 34 Way: 1 Address: 0x309887880
  Set: 34 Way: 2 Address: 0x6d0c288b
  Set: 34 Way: 3 Address: 0x5588d880
  Set: 35 Way: 0 Address: 0x29484c8dc
  Set: 35 Way: 1 Address: 0x3098878c0
  Set: 35 Way: 2 Address: 0x6d0c28cc
  Set: 35 Way: 3 Address: 0x5588d8c0
  Set: 36 Way: 0 Address: 0x29484c910
  Set: 36 Way: 1 Address: 0x309887900
  Set: 36 Way: 2 Address: 0x6d0c290b
  Set: 36 Way: 3 Address: 0x5588d900
  Set: 37 Way: 0 Address: 0x29484c953
  Set: 37 Way: 1 Address: 0xb8004958
  Set: 37 Way: 2 Address: 0x309887940
  Set: 37 Way: 3 Address: 0x6d0c2949
  Set: 37 Way: 4 Address: 0x38e35c960
  Set: 37 Way: 5 Address: 0x5588d940
  Set: 38 Way: 0 Address: 0x309887980
  Set: 38 Way: 1 Address: 0x6d0c298a
  Set: 38 Way: 2 Address: 0x5588d980
  Set: 39 Way: 0 Address: 0x3098879c0
  Set: 39 Way: 1 Address: 0x6d0c29ca
  Set: 39 Way: 2 Address: 0x5588d9c0
  Set: 40 Way: 0 Address: 0x309887a00
  Set: 40 Way: 1 Address: 0x6d0c2a04
  Set: 40 Way: 2 Address: 0x5588da00
  Set: 41 Way: 0 Address: 0x309887a40
  Set: 41 Way: 1 Address: 0x6d0c2a4a
  Set: 41 Way: 2 Address: 0x5588da40
  Set: 42 Way: 0 Address: 0x309887a80
  Set: 42 Way: 1 Address: 0x6d0c2a88
  Set: 42 Way: 2 Address: 0x354d35aa0
  Set: 42 Way: 3 Address: 0x5588da80
  Set: 43 Way: 0 Address: 0x29484caf8
  Set: 43 Way: 1 Address: 0x309887ac0
  Set: 43 Way: 2 Address: 0x6d0c2ace
  Set: 43 Way: 3 Address: 0x354d35ac0
  Set: 43 Way: 4 Address: 0x5588dac0
  Set: 44 Way: 0 Address: 0x309887b00
  Set: 44 Way: 1 Address: 0x6d0c2b0f
  Set: 44 Way: 2 Address: 0x354d35b00
  Set: 44 Way: 3 Address: 0x5588db00
  Set: 45 Way: 0 Address: 0x309887b40
  Set: 45 Way: 1 Address: 0x6d0c2b47
  Set: 45 Way: 2 Address: 0x354d35b40
  Set: 45 Way: 3 Address: 0x5588db40
  Set: 46 Way: 0 Address: 0x309887b80
  Set: 46 Way: 1 Address: 0x6d0c2b89
  Set: 46 Way: 2 Address: 0x354d35b80
  Set: 46 Way: 3 Address: 0x5588db80
  Set: 47 Way: 0 Address: 0x309887bc0
  Set: 47 Way: 1 Address: 0x354d35bc0
  Set: 47 Way: 2 Address: 0x5588dbc0
  Set: 48 Way: 0 Address: 0x309887c00
  Set: 48 Way: 1 Address: 0x354d35c00
  Set: 48 Way: 2 Address: 0x5588dc00
  Set: 49 Way: 0 Address: 0x309887c40
  Set: 49 Way: 1 Address: 0x354d35c40
  Set: 49 Way: 2 Address: 0x5588dc40
  Set: 50 Way: 0 Address: 0x309887c80
  Set: 50 Way: 1 Address: 0x354d35c80
  Set: 50 Way: 2 Address: 0x5588dc80
  Set: 51 Way: 0 Address: 0x309887cc0
  Set: 51 Way: 1 Address: 0x354d35cc0
  Set: 51 Way: 2 Address: 0x5588dcc0
  Set: 52 Way: 0 Address: 0x309887d00
  Set: 52 Way: 1 Address: 0x354d35d00
  Set: 52 Way: 2 Address: 0x5588dd00
  Set: 53 Way: 0 Address: 0x309887d40
  Set: 53 Way: 1 Address: 0x354d35d40
  Set: 53 Way: 2 Address: 0x5588dd40
  Set: 54 Way: 0 Address: 0x43736d88
  Set: 54 Way: 1 Address: 0x309887d80
  Set: 54 Way: 2 Address: 0x354d35d80
  Set: 54 Way: 3 Address: 0x5588dd80
  Set: 55 Way: 0 Address: 0x309887dc0
  Set: 55 Way: 1 Address: 0x43736dc0
  Set: 55 Way: 2 Address: 0x354d35dc0
  Set: 55 Way: 3 Address: 0x5588ddc0
  Set: 56 Way: 0 Address: 0x309887e00
  Set: 56 Way: 1 Address: 0x354d35e00
  Set: 56 Way: 2 Address: 0x5588de00
  Set: 57 Way: 0 Address: 0x309887e40
  Set: 57 Way: 1 Address: 0x43736e58
  Set: 57 Way: 2 Address: 0x354d35e40
  Set: 57 Way: 3 Address: 0x5588de40
  Set: 58 Way: 0 Address: 0x309887e80
  Set: 58 Way: 1 Address: 0x43736eb8
  Set: 58 Way: 2 Address: 0x354d35e80
  Set: 58 Way: 3 Address: 0x5588de80
  Set: 59 Way: 0 Address: 0x292959eff
  Set: 59 Way: 1 Address: 0x309887ec0
  Set: 59 Way: 2 Address: 0x43736ed8
  Set: 59 Way: 3 Address: 0x354d35ec0
  Set: 59 Way: 4 Address: 0x5588dec0
  Set: 60 Way: 0 Address: 0x1aafb8f08
  Set: 60 Way: 1 Address: 0x43736f08
  Set: 60 Way: 2 Address: 0x292959f04
  Set: 60 Way: 3 Address: 0xf6e81f10
  Set: 60 Way: 4 Address: 0x309887f00
  Set: 60 Way: 5 Address: 0x12c6fcf18
  Set: 60 Way: 6 Address: 0x354d35f00
  Set: 60 Way: 7 Address: 0x5588df00
  Set: 61 Way: 0 Address: 0x43736f40
  Set: 61 Way: 1 Address: 0x292959f4a
  Set: 61 Way: 2 Address: 0x309887f40
  Set: 61 Way: 3 Address: 0x354d35f40
  Set: 61 Way: 4 Address: 0x5588df40
  Set: 62 Way: 0 Address: 0x43736f80
  Set: 62 Way: 1 Address: 0x292959f82
  Set: 62 Way: 2 Address: 0x309887f80
  Set: 62 Way: 3 Address: 0x354d35f80
  Set: 62 Way: 4 Address: 0x5588df80
  Set: 63 Way: 0 Address: 0x223edafd8
  Set: 63 Way: 1 Address: 0x43736fc3
  Set: 63 Way: 2 Address: 0x292959fc4
  Set: 63 Way: 3 Address: 0x309887fc0
  Set: 63 Way: 4 Address: 0x354d35fc0
  Set: 63 Way: 5 Address: 0x5588dfc0
EndCache
Cache: cpu0_ITLB
  Set: 0 Way: 0 Address: 0x400441
  Set: 3 Way: 0 Address: 0x403cdd
  Set: 5 Way: 0 Address: 0x405be6
  Set: 6 Way: 0 Address: 0x406351
  Set: 11 Way: 0 Address: 0x41bd60
EndCache
Cache: cpu0_DTLB
  Set: 0 Way: 0 Address: 0x7f4ad142000f
  Set: 1 Way: 0 Address: 0x14b18b0
  Set: 1 Way: 1 Address: 0x7ffec61e1f08
  Set: 2 Way: 0 Address: 0x7ffec61e2000
  Set: 3 Way: 0 Address: 0x7ffec61e3000
  Set: 11 Way: 0 Address: 0x69b244
  Set: 12 Way: 0 Address: 0x69c448
  Set: 13 Way: 0 Address: 0x7f4b012bdaa0
  Set: 14 Way: 0 Address: 0x7f4b012be000
  Set: 15 Way: 0 Address: 0x7f4ad141ff02
  Set: 15 Way: 1 Address: 0x69f688
EndCache
Cache: LLC
  Set: 64 Way: 0 Address: 0x113201028
  Set: 86 Way: 0 Address: 0x2a4841588
  Set: 124 Way: 0 Address: 0xf6e81f10
  Set: 128 Way: 0 Address: 0x6d0c2000
  Set: 129 Way: 0 Address: 0x6d0c2040
  Set: 130 Way: 0 Address: 0x6d0c2080
  Set: 131 Way: 0 Address: 0x6d0c20c0
  Set: 132 Way: 0 Address: 0x6d0c2100
  Set: 133 Way: 0 Address: 0x6d0c2141
  Set: 134 Way: 0 Address: 0x1c84e2180
  Set: 134 Way: 1 Address: 0x6d0c2180
  Set: 135 Way: 0 Address: 0x6d0c21c0
  Set: 136 Way: 0 Address: 0x6d0c2200
  Set: 137 Way: 0 Address: 0x6d0c2240
  Set: 138 Way: 0 Address: 0x6d0c2280
  Set: 139 Way: 0 Address: 0x6d0c22c0
  Set: 140 Way: 0 Address: 0x6d0c2300
  Set: 141 Way: 0 Address: 0x6d0c2340
  Set: 142 Way: 0 Address: 0x6d0c2380
  Set: 143 Way: 0 Address: 0x6d0c23c0
  Set: 144 Way: 0 Address: 0x6d0c2400
  Set: 145 Way: 0 Address: 0x6d0c2440
  Set: 146 Way: 0 Address: 0x6d0c2480
  Set: 147 Way: 0 Address: 0x6d0c24c0
  Set: 148 Way: 0 Address: 0x6d0c2500
  Set: 149 Way: 0 Address: 0x6d0c2540
  Set: 150 Way: 0 Address: 0x6d0c2580
  Set: 151 Way: 0 Address: 0x6d0c25c0
  Set: 152 Way: 0 Address: 0x6d0c2600
  Set: 153 Way: 0 Address: 0x6d0c2640
  Set: 154 Way: 0 Address: 0x6d0c2680
  Set: 155 Way: 0 Address: 0x6d0c26c0
  Set: 156 Way: 0 Address: 0x6d0c2700
  Set: 157 Way: 0 Address: 0x6d0c2740
  Set: 158 Way: 0 Address: 0x6d0c2780
  Set: 159 Way: 0 Address: 0x6d0c27c0
  Set: 160 Way: 0 Address: 0x6d0c2800
  Set: 161 Way: 0 Address: 0x6d0c2840
  Set: 162 Way: 0 Address: 0x6d0c2880
  Set: 163 Way: 0 Address: 0x6d0c28c0
  Set: 164 Way: 0 Address: 0x6d0c2900
  Set: 165 Way: 0 Address: 0x6d0c2940
  Set: 166 Way: 0 Address: 0x6d0c2980
  Set: 167 Way: 0 Address: 0x6d0c29c0
  Set: 168 Way: 0 Address: 0x6d0c2a00
  Set: 169 Way: 0 Address: 0x6d0c2a40
  Set: 170 Way: 0 Address: 0x6d0c2a80
  Set: 171 Way: 0 Address: 0x6d0c2ac0
  Set: 172 Way: 0 Address: 0x6d0c2b00
  Set: 173 Way: 0 Address: 0x6d0c2b40
  Set: 174 Way: 0 Address: 0x6d0c2b80
  Set: 293 Way: 0 Address: 0xb8004958
  Set: 410 Way: 0 Address: 0x3dae66688
  Set: 448 Way: 0 Address: 0x309887000
  Set: 449 Way: 0 Address: 0x309887040
  Set: 450 Way: 0 Address: 0x309887080
  Set: 451 Way: 0 Address: 0x3098870c0
  Set: 452 Way: 0 Address: 0x309887100
  Set: 453 Way: 0 Address: 0x309887140
  Set: 454 Way: 0 Address: 0x309887180
  Set: 455 Way: 0 Address: 0x3098871c0
  Set: 456 Way: 0 Address: 0x309887200
  Set: 457 Way: 0 Address: 0x309887240
  Set: 458 Way: 0 Address: 0x309887280
  Set: 459 Way: 0 Address: 0x3098872c0
  Set: 460 Way: 0 Address: 0x309887300
  Set: 461 Way: 0 Address: 0x309887340
  Set: 462 Way: 0 Address: 0x309887380
  Set: 463 Way: 0 Address: 0x3098873c0
  Set: 464 Way: 0 Address: 0x309887400
  Set: 465 Way: 0 Address: 0x309887440
  Set: 466 Way: 0 Address: 0x309887480
  Set: 467 Way: 0 Address: 0x3098874c0
  Set: 468 Way: 0 Address: 0x309887500
  Set: 469 Way: 0 Address: 0x309887540
  Set: 470 Way: 0 Address: 0x309887580
  Set: 471 Way: 0 Address: 0x3098875c0
  Set: 472 Way: 0 Address: 0x309887600
  Set: 473 Way: 0 Address: 0x309887640
  Set: 474 Way: 0 Address: 0x309887680
  Set: 475 Way: 0 Address: 0x3098876c0
  Set: 476 Way: 0 Address: 0x309887700
  Set: 477 Way: 0 Address: 0x309887740
  Set: 478 Way: 0 Address: 0x309887780
  Set: 479 Way: 0 Address: 0x3098877c0
  Set: 480 Way: 0 Address: 0x309887800
  Set: 481 Way: 0 Address: 0x309887840
  Set: 482 Way: 0 Address: 0x309887880
  Set: 483 Way: 0 Address: 0x3098878c0
  Set: 484 Way: 0 Address: 0x309887900
  Set: 485 Way: 0 Address: 0x309887940
  Set: 486 Way: 0 Address: 0x309887980
  Set: 487 Way: 0 Address: 0x3098879c0
  Set: 488 Way: 0 Address: 0x309887a00
  Set: 489 Way: 0 Address: 0x309887a40
  Set: 490 Way: 0 Address: 0x309887a80
  Set: 491 Way: 0 Address: 0x309887ac0
  Set: 492 Way: 0 Address: 0x309887b00
  Set: 493 Way: 0 Address: 0x309887b40
  Set: 494 Way: 0 Address: 0x309887b80
  Set: 495 Way: 0 Address: 0x309887bc0
  Set: 496 Way: 0 Address: 0x309887c00
  Set: 497 Way: 0 Address: 0x309887c40
  Set: 498 Way: 0 Address: 0x309887c80
  Set: 499 Way: 0 Address: 0x309887cc0
  Set: 500 Way: 0 Address: 0x309887d00
  Set: 501 Way: 0 Address: 0x309887d40
  Set: 502 Way: 0 Address: 0x309887d80
  Set: 503 Way: 0 Address: 0x309887dc0
  Set: 504 Way: 0 Address: 0x309887e00
  Set: 505 Way: 0 Address: 0x309887e40
  Set: 506 Way: 0 Address: 0x309887e80
  Set: 507 Way: 0 Address: 0x309887ec0
  Set: 508 Way: 0 Address: 0x309887f00
  Set: 509 Way: 0 Address: 0x309887f40
  Set: 510 Way: 0 Address: 0x309887f80
  Set: 511 Way: 0 Address: 0x309887fc0
  Set: 512 Way: 0 Address: 0x309888000
  Set: 513 Way: 0 Address: 0x309888040
  Set: 514 Way: 0 Address: 0x309888080
  Set: 515 Way: 0 Address: 0x3098880c0
  Set: 516 Way: 0 Address: 0x309888100
  Set: 517 Way: 0 Address: 0x309888140
  Set: 518 Way: 0 Address: 0x309888180
  Set: 519 Way: 0 Address: 0x3098881c0
  Set: 520 Way: 0 Address: 0x309888200
  Set: 521 Way: 0 Address: 0x309888240
  Set: 522 Way: 0 Address: 0x309888280
  Set: 523 Way: 0 Address: 0x3098882c0
  Set: 524 Way: 0 Address: 0x309888300
  Set: 525 Way: 0 Address: 0x309888340
  Set: 526 Way: 0 Address: 0x309888380
  Set: 527 Way: 0 Address: 0x3098883c0
  Set: 528 Way: 0 Address: 0x309888400
  Set: 586 Way: 0 Address: 0x2ee3692a0
  Set: 587 Way: 0 Address: 0x2ee3692c3
  Set: 588 Way: 0 Address: 0x2ee369328
  Set: 589 Way: 0 Address: 0x2ee369351
  Set: 590 Way: 0 Address: 0x2ee3693bc
  Set: 591 Way: 0 Address: 0x2ee3693c0
  Set: 592 Way: 0 Address: 0x2ee369400
  Set: 800 Way: 0 Address: 0x29484c808
  Set: 801 Way: 0 Address: 0x29484c870
  Set: 802 Way: 0 Address: 0x29484c8b0
  Set: 803 Way: 0 Address: 0x29484c8dc
  Set: 804 Way: 0 Address: 0x29484c92a
  Set: 805 Way: 0 Address: 0x29484c953
  Set: 811 Way: 0 Address: 0x29484caf8
  Set: 832 Way: 0 Address: 0x5588d000
  Set: 833 Way: 0 Address: 0x5588d040
  Set: 834 Way: 0 Address: 0x5588d080
  Set: 835 Way: 0 Address: 0x5588d0c0
  Set: 836 Way: 0 Address: 0x5588d100
  Set: 837 Way: 0 Address: 0x5588d140
  Set: 838 Way: 0 Address: 0x5588d180
  Set: 839 Way: 0 Address: 0x5588d1c0
  Set: 840 Way: 0 Address: 0x5588d200
  Set: 841 Way: 0 Address: 0x5588d240
  Set: 842 Way: 0 Address: 0x5588d280
  Set: 843 Way: 0 Address: 0x5588d2c0
  Set: 844 Way: 0 Address: 0x5588d300
  Set: 845 Way: 0 Address: 0x5588d340
  Set: 846 Way: 0 Address: 0x5588d380
  Set: 847 Way: 0 Address: 0x5588d3c0
  Set: 848 Way: 0 Address: 0x5588d400
  Set: 849 Way: 0 Address: 0x5588d440
  Set: 850 Way: 0 Address: 0x5588d480
  Set: 851 Way: 0 Address: 0x5588d4c0
  Set: 852 Way: 0 Address: 0x5588d500
  Set: 853 Way: 0 Address: 0x5588d540
  Set: 854 Way: 0 Address: 0x5588d580
  Set: 855 Way: 0 Address: 0x5588d5c0
  Set: 856 Way: 0 Address: 0x5588d600
  Set: 857 Way: 0 Address: 0x5588d640
  Set: 858 Way: 0 Address: 0x5588d680
  Set: 859 Way: 0 Address: 0x5588d6c0
  Set: 860 Way: 0 Address: 0x5588d700
  Set: 861 Way: 0 Address: 0x5588d740
  Set: 862 Way: 0 Address: 0x5588d780
  Set: 863 Way: 0 Address: 0x5588d7c0
  Set: 864 Way: 0 Address: 0x5588d800
  Set: 865 Way: 0 Address: 0x5588d840
  Set: 866 Way: 0 Address: 0x5588d880
  Set: 867 Way: 0 Address: 0x5588d8c0
  Set: 868 Way: 0 Address: 0x5588d900
  Set: 869 Way: 0 Address: 0x5588d940
  Set: 870 Way: 0 Address: 0x5588d980
  Set: 871 Way: 0 Address: 0x5588d9c0
  Set: 872 Way: 0 Address: 0x5588da00
  Set: 873 Way: 0 Address: 0x5588da40
  Set: 874 Way: 0 Address: 0x5588da80
  Set: 875 Way: 0 Address: 0x5588dac0
  Set: 876 Way: 0 Address: 0x5588db00
  Set: 877 Way: 0 Address: 0x5588db40
  Set: 878 Way: 0 Address: 0x5588db80
  Set: 879 Way: 0 Address: 0x5588dbc0
  Set: 880 Way: 0 Address: 0x5588dc00
  Set: 881 Way: 0 Address: 0x5588dc40
  Set: 882 Way: 0 Address: 0x5588dc80
  Set: 883 Way: 0 Address: 0x5588dcc0
  Set: 884 Way: 0 Address: 0x5588dd00
  Set: 885 Way: 0 Address: 0x5588dd40
  Set: 886 Way: 0 Address: 0x5588dd80
  Set: 887 Way: 0 Address: 0x5588ddc0
  Set: 888 Way: 0 Address: 0x5588de00
  Set: 889 Way: 0 Address: 0x5588de40
  Set: 890 Way: 0 Address: 0x5588de80
  Set: 891 Way: 0 Address: 0x5588dec0
  Set: 892 Way: 0 Address: 0x5588df00
  Set: 893 Way: 0 Address: 0x5588df40
  Set: 894 Way: 0 Address: 0x5588df80
  Set: 895 Way: 0 Address: 0x5588dfc0
  Set: 896 Way: 0 Address: 0x2f5d8e000
  Set: 896 Way: 1 Address: 0x5588e000
  Set: 897 Way: 0 Address: 0x5588e040
  Set: 898 Way: 0 Address: 0x5588e080
  Set: 899 Way: 0 Address: 0x2f5d8e0d8
  Set: 899 Way: 1 Address: 0x5588e0c0
  Set: 900 Way: 0 Address: 0x5588e100
  Set: 901 Way: 0 Address: 0x5588e140
  Set: 902 Way: 0 Address: 0x5588e180
  Set: 903 Way: 0 Address: 0x5588e1c0
  Set: 904 Way: 0 Address: 0x5588e200
  Set: 905 Way: 0 Address: 0x5588e240
  Set: 906 Way: 0 Address: 0x5588e280
  Set: 913 Way: 0 Address: 0x3734ee450
  Set: 964 Way: 0 Address: 0x16390f100
  Set: 976 Way: 0 Address: 0xee86f430
  Set: 977 Way: 0 Address: 0xee86f441
  Set: 978 Way: 0 Address: 0xee86f480
  Set: 979 Way: 0 Address: 0x143ef4f8
  Set: 979 Way: 1 Address: 0xee86f4c0
  Set: 987 Way: 0 Address: 0xee86f6d0
  Set: 988 Way: 0 Address: 0xee86f701
  Set: 989 Way: 0 Address: 0xee86f740
  Set: 990 Way: 0 Address: 0xee86f78c
  Set: 1006 Way: 0 Address: 0xee86fba0
  Set: 1007 Way: 0 Address: 0xee86fbc2
  Set: 1008 Way: 0 Address: 0xee86fc05
  Set: 1152 Way: 0 Address: 0x9cff2018
  Set: 1152 Way: 1 Address: 0x1995f2000
  Set: 1153 Way: 0 Address: 0x1995f2040
  Set: 1154 Way: 0 Address: 0x1995f2080
  Set: 1155 Way: 0 Address: 0x1995f20c0
  Set: 1156 Way: 0 Address: 0x1995f2100
  Set: 1157 Way: 0 Address: 0x1995f2140
  Set: 1158 Way: 0 Address: 0x1995f2180
  Set: 1159 Way: 0 Address: 0x1995f21c0
  Set: 1160 Way: 0 Address: 0x1995f2200
  Set: 1161 Way: 0 Address: 0x1995f2240
  Set: 1162 Way: 0 Address: 0x1995f2280
  Set: 1163 Way: 0 Address: 0x1995f22c0
  Set: 1164 Way: 0 Address: 0x1995f2300
  Set: 1165 Way: 0 Address: 0x1995f2340
  Set: 1166 Way: 0 Address: 0x1995f2380
  Set: 1167 Way: 0 Address: 0x1995f23c0
  Set: 1168 Way: 0 Address: 0x1995f2400
  Set: 1169 Way: 0 Address: 0x1995f2440
  Set: 1217 Way: 0 Address: 0x263c13050
  Set: 1219 Way: 0 Address: 0x2b2e930d8
  Set: 1235 Way: 0 Address: 0x3c56b34d8
  Set: 1280 Way: 0 Address: 0x3de4d4018
  Set: 1281 Way: 0 Address: 0x3c1074048
  Set: 1284 Way: 0 Address: 0x397bb4100
  Set: 1306 Way: 0 Address: 0x397bb46a8
  Set: 1307 Way: 0 Address: 0x397bb46df
  Set: 1311 Way: 0 Address: 0x1299347f0
  Set: 1330 Way: 0 Address: 0x397bb4cb0
  Set: 1331 Way: 0 Address: 0x397bb4cc4
  Set: 1332 Way: 0 Address: 0x397bb4d02
  Set: 1333 Way: 0 Address: 0x397bb4d42
  Set: 1334 Way: 0 Address: 0x397bb4da8
  Set: 1335 Way: 0 Address: 0x397bb4dc1
  Set: 1344 Way: 0 Address: 0x195f15010
  Set: 1345 Way: 0 Address: 0x195f15050
  Set: 1386 Way: 0 Address: 0x354d35aa0
  Set: 1387 Way: 0 Address: 0x354d35ac0
  Set: 1388 Way: 0 Address: 0x354d35b00
  Set: 1389 Way: 0 Address: 0x354d35b40
  Set: 1390 Way: 0 Address: 0x354d35b80
  Set: 1391 Way: 0 Address: 0x354d35bc0
  Set: 1392 Way: 0 Address: 0x354d35c00
  Set: 1393 Way: 0 Address: 0x354d35c40
  Set: 1394 Way: 0 Address: 0x354d35c80
  Set: 1395 Way: 0 Address: 0x354d35cc0
  Set: 1396 Way: 0 Address: 0x354d35d00
  Set: 1397 Way: 0 Address: 0x354d35d40
  Set: 1398 Way: 0 Address: 0x354d35d80
  Set: 1399 Way: 0 Address: 0x354d35dc0
  Set: 1400 Way: 0 Address: 0x354d35e00
  Set: 1401 Way: 0 Address: 0x354d35e40
  Set: 1402 Way: 0 Address: 0x354d35e80
  Set: 1403 Way: 0 Address: 0x354d35ec0
  Set: 1404 Way: 0 Address: 0x354d35f00
  Set: 1405 Way: 0 Address: 0x354d35f40
  Set: 1406 Way: 0 Address: 0x354d35f80
  Set: 1407 Way: 0 Address: 0x354d35fc0
  Set: 1408 Way: 0 Address: 0x354d36000
  Set: 1409 Way: 0 Address: 0x354d36040
  Set: 1410 Way: 0 Address: 0x354d36080
  Set: 1411 Way: 0 Address: 0x354d360c0
  Set: 1412 Way: 0 Address: 0x354d36100
  Set: 1413 Way: 0 Address: 0x354d36140
  Set: 1414 Way: 0 Address: 0x354d36180
  Set: 1415 Way: 0 Address: 0x354d361c0
  Set: 1416 Way: 0 Address: 0x354d36200
  Set: 1417 Way: 0 Address: 0x354d36240
  Set: 1418 Way: 0 Address: 0x354d36280
  Set: 1425 Way: 0 Address: 0x84896448
  Set: 1431 Way: 0 Address: 0x211d165f0
  Set: 1462 Way: 0 Address: 0x43736d88
  Set: 1463 Way: 0 Address: 0x43736dc0
  Set: 1465 Way: 0 Address: 0x43736e40
  Set: 1466 Way: 0 Address: 0x43736e80
  Set: 1467 Way: 0 Address: 0x43736ec0
  Set: 1468 Way: 0 Address: 0x43736f07
  Set: 1469 Way: 0 Address: 0x43736f40
  Set: 1470 Way: 0 Address: 0x43736f80
  Set: 1471 Way: 0 Address: 0x43736fc0
  Set: 1472 Way: 0 Address: 0x43737000
  Set: 1473 Way: 0 Address: 0x43737040
  Set: 1474 Way: 0 Address: 0x43737080
  Set: 1475 Way: 0 Address: 0x437370c0
  Set: 1476 Way: 0 Address: 0x43737100
  Set: 1477 Way: 0 Address: 0x43737140
  Set: 1478 Way: 0 Address: 0x43737180
  Set: 1479 Way: 0 Address: 0x437371c0
  Set: 1480 Way: 0 Address: 0x43737200
  Set: 1481 Way: 0 Address: 0x43737240
  Set: 1482 Way: 0 Address: 0x43737280
  Set: 1483 Way: 0 Address: 0x437372c0
  Set: 1525 Way: 0 Address: 0x276ff7d60
  Set: 1527 Way: 0 Address: 0x276ff7de0
  Set: 1528 Way: 0 Address: 0x276ff7e20
  Set: 1530 Way: 0 Address: 0x276ff7ea0
  Set: 1531 Way: 0 Address: 0x276ff7ec0
  Set: 1539 Way: 0 Address: 0xc70780f8
  Set: 1540 Way: 0 Address: 0x20159813c
  Set: 1540 Way: 1 Address: 0xc7078100
  Set: 1541 Way: 0 Address: 0x201598168
  Set: 1542 Way: 0 Address: 0x2015981bc
  Set: 1543 Way: 0 Address: 0x2015981f0
  Set: 1544 Way: 0 Address: 0x201598200
  Set: 1545 Way: 0 Address: 0x201598244
  Set: 1546 Way: 0 Address: 0x201598288
  Set: 1547 Way: 0 Address: 0x2015982fc
  Set: 1548 Way: 0 Address: 0x201598324
  Set: 1549 Way: 0 Address: 0x201598360
  Set: 1550 Way: 0 Address: 0x201598388
  Set: 1551 Way: 0 Address: 0x2015983e4
  Set: 1552 Way: 0 Address: 0x201598408
  Set: 1553 Way: 0 Address: 0x201598468
  Set: 1554 Way: 0 Address: 0x2015984b8
  Set: 1555 Way: 0 Address: 0x2015984f8
  Set: 1556 Way: 0 Address: 0x201598500
  Set: 1596 Way: 0 Address: 0x1aafb8f08
  Set: 1659 Way: 0 Address: 0x292959ef3
  Set: 1660 Way: 0 Address: 0x292959f00
  Set: 1661 Way: 0 Address: 0x292959f40
  Set: 1662 Way: 0 Address: 0x292959f80
  Set: 1663 Way: 0 Address: 0x292959fc0
  Set: 1664 Way: 0 Address: 0x229b9a000
  Set: 1695 Way: 0 Address: 0x1d89da7f8
  Set: 1727 Way: 0 Address: 0x223edafd8
  Set: 1751 Way: 0 Address: 0x394edb5e8
  Set: 1792 Way: 0 Address: 0xdf85c000
  Set: 1829 Way: 0 Address: 0x38e35c960
  Set: 1852 Way: 0 Address: 0x12c6fcf18
  Set: 1856 Way: 0 Address: 0x23755d030
  Set: 1875 Way: 0 Address: 0x1add4e0
  Set: 1920 Way: 0 Address: 0x28b67e000
  Set: 1951 Way: 0 Address: 0x28b67e7f8
  Set: 1955 Way: 0 Address: 0x1f919e8d0
  Set: 1960 Way: 0 Address: 0x1f919ea06
  Set: 1963 Way: 0 Address: 0x1f919eaf0
  Set: 1964 Way: 0 Address: 0x1f919eb00
  Set: 1965 Way: 0 Address: 0x1f919eb40
  Set: 1966 Way: 0 Address: 0x1f919ebaa
  Set: 1967 Way: 0 Address: 0x1f919ebc6
  Set: 1968 Way: 0 Address: 0x1f919ec35
  Set: 1969 Way: 0 Address: 0x1f919ec40
  Set: 1971 Way: 0 Address: 0x1f919ecdb
  Set: 1974 Way: 0 Address: 0x1f919edb0
  Set: 1976 Way: 0 Address: 0x1f919ee24
EndCache
