Cache: cpu0_STLB
  Set: 10 Way: 0 Address: 0x40a30b
  Set: 32 Way: 0 Address: 0x21820444
  Set: 33 Way: 0 Address: 0x21821b94
EndCache
Cache: cpu0_L2C
  Set: 63 Way: 0 Address: 0x2a4840fc0
  Set: 64 Way: 0 Address: 0x2a4841004
  Set: 65 Way: 0 Address: 0x113201050
  Set: 65 Way: 1 Address: 0x2a484105c
  Set: 66 Way: 0 Address: 0x2a48410a4
  Set: 67 Way: 0 Address: 0x2a48410cc
  Set: 68 Way: 0 Address: 0x2a484113c
  Set: 69 Way: 0 Address: 0x2a4841154
  Set: 70 Way: 0 Address: 0x2a48411bc
  Set: 71 Way: 0 Address: 0x2a48411c0
  Set: 72 Way: 0 Address: 0x2a484121c
  Set: 73 Way: 0 Address: 0x2a4841244
  Set: 74 Way: 0 Address: 0x2a484129c
  Set: 75 Way: 0 Address: 0x2a48412c0
  Set: 76 Way: 0 Address: 0x2a484130c
  Set: 77 Way: 0 Address: 0x2a4841340
  Set: 78 Way: 0 Address: 0x2a4841380
  Set: 79 Way: 0 Address: 0x2a48413e4
  Set: 80 Way: 0 Address: 0x2a484143c
  Set: 81 Way: 0 Address: 0x2a4841444
  Set: 82 Way: 0 Address: 0x2a48414bc
  Set: 83 Way: 0 Address: 0x2a48414c0
  Set: 84 Way: 0 Address: 0x2a4841500
  Set: 85 Way: 0 Address: 0x2a484154c
  Set: 86 Way: 0 Address: 0x2a48415b4
  Set: 87 Way: 0 Address: 0x2a48415c0
  Set: 88 Way: 0 Address: 0x2a4841614
  Set: 89 Way: 0 Address: 0x2a4841654
  Set: 90 Way: 0 Address: 0x2a484169c
  Set: 91 Way: 0 Address: 0x2a48416f4
  Set: 92 Way: 0 Address: 0x2a484173c
  Set: 93 Way: 0 Address: 0x2a4841774
  Set: 94 Way: 0 Address: 0x2a48417ac
  Set: 95 Way: 0 Address: 0x2a48417c4
  Set: 96 Way: 0 Address: 0x2a484183c
  Set: 97 Way: 0 Address: 0x2a484184c
  Set: 98 Way: 0 Address: 0x2a4841880
  Set: 99 Way: 0 Address: 0x2a48418fc
  Set: 100 Way: 0 Address: 0x2a484192c
  Set: 101 Way: 0 Address: 0x2a484197c
  Set: 102 Way: 0 Address: 0x2a48419b4
  Set: 103 Way: 0 Address: 0x2a48419dc
  Set: 104 Way: 0 Address: 0x2a4841a3c
  Set: 105 Way: 0 Address: 0x2a4841a64
  Set: 106 Way: 0 Address: 0x2a4841abc
  Set: 107 Way: 0 Address: 0x2a4841afc
  Set: 108 Way: 0 Address: 0x2a4841b3c
  Set: 109 Way: 0 Address: 0x2a4841b7c
  Set: 110 Way: 0 Address: 0x2a4841b94
  Set: 132 Way: 0 Address: 0x9cff2108
  Set: 225 Way: 0 Address: 0x263c13860
  Set: 272 Way: 0 Address: 0x3de4d4400
  Set: 273 Way: 0 Address: 0x3de4d4444
  Set: 274 Way: 0 Address: 0x3de4d448c
  Set: 275 Way: 0 Address: 0x3de4d44dc
  Set: 276 Way: 0 Address: 0x3de4d4514
  Set: 277 Way: 0 Address: 0x3de4d457c
  Set: 278 Way: 0 Address: 0x3de4d4584
  Set: 279 Way: 0 Address: 0x3de4d45ec
  Set: 280 Way: 0 Address: 0x3de4d4600
  Set: 281 Way: 0 Address: 0x3de4d4664
  Set: 282 Way: 0 Address: 0x3de4d46bc
  Set: 283 Way: 0 Address: 0x3de4d46cc
  Set: 284 Way: 0 Address: 0x3de4d4700
  Set: 285 Way: 0 Address: 0x3de4d475c
  Set: 286 Way: 0 Address: 0x3de4d479c
  Set: 287 Way: 0 Address: 0x3de4d47c0
  Set: 288 Way: 0 Address: 0x3de4d483c
  Set: 289 Way: 0 Address: 0x3de4d487c
  Set: 290 Way: 0 Address: 0x3de4d4894
  Set: 291 Way: 0 Address: 0x3de4d48fc
  Set: 292 Way: 0 Address: 0x3de4d493c
  Set: 293 Way: 0 Address: 0x3de4d4964
  Set: 294 Way: 0 Address: 0x3de4d49bc
  Set: 295 Way: 0 Address: 0x3de4d49c4
  Set: 296 Way: 0 Address: 0x3de4d4a3c
  Set: 297 Way: 0 Address: 0x3de4d4a6c
  Set: 298 Way: 0 Address: 0x3de4d4a84
  Set: 299 Way: 0 Address: 0x3de4d4afc
  Set: 300 Way: 0 Address: 0x3de4d4b00
  Set: 301 Way: 0 Address: 0x3de4d4b40
  Set: 302 Way: 0 Address: 0x3de4d4b80
  Set: 303 Way: 0 Address: 0x3de4d4bfc
  Set: 304 Way: 0 Address: 0x3de4d4c3c
  Set: 305 Way: 0 Address: 0x3de4d4c7c
  Set: 306 Way: 0 Address: 0x3de4d4c80
  Set: 307 Way: 0 Address: 0x3de4d4cf4
  Set: 308 Way: 0 Address: 0x3de4d4d00
  Set: 309 Way: 0 Address: 0x3de4d4d6c
  Set: 310 Way: 0 Address: 0x3de4d4dbc
  Set: 311 Way: 0 Address: 0x3de4d4dd4
  Set: 312 Way: 0 Address: 0x3de4d4e3c
  Set: 313 Way: 0 Address: 0x3de4d4e44
  Set: 314 Way: 0 Address: 0x3de4d4e8c
  Set: 315 Way: 0 Address: 0x3de4d4ef4
  Set: 316 Way: 0 Address: 0x3de4d4f3c
  Set: 317 Way: 0 Address: 0x3de4d4f4c
  Set: 318 Way: 0 Address: 0x3de4d4f9c
  Set: 319 Way: 0 Address: 0x3de4d4fc0
  Set: 320 Way: 0 Address: 0x195f15010
  Set: 353 Way: 0 Address: 0x195f15860
  Set: 640 Way: 0 Address: 0x229b9a000
  Set: 644 Way: 0 Address: 0x1d89da100
  Set: 768 Way: 0 Address: 0xdf85c000
  Set: 896 Way: 0 Address: 0x28b67e000
  Set: 907 Way: 0 Address: 0x1f919e2d0
  Set: 908 Way: 0 Address: 0x1f919e30b
  Set: 909 Way: 0 Address: 0x1f919e340
EndCache
Cache: cpu0_L1I
  Set: 11 Way: 0 Address: 0x1f919e2f6
  Set: 12 Way: 0 Address: 0x1f919e300
  Set: 13 Way: 0 Address: 0x1f919e340
EndCache
Cache: cpu0_L1D
  Set: 0 Way: 0 Address: 0xdf85c000
  Set: 0 Way: 1 Address: 0x28b67e000
  Set: 0 Way: 2 Address: 0x229b9a000
  Set: 0 Way: 3 Address: 0x195f15010
  Set: 0 Way: 4 Address: 0x2a4841008
  Set: 1 Way: 0 Address: 0x113201050
  Set: 1 Way: 1 Address: 0x2a4841060
  Set: 2 Way: 0 Address: 0x2a48410a4
  Set: 3 Way: 0 Address: 0x2a48410d0
  Set: 4 Way: 0 Address: 0x1d89da100
  Set: 4 Way: 1 Address: 0x9cff2108
  Set: 4 Way: 2 Address: 0x2a484113c
  Set: 5 Way: 0 Address: 0x2a4841154
  Set: 6 Way: 0 Address: 0x2a48411bc
  Set: 7 Way: 0 Address: 0x2a48411c0
  Set: 8 Way: 0 Address: 0x2a484121c
  Set: 9 Way: 0 Address: 0x2a4841244
  Set: 10 Way: 0 Address: 0x2a484129c
  Set: 11 Way: 0 Address: 0x2a48412c0
  Set: 12 Way: 0 Address: 0x2a4841310
  Set: 13 Way: 0 Address: 0x2a484137c
  Set: 14 Way: 0 Address: 0x2a48413bc
  Set: 15 Way: 0 Address: 0x2a48413e8
  Set: 16 Way: 0 Address: 0x2a484143c
  Set: 17 Way: 0 Address: 0x3de4d4464
  Set: 17 Way: 1 Address: 0x2a4841444
  Set: 18 Way: 0 Address: 0x3de4d448c
  Set: 18 Way: 1 Address: 0x2a48414bc
  Set: 19 Way: 0 Address: 0x3de4d44e0
  Set: 19 Way: 1 Address: 0x2a48414c0
  Set: 20 Way: 0 Address: 0x3de4d4514
  Set: 20 Way: 1 Address: 0x2a4841500
  Set: 21 Way: 0 Address: 0x3de4d457c
  Set: 21 Way: 1 Address: 0x2a4841550
  Set: 22 Way: 0 Address: 0x3de4d4584
  Set: 22 Way: 1 Address: 0x2a48415b8
  Set: 23 Way: 0 Address: 0x3de4d45ec
  Set: 23 Way: 1 Address: 0x2a48415c0
  Set: 24 Way: 0 Address: 0x3de4d4600
  Set: 24 Way: 1 Address: 0x2a4841614
  Set: 25 Way: 0 Address: 0x3de4d4668
  Set: 25 Way: 1 Address: 0x2a4841654
  Set: 26 Way: 0 Address: 0x3de4d46bc
  Set: 26 Way: 1 Address: 0x2a484169c
  Set: 27 Way: 0 Address: 0x3de4d46d0
  Set: 27 Way: 1 Address: 0x2a48416f4
  Set: 28 Way: 0 Address: 0x3de4d4700
  Set: 28 Way: 1 Address: 0x2a484173c
  Set: 29 Way: 0 Address: 0x2a4841774
  Set: 29 Way: 1 Address: 0x3de4d4760
  Set: 30 Way: 0 Address: 0x3de4d479c
  Set: 30 Way: 1 Address: 0x2a48417ac
  Set: 31 Way: 0 Address: 0x3de4d47c0
  Set: 31 Way: 1 Address: 0x2a48417c8
  Set: 32 Way: 0 Address: 0x2a484183c
  Set: 32 Way: 1 Address: 0x3de4d483c
  Set: 33 Way: 0 Address: 0x195f15860
  Set: 33 Way: 1 Address: 0x263c13860
  Set: 33 Way: 2 Address: 0x2a4841850
  Set: 33 Way: 3 Address: 0x3de4d487c
  Set: 34 Way: 0 Address: 0x3de4d4894
  Set: 34 Way: 1 Address: 0x2a4841880
  Set: 35 Way: 0 Address: 0x3de4d48fc
  Set: 35 Way: 1 Address: 0x2a48418fc
  Set: 36 Way: 0 Address: 0x2a484192c
  Set: 36 Way: 1 Address: 0x3de4d493c
  Set: 37 Way: 0 Address: 0x3de4d4964
  Set: 37 Way: 1 Address: 0x2a484197c
  Set: 38 Way: 0 Address: 0x3de4d49bc
  Set: 38 Way: 1 Address: 0x2a48419b4
  Set: 39 Way: 0 Address: 0x3de4d49c4
  Set: 39 Way: 1 Address: 0x2a48419dc
  Set: 40 Way: 0 Address: 0x2a4841a3c
  Set: 40 Way: 1 Address: 0x3de4d4a3c
  Set: 41 Way: 0 Address: 0x2a4841a64
  Set: 41 Way: 1 Address: 0x3de4d4a70
  Set: 42 Way: 0 Address: 0x3de4d4a84
  Set: 42 Way: 1 Address: 0x2a4841abc
  Set: 43 Way: 0 Address: 0x3de4d4afc
  Set: 43 Way: 1 Address: 0x2a4841afc
  Set: 44 Way: 0 Address: 0x3de4d4b00
  Set: 44 Way: 1 Address: 0x2a4841b3c
  Set: 45 Way: 0 Address: 0x2a4841b7c
  Set: 45 Way: 1 Address: 0x3de4d4b40
  Set: 46 Way: 0 Address: 0x2a4841b94
  Set: 46 Way: 1 Address: 0x3de4d4b80
  Set: 47 Way: 0 Address: 0x3de4d4bfc
  Set: 48 Way: 0 Address: 0x3de4d4c3c
  Set: 49 Way: 0 Address: 0x3de4d4c7c
  Set: 50 Way: 0 Address: 0x3de4d4c80
  Set: 51 Way: 0 Address: 0x3de4d4cf8
  Set: 52 Way: 0 Address: 0x3de4d4d00
  Set: 53 Way: 0 Address: 0x3de4d4d6c
  Set: 54 Way: 0 Address: 0x3de4d4dbc
  Set: 55 Way: 0 Address: 0x3de4d4dd8
  Set: 56 Way: 0 Address: 0x3de4d4e3c
  Set: 57 Way: 0 Address: 0x3de4d4e44
  Set: 58 Way: 0 Address: 0x3de4d4e8c
  Set: 59 Way: 0 Address: 0x3de4d4ef8
  Set: 60 Way: 0 Address: 0x3de4d4f3c
  Set: 61 Way: 0 Address: 0x3de4d4f50
  Set: 62 Way: 0 Address: 0x3de4d4f9c
  Set: 63 Way: 0 Address: 0x3de4d4fc0
EndCache
Cache: cpu0_ITLB
  Set: 10 Way: 0 Address: 0x40a300
EndCache
Cache: cpu0_DTLB
  Set: 0 Way: 0 Address: 0x218206cc
  Set: 1 Way: 0 Address: 0x21821b94
EndCache
Cache: LLC
  Set: 63 Way: 0 Address: 0x2a4840fc0
  Set: 64 Way: 0 Address: 0x2a4841004
  Set: 65 Way: 0 Address: 0x113201050
  Set: 65 Way: 1 Address: 0x2a484105c
  Set: 66 Way: 0 Address: 0x2a48410a4
  Set: 67 Way: 0 Address: 0x2a48410cc
  Set: 68 Way: 0 Address: 0x2a484113c
  Set: 69 Way: 0 Address: 0x2a4841154
  Set: 70 Way: 0 Address: 0x2a48411bc
  Set: 71 Way: 0 Address: 0x2a48411c0
  Set: 72 Way: 0 Address: 0x2a484121c
  Set: 73 Way: 0 Address: 0x2a4841244
  Set: 74 Way: 0 Address: 0x2a484129c
  Set: 75 Way: 0 Address: 0x2a48412c0
  Set: 76 Way: 0 Address: 0x2a484130c
  Set: 77 Way: 0 Address: 0x2a4841340
  Set: 78 Way: 0 Address: 0x2a4841380
  Set: 79 Way: 0 Address: 0x2a48413e4
  Set: 80 Way: 0 Address: 0x2a484143c
  Set: 81 Way: 0 Address: 0x2a4841444
  Set: 82 Way: 0 Address: 0x2a48414bc
  Set: 83 Way: 0 Address: 0x2a48414c0
  Set: 84 Way: 0 Address: 0x2a4841500
  Set: 85 Way: 0 Address: 0x2a484154c
  Set: 86 Way: 0 Address: 0x2a48415b4
  Set: 87 Way: 0 Address: 0x2a48415c0
  Set: 88 Way: 0 Address: 0x2a4841614
  Set: 89 Way: 0 Address: 0x2a4841654
  Set: 90 Way: 0 Address: 0x2a484169c
  Set: 91 Way: 0 Address: 0x2a48416f4
  Set: 92 Way: 0 Address: 0x2a484173c
  Set: 93 Way: 0 Address: 0x2a4841774
  Set: 94 Way: 0 Address: 0x2a48417ac
  Set: 95 Way: 0 Address: 0x2a48417c4
  Set: 96 Way: 0 Address: 0x2a484183c
  Set: 97 Way: 0 Address: 0x2a484184c
  Set: 98 Way: 0 Address: 0x2a4841880
  Set: 99 Way: 0 Address: 0x2a48418fc
  Set: 100 Way: 0 Address: 0x2a484192c
  Set: 101 Way: 0 Address: 0x2a484197c
  Set: 102 Way: 0 Address: 0x2a48419b4
  Set: 103 Way: 0 Address: 0x2a48419dc
  Set: 104 Way: 0 Address: 0x2a4841a3c
  Set: 105 Way: 0 Address: 0x2a4841a64
  Set: 106 Way: 0 Address: 0x2a4841abc
  Set: 107 Way: 0 Address: 0x2a4841afc
  Set: 108 Way: 0 Address: 0x2a4841b3c
  Set: 109 Way: 0 Address: 0x2a4841b7c
  Set: 110 Way: 0 Address: 0x2a4841b94
  Set: 1156 Way: 0 Address: 0x9cff2108
  Set: 1249 Way: 0 Address: 0x263c13860
  Set: 1296 Way: 0 Address: 0x3de4d4400
  Set: 1297 Way: 0 Address: 0x3de4d4444
  Set: 1298 Way: 0 Address: 0x3de4d448c
  Set: 1299 Way: 0 Address: 0x3de4d44dc
  Set: 1300 Way: 0 Address: 0x3de4d4514
  Set: 1301 Way: 0 Address: 0x3de4d457c
  Set: 1302 Way: 0 Address: 0x3de4d4584
  Set: 1303 Way: 0 Address: 0x3de4d45ec
  Set: 1304 Way: 0 Address: 0x3de4d4600
  Set: 1305 Way: 0 Address: 0x3de4d4664
  Set: 1306 Way: 0 Address: 0x3de4d46bc
  Set: 1307 Way: 0 Address: 0x3de4d46cc
  Set: 1308 Way: 0 Address: 0x3de4d4700
  Set: 1309 Way: 0 Address: 0x3de4d475c
  Set: 1310 Way: 0 Address: 0x3de4d479c
  Set: 1311 Way: 0 Address: 0x3de4d47c0
  Set: 1312 Way: 0 Address: 0x3de4d483c
  Set: 1313 Way: 0 Address: 0x3de4d487c
  Set: 1314 Way: 0 Address: 0x3de4d4894
  Set: 1315 Way: 0 Address: 0x3de4d48fc
  Set: 1316 Way: 0 Address: 0x3de4d493c
  Set: 1317 Way: 0 Address: 0x3de4d4964
  Set: 1318 Way: 0 Address: 0x3de4d49bc
  Set: 1319 Way: 0 Address: 0x3de4d49c4
  Set: 1320 Way: 0 Address: 0x3de4d4a3c
  Set: 1321 Way: 0 Address: 0x3de4d4a6c
  Set: 1322 Way: 0 Address: 0x3de4d4a84
  Set: 1323 Way: 0 Address: 0x3de4d4afc
  Set: 1324 Way: 0 Address: 0x3de4d4b00
  Set: 1325 Way: 0 Address: 0x3de4d4b40
  Set: 1326 Way: 0 Address: 0x3de4d4b80
  Set: 1327 Way: 0 Address: 0x3de4d4bfc
  Set: 1328 Way: 0 Address: 0x3de4d4c3c
  Set: 1329 Way: 0 Address: 0x3de4d4c7c
  Set: 1330 Way: 0 Address: 0x3de4d4c80
  Set: 1331 Way: 0 Address: 0x3de4d4cf4
  Set: 1332 Way: 0 Address: 0x3de4d4d00
  Set: 1333 Way: 0 Address: 0x3de4d4d6c
  Set: 1334 Way: 0 Address: 0x3de4d4dbc
  Set: 1335 Way: 0 Address: 0x3de4d4dd4
  Set: 1336 Way: 0 Address: 0x3de4d4e3c
  Set: 1337 Way: 0 Address: 0x3de4d4e44
  Set: 1338 Way: 0 Address: 0x3de4d4e8c
  Set: 1339 Way: 0 Address: 0x3de4d4ef4
  Set: 1340 Way: 0 Address: 0x3de4d4f3c
  Set: 1341 Way: 0 Address: 0x3de4d4f4c
  Set: 1342 Way: 0 Address: 0x3de4d4f9c
  Set: 1343 Way: 0 Address: 0x3de4d4fc0
  Set: 1344 Way: 0 Address: 0x195f15010
  Set: 1377 Way: 0 Address: 0x195f15860
  Set: 1664 Way: 0 Address: 0x229b9a000
  Set: 1668 Way: 0 Address: 0x1d89da100
  Set: 1792 Way: 0 Address: 0xdf85c000
  Set: 1920 Way: 0 Address: 0x28b67e000
  Set: 1931 Way: 0 Address: 0x1f919e2d0
  Set: 1932 Way: 0 Address: 0x1f919e30b
  Set: 1933 Way: 0 Address: 0x1f919e340
EndCache
