Cache: cpu0_STLB
  Set: 22 Way: 0 Address: 0x21965c0
  Set: 23 Way: 0 Address: 0x2197d50
  Set: 24 Way: 0 Address: 0x2198e60
  Set: 25 Way: 0 Address: 0x2199f70
  Set: 26 Way: 0 Address: 0x219a000
  Set: 27 Way: 0 Address: 0x219b07c
  Set: 28 Way: 0 Address: 0x219c18c
  Set: 29 Way: 0 Address: 0x219d29c
  Set: 30 Way: 0 Address: 0x219e3ac
  Set: 31 Way: 0 Address: 0x219f4bc
  Set: 32 Way: 0 Address: 0x21a05cc
  Set: 33 Way: 0 Address: 0x21a16dc
  Set: 34 Way: 0 Address: 0x21a27ec
  Set: 35 Way: 0 Address: 0x21a38fc
  Set: 36 Way: 0 Address: 0x21a4a0c
  Set: 37 Way: 0 Address: 0x21a5b1c
  Set: 38 Way: 0 Address: 0x21a6c2c
  Set: 48 Way: 0 Address: 0x730650
  Set: 53 Way: 0 Address: 0x28b5f1e
  Set: 53 Way: 1 Address: 0x7fff6ec35fe0
  Set: 54 Way: 0 Address: 0x7fff6ec360e8
  Set: 54 Way: 1 Address: 0x28b6078
  Set: 55 Way: 0 Address: 0x28b70f8
  Set: 56 Way: 0 Address: 0x28b8018
  Set: 65 Way: 0 Address: 0x441482
  Set: 96 Way: 0 Address: 0x4608a0
  Set: 97 Way: 0 Address: 0x7618c8
  Set: 109 Way: 0 Address: 0x1d6d960
  Set: 110 Way: 0 Address: 0x1d6ea70
  Set: 112 Way: 0 Address: 0x1d70a1c
EndCache
Cache: cpu0_L2C
  Set: 3 Way: 0 Address: 0x342b400f8
  Set: 4 Way: 0 Address: 0x342b40100
  Set: 8 Way: 0 Address: 0x342b4023e
  Set: 9 Way: 0 Address: 0x342b40258
  Set: 10 Way: 0 Address: 0x342b40280
  Set: 14 Way: 0 Address: 0x342b403b8
  Set: 15 Way: 0 Address: 0x342b403c2
  Set: 19 Way: 0 Address: 0x342b404fc
  Set: 20 Way: 0 Address: 0x342b40518
  Set: 21 Way: 0 Address: 0x342b40540
  Set: 25 Way: 0 Address: 0x342b4067e
  Set: 26 Way: 0 Address: 0x342b40680
  Set: 29 Way: 0 Address: 0x342b40740
  Set: 30 Way: 0 Address: 0x342b407be
  Set: 31 Way: 0 Address: 0x342b407d8
  Set: 32 Way: 0 Address: 0x342b40800
  Set: 34 Way: 0 Address: 0x342b40880
  Set: 36 Way: 0 Address: 0x342b4093e
  Set: 37 Way: 0 Address: 0x342b40940
  Set: 39 Way: 0 Address: 0x342b409c0
  Set: 40 Way: 0 Address: 0x342b40a00
  Set: 41 Way: 0 Address: 0x342b40a7c
  Set: 42 Way: 0 Address: 0x342b40a98
  Set: 43 Way: 0 Address: 0x342b40ac0
  Set: 44 Way: 0 Address: 0x342b40b00
  Set: 45 Way: 0 Address: 0x342b40b40
  Set: 47 Way: 0 Address: 0x342b40bfe
  Set: 48 Way: 0 Address: 0x342b40c06
  Set: 50 Way: 0 Address: 0x342b40c80
  Set: 50 Way: 1 Address: 0x2177f0cb8
  Set: 51 Way: 0 Address: 0x2177f0cc0
  Set: 51 Way: 1 Address: 0x342b40cc0
  Set: 52 Way: 0 Address: 0x14bb10d20
  Set: 52 Way: 1 Address: 0x6e620d18
  Set: 52 Way: 2 Address: 0x2177f0d30
  Set: 52 Way: 3 Address: 0x342b40d3e
  Set: 53 Way: 0 Address: 0x342b40d58
  Set: 54 Way: 0 Address: 0x342b40d80
  Set: 55 Way: 0 Address: 0x342b40dc0
  Set: 56 Way: 0 Address: 0x342b40e00
  Set: 58 Way: 0 Address: 0x342b40eba
  Set: 59 Way: 0 Address: 0x342b40ec2
  Set: 61 Way: 0 Address: 0x342b40f40
  Set: 63 Way: 0 Address: 0x342b40fc0
  Set: 64 Way: 0 Address: 0xf6e81000
  Set: 65 Way: 0 Address: 0xf6e81040
  Set: 66 Way: 0 Address: 0xf6e81080
  Set: 67 Way: 0 Address: 0xf6e810e8
  Set: 68 Way: 0 Address: 0xf6e81100
  Set: 69 Way: 0 Address: 0xf6e81140
  Set: 70 Way: 0 Address: 0xf6e81180
  Set: 71 Way: 0 Address: 0xf6e811c0
  Set: 72 Way: 0 Address: 0x113201208
  Set: 72 Way: 1 Address: 0xf6e81200
  Set: 73 Way: 0 Address: 0xf6e81240
  Set: 74 Way: 0 Address: 0xf6e81280
  Set: 75 Way: 0 Address: 0xf6e812c0
  Set: 76 Way: 0 Address: 0x113201300
  Set: 87 Way: 0 Address: 0x181c815c0
  Set: 109 Way: 0 Address: 0x2a4841b70
  Set: 110 Way: 0 Address: 0x2a4841b80
  Set: 140 Way: 0 Address: 0x9cff2300
  Set: 143 Way: 0 Address: 0x1c84e23fc
  Set: 144 Way: 0 Address: 0x1c84e2404
  Set: 145 Way: 0 Address: 0x1c84e2440
  Set: 148 Way: 0 Address: 0x1c84e2500
  Set: 149 Way: 0 Address: 0x1c84e257a
  Set: 150 Way: 0 Address: 0x1064c25b8
  Set: 150 Way: 1 Address: 0x1c84e2586
  Set: 151 Way: 0 Address: 0x133c925cc
  Set: 151 Way: 1 Address: 0x1064c25c0
  Set: 151 Way: 2 Address: 0x1c84e25c0
  Set: 152 Way: 0 Address: 0x133c92600
  Set: 153 Way: 0 Address: 0x133c92640
  Set: 154 Way: 0 Address: 0x1c84e26bc
  Set: 154 Way: 1 Address: 0x133c92680
  Set: 155 Way: 0 Address: 0x1c84e26da
  Set: 155 Way: 1 Address: 0x133c926c0
  Set: 156 Way: 0 Address: 0x1c84e2700
  Set: 156 Way: 1 Address: 0x133c92700
  Set: 157 Way: 0 Address: 0x133c92740
  Set: 158 Way: 0 Address: 0x133c92780
  Set: 160 Way: 0 Address: 0x1c84e283a
  Set: 161 Way: 0 Address: 0x1c84e2840
  Set: 165 Way: 0 Address: 0x1c84e297e
  Set: 166 Way: 0 Address: 0x6d0c2980
  Set: 166 Way: 1 Address: 0x1c84e299c
  Set: 167 Way: 0 Address: 0x1c84e29c0
  Set: 171 Way: 0 Address: 0x1c84e2afc
  Set: 172 Way: 0 Address: 0x1c84e2b06
  Set: 175 Way: 0 Address: 0x1c84e2bc0
  Set: 176 Way: 0 Address: 0x1c84e2c3e
  Set: 177 Way: 0 Address: 0x1c84e2c5c
  Set: 178 Way: 0 Address: 0x1c84e2c80
  Set: 180 Way: 0 Address: 0x1c84e2d00
  Set: 182 Way: 0 Address: 0x1c84e2dbc
  Set: 183 Way: 0 Address: 0x1c84e2dc0
  Set: 185 Way: 0 Address: 0x1c84e2e40
  Set: 186 Way: 0 Address: 0x1c84e2e80
  Set: 187 Way: 0 Address: 0x1c84e2efe
  Set: 188 Way: 0 Address: 0x1c84e2f1e
  Set: 189 Way: 0 Address: 0x1995f2f58
  Set: 189 Way: 1 Address: 0x1c84e2f40
  Set: 190 Way: 0 Address: 0x1995f2fbc
  Set: 190 Way: 1 Address: 0x1c84e2f80
  Set: 191 Way: 0 Address: 0x1995f2fe0
  Set: 191 Way: 1 Address: 0x1c84e2fc0
  Set: 192 Way: 0 Address: 0x257713000
  Set: 193 Way: 0 Address: 0x263c13070
  Set: 229 Way: 0 Address: 0x3232f3960
  Set: 230 Way: 0 Address: 0x3232f3980
  Set: 231 Way: 0 Address: 0x3232f39c0
  Set: 232 Way: 0 Address: 0x3232f3a00
  Set: 233 Way: 0 Address: 0x3232f3a40
  Set: 234 Way: 0 Address: 0x3232f3a80
  Set: 235 Way: 0 Address: 0x3232f3ac0
  Set: 236 Way: 0 Address: 0x3232f3b00
  Set: 237 Way: 0 Address: 0x3232f3b40
  Set: 238 Way: 0 Address: 0x3232f3b80
  Set: 239 Way: 0 Address: 0x3232f3bc0
  Set: 240 Way: 0 Address: 0x3232f3c00
  Set: 242 Way: 0 Address: 0x3b0803cb8
  Set: 244 Way: 0 Address: 0x2b2e93d10
  Set: 253 Way: 0 Address: 0x257713f70
  Set: 254 Way: 0 Address: 0x257713f80
  Set: 255 Way: 0 Address: 0x3c56b3fe8
  Set: 255 Way: 1 Address: 0x257713fc0
  Set: 278 Way: 0 Address: 0xb80045b0
  Set: 283 Way: 0 Address: 0x1ab446dc
  Set: 284 Way: 0 Address: 0x1ab44700
  Set: 285 Way: 0 Address: 0x1ab44740
  Set: 286 Way: 0 Address: 0x1ab44780
  Set: 287 Way: 0 Address: 0x3de4d47f8
  Set: 287 Way: 1 Address: 0x1ab447c0
  Set: 288 Way: 0 Address: 0x1ab44800
  Set: 289 Way: 0 Address: 0x1ab44840
  Set: 290 Way: 0 Address: 0x397bb48a0
  Set: 290 Way: 1 Address: 0x1ab44880
  Set: 307 Way: 0 Address: 0x3c1074cf8
  Set: 320 Way: 0 Address: 0x195f15010
  Set: 321 Way: 0 Address: 0x195f15070
  Set: 322 Way: 0 Address: 0x195f150a0
  Set: 365 Way: 0 Address: 0x1b0f15b70
  Set: 372 Way: 0 Address: 0x354d35d08
  Set: 385 Way: 0 Address: 0x211d1607c
  Set: 386 Way: 0 Address: 0x43736080
  Set: 386 Way: 1 Address: 0x211d16080
  Set: 387 Way: 0 Address: 0x211d160c0
  Set: 388 Way: 0 Address: 0x211d16100
  Set: 389 Way: 0 Address: 0x211d16140
  Set: 390 Way: 0 Address: 0x211d16180
  Set: 391 Way: 0 Address: 0x211d161c0
  Set: 392 Way: 0 Address: 0x211d16200
  Set: 393 Way: 0 Address: 0x211d16240
  Set: 398 Way: 0 Address: 0x848963ac
  Set: 399 Way: 0 Address: 0x848963c0
  Set: 400 Way: 0 Address: 0x84896400
  Set: 401 Way: 0 Address: 0x84896440
  Set: 402 Way: 0 Address: 0x84896480
  Set: 403 Way: 0 Address: 0x848964c0
  Set: 404 Way: 0 Address: 0x84896500
  Set: 405 Way: 0 Address: 0x84896540
  Set: 435 Way: 0 Address: 0x3dae66ce8
  Set: 435 Way: 1 Address: 0x27d4c6cc8
  Set: 437 Way: 0 Address: 0x3d87a6d50
  Set: 438 Way: 0 Address: 0x3d87a6d80
  Set: 439 Way: 0 Address: 0x3d87a6dc0
  Set: 440 Way: 0 Address: 0x3d87a6e00
  Set: 441 Way: 0 Address: 0x3d87a6e40
  Set: 442 Way: 0 Address: 0x3d87a6e80
  Set: 443 Way: 0 Address: 0x3d87a6ec0
  Set: 444 Way: 0 Address: 0x3d87a6f00
  Set: 454 Way: 0 Address: 0x276ff718c
  Set: 455 Way: 0 Address: 0x276ff71c0
  Set: 456 Way: 0 Address: 0x276ff7200
  Set: 457 Way: 0 Address: 0x276ff7240
  Set: 458 Way: 0 Address: 0x276ff7280
  Set: 459 Way: 0 Address: 0x276ff72c0
  Set: 460 Way: 0 Address: 0x276ff7300
  Set: 461 Way: 0 Address: 0x276ff7340
  Set: 483 Way: 0 Address: 0xbeea78fc
  Set: 484 Way: 0 Address: 0xbeea7900
  Set: 485 Way: 0 Address: 0xbeea7940
  Set: 486 Way: 0 Address: 0xbeea7980
  Set: 487 Way: 0 Address: 0xbeea79c0
  Set: 488 Way: 0 Address: 0xbeea7a00
  Set: 489 Way: 0 Address: 0xbeea7a40
  Set: 490 Way: 0 Address: 0xbeea7a80
  Set: 491 Way: 0 Address: 0xbeea7ac0
  Set: 498 Way: 0 Address: 0x309887cb0
  Set: 499 Way: 0 Address: 0x309887cd8
  Set: 500 Way: 0 Address: 0x309887d00
  Set: 518 Way: 0 Address: 0x1aafb81b0
  Set: 557 Way: 0 Address: 0x2c9898b68
  Set: 558 Way: 0 Address: 0x201598bb0
  Set: 560 Way: 0 Address: 0x3bdd78c2c
  Set: 561 Way: 0 Address: 0x3bdd78c40
  Set: 562 Way: 0 Address: 0x3bdd78c80
  Set: 563 Way: 0 Address: 0x3bdd78cc0
  Set: 564 Way: 0 Address: 0x3bdd78d00
  Set: 565 Way: 0 Address: 0x3bdd78d40
  Set: 566 Way: 0 Address: 0x3bdd78d80
  Set: 567 Way: 0 Address: 0x3bdd78dc0
  Set: 576 Way: 0 Address: 0x2c8749000
  Set: 577 Way: 0 Address: 0x2c8749040
  Set: 578 Way: 0 Address: 0x2c8749080
  Set: 579 Way: 0 Address: 0x2c87490c0
  Set: 580 Way: 0 Address: 0x2c8749100
  Set: 582 Way: 0 Address: 0x2929591a8
  Set: 601 Way: 0 Address: 0x2ee369650
  Set: 633 Way: 0 Address: 0x312099e60
  Set: 634 Way: 0 Address: 0x312099e80
  Set: 635 Way: 0 Address: 0x312099ec0
  Set: 636 Way: 0 Address: 0x312099f00
  Set: 637 Way: 0 Address: 0x312099f40
  Set: 638 Way: 0 Address: 0x312099f80
  Set: 639 Way: 0 Address: 0x312099fc0
  Set: 640 Way: 0 Address: 0x229b9a000
  Set: 640 Way: 1 Address: 0x1d89da018
  Set: 642 Way: 0 Address: 0x1d89da0a0
  Set: 662 Way: 0 Address: 0x223eda5a8
  Set: 704 Way: 0 Address: 0xcf83b018
  Set: 705 Way: 0 Address: 0xcf83b040
  Set: 709 Way: 0 Address: 0xcf83b17a
  Set: 710 Way: 0 Address: 0xcf83b180
  Set: 714 Way: 0 Address: 0xcf83b2bc
  Set: 715 Way: 0 Address: 0xcf83b2d8
  Set: 716 Way: 0 Address: 0xcf83b300
  Set: 720 Way: 0 Address: 0xcf83b43a
  Set: 721 Way: 0 Address: 0xcf83b440
  Set: 725 Way: 0 Address: 0xcf83b57c
  Set: 726 Way: 0 Address: 0xcf83b598
  Set: 727 Way: 0 Address: 0xcf83b5c0
  Set: 731 Way: 0 Address: 0xcf83b6dc
  Set: 732 Way: 0 Address: 0xcf83b700
  Set: 735 Way: 0 Address: 0xcf83b7c0
  Set: 740 Way: 0 Address: 0xcf83b900
  Set: 744 Way: 0 Address: 0x3b377ba0c
  Set: 745 Way: 0 Address: 0xc0d9ba70
  Set: 745 Way: 1 Address: 0xcf83ba40
  Set: 745 Way: 2 Address: 0x3b377ba40
  Set: 746 Way: 0 Address: 0xc0d9ba80
  Set: 746 Way: 1 Address: 0x3b377ba80
  Set: 747 Way: 0 Address: 0xc0d9bac0
  Set: 747 Way: 1 Address: 0x3b377bac0
  Set: 748 Way: 0 Address: 0xc0d9bb00
  Set: 748 Way: 1 Address: 0x3b377bb00
  Set: 749 Way: 0 Address: 0xc0d9bb40
  Set: 749 Way: 1 Address: 0x3b377bb40
  Set: 750 Way: 0 Address: 0xcf83bb80
  Set: 750 Way: 1 Address: 0xc0d9bb80
  Set: 750 Way: 2 Address: 0x3b377bb80
  Set: 751 Way: 0 Address: 0xc0d9bbc0
  Set: 751 Way: 1 Address: 0x3b377bbc0
  Set: 752 Way: 0 Address: 0xc0d9bc00
  Set: 753 Way: 0 Address: 0xc0d9bc40
  Set: 754 Way: 0 Address: 0xc0d9bc80
  Set: 755 Way: 0 Address: 0xc0d9bcc0
  Set: 756 Way: 0 Address: 0x394edbd00
  Set: 756 Way: 1 Address: 0xc0d9bd00
  Set: 760 Way: 0 Address: 0xcf83be00
  Set: 768 Way: 0 Address: 0xdf85c000
  Set: 800 Way: 0 Address: 0x29484c83c
  Set: 801 Way: 0 Address: 0x29484c878
  Set: 802 Way: 0 Address: 0x29484c8b0
  Set: 803 Way: 0 Address: 0x29484c8fc
  Set: 804 Way: 0 Address: 0x29484c90c
  Set: 805 Way: 0 Address: 0x29484c96c
  Set: 806 Way: 0 Address: 0x29484c994
  Set: 807 Way: 0 Address: 0x29484c9d8
  Set: 808 Way: 0 Address: 0x29484ca1c
  Set: 809 Way: 0 Address: 0x29484ca40
  Set: 810 Way: 0 Address: 0x29484caac
  Set: 811 Way: 0 Address: 0x29484cae8
  Set: 812 Way: 0 Address: 0x12c6fcb08
  Set: 812 Way: 1 Address: 0x29484cb2c
  Set: 813 Way: 0 Address: 0x29484cb64
  Set: 814 Way: 0 Address: 0x29484cb94
  Set: 815 Way: 0 Address: 0x29484cbc8
  Set: 819 Way: 0 Address: 0x38e35ccf0
  Set: 842 Way: 0 Address: 0x1add29c
  Set: 843 Way: 0 Address: 0x1add2c0
  Set: 844 Way: 0 Address: 0x1add300
  Set: 845 Way: 0 Address: 0x1add340
  Set: 846 Way: 0 Address: 0x1add380
  Set: 847 Way: 0 Address: 0x1add3c0
  Set: 848 Way: 0 Address: 0x1add400
  Set: 849 Way: 0 Address: 0x1add440
  Set: 850 Way: 0 Address: 0x5588d4bc
  Set: 851 Way: 0 Address: 0x5588d4c0
  Set: 852 Way: 0 Address: 0x5588d500
  Set: 853 Way: 0 Address: 0x5588d540
  Set: 854 Way: 0 Address: 0x23755d5a0
  Set: 854 Way: 1 Address: 0x5588d580
  Set: 855 Way: 0 Address: 0x23755d5c0
  Set: 855 Way: 1 Address: 0x5588d5c0
  Set: 856 Way: 0 Address: 0x23755d600
  Set: 856 Way: 1 Address: 0x5588d600
  Set: 857 Way: 0 Address: 0x5588d640
  Set: 858 Way: 0 Address: 0x5588d680
  Set: 881 Way: 0 Address: 0x23755dc40
  Set: 882 Way: 0 Address: 0x23755dc80
  Set: 883 Way: 0 Address: 0x23755dcc0
  Set: 884 Way: 0 Address: 0x23755dd00
  Set: 885 Way: 0 Address: 0x23755dd40
  Set: 886 Way: 0 Address: 0x23755dd80
  Set: 887 Way: 0 Address: 0x23755ddc0
  Set: 888 Way: 0 Address: 0x23755de00
  Set: 896 Way: 0 Address: 0x28b67e000
  Set: 896 Way: 1 Address: 0x3734ee018
  Set: 910 Way: 0 Address: 0x1f919e390
  Set: 911 Way: 0 Address: 0x1f919e3c0
  Set: 912 Way: 0 Address: 0x1f919e410
  Set: 913 Way: 0 Address: 0x1f919e446
  Set: 914 Way: 0 Address: 0x1f919e482
  Set: 915 Way: 0 Address: 0x1f919e4c1
  Set: 916 Way: 0 Address: 0x1f919e501
  Set: 917 Way: 0 Address: 0x1f919e543
  Set: 919 Way: 0 Address: 0x1f919e5c8
  Set: 920 Way: 0 Address: 0x1f919e600
  Set: 921 Way: 0 Address: 0x1f919e645
  Set: 927 Way: 0 Address: 0x28b67e7f8
  Set: 927 Way: 1 Address: 0x1c084e7ec
  Set: 928 Way: 0 Address: 0x1c084e800
  Set: 929 Way: 0 Address: 0x1c084e840
  Set: 930 Way: 0 Address: 0x1c084e880
  Set: 931 Way: 0 Address: 0x2f5d8e8c8
  Set: 931 Way: 1 Address: 0x1c084e8c0
  Set: 932 Way: 0 Address: 0x1c084e900
  Set: 933 Way: 0 Address: 0x1c084e940
  Set: 934 Way: 0 Address: 0x1c084e980
  Set: 940 Way: 0 Address: 0x2db79eb1c
  Set: 941 Way: 0 Address: 0x2db79eb40
  Set: 942 Way: 0 Address: 0x2db79eb80
  Set: 943 Way: 0 Address: 0x2db79ebc0
  Set: 944 Way: 0 Address: 0x2db79ec00
  Set: 945 Way: 0 Address: 0x2db79ec40
  Set: 946 Way: 0 Address: 0x2db79ec80
  Set: 947 Way: 0 Address: 0x20597ecd0
  Set: 947 Way: 1 Address: 0x2db79ecc0
  Set: 961 Way: 0 Address: 0x16390f078
  Set: 962 Way: 0 Address: 0x16390f080
  Set: 966 Way: 0 Address: 0x16390f1be
  Set: 967 Way: 0 Address: 0x16390f1d8
  Set: 968 Way: 0 Address: 0x16390f200
  Set: 972 Way: 0 Address: 0x16390f338
  Set: 973 Way: 0 Address: 0x16390f342
  Set: 977 Way: 0 Address: 0x16390f47c
  Set: 978 Way: 0 Address: 0x16390f498
  Set: 979 Way: 0 Address: 0x16390f4c0
  Set: 983 Way: 0 Address: 0x16390f5f8
  Set: 984 Way: 0 Address: 0x16390f602
  Set: 987 Way: 0 Address: 0x16390f6c0
  Set: 988 Way: 0 Address: 0x16390f73e
  Set: 989 Way: 0 Address: 0x16390f758
  Set: 990 Way: 0 Address: 0x16390f780
  Set: 992 Way: 0 Address: 0x16390f800
  Set: 994 Way: 0 Address: 0x16390f8be
  Set: 995 Way: 0 Address: 0x16390f8c0
  Set: 997 Way: 0 Address: 0x16390f940
  Set: 998 Way: 0 Address: 0x16390f980
  Set: 999 Way: 0 Address: 0x16390f9fe
  Set: 1000 Way: 0 Address: 0x16390fa18
  Set: 1001 Way: 0 Address: 0x16390fa40
  Set: 1002 Way: 0 Address: 0x16390fa80
  Set: 1003 Way: 0 Address: 0x16390fac0
  Set: 1005 Way: 0 Address: 0x16390fb5c
  Set: 1006 Way: 0 Address: 0x16390fb86
  Set: 1008 Way: 0 Address: 0x16390fc00
  Set: 1009 Way: 0 Address: 0x16390fc40
  Set: 1010 Way: 0 Address: 0x16390fcbe
  Set: 1011 Way: 0 Address: 0x143efce0
  Set: 1011 Way: 1 Address: 0xee86fcd8
  Set: 1011 Way: 2 Address: 0x23756fcc0
  Set: 1011 Way: 3 Address: 0x16390fcc0
  Set: 1012 Way: 0 Address: 0x22272fd28
  Set: 1012 Way: 1 Address: 0x16390fd00
  Set: 1013 Way: 0 Address: 0x16390fd40
  Set: 1014 Way: 0 Address: 0x16390fd80
  Set: 1016 Way: 0 Address: 0x16390fe20
  Set: 1017 Way: 0 Address: 0x16390fe46
  Set: 1019 Way: 0 Address: 0x16390fec0
  Set: 1021 Way: 0 Address: 0x16390ff40
  Set: 1022 Way: 0 Address: 0x16390ff80
  Set: 1023 Way: 0 Address: 0x16390ffc0
EndCache
Cache: cpu0_L1I
  Set: 14 Way: 0 Address: 0x1f919e390
  Set: 15 Way: 0 Address: 0x1f919e3f5
  Set: 16 Way: 0 Address: 0x1f919e42d
  Set: 17 Way: 0 Address: 0x1f919e475
  Set: 18 Way: 0 Address: 0x1f919e4aa
  Set: 19 Way: 0 Address: 0x1f919e4e6
  Set: 20 Way: 0 Address: 0x1f919e523
  Set: 21 Way: 0 Address: 0x1f919e558
  Set: 23 Way: 0 Address: 0x1f919e5f0
  Set: 24 Way: 0 Address: 0x1f919e600
  Set: 25 Way: 0 Address: 0x1f919e645
  Set: 34 Way: 0 Address: 0x397bb48a0
EndCache
Cache: cpu0_L1D
  Set: 0 Way: 0 Address: 0xdf85c000
  Set: 0 Way: 1 Address: 0x28b67e000
  Set: 0 Way: 2 Address: 0x229b9a000
  Set: 0 Way: 3 Address: 0x195f15010
  Set: 0 Way: 4 Address: 0x1d89da018
  Set: 0 Way: 5 Address: 0x3734ee018
  Set: 0 Way: 6 Address: 0xf6e8101c
  Set: 0 Way: 7 Address: 0xcf83b032
  Set: 0 Way: 8 Address: 0x2c8749004
  Set: 0 Way: 9 Address: 0x257713000
  Set: 1 Way: 0 Address: 0x195f15070
  Set: 1 Way: 1 Address: 0x263c13070
  Set: 1 Way: 2 Address: 0x16390f078
  Set: 1 Way: 3 Address: 0x211d1607c
  Set: 1 Way: 4 Address: 0xf6e8105e
  Set: 1 Way: 5 Address: 0xcf83b040
  Set: 1 Way: 6 Address: 0x2c8749040
  Set: 2 Way: 0 Address: 0x195f150a0
  Set: 2 Way: 1 Address: 0x1d89da0a0
  Set: 2 Way: 2 Address: 0x43736080
  Set: 2 Way: 3 Address: 0x16390f080
  Set: 2 Way: 4 Address: 0xf6e81094
  Set: 2 Way: 5 Address: 0x211d16080
  Set: 2 Way: 6 Address: 0x2c8749080
  Set: 3 Way: 0 Address: 0xf6e810f8
  Set: 3 Way: 1 Address: 0x342b400fc
  Set: 3 Way: 2 Address: 0x211d160c0
  Set: 3 Way: 3 Address: 0x2c87490c0
  Set: 4 Way: 0 Address: 0xf6e8113e
  Set: 4 Way: 1 Address: 0x342b40114
  Set: 4 Way: 2 Address: 0x211d16100
  Set: 4 Way: 3 Address: 0x2c8749100
  Set: 5 Way: 0 Address: 0xf6e81140
  Set: 5 Way: 1 Address: 0xcf83b17c
  Set: 5 Way: 2 Address: 0x211d16140
  Set: 6 Way: 0 Address: 0x1aafb81b0
  Set: 6 Way: 1 Address: 0x2929591a8
  Set: 6 Way: 2 Address: 0xf6e811a6
  Set: 6 Way: 3 Address: 0x276ff718c
  Set: 6 Way: 4 Address: 0xcf83b18e
  Set: 6 Way: 5 Address: 0x16390f1bc
  Set: 6 Way: 6 Address: 0x211d16180
  Set: 7 Way: 0 Address: 0x16390f1d8
  Set: 7 Way: 1 Address: 0xf6e811de
  Set: 7 Way: 2 Address: 0x276ff71c0
  Set: 7 Way: 3 Address: 0x211d161c0
  Set: 8 Way: 0 Address: 0x113201208
  Set: 8 Way: 1 Address: 0xf6e81200
  Set: 8 Way: 2 Address: 0x16390f200
  Set: 8 Way: 3 Address: 0x342b4023c
  Set: 8 Way: 4 Address: 0x276ff7200
  Set: 8 Way: 5 Address: 0x211d16200
  Set: 9 Way: 0 Address: 0xf6e81240
  Set: 9 Way: 1 Address: 0x342b40272
  Set: 9 Way: 2 Address: 0x276ff7240
  Set: 9 Way: 3 Address: 0x211d16240
  Set: 10 Way: 0 Address: 0xf6e81280
  Set: 10 Way: 1 Address: 0x1add29c
  Set: 10 Way: 2 Address: 0x342b40280
  Set: 10 Way: 3 Address: 0xcf83b2be
  Set: 10 Way: 4 Address: 0x276ff7280
  Set: 11 Way: 0 Address: 0xf6e812c0
  Set: 11 Way: 1 Address: 0xcf83b2f2
  Set: 11 Way: 2 Address: 0x1add2c0
  Set: 11 Way: 3 Address: 0x276ff72c0
  Set: 12 Way: 0 Address: 0x113201300
  Set: 12 Way: 1 Address: 0x9cff2300
  Set: 12 Way: 2 Address: 0x16390f338
  Set: 12 Way: 3 Address: 0xcf83b300
  Set: 12 Way: 4 Address: 0x1add300
  Set: 12 Way: 5 Address: 0x276ff7300
  Set: 13 Way: 0 Address: 0x16390f342
  Set: 13 Way: 1 Address: 0x1add340
  Set: 13 Way: 2 Address: 0x276ff7340
  Set: 14 Way: 0 Address: 0x848963ac
  Set: 14 Way: 1 Address: 0x342b403bc
  Set: 14 Way: 2 Address: 0x1add380
  Set: 15 Way: 0 Address: 0x342b403d4
  Set: 15 Way: 1 Address: 0x848963c0
  Set: 15 Way: 2 Address: 0x1c84e23fe
  Set: 15 Way: 3 Address: 0x1add3c0
  Set: 16 Way: 0 Address: 0xcf83b43e
  Set: 16 Way: 1 Address: 0x84896400
  Set: 16 Way: 2 Address: 0x1c84e240c
  Set: 16 Way: 3 Address: 0x1add400
  Set: 17 Way: 0 Address: 0xcf83b452
  Set: 17 Way: 1 Address: 0x16390f47e
  Set: 17 Way: 2 Address: 0x84896440
  Set: 17 Way: 3 Address: 0x1c84e2440
  Set: 17 Way: 4 Address: 0x1add440
  Set: 18 Way: 0 Address: 0x16390f498
  Set: 18 Way: 1 Address: 0x5588d4bc
  Set: 18 Way: 2 Address: 0x84896480
  Set: 19 Way: 0 Address: 0x5588d4c0
  Set: 19 Way: 1 Address: 0x16390f4c0
  Set: 19 Way: 2 Address: 0x342b404fe
  Set: 19 Way: 3 Address: 0x848964c0
  Set: 20 Way: 0 Address: 0x342b40532
  Set: 20 Way: 1 Address: 0x5588d500
  Set: 20 Way: 2 Address: 0x84896500
  Set: 20 Way: 3 Address: 0x1c84e2500
  Set: 21 Way: 0 Address: 0x1c84e257c
  Set: 21 Way: 1 Address: 0x342b40540
  Set: 21 Way: 2 Address: 0x5588d540
  Set: 21 Way: 3 Address: 0xcf83b57e
  Set: 21 Way: 4 Address: 0x84896540
  Set: 22 Way: 0 Address: 0x223eda5a8
  Set: 22 Way: 1 Address: 0xb80045b0
  Set: 22 Way: 2 Address: 0x1064c25b8
  Set: 22 Way: 3 Address: 0x23755d5b0
  Set: 22 Way: 4 Address: 0xcf83b5b2
  Set: 22 Way: 5 Address: 0x1c84e2590
  Set: 22 Way: 6 Address: 0x5588d580
  Set: 23 Way: 0 Address: 0x23755d5c0
  Set: 23 Way: 1 Address: 0x16390f5fe
  Set: 23 Way: 2 Address: 0x133c925cc
  Set: 23 Way: 3 Address: 0x1064c25c0
  Set: 23 Way: 4 Address: 0x181c815c0
  Set: 23 Way: 5 Address: 0xcf83b5c0
  Set: 23 Way: 6 Address: 0x5588d5c0
  Set: 23 Way: 7 Address: 0x1c84e25c0
  Set: 24 Way: 0 Address: 0x16390f614
  Set: 24 Way: 1 Address: 0x23755d610
  Set: 24 Way: 2 Address: 0x133c92600
  Set: 24 Way: 3 Address: 0x5588d600
  Set: 25 Way: 0 Address: 0x2ee369650
  Set: 25 Way: 1 Address: 0x342b4067a
  Set: 25 Way: 2 Address: 0x133c92640
  Set: 25 Way: 3 Address: 0x5588d640
  Set: 26 Way: 0 Address: 0x342b4068c
  Set: 26 Way: 1 Address: 0x1c84e26bc
  Set: 26 Way: 2 Address: 0x133c92680
  Set: 26 Way: 3 Address: 0x5588d680
  Set: 27 Way: 0 Address: 0x16390f6c0
  Set: 27 Way: 1 Address: 0x1ab446dc
  Set: 27 Way: 2 Address: 0x1c84e26f4
  Set: 27 Way: 3 Address: 0xcf83b6f4
  Set: 27 Way: 4 Address: 0x133c926c0
  Set: 28 Way: 0 Address: 0x1ab44700
  Set: 28 Way: 1 Address: 0x1c84e2700
  Set: 28 Way: 2 Address: 0x16390f73e
  Set: 28 Way: 3 Address: 0xcf83b700
  Set: 28 Way: 4 Address: 0x133c92700
  Set: 29 Way: 0 Address: 0x16390f760
  Set: 29 Way: 1 Address: 0x342b40740
  Set: 29 Way: 2 Address: 0x1ab44740
  Set: 29 Way: 3 Address: 0x133c92740
  Set: 30 Way: 0 Address: 0x16390f780
  Set: 30 Way: 1 Address: 0x342b407be
  Set: 30 Way: 2 Address: 0x1ab44780
  Set: 30 Way: 3 Address: 0x133c92780
  Set: 31 Way: 0 Address: 0x28b67e7f8
  Set: 31 Way: 1 Address: 0x3de4d47f8
  Set: 31 Way: 2 Address: 0x1c084e7ec
  Set: 31 Way: 3 Address: 0x342b407f0
  Set: 31 Way: 4 Address: 0xcf83b7c0
  Set: 31 Way: 5 Address: 0x1ab447c0
  Set: 32 Way: 0 Address: 0x16390f800
  Set: 32 Way: 1 Address: 0x1c84e283c
  Set: 32 Way: 2 Address: 0x1c084e800
  Set: 32 Way: 3 Address: 0x342b40800
  Set: 32 Way: 4 Address: 0x29484c83c
  Set: 32 Way: 5 Address: 0x1ab44800
  Set: 33 Way: 0 Address: 0x29484c878
  Set: 33 Way: 1 Address: 0x1c84e2852
  Set: 33 Way: 2 Address: 0x1c084e840
  Set: 33 Way: 3 Address: 0x1ab44840
  Set: 34 Way: 0 Address: 0x29484c8b0
  Set: 34 Way: 1 Address: 0x16390f8be
  Set: 34 Way: 2 Address: 0x342b40880
  Set: 34 Way: 3 Address: 0x1c084e880
  Set: 34 Way: 4 Address: 0x1ab44880
  Set: 35 Way: 0 Address: 0x29484c8fc
  Set: 35 Way: 1 Address: 0x2f5d8e8c8
  Set: 35 Way: 2 Address: 0x16390f8d4
  Set: 35 Way: 3 Address: 0xbeea78fc
  Set: 35 Way: 4 Address: 0x1c084e8c0
  Set: 36 Way: 0 Address: 0x29484c90c
  Set: 36 Way: 1 Address: 0x342b4093a
  Set: 36 Way: 2 Address: 0xcf83b900
  Set: 36 Way: 3 Address: 0xbeea7900
  Set: 36 Way: 4 Address: 0x1c084e900
  Set: 37 Way: 0 Address: 0x16390f940
  Set: 37 Way: 1 Address: 0x29484c96c
  Set: 37 Way: 2 Address: 0x3232f3960
  Set: 37 Way: 3 Address: 0x342b40952
  Set: 37 Way: 4 Address: 0x1c84e297e
  Set: 37 Way: 5 Address: 0xbeea7940
  Set: 37 Way: 6 Address: 0x1c084e940
  Set: 38 Way: 0 Address: 0x29484c994
  Set: 38 Way: 1 Address: 0x6d0c2980
  Set: 38 Way: 2 Address: 0x16390f980
  Set: 38 Way: 3 Address: 0x1c84e29b0
  Set: 38 Way: 4 Address: 0x3232f3980
  Set: 38 Way: 5 Address: 0xbeea7980
  Set: 38 Way: 6 Address: 0x1c084e980
  Set: 39 Way: 0 Address: 0x29484c9d8
  Set: 39 Way: 1 Address: 0x342b409c0
  Set: 39 Way: 2 Address: 0x1c84e29c0
  Set: 39 Way: 3 Address: 0x16390f9fe
  Set: 39 Way: 4 Address: 0x3232f39c0
  Set: 39 Way: 5 Address: 0xbeea79c0
  Set: 40 Way: 0 Address: 0x29484ca3c
  Set: 40 Way: 1 Address: 0x16390fa32
  Set: 40 Way: 2 Address: 0x3b377ba0c
  Set: 40 Way: 3 Address: 0x342b40a00
  Set: 40 Way: 4 Address: 0x3232f3a00
  Set: 40 Way: 5 Address: 0xbeea7a00
  Set: 41 Way: 0 Address: 0x29484ca40
  Set: 41 Way: 1 Address: 0xc0d9ba70
  Set: 41 Way: 2 Address: 0xcf83ba40
  Set: 41 Way: 3 Address: 0x16390fa40
  Set: 41 Way: 4 Address: 0x3b377ba40
  Set: 41 Way: 5 Address: 0x342b40a7c
  Set: 41 Way: 6 Address: 0x3232f3a40
  Set: 41 Way: 7 Address: 0xbeea7a40
  Set: 42 Way: 0 Address: 0x16390fa80
  Set: 42 Way: 1 Address: 0x29484ca9c
  Set: 42 Way: 2 Address: 0x342b40ab2
  Set: 42 Way: 3 Address: 0xc0d9ba80
  Set: 42 Way: 4 Address: 0x3232f3a80
  Set: 42 Way: 5 Address: 0x3b377ba80
  Set: 42 Way: 6 Address: 0xbeea7a80
  Set: 43 Way: 0 Address: 0x16390fac0
  Set: 43 Way: 1 Address: 0x29484cae8
  Set: 43 Way: 2 Address: 0x1c84e2afa
  Set: 43 Way: 3 Address: 0x342b40ac0
  Set: 43 Way: 4 Address: 0xc0d9bac0
  Set: 43 Way: 5 Address: 0x3232f3ac0
  Set: 43 Way: 6 Address: 0x3b377bac0
  Set: 43 Way: 7 Address: 0xbeea7ac0
  Set: 44 Way: 0 Address: 0x12c6fcb08
  Set: 44 Way: 1 Address: 0x29484cb2c
  Set: 44 Way: 2 Address: 0x2db79eb1c
  Set: 44 Way: 3 Address: 0x342b40b00
  Set: 44 Way: 4 Address: 0x1c84e2b04
  Set: 44 Way: 5 Address: 0x3232f3b00
  Set: 44 Way: 6 Address: 0xc0d9bb00
  Set: 44 Way: 7 Address: 0x3b377bb00
  Set: 45 Way: 0 Address: 0x29484cb64
  Set: 45 Way: 1 Address: 0x2a4841b68
  Set: 45 Way: 2 Address: 0x2c9898b68
  Set: 45 Way: 3 Address: 0x1b0f15b70
  Set: 45 Way: 4 Address: 0x342b40b40
  Set: 45 Way: 5 Address: 0x2db79eb40
  Set: 45 Way: 6 Address: 0x16390fb76
  Set: 45 Way: 7 Address: 0x3232f3b40
  Set: 45 Way: 8 Address: 0xc0d9bb40
  Set: 45 Way: 9 Address: 0x3b377bb40
  Set: 46 Way: 0 Address: 0x2a4841b80
  Set: 46 Way: 1 Address: 0x201598bb0
  Set: 46 Way: 2 Address: 0x29484cb94
  Set: 46 Way: 3 Address: 0xcf83bb80
  Set: 46 Way: 4 Address: 0x16390fb9e
  Set: 46 Way: 5 Address: 0xc0d9bb80
  Set: 46 Way: 6 Address: 0x2db79eb80
  Set: 46 Way: 7 Address: 0x3232f3b80
  Set: 46 Way: 8 Address: 0x3b377bb80
  Set: 47 Way: 0 Address: 0x29484cbc8
  Set: 47 Way: 1 Address: 0x342b40bfe
  Set: 47 Way: 2 Address: 0x1c84e2bc0
  Set: 47 Way: 3 Address: 0xc0d9bbc0
  Set: 47 Way: 4 Address: 0x2db79ebc0
  Set: 47 Way: 5 Address: 0x3232f3bc0
  Set: 47 Way: 6 Address: 0x3b377bbc0
  Set: 48 Way: 0 Address: 0x16390fc00
  Set: 48 Way: 1 Address: 0x3bdd78c2c
  Set: 48 Way: 2 Address: 0x342b40c06
  Set: 48 Way: 3 Address: 0x1c84e2c3c
  Set: 48 Way: 4 Address: 0xc0d9bc00
  Set: 48 Way: 5 Address: 0x2db79ec00
  Set: 48 Way: 6 Address: 0x3232f3c00
  Set: 49 Way: 0 Address: 0x16390fc40
  Set: 49 Way: 1 Address: 0x23755dc40
  Set: 49 Way: 2 Address: 0x1c84e2c74
  Set: 49 Way: 3 Address: 0x3bdd78c40
  Set: 49 Way: 4 Address: 0xc0d9bc40
  Set: 49 Way: 5 Address: 0x2db79ec40
  Set: 50 Way: 0 Address: 0x309887cb0
  Set: 50 Way: 1 Address: 0x342b40c80
  Set: 50 Way: 2 Address: 0x2177f0cb8
  Set: 50 Way: 3 Address: 0x3b0803cb8
  Set: 50 Way: 4 Address: 0x1c84e2c80
  Set: 50 Way: 5 Address: 0x16390fcbe
  Set: 50 Way: 6 Address: 0x23755dc80
  Set: 50 Way: 7 Address: 0x3bdd78c80
  Set: 50 Way: 8 Address: 0xc0d9bc80
  Set: 50 Way: 9 Address: 0x2db79ec80
  Set: 51 Way: 0 Address: 0x309887cd8
  Set: 51 Way: 1 Address: 0x20597ecd0
  Set: 51 Way: 2 Address: 0x3bdd78cc0
  Set: 51 Way: 3 Address: 0xc0d9bcc0
  Set: 51 Way: 4 Address: 0x2db79ecc0
  Set: 51 Way: 5 Address: 0x3c1074cf8
  Set: 51 Way: 6 Address: 0x2177f0cc8
  Set: 51 Way: 7 Address: 0x342b40cc0
  Set: 51 Way: 8 Address: 0x27d4c6cc8
  Set: 51 Way: 9 Address: 0x23756fcc0
  Set: 51 Way: 10 Address: 0x16390fcd6
  Set: 51 Way: 11 Address: 0x23755dcc0
  Set: 52 Way: 0 Address: 0x3bdd78d00
  Set: 52 Way: 1 Address: 0xc0d9bd00
  Set: 52 Way: 2 Address: 0x394edbd00
  Set: 52 Way: 3 Address: 0x2b2e93d10
  Set: 52 Way: 4 Address: 0x22272fd28
  Set: 52 Way: 5 Address: 0x14bb10d20
  Set: 52 Way: 6 Address: 0x6e620d18
  Set: 52 Way: 7 Address: 0x2177f0d30
  Set: 52 Way: 8 Address: 0x1c84e2d00
  Set: 52 Way: 9 Address: 0x16390fd00
  Set: 52 Way: 10 Address: 0x342b40d3e
  Set: 52 Way: 11 Address: 0x23755dd00
  Set: 53 Way: 0 Address: 0x16390fd40
  Set: 53 Way: 1 Address: 0x342b40d72
  Set: 53 Way: 2 Address: 0x3d87a6d50
  Set: 53 Way: 3 Address: 0x23755dd40
  Set: 53 Way: 4 Address: 0x3bdd78d40
  Set: 54 Way: 0 Address: 0x16390fd80
  Set: 54 Way: 1 Address: 0x1c84e2dbe
  Set: 54 Way: 2 Address: 0x342b40d80
  Set: 54 Way: 3 Address: 0x3d87a6d80
  Set: 54 Way: 4 Address: 0x23755dd80
  Set: 54 Way: 5 Address: 0x3bdd78d80
  Set: 55 Way: 0 Address: 0x342b40dc0
  Set: 55 Way: 1 Address: 0x1c84e2dd4
  Set: 55 Way: 2 Address: 0x3d87a6dc0
  Set: 55 Way: 3 Address: 0x23755ddc0
  Set: 55 Way: 4 Address: 0x3bdd78dc0
  Set: 56 Way: 0 Address: 0x342b40e00
  Set: 56 Way: 1 Address: 0xcf83be00
  Set: 56 Way: 2 Address: 0x16390fe38
  Set: 56 Way: 3 Address: 0x3d87a6e00
  Set: 56 Way: 4 Address: 0x23755de00
  Set: 57 Way: 0 Address: 0x312099e60
  Set: 57 Way: 1 Address: 0x1c84e2e40
  Set: 57 Way: 2 Address: 0x16390fe5e
  Set: 57 Way: 3 Address: 0x3d87a6e40
  Set: 58 Way: 0 Address: 0x342b40ebc
  Set: 58 Way: 1 Address: 0x1c84e2e80
  Set: 58 Way: 2 Address: 0x312099e80
  Set: 58 Way: 3 Address: 0x3d87a6e80
  Set: 59 Way: 0 Address: 0x16390fec0
  Set: 59 Way: 1 Address: 0x342b40ed0
  Set: 59 Way: 2 Address: 0x1c84e2efe
  Set: 59 Way: 3 Address: 0x312099ec0
  Set: 59 Way: 4 Address: 0x3d87a6ec0
  Set: 60 Way: 0 Address: 0x1c84e2f32
  Set: 60 Way: 1 Address: 0x312099f00
  Set: 60 Way: 2 Address: 0x3d87a6f00
  Set: 61 Way: 0 Address: 0x1995f2f58
  Set: 61 Way: 1 Address: 0x342b40f40
  Set: 61 Way: 2 Address: 0x257713f70
  Set: 61 Way: 3 Address: 0x1c84e2f40
  Set: 61 Way: 4 Address: 0x16390ff40
  Set: 61 Way: 5 Address: 0x312099f40
  Set: 62 Way: 0 Address: 0x1995f2fa4
  Set: 62 Way: 1 Address: 0x1c84e2f80
  Set: 62 Way: 2 Address: 0x257713f80
  Set: 62 Way: 3 Address: 0x16390ff96
  Set: 62 Way: 4 Address: 0x312099f80
  Set: 63 Way: 0 Address: 0x3c56b3fe8
  Set: 63 Way: 1 Address: 0x1995f2fc8
  Set: 63 Way: 2 Address: 0x1c84e2fc0
  Set: 63 Way: 3 Address: 0x16390ffc0
  Set: 63 Way: 4 Address: 0x257713fc0
  Set: 63 Way: 5 Address: 0x342b40fc0
  Set: 63 Way: 6 Address: 0x312099fc0
EndCache
Cache: cpu0_ITLB
  Set: 0 Way: 0 Address: 0x4608a0
  Set: 1 Way: 0 Address: 0x441543
EndCache
Cache: cpu0_DTLB
  Set: 0 Way: 0 Address: 0x1d708b0
  Set: 0 Way: 1 Address: 0x730650
  Set: 0 Way: 2 Address: 0x21a05cc
  Set: 1 Way: 0 Address: 0x7618c8
  Set: 1 Way: 1 Address: 0x21a16dc
  Set: 2 Way: 0 Address: 0x21a27ec
  Set: 3 Way: 0 Address: 0x21a38fc
  Set: 4 Way: 0 Address: 0x21a4a0c
  Set: 5 Way: 0 Address: 0x28b5f2c
  Set: 5 Way: 1 Address: 0x7fff6ec35fc8
  Set: 5 Way: 2 Address: 0x21a5b1c
  Set: 6 Way: 0 Address: 0x7fff6ec3613e
  Set: 6 Way: 1 Address: 0x28b6338
  Set: 6 Way: 2 Address: 0x21965c0
  Set: 6 Way: 3 Address: 0x21a6c2c
  Set: 7 Way: 0 Address: 0x28b7114
  Set: 7 Way: 1 Address: 0x2197d50
  Set: 8 Way: 0 Address: 0x2198e60
  Set: 8 Way: 1 Address: 0x28b8032
  Set: 9 Way: 0 Address: 0x2199f70
  Set: 10 Way: 0 Address: 0x219a000
  Set: 11 Way: 0 Address: 0x219b07c
  Set: 12 Way: 0 Address: 0x219c18c
  Set: 13 Way: 0 Address: 0x219d29c
  Set: 13 Way: 1 Address: 0x1d6d960
  Set: 14 Way: 0 Address: 0x219e3ac
  Set: 14 Way: 1 Address: 0x1d6ea70
  Set: 15 Way: 0 Address: 0x219f4bc
EndCache
Cache: LLC
  Set: 3 Way: 0 Address: 0x342b400f8
  Set: 4 Way: 0 Address: 0x342b40100
  Set: 8 Way: 0 Address: 0x342b4023e
  Set: 9 Way: 0 Address: 0x342b40258
  Set: 10 Way: 0 Address: 0x342b40280
  Set: 14 Way: 0 Address: 0x342b403b8
  Set: 15 Way: 0 Address: 0x342b403c2
  Set: 19 Way: 0 Address: 0x342b404fc
  Set: 20 Way: 0 Address: 0x342b40518
  Set: 21 Way: 0 Address: 0x342b40540
  Set: 25 Way: 0 Address: 0x342b4067e
  Set: 26 Way: 0 Address: 0x342b40680
  Set: 29 Way: 0 Address: 0x342b40740
  Set: 30 Way: 0 Address: 0x342b407be
  Set: 31 Way: 0 Address: 0x342b407c0
  Set: 32 Way: 0 Address: 0x342b40800
  Set: 34 Way: 0 Address: 0x342b40880
  Set: 36 Way: 0 Address: 0x342b4093e
  Set: 37 Way: 0 Address: 0x342b40940
  Set: 39 Way: 0 Address: 0x342b409c0
  Set: 40 Way: 0 Address: 0x342b40a00
  Set: 41 Way: 0 Address: 0x342b40a7c
  Set: 42 Way: 0 Address: 0x342b40a80
  Set: 43 Way: 0 Address: 0x342b40ac0
  Set: 44 Way: 0 Address: 0x342b40b00
  Set: 45 Way: 0 Address: 0x342b40b40
  Set: 47 Way: 0 Address: 0x342b40bfe
  Set: 48 Way: 0 Address: 0x342b40c06
  Set: 50 Way: 0 Address: 0x342b40c80
  Set: 51 Way: 0 Address: 0x342b40cc0
  Set: 52 Way: 0 Address: 0x6e620d18
  Set: 52 Way: 1 Address: 0x342b40d3e
  Set: 53 Way: 0 Address: 0x342b40d58
  Set: 54 Way: 0 Address: 0x342b40d80
  Set: 55 Way: 0 Address: 0x342b40dc0
  Set: 56 Way: 0 Address: 0x342b40e00
  Set: 58 Way: 0 Address: 0x342b40eba
  Set: 59 Way: 0 Address: 0x342b40ec2
  Set: 61 Way: 0 Address: 0x342b40f40
  Set: 63 Way: 0 Address: 0x342b40fc0
  Set: 64 Way: 0 Address: 0xf6e81000
  Set: 65 Way: 0 Address: 0xf6e81040
  Set: 66 Way: 0 Address: 0xf6e81080
  Set: 67 Way: 0 Address: 0xf6e810e8
  Set: 68 Way: 0 Address: 0xf6e81100
  Set: 69 Way: 0 Address: 0xf6e81140
  Set: 70 Way: 0 Address: 0xf6e81180
  Set: 71 Way: 0 Address: 0xf6e811c0
  Set: 72 Way: 0 Address: 0x113201208
  Set: 72 Way: 1 Address: 0xf6e81200
  Set: 73 Way: 0 Address: 0xf6e81240
  Set: 74 Way: 0 Address: 0xf6e81280
  Set: 75 Way: 0 Address: 0xf6e812c0
  Set: 76 Way: 0 Address: 0x113201300
  Set: 87 Way: 0 Address: 0x181c815c0
  Set: 109 Way: 0 Address: 0x2a4841b70
  Set: 110 Way: 0 Address: 0x2a4841b80
  Set: 143 Way: 0 Address: 0x1c84e23fc
  Set: 144 Way: 0 Address: 0x1c84e2404
  Set: 145 Way: 0 Address: 0x1c84e2440
  Set: 148 Way: 0 Address: 0x1c84e2500
  Set: 149 Way: 0 Address: 0x1c84e257a
  Set: 150 Way: 0 Address: 0x1064c25b8
  Set: 150 Way: 1 Address: 0x1c84e2586
  Set: 151 Way: 0 Address: 0x1064c25c0
  Set: 151 Way: 1 Address: 0x1c84e25c0
  Set: 154 Way: 0 Address: 0x1c84e26bc
  Set: 155 Way: 0 Address: 0x1c84e26da
  Set: 156 Way: 0 Address: 0x1c84e2700
  Set: 160 Way: 0 Address: 0x1c84e283a
  Set: 161 Way: 0 Address: 0x1c84e2840
  Set: 165 Way: 0 Address: 0x1c84e297e
  Set: 166 Way: 0 Address: 0x6d0c2980
  Set: 166 Way: 1 Address: 0x1c84e2980
  Set: 167 Way: 0 Address: 0x1c84e29c0
  Set: 171 Way: 0 Address: 0x1c84e2afc
  Set: 172 Way: 0 Address: 0x1c84e2b06
  Set: 175 Way: 0 Address: 0x1c84e2bc0
  Set: 176 Way: 0 Address: 0x1c84e2c3e
  Set: 177 Way: 0 Address: 0x1c84e2c5c
  Set: 178 Way: 0 Address: 0x1c84e2c80
  Set: 180 Way: 0 Address: 0x1c84e2d00
  Set: 182 Way: 0 Address: 0x1c84e2dbc
  Set: 183 Way: 0 Address: 0x1c84e2dc0
  Set: 185 Way: 0 Address: 0x1c84e2e40
  Set: 186 Way: 0 Address: 0x1c84e2e80
  Set: 187 Way: 0 Address: 0x1c84e2efe
  Set: 188 Way: 0 Address: 0x1c84e2f1e
  Set: 189 Way: 0 Address: 0x1c84e2f40
  Set: 190 Way: 0 Address: 0x1c84e2f80
  Set: 191 Way: 0 Address: 0x1c84e2fc0
  Set: 242 Way: 0 Address: 0x3b0803cb8
  Set: 278 Way: 0 Address: 0xb80045b0
  Set: 283 Way: 0 Address: 0x1ab446dc
  Set: 284 Way: 0 Address: 0x1ab44700
  Set: 285 Way: 0 Address: 0x1ab44740
  Set: 286 Way: 0 Address: 0x1ab44780
  Set: 287 Way: 0 Address: 0x1ab447c0
  Set: 288 Way: 0 Address: 0x1ab44800
  Set: 289 Way: 0 Address: 0x1ab44840
  Set: 290 Way: 0 Address: 0x1ab44880
  Set: 435 Way: 0 Address: 0x3dae66ce8
  Set: 435 Way: 1 Address: 0x27d4c6cc8
  Set: 437 Way: 0 Address: 0x3d87a6d50
  Set: 438 Way: 0 Address: 0x3d87a6d80
  Set: 439 Way: 0 Address: 0x3d87a6dc0
  Set: 440 Way: 0 Address: 0x3d87a6e00
  Set: 441 Way: 0 Address: 0x3d87a6e40
  Set: 442 Way: 0 Address: 0x3d87a6e80
  Set: 443 Way: 0 Address: 0x3d87a6ec0
  Set: 444 Way: 0 Address: 0x3d87a6f00
  Set: 483 Way: 0 Address: 0xbeea78fc
  Set: 484 Way: 0 Address: 0xbeea7900
  Set: 485 Way: 0 Address: 0xbeea7940
  Set: 486 Way: 0 Address: 0xbeea7980
  Set: 487 Way: 0 Address: 0xbeea79c0
  Set: 488 Way: 0 Address: 0xbeea7a00
  Set: 489 Way: 0 Address: 0xbeea7a40
  Set: 490 Way: 0 Address: 0xbeea7a80
  Set: 491 Way: 0 Address: 0xbeea7ac0
  Set: 498 Way: 0 Address: 0x309887cb0
  Set: 499 Way: 0 Address: 0x309887cd8
  Set: 500 Way: 0 Address: 0x309887d00
  Set: 576 Way: 0 Address: 0x2c8749000
  Set: 577 Way: 0 Address: 0x2c8749040
  Set: 578 Way: 0 Address: 0x2c8749080
  Set: 579 Way: 0 Address: 0x2c87490c0
  Set: 580 Way: 0 Address: 0x2c8749100
  Set: 601 Way: 0 Address: 0x2ee369650
  Set: 800 Way: 0 Address: 0x29484c83c
  Set: 801 Way: 0 Address: 0x29484c878
  Set: 802 Way: 0 Address: 0x29484c8b0
  Set: 803 Way: 0 Address: 0x29484c8fc
  Set: 804 Way: 0 Address: 0x29484c90c
  Set: 805 Way: 0 Address: 0x29484c96c
  Set: 806 Way: 0 Address: 0x29484c994
  Set: 807 Way: 0 Address: 0x29484c9d8
  Set: 808 Way: 0 Address: 0x29484ca1c
  Set: 809 Way: 0 Address: 0x29484ca40
  Set: 810 Way: 0 Address: 0x29484caac
  Set: 811 Way: 0 Address: 0x29484cae8
  Set: 812 Way: 0 Address: 0x29484cb2c
  Set: 813 Way: 0 Address: 0x29484cb64
  Set: 814 Way: 0 Address: 0x29484cb94
  Set: 815 Way: 0 Address: 0x29484cbc8
  Set: 850 Way: 0 Address: 0x5588d4bc
  Set: 851 Way: 0 Address: 0x5588d4c0
  Set: 852 Way: 0 Address: 0x5588d500
  Set: 853 Way: 0 Address: 0x5588d540
  Set: 854 Way: 0 Address: 0x5588d580
  Set: 855 Way: 0 Address: 0x5588d5c0
  Set: 856 Way: 0 Address: 0x5588d600
  Set: 857 Way: 0 Address: 0x5588d640
  Set: 858 Way: 0 Address: 0x5588d680
  Set: 896 Way: 0 Address: 0x3734ee018
  Set: 927 Way: 0 Address: 0x1c084e7ec
  Set: 928 Way: 0 Address: 0x1c084e800
  Set: 929 Way: 0 Address: 0x1c084e840
  Set: 930 Way: 0 Address: 0x1c084e880
  Set: 931 Way: 0 Address: 0x2f5d8e8c8
  Set: 931 Way: 1 Address: 0x1c084e8c0
  Set: 932 Way: 0 Address: 0x1c084e900
  Set: 933 Way: 0 Address: 0x1c084e940
  Set: 934 Way: 0 Address: 0x1c084e980
  Set: 961 Way: 0 Address: 0x16390f078
  Set: 962 Way: 0 Address: 0x16390f080
  Set: 966 Way: 0 Address: 0x16390f1be
  Set: 967 Way: 0 Address: 0x16390f1d8
  Set: 968 Way: 0 Address: 0x16390f200
  Set: 972 Way: 0 Address: 0x16390f338
  Set: 973 Way: 0 Address: 0x16390f342
  Set: 977 Way: 0 Address: 0x16390f47c
  Set: 978 Way: 0 Address: 0x16390f498
  Set: 979 Way: 0 Address: 0x16390f4c0
  Set: 983 Way: 0 Address: 0x16390f5f8
  Set: 984 Way: 0 Address: 0x16390f602
  Set: 987 Way: 0 Address: 0x16390f6c0
  Set: 988 Way: 0 Address: 0x16390f73e
  Set: 989 Way: 0 Address: 0x16390f758
  Set: 990 Way: 0 Address: 0x16390f780
  Set: 992 Way: 0 Address: 0x16390f800
  Set: 994 Way: 0 Address: 0x16390f8be
  Set: 995 Way: 0 Address: 0x16390f8c0
  Set: 997 Way: 0 Address: 0x16390f940
  Set: 998 Way: 0 Address: 0x16390f980
  Set: 999 Way: 0 Address: 0x16390f9fe
  Set: 1000 Way: 0 Address: 0x16390fa18
  Set: 1001 Way: 0 Address: 0x16390fa40
  Set: 1002 Way: 0 Address: 0x16390fa80
  Set: 1003 Way: 0 Address: 0x16390fac0
  Set: 1005 Way: 0 Address: 0x16390fb5c
  Set: 1006 Way: 0 Address: 0x16390fb86
  Set: 1008 Way: 0 Address: 0x16390fc00
  Set: 1009 Way: 0 Address: 0x16390fc40
  Set: 1010 Way: 0 Address: 0x16390fcbe
  Set: 1011 Way: 0 Address: 0x143efce0
  Set: 1011 Way: 1 Address: 0xee86fcd8
  Set: 1011 Way: 2 Address: 0x23756fcc0
  Set: 1011 Way: 3 Address: 0x16390fcc0
  Set: 1012 Way: 0 Address: 0x22272fd28
  Set: 1012 Way: 1 Address: 0x16390fd00
  Set: 1013 Way: 0 Address: 0x16390fd40
  Set: 1014 Way: 0 Address: 0x16390fd80
  Set: 1016 Way: 0 Address: 0x16390fe20
  Set: 1017 Way: 0 Address: 0x16390fe46
  Set: 1019 Way: 0 Address: 0x16390fec0
  Set: 1021 Way: 0 Address: 0x16390ff40
  Set: 1022 Way: 0 Address: 0x16390ff80
  Set: 1023 Way: 0 Address: 0x16390ffc0
  Set: 1074 Way: 0 Address: 0x2177f0cb8
  Set: 1075 Way: 0 Address: 0x2177f0cc0
  Set: 1076 Way: 0 Address: 0x14bb10d20
  Set: 1076 Way: 1 Address: 0x2177f0d30
  Set: 1164 Way: 0 Address: 0x9cff2300
  Set: 1175 Way: 0 Address: 0x133c925cc
  Set: 1176 Way: 0 Address: 0x133c92600
  Set: 1177 Way: 0 Address: 0x133c92640
  Set: 1178 Way: 0 Address: 0x133c92680
  Set: 1179 Way: 0 Address: 0x133c926c0
  Set: 1180 Way: 0 Address: 0x133c92700
  Set: 1181 Way: 0 Address: 0x133c92740
  Set: 1182 Way: 0 Address: 0x133c92780
  Set: 1213 Way: 0 Address: 0x1995f2f58
  Set: 1214 Way: 0 Address: 0x1995f2fbc
  Set: 1215 Way: 0 Address: 0x1995f2fe0
  Set: 1216 Way: 0 Address: 0x257713000
  Set: 1217 Way: 0 Address: 0x263c13070
  Set: 1253 Way: 0 Address: 0x3232f3960
  Set: 1254 Way: 0 Address: 0x3232f3980
  Set: 1255 Way: 0 Address: 0x3232f39c0
  Set: 1256 Way: 0 Address: 0x3232f3a00
  Set: 1257 Way: 0 Address: 0x3232f3a40
  Set: 1258 Way: 0 Address: 0x3232f3a80
  Set: 1259 Way: 0 Address: 0x3232f3ac0
  Set: 1260 Way: 0 Address: 0x3232f3b00
  Set: 1261 Way: 0 Address: 0x3232f3b40
  Set: 1262 Way: 0 Address: 0x3232f3b80
  Set: 1263 Way: 0 Address: 0x3232f3bc0
  Set: 1264 Way: 0 Address: 0x3232f3c00
  Set: 1268 Way: 0 Address: 0x2b2e93d10
  Set: 1268 Way: 1 Address: 0x3232f3d00
  Set: 1277 Way: 0 Address: 0x257713f70
  Set: 1278 Way: 0 Address: 0x257713f80
  Set: 1279 Way: 0 Address: 0x3c56b3fe8
  Set: 1279 Way: 1 Address: 0x257713fc0
  Set: 1311 Way: 0 Address: 0x3de4d47f8
  Set: 1314 Way: 0 Address: 0x397bb48a0
  Set: 1331 Way: 0 Address: 0x3c1074cf8
  Set: 1344 Way: 0 Address: 0x195f15010
  Set: 1345 Way: 0 Address: 0x195f15070
  Set: 1346 Way: 0 Address: 0x195f150a0
  Set: 1389 Way: 0 Address: 0x1b0f15b70
  Set: 1396 Way: 0 Address: 0x354d35d08
  Set: 1409 Way: 0 Address: 0x211d1607c
  Set: 1410 Way: 0 Address: 0x43736080
  Set: 1410 Way: 1 Address: 0x211d16080
  Set: 1411 Way: 0 Address: 0x211d160c0
  Set: 1412 Way: 0 Address: 0x211d16100
  Set: 1413 Way: 0 Address: 0x211d16140
  Set: 1414 Way: 0 Address: 0x211d16180
  Set: 1415 Way: 0 Address: 0x211d161c0
  Set: 1416 Way: 0 Address: 0x211d16200
  Set: 1417 Way: 0 Address: 0x211d16240
  Set: 1422 Way: 0 Address: 0x848963ac
  Set: 1423 Way: 0 Address: 0x848963c0
  Set: 1424 Way: 0 Address: 0x84896400
  Set: 1425 Way: 0 Address: 0x84896440
  Set: 1426 Way: 0 Address: 0x84896480
  Set: 1427 Way: 0 Address: 0x848964c0
  Set: 1428 Way: 0 Address: 0x84896500
  Set: 1429 Way: 0 Address: 0x84896540
  Set: 1478 Way: 0 Address: 0x276ff718c
  Set: 1479 Way: 0 Address: 0x276ff71c0
  Set: 1480 Way: 0 Address: 0x276ff7200
  Set: 1481 Way: 0 Address: 0x276ff7240
  Set: 1482 Way: 0 Address: 0x276ff7280
  Set: 1483 Way: 0 Address: 0x276ff72c0
  Set: 1484 Way: 0 Address: 0x276ff7300
  Set: 1485 Way: 0 Address: 0x276ff7340
  Set: 1542 Way: 0 Address: 0x1aafb81b0
  Set: 1581 Way: 0 Address: 0x2c9898b68
  Set: 1582 Way: 0 Address: 0x201598bb0
  Set: 1584 Way: 0 Address: 0x3bdd78c2c
  Set: 1585 Way: 0 Address: 0x3bdd78c40
  Set: 1586 Way: 0 Address: 0x3bdd78c80
  Set: 1587 Way: 0 Address: 0x3bdd78cc0
  Set: 1588 Way: 0 Address: 0x3bdd78d00
  Set: 1589 Way: 0 Address: 0x3bdd78d40
  Set: 1590 Way: 0 Address: 0x3bdd78d80
  Set: 1591 Way: 0 Address: 0x3bdd78dc0
  Set: 1606 Way: 0 Address: 0x2929591a8
  Set: 1657 Way: 0 Address: 0x312099e60
  Set: 1658 Way: 0 Address: 0x312099e80
  Set: 1659 Way: 0 Address: 0x312099ec0
  Set: 1660 Way: 0 Address: 0x312099f00
  Set: 1661 Way: 0 Address: 0x312099f40
  Set: 1662 Way: 0 Address: 0x312099f80
  Set: 1663 Way: 0 Address: 0x312099fc0
  Set: 1664 Way: 0 Address: 0x229b9a000
  Set: 1664 Way: 1 Address: 0x1d89da018
  Set: 1666 Way: 0 Address: 0x1d89da0a0
  Set: 1686 Way: 0 Address: 0x223eda5a8
  Set: 1728 Way: 0 Address: 0xcf83b018
  Set: 1729 Way: 0 Address: 0xcf83b040
  Set: 1733 Way: 0 Address: 0xcf83b17a
  Set: 1734 Way: 0 Address: 0xcf83b180
  Set: 1738 Way: 0 Address: 0xcf83b2bc
  Set: 1739 Way: 0 Address: 0xcf83b2d8
  Set: 1740 Way: 0 Address: 0xcf83b300
  Set: 1744 Way: 0 Address: 0xcf83b43a
  Set: 1745 Way: 0 Address: 0xcf83b440
  Set: 1749 Way: 0 Address: 0xcf83b57c
  Set: 1750 Way: 0 Address: 0xcf83b580
  Set: 1751 Way: 0 Address: 0xcf83b5c0
  Set: 1755 Way: 0 Address: 0xcf83b6dc
  Set: 1756 Way: 0 Address: 0xcf83b700
  Set: 1759 Way: 0 Address: 0xcf83b7c0
  Set: 1764 Way: 0 Address: 0xcf83b900
  Set: 1768 Way: 0 Address: 0x3b377ba0c
  Set: 1769 Way: 0 Address: 0xc0d9ba70
  Set: 1769 Way: 1 Address: 0xcf83ba40
  Set: 1769 Way: 2 Address: 0x3b377ba40
  Set: 1770 Way: 0 Address: 0xc0d9ba80
  Set: 1770 Way: 1 Address: 0x3b377ba80
  Set: 1771 Way: 0 Address: 0xc0d9bac0
  Set: 1771 Way: 1 Address: 0x3b377bac0
  Set: 1772 Way: 0 Address: 0xc0d9bb00
  Set: 1772 Way: 1 Address: 0x3b377bb00
  Set: 1773 Way: 0 Address: 0xc0d9bb40
  Set: 1773 Way: 1 Address: 0x3b377bb40
  Set: 1774 Way: 0 Address: 0xcf83bb80
  Set: 1774 Way: 1 Address: 0xc0d9bb80
  Set: 1774 Way: 2 Address: 0x3b377bb80
  Set: 1775 Way: 0 Address: 0xc0d9bbc0
  Set: 1775 Way: 1 Address: 0x3b377bbc0
  Set: 1776 Way: 0 Address: 0xc0d9bc00
  Set: 1777 Way: 0 Address: 0xc0d9bc40
  Set: 1778 Way: 0 Address: 0xc0d9bc80
  Set: 1779 Way: 0 Address: 0xc0d9bcc0
  Set: 1780 Way: 0 Address: 0x394edbd00
  Set: 1780 Way: 1 Address: 0xc0d9bd00
  Set: 1784 Way: 0 Address: 0xcf83be00
  Set: 1784 Way: 1 Address: 0xc0d9be00
  Set: 1792 Way: 0 Address: 0xdf85c000
  Set: 1836 Way: 0 Address: 0x12c6fcb08
  Set: 1843 Way: 0 Address: 0x38e35ccf0
  Set: 1866 Way: 0 Address: 0x1add29c
  Set: 1867 Way: 0 Address: 0x1add2c0
  Set: 1868 Way: 0 Address: 0x1add300
  Set: 1869 Way: 0 Address: 0x1add340
  Set: 1870 Way: 0 Address: 0x1add380
  Set: 1871 Way: 0 Address: 0x1add3c0
  Set: 1872 Way: 0 Address: 0x1add400
  Set: 1873 Way: 0 Address: 0x1add440
  Set: 1878 Way: 0 Address: 0x23755d5a0
  Set: 1879 Way: 0 Address: 0x23755d5c0
  Set: 1880 Way: 0 Address: 0x23755d600
  Set: 1905 Way: 0 Address: 0x23755dc40
  Set: 1906 Way: 0 Address: 0x23755dc80
  Set: 1907 Way: 0 Address: 0x23755dcc0
  Set: 1908 Way: 0 Address: 0x23755dd00
  Set: 1909 Way: 0 Address: 0x23755dd40
  Set: 1910 Way: 0 Address: 0x23755dd80
  Set: 1911 Way: 0 Address: 0x23755ddc0
  Set: 1912 Way: 0 Address: 0x23755de00
  Set: 1920 Way: 0 Address: 0x28b67e000
  Set: 1934 Way: 0 Address: 0x1f919e390
  Set: 1935 Way: 0 Address: 0x1f919e3c0
  Set: 1936 Way: 0 Address: 0x1f919e410
  Set: 1937 Way: 0 Address: 0x1f919e446
  Set: 1938 Way: 0 Address: 0x1f919e482
  Set: 1939 Way: 0 Address: 0x1f919e4c1
  Set: 1940 Way: 0 Address: 0x1f919e501
  Set: 1941 Way: 0 Address: 0x1f919e543
  Set: 1943 Way: 0 Address: 0x1f919e5c8
  Set: 1944 Way: 0 Address: 0x1f919e600
  Set: 1945 Way: 0 Address: 0x1f919e645
  Set: 1951 Way: 0 Address: 0x28b67e7f8
  Set: 1964 Way: 0 Address: 0x2db79eb1c
  Set: 1965 Way: 0 Address: 0x2db79eb40
  Set: 1966 Way: 0 Address: 0x2db79eb80
  Set: 1967 Way: 0 Address: 0x2db79ebc0
  Set: 1968 Way: 0 Address: 0x2db79ec00
  Set: 1969 Way: 0 Address: 0x2db79ec40
  Set: 1970 Way: 0 Address: 0x2db79ec80
  Set: 1971 Way: 0 Address: 0x20597ecd0
  Set: 1971 Way: 1 Address: 0x2db79ecc0
EndCache
